2022-04-08 09:40:41,911 INFO  ==============================================================
2022-04-08 09:40:41,912 INFO  Id:    local_mqtt_pub_fail_qos2
2022-04-08 09:40:41,914 INFO  Dir:   local_mqtt/
2022-04-08 09:40:41,914 INFO  Title: Check error code when mosquitto is not running with QoS set to 2
2022-04-08 09:40:41,915 DEBUG Execution order hint: 0.0
2022-04-08 09:40:41,916 INFO  ==============================================================
2022-04-08 09:40:41,922 DEBUG Process parameters for sudo<stop>
  command line : /usr/bin/sudo /usr/bin/systemctl stop mosquitto
    arg #1     : /usr/bin/systemctl
    arg #2     : stop
    arg #3     : mosquitto
  working dir  : /home/pi/actions-runner/_work/thin-edge.io/thin-edge.io/tests/PySys/local_mqtt/local_mqtt_pub_fail_qos2/Output/linux
  stdout       : /home/pi/actions-runner/_work/thin-edge.io/thin-edge.io/tests/PySys/local_mqtt/local_mqtt_pub_fail_qos2/Output/linux/stop.out
  stderr       : /home/pi/actions-runner/_work/thin-edge.io/thin-edge.io/tests/PySys/local_mqtt/local_mqtt_pub_fail_qos2/Output/linux/stop.err
  environment  : LD_LIBRARY_PATH=/usr/lib
  environment  : PATH=/bin:/usr/bin:/usr/sbin:/usr/local/bin
                   #1  /bin
                   #2  /usr/bin
                   #3  /usr/sbin
                   #4  /usr/local/bin
2022-04-08 09:40:41,929 DEBUG Waiting up to 600 secs for process sudo<stop> (pid 1699)
2022-04-08 09:40:42,588 INFO  Executed sudo<stop>, exit status 0
2022-04-08 09:40:42,589 DEBUG --- test execute
2022-04-08 09:40:42,594 DEBUG Process parameters for tedge_pub_fail
  command line : /usr/bin/tedge mqtt pub --qos 2 atopic amessage
    arg #1     : mqtt
    arg #2     : pub
    arg #3     : --qos
    arg #4     : 2
    arg #5     : atopic
    arg #6     : amessage
  working dir  : /home/pi/actions-runner/_work/thin-edge.io/thin-edge.io/tests/PySys/local_mqtt/local_mqtt_pub_fail_qos2/Output/linux
  stdout       : /home/pi/actions-runner/_work/thin-edge.io/thin-edge.io/tests/PySys/local_mqtt/local_mqtt_pub_fail_qos2/Output/linux/tedge_pub_fail.out
  stderr       : /home/pi/actions-runner/_work/thin-edge.io/thin-edge.io/tests/PySys/local_mqtt/local_mqtt_pub_fail_qos2/Output/linux/tedge_pub_fail.err
  environment  : HOME=/home/pi
2022-04-08 09:40:42,605 DEBUG Waiting up to 600 secs for process tedge_pub_fail (pid 1701)
2022-04-08 09:40:43,054 INFO  Executed tedge_pub_fail, exit status 1
2022-04-08 09:40:43,056 INFO  Assert that (value==1) with value=1 ... passed
2022-04-08 09:40:43,057 DEBUG --- test validate
2022-04-08 09:40:43,063 DEBUG --- test cleanup
2022-04-08 09:40:43,064 INFO  
2022-04-08 09:40:43,067 INFO  cleanup:
2022-04-08 09:40:43,069 DEBUG Running registered cleanup function: <bound method PySysTest.mycleanup of <PySysTest object at 0x76083a90>>
2022-04-08 09:40:43,072 DEBUG Process parameters for sudo<start>
  command line : /usr/bin/sudo /usr/bin/systemctl start mosquitto
    arg #1     : /usr/bin/systemctl
    arg #2     : start
    arg #3     : mosquitto
  working dir  : /home/pi/actions-runner/_work/thin-edge.io/thin-edge.io/tests/PySys/local_mqtt/local_mqtt_pub_fail_qos2/Output/linux
  stdout       : /home/pi/actions-runner/_work/thin-edge.io/thin-edge.io/tests/PySys/local_mqtt/local_mqtt_pub_fail_qos2/Output/linux/start.out
  stderr       : /home/pi/actions-runner/_work/thin-edge.io/thin-edge.io/tests/PySys/local_mqtt/local_mqtt_pub_fail_qos2/Output/linux/start.err
  environment  : LD_LIBRARY_PATH=/usr/lib
  environment  : PATH=/bin:/usr/bin:/usr/sbin:/usr/local/bin
                   #1  /bin
                   #2  /usr/bin
                   #3  /usr/sbin
                   #4  /usr/local/bin
2022-04-08 09:40:43,079 DEBUG Waiting up to 600 secs for process sudo<start> (pid 1703)
2022-04-08 09:40:43,939 INFO  Executed sudo<start>, exit status 0
2022-04-08 09:40:43,940 DEBUG ProcessUser cleanup function done.
2022-04-08 09:40:43,943 INFO  
2022-04-08 09:40:43,944 INFO  Test duration: 2.04 secs
2022-04-08 09:40:43,945 INFO  Test final outcome:  PASSED
2022-04-08 09:40:43,946 INFO  
