2022-04-11 09:53:12,794 INFO  ==============================================================
2022-04-11 09:53:12,795 INFO  Id:    call_tedge_-h_-V
2022-04-11 09:53:12,796 INFO  Dir:   tedge/
2022-04-11 09:53:12,797 INFO  Title: Validate command line option -h -V
2022-04-11 09:53:12,798 DEBUG Execution order hint: 0.0
2022-04-11 09:53:12,798 INFO  ==============================================================
2022-04-11 09:53:12,803 DEBUG --- test execute
2022-04-11 09:53:12,805 DEBUG Process parameters for tedge
  command line : /usr/bin/tedge -h -V
    arg #1     : -h
    arg #2     : -V
  working dir  : /home/pi/actions-runner/_work/thin-edge.io/thin-edge.io/tests/PySys/tedge/call_tedge_-h_-V/Output/linux
  stdout       : /home/pi/actions-runner/_work/thin-edge.io/thin-edge.io/tests/PySys/tedge/call_tedge_-h_-V/Output/linux/tedge.out
  stderr       : /home/pi/actions-runner/_work/thin-edge.io/thin-edge.io/tests/PySys/tedge/call_tedge_-h_-V/Output/linux/tedge.err
  environment  : LD_LIBRARY_PATH=/usr/lib
  environment  : PATH=/bin:/usr/bin:/usr/sbin:/usr/local/bin
                   #1  /bin
                   #2  /usr/bin
                   #3  /usr/sbin
                   #4  /usr/local/bin
2022-04-11 09:53:12,813 DEBUG Waiting up to 600 secs for process tedge (pid 14451)
2022-04-11 09:53:13,220 INFO  Executed tedge, exit status 0
2022-04-11 09:53:13,221 DEBUG --- test validate
2022-04-11 09:53:13,222 DEBUG Performing regex contains=True grep on file: /home/pi/actions-runner/_work/thin-edge.io/thin-edge.io/tests/PySys/tedge/call_tedge_-h_-V/Output/linux/tedge.out
2022-04-11 09:53:13,227 DEBUG Grep on file tedge.out successfully matched expression "tedge 0.6" with line: 'tedge 0.6.1\n'
2022-04-11 09:53:13,228 INFO  Grep on file tedge.out ... passed
2022-04-11 09:53:13,229 DEBUG Performing regex contains=True grep on file: /home/pi/actions-runner/_work/thin-edge.io/thin-edge.io/tests/PySys/tedge/call_tedge_-h_-V/Output/linux/tedge.out
2022-04-11 09:53:13,232 DEBUG Grep on file tedge.out successfully matched expression "USAGE:" with line: 'USAGE:\n'
2022-04-11 09:53:13,233 INFO  Grep on file tedge.out ... passed
2022-04-11 09:53:13,238 DEBUG --- test cleanup
2022-04-11 09:53:13,239 DEBUG ProcessUser cleanup function done.
2022-04-11 09:53:13,242 INFO  
2022-04-11 09:53:13,243 INFO  Test duration: 0.45 secs
2022-04-11 09:53:13,244 INFO  Test final outcome:  PASSED
2022-04-11 09:53:13,245 INFO  
