2022-04-19 13:26:50,356 INFO  ==============================================================
2022-04-19 13:26:50,357 INFO  Id:    log_request_error_messages
2022-04-19 13:26:50,358 INFO  Dir:   log_request_end_to_end/
2022-04-19 13:26:50,359 INFO  Title: Validate end to end behaviour for the log request operation check for error messages
2022-04-19 13:26:50,359 INFO  ==============================================================
2022-04-19 13:26:51,849 INFO  EnvironmentC8y Setup
2022-04-19 13:26:52,411 INFO  Executed systemctl<serv_mapper1>, exit status 3
2022-04-19 13:26:52,516 INFO  Restarting mosquitto too frequently in the last 10 seconds. It was only up for 2 seconds
2022-04-19 13:26:52,517 INFO  Delaying execution by 9 seconds
2022-04-19 13:27:15,826 INFO  Executed sudo<tedge_connect_c8y>, exit status 0, duration 14 secs
2022-04-19 13:27:16,444 INFO  Executed sudo<tedge_connect_c8y_test>, exit status 0
2022-04-19 13:27:16,910 INFO  Executed systemctl<serv_mosq2>, exit status 0
2022-04-19 13:27:17,525 INFO  Executed systemctl<serv_mapper3>, exit status 0
2022-04-19 13:27:18,243 INFO  Executed sudo<rm_logs>, exit status 0
2022-04-19 13:27:18,826 INFO  Executed sudo<move_logs>, exit status 0
2022-04-19 13:27:19,338 INFO  log response None
2022-04-19 13:27:19,339 WARN  retry, retrying in 1 seconds...
2022-04-19 13:27:20,548 INFO  log response https://thin-edge-io.eu-latest.cumulocity.com/event/events/17466137/binaries
2022-04-19 13:27:21,583 WARN  Assert that (True == value) with value=False ... failed [run.py:43]
2022-04-19 13:27:21,593 INFO  
2022-04-19 13:27:21,594 INFO  cleanup:
2022-04-19 13:27:22,105 INFO  Executed sudo<rm_logs>, exit status 0
2022-04-19 13:27:22,618 INFO  Executed sudo<rm_tmp_logs>, exit status 0
2022-04-19 13:27:23,131 INFO  Executed sudo<send_failed>, exit status 0
2022-04-19 13:27:27,115 INFO  Executed sudo<tedge_disconnect_c8y>, exit status 0
2022-04-19 13:27:27,680 INFO  Executed systemctl<serv_mapper5>, exit status 3
2022-04-19 13:27:27,686 INFO  
2022-04-19 13:27:27,687 INFO  Test duration: 37.34 secs
2022-04-19 13:27:27,689 INFO  Test final outcome:  FAILED
2022-04-19 13:27:27,691 INFO  Test outcome reason: Assert that (True == value) with value=False
2022-04-19 13:27:27,693 INFO  
