2022-04-07 16:26:47,740 INFO  ==============================================================
2022-04-07 16:26:47,741 INFO  Id:    call_tedge_config_help
2022-04-07 16:26:47,742 INFO  Dir:   tedge/
2022-04-07 16:26:47,743 INFO  Title: Validate command line option help
2022-04-07 16:26:47,744 DEBUG Execution order hint: 0.0
2022-04-07 16:26:47,745 INFO  ==============================================================
2022-04-07 16:26:47,751 DEBUG --- test execute
2022-04-07 16:26:47,753 DEBUG Process parameters for tedge
  command line : /usr/bin/tedge config help
    arg #1     : config
    arg #2     : help
  working dir  : /home/pi/actions-runner/_work/thin-edge.io/thin-edge.io/tests/PySys/tedge/call_tedge_config_help/Output/linux
  stdout       : /home/pi/actions-runner/_work/thin-edge.io/thin-edge.io/tests/PySys/tedge/call_tedge_config_help/Output/linux/tedge.out
  stderr       : /home/pi/actions-runner/_work/thin-edge.io/thin-edge.io/tests/PySys/tedge/call_tedge_config_help/Output/linux/tedge.err
  environment  : LD_LIBRARY_PATH=/usr/lib
  environment  : PATH=/bin:/usr/bin:/usr/sbin:/usr/local/bin
                   #1  /bin
                   #2  /usr/bin
                   #3  /usr/sbin
                   #4  /usr/local/bin
2022-04-07 16:26:47,761 DEBUG Waiting up to 600 secs for process tedge (pid 1960)
2022-04-07 16:26:48,167 INFO  Executed tedge, exit status 0
2022-04-07 16:26:48,168 DEBUG --- test validate
2022-04-07 16:26:48,169 DEBUG Performing regex contains=True grep on file: /home/pi/actions-runner/_work/thin-edge.io/thin-edge.io/tests/PySys/tedge/call_tedge_config_help/Output/linux/tedge.out
2022-04-07 16:26:48,173 DEBUG Grep on file tedge.out successfully matched expression "USAGE:" with line: 'USAGE:\n'
2022-04-07 16:26:48,175 INFO  Grep on file tedge.out ... passed
2022-04-07 16:26:48,175 DEBUG Performing regex contains=True grep on file: /home/pi/actions-runner/_work/thin-edge.io/thin-edge.io/tests/PySys/tedge/call_tedge_config_help/Output/linux/tedge.out
2022-04-07 16:26:48,178 DEBUG Grep on file tedge.out successfully matched expression "OPTIONS:" with line: 'OPTIONS:\n'
2022-04-07 16:26:48,180 INFO  Grep on file tedge.out ... passed
2022-04-07 16:26:48,181 DEBUG Performing regex contains=True grep on file: /home/pi/actions-runner/_work/thin-edge.io/thin-edge.io/tests/PySys/tedge/call_tedge_config_help/Output/linux/tedge.out
2022-04-07 16:26:48,184 DEBUG Grep on file tedge.out successfully matched expression "SUBCOMMANDS:" with line: 'SUBCOMMANDS:\n'
2022-04-07 16:26:48,185 INFO  Grep on file tedge.out ... passed
2022-04-07 16:26:48,189 DEBUG --- test cleanup
2022-04-07 16:26:48,191 DEBUG ProcessUser cleanup function done.
2022-04-07 16:26:48,194 INFO  
2022-04-07 16:26:48,194 INFO  Test duration: 0.46 secs
2022-04-07 16:26:48,195 INFO  Test final outcome:  PASSED
2022-04-07 16:26:48,196 INFO  
