2022-05-03 14:00:00,874 INFO  ==============================================================
2022-05-03 14:00:00,874 INFO  Id:    apt_sequence_remove_with_version
2022-05-03 14:00:00,875 INFO  Dir:   plugin_apt/
2022-05-03 14:00:00,875 INFO  Title: Validate apt plugin remove with version use case
2022-05-03 14:00:00,875 INFO  ==============================================================
2022-05-03 14:00:01,593 INFO  Executed sudo, exit status 0
2022-05-03 14:00:04,954 INFO  Executed sudo<outp_install>, exit status 0
2022-05-03 14:00:04,955 INFO  Assert that (value==0) with value=0 ... passed
2022-05-03 14:00:05,358 INFO  Executed sudo<outp_check_0>, exit status 0
2022-05-03 14:00:05,358 INFO  Assert that (value==0) with value=0 ... passed
2022-05-03 14:00:05,359 INFO  Grep on file outp_check_0.out ... passed
2022-05-03 14:00:08,570 INFO  Executed sudo<outp_install>, exit status 0
2022-05-03 14:00:08,570 INFO  Assert that (value==0) with value=0 ... passed
2022-05-03 14:00:08,972 INFO  Executed sudo<outp_check_1>, exit status 0
2022-05-03 14:00:08,973 INFO  Assert that (value==0) with value=0 ... passed
2022-05-03 14:00:08,973 INFO  Grep on file outp_check_1.out ... passed
2022-05-03 14:00:08,974 INFO  
2022-05-03 14:00:08,974 INFO  cleanup:
2022-05-03 14:00:09,527 INFO  Executed sudo, exit status 0
2022-05-03 14:00:09,527 INFO  
2022-05-03 14:00:09,527 INFO  Test duration: 8.65 secs
2022-05-03 14:00:09,528 INFO  Test final outcome:  PASSED
2022-05-03 14:00:09,528 INFO  
