2022-05-03 09:00:26,665 INFO  ==============================================================
2022-05-03 09:00:26,666 INFO  Id:    SoftwareManagement.Plugin.apama_plugin_update
2022-05-03 09:00:26,667 INFO  Dir:   plugin_apama/
2022-05-03 09:00:26,668 INFO  Title: Validate apama plugin updating one project with another
2022-05-03 09:00:26,669 INFO  ==============================================================
2022-05-03 09:00:26,711 INFO  Assertion that path exists=False for "/etc/tedge/apama/project" ... passed
2022-05-03 09:00:27,221 INFO  Executed sudo<create_project_dir>, exit status 0
2022-05-03 09:00:27,831 INFO  Executed sudo<unzip_apama_project>, exit status 0
2022-05-03 09:00:28,391 INFO  Executed sudo<move_apama_project>, exit status 0
2022-05-03 09:00:29,256 INFO  Executed sudo<restart_apama_service>, exit status 0
2022-05-03 09:00:30,080 INFO  Executed sudo<apama_correlator_wait>, exit status 0
2022-05-03 09:00:30,082 INFO  Assertion that path exists=True for "/etc/tedge/apama/project" ... passed
2022-05-03 09:00:30,793 INFO  Executed sudo<apama_list_monitors>, exit status 0
2022-05-03 09:00:30,798 INFO  Grep on file /home/pi/actions-runner/_work/thin-edge.io/thin-edge.io/tests/PySys/plugin_apama/apama_plugin_update/Output/linux/apama_list_monitors.out ... passed
2022-05-03 09:00:31,415 WARN  Executed sudo<plugin_install>, exit status 2
2022-05-03 09:00:31,419 INFO  Contents of plugin_install.err: 
2022-05-03 09:00:31,420 INFO    ERROR: Directory not empty (os error 39)
2022-05-03 09:00:31,421 INFO    -----
2022-05-03 09:00:31,422 INFO  
2022-05-03 09:00:31,740 WARN  sudo<plugin_install> returned non-zero exit code 2 ... blocked [run.py:26]
2022-05-03 09:00:31,741 WARN  Aborted test due to BLOCKED outcome
2022-05-03 09:00:31,747 INFO  
2022-05-03 09:00:31,748 INFO  cleanup:
2022-05-03 09:00:31,749 INFO  Removing apama project
2022-05-03 09:00:47,425 INFO  Executed sudo<stop_apama_service>, exit status 0, duration 15 secs
2022-05-03 09:00:47,938 INFO  Executed sudo<remove_apama_project>, exit status 0
2022-05-03 09:00:48,499 INFO  Executed sudo<remove_apama_tmp_dir>, exit status 0
2022-05-03 09:00:48,503 INFO  
2022-05-03 09:00:48,504 INFO  Test duration: 21.85 secs
2022-05-03 09:00:48,505 INFO  Test final outcome:  BLOCKED
2022-05-03 09:00:48,506 INFO  Test outcome reason: sudo<plugin_install> returned non-zero exit code 2
2022-05-03 09:00:48,507 INFO  
