2022-05-30 09:30:11,805 INFO  ==============================================================
2022-05-30 09:30:11,806 INFO  Id:    apt_install_local_file_with_version
2022-05-30 09:30:11,808 INFO  Dir:   plugin_apt/
2022-05-30 09:30:11,809 INFO  Title: Validate apt plugin install from local file AND with a version - SUCCESS case
2022-05-30 09:30:11,810 INFO  ==============================================================
2022-05-30 09:30:13,818 INFO  URL of rolldice is b"'http://mirror.mythic-beasts.com/raspbian/pool/main/r/rolldice/rolldice_1.16-1+b1_armhf.deb'"
2022-05-30 09:30:16,059 INFO  Downloaded rolldcice in version 1.16-1+b1
2022-05-30 09:30:16,061 INFO  Filename is rolldice_1.16-1+b1_armhf.deb
2022-05-30 09:30:20,644 INFO  Executed sudo, exit status 0
2022-05-30 09:30:23,219 INFO  Executed sudo<outp_check_0>, exit status 0
2022-05-30 09:30:23,221 INFO  Assert that (value==0) with value=0 ... passed
2022-05-30 09:30:23,229 INFO  Grep on file outp_check_0.out ... passed
2022-05-30 09:31:03,283 INFO  Executed sudo<outp_install>, exit status 0, duration 40 secs
2022-05-30 09:31:03,286 INFO  Assert that (value==0) with value=0 ... passed
2022-05-30 09:31:08,693 INFO  Executed sudo<outp_check_1>, exit status 0
2022-05-30 09:31:08,695 INFO  Assert that (value==0) with value=0 ... passed
2022-05-30 09:31:08,701 INFO  Grep on file outp_check_1.out ... passed
2022-05-30 09:31:08,707 INFO  
2022-05-30 09:31:08,707 INFO  cleanup:
2022-05-30 09:31:08,712 INFO  
2022-05-30 09:31:08,713 INFO  Test duration: 56.91 secs
2022-05-30 09:31:08,714 INFO  Test final outcome:  PASSED
2022-05-30 09:31:08,715 INFO  
