2022-04-19 13:44:13,825 INFO  ==============================================================
2022-04-19 13:44:13,826 INFO  Id:    tedge_mapper_c8y_alarms
2022-04-19 13:44:13,827 INFO  Dir:   tedge_mapper_c8y/
2022-04-19 13:44:13,828 INFO  Title: Validate that alarms sent to tedge/alarms topic \ gets mapped as alarms in Cumulocity
2022-04-19 13:44:13,829 INFO  ==============================================================
2022-04-19 13:44:13,842 INFO  EnvironmentC8y Setup
2022-04-19 13:44:14,456 INFO  Executed systemctl<serv_mapper1>, exit status 3
2022-04-19 13:44:29,005 INFO  Executed sudo<tedge_connect_c8y>, exit status 0, duration 14 secs
2022-04-19 13:44:29,678 INFO  Executed sudo<tedge_connect_c8y_test>, exit status 0
2022-04-19 13:44:30,141 INFO  Executed systemctl<serv_mosq2>, exit status 0
2022-04-19 13:44:30,605 INFO  Executed systemctl<serv_mapper3>, exit status 0
2022-04-19 13:44:36,023 INFO  Executed tedge, exit status 0
2022-04-19 13:44:36,484 INFO  Executed tedge, exit status 0
2022-04-19 13:44:36,896 INFO  Executed tedge, exit status 0
2022-04-19 13:44:37,307 INFO  Executed tedge, exit status 0
2022-04-19 13:44:37,719 INFO  Executed tedge, exit status 0
2022-04-19 13:44:38,960 INFO  {
    "severity": "CRITICAL",
    "creationTime": "2022-04-19T13:44:36.895Z",
    "count": 1,
    "history": {
        "auditRecords": [],
        "self": "https://t493319102.eu-latest.cumulocity.com/audit/auditRecords"
    },
    "source": {
        "name": "mythicd",
        "self": "https://t493319102.eu-latest.cumulocity.com/inventory/managedObjects/17464287",
        "id": "17464287"
    },
    "type": "temperature_dangerous",
    "lastUpdated": "2022-04-19T13:44:36.895Z",
    "self": "https://t493319102.eu-latest.cumulocity.com/alarm/alarms/17474473",
    "time": "2022-04-19T13:44:36.878Z",
    "id": "17474473",
    "text": "temperature is dangerously high",
    "status": "ACTIVE"
}
2022-04-19 13:44:38,962 INFO  Assert that (actual == expected) with actual="temperature_dangerous", expected="temperature_dangerous" ... passed
2022-04-19 13:44:38,963 INFO  Assert that (actual == expected) with actual="CRITICAL", expected="CRITICAL" ... passed
2022-04-19 13:44:38,965 INFO  Assert that (actual == expected) with actual="temperature is dangerously high", expected="temperature is dangerously high" ... passed
2022-04-19 13:44:38,966 INFO  {
    "severity": "MAJOR",
    "creationTime": "2022-04-19T13:44:36.462Z",
    "count": 1,
    "history": {
        "auditRecords": [],
        "self": "https://t493319102.eu-latest.cumulocity.com/audit/auditRecords"
    },
    "source": {
        "name": "mythicd",
        "self": "https://t493319102.eu-latest.cumulocity.com/inventory/managedObjects/17464287",
        "id": "17464287"
    },
    "type": "temperature_very_high",
    "lastUpdated": "2022-04-19T13:44:36.462Z",
    "self": "https://t493319102.eu-latest.cumulocity.com/alarm/alarms/17474471",
    "time": "2022-04-19T13:44:36.446Z",
    "id": "17474471",
    "text": "temperature is very high",
    "status": "ACTIVE"
}
2022-04-19 13:44:38,968 INFO  Assert that (actual == expected) with actual="temperature_very_high", expected="temperature_very_high" ... passed
2022-04-19 13:44:38,969 INFO  Assert that (actual == expected) with actual="MAJOR", expected="MAJOR" ... passed
2022-04-19 13:44:38,971 INFO  Assert that (actual == expected) with actual="temperature is very high", expected="temperature is very high" ... passed
2022-04-19 13:44:38,972 INFO  {
    "severity": "WARNING",
    "creationTime": "2022-04-19T13:44:36.032Z",
    "count": 1,
    "history": {
        "auditRecords": [],
        "self": "https://t493319102.eu-latest.cumulocity.com/audit/auditRecords"
    },
    "source": {
        "name": "mythicd",
        "self": "https://t493319102.eu-latest.cumulocity.com/inventory/managedObjects/17464287",
        "id": "17464287"
    },
    "type": "temperature_high",
    "lastUpdated": "2022-04-19T13:44:36.032Z",
    "self": "https://t493319102.eu-latest.cumulocity.com/alarm/alarms/17474469",
    "time": "2021-12-15T15:22:06.464+05:30",
    "id": "17474469",
    "text": "temperature is high",
    "status": "ACTIVE"
}
2022-04-19 13:44:38,974 INFO  Assert that (actual == expected) with actual="temperature_high", expected="temperature_high" ... passed
2022-04-19 13:44:38,975 INFO  Assert that (actual == expected) with actual="WARNING", expected="WARNING" ... passed
2022-04-19 13:44:38,977 INFO  Assert that (actual == expected) with actual="temperature is high", expected="temperature is high" ... passed
2022-04-19 13:44:38,978 INFO  Assert that (actual == expected) with actual="temperature_high", expected="temperature_high" ... passed
2022-04-19 13:44:38,985 INFO  
2022-04-19 13:44:38,986 INFO  cleanup:
2022-04-19 13:44:39,397 INFO  Executed tedge, exit status 0
2022-04-19 13:44:39,809 INFO  Executed tedge, exit status 0
2022-04-19 13:44:40,220 INFO  Executed tedge, exit status 0
2022-04-19 13:44:44,351 INFO  Executed sudo<tedge_disconnect_c8y>, exit status 0
2022-04-19 13:44:44,967 INFO  Executed systemctl<serv_mapper5>, exit status 3
2022-04-19 13:44:44,972 INFO  
2022-04-19 13:44:44,974 INFO  Test duration: 31.15 secs
2022-04-19 13:44:44,976 INFO  Test final outcome:  PASSED
2022-04-19 13:44:44,978 INFO  
