2022-04-28 15:48:21,404 INFO  ==============================================================
2022-04-28 15:48:21,405 INFO  Id:    apt_install_local_file_with_version
2022-04-28 15:48:21,406 INFO  Dir:   plugin_apt/
2022-04-28 15:48:21,407 INFO  Title: Validate apt plugin install from local file AND with a version - SUCCESS case
2022-04-28 15:48:21,408 INFO  ==============================================================
2022-04-28 15:48:23,443 INFO  URL of rolldice is b"'http://mirror.mythic-beasts.com/raspbian/pool/main/r/rolldice/rolldice_1.16-1+b1_armhf.deb'"
2022-04-28 15:48:25,539 INFO  Downloaded rolldcice in version 1.16-1+b1
2022-04-28 15:48:25,541 INFO  Filename is rolldice_1.16-1+b1_armhf.deb
2022-04-28 15:48:30,376 INFO  Executed sudo, exit status 0
2022-04-28 15:48:32,950 INFO  Executed sudo<outp_check_0>, exit status 0
2022-04-28 15:48:32,953 INFO  Assert that (value==0) with value=0 ... passed
2022-04-28 15:48:32,958 INFO  Grep on file outp_check_0.out ... passed
2022-04-28 15:49:13,221 INFO  Executed sudo<outp_install>, exit status 0, duration 40 secs
2022-04-28 15:49:13,224 INFO  Assert that (value==0) with value=0 ... passed
2022-04-28 15:49:18,624 INFO  Executed sudo<outp_check_1>, exit status 0
2022-04-28 15:49:18,626 INFO  Assert that (value==0) with value=0 ... passed
2022-04-28 15:49:18,632 INFO  Grep on file outp_check_1.out ... passed
2022-04-28 15:49:18,638 INFO  
2022-04-28 15:49:18,639 INFO  cleanup:
2022-04-28 15:49:18,644 INFO  
2022-04-28 15:49:18,646 INFO  Test duration: 57.25 secs
2022-04-28 15:49:18,647 INFO  Test final outcome:  PASSED
2022-04-28 15:49:18,648 INFO  
