2022-04-07 16:12:47,332 INFO  ==============================================================
2022-04-07 16:12:47,333 INFO  Id:    log_request_num_lines
2022-04-07 16:12:47,335 INFO  Dir:   log_request_end_to_end/
2022-04-07 16:12:47,336 INFO  Title: Validate end to end behaviour for the log request operation check for number of lines
2022-04-07 16:12:47,336 DEBUG Execution order hint: 0.0
2022-04-07 16:12:47,337 INFO  ==============================================================
2022-04-07 16:12:47,350 DEBUG EnvironmentC8y Setup
2022-04-07 16:12:47,351 INFO  EnvironmentC8y Setup
2022-04-07 16:12:47,353 DEBUG Process parameters for systemctl<serv_mapper1>
  command line : /usr/bin/systemctl status tedge-mapper-c8y
    arg #1     : status
    arg #2     : tedge-mapper-c8y
  working dir  : /home/pi/actions-runner/_work/thin-edge.io/thin-edge.io/tests/PySys/log_request_end_to_end/log_request_num_lines/Output/linux
  stdout       : /home/pi/actions-runner/_work/thin-edge.io/thin-edge.io/tests/PySys/log_request_end_to_end/log_request_num_lines/Output/linux/serv_mapper1.out
  stderr       : /home/pi/actions-runner/_work/thin-edge.io/thin-edge.io/tests/PySys/log_request_end_to_end/log_request_num_lines/Output/linux/serv_mapper1.err
  environment  : LD_LIBRARY_PATH=/usr/lib
  environment  : PATH=/bin:/usr/bin:/usr/sbin:/usr/local/bin
                   #1  /bin
                   #2  /usr/bin
                   #3  /usr/sbin
                   #4  /usr/local/bin
2022-04-07 16:12:47,366 DEBUG Waiting up to 600 secs for process systemctl<serv_mapper1> (pid 22464)
2022-04-07 16:12:47,975 INFO  Executed systemctl<serv_mapper1>, exit status 3
2022-04-07 16:12:48,087 INFO  Restarting mosquitto too frequently in the last 10 seconds. It was only up for 5 seconds
2022-04-07 16:12:48,088 INFO  Delaying execution by 6 seconds
2022-04-07 16:12:54,097 DEBUG Process parameters for sudo<tedge_connect_c8y>
  command line : /usr/bin/sudo /usr/bin/tedge connect c8y
    arg #1     : /usr/bin/tedge
    arg #2     : connect
    arg #3     : c8y
  working dir  : /home/pi/actions-runner/_work/thin-edge.io/thin-edge.io/tests/PySys/log_request_end_to_end/log_request_num_lines/Output/linux
  stdout       : /home/pi/actions-runner/_work/thin-edge.io/thin-edge.io/tests/PySys/log_request_end_to_end/log_request_num_lines/Output/linux/tedge_connect_c8y.out
  stderr       : /home/pi/actions-runner/_work/thin-edge.io/thin-edge.io/tests/PySys/log_request_end_to_end/log_request_num_lines/Output/linux/tedge_connect_c8y.err
  environment  : LD_LIBRARY_PATH=/usr/lib
  environment  : PATH=/bin:/usr/bin:/usr/sbin:/usr/local/bin
                   #1  /bin
                   #2  /usr/bin
                   #3  /usr/sbin
                   #4  /usr/local/bin
2022-04-07 16:12:54,106 DEBUG Waiting up to 600 secs for process sudo<tedge_connect_c8y> (pid 22468)
2022-04-07 16:13:07,992 INFO  Executed sudo<tedge_connect_c8y>, exit status 0, duration 13 secs
2022-04-07 16:13:07,997 DEBUG Process parameters for sudo<tedge_connect_c8y_test>
  command line : /usr/bin/sudo /usr/bin/tedge connect c8y --test
    arg #1     : /usr/bin/tedge
    arg #2     : connect
    arg #3     : c8y
    arg #4     : --test
  working dir  : /home/pi/actions-runner/_work/thin-edge.io/thin-edge.io/tests/PySys/log_request_end_to_end/log_request_num_lines/Output/linux
  stdout       : /home/pi/actions-runner/_work/thin-edge.io/thin-edge.io/tests/PySys/log_request_end_to_end/log_request_num_lines/Output/linux/tedge_connect_c8y_test.out
  stderr       : /home/pi/actions-runner/_work/thin-edge.io/thin-edge.io/tests/PySys/log_request_end_to_end/log_request_num_lines/Output/linux/tedge_connect_c8y_test.err
  environment  : LD_LIBRARY_PATH=/usr/lib
  environment  : PATH=/bin:/usr/bin:/usr/sbin:/usr/local/bin
                   #1  /bin
                   #2  /usr/bin
                   #3  /usr/sbin
                   #4  /usr/local/bin
2022-04-07 16:13:08,006 DEBUG Waiting up to 600 secs for process sudo<tedge_connect_c8y_test> (pid 22579)
2022-04-07 16:13:08,634 INFO  Executed sudo<tedge_connect_c8y_test>, exit status 0
2022-04-07 16:13:08,636 DEBUG Process parameters for systemctl<serv_mosq2>
  command line : /usr/bin/systemctl status mosquitto
    arg #1     : status
    arg #2     : mosquitto
  working dir  : /home/pi/actions-runner/_work/thin-edge.io/thin-edge.io/tests/PySys/log_request_end_to_end/log_request_num_lines/Output/linux
  stdout       : /home/pi/actions-runner/_work/thin-edge.io/thin-edge.io/tests/PySys/log_request_end_to_end/log_request_num_lines/Output/linux/serv_mosq2.out
  stderr       : /home/pi/actions-runner/_work/thin-edge.io/thin-edge.io/tests/PySys/log_request_end_to_end/log_request_num_lines/Output/linux/serv_mosq2.err
  environment  : LD_LIBRARY_PATH=/usr/lib
  environment  : PATH=/bin:/usr/bin:/usr/sbin:/usr/local/bin
                   #1  /bin
                   #2  /usr/bin
                   #3  /usr/sbin
                   #4  /usr/local/bin
2022-04-07 16:13:08,644 DEBUG Waiting up to 600 secs for process systemctl<serv_mosq2> (pid 22583)
2022-04-07 16:13:09,107 INFO  Executed systemctl<serv_mosq2>, exit status 0
2022-04-07 16:13:09,109 DEBUG Process parameters for systemctl<serv_mapper3>
  command line : /usr/bin/systemctl status tedge-mapper-c8y
    arg #1     : status
    arg #2     : tedge-mapper-c8y
  working dir  : /home/pi/actions-runner/_work/thin-edge.io/thin-edge.io/tests/PySys/log_request_end_to_end/log_request_num_lines/Output/linux
  stdout       : /home/pi/actions-runner/_work/thin-edge.io/thin-edge.io/tests/PySys/log_request_end_to_end/log_request_num_lines/Output/linux/serv_mapper3.out
  stderr       : /home/pi/actions-runner/_work/thin-edge.io/thin-edge.io/tests/PySys/log_request_end_to_end/log_request_num_lines/Output/linux/serv_mapper3.err
  environment  : LD_LIBRARY_PATH=/usr/lib
  environment  : PATH=/bin:/usr/bin:/usr/sbin:/usr/local/bin
                   #1  /bin
                   #2  /usr/bin
                   #3  /usr/sbin
                   #4  /usr/local/bin
2022-04-07 16:13:09,117 DEBUG Waiting up to 600 secs for process systemctl<serv_mapper3> (pid 22584)
2022-04-07 16:13:09,683 INFO  Executed systemctl<serv_mapper3>, exit status 0
2022-04-07 16:13:09,688 DEBUG Process parameters for sudo<rm_logs>
  command line : /usr/bin/sudo rm -rf /tmp/sw_logs
    arg #1     : rm
    arg #2     : -rf
    arg #3     : /tmp/sw_logs
  working dir  : /home/pi/actions-runner/_work/thin-edge.io/thin-edge.io/tests/PySys/log_request_end_to_end/log_request_num_lines/Output/linux
  stdout       : /home/pi/actions-runner/_work/thin-edge.io/thin-edge.io/tests/PySys/log_request_end_to_end/log_request_num_lines/Output/linux/rm_logs.out
  stderr       : /home/pi/actions-runner/_work/thin-edge.io/thin-edge.io/tests/PySys/log_request_end_to_end/log_request_num_lines/Output/linux/rm_logs.err
  environment  : LD_LIBRARY_PATH=/usr/lib
  environment  : PATH=/bin:/usr/bin:/usr/sbin:/usr/local/bin
                   #1  /bin
                   #2  /usr/bin
                   #3  /usr/sbin
                   #4  /usr/local/bin
2022-04-07 16:13:09,705 DEBUG Waiting up to 600 secs for process sudo<rm_logs> (pid 22585)
2022-04-07 16:13:10,223 INFO  Executed sudo<rm_logs>, exit status 0
2022-04-07 16:13:10,245 DEBUG Process parameters for sudo<move_logs>
  command line : /usr/bin/sudo sh -c 'mv /tmp/sw_logs/* /var/log/tedge/agent/'
    arg #1     : sh
    arg #2     : -c
    arg #3     : mv /tmp/sw_logs/* /var/log/tedge/agent/
  working dir  : /home/pi/actions-runner/_work/thin-edge.io/thin-edge.io/tests/PySys/log_request_end_to_end/log_request_num_lines/Output/linux
  stdout       : /home/pi/actions-runner/_work/thin-edge.io/thin-edge.io/tests/PySys/log_request_end_to_end/log_request_num_lines/Output/linux/move_logs.out
  stderr       : /home/pi/actions-runner/_work/thin-edge.io/thin-edge.io/tests/PySys/log_request_end_to_end/log_request_num_lines/Output/linux/move_logs.err
  environment  : LD_LIBRARY_PATH=/usr/lib
  environment  : PATH=/bin:/usr/bin:/usr/sbin:/usr/local/bin
                   #1  /bin
                   #2  /usr/bin
                   #3  /usr/sbin
                   #4  /usr/local/bin
2022-04-07 16:13:10,254 DEBUG Waiting up to 600 secs for process sudo<move_logs> (pid 22587)
2022-04-07 16:13:10,863 INFO  Executed sudo<move_logs>, exit status 0
2022-04-07 16:13:10,864 DEBUG --- test execute
2022-04-07 16:13:10,887 DEBUG Starting new HTTPS connection (1): thin-edge-io.eu-latest.cumulocity.com:443
2022-04-07 16:13:11,087 DEBUG https://thin-edge-io.eu-latest.cumulocity.com:443 "POST /devicecontrol/operations HTTP/1.1" 201 490
2022-04-07 16:13:11,111 DEBUG --- test validate
2022-04-07 16:13:11,131 DEBUG Starting new HTTPS connection (1): thin-edge-io.eu-latest.cumulocity.com:443
2022-04-07 16:13:11,309 DEBUG https://thin-edge-io.eu-latest.cumulocity.com:443 "GET /devicecontrol/operations/16994079 HTTP/1.1" 200 567
2022-04-07 16:13:11,325 INFO  log response None
2022-04-07 16:13:11,326 WARN  retry, retrying in 1 seconds...
2022-04-07 16:13:12,344 DEBUG Starting new HTTPS connection (1): thin-edge-io.eu-latest.cumulocity.com:443
2022-04-07 16:13:12,521 DEBUG https://thin-edge-io.eu-latest.cumulocity.com:443 "GET /devicecontrol/operations/16994079 HTTP/1.1" 200 656
2022-04-07 16:13:12,537 INFO  log response https://thin-edge-io.eu-latest.cumulocity.com/event/events/16996072/binaries
2022-04-07 16:13:12,553 DEBUG Starting new HTTPS connection (1): thin-edge-io.eu-latest.cumulocity.com:443
2022-04-07 16:13:12,744 DEBUG https://thin-edge-io.eu-latest.cumulocity.com:443 "GET /event/events/16996072/binaries HTTP/1.1" 200 0
2022-04-07 16:13:12,757 INFO  nlines 0
2022-04-07 16:13:12,789 WARN  Assert that (True == value) with value=False ... failed [run.py:44]
2022-04-07 16:13:12,796 DEBUG --- test cleanup
2022-04-07 16:13:12,797 INFO  
2022-04-07 16:13:12,797 INFO  cleanup:
2022-04-07 16:13:12,798 DEBUG Running registered cleanup function: <bound method LogRequestVerifyNumberOfLines.cleanup_logs of <LogRequestVerifyNumberOfLines object at 0x75dc2730>>
2022-04-07 16:13:12,800 DEBUG Process parameters for sudo<rm_logs>
  command line : /usr/bin/sudo sh -c 'rm -rf /var/log/tedge/agent/example-*'
    arg #1     : sh
    arg #2     : -c
    arg #3     : rm -rf /var/log/tedge/agent/example-*
  working dir  : /home/pi/actions-runner/_work/thin-edge.io/thin-edge.io/tests/PySys/log_request_end_to_end/log_request_num_lines/Output/linux
  stdout       : /home/pi/actions-runner/_work/thin-edge.io/thin-edge.io/tests/PySys/log_request_end_to_end/log_request_num_lines/Output/linux/rm_logs.out
  stderr       : /home/pi/actions-runner/_work/thin-edge.io/thin-edge.io/tests/PySys/log_request_end_to_end/log_request_num_lines/Output/linux/rm_logs.err
  environment  : LD_LIBRARY_PATH=/usr/lib
  environment  : PATH=/bin:/usr/bin:/usr/sbin:/usr/local/bin
                   #1  /bin
                   #2  /usr/bin
                   #3  /usr/sbin
                   #4  /usr/local/bin
2022-04-07 16:13:12,808 DEBUG Waiting up to 600 secs for process sudo<rm_logs> (pid 22599)
2022-04-07 16:13:13,332 INFO  Executed sudo<rm_logs>, exit status 0
2022-04-07 16:13:13,334 DEBUG Process parameters for sudo<rm_tmp_logs>
  command line : /usr/bin/sudo rm -rf /tmp/sw_logs
    arg #1     : rm
    arg #2     : -rf
    arg #3     : /tmp/sw_logs
  working dir  : /home/pi/actions-runner/_work/thin-edge.io/thin-edge.io/tests/PySys/log_request_end_to_end/log_request_num_lines/Output/linux
  stdout       : /home/pi/actions-runner/_work/thin-edge.io/thin-edge.io/tests/PySys/log_request_end_to_end/log_request_num_lines/Output/linux/rm_tmp_logs.out
  stderr       : /home/pi/actions-runner/_work/thin-edge.io/thin-edge.io/tests/PySys/log_request_end_to_end/log_request_num_lines/Output/linux/rm_tmp_logs.err
  environment  : LD_LIBRARY_PATH=/usr/lib
  environment  : PATH=/bin:/usr/bin:/usr/sbin:/usr/local/bin
                   #1  /bin
                   #2  /usr/bin
                   #3  /usr/sbin
                   #4  /usr/local/bin
2022-04-07 16:13:13,342 DEBUG Waiting up to 600 secs for process sudo<rm_tmp_logs> (pid 22602)
2022-04-07 16:13:13,858 INFO  Executed sudo<rm_tmp_logs>, exit status 0
2022-04-07 16:13:13,860 DEBUG Process parameters for sudo<send_failed>
  command line : /usr/bin/sudo /usr/bin/tedge mqtt pub c8y/s/us 502,c8y_LogfileRequest
    arg #1     : /usr/bin/tedge
    arg #2     : mqtt
    arg #3     : pub
    arg #4     : c8y/s/us
    arg #5     : 502,c8y_LogfileRequest
  working dir  : /home/pi/actions-runner/_work/thin-edge.io/thin-edge.io/tests/PySys/log_request_end_to_end/log_request_num_lines/Output/linux
  stdout       : /home/pi/actions-runner/_work/thin-edge.io/thin-edge.io/tests/PySys/log_request_end_to_end/log_request_num_lines/Output/linux/send_failed.out
  stderr       : /home/pi/actions-runner/_work/thin-edge.io/thin-edge.io/tests/PySys/log_request_end_to_end/log_request_num_lines/Output/linux/send_failed.err
  environment  : LD_LIBRARY_PATH=/usr/lib
  environment  : PATH=/bin:/usr/bin:/usr/sbin:/usr/local/bin
                   #1  /bin
                   #2  /usr/bin
                   #3  /usr/sbin
                   #4  /usr/local/bin
2022-04-07 16:13:13,868 DEBUG Waiting up to 600 secs for process sudo<send_failed> (pid 22604)
2022-04-07 16:13:14,375 INFO  Executed sudo<send_failed>, exit status 0
2022-04-07 16:13:14,376 DEBUG Running registered cleanup function: <bound method EnvironmentC8y.myenvcleanup of <LogRequestVerifyNumberOfLines object at 0x75dc2730>>
2022-04-07 16:13:14,377 DEBUG EnvironmentC8y Cleanup
2022-04-07 16:13:14,489 DEBUG Process parameters for sudo<tedge_disconnect_c8y>
  command line : /usr/bin/sudo /usr/bin/tedge disconnect c8y
    arg #1     : /usr/bin/tedge
    arg #2     : disconnect
    arg #3     : c8y
  working dir  : /home/pi/actions-runner/_work/thin-edge.io/thin-edge.io/tests/PySys/log_request_end_to_end/log_request_num_lines/Output/linux
  stdout       : /home/pi/actions-runner/_work/thin-edge.io/thin-edge.io/tests/PySys/log_request_end_to_end/log_request_num_lines/Output/linux/tedge_disconnect_c8y.out
  stderr       : /home/pi/actions-runner/_work/thin-edge.io/thin-edge.io/tests/PySys/log_request_end_to_end/log_request_num_lines/Output/linux/tedge_disconnect_c8y.err
  environment  : LD_LIBRARY_PATH=/usr/lib
  environment  : PATH=/bin:/usr/bin:/usr/sbin:/usr/local/bin
                   #1  /bin
                   #2  /usr/bin
                   #3  /usr/sbin
                   #4  /usr/local/bin
2022-04-07 16:13:14,497 DEBUG Waiting up to 600 secs for process sudo<tedge_disconnect_c8y> (pid 22609)
2022-04-07 16:13:18,288 INFO  Executed sudo<tedge_disconnect_c8y>, exit status 0
2022-04-07 16:13:18,292 DEBUG Process parameters for systemctl<serv_mapper5>
  command line : /usr/bin/systemctl status tedge-mapper-c8y
    arg #1     : status
    arg #2     : tedge-mapper-c8y
  working dir  : /home/pi/actions-runner/_work/thin-edge.io/thin-edge.io/tests/PySys/log_request_end_to_end/log_request_num_lines/Output/linux
  stdout       : /home/pi/actions-runner/_work/thin-edge.io/thin-edge.io/tests/PySys/log_request_end_to_end/log_request_num_lines/Output/linux/serv_mapper5.out
  stderr       : /home/pi/actions-runner/_work/thin-edge.io/thin-edge.io/tests/PySys/log_request_end_to_end/log_request_num_lines/Output/linux/serv_mapper5.err
  environment  : LD_LIBRARY_PATH=/usr/lib
  environment  : PATH=/bin:/usr/bin:/usr/sbin:/usr/local/bin
                   #1  /bin
                   #2  /usr/bin
                   #3  /usr/sbin
                   #4  /usr/local/bin
2022-04-07 16:13:18,300 DEBUG Waiting up to 600 secs for process systemctl<serv_mapper5> (pid 22649)
2022-04-07 16:13:18,857 INFO  Executed systemctl<serv_mapper5>, exit status 3
2022-04-07 16:13:18,859 DEBUG ProcessUser cleanup function done.
2022-04-07 16:13:18,862 INFO  
2022-04-07 16:13:18,863 INFO  Test duration: 31.54 secs
2022-04-07 16:13:18,864 INFO  Test final outcome:  FAILED
2022-04-07 16:13:18,865 INFO  Test outcome reason: Assert that (True == value) with value=False
2022-04-07 16:13:18,866 INFO  
