2022-05-09 07:15:53,238 INFO  ==============================================================
2022-05-09 07:15:53,238 INFO  Id:    SoftwareManagement.Plugin.apama_plugin_install
2022-05-09 07:15:53,239 INFO  Dir:   plugin_apama/
2022-05-09 07:15:53,239 INFO  Title: Validate apama plugin install
2022-05-09 07:15:53,239 INFO  ==============================================================
2022-05-09 07:15:53,241 INFO  Assertion that path exists=False for "/etc/tedge/apama/project" ... passed
2022-05-09 07:15:53,343 WARN  Executed sudo<plugin_install>, exit status 2
2022-05-09 07:15:53,345 INFO  Contents of plugin_install.err: 
2022-05-09 07:15:53,345 INFO    ERROR: Apama not installed at /opt/softwareag/Apama
2022-05-09 07:15:53,345 INFO    -----
2022-05-09 07:15:53,345 INFO  
2022-05-09 07:15:53,359 WARN  sudo<plugin_install> returned non-zero exit code 2 ... blocked [run.py:20]
2022-05-09 07:15:53,359 WARN  Aborted test due to BLOCKED outcome
2022-05-09 07:15:53,359 INFO  
2022-05-09 07:15:53,360 INFO  cleanup:
2022-05-09 07:15:53,360 INFO  
2022-05-09 07:15:53,360 INFO  Test duration: 0.12 secs
2022-05-09 07:15:53,360 INFO  Test final outcome:  BLOCKED
2022-05-09 07:15:53,360 INFO  Test outcome reason: sudo<plugin_install> returned non-zero exit code 2
2022-05-09 07:15:53,360 INFO  
