2022-04-11 10:05:59,564 INFO  ==============================================================
2022-04-11 10:05:59,565 INFO  Id:    apt_install_local_file_with_version
2022-04-11 10:05:59,566 INFO  Dir:   plugin_apt/
2022-04-11 10:05:59,566 INFO  Title: Validate apt plugin install from local file AND with a version - SUCCESS case
2022-04-11 10:05:59,567 DEBUG Execution order hint: 0.0
2022-04-11 10:05:59,568 INFO  ==============================================================
2022-04-11 10:06:01,593 INFO  URL of rolldice is b"'http://mirror.mythic-beasts.com/raspbian/pool/main/r/rolldice/rolldice_1.16-1+b1_armhf.deb'"
2022-04-11 10:06:03,695 INFO  Downloaded rolldcice in version 1.16-1+b1
2022-04-11 10:06:03,697 INFO  Filename is rolldice_1.16-1+b1_armhf.deb
2022-04-11 10:06:03,699 DEBUG Process parameters for sudo
  command line : /usr/bin/sudo /usr/bin/apt-get remove -y rolldice
    arg #1     : /usr/bin/apt-get
    arg #2     : remove
    arg #3     : -y
    arg #4     : rolldice
  working dir  : /home/pi/actions-runner/_work/thin-edge.io/thin-edge.io/tests/PySys/plugin_apt/apt_install_local_file_with_version/Output/linux
  stdout       : None
  stderr       : None
  environment  : LD_LIBRARY_PATH=/usr/lib
  environment  : PATH=/bin:/usr/bin:/usr/sbin:/usr/local/bin
                   #1  /bin
                   #2  /usr/bin
                   #3  /usr/sbin
                   #4  /usr/local/bin
2022-04-11 10:06:03,707 DEBUG Waiting up to 600 secs for process sudo (pid 19789)
2022-04-11 10:06:08,314 INFO  Executed sudo, exit status 0
2022-04-11 10:06:08,317 DEBUG Process parameters for sudo<outp_check_0>
  command line : /usr/bin/sudo /etc/tedge/sm-plugins/apt list
    arg #1     : /etc/tedge/sm-plugins/apt
    arg #2     : list
  working dir  : /home/pi/actions-runner/_work/thin-edge.io/thin-edge.io/tests/PySys/plugin_apt/apt_install_local_file_with_version/Output/linux
  stdout       : /home/pi/actions-runner/_work/thin-edge.io/thin-edge.io/tests/PySys/plugin_apt/apt_install_local_file_with_version/Output/linux/outp_check_0.out
  stderr       : /home/pi/actions-runner/_work/thin-edge.io/thin-edge.io/tests/PySys/plugin_apt/apt_install_local_file_with_version/Output/linux/outp_check_0.err
  environment  : LD_LIBRARY_PATH=/usr/lib
  environment  : PATH=/bin:/usr/bin:/usr/sbin:/usr/local/bin
                   #1  /bin
                   #2  /usr/bin
                   #3  /usr/sbin
                   #4  /usr/local/bin
2022-04-11 10:06:08,325 DEBUG Waiting up to 600 secs for process sudo<outp_check_0> (pid 19793)
2022-04-11 10:06:10,882 INFO  Executed sudo<outp_check_0>, exit status 0
2022-04-11 10:06:10,884 INFO  Assert that (value==0) with value=0 ... passed
2022-04-11 10:06:10,885 DEBUG Performing regex contains=False grep on file: /home/pi/actions-runner/_work/thin-edge.io/thin-edge.io/tests/PySys/plugin_apt/apt_install_local_file_with_version/Output/linux/outp_check_0.out
2022-04-11 10:06:10,891 INFO  Grep on file outp_check_0.out ... passed
2022-04-11 10:06:10,892 DEBUG --- test execute
2022-04-11 10:06:10,894 DEBUG Process parameters for sudo<outp_install>
  command line : /usr/bin/sudo /etc/tedge/sm-plugins/apt install rolldice --module-version 1.16-1+b1 --file /home/pi/actions-runner/_work/thin-edge.io/thin-edge.io/tests/PySys/rolldice_1.16-1+b1_armhf.deb
    arg #1     : /etc/tedge/sm-plugins/apt
    arg #2     : install
    arg #3     : rolldice
    arg #4     : --module-version
    arg #5     : 1.16-1+b1
    arg #6     : --file
    arg #7     : /home/pi/actions-runner/_work/thin-edge.io/thin-edge.io/tests/PySys/rolldice_1.16-1+b1_armhf.deb
  working dir  : /home/pi/actions-runner/_work/thin-edge.io/thin-edge.io/tests/PySys/plugin_apt/apt_install_local_file_with_version/Output/linux
  stdout       : /home/pi/actions-runner/_work/thin-edge.io/thin-edge.io/tests/PySys/plugin_apt/apt_install_local_file_with_version/Output/linux/outp_install.out
  stderr       : /home/pi/actions-runner/_work/thin-edge.io/thin-edge.io/tests/PySys/plugin_apt/apt_install_local_file_with_version/Output/linux/outp_install.err
  environment  : LD_LIBRARY_PATH=/usr/lib
  environment  : PATH=/bin:/usr/bin:/usr/sbin:/usr/local/bin
                   #1  /bin
                   #2  /usr/bin
                   #3  /usr/sbin
                   #4  /usr/local/bin
2022-04-11 10:06:10,901 DEBUG Waiting up to 600 secs for process sudo<outp_install> (pid 19799)
2022-04-11 10:06:50,013 INFO  Executed sudo<outp_install>, exit status 0, duration 39 secs
2022-04-11 10:06:50,016 INFO  Assert that (value==0) with value=0 ... passed
2022-04-11 10:06:50,017 DEBUG --- test validate
2022-04-11 10:06:50,021 DEBUG Process parameters for sudo<outp_check_1>
  command line : /usr/bin/sudo /etc/tedge/sm-plugins/apt list
    arg #1     : /etc/tedge/sm-plugins/apt
    arg #2     : list
  working dir  : /home/pi/actions-runner/_work/thin-edge.io/thin-edge.io/tests/PySys/plugin_apt/apt_install_local_file_with_version/Output/linux
  stdout       : /home/pi/actions-runner/_work/thin-edge.io/thin-edge.io/tests/PySys/plugin_apt/apt_install_local_file_with_version/Output/linux/outp_check_1.out
  stderr       : /home/pi/actions-runner/_work/thin-edge.io/thin-edge.io/tests/PySys/plugin_apt/apt_install_local_file_with_version/Output/linux/outp_check_1.err
  environment  : LD_LIBRARY_PATH=/usr/lib
  environment  : PATH=/bin:/usr/bin:/usr/sbin:/usr/local/bin
                   #1  /bin
                   #2  /usr/bin
                   #3  /usr/sbin
                   #4  /usr/local/bin
2022-04-11 10:06:50,029 DEBUG Waiting up to 600 secs for process sudo<outp_check_1> (pid 19944)
2022-04-11 10:06:55,313 INFO  Executed sudo<outp_check_1>, exit status 0
2022-04-11 10:06:55,315 INFO  Assert that (value==0) with value=0 ... passed
2022-04-11 10:06:55,316 DEBUG Performing regex contains=True grep on file: /home/pi/actions-runner/_work/thin-edge.io/thin-edge.io/tests/PySys/plugin_apt/apt_install_local_file_with_version/Output/linux/outp_check_1.out
2022-04-11 10:06:55,322 DEBUG Grep on file outp_check_1.out successfully matched expression "rolldice" with line: 'rolldice\t1.16-1+b1\n'
2022-04-11 10:06:55,324 INFO  Grep on file outp_check_1.out ... passed
2022-04-11 10:06:55,329 DEBUG --- test cleanup
2022-04-11 10:06:55,330 INFO  
2022-04-11 10:06:55,330 INFO  cleanup:
2022-04-11 10:06:55,331 DEBUG Running registered cleanup function: <bound method AptPluginInstallFromLocalFileWithVersion.cleanup_remove_rolldice_binary of <AptPluginInstallFromLocalFileWithVersion object at 0x75e65f30>>
2022-04-11 10:06:55,333 DEBUG ProcessUser cleanup function done.
2022-04-11 10:06:55,336 INFO  
2022-04-11 10:06:55,337 INFO  Test duration: 55.78 secs
2022-04-11 10:06:55,338 INFO  Test final outcome:  PASSED
2022-04-11 10:06:55,339 INFO  
