2022-04-19 13:41:04,097 INFO  ==============================================================
2022-04-19 13:41:04,098 INFO  Id:    call_tedge_config_list
2022-04-19 13:41:04,099 INFO  Dir:   tedge/
2022-04-19 13:41:04,100 INFO  Title: Validate command line options config: get set unset
2022-04-19 13:41:04,101 INFO  ==============================================================
2022-04-19 13:41:04,634 INFO  Executed sudo<tedge>, exit status 0
2022-04-19 13:41:05,147 INFO  Executed sudo<tedge_get_config_key>, exit status 0
2022-04-19 13:41:05,662 INFO  Executed sudo<tedge_get_config_key>, exit status 0
2022-04-19 13:41:06,183 INFO  Executed sudo<tedge_get_config_key>, exit status 0
2022-04-19 13:41:06,697 INFO  Executed sudo<tedge_get_config_key>, exit status 0
2022-04-19 13:41:07,212 INFO  Executed sudo<tedge_get_config_key>, exit status 0
2022-04-19 13:41:07,726 INFO  Executed sudo<tedge_get_config_key>, exit status 0
2022-04-19 13:41:07,728 INFO  /etc/tedge/device-certs/tedge-private-key.pem
2022-04-19 13:41:07,729 INFO  /etc/tedge/device-certs/tedge-certificate.pem
2022-04-19 13:41:07,730 INFO  thin-edge-io.eu-latest.cumulocity.com
2022-04-19 13:41:07,731 INFO  /etc/ssl/certs
2022-04-19 13:41:07,731 INFO  thinedge-gh-ci.azure-devices.net
2022-04-19 13:41:07,732 INFO  /etc/ssl/certs/Baltimore_CyberTrust_Root.pem
2022-04-19 13:41:08,243 INFO  Executed sudo<tedge_unset_config_key>, exit status 0
2022-04-19 13:41:08,758 INFO  Executed sudo<tedge_unset_config_key>, exit status 0
2022-04-19 13:41:09,272 INFO  Executed sudo<tedge_unset_config_key>, exit status 0
2022-04-19 13:41:09,786 INFO  Executed sudo<tedge_unset_config_key>, exit status 0
2022-04-19 13:41:10,300 INFO  Executed sudo<tedge_unset_config_key>, exit status 0
2022-04-19 13:41:10,814 INFO  Executed sudo<tedge_unset_config_key>, exit status 0
2022-04-19 13:41:11,329 INFO  Executed sudo<tedge_get_config_key>, exit status 0
2022-04-19 13:41:11,333 INFO  Assert that (expect == valueread) with expect="/etc/tedge/device-certs/tedge-private-key.pem", valueread="/etc/tedge/device-certs/tedge-private-key.pem" ... passed
2022-04-19 13:41:11,845 INFO  Executed sudo<tedge_get_config_key>, exit status 0
2022-04-19 13:41:11,849 INFO  Assert that (expect == valueread) with expect="/etc/tedge/device-certs/tedge-certificate.pem", valueread="/etc/tedge/device-certs/tedge-certificate.pem" ... passed
2022-04-19 13:41:12,361 INFO  Executed sudo<tedge_get_config_key>, exit status 0
2022-04-19 13:41:12,365 INFO  Assert that (expect == valueread) with expect=None, valueread=None ... passed
2022-04-19 13:41:13,130 INFO  Executed sudo<tedge_get_config_key>, exit status 0
2022-04-19 13:41:13,134 INFO  Assert that (expect == valueread) with expect="/etc/ssl/certs", valueread="/etc/ssl/certs" ... passed
2022-04-19 13:41:13,648 INFO  Executed sudo<tedge_get_config_key>, exit status 0
2022-04-19 13:41:13,652 INFO  Assert that (expect == valueread) with expect=None, valueread=None ... passed
2022-04-19 13:41:14,165 INFO  Executed sudo<tedge_get_config_key>, exit status 0
2022-04-19 13:41:14,169 INFO  Assert that (expect == valueread) with expect="/etc/ssl/certs", valueread="/etc/ssl/certs" ... passed
2022-04-19 13:41:14,691 INFO  Executed sudo<tedge_set_config_key>, exit status 0
2022-04-19 13:41:15,203 INFO  Executed sudo<tedge_get_config_key>, exit status 0
2022-04-19 13:41:15,208 INFO  Assert that (value == vread) with value="failfailfail", vread="failfailfail" ... passed
2022-04-19 13:41:15,722 INFO  Executed sudo<tedge_set_config_key>, exit status 0
2022-04-19 13:41:16,240 INFO  Executed sudo<tedge_get_config_key>, exit status 0
2022-04-19 13:41:16,244 INFO  Assert that (value == vread) with value="failfailfail", vread="failfailfail" ... passed
2022-04-19 13:41:16,806 INFO  Executed sudo<tedge_set_config_key>, exit status 0
2022-04-19 13:41:17,319 INFO  Executed sudo<tedge_get_config_key>, exit status 0
2022-04-19 13:41:17,323 INFO  Assert that (value == vread) with value="failfailfail", vread="failfailfail" ... passed
2022-04-19 13:41:17,837 INFO  Executed sudo<tedge_set_config_key>, exit status 0
2022-04-19 13:41:18,350 INFO  Executed sudo<tedge_get_config_key>, exit status 0
2022-04-19 13:41:18,354 INFO  Assert that (value == vread) with value="failfailfail", vread="failfailfail" ... passed
2022-04-19 13:41:18,867 INFO  Executed sudo<tedge_set_config_key>, exit status 0
2022-04-19 13:41:19,390 INFO  Executed sudo<tedge_get_config_key>, exit status 0
2022-04-19 13:41:19,394 INFO  Assert that (value == vread) with value="failfailfail", vread="failfailfail" ... passed
2022-04-19 13:41:19,907 INFO  Executed sudo<tedge_set_config_key>, exit status 0
2022-04-19 13:41:20,420 INFO  Executed sudo<tedge_get_config_key>, exit status 0
2022-04-19 13:41:20,424 INFO  Assert that (value == vread) with value="failfailfail", vread="failfailfail" ... passed
2022-04-19 13:41:20,937 INFO  Executed sudo<tedge_set_config_key>, exit status 0
2022-04-19 13:41:21,451 INFO  Executed sudo<tedge_set_config_key>, exit status 0
2022-04-19 13:41:21,998 INFO  Executed sudo<tedge_set_config_key>, exit status 0
2022-04-19 13:41:22,562 INFO  Executed sudo<tedge_set_config_key>, exit status 0
2022-04-19 13:41:23,190 INFO  Executed sudo<tedge_set_config_key>, exit status 0
2022-04-19 13:41:23,738 INFO  Executed sudo<tedge_set_config_key>, exit status 0
2022-04-19 13:41:23,739 INFO  /etc/tedge/device-certs/tedge-private-key.pem
2022-04-19 13:41:23,740 INFO  /etc/tedge/device-certs/tedge-certificate.pem
2022-04-19 13:41:23,740 INFO  thin-edge-io.eu-latest.cumulocity.com
2022-04-19 13:41:23,741 INFO  /etc/ssl/certs
2022-04-19 13:41:23,742 INFO  thinedge-gh-ci.azure-devices.net
2022-04-19 13:41:23,742 INFO  /etc/ssl/certs/Baltimore_CyberTrust_Root.pem
2022-04-19 13:41:24,256 INFO  Executed sudo<tedge_get_config_key>, exit status 0
2022-04-19 13:41:24,260 INFO  Assert that (valueold == valuenew) with valueold="/etc/tedge/device-certs/tedge-private-key.pem", valuenew="/etc/tedge/device-certs/tedge-private-key.pem" ... passed
2022-04-19 13:41:24,791 INFO  Executed sudo<tedge_get_config_key>, exit status 0
2022-04-19 13:41:24,795 INFO  Assert that (valueold == valuenew) with valueold="/etc/tedge/device-certs/tedge-certificate.pem", valuenew="/etc/tedge/device-certs/tedge-certificate.pem" ... passed
2022-04-19 13:41:25,307 INFO  Executed sudo<tedge_get_config_key>, exit status 0
2022-04-19 13:41:25,311 INFO  Assert that (valueold == valuenew) with valueold="thin-edge-io.eu-latest.cumulocity.com", valuenew="thin-edge-io.eu-latest.cumulocity.com" ... passed
2022-04-19 13:41:25,825 INFO  Executed sudo<tedge_get_config_key>, exit status 0
2022-04-19 13:41:25,829 INFO  Assert that (valueold == valuenew) with valueold="/etc/ssl/certs", valuenew="/etc/ssl/certs" ... passed
2022-04-19 13:41:26,342 INFO  Executed sudo<tedge_get_config_key>, exit status 0
2022-04-19 13:41:26,346 INFO  Assert that (valueold == valuenew) with valueold="thinedge-gh-ci.azure-devices.net", valuenew="thinedge-gh-ci.azure-devices.net" ... passed
2022-04-19 13:41:26,858 INFO  Executed sudo<tedge_get_config_key>, exit status 0
2022-04-19 13:41:26,863 INFO  Assert that (valueold == valuenew) with valueold="/etc/ssl/certs/Baltimore_CyberTrust_Root.pem", valuenew="/etc/ssl/certs/Baltimore_CyberTrust_Root.pem" ... passed
2022-04-19 13:41:27,375 INFO  Executed sudo<tedge_unset_device_id>, exit status 1
2022-04-19 13:41:27,939 INFO  Executed sudo<tedge_set_device_id>, exit status 1
2022-04-19 13:41:27,950 INFO  
2022-04-19 13:41:27,951 INFO  Test duration: 23.86 secs
2022-04-19 13:41:27,954 INFO  Test final outcome:  PASSED
2022-04-19 13:41:27,955 INFO  
