2022-05-11 12:29:09,516 INFO  ==============================================================
2022-05-11 12:29:09,517 INFO  Id:    docker_plugin_update
2022-05-11 12:29:09,518 INFO  Dir:   plugin_docker/
2022-05-11 12:29:09,519 INFO  Title: Validate docker plugin install updates existing containers
2022-05-11 12:29:09,520 INFO  ==============================================================
2022-05-11 12:29:10,381 INFO  Executed sudo<docker_images>, exit status 0
2022-05-11 12:29:10,388 INFO  Grep on file /home/pi/actions-runner/_work/thin-edge.io/thin-edge.io/tests/PySys/plugin_docker/docker_plugin_update/Output/linux/docker_images.out ... passed
2022-05-11 12:29:34,566 INFO  Executed sudo<docker_run>, exit status 0, duration 24 secs
2022-05-11 12:29:35,400 INFO  Executed sudo<docker_ps>, exit status 0
2022-05-11 12:29:35,406 INFO  Grep on file /home/pi/actions-runner/_work/thin-edge.io/thin-edge.io/tests/PySys/plugin_docker/docker_plugin_update/Output/linux/docker_ps.out ... passed
2022-05-11 12:30:02,499 INFO  Executed sudo<plugin_install>, exit status 0, duration 27 secs
2022-05-11 12:30:03,479 INFO  Executed sudo<docker_ps_latest>, exit status 0
2022-05-11 12:30:04,296 INFO  Executed sudo<docker_ps>, exit status 0
2022-05-11 12:30:04,300 INFO  Grep on file /home/pi/actions-runner/_work/thin-edge.io/thin-edge.io/tests/PySys/plugin_docker/docker_plugin_update/Output/linux/docker_ps.out ... passed
2022-05-11 12:30:05,113 INFO  Executed sudo<docker_ps>, exit status 0
2022-05-11 12:30:05,117 INFO  Grep on file /home/pi/actions-runner/_work/thin-edge.io/thin-edge.io/tests/PySys/plugin_docker/docker_plugin_update/Output/linux/docker_ps.out ... passed
2022-05-11 12:30:05,124 INFO  
2022-05-11 12:30:05,125 INFO  cleanup:
2022-05-11 12:30:05,126 INFO  Removing containers scheduled to be cleaned up: ['5e829781e3d8', '360e3c0cb69e', '9288ef3bad07a24fb72bad6497a33c804106ae76e5011a5484a51015c9199360\n', '86e315d9f57cc05f448675c8b7fa1b2c3cc95357dc8934246f94df95c2a4d3a7\n', 'b704f403bd34ec15fdafddfc4e8bcf4ef968c3cd93f9ff01348c213ce71ad86b\n', '299ad01ba836']
2022-05-11 12:30:08,031 WARN  Executed sudo<containers_for_cleanup>, exit status 1
2022-05-11 12:30:08,033 INFO  Removing images scheduled to be cleaned up: ['registry', 'registry', 'registry:2.7.1', 'registry', 'registry:2.7.1', 'registry:2.6.2', 'registry:2.7.1']
2022-05-11 12:30:14,964 INFO  Executed sudo<containers_for_cleanup>, exit status 0
2022-05-11 12:30:14,968 INFO  
2022-05-11 12:30:14,969 INFO  Test duration: 65.46 secs
2022-05-11 12:30:14,970 INFO  Test final outcome:  PASSED
2022-05-11 12:30:14,971 INFO  
