2022-04-15 10:19:08,980 INFO  ==============================================================
2022-04-15 10:19:08,981 INFO  Id:    SoftwareManagement.sm_fake_install_remove_multiple
2022-04-15 10:19:08,982 INFO  Dir:   software_management_end_to_end/
2022-04-15 10:19:08,983 INFO  Title: Validate end to end behaviour for the dummy-plugin for multiple packages
2022-04-15 10:19:08,984 INFO  ==============================================================
2022-04-15 10:19:09,017 INFO  Using sw id database: {'asciijump': '5475369', 'robotfindskitten': '5474869', 'squirrel3': '5475279', 'rolldice': '5152439', 'moon-buggy': '5439204', 'apple': '5495053', 'banana': '5494888', 'cherry': '5495382', 'watermelon': '5494510', 'registry': '8018911', 'hello-world': '8021526', 'docker/getting-started': '8021973', 'alpine': '7991792'}
2022-04-15 10:19:09,018 INFO  EnvironmentC8y Setup
2022-04-15 10:19:09,579 INFO  Executed systemctl<serv_mapper1>, exit status 3
2022-04-15 10:19:09,687 INFO  Restarting mosquitto too frequently in the last 10 seconds. It was only up for 4 seconds
2022-04-15 10:19:09,689 INFO  Delaying execution by 7 seconds
2022-04-15 10:19:30,444 INFO  Executed sudo<tedge_connect_c8y>, exit status 0, duration 13 secs
2022-04-15 10:19:31,402 INFO  Executed sudo<tedge_connect_c8y_test>, exit status 0
2022-04-15 10:19:31,924 INFO  Executed systemctl<serv_mosq2>, exit status 0
2022-04-15 10:19:32,454 INFO  Executed systemctl<serv_mapper3>, exit status 0
2022-04-15 10:19:34,676 INFO  State of current operation: SUCCESSFUL
2022-04-15 10:19:34,912 INFO  Package apple is installed
2022-04-15 10:19:34,914 INFO  Assert that (True == value) with value=True ... passed
2022-04-15 10:19:35,150 INFO  Package banana is installed
2022-04-15 10:19:35,153 INFO  Assert that (True == value) with value=True ... passed
2022-04-15 10:19:35,390 INFO  Package cherry is installed
2022-04-15 10:19:35,393 INFO  Assert that (True == value) with value=True ... passed
2022-04-15 10:19:35,616 INFO  Response status: 201
2022-04-15 10:19:35,618 INFO  Response to action: {
    "delivery": {
        "time": "2022-04-15T10:19:35.589Z",
        "log": [],
        "status": "PENDING"
    },
    "creationTime": "2022-04-15T10:19:35.573Z",
    "deviceName": "mythicd",
    "deviceId": "17361610",
    "self": "https://t493319102.eu-latest.cumulocity.com/devicecontrol/operations/17372228",
    "id": "17372228",
    "status": "PENDING",
    "description": "Apply software changes, triggered from PySys: [{'action': 'install', 'id': '5495053', 'name': 'apple', 'url': ' ', 'version': '::fruits'}, {'action': 'install', 'id': '5494888', 'name': 'banana', 'url': ' ', 'version': '::fruits'}, {'action': 'install', 'id': '5495382', 'name': 'cherry', 'url': ' ', 'version': '::fruits'}]",
    "c8y_SoftwareUpdate": [
        {
            "name": "apple",
            "action": "install",
            "id": "5495053",
            "version": "::fruits",
            "url": " "
        },
        {
            "name": "banana",
            "action": "install",
            "id": "5494888",
            "version": "::fruits",
            "url": " "
        },
        {
            "name": "cherry",
            "action": "install",
            "id": "5495382",
            "version": "::fruits",
            "url": " "
        }
    ]
}
2022-04-15 10:19:35,619 INFO  Started operation: {'delivery': {'time': '2022-04-15T10:19:35.589Z', 'log': [], 'status': 'PENDING'}, 'creationTime': '2022-04-15T10:19:35.573Z', 'deviceName': 'mythicd', 'deviceId': '17361610', 'self': 'https://t493319102.eu-latest.cumulocity.com/devicecontrol/operations/17372228', 'id': '17372228', 'status': 'PENDING', 'description': "Apply software changes, triggered from PySys: [{'action': 'install', 'id': '5495053', 'name': 'apple', 'url': ' ', 'version': '::fruits'}, {'action': 'install', 'id': '5494888', 'name': 'banana', 'url': ' ', 'version': '::fruits'}, {'action': 'install', 'id': '5495382', 'name': 'cherry', 'url': ' ', 'version': '::fruits'}]", 'c8y_SoftwareUpdate': [{'name': 'apple', 'action': 'install', 'id': '5495053', 'version': '::fruits', 'url': ' '}, {'name': 'banana', 'action': 'install', 'id': '5494888', 'version': '::fruits', 'url': ' '}, {'name': 'cherry', 'action': 'install', 'id': '5495382', 'version': '::fruits', 'url': ' '}]}
2022-04-15 10:19:37,857 INFO  State of operation 17372228 : PENDING
2022-04-15 10:19:40,073 INFO  State of operation 17372228 : EXECUTING
2022-04-15 10:19:42,318 INFO  State of operation 17372228 : EXECUTING
2022-04-15 10:19:44,528 INFO  State of operation 17372228 : SUCCESSFUL
2022-04-15 10:19:44,784 INFO  Package apple is installed
2022-04-15 10:19:44,787 INFO  Assert that (True == value) with value=True ... passed
2022-04-15 10:19:45,041 INFO  Package banana is installed
2022-04-15 10:19:45,043 INFO  Assert that (True == value) with value=True ... passed
2022-04-15 10:19:45,292 INFO  Package cherry is installed
2022-04-15 10:19:45,295 INFO  Assert that (True == value) with value=True ... passed
2022-04-15 10:19:45,519 INFO  Response status: 201
2022-04-15 10:19:45,521 INFO  Response to action: {
    "delivery": {
        "time": "2022-04-15T10:19:45.491Z",
        "log": [],
        "status": "PENDING"
    },
    "creationTime": "2022-04-15T10:19:45.477Z",
    "deviceName": "mythicd",
    "deviceId": "17361610",
    "self": "https://t493319102.eu-latest.cumulocity.com/devicecontrol/operations/17372234",
    "id": "17372234",
    "status": "PENDING",
    "description": "Apply software changes, triggered from PySys: [{'action': 'install', 'id': '5495053', 'name': 'apple', 'url': ' ', 'version': '::fruits'}, {'action': 'install', 'id': '5494888', 'name': 'banana', 'url': ' ', 'version': '::fruits'}, {'action': 'install', 'id': '5495382', 'name': 'cherry', 'url': ' ', 'version': '::fruits'}]",
    "c8y_SoftwareUpdate": [
        {
            "name": "apple",
            "action": "install",
            "id": "5495053",
            "version": "::fruits",
            "url": " "
        },
        {
            "name": "banana",
            "action": "install",
            "id": "5494888",
            "version": "::fruits",
            "url": " "
        },
        {
            "name": "cherry",
            "action": "install",
            "id": "5495382",
            "version": "::fruits",
            "url": " "
        }
    ]
}
2022-04-15 10:19:45,522 INFO  Started operation: {'delivery': {'time': '2022-04-15T10:19:45.491Z', 'log': [], 'status': 'PENDING'}, 'creationTime': '2022-04-15T10:19:45.477Z', 'deviceName': 'mythicd', 'deviceId': '17361610', 'self': 'https://t493319102.eu-latest.cumulocity.com/devicecontrol/operations/17372234', 'id': '17372234', 'status': 'PENDING', 'description': "Apply software changes, triggered from PySys: [{'action': 'install', 'id': '5495053', 'name': 'apple', 'url': ' ', 'version': '::fruits'}, {'action': 'install', 'id': '5494888', 'name': 'banana', 'url': ' ', 'version': '::fruits'}, {'action': 'install', 'id': '5495382', 'name': 'cherry', 'url': ' ', 'version': '::fruits'}]", 'c8y_SoftwareUpdate': [{'name': 'apple', 'action': 'install', 'id': '5495053', 'version': '::fruits', 'url': ' '}, {'name': 'banana', 'action': 'install', 'id': '5494888', 'version': '::fruits', 'url': ' '}, {'name': 'cherry', 'action': 'install', 'id': '5495382', 'version': '::fruits', 'url': ' '}]}
2022-04-15 10:19:47,752 INFO  State of operation 17372234 : PENDING
2022-04-15 10:19:49,968 INFO  State of operation 17372234 : EXECUTING
2022-04-15 10:19:52,213 INFO  State of operation 17372234 : EXECUTING
2022-04-15 10:19:54,426 INFO  State of operation 17372234 : SUCCESSFUL
2022-04-15 10:19:54,656 INFO  Package apple is installed
2022-04-15 10:19:54,658 INFO  Assert that (True == value) with value=True ... passed
2022-04-15 10:19:54,879 INFO  Package banana is installed
2022-04-15 10:19:54,881 INFO  Assert that (True == value) with value=True ... passed
2022-04-15 10:19:55,116 INFO  Package cherry is installed
2022-04-15 10:19:55,119 INFO  Assert that (True == value) with value=True ... passed
2022-04-15 10:19:55,126 INFO  
2022-04-15 10:19:55,127 INFO  cleanup:
2022-04-15 10:19:59,021 INFO  Executed sudo<tedge_disconnect_c8y>, exit status 0
2022-04-15 10:19:59,584 INFO  Executed systemctl<serv_mapper5>, exit status 3
2022-04-15 10:19:59,588 INFO  
2022-04-15 10:19:59,589 INFO  Test duration: 50.62 secs
2022-04-15 10:19:59,590 INFO  Test final outcome:  PASSED
2022-04-15 10:19:59,591 INFO  
