2022-05-30 09:21:48,387 INFO  ==============================================================
2022-05-30 09:21:48,388 INFO  Id:    tedge_mapper_az_with_timestamp
2022-05-30 09:21:48,390 INFO  Dir:   tedge_mapper_az/
2022-05-30 09:21:48,392 INFO  Title: Validate the Azure Mapper that publishes a Thin Edge JSON message with timestamp on az/messages/events/ when it receives a valid JSON message on tedge/measurements
2022-05-30 09:21:48,394 INFO  ==============================================================
2022-05-30 09:21:49,017 INFO  Executed sudo<tedge_mapper_az>, exit status 0
2022-05-30 09:21:49,034 INFO  Started sudo<tedge_sub> with process id 26287
2022-05-30 09:21:49,714 INFO  Executed sudo<tedge_temp>, exit status 0
2022-05-30 09:21:50,228 INFO  Executed sudo<kill_out>, exit status 0
2022-05-30 09:21:50,232 WARN  JSONDecodeError occurred while running test - Expecting value: line 1 column 1 (char 0)
Traceback (most recent call last):
  File "/home/pi/env-pysys/lib/python3.7/site-packages/pysys/baserunner.py", line 1296, in __call__
    self.testObj.validate()
  File "/home/pi/actions-runner/_work/thin-edge.io/thin-edge.io/tests/PySys/tedge_mapper_az/tedge_mapper_az_with_timestamp/run.py", line 70, in validate
    thin_edge_json = json.load(f)
  File "/usr/lib/python3.7/json/__init__.py", line 296, in load
    parse_constant=parse_constant, object_pairs_hook=object_pairs_hook, **kw)
  File "/usr/lib/python3.7/json/__init__.py", line 348, in loads
    return _default_decoder.decode(s)
  File "/usr/lib/python3.7/json/decoder.py", line 337, in decode
    obj, end = self.raw_decode(s, idx=_w(s, 0).end())
  File "/usr/lib/python3.7/json/decoder.py", line 355, in raw_decode
    raise JSONDecodeError("Expecting value", s, err.value) from None
json.decoder.JSONDecodeError: Expecting value: line 1 column 1 (char 0)
2022-05-30 09:21:50,283 WARN  JSONDecodeError: Expecting value: line 1 column 1 (char 0) ... blocked 
2022-05-30 09:21:50,284 INFO  
2022-05-30 09:21:50,285 INFO  cleanup:
2022-05-30 09:21:50,286 INFO  mapper_cleanup
2022-05-30 09:21:50,848 INFO  Executed sudo<tedge_mapper_az>, exit status 0
2022-05-30 09:21:50,852 INFO  
2022-05-30 09:21:50,853 INFO  Test duration: 2.47 secs
2022-05-30 09:21:50,854 INFO  Test final outcome:  BLOCKED
2022-05-30 09:21:50,855 INFO  Test outcome reason: JSONDecodeError: Expecting value: line 1 column 1 (char 0)
2022-05-30 09:21:50,857 INFO  
