2022-05-02 14:53:18,039 INFO  ==============================================================
2022-05-02 14:53:18,039 INFO  Id:    mqtt_port_set
2022-05-02 14:53:18,039 INFO  Dir:   misc_features/
2022-05-02 14:53:18,039 INFO  Title: mqtt port set
2022-05-02 14:53:18,039 INFO  ==============================================================
2022-05-02 14:53:18,142 INFO  Executed sudo<mqtt_port_set>, exit status 0
2022-05-02 14:53:18,244 INFO  Executed sudo<tedge_get>, exit status 0
2022-05-02 14:53:18,245 INFO  Grep on file tedge_get.out ... passed
2022-05-02 14:53:18,246 INFO  Grep on file /etc/tedge/tedge.toml ... passed
2022-05-02 14:53:18,246 INFO  
2022-05-02 14:53:18,246 INFO  cleanup:
2022-05-02 14:53:18,348 INFO  Executed sudo<mqtt_port_unset>, exit status 0
2022-05-02 14:53:35,818 INFO  Executed sudo<tedge_connect_c8y>, exit status 0, duration 17 secs
2022-05-02 14:53:35,832 INFO  Restarting mosquitto too frequently in the last 10 seconds. It was only up for 7 seconds
2022-05-02 14:53:35,832 INFO  Delaying execution by 4 seconds
2022-05-02 14:53:50,727 INFO  Executed sudo<tedge_disconnect_c8y>, exit status 0
2022-05-02 14:53:50,728 INFO  
2022-05-02 14:53:50,728 INFO  Test duration: 32.68 secs
2022-05-02 14:53:50,728 INFO  Test final outcome:  PASSED
2022-05-02 14:53:50,728 INFO  
