2022-05-09 07:23:25,469 INFO  ==============================================================
2022-05-09 07:23:25,469 INFO  Id:    SoftwareManagement.sm_apt_install_remove_with_version
2022-05-09 07:23:25,469 INFO  Dir:   software_management_end_to_end/
2022-05-09 07:23:25,469 INFO  Title: Validate end to end behaviour for the apt plugin for packages with version
2022-05-09 07:23:25,469 INFO  ==============================================================
2022-05-09 07:23:25,470 INFO  Using sw id database: {'asciijump': '5475369', 'robotfindskitten': '5474869', 'squirrel3': '5475279', 'rolldice': '5152439', 'moon-buggy': '5439204', 'apple': '5495053', 'banana': '5494888', 'cherry': '5495382', 'watermelon': '5494510', 'registry': '8018911', 'hello-world': '8021526', 'docker/getting-started': '8021973', 'alpine': '7991792'}
2022-05-09 07:23:25,470 INFO  EnvironmentC8y Setup
2022-05-09 07:23:25,572 INFO  Executed systemctl<serv_mapper1>, exit status 3
2022-05-09 07:23:25,587 INFO  Restarting mosquitto too frequently in the last 10 seconds. It was only up for 1 seconds
2022-05-09 07:23:25,588 INFO  Delaying execution by 10 seconds
2022-05-09 07:23:53,060 INFO  Executed sudo<tedge_connect_c8y>, exit status 0, duration 17 secs
2022-05-09 07:23:53,213 INFO  Executed sudo<tedge_connect_c8y_test>, exit status 0
2022-05-09 07:23:53,315 INFO  Executed systemctl<serv_mosq2>, exit status 0
2022-05-09 07:23:53,418 INFO  Executed systemctl<serv_mapper3>, exit status 0
2022-05-09 07:23:55,538 INFO  State of current operation: SUCCESSFUL
2022-05-09 07:23:55,672 INFO  Assert that (False == value) with value=False ... passed
2022-05-09 07:23:55,879 INFO  Response status: 201
2022-05-09 07:23:55,879 INFO  Response to action: {
    "creationTime": "2022-05-09T07:23:55.835Z",
    "deviceName": "ubuntu-2gb-hel1-4-thin-edge-a",
    "deviceId": "18455538",
    "self": "https://t493319102.eu-latest.cumulocity.com/devicecontrol/operations/18523264",
    "id": "18523264",
    "status": "PENDING",
    "description": "Apply software changes, triggered from PySys: [{'name': 'rolldice', 'id': '5152439', 'version': '1.16-1build1', 'url': '', 'action': 'install'}]",
    "c8y_SoftwareUpdate": [
        {
            "name": "rolldice",
            "action": "install",
            "id": "5152439",
            "version": "1.16-1build1",
            "url": ""
        }
    ]
}
2022-05-09 07:23:55,879 INFO  Started operation: {'creationTime': '2022-05-09T07:23:55.835Z', 'deviceName': 'ubuntu-2gb-hel1-4-thin-edge-a', 'deviceId': '18455538', 'self': 'https://t493319102.eu-latest.cumulocity.com/devicecontrol/operations/18523264', 'id': '18523264', 'status': 'PENDING', 'description': "Apply software changes, triggered from PySys: [{'name': 'rolldice', 'id': '5152439', 'version': '1.16-1build1', 'url': '', 'action': 'install'}]", 'c8y_SoftwareUpdate': [{'name': 'rolldice', 'action': 'install', 'id': '5152439', 'version': '1.16-1build1', 'url': ''}]}
2022-05-09 07:23:57,987 INFO  State of operation 18523264 : EXECUTING
2022-05-09 07:24:00,100 INFO  State of operation 18523264 : EXECUTING
2022-05-09 07:24:02,209 INFO  State of operation 18523264 : EXECUTING
2022-05-09 07:24:04,321 INFO  State of operation 18523264 : SUCCESSFUL
2022-05-09 07:24:04,450 INFO  Package rolldice is installed
2022-05-09 07:24:04,450 INFO  Assert that (True == value) with value=True ... passed
2022-05-09 07:24:04,573 INFO  Response status: 201
2022-05-09 07:24:04,574 INFO  Response to action: {
    "creationTime": "2022-05-09T07:24:04.533Z",
    "deviceName": "ubuntu-2gb-hel1-4-thin-edge-a",
    "deviceId": "18455538",
    "self": "https://t493319102.eu-latest.cumulocity.com/devicecontrol/operations/18523266",
    "id": "18523266",
    "status": "PENDING",
    "description": "Apply software changes, triggered from PySys: [{'name': 'rolldice', 'id': '5152439', 'version': '88::apt', 'url': '', 'action': 'delete'}]",
    "c8y_SoftwareUpdate": [
        {
            "name": "rolldice",
            "action": "delete",
            "id": "5152439",
            "version": "88::apt",
            "url": ""
        }
    ]
}
2022-05-09 07:24:04,574 INFO  Started operation: {'creationTime': '2022-05-09T07:24:04.533Z', 'deviceName': 'ubuntu-2gb-hel1-4-thin-edge-a', 'deviceId': '18455538', 'self': 'https://t493319102.eu-latest.cumulocity.com/devicecontrol/operations/18523266', 'id': '18523266', 'status': 'PENDING', 'description': "Apply software changes, triggered from PySys: [{'name': 'rolldice', 'id': '5152439', 'version': '88::apt', 'url': '', 'action': 'delete'}]", 'c8y_SoftwareUpdate': [{'name': 'rolldice', 'action': 'delete', 'id': '5152439', 'version': '88::apt', 'url': ''}]}
2022-05-09 07:24:06,686 INFO  State of operation 18523266 : EXECUTING
2022-05-09 07:24:08,800 INFO  State of operation 18523266 : FAILED
2022-05-09 07:24:08,932 INFO  Package rolldice is installed
2022-05-09 07:24:08,932 INFO  Assert that (True == value) with value=True ... passed
2022-05-09 07:24:09,122 INFO  Response status: 201
2022-05-09 07:24:09,123 INFO  Response to action: {
    "creationTime": "2022-05-09T07:24:09.076Z",
    "deviceName": "ubuntu-2gb-hel1-4-thin-edge-a",
    "deviceId": "18455538",
    "self": "https://t493319102.eu-latest.cumulocity.com/devicecontrol/operations/18523268",
    "id": "18523268",
    "status": "PENDING",
    "description": "Apply software changes, triggered from PySys: [{'name': 'rolldice', 'id': '5152439', 'version': '1.16-1build1', 'url': '', 'action': 'delete'}]",
    "c8y_SoftwareUpdate": [
        {
            "name": "rolldice",
            "action": "delete",
            "id": "5152439",
            "version": "1.16-1build1",
            "url": ""
        }
    ]
}
2022-05-09 07:24:09,123 INFO  Started operation: {'creationTime': '2022-05-09T07:24:09.076Z', 'deviceName': 'ubuntu-2gb-hel1-4-thin-edge-a', 'deviceId': '18455538', 'self': 'https://t493319102.eu-latest.cumulocity.com/devicecontrol/operations/18523268', 'id': '18523268', 'status': 'PENDING', 'description': "Apply software changes, triggered from PySys: [{'name': 'rolldice', 'id': '5152439', 'version': '1.16-1build1', 'url': '', 'action': 'delete'}]", 'c8y_SoftwareUpdate': [{'name': 'rolldice', 'action': 'delete', 'id': '5152439', 'version': '1.16-1build1', 'url': ''}]}
2022-05-09 07:24:11,229 INFO  State of operation 18523268 : EXECUTING
2022-05-09 07:24:13,345 INFO  State of operation 18523268 : EXECUTING
2022-05-09 07:24:15,453 INFO  State of operation 18523268 : EXECUTING
2022-05-09 07:24:17,571 INFO  State of operation 18523268 : SUCCESSFUL
2022-05-09 07:24:17,885 INFO  Assert that (False == value) with value=False ... passed
2022-05-09 07:24:17,885 INFO  
2022-05-09 07:24:17,885 INFO  cleanup:
2022-05-09 07:24:28,943 INFO  Executed sudo<tedge_disconnect_c8y>, exit status 0, duration 11 secs
2022-05-09 07:24:29,045 INFO  Executed systemctl<serv_mapper5>, exit status 3
2022-05-09 07:24:29,046 INFO  
2022-05-09 07:24:29,046 INFO  Test duration: 63.57 secs
2022-05-09 07:24:29,047 INFO  Test final outcome:  PASSED
2022-05-09 07:24:29,047 INFO  
