2022-04-14 10:27:21,050 INFO  ==============================================================
2022-04-14 10:27:21,051 INFO  Id:    SoftwareManagement.Plugin.apama_plugin_mon_support
2022-04-14 10:27:21,052 INFO  Dir:   plugin_apama/
2022-04-14 10:27:21,053 INFO  Title: Validate mon file support of apama plugin
2022-04-14 10:27:21,053 INFO  ==============================================================
2022-04-14 10:27:21,060 INFO  Assertion that path exists=False for "/etc/tedge/apama/project" ... passed
2022-04-14 10:27:21,575 INFO  Executed sudo<create_project_dir>, exit status 0
2022-04-14 10:27:22,186 INFO  Executed sudo<unzip_apama_project>, exit status 0
2022-04-14 10:27:22,698 INFO  Executed sudo<move_apama_project>, exit status 0
2022-04-14 10:27:23,561 INFO  Executed sudo<restart_apama_service>, exit status 0
2022-04-14 10:27:24,328 INFO  Executed sudo<apama_correlator_wait>, exit status 0
2022-04-14 10:27:25,040 INFO  Executed sudo<apama_list_monitors>, exit status 0
2022-04-14 10:27:25,046 INFO  Grep on file /home/pi/actions-runner/_work/thin-edge.io/thin-edge.io/tests/PySys/plugin_apama/apama_plugin_mon_support/Output/linux/apama_list_monitors.out ... passed
2022-04-14 10:27:25,758 INFO  Executed sudo<plugin_list_before_install>, exit status 0
2022-04-14 10:27:26,723 INFO  Executed sudo<plugin_install>, exit status 0
2022-04-14 10:27:27,436 INFO  Executed sudo<apama_correlator_wait>, exit status 0
2022-04-14 10:27:28,148 INFO  Executed sudo<plugin_list_after_install>, exit status 0
2022-04-14 10:27:29,467 INFO  Executed sudo<plugin_update>, exit status 0
2022-04-14 10:27:30,367 INFO  Executed sudo<apama_correlator_wait>, exit status 0
2022-04-14 10:27:31,130 INFO  Executed sudo<plugin_list_after_update>, exit status 0
2022-04-14 10:27:31,897 INFO  Executed sudo<plugin_remove>, exit status 0
2022-04-14 10:27:32,609 INFO  Executed sudo<plugin_list_after_remove>, exit status 0
2022-04-14 10:27:32,614 INFO  Grep on file plugin_list_before_install.out ... passed
2022-04-14 10:27:32,619 INFO  Grep on file plugin_list_after_install.out ... passed
2022-04-14 10:27:32,623 INFO  Grep on file plugin_list_after_update.out ... passed
2022-04-14 10:27:32,627 INFO  Grep on file plugin_list_after_remove.out ... passed
2022-04-14 10:27:32,636 INFO  
2022-04-14 10:27:32,637 INFO  cleanup:
2022-04-14 10:27:32,638 INFO  Removing apama project
2022-04-14 10:27:48,531 INFO  Executed sudo<stop_apama_service>, exit status 0, duration 15 secs
2022-04-14 10:27:49,144 INFO  Executed sudo<remove_apama_project>, exit status 0
2022-04-14 10:27:49,710 INFO  Executed sudo<remove_apama_tmp_dir>, exit status 0
2022-04-14 10:27:49,714 INFO  
2022-04-14 10:27:49,715 INFO  Test duration: 28.67 secs
2022-04-14 10:27:49,717 INFO  Test final outcome:  PASSED
2022-04-14 10:27:49,718 INFO  
