$SYS/broker/version mosquitto version 1.5.7
$SYS/broker/uptime 11 seconds
$SYS/broker/clients/total 7
$SYS/broker/clients/maximum 7
$SYS/broker/clients/inactive 4
$SYS/broker/clients/disconnected 4
$SYS/broker/clients/active 3
$SYS/broker/clients/connected 3
$SYS/broker/clients/expired 0
$SYS/broker/load/messages/received/1min 40.20
$SYS/broker/load/messages/received/5min 8.64
$SYS/broker/load/messages/received/15min 2.92
$SYS/broker/load/messages/sent/1min 40.20
$SYS/broker/load/messages/sent/5min 8.64
$SYS/broker/load/messages/sent/15min 2.92
$SYS/broker/load/publish/dropped/1min 0.00
$SYS/broker/load/publish/dropped/5min 0.00
$SYS/broker/load/publish/dropped/15min 0.00
$SYS/broker/load/publish/received/1min 9.14
$SYS/broker/load/publish/received/5min 1.96
$SYS/broker/load/publish/received/15min 0.66
$SYS/broker/load/publish/sent/1min 0.00
$SYS/broker/load/publish/sent/5min 0.00
$SYS/broker/load/publish/sent/15min 0.00
$SYS/broker/load/bytes/received/1min 3152.22
$SYS/broker/load/bytes/received/5min 677.50
$SYS/broker/load/bytes/received/15min 228.60
$SYS/broker/load/bytes/sent/1min 2681.67
$SYS/broker/load/bytes/sent/5min 576.37
$SYS/broker/load/bytes/sent/15min 194.48
$SYS/broker/load/sockets/1min 2.74
$SYS/broker/load/sockets/5min 0.59
$SYS/broker/load/sockets/15min 0.20
$SYS/broker/load/connections/1min 2.74
$SYS/broker/load/connections/5min 0.59
$SYS/broker/load/connections/15min 0.20
$SYS/broker/messages/stored 53
$SYS/broker/messages/received 44
$SYS/broker/messages/sent 44
$SYS/broker/store/messages/count 53
$SYS/broker/store/messages/bytes 195
$SYS/broker/subscriptions/count 36
$SYS/broker/retained messages/count 53
$SYS/broker/heap/current 52592
$SYS/broker/heap/maximum 54436
$SYS/broker/publish/messages/dropped 0
$SYS/broker/publish/messages/received 10
$SYS/broker/publish/messages/sent 0
$SYS/broker/publish/bytes/received 2615
$SYS/broker/publish/bytes/sent 2468
$SYS/broker/bytes/received 3450
$SYS/broker/bytes/sent 2935
$SYS/broker/uptime 22 seconds
$SYS/broker/clients/total 9
$SYS/broker/clients/maximum 9
$SYS/broker/clients/inactive 2
$SYS/broker/clients/disconnected 2
$SYS/broker/clients/active 7
$SYS/broker/clients/connected 7
$SYS/broker/load/messages/received/1min 1839.83
$SYS/broker/load/messages/sent/1min 1108.88
$SYS/broker/load/publish/received/1min 1292.25
$SYS/broker/load/publish/sent/1min 47.51
$SYS/broker/load/bytes/received/1min 190885.86
$SYS/broker/load/bytes/sent/1min 141697.74
$SYS/broker/load/sockets/1min 7.76
$SYS/broker/load/connections/1min 7.76
$SYS/broker/load/messages/received/5min 396.57
$SYS/broker/load/messages/sent/5min 239.47
$SYS/broker/load/publish/received/5min 278.00
$SYS/broker/load/publish/sent/5min 10.21
$SYS/broker/load/bytes/received/5min 41115.96
$SYS/broker/load/bytes/sent/5min 30530.72
$SYS/broker/load/sockets/5min 1.75
$SYS/broker/load/connections/5min 1.75
$SYS/broker/load/messages/received/15min 133.88
$SYS/broker/load/messages/sent/15min 80.87
$SYS/broker/load/publish/received/15min 93.82
$SYS/broker/load/publish/sent/15min 3.45
$SYS/broker/load/bytes/received/15min 13878.62
$SYS/broker/load/bytes/sent/15min 10306.18
$SYS/broker/load/sockets/15min 0.59
$SYS/broker/load/connections/15min 0.59
$SYS/broker/messages/stored 54
$SYS/broker/store/messages/count 54
$SYS/broker/store/messages/bytes 556
$SYS/broker/subscriptions/count 38
$SYS/broker/heap/current 56616
$SYS/broker/heap/maximum 57880
$SYS/broker/messages/received 2021
$SYS/broker/messages/sent 1221
$SYS/broker/publish/messages/received 1416
$SYS/broker/publish/messages/sent 52
$SYS/broker/bytes/received 209496
$SYS/broker/bytes/sent 155575
$SYS/broker/publish/bytes/received 150782
$SYS/broker/publish/bytes/sent 133541
$SYS/broker/uptime 33 seconds
$SYS/broker/load/messages/received/1min 4823.66
$SYS/broker/load/messages/sent/1min 2918.62
$SYS/broker/load/publish/received/1min 3391.98
$SYS/broker/load/publish/sent/1min 80.67
$SYS/broker/load/bytes/received/1min 510471.17
$SYS/broker/load/bytes/sent/1min 381750.03
$SYS/broker/load/sockets/1min 6.46
$SYS/broker/load/connections/1min 6.46
$SYS/broker/load/messages/received/5min 1089.84
$SYS/broker/load/messages/sent/5min 659.73
$SYS/broker/load/publish/received/5min 765.81
$SYS/broker/load/publish/sent/5min 18.68
$SYS/broker/load/bytes/received/5min 115196.14
$SYS/broker/load/bytes/sent/5min 86127.16
$SYS/broker/load/sockets/5min 1.68
$SYS/broker/load/connections/5min 1.68
$SYS/broker/load/messages/received/15min 370.99
$SYS/broker/load/messages/sent/15min 224.60
$SYS/broker/load/publish/received/15min 260.65
$SYS/broker/load/publish/sent/15min 6.39
$SYS/broker/load/bytes/received/15min 39205.30
$SYS/broker/load/bytes/sent/15min 29310.97
$SYS/broker/messages/stored 56
$SYS/broker/store/messages/count 56
$SYS/broker/store/messages/bytes 1041
$SYS/broker/heap/current 57536
$SYS/broker/heap/maximum 62600
$SYS/broker/messages/received 5624
$SYS/broker/messages/sent 3405
$SYS/broker/publish/messages/received 3951
$SYS/broker/publish/messages/sent 97
$SYS/broker/bytes/received 594267
$SYS/broker/bytes/sent 444282
$SYS/broker/publish/bytes/received 432548
$SYS/broker/publish/bytes/sent 382694
$SYS/broker/uptime 44 seconds
$SYS/broker/load/messages/received/1min 7300.36
$SYS/broker/load/messages/sent/1min 4407.86
$SYS/broker/load/publish/received/1min 5134.51
$SYS/broker/load/publish/sent/1min 100.05
$SYS/broker/load/bytes/received/1min 775080.22
$SYS/broker/load/bytes/sent/1min 580482.10
$SYS/broker/load/sockets/1min 5.38
$SYS/broker/load/connections/1min 5.38
$SYS/broker/load/messages/received/5min 1756.58
$SYS/broker/load/messages/sent/5min 1061.14
$SYS/broker/load/publish/received/5min 1234.88
$SYS/broker/load/publish/sent/5min 25.08
$SYS/broker/load/bytes/received/5min 186299.16
$SYS/broker/load/bytes/sent/5min 139483.58
$SYS/broker/load/sockets/5min 1.62
$SYS/broker/load/connections/5min 1.62
$SYS/broker/load/messages/received/15min 604.69
$SYS/broker/load/messages/sent/15min 365.33
$SYS/broker/load/publish/received/15min 425.06
$SYS/broker/load/publish/sent/15min 8.69
$SYS/broker/load/bytes/received/15min 64119.70
$SYS/broker/load/bytes/sent/15min 48004.46
$SYS/broker/messages/stored 54
$SYS/broker/store/messages/count 54
$SYS/broker/store/messages/bytes 580
$SYS/broker/heap/current 56708
$SYS/broker/messages/received 9219
$SYS/broker/messages/sent 5570
$SYS/broker/publish/messages/received 6480
$SYS/broker/publish/messages/sent 133
$SYS/broker/bytes/received 977459
$SYS/broker/bytes/sent 731775
$SYS/broker/publish/bytes/received 712944
$SYS/broker/publish/bytes/sent 631068
$SYS/broker/uptime 55 seconds
$SYS/broker/load/messages/received/1min 9367.67
$SYS/broker/load/messages/sent/1min 5654.03
$SYS/broker/load/publish/received/1min 6589.72
$SYS/broker/load/publish/sent/1min 115.27
$SYS/broker/load/bytes/received/1min 996471.25
$SYS/broker/load/bytes/sent/1min 746560.60
$SYS/broker/load/sockets/1min 4.48
$SYS/broker/load/connections/1min 4.48
$SYS/broker/load/messages/received/5min 2400.50
$SYS/broker/load/messages/sent/5min 1449.47
$SYS/broker/load/publish/received/5min 1688.04
$SYS/broker/load/publish/sent/5min 31.05
$SYS/broker/load/bytes/received/5min 255080.10
$SYS/broker/load/bytes/sent/5min 191055.72
$SYS/broker/load/sockets/5min 1.56
$SYS/broker/load/connections/5min 1.56
$SYS/broker/load/messages/received/15min 835.95
$SYS/broker/load/messages/sent/15min 504.81
$SYS/broker/load/publish/received/15min 587.80
$SYS/broker/load/publish/sent/15min 10.91
$SYS/broker/load/bytes/received/15min 88811.67
$SYS/broker/load/bytes/sent/15min 66516.97
$SYS/broker/messages/stored 56
$SYS/broker/store/messages/count 56
$SYS/broker/store/messages/bytes 1047
$SYS/broker/heap/current 57532
$SYS/broker/messages/received 12820
$SYS/broker/messages/sent 7742
$SYS/broker/publish/messages/received 9014
$SYS/broker/publish/messages/sent 168
$SYS/broker/bytes/received 1361862
$SYS/broker/bytes/sent 1019964
$SYS/broker/publish/bytes/received 994388
$SYS/broker/publish/bytes/sent 880058
$SYS/broker/uptime 66 seconds
$SYS/broker/load/messages/received/1min 11092.34
$SYS/broker/load/messages/sent/1min 6694.20
$SYS/broker/load/publish/received/1min 7802.08
$SYS/broker/load/publish/sent/1min 127.94
$SYS/broker/load/bytes/received/1min 1181166.44
$SYS/broker/load/bytes/sent/1min 885302.74
$SYS/broker/load/sockets/1min 3.73
$SYS/broker/load/connections/1min 3.73
$SYS/broker/load/messages/received/5min 3022.01
$SYS/broker/load/messages/sent/5min 1824.41
$SYS/broker/load/publish/received/5min 2125.08
$SYS/broker/load/publish/sent/5min 36.80
$SYS/broker/load/bytes/received/5min 321468.41
$SYS/broker/load/bytes/sent/5min 240875.01
$SYS/broker/load/sockets/5min 1.51
$SYS/broker/load/connections/5min 1.51
$SYS/broker/load/messages/received/15min 1064.67
$SYS/broker/load/messages/sent/15min 642.79
$SYS/broker/load/publish/received/15min 748.63
$SYS/broker/load/publish/sent/15min 13.09
$SYS/broker/load/bytes/received/15min 113231.93
$SYS/broker/load/bytes/sent/15min 84839.65
$SYS/broker/store/messages/bytes 1054
$SYS/broker/heap/current 57432
$SYS/broker/messages/received 16425
$SYS/broker/messages/sent 9917
$SYS/broker/publish/messages/received 11549
$SYS/broker/publish/messages/sent 203
$SYS/broker/bytes/received 1746691
$SYS/broker/bytes/sent 1308682
$SYS/broker/publish/bytes/received 1276204
$SYS/broker/publish/bytes/sent 1129510
$SYS/broker/uptime 77 seconds
$SYS/broker/load/messages/received/1min 12531.77
$SYS/broker/load/messages/sent/1min 7561.96
$SYS/broker/load/publish/received/1min 8810.44
$SYS/broker/load/publish/sent/1min 136.66
$SYS/broker/load/bytes/received/1min 1334805.58
$SYS/broker/load/bytes/sent/1min 1000764.98
$SYS/broker/load/sockets/1min 3.10
$SYS/broker/load/connections/1min 3.10
$SYS/broker/load/messages/received/5min 3621.94
$SYS/broker/load/messages/sent/5min 2186.24
$SYS/broker/load/publish/received/5min 2546.20
$SYS/broker/load/publish/sent/5min 41.96
$SYS/broker/load/bytes/received/5min 385441.23
$SYS/broker/load/bytes/sent/5min 288892.23
$SYS/broker/load/sockets/5min 1.45
$SYS/broker/load/connections/5min 1.45
$SYS/broker/load/messages/received/15min 1290.87
$SYS/broker/load/messages/sent/15min 779.23
$SYS/broker/load/publish/received/15min 907.44
$SYS/broker/load/publish/sent/15min 15.12
$SYS/broker/load/bytes/received/15min 137346.98
$SYS/broker/load/bytes/sent/15min 102936.90
$SYS/broker/messages/stored 55
$SYS/broker/store/messages/count 55
$SYS/broker/store/messages/bytes 909
$SYS/broker/heap/current 57192
$SYS/broker/messages/received 20034
$SYS/broker/messages/sent 12094
$SYS/broker/publish/messages/received 14083
$SYS/broker/publish/messages/sent 236
$SYS/broker/bytes/received 2131391
$SYS/broker/bytes/sent 1597357
$SYS/broker/publish/bytes/received 1557906
$SYS/broker/publish/bytes/sent 1378980
$SYS/broker/uptime 88 seconds
$SYS/broker/load/messages/received/1min 13731.90
$SYS/broker/load/messages/sent/1min 8287.10
$SYS/broker/load/publish/received/1min 9653.55
$SYS/broker/load/publish/sent/1min 145.75
$SYS/broker/load/bytes/received/1min 1463539.26
$SYS/broker/load/bytes/sent/1min 1097434.42
$SYS/broker/load/sockets/1min 2.58
$SYS/broker/load/connections/1min 2.58
$SYS/broker/load/messages/received/5min 4200.66
$SYS/broker/load/messages/sent/5min 2535.63
$SYS/broker/load/publish/received/5min 2952.93
$SYS/broker/load/publish/sent/5min 47.32
$SYS/broker/load/bytes/received/5min 447289.37
$SYS/broker/load/bytes/sent/5min 335298.53
$SYS/broker/load/sockets/5min 1.40
$SYS/broker/load/connections/5min 1.40
$SYS/broker/load/messages/received/15min 1514.46
$SYS/broker/load/messages/sent/15min 914.22
$SYS/broker/load/publish/received/15min 1064.59
$SYS/broker/load/publish/sent/15min 17.26
$SYS/broker/load/bytes/received/15min 161229.31
$SYS/broker/load/bytes/sent/15min 120854.07
$SYS/broker/store/messages/bytes 746
$SYS/broker/heap/current 56952
$SYS/broker/messages/received 23645
$SYS/broker/messages/sent 14274
$SYS/broker/publish/messages/received 16621
$SYS/broker/publish/messages/sent 271
$SYS/broker/bytes/received 2517000
$SYS/broker/bytes/sent 1886632
$SYS/broker/publish/bytes/received 1840398
$SYS/broker/publish/bytes/sent 1628914
$SYS/broker/uptime 99 seconds
$SYS/broker/load/messages/received/1min 14727.35
$SYS/broker/load/messages/sent/1min 8873.41
$SYS/broker/load/publish/received/1min 10359.99
$SYS/broker/load/publish/sent/1min 151.48
$SYS/broker/load/bytes/received/1min 1569356.59
$SYS/broker/load/bytes/sent/1min 1175875.13
$SYS/broker/load/sockets/1min 2.15
$SYS/broker/load/connections/1min 2.15
$SYS/broker/load/messages/received/5min 4757.76
$SYS/broker/load/messages/sent/5min 2868.71
$SYS/broker/load/publish/received/5min 3346.01
$SYS/broker/load/publish/sent/5min 52.10
$SYS/broker/load/bytes/received/5min 506620.18
$SYS/broker/load/bytes/sent/5min 379596.56
$SYS/broker/load/sockets/5min 1.35
$SYS/broker/load/connections/5min 1.35
$SYS/broker/load/messages/received/15min 1735.06
$SYS/broker/load/messages/sent/15min 1046.30
$SYS/broker/load/publish/received/15min 1220.16
$SYS/broker/load/publish/sent/15min 19.23
$SYS/broker/load/bytes/received/15min 184723.46
$SYS/broker/load/bytes/sent/15min 138405.95
$SYS/broker/store/messages/bytes 748
$SYS/broker/messages/received 27252
$SYS/broker/messages/sent 16435
$SYS/broker/publish/messages/received 19164
$SYS/broker/publish/messages/sent 304
$SYS/broker/bytes/received 2901129
$SYS/broker/bytes/sent 2173679
$SYS/broker/publish/bytes/received 2121072
$SYS/broker/publish/bytes/sent 1876975
$SYS/broker/uptime 110 seconds
$SYS/broker/load/messages/received/1min 15560.62
$SYS/broker/load/messages/sent/1min 9377.95
$SYS/broker/load/publish/received/1min 10943.54
$SYS/broker/load/publish/sent/1min 155.35
$SYS/broker/load/bytes/received/1min 1658855.60
$SYS/broker/load/bytes/sent/1min 1243600.30
$SYS/broker/load/sockets/1min 1.79
$SYS/broker/load/connections/1min 1.79
$SYS/broker/load/messages/received/5min 5295.79
$SYS/broker/load/messages/sent/5min 3193.34
$SYS/broker/load/publish/received/5min 3723.95
$SYS/broker/load/publish/sent/5min 56.51
$SYS/broker/load/bytes/received/5min 564117.35
$SYS/broker/load/bytes/sent/5min 422820.73
$SYS/broker/load/sockets/5min 1.30
$SYS/broker/load/connections/5min 1.30
$SYS/broker/load/messages/received/15min 1953.32
$SYS/broker/load/messages/sent/15min 1177.97
$SYS/broker/load/publish/received/15min 1373.50
$SYS/broker/load/publish/sent/15min 21.12
$SYS/broker/load/bytes/received/15min 208034.26
$SYS/broker/load/bytes/sent/15min 155920.41
$SYS/broker/messages/stored 54
$SYS/broker/store/messages/count 54
$SYS/broker/store/messages/bytes 598
$SYS/broker/heap/current 56708
$SYS/broker/messages/received 30864
$SYS/broker/messages/sent 18614
$SYS/broker/publish/messages/received 21702
$SYS/broker/publish/messages/sent 336
$SYS/broker/bytes/received 3286798
$SYS/broker/bytes/sent 2463379
$SYS/broker/publish/bytes/received 2403603
$SYS/broker/publish/bytes/sent 2127366
$SYS/broker/uptime 121 seconds
$SYS/broker/load/messages/received/1min 16247.91
$SYS/broker/load/messages/sent/1min 9794.33
$SYS/broker/load/publish/received/1min 11426.59
$SYS/broker/load/publish/sent/1min 161.30
$SYS/broker/load/bytes/received/1min 1732616.20
$SYS/broker/load/bytes/sent/1min 1299111.03
$SYS/broker/load/sockets/1min 1.49
$SYS/broker/load/connections/1min 1.49
$SYS/broker/load/messages/received/5min 5813.07
$SYS/broker/load/messages/sent/5min 3505.49
$SYS/broker/load/publish/received/5min 4087.70
$SYS/broker/load/publish/sent/5min 61.35
$SYS/broker/load/bytes/received/5min 619384.04
$SYS/broker/load/bytes/sent/5min 464301.77
$SYS/broker/load/sockets/5min 1.26
$SYS/broker/load/connections/5min 1.26
$SYS/broker/load/messages/received/15min 2168.46
$SYS/broker/load/messages/sent/15min 1307.78
$SYS/broker/load/publish/received/15min 1524.79
$SYS/broker/load/publish/sent/15min 23.18
$SYS/broker/load/bytes/received/15min 231007.73
$SYS/broker/load/bytes/sent/15min 173159.02
$SYS/broker/heap/current 56616
$SYS/broker/messages/received 34469
$SYS/broker/messages/sent 20789
$SYS/broker/publish/messages/received 24237
$SYS/broker/publish/messages/sent 371
$SYS/broker/bytes/received 3671650
$SYS/broker/bytes/sent 2752127
$SYS/broker/publish/bytes/received 2685442
$SYS/broker/publish/bytes/sent 2376848
$SYS/broker/uptime 132 seconds
$SYS/broker/load/messages/received/1min 16832.87
$SYS/broker/load/messages/sent/1min 10151.92
$SYS/broker/load/publish/received/1min 11834.21
$SYS/broker/load/publish/sent/1min 163.52
$SYS/broker/load/bytes/received/1min 1795529.71
$SYS/broker/load/bytes/sent/1min 1346693.73
$SYS/broker/load/sockets/1min 1.24
$SYS/broker/load/connections/1min 1.24
$SYS/broker/load/messages/received/5min 6314.47
$SYS/broker/load/messages/sent/5min 3808.76
$SYS/broker/load/publish/received/5min 4439.52
$SYS/broker/load/publish/sent/5min 65.42
$SYS/broker/load/bytes/received/5min 672985.19
$SYS/broker/load/bytes/sent/5min 504583.96
$SYS/broker/load/sockets/5min 1.21
$SYS/broker/load/connections/5min 1.21
$SYS/broker/load/messages/received/15min 2381.92
$SYS/broker/load/messages/sent/15min 1436.81
$SYS/broker/load/publish/received/15min 1674.64
$SYS/broker/load/publish/sent/15min 25.02
$SYS/broker/load/bytes/received/15min 253811.53
$SYS/broker/load/bytes/sent/15min 190287.61
$SYS/broker/messages/stored 55
$SYS/broker/store/messages/count 55
$SYS/broker/store/messages/bytes 914
$SYS/broker/heap/current 57208
$SYS/broker/messages/received 38088
$SYS/broker/messages/sent 22976
$SYS/broker/publish/messages/received 26778
$SYS/broker/publish/messages/sent 403
$SYS/broker/bytes/received 4058153
$SYS/broker/bytes/sent 3042375
$SYS/broker/publish/bytes/received 2968705
$SYS/broker/publish/bytes/sent 2627714
$SYS/broker/uptime 143 seconds
$SYS/broker/clients/total 8
$SYS/broker/clients/inactive 3
$SYS/broker/clients/disconnected 3
$SYS/broker/clients/active 5
$SYS/broker/clients/connected 5
$SYS/broker/load/messages/received/1min 16494.78
$SYS/broker/load/messages/sent/1min 9861.20
$SYS/broker/load/publish/received/1min 11640.87
$SYS/broker/load/publish/sent/1min 168.11
$SYS/broker/load/bytes/received/1min 1752634.41
$SYS/broker/load/bytes/sent/1min 1307252.71
$SYS/broker/load/sockets/1min 1.03
$SYS/broker/load/connections/1min 1.03
$SYS/broker/load/messages/received/5min 6620.50
$SYS/broker/load/messages/sent/5min 3974.65
$SYS/broker/load/publish/received/5min 4664.20
$SYS/broker/load/publish/sent/5min 69.94
$SYS/broker/load/bytes/received/5min 704180.27
$SYS/broker/load/bytes/sent/5min 526425.08
$SYS/broker/load/sockets/5min 1.17
$SYS/broker/load/connections/5min 1.17
$SYS/broker/load/messages/received/15min 2532.95
$SYS/broker/load/messages/sent/15min 1521.59
$SYS/broker/load/publish/received/15min 1784.03
$SYS/broker/load/publish/sent/15min 27.04
$SYS/broker/load/bytes/received/15min 269429.29
$SYS/broker/load/bytes/sent/15min 201475.16
$SYS/broker/messages/stored 53
$SYS/broker/store/messages/count 53
$SYS/broker/store/messages/bytes 283
$SYS/broker/subscriptions/count 37
$SYS/broker/heap/current 55936
$SYS/broker/messages/received 40804
$SYS/broker/messages/sent 24519
$SYS/broker/publish/messages/received 28736
$SYS/broker/publish/messages/sent 438
$SYS/broker/bytes/received 4340386
$SYS/broker/bytes/sent 3246102
$SYS/broker/publish/bytes/received 3170921
$SYS/broker/publish/bytes/sent 2803418
$SYS/broker/version mosquitto version 1.5.7
$SYS/broker/uptime 0 seconds
$SYS/broker/clients/total 6
$SYS/broker/clients/maximum 6
$SYS/broker/clients/inactive 6
$SYS/broker/clients/disconnected 6
$SYS/broker/clients/active 0
$SYS/broker/clients/connected 0
$SYS/broker/clients/expired 0
$SYS/broker/load/messages/received/1min 0.00
$SYS/broker/load/messages/received/5min 0.00
$SYS/broker/load/messages/received/15min 0.00
$SYS/broker/load/messages/sent/1min 0.00
$SYS/broker/load/messages/sent/5min 0.00
$SYS/broker/load/messages/sent/15min 0.00
$SYS/broker/load/publish/dropped/1min 0.00
$SYS/broker/load/publish/dropped/5min 0.00
$SYS/broker/load/publish/dropped/15min 0.00
$SYS/broker/load/publish/received/1min 0.00
$SYS/broker/load/publish/received/5min 0.00
$SYS/broker/load/publish/received/15min 0.00
$SYS/broker/load/publish/sent/1min 0.00
$SYS/broker/load/publish/sent/5min 0.00
$SYS/broker/load/publish/sent/15min 0.00
$SYS/broker/load/bytes/received/1min 0.00
$SYS/broker/load/bytes/received/5min 0.00
$SYS/broker/load/bytes/received/15min 0.00
$SYS/broker/load/bytes/sent/1min 0.00
$SYS/broker/load/bytes/sent/5min 0.00
$SYS/broker/load/bytes/sent/15min 0.00
$SYS/broker/load/sockets/1min 0.00
$SYS/broker/load/sockets/5min 0.00
$SYS/broker/load/sockets/15min 0.00
$SYS/broker/load/connections/1min 0.00
$SYS/broker/load/connections/5min 0.00
$SYS/broker/load/connections/15min 0.00
$SYS/broker/messages/stored 37
$SYS/broker/messages/received 0
$SYS/broker/messages/sent 0
$SYS/broker/store/messages/count 37
$SYS/broker/store/messages/bytes 152
$SYS/broker/subscriptions/count 35
$SYS/broker/retained messages/count 41
$SYS/broker/heap/current 45048
$SYS/broker/heap/maximum 45788
$SYS/broker/publish/messages/dropped 0
$SYS/broker/publish/messages/received 0
$SYS/broker/publish/messages/sent 0
$SYS/broker/publish/bytes/received 0
$SYS/broker/publish/bytes/sent 0
$SYS/broker/bytes/received 0
$SYS/broker/bytes/sent 0
