2022-04-15 10:29:21,149 INFO  ==============================================================
2022-04-15 10:29:21,150 INFO  Id:    publish_sawmill_record_statistics_long
2022-04-15 10:29:21,151 INFO  Title: Publish sawmill and record process statistics long version
2022-04-15 10:29:21,152 INFO  ==============================================================
2022-04-15 10:29:21,161 INFO  EnvironmentC8y Setup
2022-04-15 10:29:21,694 INFO  Executed systemctl<serv_mapper1>, exit status 3
2022-04-15 10:29:21,801 INFO  Restarting mosquitto too frequently in the last 10 seconds. It was only up for 4 seconds
2022-04-15 10:29:21,802 INFO  Delaying execution by 7 seconds
2022-04-15 10:29:43,252 INFO  Executed sudo<tedge_connect_c8y>, exit status 0, duration 14 secs
2022-04-15 10:29:43,818 INFO  Executed sudo<tedge_connect_c8y_test>, exit status 0
2022-04-15 10:29:44,282 INFO  Executed systemctl<serv_mosq2>, exit status 0
2022-04-15 10:29:44,747 INFO  Executed systemctl<serv_mapper3>, exit status 0
2022-04-15 10:29:44,748 INFO  Setup
2022-04-15 10:29:44,749 INFO  Execute
2022-04-15 10:29:45,578 INFO  Executed sudo<collectd_out>, exit status 0
2022-04-15 10:29:45,598 INFO  Started mosquitto_sub_stdout with process id 13756
2022-04-15 10:31:49,724 INFO  Executed sawtooth_publisher<stdout_sawmill>, exit status 0, duration 124 secs
2022-04-15 10:31:50,249 INFO  Executed systemctl<serv_mosq>, exit status 0
2022-04-15 10:31:50,714 INFO  Executed systemctl<serv_mapper4>, exit status 0
2022-04-15 10:31:50,761 INFO  Grep on input file mosquitto_sub_stdout.out ... passed
2022-04-15 10:31:50,770 INFO  
2022-04-15 10:31:50,771 INFO  cleanup:
2022-04-15 10:31:50,772 INFO  My Cleanup
2022-04-15 10:31:52,325 INFO  Executed sudo<collectd_out>, exit status 0
2022-04-15 10:31:52,329 INFO  Exporting data from /var/lib/collectd/rrd/mythicb/exec/gauge-mosquitto-shared.rrd
2022-04-15 10:31:52,417 INFO  Exporting data from /var/lib/collectd/rrd/mythicb/exec/gauge-mosquitto-stime.rrd
2022-04-15 10:31:52,530 INFO  Exporting data from /var/lib/collectd/rrd/mythicb/exec/gauge-mosquitto-data.rrd
2022-04-15 10:31:52,639 INFO  Exporting data from /var/lib/collectd/rrd/mythicb/exec/gauge-mosquitto-text.rrd
2022-04-15 10:31:52,774 INFO  Exporting data from /var/lib/collectd/rrd/mythicb/exec/gauge-mosquitto-size.rrd
2022-04-15 10:31:52,883 INFO  Exporting data from /var/lib/collectd/rrd/mythicb/exec/gauge-mapper-c8y-text.rrd
2022-04-15 10:31:52,994 INFO  Exporting data from /var/lib/collectd/rrd/mythicb/exec/gauge-mosquitto-resident.rrd
2022-04-15 10:31:53,102 INFO  Exporting data from /var/lib/collectd/rrd/mythicb/exec/gauge-mapper-c8y-size.rrd
2022-04-15 10:31:53,212 INFO  Exporting data from /var/lib/collectd/rrd/mythicb/exec/gauge-mapper-c8y-resident.rrd
2022-04-15 10:31:53,319 INFO  Exporting data from /var/lib/collectd/rrd/mythicb/exec/gauge-mosquitto-utime.rrd
2022-04-15 10:31:53,428 INFO  Exporting data from /var/lib/collectd/rrd/mythicb/exec/gauge-mapper-c8y-stime.rrd
2022-04-15 10:31:53,534 INFO  Exporting data from /var/lib/collectd/rrd/mythicb/exec/gauge-mapper-c8y-data.rrd
2022-04-15 10:31:53,643 INFO  Exporting data from /var/lib/collectd/rrd/mythicb/exec/gauge-mapper-c8y-utime.rrd
2022-04-15 10:31:53,749 INFO  Exporting data from /var/lib/collectd/rrd/mythicb/exec/gauge-mapper-c8y-shared.rrd
2022-04-15 10:31:58,063 INFO  Executed sudo<tedge_disconnect_c8y>, exit status 0
2022-04-15 10:31:58,626 INFO  Executed systemctl<serv_mapper5>, exit status 3
2022-04-15 10:31:58,681 INFO  
2022-04-15 10:31:58,682 INFO  Test duration: 157.54 secs
2022-04-15 10:31:58,683 INFO  Test final outcome:  PASSED
2022-04-15 10:31:58,684 INFO  
