2022-04-21 08:33:06,190 INFO  ==============================================================
2022-04-21 08:33:06,191 INFO  Id:    call_tedge_config_list
2022-04-21 08:33:06,192 INFO  Dir:   tedge/
2022-04-21 08:33:06,193 INFO  Title: Validate command line options config: get set unset
2022-04-21 08:33:06,194 INFO  ==============================================================
2022-04-21 08:33:06,716 INFO  Executed sudo<tedge>, exit status 0
2022-04-21 08:33:07,231 INFO  Executed sudo<tedge_get_config_key>, exit status 0
2022-04-21 08:33:07,746 INFO  Executed sudo<tedge_get_config_key>, exit status 0
2022-04-21 08:33:08,259 INFO  Executed sudo<tedge_get_config_key>, exit status 0
2022-04-21 08:33:08,775 INFO  Executed sudo<tedge_get_config_key>, exit status 0
2022-04-21 08:33:09,289 INFO  Executed sudo<tedge_get_config_key>, exit status 0
2022-04-21 08:33:09,803 INFO  Executed sudo<tedge_get_config_key>, exit status 0
2022-04-21 08:33:09,806 INFO  /etc/tedge/device-certs/tedge-private-key.pem
2022-04-21 08:33:09,806 INFO  /etc/tedge/device-certs/tedge-certificate.pem
2022-04-21 08:33:09,807 INFO  thin-edge-io.eu-latest.cumulocity.com
2022-04-21 08:33:09,808 INFO  /etc/ssl/certs
2022-04-21 08:33:09,808 INFO  thinedge-gh-ci.azure-devices.net
2022-04-21 08:33:09,809 INFO  /etc/ssl/certs/Baltimore_CyberTrust_Root.pem
2022-04-21 08:33:10,375 INFO  Executed sudo<tedge_unset_config_key>, exit status 0
2022-04-21 08:33:10,941 INFO  Executed sudo<tedge_unset_config_key>, exit status 0
2022-04-21 08:33:11,761 INFO  Executed sudo<tedge_unset_config_key>, exit status 0
2022-04-21 08:33:12,281 INFO  Executed sudo<tedge_unset_config_key>, exit status 0
2022-04-21 08:33:12,795 INFO  Executed sudo<tedge_unset_config_key>, exit status 0
2022-04-21 08:33:13,309 INFO  Executed sudo<tedge_unset_config_key>, exit status 0
2022-04-21 08:33:13,823 INFO  Executed sudo<tedge_get_config_key>, exit status 0
2022-04-21 08:33:13,827 INFO  Assert that (expect == valueread) with expect="/etc/tedge/device-certs/tedge-private-key.pem", valueread="/etc/tedge/device-certs/tedge-private-key.pem" ... passed
2022-04-21 08:33:14,339 INFO  Executed sudo<tedge_get_config_key>, exit status 0
2022-04-21 08:33:14,343 INFO  Assert that (expect == valueread) with expect="/etc/tedge/device-certs/tedge-certificate.pem", valueread="/etc/tedge/device-certs/tedge-certificate.pem" ... passed
2022-04-21 08:33:14,856 INFO  Executed sudo<tedge_get_config_key>, exit status 0
2022-04-21 08:33:14,860 INFO  Assert that (expect == valueread) with expect=None, valueread=None ... passed
2022-04-21 08:33:15,372 INFO  Executed sudo<tedge_get_config_key>, exit status 0
2022-04-21 08:33:15,376 INFO  Assert that (expect == valueread) with expect="/etc/ssl/certs", valueread="/etc/ssl/certs" ... passed
2022-04-21 08:33:15,889 INFO  Executed sudo<tedge_get_config_key>, exit status 0
2022-04-21 08:33:15,893 INFO  Assert that (expect == valueread) with expect=None, valueread=None ... passed
2022-04-21 08:33:16,405 INFO  Executed sudo<tedge_get_config_key>, exit status 0
2022-04-21 08:33:16,409 INFO  Assert that (expect == valueread) with expect="/etc/ssl/certs", valueread="/etc/ssl/certs" ... passed
2022-04-21 08:33:16,921 INFO  Executed sudo<tedge_set_config_key>, exit status 0
2022-04-21 08:33:17,433 INFO  Executed sudo<tedge_get_config_key>, exit status 0
2022-04-21 08:33:17,437 INFO  Assert that (value == vread) with value="failfailfail", vread="failfailfail" ... passed
2022-04-21 08:33:17,949 INFO  Executed sudo<tedge_set_config_key>, exit status 0
2022-04-21 08:33:18,467 INFO  Executed sudo<tedge_get_config_key>, exit status 0
2022-04-21 08:33:18,471 INFO  Assert that (value == vread) with value="failfailfail", vread="failfailfail" ... passed
2022-04-21 08:33:18,985 INFO  Executed sudo<tedge_set_config_key>, exit status 0
2022-04-21 08:33:19,497 INFO  Executed sudo<tedge_get_config_key>, exit status 0
2022-04-21 08:33:19,501 INFO  Assert that (value == vread) with value="failfailfail", vread="failfailfail" ... passed
2022-04-21 08:33:20,014 INFO  Executed sudo<tedge_set_config_key>, exit status 0
2022-04-21 08:33:20,535 INFO  Executed sudo<tedge_get_config_key>, exit status 0
2022-04-21 08:33:20,540 INFO  Assert that (value == vread) with value="failfailfail", vread="failfailfail" ... passed
2022-04-21 08:33:21,126 INFO  Executed sudo<tedge_set_config_key>, exit status 0
2022-04-21 08:33:21,690 INFO  Executed sudo<tedge_get_config_key>, exit status 0
2022-04-21 08:33:21,694 INFO  Assert that (value == vread) with value="failfailfail", vread="failfailfail" ... passed
2022-04-21 08:33:22,370 INFO  Executed sudo<tedge_set_config_key>, exit status 0
2022-04-21 08:33:23,135 INFO  Executed sudo<tedge_get_config_key>, exit status 0
2022-04-21 08:33:23,139 INFO  Assert that (value == vread) with value="failfailfail", vread="failfailfail" ... passed
2022-04-21 08:33:23,664 INFO  Executed sudo<tedge_set_config_key>, exit status 0
2022-04-21 08:33:24,182 INFO  Executed sudo<tedge_set_config_key>, exit status 0
2022-04-21 08:33:24,694 INFO  Executed sudo<tedge_set_config_key>, exit status 0
2022-04-21 08:33:25,224 INFO  Executed sudo<tedge_set_config_key>, exit status 0
2022-04-21 08:33:25,736 INFO  Executed sudo<tedge_set_config_key>, exit status 0
2022-04-21 08:33:26,264 INFO  Executed sudo<tedge_set_config_key>, exit status 0
2022-04-21 08:33:26,265 INFO  /etc/tedge/device-certs/tedge-private-key.pem
2022-04-21 08:33:26,266 INFO  /etc/tedge/device-certs/tedge-certificate.pem
2022-04-21 08:33:26,266 INFO  thin-edge-io.eu-latest.cumulocity.com
2022-04-21 08:33:26,267 INFO  /etc/ssl/certs
2022-04-21 08:33:26,268 INFO  thinedge-gh-ci.azure-devices.net
2022-04-21 08:33:26,268 INFO  /etc/ssl/certs/Baltimore_CyberTrust_Root.pem
2022-04-21 08:33:26,798 INFO  Executed sudo<tedge_get_config_key>, exit status 0
2022-04-21 08:33:26,802 INFO  Assert that (valueold == valuenew) with valueold="/etc/tedge/device-certs/tedge-private-key.pem", valuenew="/etc/tedge/device-certs/tedge-private-key.pem" ... passed
2022-04-21 08:33:27,314 INFO  Executed sudo<tedge_get_config_key>, exit status 0
2022-04-21 08:33:27,318 INFO  Assert that (valueold == valuenew) with valueold="/etc/tedge/device-certs/tedge-certificate.pem", valuenew="/etc/tedge/device-certs/tedge-certificate.pem" ... passed
2022-04-21 08:33:27,894 INFO  Executed sudo<tedge_get_config_key>, exit status 0
2022-04-21 08:33:27,898 INFO  Assert that (valueold == valuenew) with valueold="thin-edge-io.eu-latest.cumulocity.com", valuenew="thin-edge-io.eu-latest.cumulocity.com" ... passed
2022-04-21 08:33:28,410 INFO  Executed sudo<tedge_get_config_key>, exit status 0
2022-04-21 08:33:28,414 INFO  Assert that (valueold == valuenew) with valueold="/etc/ssl/certs", valuenew="/etc/ssl/certs" ... passed
2022-04-21 08:33:28,927 INFO  Executed sudo<tedge_get_config_key>, exit status 0
2022-04-21 08:33:28,931 INFO  Assert that (valueold == valuenew) with valueold="thinedge-gh-ci.azure-devices.net", valuenew="thinedge-gh-ci.azure-devices.net" ... passed
2022-04-21 08:33:29,455 INFO  Executed sudo<tedge_get_config_key>, exit status 0
2022-04-21 08:33:29,459 INFO  Assert that (valueold == valuenew) with valueold="/etc/ssl/certs/Baltimore_CyberTrust_Root.pem", valuenew="/etc/ssl/certs/Baltimore_CyberTrust_Root.pem" ... passed
2022-04-21 08:33:29,972 INFO  Executed sudo<tedge_unset_device_id>, exit status 1
2022-04-21 08:33:30,485 INFO  Executed sudo<tedge_set_device_id>, exit status 1
2022-04-21 08:33:30,495 INFO  
2022-04-21 08:33:30,496 INFO  Test duration: 24.31 secs
2022-04-21 08:33:30,498 INFO  Test final outcome:  PASSED
2022-04-21 08:33:30,499 INFO  
