2022-05-16 07:36:52,660 INFO  ==============================================================
2022-05-16 07:36:52,661 INFO  Id:    tedge_mapper_az_without_timestamp
2022-05-16 07:36:52,662 INFO  Dir:   tedge_mapper_az/
2022-05-16 07:36:52,663 INFO  Title: Validate the Azure Mapper that publishes a Thin Edge JSON message without timestamp on az/messages/events/ when it receives a valid JSON message on tedge/measurements and az.mapper.timestamp is configured false
2022-05-16 07:36:52,664 INFO  ==============================================================
2022-05-16 07:36:53,310 INFO  Executed sudo<tedge_temp>, exit status 0
2022-05-16 07:36:53,974 INFO  Executed sudo<tedge_mapper_az>, exit status 0
2022-05-16 07:36:53,984 INFO  Started sudo<tedge_sub> with process id 15143
2022-05-16 07:36:54,755 INFO  Executed sudo<tedge_temp>, exit status 0
2022-05-16 07:36:55,266 INFO  Executed sudo<kill_out>, exit status 0
2022-05-16 07:36:55,271 INFO  Assert that (actual == expected) with actual=12.0, expected=12 ... passed
2022-05-16 07:36:55,276 INFO  Grep on file tedge_sub.out ... passed
2022-05-16 07:36:55,282 INFO  
2022-05-16 07:36:55,283 INFO  cleanup:
2022-05-16 07:36:55,283 INFO  mapper_cleanup
2022-05-16 07:36:55,895 INFO  Executed sudo<tedge_mapper_az>, exit status 0
2022-05-16 07:36:56,457 INFO  Executed sudo<tedge_temp>, exit status 0
2022-05-16 07:36:56,461 INFO  
2022-05-16 07:36:56,462 INFO  Test duration: 3.81 secs
2022-05-16 07:36:56,464 INFO  Test final outcome:  PASSED
2022-05-16 07:36:56,465 INFO  
