2022-04-11 09:38:32,457 INFO  ==============================================================
2022-04-11 09:38:32,458 INFO  Id:    local_mqtt_pub_fail_qos2
2022-04-11 09:38:32,459 INFO  Dir:   local_mqtt/
2022-04-11 09:38:32,460 INFO  Title: Check error code when mosquitto is not running with QoS set to 2
2022-04-11 09:38:32,461 DEBUG Execution order hint: 0.0
2022-04-11 09:38:32,462 INFO  ==============================================================
2022-04-11 09:38:32,473 DEBUG Process parameters for sudo<stop>
  command line : /usr/bin/sudo /usr/bin/systemctl stop mosquitto
    arg #1     : /usr/bin/systemctl
    arg #2     : stop
    arg #3     : mosquitto
  working dir  : /home/pi/actions-runner/_work/thin-edge.io/thin-edge.io/tests/PySys/local_mqtt/local_mqtt_pub_fail_qos2/Output/linux
  stdout       : /home/pi/actions-runner/_work/thin-edge.io/thin-edge.io/tests/PySys/local_mqtt/local_mqtt_pub_fail_qos2/Output/linux/stop.out
  stderr       : /home/pi/actions-runner/_work/thin-edge.io/thin-edge.io/tests/PySys/local_mqtt/local_mqtt_pub_fail_qos2/Output/linux/stop.err
  environment  : LD_LIBRARY_PATH=/usr/lib
  environment  : PATH=/bin:/usr/bin:/usr/sbin:/usr/local/bin
                   #1  /bin
                   #2  /usr/bin
                   #3  /usr/sbin
                   #4  /usr/local/bin
2022-04-11 09:38:32,484 DEBUG Waiting up to 600 secs for process sudo<stop> (pid 17920)
2022-04-11 09:38:33,202 INFO  Executed sudo<stop>, exit status 0
2022-04-11 09:38:33,204 DEBUG --- test execute
2022-04-11 09:38:33,208 DEBUG Process parameters for tedge_pub_fail
  command line : /usr/bin/tedge mqtt pub --qos 2 atopic amessage
    arg #1     : mqtt
    arg #2     : pub
    arg #3     : --qos
    arg #4     : 2
    arg #5     : atopic
    arg #6     : amessage
  working dir  : /home/pi/actions-runner/_work/thin-edge.io/thin-edge.io/tests/PySys/local_mqtt/local_mqtt_pub_fail_qos2/Output/linux
  stdout       : /home/pi/actions-runner/_work/thin-edge.io/thin-edge.io/tests/PySys/local_mqtt/local_mqtt_pub_fail_qos2/Output/linux/tedge_pub_fail.out
  stderr       : /home/pi/actions-runner/_work/thin-edge.io/thin-edge.io/tests/PySys/local_mqtt/local_mqtt_pub_fail_qos2/Output/linux/tedge_pub_fail.err
  environment  : HOME=/home/pi
2022-04-11 09:38:33,220 DEBUG Waiting up to 600 secs for process tedge_pub_fail (pid 17922)
2022-04-11 09:38:33,629 INFO  Executed tedge_pub_fail, exit status 1
2022-04-11 09:38:33,631 INFO  Assert that (value==1) with value=1 ... passed
2022-04-11 09:38:33,632 DEBUG --- test validate
2022-04-11 09:38:33,637 DEBUG --- test cleanup
2022-04-11 09:38:33,638 INFO  
2022-04-11 09:38:33,638 INFO  cleanup:
2022-04-11 09:38:33,639 DEBUG Running registered cleanup function: <bound method PySysTest.mycleanup of <PySysTest object at 0x76066790>>
2022-04-11 09:38:33,641 DEBUG Process parameters for sudo<start>
  command line : /usr/bin/sudo /usr/bin/systemctl start mosquitto
    arg #1     : /usr/bin/systemctl
    arg #2     : start
    arg #3     : mosquitto
  working dir  : /home/pi/actions-runner/_work/thin-edge.io/thin-edge.io/tests/PySys/local_mqtt/local_mqtt_pub_fail_qos2/Output/linux
  stdout       : /home/pi/actions-runner/_work/thin-edge.io/thin-edge.io/tests/PySys/local_mqtt/local_mqtt_pub_fail_qos2/Output/linux/start.out
  stderr       : /home/pi/actions-runner/_work/thin-edge.io/thin-edge.io/tests/PySys/local_mqtt/local_mqtt_pub_fail_qos2/Output/linux/start.err
  environment  : LD_LIBRARY_PATH=/usr/lib
  environment  : PATH=/bin:/usr/bin:/usr/sbin:/usr/local/bin
                   #1  /bin
                   #2  /usr/bin
                   #3  /usr/sbin
                   #4  /usr/local/bin
2022-04-11 09:38:33,648 DEBUG Waiting up to 600 secs for process sudo<start> (pid 17924)
2022-04-11 09:38:34,506 INFO  Executed sudo<start>, exit status 0
2022-04-11 09:38:34,507 DEBUG ProcessUser cleanup function done.
2022-04-11 09:38:34,511 INFO  
2022-04-11 09:38:34,511 INFO  Test duration: 2.07 secs
2022-04-11 09:38:34,512 INFO  Test final outcome:  PASSED
2022-04-11 09:38:34,513 INFO  
