2022-05-09 08:17:39,819 INFO  ==============================================================
2022-05-09 08:17:39,820 INFO  Id:    SoftwareManagement.sm_docker_install_remove_multiple
2022-05-09 08:17:39,822 INFO  Dir:   software_management_end_to_end/
2022-05-09 08:17:39,822 INFO  Title: Validate end to end behaviour for the docker plugin for multiple docker images with mixed versions
2022-05-09 08:17:39,823 INFO  ==============================================================
2022-05-09 08:17:39,834 INFO  Using sw id database: {'asciijump': '5475369', 'robotfindskitten': '5474869', 'squirrel3': '5475279', 'rolldice': '5152439', 'moon-buggy': '5439204', 'apple': '5495053', 'banana': '5494888', 'cherry': '5495382', 'watermelon': '5494510', 'registry': '8018911', 'hello-world': '8021526', 'docker/getting-started': '8021973', 'alpine': '7991792'}
2022-05-09 08:17:39,835 INFO  EnvironmentC8y Setup
2022-05-09 08:17:40,397 INFO  Executed systemctl<serv_mapper1>, exit status 3
2022-05-09 08:17:40,505 INFO  Restarting mosquitto too frequently in the last 10 seconds. It was only up for 5 seconds
2022-05-09 08:17:40,506 INFO  Delaying execution by 6 seconds
2022-05-09 08:18:00,827 INFO  Executed sudo<tedge_connect_c8y>, exit status 0, duration 14 secs
2022-05-09 08:18:01,545 INFO  Executed sudo<tedge_connect_c8y_test>, exit status 0
2022-05-09 08:18:02,008 INFO  Executed systemctl<serv_mosq2>, exit status 0
2022-05-09 08:18:02,470 INFO  Executed systemctl<serv_mapper3>, exit status 0
2022-05-09 08:18:04,693 INFO  State of current operation: SUCCESSFUL
2022-05-09 08:18:04,917 INFO  Response status: 201
2022-05-09 08:18:04,919 INFO  Response to action: {
    "creationTime": "2022-05-09T08:18:04.865Z",
    "deviceName": "mythicb",
    "deviceId": "18508457",
    "self": "https://t493319102.eu-latest.cumulocity.com/devicecontrol/operations/18523673",
    "id": "18523673",
    "status": "PENDING",
    "description": "Apply software changes, triggered from PySys: [{'action': 'install', 'id': '8021526', 'name': 'hello-world', 'url': '', 'version': '::docker'}, {'action': 'install', 'id': '8018911', 'name': 'registry', 'url': '', 'version': '2.6.2::docker'}]",
    "c8y_SoftwareUpdate": [
        {
            "name": "hello-world",
            "action": "install",
            "id": "8021526",
            "version": "::docker",
            "url": ""
        },
        {
            "name": "registry",
            "action": "install",
            "id": "8018911",
            "version": "2.6.2::docker",
            "url": ""
        }
    ]
}
2022-05-09 08:18:04,920 INFO  Started operation: {'creationTime': '2022-05-09T08:18:04.865Z', 'deviceName': 'mythicb', 'deviceId': '18508457', 'self': 'https://t493319102.eu-latest.cumulocity.com/devicecontrol/operations/18523673', 'id': '18523673', 'status': 'PENDING', 'description': "Apply software changes, triggered from PySys: [{'action': 'install', 'id': '8021526', 'name': 'hello-world', 'url': '', 'version': '::docker'}, {'action': 'install', 'id': '8018911', 'name': 'registry', 'url': '', 'version': '2.6.2::docker'}]", 'c8y_SoftwareUpdate': [{'name': 'hello-world', 'action': 'install', 'id': '8021526', 'version': '::docker', 'url': ''}, {'name': 'registry', 'action': 'install', 'id': '8018911', 'version': '2.6.2::docker', 'url': ''}]}
2022-05-09 08:18:07,154 INFO  State of operation 18523673 : PENDING
2022-05-09 08:18:09,393 INFO  State of operation 18523673 : EXECUTING
2022-05-09 08:18:11,621 INFO  State of operation 18523673 : EXECUTING
2022-05-09 08:18:13,845 INFO  State of operation 18523673 : EXECUTING
2022-05-09 08:18:16,094 INFO  State of operation 18523673 : EXECUTING
2022-05-09 08:18:18,358 INFO  State of operation 18523673 : EXECUTING
2022-05-09 08:18:20,621 INFO  State of operation 18523673 : EXECUTING
2022-05-09 08:18:22,832 INFO  State of operation 18523673 : EXECUTING
2022-05-09 08:18:25,065 INFO  State of operation 18523673 : EXECUTING
2022-05-09 08:18:27,285 INFO  State of operation 18523673 : EXECUTING
2022-05-09 08:18:29,501 INFO  State of operation 18523673 : EXECUTING
2022-05-09 08:18:31,774 INFO  State of operation 18523673 : EXECUTING
2022-05-09 08:18:34,361 INFO  State of operation 18523673 : EXECUTING
2022-05-09 08:18:36,627 INFO  State of operation 18523673 : EXECUTING
2022-05-09 08:18:38,883 INFO  State of operation 18523673 : EXECUTING
2022-05-09 08:18:41,145 INFO  State of operation 18523673 : EXECUTING
2022-05-09 08:18:43,376 INFO  State of operation 18523673 : EXECUTING
2022-05-09 08:18:45,586 INFO  State of operation 18523673 : SUCCESSFUL
2022-05-09 08:18:46,834 INFO  Package hello-world is installed
2022-05-09 08:18:47,067 INFO  Package hello-world is installed
2022-05-09 08:18:47,070 INFO  Assert that (True == value) with value=True ... passed
2022-05-09 08:18:47,301 INFO  Package registry is installed
2022-05-09 08:18:47,304 INFO  Assert that (True == value) with value=True ... passed
2022-05-09 08:18:47,585 INFO  Assert that (False == value) with value=False ... passed
2022-05-09 08:18:47,861 INFO  Response status: 201
2022-05-09 08:18:47,865 INFO  Response to action: {
    "creationTime": "2022-05-09T08:18:47.798Z",
    "deviceName": "mythicb",
    "deviceId": "18508457",
    "self": "https://t493319102.eu-latest.cumulocity.com/devicecontrol/operations/18523693",
    "id": "18523693",
    "status": "PENDING",
    "description": "Apply software changes, triggered from PySys: [{'action': 'install', 'id': '8018911', 'name': 'registry', 'url': '', 'version': '2.7.1::docker'}, {'action': 'install', 'id': '7991792', 'name': 'alpine', 'url': '', 'version': '::docker'}]",
    "c8y_SoftwareUpdate": [
        {
            "name": "registry",
            "action": "install",
            "id": "8018911",
            "version": "2.7.1::docker",
            "url": ""
        },
        {
            "name": "alpine",
            "action": "install",
            "id": "7991792",
            "version": "::docker",
            "url": ""
        }
    ]
}
2022-05-09 08:18:47,867 INFO  Started operation: {'creationTime': '2022-05-09T08:18:47.798Z', 'deviceName': 'mythicb', 'deviceId': '18508457', 'self': 'https://t493319102.eu-latest.cumulocity.com/devicecontrol/operations/18523693', 'id': '18523693', 'status': 'PENDING', 'description': "Apply software changes, triggered from PySys: [{'action': 'install', 'id': '8018911', 'name': 'registry', 'url': '', 'version': '2.7.1::docker'}, {'action': 'install', 'id': '7991792', 'name': 'alpine', 'url': '', 'version': '::docker'}]", 'c8y_SoftwareUpdate': [{'name': 'registry', 'action': 'install', 'id': '8018911', 'version': '2.7.1::docker', 'url': ''}, {'name': 'alpine', 'action': 'install', 'id': '7991792', 'version': '::docker', 'url': ''}]}
2022-05-09 08:18:50,088 INFO  State of operation 18523693 : PENDING
2022-05-09 08:18:52,336 INFO  State of operation 18523693 : EXECUTING
2022-05-09 08:18:54,573 INFO  State of operation 18523693 : EXECUTING
2022-05-09 08:18:56,789 INFO  State of operation 18523693 : EXECUTING
2022-05-09 08:18:59,120 INFO  State of operation 18523693 : EXECUTING
2022-05-09 08:19:01,352 INFO  State of operation 18523693 : EXECUTING
2022-05-09 08:19:03,651 INFO  State of operation 18523693 : EXECUTING
2022-05-09 08:19:05,886 INFO  State of operation 18523693 : EXECUTING
2022-05-09 08:19:08,229 INFO  State of operation 18523693 : EXECUTING
2022-05-09 08:19:10,441 INFO  State of operation 18523693 : EXECUTING
2022-05-09 08:19:12,879 INFO  State of operation 18523693 : EXECUTING
2022-05-09 08:19:15,133 INFO  State of operation 18523693 : EXECUTING
2022-05-09 08:19:17,380 INFO  State of operation 18523693 : EXECUTING
2022-05-09 08:19:19,649 INFO  State of operation 18523693 : EXECUTING
2022-05-09 08:19:21,867 INFO  State of operation 18523693 : EXECUTING
2022-05-09 08:19:24,076 INFO  State of operation 18523693 : EXECUTING
2022-05-09 08:19:26,333 INFO  State of operation 18523693 : EXECUTING
2022-05-09 08:19:28,578 INFO  State of operation 18523693 : EXECUTING
2022-05-09 08:19:31,102 INFO  State of operation 18523693 : EXECUTING
2022-05-09 08:19:33,317 INFO  State of operation 18523693 : EXECUTING
2022-05-09 08:19:35,532 INFO  State of operation 18523693 : EXECUTING
2022-05-09 08:19:37,811 INFO  State of operation 18523693 : EXECUTING
2022-05-09 08:19:40,022 INFO  State of operation 18523693 : SUCCESSFUL
2022-05-09 08:19:41,282 INFO  Package hello-world is installed
2022-05-09 08:19:41,504 INFO  Package hello-world is installed
2022-05-09 08:19:41,507 INFO  Assert that (True == value) with value=True ... passed
2022-05-09 08:19:41,734 INFO  Package registry is installed
2022-05-09 08:19:41,737 INFO  Assert that (True == value) with value=True ... passed
2022-05-09 08:19:42,063 INFO  Package alpine is installed
2022-05-09 08:19:42,066 INFO  Assert that (True == value) with value=True ... passed
2022-05-09 08:19:42,077 INFO  
2022-05-09 08:19:42,078 INFO  cleanup:
2022-05-09 08:19:42,303 INFO  Response status: 201
2022-05-09 08:19:42,305 INFO  Response to action: {
    "creationTime": "2022-05-09T08:19:42.255Z",
    "deviceName": "mythicb",
    "deviceId": "18508457",
    "self": "https://t493319102.eu-latest.cumulocity.com/devicecontrol/operations/18523703",
    "id": "18523703",
    "status": "PENDING",
    "description": "Apply software changes, triggered from PySys: [{'action': 'delete', 'id': '8018911', 'name': 'registry', 'url': '', 'version': '2.7.1::docker'}, {'action': 'delete', 'id': '7991792', 'name': 'alpine', 'url': '', 'version': '::docker'}, {'action': 'delete', 'id': '8021526', 'name': 'hello-world', 'url': '', 'version': '::docker'}]",
    "c8y_SoftwareUpdate": [
        {
            "name": "registry",
            "action": "delete",
            "id": "8018911",
            "version": "2.7.1::docker",
            "url": ""
        },
        {
            "name": "alpine",
            "action": "delete",
            "id": "7991792",
            "version": "::docker",
            "url": ""
        },
        {
            "name": "hello-world",
            "action": "delete",
            "id": "8021526",
            "version": "::docker",
            "url": ""
        }
    ]
}
2022-05-09 08:19:42,305 INFO  Started operation: {'creationTime': '2022-05-09T08:19:42.255Z', 'deviceName': 'mythicb', 'deviceId': '18508457', 'self': 'https://t493319102.eu-latest.cumulocity.com/devicecontrol/operations/18523703', 'id': '18523703', 'status': 'PENDING', 'description': "Apply software changes, triggered from PySys: [{'action': 'delete', 'id': '8018911', 'name': 'registry', 'url': '', 'version': '2.7.1::docker'}, {'action': 'delete', 'id': '7991792', 'name': 'alpine', 'url': '', 'version': '::docker'}, {'action': 'delete', 'id': '8021526', 'name': 'hello-world', 'url': '', 'version': '::docker'}]", 'c8y_SoftwareUpdate': [{'name': 'registry', 'action': 'delete', 'id': '8018911', 'version': '2.7.1::docker', 'url': ''}, {'name': 'alpine', 'action': 'delete', 'id': '7991792', 'version': '::docker', 'url': ''}, {'name': 'hello-world', 'action': 'delete', 'id': '8021526', 'version': '::docker', 'url': ''}]}
2022-05-09 08:19:44,524 INFO  State of operation 18523703 : PENDING
2022-05-09 08:19:46,754 INFO  State of operation 18523703 : EXECUTING
2022-05-09 08:19:48,984 INFO  State of operation 18523703 : EXECUTING
2022-05-09 08:19:51,211 INFO  State of operation 18523703 : EXECUTING
2022-05-09 08:19:53,429 INFO  State of operation 18523703 : EXECUTING
2022-05-09 08:19:55,639 INFO  State of operation 18523703 : EXECUTING
2022-05-09 08:19:57,907 INFO  State of operation 18523703 : EXECUTING
2022-05-09 08:20:00,170 INFO  State of operation 18523703 : EXECUTING
2022-05-09 08:20:02,409 INFO  State of operation 18523703 : SUCCESSFUL
2022-05-09 08:20:14,735 INFO  Assert that (False == value) with value=False ... passed
2022-05-09 08:20:14,952 INFO  Assert that (False == value) with value=False ... passed
2022-05-09 08:20:15,186 INFO  Assert that (False == value) with value=False ... passed
2022-05-09 08:20:19,879 INFO  Executed sudo<tedge_disconnect_c8y>, exit status 0
2022-05-09 08:20:20,514 INFO  Executed systemctl<serv_mapper5>, exit status 3
2022-05-09 08:20:20,518 INFO  
2022-05-09 08:20:20,519 INFO  Test duration: 160.71 secs
2022-05-09 08:20:20,520 INFO  Test final outcome:  PASSED
2022-05-09 08:20:20,521 INFO  
