2022-04-15 09:16:47,964 INFO  ==============================================================
2022-04-15 09:16:47,965 INFO  Id:    apt_install_local_file
2022-04-15 09:16:47,966 INFO  Dir:   plugin_apt/
2022-04-15 09:16:47,967 INFO  Title: Validate apt plugin install from local file - SUCCESS case
2022-04-15 09:16:47,968 INFO  ==============================================================
2022-04-15 09:16:50,027 INFO  URL of rolldice is b"'http://mirror.mythic-beasts.com/raspbian/pool/main/r/rolldice/rolldice_1.16-1+b1_armhf.deb'"
2022-04-15 09:16:52,170 INFO  Downloaded rolldcice in version 1.16-1+b1
2022-04-15 09:16:52,172 INFO  Filename is rolldice_1.16-1+b1_armhf.deb
2022-04-15 09:16:56,858 INFO  Executed sudo, exit status 0
2022-04-15 09:16:59,535 INFO  Executed sudo<outp_check_0>, exit status 0
2022-04-15 09:16:59,537 INFO  Assert that (value==0) with value=0 ... passed
2022-04-15 09:16:59,543 INFO  Grep on file outp_check_0.out ... passed
2022-04-15 09:17:40,260 INFO  Executed sudo<outp_install>, exit status 0, duration 40 secs
2022-04-15 09:17:40,264 INFO  Assert that (value==0) with value=0 ... passed
2022-04-15 09:17:45,556 INFO  Executed sudo<outp_check_1>, exit status 0
2022-04-15 09:17:45,558 INFO  Assert that (value==0) with value=0 ... passed
2022-04-15 09:17:45,566 INFO  Grep on file outp_check_1.out ... passed
2022-04-15 09:17:45,571 INFO  
2022-04-15 09:17:45,572 INFO  cleanup:
2022-04-15 09:17:45,578 INFO  
2022-04-15 09:17:45,579 INFO  Test duration: 57.62 secs
2022-04-15 09:17:45,580 INFO  Test final outcome:  PASSED
2022-04-15 09:17:45,581 INFO  
