2022-04-11 09:53:12,150 INFO  ==============================================================
2022-04-11 09:53:12,151 INFO  Id:    call_tedge_-h
2022-04-11 09:53:12,152 INFO  Dir:   tedge/
2022-04-11 09:53:12,153 INFO  Title: Validate command line option -h
2022-04-11 09:53:12,154 DEBUG Execution order hint: 0.0
2022-04-11 09:53:12,155 INFO  ==============================================================
2022-04-11 09:53:12,159 DEBUG --- test execute
2022-04-11 09:53:12,161 DEBUG Process parameters for tedge
  command line : /usr/bin/tedge -h
    arg #1     : -h
  working dir  : /home/pi/actions-runner/_work/thin-edge.io/thin-edge.io/tests/PySys/tedge/call_tedge_-h/Output/linux
  stdout       : /home/pi/actions-runner/_work/thin-edge.io/thin-edge.io/tests/PySys/tedge/call_tedge_-h/Output/linux/tedge.out
  stderr       : /home/pi/actions-runner/_work/thin-edge.io/thin-edge.io/tests/PySys/tedge/call_tedge_-h/Output/linux/tedge.err
  environment  : LD_LIBRARY_PATH=/usr/lib
  environment  : PATH=/bin:/usr/bin:/usr/sbin:/usr/local/bin
                   #1  /bin
                   #2  /usr/bin
                   #3  /usr/sbin
                   #4  /usr/local/bin
2022-04-11 09:53:12,169 DEBUG Waiting up to 600 secs for process tedge (pid 14450)
2022-04-11 09:53:12,575 INFO  Executed tedge, exit status 0
2022-04-11 09:53:12,576 DEBUG --- test validate
2022-04-11 09:53:12,577 DEBUG Performing regex contains=True grep on file: /home/pi/actions-runner/_work/thin-edge.io/thin-edge.io/tests/PySys/tedge/call_tedge_-h/Output/linux/tedge.out
2022-04-11 09:53:12,582 DEBUG Grep on file tedge.out successfully matched expression "USAGE:" with line: 'USAGE:\n'
2022-04-11 09:53:12,584 INFO  Grep on file tedge.out ... passed
2022-04-11 09:53:12,585 DEBUG Performing regex contains=True grep on file: /home/pi/actions-runner/_work/thin-edge.io/thin-edge.io/tests/PySys/tedge/call_tedge_-h/Output/linux/tedge.out
2022-04-11 09:53:12,589 DEBUG Grep on file tedge.out successfully matched expression "OPTIONS:" with line: 'OPTIONS:\n'
2022-04-11 09:53:12,590 INFO  Grep on file tedge.out ... passed
2022-04-11 09:53:12,591 DEBUG Performing regex contains=True grep on file: /home/pi/actions-runner/_work/thin-edge.io/thin-edge.io/tests/PySys/tedge/call_tedge_-h/Output/linux/tedge.out
2022-04-11 09:53:12,595 DEBUG Grep on file tedge.out successfully matched expression "SUBCOMMANDS:" with line: 'SUBCOMMANDS:\n'
2022-04-11 09:53:12,596 INFO  Grep on file tedge.out ... passed
2022-04-11 09:53:12,601 DEBUG --- test cleanup
2022-04-11 09:53:12,602 DEBUG ProcessUser cleanup function done.
2022-04-11 09:53:12,605 INFO  
2022-04-11 09:53:12,606 INFO  Test duration: 0.46 secs
2022-04-11 09:53:12,607 INFO  Test final outcome:  PASSED
2022-04-11 09:53:12,608 INFO  
