2022-05-10 13:39:17,200 INFO  ==============================================================
2022-05-10 13:39:17,200 INFO  Id:    SoftwareManagement.sm_fake_install_remove_multiple
2022-05-10 13:39:17,201 INFO  Dir:   software_management_end_to_end/
2022-05-10 13:39:17,201 INFO  Title: Validate end to end behaviour for the dummy-plugin for multiple packages
2022-05-10 13:39:17,201 INFO  ==============================================================
2022-05-10 13:39:17,203 INFO  Using sw id database: {'asciijump': '5475369', 'robotfindskitten': '5474869', 'squirrel3': '5475279', 'rolldice': '5152439', 'moon-buggy': '5439204', 'apple': '5495053', 'banana': '5494888', 'cherry': '5495382', 'watermelon': '5494510', 'registry': '8018911', 'hello-world': '8021526', 'docker/getting-started': '8021973', 'alpine': '7991792'}
2022-05-10 13:39:17,203 INFO  EnvironmentC8y Setup
2022-05-10 13:39:17,306 INFO  Executed systemctl<serv_mapper1>, exit status 3
2022-05-10 13:39:17,326 INFO  Restarting mosquitto too frequently in the last 10 seconds. It was only up for 1 seconds
2022-05-10 13:39:17,326 INFO  Delaying execution by 10 seconds
2022-05-10 13:39:45,495 INFO  Executed sudo<tedge_connect_c8y>, exit status 0, duration 18 secs
2022-05-10 13:39:45,648 INFO  Executed sudo<tedge_connect_c8y_test>, exit status 0
2022-05-10 13:39:45,751 INFO  Executed systemctl<serv_mosq2>, exit status 0
2022-05-10 13:39:45,853 INFO  Executed systemctl<serv_mapper3>, exit status 0
2022-05-10 13:39:47,981 INFO  State of current operation: SUCCESSFUL
2022-05-10 13:39:48,143 INFO  Package apple is installed
2022-05-10 13:39:48,143 INFO  Assert that (True == value) with value=True ... passed
2022-05-10 13:39:48,274 INFO  Package banana is installed
2022-05-10 13:39:48,275 INFO  Assert that (True == value) with value=True ... passed
2022-05-10 13:39:48,404 INFO  Package cherry is installed
2022-05-10 13:39:48,405 INFO  Assert that (True == value) with value=True ... passed
2022-05-10 13:39:48,530 INFO  Response status: 201
2022-05-10 13:39:48,530 INFO  Response to action: {
    "creationTime": "2022-05-10T13:39:48.492Z",
    "deviceName": "ubuntu-2gb-hel1-2-thin-edge-b",
    "deviceId": "18651557",
    "self": "https://t493319102.eu-latest.cumulocity.com/devicecontrol/operations/18685338",
    "id": "18685338",
    "status": "PENDING",
    "description": "Apply software changes, triggered from PySys: [{'action': 'install', 'id': '5495053', 'name': 'apple', 'url': ' ', 'version': '::fruits'}, {'action': 'install', 'id': '5494888', 'name': 'banana', 'url': ' ', 'version': '::fruits'}, {'action': 'install', 'id': '5495382', 'name': 'cherry', 'url': ' ', 'version': '::fruits'}]",
    "c8y_SoftwareUpdate": [
        {
            "name": "apple",
            "action": "install",
            "id": "5495053",
            "version": "::fruits",
            "url": " "
        },
        {
            "name": "banana",
            "action": "install",
            "id": "5494888",
            "version": "::fruits",
            "url": " "
        },
        {
            "name": "cherry",
            "action": "install",
            "id": "5495382",
            "version": "::fruits",
            "url": " "
        }
    ]
}
2022-05-10 13:39:48,531 INFO  Started operation: {'creationTime': '2022-05-10T13:39:48.492Z', 'deviceName': 'ubuntu-2gb-hel1-2-thin-edge-b', 'deviceId': '18651557', 'self': 'https://t493319102.eu-latest.cumulocity.com/devicecontrol/operations/18685338', 'id': '18685338', 'status': 'PENDING', 'description': "Apply software changes, triggered from PySys: [{'action': 'install', 'id': '5495053', 'name': 'apple', 'url': ' ', 'version': '::fruits'}, {'action': 'install', 'id': '5494888', 'name': 'banana', 'url': ' ', 'version': '::fruits'}, {'action': 'install', 'id': '5495382', 'name': 'cherry', 'url': ' ', 'version': '::fruits'}]", 'c8y_SoftwareUpdate': [{'name': 'apple', 'action': 'install', 'id': '5495053', 'version': '::fruits', 'url': ' '}, {'name': 'banana', 'action': 'install', 'id': '5494888', 'version': '::fruits', 'url': ' '}, {'name': 'cherry', 'action': 'install', 'id': '5495382', 'version': '::fruits', 'url': ' '}]}
2022-05-10 13:39:50,650 INFO  State of operation 18685338 : SUCCESSFUL
2022-05-10 13:39:50,784 INFO  Package apple is installed
2022-05-10 13:39:50,784 INFO  Assert that (True == value) with value=True ... passed
2022-05-10 13:39:50,917 INFO  Package banana is installed
2022-05-10 13:39:50,917 INFO  Assert that (True == value) with value=True ... passed
2022-05-10 13:39:51,058 INFO  Package cherry is installed
2022-05-10 13:39:51,059 INFO  Assert that (True == value) with value=True ... passed
2022-05-10 13:39:51,187 INFO  Response status: 201
2022-05-10 13:39:51,188 INFO  Response to action: {
    "creationTime": "2022-05-10T13:39:51.151Z",
    "deviceName": "ubuntu-2gb-hel1-2-thin-edge-b",
    "deviceId": "18651557",
    "self": "https://t493319102.eu-latest.cumulocity.com/devicecontrol/operations/18685340",
    "id": "18685340",
    "status": "PENDING",
    "description": "Apply software changes, triggered from PySys: [{'action': 'install', 'id': '5495053', 'name': 'apple', 'url': ' ', 'version': '::fruits'}, {'action': 'install', 'id': '5494888', 'name': 'banana', 'url': ' ', 'version': '::fruits'}, {'action': 'install', 'id': '5495382', 'name': 'cherry', 'url': ' ', 'version': '::fruits'}]",
    "c8y_SoftwareUpdate": [
        {
            "name": "apple",
            "action": "install",
            "id": "5495053",
            "version": "::fruits",
            "url": " "
        },
        {
            "name": "banana",
            "action": "install",
            "id": "5494888",
            "version": "::fruits",
            "url": " "
        },
        {
            "name": "cherry",
            "action": "install",
            "id": "5495382",
            "version": "::fruits",
            "url": " "
        }
    ]
}
2022-05-10 13:39:51,188 INFO  Started operation: {'creationTime': '2022-05-10T13:39:51.151Z', 'deviceName': 'ubuntu-2gb-hel1-2-thin-edge-b', 'deviceId': '18651557', 'self': 'https://t493319102.eu-latest.cumulocity.com/devicecontrol/operations/18685340', 'id': '18685340', 'status': 'PENDING', 'description': "Apply software changes, triggered from PySys: [{'action': 'install', 'id': '5495053', 'name': 'apple', 'url': ' ', 'version': '::fruits'}, {'action': 'install', 'id': '5494888', 'name': 'banana', 'url': ' ', 'version': '::fruits'}, {'action': 'install', 'id': '5495382', 'name': 'cherry', 'url': ' ', 'version': '::fruits'}]", 'c8y_SoftwareUpdate': [{'name': 'apple', 'action': 'install', 'id': '5495053', 'version': '::fruits', 'url': ' '}, {'name': 'banana', 'action': 'install', 'id': '5494888', 'version': '::fruits', 'url': ' '}, {'name': 'cherry', 'action': 'install', 'id': '5495382', 'version': '::fruits', 'url': ' '}]}
2022-05-10 13:39:53,299 INFO  State of operation 18685340 : SUCCESSFUL
2022-05-10 13:39:53,433 INFO  Package apple is installed
2022-05-10 13:39:53,434 INFO  Assert that (True == value) with value=True ... passed
2022-05-10 13:39:53,570 INFO  Package banana is installed
2022-05-10 13:39:53,570 INFO  Assert that (True == value) with value=True ... passed
2022-05-10 13:39:53,732 INFO  Package cherry is installed
2022-05-10 13:39:53,733 INFO  Assert that (True == value) with value=True ... passed
2022-05-10 13:39:53,733 INFO  
2022-05-10 13:39:53,733 INFO  cleanup:
2022-05-10 13:40:05,000 INFO  Executed sudo<tedge_disconnect_c8y>, exit status 0, duration 11 secs
2022-05-10 13:40:05,102 INFO  Executed systemctl<serv_mapper5>, exit status 3
2022-05-10 13:40:05,103 INFO  
2022-05-10 13:40:05,103 INFO  Test duration: 47.90 secs
2022-05-10 13:40:05,103 INFO  Test final outcome:  PASSED
2022-05-10 13:40:05,104 INFO  
