2022-05-23 10:33:37,735 INFO  ==============================================================
2022-05-23 10:33:37,736 INFO  Id:    SoftwareManagement.sm_fake_install_remove
2022-05-23 10:33:37,737 INFO  Dir:   software_management_end_to_end/
2022-05-23 10:33:37,738 INFO  Title: Validate end to end behaviour for the dummy plugin for installation and removal of packages
2022-05-23 10:33:37,738 INFO  ==============================================================
2022-05-23 10:33:37,745 INFO  Using sw id database: {'asciijump': '5475369', 'robotfindskitten': '5474869', 'squirrel3': '5475279', 'rolldice': '5152439', 'moon-buggy': '5439204', 'apple': '5495053', 'banana': '5494888', 'cherry': '5495382', 'watermelon': '5494510', 'registry': '8018911', 'hello-world': '8021526', 'docker/getting-started': '8021973', 'alpine': '7991792'}
2022-05-23 10:33:37,746 INFO  EnvironmentC8y Setup
2022-05-23 10:33:38,308 INFO  Executed systemctl<serv_mapper1>, exit status 3
2022-05-23 10:33:38,413 INFO  Restarting mosquitto too frequently in the last 10 seconds. It was only up for 4 seconds
2022-05-23 10:33:38,415 INFO  Delaying execution by 7 seconds
2022-05-23 10:33:59,335 INFO  Executed sudo<tedge_connect_c8y>, exit status 0, duration 13 secs
2022-05-23 10:33:59,973 INFO  Executed sudo<tedge_connect_c8y_test>, exit status 0
2022-05-23 10:34:00,487 INFO  Executed systemctl<serv_mosq2>, exit status 0
2022-05-23 10:34:01,026 INFO  Executed systemctl<serv_mapper3>, exit status 0
2022-05-23 10:34:03,264 INFO  State of current operation: FAILED
2022-05-23 10:34:03,496 INFO  Assert that (False == value) with value=False ... passed
2022-05-23 10:34:03,757 INFO  Response status: 201
2022-05-23 10:34:03,759 INFO  Response to action: {
    "creationTime": "2022-05-23T10:34:03.710Z",
    "deviceId": "19484863",
    "deviceName": "mythica",
    "self": "https://t493319102.eu-latest.cumulocity.com/devicecontrol/operations/19512928",
    "id": "19512928",
    "status": "PENDING",
    "description": "Apply software changes, triggered from PySys: [{'name': 'watermelon', 'id': '5494510', 'version': '::fruits', 'url': '', 'action': 'install'}]",
    "c8y_SoftwareUpdate": [
        {
            "name": "watermelon",
            "action": "install",
            "id": "5494510",
            "version": "::fruits",
            "url": ""
        }
    ]
}
2022-05-23 10:34:03,760 INFO  Started operation: {'creationTime': '2022-05-23T10:34:03.710Z', 'deviceId': '19484863', 'deviceName': 'mythica', 'self': 'https://t493319102.eu-latest.cumulocity.com/devicecontrol/operations/19512928', 'id': '19512928', 'status': 'PENDING', 'description': "Apply software changes, triggered from PySys: [{'name': 'watermelon', 'id': '5494510', 'version': '::fruits', 'url': '', 'action': 'install'}]", 'c8y_SoftwareUpdate': [{'name': 'watermelon', 'action': 'install', 'id': '5494510', 'version': '::fruits', 'url': ''}]}
2022-05-23 10:34:05,974 INFO  State of operation 19512928 : PENDING
2022-05-23 10:34:08,184 INFO  State of operation 19512928 : EXECUTING
2022-05-23 10:34:10,423 INFO  State of operation 19512928 : SUCCESSFUL
2022-05-23 10:34:10,665 INFO  Package vanilla is installed
2022-05-23 10:34:10,668 INFO  Assert that (True == value) with value=True ... passed
2022-05-23 10:34:10,932 INFO  Response status: 201
2022-05-23 10:34:10,934 INFO  Response to action: {
    "creationTime": "2022-05-23T10:34:10.884Z",
    "deviceId": "19484863",
    "deviceName": "mythica",
    "self": "https://t493319102.eu-latest.cumulocity.com/devicecontrol/operations/19512932",
    "id": "19512932",
    "status": "PENDING",
    "description": "Apply software changes, triggered from PySys: [{'name': 'watermelon', 'id': '5494510', 'version': '::fruits', 'url': '', 'action': 'delete'}]",
    "c8y_SoftwareUpdate": [
        {
            "name": "watermelon",
            "action": "delete",
            "id": "5494510",
            "version": "::fruits",
            "url": ""
        }
    ]
}
2022-05-23 10:34:10,935 INFO  Started operation: {'creationTime': '2022-05-23T10:34:10.884Z', 'deviceId': '19484863', 'deviceName': 'mythica', 'self': 'https://t493319102.eu-latest.cumulocity.com/devicecontrol/operations/19512932', 'id': '19512932', 'status': 'PENDING', 'description': "Apply software changes, triggered from PySys: [{'name': 'watermelon', 'id': '5494510', 'version': '::fruits', 'url': '', 'action': 'delete'}]", 'c8y_SoftwareUpdate': [{'name': 'watermelon', 'action': 'delete', 'id': '5494510', 'version': '::fruits', 'url': ''}]}
2022-05-23 10:34:13,151 INFO  State of operation 19512932 : PENDING
2022-05-23 10:34:15,364 INFO  State of operation 19512932 : EXECUTING
2022-05-23 10:34:17,588 INFO  State of operation 19512932 : EXECUTING
2022-05-23 10:34:19,800 INFO  State of operation 19512932 : SUCCESSFUL
2022-05-23 10:34:20,032 INFO  Assert that (False == value) with value=False ... passed
2022-05-23 10:34:20,040 INFO  
2022-05-23 10:34:20,041 INFO  cleanup:
2022-05-23 10:34:24,346 INFO  Executed sudo<tedge_disconnect_c8y>, exit status 0
2022-05-23 10:34:24,916 INFO  Executed systemctl<serv_mapper5>, exit status 3
2022-05-23 10:34:24,920 INFO  
2022-05-23 10:34:24,921 INFO  Test duration: 47.19 secs
2022-05-23 10:34:24,922 INFO  Test final outcome:  PASSED
2022-05-23 10:34:24,923 INFO  
