2022-05-11 11:47:41,749 INFO  ==============================================================
2022-05-11 11:47:41,750 INFO  Id:    tedge_mapper_c8y_packet_threshold_size
2022-05-11 11:47:41,751 INFO  Dir:   tedge_mapper_c8y/
2022-05-11 11:47:41,752 INFO  Title: Validate the Cumulocity Mapper accepted threshold packet size when it receives a message on tedge/measurements
2022-05-11 11:47:41,752 INFO  ==============================================================
2022-05-11 11:47:41,768 INFO  EnvironmentC8y Setup
2022-05-11 11:47:42,338 INFO  Executed systemctl<serv_mapper1>, exit status 3
2022-05-11 11:47:42,445 INFO  Restarting mosquitto too frequently in the last 10 seconds. It was only up for 5 seconds
2022-05-11 11:47:42,446 INFO  Delaying execution by 6 seconds
2022-05-11 11:48:02,234 INFO  Executed sudo<tedge_connect_c8y>, exit status 0, duration 13 secs
2022-05-11 11:48:02,902 INFO  Executed sudo<tedge_connect_c8y_test>, exit status 0
2022-05-11 11:48:03,621 INFO  Executed systemctl<serv_mosq2>, exit status 0
2022-05-11 11:48:04,096 INFO  Executed systemctl<serv_mapper3>, exit status 0
2022-05-11 11:48:04,660 INFO  Executed sudo<tedge_mapper_c8y>, exit status 0
2022-05-11 11:48:04,670 INFO  Started sudo<tedge_sub> with process id 12870
2022-05-11 11:48:05,340 INFO  Executed sudo<tedge_msg>, exit status 0
2022-05-11 11:48:05,904 INFO  Executed sudo<tedge_pub>, exit status 0
2022-05-11 11:48:06,433 INFO  Executed sudo<kill_out>, exit status 0
2022-05-11 11:48:06,443 INFO  Grep on file tedge_sub.out ... passed
2022-05-11 11:48:06,451 INFO  
2022-05-11 11:48:06,452 INFO  cleanup:
2022-05-11 11:48:06,452 INFO  mapper_cleanup
2022-05-11 11:48:07,014 INFO  Executed sudo<tedge_mapper_c8y>, exit status 0
2022-05-11 11:48:10,957 INFO  Executed sudo<tedge_disconnect_c8y>, exit status 0
2022-05-11 11:48:11,521 INFO  Executed systemctl<serv_mapper5>, exit status 3
2022-05-11 11:48:11,526 INFO  
2022-05-11 11:48:11,527 INFO  Test duration: 29.78 secs
2022-05-11 11:48:11,528 INFO  Test final outcome:  PASSED
2022-05-11 11:48:11,529 INFO  
