2022-05-23 09:34:15,920 INFO  ==============================================================
2022-05-23 09:34:15,921 INFO  Id:    apt_install_local_file
2022-05-23 09:34:15,922 INFO  Dir:   plugin_apt/
2022-05-23 09:34:15,923 INFO  Title: Validate apt plugin install from local file - SUCCESS case
2022-05-23 09:34:15,924 INFO  ==============================================================
2022-05-23 09:34:17,927 INFO  URL of rolldice is b"'http://mirror.mythic-beasts.com/raspbian/pool/main/r/rolldice/rolldice_1.16-1+b1_armhf.deb'"
2022-05-23 09:34:19,999 INFO  Downloaded rolldcice in version 1.16-1+b1
2022-05-23 09:34:20,000 INFO  Filename is rolldice_1.16-1+b1_armhf.deb
2022-05-23 09:34:24,686 INFO  Executed sudo, exit status 0
2022-05-23 09:34:27,264 INFO  Executed sudo<outp_check_0>, exit status 0
2022-05-23 09:34:27,266 INFO  Assert that (value==0) with value=0 ... passed
2022-05-23 09:34:27,271 INFO  Grep on file outp_check_0.out ... passed
2022-05-23 09:35:07,637 INFO  Executed sudo<outp_install>, exit status 0, duration 40 secs
2022-05-23 09:35:07,640 INFO  Assert that (value==0) with value=0 ... passed
2022-05-23 09:35:12,883 INFO  Executed sudo<outp_check_1>, exit status 0
2022-05-23 09:35:12,885 INFO  Assert that (value==0) with value=0 ... passed
2022-05-23 09:35:12,890 INFO  Grep on file outp_check_1.out ... passed
2022-05-23 09:35:12,895 INFO  
2022-05-23 09:35:12,896 INFO  cleanup:
2022-05-23 09:35:12,900 INFO  
2022-05-23 09:35:12,901 INFO  Test duration: 56.99 secs
2022-05-23 09:35:12,902 INFO  Test final outcome:  PASSED
2022-05-23 09:35:12,903 INFO  
