2022-04-12 08:51:14,432 INFO  ==============================================================
2022-04-12 08:51:14,433 INFO  Id:    tedge_mapper_az_without_timestamp
2022-04-12 08:51:14,434 INFO  Dir:   tedge_mapper_az/
2022-04-12 08:51:14,435 INFO  Title: Validate the Azure Mapper that publishes a Thin Edge JSON message without timestamp on az/messages/events/ when it receives a valid JSON message on tedge/measurements and az.mapper.timestamp is configured false
2022-04-12 08:51:14,436 INFO  ==============================================================
2022-04-12 08:51:14,971 INFO  Executed sudo<tedge_temp>, exit status 0
2022-04-12 08:51:15,535 INFO  Executed sudo<tedge_mapper_az>, exit status 0
2022-04-12 08:51:15,546 INFO  Started sudo<tedge_sub> with process id 28487
2022-04-12 08:51:16,213 INFO  Executed sudo<tedge_temp>, exit status 0
2022-04-12 08:51:16,726 INFO  Executed sudo<kill_out>, exit status 0
2022-04-12 08:51:16,731 INFO  Assert that (actual == expected) with actual=12.0, expected=12 ... passed
2022-04-12 08:51:16,736 INFO  Grep on file tedge_sub.out ... passed
2022-04-12 08:51:16,742 INFO  
2022-04-12 08:51:16,743 INFO  cleanup:
2022-04-12 08:51:16,743 INFO  mapper_cleanup
2022-04-12 08:51:17,356 INFO  Executed sudo<tedge_mapper_az>, exit status 0
2022-04-12 08:51:17,919 INFO  Executed sudo<tedge_temp>, exit status 0
2022-04-12 08:51:17,923 INFO  
2022-04-12 08:51:17,924 INFO  Test duration: 3.50 secs
2022-04-12 08:51:17,925 INFO  Test final outcome:  PASSED
2022-04-12 08:51:17,926 INFO  
