2022-05-16 07:31:27,922 INFO  ==============================================================
2022-05-16 07:31:27,923 INFO  Id:    call_tedge_config_list
2022-05-16 07:31:27,924 INFO  Dir:   tedge/
2022-05-16 07:31:27,925 INFO  Title: Validate command line options config: get set unset
2022-05-16 07:31:27,926 INFO  ==============================================================
2022-05-16 07:31:28,462 INFO  Executed sudo<tedge>, exit status 0
2022-05-16 07:31:28,990 INFO  Executed sudo<tedge_get_config_key>, exit status 0
2022-05-16 07:31:29,504 INFO  Executed sudo<tedge_get_config_key>, exit status 0
2022-05-16 07:31:30,069 INFO  Executed sudo<tedge_get_config_key>, exit status 0
2022-05-16 07:31:30,584 INFO  Executed sudo<tedge_get_config_key>, exit status 0
2022-05-16 07:31:31,201 INFO  Executed sudo<tedge_get_config_key>, exit status 0
2022-05-16 07:31:31,781 INFO  Executed sudo<tedge_get_config_key>, exit status 0
2022-05-16 07:31:31,785 INFO  /etc/tedge/device-certs/tedge-private-key.pem
2022-05-16 07:31:31,785 INFO  /etc/tedge/device-certs/tedge-certificate.pem
2022-05-16 07:31:31,786 INFO  thin-edge-io.eu-latest.cumulocity.com
2022-05-16 07:31:31,786 INFO  /etc/ssl/certs
2022-05-16 07:31:31,787 INFO  thinedge-gh-ci.azure-devices.net
2022-05-16 07:31:31,788 INFO  /etc/ssl/certs/Baltimore_CyberTrust_Root.pem
2022-05-16 07:31:32,299 INFO  Executed sudo<tedge_unset_config_key>, exit status 0
2022-05-16 07:31:32,834 INFO  Executed sudo<tedge_unset_config_key>, exit status 0
2022-05-16 07:31:33,348 INFO  Executed sudo<tedge_unset_config_key>, exit status 0
2022-05-16 07:31:33,862 INFO  Executed sudo<tedge_unset_config_key>, exit status 0
2022-05-16 07:31:34,376 INFO  Executed sudo<tedge_unset_config_key>, exit status 0
2022-05-16 07:31:34,890 INFO  Executed sudo<tedge_unset_config_key>, exit status 0
2022-05-16 07:31:35,454 INFO  Executed sudo<tedge_get_config_key>, exit status 0
2022-05-16 07:31:35,458 INFO  Assert that (expect == valueread) with expect="/etc/tedge/device-certs/tedge-private-key.pem", valueread="/etc/tedge/device-certs/tedge-private-key.pem" ... passed
2022-05-16 07:31:35,970 INFO  Executed sudo<tedge_get_config_key>, exit status 0
2022-05-16 07:31:35,974 INFO  Assert that (expect == valueread) with expect="/etc/tedge/device-certs/tedge-certificate.pem", valueread="/etc/tedge/device-certs/tedge-certificate.pem" ... passed
2022-05-16 07:31:36,486 INFO  Executed sudo<tedge_get_config_key>, exit status 0
2022-05-16 07:31:36,490 INFO  Assert that (expect == valueread) with expect=None, valueread=None ... passed
2022-05-16 07:31:37,002 INFO  Executed sudo<tedge_get_config_key>, exit status 0
2022-05-16 07:31:37,006 INFO  Assert that (expect == valueread) with expect="/etc/ssl/certs", valueread="/etc/ssl/certs" ... passed
2022-05-16 07:31:37,518 INFO  Executed sudo<tedge_get_config_key>, exit status 0
2022-05-16 07:31:37,522 INFO  Assert that (expect == valueread) with expect=None, valueread=None ... passed
2022-05-16 07:31:38,084 INFO  Executed sudo<tedge_get_config_key>, exit status 0
2022-05-16 07:31:38,088 INFO  Assert that (expect == valueread) with expect="/etc/ssl/certs", valueread="/etc/ssl/certs" ... passed
2022-05-16 07:31:38,600 INFO  Executed sudo<tedge_set_config_key>, exit status 0
2022-05-16 07:31:39,113 INFO  Executed sudo<tedge_get_config_key>, exit status 0
2022-05-16 07:31:39,117 INFO  Assert that (value == vread) with value="failfailfail", vread="failfailfail" ... passed
2022-05-16 07:31:39,629 INFO  Executed sudo<tedge_set_config_key>, exit status 0
2022-05-16 07:31:40,146 INFO  Executed sudo<tedge_get_config_key>, exit status 0
2022-05-16 07:31:40,150 INFO  Assert that (value == vread) with value="failfailfail", vread="failfailfail" ... passed
2022-05-16 07:31:40,663 INFO  Executed sudo<tedge_set_config_key>, exit status 0
2022-05-16 07:31:41,229 INFO  Executed sudo<tedge_get_config_key>, exit status 0
2022-05-16 07:31:41,233 INFO  Assert that (value == vread) with value="failfailfail", vread="failfailfail" ... passed
2022-05-16 07:31:41,898 INFO  Executed sudo<tedge_set_config_key>, exit status 0
2022-05-16 07:31:42,410 INFO  Executed sudo<tedge_get_config_key>, exit status 0
2022-05-16 07:31:42,414 INFO  Assert that (value == vread) with value="failfailfail", vread="failfailfail" ... passed
2022-05-16 07:31:42,926 INFO  Executed sudo<tedge_set_config_key>, exit status 0
2022-05-16 07:31:43,438 INFO  Executed sudo<tedge_get_config_key>, exit status 0
2022-05-16 07:31:43,443 INFO  Assert that (value == vread) with value="failfailfail", vread="failfailfail" ... passed
2022-05-16 07:31:43,956 INFO  Executed sudo<tedge_set_config_key>, exit status 0
2022-05-16 07:31:44,468 INFO  Executed sudo<tedge_get_config_key>, exit status 0
2022-05-16 07:31:44,472 INFO  Assert that (value == vread) with value="failfailfail", vread="failfailfail" ... passed
2022-05-16 07:31:45,001 INFO  Executed sudo<tedge_set_config_key>, exit status 0
2022-05-16 07:31:45,513 INFO  Executed sudo<tedge_set_config_key>, exit status 0
2022-05-16 07:31:46,026 INFO  Executed sudo<tedge_set_config_key>, exit status 0
2022-05-16 07:31:46,562 INFO  Executed sudo<tedge_set_config_key>, exit status 0
2022-05-16 07:31:47,075 INFO  Executed sudo<tedge_set_config_key>, exit status 0
2022-05-16 07:31:47,621 INFO  Executed sudo<tedge_set_config_key>, exit status 0
2022-05-16 07:31:47,622 INFO  /etc/tedge/device-certs/tedge-private-key.pem
2022-05-16 07:31:47,623 INFO  /etc/tedge/device-certs/tedge-certificate.pem
2022-05-16 07:31:47,624 INFO  thin-edge-io.eu-latest.cumulocity.com
2022-05-16 07:31:47,624 INFO  /etc/ssl/certs
2022-05-16 07:31:47,625 INFO  thinedge-gh-ci.azure-devices.net
2022-05-16 07:31:47,625 INFO  /etc/ssl/certs/Baltimore_CyberTrust_Root.pem
2022-05-16 07:31:48,143 INFO  Executed sudo<tedge_get_config_key>, exit status 0
2022-05-16 07:31:48,147 INFO  Assert that (valueold == valuenew) with valueold="/etc/tedge/device-certs/tedge-private-key.pem", valuenew="/etc/tedge/device-certs/tedge-private-key.pem" ... passed
2022-05-16 07:31:48,659 INFO  Executed sudo<tedge_get_config_key>, exit status 0
2022-05-16 07:31:48,663 INFO  Assert that (valueold == valuenew) with valueold="/etc/tedge/device-certs/tedge-certificate.pem", valuenew="/etc/tedge/device-certs/tedge-certificate.pem" ... passed
2022-05-16 07:31:49,180 INFO  Executed sudo<tedge_get_config_key>, exit status 0
2022-05-16 07:31:49,184 INFO  Assert that (valueold == valuenew) with valueold="thin-edge-io.eu-latest.cumulocity.com", valuenew="thin-edge-io.eu-latest.cumulocity.com" ... passed
2022-05-16 07:31:49,697 INFO  Executed sudo<tedge_get_config_key>, exit status 0
2022-05-16 07:31:49,701 INFO  Assert that (valueold == valuenew) with valueold="/etc/ssl/certs", valuenew="/etc/ssl/certs" ... passed
2022-05-16 07:31:50,213 INFO  Executed sudo<tedge_get_config_key>, exit status 0
2022-05-16 07:31:50,217 INFO  Assert that (valueold == valuenew) with valueold="thinedge-gh-ci.azure-devices.net", valuenew="thinedge-gh-ci.azure-devices.net" ... passed
2022-05-16 07:31:50,783 INFO  Executed sudo<tedge_get_config_key>, exit status 0
2022-05-16 07:31:50,789 INFO  Assert that (valueold == valuenew) with valueold="/etc/ssl/certs/Baltimore_CyberTrust_Root.pem", valuenew="/etc/ssl/certs/Baltimore_CyberTrust_Root.pem" ... passed
2022-05-16 07:31:51,363 INFO  Executed sudo<tedge_unset_device_id>, exit status 1
2022-05-16 07:31:51,937 INFO  Executed sudo<tedge_set_device_id>, exit status 1
2022-05-16 07:31:51,948 INFO  
2022-05-16 07:31:51,949 INFO  Test duration: 24.03 secs
2022-05-16 07:31:51,950 INFO  Test final outcome:  PASSED
2022-05-16 07:31:51,951 INFO  
