2022-04-15 09:52:05,188 INFO  ==============================================================
2022-04-15 09:52:05,189 INFO  Id:    docker_plugin_install_with_version
2022-04-15 09:52:05,190 INFO  Dir:   plugin_docker/
2022-04-15 09:52:05,191 INFO  Title: Validate docker plugin install
2022-04-15 09:52:05,192 INFO  ==============================================================
2022-04-15 09:52:06,010 INFO  Executed sudo<docker_images>, exit status 0
2022-04-15 09:52:06,017 INFO  Grep on file /home/pi/actions-runner/_work/thin-edge.io/thin-edge.io/tests/PySys/plugin_docker/docker_plugin_install_with_version/Output/linux/docker_images.out ... passed
2022-04-15 09:52:29,697 INFO  Executed sudo<plugin_install>, exit status 0, duration 23 secs
2022-04-15 09:52:30,981 INFO  Executed sudo<docker_ps_latest>, exit status 0
2022-04-15 09:52:32,014 INFO  Executed sudo<docker_ps>, exit status 0
2022-04-15 09:52:32,020 INFO  Grep on file /home/pi/actions-runner/_work/thin-edge.io/thin-edge.io/tests/PySys/plugin_docker/docker_plugin_install_with_version/Output/linux/docker_ps.out ... passed
2022-04-15 09:52:32,025 INFO  
2022-04-15 09:52:32,026 INFO  cleanup:
2022-04-15 09:52:32,027 INFO  Removing containers scheduled to be cleaned up: ['ff72adf29846', '7f99db9f9d74']
2022-04-15 09:52:34,886 WARN  Executed sudo<containers_for_cleanup>, exit status 1
2022-04-15 09:52:34,887 INFO  Removing images scheduled to be cleaned up: ['registry', 'registry', 'registry:2.7.1']
2022-04-15 09:52:38,565 INFO  Executed sudo<containers_for_cleanup>, exit status 0
2022-04-15 09:52:38,569 INFO  
2022-04-15 09:52:38,570 INFO  Test duration: 33.39 secs
2022-04-15 09:52:38,571 INFO  Test final outcome:  PASSED
2022-04-15 09:52:38,572 INFO  
