2022-05-02 15:31:43,296 INFO  ==============================================================
2022-05-02 15:31:43,297 INFO  Id:    apt_install_local_file_with_version_fail
2022-05-02 15:31:43,298 INFO  Dir:   plugin_apt/
2022-05-02 15:31:43,299 INFO  Title: Validate apt plugin install from local file AND with a version - FAIL case
2022-05-02 15:31:43,300 INFO  ==============================================================
2022-05-02 15:31:45,480 INFO  URL of rolldice is b"'http://mirror.mythic-beasts.com/raspbian/pool/main/r/rolldice/rolldice_1.16-1%2bb2_armhf.deb'"
2022-05-02 15:31:48,299 INFO  Downloaded rolldcice in version 1.16-1+b2
2022-05-02 15:31:48,301 INFO  Filename is rolldice_1.16-1+b2_armhf.deb
2022-05-02 15:32:04,703 INFO  Executed sudo, exit status 0, duration 16 secs
2022-05-02 15:32:12,736 INFO  Executed sudo<outp_check_0>, exit status 0
2022-05-02 15:32:12,740 INFO  Assert that (value==0) with value=0 ... passed
2022-05-02 15:32:12,747 INFO  Grep on file outp_check_0.out ... passed
2022-05-02 15:32:13,308 INFO  Executed sudo<outp_install>, exit status 5
2022-05-02 15:32:13,310 INFO  Assert that (value==5) with value=5 ... passed
2022-05-02 15:32:16,134 INFO  Executed sudo<outp_check_1>, exit status 0
2022-05-02 15:32:16,136 INFO  Assert that (value==0) with value=0 ... passed
2022-05-02 15:32:16,141 INFO  Grep on file outp_check_1.out ... passed
2022-05-02 15:32:16,147 INFO  
2022-05-02 15:32:16,148 INFO  cleanup:
2022-05-02 15:32:16,150 INFO  
2022-05-02 15:32:16,151 INFO  Test duration: 32.86 secs
2022-05-02 15:32:16,152 INFO  Test final outcome:  PASSED
2022-05-02 15:32:16,153 INFO  
