2022-05-10 19:47:14,808 INFO  ==============================================================
2022-05-10 19:47:14,810 INFO  Id:    apt_install
2022-05-10 19:47:14,812 INFO  Dir:   plugin_apt/
2022-05-10 19:47:14,815 INFO  Title: Validate apt plugin prepare - dense version
2022-05-10 19:47:14,817 INFO  ==============================================================
2022-05-10 19:47:19,768 INFO  Executed sudo, exit status 0
2022-05-10 19:47:22,337 INFO  Executed sudo<outp_check_0>, exit status 0
2022-05-10 19:47:22,339 INFO  Assert that (value==0) with value=0 ... passed
2022-05-10 19:47:22,348 INFO  Grep on file outp_check_0.out ... passed
2022-05-10 19:48:02,184 INFO  Executed sudo<outp_install>, exit status 0, duration 39 secs
2022-05-10 19:48:02,187 INFO  Assert that (value==0) with value=0 ... passed
2022-05-10 19:48:07,660 INFO  Executed sudo<outp_check_1>, exit status 0
2022-05-10 19:48:07,662 INFO  Assert that (value==0) with value=0 ... passed
2022-05-10 19:48:07,667 INFO  Grep on file outp_check_1.out ... passed
2022-05-10 19:48:07,673 INFO  
2022-05-10 19:48:07,674 INFO  cleanup:
2022-05-10 19:48:21,401 INFO  Executed sudo, exit status 0, duration 13 secs
2022-05-10 19:48:21,406 INFO  
2022-05-10 19:48:21,407 INFO  Test duration: 66.61 secs
2022-05-10 19:48:21,408 INFO  Test final outcome:  PASSED
2022-05-10 19:48:21,409 INFO  
