2022-04-14 10:22:08,331 INFO  ==============================================================
2022-04-14 10:22:08,332 INFO  Id:    SoftwareManagement.sm_apt_install_download_path
2022-04-14 10:22:08,333 INFO  Dir:   software_management_end_to_end/
2022-04-14 10:22:08,334 INFO  Title: Install package to directory specified in tedge config set tmp.path
2022-04-14 10:22:08,335 INFO  ==============================================================
2022-04-14 10:22:08,729 INFO  Using sw id database: {'asciijump': '5475369', 'robotfindskitten': '5474869', 'squirrel3': '5475279', 'rolldice': '5152439', 'moon-buggy': '5439204', 'apple': '5495053', 'banana': '5494888', 'cherry': '5495382', 'watermelon': '5494510', 'registry': '8018911', 'hello-world': '8021526', 'docker/getting-started': '8021973', 'alpine': '7991792'}
2022-04-14 10:22:08,730 INFO  EnvironmentC8y Setup
2022-04-14 10:22:09,543 INFO  Executed systemctl<serv_mapper1>, exit status 3
2022-04-14 10:22:23,906 INFO  Executed sudo<tedge_connect_c8y>, exit status 0, duration 14 secs
2022-04-14 10:22:25,692 INFO  Executed sudo<tedge_connect_c8y_test>, exit status 0
2022-04-14 10:22:26,714 INFO  Executed systemctl<serv_mosq2>, exit status 0
2022-04-14 10:22:27,280 INFO  Executed systemctl<serv_mapper3>, exit status 0
2022-04-14 10:22:29,540 ERROR No operations found, assuming it passed
2022-04-14 10:22:29,750 WARN  TypeError occurred while running test - 'NoneType' object is not iterable
Traceback (most recent call last):
  File "/home/pi/env-pysys/lib/python3.7/site-packages/pysys/baserunner.py", line 1292, in __call__
    self.testObj.setup()
  File "/home/pi/actions-runner/_work/thin-edge.io/thin-edge.io/tests/PySys/software_management_end_to_end/sm_apt_install_download_path/run.py", line 49, in setup
    self.assertThat("False == value", value=self.check_is_installed("rolldice"))
  File "/home/pi/actions-runner/_work/thin-edge.io/thin-edge.io/tests/PySys/software_management_end_to_end/environment_sm_management.py", line 398, in check_is_installed
    for package in package_list:
TypeError: 'NoneType' object is not iterable
2022-04-14 10:22:30,344 WARN  TypeError: 'NoneType' object is not iterable ... blocked 
2022-04-14 10:22:30,345 INFO  
2022-04-14 10:22:30,346 INFO  cleanup:
2022-04-14 10:22:30,842 INFO  Executed sudo, exit status 0
2022-04-14 10:22:31,355 INFO  Executed sudo, exit status 0
2022-04-14 10:22:35,484 INFO  Executed sudo<tedge_disconnect_c8y>, exit status 0
2022-04-14 10:22:35,594 INFO  Restarting mosquitto too frequently in the last 10 seconds. It was only up for 3 seconds
2022-04-14 10:22:35,595 INFO  Delaying execution by 8 seconds
2022-04-14 10:22:57,820 INFO  Executed sudo<tedge_connect_c8y>, exit status 0, duration 14 secs
2022-04-14 10:23:01,897 INFO  Executed sudo<tedge_disconnect_c8y>, exit status 0
2022-04-14 10:23:02,460 INFO  Executed systemctl<serv_mapper5>, exit status 3
2022-04-14 10:23:02,465 INFO  
2022-04-14 10:23:02,466 INFO  Test duration: 54.14 secs
2022-04-14 10:23:02,467 INFO  Test final outcome:  BLOCKED
2022-04-14 10:23:02,468 INFO  Test outcome reason: TypeError: 'NoneType' object is not iterable
2022-04-14 10:23:02,468 INFO  
