2022-05-10 19:31:31,579 INFO  ==============================================================
2022-05-10 19:31:31,579 INFO  Id:    tedge_mapper_c8y_packet_threshold_size
2022-05-10 19:31:31,579 INFO  Dir:   tedge_mapper_c8y/
2022-05-10 19:31:31,579 INFO  Title: Validate the Cumulocity Mapper accepted threshold packet size when it receives a message on tedge/measurements
2022-05-10 19:31:31,579 INFO  ==============================================================
2022-05-10 19:31:31,580 INFO  EnvironmentC8y Setup
2022-05-10 19:31:31,682 INFO  Executed systemctl<serv_mapper1>, exit status 3
2022-05-10 19:31:31,698 INFO  Restarting mosquitto too frequently in the last 10 seconds. It was only up for 2 seconds
2022-05-10 19:31:31,698 INFO  Delaying execution by 9 seconds
2022-05-10 19:31:58,221 INFO  Executed sudo<tedge_connect_c8y>, exit status 0, duration 17 secs
2022-05-10 19:31:58,373 INFO  Executed sudo<tedge_connect_c8y_test>, exit status 0
2022-05-10 19:31:58,476 INFO  Executed systemctl<serv_mosq2>, exit status 0
2022-05-10 19:31:58,578 INFO  Executed systemctl<serv_mapper3>, exit status 0
2022-05-10 19:31:58,681 INFO  Executed sudo<tedge_mapper_c8y>, exit status 0
2022-05-10 19:31:58,683 INFO  Started sudo<tedge_sub> with process id 637726
2022-05-10 19:31:58,886 INFO  Executed sudo<tedge_msg>, exit status 0
2022-05-10 19:31:58,988 INFO  Executed sudo<tedge_pub>, exit status 0
2022-05-10 19:31:59,091 INFO  Executed sudo<kill_out>, exit status 0
2022-05-10 19:31:59,093 INFO  Grep on file tedge_sub.out ... passed
2022-05-10 19:31:59,093 INFO  
2022-05-10 19:31:59,093 INFO  cleanup:
2022-05-10 19:31:59,093 INFO  mapper_cleanup
2022-05-10 19:31:59,196 INFO  Executed sudo<tedge_mapper_c8y>, exit status 0
2022-05-10 19:31:59,215 INFO  Restarting mosquitto too frequently in the last 10 seconds. It was only up for 8 seconds
2022-05-10 19:31:59,215 INFO  Delaying execution by 3 seconds
2022-05-10 19:32:13,155 INFO  Executed sudo<tedge_disconnect_c8y>, exit status 0
2022-05-10 19:32:13,257 INFO  Executed systemctl<serv_mapper5>, exit status 3
2022-05-10 19:32:13,258 INFO  
2022-05-10 19:32:13,258 INFO  Test duration: 41.67 secs
2022-05-10 19:32:13,259 INFO  Test final outcome:  PASSED
2022-05-10 19:32:13,259 INFO  
