2022-05-03 08:08:49,006 INFO  ==============================================================
2022-05-03 08:08:49,006 INFO  Id:    sm_tedge_mapper_init_session
2022-05-03 08:08:49,008 INFO  Dir:   tedge_mapper_c8y/
2022-05-03 08:08:49,008 INFO  Title: Validate tedge_mapper_sm_c8y init session feature
2022-05-03 08:08:49,009 INFO  ==============================================================
2022-05-03 08:08:49,018 INFO  EnvironmentC8y Setup
2022-05-03 08:08:49,629 INFO  Executed systemctl<serv_mapper1>, exit status 3
2022-05-03 08:08:49,778 INFO  Restarting mosquitto too frequently in the last 10 seconds. It was only up for 8 seconds
2022-05-03 08:08:49,780 INFO  Delaying execution by 3 seconds
2022-05-03 08:09:10,404 INFO  Executed sudo<tedge_connect_c8y>, exit status 0, duration 17 secs
2022-05-03 08:09:10,968 INFO  Executed sudo<tedge_connect_c8y_test>, exit status 0
2022-05-03 08:09:11,491 INFO  Executed systemctl<serv_mosq2>, exit status 0
2022-05-03 08:09:12,056 INFO  Executed systemctl<serv_mapper3>, exit status 0
2022-05-03 08:09:12,669 INFO  Executed sudo<stop_tedge_mapper>, exit status 0
2022-05-03 08:09:13,233 INFO  Executed sudo<remove_lock>, exit status 0
2022-05-03 08:09:13,796 INFO  Executed sudo<mapper_drop>, exit status 0
2022-05-03 08:09:14,409 INFO  Executed sudo<mapper_init>, exit status 0
2022-05-03 08:09:14,972 INFO  Executed sudo<pub_req>, exit status 0
2022-05-03 08:09:14,980 INFO  Started sudo<sub_resp> with process id 26733
2022-05-03 08:09:15,752 INFO  Executed sudo<start_mapper>, exit status 0
2022-05-03 08:09:15,754 INFO  Waiting for 2.0 seconds
2022-05-03 08:09:18,340 INFO  Executed sudo<sub_stop>, exit status 0
2022-05-03 08:09:18,346 INFO  Grep on file sub_resp.out ... passed
2022-05-03 08:09:18,356 INFO  
2022-05-03 08:09:18,356 INFO  cleanup:
2022-05-03 08:09:23,758 INFO  Executed sudo<tedge_disconnect_c8y>, exit status 0
2022-05-03 08:09:24,321 INFO  Executed systemctl<serv_mapper5>, exit status 3
2022-05-03 08:09:24,431 INFO  Restarting mosquitto too frequently in the last 10 seconds. It was only up for 5 seconds
2022-05-03 08:09:24,432 INFO  Delaying execution by 6 seconds
2022-05-03 08:09:30,951 INFO  Executed sudo<tedge_disconnect_c8y>, exit status 0
2022-05-03 08:09:31,513 INFO  Executed systemctl<serv_mapper5>, exit status 3
2022-05-03 08:09:31,517 INFO  
2022-05-03 08:09:31,518 INFO  Test duration: 42.52 secs
2022-05-03 08:09:31,519 INFO  Test final outcome:  PASSED
2022-05-03 08:09:31,520 INFO  
