2022-04-07 16:40:23,554 INFO  ==============================================================
2022-04-07 16:40:23,555 INFO  Id:    apt_install_local_file_with_version_fail
2022-04-07 16:40:23,556 INFO  Dir:   plugin_apt/
2022-04-07 16:40:23,557 INFO  Title: Validate apt plugin install from local file AND with a version - FAIL case
2022-04-07 16:40:23,558 DEBUG Execution order hint: 0.0
2022-04-07 16:40:23,558 INFO  ==============================================================
2022-04-07 16:40:25,587 INFO  URL of rolldice is b"'http://mirror.mythic-beasts.com/raspbian/pool/main/r/rolldice/rolldice_1.16-1+b1_armhf.deb'"
2022-04-07 16:40:27,879 INFO  Downloaded rolldcice in version 1.16-1+b1
2022-04-07 16:40:27,881 INFO  Filename is rolldice_1.16-1+b1_armhf.deb
2022-04-07 16:40:27,884 DEBUG Process parameters for sudo
  command line : /usr/bin/sudo /usr/bin/apt-get remove -y rolldice
    arg #1     : /usr/bin/apt-get
    arg #2     : remove
    arg #3     : -y
    arg #4     : rolldice
  working dir  : /home/pi/actions-runner/_work/thin-edge.io/thin-edge.io/tests/PySys/plugin_apt/apt_install_local_file_with_version_fail/Output/linux
  stdout       : None
  stderr       : None
  environment  : LD_LIBRARY_PATH=/usr/lib
  environment  : PATH=/bin:/usr/bin:/usr/sbin:/usr/local/bin
                   #1  /bin
                   #2  /usr/bin
                   #3  /usr/sbin
                   #4  /usr/local/bin
2022-04-07 16:40:27,892 DEBUG Waiting up to 600 secs for process sudo (pid 5636)
2022-04-07 16:40:41,020 INFO  Executed sudo, exit status 0, duration 13 secs
2022-04-07 16:40:41,023 DEBUG Process parameters for sudo<outp_check_0>
  command line : /usr/bin/sudo /etc/tedge/sm-plugins/apt list
    arg #1     : /etc/tedge/sm-plugins/apt
    arg #2     : list
  working dir  : /home/pi/actions-runner/_work/thin-edge.io/thin-edge.io/tests/PySys/plugin_apt/apt_install_local_file_with_version_fail/Output/linux
  stdout       : /home/pi/actions-runner/_work/thin-edge.io/thin-edge.io/tests/PySys/plugin_apt/apt_install_local_file_with_version_fail/Output/linux/outp_check_0.out
  stderr       : /home/pi/actions-runner/_work/thin-edge.io/thin-edge.io/tests/PySys/plugin_apt/apt_install_local_file_with_version_fail/Output/linux/outp_check_0.err
  environment  : LD_LIBRARY_PATH=/usr/lib
  environment  : PATH=/bin:/usr/bin:/usr/sbin:/usr/local/bin
                   #1  /bin
                   #2  /usr/bin
                   #3  /usr/sbin
                   #4  /usr/local/bin
2022-04-07 16:40:41,030 DEBUG Waiting up to 600 secs for process sudo<outp_check_0> (pid 5665)
2022-04-07 16:40:46,330 INFO  Executed sudo<outp_check_0>, exit status 0
2022-04-07 16:40:46,332 INFO  Assert that (value==0) with value=0 ... passed
2022-04-07 16:40:46,333 DEBUG Performing regex contains=False grep on file: /home/pi/actions-runner/_work/thin-edge.io/thin-edge.io/tests/PySys/plugin_apt/apt_install_local_file_with_version_fail/Output/linux/outp_check_0.out
2022-04-07 16:40:46,338 INFO  Grep on file outp_check_0.out ... passed
2022-04-07 16:40:46,339 DEBUG --- test execute
2022-04-07 16:40:46,341 DEBUG Process parameters for sudo<outp_install>
  command line : /usr/bin/sudo /etc/tedge/sm-plugins/apt install rolldice --module-version 1.16-1+b1 --file None
    arg #1     : /etc/tedge/sm-plugins/apt
    arg #2     : install
    arg #3     : rolldice
    arg #4     : --module-version
    arg #5     : 1.16-1+b1
    arg #6     : --file
    arg #7     : None
  working dir  : /home/pi/actions-runner/_work/thin-edge.io/thin-edge.io/tests/PySys/plugin_apt/apt_install_local_file_with_version_fail/Output/linux
  stdout       : /home/pi/actions-runner/_work/thin-edge.io/thin-edge.io/tests/PySys/plugin_apt/apt_install_local_file_with_version_fail/Output/linux/outp_install.out
  stderr       : /home/pi/actions-runner/_work/thin-edge.io/thin-edge.io/tests/PySys/plugin_apt/apt_install_local_file_with_version_fail/Output/linux/outp_install.err
  environment  : LD_LIBRARY_PATH=/usr/lib
  environment  : PATH=/bin:/usr/bin:/usr/sbin:/usr/local/bin
                   #1  /bin
                   #2  /usr/bin
                   #3  /usr/sbin
                   #4  /usr/local/bin
2022-04-07 16:40:46,348 DEBUG Waiting up to 600 secs for process sudo<outp_install> (pid 5671)
2022-04-07 16:40:46,855 INFO  Executed sudo<outp_install>, exit status 5
2022-04-07 16:40:46,857 INFO  Assert that (value==5) with value=5 ... passed
2022-04-07 16:40:46,858 DEBUG --- test validate
2022-04-07 16:40:46,860 DEBUG Process parameters for sudo<outp_check_1>
  command line : /usr/bin/sudo /etc/tedge/sm-plugins/apt list
    arg #1     : /etc/tedge/sm-plugins/apt
    arg #2     : list
  working dir  : /home/pi/actions-runner/_work/thin-edge.io/thin-edge.io/tests/PySys/plugin_apt/apt_install_local_file_with_version_fail/Output/linux
  stdout       : /home/pi/actions-runner/_work/thin-edge.io/thin-edge.io/tests/PySys/plugin_apt/apt_install_local_file_with_version_fail/Output/linux/outp_check_1.out
  stderr       : /home/pi/actions-runner/_work/thin-edge.io/thin-edge.io/tests/PySys/plugin_apt/apt_install_local_file_with_version_fail/Output/linux/outp_check_1.err
  environment  : LD_LIBRARY_PATH=/usr/lib
  environment  : PATH=/bin:/usr/bin:/usr/sbin:/usr/local/bin
                   #1  /bin
                   #2  /usr/bin
                   #3  /usr/sbin
                   #4  /usr/local/bin
2022-04-07 16:40:46,867 DEBUG Waiting up to 600 secs for process sudo<outp_check_1> (pid 5674)
2022-04-07 16:40:49,496 INFO  Executed sudo<outp_check_1>, exit status 0
2022-04-07 16:40:49,498 INFO  Assert that (value==0) with value=0 ... passed
2022-04-07 16:40:49,499 DEBUG Performing regex contains=False grep on file: /home/pi/actions-runner/_work/thin-edge.io/thin-edge.io/tests/PySys/plugin_apt/apt_install_local_file_with_version_fail/Output/linux/outp_check_1.out
2022-04-07 16:40:49,504 INFO  Grep on file outp_check_1.out ... passed
2022-04-07 16:40:49,510 DEBUG --- test cleanup
2022-04-07 16:40:49,511 INFO  
2022-04-07 16:40:49,511 INFO  cleanup:
2022-04-07 16:40:49,512 DEBUG Running registered cleanup function: <bound method AptPluginInstallFromLocalFileWithVersionFail.cleanup_remove_rolldice_binary of <AptPluginInstallFromLocalFileWithVersionFail object at 0x75deccf0>>
2022-04-07 16:40:49,513 DEBUG ProcessUser cleanup function done.
2022-04-07 16:40:49,516 INFO  
2022-04-07 16:40:49,517 INFO  Test duration: 25.97 secs
2022-04-07 16:40:49,518 INFO  Test final outcome:  PASSED
2022-04-07 16:40:49,518 INFO  
