2022-04-14 07:22:51,008 INFO  ==============================================================
2022-04-14 07:22:51,009 INFO  Id:    docker_plugin_finalize
2022-04-14 07:22:51,013 INFO  Dir:   plugin_docker/
2022-04-14 07:22:51,014 INFO  Title: Validate docker plugin finalize command
2022-04-14 07:22:51,015 INFO  ==============================================================
2022-04-14 07:22:52,278 INFO  Executed sudo<docker_images>, exit status 0
2022-04-14 07:22:52,292 INFO  Grep on file /home/pi/actions-runner/_work/thin-edge.io/thin-edge.io/tests/PySys/plugin_docker/docker_plugin_finalize/Output/linux/docker_images.out ... passed
2022-04-14 07:23:13,214 INFO  Executed sudo<docker_pull>, exit status 0, duration 20 secs
2022-04-14 07:23:14,696 INFO  Executed sudo<docker_images>, exit status 0
2022-04-14 07:23:14,702 INFO  Grep on file /home/pi/actions-runner/_work/thin-edge.io/thin-edge.io/tests/PySys/plugin_docker/docker_plugin_finalize/Output/linux/docker_images.out ... passed
2022-04-14 07:23:18,539 INFO  Executed sudo<plugin_finalize>, exit status 0
2022-04-14 07:23:19,354 INFO  Executed sudo<docker_ps_latest>, exit status 0
2022-04-14 07:23:20,171 INFO  Executed sudo<docker_images>, exit status 0
2022-04-14 07:23:20,175 INFO  Grep on file /home/pi/actions-runner/_work/thin-edge.io/thin-edge.io/tests/PySys/plugin_docker/docker_plugin_finalize/Output/linux/docker_images.out ... passed
2022-04-14 07:23:20,183 INFO  
2022-04-14 07:23:20,183 INFO  cleanup:
2022-04-14 07:23:20,184 INFO  Removing images scheduled to be cleaned up: ['registry']
2022-04-14 07:23:20,996 INFO  Executed sudo<containers_for_cleanup>, exit status 0
2022-04-14 07:23:21,001 INFO  
2022-04-14 07:23:21,001 INFO  Test duration: 30.00 secs
2022-04-14 07:23:21,003 INFO  Test final outcome:  PASSED
2022-04-14 07:23:21,003 INFO  
