2022-04-11 10:09:39,117 INFO  ==============================================================
2022-04-11 10:09:39,118 INFO  Id:    apt_sequence_install_with_version
2022-04-11 10:09:39,119 INFO  Dir:   plugin_apt/
2022-04-11 10:09:39,119 INFO  Title: Validate apt plugin install with version use case
2022-04-11 10:09:39,120 DEBUG Execution order hint: 0.0
2022-04-11 10:09:39,121 INFO  ==============================================================
2022-04-11 10:09:39,519 DEBUG Process parameters for sudo
  command line : /usr/bin/sudo /usr/bin/apt-get remove -y rolldice
    arg #1     : /usr/bin/apt-get
    arg #2     : remove
    arg #3     : -y
    arg #4     : rolldice
  working dir  : /home/pi/actions-runner/_work/thin-edge.io/thin-edge.io/tests/PySys/plugin_apt/apt_sequence_install_with_version/Output/linux
  stdout       : None
  stderr       : None
  environment  : LD_LIBRARY_PATH=/usr/lib
  environment  : PATH=/bin:/usr/bin:/usr/sbin:/usr/local/bin
                   #1  /bin
                   #2  /usr/bin
                   #3  /usr/sbin
                   #4  /usr/local/bin
2022-04-11 10:09:39,527 DEBUG Waiting up to 600 secs for process sudo (pid 4176)
2022-04-11 10:09:44,156 INFO  Executed sudo, exit status 0
2022-04-11 10:09:44,159 DEBUG Process parameters for sudo<outp_check_0>
  command line : /usr/bin/sudo /etc/tedge/sm-plugins/apt list
    arg #1     : /etc/tedge/sm-plugins/apt
    arg #2     : list
  working dir  : /home/pi/actions-runner/_work/thin-edge.io/thin-edge.io/tests/PySys/plugin_apt/apt_sequence_install_with_version/Output/linux
  stdout       : /home/pi/actions-runner/_work/thin-edge.io/thin-edge.io/tests/PySys/plugin_apt/apt_sequence_install_with_version/Output/linux/outp_check_0.out
  stderr       : /home/pi/actions-runner/_work/thin-edge.io/thin-edge.io/tests/PySys/plugin_apt/apt_sequence_install_with_version/Output/linux/outp_check_0.err
  environment  : LD_LIBRARY_PATH=/usr/lib
  environment  : PATH=/bin:/usr/bin:/usr/sbin:/usr/local/bin
                   #1  /bin
                   #2  /usr/bin
                   #3  /usr/sbin
                   #4  /usr/local/bin
2022-04-11 10:09:44,167 DEBUG Waiting up to 600 secs for process sudo<outp_check_0> (pid 4180)
2022-04-11 10:09:46,684 INFO  Executed sudo<outp_check_0>, exit status 0
2022-04-11 10:09:46,686 INFO  Assert that (value==0) with value=0 ... passed
2022-04-11 10:09:46,687 DEBUG Performing regex contains=False grep on file: /home/pi/actions-runner/_work/thin-edge.io/thin-edge.io/tests/PySys/plugin_apt/apt_sequence_install_with_version/Output/linux/outp_check_0.out
2022-04-11 10:09:46,692 INFO  Grep on file outp_check_0.out ... passed
2022-04-11 10:09:46,693 DEBUG --- test execute
2022-04-11 10:09:46,697 DEBUG Process parameters for sudo<outp_prepare>
  command line : /usr/bin/sudo /etc/tedge/sm-plugins/apt prepare
    arg #1     : /etc/tedge/sm-plugins/apt
    arg #2     : prepare
  working dir  : /home/pi/actions-runner/_work/thin-edge.io/thin-edge.io/tests/PySys/plugin_apt/apt_sequence_install_with_version/Output/linux
  stdout       : /home/pi/actions-runner/_work/thin-edge.io/thin-edge.io/tests/PySys/plugin_apt/apt_sequence_install_with_version/Output/linux/outp_prepare.out
  stderr       : /home/pi/actions-runner/_work/thin-edge.io/thin-edge.io/tests/PySys/plugin_apt/apt_sequence_install_with_version/Output/linux/outp_prepare.err
  environment  : LD_LIBRARY_PATH=/usr/lib
  environment  : PATH=/bin:/usr/bin:/usr/sbin:/usr/local/bin
                   #1  /bin
                   #2  /usr/bin
                   #3  /usr/sbin
                   #4  /usr/local/bin
2022-04-11 10:09:46,704 DEBUG Waiting up to 600 secs for process sudo<outp_prepare> (pid 4186)
2022-04-11 10:10:05,153 INFO  Executed sudo<outp_prepare>, exit status 0, duration 18 secs
2022-04-11 10:10:05,155 INFO  Assert that (value==0) with value=0 ... passed
2022-04-11 10:10:05,160 DEBUG Process parameters for sudo<outp_install>
  command line : /usr/bin/sudo /etc/tedge/sm-plugins/apt install rolldice --module-version 1.16-1+b1
    arg #1     : /etc/tedge/sm-plugins/apt
    arg #2     : install
    arg #3     : rolldice
    arg #4     : --module-version
    arg #5     : 1.16-1+b1
  working dir  : /home/pi/actions-runner/_work/thin-edge.io/thin-edge.io/tests/PySys/plugin_apt/apt_sequence_install_with_version/Output/linux
  stdout       : /home/pi/actions-runner/_work/thin-edge.io/thin-edge.io/tests/PySys/plugin_apt/apt_sequence_install_with_version/Output/linux/outp_install.out
  stderr       : /home/pi/actions-runner/_work/thin-edge.io/thin-edge.io/tests/PySys/plugin_apt/apt_sequence_install_with_version/Output/linux/outp_install.err
  environment  : LD_LIBRARY_PATH=/usr/lib
  environment  : PATH=/bin:/usr/bin:/usr/sbin:/usr/local/bin
                   #1  /bin
                   #2  /usr/bin
                   #3  /usr/sbin
                   #4  /usr/local/bin
2022-04-11 10:10:05,168 DEBUG Waiting up to 600 secs for process sudo<outp_install> (pid 4300)
2022-04-11 10:10:49,664 INFO  Executed sudo<outp_install>, exit status 0, duration 44 secs
2022-04-11 10:10:49,667 INFO  Assert that (value==0) with value=0 ... passed
2022-04-11 10:10:49,671 DEBUG Process parameters for sudo<outp_finalize>
  command line : /usr/bin/sudo /etc/tedge/sm-plugins/apt finalize
    arg #1     : /etc/tedge/sm-plugins/apt
    arg #2     : finalize
  working dir  : /home/pi/actions-runner/_work/thin-edge.io/thin-edge.io/tests/PySys/plugin_apt/apt_sequence_install_with_version/Output/linux
  stdout       : /home/pi/actions-runner/_work/thin-edge.io/thin-edge.io/tests/PySys/plugin_apt/apt_sequence_install_with_version/Output/linux/outp_finalize.out
  stderr       : /home/pi/actions-runner/_work/thin-edge.io/thin-edge.io/tests/PySys/plugin_apt/apt_sequence_install_with_version/Output/linux/outp_finalize.err
  environment  : LD_LIBRARY_PATH=/usr/lib
  environment  : PATH=/bin:/usr/bin:/usr/sbin:/usr/local/bin
                   #1  /bin
                   #2  /usr/bin
                   #3  /usr/sbin
                   #4  /usr/local/bin
2022-04-11 10:10:49,678 DEBUG Waiting up to 600 secs for process sudo<outp_finalize> (pid 4432)
2022-04-11 10:10:56,977 INFO  Executed sudo<outp_finalize>, exit status 0
2022-04-11 10:10:56,979 INFO  Assert that (value==0) with value=0 ... passed
2022-04-11 10:10:56,980 DEBUG --- test validate
2022-04-11 10:10:56,984 DEBUG Process parameters for sudo<outp_check_1>
  command line : /usr/bin/sudo /etc/tedge/sm-plugins/apt list
    arg #1     : /etc/tedge/sm-plugins/apt
    arg #2     : list
  working dir  : /home/pi/actions-runner/_work/thin-edge.io/thin-edge.io/tests/PySys/plugin_apt/apt_sequence_install_with_version/Output/linux
  stdout       : /home/pi/actions-runner/_work/thin-edge.io/thin-edge.io/tests/PySys/plugin_apt/apt_sequence_install_with_version/Output/linux/outp_check_1.out
  stderr       : /home/pi/actions-runner/_work/thin-edge.io/thin-edge.io/tests/PySys/plugin_apt/apt_sequence_install_with_version/Output/linux/outp_check_1.err
  environment  : LD_LIBRARY_PATH=/usr/lib
  environment  : PATH=/bin:/usr/bin:/usr/sbin:/usr/local/bin
                   #1  /bin
                   #2  /usr/bin
                   #3  /usr/sbin
                   #4  /usr/local/bin
2022-04-11 10:10:56,991 DEBUG Waiting up to 600 secs for process sudo<outp_check_1> (pid 4437)
2022-04-11 10:10:59,508 INFO  Executed sudo<outp_check_1>, exit status 0
2022-04-11 10:10:59,510 INFO  Assert that (value==0) with value=0 ... passed
2022-04-11 10:10:59,511 DEBUG Performing regex contains=True grep on file: /home/pi/actions-runner/_work/thin-edge.io/thin-edge.io/tests/PySys/plugin_apt/apt_sequence_install_with_version/Output/linux/outp_check_1.out
2022-04-11 10:10:59,516 DEBUG Grep on file outp_check_1.out successfully matched expression "rolldice" with line: 'rolldice\t1.16-1+b1\n'
2022-04-11 10:10:59,517 INFO  Grep on file outp_check_1.out ... passed
2022-04-11 10:10:59,518 DEBUG Performing regex contains=True grep on file: /home/pi/actions-runner/_work/thin-edge.io/thin-edge.io/tests/PySys/plugin_apt/apt_sequence_install_with_version/Output/linux/outp_check_1.out
2022-04-11 10:10:59,524 DEBUG Grep on file outp_check_1.out successfully matched expression 'rolldice\t1.16-1(\\+b|build)(1|3)' with line: 'rolldice\t1.16-1+b1\n'
2022-04-11 10:10:59,526 INFO  Grep on file outp_check_1.out ... passed
2022-04-11 10:10:59,532 DEBUG --- test cleanup
2022-04-11 10:10:59,533 INFO  
2022-04-11 10:10:59,534 INFO  cleanup:
2022-04-11 10:10:59,535 DEBUG Running registered cleanup function: <bound method AptPluginPrepInstallWithVersionFinalize.cleanup_prepare of <AptPluginPrepInstallWithVersionFinalize object at 0x75ddad70>>
2022-04-11 10:10:59,537 DEBUG Process parameters for sudo
  command line : /usr/bin/sudo /usr/bin/apt-get remove -y rolldice
    arg #1     : /usr/bin/apt-get
    arg #2     : remove
    arg #3     : -y
    arg #4     : rolldice
  working dir  : /home/pi/actions-runner/_work/thin-edge.io/thin-edge.io/tests/PySys/plugin_apt/apt_sequence_install_with_version/Output/linux
  stdout       : None
  stderr       : None
  environment  : LD_LIBRARY_PATH=/usr/lib
  environment  : PATH=/bin:/usr/bin:/usr/sbin:/usr/local/bin
                   #1  /bin
                   #2  /usr/bin
                   #3  /usr/sbin
                   #4  /usr/local/bin
2022-04-11 10:10:59,544 DEBUG Waiting up to 600 secs for process sudo (pid 4443)
2022-04-11 10:11:13,156 INFO  Executed sudo, exit status 0, duration 13 secs
2022-04-11 10:11:13,157 DEBUG ProcessUser cleanup function done.
2022-04-11 10:11:13,160 INFO  
2022-04-11 10:11:13,161 INFO  Test duration: 94.05 secs
2022-04-11 10:11:13,162 INFO  Test final outcome:  PASSED
2022-04-11 10:11:13,164 INFO  
