2022-05-09 08:09:39,403 INFO  ==============================================================
2022-05-09 08:09:39,404 INFO  Id:    SoftwareManagement.sm_apt_install_remove_multiple
2022-05-09 08:09:39,406 INFO  Dir:   software_management_end_to_end/
2022-05-09 08:09:39,406 INFO  Title: Validate end to end behaviour for the apt plugin for multiple packages
2022-05-09 08:09:39,407 INFO  ==============================================================
2022-05-09 08:09:39,417 INFO  Using sw id database: {'asciijump': '5475369', 'robotfindskitten': '5474869', 'squirrel3': '5475279', 'rolldice': '5152439', 'moon-buggy': '5439204', 'apple': '5495053', 'banana': '5494888', 'cherry': '5495382', 'watermelon': '5494510', 'registry': '8018911', 'hello-world': '8021526', 'docker/getting-started': '8021973', 'alpine': '7991792'}
2022-05-09 08:09:39,418 INFO  EnvironmentC8y Setup
2022-05-09 08:09:39,996 INFO  Executed systemctl<serv_mapper1>, exit status 3
2022-05-09 08:09:40,100 INFO  Restarting mosquitto too frequently in the last 10 seconds. It was only up for 5 seconds
2022-05-09 08:09:40,102 INFO  Delaying execution by 6 seconds
2022-05-09 08:10:00,532 INFO  Executed sudo<tedge_connect_c8y>, exit status 0, duration 14 secs
2022-05-09 08:10:01,149 INFO  Executed sudo<tedge_connect_c8y_test>, exit status 0
2022-05-09 08:10:01,663 INFO  Executed systemctl<serv_mosq2>, exit status 0
2022-05-09 08:10:02,130 INFO  Executed systemctl<serv_mapper3>, exit status 0
2022-05-09 08:10:04,354 INFO  State of current operation: SUCCESSFUL
2022-05-09 08:10:04,596 INFO  Assert that (False == value) with value=False ... passed
2022-05-09 08:10:04,815 INFO  Package asciijump is installed
2022-05-09 08:10:04,862 WARN  Assert that (False == value) with value=True ... failed 
2022-05-09 08:10:05,087 INFO  Package squirrel3 is installed
2022-05-09 08:10:05,110 WARN  Assert that (False == value) with value=True ... failed 
2022-05-09 08:10:05,335 INFO  Package robotfindskitten is installed
2022-05-09 08:10:05,357 WARN  Assert that (False == value) with value=True ... failed 
2022-05-09 08:10:05,584 INFO  Response status: 201
2022-05-09 08:10:05,586 INFO  Response to action: {
    "creationTime": "2022-05-09T08:10:05.534Z",
    "deviceName": "mythicb",
    "deviceId": "18508457",
    "self": "https://t493319102.eu-latest.cumulocity.com/devicecontrol/operations/18523608",
    "id": "18523608",
    "status": "PENDING",
    "description": "Apply software changes, triggered from PySys: [{'action': 'install', 'id': '5475369', 'name': 'asciijump', 'url': ' ', 'version': '::apt'}, {'action': 'install', 'id': '5474869', 'name': 'robotfindskitten', 'url': ' ', 'version': '::apt'}, {'action': 'install', 'id': '5475279', 'name': 'squirrel3', 'url': ' ', 'version': '::apt'}]",
    "c8y_SoftwareUpdate": [
        {
            "name": "asciijump",
            "action": "install",
            "id": "5475369",
            "version": "::apt",
            "url": " "
        },
        {
            "name": "robotfindskitten",
            "action": "install",
            "id": "5474869",
            "version": "::apt",
            "url": " "
        },
        {
            "name": "squirrel3",
            "action": "install",
            "id": "5475279",
            "version": "::apt",
            "url": " "
        }
    ]
}
2022-05-09 08:10:05,587 INFO  Started operation: {'creationTime': '2022-05-09T08:10:05.534Z', 'deviceName': 'mythicb', 'deviceId': '18508457', 'self': 'https://t493319102.eu-latest.cumulocity.com/devicecontrol/operations/18523608', 'id': '18523608', 'status': 'PENDING', 'description': "Apply software changes, triggered from PySys: [{'action': 'install', 'id': '5475369', 'name': 'asciijump', 'url': ' ', 'version': '::apt'}, {'action': 'install', 'id': '5474869', 'name': 'robotfindskitten', 'url': ' ', 'version': '::apt'}, {'action': 'install', 'id': '5475279', 'name': 'squirrel3', 'url': ' ', 'version': '::apt'}]", 'c8y_SoftwareUpdate': [{'name': 'asciijump', 'action': 'install', 'id': '5475369', 'version': '::apt', 'url': ' '}, {'name': 'robotfindskitten', 'action': 'install', 'id': '5474869', 'version': '::apt', 'url': ' '}, {'name': 'squirrel3', 'action': 'install', 'id': '5475279', 'version': '::apt', 'url': ' '}]}
2022-05-09 08:10:07,831 INFO  State of operation 18523608 : PENDING
2022-05-09 08:10:10,047 INFO  State of operation 18523608 : EXECUTING
2022-05-09 08:10:12,262 INFO  State of operation 18523608 : EXECUTING
2022-05-09 08:10:14,484 INFO  State of operation 18523608 : EXECUTING
2022-05-09 08:10:16,701 INFO  State of operation 18523608 : EXECUTING
2022-05-09 08:10:18,910 INFO  State of operation 18523608 : EXECUTING
2022-05-09 08:10:21,250 INFO  State of operation 18523608 : EXECUTING
2022-05-09 08:10:23,664 INFO  State of operation 18523608 : EXECUTING
2022-05-09 08:10:26,769 INFO  State of operation 18523608 : EXECUTING
2022-05-09 08:10:29,194 INFO  State of operation 18523608 : EXECUTING
2022-05-09 08:10:31,478 INFO  State of operation 18523608 : EXECUTING
2022-05-09 08:10:33,691 INFO  State of operation 18523608 : EXECUTING
2022-05-09 08:10:35,907 INFO  State of operation 18523608 : EXECUTING
2022-05-09 08:10:38,240 INFO  State of operation 18523608 : EXECUTING
2022-05-09 08:10:40,454 INFO  State of operation 18523608 : EXECUTING
2022-05-09 08:10:42,664 INFO  State of operation 18523608 : SUCCESSFUL
2022-05-09 08:10:42,905 INFO  Assert that (False == value) with value=False ... passed
2022-05-09 08:10:43,135 INFO  Package asciijump is installed
2022-05-09 08:10:43,137 INFO  Assert that (True == value) with value=True ... passed
2022-05-09 08:10:43,369 INFO  Package squirrel3 is installed
2022-05-09 08:10:43,371 INFO  Assert that (True == value) with value=True ... passed
2022-05-09 08:10:43,605 INFO  Package robotfindskitten is installed
2022-05-09 08:10:43,608 INFO  Assert that (True == value) with value=True ... passed
2022-05-09 08:10:43,846 INFO  Response status: 201
2022-05-09 08:10:43,848 INFO  Response to action: {
    "creationTime": "2022-05-09T08:10:43.785Z",
    "deviceName": "mythicb",
    "deviceId": "18508457",
    "self": "https://t493319102.eu-latest.cumulocity.com/devicecontrol/operations/18523612",
    "id": "18523612",
    "status": "PENDING",
    "description": "Apply software changes, triggered from PySys: [{'action': 'delete', 'id': '5475369', 'name': 'asciijump', 'url': ' ', 'version': '::apt'}, {'action': 'delete', 'id': '5474869', 'name': 'robotfindskitten', 'url': ' ', 'version': '::apt'}, {'action': 'delete', 'id': '5475279', 'name': 'squirrel3', 'url': ' ', 'version': '::apt'}]",
    "c8y_SoftwareUpdate": [
        {
            "name": "asciijump",
            "action": "delete",
            "id": "5475369",
            "version": "::apt",
            "url": " "
        },
        {
            "name": "robotfindskitten",
            "action": "delete",
            "id": "5474869",
            "version": "::apt",
            "url": " "
        },
        {
            "name": "squirrel3",
            "action": "delete",
            "id": "5475279",
            "version": "::apt",
            "url": " "
        }
    ]
}
2022-05-09 08:10:43,848 INFO  Started operation: {'creationTime': '2022-05-09T08:10:43.785Z', 'deviceName': 'mythicb', 'deviceId': '18508457', 'self': 'https://t493319102.eu-latest.cumulocity.com/devicecontrol/operations/18523612', 'id': '18523612', 'status': 'PENDING', 'description': "Apply software changes, triggered from PySys: [{'action': 'delete', 'id': '5475369', 'name': 'asciijump', 'url': ' ', 'version': '::apt'}, {'action': 'delete', 'id': '5474869', 'name': 'robotfindskitten', 'url': ' ', 'version': '::apt'}, {'action': 'delete', 'id': '5475279', 'name': 'squirrel3', 'url': ' ', 'version': '::apt'}]", 'c8y_SoftwareUpdate': [{'name': 'asciijump', 'action': 'delete', 'id': '5475369', 'version': '::apt', 'url': ' '}, {'name': 'robotfindskitten', 'action': 'delete', 'id': '5474869', 'version': '::apt', 'url': ' '}, {'name': 'squirrel3', 'action': 'delete', 'id': '5475279', 'version': '::apt', 'url': ' '}]}
2022-05-09 08:10:46,062 INFO  State of operation 18523612 : PENDING
2022-05-09 08:10:48,324 INFO  State of operation 18523612 : EXECUTING
2022-05-09 08:10:50,538 INFO  State of operation 18523612 : EXECUTING
2022-05-09 08:10:52,745 INFO  State of operation 18523612 : EXECUTING
2022-05-09 08:10:54,954 INFO  State of operation 18523612 : EXECUTING
2022-05-09 08:10:57,172 INFO  State of operation 18523612 : EXECUTING
2022-05-09 08:11:00,159 INFO  State of operation 18523612 : EXECUTING
2022-05-09 08:11:02,892 INFO  State of operation 18523612 : EXECUTING
2022-05-09 08:11:05,120 INFO  State of operation 18523612 : EXECUTING
2022-05-09 08:11:07,540 INFO  State of operation 18523612 : EXECUTING
2022-05-09 08:11:09,824 INFO  State of operation 18523612 : EXECUTING
2022-05-09 08:11:12,048 INFO  State of operation 18523612 : EXECUTING
2022-05-09 08:11:14,286 INFO  State of operation 18523612 : EXECUTING
2022-05-09 08:11:16,576 INFO  State of operation 18523612 : EXECUTING
2022-05-09 08:11:18,868 INFO  State of operation 18523612 : EXECUTING
2022-05-09 08:11:21,181 INFO  State of operation 18523612 : EXECUTING
2022-05-09 08:11:23,576 INFO  State of operation 18523612 : EXECUTING
2022-05-09 08:11:25,820 INFO  State of operation 18523612 : EXECUTING
2022-05-09 08:11:29,172 INFO  State of operation 18523612 : EXECUTING
2022-05-09 08:11:31,772 INFO  State of operation 18523612 : EXECUTING
2022-05-09 08:11:34,003 INFO  State of operation 18523612 : EXECUTING
2022-05-09 08:11:36,227 INFO  State of operation 18523612 : EXECUTING
2022-05-09 08:11:38,546 INFO  State of operation 18523612 : EXECUTING
2022-05-09 08:11:40,770 INFO  State of operation 18523612 : EXECUTING
2022-05-09 08:11:43,010 INFO  State of operation 18523612 : EXECUTING
2022-05-09 08:11:45,845 INFO  State of operation 18523612 : EXECUTING
2022-05-09 08:11:48,176 INFO  State of operation 18523612 : EXECUTING
2022-05-09 08:11:50,463 INFO  State of operation 18523612 : EXECUTING
2022-05-09 08:11:52,671 INFO  State of operation 18523612 : SUCCESSFUL
2022-05-09 08:11:52,916 INFO  Assert that (False == value) with value=False ... passed
2022-05-09 08:11:53,167 INFO  Assert that (False == value) with value=False ... passed
2022-05-09 08:11:53,387 INFO  Assert that (False == value) with value=False ... passed
2022-05-09 08:11:53,619 INFO  Assert that (False == value) with value=False ... passed
2022-05-09 08:11:53,630 INFO  
2022-05-09 08:11:53,631 INFO  cleanup:
2022-05-09 08:11:57,641 INFO  Executed sudo<tedge_disconnect_c8y>, exit status 0
2022-05-09 08:11:58,508 INFO  Executed systemctl<serv_mapper5>, exit status 3
2022-05-09 08:11:58,512 INFO  
2022-05-09 08:11:58,513 INFO  Test duration: 139.12 secs
2022-05-09 08:11:58,514 INFO  Test final outcome:  FAILED
2022-05-09 08:11:58,515 INFO  Test outcome reason: Assert that (False == value) with value=True (+2 other failures)
2022-05-09 08:11:58,516 INFO  
