2022-04-28 15:43:11,278 INFO  ==============================================================
2022-04-28 15:43:11,279 INFO  Id:    apt_finalize
2022-04-28 15:43:11,280 INFO  Dir:   plugin_apt/
2022-04-28 15:43:11,281 INFO  Title: Validate apt plugin finalize - dense version
2022-04-28 15:43:11,282 INFO  ==============================================================
2022-04-28 15:43:52,714 INFO  Executed sudo<outp_remove>, exit status 0, duration 41 secs
2022-04-28 15:43:52,718 INFO  Assert that (value==0) with value=0 ... passed
2022-04-28 15:44:09,175 INFO  Executed sudo<outp_remove>, exit status 0, duration 16 secs
2022-04-28 15:44:09,179 INFO  Assert that (value==0) with value=0 ... passed
2022-04-28 15:44:14,579 INFO  Executed sudo<outp_check_0>, exit status 0
2022-04-28 15:44:14,581 INFO  Assert that (value==0) with value=0 ... passed
2022-04-28 15:44:14,591 INFO  Grep on file outp_check_0.out ... passed
2022-04-28 15:44:15,052 INFO  Executed dpkg-query<outp_check_0>, exit status 1
2022-04-28 15:44:56,393 INFO  Executed sudo<outp_install>, exit status 0, duration 41 secs
2022-04-28 15:44:56,396 INFO  Assert that (value==0) with value=0 ... passed
2022-04-28 15:45:02,082 INFO  Executed sudo<outp_check_1>, exit status 0
2022-04-28 15:45:02,084 INFO  Assert that (value==0) with value=0 ... passed
2022-04-28 15:45:02,090 INFO  Grep on file outp_check_1.out ... passed
2022-04-28 15:45:02,551 INFO  Executed dpkg-query<outp_check_1>, exit status 0
2022-04-28 15:45:17,831 INFO  Executed sudo<outp_remove>, exit status 0, duration 15 secs
2022-04-28 15:45:17,833 INFO  Assert that (value==0) with value=0 ... passed
2022-04-28 15:45:23,261 INFO  Executed sudo<outp_check_2>, exit status 0
2022-04-28 15:45:23,263 INFO  Assert that (value==0) with value=0 ... passed
2022-04-28 15:45:23,269 INFO  Grep on file outp_check_2.out ... passed
2022-04-28 15:45:23,780 INFO  Executed dpkg-query<outp_check_2>, exit status 0
2022-04-28 15:45:36,937 INFO  Executed sudo<outp_finalize>, exit status 0, duration 13 secs
2022-04-28 15:45:36,939 INFO  Assert that (value==0) with value=0 ... passed
2022-04-28 15:45:42,567 INFO  Executed sudo<outp_check_3>, exit status 0
2022-04-28 15:45:42,570 INFO  Assert that (value==0) with value=0 ... passed
2022-04-28 15:45:42,575 INFO  Grep on file outp_check_3.out ... passed
2022-04-28 15:45:43,036 INFO  Executed dpkg-query<outp_check_3>, exit status 1
2022-04-28 15:45:43,044 INFO  
2022-04-28 15:45:43,045 INFO  cleanup:
2022-04-28 15:45:43,048 INFO  
2022-04-28 15:45:43,049 INFO  Test duration: 151.77 secs
2022-04-28 15:45:43,050 INFO  Test final outcome:  PASSED
2022-04-28 15:45:43,051 INFO  
