2022-04-07 16:30:20,884 INFO  ==============================================================
2022-04-07 16:30:20,885 INFO  Id:    runtime_start_two_mappers
2022-04-07 16:30:20,886 INFO  Dir:   tedge_mapper_c8y/
2022-04-07 16:30:20,887 INFO  Title: Validate two mappers can't be started at the same time
2022-04-07 16:30:20,888 DEBUG Execution order hint: 0.0
2022-04-07 16:30:20,889 INFO  ==============================================================
2022-04-07 16:30:20,915 DEBUG --- test execute
2022-04-07 16:30:20,918 DEBUG Process parameters for sudo<tedge_mapper1>
  command line : /usr/bin/sudo systemctl start tedge-mapper-c8y
    arg #1     : systemctl
    arg #2     : start
    arg #3     : tedge-mapper-c8y
  working dir  : /home/pi/actions-runner/_work/thin-edge.io/thin-edge.io/tests/PySys/tedge_mapper_c8y/runtime_start_two_mappers/Output/linux
  stdout       : /home/pi/actions-runner/_work/thin-edge.io/thin-edge.io/tests/PySys/tedge_mapper_c8y/runtime_start_two_mappers/Output/linux/tedge_mapper1.out
  stderr       : /home/pi/actions-runner/_work/thin-edge.io/thin-edge.io/tests/PySys/tedge_mapper_c8y/runtime_start_two_mappers/Output/linux/tedge_mapper1.err
  environment  : LD_LIBRARY_PATH=/usr/lib
  environment  : PATH=/bin:/usr/bin:/usr/sbin:/usr/local/bin
                   #1  /bin
                   #2  /usr/bin
                   #3  /usr/sbin
                   #4  /usr/local/bin
2022-04-07 16:30:20,926 DEBUG Waiting up to 600 secs for process sudo<tedge_mapper1> (pid 3268)
2022-04-07 16:30:21,483 INFO  Executed sudo<tedge_mapper1>, exit status 0
2022-04-07 16:30:21,484 INFO  Waiting for 0.1 seconds
2022-04-07 16:30:21,587 DEBUG Process parameters for sudo<tedge_mapper2>
  command line : /usr/bin/sudo -u tedge-mapper /usr/bin/tedge_mapper c8y
    arg #1     : -u
    arg #2     : tedge-mapper
    arg #3     : /usr/bin/tedge_mapper
    arg #4     : c8y
  working dir  : /home/pi/actions-runner/_work/thin-edge.io/thin-edge.io/tests/PySys/tedge_mapper_c8y/runtime_start_two_mappers/Output/linux
  stdout       : /home/pi/actions-runner/_work/thin-edge.io/thin-edge.io/tests/PySys/tedge_mapper_c8y/runtime_start_two_mappers/Output/linux/tedge_mapper2.out
  stderr       : /home/pi/actions-runner/_work/thin-edge.io/thin-edge.io/tests/PySys/tedge_mapper_c8y/runtime_start_two_mappers/Output/linux/tedge_mapper2.err
  environment  : LD_LIBRARY_PATH=/usr/lib
  environment  : PATH=/bin:/usr/bin:/usr/sbin:/usr/local/bin
                   #1  /bin
                   #2  /usr/bin
                   #3  /usr/sbin
                   #4  /usr/local/bin
2022-04-07 16:30:21,595 DEBUG Waiting up to 600 secs for process sudo<tedge_mapper2> (pid 3275)
2022-04-07 16:30:22,105 INFO  Executed sudo<tedge_mapper2>, exit status 1
2022-04-07 16:30:22,107 DEBUG Process parameters for sudo<tedge_mapper1>
  command line : /usr/bin/sudo systemctl stop tedge-mapper-c8y
    arg #1     : systemctl
    arg #2     : stop
    arg #3     : tedge-mapper-c8y
  working dir  : /home/pi/actions-runner/_work/thin-edge.io/thin-edge.io/tests/PySys/tedge_mapper_c8y/runtime_start_two_mappers/Output/linux
  stdout       : /home/pi/actions-runner/_work/thin-edge.io/thin-edge.io/tests/PySys/tedge_mapper_c8y/runtime_start_two_mappers/Output/linux/tedge_mapper1.out
  stderr       : /home/pi/actions-runner/_work/thin-edge.io/thin-edge.io/tests/PySys/tedge_mapper_c8y/runtime_start_two_mappers/Output/linux/tedge_mapper1.err
  environment  : LD_LIBRARY_PATH=/usr/lib
  environment  : PATH=/bin:/usr/bin:/usr/sbin:/usr/local/bin
                   #1  /bin
                   #2  /usr/bin
                   #3  /usr/sbin
                   #4  /usr/local/bin
2022-04-07 16:30:22,115 DEBUG Waiting up to 600 secs for process sudo<tedge_mapper1> (pid 3281)
2022-04-07 16:30:22,722 INFO  Executed sudo<tedge_mapper1>, exit status 0
2022-04-07 16:30:22,724 DEBUG --- test validate
2022-04-07 16:30:22,724 DEBUG Performing regex contains=True grep on file: /home/pi/actions-runner/_work/thin-edge.io/thin-edge.io/tests/PySys/tedge_mapper_c8y/runtime_start_two_mappers/Output/linux/tedge_mapper2.err
2022-04-07 16:30:22,731 DEBUG Grep on file tedge_mapper2.err successfully matched expression "Error: Couldn't acquire file lock." with line: "Error: Couldn't acquire file lock.\n"
2022-04-07 16:30:22,733 INFO  Grep on file tedge_mapper2.err ... passed
2022-04-07 16:30:22,738 DEBUG --- test cleanup
2022-04-07 16:30:22,740 DEBUG ProcessUser cleanup function done.
2022-04-07 16:30:22,743 INFO  
2022-04-07 16:30:22,744 INFO  Test duration: 1.86 secs
2022-04-07 16:30:22,744 INFO  Test final outcome:  PASSED
2022-04-07 16:30:22,745 INFO  
