2022-04-08 09:55:05,691 INFO  ==============================================================
2022-04-08 09:55:05,692 INFO  Id:    call_tedge_config_help
2022-04-08 09:55:05,693 INFO  Dir:   tedge/
2022-04-08 09:55:05,694 INFO  Title: Validate command line option help
2022-04-08 09:55:05,694 DEBUG Execution order hint: 0.0
2022-04-08 09:55:05,695 INFO  ==============================================================
2022-04-08 09:55:05,700 DEBUG --- test execute
2022-04-08 09:55:05,702 DEBUG Process parameters for tedge
  command line : /usr/bin/tedge config help
    arg #1     : config
    arg #2     : help
  working dir  : /home/pi/actions-runner/_work/thin-edge.io/thin-edge.io/tests/PySys/tedge/call_tedge_config_help/Output/linux
  stdout       : /home/pi/actions-runner/_work/thin-edge.io/thin-edge.io/tests/PySys/tedge/call_tedge_config_help/Output/linux/tedge.out
  stderr       : /home/pi/actions-runner/_work/thin-edge.io/thin-edge.io/tests/PySys/tedge/call_tedge_config_help/Output/linux/tedge.err
  environment  : LD_LIBRARY_PATH=/usr/lib
  environment  : PATH=/bin:/usr/bin:/usr/sbin:/usr/local/bin
                   #1  /bin
                   #2  /usr/bin
                   #3  /usr/sbin
                   #4  /usr/local/bin
2022-04-08 09:55:05,710 DEBUG Waiting up to 600 secs for process tedge (pid 28124)
2022-04-08 09:55:06,116 INFO  Executed tedge, exit status 0
2022-04-08 09:55:06,117 DEBUG --- test validate
2022-04-08 09:55:06,118 DEBUG Performing regex contains=True grep on file: /home/pi/actions-runner/_work/thin-edge.io/thin-edge.io/tests/PySys/tedge/call_tedge_config_help/Output/linux/tedge.out
2022-04-08 09:55:06,122 DEBUG Grep on file tedge.out successfully matched expression "USAGE:" with line: 'USAGE:\n'
2022-04-08 09:55:06,124 INFO  Grep on file tedge.out ... passed
2022-04-08 09:55:06,125 DEBUG Performing regex contains=True grep on file: /home/pi/actions-runner/_work/thin-edge.io/thin-edge.io/tests/PySys/tedge/call_tedge_config_help/Output/linux/tedge.out
2022-04-08 09:55:06,128 DEBUG Grep on file tedge.out successfully matched expression "OPTIONS:" with line: 'OPTIONS:\n'
2022-04-08 09:55:06,129 INFO  Grep on file tedge.out ... passed
2022-04-08 09:55:06,130 DEBUG Performing regex contains=True grep on file: /home/pi/actions-runner/_work/thin-edge.io/thin-edge.io/tests/PySys/tedge/call_tedge_config_help/Output/linux/tedge.out
2022-04-08 09:55:06,148 DEBUG Grep on file tedge.out successfully matched expression "SUBCOMMANDS:" with line: 'SUBCOMMANDS:\n'
2022-04-08 09:55:06,150 INFO  Grep on file tedge.out ... passed
2022-04-08 09:55:06,154 DEBUG --- test cleanup
2022-04-08 09:55:06,156 DEBUG ProcessUser cleanup function done.
2022-04-08 09:55:06,159 INFO  
2022-04-08 09:55:06,159 INFO  Test duration: 0.47 secs
2022-04-08 09:55:06,160 INFO  Test final outcome:  PASSED
2022-04-08 09:55:06,161 INFO  
