2022-04-27 14:32:45,080 INFO  ==============================================================
2022-04-27 14:32:45,083 INFO  Id:    tedge_software_update
2022-04-27 14:32:45,087 INFO  Dir:   tedge/
2022-04-27 14:32:45,089 INFO  Title: Software install from download path
2022-04-27 14:32:45,091 INFO  ==============================================================
2022-04-27 14:32:45,110 INFO  EnvironmentC8y Setup
2022-04-27 14:32:45,682 INFO  Executed systemctl<serv_mapper1>, exit status 3
2022-04-27 14:32:59,971 INFO  Executed sudo<tedge_connect_c8y>, exit status 0, duration 14 secs
2022-04-27 14:33:00,594 INFO  Executed sudo<tedge_connect_c8y_test>, exit status 0
2022-04-27 14:33:01,064 INFO  Executed systemctl<serv_mosq2>, exit status 0
2022-04-27 14:33:01,527 INFO  Executed systemctl<serv_mapper3>, exit status 0
2022-04-27 14:33:01,529 INFO  Setup
2022-04-27 14:33:02,094 INFO  Executed sudo<mkdir>, exit status 0
2022-04-27 14:33:02,629 INFO  Executed sudo<chmod>, exit status 0
2022-04-27 14:33:03,141 INFO  Executed sudo<tedge_config_get_original>, exit status 0
2022-04-27 14:33:03,654 INFO  Executed sudo, exit status 0
2022-04-27 14:33:04,166 INFO  Executed sudo<tedge_config_get_new_value>, exit status 0
2022-04-27 14:33:04,730 INFO  Executed sudo<rolldice_download>, exit status 0
2022-04-27 14:33:04,737 INFO  Grep on file tedge_config_get_new_value.out ... passed
2022-04-27 14:33:04,746 INFO  
2022-04-27 14:33:04,747 INFO  cleanup:
2022-04-27 14:33:05,380 INFO  Executed sudo, exit status 0
2022-04-27 14:33:06,127 INFO  Executed sudo<tedge_config_get_cleanup>, exit status 0
2022-04-27 14:33:06,136 INFO  Grep on file tedge_config_get_cleanup.out ... passed
2022-04-27 14:33:06,669 INFO  Executed sudo<rmdir>, exit status 0
2022-04-27 14:33:10,825 INFO  Executed sudo<tedge_disconnect_c8y>, exit status 0
2022-04-27 14:33:11,389 INFO  Executed systemctl<serv_mapper5>, exit status 3
2022-04-27 14:33:11,394 INFO  
2022-04-27 14:33:11,394 INFO  Test duration: 26.32 secs
2022-04-27 14:33:11,396 INFO  Test final outcome:  PASSED
2022-04-27 14:33:11,396 INFO  
