2022-04-12 16:03:16,497 INFO  ==============================================================
2022-04-12 16:03:16,498 INFO  Id:    invalid_device_id
2022-04-12 16:03:16,500 INFO  Dir:   misc_features/
2022-04-12 16:03:16,500 INFO  Title: Invalid Device ID
2022-04-12 16:03:16,501 INFO  ==============================================================
2022-04-12 16:03:17,042 INFO  Executed sudo<create_cert_dir>, exit status 0
2022-04-12 16:03:17,554 INFO  Executed sudo<create_cert_dir>, exit status 0
2022-04-12 16:03:18,067 INFO  Executed sudo<set_cert_path>, exit status 0
2022-04-12 16:03:18,579 INFO  Executed sudo<set_key_path>, exit status 0
2022-04-12 16:03:19,091 INFO  Executed sudo<cert_create>, exit status 1
2022-04-12 16:03:19,098 INFO  Grep on file cert_create.err ... passed
2022-04-12 16:03:19,103 INFO  
2022-04-12 16:03:19,104 INFO  cleanup:
2022-04-12 16:03:19,616 INFO  Executed sudo<unset_cert_path>, exit status 0
2022-04-12 16:03:20,130 INFO  Executed sudo<unset_key_path>, exit status 0
2022-04-12 16:03:20,643 INFO  Executed sudo<remove_cert_dir>, exit status 0
2022-04-12 16:03:20,647 INFO  
2022-04-12 16:03:20,648 INFO  Test duration: 4.15 secs
2022-04-12 16:03:20,649 INFO  Test final outcome:  PASSED
2022-04-12 16:03:20,650 INFO  
