2022-05-02 15:23:11,950 INFO  ==============================================================
2022-05-02 15:23:11,950 INFO  Id:    SoftwareManagement.Plugin.apama_plugin_update
2022-05-02 15:23:11,950 INFO  Dir:   plugin_apama/
2022-05-02 15:23:11,951 INFO  Title: Validate apama plugin updating one project with another
2022-05-02 15:23:11,951 INFO  ==============================================================
2022-05-02 15:23:11,952 INFO  Assertion that path exists=False for "/etc/tedge/apama/project" ... passed
2022-05-02 15:23:12,003 INFO  Executed sudo<create_project_dir>, exit status 0
2022-05-02 15:23:12,055 INFO  Executed sudo<unzip_apama_project>, exit status 0
2022-05-02 15:23:12,107 INFO  Executed sudo<move_apama_project>, exit status 0
2022-05-02 15:23:12,208 WARN  Executed sudo<restart_apama_service>, exit status 1
2022-05-02 15:23:12,209 INFO  Contents of restart_apama_service.err: 
2022-05-02 15:23:12,209 INFO    Job for apama.service failed because the control process exited with error code.
2022-05-02 15:23:12,210 INFO    See "systemctl status apama.service" and "journalctl -xe" for details.
2022-05-02 15:23:12,210 INFO    -----
2022-05-02 15:23:12,210 INFO  
2022-05-02 15:23:12,216 WARN  sudo<restart_apama_service> returned non-zero exit code 1 ... blocked 
2022-05-02 15:23:12,216 WARN  Aborted test due to BLOCKED outcome
2022-05-02 15:23:12,216 INFO  
2022-05-02 15:23:12,216 INFO  cleanup:
2022-05-02 15:23:12,216 INFO  Removing apama project
2022-05-02 15:23:12,819 INFO  Executed sudo<stop_apama_service>, exit status 0
2022-05-02 15:23:12,921 INFO  Executed sudo<remove_apama_project>, exit status 0
2022-05-02 15:23:12,973 INFO  Executed sudo<remove_apama_tmp_dir>, exit status 0
2022-05-02 15:23:12,974 INFO  
2022-05-02 15:23:12,974 INFO  Test duration: 1.02 secs
2022-05-02 15:23:12,974 INFO  Test final outcome:  BLOCKED
2022-05-02 15:23:12,974 INFO  Test outcome reason: sudo<restart_apama_service> returned non-zero exit code 1
2022-05-02 15:23:12,974 INFO  
