2022-05-23 09:46:42,335 INFO  ==============================================================
2022-05-23 09:46:42,336 INFO  Id:    apt_sequence_remove_with_version
2022-05-23 09:46:42,337 INFO  Dir:   plugin_apt/
2022-05-23 09:46:42,338 INFO  Title: Validate apt plugin remove with version use case
2022-05-23 09:46:42,339 INFO  ==============================================================
2022-05-23 09:46:48,143 INFO  Executed sudo, exit status 0
2022-05-23 09:47:32,482 INFO  Executed sudo<outp_install>, exit status 0, duration 44 secs
2022-05-23 09:47:32,485 INFO  Assert that (value==0) with value=0 ... passed
2022-05-23 09:47:38,145 INFO  Executed sudo<outp_check_0>, exit status 0
2022-05-23 09:47:38,147 INFO  Assert that (value==0) with value=0 ... passed
2022-05-23 09:47:38,153 INFO  Grep on file outp_check_0.out ... passed
2022-05-23 09:47:54,664 INFO  Executed sudo<outp_install>, exit status 0, duration 16 secs
2022-05-23 09:47:54,668 INFO  Assert that (value==0) with value=0 ... passed
2022-05-23 09:48:00,450 INFO  Executed sudo<outp_check_1>, exit status 0
2022-05-23 09:48:00,452 INFO  Assert that (value==0) with value=0 ... passed
2022-05-23 09:48:00,459 INFO  Grep on file outp_check_1.out ... passed
2022-05-23 09:48:00,464 INFO  
2022-05-23 09:48:00,465 INFO  cleanup:
2022-05-23 09:48:05,802 INFO  Executed sudo, exit status 0
2022-05-23 09:48:05,806 INFO  
2022-05-23 09:48:05,807 INFO  Test duration: 83.48 secs
2022-05-23 09:48:05,808 INFO  Test final outcome:  PASSED
2022-05-23 09:48:05,809 INFO  
