2022-04-14 07:23:21,039 INFO  ==============================================================
2022-04-14 07:23:21,040 INFO  Id:    docker_plugin_install
2022-04-14 07:23:21,041 INFO  Dir:   plugin_docker/
2022-04-14 07:23:21,042 INFO  Title: Validate docker plugin install
2022-04-14 07:23:21,043 INFO  ==============================================================
2022-04-14 07:23:21,877 INFO  Executed sudo<docker_images>, exit status 0
2022-04-14 07:23:21,882 INFO  Grep on file /home/pi/actions-runner/_work/thin-edge.io/thin-edge.io/tests/PySys/plugin_docker/docker_plugin_install/Output/linux/docker_images.out ... passed
2022-04-14 07:23:45,924 INFO  Executed sudo<plugin_install>, exit status 0, duration 24 secs
2022-04-14 07:23:46,892 INFO  Executed sudo<docker_ps_latest>, exit status 0
2022-04-14 07:23:47,708 INFO  Executed sudo<docker_ps>, exit status 0
2022-04-14 07:23:47,713 INFO  Grep on file /home/pi/actions-runner/_work/thin-edge.io/thin-edge.io/tests/PySys/plugin_docker/docker_plugin_install/Output/linux/docker_ps.out ... passed
2022-04-14 07:23:47,718 INFO  
2022-04-14 07:23:47,719 INFO  cleanup:
2022-04-14 07:23:47,720 INFO  Removing containers scheduled to be cleaned up: ['6e75fb0108f8']
2022-04-14 07:23:51,863 INFO  Executed sudo<containers_for_cleanup>, exit status 0
2022-04-14 07:23:51,864 INFO  Removing images scheduled to be cleaned up: ['registry', 'registry']
2022-04-14 07:23:55,834 INFO  Executed sudo<containers_for_cleanup>, exit status 0
2022-04-14 07:23:55,837 INFO  
2022-04-14 07:23:55,838 INFO  Test duration: 34.80 secs
2022-04-14 07:23:55,839 INFO  Test final outcome:  PASSED
2022-04-14 07:23:55,840 INFO  
