2022-05-02 15:33:29,085 INFO  ==============================================================
2022-05-02 15:33:29,086 INFO  Id:    apt_sequence_install_with_version
2022-05-02 15:33:29,088 INFO  Dir:   plugin_apt/
2022-05-02 15:33:29,088 INFO  Title: Validate apt plugin install with version use case
2022-05-02 15:33:29,089 INFO  ==============================================================
2022-05-02 15:33:34,545 INFO  Executed sudo, exit status 0
2022-05-02 15:33:37,415 INFO  Executed sudo<outp_check_0>, exit status 0
2022-05-02 15:33:37,418 INFO  Assert that (value==0) with value=0 ... passed
2022-05-02 15:33:37,423 INFO  Grep on file outp_check_0.out ... passed
2022-05-02 15:33:56,256 INFO  Executed sudo<outp_prepare>, exit status 0, duration 18 secs
2022-05-02 15:33:56,259 INFO  Assert that (value==0) with value=0 ... passed
2022-05-02 15:34:41,641 INFO  Executed sudo<outp_install>, exit status 0, duration 45 secs
2022-05-02 15:34:41,644 INFO  Assert that (value==0) with value=0 ... passed
2022-05-02 15:34:50,159 INFO  Executed sudo<outp_finalize>, exit status 0
2022-05-02 15:34:50,161 INFO  Assert that (value==0) with value=0 ... passed
2022-05-02 15:34:52,768 INFO  Executed sudo<outp_check_1>, exit status 0
2022-05-02 15:34:52,770 INFO  Assert that (value==0) with value=0 ... passed
2022-05-02 15:34:52,776 INFO  Grep on file outp_check_1.out ... passed
2022-05-02 15:34:52,783 INFO  Grep on file outp_check_1.out ... passed
2022-05-02 15:34:52,789 INFO  
2022-05-02 15:34:52,790 INFO  cleanup:
2022-05-02 15:35:07,788 INFO  Executed sudo, exit status 0, duration 14 secs
2022-05-02 15:35:07,792 INFO  
2022-05-02 15:35:07,793 INFO  Test duration: 98.71 secs
2022-05-02 15:35:07,794 INFO  Test final outcome:  PASSED
2022-05-02 15:35:07,795 INFO  
