2022-05-02 15:30:38,415 INFO  ==============================================================
2022-05-02 15:30:38,416 INFO  Id:    apt_install_local_file_with_version
2022-05-02 15:30:38,417 INFO  Dir:   plugin_apt/
2022-05-02 15:30:38,418 INFO  Title: Validate apt plugin install from local file AND with a version - SUCCESS case
2022-05-02 15:30:38,419 INFO  ==============================================================
2022-05-02 15:30:40,621 INFO  URL of rolldice is b"'http://mirror.mythic-beasts.com/raspbian/pool/main/r/rolldice/rolldice_1.16-1%2bb2_armhf.deb'"
2022-05-02 15:30:42,862 INFO  Downloaded rolldcice in version 1.16-1+b2
2022-05-02 15:30:42,864 INFO  Filename is rolldice_1.16-1+b2_armhf.deb
2022-05-02 15:30:48,101 INFO  Executed sudo, exit status 0
2022-05-02 15:30:50,884 INFO  Executed sudo<outp_check_0>, exit status 0
2022-05-02 15:30:50,887 INFO  Assert that (value==0) with value=0 ... passed
2022-05-02 15:30:50,892 INFO  Grep on file outp_check_0.out ... passed
2022-05-02 15:31:37,365 INFO  Executed sudo<outp_install>, exit status 0, duration 46 secs
2022-05-02 15:31:37,368 INFO  Assert that (value==0) with value=0 ... passed
2022-05-02 15:31:43,245 INFO  Executed sudo<outp_check_1>, exit status 0
2022-05-02 15:31:43,247 INFO  Assert that (value==0) with value=0 ... passed
2022-05-02 15:31:43,255 INFO  Grep on file outp_check_1.out ... passed
2022-05-02 15:31:43,260 INFO  
2022-05-02 15:31:43,261 INFO  cleanup:
2022-05-02 15:31:43,265 INFO  
2022-05-02 15:31:43,266 INFO  Test duration: 64.86 secs
2022-05-02 15:31:43,267 INFO  Test final outcome:  PASSED
2022-05-02 15:31:43,268 INFO  
