2022-04-29 10:02:38,643 INFO  ==============================================================
2022-04-29 10:02:38,644 INFO  Id:    docker_plugin_remove_with_version
2022-04-29 10:02:38,645 INFO  Dir:   plugin_docker/
2022-04-29 10:02:38,646 INFO  Title: Validate docker plugin remove with version
2022-04-29 10:02:38,647 INFO  ==============================================================
2022-04-29 10:02:39,466 INFO  Executed sudo<docker_images>, exit status 0
2022-04-29 10:02:39,471 INFO  Grep on file /home/pi/actions-runner/_work/thin-edge.io/thin-edge.io/tests/PySys/plugin_docker/docker_plugin_remove_with_version/Output/linux/docker_images.out ... passed
2022-04-29 10:03:03,110 INFO  Executed sudo<docker_run>, exit status 0, duration 23 secs
2022-04-29 10:03:04,083 INFO  Executed sudo<docker_ps>, exit status 0
2022-04-29 10:03:04,088 INFO  Grep on file /home/pi/actions-runner/_work/thin-edge.io/thin-edge.io/tests/PySys/plugin_docker/docker_plugin_remove_with_version/Output/linux/docker_ps.out ... passed
2022-04-29 10:03:08,190 INFO  Executed sudo<plugin_remove>, exit status 0
2022-04-29 10:03:08,953 INFO  Executed sudo<docker_ps_latest>, exit status 0
2022-04-29 10:03:09,775 INFO  Executed sudo<docker_ps>, exit status 0
2022-04-29 10:03:09,780 INFO  Grep on file /home/pi/actions-runner/_work/thin-edge.io/thin-edge.io/tests/PySys/plugin_docker/docker_plugin_remove_with_version/Output/linux/docker_ps.out ... passed
2022-04-29 10:03:09,786 INFO  
2022-04-29 10:03:09,787 INFO  cleanup:
2022-04-29 10:03:09,787 INFO  Removing containers scheduled to be cleaned up: ['aba215499f2a', '632139b66bfd', 'cd29fe99c9412fd40d2699632f1c4422382d661e44b554f1099cefa900de6865\n', '25ef89d187471ef6d075b9ad0729898cec5fb398f97fa2b129b3e619e19231b6\n']
2022-04-29 10:03:10,601 WARN  Executed sudo<containers_for_cleanup>, exit status 1
2022-04-29 10:03:10,603 INFO  Removing images scheduled to be cleaned up: ['registry', 'registry', 'registry:2.7.1', 'registry', 'registry:2.7.1']
2022-04-29 10:03:14,380 INFO  Executed sudo<containers_for_cleanup>, exit status 0
2022-04-29 10:03:14,384 INFO  
2022-04-29 10:03:14,385 INFO  Test duration: 35.75 secs
2022-04-29 10:03:14,386 INFO  Test final outcome:  PASSED
2022-04-29 10:03:14,387 INFO  
