2022-04-14 07:23:55,869 INFO  ==============================================================
2022-04-14 07:23:55,870 INFO  Id:    docker_plugin_install_with_version
2022-04-14 07:23:55,872 INFO  Dir:   plugin_docker/
2022-04-14 07:23:55,872 INFO  Title: Validate docker plugin install
2022-04-14 07:23:55,873 INFO  ==============================================================
2022-04-14 07:23:56,703 INFO  Executed sudo<docker_images>, exit status 0
2022-04-14 07:23:56,710 INFO  Grep on file /home/pi/actions-runner/_work/thin-edge.io/thin-edge.io/tests/PySys/plugin_docker/docker_plugin_install_with_version/Output/linux/docker_images.out ... passed
2022-04-14 07:24:21,310 INFO  Executed sudo<plugin_install>, exit status 0, duration 24 secs
2022-04-14 07:24:22,835 INFO  Executed sudo<docker_ps_latest>, exit status 0
2022-04-14 07:24:23,651 INFO  Executed sudo<docker_ps>, exit status 0
2022-04-14 07:24:23,658 INFO  Grep on file /home/pi/actions-runner/_work/thin-edge.io/thin-edge.io/tests/PySys/plugin_docker/docker_plugin_install_with_version/Output/linux/docker_ps.out ... passed
2022-04-14 07:24:23,664 INFO  
2022-04-14 07:24:23,665 INFO  cleanup:
2022-04-14 07:24:23,665 INFO  Removing containers scheduled to be cleaned up: ['6e75fb0108f8', '844b83a73124']
2022-04-14 07:24:26,998 WARN  Executed sudo<containers_for_cleanup>, exit status 1
2022-04-14 07:24:27,000 INFO  Removing images scheduled to be cleaned up: ['registry', 'registry', 'registry:2.7.1']
2022-04-14 07:24:30,733 INFO  Executed sudo<containers_for_cleanup>, exit status 0
2022-04-14 07:24:30,737 INFO  
2022-04-14 07:24:30,738 INFO  Test duration: 34.87 secs
2022-04-14 07:24:30,739 INFO  Test final outcome:  PASSED
2022-04-14 07:24:30,740 INFO  
