2022-05-30 10:33:59,629 INFO  ==============================================================
2022-05-30 10:33:59,630 INFO  Id:    SoftwareManagement.sm_docker_install_remove_multiple
2022-05-30 10:33:59,631 INFO  Dir:   software_management_end_to_end/
2022-05-30 10:33:59,633 INFO  Title: Validate end to end behaviour for the docker plugin for multiple docker images with mixed versions
2022-05-30 10:33:59,634 INFO  ==============================================================
2022-05-30 10:33:59,662 INFO  Using sw id database: {'asciijump': '5475369', 'robotfindskitten': '5474869', 'squirrel3': '5475279', 'rolldice': '5152439', 'moon-buggy': '5439204', 'apple': '5495053', 'banana': '5494888', 'cherry': '5495382', 'watermelon': '5494510', 'registry': '8018911', 'hello-world': '8021526', 'docker/getting-started': '8021973', 'alpine': '7991792'}
2022-05-30 10:33:59,663 INFO  EnvironmentC8y Setup
2022-05-30 10:34:00,325 INFO  Executed systemctl<serv_mapper1>, exit status 3
2022-05-30 10:34:00,435 INFO  Restarting mosquitto too frequently in the last 10 seconds. It was only up for 6 seconds
2022-05-30 10:34:00,436 INFO  Delaying execution by 5 seconds
2022-05-30 10:34:22,892 INFO  Executed sudo<tedge_connect_c8y>, exit status 0, duration 17 secs
2022-05-30 10:34:23,556 INFO  Executed sudo<tedge_connect_c8y_test>, exit status 0
2022-05-30 10:34:24,070 INFO  Executed systemctl<serv_mosq2>, exit status 0
2022-05-30 10:34:24,582 INFO  Executed systemctl<serv_mapper3>, exit status 0
2022-05-30 10:34:26,807 INFO  State of current operation: SUCCESSFUL
2022-05-30 10:34:27,045 INFO  Response status: 201
2022-05-30 10:34:27,047 INFO  Response to action: {
    "creationTime": "2022-05-30T10:34:26.999Z",
    "deviceId": "19784168",
    "deviceName": "m32sd11e",
    "self": "https://t493319102.eu-latest.cumulocity.com/devicecontrol/operations/19820262",
    "id": "19820262",
    "status": "PENDING",
    "description": "Apply software changes, triggered from PySys: [{'action': 'install', 'id': '8021526', 'name': 'hello-world', 'url': '', 'version': '::docker'}, {'action': 'install', 'id': '8018911', 'name': 'registry', 'url': '', 'version': '2.6.2::docker'}]",
    "c8y_SoftwareUpdate": [
        {
            "name": "hello-world",
            "action": "install",
            "id": "8021526",
            "version": "::docker",
            "url": ""
        },
        {
            "name": "registry",
            "action": "install",
            "id": "8018911",
            "version": "2.6.2::docker",
            "url": ""
        }
    ]
}
2022-05-30 10:34:27,047 INFO  Started operation: {'creationTime': '2022-05-30T10:34:26.999Z', 'deviceId': '19784168', 'deviceName': 'm32sd11e', 'self': 'https://t493319102.eu-latest.cumulocity.com/devicecontrol/operations/19820262', 'id': '19820262', 'status': 'PENDING', 'description': "Apply software changes, triggered from PySys: [{'action': 'install', 'id': '8021526', 'name': 'hello-world', 'url': '', 'version': '::docker'}, {'action': 'install', 'id': '8018911', 'name': 'registry', 'url': '', 'version': '2.6.2::docker'}]", 'c8y_SoftwareUpdate': [{'name': 'hello-world', 'action': 'install', 'id': '8021526', 'version': '::docker', 'url': ''}, {'name': 'registry', 'action': 'install', 'id': '8018911', 'version': '2.6.2::docker', 'url': ''}]}
2022-05-30 10:34:29,324 INFO  State of operation 19820262 : PENDING
2022-05-30 10:34:31,565 INFO  State of operation 19820262 : EXECUTING
2022-05-30 10:34:33,779 INFO  State of operation 19820262 : EXECUTING
2022-05-30 10:34:36,066 INFO  State of operation 19820262 : EXECUTING
2022-05-30 10:34:38,327 INFO  State of operation 19820262 : EXECUTING
2022-05-30 10:34:40,665 INFO  State of operation 19820262 : EXECUTING
2022-05-30 10:34:42,907 INFO  State of operation 19820262 : EXECUTING
2022-05-30 10:34:45,161 INFO  State of operation 19820262 : EXECUTING
2022-05-30 10:34:47,396 INFO  State of operation 19820262 : EXECUTING
2022-05-30 10:34:49,796 INFO  State of operation 19820262 : EXECUTING
2022-05-30 10:34:52,052 INFO  State of operation 19820262 : EXECUTING
2022-05-30 10:34:54,270 INFO  State of operation 19820262 : EXECUTING
2022-05-30 10:34:56,491 INFO  State of operation 19820262 : EXECUTING
2022-05-30 10:34:59,192 INFO  State of operation 19820262 : EXECUTING
2022-05-30 10:35:01,409 INFO  State of operation 19820262 : EXECUTING
2022-05-30 10:35:03,683 INFO  State of operation 19820262 : EXECUTING
2022-05-30 10:35:05,936 INFO  State of operation 19820262 : EXECUTING
2022-05-30 10:35:08,159 INFO  State of operation 19820262 : EXECUTING
2022-05-30 10:35:10,398 INFO  State of operation 19820262 : SUCCESSFUL
2022-05-30 10:35:11,637 INFO  Package hello-world is installed
2022-05-30 10:35:11,872 INFO  Package hello-world is installed
2022-05-30 10:35:11,874 INFO  Assert that (True == value) with value=True ... passed
2022-05-30 10:35:12,098 INFO  Package registry is installed
2022-05-30 10:35:12,101 INFO  Assert that (True == value) with value=True ... passed
2022-05-30 10:35:12,364 INFO  Assert that (False == value) with value=False ... passed
2022-05-30 10:35:12,600 INFO  Response status: 201
2022-05-30 10:35:12,601 INFO  Response to action: {
    "creationTime": "2022-05-30T10:35:12.558Z",
    "deviceId": "19784168",
    "deviceName": "m32sd11e",
    "self": "https://t493319102.eu-latest.cumulocity.com/devicecontrol/operations/19820266",
    "id": "19820266",
    "status": "PENDING",
    "description": "Apply software changes, triggered from PySys: [{'action': 'install', 'id': '8018911', 'name': 'registry', 'url': '', 'version': '2.7.1::docker'}, {'action': 'install', 'id': '7991792', 'name': 'alpine', 'url': '', 'version': '::docker'}]",
    "c8y_SoftwareUpdate": [
        {
            "name": "registry",
            "action": "install",
            "id": "8018911",
            "version": "2.7.1::docker",
            "url": ""
        },
        {
            "name": "alpine",
            "action": "install",
            "id": "7991792",
            "version": "::docker",
            "url": ""
        }
    ]
}
2022-05-30 10:35:12,602 INFO  Started operation: {'creationTime': '2022-05-30T10:35:12.558Z', 'deviceId': '19784168', 'deviceName': 'm32sd11e', 'self': 'https://t493319102.eu-latest.cumulocity.com/devicecontrol/operations/19820266', 'id': '19820266', 'status': 'PENDING', 'description': "Apply software changes, triggered from PySys: [{'action': 'install', 'id': '8018911', 'name': 'registry', 'url': '', 'version': '2.7.1::docker'}, {'action': 'install', 'id': '7991792', 'name': 'alpine', 'url': '', 'version': '::docker'}]", 'c8y_SoftwareUpdate': [{'name': 'registry', 'action': 'install', 'id': '8018911', 'version': '2.7.1::docker', 'url': ''}, {'name': 'alpine', 'action': 'install', 'id': '7991792', 'version': '::docker', 'url': ''}]}
2022-05-30 10:35:14,820 INFO  State of operation 19820266 : PENDING
2022-05-30 10:35:17,061 INFO  State of operation 19820266 : EXECUTING
2022-05-30 10:35:19,372 INFO  State of operation 19820266 : EXECUTING
2022-05-30 10:35:21,592 INFO  State of operation 19820266 : EXECUTING
2022-05-30 10:35:23,819 INFO  State of operation 19820266 : EXECUTING
2022-05-30 10:35:26,060 INFO  State of operation 19820266 : EXECUTING
2022-05-30 10:35:28,354 INFO  State of operation 19820266 : EXECUTING
2022-05-30 10:35:30,826 INFO  State of operation 19820266 : EXECUTING
2022-05-30 10:35:33,045 INFO  State of operation 19820266 : EXECUTING
2022-05-30 10:35:35,267 INFO  State of operation 19820266 : EXECUTING
2022-05-30 10:35:38,341 INFO  State of operation 19820266 : EXECUTING
2022-05-30 10:35:40,640 INFO  State of operation 19820266 : EXECUTING
2022-05-30 10:35:42,878 INFO  State of operation 19820266 : EXECUTING
2022-05-30 10:35:45,109 INFO  State of operation 19820266 : EXECUTING
2022-05-30 10:35:47,333 INFO  State of operation 19820266 : EXECUTING
2022-05-30 10:35:49,959 INFO  State of operation 19820266 : EXECUTING
2022-05-30 10:35:52,178 INFO  State of operation 19820266 : EXECUTING
2022-05-30 10:35:54,464 INFO  State of operation 19820266 : EXECUTING
2022-05-30 10:35:56,702 INFO  State of operation 19820266 : EXECUTING
2022-05-30 10:35:58,955 INFO  State of operation 19820266 : EXECUTING
2022-05-30 10:36:01,186 INFO  State of operation 19820266 : EXECUTING
2022-05-30 10:36:03,418 INFO  State of operation 19820266 : EXECUTING
2022-05-30 10:36:05,633 INFO  State of operation 19820266 : SUCCESSFUL
2022-05-30 10:36:06,872 INFO  Package hello-world is installed
2022-05-30 10:36:07,111 INFO  Package hello-world is installed
2022-05-30 10:36:07,114 INFO  Assert that (True == value) with value=True ... passed
2022-05-30 10:36:07,351 INFO  Package registry is installed
2022-05-30 10:36:07,354 INFO  Assert that (True == value) with value=True ... passed
2022-05-30 10:36:07,611 INFO  Package alpine is installed
2022-05-30 10:36:07,613 INFO  Assert that (True == value) with value=True ... passed
2022-05-30 10:36:07,624 INFO  
2022-05-30 10:36:07,624 INFO  cleanup:
2022-05-30 10:36:07,905 INFO  Response status: 201
2022-05-30 10:36:07,907 INFO  Response to action: {
    "creationTime": "2022-05-30T10:36:07.828Z",
    "deviceId": "19784168",
    "deviceName": "m32sd11e",
    "self": "https://t493319102.eu-latest.cumulocity.com/devicecontrol/operations/19821047",
    "id": "19821047",
    "status": "PENDING",
    "description": "Apply software changes, triggered from PySys: [{'action': 'delete', 'id': '8018911', 'name': 'registry', 'url': '', 'version': '2.7.1::docker'}, {'action': 'delete', 'id': '7991792', 'name': 'alpine', 'url': '', 'version': '::docker'}, {'action': 'delete', 'id': '8021526', 'name': 'hello-world', 'url': '', 'version': '::docker'}]",
    "c8y_SoftwareUpdate": [
        {
            "name": "registry",
            "action": "delete",
            "id": "8018911",
            "version": "2.7.1::docker",
            "url": ""
        },
        {
            "name": "alpine",
            "action": "delete",
            "id": "7991792",
            "version": "::docker",
            "url": ""
        },
        {
            "name": "hello-world",
            "action": "delete",
            "id": "8021526",
            "version": "::docker",
            "url": ""
        }
    ]
}
2022-05-30 10:36:07,908 INFO  Started operation: {'creationTime': '2022-05-30T10:36:07.828Z', 'deviceId': '19784168', 'deviceName': 'm32sd11e', 'self': 'https://t493319102.eu-latest.cumulocity.com/devicecontrol/operations/19821047', 'id': '19821047', 'status': 'PENDING', 'description': "Apply software changes, triggered from PySys: [{'action': 'delete', 'id': '8018911', 'name': 'registry', 'url': '', 'version': '2.7.1::docker'}, {'action': 'delete', 'id': '7991792', 'name': 'alpine', 'url': '', 'version': '::docker'}, {'action': 'delete', 'id': '8021526', 'name': 'hello-world', 'url': '', 'version': '::docker'}]", 'c8y_SoftwareUpdate': [{'name': 'registry', 'action': 'delete', 'id': '8018911', 'version': '2.7.1::docker', 'url': ''}, {'name': 'alpine', 'action': 'delete', 'id': '7991792', 'version': '::docker', 'url': ''}, {'name': 'hello-world', 'action': 'delete', 'id': '8021526', 'version': '::docker', 'url': ''}]}
2022-05-30 10:36:10,171 INFO  State of operation 19821047 : PENDING
2022-05-30 10:36:12,404 INFO  State of operation 19821047 : EXECUTING
2022-05-30 10:36:14,685 INFO  State of operation 19821047 : EXECUTING
2022-05-30 10:36:16,917 INFO  State of operation 19821047 : EXECUTING
2022-05-30 10:36:19,174 INFO  State of operation 19821047 : EXECUTING
2022-05-30 10:36:21,425 INFO  State of operation 19821047 : EXECUTING
2022-05-30 10:36:23,644 INFO  State of operation 19821047 : EXECUTING
2022-05-30 10:36:25,859 INFO  State of operation 19821047 : SUCCESSFUL
2022-05-30 10:36:37,236 INFO  Assert that (False == value) with value=False ... passed
2022-05-30 10:36:37,468 INFO  Assert that (False == value) with value=False ... passed
2022-05-30 10:36:37,706 INFO  Assert that (False == value) with value=False ... passed
2022-05-30 10:36:44,552 INFO  Executed sudo<tedge_disconnect_c8y>, exit status 0
2022-05-30 10:36:45,131 INFO  Executed systemctl<serv_mapper5>, exit status 3
2022-05-30 10:36:45,135 INFO  
2022-05-30 10:36:45,136 INFO  Test duration: 165.52 secs
2022-05-30 10:36:45,137 INFO  Test final outcome:  PASSED
2022-05-30 10:36:45,138 INFO  
