2022-05-16 07:21:19,211 INFO  ==============================================================
2022-05-16 07:21:19,211 INFO  Id:    tedge_mapper_az_without_timestamp
2022-05-16 07:21:19,211 INFO  Dir:   tedge_mapper_az/
2022-05-16 07:21:19,211 INFO  Title: Validate the Azure Mapper that publishes a Thin Edge JSON message without timestamp on az/messages/events/ when it receives a valid JSON message on tedge/measurements and az.mapper.timestamp is configured false
2022-05-16 07:21:19,211 INFO  ==============================================================
2022-05-16 07:21:19,265 INFO  Executed sudo<tedge_temp>, exit status 0
2022-05-16 07:21:19,368 INFO  Executed sudo<tedge_mapper_az>, exit status 0
2022-05-16 07:21:19,371 INFO  Started sudo<tedge_sub> with process id 910368
2022-05-16 07:21:19,575 INFO  Executed sudo<tedge_temp>, exit status 0
2022-05-16 07:21:19,678 INFO  Executed sudo<kill_out>, exit status 0
2022-05-16 07:21:19,679 INFO  Assert that (actual == expected) with actual=12.0, expected=12 ... passed
2022-05-16 07:21:19,680 INFO  Grep on file tedge_sub.out ... passed
2022-05-16 07:21:19,680 INFO  
2022-05-16 07:21:19,680 INFO  cleanup:
2022-05-16 07:21:19,680 INFO  mapper_cleanup
2022-05-16 07:21:19,783 INFO  Executed sudo<tedge_mapper_az>, exit status 0
2022-05-16 07:21:19,886 INFO  Executed sudo<tedge_temp>, exit status 0
2022-05-16 07:21:19,887 INFO  
2022-05-16 07:21:19,887 INFO  Test duration: 0.67 secs
2022-05-16 07:21:19,887 INFO  Test final outcome:  PASSED
2022-05-16 07:21:19,888 INFO  
