$SYS/broker/version mosquitto version 1.6.9
$SYS/broker/uptime 0 seconds
$SYS/broker/clients/total 5
$SYS/broker/clients/maximum 5
$SYS/broker/clients/inactive 5
$SYS/broker/clients/disconnected 5
$SYS/broker/clients/active 0
$SYS/broker/clients/connected 0
$SYS/broker/clients/expired 0
$SYS/broker/load/messages/received/1min 0.00
$SYS/broker/load/messages/received/5min 0.00
$SYS/broker/load/messages/received/15min 0.00
$SYS/broker/load/messages/sent/1min 0.00
$SYS/broker/load/messages/sent/5min 0.00
$SYS/broker/load/messages/sent/15min 0.00
$SYS/broker/load/publish/dropped/1min 0.00
$SYS/broker/load/publish/dropped/5min 0.00
$SYS/broker/load/publish/dropped/15min 0.00
$SYS/broker/load/publish/received/1min 0.00
$SYS/broker/load/publish/received/5min 0.00
$SYS/broker/load/publish/received/15min 0.00
$SYS/broker/load/publish/sent/1min 0.00
$SYS/broker/load/publish/sent/5min 0.00
$SYS/broker/load/publish/sent/15min 0.00
$SYS/broker/load/bytes/received/1min 0.00
$SYS/broker/load/bytes/received/5min 0.00
$SYS/broker/load/bytes/received/15min 0.00
$SYS/broker/load/bytes/sent/1min 0.00
$SYS/broker/load/bytes/sent/5min 0.00
$SYS/broker/load/bytes/sent/15min 0.00
$SYS/broker/load/sockets/1min 0.00
$SYS/broker/load/sockets/5min 0.00
$SYS/broker/load/sockets/15min 0.00
$SYS/broker/load/connections/1min 0.00
$SYS/broker/load/connections/5min 0.00
$SYS/broker/load/connections/15min 0.00
$SYS/broker/messages/stored 37
$SYS/broker/messages/received 0
$SYS/broker/messages/sent 0
$SYS/broker/store/messages/count 37
$SYS/broker/store/messages/bytes 152
$SYS/broker/subscriptions/count 32
$SYS/broker/shared_subscriptions/count 0
$SYS/broker/retained messages/count 42
$SYS/broker/heap/current 84176
$SYS/broker/heap/maximum 85432
$SYS/broker/publish/messages/dropped 0
$SYS/broker/publish/messages/received 0
$SYS/broker/publish/messages/sent 0
$SYS/broker/publish/bytes/received 0
$SYS/broker/publish/bytes/sent 0
$SYS/broker/bytes/received 0
$SYS/broker/bytes/sent 0
$SYS/broker/uptime 11 seconds
$SYS/broker/clients/total 8
$SYS/broker/clients/maximum 8
$SYS/broker/clients/inactive 1
$SYS/broker/clients/disconnected 1
$SYS/broker/clients/active 7
$SYS/broker/clients/connected 7
$SYS/broker/load/messages/received/1min 857.04
$SYS/broker/load/messages/sent/1min 549.13
$SYS/broker/load/publish/received/1min 592.07
$SYS/broker/load/publish/sent/1min 48.43
$SYS/broker/load/bytes/received/1min 93880.48
$SYS/broker/load/bytes/sent/1min 66954.11
$SYS/broker/load/sockets/1min 8.22
$SYS/broker/load/connections/1min 8.22
$SYS/broker/load/messages/received/5min 184.20
$SYS/broker/load/messages/sent/5min 118.02
$SYS/broker/load/publish/received/5min 127.25
$SYS/broker/load/publish/sent/5min 10.41
$SYS/broker/load/bytes/received/5min 20177.62
$SYS/broker/load/bytes/sent/5min 14390.36
$SYS/broker/load/sockets/5min 1.77
$SYS/broker/load/connections/5min 1.77
$SYS/broker/load/messages/received/15min 62.15
$SYS/broker/load/messages/sent/15min 39.82
$SYS/broker/load/publish/received/15min 42.94
$SYS/broker/load/publish/sent/15min 3.51
$SYS/broker/load/bytes/received/15min 6808.24
$SYS/broker/load/bytes/sent/15min 4855.53
$SYS/broker/load/sockets/15min 0.60
$SYS/broker/load/connections/15min 0.60
$SYS/broker/messages/stored 57
$SYS/broker/store/messages/count 57
$SYS/broker/store/messages/bytes 1164
$SYS/broker/subscriptions/count 35
$SYS/broker/retained messages/count 54
$SYS/broker/heap/current 100336
$SYS/broker/heap/maximum 100736
$SYS/broker/messages/received 938
$SYS/broker/messages/sent 601
$SYS/broker/publish/messages/received 648
$SYS/broker/publish/messages/sent 53
$SYS/broker/bytes/received 102749
$SYS/broker/bytes/sent 73279
$SYS/broker/publish/bytes/received 68541
$SYS/broker/publish/bytes/sent 62051
$SYS/broker/uptime 22 seconds
$SYS/broker/load/messages/received/1min 4180.01
$SYS/broker/load/messages/sent/1min 2488.27
$SYS/broker/load/publish/received/1min 2965.33
$SYS/broker/load/publish/sent/1min 82.34
$SYS/broker/load/bytes/received/1min 468082.67
$SYS/broker/load/bytes/sent/1min 324303.42
$SYS/broker/load/sockets/1min 6.85
$SYS/broker/load/connections/1min 6.85
$SYS/broker/load/messages/received/5min 922.63
$SYS/broker/load/messages/sent/5min 550.32
$SYS/broker/load/publish/received/5min 654.07
$SYS/broker/load/publish/sent/5min 19.07
$SYS/broker/load/bytes/received/5min 103257.92
$SYS/broker/load/bytes/sent/5min 71594.57
$SYS/broker/load/sockets/5min 1.70
$SYS/broker/load/connections/5min 1.70
$SYS/broker/load/messages/received/15min 312.79
$SYS/broker/load/messages/sent/15min 186.64
$SYS/broker/load/publish/received/15min 221.72
$SYS/broker/load/publish/sent/15min 6.52
$SYS/broker/load/bytes/received/15min 35003.24
$SYS/broker/load/bytes/sent/15min 24272.95
$SYS/broker/messages/stored 58
$SYS/broker/store/messages/count 58
$SYS/broker/store/messages/bytes 1353
$SYS/broker/heap/current 100768
$SYS/broker/heap/maximum 101720
$SYS/broker/messages/received 4732
$SYS/broker/messages/sent 2824
$SYS/broker/publish/messages/received 3354
$SYS/broker/publish/messages/sent 99
$SYS/broker/bytes/received 529512
$SYS/broker/bytes/sent 367214
$SYS/broker/publish/bytes/received 355974
$SYS/broker/publish/bytes/sent 315712
$SYS/broker/uptime 33 seconds
$SYS/broker/load/messages/received/1min 6932.64
$SYS/broker/load/messages/sent/1min 4092.54
$SYS/broker/load/publish/received/1min 4927.34
$SYS/broker/load/publish/sent/1min 101.44
$SYS/broker/load/bytes/received/1min 778288.59
$SYS/broker/load/bytes/sent/1min 538216.30
$SYS/broker/load/sockets/1min 5.70
$SYS/broker/load/connections/1min 5.70
$SYS/broker/load/messages/received/5min 1631.52
$SYS/broker/load/messages/sent/5min 964.90
$SYS/broker/load/publish/received/5min 1158.97
$SYS/broker/load/publish/sent/5min 25.45
$SYS/broker/load/bytes/received/5min 183064.73
$SYS/broker/load/bytes/sent/5min 126668.77
$SYS/broker/load/sockets/5min 1.64
$SYS/broker/load/connections/5min 1.64
$SYS/broker/load/messages/received/15min 559.39
$SYS/broker/load/messages/sent/15min 330.94
$SYS/broker/load/publish/received/15min 397.33
$SYS/broker/load/publish/sent/15min 8.82
$SYS/broker/load/bytes/received/15min 62760.45
$SYS/broker/load/bytes/sent/15min 43430.70
$SYS/broker/store/messages/bytes 1363
$SYS/broker/heap/current 100664
$SYS/broker/heap/maximum 105472
$SYS/broker/messages/received 8511
$SYS/broker/messages/sent 5036
$SYS/broker/publish/messages/received 6045
$SYS/broker/publish/messages/sent 135
$SYS/broker/bytes/received 954837
$SYS/broker/bytes/sent 660790
$SYS/broker/publish/bytes/received 642969
$SYS/broker/publish/bytes/sent 569355
$SYS/broker/uptime 44 seconds
$SYS/broker/load/messages/received/1min 9236.98
$SYS/broker/load/messages/sent/1min 5426.25
$SYS/broker/load/publish/received/1min 6573.49
$SYS/broker/load/publish/sent/1min 115.52
$SYS/broker/load/bytes/received/1min 1037856.05
$SYS/broker/load/bytes/sent/1min 716254.73
$SYS/broker/load/sockets/1min 4.74
$SYS/broker/load/connections/1min 4.74
$SYS/broker/load/messages/received/5min 2317.64
$SYS/broker/load/messages/sent/5min 1364.15
$SYS/broker/load/publish/received/5min 1648.45
$SYS/broker/load/publish/sent/5min 31.21
$SYS/broker/load/bytes/received/5min 260282.84
$SYS/broker/load/bytes/sent/5min 179751.12
$SYS/broker/load/sockets/5min 1.58
$SYS/broker/load/connections/5min 1.58
$SYS/broker/load/messages/received/15min 803.92
$SYS/broker/load/messages/sent/15min 473.36
$SYS/broker/load/publish/received/15min 571.74
$SYS/broker/load/publish/sent/15min 10.97
$SYS/broker/load/bytes/received/15min 90276.49
$SYS/broker/load/bytes/sent/15min 62352.68
$SYS/broker/store/messages/bytes 1367
$SYS/broker/heap/current 100680
$SYS/broker/messages/received 12304
$SYS/broker/messages/sent 7246
$SYS/broker/publish/messages/received 8750
$SYS/broker/publish/messages/sent 169
$SYS/broker/bytes/received 1381611
$SYS/broker/bytes/sent 954320
$SYS/broker/publish/bytes/received 930438
$SYS/broker/publish/bytes/sent 823019
$SYS/broker/uptime 55 seconds
$SYS/broker/load/messages/received/1min 11150.74
$SYS/broker/load/messages/sent/1min 6531.07
$SYS/broker/load/publish/received/1min 7941.15
$SYS/broker/load/publish/sent/1min 126.32
$SYS/broker/load/bytes/received/1min 1253197.03
$SYS/broker/load/bytes/sent/1min 863931.89
$SYS/broker/load/sockets/1min 3.95
$SYS/broker/load/connections/1min 3.95
$SYS/broker/load/messages/received/5min 2978.08
$SYS/broker/load/messages/sent/5min 1747.86
$SYS/broker/load/publish/received/5min 2119.71
$SYS/broker/load/publish/sent/5min 36.57
$SYS/broker/load/bytes/received/5min 334560.46
$SYS/broker/load/bytes/sent/5min 230806.71
$SYS/broker/load/sockets/5min 1.53
$SYS/broker/load/connections/5min 1.53
$SYS/broker/load/messages/received/15min 1045.15
$SYS/broker/load/messages/sent/15min 613.64
$SYS/broker/load/publish/received/15min 743.83
$SYS/broker/load/publish/sent/15min 13.02
$SYS/broker/load/bytes/received/15min 117404.12
$SYS/broker/load/bytes/sent/15min 81005.77
$SYS/broker/messages/stored 57
$SYS/broker/store/messages/count 57
$SYS/broker/store/messages/bytes 1220
$SYS/broker/heap/current 100392
$SYS/broker/heap/maximum 106712
$SYS/broker/messages/received 16092
$SYS/broker/messages/sent 9450
$SYS/broker/publish/messages/received 11452
$SYS/broker/publish/messages/sent 202
$SYS/broker/bytes/received 1807568
$SYS/broker/bytes/sent 1247261
$SYS/broker/publish/bytes/received 1217190
$SYS/broker/publish/bytes/sent 1076197
$SYS/broker/uptime 66 seconds
$SYS/broker/load/messages/received/1min 12736.63
$SYS/broker/load/messages/sent/1min 7459.04
$SYS/broker/load/publish/received/1min 9070.58
$SYS/broker/load/publish/sent/1min 138.05
$SYS/broker/load/bytes/received/1min 1431985.78
$SYS/broker/load/bytes/sent/1min 987483.91
$SYS/broker/load/sockets/1min 3.29
$SYS/broker/load/connections/1min 3.29
$SYS/broker/load/messages/received/5min 3613.17
$SYS/broker/load/messages/sent/5min 2119.51
$SYS/broker/load/publish/received/5min 2572.05
$SYS/broker/load/publish/sent/5min 42.32
$SYS/broker/load/bytes/received/5min 406060.60
$SYS/broker/load/bytes/sent/5min 280155.74
$SYS/broker/load/sockets/5min 1.47
$SYS/broker/load/connections/5min 1.47
$SYS/broker/load/messages/received/15min 1282.92
$SYS/broker/load/messages/sent/15min 752.83
$SYS/broker/load/publish/received/15min 913.17
$SYS/broker/load/publish/sent/15min 15.25
$SYS/broker/load/bytes/received/15min 144167.36
$SYS/broker/load/bytes/sent/15min 99476.66
$SYS/broker/messages/stored 58
$SYS/broker/store/messages/count 58
$SYS/broker/store/messages/bytes 1375
$SYS/broker/heap/current 100816
$SYS/broker/messages/received 19872
$SYS/broker/messages/sent 11663
$SYS/broker/publish/messages/received 14144
$SYS/broker/publish/messages/sent 238
$SYS/broker/bytes/received 2232999
$SYS/broker/bytes/sent 1540872
$SYS/broker/publish/bytes/received 1504266
$SYS/broker/publish/bytes/sent 1329871
$SYS/broker/uptime 77 seconds
$SYS/broker/load/messages/received/1min 14069.66
$SYS/broker/load/messages/sent/1min 8229.75
$SYS/broker/load/publish/received/1min 10019.96
$SYS/broker/load/publish/sent/1min 146.91
$SYS/broker/load/bytes/received/1min 1581616.99
$SYS/broker/load/bytes/sent/1min 1089811.69
$SYS/broker/load/sockets/1min 2.74
$SYS/broker/load/connections/1min 2.74
$SYS/broker/load/messages/received/5min 4228.14
$SYS/broker/load/messages/sent/5min 2477.40
$SYS/broker/load/publish/received/5min 3010.06
$SYS/broker/load/publish/sent/5min 47.67
$SYS/broker/load/bytes/received/5min 475156.61
$SYS/broker/load/bytes/sent/5min 327614.56
$SYS/broker/load/sockets/5min 1.42
$SYS/broker/load/connections/5min 1.42
$SYS/broker/load/messages/received/15min 1518.73
$SYS/broker/load/messages/sent/15min 890.18
$SYS/broker/load/publish/received/15min 1081.12
$SYS/broker/load/publish/sent/15min 17.38
$SYS/broker/load/bytes/received/15min 170662.87
$SYS/broker/load/bytes/sent/15min 117684.86
$SYS/broker/messages/stored 56
$SYS/broker/store/messages/count 56
$SYS/broker/store/messages/bytes 915
$SYS/broker/heap/current 99800
$SYS/broker/messages/received 23666
$SYS/broker/messages/sent 13874
$SYS/broker/publish/messages/received 16846
$SYS/broker/publish/messages/sent 273
$SYS/broker/bytes/received 2659296
$SYS/broker/bytes/sent 1833905
$SYS/broker/publish/bytes/received 1791344
$SYS/broker/publish/bytes/sent 1583064
$SYS/broker/uptime 88 seconds
$SYS/broker/load/messages/received/1min 15174.82
$SYS/broker/load/messages/sent/1min 8868.61
$SYS/broker/load/publish/received/1min 10812.13
$SYS/broker/load/publish/sent/1min 154.28
$SYS/broker/load/bytes/received/1min 1706012.70
$SYS/broker/load/bytes/sent/1min 1174996.78
$SYS/broker/load/sockets/1min 2.28
$SYS/broker/load/connections/1min 2.28
$SYS/broker/load/messages/received/5min 4820.00
$SYS/broker/load/messages/sent/5min 2821.81
$SYS/broker/load/publish/received/5min 3432.70
$SYS/broker/load/publish/sent/5min 52.83
$SYS/broker/load/bytes/received/5min 541728.26
$SYS/broker/load/bytes/sent/5min 373364.36
$SYS/broker/load/sockets/5min 1.37
$SYS/broker/load/connections/5min 1.37
$SYS/broker/load/messages/received/15min 1751.35
$SYS/broker/load/messages/sent/15min 1025.67
$SYS/broker/load/publish/received/15min 1247.15
$SYS/broker/load/publish/sent/15min 19.49
$SYS/broker/load/bytes/received/15min 196824.12
$SYS/broker/load/bytes/sent/15min 135671.75
$SYS/broker/messages/stored 58
$SYS/broker/store/messages/count 58
$SYS/broker/store/messages/bytes 1379
$SYS/broker/heap/current 100840
$SYS/broker/heap/maximum 106776
$SYS/broker/messages/received 27455
$SYS/broker/messages/sent 16082
$SYS/broker/publish/messages/received 19550
$SYS/broker/publish/messages/sent 308
$SYS/broker/bytes/received 3085406
$SYS/broker/bytes/sent 2126936
$SYS/broker/publish/bytes/received 2078203
$SYS/broker/publish/bytes/sent 1836257
$SYS/broker/uptime 99 seconds
$SYS/broker/load/messages/received/1min 16084.81
$SYS/broker/load/messages/sent/1min 9403.20
$SYS/broker/load/publish/received/1min 11458.82
$SYS/broker/load/publish/sent/1min 161.33
$SYS/broker/load/bytes/received/1min 1808770.58
$SYS/broker/load/bytes/sent/1min 1246428.81
$SYS/broker/load/sockets/1min 1.90
$SYS/broker/load/connections/1min 1.90
$SYS/broker/load/messages/received/5min 5388.38
$SYS/broker/load/messages/sent/5min 3154.40
$SYS/broker/load/publish/received/5min 3837.37
$SYS/broker/load/publish/sent/5min 57.99
$SYS/broker/load/bytes/received/5min 605731.13
$SYS/broker/load/bytes/sent/5min 417577.99
$SYS/broker/load/sockets/5min 1.32
$SYS/broker/load/connections/5min 1.32
$SYS/broker/load/messages/received/15min 1980.41
$SYS/broker/load/messages/sent/15min 1159.72
$SYS/broker/load/publish/received/15min 1410.24
$SYS/broker/load/publish/sent/15min 21.64
$SYS/broker/load/bytes/received/15min 222609.53
$SYS/broker/load/bytes/sent/15min 153477.57
$SYS/broker/messages/stored 57
$SYS/broker/store/messages/count 57
$SYS/broker/store/messages/bytes 1231
$SYS/broker/heap/current 100400
$SYS/broker/heap/maximum 107424
$SYS/broker/messages/received 31233
$SYS/broker/messages/sent 18293
$SYS/broker/publish/messages/received 22240
$SYS/broker/publish/messages/sent 344
$SYS/broker/bytes/received 3510640
$SYS/broker/bytes/sent 2420532
$SYS/broker/publish/bytes/received 2365132
$SYS/broker/publish/bytes/sent 2089924
$SYS/broker/uptime 110 seconds
$SYS/broker/load/messages/received/1min 16857.89
$SYS/broker/load/messages/sent/1min 9850.06
$SYS/broker/load/publish/received/1min 12011.80
$SYS/broker/load/publish/sent/1min 167.20
$SYS/broker/load/bytes/received/1min 1896077.14
$SYS/broker/load/bytes/sent/1min 1305910.83
$SYS/broker/load/sockets/1min 1.58
$SYS/broker/load/connections/1min 1.58
$SYS/broker/load/messages/received/5min 5939.64
$SYS/broker/load/messages/sent/5min 3475.42
$SYS/broker/load/publish/received/5min 4230.61
$SYS/broker/load/publish/sent/5min 62.98
$SYS/broker/load/bytes/received/5min 667808.36
$SYS/broker/load/bytes/sent/5min 460203.16
$SYS/broker/load/sockets/5min 1.27
$SYS/broker/load/connections/5min 1.27
$SYS/broker/load/messages/received/15min 2207.81
$SYS/broker/load/messages/sent/15min 1292.26
$SYS/broker/load/publish/received/15min 1572.41
$SYS/broker/load/publish/sent/15min 23.76
$SYS/broker/load/bytes/received/15min 248209.45
$SYS/broker/load/bytes/sent/15min 171068.22
$SYS/broker/store/messages/bytes 1067
$SYS/broker/heap/current 100144
$SYS/broker/messages/received 35028
$SYS/broker/messages/sent 20506
$SYS/broker/publish/messages/received 24946
$SYS/broker/publish/messages/sent 380
$SYS/broker/bytes/received 3937802
$SYS/broker/bytes/sent 2714145
$SYS/broker/publish/bytes/received 2652960
$SYS/broker/publish/bytes/sent 2343600
$SYS/broker/uptime 121 seconds
$SYS/broker/load/messages/received/1min 17502.40
$SYS/broker/load/messages/sent/1min 10221.16
$SYS/broker/load/publish/received/1min 12472.15
$SYS/broker/load/publish/sent/1min 169.34
$SYS/broker/load/bytes/received/1min 1968562.58
$SYS/broker/load/bytes/sent/1min 1355808.23
$SYS/broker/load/sockets/1min 1.31
$SYS/broker/load/connections/1min 1.31
$SYS/broker/load/messages/received/5min 6471.24
$SYS/broker/load/messages/sent/5min 3784.68
$SYS/broker/load/publish/received/5min 4609.69
$SYS/broker/load/publish/sent/5min 67.19
$SYS/broker/load/bytes/received/5min 727608.42
$SYS/broker/load/bytes/sent/5min 501375.21
$SYS/broker/load/sockets/5min 1.22
$SYS/broker/load/connections/5min 1.22
$SYS/broker/load/messages/received/15min 2432.51
$SYS/broker/load/messages/sent/15min 1423.13
$SYS/broker/load/publish/received/15min 1732.61
$SYS/broker/load/publish/sent/15min 25.66
$SYS/broker/load/bytes/received/15min 273484.14
$SYS/broker/load/bytes/sent/15min 188472.67
$SYS/broker/messages/stored 56
$SYS/broker/store/messages/count 56
$SYS/broker/store/messages/bytes 917
$SYS/broker/heap/current 99800
$SYS/broker/messages/received 38824
$SYS/broker/messages/sent 22718
$SYS/broker/publish/messages/received 27652
$SYS/broker/publish/messages/sent 413
$SYS/broker/bytes/received 4364749
$SYS/broker/bytes/sent 3008173
$SYS/broker/publish/bytes/received 2940552
$SYS/broker/publish/bytes/sent 2597723
$SYS/broker/version mosquitto version 1.6.9
$SYS/broker/uptime 0 seconds
$SYS/broker/clients/total 5
$SYS/broker/clients/maximum 5
$SYS/broker/clients/inactive 5
$SYS/broker/clients/disconnected 5
$SYS/broker/clients/active 0
$SYS/broker/clients/connected 0
$SYS/broker/clients/expired 0
$SYS/broker/load/messages/received/1min 0.00
$SYS/broker/load/messages/received/5min 0.00
$SYS/broker/load/messages/received/15min 0.00
$SYS/broker/load/messages/sent/1min 0.00
$SYS/broker/load/messages/sent/5min 0.00
$SYS/broker/load/messages/sent/15min 0.00
$SYS/broker/load/publish/dropped/1min 0.00
$SYS/broker/load/publish/dropped/5min 0.00
$SYS/broker/load/publish/dropped/15min 0.00
$SYS/broker/load/publish/received/1min 0.00
$SYS/broker/load/publish/received/5min 0.00
$SYS/broker/load/publish/received/15min 0.00
$SYS/broker/load/publish/sent/1min 0.00
$SYS/broker/load/publish/sent/5min 0.00
$SYS/broker/load/publish/sent/15min 0.00
$SYS/broker/load/bytes/received/1min 0.00
$SYS/broker/load/bytes/received/5min 0.00
$SYS/broker/load/bytes/received/15min 0.00
$SYS/broker/load/bytes/sent/1min 0.00
$SYS/broker/load/bytes/sent/5min 0.00
$SYS/broker/load/bytes/sent/15min 0.00
$SYS/broker/load/sockets/1min 0.00
$SYS/broker/load/sockets/5min 0.00
$SYS/broker/load/sockets/15min 0.00
$SYS/broker/load/connections/1min 0.00
$SYS/broker/load/connections/5min 0.00
$SYS/broker/load/connections/15min 0.00
$SYS/broker/messages/stored 73
$SYS/broker/messages/received 0
$SYS/broker/messages/sent 0
$SYS/broker/store/messages/count 73
$SYS/broker/store/messages/bytes 381
$SYS/broker/subscriptions/count 32
$SYS/broker/shared_subscriptions/count 0
$SYS/broker/retained messages/count 42
$SYS/broker/heap/current 87056
$SYS/broker/heap/maximum 88312
$SYS/broker/publish/messages/dropped 0
$SYS/broker/publish/messages/received 0
$SYS/broker/publish/messages/sent 0
$SYS/broker/publish/bytes/received 0
$SYS/broker/publish/bytes/sent 0
$SYS/broker/bytes/received 0
$SYS/broker/bytes/sent 0
