2022-05-02 15:36:41,990 INFO  ==============================================================
2022-05-02 15:36:41,991 INFO  Id:    publish_sawmill_record_statistics_long
2022-05-02 15:36:41,991 INFO  Title: Publish sawmill and record process statistics long version
2022-05-02 15:36:41,991 INFO  ==============================================================
2022-05-02 15:36:41,992 INFO  EnvironmentC8y Setup
2022-05-02 15:36:42,044 INFO  Executed systemctl<serv_mapper1>, exit status 3
2022-05-02 15:36:42,056 INFO  Restarting mosquitto too frequently in the last 10 seconds. It was only up for 1 seconds
2022-05-02 15:36:42,057 INFO  Delaying execution by 10 seconds
2022-05-02 15:37:09,329 INFO  Executed sudo<tedge_connect_c8y>, exit status 0, duration 17 secs
2022-05-02 15:37:09,481 INFO  Executed sudo<tedge_connect_c8y_test>, exit status 0
2022-05-02 15:37:09,533 INFO  Executed systemctl<serv_mosq2>, exit status 0
2022-05-02 15:37:09,585 INFO  Executed systemctl<serv_mapper3>, exit status 0
2022-05-02 15:37:09,585 INFO  Setup
2022-05-02 15:37:09,585 INFO  Execute
2022-05-02 15:37:09,687 INFO  Executed sudo<collectd_out>, exit status 0
2022-05-02 15:37:09,688 INFO  Started mosquitto_sub_stdout with process id 235303
2022-05-02 15:39:11,136 INFO  Executed sawtooth_publisher<stdout_sawmill>, exit status 0, duration 121 secs
2022-05-02 15:39:11,188 INFO  Executed systemctl<serv_mosq>, exit status 0
2022-05-02 15:39:11,240 INFO  Executed systemctl<serv_mapper4>, exit status 0
2022-05-02 15:39:11,243 INFO  Grep on input file mosquitto_sub_stdout.out ... passed
2022-05-02 15:39:11,243 INFO  
2022-05-02 15:39:11,243 INFO  cleanup:
2022-05-02 15:39:11,243 INFO  My Cleanup
2022-05-02 15:39:11,345 INFO  Executed sudo<collectd_out>, exit status 0
2022-05-02 15:39:11,345 INFO  Exporting data from /var/lib/collectd/rrd/ubuntu-2gb-hel1-2-thin-edge-b/exec/gauge-mosquitto-size.rrd
2022-05-02 15:39:11,351 INFO  Exporting data from /var/lib/collectd/rrd/ubuntu-2gb-hel1-2-thin-edge-b/exec/gauge-mapper-c8y-resident.rrd
2022-05-02 15:39:11,359 INFO  Exporting data from /var/lib/collectd/rrd/ubuntu-2gb-hel1-2-thin-edge-b/exec/gauge-mapper-c8y-utime.rrd
2022-05-02 15:39:11,364 INFO  Exporting data from /var/lib/collectd/rrd/ubuntu-2gb-hel1-2-thin-edge-b/exec/gauge-mapper-c8y-shared.rrd
2022-05-02 15:39:11,369 INFO  Exporting data from /var/lib/collectd/rrd/ubuntu-2gb-hel1-2-thin-edge-b/exec/gauge-mosquitto-shared.rrd
2022-05-02 15:39:11,374 INFO  Exporting data from /var/lib/collectd/rrd/ubuntu-2gb-hel1-2-thin-edge-b/exec/gauge-mapper-c8y-data.rrd
2022-05-02 15:39:11,379 INFO  Exporting data from /var/lib/collectd/rrd/ubuntu-2gb-hel1-2-thin-edge-b/exec/gauge-mapper-c8y-size.rrd
2022-05-02 15:39:11,384 INFO  Exporting data from /var/lib/collectd/rrd/ubuntu-2gb-hel1-2-thin-edge-b/exec/gauge-mosquitto-utime.rrd
2022-05-02 15:39:11,389 INFO  Exporting data from /var/lib/collectd/rrd/ubuntu-2gb-hel1-2-thin-edge-b/exec/gauge-mapper-c8y-text.rrd
2022-05-02 15:39:11,393 INFO  Exporting data from /var/lib/collectd/rrd/ubuntu-2gb-hel1-2-thin-edge-b/exec/gauge-mosquitto-stime.rrd
2022-05-02 15:39:11,398 INFO  Exporting data from /var/lib/collectd/rrd/ubuntu-2gb-hel1-2-thin-edge-b/exec/gauge-mapper-c8y-stime.rrd
2022-05-02 15:39:11,403 INFO  Exporting data from /var/lib/collectd/rrd/ubuntu-2gb-hel1-2-thin-edge-b/exec/gauge-mosquitto-data.rrd
2022-05-02 15:39:11,407 INFO  Exporting data from /var/lib/collectd/rrd/ubuntu-2gb-hel1-2-thin-edge-b/exec/gauge-mosquitto-text.rrd
2022-05-02 15:39:11,412 INFO  Exporting data from /var/lib/collectd/rrd/ubuntu-2gb-hel1-2-thin-edge-b/exec/gauge-mosquitto-resident.rrd
2022-05-02 15:39:22,268 INFO  Executed sudo<tedge_disconnect_c8y>, exit status 0
2022-05-02 15:39:22,320 INFO  Executed systemctl<serv_mapper5>, exit status 3
2022-05-02 15:39:22,521 INFO  
2022-05-02 15:39:22,521 INFO  Test duration: 160.53 secs
2022-05-02 15:39:22,521 INFO  Test final outcome:  PASSED
2022-05-02 15:39:22,521 INFO  
