2022-05-09 07:10:20,038 INFO  ==============================================================
2022-05-09 07:10:20,039 INFO  Id:    tedge_mapper_az_without_timestamp
2022-05-09 07:10:20,040 INFO  Dir:   tedge_mapper_az/
2022-05-09 07:10:20,041 INFO  Title: Validate the Azure Mapper that publishes a Thin Edge JSON message without timestamp on az/messages/events/ when it receives a valid JSON message on tedge/measurements and az.mapper.timestamp is configured false
2022-05-09 07:10:20,042 INFO  ==============================================================
2022-05-09 07:10:20,612 INFO  Executed sudo<tedge_temp>, exit status 0
2022-05-09 07:10:21,274 INFO  Executed sudo<tedge_mapper_az>, exit status 0
2022-05-09 07:10:21,284 INFO  Started sudo<tedge_sub> with process id 26698
2022-05-09 07:10:21,950 INFO  Executed sudo<tedge_temp>, exit status 0
2022-05-09 07:10:22,462 INFO  Executed sudo<kill_out>, exit status 0
2022-05-09 07:10:22,467 INFO  Assert that (actual == expected) with actual=12.0, expected=12 ... passed
2022-05-09 07:10:22,471 INFO  Grep on file tedge_sub.out ... passed
2022-05-09 07:10:22,477 INFO  
2022-05-09 07:10:22,478 INFO  cleanup:
2022-05-09 07:10:22,479 INFO  mapper_cleanup
2022-05-09 07:10:23,039 INFO  Executed sudo<tedge_mapper_az>, exit status 0
2022-05-09 07:10:23,601 INFO  Executed sudo<tedge_temp>, exit status 0
2022-05-09 07:10:23,605 INFO  
2022-05-09 07:10:23,606 INFO  Test duration: 3.57 secs
2022-05-09 07:10:23,607 INFO  Test final outcome:  PASSED
2022-05-09 07:10:23,608 INFO  
