2022-04-08 09:55:13,397 INFO  ==============================================================
2022-04-08 09:55:13,398 INFO  Id:    call_tedge_config_help
2022-04-08 09:55:13,399 INFO  Dir:   tedge/
2022-04-08 09:55:13,400 INFO  Title: Validate command line option help
2022-04-08 09:55:13,401 DEBUG Execution order hint: 0.0
2022-04-08 09:55:13,402 INFO  ==============================================================
2022-04-08 09:55:13,407 DEBUG --- test execute
2022-04-08 09:55:13,409 DEBUG Process parameters for tedge
  command line : /usr/bin/tedge config help
    arg #1     : config
    arg #2     : help
  working dir  : /home/pi/actions-runner/_work/thin-edge.io/thin-edge.io/tests/PySys/tedge/call_tedge_config_help/Output/linux
  stdout       : /home/pi/actions-runner/_work/thin-edge.io/thin-edge.io/tests/PySys/tedge/call_tedge_config_help/Output/linux/tedge.out
  stderr       : /home/pi/actions-runner/_work/thin-edge.io/thin-edge.io/tests/PySys/tedge/call_tedge_config_help/Output/linux/tedge.err
  environment  : LD_LIBRARY_PATH=/usr/lib
  environment  : PATH=/bin:/usr/bin:/usr/sbin:/usr/local/bin
                   #1  /bin
                   #2  /usr/bin
                   #3  /usr/sbin
                   #4  /usr/local/bin
2022-04-08 09:55:13,417 DEBUG Waiting up to 600 secs for process tedge (pid 10282)
2022-04-08 09:55:13,823 INFO  Executed tedge, exit status 0
2022-04-08 09:55:13,824 DEBUG --- test validate
2022-04-08 09:55:13,825 DEBUG Performing regex contains=True grep on file: /home/pi/actions-runner/_work/thin-edge.io/thin-edge.io/tests/PySys/tedge/call_tedge_config_help/Output/linux/tedge.out
2022-04-08 09:55:13,829 DEBUG Grep on file tedge.out successfully matched expression "USAGE:" with line: 'USAGE:\n'
2022-04-08 09:55:13,830 INFO  Grep on file tedge.out ... passed
2022-04-08 09:55:13,831 DEBUG Performing regex contains=True grep on file: /home/pi/actions-runner/_work/thin-edge.io/thin-edge.io/tests/PySys/tedge/call_tedge_config_help/Output/linux/tedge.out
2022-04-08 09:55:13,834 DEBUG Grep on file tedge.out successfully matched expression "OPTIONS:" with line: 'OPTIONS:\n'
2022-04-08 09:55:13,836 INFO  Grep on file tedge.out ... passed
2022-04-08 09:55:13,836 DEBUG Performing regex contains=True grep on file: /home/pi/actions-runner/_work/thin-edge.io/thin-edge.io/tests/PySys/tedge/call_tedge_config_help/Output/linux/tedge.out
2022-04-08 09:55:13,839 DEBUG Grep on file tedge.out successfully matched expression "SUBCOMMANDS:" with line: 'SUBCOMMANDS:\n'
2022-04-08 09:55:13,841 INFO  Grep on file tedge.out ... passed
2022-04-08 09:55:13,845 DEBUG --- test cleanup
2022-04-08 09:55:13,847 DEBUG ProcessUser cleanup function done.
2022-04-08 09:55:13,850 INFO  
2022-04-08 09:55:13,850 INFO  Test duration: 0.46 secs
2022-04-08 09:55:13,851 INFO  Test final outcome:  PASSED
2022-04-08 09:55:13,852 INFO  
