2022-04-07 16:40:52,612 INFO  ==============================================================
2022-04-07 16:40:52,613 INFO  Id:    apt_prepare
2022-04-07 16:40:52,614 INFO  Dir:   plugin_apt/
2022-04-07 16:40:52,615 INFO  Title: Validate apt plugin install - dense version
2022-04-07 16:40:52,616 DEBUG Execution order hint: 0.0
2022-04-07 16:40:52,617 INFO  ==============================================================
2022-04-07 16:40:52,622 DEBUG --- test execute
2022-04-07 16:40:52,624 DEBUG Process parameters for sudo<outp_prepare>
  command line : /usr/bin/sudo /etc/tedge/sm-plugins/apt prepare
    arg #1     : /etc/tedge/sm-plugins/apt
    arg #2     : prepare
  working dir  : /home/pi/actions-runner/_work/thin-edge.io/thin-edge.io/tests/PySys/plugin_apt/apt_prepare/Output/linux
  stdout       : /home/pi/actions-runner/_work/thin-edge.io/thin-edge.io/tests/PySys/plugin_apt/apt_prepare/Output/linux/outp_prepare.out
  stderr       : /home/pi/actions-runner/_work/thin-edge.io/thin-edge.io/tests/PySys/plugin_apt/apt_prepare/Output/linux/outp_prepare.err
  environment  : LD_LIBRARY_PATH=/usr/lib
  environment  : PATH=/bin:/usr/bin:/usr/sbin:/usr/local/bin
                   #1  /bin
                   #2  /usr/bin
                   #3  /usr/sbin
                   #4  /usr/local/bin
2022-04-07 16:40:52,631 DEBUG Waiting up to 600 secs for process sudo<outp_prepare> (pid 5686)
2022-04-07 16:41:12,430 INFO  Executed sudo<outp_prepare>, exit status 0, duration 19 secs
2022-04-07 16:41:12,433 INFO  Assert that (value==0) with value=0 ... passed
2022-04-07 16:41:12,435 DEBUG --- test validate
2022-04-07 16:41:12,437 INFO  Assert that (old != new) with old=1649349640.3647199, new=1649349671.70539 ... passed
2022-04-07 16:41:12,438 INFO  Assert that ((new +350) >= now) with new=1649349671.70539, now=1649349672.435527 ... passed
2022-04-07 16:41:12,443 DEBUG --- test cleanup
2022-04-07 16:41:12,444 INFO  
2022-04-07 16:41:12,445 INFO  cleanup:
2022-04-07 16:41:12,445 DEBUG Running registered cleanup function: <bound method AptPluginPrepare.cleanup_prepare of <AptPluginPrepare object at 0x760b7af0>>
2022-04-07 16:41:12,446 DEBUG ProcessUser cleanup function done.
2022-04-07 16:41:12,449 INFO  
2022-04-07 16:41:12,450 INFO  Test duration: 19.85 secs
2022-04-07 16:41:12,451 INFO  Test final outcome:  PASSED
2022-04-07 16:41:12,452 INFO  
