Unable to find image 'registry:2.6.2' locally
2.6.2: Pulling from library/registry
486039affc0a: Pulling fs layer
ba51a3b098e6: Pulling fs layer
470e22cd431a: Pulling fs layer
1048a0cdabb0: Pulling fs layer
ca5aa9d06321: Pulling fs layer
1048a0cdabb0: Waiting
ca5aa9d06321: Waiting
486039affc0a: Verifying Checksum
486039affc0a: Download complete
ba51a3b098e6: Verifying Checksum
ba51a3b098e6: Download complete
470e22cd431a: Verifying Checksum
470e22cd431a: Download complete
486039affc0a: Pull complete
ba51a3b098e6: Pull complete
1048a0cdabb0: Verifying Checksum
1048a0cdabb0: Download complete
ca5aa9d06321: Verifying Checksum
ca5aa9d06321: Download complete
470e22cd431a: Pull complete
1048a0cdabb0: Pull complete
ca5aa9d06321: Pull complete
Digest: sha256:c4bdca23bab136d5b9ce7c06895ba54892ae6db0ebfc3a2f1ac413a470b17e47
Status: Downloaded newer image for registry:2.6.2
