2022-05-03 14:08:59,384 INFO  ==============================================================
2022-05-03 14:08:59,384 INFO  Id:    docker_plugin_update
2022-05-03 14:08:59,384 INFO  Dir:   plugin_docker/
2022-05-03 14:08:59,384 INFO  Title: Validate docker plugin install updates existing containers
2022-05-03 14:08:59,384 INFO  ==============================================================
2022-05-03 14:08:59,486 INFO  Executed sudo<docker_images>, exit status 0
2022-05-03 14:08:59,487 INFO  Grep on file /home/pi/actions-runner/_work/thin-edge.io/thin-edge.io/tests/PySys/plugin_docker/docker_plugin_update/Output/linux/docker_images.out ... passed
2022-05-03 14:09:03,250 INFO  Executed sudo<docker_run>, exit status 0
2022-05-03 14:09:03,352 INFO  Executed sudo<docker_ps>, exit status 0
2022-05-03 14:09:03,354 INFO  Grep on file /home/pi/actions-runner/_work/thin-edge.io/thin-edge.io/tests/PySys/plugin_docker/docker_plugin_update/Output/linux/docker_ps.out ... passed
2022-05-03 14:09:07,667 INFO  Executed sudo<plugin_install>, exit status 0
2022-05-03 14:09:07,769 INFO  Executed sudo<docker_ps_latest>, exit status 0
2022-05-03 14:09:07,871 INFO  Executed sudo<docker_ps>, exit status 0
2022-05-03 14:09:07,872 INFO  Grep on file /home/pi/actions-runner/_work/thin-edge.io/thin-edge.io/tests/PySys/plugin_docker/docker_plugin_update/Output/linux/docker_ps.out ... passed
2022-05-03 14:09:07,974 INFO  Executed sudo<docker_ps>, exit status 0
2022-05-03 14:09:07,975 INFO  Grep on file /home/pi/actions-runner/_work/thin-edge.io/thin-edge.io/tests/PySys/plugin_docker/docker_plugin_update/Output/linux/docker_ps.out ... passed
2022-05-03 14:09:07,975 INFO  
2022-05-03 14:09:07,975 INFO  cleanup:
2022-05-03 14:09:07,975 INFO  Removing containers scheduled to be cleaned up: ['91f598659a0d', '9edaa058a482', '65888a45b37d29c843367c249e9243622d8b8256329cd1a4570222132653c2dd\n', '04b73aed095fe97e6ec62d2bd0f507dc03e40e3534bc26ceccc21118115a1c6f\n', '2ec3fe93d9b08497b09be1f3d8f2d6634ced39f5be277676221a0a642e35e98b\n', '302ab9a47599']
2022-05-03 14:09:08,277 INFO  Executed sudo<containers_for_cleanup>, exit status 0
2022-05-03 14:09:08,278 INFO  Removing images scheduled to be cleaned up: ['registry', 'registry', 'registry:2.7.1', 'registry', 'registry:2.7.1', 'registry:2.6.2', 'registry:2.7.1']
2022-05-03 14:09:08,430 INFO  Executed sudo<containers_for_cleanup>, exit status 0
2022-05-03 14:09:08,430 INFO  
2022-05-03 14:09:08,430 INFO  Test duration: 9.04 secs
2022-05-03 14:09:08,431 INFO  Test final outcome:  PASSED
2022-05-03 14:09:08,431 INFO  
