$SYS/broker/version mosquitto version 1.5.7
$SYS/broker/uptime 11 seconds
$SYS/broker/clients/total 6
$SYS/broker/clients/maximum 6
$SYS/broker/clients/inactive 3
$SYS/broker/clients/disconnected 3
$SYS/broker/clients/active 3
$SYS/broker/clients/connected 3
$SYS/broker/clients/expired 0
$SYS/broker/load/messages/received/1min 1194.19
$SYS/broker/load/messages/received/5min 256.67
$SYS/broker/load/messages/received/15min 86.60
$SYS/broker/load/messages/sent/1min 8.22
$SYS/broker/load/messages/sent/5min 1.77
$SYS/broker/load/messages/sent/15min 0.60
$SYS/broker/load/publish/dropped/1min 0.00
$SYS/broker/load/publish/dropped/5min 0.00
$SYS/broker/load/publish/dropped/15min 0.00
$SYS/broker/load/publish/received/1min 1185.97
$SYS/broker/load/publish/received/5min 254.90
$SYS/broker/load/publish/received/15min 86.01
$SYS/broker/load/publish/sent/1min 0.00
$SYS/broker/load/publish/sent/5min 0.00
$SYS/broker/load/publish/sent/15min 0.00
$SYS/broker/load/bytes/received/1min 77033.91
$SYS/broker/load/bytes/received/5min 16556.80
$SYS/broker/load/bytes/received/15min 5586.52
$SYS/broker/load/bytes/sent/1min 133.40
$SYS/broker/load/bytes/sent/5min 28.67
$SYS/broker/load/bytes/sent/15min 9.67
$SYS/broker/load/sockets/1min 1.83
$SYS/broker/load/sockets/5min 0.39
$SYS/broker/load/sockets/15min 0.13
$SYS/broker/load/connections/1min 0.91
$SYS/broker/load/connections/5min 0.20
$SYS/broker/load/connections/15min 0.07
$SYS/broker/messages/stored 53
$SYS/broker/messages/received 1307
$SYS/broker/messages/sent 9
$SYS/broker/store/messages/count 53
$SYS/broker/store/messages/bytes 205
$SYS/broker/subscriptions/count 35
$SYS/broker/retained messages/count 53
$SYS/broker/heap/current 52504
$SYS/broker/heap/maximum 53044
$SYS/broker/publish/messages/dropped 0
$SYS/broker/publish/messages/received 1298
$SYS/broker/publish/messages/sent 0
$SYS/broker/publish/bytes/received 28810
$SYS/broker/publish/bytes/sent 0
$SYS/broker/bytes/received 84311
$SYS/broker/bytes/sent 146
$SYS/broker/uptime 22 seconds
$SYS/broker/clients/total 9
$SYS/broker/clients/maximum 9
$SYS/broker/clients/inactive 2
$SYS/broker/clients/disconnected 2
$SYS/broker/clients/active 7
$SYS/broker/clients/connected 7
$SYS/broker/load/messages/received/1min 2499.00
$SYS/broker/load/messages/sent/1min 239.84
$SYS/broker/load/publish/received/1min 2384.33
$SYS/broker/load/publish/sent/1min 47.51
$SYS/broker/load/bytes/received/1min 172319.75
$SYS/broker/load/bytes/sent/1min 24732.19
$SYS/broker/load/sockets/1min 7.92
$SYS/broker/load/connections/1min 8.07
$SYS/broker/load/messages/received/5min 570.86
$SYS/broker/load/messages/sent/5min 51.78
$SYS/broker/load/publish/received/5min 545.98
$SYS/broker/load/publish/sent/5min 10.21
$SYS/broker/load/bytes/received/5min 39213.80
$SYS/broker/load/bytes/sent/5min 5319.43
$SYS/broker/load/sockets/5min 1.75
$SYS/broker/load/connections/5min 1.76
$SYS/broker/load/messages/received/15min 194.68
$SYS/broker/load/messages/sent/15min 17.49
$SYS/broker/load/publish/received/15min 186.27
$SYS/broker/load/publish/sent/15min 3.45
$SYS/broker/load/bytes/received/15min 13364.61
$SYS/broker/load/bytes/sent/15min 1795.09
$SYS/broker/load/sockets/15min 0.59
$SYS/broker/load/connections/15min 0.60
$SYS/broker/messages/stored 54
$SYS/broker/store/messages/count 54
$SYS/broker/store/messages/bytes 389
$SYS/broker/subscriptions/count 38
$SYS/broker/heap/current 56444
$SYS/broker/heap/maximum 56640
$SYS/broker/messages/received 2954
$SYS/broker/messages/sent 264
$SYS/broker/publish/messages/received 2827
$SYS/broker/publish/messages/sent 52
$SYS/broker/bytes/received 202721
$SYS/broker/bytes/sent 27093
$SYS/broker/publish/bytes/received 81409
$SYS/broker/publish/bytes/sent 22053
$SYS/broker/uptime 33 seconds
$SYS/broker/load/messages/received/1min 3817.31
$SYS/broker/load/messages/sent/1min 639.14
$SYS/broker/load/publish/received/1min 3522.67
$SYS/broker/load/publish/sent/1min 80.67
$SYS/broker/load/bytes/received/1min 284356.16
$SYS/broker/load/bytes/sent/1min 75716.66
$SYS/broker/load/sockets/1min 6.59
$SYS/broker/load/connections/1min 6.72
$SYS/broker/load/messages/received/5min 923.62
$SYS/broker/load/messages/sent/5min 144.37
$SYS/broker/load/publish/received/5min 856.83
$SYS/broker/load/publish/sent/5min 18.68
$SYS/broker/load/bytes/received/5min 68085.81
$SYS/broker/load/bytes/sent/5min 16976.37
$SYS/broker/load/sockets/5min 1.69
$SYS/broker/load/connections/5min 1.70
$SYS/broker/load/messages/received/15min 318.28
$SYS/broker/load/messages/sent/15min 49.14
$SYS/broker/load/publish/received/15min 295.53
$SYS/broker/load/publish/sent/15min 6.39
$SYS/broker/load/bytes/received/15min 23420.49
$SYS/broker/load/bytes/sent/15min 5771.14
$SYS/broker/store/messages/bytes 401
$SYS/broker/heap/current 56472
$SYS/broker/heap/maximum 57436
$SYS/broker/messages/received 4855
$SYS/broker/messages/sent 745
$SYS/broker/publish/messages/received 4510
$SYS/broker/publish/messages/sent 97
$SYS/broker/bytes/received 356933
$SYS/broker/bytes/sent 87428
$SYS/broker/publish/bytes/received 164558
$SYS/broker/publish/bytes/sent 73042
$SYS/broker/uptime 44 seconds
$SYS/broker/load/messages/received/1min 4927.59
$SYS/broker/load/messages/sent/1min 961.52
$SYS/broker/load/publish/received/1min 4483.12
$SYS/broker/load/publish/sent/1min 98.22
$SYS/broker/load/bytes/received/1min 378585.71
$SYS/broker/load/bytes/sent/1min 117809.89
$SYS/broker/load/sockets/1min 5.49
$SYS/broker/load/connections/1min 5.59
$SYS/broker/load/messages/received/5min 1266.43
$SYS/broker/load/messages/sent/5min 231.47
$SYS/broker/load/publish/received/5min 1159.23
$SYS/broker/load/publish/sent/5min 24.69
$SYS/broker/load/bytes/received/5min 96124.74
$SYS/broker/load/bytes/sent/5min 28138.22
$SYS/broker/load/sockets/5min 1.63
$SYS/broker/load/connections/5min 1.64
$SYS/broker/load/messages/received/15min 441.30
$SYS/broker/load/messages/sent/15min 79.69
$SYS/broker/load/publish/received/15min 404.38
$SYS/broker/load/publish/sent/15min 8.56
$SYS/broker/load/bytes/received/15min 33423.85
$SYS/broker/load/bytes/sent/15min 9673.44
$SYS/broker/store/messages/bytes 405
$SYS/broker/heap/current 56492
$SYS/broker/heap/maximum 57496
$SYS/broker/messages/received 6770
$SYS/broker/messages/sent 1215
$SYS/broker/publish/messages/received 6207
$SYS/broker/publish/messages/sent 131
$SYS/broker/bytes/received 512196
$SYS/broker/bytes/sent 147379
$SYS/broker/publish/bytes/received 248091
$SYS/broker/publish/bytes/sent 124012
$SYS/broker/uptime 55 seconds
$SYS/broker/load/messages/received/1min 5842.74
$SYS/broker/load/messages/sent/1min 1233.54
$SYS/broker/load/publish/received/1min 5271.72
$SYS/broker/load/publish/sent/1min 112.83
$SYS/broker/load/bytes/received/1min 456628.90
$SYS/broker/load/bytes/sent/1min 153350.07
$SYS/broker/load/sockets/1min 4.57
$SYS/broker/load/connections/1min 4.66
$SYS/broker/load/messages/received/5min 1594.94
$SYS/broker/load/messages/sent/5min 316.22
$SYS/broker/load/publish/received/5min 1448.40
$SYS/broker/load/publish/sent/5min 30.47
$SYS/broker/load/bytes/received/5min 123067.79
$SYS/broker/load/bytes/sent/5min 39005.24
$SYS/broker/load/sockets/5min 1.57
$SYS/broker/load/connections/5min 1.58
$SYS/broker/load/messages/received/15min 562.17
$SYS/broker/load/messages/sent/15min 110.13
$SYS/broker/load/publish/received/15min 511.12
$SYS/broker/load/publish/sent/15min 10.71
$SYS/broker/load/bytes/received/15min 43276.54
$SYS/broker/load/bytes/sent/15min 13564.45
$SYS/broker/store/messages/bytes 415
$SYS/broker/heap/current 56456
$SYS/broker/messages/received 8675
$SYS/broker/messages/sent 1689
$SYS/broker/publish/messages/received 7892
$SYS/broker/publish/messages/sent 165
$SYS/broker/bytes/received 667019
$SYS/broker/bytes/sent 207875
$SYS/broker/publish/bytes/received 331776
$SYS/broker/publish/bytes/sent 175456
$SYS/broker/uptime 66 seconds
$SYS/broker/load/messages/received/1min 6600.95
$SYS/broker/load/messages/sent/1min 1455.43
$SYS/broker/load/publish/received/1min 5926.39
$SYS/broker/load/publish/sent/1min 124.08
$SYS/broker/load/bytes/received/1min 521045.43
$SYS/broker/load/bytes/sent/1min 182422.53
$SYS/broker/load/sockets/1min 3.80
$SYS/broker/load/connections/1min 3.88
$SYS/broker/load/messages/received/5min 1910.83
$SYS/broker/load/messages/sent/5min 396.94
$SYS/broker/load/publish/received/5min 1726.75
$SYS/broker/load/publish/sent/5min 35.86
$SYS/broker/load/bytes/received/5min 148921.82
$SYS/broker/load/bytes/sent/5min 49370.45
$SYS/broker/load/sockets/5min 1.51
$SYS/broker/load/connections/5min 1.52
$SYS/broker/load/messages/received/15min 681.30
$SYS/broker/load/messages/sent/15min 139.87
$SYS/broker/load/publish/received/15min 616.43
$SYS/broker/load/publish/sent/15min 12.77
$SYS/broker/load/bytes/received/15min 52969.38
$SYS/broker/load/bytes/sent/15min 17370.88
$SYS/broker/heap/current 56492
$SYS/broker/messages/received 10576
$SYS/broker/messages/sent 2158
$SYS/broker/publish/messages/received 9575
$SYS/broker/publish/messages/sent 198
$SYS/broker/bytes/received 821236
$SYS/broker/bytes/sent 267808
$SYS/broker/publish/bytes/received 414930
$SYS/broker/publish/bytes/sent 226436
$SYS/broker/uptime 77 seconds
$SYS/broker/load/messages/received/1min 7237.63
$SYS/broker/load/messages/sent/1min 1644.72
$SYS/broker/load/publish/received/1min 6472.32
$SYS/broker/load/publish/sent/1min 132.54
$SYS/broker/load/bytes/received/1min 575073.61
$SYS/broker/load/bytes/sent/1min 207083.75
$SYS/broker/load/sockets/1min 3.17
$SYS/broker/load/connections/1min 3.23
$SYS/broker/load/messages/received/5min 2216.53
$SYS/broker/load/messages/sent/5min 475.73
$SYS/broker/load/publish/received/5min 1995.29
$SYS/broker/load/publish/sent/5min 40.85
$SYS/broker/load/bytes/received/5min 173931.44
$SYS/broker/load/bytes/sent/5min 59461.08
$SYS/broker/load/sockets/5min 1.46
$SYS/broker/load/connections/5min 1.47
$SYS/broker/load/messages/received/15min 799.39
$SYS/broker/load/messages/sent/15min 169.58
$SYS/broker/load/publish/received/15min 720.52
$SYS/broker/load/publish/sent/15min 14.73
$SYS/broker/load/bytes/received/15min 62573.63
$SYS/broker/load/bytes/sent/15min 21164.34
$SYS/broker/messages/stored 53
$SYS/broker/store/messages/count 53
$SYS/broker/store/messages/bytes 265
$SYS/broker/heap/current 56212
$SYS/broker/messages/received 12483
$SYS/broker/messages/sent 2632
$SYS/broker/publish/messages/received 11259
$SYS/broker/publish/messages/sent 230
$SYS/broker/bytes/received 975893
$SYS/broker/bytes/sent 328243
$SYS/broker/publish/bytes/received 498468
$SYS/broker/publish/bytes/sent 277881
$SYS/broker/version mosquitto version 1.5.7
$SYS/broker/uptime 0 seconds
$SYS/broker/clients/total 6
$SYS/broker/clients/maximum 6
$SYS/broker/clients/inactive 6
$SYS/broker/clients/disconnected 6
$SYS/broker/clients/active 0
$SYS/broker/clients/connected 0
$SYS/broker/clients/expired 0
$SYS/broker/load/messages/received/1min 0.00
$SYS/broker/load/messages/received/5min 0.00
$SYS/broker/load/messages/received/15min 0.00
$SYS/broker/load/messages/sent/1min 0.00
$SYS/broker/load/messages/sent/5min 0.00
$SYS/broker/load/messages/sent/15min 0.00
$SYS/broker/load/publish/dropped/1min 0.00
$SYS/broker/load/publish/dropped/5min 0.00
$SYS/broker/load/publish/dropped/15min 0.00
$SYS/broker/load/publish/received/1min 0.00
$SYS/broker/load/publish/received/5min 0.00
$SYS/broker/load/publish/received/15min 0.00
$SYS/broker/load/publish/sent/1min 0.00
$SYS/broker/load/publish/sent/5min 0.00
$SYS/broker/load/publish/sent/15min 0.00
$SYS/broker/load/bytes/received/1min 0.00
$SYS/broker/load/bytes/received/5min 0.00
$SYS/broker/load/bytes/received/15min 0.00
$SYS/broker/load/bytes/sent/1min 0.00
$SYS/broker/load/bytes/sent/5min 0.00
$SYS/broker/load/bytes/sent/15min 0.00
$SYS/broker/load/sockets/1min 0.00
$SYS/broker/load/sockets/5min 0.00
$SYS/broker/load/sockets/15min 0.00
$SYS/broker/load/connections/1min 0.00
$SYS/broker/load/connections/5min 0.00
$SYS/broker/load/connections/15min 0.00
$SYS/broker/messages/stored 37
$SYS/broker/messages/received 0
$SYS/broker/messages/sent 0
$SYS/broker/store/messages/count 37
$SYS/broker/store/messages/bytes 152
$SYS/broker/subscriptions/count 35
$SYS/broker/retained messages/count 41
$SYS/broker/heap/current 45032
$SYS/broker/heap/maximum 45772
$SYS/broker/publish/messages/dropped 0
$SYS/broker/publish/messages/received 0
$SYS/broker/publish/messages/sent 0
$SYS/broker/publish/bytes/received 0
$SYS/broker/publish/bytes/sent 0
$SYS/broker/bytes/received 0
$SYS/broker/bytes/sent 0
