2022-04-11 11:16:05,310 INFO  ==============================================================
2022-04-11 11:16:05,315 INFO  Id:    publish_sawmill_record_statistics
2022-04-11 11:16:05,317 INFO  Title: Publish sawmill and record process statistics
2022-04-11 11:16:05,319 DEBUG Execution order hint: 0.0
2022-04-11 11:16:05,320 INFO  ==============================================================
2022-04-11 11:16:07,036 DEBUG EnvironmentC8y Setup
2022-04-11 11:16:07,037 INFO  EnvironmentC8y Setup
2022-04-11 11:16:07,039 DEBUG Process parameters for executable systemctl
2022-04-11 11:16:07,041 DEBUG   command      : /usr/bin/systemctl
2022-04-11 11:16:07,042 DEBUG   argument     : status
2022-04-11 11:16:07,044 DEBUG   argument     : tedge-mapper-c8y
2022-04-11 11:16:07,046 DEBUG   working dir  : /home/pi/actions-runner/_work/thin-edge.io/thin-edge.io/tests/PySys/analytics/publish_sawmill_record_statistics/Output/linux/
2022-04-11 11:16:07,047 DEBUG   stdout       : /home/pi/actions-runner/_work/thin-edge.io/thin-edge.io/tests/PySys/analytics/publish_sawmill_record_statistics/Output/linux/serv_mapper1.out
2022-04-11 11:16:07,048 DEBUG   stderr       : /home/pi/actions-runner/_work/thin-edge.io/thin-edge.io/tests/PySys/analytics/publish_sawmill_record_statistics/Output/linux/serv_mapper1.err
2022-04-11 11:16:07,050 DEBUG   environment  : LD_LIBRARY_PATH=/usr/lib
2022-04-11 11:16:07,051 DEBUG   environment  : PATH=/bin:/usr/bin:/usr/sbin:/usr/local/bin
2022-04-11 11:16:07,061 DEBUG Waiting up to 600 secs for process systemctl<serv_mapper1> (pid 26381)
2022-04-11 11:16:07,772 INFO  Executed systemctl<serv_mapper1>, exit status 3
2022-04-11 11:16:07,908 DEBUG Process parameters for executable sudo
2022-04-11 11:16:07,910 DEBUG   command      : /usr/bin/sudo
2022-04-11 11:16:07,911 DEBUG   argument     : /usr/bin/tedge
2022-04-11 11:16:07,913 DEBUG   argument     : connect
2022-04-11 11:16:07,914 DEBUG   argument     : c8y
2022-04-11 11:16:07,916 DEBUG   working dir  : /home/pi/actions-runner/_work/thin-edge.io/thin-edge.io/tests/PySys/analytics/publish_sawmill_record_statistics/Output/linux/
2022-04-11 11:16:07,917 DEBUG   stdout       : /home/pi/actions-runner/_work/thin-edge.io/thin-edge.io/tests/PySys/analytics/publish_sawmill_record_statistics/Output/linux/tedge_connect_c8y.out
2022-04-11 11:16:07,919 DEBUG   stderr       : /home/pi/actions-runner/_work/thin-edge.io/thin-edge.io/tests/PySys/analytics/publish_sawmill_record_statistics/Output/linux/tedge_connect_c8y.err
2022-04-11 11:16:07,920 DEBUG   environment  : LD_LIBRARY_PATH=/usr/lib
2022-04-11 11:16:07,922 DEBUG   environment  : PATH=/bin:/usr/bin:/usr/sbin:/usr/local/bin
2022-04-11 11:16:07,932 DEBUG Waiting up to 600 secs for process sudo<tedge_connect_c8y> (pid 26385)
2022-04-11 11:16:24,419 INFO  Executed sudo<tedge_connect_c8y>, exit status 0, duration 16 secs
2022-04-11 11:16:24,422 DEBUG Process parameters for executable sudo
2022-04-11 11:16:24,423 DEBUG   command      : /usr/bin/sudo
2022-04-11 11:16:24,424 DEBUG   argument     : /usr/bin/tedge
2022-04-11 11:16:24,426 DEBUG   argument     : connect
2022-04-11 11:16:24,427 DEBUG   argument     : c8y
2022-04-11 11:16:24,428 DEBUG   argument     : --test
2022-04-11 11:16:24,429 DEBUG   working dir  : /home/pi/actions-runner/_work/thin-edge.io/thin-edge.io/tests/PySys/analytics/publish_sawmill_record_statistics/Output/linux/
2022-04-11 11:16:24,431 DEBUG   stdout       : /home/pi/actions-runner/_work/thin-edge.io/thin-edge.io/tests/PySys/analytics/publish_sawmill_record_statistics/Output/linux/tedge_connect_c8y_test.out
2022-04-11 11:16:24,432 DEBUG   stderr       : /home/pi/actions-runner/_work/thin-edge.io/thin-edge.io/tests/PySys/analytics/publish_sawmill_record_statistics/Output/linux/tedge_connect_c8y_test.err
2022-04-11 11:16:24,433 DEBUG   environment  : LD_LIBRARY_PATH=/usr/lib
2022-04-11 11:16:24,435 DEBUG   environment  : PATH=/bin:/usr/bin:/usr/sbin:/usr/local/bin
2022-04-11 11:16:24,444 DEBUG Waiting up to 600 secs for process sudo<tedge_connect_c8y_test> (pid 26572)
2022-04-11 11:16:25,054 INFO  Executed sudo<tedge_connect_c8y_test>, exit status 0
2022-04-11 11:16:25,057 DEBUG Process parameters for executable systemctl
2022-04-11 11:16:25,058 DEBUG   command      : /usr/bin/systemctl
2022-04-11 11:16:25,060 DEBUG   argument     : status
2022-04-11 11:16:25,061 DEBUG   argument     : mosquitto
2022-04-11 11:16:25,063 DEBUG   working dir  : /home/pi/actions-runner/_work/thin-edge.io/thin-edge.io/tests/PySys/analytics/publish_sawmill_record_statistics/Output/linux/
2022-04-11 11:16:25,064 DEBUG   stdout       : /home/pi/actions-runner/_work/thin-edge.io/thin-edge.io/tests/PySys/analytics/publish_sawmill_record_statistics/Output/linux/serv_mosq2.out
2022-04-11 11:16:25,066 DEBUG   stderr       : /home/pi/actions-runner/_work/thin-edge.io/thin-edge.io/tests/PySys/analytics/publish_sawmill_record_statistics/Output/linux/serv_mosq2.err
2022-04-11 11:16:25,067 DEBUG   environment  : LD_LIBRARY_PATH=/usr/lib
2022-04-11 11:16:25,069 DEBUG   environment  : PATH=/bin:/usr/bin:/usr/sbin:/usr/local/bin
2022-04-11 11:16:25,080 DEBUG Waiting up to 600 secs for process systemctl<serv_mosq2> (pid 26580)
2022-04-11 11:16:25,675 INFO  Executed systemctl<serv_mosq2>, exit status 0
2022-04-11 11:16:25,678 DEBUG Process parameters for executable systemctl
2022-04-11 11:16:25,680 DEBUG   command      : /usr/bin/systemctl
2022-04-11 11:16:25,682 DEBUG   argument     : status
2022-04-11 11:16:25,683 DEBUG   argument     : tedge-mapper-c8y
2022-04-11 11:16:25,685 DEBUG   working dir  : /home/pi/actions-runner/_work/thin-edge.io/thin-edge.io/tests/PySys/analytics/publish_sawmill_record_statistics/Output/linux/
2022-04-11 11:16:25,687 DEBUG   stdout       : /home/pi/actions-runner/_work/thin-edge.io/thin-edge.io/tests/PySys/analytics/publish_sawmill_record_statistics/Output/linux/serv_mapper3.out
2022-04-11 11:16:25,689 DEBUG   stderr       : /home/pi/actions-runner/_work/thin-edge.io/thin-edge.io/tests/PySys/analytics/publish_sawmill_record_statistics/Output/linux/serv_mapper3.err
2022-04-11 11:16:25,690 DEBUG   environment  : LD_LIBRARY_PATH=/usr/lib
2022-04-11 11:16:25,692 DEBUG   environment  : PATH=/bin:/usr/bin:/usr/sbin:/usr/local/bin
2022-04-11 11:16:25,703 DEBUG Waiting up to 600 secs for process systemctl<serv_mapper3> (pid 26585)
2022-04-11 11:16:26,160 INFO  Executed systemctl<serv_mapper3>, exit status 0
2022-04-11 11:16:26,162 INFO  Setup
2022-04-11 11:16:26,163 INFO  /home/pi/actions-runner/_work/thin-edge.io/thin-edge.io/tests/PySys/analytics/publish_sawmill_record_statistics/Output/linux
2022-04-11 11:16:26,164 DEBUG --- test execute
2022-04-11 11:16:26,165 DEBUG EnvironmentC8y Execute
2022-04-11 11:16:26,166 INFO  Execute
2022-04-11 11:16:26,168 DEBUG Process parameters for executable sudo
2022-04-11 11:16:26,169 DEBUG   command      : /usr/bin/sudo
2022-04-11 11:16:26,170 DEBUG   argument     : /usr/bin/systemctl
2022-04-11 11:16:26,172 DEBUG   argument     : start
2022-04-11 11:16:26,173 DEBUG   argument     : collectd
2022-04-11 11:16:26,174 DEBUG   working dir  : /home/pi/actions-runner/_work/thin-edge.io/thin-edge.io/tests/PySys/analytics/publish_sawmill_record_statistics/Output/linux/
2022-04-11 11:16:26,175 DEBUG   stdout       : /home/pi/actions-runner/_work/thin-edge.io/thin-edge.io/tests/PySys/analytics/publish_sawmill_record_statistics/Output/linux/collectd_out.out
2022-04-11 11:16:26,177 DEBUG   stderr       : /home/pi/actions-runner/_work/thin-edge.io/thin-edge.io/tests/PySys/analytics/publish_sawmill_record_statistics/Output/linux/collectd_out.err
2022-04-11 11:16:26,178 DEBUG   environment  : LD_LIBRARY_PATH=/usr/lib
2022-04-11 11:16:26,179 DEBUG   environment  : PATH=/bin:/usr/bin:/usr/sbin:/usr/local/bin
2022-04-11 11:16:26,188 DEBUG Waiting up to 600 secs for process sudo<collectd_out> (pid 26590)
2022-04-11 11:16:26,752 INFO  Executed sudo<collectd_out>, exit status 0
2022-04-11 11:16:26,755 DEBUG Process parameters for executable mosquitto_sub
2022-04-11 11:16:26,756 DEBUG   command      : /usr/bin/mosquitto_sub
2022-04-11 11:16:26,757 DEBUG   argument     : -v
2022-04-11 11:16:26,759 DEBUG   argument     : -h
2022-04-11 11:16:26,760 DEBUG   argument     : localhost
2022-04-11 11:16:26,761 DEBUG   argument     : -t
2022-04-11 11:16:26,763 DEBUG   argument     : $SYS/#
2022-04-11 11:16:26,764 DEBUG   working dir  : /home/pi/actions-runner/_work/thin-edge.io/thin-edge.io/tests/PySys/analytics/publish_sawmill_record_statistics/Output/linux/
2022-04-11 11:16:26,768 DEBUG   stdout       : /home/pi/actions-runner/_work/thin-edge.io/thin-edge.io/tests/PySys/analytics/publish_sawmill_record_statistics/Output/linux/mosquitto_sub_stdout.out
2022-04-11 11:16:26,770 DEBUG   stderr       : /home/pi/actions-runner/_work/thin-edge.io/thin-edge.io/tests/PySys/analytics/publish_sawmill_record_statistics/Output/linux/mosquitto_sub_stdout.err
2022-04-11 11:16:26,772 DEBUG   environment  : LD_LIBRARY_PATH=/usr/lib
2022-04-11 11:16:26,785 DEBUG   environment  : PATH=/bin:/usr/bin:/usr/sbin:/usr/local/bin
2022-04-11 11:16:26,794 INFO  Started mosquitto_sub_stdout with process id 26592
2022-04-11 11:16:26,800 DEBUG Process parameters for executable sawtooth_publisher
2022-04-11 11:16:26,802 DEBUG   command      : /home/pi/examples/sawtooth_publisher
2022-04-11 11:16:26,805 DEBUG   argument     : 100
2022-04-11 11:16:26,806 DEBUG   argument     : 100
2022-04-11 11:16:26,807 DEBUG   argument     : 6
2022-04-11 11:16:26,808 DEBUG   argument     : sawmill
2022-04-11 11:16:26,810 DEBUG   working dir  : /home/pi/actions-runner/_work/thin-edge.io/thin-edge.io/tests/PySys/analytics/publish_sawmill_record_statistics/Output/linux/
2022-04-11 11:16:26,811 DEBUG   stdout       : /home/pi/actions-runner/_work/thin-edge.io/thin-edge.io/tests/PySys/analytics/publish_sawmill_record_statistics/Output/linux/stdout_sawmill.out
2022-04-11 11:16:26,813 DEBUG   stderr       : /home/pi/actions-runner/_work/thin-edge.io/thin-edge.io/tests/PySys/analytics/publish_sawmill_record_statistics/Output/linux/stdout_sawmill.err
2022-04-11 11:16:26,834 DEBUG   environment  : LD_LIBRARY_PATH=/usr/lib
2022-04-11 11:16:26,836 DEBUG   environment  : PATH=/bin:/usr/bin:/usr/sbin:/usr/local/bin
2022-04-11 11:16:26,848 DEBUG Waiting up to 600 secs for process sawtooth_publisher<stdout_sawmill> (pid 26593)
2022-04-11 11:17:27,910 INFO  Executed sawtooth_publisher<stdout_sawmill>, exit status 0, duration 61 secs
2022-04-11 11:17:27,912 DEBUG --- test validate
2022-04-11 11:17:27,914 DEBUG EnvironmentC8y Validate
2022-04-11 11:17:27,926 DEBUG Process parameters for executable systemctl
2022-04-11 11:17:27,927 DEBUG   command      : /usr/bin/systemctl
2022-04-11 11:17:27,928 DEBUG   argument     : status
2022-04-11 11:17:27,929 DEBUG   argument     : mosquitto
2022-04-11 11:17:27,930 DEBUG   working dir  : /home/pi/actions-runner/_work/thin-edge.io/thin-edge.io/tests/PySys/analytics/publish_sawmill_record_statistics/Output/linux/
2022-04-11 11:17:27,932 DEBUG   stdout       : /home/pi/actions-runner/_work/thin-edge.io/thin-edge.io/tests/PySys/analytics/publish_sawmill_record_statistics/Output/linux/serv_mosq.out
2022-04-11 11:17:27,933 DEBUG   stderr       : /home/pi/actions-runner/_work/thin-edge.io/thin-edge.io/tests/PySys/analytics/publish_sawmill_record_statistics/Output/linux/serv_mosq.err
2022-04-11 11:17:27,934 DEBUG   environment  : LD_LIBRARY_PATH=/usr/lib
2022-04-11 11:17:27,936 DEBUG   environment  : PATH=/bin:/usr/bin:/usr/sbin:/usr/local/bin
2022-04-11 11:17:27,947 DEBUG Waiting up to 600 secs for process systemctl<serv_mosq> (pid 26964)
2022-04-11 11:17:28,454 INFO  Executed systemctl<serv_mosq>, exit status 0
2022-04-11 11:17:28,456 DEBUG Process parameters for executable systemctl
2022-04-11 11:17:28,459 DEBUG   command      : /usr/bin/systemctl
2022-04-11 11:17:28,460 DEBUG   argument     : status
2022-04-11 11:17:28,461 DEBUG   argument     : tedge-mapper-c8y
2022-04-11 11:17:28,461 DEBUG   working dir  : /home/pi/actions-runner/_work/thin-edge.io/thin-edge.io/tests/PySys/analytics/publish_sawmill_record_statistics/Output/linux/
2022-04-11 11:17:28,462 DEBUG   stdout       : /home/pi/actions-runner/_work/thin-edge.io/thin-edge.io/tests/PySys/analytics/publish_sawmill_record_statistics/Output/linux/serv_mapper4.out
2022-04-11 11:17:28,463 DEBUG   stderr       : /home/pi/actions-runner/_work/thin-edge.io/thin-edge.io/tests/PySys/analytics/publish_sawmill_record_statistics/Output/linux/serv_mapper4.err
2022-04-11 11:17:28,464 DEBUG   environment  : LD_LIBRARY_PATH=/usr/lib
2022-04-11 11:17:28,464 DEBUG   environment  : PATH=/bin:/usr/bin:/usr/sbin:/usr/local/bin
2022-04-11 11:17:28,472 DEBUG Waiting up to 600 secs for process systemctl<serv_mapper4> (pid 26971)
2022-04-11 11:17:28,930 INFO  Executed systemctl<serv_mapper4>, exit status 0
2022-04-11 11:17:28,931 DEBUG Performing regex contains=True grep on file: /home/pi/actions-runner/_work/thin-edge.io/thin-edge.io/tests/PySys/analytics/publish_sawmill_record_statistics/Output/linux/mosquitto_sub_stdout.out
2022-04-11 11:17:28,947 DEBUG Grep on input file mosquitto_sub_stdout.out successfully matched expression "mosquitto" with line: '$SYS/broker/version mosquitto version 1.5.7\n'
2022-04-11 11:17:29,676 INFO  Grep on input file mosquitto_sub_stdout.out ... passed
2022-04-11 11:17:29,687 DEBUG --- test cleanup
2022-04-11 11:17:29,689 INFO  
2022-04-11 11:17:29,690 INFO  cleanup:
2022-04-11 11:17:29,691 DEBUG Running registered cleanup function: <bound method PublishSawmillRecordStatistics.mycleanup of <PublishSawmillRecordStatistics object at 0x761c9d10>>
2022-04-11 11:17:29,693 INFO  My Cleanup
2022-04-11 11:17:29,696 DEBUG Process parameters for executable sudo
2022-04-11 11:17:29,698 DEBUG   command      : /usr/bin/sudo
2022-04-11 11:17:29,700 DEBUG   argument     : /usr/bin/systemctl
2022-04-11 11:17:29,701 DEBUG   argument     : stop
2022-04-11 11:17:29,703 DEBUG   argument     : collectd
2022-04-11 11:17:29,705 DEBUG   working dir  : /home/pi/actions-runner/_work/thin-edge.io/thin-edge.io/tests/PySys/analytics/publish_sawmill_record_statistics/Output/linux/
2022-04-11 11:17:29,707 DEBUG   stdout       : /home/pi/actions-runner/_work/thin-edge.io/thin-edge.io/tests/PySys/analytics/publish_sawmill_record_statistics/Output/linux/collectd_out.out
2022-04-11 11:17:29,709 DEBUG   stderr       : /home/pi/actions-runner/_work/thin-edge.io/thin-edge.io/tests/PySys/analytics/publish_sawmill_record_statistics/Output/linux/collectd_out.err
2022-04-11 11:17:29,710 DEBUG   environment  : LD_LIBRARY_PATH=/usr/lib
2022-04-11 11:17:29,712 DEBUG   environment  : PATH=/bin:/usr/bin:/usr/sbin:/usr/local/bin
2022-04-11 11:17:29,724 DEBUG Waiting up to 600 secs for process sudo<collectd_out> (pid 26979)
2022-04-11 11:17:31,056 INFO  Executed sudo<collectd_out>, exit status 0
2022-04-11 11:17:31,064 INFO  Exporting data from /var/lib/collectd/rrd/mythicb/exec/gauge-mosquitto-shared.rrd
2022-04-11 11:17:31,227 INFO  Exporting data from /var/lib/collectd/rrd/mythicb/exec/gauge-mosquitto-stime.rrd
2022-04-11 11:17:31,341 INFO  Exporting data from /var/lib/collectd/rrd/mythicb/exec/gauge-mosquitto-data.rrd
2022-04-11 11:17:31,453 INFO  Exporting data from /var/lib/collectd/rrd/mythicb/exec/gauge-mosquitto-text.rrd
2022-04-11 11:17:31,584 INFO  Exporting data from /var/lib/collectd/rrd/mythicb/exec/gauge-mosquitto-size.rrd
2022-04-11 11:17:31,693 INFO  Exporting data from /var/lib/collectd/rrd/mythicb/exec/gauge-mapper-c8y-text.rrd
2022-04-11 11:17:31,806 INFO  Exporting data from /var/lib/collectd/rrd/mythicb/exec/gauge-mosquitto-resident.rrd
2022-04-11 11:17:31,915 INFO  Exporting data from /var/lib/collectd/rrd/mythicb/exec/gauge-mapper-c8y-size.rrd
2022-04-11 11:17:32,038 INFO  Exporting data from /var/lib/collectd/rrd/mythicb/exec/gauge-mapper-c8y-resident.rrd
2022-04-11 11:17:32,165 INFO  Exporting data from /var/lib/collectd/rrd/mythicb/exec/gauge-mosquitto-utime.rrd
2022-04-11 11:17:32,278 INFO  Exporting data from /var/lib/collectd/rrd/mythicb/exec/gauge-mapper-c8y-stime.rrd
2022-04-11 11:17:32,385 INFO  Exporting data from /var/lib/collectd/rrd/mythicb/exec/gauge-mapper-c8y-data.rrd
2022-04-11 11:17:32,492 INFO  Exporting data from /var/lib/collectd/rrd/mythicb/exec/gauge-mapper-c8y-utime.rrd
2022-04-11 11:17:32,598 INFO  Exporting data from /var/lib/collectd/rrd/mythicb/exec/gauge-mapper-c8y-shared.rrd
2022-04-11 11:17:32,730 DEBUG Running registered cleanup function: <bound method EnvironmentC8y.myenvcleanup of <PublishSawmillRecordStatistics object at 0x761c9d10>>
2022-04-11 11:17:32,731 DEBUG EnvironmentC8y Cleanup
2022-04-11 11:17:32,849 DEBUG Process parameters for executable sudo
2022-04-11 11:17:32,851 DEBUG   command      : /usr/bin/sudo
2022-04-11 11:17:32,852 DEBUG   argument     : /usr/bin/tedge
2022-04-11 11:17:32,852 DEBUG   argument     : disconnect
2022-04-11 11:17:32,853 DEBUG   argument     : c8y
2022-04-11 11:17:32,854 DEBUG   working dir  : /home/pi/actions-runner/_work/thin-edge.io/thin-edge.io/tests/PySys/analytics/publish_sawmill_record_statistics/Output/linux/
2022-04-11 11:17:32,855 DEBUG   stdout       : /home/pi/actions-runner/_work/thin-edge.io/thin-edge.io/tests/PySys/analytics/publish_sawmill_record_statistics/Output/linux/tedge_disconnect_c8y.out
2022-04-11 11:17:32,856 DEBUG   stderr       : /home/pi/actions-runner/_work/thin-edge.io/thin-edge.io/tests/PySys/analytics/publish_sawmill_record_statistics/Output/linux/tedge_disconnect_c8y.err
2022-04-11 11:17:32,856 DEBUG   environment  : LD_LIBRARY_PATH=/usr/lib
2022-04-11 11:17:32,857 DEBUG   environment  : PATH=/bin:/usr/bin:/usr/sbin:/usr/local/bin
2022-04-11 11:17:32,865 DEBUG Waiting up to 600 secs for process sudo<tedge_disconnect_c8y> (pid 26986)
2022-04-11 11:17:36,904 INFO  Executed sudo<tedge_disconnect_c8y>, exit status 0
2022-04-11 11:17:36,906 DEBUG Process parameters for executable systemctl
2022-04-11 11:17:36,907 DEBUG   command      : /usr/bin/systemctl
2022-04-11 11:17:36,908 DEBUG   argument     : status
2022-04-11 11:17:36,908 DEBUG   argument     : tedge-mapper-c8y
2022-04-11 11:17:36,909 DEBUG   working dir  : /home/pi/actions-runner/_work/thin-edge.io/thin-edge.io/tests/PySys/analytics/publish_sawmill_record_statistics/Output/linux/
2022-04-11 11:17:36,910 DEBUG   stdout       : /home/pi/actions-runner/_work/thin-edge.io/thin-edge.io/tests/PySys/analytics/publish_sawmill_record_statistics/Output/linux/serv_mapper5.out
2022-04-11 11:17:36,911 DEBUG   stderr       : /home/pi/actions-runner/_work/thin-edge.io/thin-edge.io/tests/PySys/analytics/publish_sawmill_record_statistics/Output/linux/serv_mapper5.err
2022-04-11 11:17:36,911 DEBUG   environment  : LD_LIBRARY_PATH=/usr/lib
2022-04-11 11:17:36,912 DEBUG   environment  : PATH=/bin:/usr/bin:/usr/sbin:/usr/local/bin
2022-04-11 11:17:36,920 DEBUG Waiting up to 600 secs for process systemctl<serv_mapper5> (pid 27028)
2022-04-11 11:17:37,478 INFO  Executed systemctl<serv_mapper5>, exit status 3
2022-04-11 11:17:37,482 DEBUG Waiting up to 30 secs for process mosquitto_sub_stdout (pid 26592)
2022-04-11 11:17:37,485 DEBUG ProcessUser cleanup function done.
2022-04-11 11:17:37,489 INFO  
2022-04-11 11:17:37,490 INFO  Test duration: 92.18 secs
2022-04-11 11:17:37,491 INFO  Test final outcome:  PASSED
2022-04-11 11:17:37,492 INFO  
