2022-04-07 17:26:03,164 INFO  ==============================================================
2022-04-07 17:26:03,165 INFO  Id:    SoftwareManagement.sm_apt_install_remove_default
2022-04-07 17:26:03,166 INFO  Dir:   software_management_end_to_end/
2022-04-07 17:26:03,167 INFO  Title: Validate end to end behaviour for the default plugin for installation and removal of packages
2022-04-07 17:26:03,167 DEBUG Execution order hint: 0.0
2022-04-07 17:26:03,168 INFO  ==============================================================
2022-04-07 17:26:03,174 INFO  Using sw id database: {'asciijump': '5475369', 'robotfindskitten': '5474869', 'squirrel3': '5475279', 'rolldice': '5152439', 'moon-buggy': '5439204', 'apple': '5495053', 'banana': '5494888', 'cherry': '5495382', 'watermelon': '5494510', 'registry': '8018911', 'hello-world': '8021526', 'docker/getting-started': '8021973', 'alpine': '7991792'}
2022-04-07 17:26:03,175 DEBUG EnvironmentC8y Setup
2022-04-07 17:26:03,176 INFO  EnvironmentC8y Setup
2022-04-07 17:26:03,177 DEBUG Process parameters for systemctl<serv_mapper1>
  command line : /usr/bin/systemctl status tedge-mapper-c8y
    arg #1     : status
    arg #2     : tedge-mapper-c8y
  working dir  : /home/pi/actions-runner/_work/thin-edge.io/thin-edge.io/tests/PySys/software_management_end_to_end/sm_apt_install_remove_default/Output/linux
  stdout       : /home/pi/actions-runner/_work/thin-edge.io/thin-edge.io/tests/PySys/software_management_end_to_end/sm_apt_install_remove_default/Output/linux/serv_mapper1.out
  stderr       : /home/pi/actions-runner/_work/thin-edge.io/thin-edge.io/tests/PySys/software_management_end_to_end/sm_apt_install_remove_default/Output/linux/serv_mapper1.err
  environment  : LD_LIBRARY_PATH=/usr/lib
  environment  : PATH=/bin:/usr/bin:/usr/sbin:/usr/local/bin
                   #1  /bin
                   #2  /usr/bin
                   #3  /usr/sbin
                   #4  /usr/local/bin
2022-04-07 17:26:03,185 DEBUG Waiting up to 600 secs for process systemctl<serv_mapper1> (pid 11385)
2022-04-07 17:26:03,742 INFO  Executed systemctl<serv_mapper1>, exit status 3
2022-04-07 17:26:03,853 INFO  Restarting mosquitto too frequently in the last 10 seconds. It was only up for 5 seconds
2022-04-07 17:26:03,855 INFO  Delaying execution by 6 seconds
2022-04-07 17:26:09,863 DEBUG Process parameters for sudo<tedge_connect_c8y>
  command line : /usr/bin/sudo /usr/bin/tedge connect c8y
    arg #1     : /usr/bin/tedge
    arg #2     : connect
    arg #3     : c8y
  working dir  : /home/pi/actions-runner/_work/thin-edge.io/thin-edge.io/tests/PySys/software_management_end_to_end/sm_apt_install_remove_default/Output/linux
  stdout       : /home/pi/actions-runner/_work/thin-edge.io/thin-edge.io/tests/PySys/software_management_end_to_end/sm_apt_install_remove_default/Output/linux/tedge_connect_c8y.out
  stderr       : /home/pi/actions-runner/_work/thin-edge.io/thin-edge.io/tests/PySys/software_management_end_to_end/sm_apt_install_remove_default/Output/linux/tedge_connect_c8y.err
  environment  : LD_LIBRARY_PATH=/usr/lib
  environment  : PATH=/bin:/usr/bin:/usr/sbin:/usr/local/bin
                   #1  /bin
                   #2  /usr/bin
                   #3  /usr/sbin
                   #4  /usr/local/bin
2022-04-07 17:26:09,873 DEBUG Waiting up to 600 secs for process sudo<tedge_connect_c8y> (pid 11389)
2022-04-07 17:26:24,015 INFO  Executed sudo<tedge_connect_c8y>, exit status 0, duration 14 secs
2022-04-07 17:26:24,019 DEBUG Process parameters for sudo<tedge_connect_c8y_test>
  command line : /usr/bin/sudo /usr/bin/tedge connect c8y --test
    arg #1     : /usr/bin/tedge
    arg #2     : connect
    arg #3     : c8y
    arg #4     : --test
  working dir  : /home/pi/actions-runner/_work/thin-edge.io/thin-edge.io/tests/PySys/software_management_end_to_end/sm_apt_install_remove_default/Output/linux
  stdout       : /home/pi/actions-runner/_work/thin-edge.io/thin-edge.io/tests/PySys/software_management_end_to_end/sm_apt_install_remove_default/Output/linux/tedge_connect_c8y_test.out
  stderr       : /home/pi/actions-runner/_work/thin-edge.io/thin-edge.io/tests/PySys/software_management_end_to_end/sm_apt_install_remove_default/Output/linux/tedge_connect_c8y_test.err
  environment  : LD_LIBRARY_PATH=/usr/lib
  environment  : PATH=/bin:/usr/bin:/usr/sbin:/usr/local/bin
                   #1  /bin
                   #2  /usr/bin
                   #3  /usr/sbin
                   #4  /usr/local/bin
2022-04-07 17:26:24,027 DEBUG Waiting up to 600 secs for process sudo<tedge_connect_c8y_test> (pid 11501)
2022-04-07 17:26:24,636 INFO  Executed sudo<tedge_connect_c8y_test>, exit status 0
2022-04-07 17:26:24,638 DEBUG Process parameters for systemctl<serv_mosq2>
  command line : /usr/bin/systemctl status mosquitto
    arg #1     : status
    arg #2     : mosquitto
  working dir  : /home/pi/actions-runner/_work/thin-edge.io/thin-edge.io/tests/PySys/software_management_end_to_end/sm_apt_install_remove_default/Output/linux
  stdout       : /home/pi/actions-runner/_work/thin-edge.io/thin-edge.io/tests/PySys/software_management_end_to_end/sm_apt_install_remove_default/Output/linux/serv_mosq2.out
  stderr       : /home/pi/actions-runner/_work/thin-edge.io/thin-edge.io/tests/PySys/software_management_end_to_end/sm_apt_install_remove_default/Output/linux/serv_mosq2.err
  environment  : LD_LIBRARY_PATH=/usr/lib
  environment  : PATH=/bin:/usr/bin:/usr/sbin:/usr/local/bin
                   #1  /bin
                   #2  /usr/bin
                   #3  /usr/sbin
                   #4  /usr/local/bin
2022-04-07 17:26:24,646 DEBUG Waiting up to 600 secs for process systemctl<serv_mosq2> (pid 11523)
2022-04-07 17:26:25,155 INFO  Executed systemctl<serv_mosq2>, exit status 0
2022-04-07 17:26:25,158 DEBUG Process parameters for systemctl<serv_mapper3>
  command line : /usr/bin/systemctl status tedge-mapper-c8y
    arg #1     : status
    arg #2     : tedge-mapper-c8y
  working dir  : /home/pi/actions-runner/_work/thin-edge.io/thin-edge.io/tests/PySys/software_management_end_to_end/sm_apt_install_remove_default/Output/linux
  stdout       : /home/pi/actions-runner/_work/thin-edge.io/thin-edge.io/tests/PySys/software_management_end_to_end/sm_apt_install_remove_default/Output/linux/serv_mapper3.out
  stderr       : /home/pi/actions-runner/_work/thin-edge.io/thin-edge.io/tests/PySys/software_management_end_to_end/sm_apt_install_remove_default/Output/linux/serv_mapper3.err
  environment  : LD_LIBRARY_PATH=/usr/lib
  environment  : PATH=/bin:/usr/bin:/usr/sbin:/usr/local/bin
                   #1  /bin
                   #2  /usr/bin
                   #3  /usr/sbin
                   #4  /usr/local/bin
2022-04-07 17:26:25,167 DEBUG Waiting up to 600 secs for process systemctl<serv_mapper3> (pid 11536)
2022-04-07 17:26:25,625 INFO  Executed systemctl<serv_mapper3>, exit status 0
2022-04-07 17:26:27,649 DEBUG Starting new HTTPS connection (1): thin-edge-io.eu-latest.cumulocity.com:443
2022-04-07 17:26:27,836 DEBUG https://thin-edge-io.eu-latest.cumulocity.com:443 "GET /devicecontrol/operations?deviceId=16980675&pageSize=1&revert=true&dateFrom=1970-01-01T00%3A00%3A00.000Z HTTP/1.1" 200 1055
2022-04-07 17:26:27,850 DEBUG Final URL of the request: https://thin-edge-io.eu-latest.cumulocity.com/devicecontrol/operations?deviceId=16980675&pageSize=1&revert=true&dateFrom=1970-01-01T00%3A00%3A00.000Z
2022-04-07 17:26:27,854 INFO  State of current operation: SUCCESSFUL
2022-04-07 17:26:27,870 DEBUG Starting new HTTPS connection (1): thin-edge-io.eu-latest.cumulocity.com:443
2022-04-07 17:26:28,058 DEBUG https://thin-edge-io.eu-latest.cumulocity.com:443 "GET /inventory/managedObjects/16980675 HTTP/1.1" 200 None
2022-04-07 17:26:28,079 INFO  Assert that (False == value) with value=False ... passed
2022-04-07 17:26:28,080 DEBUG --- test execute
2022-04-07 17:26:28,096 DEBUG Starting new HTTPS connection (1): thin-edge-io.eu-latest.cumulocity.com:443
2022-04-07 17:26:28,297 DEBUG https://thin-edge-io.eu-latest.cumulocity.com:443 "POST /devicecontrol/operations HTTP/1.1" 201 468
2022-04-07 17:26:28,313 INFO  Response status: 201
2022-04-07 17:26:28,314 INFO  Response to action: {
    "creationTime": "2022-04-07T17:26:28.264Z",
    "deviceId": "16980675",
    "deviceName": "offsite_mythicd",
    "self": "https://t493319102.eu-latest.cumulocity.com/devicecontrol/operations/17009325",
    "id": "17009325",
    "status": "PENDING",
    "description": "Apply software changes, triggered from PySys: [{'name': 'rolldice', 'id': '5152439', 'version': ' ', 'url': '', 'action': 'install'}]",
    "c8y_SoftwareUpdate": [
        {
            "name": "rolldice",
            "action": "install",
            "id": "5152439",
            "version": " ",
            "url": ""
        }
    ]
}
2022-04-07 17:26:28,315 INFO  Started operation: {'creationTime': '2022-04-07T17:26:28.264Z', 'deviceId': '16980675', 'deviceName': 'offsite_mythicd', 'self': 'https://t493319102.eu-latest.cumulocity.com/devicecontrol/operations/17009325', 'id': '17009325', 'status': 'PENDING', 'description': "Apply software changes, triggered from PySys: [{'name': 'rolldice', 'id': '5152439', 'version': ' ', 'url': '', 'action': 'install'}]", 'c8y_SoftwareUpdate': [{'name': 'rolldice', 'action': 'install', 'id': '5152439', 'version': ' ', 'url': ''}]}
2022-04-07 17:26:30,334 DEBUG Starting new HTTPS connection (1): thin-edge-io.eu-latest.cumulocity.com:443
2022-04-07 17:26:30,511 DEBUG https://thin-edge-io.eu-latest.cumulocity.com:443 "GET /devicecontrol/operations/17009325 HTTP/1.1" 200 620
2022-04-07 17:26:30,527 INFO  State of operation 17009325 : PENDING
2022-04-07 17:26:32,548 DEBUG Starting new HTTPS connection (1): thin-edge-io.eu-latest.cumulocity.com:443
2022-04-07 17:26:32,739 DEBUG https://thin-edge-io.eu-latest.cumulocity.com:443 "GET /devicecontrol/operations/17009325 HTTP/1.1" 200 622
2022-04-07 17:26:32,757 INFO  State of operation 17009325 : EXECUTING
2022-04-07 17:26:34,776 DEBUG Starting new HTTPS connection (1): thin-edge-io.eu-latest.cumulocity.com:443
2022-04-07 17:26:34,962 DEBUG https://thin-edge-io.eu-latest.cumulocity.com:443 "GET /devicecontrol/operations/17009325 HTTP/1.1" 200 622
2022-04-07 17:26:34,978 INFO  State of operation 17009325 : EXECUTING
2022-04-07 17:26:36,997 DEBUG Starting new HTTPS connection (1): thin-edge-io.eu-latest.cumulocity.com:443
2022-04-07 17:26:37,172 DEBUG https://thin-edge-io.eu-latest.cumulocity.com:443 "GET /devicecontrol/operations/17009325 HTTP/1.1" 200 622
2022-04-07 17:26:37,188 INFO  State of operation 17009325 : EXECUTING
2022-04-07 17:26:39,207 DEBUG Starting new HTTPS connection (1): thin-edge-io.eu-latest.cumulocity.com:443
2022-04-07 17:26:39,393 DEBUG https://thin-edge-io.eu-latest.cumulocity.com:443 "GET /devicecontrol/operations/17009325 HTTP/1.1" 200 622
2022-04-07 17:26:39,409 INFO  State of operation 17009325 : EXECUTING
2022-04-07 17:26:41,429 DEBUG Starting new HTTPS connection (1): thin-edge-io.eu-latest.cumulocity.com:443
2022-04-07 17:26:41,604 DEBUG https://thin-edge-io.eu-latest.cumulocity.com:443 "GET /devicecontrol/operations/17009325 HTTP/1.1" 200 622
2022-04-07 17:26:41,620 INFO  State of operation 17009325 : EXECUTING
2022-04-07 17:26:43,642 DEBUG Starting new HTTPS connection (1): thin-edge-io.eu-latest.cumulocity.com:443
2022-04-07 17:26:44,282 DEBUG https://thin-edge-io.eu-latest.cumulocity.com:443 "GET /devicecontrol/operations/17009325 HTTP/1.1" 200 622
2022-04-07 17:26:44,308 INFO  State of operation 17009325 : EXECUTING
2022-04-07 17:26:46,334 DEBUG Starting new HTTPS connection (1): thin-edge-io.eu-latest.cumulocity.com:443
2022-04-07 17:26:47,867 DEBUG https://thin-edge-io.eu-latest.cumulocity.com:443 "GET /devicecontrol/operations/17009325 HTTP/1.1" 200 622
2022-04-07 17:26:48,154 INFO  State of operation 17009325 : EXECUTING
2022-04-07 17:26:50,187 DEBUG Starting new HTTPS connection (1): thin-edge-io.eu-latest.cumulocity.com:443
2022-04-07 17:26:50,487 DEBUG https://thin-edge-io.eu-latest.cumulocity.com:443 "GET /devicecontrol/operations/17009325 HTTP/1.1" 200 622
2022-04-07 17:26:50,508 INFO  State of operation 17009325 : EXECUTING
2022-04-07 17:26:52,531 DEBUG Starting new HTTPS connection (1): thin-edge-io.eu-latest.cumulocity.com:443
2022-04-07 17:26:52,708 DEBUG https://thin-edge-io.eu-latest.cumulocity.com:443 "GET /devicecontrol/operations/17009325 HTTP/1.1" 200 622
2022-04-07 17:26:52,725 INFO  State of operation 17009325 : EXECUTING
2022-04-07 17:26:54,745 DEBUG Starting new HTTPS connection (1): thin-edge-io.eu-latest.cumulocity.com:443
2022-04-07 17:26:54,926 DEBUG https://thin-edge-io.eu-latest.cumulocity.com:443 "GET /devicecontrol/operations/17009325 HTTP/1.1" 200 622
2022-04-07 17:26:54,943 INFO  State of operation 17009325 : EXECUTING
2022-04-07 17:26:56,965 DEBUG Starting new HTTPS connection (1): thin-edge-io.eu-latest.cumulocity.com:443
2022-04-07 17:26:57,148 DEBUG https://thin-edge-io.eu-latest.cumulocity.com:443 "GET /devicecontrol/operations/17009325 HTTP/1.1" 200 622
2022-04-07 17:26:57,164 INFO  State of operation 17009325 : EXECUTING
2022-04-07 17:26:59,185 DEBUG Starting new HTTPS connection (1): thin-edge-io.eu-latest.cumulocity.com:443
2022-04-07 17:26:59,372 DEBUG https://thin-edge-io.eu-latest.cumulocity.com:443 "GET /devicecontrol/operations/17009325 HTTP/1.1" 200 622
2022-04-07 17:26:59,390 INFO  State of operation 17009325 : EXECUTING
2022-04-07 17:27:01,410 DEBUG Starting new HTTPS connection (1): thin-edge-io.eu-latest.cumulocity.com:443
2022-04-07 17:27:01,625 DEBUG https://thin-edge-io.eu-latest.cumulocity.com:443 "GET /devicecontrol/operations/17009325 HTTP/1.1" 200 622
2022-04-07 17:27:01,644 INFO  State of operation 17009325 : EXECUTING
2022-04-07 17:27:03,683 DEBUG Starting new HTTPS connection (1): thin-edge-io.eu-latest.cumulocity.com:443
2022-04-07 17:27:03,988 DEBUG https://thin-edge-io.eu-latest.cumulocity.com:443 "GET /devicecontrol/operations/17009325 HTTP/1.1" 200 622
2022-04-07 17:27:04,030 INFO  State of operation 17009325 : EXECUTING
2022-04-07 17:27:06,050 DEBUG Starting new HTTPS connection (1): thin-edge-io.eu-latest.cumulocity.com:443
2022-04-07 17:27:06,717 DEBUG https://thin-edge-io.eu-latest.cumulocity.com:443 "GET /devicecontrol/operations/17009325 HTTP/1.1" 200 622
2022-04-07 17:27:06,742 INFO  State of operation 17009325 : EXECUTING
2022-04-07 17:27:08,763 DEBUG Starting new HTTPS connection (1): thin-edge-io.eu-latest.cumulocity.com:443
2022-04-07 17:27:08,945 DEBUG https://thin-edge-io.eu-latest.cumulocity.com:443 "GET /devicecontrol/operations/17009325 HTTP/1.1" 200 622
2022-04-07 17:27:08,961 INFO  State of operation 17009325 : EXECUTING
2022-04-07 17:27:10,981 DEBUG Starting new HTTPS connection (1): thin-edge-io.eu-latest.cumulocity.com:443
2022-04-07 17:27:11,171 DEBUG https://thin-edge-io.eu-latest.cumulocity.com:443 "GET /devicecontrol/operations/17009325 HTTP/1.1" 200 622
2022-04-07 17:27:11,196 INFO  State of operation 17009325 : EXECUTING
2022-04-07 17:27:13,216 DEBUG Starting new HTTPS connection (1): thin-edge-io.eu-latest.cumulocity.com:443
2022-04-07 17:27:13,396 DEBUG https://thin-edge-io.eu-latest.cumulocity.com:443 "GET /devicecontrol/operations/17009325 HTTP/1.1" 200 622
2022-04-07 17:27:13,412 INFO  State of operation 17009325 : EXECUTING
2022-04-07 17:27:15,467 DEBUG Starting new HTTPS connection (1): thin-edge-io.eu-latest.cumulocity.com:443
2022-04-07 17:27:16,128 DEBUG https://thin-edge-io.eu-latest.cumulocity.com:443 "GET /devicecontrol/operations/17009325 HTTP/1.1" 200 622
2022-04-07 17:27:16,152 INFO  State of operation 17009325 : EXECUTING
2022-04-07 17:27:18,170 DEBUG Starting new HTTPS connection (1): thin-edge-io.eu-latest.cumulocity.com:443
2022-04-07 17:27:18,343 DEBUG https://thin-edge-io.eu-latest.cumulocity.com:443 "GET /devicecontrol/operations/17009325 HTTP/1.1" 200 622
2022-04-07 17:27:18,358 INFO  State of operation 17009325 : EXECUTING
2022-04-07 17:27:20,379 DEBUG Starting new HTTPS connection (1): thin-edge-io.eu-latest.cumulocity.com:443
2022-04-07 17:27:21,090 DEBUG https://thin-edge-io.eu-latest.cumulocity.com:443 "GET /devicecontrol/operations/17009325 HTTP/1.1" 200 622
2022-04-07 17:27:21,108 INFO  State of operation 17009325 : EXECUTING
2022-04-07 17:27:23,128 DEBUG Starting new HTTPS connection (1): thin-edge-io.eu-latest.cumulocity.com:443
2022-04-07 17:27:23,315 DEBUG https://thin-edge-io.eu-latest.cumulocity.com:443 "GET /devicecontrol/operations/17009325 HTTP/1.1" 200 622
2022-04-07 17:27:23,331 INFO  State of operation 17009325 : EXECUTING
2022-04-07 17:27:25,367 DEBUG Starting new HTTPS connection (1): thin-edge-io.eu-latest.cumulocity.com:443
2022-04-07 17:27:26,080 DEBUG https://thin-edge-io.eu-latest.cumulocity.com:443 "GET /devicecontrol/operations/17009325 HTTP/1.1" 200 622
2022-04-07 17:27:26,106 INFO  State of operation 17009325 : EXECUTING
2022-04-07 17:27:28,127 DEBUG Starting new HTTPS connection (1): thin-edge-io.eu-latest.cumulocity.com:443
2022-04-07 17:27:28,302 DEBUG https://thin-edge-io.eu-latest.cumulocity.com:443 "GET /devicecontrol/operations/17009325 HTTP/1.1" 200 622
2022-04-07 17:27:28,317 INFO  State of operation 17009325 : EXECUTING
2022-04-07 17:27:30,349 DEBUG Starting new HTTPS connection (1): thin-edge-io.eu-latest.cumulocity.com:443
2022-04-07 17:27:31,221 DEBUG https://thin-edge-io.eu-latest.cumulocity.com:443 "GET /devicecontrol/operations/17009325 HTTP/1.1" 200 622
2022-04-07 17:27:31,237 INFO  State of operation 17009325 : EXECUTING
2022-04-07 17:27:33,255 DEBUG Starting new HTTPS connection (1): thin-edge-io.eu-latest.cumulocity.com:443
2022-04-07 17:27:33,456 DEBUG https://thin-edge-io.eu-latest.cumulocity.com:443 "GET /devicecontrol/operations/17009325 HTTP/1.1" 200 622
2022-04-07 17:27:33,472 INFO  State of operation 17009325 : EXECUTING
2022-04-07 17:27:35,576 DEBUG Starting new HTTPS connection (1): thin-edge-io.eu-latest.cumulocity.com:443
2022-04-07 17:27:35,894 DEBUG https://thin-edge-io.eu-latest.cumulocity.com:443 "GET /devicecontrol/operations/17009325 HTTP/1.1" 200 622
2022-04-07 17:27:35,920 INFO  State of operation 17009325 : EXECUTING
2022-04-07 17:27:37,940 DEBUG Starting new HTTPS connection (1): thin-edge-io.eu-latest.cumulocity.com:443
2022-04-07 17:27:38,120 DEBUG https://thin-edge-io.eu-latest.cumulocity.com:443 "GET /devicecontrol/operations/17009325 HTTP/1.1" 200 622
2022-04-07 17:27:38,136 INFO  State of operation 17009325 : EXECUTING
2022-04-07 17:27:40,155 DEBUG Starting new HTTPS connection (1): thin-edge-io.eu-latest.cumulocity.com:443
2022-04-07 17:27:40,346 DEBUG https://thin-edge-io.eu-latest.cumulocity.com:443 "GET /devicecontrol/operations/17009325 HTTP/1.1" 200 622
2022-04-07 17:27:40,365 INFO  State of operation 17009325 : EXECUTING
2022-04-07 17:27:42,387 DEBUG Starting new HTTPS connection (1): thin-edge-io.eu-latest.cumulocity.com:443
2022-04-07 17:27:42,581 DEBUG https://thin-edge-io.eu-latest.cumulocity.com:443 "GET /devicecontrol/operations/17009325 HTTP/1.1" 200 622
2022-04-07 17:27:42,599 INFO  State of operation 17009325 : EXECUTING
2022-04-07 17:27:44,617 DEBUG Starting new HTTPS connection (1): thin-edge-io.eu-latest.cumulocity.com:443
2022-04-07 17:27:44,801 DEBUG https://thin-edge-io.eu-latest.cumulocity.com:443 "GET /devicecontrol/operations/17009325 HTTP/1.1" 200 622
2022-04-07 17:27:44,819 INFO  State of operation 17009325 : EXECUTING
2022-04-07 17:27:46,840 DEBUG Starting new HTTPS connection (1): thin-edge-io.eu-latest.cumulocity.com:443
2022-04-07 17:27:47,017 DEBUG https://thin-edge-io.eu-latest.cumulocity.com:443 "GET /devicecontrol/operations/17009325 HTTP/1.1" 200 623
2022-04-07 17:27:47,032 INFO  State of operation 17009325 : SUCCESSFUL
2022-04-07 17:27:47,049 DEBUG Starting new HTTPS connection (1): thin-edge-io.eu-latest.cumulocity.com:443
2022-04-07 17:27:47,265 DEBUG https://thin-edge-io.eu-latest.cumulocity.com:443 "GET /inventory/managedObjects/16980675 HTTP/1.1" 200 None
2022-04-07 17:27:47,284 INFO  Package rolldice is installed
2022-04-07 17:27:47,286 INFO  Assert that (True == value) with value=True ... passed
2022-04-07 17:27:47,303 DEBUG Starting new HTTPS connection (1): thin-edge-io.eu-latest.cumulocity.com:443
2022-04-07 17:27:47,503 DEBUG https://thin-edge-io.eu-latest.cumulocity.com:443 "POST /devicecontrol/operations HTTP/1.1" 201 466
2022-04-07 17:27:47,518 INFO  Response status: 201
2022-04-07 17:27:47,520 INFO  Response to action: {
    "creationTime": "2022-04-07T17:27:47.469Z",
    "deviceId": "16980675",
    "deviceName": "offsite_mythicd",
    "self": "https://t493319102.eu-latest.cumulocity.com/devicecontrol/operations/17009329",
    "id": "17009329",
    "status": "PENDING",
    "description": "Apply software changes, triggered from PySys: [{'name': 'rolldice', 'id': '5152439', 'version': ' ', 'url': '', 'action': 'delete'}]",
    "c8y_SoftwareUpdate": [
        {
            "name": "rolldice",
            "action": "delete",
            "id": "5152439",
            "version": " ",
            "url": ""
        }
    ]
}
2022-04-07 17:27:47,521 INFO  Started operation: {'creationTime': '2022-04-07T17:27:47.469Z', 'deviceId': '16980675', 'deviceName': 'offsite_mythicd', 'self': 'https://t493319102.eu-latest.cumulocity.com/devicecontrol/operations/17009329', 'id': '17009329', 'status': 'PENDING', 'description': "Apply software changes, triggered from PySys: [{'name': 'rolldice', 'id': '5152439', 'version': ' ', 'url': '', 'action': 'delete'}]", 'c8y_SoftwareUpdate': [{'name': 'rolldice', 'action': 'delete', 'id': '5152439', 'version': ' ', 'url': ''}]}
2022-04-07 17:27:49,539 DEBUG Starting new HTTPS connection (1): thin-edge-io.eu-latest.cumulocity.com:443
2022-04-07 17:27:49,719 DEBUG https://thin-edge-io.eu-latest.cumulocity.com:443 "GET /devicecontrol/operations/17009329 HTTP/1.1" 200 618
2022-04-07 17:27:49,735 INFO  State of operation 17009329 : PENDING
2022-04-07 17:27:51,756 DEBUG Starting new HTTPS connection (1): thin-edge-io.eu-latest.cumulocity.com:443
2022-04-07 17:27:51,946 DEBUG https://thin-edge-io.eu-latest.cumulocity.com:443 "GET /devicecontrol/operations/17009329 HTTP/1.1" 200 620
2022-04-07 17:27:51,962 INFO  State of operation 17009329 : EXECUTING
2022-04-07 17:27:53,984 DEBUG Starting new HTTPS connection (1): thin-edge-io.eu-latest.cumulocity.com:443
2022-04-07 17:27:54,161 DEBUG https://thin-edge-io.eu-latest.cumulocity.com:443 "GET /devicecontrol/operations/17009329 HTTP/1.1" 200 620
2022-04-07 17:27:54,177 INFO  State of operation 17009329 : EXECUTING
2022-04-07 17:27:56,196 DEBUG Starting new HTTPS connection (1): thin-edge-io.eu-latest.cumulocity.com:443
2022-04-07 17:27:56,370 DEBUG https://thin-edge-io.eu-latest.cumulocity.com:443 "GET /devicecontrol/operations/17009329 HTTP/1.1" 200 620
2022-04-07 17:27:56,405 INFO  State of operation 17009329 : EXECUTING
2022-04-07 17:27:58,424 DEBUG Starting new HTTPS connection (1): thin-edge-io.eu-latest.cumulocity.com:443
2022-04-07 17:27:58,601 DEBUG https://thin-edge-io.eu-latest.cumulocity.com:443 "GET /devicecontrol/operations/17009329 HTTP/1.1" 200 620
2022-04-07 17:27:58,618 INFO  State of operation 17009329 : EXECUTING
2022-04-07 17:28:00,647 DEBUG Starting new HTTPS connection (1): thin-edge-io.eu-latest.cumulocity.com:443
2022-04-07 17:28:00,869 DEBUG https://thin-edge-io.eu-latest.cumulocity.com:443 "GET /devicecontrol/operations/17009329 HTTP/1.1" 200 620
2022-04-07 17:28:00,886 INFO  State of operation 17009329 : EXECUTING
2022-04-07 17:28:02,921 DEBUG Starting new HTTPS connection (1): thin-edge-io.eu-latest.cumulocity.com:443
2022-04-07 17:28:03,639 DEBUG https://thin-edge-io.eu-latest.cumulocity.com:443 "GET /devicecontrol/operations/17009329 HTTP/1.1" 200 620
2022-04-07 17:28:03,663 INFO  State of operation 17009329 : EXECUTING
2022-04-07 17:28:05,691 DEBUG Starting new HTTPS connection (1): thin-edge-io.eu-latest.cumulocity.com:443
2022-04-07 17:28:06,422 DEBUG https://thin-edge-io.eu-latest.cumulocity.com:443 "GET /devicecontrol/operations/17009329 HTTP/1.1" 200 620
2022-04-07 17:28:06,442 INFO  State of operation 17009329 : EXECUTING
2022-04-07 17:28:08,462 DEBUG Starting new HTTPS connection (1): thin-edge-io.eu-latest.cumulocity.com:443
2022-04-07 17:28:08,651 DEBUG https://thin-edge-io.eu-latest.cumulocity.com:443 "GET /devicecontrol/operations/17009329 HTTP/1.1" 200 620
2022-04-07 17:28:08,670 INFO  State of operation 17009329 : EXECUTING
2022-04-07 17:28:10,714 DEBUG Starting new HTTPS connection (1): thin-edge-io.eu-latest.cumulocity.com:443
2022-04-07 17:28:11,057 DEBUG https://thin-edge-io.eu-latest.cumulocity.com:443 "GET /devicecontrol/operations/17009329 HTTP/1.1" 200 620
2022-04-07 17:28:11,077 INFO  State of operation 17009329 : EXECUTING
2022-04-07 17:28:13,096 DEBUG Starting new HTTPS connection (1): thin-edge-io.eu-latest.cumulocity.com:443
2022-04-07 17:28:13,277 DEBUG https://thin-edge-io.eu-latest.cumulocity.com:443 "GET /devicecontrol/operations/17009329 HTTP/1.1" 200 620
2022-04-07 17:28:13,294 INFO  State of operation 17009329 : EXECUTING
2022-04-07 17:28:15,313 DEBUG Starting new HTTPS connection (1): thin-edge-io.eu-latest.cumulocity.com:443
2022-04-07 17:28:15,500 DEBUG https://thin-edge-io.eu-latest.cumulocity.com:443 "GET /devicecontrol/operations/17009329 HTTP/1.1" 200 620
2022-04-07 17:28:15,517 INFO  State of operation 17009329 : EXECUTING
2022-04-07 17:28:17,551 DEBUG Starting new HTTPS connection (1): thin-edge-io.eu-latest.cumulocity.com:443
2022-04-07 17:28:17,774 DEBUG https://thin-edge-io.eu-latest.cumulocity.com:443 "GET /devicecontrol/operations/17009329 HTTP/1.1" 200 620
2022-04-07 17:28:17,790 INFO  State of operation 17009329 : EXECUTING
2022-04-07 17:28:19,813 DEBUG Starting new HTTPS connection (1): thin-edge-io.eu-latest.cumulocity.com:443
2022-04-07 17:28:20,011 DEBUG https://thin-edge-io.eu-latest.cumulocity.com:443 "GET /devicecontrol/operations/17009329 HTTP/1.1" 200 620
2022-04-07 17:28:20,041 INFO  State of operation 17009329 : EXECUTING
2022-04-07 17:28:22,063 DEBUG Starting new HTTPS connection (1): thin-edge-io.eu-latest.cumulocity.com:443
2022-04-07 17:28:22,404 DEBUG https://thin-edge-io.eu-latest.cumulocity.com:443 "GET /devicecontrol/operations/17009329 HTTP/1.1" 200 620
2022-04-07 17:28:22,421 INFO  State of operation 17009329 : EXECUTING
2022-04-07 17:28:24,441 DEBUG Starting new HTTPS connection (1): thin-edge-io.eu-latest.cumulocity.com:443
2022-04-07 17:28:24,980 DEBUG https://thin-edge-io.eu-latest.cumulocity.com:443 "GET /devicecontrol/operations/17009329 HTTP/1.1" 200 620
2022-04-07 17:28:24,997 INFO  State of operation 17009329 : EXECUTING
2022-04-07 17:28:27,018 DEBUG Starting new HTTPS connection (1): thin-edge-io.eu-latest.cumulocity.com:443
2022-04-07 17:28:27,452 DEBUG https://thin-edge-io.eu-latest.cumulocity.com:443 "GET /devicecontrol/operations/17009329 HTTP/1.1" 200 620
2022-04-07 17:28:27,469 INFO  State of operation 17009329 : EXECUTING
2022-04-07 17:28:29,496 DEBUG Starting new HTTPS connection (1): thin-edge-io.eu-latest.cumulocity.com:443
2022-04-07 17:28:29,799 DEBUG https://thin-edge-io.eu-latest.cumulocity.com:443 "GET /devicecontrol/operations/17009329 HTTP/1.1" 200 620
2022-04-07 17:28:29,824 INFO  State of operation 17009329 : EXECUTING
2022-04-07 17:28:31,844 DEBUG Starting new HTTPS connection (1): thin-edge-io.eu-latest.cumulocity.com:443
2022-04-07 17:28:32,048 DEBUG https://thin-edge-io.eu-latest.cumulocity.com:443 "GET /devicecontrol/operations/17009329 HTTP/1.1" 200 620
2022-04-07 17:28:32,064 INFO  State of operation 17009329 : EXECUTING
2022-04-07 17:28:34,084 DEBUG Starting new HTTPS connection (1): thin-edge-io.eu-latest.cumulocity.com:443
2022-04-07 17:28:34,277 DEBUG https://thin-edge-io.eu-latest.cumulocity.com:443 "GET /devicecontrol/operations/17009329 HTTP/1.1" 200 620
2022-04-07 17:28:34,294 INFO  State of operation 17009329 : EXECUTING
2022-04-07 17:28:36,314 DEBUG Starting new HTTPS connection (1): thin-edge-io.eu-latest.cumulocity.com:443
2022-04-07 17:28:36,541 DEBUG https://thin-edge-io.eu-latest.cumulocity.com:443 "GET /devicecontrol/operations/17009329 HTTP/1.1" 200 620
2022-04-07 17:28:36,560 INFO  State of operation 17009329 : EXECUTING
2022-04-07 17:28:38,588 DEBUG Starting new HTTPS connection (1): thin-edge-io.eu-latest.cumulocity.com:443
2022-04-07 17:28:38,775 DEBUG https://thin-edge-io.eu-latest.cumulocity.com:443 "GET /devicecontrol/operations/17009329 HTTP/1.1" 200 620
2022-04-07 17:28:38,795 INFO  State of operation 17009329 : EXECUTING
2022-04-07 17:28:40,814 DEBUG Starting new HTTPS connection (1): thin-edge-io.eu-latest.cumulocity.com:443
2022-04-07 17:28:41,227 DEBUG https://thin-edge-io.eu-latest.cumulocity.com:443 "GET /devicecontrol/operations/17009329 HTTP/1.1" 200 621
2022-04-07 17:28:41,242 INFO  State of operation 17009329 : SUCCESSFUL
2022-04-07 17:28:41,243 DEBUG --- test validate
2022-04-07 17:28:41,259 DEBUG Starting new HTTPS connection (1): thin-edge-io.eu-latest.cumulocity.com:443
2022-04-07 17:28:41,913 DEBUG https://thin-edge-io.eu-latest.cumulocity.com:443 "GET /inventory/managedObjects/16980675 HTTP/1.1" 200 None
2022-04-07 17:28:41,933 INFO  Assert that (False == value) with value=False ... passed
2022-04-07 17:28:41,946 DEBUG --- test cleanup
2022-04-07 17:28:41,947 INFO  
2022-04-07 17:28:41,948 INFO  cleanup:
2022-04-07 17:28:41,948 DEBUG Running registered cleanup function: <bound method SoftwareManagement.mysmcleanup of <PySysTest object at 0x75cb85d0>>
2022-04-07 17:28:41,949 DEBUG Running registered cleanup function: <bound method EnvironmentC8y.myenvcleanup of <PySysTest object at 0x75cb85d0>>
2022-04-07 17:28:41,950 DEBUG EnvironmentC8y Cleanup
2022-04-07 17:28:42,073 DEBUG Process parameters for sudo<tedge_disconnect_c8y>
  command line : /usr/bin/sudo /usr/bin/tedge disconnect c8y
    arg #1     : /usr/bin/tedge
    arg #2     : disconnect
    arg #3     : c8y
  working dir  : /home/pi/actions-runner/_work/thin-edge.io/thin-edge.io/tests/PySys/software_management_end_to_end/sm_apt_install_remove_default/Output/linux
  stdout       : /home/pi/actions-runner/_work/thin-edge.io/thin-edge.io/tests/PySys/software_management_end_to_end/sm_apt_install_remove_default/Output/linux/tedge_disconnect_c8y.out
  stderr       : /home/pi/actions-runner/_work/thin-edge.io/thin-edge.io/tests/PySys/software_management_end_to_end/sm_apt_install_remove_default/Output/linux/tedge_disconnect_c8y.err
  environment  : LD_LIBRARY_PATH=/usr/lib
  environment  : PATH=/bin:/usr/bin:/usr/sbin:/usr/local/bin
                   #1  /bin
                   #2  /usr/bin
                   #3  /usr/sbin
                   #4  /usr/local/bin
2022-04-07 17:28:42,082 DEBUG Waiting up to 600 secs for process sudo<tedge_disconnect_c8y> (pid 12105)
2022-04-07 17:28:46,044 INFO  Executed sudo<tedge_disconnect_c8y>, exit status 0
2022-04-07 17:28:46,047 DEBUG Process parameters for systemctl<serv_mapper5>
  command line : /usr/bin/systemctl status tedge-mapper-c8y
    arg #1     : status
    arg #2     : tedge-mapper-c8y
  working dir  : /home/pi/actions-runner/_work/thin-edge.io/thin-edge.io/tests/PySys/software_management_end_to_end/sm_apt_install_remove_default/Output/linux
  stdout       : /home/pi/actions-runner/_work/thin-edge.io/thin-edge.io/tests/PySys/software_management_end_to_end/sm_apt_install_remove_default/Output/linux/serv_mapper5.out
  stderr       : /home/pi/actions-runner/_work/thin-edge.io/thin-edge.io/tests/PySys/software_management_end_to_end/sm_apt_install_remove_default/Output/linux/serv_mapper5.err
  environment  : LD_LIBRARY_PATH=/usr/lib
  environment  : PATH=/bin:/usr/bin:/usr/sbin:/usr/local/bin
                   #1  /bin
                   #2  /usr/bin
                   #3  /usr/sbin
                   #4  /usr/local/bin
2022-04-07 17:28:46,054 DEBUG Waiting up to 600 secs for process systemctl<serv_mapper5> (pid 12146)
2022-04-07 17:28:46,613 INFO  Executed systemctl<serv_mapper5>, exit status 3
2022-04-07 17:28:46,615 DEBUG ProcessUser cleanup function done.
2022-04-07 17:28:46,618 INFO  
2022-04-07 17:28:46,619 INFO  Test duration: 163.47 secs
2022-04-07 17:28:46,620 INFO  Test final outcome:  PASSED
2022-04-07 17:28:46,621 INFO  
