2022-05-30 09:22:39,971 INFO  ==============================================================
2022-05-30 09:22:39,973 INFO  Id:    sm_tedge_mapper_init_session
2022-05-30 09:22:39,974 INFO  Dir:   tedge_mapper_c8y/
2022-05-30 09:22:39,975 INFO  Title: Validate tedge_mapper_sm_c8y init session feature
2022-05-30 09:22:39,975 INFO  ==============================================================
2022-05-30 09:22:40,001 INFO  EnvironmentC8y Setup
2022-05-30 09:22:40,564 INFO  Executed systemctl<serv_mapper1>, exit status 3
2022-05-30 09:22:40,674 INFO  Restarting mosquitto too frequently in the last 10 seconds. It was only up for 7 seconds
2022-05-30 09:22:40,676 INFO  Delaying execution by 4 seconds
2022-05-30 09:22:58,806 INFO  Executed sudo<tedge_connect_c8y>, exit status 0, duration 14 secs
2022-05-30 09:22:59,472 INFO  Executed sudo<tedge_connect_c8y_test>, exit status 0
2022-05-30 09:22:59,937 INFO  Executed systemctl<serv_mosq2>, exit status 0
2022-05-30 09:23:00,451 INFO  Executed systemctl<serv_mapper3>, exit status 0
2022-05-30 09:23:01,021 INFO  Executed sudo<stop_tedge_mapper>, exit status 0
2022-05-30 09:23:01,536 INFO  Executed sudo<remove_lock>, exit status 0
2022-05-30 09:23:02,048 INFO  Executed sudo<mapper_drop>, exit status 0
2022-05-30 09:23:02,611 INFO  Executed sudo<mapper_init>, exit status 0
2022-05-30 09:23:03,174 INFO  Executed sudo<pub_req>, exit status 0
2022-05-30 09:23:03,184 INFO  Started sudo<sub_resp> with process id 3438
2022-05-30 09:23:03,754 INFO  Executed sudo<start_mapper>, exit status 0
2022-05-30 09:23:03,756 INFO  Waiting for 2.0 seconds
2022-05-30 09:23:06,271 INFO  Executed sudo<sub_stop>, exit status 0
2022-05-30 09:23:06,277 INFO  Grep on file sub_resp.out ... passed
2022-05-30 09:23:06,287 INFO  
2022-05-30 09:23:06,288 INFO  cleanup:
2022-05-30 09:23:10,160 INFO  Executed sudo<tedge_disconnect_c8y>, exit status 0
2022-05-30 09:23:10,724 INFO  Executed systemctl<serv_mapper5>, exit status 3
2022-05-30 09:23:10,831 INFO  Restarting mosquitto too frequently in the last 10 seconds. It was only up for 4 seconds
2022-05-30 09:23:10,833 INFO  Delaying execution by 7 seconds
2022-05-30 09:23:18,352 INFO  Executed sudo<tedge_disconnect_c8y>, exit status 0
2022-05-30 09:23:18,916 INFO  Executed systemctl<serv_mapper5>, exit status 3
2022-05-30 09:23:18,920 INFO  
2022-05-30 09:23:18,921 INFO  Test duration: 38.95 secs
2022-05-30 09:23:18,922 INFO  Test final outcome:  PASSED
2022-05-30 09:23:18,923 INFO  
