2022-05-16 07:57:08,110 INFO  ==============================================================
2022-05-16 07:57:08,111 INFO  Id:    apt_update_list
2022-05-16 07:57:08,113 INFO  Dir:   plugin_apt/
2022-05-16 07:57:08,113 INFO  Title: Validate apt plugin update-list command use case
2022-05-16 07:57:08,114 INFO  ==============================================================
2022-05-16 07:57:16,049 INFO  Executed sudo, exit status 0
2022-05-16 07:58:01,889 INFO  Executed sudo, exit status 0, duration 45 secs
2022-05-16 07:58:09,674 INFO  Executed sudo, exit status 0
2022-05-16 07:58:13,004 INFO  Executed sudo<outp_check_0>, exit status 0
2022-05-16 07:58:13,007 INFO  Assert that (value==0) with value=0 ... passed
2022-05-16 07:58:13,012 INFO  Grep on file outp_check_0.out ... passed
2022-05-16 07:58:15,784 INFO  Executed sudo<outp_check_1>, exit status 0
2022-05-16 07:58:15,786 INFO  Assert that (value==0) with value=0 ... passed
2022-05-16 07:58:15,792 INFO  Grep on file outp_check_1.out ... passed
2022-05-16 07:58:18,564 INFO  Executed sudo<outp_check_2>, exit status 0
2022-05-16 07:58:18,566 INFO  Assert that (value==0) with value=0 ... passed
2022-05-16 07:58:18,573 INFO  Grep on file outp_check_2.out ... passed
2022-05-16 07:59:14,783 INFO  Executed sudo<outp_check_3>, exit status 0
2022-05-16 07:59:14,786 INFO  Assert that (value==0) with value=0 ... passed
2022-05-16 07:59:14,811 INFO  Grep on file outp_check_3.out ... passed
2022-05-16 07:59:17,602 INFO  Executed sudo<outp_check_4>, exit status 0
2022-05-16 07:59:17,604 INFO  Assert that (value==0) with value=0 ... passed
2022-05-16 07:59:17,609 INFO  Grep on file outp_check_4.out ... passed
2022-05-16 07:59:20,388 INFO  Executed sudo<outp_check_5>, exit status 0
2022-05-16 07:59:20,391 INFO  Assert that (value==0) with value=0 ... passed
2022-05-16 07:59:20,398 INFO  Grep on file outp_check_5.out ... passed
2022-05-16 07:59:20,407 INFO  
2022-05-16 07:59:20,408 INFO  cleanup:
2022-05-16 07:59:36,867 INFO  Executed sudo, exit status 0, duration 16 secs
2022-05-16 07:59:44,876 INFO  Executed sudo, exit status 0
2022-05-16 08:00:01,648 INFO  Executed sudo, exit status 0, duration 16 secs
2022-05-16 08:00:01,652 INFO  
2022-05-16 08:00:01,654 INFO  Test duration: 173.55 secs
2022-05-16 08:00:01,655 INFO  Test final outcome:  PASSED
2022-05-16 08:00:01,657 INFO  
