2022-05-11 12:42:30,655 INFO  ==============================================================
2022-05-11 12:42:30,655 INFO  Id:    SoftwareManagement.sm_apt_install_fail
2022-05-11 12:42:30,657 INFO  Dir:   software_management_end_to_end/
2022-05-11 12:42:30,657 INFO  Title: Validate end to end behaviour for a failing installation
2022-05-11 12:42:30,658 INFO  ==============================================================
2022-05-11 12:42:30,673 INFO  Using sw id database: {'asciijump': '5475369', 'robotfindskitten': '5474869', 'squirrel3': '5475279', 'rolldice': '5152439', 'moon-buggy': '5439204', 'apple': '5495053', 'banana': '5494888', 'cherry': '5495382', 'watermelon': '5494510', 'registry': '8018911', 'hello-world': '8021526', 'docker/getting-started': '8021973', 'alpine': '7991792'}
2022-05-11 12:42:30,674 INFO  EnvironmentC8y Setup
2022-05-11 12:42:31,284 INFO  Executed systemctl<serv_mapper1>, exit status 3
2022-05-11 12:42:31,396 INFO  Restarting mosquitto too frequently in the last 10 seconds. It was only up for 6 seconds
2022-05-11 12:42:31,397 INFO  Delaying execution by 5 seconds
2022-05-11 12:42:53,772 INFO  Executed sudo<tedge_connect_c8y>, exit status 0, duration 17 secs
2022-05-11 12:42:54,390 INFO  Executed sudo<tedge_connect_c8y_test>, exit status 0
2022-05-11 12:42:54,903 INFO  Executed systemctl<serv_mosq2>, exit status 0
2022-05-11 12:42:55,415 INFO  Executed systemctl<serv_mapper3>, exit status 0
2022-05-11 12:42:57,651 INFO  State of current operation: PENDING
2022-05-11 12:42:59,876 INFO  State of current operation: PENDING
2022-05-11 12:43:02,138 INFO  State of current operation: EXECUTING
2022-05-11 12:43:04,380 INFO  State of current operation: EXECUTING
2022-05-11 12:43:06,643 INFO  State of current operation: EXECUTING
2022-05-11 12:43:08,917 INFO  State of current operation: EXECUTING
2022-05-11 12:43:11,209 INFO  State of current operation: EXECUTING
2022-05-11 12:43:13,523 INFO  State of current operation: EXECUTING
2022-05-11 12:43:15,802 INFO  State of current operation: EXECUTING
2022-05-11 12:43:18,073 INFO  State of current operation: EXECUTING
2022-05-11 12:43:20,744 INFO  State of current operation: EXECUTING
2022-05-11 12:43:23,974 INFO  State of current operation: EXECUTING
2022-05-11 12:43:26,407 INFO  State of current operation: EXECUTING
2022-05-11 12:43:28,677 INFO  State of current operation: EXECUTING
2022-05-11 12:43:31,117 INFO  State of current operation: EXECUTING
2022-05-11 12:43:33,391 INFO  State of current operation: EXECUTING
2022-05-11 12:43:35,621 INFO  State of current operation: EXECUTING
2022-05-11 12:43:37,981 INFO  State of current operation: EXECUTING
2022-05-11 12:43:40,203 INFO  State of current operation: EXECUTING
2022-05-11 12:43:42,429 INFO  State of current operation: EXECUTING
2022-05-11 12:43:44,664 INFO  State of current operation: EXECUTING
2022-05-11 12:43:46,902 INFO  State of current operation: FAILED
2022-05-11 12:43:47,130 INFO  Response status: 201
2022-05-11 12:43:47,131 INFO  Response to action: {
    "delivery": {
        "time": "2022-05-11T12:43:47.104Z",
        "log": [],
        "status": "PENDING"
    },
    "creationTime": "2022-05-11T12:43:47.091Z",
    "deviceName": "m32sd11e",
    "deviceId": "18811625",
    "self": "https://t493319102.eu-latest.cumulocity.com/devicecontrol/operations/18841047",
    "id": "18841047",
    "status": "PENDING",
    "description": "Apply software changes, triggered from PySys: [{'name': 'does_not_exist', 'id': '5446165', 'version': '::apt', 'url': '', 'action': 'install'}]",
    "c8y_SoftwareUpdate": [
        {
            "name": "does_not_exist",
            "action": "install",
            "id": "5446165",
            "version": "::apt",
            "url": ""
        }
    ]
}
2022-05-11 12:43:47,132 INFO  Started operation: {'delivery': {'time': '2022-05-11T12:43:47.104Z', 'log': [], 'status': 'PENDING'}, 'creationTime': '2022-05-11T12:43:47.091Z', 'deviceName': 'm32sd11e', 'deviceId': '18811625', 'self': 'https://t493319102.eu-latest.cumulocity.com/devicecontrol/operations/18841047', 'id': '18841047', 'status': 'PENDING', 'description': "Apply software changes, triggered from PySys: [{'name': 'does_not_exist', 'id': '5446165', 'version': '::apt', 'url': '', 'action': 'install'}]", 'c8y_SoftwareUpdate': [{'name': 'does_not_exist', 'action': 'install', 'id': '5446165', 'version': '::apt', 'url': ''}]}
2022-05-11 12:43:49,350 INFO  State of operation 18841047 : PENDING
2022-05-11 12:43:51,581 INFO  State of operation 18841047 : EXECUTING
2022-05-11 12:43:53,806 INFO  State of operation 18841047 : EXECUTING
2022-05-11 12:43:56,021 INFO  State of operation 18841047 : EXECUTING
2022-05-11 12:43:58,239 INFO  State of operation 18841047 : EXECUTING
2022-05-11 12:44:00,476 INFO  State of operation 18841047 : EXECUTING
2022-05-11 12:44:02,761 INFO  State of operation 18841047 : EXECUTING
2022-05-11 12:44:05,742 INFO  State of operation 18841047 : EXECUTING
2022-05-11 12:44:08,455 INFO  State of operation 18841047 : EXECUTING
2022-05-11 12:44:10,992 INFO  State of operation 18841047 : EXECUTING
2022-05-11 12:44:13,300 INFO  State of operation 18841047 : EXECUTING
2022-05-11 12:44:15,569 INFO  State of operation 18841047 : EXECUTING
2022-05-11 12:44:17,794 INFO  State of operation 18841047 : EXECUTING
2022-05-11 12:44:20,013 INFO  State of operation 18841047 : EXECUTING
2022-05-11 12:44:22,231 INFO  State of operation 18841047 : EXECUTING
2022-05-11 12:44:24,472 INFO  State of operation 18841047 : EXECUTING
2022-05-11 12:44:26,686 INFO  State of operation 18841047 : FAILED
2022-05-11 12:44:26,935 INFO  Assert that (False == value) with value=False ... passed
2022-05-11 12:44:26,948 INFO  
2022-05-11 12:44:26,949 INFO  cleanup:
2022-05-11 12:44:33,906 INFO  Executed sudo<tedge_disconnect_c8y>, exit status 0
2022-05-11 12:44:34,493 INFO  Executed systemctl<serv_mapper5>, exit status 3
2022-05-11 12:44:34,497 INFO  
2022-05-11 12:44:34,498 INFO  Test duration: 123.85 secs
2022-05-11 12:44:34,499 INFO  Test final outcome:  PASSED
2022-05-11 12:44:34,500 INFO  
