2022-05-02 15:21:32,449 INFO  ==============================================================
2022-05-02 15:21:32,450 INFO  Id:    tedge_mapper_c8y_child_device_measurement
2022-05-02 15:21:32,451 INFO  Dir:   tedge_mapper_c8y/
2022-05-02 15:21:32,452 INFO  Title: Validate that measurements sent to tedge/measurements/child topic gets mapped as the child device's measurement in Cumulocity
2022-05-02 15:21:32,453 INFO  ==============================================================
2022-05-02 15:21:32,483 INFO  EnvironmentC8y Setup
2022-05-02 15:21:33,052 INFO  Executed systemctl<serv_mapper1>, exit status 3
2022-05-02 15:21:33,200 INFO  Restarting mosquitto too frequently in the last 10 seconds. It was only up for 5 seconds
2022-05-02 15:21:33,202 INFO  Delaying execution by 6 seconds
2022-05-02 15:21:53,398 INFO  Executed sudo<tedge_connect_c8y>, exit status 0, duration 14 secs
2022-05-02 15:21:54,017 INFO  Executed sudo<tedge_connect_c8y_test>, exit status 0
2022-05-02 15:21:54,534 INFO  Executed systemctl<serv_mosq2>, exit status 0
2022-05-02 15:21:54,997 INFO  Executed systemctl<serv_mapper3>, exit status 0
2022-05-02 15:21:55,680 INFO  Assert that (actual == expected) with actual=None, expected=None ... passed
2022-05-02 15:21:56,143 INFO  Executed tedge_pub, exit status 0
2022-05-02 15:21:56,556 INFO  Executed tedge_pub, exit status 0
2022-05-02 15:21:56,968 INFO  Executed tedge_pub, exit status 0
2022-05-02 15:21:57,380 INFO  Executed tedge_pub, exit status 0
2022-05-02 15:21:57,792 INFO  Executed tedge_pub, exit status 0
2022-05-02 15:22:00,896 INFO  {
    "self": "https://t493319102.eu-latest.cumulocity.com/measurement/measurements/18193714",
    "time": "2022-05-02T15:21:57.778Z",
    "id": "18193714",
    "source": {
        "self": "https://t493319102.eu-latest.cumulocity.com/inventory/managedObjects/18193707",
        "id": "18193707"
    },
    "type": "ThinEdgeMeasurement",
    "temperature": {
        "temperature": {
            "value": 10.0
        }
    }
}
2022-05-02 15:22:00,897 INFO  Assert that (actual == expected) with actual="ThinEdgeMeasurement", expected="ThinEdgeMeasurement" ... passed
2022-05-02 15:22:00,899 INFO  Assert that (actual == expected) with actual=10.0, expected=10 ... passed
2022-05-02 15:22:00,901 INFO  {
    "self": "https://t493319102.eu-latest.cumulocity.com/measurement/measurements/18193709",
    "time": "2022-05-02T15:21:56.538Z",
    "id": "18193709",
    "source": {
        "self": "https://t493319102.eu-latest.cumulocity.com/inventory/managedObjects/18193707",
        "id": "18193707"
    },
    "type": "ThinEdgeMeasurement",
    "temperature": {
        "temperature": {
            "value": 11.0
        }
    }
}
2022-05-02 15:22:00,902 INFO  Assert that (actual == expected) with actual="ThinEdgeMeasurement", expected="ThinEdgeMeasurement" ... passed
2022-05-02 15:22:00,903 INFO  Assert that (actual == expected) with actual=11.0, expected=11 ... passed
2022-05-02 15:22:00,905 INFO  {
    "self": "https://t493319102.eu-latest.cumulocity.com/measurement/measurements/18193708",
    "time": "2021-01-01T10:10:10.100+02:00",
    "id": "18193708",
    "source": {
        "self": "https://t493319102.eu-latest.cumulocity.com/inventory/managedObjects/18193707",
        "id": "18193707"
    },
    "type": "ThinEdgeMeasurement",
    "temperature": {
        "temperature": {
            "value": 12.0
        }
    }
}
2022-05-02 15:22:00,906 INFO  Assert that (actual == expected) with actual="ThinEdgeMeasurement", expected="ThinEdgeMeasurement" ... passed
2022-05-02 15:22:00,907 INFO  Assert that (actual == expected) with actual=12.0, expected=12 ... passed
2022-05-02 15:22:00,909 INFO  Assert that (actual == expected) with actual="2021-01-01T10:10:10.100+02:00", expected="2021-01-01T10:10:10.100+02:00" ... passed
2022-05-02 15:22:01,121 INFO  {
    "self": "https://t493319102.eu-latest.cumulocity.com/measurement/measurements/18193712",
    "time": "2022-05-02T15:21:57.366Z",
    "id": "18193712",
    "source": {
        "self": "https://t493319102.eu-latest.cumulocity.com/inventory/managedObjects/18193711",
        "id": "18193711"
    },
    "type": "ThinEdgeMeasurement",
    "temperature": {
        "temperature": {
            "value": 6.0
        }
    }
}
2022-05-02 15:22:01,123 INFO  Assert that (actual == expected) with actual="ThinEdgeMeasurement", expected="ThinEdgeMeasurement" ... passed
2022-05-02 15:22:01,124 INFO  Assert that (actual == expected) with actual=6.0, expected=6 ... passed
2022-05-02 15:22:01,329 INFO  {
    "self": "https://t493319102.eu-latest.cumulocity.com/measurement/measurements/18193710",
    "time": "2022-05-02T15:21:56.954Z",
    "id": "18193710",
    "source": {
        "self": "https://t493319102.eu-latest.cumulocity.com/inventory/managedObjects/18180749",
        "id": "18180749"
    },
    "type": "ThinEdgeMeasurement",
    "temperature": {
        "temperature": {
            "value": 5.0
        }
    }
}
2022-05-02 15:22:01,331 INFO  Assert that (actual == expected) with actual="ThinEdgeMeasurement", expected="ThinEdgeMeasurement" ... passed
2022-05-02 15:22:01,333 INFO  Assert that (actual == expected) with actual=5.0, expected=5 ... passed
2022-05-02 15:22:01,340 INFO  
2022-05-02 15:22:01,341 INFO  cleanup:
2022-05-02 15:22:05,974 INFO  Executed sudo<tedge_disconnect_c8y>, exit status 0
2022-05-02 15:22:06,526 INFO  Executed systemctl<serv_mapper5>, exit status 3
2022-05-02 15:22:06,531 INFO  
2022-05-02 15:22:06,532 INFO  Test duration: 34.09 secs
2022-05-02 15:22:06,533 INFO  Test final outcome:  PASSED
2022-05-02 15:22:06,534 INFO  
