2022-05-10 19:54:08,325 INFO  ==============================================================
2022-05-10 19:54:08,325 INFO  Id:    SoftwareManagement.sm_docker_install_remove_multiple
2022-05-10 19:54:08,326 INFO  Dir:   software_management_end_to_end/
2022-05-10 19:54:08,326 INFO  Title: Validate end to end behaviour for the docker plugin for multiple docker images with mixed versions
2022-05-10 19:54:08,326 INFO  ==============================================================
2022-05-10 19:54:08,327 INFO  Using sw id database: {'asciijump': '5475369', 'robotfindskitten': '5474869', 'squirrel3': '5475279', 'rolldice': '5152439', 'moon-buggy': '5439204', 'apple': '5495053', 'banana': '5494888', 'cherry': '5495382', 'watermelon': '5494510', 'registry': '8018911', 'hello-world': '8021526', 'docker/getting-started': '8021973', 'alpine': '7991792'}
2022-05-10 19:54:08,327 INFO  EnvironmentC8y Setup
2022-05-10 19:54:08,429 INFO  Executed systemctl<serv_mapper1>, exit status 3
2022-05-10 19:54:08,446 INFO  Restarting mosquitto too frequently in the last 10 seconds. It was only up for 1 seconds
2022-05-10 19:54:08,446 INFO  Delaying execution by 10 seconds
2022-05-10 19:54:36,084 INFO  Executed sudo<tedge_connect_c8y>, exit status 0, duration 17 secs
2022-05-10 19:54:36,237 INFO  Executed sudo<tedge_connect_c8y_test>, exit status 0
2022-05-10 19:54:36,339 INFO  Executed systemctl<serv_mosq2>, exit status 0
2022-05-10 19:54:36,442 INFO  Executed systemctl<serv_mapper3>, exit status 0
2022-05-10 19:54:38,556 INFO  State of current operation: SUCCESSFUL
2022-05-10 19:54:38,688 INFO  Response status: 201
2022-05-10 19:54:38,689 INFO  Response to action: {
    "creationTime": "2022-05-10T19:54:38.641Z",
    "deviceName": "ubuntu-2gb-hel1-4-thin-edge-a",
    "deviceId": "18719823",
    "self": "https://t493319102.eu-latest.cumulocity.com/devicecontrol/operations/18745886",
    "id": "18745886",
    "status": "PENDING",
    "description": "Apply software changes, triggered from PySys: [{'action': 'install', 'id': '8021526', 'name': 'hello-world', 'url': '', 'version': '::docker'}, {'action': 'install', 'id': '8018911', 'name': 'registry', 'url': '', 'version': '2.6.2::docker'}]",
    "c8y_SoftwareUpdate": [
        {
            "name": "hello-world",
            "action": "install",
            "id": "8021526",
            "version": "::docker",
            "url": ""
        },
        {
            "name": "registry",
            "action": "install",
            "id": "8018911",
            "version": "2.6.2::docker",
            "url": ""
        }
    ]
}
2022-05-10 19:54:38,689 INFO  Started operation: {'creationTime': '2022-05-10T19:54:38.641Z', 'deviceName': 'ubuntu-2gb-hel1-4-thin-edge-a', 'deviceId': '18719823', 'self': 'https://t493319102.eu-latest.cumulocity.com/devicecontrol/operations/18745886', 'id': '18745886', 'status': 'PENDING', 'description': "Apply software changes, triggered from PySys: [{'action': 'install', 'id': '8021526', 'name': 'hello-world', 'url': '', 'version': '::docker'}, {'action': 'install', 'id': '8018911', 'name': 'registry', 'url': '', 'version': '2.6.2::docker'}]", 'c8y_SoftwareUpdate': [{'name': 'hello-world', 'action': 'install', 'id': '8021526', 'version': '::docker', 'url': ''}, {'name': 'registry', 'action': 'install', 'id': '8018911', 'version': '2.6.2::docker', 'url': ''}]}
2022-05-10 19:54:40,798 INFO  State of operation 18745886 : EXECUTING
2022-05-10 19:54:42,906 INFO  State of operation 18745886 : EXECUTING
2022-05-10 19:54:45,015 INFO  State of operation 18745886 : EXECUTING
2022-05-10 19:54:47,122 INFO  State of operation 18745886 : EXECUTING
2022-05-10 19:54:49,231 INFO  State of operation 18745886 : EXECUTING
2022-05-10 19:54:51,343 INFO  State of operation 18745886 : SUCCESSFUL
2022-05-10 19:54:52,474 INFO  Package hello-world is installed
2022-05-10 19:54:52,605 INFO  Package hello-world is installed
2022-05-10 19:54:52,606 INFO  Assert that (True == value) with value=True ... passed
2022-05-10 19:54:52,737 INFO  Package registry is installed
2022-05-10 19:54:52,737 INFO  Assert that (True == value) with value=True ... passed
2022-05-10 19:54:52,870 INFO  Assert that (False == value) with value=False ... passed
2022-05-10 19:54:52,992 INFO  Response status: 201
2022-05-10 19:54:52,993 INFO  Response to action: {
    "creationTime": "2022-05-10T19:54:52.954Z",
    "deviceName": "ubuntu-2gb-hel1-4-thin-edge-a",
    "deviceId": "18719823",
    "self": "https://t493319102.eu-latest.cumulocity.com/devicecontrol/operations/18745888",
    "id": "18745888",
    "status": "PENDING",
    "description": "Apply software changes, triggered from PySys: [{'action': 'install', 'id': '8018911', 'name': 'registry', 'url': '', 'version': '2.7.1::docker'}, {'action': 'install', 'id': '7991792', 'name': 'alpine', 'url': '', 'version': '::docker'}]",
    "c8y_SoftwareUpdate": [
        {
            "name": "registry",
            "action": "install",
            "id": "8018911",
            "version": "2.7.1::docker",
            "url": ""
        },
        {
            "name": "alpine",
            "action": "install",
            "id": "7991792",
            "version": "::docker",
            "url": ""
        }
    ]
}
2022-05-10 19:54:52,993 INFO  Started operation: {'creationTime': '2022-05-10T19:54:52.954Z', 'deviceName': 'ubuntu-2gb-hel1-4-thin-edge-a', 'deviceId': '18719823', 'self': 'https://t493319102.eu-latest.cumulocity.com/devicecontrol/operations/18745888', 'id': '18745888', 'status': 'PENDING', 'description': "Apply software changes, triggered from PySys: [{'action': 'install', 'id': '8018911', 'name': 'registry', 'url': '', 'version': '2.7.1::docker'}, {'action': 'install', 'id': '7991792', 'name': 'alpine', 'url': '', 'version': '::docker'}]", 'c8y_SoftwareUpdate': [{'name': 'registry', 'action': 'install', 'id': '8018911', 'version': '2.7.1::docker', 'url': ''}, {'name': 'alpine', 'action': 'install', 'id': '7991792', 'version': '::docker', 'url': ''}]}
2022-05-10 19:54:55,102 INFO  State of operation 18745888 : EXECUTING
2022-05-10 19:54:57,206 INFO  State of operation 18745888 : EXECUTING
2022-05-10 19:54:59,327 INFO  State of operation 18745888 : EXECUTING
2022-05-10 19:55:01,449 INFO  State of operation 18745888 : EXECUTING
2022-05-10 19:55:03,559 INFO  State of operation 18745888 : EXECUTING
2022-05-10 19:55:05,665 INFO  State of operation 18745888 : SUCCESSFUL
2022-05-10 19:55:06,795 INFO  Package hello-world is installed
2022-05-10 19:55:06,923 INFO  Package hello-world is installed
2022-05-10 19:55:06,924 INFO  Assert that (True == value) with value=True ... passed
2022-05-10 19:55:07,051 INFO  Package registry is installed
2022-05-10 19:55:07,052 INFO  Assert that (True == value) with value=True ... passed
2022-05-10 19:55:07,180 INFO  Package alpine is installed
2022-05-10 19:55:07,180 INFO  Assert that (True == value) with value=True ... passed
2022-05-10 19:55:07,181 INFO  
2022-05-10 19:55:07,181 INFO  cleanup:
2022-05-10 19:55:07,300 INFO  Response status: 201
2022-05-10 19:55:07,300 INFO  Response to action: {
    "creationTime": "2022-05-10T19:55:07.263Z",
    "deviceName": "ubuntu-2gb-hel1-4-thin-edge-a",
    "deviceId": "18719823",
    "self": "https://t493319102.eu-latest.cumulocity.com/devicecontrol/operations/18745890",
    "id": "18745890",
    "status": "PENDING",
    "description": "Apply software changes, triggered from PySys: [{'action': 'delete', 'id': '8018911', 'name': 'registry', 'url': '', 'version': '2.7.1::docker'}, {'action': 'delete', 'id': '7991792', 'name': 'alpine', 'url': '', 'version': '::docker'}, {'action': 'delete', 'id': '8021526', 'name': 'hello-world', 'url': '', 'version': '::docker'}]",
    "c8y_SoftwareUpdate": [
        {
            "name": "registry",
            "action": "delete",
            "id": "8018911",
            "version": "2.7.1::docker",
            "url": ""
        },
        {
            "name": "alpine",
            "action": "delete",
            "id": "7991792",
            "version": "::docker",
            "url": ""
        },
        {
            "name": "hello-world",
            "action": "delete",
            "id": "8021526",
            "version": "::docker",
            "url": ""
        }
    ]
}
2022-05-10 19:55:07,300 INFO  Started operation: {'creationTime': '2022-05-10T19:55:07.263Z', 'deviceName': 'ubuntu-2gb-hel1-4-thin-edge-a', 'deviceId': '18719823', 'self': 'https://t493319102.eu-latest.cumulocity.com/devicecontrol/operations/18745890', 'id': '18745890', 'status': 'PENDING', 'description': "Apply software changes, triggered from PySys: [{'action': 'delete', 'id': '8018911', 'name': 'registry', 'url': '', 'version': '2.7.1::docker'}, {'action': 'delete', 'id': '7991792', 'name': 'alpine', 'url': '', 'version': '::docker'}, {'action': 'delete', 'id': '8021526', 'name': 'hello-world', 'url': '', 'version': '::docker'}]", 'c8y_SoftwareUpdate': [{'name': 'registry', 'action': 'delete', 'id': '8018911', 'version': '2.7.1::docker', 'url': ''}, {'name': 'alpine', 'action': 'delete', 'id': '7991792', 'version': '::docker', 'url': ''}, {'name': 'hello-world', 'action': 'delete', 'id': '8021526', 'version': '::docker', 'url': ''}]}
2022-05-10 19:55:09,406 INFO  State of operation 18745890 : SUCCESSFUL
2022-05-10 19:55:19,812 INFO  Assert that (False == value) with value=False ... passed
2022-05-10 19:55:19,940 INFO  Assert that (False == value) with value=False ... passed
2022-05-10 19:55:20,099 INFO  Assert that (False == value) with value=False ... passed
2022-05-10 19:55:31,100 INFO  Executed sudo<tedge_disconnect_c8y>, exit status 0
2022-05-10 19:55:31,202 INFO  Executed systemctl<serv_mapper5>, exit status 3
2022-05-10 19:55:31,203 INFO  
2022-05-10 19:55:31,203 INFO  Test duration: 82.87 secs
2022-05-10 19:55:31,203 INFO  Test final outcome:  PASSED
2022-05-10 19:55:31,203 INFO  
