2022-05-02 16:17:07,350 INFO  ==============================================================
2022-05-02 16:17:07,351 INFO  Id:    SoftwareManagement.sm_apt_install_remove_with_version
2022-05-02 16:17:07,353 INFO  Dir:   software_management_end_to_end/
2022-05-02 16:17:07,354 INFO  Title: Validate end to end behaviour for the apt plugin for packages with version
2022-05-02 16:17:07,355 INFO  ==============================================================
2022-05-02 16:17:07,361 INFO  Using sw id database: {'asciijump': '5475369', 'robotfindskitten': '5474869', 'squirrel3': '5475279', 'rolldice': '5152439', 'moon-buggy': '5439204', 'apple': '5495053', 'banana': '5494888', 'cherry': '5495382', 'watermelon': '5494510', 'registry': '8018911', 'hello-world': '8021526', 'docker/getting-started': '8021973', 'alpine': '7991792'}
2022-05-02 16:17:07,362 INFO  EnvironmentC8y Setup
2022-05-02 16:17:07,925 INFO  Executed systemctl<serv_mapper1>, exit status 3
2022-05-02 16:17:08,038 INFO  Restarting mosquitto too frequently in the last 10 seconds. It was only up for 7 seconds
2022-05-02 16:17:08,040 INFO  Delaying execution by 4 seconds
2022-05-02 16:17:26,479 INFO  Executed sudo<tedge_connect_c8y>, exit status 0, duration 14 secs
2022-05-02 16:17:27,100 INFO  Executed sudo<tedge_connect_c8y_test>, exit status 0
2022-05-02 16:17:27,575 INFO  Executed systemctl<serv_mosq2>, exit status 0
2022-05-02 16:17:28,039 INFO  Executed systemctl<serv_mapper3>, exit status 0
2022-05-02 16:17:30,264 INFO  State of current operation: FAILED
2022-05-02 16:17:30,512 INFO  Assert that (False == value) with value=False ... passed
2022-05-02 16:17:31,082 INFO  Response status: 201
2022-05-02 16:17:31,084 INFO  Response to action: {
    "creationTime": "2022-05-02T16:17:31.035Z",
    "deviceName": "mythicb",
    "deviceId": "18179538",
    "self": "https://t493319102.eu-latest.cumulocity.com/devicecontrol/operations/18214170",
    "id": "18214170",
    "status": "PENDING",
    "description": "Apply software changes, triggered from PySys: [{'name': 'rolldice', 'id': '5152439', 'version': '1.16-1+b1', 'url': '', 'action': 'install'}]",
    "c8y_SoftwareUpdate": [
        {
            "name": "rolldice",
            "action": "install",
            "id": "5152439",
            "version": "1.16-1+b1",
            "url": ""
        }
    ]
}
2022-05-02 16:17:31,085 INFO  Started operation: {'creationTime': '2022-05-02T16:17:31.035Z', 'deviceName': 'mythicb', 'deviceId': '18179538', 'self': 'https://t493319102.eu-latest.cumulocity.com/devicecontrol/operations/18214170', 'id': '18214170', 'status': 'PENDING', 'description': "Apply software changes, triggered from PySys: [{'name': 'rolldice', 'id': '5152439', 'version': '1.16-1+b1', 'url': '', 'action': 'install'}]", 'c8y_SoftwareUpdate': [{'name': 'rolldice', 'action': 'install', 'id': '5152439', 'version': '1.16-1+b1', 'url': ''}]}
2022-05-02 16:17:33,349 INFO  State of operation 18214170 : PENDING
2022-05-02 16:17:35,593 INFO  State of operation 18214170 : EXECUTING
2022-05-02 16:17:37,825 INFO  State of operation 18214170 : EXECUTING
2022-05-02 16:17:40,039 INFO  State of operation 18214170 : EXECUTING
2022-05-02 16:17:42,254 INFO  State of operation 18214170 : EXECUTING
2022-05-02 16:17:44,469 INFO  State of operation 18214170 : EXECUTING
2022-05-02 16:17:46,694 INFO  State of operation 18214170 : EXECUTING
2022-05-02 16:17:49,503 INFO  State of operation 18214170 : EXECUTING
2022-05-02 16:17:52,519 INFO  State of operation 18214170 : EXECUTING
2022-05-02 16:17:55,043 INFO  State of operation 18214170 : EXECUTING
2022-05-02 16:17:57,253 INFO  State of operation 18214170 : EXECUTING
2022-05-02 16:17:59,470 INFO  State of operation 18214170 : EXECUTING
2022-05-02 16:18:01,691 INFO  State of operation 18214170 : EXECUTING
2022-05-02 16:18:03,943 INFO  State of operation 18214170 : EXECUTING
2022-05-02 16:18:06,173 INFO  State of operation 18214170 : EXECUTING
2022-05-02 16:18:08,387 INFO  State of operation 18214170 : EXECUTING
2022-05-02 16:18:10,600 INFO  State of operation 18214170 : SUCCESSFUL
2022-05-02 16:18:10,824 INFO  Package rolldice is installed
2022-05-02 16:18:10,826 INFO  Assert that (True == value) with value=True ... passed
2022-05-02 16:18:11,048 INFO  Response status: 201
2022-05-02 16:18:11,050 INFO  Response to action: {
    "creationTime": "2022-05-02T16:18:11.007Z",
    "deviceName": "mythicb",
    "deviceId": "18179538",
    "self": "https://t493319102.eu-latest.cumulocity.com/devicecontrol/operations/18214178",
    "id": "18214178",
    "status": "PENDING",
    "description": "Apply software changes, triggered from PySys: [{'name': 'rolldice', 'id': '5152439', 'version': '88::apt', 'url': '', 'action': 'delete'}]",
    "c8y_SoftwareUpdate": [
        {
            "name": "rolldice",
            "action": "delete",
            "id": "5152439",
            "version": "88::apt",
            "url": ""
        }
    ]
}
2022-05-02 16:18:11,050 INFO  Started operation: {'creationTime': '2022-05-02T16:18:11.007Z', 'deviceName': 'mythicb', 'deviceId': '18179538', 'self': 'https://t493319102.eu-latest.cumulocity.com/devicecontrol/operations/18214178', 'id': '18214178', 'status': 'PENDING', 'description': "Apply software changes, triggered from PySys: [{'name': 'rolldice', 'id': '5152439', 'version': '88::apt', 'url': '', 'action': 'delete'}]", 'c8y_SoftwareUpdate': [{'name': 'rolldice', 'action': 'delete', 'id': '5152439', 'version': '88::apt', 'url': ''}]}
2022-05-02 16:18:13,339 INFO  State of operation 18214178 : PENDING
2022-05-02 16:18:15,577 INFO  State of operation 18214178 : EXECUTING
2022-05-02 16:18:17,806 INFO  State of operation 18214178 : EXECUTING
2022-05-02 16:18:20,049 INFO  State of operation 18214178 : EXECUTING
2022-05-02 16:18:22,269 INFO  State of operation 18214178 : EXECUTING
2022-05-02 16:18:24,483 INFO  State of operation 18214178 : EXECUTING
2022-05-02 16:18:26,723 INFO  State of operation 18214178 : EXECUTING
2022-05-02 16:18:29,501 INFO  State of operation 18214178 : EXECUTING
2022-05-02 16:18:32,299 INFO  State of operation 18214178 : EXECUTING
2022-05-02 16:18:34,961 INFO  State of operation 18214178 : EXECUTING
2022-05-02 16:18:37,175 INFO  State of operation 18214178 : EXECUTING
2022-05-02 16:18:39,385 INFO  State of operation 18214178 : EXECUTING
2022-05-02 16:18:42,230 INFO  State of operation 18214178 : EXECUTING
2022-05-02 16:18:44,495 INFO  State of operation 18214178 : EXECUTING
2022-05-02 16:18:46,713 INFO  State of operation 18214178 : FAILED
2022-05-02 16:18:46,929 INFO  Package rolldice is installed
2022-05-02 16:18:46,931 INFO  Assert that (True == value) with value=True ... passed
2022-05-02 16:18:47,550 INFO  Response status: 201
2022-05-02 16:18:47,552 INFO  Response to action: {
    "creationTime": "2022-05-02T16:18:47.506Z",
    "deviceName": "mythicb",
    "deviceId": "18179538",
    "self": "https://t493319102.eu-latest.cumulocity.com/devicecontrol/operations/18214189",
    "id": "18214189",
    "status": "PENDING",
    "description": "Apply software changes, triggered from PySys: [{'name': 'rolldice', 'id': '5152439', 'version': '1.16-1+b1', 'url': '', 'action': 'delete'}]",
    "c8y_SoftwareUpdate": [
        {
            "name": "rolldice",
            "action": "delete",
            "id": "5152439",
            "version": "1.16-1+b1",
            "url": ""
        }
    ]
}
2022-05-02 16:18:47,553 INFO  Started operation: {'creationTime': '2022-05-02T16:18:47.506Z', 'deviceName': 'mythicb', 'deviceId': '18179538', 'self': 'https://t493319102.eu-latest.cumulocity.com/devicecontrol/operations/18214189', 'id': '18214189', 'status': 'PENDING', 'description': "Apply software changes, triggered from PySys: [{'name': 'rolldice', 'id': '5152439', 'version': '1.16-1+b1', 'url': '', 'action': 'delete'}]", 'c8y_SoftwareUpdate': [{'name': 'rolldice', 'action': 'delete', 'id': '5152439', 'version': '1.16-1+b1', 'url': ''}]}
2022-05-02 16:18:49,775 INFO  State of operation 18214189 : PENDING
2022-05-02 16:18:52,008 INFO  State of operation 18214189 : EXECUTING
2022-05-02 16:18:54,226 INFO  State of operation 18214189 : EXECUTING
2022-05-02 16:18:56,443 INFO  State of operation 18214189 : EXECUTING
2022-05-02 16:18:58,661 INFO  State of operation 18214189 : EXECUTING
2022-05-02 16:19:00,874 INFO  State of operation 18214189 : EXECUTING
2022-05-02 16:19:03,860 INFO  State of operation 18214189 : EXECUTING
2022-05-02 16:19:06,795 INFO  State of operation 18214189 : EXECUTING
2022-05-02 16:19:09,058 INFO  State of operation 18214189 : EXECUTING
2022-05-02 16:19:11,398 INFO  State of operation 18214189 : EXECUTING
2022-05-02 16:19:13,620 INFO  State of operation 18214189 : EXECUTING
2022-05-02 16:19:15,833 INFO  State of operation 18214189 : EXECUTING
2022-05-02 16:19:18,060 INFO  State of operation 18214189 : EXECUTING
2022-05-02 16:19:20,464 INFO  State of operation 18214189 : EXECUTING
2022-05-02 16:19:22,724 INFO  State of operation 18214189 : EXECUTING
2022-05-02 16:19:25,224 INFO  State of operation 18214189 : EXECUTING
2022-05-02 16:19:27,603 INFO  State of operation 18214189 : EXECUTING
2022-05-02 16:19:30,431 INFO  State of operation 18214189 : EXECUTING
2022-05-02 16:19:32,843 INFO  State of operation 18214189 : EXECUTING
2022-05-02 16:19:35,172 INFO  State of operation 18214189 : EXECUTING
2022-05-02 16:19:37,408 INFO  State of operation 18214189 : EXECUTING
2022-05-02 16:19:39,640 INFO  State of operation 18214189 : EXECUTING
2022-05-02 16:19:41,854 INFO  State of operation 18214189 : EXECUTING
2022-05-02 16:19:44,060 INFO  State of operation 18214189 : SUCCESSFUL
2022-05-02 16:19:44,675 INFO  Assert that (False == value) with value=False ... passed
2022-05-02 16:19:44,687 INFO  
2022-05-02 16:19:44,687 INFO  cleanup:
2022-05-02 16:19:48,856 INFO  Executed sudo<tedge_disconnect_c8y>, exit status 0
2022-05-02 16:19:49,426 INFO  Executed systemctl<serv_mapper5>, exit status 3
2022-05-02 16:19:49,430 INFO  
2022-05-02 16:19:49,431 INFO  Test duration: 162.09 secs
2022-05-02 16:19:49,432 INFO  Test final outcome:  PASSED
2022-05-02 16:19:49,433 INFO  
