2022-04-12 09:54:26,158 INFO  ==============================================================
2022-04-12 09:54:26,159 INFO  Id:    SoftwareManagement.sm_apt_install_remove_with_version
2022-04-12 09:54:26,160 INFO  Dir:   software_management_end_to_end/
2022-04-12 09:54:26,161 INFO  Title: Validate end to end behaviour for the apt plugin for packages with version
2022-04-12 09:54:26,162 INFO  ==============================================================
2022-04-12 09:54:26,170 INFO  Using sw id database: {'asciijump': '5475369', 'robotfindskitten': '5474869', 'squirrel3': '5475279', 'rolldice': '5152439', 'moon-buggy': '5439204', 'apple': '5495053', 'banana': '5494888', 'cherry': '5495382', 'watermelon': '5494510', 'registry': '8018911', 'hello-world': '8021526', 'docker/getting-started': '8021973', 'alpine': '7991792'}
2022-04-12 09:54:26,171 INFO  EnvironmentC8y Setup
2022-04-12 09:54:26,844 INFO  Executed systemctl<serv_mapper1>, exit status 3
2022-04-12 09:54:26,990 INFO  Restarting mosquitto too frequently in the last 10 seconds. It was only up for 5 seconds
2022-04-12 09:54:26,992 INFO  Delaying execution by 6 seconds
2022-04-12 09:54:47,246 INFO  Executed sudo<tedge_connect_c8y>, exit status 0, duration 14 secs
2022-04-12 09:54:47,862 INFO  Executed sudo<tedge_connect_c8y_test>, exit status 0
2022-04-12 09:54:48,375 INFO  Executed systemctl<serv_mosq2>, exit status 0
2022-04-12 09:54:48,889 INFO  Executed systemctl<serv_mapper3>, exit status 0
2022-04-12 09:54:51,112 INFO  State of current operation: FAILED
2022-04-12 09:54:51,364 INFO  Assert that (False == value) with value=False ... passed
2022-04-12 09:54:51,916 INFO  Response status: 201
2022-04-12 09:54:51,918 INFO  Response to action: {
    "delivery": {
        "time": "2022-04-12T09:54:51.891Z",
        "log": [],
        "status": "PENDING"
    },
    "creationTime": "2022-04-12T09:54:51.880Z",
    "deviceId": "17153250",
    "deviceName": "mythica",
    "self": "https://t493319102.eu-latest.cumulocity.com/devicecontrol/operations/17197600",
    "id": "17197600",
    "status": "PENDING",
    "description": "Apply software changes, triggered from PySys: [{'name': 'rolldice', 'id': '5152439', 'version': '1.16-1+b1', 'url': '', 'action': 'install'}]",
    "c8y_SoftwareUpdate": [
        {
            "name": "rolldice",
            "action": "install",
            "id": "5152439",
            "version": "1.16-1+b1",
            "url": ""
        }
    ]
}
2022-04-12 09:54:51,918 INFO  Started operation: {'delivery': {'time': '2022-04-12T09:54:51.891Z', 'log': [], 'status': 'PENDING'}, 'creationTime': '2022-04-12T09:54:51.880Z', 'deviceId': '17153250', 'deviceName': 'mythica', 'self': 'https://t493319102.eu-latest.cumulocity.com/devicecontrol/operations/17197600', 'id': '17197600', 'status': 'PENDING', 'description': "Apply software changes, triggered from PySys: [{'name': 'rolldice', 'id': '5152439', 'version': '1.16-1+b1', 'url': '', 'action': 'install'}]", 'c8y_SoftwareUpdate': [{'name': 'rolldice', 'action': 'install', 'id': '5152439', 'version': '1.16-1+b1', 'url': ''}]}
2022-04-12 09:54:54,138 INFO  State of operation 17197600 : PENDING
2022-04-12 09:54:56,444 INFO  State of operation 17197600 : EXECUTING
2022-04-12 09:54:58,662 INFO  State of operation 17197600 : EXECUTING
2022-04-12 09:55:00,882 INFO  State of operation 17197600 : EXECUTING
2022-04-12 09:55:03,095 INFO  State of operation 17197600 : EXECUTING
2022-04-12 09:55:05,306 INFO  State of operation 17197600 : EXECUTING
2022-04-12 09:55:08,108 INFO  State of operation 17197600 : EXECUTING
2022-04-12 09:55:10,794 INFO  State of operation 17197600 : EXECUTING
2022-04-12 09:55:13,052 INFO  State of operation 17197600 : EXECUTING
2022-04-12 09:55:15,453 INFO  State of operation 17197600 : EXECUTING
2022-04-12 09:55:17,666 INFO  State of operation 17197600 : EXECUTING
2022-04-12 09:55:19,899 INFO  State of operation 17197600 : EXECUTING
2022-04-12 09:55:22,111 INFO  State of operation 17197600 : EXECUTING
2022-04-12 09:55:24,355 INFO  State of operation 17197600 : EXECUTING
2022-04-12 09:55:26,597 INFO  State of operation 17197600 : EXECUTING
2022-04-12 09:55:28,808 INFO  State of operation 17197600 : SUCCESSFUL
2022-04-12 09:55:29,059 INFO  Package rolldice is installed
2022-04-12 09:55:29,062 INFO  Assert that (True == value) with value=True ... passed
2022-04-12 09:55:29,275 INFO  Response status: 201
2022-04-12 09:55:29,277 INFO  Response to action: {
    "delivery": {
        "time": "2022-04-12T09:55:29.252Z",
        "log": [],
        "status": "PENDING"
    },
    "creationTime": "2022-04-12T09:55:29.240Z",
    "deviceId": "17153250",
    "deviceName": "mythica",
    "self": "https://t493319102.eu-latest.cumulocity.com/devicecontrol/operations/17197606",
    "id": "17197606",
    "status": "PENDING",
    "description": "Apply software changes, triggered from PySys: [{'name': 'rolldice', 'id': '5152439', 'version': '88::apt', 'url': '', 'action': 'delete'}]",
    "c8y_SoftwareUpdate": [
        {
            "name": "rolldice",
            "action": "delete",
            "id": "5152439",
            "version": "88::apt",
            "url": ""
        }
    ]
}
2022-04-12 09:55:29,278 INFO  Started operation: {'delivery': {'time': '2022-04-12T09:55:29.252Z', 'log': [], 'status': 'PENDING'}, 'creationTime': '2022-04-12T09:55:29.240Z', 'deviceId': '17153250', 'deviceName': 'mythica', 'self': 'https://t493319102.eu-latest.cumulocity.com/devicecontrol/operations/17197606', 'id': '17197606', 'status': 'PENDING', 'description': "Apply software changes, triggered from PySys: [{'name': 'rolldice', 'id': '5152439', 'version': '88::apt', 'url': '', 'action': 'delete'}]", 'c8y_SoftwareUpdate': [{'name': 'rolldice', 'action': 'delete', 'id': '5152439', 'version': '88::apt', 'url': ''}]}
2022-04-12 09:55:31,495 INFO  State of operation 17197606 : PENDING
2022-04-12 09:55:33,714 INFO  State of operation 17197606 : EXECUTING
2022-04-12 09:55:35,928 INFO  State of operation 17197606 : EXECUTING
2022-04-12 09:55:38,144 INFO  State of operation 17197606 : EXECUTING
2022-04-12 09:55:40,357 INFO  State of operation 17197606 : EXECUTING
2022-04-12 09:55:42,615 INFO  State of operation 17197606 : EXECUTING
2022-04-12 09:55:45,605 INFO  State of operation 17197606 : EXECUTING
2022-04-12 09:55:48,560 INFO  State of operation 17197606 : EXECUTING
2022-04-12 09:55:50,909 INFO  State of operation 17197606 : EXECUTING
2022-04-12 09:55:53,195 INFO  State of operation 17197606 : EXECUTING
2022-04-12 09:55:55,441 INFO  State of operation 17197606 : EXECUTING
2022-04-12 09:55:57,661 INFO  State of operation 17197606 : EXECUTING
2022-04-12 09:55:59,895 INFO  State of operation 17197606 : EXECUTING
2022-04-12 09:56:02,134 INFO  State of operation 17197606 : EXECUTING
2022-04-12 09:56:04,345 INFO  State of operation 17197606 : FAILED
2022-04-12 09:56:04,592 INFO  Package rolldice is installed
2022-04-12 09:56:04,594 INFO  Assert that (True == value) with value=True ... passed
2022-04-12 09:56:05,170 INFO  Response status: 201
2022-04-12 09:56:05,172 INFO  Response to action: {
    "delivery": {
        "time": "2022-04-12T09:56:05.146Z",
        "log": [],
        "status": "PENDING"
    },
    "creationTime": "2022-04-12T09:56:05.134Z",
    "deviceId": "17153250",
    "deviceName": "mythica",
    "self": "https://t493319102.eu-latest.cumulocity.com/devicecontrol/operations/17197614",
    "id": "17197614",
    "status": "PENDING",
    "description": "Apply software changes, triggered from PySys: [{'name': 'rolldice', 'id': '5152439', 'version': '1.16-1+b1', 'url': '', 'action': 'delete'}]",
    "c8y_SoftwareUpdate": [
        {
            "name": "rolldice",
            "action": "delete",
            "id": "5152439",
            "version": "1.16-1+b1",
            "url": ""
        }
    ]
}
2022-04-12 09:56:05,173 INFO  Started operation: {'delivery': {'time': '2022-04-12T09:56:05.146Z', 'log': [], 'status': 'PENDING'}, 'creationTime': '2022-04-12T09:56:05.134Z', 'deviceId': '17153250', 'deviceName': 'mythica', 'self': 'https://t493319102.eu-latest.cumulocity.com/devicecontrol/operations/17197614', 'id': '17197614', 'status': 'PENDING', 'description': "Apply software changes, triggered from PySys: [{'name': 'rolldice', 'id': '5152439', 'version': '1.16-1+b1', 'url': '', 'action': 'delete'}]", 'c8y_SoftwareUpdate': [{'name': 'rolldice', 'action': 'delete', 'id': '5152439', 'version': '1.16-1+b1', 'url': ''}]}
2022-04-12 09:56:07,393 INFO  State of operation 17197614 : PENDING
2022-04-12 09:56:09,622 INFO  State of operation 17197614 : EXECUTING
2022-04-12 09:56:11,835 INFO  State of operation 17197614 : EXECUTING
2022-04-12 09:56:14,050 INFO  State of operation 17197614 : EXECUTING
2022-04-12 09:56:16,266 INFO  State of operation 17197614 : EXECUTING
2022-04-12 09:56:18,480 INFO  State of operation 17197614 : EXECUTING
2022-04-12 09:56:21,229 INFO  State of operation 17197614 : EXECUTING
2022-04-12 09:56:24,081 INFO  State of operation 17197614 : EXECUTING
2022-04-12 09:56:26,358 INFO  State of operation 17197614 : EXECUTING
2022-04-12 09:56:28,730 INFO  State of operation 17197614 : EXECUTING
2022-04-12 09:56:30,942 INFO  State of operation 17197614 : EXECUTING
2022-04-12 09:56:33,159 INFO  State of operation 17197614 : EXECUTING
2022-04-12 09:56:35,377 INFO  State of operation 17197614 : EXECUTING
2022-04-12 09:56:37,603 INFO  State of operation 17197614 : EXECUTING
2022-04-12 09:56:39,873 INFO  State of operation 17197614 : EXECUTING
2022-04-12 09:56:42,353 INFO  State of operation 17197614 : EXECUTING
2022-04-12 09:56:45,002 INFO  State of operation 17197614 : EXECUTING
2022-04-12 09:56:47,335 INFO  State of operation 17197614 : EXECUTING
2022-04-12 09:56:49,649 INFO  State of operation 17197614 : EXECUTING
2022-04-12 09:56:51,865 INFO  State of operation 17197614 : EXECUTING
2022-04-12 09:56:54,097 INFO  State of operation 17197614 : EXECUTING
2022-04-12 09:56:56,328 INFO  State of operation 17197614 : EXECUTING
2022-04-12 09:56:58,538 INFO  State of operation 17197614 : SUCCESSFUL
2022-04-12 09:56:59,140 INFO  Assert that (False == value) with value=False ... passed
2022-04-12 09:56:59,152 INFO  
2022-04-12 09:56:59,153 INFO  cleanup:
2022-04-12 09:57:03,434 INFO  Executed sudo<tedge_disconnect_c8y>, exit status 0
2022-04-12 09:57:04,053 INFO  Executed systemctl<serv_mapper5>, exit status 3
2022-04-12 09:57:04,057 INFO  
2022-04-12 09:57:04,058 INFO  Test duration: 157.91 secs
2022-04-12 09:57:04,059 INFO  Test final outcome:  PASSED
2022-04-12 09:57:04,060 INFO  
