2022-04-29 10:02:19,601 INFO  ==============================================================
2022-04-29 10:02:19,602 INFO  Id:    docker_plugin_install
2022-04-29 10:02:19,604 INFO  Dir:   plugin_docker/
2022-04-29 10:02:19,606 INFO  Title: Validate docker plugin install
2022-04-29 10:02:19,607 INFO  ==============================================================
2022-04-29 10:02:20,432 INFO  Executed sudo<docker_images>, exit status 0
2022-04-29 10:02:20,436 INFO  Grep on file /home/pi/actions-runner/_work/thin-edge.io/thin-edge.io/tests/PySys/plugin_docker/docker_plugin_install/Output/linux/docker_images.out ... passed
2022-04-29 10:02:44,948 INFO  Executed sudo<plugin_install>, exit status 0, duration 24 secs
2022-04-29 10:02:45,771 INFO  Executed sudo<docker_ps_latest>, exit status 0
2022-04-29 10:02:46,586 INFO  Executed sudo<docker_ps>, exit status 0
2022-04-29 10:02:46,591 INFO  Grep on file /home/pi/actions-runner/_work/thin-edge.io/thin-edge.io/tests/PySys/plugin_docker/docker_plugin_install/Output/linux/docker_ps.out ... passed
2022-04-29 10:02:46,597 INFO  
2022-04-29 10:02:46,597 INFO  cleanup:
2022-04-29 10:02:46,598 INFO  Removing containers scheduled to be cleaned up: ['2f26ce79844e']
2022-04-29 10:02:50,824 INFO  Executed sudo<containers_for_cleanup>, exit status 0
2022-04-29 10:02:50,825 INFO  Removing images scheduled to be cleaned up: ['registry', 'registry']
2022-04-29 10:02:54,524 INFO  Executed sudo<containers_for_cleanup>, exit status 0
2022-04-29 10:02:54,528 INFO  
2022-04-29 10:02:54,528 INFO  Test duration: 34.94 secs
2022-04-29 10:02:54,530 INFO  Test final outcome:  PASSED
2022-04-29 10:02:54,531 INFO  
