2022-05-23 09:22:22,373 INFO  ==============================================================
2022-05-23 09:22:22,373 INFO  Id:    apt_sequence_install_with_version
2022-05-23 09:22:22,374 INFO  Dir:   plugin_apt/
2022-05-23 09:22:22,374 INFO  Title: Validate apt plugin install with version use case
2022-05-23 09:22:22,374 INFO  ==============================================================
2022-05-23 09:22:23,049 INFO  Executed sudo, exit status 0
2022-05-23 09:22:23,502 INFO  Executed sudo<outp_check_0>, exit status 0
2022-05-23 09:22:23,503 INFO  Assert that (value==0) with value=0 ... passed
2022-05-23 09:22:23,503 INFO  Grep on file outp_check_0.out ... passed
2022-05-23 09:22:25,261 INFO  Executed sudo<outp_prepare>, exit status 0
2022-05-23 09:22:25,262 INFO  Assert that (value==0) with value=0 ... passed
2022-05-23 09:22:29,833 INFO  Executed sudo<outp_install>, exit status 0
2022-05-23 09:22:29,834 INFO  Assert that (value==0) with value=0 ... passed
2022-05-23 09:22:30,538 INFO  Executed sudo<outp_finalize>, exit status 0
2022-05-23 09:22:30,539 INFO  Assert that (value==0) with value=0 ... passed
2022-05-23 09:22:31,042 INFO  Executed sudo<outp_check_1>, exit status 0
2022-05-23 09:22:31,043 INFO  Assert that (value==0) with value=0 ... passed
2022-05-23 09:22:31,043 INFO  Grep on file outp_check_1.out ... passed
2022-05-23 09:22:31,044 INFO  Grep on file outp_check_1.out ... passed
2022-05-23 09:22:31,044 INFO  
2022-05-23 09:22:31,045 INFO  cleanup:
2022-05-23 09:22:36,017 INFO  Executed sudo, exit status 0
2022-05-23 09:22:36,018 INFO  
2022-05-23 09:22:36,018 INFO  Test duration: 13.64 secs
2022-05-23 09:22:36,018 INFO  Test final outcome:  PASSED
2022-05-23 09:22:36,018 INFO  
