2022-05-04 09:01:00,162 INFO  ==============================================================
2022-05-04 09:01:00,163 INFO  Id:    SoftwareManagement.Plugin.apama_plugin_remove
2022-05-04 09:01:00,164 INFO  Dir:   plugin_apama/
2022-05-04 09:01:00,165 INFO  Title: Validate apama plugin remove
2022-05-04 09:01:00,165 INFO  ==============================================================
2022-05-04 09:01:00,172 INFO  Assertion that path exists=False for "/etc/tedge/apama/project" ... passed
2022-05-04 09:01:00,736 INFO  Executed sudo<create_project_dir>, exit status 0
2022-05-04 09:01:01,349 INFO  Executed sudo<unzip_apama_project>, exit status 0
2022-05-04 09:01:01,861 INFO  Executed sudo<move_apama_project>, exit status 0
2022-05-04 09:01:02,725 INFO  Executed sudo<restart_apama_service>, exit status 0
2022-05-04 09:01:02,728 INFO  Assertion that path exists=True for "/etc/tedge/apama/project" ... passed
2022-05-04 09:01:17,968 INFO  Executed sudo<plugin_remove>, exit status 0, duration 15 secs
2022-05-04 09:01:17,971 INFO  Assertion that path exists=False for "/etc/tedge/apama/project" ... passed
2022-05-04 09:01:17,983 INFO  
2022-05-04 09:01:17,984 INFO  cleanup:
2022-05-04 09:01:18,511 INFO  Executed sudo<remove_apama_tmp_dir>, exit status 0
2022-05-04 09:01:18,515 INFO  
2022-05-04 09:01:18,517 INFO  Test duration: 18.36 secs
2022-05-04 09:01:18,518 INFO  Test final outcome:  PASSED
2022-05-04 09:01:18,519 INFO  
