2022-04-11 10:46:16,678 INFO  ==============================================================
2022-04-11 10:46:16,680 INFO  Id:    SoftwareManagement.Plugin.apama_plugin_remove
2022-04-11 10:46:16,681 INFO  Dir:   plugin_apama/
2022-04-11 10:46:16,682 INFO  Title: Validate apama plugin remove
2022-04-11 10:46:16,683 DEBUG Execution order hint: 0.0
2022-04-11 10:46:16,684 INFO  ==============================================================
2022-04-11 10:46:16,722 INFO  Assertion that path exists=False for "/etc/tedge/apama/project" ... passed
2022-04-11 10:46:16,725 DEBUG Process parameters for sudo<create_project_dir>
  command line : /usr/bin/sudo mkdir -p /etc/tedge/apama
    arg #1     : mkdir
    arg #2     : -p
    arg #3     : /etc/tedge/apama
  working dir  : /home/pi/actions-runner/_work/thin-edge.io/thin-edge.io/tests/PySys/plugin_apama/apama_plugin_remove/Output/linux
  stdout       : /home/pi/actions-runner/_work/thin-edge.io/thin-edge.io/tests/PySys/plugin_apama/apama_plugin_remove/Output/linux/create_project_dir.out
  stderr       : /home/pi/actions-runner/_work/thin-edge.io/thin-edge.io/tests/PySys/plugin_apama/apama_plugin_remove/Output/linux/create_project_dir.err
  environment  : LD_LIBRARY_PATH=/usr/lib
  environment  : PATH=/bin:/usr/bin:/usr/sbin:/usr/local/bin
                   #1  /bin
                   #2  /usr/bin
                   #3  /usr/sbin
                   #4  /usr/local/bin
2022-04-11 10:46:16,731 DEBUG Waiting up to 600 secs for process sudo<create_project_dir> (pid 5725)
2022-04-11 10:46:17,238 INFO  Executed sudo<create_project_dir>, exit status 0
2022-04-11 10:46:17,240 DEBUG Process parameters for sudo<unzip_apama_project>
  command line : /usr/bin/sudo unzip /home/pi/actions-runner/_work/thin-edge.io/thin-edge.io/tests/PySys/plugin_apama/Input/quickstart.zip -d /tmp/tedge_apama_project
    arg #1     : unzip
    arg #2     : /home/pi/actions-runner/_work/thin-edge.io/thin-edge.io/tests/PySys/plugin_apama/Input/quickstart.zip
    arg #3     : -d
    arg #4     : /tmp/tedge_apama_project
  working dir  : /home/pi/actions-runner/_work/thin-edge.io/thin-edge.io/tests/PySys/plugin_apama/apama_plugin_remove/Output/linux
  stdout       : /home/pi/actions-runner/_work/thin-edge.io/thin-edge.io/tests/PySys/plugin_apama/apama_plugin_remove/Output/linux/unzip_apama_project.out
  stderr       : /home/pi/actions-runner/_work/thin-edge.io/thin-edge.io/tests/PySys/plugin_apama/apama_plugin_remove/Output/linux/unzip_apama_project.err
  environment  : LD_LIBRARY_PATH=/usr/lib
  environment  : PATH=/bin:/usr/bin:/usr/sbin:/usr/local/bin
                   #1  /bin
                   #2  /usr/bin
                   #3  /usr/sbin
                   #4  /usr/local/bin
2022-04-11 10:46:17,247 DEBUG Waiting up to 600 secs for process sudo<unzip_apama_project> (pid 5727)
2022-04-11 10:46:17,855 INFO  Executed sudo<unzip_apama_project>, exit status 0
2022-04-11 10:46:17,857 DEBUG Process parameters for sudo<move_apama_project>
  command line : /usr/bin/sudo mv /tmp/tedge_apama_project/project /etc/tedge/apama/project
    arg #1     : mv
    arg #2     : /tmp/tedge_apama_project/project
    arg #3     : /etc/tedge/apama/project
  working dir  : /home/pi/actions-runner/_work/thin-edge.io/thin-edge.io/tests/PySys/plugin_apama/apama_plugin_remove/Output/linux
  stdout       : /home/pi/actions-runner/_work/thin-edge.io/thin-edge.io/tests/PySys/plugin_apama/apama_plugin_remove/Output/linux/move_apama_project.out
  stderr       : /home/pi/actions-runner/_work/thin-edge.io/thin-edge.io/tests/PySys/plugin_apama/apama_plugin_remove/Output/linux/move_apama_project.err
  environment  : LD_LIBRARY_PATH=/usr/lib
  environment  : PATH=/bin:/usr/bin:/usr/sbin:/usr/local/bin
                   #1  /bin
                   #2  /usr/bin
                   #3  /usr/sbin
                   #4  /usr/local/bin
2022-04-11 10:46:17,863 DEBUG Waiting up to 600 secs for process sudo<move_apama_project> (pid 5729)
2022-04-11 10:46:18,370 INFO  Executed sudo<move_apama_project>, exit status 0
2022-04-11 10:46:18,372 DEBUG Process parameters for sudo<restart_apama_service>
  command line : /usr/bin/sudo service apama restart
    arg #1     : service
    arg #2     : apama
    arg #3     : restart
  working dir  : /home/pi/actions-runner/_work/thin-edge.io/thin-edge.io/tests/PySys/plugin_apama/apama_plugin_remove/Output/linux
  stdout       : /home/pi/actions-runner/_work/thin-edge.io/thin-edge.io/tests/PySys/plugin_apama/apama_plugin_remove/Output/linux/restart_apama_service.out
  stderr       : /home/pi/actions-runner/_work/thin-edge.io/thin-edge.io/tests/PySys/plugin_apama/apama_plugin_remove/Output/linux/restart_apama_service.err
  environment  : LD_LIBRARY_PATH=/usr/lib
  environment  : PATH=/bin:/usr/bin:/usr/sbin:/usr/local/bin
                   #1  /bin
                   #2  /usr/bin
                   #3  /usr/sbin
                   #4  /usr/local/bin
2022-04-11 10:46:18,379 DEBUG Waiting up to 600 secs for process sudo<restart_apama_service> (pid 5731)
2022-04-11 10:46:19,238 INFO  Executed sudo<restart_apama_service>, exit status 0
2022-04-11 10:46:19,240 INFO  Assertion that path exists=True for "/etc/tedge/apama/project" ... passed
2022-04-11 10:46:19,241 DEBUG --- test execute
2022-04-11 10:46:19,243 DEBUG Process parameters for sudo<plugin_remove>
  command line : /usr/bin/sudo /etc/tedge/sm-plugins/apama remove QuickStart::project
    arg #1     : /etc/tedge/sm-plugins/apama
    arg #2     : remove
    arg #3     : QuickStart::project
  working dir  : /home/pi/actions-runner/_work/thin-edge.io/thin-edge.io/tests/PySys/plugin_apama/apama_plugin_remove/Output/linux
  stdout       : /home/pi/actions-runner/_work/thin-edge.io/thin-edge.io/tests/PySys/plugin_apama/apama_plugin_remove/Output/linux/plugin_remove.out
  stderr       : /home/pi/actions-runner/_work/thin-edge.io/thin-edge.io/tests/PySys/plugin_apama/apama_plugin_remove/Output/linux/plugin_remove.err
  environment  : LD_LIBRARY_PATH=/usr/lib
  environment  : PATH=/bin:/usr/bin:/usr/sbin:/usr/local/bin
                   #1  /bin
                   #2  /usr/bin
                   #3  /usr/sbin
                   #4  /usr/local/bin
2022-04-11 10:46:19,251 DEBUG Waiting up to 600 secs for process sudo<plugin_remove> (pid 5750)
2022-04-11 10:46:35,387 INFO  Executed sudo<plugin_remove>, exit status 0, duration 16 secs
2022-04-11 10:46:35,389 DEBUG --- test validate
2022-04-11 10:46:35,391 INFO  Assertion that path exists=False for "/etc/tedge/apama/project" ... passed
2022-04-11 10:46:35,400 DEBUG --- test cleanup
2022-04-11 10:46:35,401 INFO  
2022-04-11 10:46:35,401 INFO  cleanup:
2022-04-11 10:46:35,402 DEBUG Running registered cleanup function: <bound method ApamaPlugin.cleanup_project of <ApamaPluginRemoveTest object at 0x7609e810>>
2022-04-11 10:46:35,404 DEBUG Process parameters for sudo<remove_apama_tmp_dir>
  command line : /usr/bin/sudo rm -rf /tmp/tedge_apama_project
    arg #1     : rm
    arg #2     : -rf
    arg #3     : /tmp/tedge_apama_project
  working dir  : /home/pi/actions-runner/_work/thin-edge.io/thin-edge.io/tests/PySys/plugin_apama/apama_plugin_remove/Output/linux
  stdout       : /home/pi/actions-runner/_work/thin-edge.io/thin-edge.io/tests/PySys/plugin_apama/apama_plugin_remove/Output/linux/remove_apama_tmp_dir.out
  stderr       : /home/pi/actions-runner/_work/thin-edge.io/thin-edge.io/tests/PySys/plugin_apama/apama_plugin_remove/Output/linux/remove_apama_tmp_dir.err
  environment  : LD_LIBRARY_PATH=/usr/lib
  environment  : PATH=/bin:/usr/bin:/usr/sbin:/usr/local/bin
                   #1  /bin
                   #2  /usr/bin
                   #3  /usr/sbin
                   #4  /usr/local/bin
2022-04-11 10:46:35,411 DEBUG Waiting up to 600 secs for process sudo<remove_apama_tmp_dir> (pid 5807)
2022-04-11 10:46:35,918 INFO  Executed sudo<remove_apama_tmp_dir>, exit status 0
2022-04-11 10:46:35,919 DEBUG ProcessUser cleanup function done.
2022-04-11 10:46:35,922 INFO  
2022-04-11 10:46:35,923 INFO  Test duration: 19.25 secs
2022-04-11 10:46:35,924 INFO  Test final outcome:  PASSED
2022-04-11 10:46:35,925 INFO  
