2022-04-14 07:51:42,223 INFO  ==============================================================
2022-04-14 07:51:42,224 INFO  Id:    SoftwareManagement.sm_apt_install_download_path
2022-04-14 07:51:42,225 INFO  Dir:   software_management_end_to_end/
2022-04-14 07:51:42,226 INFO  Title: Install package to directory specified in tedge config set tmp.path
2022-04-14 07:51:42,227 INFO  ==============================================================
2022-04-14 07:51:43,522 INFO  Using sw id database: {'asciijump': '5475369', 'robotfindskitten': '5474869', 'squirrel3': '5475279', 'rolldice': '5152439', 'moon-buggy': '5439204', 'apple': '5495053', 'banana': '5494888', 'cherry': '5495382', 'watermelon': '5494510', 'registry': '8018911', 'hello-world': '8021526', 'docker/getting-started': '8021973', 'alpine': '7991792'}
2022-04-14 07:51:43,523 INFO  EnvironmentC8y Setup
2022-04-14 07:51:44,139 INFO  Executed systemctl<serv_mapper1>, exit status 3
2022-04-14 07:51:58,543 INFO  Executed sudo<tedge_connect_c8y>, exit status 0, duration 14 secs
2022-04-14 07:51:59,161 INFO  Executed sudo<tedge_connect_c8y_test>, exit status 0
2022-04-14 07:51:59,625 INFO  Executed systemctl<serv_mosq2>, exit status 0
2022-04-14 07:52:00,088 INFO  Executed systemctl<serv_mapper3>, exit status 0
2022-04-14 07:52:02,339 INFO  State of current operation: SUCCESSFUL
2022-04-14 07:52:02,566 INFO  Assert that (False == value) with value=False ... passed
2022-04-14 07:52:03,077 INFO  Executed sudo, exit status 0
2022-04-14 07:52:03,693 INFO  Executed sudo, exit status 0
2022-04-14 07:52:04,620 INFO  Executed sudo, exit status 0
2022-04-14 07:52:08,589 INFO  Executed sudo<tedge_disconnect_c8y>, exit status 0
2022-04-14 07:52:08,699 INFO  Restarting mosquitto too frequently in the last 10 seconds. It was only up for 3 seconds
2022-04-14 07:52:08,701 INFO  Delaying execution by 8 seconds
2022-04-14 07:52:30,659 INFO  Executed sudo<tedge_connect_c8y>, exit status 0, duration 13 secs
2022-04-14 07:52:31,007 INFO  Response status: 201
2022-04-14 07:52:31,010 INFO  Response to action: {
    "creationTime": "2022-04-14T07:52:30.942Z",
    "deviceId": "17294230",
    "deviceName": "mythicd",
    "self": "https://t493319102.eu-latest.cumulocity.com/devicecontrol/operations/17294907",
    "id": "17294907",
    "status": "PENDING",
    "description": "Apply software changes, triggered from PySys: [{'name': 'rolldice', 'id': '5152439', 'version': '::apt', 'url': 'https://thin-edge-io.eu-latest.cumulocity.com/inventory/binaries/12435463', 'action': 'install'}]",
    "c8y_SoftwareUpdate": [
        {
            "name": "rolldice",
            "action": "install",
            "id": "5152439",
            "version": "::apt",
            "url": "https://thin-edge-io.eu-latest.cumulocity.com/inventory/binaries/12435463"
        }
    ]
}
2022-04-14 07:52:31,011 INFO  Started operation: {'creationTime': '2022-04-14T07:52:30.942Z', 'deviceId': '17294230', 'deviceName': 'mythicd', 'self': 'https://t493319102.eu-latest.cumulocity.com/devicecontrol/operations/17294907', 'id': '17294907', 'status': 'PENDING', 'description': "Apply software changes, triggered from PySys: [{'name': 'rolldice', 'id': '5152439', 'version': '::apt', 'url': 'https://thin-edge-io.eu-latest.cumulocity.com/inventory/binaries/12435463', 'action': 'install'}]", 'c8y_SoftwareUpdate': [{'name': 'rolldice', 'action': 'install', 'id': '5152439', 'version': '::apt', 'url': 'https://thin-edge-io.eu-latest.cumulocity.com/inventory/binaries/12435463'}]}
2022-04-14 07:52:31,016 WARN  , retrying in 0.5 seconds...
2022-04-14 07:52:31,520 WARN  , retrying in 0.5 seconds...
2022-04-14 07:52:32,023 WARN  , retrying in 0.5 seconds...
2022-04-14 07:52:32,526 WARN  , retrying in 0.5 seconds...
2022-04-14 07:52:33,029 WARN  , retrying in 0.5 seconds...
2022-04-14 07:52:33,533 WARN  , retrying in 0.5 seconds...
2022-04-14 07:52:34,053 WARN  , retrying in 0.5 seconds...
2022-04-14 07:52:34,556 WARN  , retrying in 0.5 seconds...
2022-04-14 07:52:35,059 WARN  , retrying in 0.5 seconds...
2022-04-14 07:52:35,562 WARN  AssertionError occurred while running test - 
Traceback (most recent call last):
  File "/home/pi/env-pysys/lib/python3.7/site-packages/pysys/baserunner.py", line 1294, in __call__
    self.testObj.execute()
  File "/home/pi/actions-runner/_work/thin-edge.io/thin-edge.io/tests/PySys/software_management_end_to_end/sm_apt_install_download_path/run.py", line 83, in execute
    assert_install_in_download_path(install_directory=self.DOWNLOAD_DIR)
  File "/home/pi/env-pysys/lib/python3.7/site-packages/decorator.py", line 232, in fun
    return caller(func, *(extras + args), **kw)
  File "/home/pi/env-pysys/lib/python3.7/site-packages/retry/api.py", line 74, in retry_decorator
    logger)
  File "/home/pi/env-pysys/lib/python3.7/site-packages/retry/api.py", line 33, in __retry_internal
    return f()
  File "/home/pi/actions-runner/_work/thin-edge.io/thin-edge.io/tests/PySys/software_management_end_to_end/sm_apt_install_download_path/run.py", line 28, in assert_install_in_download_path
    assert "rolldice" in os.listdir(f"{install_directory}")
AssertionError
2022-04-14 07:52:35,598 WARN  AssertionError: ... blocked 
2022-04-14 07:52:35,599 INFO  
2022-04-14 07:52:35,599 INFO  cleanup:
2022-04-14 07:52:36,113 INFO  Executed sudo, exit status 0
2022-04-14 07:52:36,676 INFO  Executed sudo, exit status 0
2022-04-14 07:52:41,040 INFO  Executed sudo<tedge_disconnect_c8y>, exit status 0
2022-04-14 07:52:41,149 INFO  Restarting mosquitto too frequently in the last 10 seconds. It was only up for 4 seconds
2022-04-14 07:52:41,151 INFO  Delaying execution by 7 seconds
2022-04-14 07:53:02,143 INFO  Executed sudo<tedge_connect_c8y>, exit status 0, duration 13 secs
2022-04-14 07:53:06,434 INFO  Executed sudo<tedge_disconnect_c8y>, exit status 0
2022-04-14 07:53:07,048 INFO  Executed systemctl<serv_mapper5>, exit status 3
2022-04-14 07:53:07,053 INFO  
2022-04-14 07:53:07,054 INFO  Test duration: 84.84 secs
2022-04-14 07:53:07,055 INFO  Test final outcome:  BLOCKED
2022-04-14 07:53:07,056 INFO  Test outcome reason: AssertionError:
2022-04-14 07:53:07,056 INFO  
