2022-04-07 16:12:08,993 INFO  ==============================================================
2022-04-07 16:12:08,994 INFO  Id:    local_mqtt_sub_fail
2022-04-07 16:12:08,996 INFO  Dir:   local_mqtt/
2022-04-07 16:12:08,997 INFO  Title: Validate local publishing when mosquitto is stopped
2022-04-07 16:12:08,997 DEBUG Execution order hint: 0.0
2022-04-07 16:12:08,998 INFO  ==============================================================
2022-04-07 16:12:09,005 DEBUG Process parameters for sudo<stop>
  command line : /usr/bin/sudo /usr/bin/systemctl stop mosquitto
    arg #1     : /usr/bin/systemctl
    arg #2     : stop
    arg #3     : mosquitto
  working dir  : /home/pi/actions-runner/_work/thin-edge.io/thin-edge.io/tests/PySys/local_mqtt/local_mqtt_sub_fail/Output/linux
  stdout       : /home/pi/actions-runner/_work/thin-edge.io/thin-edge.io/tests/PySys/local_mqtt/local_mqtt_sub_fail/Output/linux/stop.out
  stderr       : /home/pi/actions-runner/_work/thin-edge.io/thin-edge.io/tests/PySys/local_mqtt/local_mqtt_sub_fail/Output/linux/stop.err
  environment  : LD_LIBRARY_PATH=/usr/lib
  environment  : PATH=/bin:/usr/bin:/usr/sbin:/usr/local/bin
                   #1  /bin
                   #2  /usr/bin
                   #3  /usr/sbin
                   #4  /usr/local/bin
2022-04-07 16:12:09,012 DEBUG Waiting up to 600 secs for process sudo<stop> (pid 22252)
2022-04-07 16:12:09,671 INFO  Executed sudo<stop>, exit status 0
2022-04-07 16:12:09,673 DEBUG --- test execute
2022-04-07 16:12:09,676 DEBUG Process parameters for tedge_sub_fail
  command line : /usr/bin/tedge mqtt sub atopic
    arg #1     : mqtt
    arg #2     : sub
    arg #3     : atopic
  working dir  : /home/pi/actions-runner/_work/thin-edge.io/thin-edge.io/tests/PySys/local_mqtt/local_mqtt_sub_fail/Output/linux
  stdout       : /home/pi/actions-runner/_work/thin-edge.io/thin-edge.io/tests/PySys/local_mqtt/local_mqtt_sub_fail/Output/linux/tedge_sub_fail.out
  stderr       : /home/pi/actions-runner/_work/thin-edge.io/thin-edge.io/tests/PySys/local_mqtt/local_mqtt_sub_fail/Output/linux/tedge_sub_fail.err
  environment  : HOME=/home/pi
2022-04-07 16:12:09,685 DEBUG Waiting up to 600 secs for process tedge_sub_fail (pid 22254)
2022-04-07 16:12:10,143 INFO  Executed tedge_sub_fail, exit status 1
2022-04-07 16:12:10,146 INFO  Assert that (value==1) with value=1 ... passed
2022-04-07 16:12:10,147 DEBUG --- test validate
2022-04-07 16:12:10,154 DEBUG --- test cleanup
2022-04-07 16:12:10,155 INFO  
2022-04-07 16:12:10,156 INFO  cleanup:
2022-04-07 16:12:10,157 DEBUG Running registered cleanup function: <bound method PySysTest.mycleanup of <PySysTest object at 0x760a83f0>>
2022-04-07 16:12:10,160 DEBUG Process parameters for sudo<start>
  command line : /usr/bin/sudo /usr/bin/systemctl start mosquitto
    arg #1     : /usr/bin/systemctl
    arg #2     : start
    arg #3     : mosquitto
  working dir  : /home/pi/actions-runner/_work/thin-edge.io/thin-edge.io/tests/PySys/local_mqtt/local_mqtt_sub_fail/Output/linux
  stdout       : /home/pi/actions-runner/_work/thin-edge.io/thin-edge.io/tests/PySys/local_mqtt/local_mqtt_sub_fail/Output/linux/start.out
  stderr       : /home/pi/actions-runner/_work/thin-edge.io/thin-edge.io/tests/PySys/local_mqtt/local_mqtt_sub_fail/Output/linux/start.err
  environment  : LD_LIBRARY_PATH=/usr/lib
  environment  : PATH=/bin:/usr/bin:/usr/sbin:/usr/local/bin
                   #1  /bin
                   #2  /usr/bin
                   #3  /usr/sbin
                   #4  /usr/local/bin
2022-04-07 16:12:10,170 DEBUG Waiting up to 600 secs for process sudo<start> (pid 22256)
2022-04-07 16:12:10,829 INFO  Executed sudo<start>, exit status 0
2022-04-07 16:12:10,830 DEBUG ProcessUser cleanup function done.
2022-04-07 16:12:10,833 INFO  
2022-04-07 16:12:10,834 INFO  Test duration: 1.84 secs
2022-04-07 16:12:10,836 INFO  Test final outcome:  PASSED
2022-04-07 16:12:10,837 INFO  
