2022-05-10 14:09:48,517 INFO  ==============================================================
2022-05-10 14:09:48,519 INFO  Id:    docker_plugin_install
2022-05-10 14:09:48,521 INFO  Dir:   plugin_docker/
2022-05-10 14:09:48,524 INFO  Title: Validate docker plugin install
2022-05-10 14:09:48,526 INFO  ==============================================================
2022-05-10 14:09:49,387 INFO  Executed sudo<docker_images>, exit status 0
2022-05-10 14:09:49,394 INFO  Grep on file /home/pi/actions-runner/_work/thin-edge.io/thin-edge.io/tests/PySys/plugin_docker/docker_plugin_install/Output/linux/docker_images.out ... passed
2022-05-10 14:10:16,242 INFO  Executed sudo<plugin_install>, exit status 0, duration 26 secs
2022-05-10 14:10:17,111 INFO  Executed sudo<docker_ps_latest>, exit status 0
2022-05-10 14:10:17,925 INFO  Executed sudo<docker_ps>, exit status 0
2022-05-10 14:10:17,933 INFO  Grep on file /home/pi/actions-runner/_work/thin-edge.io/thin-edge.io/tests/PySys/plugin_docker/docker_plugin_install/Output/linux/docker_ps.out ... passed
2022-05-10 14:10:17,940 INFO  
2022-05-10 14:10:17,941 INFO  cleanup:
2022-05-10 14:10:17,942 INFO  Removing containers scheduled to be cleaned up: ['38afbd6adaa1']
2022-05-10 14:10:20,690 INFO  Executed sudo<containers_for_cleanup>, exit status 0
2022-05-10 14:10:20,691 INFO  Removing images scheduled to be cleaned up: ['registry', 'registry']
2022-05-10 14:10:23,872 INFO  Executed sudo<containers_for_cleanup>, exit status 0
2022-05-10 14:10:23,876 INFO  
2022-05-10 14:10:23,876 INFO  Test duration: 35.37 secs
2022-05-10 14:10:23,877 INFO  Test final outcome:  PASSED
2022-05-10 14:10:23,878 INFO  
