2022-05-30 10:12:42,486 INFO  ==============================================================
2022-05-30 10:12:42,486 INFO  Id:    SoftwareManagement.sm_apt_install_remove
2022-05-30 10:12:42,488 INFO  Dir:   software_management_end_to_end/
2022-05-30 10:12:42,488 INFO  Title: Validate end to end behaviour for the apt plugin for installation and removal of packages
2022-05-30 10:12:42,489 INFO  ==============================================================
2022-05-30 10:12:42,495 INFO  Using sw id database: {'asciijump': '5475369', 'robotfindskitten': '5474869', 'squirrel3': '5475279', 'rolldice': '5152439', 'moon-buggy': '5439204', 'apple': '5495053', 'banana': '5494888', 'cherry': '5495382', 'watermelon': '5494510', 'registry': '8018911', 'hello-world': '8021526', 'docker/getting-started': '8021973', 'alpine': '7991792'}
2022-05-30 10:12:42,496 INFO  EnvironmentC8y Setup
2022-05-30 10:12:43,062 INFO  Executed systemctl<serv_mapper1>, exit status 3
2022-05-30 10:12:43,167 INFO  Restarting mosquitto too frequently in the last 10 seconds. It was only up for 5 seconds
2022-05-30 10:12:43,169 INFO  Delaying execution by 6 seconds
2022-05-30 10:13:03,944 INFO  Executed sudo<tedge_connect_c8y>, exit status 0, duration 14 secs
2022-05-30 10:13:04,521 INFO  Executed sudo<tedge_connect_c8y_test>, exit status 0
2022-05-30 10:13:05,019 INFO  Executed systemctl<serv_mosq2>, exit status 0
2022-05-30 10:13:05,501 INFO  Executed systemctl<serv_mapper3>, exit status 0
2022-05-30 10:13:07,725 INFO  State of current operation: FAILED
2022-05-30 10:13:08,214 INFO  Assert that (False == value) with value=False ... passed
2022-05-30 10:13:08,448 INFO  Response status: 201
2022-05-30 10:13:08,449 INFO  Response to action: {
    "creationTime": "2022-05-30T10:13:08.396Z",
    "deviceId": "19786601",
    "deviceName": "mythica",
    "self": "https://t493319102.eu-latest.cumulocity.com/devicecontrol/operations/19797988",
    "id": "19797988",
    "status": "PENDING",
    "description": "Apply software changes, triggered from PySys: [{'name': 'rolldice', 'id': '5152439', 'version': '::apt', 'url': '', 'action': 'install'}]",
    "c8y_SoftwareUpdate": [
        {
            "name": "rolldice",
            "action": "install",
            "id": "5152439",
            "version": "::apt",
            "url": ""
        }
    ]
}
2022-05-30 10:13:08,450 INFO  Started operation: {'creationTime': '2022-05-30T10:13:08.396Z', 'deviceId': '19786601', 'deviceName': 'mythica', 'self': 'https://t493319102.eu-latest.cumulocity.com/devicecontrol/operations/19797988', 'id': '19797988', 'status': 'PENDING', 'description': "Apply software changes, triggered from PySys: [{'name': 'rolldice', 'id': '5152439', 'version': '::apt', 'url': '', 'action': 'install'}]", 'c8y_SoftwareUpdate': [{'name': 'rolldice', 'action': 'install', 'id': '5152439', 'version': '::apt', 'url': ''}]}
2022-05-30 10:13:10,668 INFO  State of operation 19797988 : PENDING
2022-05-30 10:13:12,893 INFO  State of operation 19797988 : EXECUTING
2022-05-30 10:13:15,110 INFO  State of operation 19797988 : EXECUTING
2022-05-30 10:13:17,332 INFO  State of operation 19797988 : EXECUTING
2022-05-30 10:13:19,581 INFO  State of operation 19797988 : EXECUTING
2022-05-30 10:13:21,798 INFO  State of operation 19797988 : EXECUTING
2022-05-30 10:13:24,457 INFO  State of operation 19797988 : EXECUTING
2022-05-30 10:13:27,222 INFO  State of operation 19797988 : EXECUTING
2022-05-30 10:13:29,782 INFO  State of operation 19797988 : EXECUTING
2022-05-30 10:13:32,218 INFO  State of operation 19797988 : EXECUTING
2022-05-30 10:13:34,432 INFO  State of operation 19797988 : EXECUTING
2022-05-30 10:13:36,653 INFO  State of operation 19797988 : EXECUTING
2022-05-30 10:13:38,868 INFO  State of operation 19797988 : EXECUTING
2022-05-30 10:13:41,083 INFO  State of operation 19797988 : EXECUTING
2022-05-30 10:13:43,319 INFO  State of operation 19797988 : EXECUTING
2022-05-30 10:13:45,535 INFO  State of operation 19797988 : EXECUTING
2022-05-30 10:13:47,754 INFO  State of operation 19797988 : EXECUTING
2022-05-30 10:13:50,148 INFO  State of operation 19797988 : EXECUTING
2022-05-30 10:13:52,841 INFO  State of operation 19797988 : EXECUTING
2022-05-30 10:13:55,062 INFO  State of operation 19797988 : EXECUTING
2022-05-30 10:13:57,304 INFO  State of operation 19797988 : EXECUTING
2022-05-30 10:13:59,700 INFO  State of operation 19797988 : EXECUTING
2022-05-30 10:14:01,919 INFO  State of operation 19797988 : EXECUTING
2022-05-30 10:14:04,131 INFO  State of operation 19797988 : EXECUTING
2022-05-30 10:14:06,426 INFO  State of operation 19797988 : EXECUTING
2022-05-30 10:14:09,415 INFO  State of operation 19797988 : EXECUTING
2022-05-30 10:14:11,866 INFO  State of operation 19797988 : EXECUTING
2022-05-30 10:14:14,776 INFO  State of operation 19797988 : EXECUTING
2022-05-30 10:14:17,060 INFO  State of operation 19797988 : EXECUTING
2022-05-30 10:14:19,757 INFO  State of operation 19797988 : EXECUTING
2022-05-30 10:14:22,003 INFO  State of operation 19797988 : EXECUTING
2022-05-30 10:14:24,539 INFO  State of operation 19797988 : EXECUTING
2022-05-30 10:14:26,765 INFO  State of operation 19797988 : EXECUTING
2022-05-30 10:14:28,999 INFO  State of operation 19797988 : EXECUTING
2022-05-30 10:14:31,248 INFO  State of operation 19797988 : EXECUTING
2022-05-30 10:14:33,488 INFO  State of operation 19797988 : EXECUTING
2022-05-30 10:14:35,714 INFO  State of operation 19797988 : SUCCESSFUL
2022-05-30 10:14:35,936 INFO  Package rolldice is installed
2022-05-30 10:14:35,938 INFO  Assert that (True == value) with value=True ... passed
2022-05-30 10:14:36,175 INFO  Response status: 201
2022-05-30 10:14:36,176 INFO  Response to action: {
    "creationTime": "2022-05-30T10:14:36.120Z",
    "deviceId": "19786601",
    "deviceName": "mythica",
    "self": "https://t493319102.eu-latest.cumulocity.com/devicecontrol/operations/19798002",
    "id": "19798002",
    "status": "PENDING",
    "description": "Apply software changes, triggered from PySys: [{'name': 'rolldice', 'id': '5152439', 'version': '::apt', 'url': '', 'action': 'delete'}]",
    "c8y_SoftwareUpdate": [
        {
            "name": "rolldice",
            "action": "delete",
            "id": "5152439",
            "version": "::apt",
            "url": ""
        }
    ]
}
2022-05-30 10:14:36,177 INFO  Started operation: {'creationTime': '2022-05-30T10:14:36.120Z', 'deviceId': '19786601', 'deviceName': 'mythica', 'self': 'https://t493319102.eu-latest.cumulocity.com/devicecontrol/operations/19798002', 'id': '19798002', 'status': 'PENDING', 'description': "Apply software changes, triggered from PySys: [{'name': 'rolldice', 'id': '5152439', 'version': '::apt', 'url': '', 'action': 'delete'}]", 'c8y_SoftwareUpdate': [{'name': 'rolldice', 'action': 'delete', 'id': '5152439', 'version': '::apt', 'url': ''}]}
2022-05-30 10:14:38,395 INFO  State of operation 19798002 : PENDING
2022-05-30 10:14:40,617 INFO  State of operation 19798002 : EXECUTING
2022-05-30 10:14:42,829 INFO  State of operation 19798002 : EXECUTING
2022-05-30 10:14:45,035 INFO  State of operation 19798002 : EXECUTING
2022-05-30 10:14:47,271 INFO  State of operation 19798002 : EXECUTING
2022-05-30 10:14:49,512 INFO  State of operation 19798002 : EXECUTING
2022-05-30 10:14:52,152 INFO  State of operation 19798002 : EXECUTING
2022-05-30 10:14:55,164 INFO  State of operation 19798002 : EXECUTING
2022-05-30 10:14:57,409 INFO  State of operation 19798002 : EXECUTING
2022-05-30 10:14:59,858 INFO  State of operation 19798002 : EXECUTING
2022-05-30 10:15:02,071 INFO  State of operation 19798002 : EXECUTING
2022-05-30 10:15:04,282 INFO  State of operation 19798002 : EXECUTING
2022-05-30 10:15:06,530 INFO  State of operation 19798002 : EXECUTING
2022-05-30 10:15:08,808 INFO  State of operation 19798002 : EXECUTING
2022-05-30 10:15:11,169 INFO  State of operation 19798002 : EXECUTING
2022-05-30 10:15:13,823 INFO  State of operation 19798002 : EXECUTING
2022-05-30 10:15:16,344 INFO  State of operation 19798002 : EXECUTING
2022-05-30 10:15:18,630 INFO  State of operation 19798002 : EXECUTING
2022-05-30 10:15:20,853 INFO  State of operation 19798002 : EXECUTING
2022-05-30 10:15:23,085 INFO  State of operation 19798002 : EXECUTING
2022-05-30 10:15:25,300 INFO  State of operation 19798002 : EXECUTING
2022-05-30 10:15:27,512 INFO  State of operation 19798002 : SUCCESSFUL
2022-05-30 10:15:27,743 INFO  Assert that (False == value) with value=False ... passed
2022-05-30 10:15:27,755 INFO  
2022-05-30 10:15:27,756 INFO  cleanup:
2022-05-30 10:15:32,362 INFO  Executed sudo<tedge_disconnect_c8y>, exit status 0
2022-05-30 10:15:32,924 INFO  Executed systemctl<serv_mapper5>, exit status 3
2022-05-30 10:15:32,928 INFO  
2022-05-30 10:15:32,929 INFO  Test duration: 170.45 secs
2022-05-30 10:15:32,930 INFO  Test final outcome:  PASSED
2022-05-30 10:15:32,931 INFO  
