2022-04-07 16:48:39,977 INFO  ==============================================================
2022-04-07 16:48:39,978 INFO  Id:    apt_sequence_remove_with_version_fail
2022-04-07 16:48:39,979 INFO  Dir:   plugin_apt/
2022-04-07 16:48:39,980 INFO  Title: Validate apt plugin remove with version fails when the version not found
2022-04-07 16:48:39,981 DEBUG Execution order hint: 0.0
2022-04-07 16:48:39,982 INFO  ==============================================================
2022-04-07 16:48:39,988 DEBUG Process parameters for sudo<outp_install>
  command line : /usr/bin/sudo /etc/tedge/sm-plugins/apt install rolldice
    arg #1     : /etc/tedge/sm-plugins/apt
    arg #2     : install
    arg #3     : rolldice
  working dir  : /home/pi/actions-runner/_work/thin-edge.io/thin-edge.io/tests/PySys/plugin_apt/apt_sequence_remove_with_version_fail/Output/linux
  stdout       : /home/pi/actions-runner/_work/thin-edge.io/thin-edge.io/tests/PySys/plugin_apt/apt_sequence_remove_with_version_fail/Output/linux/outp_install.out
  stderr       : /home/pi/actions-runner/_work/thin-edge.io/thin-edge.io/tests/PySys/plugin_apt/apt_sequence_remove_with_version_fail/Output/linux/outp_install.err
  environment  : LD_LIBRARY_PATH=/usr/lib
  environment  : PATH=/bin:/usr/bin:/usr/sbin:/usr/local/bin
                   #1  /bin
                   #2  /usr/bin
                   #3  /usr/sbin
                   #4  /usr/local/bin
2022-04-07 16:48:39,995 DEBUG Waiting up to 600 secs for process sudo<outp_install> (pid 7133)
2022-04-07 16:49:18,671 INFO  Executed sudo<outp_install>, exit status 0, duration 38 secs
2022-04-07 16:49:18,690 INFO  Assert that (value==0) with value=0 ... passed
2022-04-07 16:49:18,692 DEBUG --- test execute
2022-04-07 16:49:18,699 DEBUG Process parameters for sudo<outp_remove>
  command line : /usr/bin/sudo /etc/tedge/sm-plugins/apt remove rolldice --module-version 1.111111
    arg #1     : /etc/tedge/sm-plugins/apt
    arg #2     : remove
    arg #3     : rolldice
    arg #4     : --module-version
    arg #5     : 1.111111
  working dir  : /home/pi/actions-runner/_work/thin-edge.io/thin-edge.io/tests/PySys/plugin_apt/apt_sequence_remove_with_version_fail/Output/linux
  stdout       : /home/pi/actions-runner/_work/thin-edge.io/thin-edge.io/tests/PySys/plugin_apt/apt_sequence_remove_with_version_fail/Output/linux/outp_remove.out
  stderr       : /home/pi/actions-runner/_work/thin-edge.io/thin-edge.io/tests/PySys/plugin_apt/apt_sequence_remove_with_version_fail/Output/linux/outp_remove.err
  environment  : LD_LIBRARY_PATH=/usr/lib
  environment  : PATH=/bin:/usr/bin:/usr/sbin:/usr/local/bin
                   #1  /bin
                   #2  /usr/bin
                   #3  /usr/sbin
                   #4  /usr/local/bin
2022-04-07 16:49:18,707 DEBUG Waiting up to 600 secs for process sudo<outp_remove> (pid 7272)
2022-04-07 16:49:25,001 INFO  Executed sudo<outp_remove>, exit status 2
2022-04-07 16:49:25,004 INFO  Assert that (value==2) with value=2 ... passed
2022-04-07 16:49:25,005 DEBUG --- test validate
2022-04-07 16:49:25,006 DEBUG Performing regex contains=True grep on file: /home/pi/actions-runner/_work/thin-edge.io/thin-edge.io/tests/PySys/plugin_apt/apt_sequence_remove_with_version_fail/Output/linux/outp_remove.err
2022-04-07 16:49:25,011 DEBUG Grep on file outp_remove.err successfully matched expression "1.111111" with line: "E: Version '1.111111' for 'rolldice' was not found\n"
2022-04-07 16:49:25,012 INFO  Grep on file outp_remove.err ... passed
2022-04-07 16:49:25,014 DEBUG Process parameters for sudo<outp_check_0>
  command line : /usr/bin/sudo /etc/tedge/sm-plugins/apt list
    arg #1     : /etc/tedge/sm-plugins/apt
    arg #2     : list
  working dir  : /home/pi/actions-runner/_work/thin-edge.io/thin-edge.io/tests/PySys/plugin_apt/apt_sequence_remove_with_version_fail/Output/linux
  stdout       : /home/pi/actions-runner/_work/thin-edge.io/thin-edge.io/tests/PySys/plugin_apt/apt_sequence_remove_with_version_fail/Output/linux/outp_check_0.out
  stderr       : /home/pi/actions-runner/_work/thin-edge.io/thin-edge.io/tests/PySys/plugin_apt/apt_sequence_remove_with_version_fail/Output/linux/outp_check_0.err
  environment  : LD_LIBRARY_PATH=/usr/lib
  environment  : PATH=/bin:/usr/bin:/usr/sbin:/usr/local/bin
                   #1  /bin
                   #2  /usr/bin
                   #3  /usr/sbin
                   #4  /usr/local/bin
2022-04-07 16:49:25,021 DEBUG Waiting up to 600 secs for process sudo<outp_check_0> (pid 7277)
2022-04-07 16:49:27,590 INFO  Executed sudo<outp_check_0>, exit status 0
2022-04-07 16:49:27,592 INFO  Assert that (value==0) with value=0 ... passed
2022-04-07 16:49:27,593 DEBUG Performing regex contains=True grep on file: /home/pi/actions-runner/_work/thin-edge.io/thin-edge.io/tests/PySys/plugin_apt/apt_sequence_remove_with_version_fail/Output/linux/outp_check_0.out
2022-04-07 16:49:27,598 DEBUG Grep on file outp_check_0.out successfully matched expression "rolldice" with line: 'rolldice\t1.16-1+b1\n'
2022-04-07 16:49:27,599 INFO  Grep on file outp_check_0.out ... passed
2022-04-07 16:49:27,604 DEBUG --- test cleanup
2022-04-07 16:49:27,605 INFO  
2022-04-07 16:49:27,606 INFO  cleanup:
2022-04-07 16:49:27,607 DEBUG Running registered cleanup function: <bound method AptPluginRemoveWithVersionFails.cleanup_remove_rolldice_module of <AptPluginRemoveWithVersionFails object at 0x75dec330>>
2022-04-07 16:49:27,608 DEBUG Process parameters for sudo
  command line : /usr/bin/sudo /usr/bin/apt-get remove -y rolldice
    arg #1     : /usr/bin/apt-get
    arg #2     : remove
    arg #3     : -y
    arg #4     : rolldice
  working dir  : /home/pi/actions-runner/_work/thin-edge.io/thin-edge.io/tests/PySys/plugin_apt/apt_sequence_remove_with_version_fail/Output/linux
  stdout       : None
  stderr       : None
  environment  : LD_LIBRARY_PATH=/usr/lib
  environment  : PATH=/bin:/usr/bin:/usr/sbin:/usr/local/bin
                   #1  /bin
                   #2  /usr/bin
                   #3  /usr/sbin
                   #4  /usr/local/bin
2022-04-07 16:49:27,616 DEBUG Waiting up to 600 secs for process sudo (pid 7283)
2022-04-07 16:49:40,946 INFO  Executed sudo, exit status 0, duration 13 secs
2022-04-07 16:49:40,948 DEBUG ProcessUser cleanup function done.
2022-04-07 16:49:40,951 INFO  
2022-04-07 16:49:40,952 INFO  Test duration: 60.98 secs
2022-04-07 16:49:40,953 INFO  Test final outcome:  PASSED
2022-04-07 16:49:40,954 INFO  
