2022-05-04 09:16:00,267 INFO  ==============================================================
2022-05-04 09:16:00,268 INFO  Id:    SoftwareManagement.sm_apt_install_remove_multiple
2022-05-04 09:16:00,269 INFO  Dir:   software_management_end_to_end/
2022-05-04 09:16:00,270 INFO  Title: Validate end to end behaviour for the apt plugin for multiple packages
2022-05-04 09:16:00,271 INFO  ==============================================================
2022-05-04 09:16:00,314 INFO  Using sw id database: {'asciijump': '5475369', 'robotfindskitten': '5474869', 'squirrel3': '5475279', 'rolldice': '5152439', 'moon-buggy': '5439204', 'apple': '5495053', 'banana': '5494888', 'cherry': '5495382', 'watermelon': '5494510', 'registry': '8018911', 'hello-world': '8021526', 'docker/getting-started': '8021973', 'alpine': '7991792'}
2022-05-04 09:16:00,315 INFO  EnvironmentC8y Setup
2022-05-04 09:16:00,875 INFO  Executed systemctl<serv_mapper1>, exit status 3
2022-05-04 09:16:00,984 INFO  Restarting mosquitto too frequently in the last 10 seconds. It was only up for 5 seconds
2022-05-04 09:16:00,986 INFO  Delaying execution by 6 seconds
2022-05-04 09:16:24,193 INFO  Executed sudo<tedge_connect_c8y>, exit status 0, duration 17 secs
2022-05-04 09:16:24,758 INFO  Executed sudo<tedge_connect_c8y_test>, exit status 0
2022-05-04 09:16:25,254 INFO  Executed systemctl<serv_mosq2>, exit status 0
2022-05-04 09:16:25,715 INFO  Executed systemctl<serv_mapper3>, exit status 0
2022-05-04 09:16:27,983 INFO  State of current operation: SUCCESSFUL
2022-05-04 09:16:28,216 INFO  Assert that (False == value) with value=False ... passed
2022-05-04 09:16:28,481 INFO  Package asciijump is installed
2022-05-04 09:16:28,854 WARN  Assert that (False == value) with value=True ... failed 
2022-05-04 09:16:29,096 INFO  Package squirrel3 is installed
2022-05-04 09:16:29,126 WARN  Assert that (False == value) with value=True ... failed 
2022-05-04 09:16:29,373 INFO  Package robotfindskitten is installed
2022-05-04 09:16:29,410 WARN  Assert that (False == value) with value=True ... failed 
2022-05-04 09:16:29,640 INFO  Response status: 201
2022-05-04 09:16:29,641 INFO  Response to action: {
    "creationTime": "2022-05-04T09:16:29.595Z",
    "deviceName": "m32sd11f",
    "deviceId": "18336924",
    "self": "https://t493319102.eu-latest.cumulocity.com/devicecontrol/operations/18389439",
    "id": "18389439",
    "status": "PENDING",
    "description": "Apply software changes, triggered from PySys: [{'action': 'install', 'id': '5475369', 'name': 'asciijump', 'url': ' ', 'version': '::apt'}, {'action': 'install', 'id': '5474869', 'name': 'robotfindskitten', 'url': ' ', 'version': '::apt'}, {'action': 'install', 'id': '5475279', 'name': 'squirrel3', 'url': ' ', 'version': '::apt'}]",
    "c8y_SoftwareUpdate": [
        {
            "name": "asciijump",
            "action": "install",
            "id": "5475369",
            "version": "::apt",
            "url": " "
        },
        {
            "name": "robotfindskitten",
            "action": "install",
            "id": "5474869",
            "version": "::apt",
            "url": " "
        },
        {
            "name": "squirrel3",
            "action": "install",
            "id": "5475279",
            "version": "::apt",
            "url": " "
        }
    ]
}
2022-05-04 09:16:29,642 INFO  Started operation: {'creationTime': '2022-05-04T09:16:29.595Z', 'deviceName': 'm32sd11f', 'deviceId': '18336924', 'self': 'https://t493319102.eu-latest.cumulocity.com/devicecontrol/operations/18389439', 'id': '18389439', 'status': 'PENDING', 'description': "Apply software changes, triggered from PySys: [{'action': 'install', 'id': '5475369', 'name': 'asciijump', 'url': ' ', 'version': '::apt'}, {'action': 'install', 'id': '5474869', 'name': 'robotfindskitten', 'url': ' ', 'version': '::apt'}, {'action': 'install', 'id': '5475279', 'name': 'squirrel3', 'url': ' ', 'version': '::apt'}]", 'c8y_SoftwareUpdate': [{'name': 'asciijump', 'action': 'install', 'id': '5475369', 'version': '::apt', 'url': ' '}, {'name': 'robotfindskitten', 'action': 'install', 'id': '5474869', 'version': '::apt', 'url': ' '}, {'name': 'squirrel3', 'action': 'install', 'id': '5475279', 'version': '::apt', 'url': ' '}]}
2022-05-04 09:16:31,855 INFO  State of operation 18389439 : PENDING
2022-05-04 09:16:34,123 INFO  State of operation 18389439 : EXECUTING
2022-05-04 09:16:36,376 INFO  State of operation 18389439 : EXECUTING
2022-05-04 09:16:38,591 INFO  State of operation 18389439 : EXECUTING
2022-05-04 09:16:40,811 INFO  State of operation 18389439 : EXECUTING
2022-05-04 09:16:43,027 INFO  State of operation 18389439 : EXECUTING
2022-05-04 09:16:45,247 INFO  State of operation 18389439 : EXECUTING
2022-05-04 09:16:48,201 INFO  State of operation 18389439 : EXECUTING
2022-05-04 09:16:51,517 INFO  State of operation 18389439 : EXECUTING
2022-05-04 09:16:53,747 INFO  State of operation 18389439 : EXECUTING
2022-05-04 09:16:56,368 INFO  State of operation 18389439 : EXECUTING
2022-05-04 09:16:58,820 INFO  State of operation 18389439 : EXECUTING
2022-05-04 09:17:01,038 INFO  State of operation 18389439 : EXECUTING
2022-05-04 09:17:03,261 INFO  State of operation 18389439 : EXECUTING
2022-05-04 09:17:05,479 INFO  State of operation 18389439 : EXECUTING
2022-05-04 09:17:07,699 INFO  State of operation 18389439 : EXECUTING
2022-05-04 09:17:09,938 INFO  State of operation 18389439 : EXECUTING
2022-05-04 09:17:12,170 INFO  State of operation 18389439 : SUCCESSFUL
2022-05-04 09:17:12,422 INFO  Assert that (False == value) with value=False ... passed
2022-05-04 09:17:12,663 INFO  Package asciijump is installed
2022-05-04 09:17:12,666 INFO  Assert that (True == value) with value=True ... passed
2022-05-04 09:17:12,911 INFO  Package squirrel3 is installed
2022-05-04 09:17:12,913 INFO  Assert that (True == value) with value=True ... passed
2022-05-04 09:17:13,139 INFO  Package robotfindskitten is installed
2022-05-04 09:17:13,142 INFO  Assert that (True == value) with value=True ... passed
2022-05-04 09:17:13,374 INFO  Response status: 201
2022-05-04 09:17:13,375 INFO  Response to action: {
    "creationTime": "2022-05-04T09:17:13.329Z",
    "deviceName": "m32sd11f",
    "deviceId": "18336924",
    "self": "https://t493319102.eu-latest.cumulocity.com/devicecontrol/operations/18389441",
    "id": "18389441",
    "status": "PENDING",
    "description": "Apply software changes, triggered from PySys: [{'action': 'delete', 'id': '5475369', 'name': 'asciijump', 'url': ' ', 'version': '::apt'}, {'action': 'delete', 'id': '5474869', 'name': 'robotfindskitten', 'url': ' ', 'version': '::apt'}, {'action': 'delete', 'id': '5475279', 'name': 'squirrel3', 'url': ' ', 'version': '::apt'}]",
    "c8y_SoftwareUpdate": [
        {
            "name": "asciijump",
            "action": "delete",
            "id": "5475369",
            "version": "::apt",
            "url": " "
        },
        {
            "name": "robotfindskitten",
            "action": "delete",
            "id": "5474869",
            "version": "::apt",
            "url": " "
        },
        {
            "name": "squirrel3",
            "action": "delete",
            "id": "5475279",
            "version": "::apt",
            "url": " "
        }
    ]
}
2022-05-04 09:17:13,376 INFO  Started operation: {'creationTime': '2022-05-04T09:17:13.329Z', 'deviceName': 'm32sd11f', 'deviceId': '18336924', 'self': 'https://t493319102.eu-latest.cumulocity.com/devicecontrol/operations/18389441', 'id': '18389441', 'status': 'PENDING', 'description': "Apply software changes, triggered from PySys: [{'action': 'delete', 'id': '5475369', 'name': 'asciijump', 'url': ' ', 'version': '::apt'}, {'action': 'delete', 'id': '5474869', 'name': 'robotfindskitten', 'url': ' ', 'version': '::apt'}, {'action': 'delete', 'id': '5475279', 'name': 'squirrel3', 'url': ' ', 'version': '::apt'}]", 'c8y_SoftwareUpdate': [{'name': 'asciijump', 'action': 'delete', 'id': '5475369', 'version': '::apt', 'url': ' '}, {'name': 'robotfindskitten', 'action': 'delete', 'id': '5474869', 'version': '::apt', 'url': ' '}, {'name': 'squirrel3', 'action': 'delete', 'id': '5475279', 'version': '::apt', 'url': ' '}]}
2022-05-04 09:17:15,590 INFO  State of operation 18389441 : PENDING
2022-05-04 09:17:17,848 INFO  State of operation 18389441 : EXECUTING
2022-05-04 09:17:20,080 INFO  State of operation 18389441 : EXECUTING
2022-05-04 09:17:22,300 INFO  State of operation 18389441 : EXECUTING
2022-05-04 09:17:24,517 INFO  State of operation 18389441 : EXECUTING
2022-05-04 09:17:26,769 INFO  State of operation 18389441 : EXECUTING
2022-05-04 09:17:29,002 INFO  State of operation 18389441 : EXECUTING
2022-05-04 09:17:31,915 INFO  State of operation 18389441 : EXECUTING
2022-05-04 09:17:35,899 INFO  State of operation 18389441 : EXECUTING
2022-05-04 09:17:39,088 INFO  State of operation 18389441 : EXECUTING
2022-05-04 09:17:41,432 INFO  State of operation 18389441 : EXECUTING
2022-05-04 09:17:43,656 INFO  State of operation 18389441 : EXECUTING
2022-05-04 09:17:45,871 INFO  State of operation 18389441 : EXECUTING
2022-05-04 09:17:48,099 INFO  State of operation 18389441 : EXECUTING
2022-05-04 09:17:50,420 INFO  State of operation 18389441 : EXECUTING
2022-05-04 09:17:52,692 INFO  State of operation 18389441 : EXECUTING
2022-05-04 09:17:54,916 INFO  State of operation 18389441 : EXECUTING
2022-05-04 09:17:57,192 INFO  State of operation 18389441 : EXECUTING
2022-05-04 09:17:59,601 INFO  State of operation 18389441 : EXECUTING
2022-05-04 09:18:02,514 INFO  State of operation 18389441 : EXECUTING
2022-05-04 09:18:04,786 INFO  State of operation 18389441 : EXECUTING
2022-05-04 09:18:07,153 INFO  State of operation 18389441 : EXECUTING
2022-05-04 09:18:09,434 INFO  State of operation 18389441 : EXECUTING
2022-05-04 09:18:11,654 INFO  State of operation 18389441 : EXECUTING
2022-05-04 09:18:13,873 INFO  State of operation 18389441 : EXECUTING
2022-05-04 09:18:16,114 INFO  State of operation 18389441 : EXECUTING
2022-05-04 09:18:18,360 INFO  State of operation 18389441 : EXECUTING
2022-05-04 09:18:21,069 INFO  State of operation 18389441 : EXECUTING
2022-05-04 09:18:23,641 INFO  State of operation 18389441 : EXECUTING
2022-05-04 09:18:26,027 INFO  State of operation 18389441 : EXECUTING
2022-05-04 09:18:28,332 INFO  State of operation 18389441 : EXECUTING
2022-05-04 09:18:30,574 INFO  State of operation 18389441 : EXECUTING
2022-05-04 09:18:32,790 INFO  State of operation 18389441 : SUCCESSFUL
2022-05-04 09:18:33,014 INFO  Assert that (False == value) with value=False ... passed
2022-05-04 09:18:33,251 INFO  Assert that (False == value) with value=False ... passed
2022-05-04 09:18:33,476 INFO  Assert that (False == value) with value=False ... passed
2022-05-04 09:18:33,706 INFO  Assert that (False == value) with value=False ... passed
2022-05-04 09:18:33,718 INFO  
2022-05-04 09:18:33,719 INFO  cleanup:
2022-05-04 09:18:39,335 INFO  Executed sudo<tedge_disconnect_c8y>, exit status 0
2022-05-04 09:18:39,946 INFO  Executed systemctl<serv_mapper5>, exit status 3
2022-05-04 09:18:39,951 INFO  
2022-05-04 09:18:39,952 INFO  Test duration: 159.70 secs
2022-05-04 09:18:39,953 INFO  Test final outcome:  FAILED
2022-05-04 09:18:39,954 INFO  Test outcome reason: Assert that (False == value) with value=True (+2 other failures)
2022-05-04 09:18:39,955 INFO  
