2022-05-03 08:07:03,592 INFO  ==============================================================
2022-05-03 08:07:03,594 INFO  Id:    mapper_awaits_before_reconnect
2022-05-03 08:07:03,595 INFO  Dir:   tedge_mapper_c8y/
2022-05-03 08:07:03,596 INFO  Title: Validate mapper doesn't reconnect too often
2022-05-03 08:07:03,598 INFO  ==============================================================
2022-05-03 08:07:03,606 INFO  EnvironmentC8y Setup
2022-05-03 08:07:04,272 INFO  Executed systemctl<serv_mapper1>, exit status 3
2022-05-03 08:07:18,933 INFO  Executed sudo<tedge_connect_c8y>, exit status 0, duration 14 secs
2022-05-03 08:07:19,555 INFO  Executed sudo<tedge_connect_c8y_test>, exit status 0
2022-05-03 08:07:20,018 INFO  Executed systemctl<serv_mosq2>, exit status 0
2022-05-03 08:07:20,481 INFO  Executed systemctl<serv_mapper3>, exit status 0
2022-05-03 08:07:20,491 INFO  Started mosquitto_sub with process id 2963
2022-05-03 08:07:20,494 INFO  Waiting for 0.1 seconds
2022-05-03 08:07:21,158 INFO  Executed sudo<tedge_mapper>, exit status 0
2022-05-03 08:07:21,159 INFO  Waiting for 5.0 seconds
2022-05-03 08:07:26,726 INFO  Executed sudo<tedge_mapper>, exit status 0
2022-05-03 08:07:27,395 INFO  Executed sudo<tedge_mapper_journal>, exit status 0
2022-05-03 08:07:27,401 INFO  Grep on file tedge_mapper_journal.out ... passed
2022-05-03 08:07:27,407 INFO  Line count on file tedge_mapper_journal.out ... passed
2022-05-03 08:07:27,411 INFO  Line count on file tedge_mapper_journal.out ... passed
2022-05-03 08:07:27,418 INFO  
2022-05-03 08:07:27,419 INFO  cleanup:
2022-05-03 08:07:31,315 INFO  Executed sudo<tedge_disconnect_c8y>, exit status 0
2022-05-03 08:07:31,932 INFO  Executed systemctl<serv_mapper5>, exit status 3
2022-05-03 08:07:31,987 INFO  
2022-05-03 08:07:31,988 INFO  Test duration: 28.40 secs
2022-05-03 08:07:31,989 INFO  Test final outcome:  PASSED
2022-05-03 08:07:31,990 INFO  
