2022-04-15 09:11:17,582 INFO  ==============================================================
2022-04-15 09:11:17,583 INFO  Id:    tedge_mapper_c8y_alarms
2022-04-15 09:11:17,584 INFO  Dir:   tedge_mapper_c8y/
2022-04-15 09:11:17,585 INFO  Title: Validate that alarms sent to tedge/alarms topic \ gets mapped as alarms in Cumulocity
2022-04-15 09:11:17,593 INFO  ==============================================================
2022-04-15 09:11:17,602 INFO  EnvironmentC8y Setup
2022-04-15 09:11:18,164 INFO  Executed systemctl<serv_mapper1>, exit status 3
2022-04-15 09:11:32,524 INFO  Executed sudo<tedge_connect_c8y>, exit status 0, duration 14 secs
2022-04-15 09:11:33,197 INFO  Executed sudo<tedge_connect_c8y_test>, exit status 0
2022-04-15 09:11:33,762 INFO  Executed systemctl<serv_mosq2>, exit status 0
2022-04-15 09:11:34,277 INFO  Executed systemctl<serv_mapper3>, exit status 0
2022-04-15 09:11:39,695 INFO  Executed tedge, exit status 0
2022-04-15 09:11:40,106 INFO  Executed tedge, exit status 0
2022-04-15 09:11:40,518 INFO  Executed tedge, exit status 0
2022-04-15 09:11:40,938 INFO  Executed tedge, exit status 0
2022-04-15 09:11:41,349 INFO  Executed tedge, exit status 0
2022-04-15 09:11:42,604 INFO  {
    "severity": "CRITICAL",
    "creationTime": "2022-04-15T09:11:40.519Z",
    "count": 1,
    "history": {
        "auditRecords": [],
        "self": "https://t493319102.eu-latest.cumulocity.com/audit/auditRecords"
    },
    "source": {
        "name": "mythica",
        "self": "https://t493319102.eu-latest.cumulocity.com/inventory/managedObjects/17361611",
        "id": "17361611"
    },
    "type": "temperature_dangerous",
    "lastUpdated": "2022-04-15T09:11:40.519Z",
    "self": "https://t493319102.eu-latest.cumulocity.com/alarm/alarms/17370239",
    "time": "2022-04-15T09:11:40.505Z",
    "id": "17370239",
    "text": "temperature is dangerously high",
    "status": "ACTIVE"
}
2022-04-15 09:11:42,606 INFO  Assert that (actual == expected) with actual="temperature_dangerous", expected="temperature_dangerous" ... passed
2022-04-15 09:11:42,608 INFO  Assert that (actual == expected) with actual="CRITICAL", expected="CRITICAL" ... passed
2022-04-15 09:11:42,610 INFO  Assert that (actual == expected) with actual="temperature is dangerously high", expected="temperature is dangerously high" ... passed
2022-04-15 09:11:42,611 INFO  {
    "severity": "MAJOR",
    "creationTime": "2022-04-15T09:11:40.102Z",
    "count": 1,
    "history": {
        "auditRecords": [],
        "self": "https://t493319102.eu-latest.cumulocity.com/audit/auditRecords"
    },
    "source": {
        "name": "mythica",
        "self": "https://t493319102.eu-latest.cumulocity.com/inventory/managedObjects/17361611",
        "id": "17361611"
    },
    "type": "temperature_very_high",
    "lastUpdated": "2022-04-15T09:11:40.102Z",
    "self": "https://t493319102.eu-latest.cumulocity.com/alarm/alarms/17370237",
    "time": "2022-04-15T09:11:40.088Z",
    "id": "17370237",
    "text": "temperature is very high",
    "status": "ACTIVE"
}
2022-04-15 09:11:42,612 INFO  Assert that (actual == expected) with actual="temperature_very_high", expected="temperature_very_high" ... passed
2022-04-15 09:11:42,614 INFO  Assert that (actual == expected) with actual="MAJOR", expected="MAJOR" ... passed
2022-04-15 09:11:42,615 INFO  Assert that (actual == expected) with actual="temperature is very high", expected="temperature is very high" ... passed
2022-04-15 09:11:42,617 INFO  {
    "severity": "WARNING",
    "creationTime": "2022-04-15T09:11:39.698Z",
    "count": 1,
    "history": {
        "auditRecords": [],
        "self": "https://t493319102.eu-latest.cumulocity.com/audit/auditRecords"
    },
    "source": {
        "name": "mythica",
        "self": "https://t493319102.eu-latest.cumulocity.com/inventory/managedObjects/17361611",
        "id": "17361611"
    },
    "type": "temperature_high",
    "lastUpdated": "2022-04-15T09:11:39.698Z",
    "self": "https://t493319102.eu-latest.cumulocity.com/alarm/alarms/17370235",
    "time": "2021-12-15T15:22:06.464+05:30",
    "id": "17370235",
    "text": "temperature is high",
    "status": "ACTIVE"
}
2022-04-15 09:11:42,619 INFO  Assert that (actual == expected) with actual="temperature_high", expected="temperature_high" ... passed
2022-04-15 09:11:42,621 INFO  Assert that (actual == expected) with actual="WARNING", expected="WARNING" ... passed
2022-04-15 09:11:42,622 INFO  Assert that (actual == expected) with actual="temperature is high", expected="temperature is high" ... passed
2022-04-15 09:11:42,624 INFO  Assert that (actual == expected) with actual="temperature_high", expected="temperature_high" ... passed
2022-04-15 09:11:42,630 INFO  
2022-04-15 09:11:42,631 INFO  cleanup:
2022-04-15 09:11:43,144 INFO  Executed tedge, exit status 0
2022-04-15 09:11:43,811 INFO  Executed tedge, exit status 0
2022-04-15 09:11:44,331 INFO  Executed tedge, exit status 0
2022-04-15 09:11:48,621 INFO  Executed sudo<tedge_disconnect_c8y>, exit status 0
2022-04-15 09:11:49,187 INFO  Executed systemctl<serv_mapper5>, exit status 3
2022-04-15 09:11:49,191 INFO  
2022-04-15 09:11:49,192 INFO  Test duration: 31.61 secs
2022-04-15 09:11:49,193 INFO  Test final outcome:  PASSED
2022-04-15 09:11:49,194 INFO  
