2022-05-11 11:54:40,001 INFO  ==============================================================
2022-05-11 11:54:40,002 INFO  Id:    apt_install_local_file_with_version_fail
2022-05-11 11:54:40,004 INFO  Dir:   plugin_apt/
2022-05-11 11:54:40,005 INFO  Title: Validate apt plugin install from local file AND with a version - FAIL case
2022-05-11 11:54:40,005 INFO  ==============================================================
2022-05-11 11:54:42,015 INFO  URL of rolldice is b"'http://mirror.mythic-beasts.com/raspbian/pool/main/r/rolldice/rolldice_1.16-1+b1_armhf.deb'"
2022-05-11 11:54:44,234 INFO  Downloaded rolldcice in version 1.16-1+b1
2022-05-11 11:54:44,235 INFO  Filename is rolldice_1.16-1+b1_armhf.deb
2022-05-11 11:54:57,880 INFO  Executed sudo, exit status 0, duration 13 secs
2022-05-11 11:55:03,172 INFO  Executed sudo<outp_check_0>, exit status 0
2022-05-11 11:55:03,175 INFO  Assert that (value==0) with value=0 ... passed
2022-05-11 11:55:03,180 INFO  Grep on file outp_check_0.out ... passed
2022-05-11 11:55:03,822 INFO  Executed sudo<outp_install>, exit status 5
2022-05-11 11:55:03,825 INFO  Assert that (value==5) with value=5 ... passed
2022-05-11 11:55:06,652 INFO  Executed sudo<outp_check_1>, exit status 0
2022-05-11 11:55:06,654 INFO  Assert that (value==0) with value=0 ... passed
2022-05-11 11:55:06,660 INFO  Grep on file outp_check_1.out ... passed
2022-05-11 11:55:06,666 INFO  
2022-05-11 11:55:06,667 INFO  cleanup:
2022-05-11 11:55:06,670 INFO  
2022-05-11 11:55:06,670 INFO  Test duration: 26.68 secs
2022-05-11 11:55:06,671 INFO  Test final outcome:  PASSED
2022-05-11 11:55:06,673 INFO  
