2022-04-11 10:16:10,088 INFO  ==============================================================
2022-04-11 10:16:10,089 INFO  Id:    apt_update_list
2022-04-11 10:16:10,090 INFO  Dir:   plugin_apt/
2022-04-11 10:16:10,091 INFO  Title: Validate apt plugin update-list command use case
2022-04-11 10:16:10,092 DEBUG Execution order hint: 0.0
2022-04-11 10:16:10,092 INFO  ==============================================================
2022-04-11 10:16:10,101 DEBUG Process parameters for sudo
  command line : /usr/bin/sudo /usr/bin/apt-get remove -y rolldice
    arg #1     : /usr/bin/apt-get
    arg #2     : remove
    arg #3     : -y
    arg #4     : rolldice
  working dir  : /home/pi/actions-runner/_work/thin-edge.io/thin-edge.io/tests/PySys/plugin_apt/apt_update_list/Output/linux
  stdout       : None
  stderr       : None
  environment  : LD_LIBRARY_PATH=/usr/lib
  environment  : PATH=/bin:/usr/bin:/usr/sbin:/usr/local/bin
                   #1  /bin
                   #2  /usr/bin
                   #3  /usr/sbin
                   #4  /usr/local/bin
2022-04-11 10:16:10,108 DEBUG Waiting up to 600 secs for process sudo (pid 19738)
2022-04-11 10:16:17,390 INFO  Executed sudo, exit status 0
2022-04-11 10:16:17,393 DEBUG Process parameters for sudo
  command line : /usr/bin/sudo /usr/bin/apt-get install -y asciijump
    arg #1     : /usr/bin/apt-get
    arg #2     : install
    arg #3     : -y
    arg #4     : asciijump
  working dir  : /home/pi/actions-runner/_work/thin-edge.io/thin-edge.io/tests/PySys/plugin_apt/apt_update_list/Output/linux
  stdout       : None
  stderr       : None
  environment  : LD_LIBRARY_PATH=/usr/lib
  environment  : PATH=/bin:/usr/bin:/usr/sbin:/usr/local/bin
                   #1  /bin
                   #2  /usr/bin
                   #3  /usr/sbin
                   #4  /usr/local/bin
2022-04-11 10:16:17,401 DEBUG Waiting up to 600 secs for process sudo (pid 19743)
2022-04-11 10:16:22,030 INFO  Executed sudo, exit status 0
2022-04-11 10:16:22,032 DEBUG Process parameters for sudo
  command line : /usr/bin/sudo /usr/bin/apt-get remove -y moon-buggy
    arg #1     : /usr/bin/apt-get
    arg #2     : remove
    arg #3     : -y
    arg #4     : moon-buggy
  working dir  : /home/pi/actions-runner/_work/thin-edge.io/thin-edge.io/tests/PySys/plugin_apt/apt_update_list/Output/linux
  stdout       : None
  stderr       : None
  environment  : LD_LIBRARY_PATH=/usr/lib
  environment  : PATH=/bin:/usr/bin:/usr/sbin:/usr/local/bin
                   #1  /bin
                   #2  /usr/bin
                   #3  /usr/sbin
                   #4  /usr/local/bin
2022-04-11 10:16:22,039 DEBUG Waiting up to 600 secs for process sudo (pid 19747)
2022-04-11 10:16:36,113 INFO  Executed sudo, exit status 0, duration 14 secs
2022-04-11 10:16:36,116 DEBUG Process parameters for sudo<outp_check_0>
  command line : /usr/bin/sudo /etc/tedge/sm-plugins/apt list
    arg #1     : /etc/tedge/sm-plugins/apt
    arg #2     : list
  working dir  : /home/pi/actions-runner/_work/thin-edge.io/thin-edge.io/tests/PySys/plugin_apt/apt_update_list/Output/linux
  stdout       : /home/pi/actions-runner/_work/thin-edge.io/thin-edge.io/tests/PySys/plugin_apt/apt_update_list/Output/linux/outp_check_0.out
  stderr       : /home/pi/actions-runner/_work/thin-edge.io/thin-edge.io/tests/PySys/plugin_apt/apt_update_list/Output/linux/outp_check_0.err
  environment  : LD_LIBRARY_PATH=/usr/lib
  environment  : PATH=/bin:/usr/bin:/usr/sbin:/usr/local/bin
                   #1  /bin
                   #2  /usr/bin
                   #3  /usr/sbin
                   #4  /usr/local/bin
2022-04-11 10:16:36,123 DEBUG Waiting up to 600 secs for process sudo<outp_check_0> (pid 19817)
2022-04-11 10:16:41,403 INFO  Executed sudo<outp_check_0>, exit status 0
2022-04-11 10:16:41,405 INFO  Assert that (value==0) with value=0 ... passed
2022-04-11 10:16:41,406 DEBUG Performing regex contains=False grep on file: /home/pi/actions-runner/_work/thin-edge.io/thin-edge.io/tests/PySys/plugin_apt/apt_update_list/Output/linux/outp_check_0.out
2022-04-11 10:16:41,412 INFO  Grep on file outp_check_0.out ... passed
2022-04-11 10:16:41,415 DEBUG Process parameters for sudo<outp_check_1>
  command line : /usr/bin/sudo /etc/tedge/sm-plugins/apt list
    arg #1     : /etc/tedge/sm-plugins/apt
    arg #2     : list
  working dir  : /home/pi/actions-runner/_work/thin-edge.io/thin-edge.io/tests/PySys/plugin_apt/apt_update_list/Output/linux
  stdout       : /home/pi/actions-runner/_work/thin-edge.io/thin-edge.io/tests/PySys/plugin_apt/apt_update_list/Output/linux/outp_check_1.out
  stderr       : /home/pi/actions-runner/_work/thin-edge.io/thin-edge.io/tests/PySys/plugin_apt/apt_update_list/Output/linux/outp_check_1.err
  environment  : LD_LIBRARY_PATH=/usr/lib
  environment  : PATH=/bin:/usr/bin:/usr/sbin:/usr/local/bin
                   #1  /bin
                   #2  /usr/bin
                   #3  /usr/sbin
                   #4  /usr/local/bin
2022-04-11 10:16:41,422 DEBUG Waiting up to 600 secs for process sudo<outp_check_1> (pid 19823)
2022-04-11 10:16:43,989 INFO  Executed sudo<outp_check_1>, exit status 0
2022-04-11 10:16:43,991 INFO  Assert that (value==0) with value=0 ... passed
2022-04-11 10:16:43,992 DEBUG Performing regex contains=True grep on file: /home/pi/actions-runner/_work/thin-edge.io/thin-edge.io/tests/PySys/plugin_apt/apt_update_list/Output/linux/outp_check_1.out
2022-04-11 10:16:43,997 DEBUG Grep on file outp_check_1.out successfully matched expression "asciijump" with line: 'asciijump\t1.0.2~beta-10\n'
2022-04-11 10:16:43,999 INFO  Grep on file outp_check_1.out ... passed
2022-04-11 10:16:44,001 DEBUG Process parameters for sudo<outp_check_2>
  command line : /usr/bin/sudo /etc/tedge/sm-plugins/apt list
    arg #1     : /etc/tedge/sm-plugins/apt
    arg #2     : list
  working dir  : /home/pi/actions-runner/_work/thin-edge.io/thin-edge.io/tests/PySys/plugin_apt/apt_update_list/Output/linux
  stdout       : /home/pi/actions-runner/_work/thin-edge.io/thin-edge.io/tests/PySys/plugin_apt/apt_update_list/Output/linux/outp_check_2.out
  stderr       : /home/pi/actions-runner/_work/thin-edge.io/thin-edge.io/tests/PySys/plugin_apt/apt_update_list/Output/linux/outp_check_2.err
  environment  : LD_LIBRARY_PATH=/usr/lib
  environment  : PATH=/bin:/usr/bin:/usr/sbin:/usr/local/bin
                   #1  /bin
                   #2  /usr/bin
                   #3  /usr/sbin
                   #4  /usr/local/bin
2022-04-11 10:16:44,008 DEBUG Waiting up to 600 secs for process sudo<outp_check_2> (pid 19829)
2022-04-11 10:16:46,576 INFO  Executed sudo<outp_check_2>, exit status 0
2022-04-11 10:16:46,578 INFO  Assert that (value==0) with value=0 ... passed
2022-04-11 10:16:46,579 DEBUG Performing regex contains=False grep on file: /home/pi/actions-runner/_work/thin-edge.io/thin-edge.io/tests/PySys/plugin_apt/apt_update_list/Output/linux/outp_check_2.out
2022-04-11 10:16:46,585 INFO  Grep on file outp_check_2.out ... passed
2022-04-11 10:16:46,586 DEBUG --- test execute
2022-04-11 10:17:30,063 DEBUG --- test validate
2022-04-11 10:17:30,069 DEBUG Process parameters for sudo<outp_check_3>
  command line : /usr/bin/sudo /etc/tedge/sm-plugins/apt list
    arg #1     : /etc/tedge/sm-plugins/apt
    arg #2     : list
  working dir  : /home/pi/actions-runner/_work/thin-edge.io/thin-edge.io/tests/PySys/plugin_apt/apt_update_list/Output/linux
  stdout       : /home/pi/actions-runner/_work/thin-edge.io/thin-edge.io/tests/PySys/plugin_apt/apt_update_list/Output/linux/outp_check_3.out
  stderr       : /home/pi/actions-runner/_work/thin-edge.io/thin-edge.io/tests/PySys/plugin_apt/apt_update_list/Output/linux/outp_check_3.err
  environment  : LD_LIBRARY_PATH=/usr/lib
  environment  : PATH=/bin:/usr/bin:/usr/sbin:/usr/local/bin
                   #1  /bin
                   #2  /usr/bin
                   #3  /usr/sbin
                   #4  /usr/local/bin
2022-04-11 10:17:30,076 DEBUG Waiting up to 600 secs for process sudo<outp_check_3> (pid 20053)
2022-04-11 10:17:35,366 INFO  Executed sudo<outp_check_3>, exit status 0
2022-04-11 10:17:35,367 INFO  Assert that (value==0) with value=0 ... passed
2022-04-11 10:17:35,368 DEBUG Performing regex contains=True grep on file: /home/pi/actions-runner/_work/thin-edge.io/thin-edge.io/tests/PySys/plugin_apt/apt_update_list/Output/linux/outp_check_3.out
2022-04-11 10:17:35,373 DEBUG Grep on file outp_check_3.out successfully matched expression "rolldice" with line: 'rolldice\t1.16-1+b1\n'
2022-04-11 10:17:35,375 INFO  Grep on file outp_check_3.out ... passed
2022-04-11 10:17:35,377 DEBUG Process parameters for sudo<outp_check_4>
  command line : /usr/bin/sudo /etc/tedge/sm-plugins/apt list
    arg #1     : /etc/tedge/sm-plugins/apt
    arg #2     : list
  working dir  : /home/pi/actions-runner/_work/thin-edge.io/thin-edge.io/tests/PySys/plugin_apt/apt_update_list/Output/linux
  stdout       : /home/pi/actions-runner/_work/thin-edge.io/thin-edge.io/tests/PySys/plugin_apt/apt_update_list/Output/linux/outp_check_4.out
  stderr       : /home/pi/actions-runner/_work/thin-edge.io/thin-edge.io/tests/PySys/plugin_apt/apt_update_list/Output/linux/outp_check_4.err
  environment  : LD_LIBRARY_PATH=/usr/lib
  environment  : PATH=/bin:/usr/bin:/usr/sbin:/usr/local/bin
                   #1  /bin
                   #2  /usr/bin
                   #3  /usr/sbin
                   #4  /usr/local/bin
2022-04-11 10:17:35,384 DEBUG Waiting up to 600 secs for process sudo<outp_check_4> (pid 20059)
2022-04-11 10:17:37,934 INFO  Executed sudo<outp_check_4>, exit status 0
2022-04-11 10:17:37,936 INFO  Assert that (value==0) with value=0 ... passed
2022-04-11 10:17:37,937 DEBUG Performing regex contains=False grep on file: /home/pi/actions-runner/_work/thin-edge.io/thin-edge.io/tests/PySys/plugin_apt/apt_update_list/Output/linux/outp_check_4.out
2022-04-11 10:17:37,942 INFO  Grep on file outp_check_4.out ... passed
2022-04-11 10:17:37,944 DEBUG Process parameters for sudo<outp_check_5>
  command line : /usr/bin/sudo /etc/tedge/sm-plugins/apt list
    arg #1     : /etc/tedge/sm-plugins/apt
    arg #2     : list
  working dir  : /home/pi/actions-runner/_work/thin-edge.io/thin-edge.io/tests/PySys/plugin_apt/apt_update_list/Output/linux
  stdout       : /home/pi/actions-runner/_work/thin-edge.io/thin-edge.io/tests/PySys/plugin_apt/apt_update_list/Output/linux/outp_check_5.out
  stderr       : /home/pi/actions-runner/_work/thin-edge.io/thin-edge.io/tests/PySys/plugin_apt/apt_update_list/Output/linux/outp_check_5.err
  environment  : LD_LIBRARY_PATH=/usr/lib
  environment  : PATH=/bin:/usr/bin:/usr/sbin:/usr/local/bin
                   #1  /bin
                   #2  /usr/bin
                   #3  /usr/sbin
                   #4  /usr/local/bin
2022-04-11 10:17:37,952 DEBUG Waiting up to 600 secs for process sudo<outp_check_5> (pid 20065)
2022-04-11 10:17:40,504 INFO  Executed sudo<outp_check_5>, exit status 0
2022-04-11 10:17:40,506 INFO  Assert that (value==0) with value=0 ... passed
2022-04-11 10:17:40,507 DEBUG Performing regex contains=True grep on file: /home/pi/actions-runner/_work/thin-edge.io/thin-edge.io/tests/PySys/plugin_apt/apt_update_list/Output/linux/outp_check_5.out
2022-04-11 10:17:40,512 DEBUG Grep on file outp_check_5.out successfully matched expression "moon-buggy" with line: 'moon-buggy\t1:1.0.51-12\n'
2022-04-11 10:17:40,514 INFO  Grep on file outp_check_5.out ... passed
2022-04-11 10:17:40,520 DEBUG --- test cleanup
2022-04-11 10:17:40,521 INFO  
2022-04-11 10:17:40,522 INFO  cleanup:
2022-04-11 10:17:40,522 DEBUG Running registered cleanup function: <bound method AptPluginUpdateList.cleanup_prepare of <AptPluginUpdateList object at 0x75da9dd0>>
2022-04-11 10:17:40,524 DEBUG Process parameters for sudo
  command line : /usr/bin/sudo /usr/bin/apt-get remove -y rolldice
    arg #1     : /usr/bin/apt-get
    arg #2     : remove
    arg #3     : -y
    arg #4     : rolldice
  working dir  : /home/pi/actions-runner/_work/thin-edge.io/thin-edge.io/tests/PySys/plugin_apt/apt_update_list/Output/linux
  stdout       : None
  stderr       : None
  environment  : LD_LIBRARY_PATH=/usr/lib
  environment  : PATH=/bin:/usr/bin:/usr/sbin:/usr/local/bin
                   #1  /bin
                   #2  /usr/bin
                   #3  /usr/sbin
                   #4  /usr/local/bin
2022-04-11 10:17:40,532 DEBUG Waiting up to 600 secs for process sudo (pid 20071)
2022-04-11 10:17:54,129 INFO  Executed sudo, exit status 0, duration 13 secs
2022-04-11 10:17:54,137 DEBUG Process parameters for sudo
  command line : /usr/bin/sudo /usr/bin/apt-get remove -y asciijump
    arg #1     : /usr/bin/apt-get
    arg #2     : remove
    arg #3     : -y
    arg #4     : asciijump
  working dir  : /home/pi/actions-runner/_work/thin-edge.io/thin-edge.io/tests/PySys/plugin_apt/apt_update_list/Output/linux
  stdout       : None
  stderr       : None
  environment  : LD_LIBRARY_PATH=/usr/lib
  environment  : PATH=/bin:/usr/bin:/usr/sbin:/usr/local/bin
                   #1  /bin
                   #2  /usr/bin
                   #3  /usr/sbin
                   #4  /usr/local/bin
2022-04-11 10:17:54,145 DEBUG Waiting up to 600 secs for process sudo (pid 20099)
2022-04-11 10:18:01,445 INFO  Executed sudo, exit status 0
2022-04-11 10:18:01,447 DEBUG Process parameters for sudo
  command line : /usr/bin/sudo /usr/bin/apt-get remove -y moon-buggy
    arg #1     : /usr/bin/apt-get
    arg #2     : remove
    arg #3     : -y
    arg #4     : moon-buggy
  working dir  : /home/pi/actions-runner/_work/thin-edge.io/thin-edge.io/tests/PySys/plugin_apt/apt_update_list/Output/linux
  stdout       : None
  stderr       : None
  environment  : LD_LIBRARY_PATH=/usr/lib
  environment  : PATH=/bin:/usr/bin:/usr/sbin:/usr/local/bin
                   #1  /bin
                   #2  /usr/bin
                   #3  /usr/sbin
                   #4  /usr/local/bin
2022-04-11 10:18:01,454 DEBUG Waiting up to 600 secs for process sudo (pid 20103)
2022-04-11 10:18:15,461 INFO  Executed sudo, exit status 0, duration 14 secs
2022-04-11 10:18:15,462 DEBUG ProcessUser cleanup function done.
2022-04-11 10:18:15,466 INFO  
2022-04-11 10:18:15,466 INFO  Test duration: 125.38 secs
2022-04-11 10:18:15,468 INFO  Test final outcome:  PASSED
2022-04-11 10:18:15,469 INFO  
