2022-04-07 17:39:35,976 INFO  ==============================================================
2022-04-07 17:39:35,977 INFO  Id:    SoftwareManagement.sm_mixed_install_remove_multiple
2022-04-07 17:39:35,978 INFO  Dir:   software_management_end_to_end/
2022-04-07 17:39:35,979 INFO  Title: Validate end to end behaviour for the dummy-plugin for multiple packages with mixed versions
2022-04-07 17:39:35,979 DEBUG Execution order hint: 0.0
2022-04-07 17:39:35,980 INFO  ==============================================================
2022-04-07 17:39:35,989 INFO  Using sw id database: {'asciijump': '5475369', 'robotfindskitten': '5474869', 'squirrel3': '5475279', 'rolldice': '5152439', 'moon-buggy': '5439204', 'apple': '5495053', 'banana': '5494888', 'cherry': '5495382', 'watermelon': '5494510', 'registry': '8018911', 'hello-world': '8021526', 'docker/getting-started': '8021973', 'alpine': '7991792'}
2022-04-07 17:39:35,990 DEBUG EnvironmentC8y Setup
2022-04-07 17:39:35,991 INFO  EnvironmentC8y Setup
2022-04-07 17:39:35,993 DEBUG Process parameters for systemctl<serv_mapper1>
  command line : /usr/bin/systemctl status tedge-mapper-c8y
    arg #1     : status
    arg #2     : tedge-mapper-c8y
  working dir  : /home/pi/actions-runner/_work/thin-edge.io/thin-edge.io/tests/PySys/software_management_end_to_end/sm_mixed_install_remove_multiple/Output/linux
  stdout       : /home/pi/actions-runner/_work/thin-edge.io/thin-edge.io/tests/PySys/software_management_end_to_end/sm_mixed_install_remove_multiple/Output/linux/serv_mapper1.out
  stderr       : /home/pi/actions-runner/_work/thin-edge.io/thin-edge.io/tests/PySys/software_management_end_to_end/sm_mixed_install_remove_multiple/Output/linux/serv_mapper1.err
  environment  : LD_LIBRARY_PATH=/usr/lib
  environment  : PATH=/bin:/usr/bin:/usr/sbin:/usr/local/bin
                   #1  /bin
                   #2  /usr/bin
                   #3  /usr/sbin
                   #4  /usr/local/bin
2022-04-07 17:39:36,001 DEBUG Waiting up to 600 secs for process systemctl<serv_mapper1> (pid 19811)
2022-04-07 17:39:36,558 INFO  Executed systemctl<serv_mapper1>, exit status 3
2022-04-07 17:39:36,668 INFO  Restarting mosquitto too frequently in the last 10 seconds. It was only up for 4 seconds
2022-04-07 17:39:36,669 INFO  Delaying execution by 7 seconds
2022-04-07 17:39:43,672 DEBUG Process parameters for sudo<tedge_connect_c8y>
  command line : /usr/bin/sudo /usr/bin/tedge connect c8y
    arg #1     : /usr/bin/tedge
    arg #2     : connect
    arg #3     : c8y
  working dir  : /home/pi/actions-runner/_work/thin-edge.io/thin-edge.io/tests/PySys/software_management_end_to_end/sm_mixed_install_remove_multiple/Output/linux
  stdout       : /home/pi/actions-runner/_work/thin-edge.io/thin-edge.io/tests/PySys/software_management_end_to_end/sm_mixed_install_remove_multiple/Output/linux/tedge_connect_c8y.out
  stderr       : /home/pi/actions-runner/_work/thin-edge.io/thin-edge.io/tests/PySys/software_management_end_to_end/sm_mixed_install_remove_multiple/Output/linux/tedge_connect_c8y.err
  environment  : LD_LIBRARY_PATH=/usr/lib
  environment  : PATH=/bin:/usr/bin:/usr/sbin:/usr/local/bin
                   #1  /bin
                   #2  /usr/bin
                   #3  /usr/sbin
                   #4  /usr/local/bin
2022-04-07 17:39:43,681 DEBUG Waiting up to 600 secs for process sudo<tedge_connect_c8y> (pid 19815)
2022-04-07 17:39:57,540 INFO  Executed sudo<tedge_connect_c8y>, exit status 0, duration 13 secs
2022-04-07 17:39:57,544 DEBUG Process parameters for sudo<tedge_connect_c8y_test>
  command line : /usr/bin/sudo /usr/bin/tedge connect c8y --test
    arg #1     : /usr/bin/tedge
    arg #2     : connect
    arg #3     : c8y
    arg #4     : --test
  working dir  : /home/pi/actions-runner/_work/thin-edge.io/thin-edge.io/tests/PySys/software_management_end_to_end/sm_mixed_install_remove_multiple/Output/linux
  stdout       : /home/pi/actions-runner/_work/thin-edge.io/thin-edge.io/tests/PySys/software_management_end_to_end/sm_mixed_install_remove_multiple/Output/linux/tedge_connect_c8y_test.out
  stderr       : /home/pi/actions-runner/_work/thin-edge.io/thin-edge.io/tests/PySys/software_management_end_to_end/sm_mixed_install_remove_multiple/Output/linux/tedge_connect_c8y_test.err
  environment  : LD_LIBRARY_PATH=/usr/lib
  environment  : PATH=/bin:/usr/bin:/usr/sbin:/usr/local/bin
                   #1  /bin
                   #2  /usr/bin
                   #3  /usr/sbin
                   #4  /usr/local/bin
2022-04-07 17:39:57,553 DEBUG Waiting up to 600 secs for process sudo<tedge_connect_c8y_test> (pid 19923)
2022-04-07 17:39:58,162 INFO  Executed sudo<tedge_connect_c8y_test>, exit status 0
2022-04-07 17:39:58,164 DEBUG Process parameters for systemctl<serv_mosq2>
  command line : /usr/bin/systemctl status mosquitto
    arg #1     : status
    arg #2     : mosquitto
  working dir  : /home/pi/actions-runner/_work/thin-edge.io/thin-edge.io/tests/PySys/software_management_end_to_end/sm_mixed_install_remove_multiple/Output/linux
  stdout       : /home/pi/actions-runner/_work/thin-edge.io/thin-edge.io/tests/PySys/software_management_end_to_end/sm_mixed_install_remove_multiple/Output/linux/serv_mosq2.out
  stderr       : /home/pi/actions-runner/_work/thin-edge.io/thin-edge.io/tests/PySys/software_management_end_to_end/sm_mixed_install_remove_multiple/Output/linux/serv_mosq2.err
  environment  : LD_LIBRARY_PATH=/usr/lib
  environment  : PATH=/bin:/usr/bin:/usr/sbin:/usr/local/bin
                   #1  /bin
                   #2  /usr/bin
                   #3  /usr/sbin
                   #4  /usr/local/bin
2022-04-07 17:39:58,172 DEBUG Waiting up to 600 secs for process systemctl<serv_mosq2> (pid 19929)
2022-04-07 17:39:58,630 INFO  Executed systemctl<serv_mosq2>, exit status 0
2022-04-07 17:39:58,632 DEBUG Process parameters for systemctl<serv_mapper3>
  command line : /usr/bin/systemctl status tedge-mapper-c8y
    arg #1     : status
    arg #2     : tedge-mapper-c8y
  working dir  : /home/pi/actions-runner/_work/thin-edge.io/thin-edge.io/tests/PySys/software_management_end_to_end/sm_mixed_install_remove_multiple/Output/linux
  stdout       : /home/pi/actions-runner/_work/thin-edge.io/thin-edge.io/tests/PySys/software_management_end_to_end/sm_mixed_install_remove_multiple/Output/linux/serv_mapper3.out
  stderr       : /home/pi/actions-runner/_work/thin-edge.io/thin-edge.io/tests/PySys/software_management_end_to_end/sm_mixed_install_remove_multiple/Output/linux/serv_mapper3.err
  environment  : LD_LIBRARY_PATH=/usr/lib
  environment  : PATH=/bin:/usr/bin:/usr/sbin:/usr/local/bin
                   #1  /bin
                   #2  /usr/bin
                   #3  /usr/sbin
                   #4  /usr/local/bin
2022-04-07 17:39:58,641 DEBUG Waiting up to 600 secs for process systemctl<serv_mapper3> (pid 19930)
2022-04-07 17:39:59,098 INFO  Executed systemctl<serv_mapper3>, exit status 0
2022-04-07 17:40:01,124 DEBUG Starting new HTTPS connection (1): thin-edge-io.eu-latest.cumulocity.com:443
2022-04-07 17:40:01,326 DEBUG https://thin-edge-io.eu-latest.cumulocity.com:443 "GET /devicecontrol/operations?deviceId=16979395&pageSize=1&revert=true&dateFrom=1970-01-01T00%3A00%3A00.000Z HTTP/1.1" 200 1411
2022-04-07 17:40:01,339 DEBUG Final URL of the request: https://thin-edge-io.eu-latest.cumulocity.com/devicecontrol/operations?deviceId=16979395&pageSize=1&revert=true&dateFrom=1970-01-01T00%3A00%3A00.000Z
2022-04-07 17:40:01,343 INFO  State of current operation: SUCCESSFUL
2022-04-07 17:40:01,359 DEBUG Starting new HTTPS connection (1): thin-edge-io.eu-latest.cumulocity.com:443
2022-04-07 17:40:01,558 DEBUG https://thin-edge-io.eu-latest.cumulocity.com:443 "GET /inventory/managedObjects/16979395 HTTP/1.1" 200 None
2022-04-07 17:40:01,576 INFO  Package apple is installed
2022-04-07 17:40:01,579 INFO  Assert that (True == value) with value=True ... passed
2022-04-07 17:40:01,594 DEBUG Starting new HTTPS connection (1): thin-edge-io.eu-latest.cumulocity.com:443
2022-04-07 17:40:01,999 DEBUG https://thin-edge-io.eu-latest.cumulocity.com:443 "GET /inventory/managedObjects/16979395 HTTP/1.1" 200 None
2022-04-07 17:40:02,018 INFO  Package banana is installed
2022-04-07 17:40:02,020 INFO  Assert that (True == value) with value=True ... passed
2022-04-07 17:40:02,037 DEBUG Starting new HTTPS connection (1): thin-edge-io.eu-latest.cumulocity.com:443
2022-04-07 17:40:02,315 DEBUG https://thin-edge-io.eu-latest.cumulocity.com:443 "GET /inventory/managedObjects/16979395 HTTP/1.1" 200 None
2022-04-07 17:40:02,334 INFO  Package cherry is installed
2022-04-07 17:40:02,336 INFO  Assert that (True == value) with value=True ... passed
2022-04-07 17:40:02,353 DEBUG Starting new HTTPS connection (1): thin-edge-io.eu-latest.cumulocity.com:443
2022-04-07 17:40:02,566 DEBUG https://thin-edge-io.eu-latest.cumulocity.com:443 "GET /inventory/managedObjects/16979395 HTTP/1.1" 200 None
2022-04-07 17:40:02,584 INFO  Package asciijump is installed
2022-04-07 17:40:02,620 WARN  Assert that (False == value) with value=True ... failed 
2022-04-07 17:40:02,636 DEBUG Starting new HTTPS connection (1): thin-edge-io.eu-latest.cumulocity.com:443
2022-04-07 17:40:02,832 DEBUG https://thin-edge-io.eu-latest.cumulocity.com:443 "GET /inventory/managedObjects/16979395 HTTP/1.1" 200 None
2022-04-07 17:40:02,856 INFO  Assert that (False == value) with value=False ... passed
2022-04-07 17:40:02,857 DEBUG --- test execute
2022-04-07 17:40:02,873 DEBUG Starting new HTTPS connection (1): thin-edge-io.eu-latest.cumulocity.com:443
2022-04-07 17:40:03,075 DEBUG https://thin-edge-io.eu-latest.cumulocity.com:443 "POST /devicecontrol/operations HTTP/1.1" 201 1186
2022-04-07 17:40:03,091 INFO  Response status: 201
2022-04-07 17:40:03,093 INFO  Response to action: {
    "creationTime": "2022-04-07T17:40:03.041Z",
    "deviceId": "16979395",
    "deviceName": "offsite_mythica",
    "self": "https://t493319102.eu-latest.cumulocity.com/devicecontrol/operations/17009407",
    "id": "17009407",
    "status": "PENDING",
    "description": "Apply software changes, triggered from PySys: [{'action': 'install', 'id': '5495053', 'name': 'apple', 'url': ' ', 'version': '::fruits'}, {'action': 'install', 'id': '5494888', 'name': 'banana', 'url': ' ', 'version': '::fruits'}, {'action': 'install', 'id': '5475369', 'name': 'asciijump', 'url': ' ', 'version': '::apt'}, {'action': 'install', 'id': '5495382', 'name': 'cherry', 'url': ' ', 'version': '::fruits'}, {'action': 'install', 'id': '8018911', 'name': 'registry', 'url': ' ', 'version': '::docker'}]",
    "c8y_SoftwareUpdate": [
        {
            "name": "apple",
            "action": "install",
            "id": "5495053",
            "version": "::fruits",
            "url": " "
        },
        {
            "name": "banana",
            "action": "install",
            "id": "5494888",
            "version": "::fruits",
            "url": " "
        },
        {
            "name": "asciijump",
            "action": "install",
            "id": "5475369",
            "version": "::apt",
            "url": " "
        },
        {
            "name": "cherry",
            "action": "install",
            "id": "5495382",
            "version": "::fruits",
            "url": " "
        },
        {
            "name": "registry",
            "action": "install",
            "id": "8018911",
            "version": "::docker",
            "url": " "
        }
    ]
}
2022-04-07 17:40:03,093 INFO  Started operation: {'creationTime': '2022-04-07T17:40:03.041Z', 'deviceId': '16979395', 'deviceName': 'offsite_mythica', 'self': 'https://t493319102.eu-latest.cumulocity.com/devicecontrol/operations/17009407', 'id': '17009407', 'status': 'PENDING', 'description': "Apply software changes, triggered from PySys: [{'action': 'install', 'id': '5495053', 'name': 'apple', 'url': ' ', 'version': '::fruits'}, {'action': 'install', 'id': '5494888', 'name': 'banana', 'url': ' ', 'version': '::fruits'}, {'action': 'install', 'id': '5475369', 'name': 'asciijump', 'url': ' ', 'version': '::apt'}, {'action': 'install', 'id': '5495382', 'name': 'cherry', 'url': ' ', 'version': '::fruits'}, {'action': 'install', 'id': '8018911', 'name': 'registry', 'url': ' ', 'version': '::docker'}]", 'c8y_SoftwareUpdate': [{'name': 'apple', 'action': 'install', 'id': '5495053', 'version': '::fruits', 'url': ' '}, {'name': 'banana', 'action': 'install', 'id': '5494888', 'version': '::fruits', 'url': ' '}, {'name': 'asciijump', 'action': 'install', 'id': '5475369', 'version': '::apt', 'url': ' '}, {'name': 'cherry', 'action': 'install', 'id': '5495382', 'version': '::fruits', 'url': ' '}, {'name': 'registry', 'action': 'install', 'id': '8018911', 'version': '::docker', 'url': ' '}]}
2022-04-07 17:40:05,116 DEBUG Starting new HTTPS connection (1): thin-edge-io.eu-latest.cumulocity.com:443
2022-04-07 17:40:05,301 DEBUG https://thin-edge-io.eu-latest.cumulocity.com:443 "GET /devicecontrol/operations/17009407 HTTP/1.1" 200 1338
2022-04-07 17:40:05,317 INFO  State of operation 17009407 : PENDING
2022-04-07 17:40:07,337 DEBUG Starting new HTTPS connection (1): thin-edge-io.eu-latest.cumulocity.com:443
2022-04-07 17:40:07,737 DEBUG https://thin-edge-io.eu-latest.cumulocity.com:443 "GET /devicecontrol/operations/17009407 HTTP/1.1" 200 1340
2022-04-07 17:40:07,756 INFO  State of operation 17009407 : EXECUTING
2022-04-07 17:40:09,777 DEBUG Starting new HTTPS connection (1): thin-edge-io.eu-latest.cumulocity.com:443
2022-04-07 17:40:09,960 DEBUG https://thin-edge-io.eu-latest.cumulocity.com:443 "GET /devicecontrol/operations/17009407 HTTP/1.1" 200 1340
2022-04-07 17:40:09,976 INFO  State of operation 17009407 : EXECUTING
2022-04-07 17:40:11,995 DEBUG Starting new HTTPS connection (1): thin-edge-io.eu-latest.cumulocity.com:443
2022-04-07 17:40:12,193 DEBUG https://thin-edge-io.eu-latest.cumulocity.com:443 "GET /devicecontrol/operations/17009407 HTTP/1.1" 200 1340
2022-04-07 17:40:12,210 INFO  State of operation 17009407 : EXECUTING
2022-04-07 17:40:14,229 DEBUG Starting new HTTPS connection (1): thin-edge-io.eu-latest.cumulocity.com:443
2022-04-07 17:40:14,414 DEBUG https://thin-edge-io.eu-latest.cumulocity.com:443 "GET /devicecontrol/operations/17009407 HTTP/1.1" 200 1340
2022-04-07 17:40:14,430 INFO  State of operation 17009407 : EXECUTING
2022-04-07 17:40:16,449 DEBUG Starting new HTTPS connection (1): thin-edge-io.eu-latest.cumulocity.com:443
2022-04-07 17:40:16,628 DEBUG https://thin-edge-io.eu-latest.cumulocity.com:443 "GET /devicecontrol/operations/17009407 HTTP/1.1" 200 1340
2022-04-07 17:40:16,644 INFO  State of operation 17009407 : EXECUTING
2022-04-07 17:40:18,841 DEBUG Starting new HTTPS connection (1): thin-edge-io.eu-latest.cumulocity.com:443
2022-04-07 17:40:19,695 DEBUG https://thin-edge-io.eu-latest.cumulocity.com:443 "GET /devicecontrol/operations/17009407 HTTP/1.1" 200 1340
2022-04-07 17:40:19,721 INFO  State of operation 17009407 : EXECUTING
2022-04-07 17:40:21,754 DEBUG Starting new HTTPS connection (1): thin-edge-io.eu-latest.cumulocity.com:443
2022-04-07 17:40:22,492 DEBUG https://thin-edge-io.eu-latest.cumulocity.com:443 "GET /devicecontrol/operations/17009407 HTTP/1.1" 200 1340
2022-04-07 17:40:22,509 INFO  State of operation 17009407 : EXECUTING
2022-04-07 17:40:24,529 DEBUG Starting new HTTPS connection (1): thin-edge-io.eu-latest.cumulocity.com:443
2022-04-07 17:40:24,721 DEBUG https://thin-edge-io.eu-latest.cumulocity.com:443 "GET /devicecontrol/operations/17009407 HTTP/1.1" 200 1340
2022-04-07 17:40:24,739 INFO  State of operation 17009407 : EXECUTING
2022-04-07 17:40:26,784 DEBUG Starting new HTTPS connection (1): thin-edge-io.eu-latest.cumulocity.com:443
2022-04-07 17:40:27,114 DEBUG https://thin-edge-io.eu-latest.cumulocity.com:443 "GET /devicecontrol/operations/17009407 HTTP/1.1" 200 1340
2022-04-07 17:40:27,134 INFO  State of operation 17009407 : EXECUTING
2022-04-07 17:40:29,155 DEBUG Starting new HTTPS connection (1): thin-edge-io.eu-latest.cumulocity.com:443
2022-04-07 17:40:29,333 DEBUG https://thin-edge-io.eu-latest.cumulocity.com:443 "GET /devicecontrol/operations/17009407 HTTP/1.1" 200 1340
2022-04-07 17:40:29,350 INFO  State of operation 17009407 : EXECUTING
2022-04-07 17:40:31,370 DEBUG Starting new HTTPS connection (1): thin-edge-io.eu-latest.cumulocity.com:443
2022-04-07 17:40:31,558 DEBUG https://thin-edge-io.eu-latest.cumulocity.com:443 "GET /devicecontrol/operations/17009407 HTTP/1.1" 200 1340
2022-04-07 17:40:31,575 INFO  State of operation 17009407 : EXECUTING
2022-04-07 17:40:33,594 DEBUG Starting new HTTPS connection (1): thin-edge-io.eu-latest.cumulocity.com:443
2022-04-07 17:40:33,774 DEBUG https://thin-edge-io.eu-latest.cumulocity.com:443 "GET /devicecontrol/operations/17009407 HTTP/1.1" 200 1340
2022-04-07 17:40:33,794 INFO  State of operation 17009407 : EXECUTING
2022-04-07 17:40:35,813 DEBUG Starting new HTTPS connection (1): thin-edge-io.eu-latest.cumulocity.com:443
2022-04-07 17:40:35,995 DEBUG https://thin-edge-io.eu-latest.cumulocity.com:443 "GET /devicecontrol/operations/17009407 HTTP/1.1" 200 1340
2022-04-07 17:40:36,012 INFO  State of operation 17009407 : EXECUTING
2022-04-07 17:40:38,030 DEBUG Starting new HTTPS connection (1): thin-edge-io.eu-latest.cumulocity.com:443
2022-04-07 17:40:38,222 DEBUG https://thin-edge-io.eu-latest.cumulocity.com:443 "GET /devicecontrol/operations/17009407 HTTP/1.1" 200 1340
2022-04-07 17:40:38,237 INFO  State of operation 17009407 : EXECUTING
2022-04-07 17:40:40,256 DEBUG Starting new HTTPS connection (1): thin-edge-io.eu-latest.cumulocity.com:443
2022-04-07 17:40:40,437 DEBUG https://thin-edge-io.eu-latest.cumulocity.com:443 "GET /devicecontrol/operations/17009407 HTTP/1.1" 200 1340
2022-04-07 17:40:40,454 INFO  State of operation 17009407 : EXECUTING
2022-04-07 17:40:42,472 DEBUG Starting new HTTPS connection (1): thin-edge-io.eu-latest.cumulocity.com:443
2022-04-07 17:40:42,651 DEBUG https://thin-edge-io.eu-latest.cumulocity.com:443 "GET /devicecontrol/operations/17009407 HTTP/1.1" 200 1456
2022-04-07 17:40:42,666 INFO  State of operation 17009407 : FAILED
2022-04-07 17:40:42,668 ERROR Stopping as the operation has failed
2022-04-07 17:40:42,668 WARN  SystemError occurred while running test - The operation has failed
Traceback (most recent call last):
  File "/home/pi/env-pysys/lib/python3.7/site-packages/pysys/baserunner.py", line 1294, in __call__
    self.testObj.execute()
  File "/home/pi/actions-runner/_work/thin-edge.io/thin-edge.io/tests/PySys/software_management_end_to_end/sm_mixed_install_remove_multiple/run.py", line 95, in execute
    self.wait_until_succcess()
  File "/home/pi/actions-runner/_work/thin-edge.io/thin-edge.io/tests/PySys/software_management_end_to_end/environment_sm_management.py", line 324, in wait_until_succcess
    self.wait_until_status("SUCCESSFUL")
  File "/home/pi/actions-runner/_work/thin-edge.io/thin-edge.io/tests/PySys/software_management_end_to_end/environment_sm_management.py", line 361, in wait_until_status
    raise SystemError("The operation has failed")
SystemError: The operation has failed
2022-04-07 17:40:42,688 WARN  SystemError: The operation has failed ... blocked 
2022-04-07 17:40:42,689 DEBUG --- test cleanup
2022-04-07 17:40:42,690 INFO  
2022-04-07 17:40:42,691 INFO  cleanup:
2022-04-07 17:40:42,691 DEBUG Running registered cleanup function: <bound method SoftwareManagement.mysmcleanup of <PySysTest object at 0x75c5bf30>>
2022-04-07 17:40:42,692 DEBUG Running registered cleanup function: <bound method EnvironmentC8y.myenvcleanup of <PySysTest object at 0x75c5bf30>>
2022-04-07 17:40:42,693 DEBUG EnvironmentC8y Cleanup
2022-04-07 17:40:42,815 DEBUG Process parameters for sudo<tedge_disconnect_c8y>
  command line : /usr/bin/sudo /usr/bin/tedge disconnect c8y
    arg #1     : /usr/bin/tedge
    arg #2     : disconnect
    arg #3     : c8y
  working dir  : /home/pi/actions-runner/_work/thin-edge.io/thin-edge.io/tests/PySys/software_management_end_to_end/sm_mixed_install_remove_multiple/Output/linux
  stdout       : /home/pi/actions-runner/_work/thin-edge.io/thin-edge.io/tests/PySys/software_management_end_to_end/sm_mixed_install_remove_multiple/Output/linux/tedge_disconnect_c8y.out
  stderr       : /home/pi/actions-runner/_work/thin-edge.io/thin-edge.io/tests/PySys/software_management_end_to_end/sm_mixed_install_remove_multiple/Output/linux/tedge_disconnect_c8y.err
  environment  : LD_LIBRARY_PATH=/usr/lib
  environment  : PATH=/bin:/usr/bin:/usr/sbin:/usr/local/bin
                   #1  /bin
                   #2  /usr/bin
                   #3  /usr/sbin
                   #4  /usr/local/bin
2022-04-07 17:40:42,823 DEBUG Waiting up to 600 secs for process sudo<tedge_disconnect_c8y> (pid 20217)
2022-04-07 17:40:46,620 INFO  Executed sudo<tedge_disconnect_c8y>, exit status 0
2022-04-07 17:40:46,622 DEBUG Process parameters for systemctl<serv_mapper5>
  command line : /usr/bin/systemctl status tedge-mapper-c8y
    arg #1     : status
    arg #2     : tedge-mapper-c8y
  working dir  : /home/pi/actions-runner/_work/thin-edge.io/thin-edge.io/tests/PySys/software_management_end_to_end/sm_mixed_install_remove_multiple/Output/linux
  stdout       : /home/pi/actions-runner/_work/thin-edge.io/thin-edge.io/tests/PySys/software_management_end_to_end/sm_mixed_install_remove_multiple/Output/linux/serv_mapper5.out
  stderr       : /home/pi/actions-runner/_work/thin-edge.io/thin-edge.io/tests/PySys/software_management_end_to_end/sm_mixed_install_remove_multiple/Output/linux/serv_mapper5.err
  environment  : LD_LIBRARY_PATH=/usr/lib
  environment  : PATH=/bin:/usr/bin:/usr/sbin:/usr/local/bin
                   #1  /bin
                   #2  /usr/bin
                   #3  /usr/sbin
                   #4  /usr/local/bin
2022-04-07 17:40:46,630 DEBUG Waiting up to 600 secs for process systemctl<serv_mapper5> (pid 20257)
2022-04-07 17:40:47,187 INFO  Executed systemctl<serv_mapper5>, exit status 3
2022-04-07 17:40:47,188 DEBUG ProcessUser cleanup function done.
2022-04-07 17:40:47,192 INFO  
2022-04-07 17:40:47,193 INFO  Test duration: 71.22 secs
2022-04-07 17:40:47,194 INFO  Test final outcome:  BLOCKED
2022-04-07 17:40:47,195 INFO  Test outcome reason: SystemError: The operation has failed (+1 other failures)
2022-04-07 17:40:47,195 INFO  
