2022-04-12 09:51:13,669 INFO  ==============================================================
2022-04-12 09:51:13,670 INFO  Id:    SoftwareManagement.sm_apt_install_remove_multiple_mixed
2022-04-12 09:51:13,671 INFO  Dir:   software_management_end_to_end/
2022-04-12 09:51:13,672 INFO  Title: Validate end to end behaviour for the apt plugin for multiple packages with mixed versions
2022-04-12 09:51:13,674 INFO  ==============================================================
2022-04-12 09:51:13,697 INFO  Using sw id database: {'asciijump': '5475369', 'robotfindskitten': '5474869', 'squirrel3': '5475279', 'rolldice': '5152439', 'moon-buggy': '5439204', 'apple': '5495053', 'banana': '5494888', 'cherry': '5495382', 'watermelon': '5494510', 'registry': '8018911', 'hello-world': '8021526', 'docker/getting-started': '8021973', 'alpine': '7991792'}
2022-04-12 09:51:13,698 INFO  EnvironmentC8y Setup
2022-04-12 09:51:14,375 INFO  Executed systemctl<serv_mapper1>, exit status 3
2022-04-12 09:51:14,525 INFO  Restarting mosquitto too frequently in the last 10 seconds. It was only up for 4 seconds
2022-04-12 09:51:14,526 INFO  Delaying execution by 7 seconds
2022-04-12 09:51:35,179 INFO  Executed sudo<tedge_connect_c8y>, exit status 0, duration 13 secs
2022-04-12 09:51:35,798 INFO  Executed sudo<tedge_connect_c8y_test>, exit status 0
2022-04-12 09:51:36,261 INFO  Executed systemctl<serv_mosq2>, exit status 0
2022-04-12 09:51:36,724 INFO  Executed systemctl<serv_mapper3>, exit status 0
2022-04-12 09:51:38,947 INFO  State of current operation: SUCCESSFUL
2022-04-12 09:51:39,170 INFO  Assert that (False == value) with value=False ... passed
2022-04-12 09:51:39,407 INFO  Assert that (False == value) with value=False ... passed
2022-04-12 09:51:39,629 INFO  Assert that (False == value) with value=False ... passed
2022-04-12 09:51:39,853 INFO  Assert that (False == value) with value=False ... passed
2022-04-12 09:51:40,181 INFO  Package moon-buggy is installed
2022-04-12 09:51:40,215 WARN  Assert that (False == value) with value=True ... failed 
2022-04-12 09:51:41,470 INFO  Response status: 201
2022-04-12 09:51:41,472 INFO  Response to action: {
    "creationTime": "2022-04-12T09:51:41.421Z",
    "deviceId": "17193228",
    "deviceName": "mythicd",
    "self": "https://t493319102.eu-latest.cumulocity.com/devicecontrol/operations/17197588",
    "id": "17197588",
    "status": "PENDING",
    "description": "Apply software changes, triggered from PySys: [{'action': 'install', 'id': '5475369', 'name': 'asciijump', 'url': ' ', 'version': '::apt'}, {'action': 'install', 'id': '5474869', 'name': 'robotfindskitten', 'url': ' ', 'version': ' '}, {'action': 'install', 'id': '5475279', 'name': 'squirrel3', 'url': ' ', 'version': '3.1-7::apt'}, {'action': 'install', 'id': '5152439', 'name': 'rolldice', 'url': ' ', 'version': '1.16-1+b1'}, {'action': 'install', 'id': '5439204', 'name': 'moon-buggy', 'url': ' ', 'version': '1:1.0.51-12'}, {'action': 'install', 'id': '5475369', 'name': 'asciijump', 'url': ' ', 'version': '::apt'}]",
    "c8y_SoftwareUpdate": [
        {
            "name": "asciijump",
            "action": "install",
            "id": "5475369",
            "version": "::apt",
            "url": " "
        },
        {
            "name": "robotfindskitten",
            "action": "install",
            "id": "5474869",
            "version": " ",
            "url": " "
        },
        {
            "name": "squirrel3",
            "action": "install",
            "id": "5475279",
            "version": "3.1-7::apt",
            "url": " "
        },
        {
            "name": "rolldice",
            "action": "install",
            "id": "5152439",
            "version": "1.16-1+b1",
            "url": " "
        },
        {
            "name": "moon-buggy",
            "action": "install",
            "id": "5439204",
            "version": "1:1.0.51-12",
            "url": " "
        },
        {
            "name": "asciijump",
            "action": "install",
            "id": "5475369",
            "version": "::apt",
            "url": " "
        }
    ]
}
2022-04-12 09:51:41,473 INFO  Started operation: {'creationTime': '2022-04-12T09:51:41.421Z', 'deviceId': '17193228', 'deviceName': 'mythicd', 'self': 'https://t493319102.eu-latest.cumulocity.com/devicecontrol/operations/17197588', 'id': '17197588', 'status': 'PENDING', 'description': "Apply software changes, triggered from PySys: [{'action': 'install', 'id': '5475369', 'name': 'asciijump', 'url': ' ', 'version': '::apt'}, {'action': 'install', 'id': '5474869', 'name': 'robotfindskitten', 'url': ' ', 'version': ' '}, {'action': 'install', 'id': '5475279', 'name': 'squirrel3', 'url': ' ', 'version': '3.1-7::apt'}, {'action': 'install', 'id': '5152439', 'name': 'rolldice', 'url': ' ', 'version': '1.16-1+b1'}, {'action': 'install', 'id': '5439204', 'name': 'moon-buggy', 'url': ' ', 'version': '1:1.0.51-12'}, {'action': 'install', 'id': '5475369', 'name': 'asciijump', 'url': ' ', 'version': '::apt'}]", 'c8y_SoftwareUpdate': [{'name': 'asciijump', 'action': 'install', 'id': '5475369', 'version': '::apt', 'url': ' '}, {'name': 'robotfindskitten', 'action': 'install', 'id': '5474869', 'version': ' ', 'url': ' '}, {'name': 'squirrel3', 'action': 'install', 'id': '5475279', 'version': '3.1-7::apt', 'url': ' '}, {'name': 'rolldice', 'action': 'install', 'id': '5152439', 'version': '1.16-1+b1', 'url': ' '}, {'name': 'moon-buggy', 'action': 'install', 'id': '5439204', 'version': '1:1.0.51-12', 'url': ' '}, {'name': 'asciijump', 'action': 'install', 'id': '5475369', 'version': '::apt', 'url': ' '}]}
2022-04-12 09:51:43,685 INFO  State of operation 17197588 : PENDING
2022-04-12 09:51:45,896 INFO  State of operation 17197588 : PENDING
2022-04-12 09:51:48,110 INFO  State of operation 17197588 : PENDING
2022-04-12 09:51:50,345 INFO  State of operation 17197588 : PENDING
2022-04-12 09:51:52,551 INFO  State of operation 17197588 : PENDING
2022-04-12 09:51:54,762 INFO  State of operation 17197588 : PENDING
2022-04-12 09:51:56,972 INFO  State of operation 17197588 : PENDING
2022-04-12 09:51:59,197 INFO  State of operation 17197588 : PENDING
2022-04-12 09:52:01,407 INFO  State of operation 17197588 : PENDING
2022-04-12 09:52:03,618 INFO  State of operation 17197588 : PENDING
2022-04-12 09:52:05,842 INFO  State of operation 17197588 : PENDING
2022-04-12 09:52:08,053 INFO  State of operation 17197588 : PENDING
2022-04-12 09:52:10,265 INFO  State of operation 17197588 : PENDING
2022-04-12 09:52:12,471 INFO  State of operation 17197588 : PENDING
2022-04-12 09:52:14,683 INFO  State of operation 17197588 : PENDING
2022-04-12 09:52:16,915 INFO  State of operation 17197588 : PENDING
2022-04-12 09:52:19,120 INFO  State of operation 17197588 : PENDING
2022-04-12 09:52:21,333 INFO  State of operation 17197588 : PENDING
2022-04-12 09:52:23,540 INFO  State of operation 17197588 : PENDING
2022-04-12 09:52:25,753 INFO  State of operation 17197588 : PENDING
2022-04-12 09:52:27,967 INFO  State of operation 17197588 : PENDING
2022-04-12 09:52:30,177 INFO  State of operation 17197588 : PENDING
2022-04-12 09:52:32,387 INFO  State of operation 17197588 : PENDING
2022-04-12 09:52:34,634 INFO  State of operation 17197588 : PENDING
2022-04-12 09:52:36,853 INFO  State of operation 17197588 : PENDING
2022-04-12 09:52:39,090 INFO  State of operation 17197588 : EXECUTING
2022-04-12 09:52:41,328 INFO  State of operation 17197588 : EXECUTING
2022-04-12 09:52:43,539 INFO  State of operation 17197588 : EXECUTING
2022-04-12 09:52:45,748 INFO  State of operation 17197588 : EXECUTING
2022-04-12 09:52:47,963 INFO  State of operation 17197588 : EXECUTING
2022-04-12 09:52:50,620 INFO  State of operation 17197588 : EXECUTING
2022-04-12 09:52:52,887 INFO  State of operation 17197588 : EXECUTING
2022-04-12 09:52:55,693 INFO  State of operation 17197588 : EXECUTING
2022-04-12 09:52:58,011 INFO  State of operation 17197588 : EXECUTING
2022-04-12 09:53:00,230 INFO  State of operation 17197588 : EXECUTING
2022-04-12 09:53:02,456 INFO  State of operation 17197588 : EXECUTING
2022-04-12 09:53:04,691 INFO  State of operation 17197588 : EXECUTING
2022-04-12 09:53:06,923 INFO  State of operation 17197588 : EXECUTING
2022-04-12 09:53:09,150 INFO  State of operation 17197588 : EXECUTING
2022-04-12 09:53:11,412 INFO  State of operation 17197588 : EXECUTING
2022-04-12 09:53:13,636 INFO  State of operation 17197588 : EXECUTING
2022-04-12 09:53:16,043 INFO  State of operation 17197588 : EXECUTING
2022-04-12 09:53:18,781 INFO  State of operation 17197588 : EXECUTING
2022-04-12 09:53:20,996 INFO  State of operation 17197588 : EXECUTING
2022-04-12 09:53:23,217 INFO  State of operation 17197588 : EXECUTING
2022-04-12 09:53:25,432 INFO  State of operation 17197588 : EXECUTING
2022-04-12 09:53:28,231 INFO  State of operation 17197588 : EXECUTING
2022-04-12 09:53:30,445 INFO  State of operation 17197588 : EXECUTING
2022-04-12 09:53:33,241 INFO  State of operation 17197588 : EXECUTING
2022-04-12 09:53:35,451 INFO  State of operation 17197588 : EXECUTING
2022-04-12 09:53:38,251 INFO  State of operation 17197588 : EXECUTING
2022-04-12 09:53:40,461 INFO  State of operation 17197588 : EXECUTING
2022-04-12 09:53:43,391 INFO  State of operation 17197588 : EXECUTING
2022-04-12 09:53:45,624 INFO  State of operation 17197588 : EXECUTING
2022-04-12 09:53:47,947 INFO  State of operation 17197588 : EXECUTING
2022-04-12 09:53:50,163 INFO  State of operation 17197588 : EXECUTING
2022-04-12 09:53:52,380 INFO  State of operation 17197588 : EXECUTING
2022-04-12 09:53:54,608 INFO  State of operation 17197588 : EXECUTING
2022-04-12 09:53:56,823 INFO  State of operation 17197588 : EXECUTING
2022-04-12 09:53:59,040 INFO  State of operation 17197588 : EXECUTING
2022-04-12 09:54:01,254 INFO  State of operation 17197588 : EXECUTING
2022-04-12 09:54:03,258 WARN  SystemError occurred while running test - Timeout while waiting for status SUCCESSFUL or False
Traceback (most recent call last):
  File "/home/pi/env-pysys/lib/python3.7/site-packages/pysys/baserunner.py", line 1294, in __call__
    self.testObj.execute()
  File "/home/pi/actions-runner/_work/thin-edge.io/thin-edge.io/tests/PySys/software_management_end_to_end/sm_apt_install_remove_multiple_mixed/run.py", line 89, in execute
    self.wait_until_succcess()
  File "/home/pi/actions-runner/_work/thin-edge.io/thin-edge.io/tests/PySys/software_management_end_to_end/environment_sm_management.py", line 324, in wait_until_succcess
    self.wait_until_status("SUCCESSFUL")
  File "/home/pi/actions-runner/_work/thin-edge.io/thin-edge.io/tests/PySys/software_management_end_to_end/environment_sm_management.py", line 381, in wait_until_status
    "Timeout while waiting for status %s or %s" % (status, status2)
SystemError: Timeout while waiting for status SUCCESSFUL or False
2022-04-12 09:54:03,299 WARN  SystemError: Timeout while waiting for status SUCCESSFUL or False ... blocked 
2022-04-12 09:54:03,300 INFO  
2022-04-12 09:54:03,301 INFO  cleanup:
2022-04-12 09:54:12,883 INFO  Executed sudo<tedge_disconnect_c8y>, exit status 0
2022-04-12 09:54:13,446 INFO  Executed systemctl<serv_mapper5>, exit status 3
2022-04-12 09:54:13,450 INFO  
2022-04-12 09:54:13,451 INFO  Test duration: 179.80 secs
2022-04-12 09:54:13,452 INFO  Test final outcome:  BLOCKED
2022-04-12 09:54:13,454 INFO  Test outcome reason: SystemError: Timeout while waiting for status SUCCESSFUL or False (+1 other failures)
2022-04-12 09:54:13,455 INFO  
