2022-04-11 09:38:42,030 INFO  ==============================================================
2022-04-11 09:38:42,031 INFO  Id:    local_mqtt_pub_sub_retain
2022-04-11 09:38:42,032 INFO  Dir:   local_mqtt/
2022-04-11 09:38:42,033 INFO  Title: Validate local publishing with retain flag
2022-04-11 09:38:42,033 DEBUG Execution order hint: 0.0
2022-04-11 09:38:42,034 INFO  ==============================================================
2022-04-11 09:38:42,042 DEBUG --- test execute
2022-04-11 09:38:42,044 DEBUG Process parameters for tedge<pub_to_set_alarm>
  command line : /usr/bin/tedge mqtt pub --retain --qos 1 test/alarms/temp_sensor 'alarm msg 1'
    arg #1     : mqtt
    arg #2     : pub
    arg #3     : --retain
    arg #4     : --qos
    arg #5     : 1
    arg #6     : test/alarms/temp_sensor
    arg #7     : alarm msg 1
  working dir  : /home/pi/actions-runner/_work/thin-edge.io/thin-edge.io/tests/PySys/local_mqtt/local_mqtt_pub_sub_retain/Output/linux
  stdout       : /home/pi/actions-runner/_work/thin-edge.io/thin-edge.io/tests/PySys/local_mqtt/local_mqtt_pub_sub_retain/Output/linux/pub_to_set_alarm.out
  stderr       : /home/pi/actions-runner/_work/thin-edge.io/thin-edge.io/tests/PySys/local_mqtt/local_mqtt_pub_sub_retain/Output/linux/pub_to_set_alarm.err
  environment  : HOME=/home/pi
2022-04-11 09:38:42,050 DEBUG Waiting up to 600 secs for process tedge<pub_to_set_alarm> (pid 9621)
2022-04-11 09:38:43,277 INFO  Executed tedge<pub_to_set_alarm>, exit status 0
2022-04-11 09:38:43,279 DEBUG Process parameters for tedge<pub_to_set_alarm>
  command line : /usr/bin/tedge mqtt pub --retain --qos 1 test/alarms/temp_sensor 'alarm msg 2'
    arg #1     : mqtt
    arg #2     : pub
    arg #3     : --retain
    arg #4     : --qos
    arg #5     : 1
    arg #6     : test/alarms/temp_sensor
    arg #7     : alarm msg 2
  working dir  : /home/pi/actions-runner/_work/thin-edge.io/thin-edge.io/tests/PySys/local_mqtt/local_mqtt_pub_sub_retain/Output/linux
  stdout       : /home/pi/actions-runner/_work/thin-edge.io/thin-edge.io/tests/PySys/local_mqtt/local_mqtt_pub_sub_retain/Output/linux/pub_to_set_alarm.out
  stderr       : /home/pi/actions-runner/_work/thin-edge.io/thin-edge.io/tests/PySys/local_mqtt/local_mqtt_pub_sub_retain/Output/linux/pub_to_set_alarm.err
  environment  : HOME=/home/pi
2022-04-11 09:38:43,286 DEBUG Waiting up to 600 secs for process tedge<pub_to_set_alarm> (pid 9622)
2022-04-11 09:38:43,743 INFO  Executed tedge<pub_to_set_alarm>, exit status 0
2022-04-11 09:38:44,746 DEBUG Process parameters for tedge<temp_sensor_sub>
  command line : /usr/bin/tedge mqtt sub 'test/alarms/#'
    arg #1     : mqtt
    arg #2     : sub
    arg #3     : test/alarms/#
  working dir  : /home/pi/actions-runner/_work/thin-edge.io/thin-edge.io/tests/PySys/local_mqtt/local_mqtt_pub_sub_retain/Output/linux
  stdout       : /home/pi/actions-runner/_work/thin-edge.io/thin-edge.io/tests/PySys/local_mqtt/local_mqtt_pub_sub_retain/Output/linux/temp_sensor_sub.out
  stderr       : /home/pi/actions-runner/_work/thin-edge.io/thin-edge.io/tests/PySys/local_mqtt/local_mqtt_pub_sub_retain/Output/linux/temp_sensor_sub.err
  environment  : HOME=/home/pi
2022-04-11 09:38:44,753 INFO  Started tedge<temp_sensor_sub> with process id 9624
2022-04-11 09:38:44,760 DEBUG Process parameters for tedge<pub_to_clear_alarm>
  command line : /usr/bin/tedge mqtt pub --retain --qos 1 test/alarms/temp_sensor ''
    arg #1     : mqtt
    arg #2     : pub
    arg #3     : --retain
    arg #4     : --qos
    arg #5     : 1
    arg #6     : test/alarms/temp_sensor
    arg #7     : 
  working dir  : /home/pi/actions-runner/_work/thin-edge.io/thin-edge.io/tests/PySys/local_mqtt/local_mqtt_pub_sub_retain/Output/linux
  stdout       : /home/pi/actions-runner/_work/thin-edge.io/thin-edge.io/tests/PySys/local_mqtt/local_mqtt_pub_sub_retain/Output/linux/pub_to_clear_alarm.out
  stderr       : /home/pi/actions-runner/_work/thin-edge.io/thin-edge.io/tests/PySys/local_mqtt/local_mqtt_pub_sub_retain/Output/linux/pub_to_clear_alarm.err
  environment  : HOME=/home/pi
2022-04-11 09:38:44,770 DEBUG Waiting up to 600 secs for process tedge<pub_to_clear_alarm> (pid 9625)
2022-04-11 09:38:45,177 INFO  Executed tedge<pub_to_clear_alarm>, exit status 0
2022-04-11 09:38:46,181 DEBUG Process parameters for sudo<kill_out>
  command line : /usr/bin/sudo killall tedge
    arg #1     : killall
    arg #2     : tedge
  working dir  : /home/pi/actions-runner/_work/thin-edge.io/thin-edge.io/tests/PySys/local_mqtt/local_mqtt_pub_sub_retain/Output/linux
  stdout       : /home/pi/actions-runner/_work/thin-edge.io/thin-edge.io/tests/PySys/local_mqtt/local_mqtt_pub_sub_retain/Output/linux/kill_out.out
  stderr       : /home/pi/actions-runner/_work/thin-edge.io/thin-edge.io/tests/PySys/local_mqtt/local_mqtt_pub_sub_retain/Output/linux/kill_out.err
  environment  : LD_LIBRARY_PATH=/usr/lib
  environment  : PATH=/bin:/usr/bin:/usr/sbin:/usr/local/bin
                   #1  /bin
                   #2  /usr/bin
                   #3  /usr/sbin
                   #4  /usr/local/bin
2022-04-11 09:38:46,188 DEBUG Waiting up to 600 secs for process sudo<kill_out> (pid 9626)
2022-04-11 09:38:46,694 INFO  Executed sudo<kill_out>, exit status 0
2022-04-11 09:38:46,696 DEBUG Process parameters for tedge<pub_to_clear_alarm>
  command line : /usr/bin/tedge mqtt pub --retain --qos 1 test/alarms/temp_sensor ''
    arg #1     : mqtt
    arg #2     : pub
    arg #3     : --retain
    arg #4     : --qos
    arg #5     : 1
    arg #6     : test/alarms/temp_sensor
    arg #7     : 
  working dir  : /home/pi/actions-runner/_work/thin-edge.io/thin-edge.io/tests/PySys/local_mqtt/local_mqtt_pub_sub_retain/Output/linux
  stdout       : /home/pi/actions-runner/_work/thin-edge.io/thin-edge.io/tests/PySys/local_mqtt/local_mqtt_pub_sub_retain/Output/linux/pub_to_clear_alarm.out
  stderr       : /home/pi/actions-runner/_work/thin-edge.io/thin-edge.io/tests/PySys/local_mqtt/local_mqtt_pub_sub_retain/Output/linux/pub_to_clear_alarm.err
  environment  : HOME=/home/pi
2022-04-11 09:38:46,703 DEBUG Waiting up to 600 secs for process tedge<pub_to_clear_alarm> (pid 9628)
2022-04-11 09:38:47,162 INFO  Executed tedge<pub_to_clear_alarm>, exit status 0
2022-04-11 09:38:47,165 DEBUG Process parameters for tedge<temp_sensor_empty_message>
  command line : /usr/bin/tedge mqtt sub 'test/alarms/#'
    arg #1     : mqtt
    arg #2     : sub
    arg #3     : test/alarms/#
  working dir  : /home/pi/actions-runner/_work/thin-edge.io/thin-edge.io/tests/PySys/local_mqtt/local_mqtt_pub_sub_retain/Output/linux
  stdout       : /home/pi/actions-runner/_work/thin-edge.io/thin-edge.io/tests/PySys/local_mqtt/local_mqtt_pub_sub_retain/Output/linux/temp_sensor_empty_message.out
  stderr       : /home/pi/actions-runner/_work/thin-edge.io/thin-edge.io/tests/PySys/local_mqtt/local_mqtt_pub_sub_retain/Output/linux/temp_sensor_empty_message.err
  environment  : HOME=/home/pi
2022-04-11 09:38:47,179 INFO  Started tedge<temp_sensor_empty_message> with process id 9629
2022-04-11 09:38:48,189 DEBUG Process parameters for sudo<kill_out>
  command line : /usr/bin/sudo killall tedge
    arg #1     : killall
    arg #2     : tedge
  working dir  : /home/pi/actions-runner/_work/thin-edge.io/thin-edge.io/tests/PySys/local_mqtt/local_mqtt_pub_sub_retain/Output/linux
  stdout       : /home/pi/actions-runner/_work/thin-edge.io/thin-edge.io/tests/PySys/local_mqtt/local_mqtt_pub_sub_retain/Output/linux/kill_out.out
  stderr       : /home/pi/actions-runner/_work/thin-edge.io/thin-edge.io/tests/PySys/local_mqtt/local_mqtt_pub_sub_retain/Output/linux/kill_out.err
  environment  : HOME=/home/pi
2022-04-11 09:38:48,196 DEBUG Waiting up to 600 secs for process sudo<kill_out> (pid 9630)
2022-04-11 09:38:48,702 INFO  Executed sudo<kill_out>, exit status 0
2022-04-11 09:38:48,703 DEBUG --- test validate
2022-04-11 09:38:48,705 DEBUG Performing regex contains=True grep on file: /home/pi/actions-runner/_work/thin-edge.io/thin-edge.io/tests/PySys/local_mqtt/local_mqtt_pub_sub_retain/Output/linux/temp_sensor_sub.out
2022-04-11 09:38:48,710 DEBUG Grep on file temp_sensor_sub.out successfully matched expression "\[test/alarms/temp_sensor\] alarm msg 2" with line: '[test/alarms/temp_sensor] alarm msg 2\n'
2022-04-11 09:38:48,712 INFO  Grep on file temp_sensor_sub.out ... passed
2022-04-11 09:38:48,713 DEBUG Performing regex contains=True grep on file: /home/pi/actions-runner/_work/thin-edge.io/thin-edge.io/tests/PySys/local_mqtt/local_mqtt_pub_sub_retain/Output/linux/temp_sensor_sub.out
2022-04-11 09:38:48,717 DEBUG Grep on file temp_sensor_sub.out successfully matched expression "\[test/alarms/temp_sensor\] " with line: '[test/alarms/temp_sensor] alarm msg 2\n'
2022-04-11 09:38:48,718 INFO  Grep on file temp_sensor_sub.out ... passed
2022-04-11 09:38:48,719 DEBUG Performing regex contains=False grep on file: /home/pi/actions-runner/_work/thin-edge.io/thin-edge.io/tests/PySys/local_mqtt/local_mqtt_pub_sub_retain/Output/linux/temp_sensor_empty_message.out
2022-04-11 09:38:48,732 INFO  Grep on file temp_sensor_empty_message.out ... passed
2022-04-11 09:38:48,739 DEBUG --- test cleanup
2022-04-11 09:38:48,740 DEBUG ProcessUser cleanup function done.
2022-04-11 09:38:48,743 INFO  
2022-04-11 09:38:48,744 INFO  Test duration: 6.72 secs
2022-04-11 09:38:48,745 INFO  Test final outcome:  PASSED
2022-04-11 09:38:48,746 INFO  
