2022-05-10 20:47:49,981 INFO  ==============================================================
2022-05-10 20:47:49,983 INFO  Id:    SoftwareManagement.sm_apt_install_remove_multiple_mixed
2022-05-10 20:47:49,984 INFO  Dir:   software_management_end_to_end/
2022-05-10 20:47:49,985 INFO  Title: Validate end to end behaviour for the apt plugin for multiple packages with mixed versions
2022-05-10 20:47:49,986 INFO  ==============================================================
2022-05-10 20:47:50,025 INFO  Using sw id database: {'asciijump': '5475369', 'robotfindskitten': '5474869', 'squirrel3': '5475279', 'rolldice': '5152439', 'moon-buggy': '5439204', 'apple': '5495053', 'banana': '5494888', 'cherry': '5495382', 'watermelon': '5494510', 'registry': '8018911', 'hello-world': '8021526', 'docker/getting-started': '8021973', 'alpine': '7991792'}
2022-05-10 20:47:50,026 INFO  EnvironmentC8y Setup
2022-05-10 20:47:50,637 INFO  Executed systemctl<serv_mapper1>, exit status 3
2022-05-10 20:47:50,755 INFO  Restarting mosquitto too frequently in the last 10 seconds. It was only up for 6 seconds
2022-05-10 20:47:50,756 INFO  Delaying execution by 5 seconds
2022-05-10 20:48:13,132 INFO  Executed sudo<tedge_connect_c8y>, exit status 0, duration 17 secs
2022-05-10 20:48:13,745 INFO  Executed sudo<tedge_connect_c8y_test>, exit status 0
2022-05-10 20:48:14,259 INFO  Executed systemctl<serv_mosq2>, exit status 0
2022-05-10 20:48:15,073 INFO  Executed systemctl<serv_mapper3>, exit status 0
2022-05-10 20:48:17,305 INFO  State of current operation: SUCCESSFUL
2022-05-10 20:48:17,537 INFO  Assert that (False == value) with value=False ... passed
2022-05-10 20:48:17,782 INFO  Assert that (False == value) with value=False ... passed
2022-05-10 20:48:18,034 INFO  Assert that (False == value) with value=False ... passed
2022-05-10 20:48:18,279 INFO  Assert that (False == value) with value=False ... passed
2022-05-10 20:48:18,514 INFO  Package moon-buggy is installed
2022-05-10 20:48:18,554 WARN  Assert that (False == value) with value=True ... failed 
2022-05-10 20:48:20,692 INFO  Response status: 201
2022-05-10 20:48:20,694 INFO  Response to action: {
    "creationTime": "2022-05-10T20:48:20.640Z",
    "deviceName": "m32sd11f",
    "deviceId": "18733333",
    "self": "https://t493319102.eu-latest.cumulocity.com/devicecontrol/operations/18751978",
    "id": "18751978",
    "status": "PENDING",
    "description": "Apply software changes, triggered from PySys: [{'action': 'install', 'id': '5475369', 'name': 'asciijump', 'url': ' ', 'version': '::apt'}, {'action': 'install', 'id': '5474869', 'name': 'robotfindskitten', 'url': ' ', 'version': ' '}, {'action': 'install', 'id': '5475279', 'name': 'squirrel3', 'url': ' ', 'version': '3.1-8::apt'}, {'action': 'install', 'id': '5152439', 'name': 'rolldice', 'url': ' ', 'version': '1.16-1+b2'}, {'action': 'install', 'id': '5439204', 'name': 'moon-buggy', 'url': ' ', 'version': '1:1.0.51-13'}, {'action': 'install', 'id': '5475369', 'name': 'asciijump', 'url': ' ', 'version': '::apt'}]",
    "c8y_SoftwareUpdate": [
        {
            "name": "asciijump",
            "action": "install",
            "id": "5475369",
            "version": "::apt",
            "url": " "
        },
        {
            "name": "robotfindskitten",
            "action": "install",
            "id": "5474869",
            "version": " ",
            "url": " "
        },
        {
            "name": "squirrel3",
            "action": "install",
            "id": "5475279",
            "version": "3.1-8::apt",
            "url": " "
        },
        {
            "name": "rolldice",
            "action": "install",
            "id": "5152439",
            "version": "1.16-1+b2",
            "url": " "
        },
        {
            "name": "moon-buggy",
            "action": "install",
            "id": "5439204",
            "version": "1:1.0.51-13",
            "url": " "
        },
        {
            "name": "asciijump",
            "action": "install",
            "id": "5475369",
            "version": "::apt",
            "url": " "
        }
    ]
}
2022-05-10 20:48:20,695 INFO  Started operation: {'creationTime': '2022-05-10T20:48:20.640Z', 'deviceName': 'm32sd11f', 'deviceId': '18733333', 'self': 'https://t493319102.eu-latest.cumulocity.com/devicecontrol/operations/18751978', 'id': '18751978', 'status': 'PENDING', 'description': "Apply software changes, triggered from PySys: [{'action': 'install', 'id': '5475369', 'name': 'asciijump', 'url': ' ', 'version': '::apt'}, {'action': 'install', 'id': '5474869', 'name': 'robotfindskitten', 'url': ' ', 'version': ' '}, {'action': 'install', 'id': '5475279', 'name': 'squirrel3', 'url': ' ', 'version': '3.1-8::apt'}, {'action': 'install', 'id': '5152439', 'name': 'rolldice', 'url': ' ', 'version': '1.16-1+b2'}, {'action': 'install', 'id': '5439204', 'name': 'moon-buggy', 'url': ' ', 'version': '1:1.0.51-13'}, {'action': 'install', 'id': '5475369', 'name': 'asciijump', 'url': ' ', 'version': '::apt'}]", 'c8y_SoftwareUpdate': [{'name': 'asciijump', 'action': 'install', 'id': '5475369', 'version': '::apt', 'url': ' '}, {'name': 'robotfindskitten', 'action': 'install', 'id': '5474869', 'version': ' ', 'url': ' '}, {'name': 'squirrel3', 'action': 'install', 'id': '5475279', 'version': '3.1-8::apt', 'url': ' '}, {'name': 'rolldice', 'action': 'install', 'id': '5152439', 'version': '1.16-1+b2', 'url': ' '}, {'name': 'moon-buggy', 'action': 'install', 'id': '5439204', 'version': '1:1.0.51-13', 'url': ' '}, {'name': 'asciijump', 'action': 'install', 'id': '5475369', 'version': '::apt', 'url': ' '}]}
2022-05-10 20:48:22,911 INFO  State of operation 18751978 : PENDING
2022-05-10 20:48:25,140 INFO  State of operation 18751978 : EXECUTING
2022-05-10 20:48:27,372 INFO  State of operation 18751978 : EXECUTING
2022-05-10 20:48:29,590 INFO  State of operation 18751978 : EXECUTING
2022-05-10 20:48:31,806 INFO  State of operation 18751978 : EXECUTING
2022-05-10 20:48:34,028 INFO  State of operation 18751978 : EXECUTING
2022-05-10 20:48:36,317 INFO  State of operation 18751978 : EXECUTING
2022-05-10 20:48:39,440 INFO  State of operation 18751978 : EXECUTING
2022-05-10 20:48:42,693 INFO  State of operation 18751978 : EXECUTING
2022-05-10 20:48:45,056 INFO  State of operation 18751978 : EXECUTING
2022-05-10 20:48:47,334 INFO  State of operation 18751978 : EXECUTING
2022-05-10 20:48:49,551 INFO  State of operation 18751978 : EXECUTING
2022-05-10 20:48:51,770 INFO  State of operation 18751978 : EXECUTING
2022-05-10 20:48:53,990 INFO  State of operation 18751978 : EXECUTING
2022-05-10 20:48:56,233 INFO  State of operation 18751978 : EXECUTING
2022-05-10 20:48:58,465 INFO  State of operation 18751978 : EXECUTING
2022-05-10 20:49:00,837 INFO  State of operation 18751978 : EXECUTING
2022-05-10 20:49:03,100 INFO  State of operation 18751978 : EXECUTING
2022-05-10 20:49:05,404 INFO  State of operation 18751978 : EXECUTING
2022-05-10 20:49:07,671 INFO  State of operation 18751978 : EXECUTING
2022-05-10 20:49:10,537 INFO  State of operation 18751978 : EXECUTING
2022-05-10 20:49:12,765 INFO  State of operation 18751978 : EXECUTING
2022-05-10 20:49:15,024 INFO  State of operation 18751978 : EXECUTING
2022-05-10 20:49:17,260 INFO  State of operation 18751978 : EXECUTING
2022-05-10 20:49:19,489 INFO  State of operation 18751978 : EXECUTING
2022-05-10 20:49:22,506 INFO  State of operation 18751978 : EXECUTING
2022-05-10 20:49:24,724 INFO  State of operation 18751978 : EXECUTING
2022-05-10 20:49:27,506 INFO  State of operation 18751978 : EXECUTING
2022-05-10 20:49:29,723 INFO  State of operation 18751978 : EXECUTING
2022-05-10 20:49:31,940 INFO  State of operation 18751978 : EXECUTING
2022-05-10 20:49:34,160 INFO  State of operation 18751978 : EXECUTING
2022-05-10 20:49:36,480 INFO  State of operation 18751978 : EXECUTING
2022-05-10 20:49:39,073 INFO  State of operation 18751978 : EXECUTING
2022-05-10 20:49:41,314 INFO  State of operation 18751978 : EXECUTING
2022-05-10 20:49:43,632 INFO  State of operation 18751978 : EXECUTING
2022-05-10 20:49:45,846 INFO  State of operation 18751978 : EXECUTING
2022-05-10 20:49:48,058 INFO  State of operation 18751978 : EXECUTING
2022-05-10 20:49:50,283 INFO  State of operation 18751978 : EXECUTING
2022-05-10 20:49:52,509 INFO  State of operation 18751978 : EXECUTING
2022-05-10 20:49:54,722 INFO  State of operation 18751978 : EXECUTING
2022-05-10 20:49:56,953 INFO  State of operation 18751978 : EXECUTING
2022-05-10 20:49:59,166 INFO  State of operation 18751978 : EXECUTING
2022-05-10 20:50:01,390 INFO  State of operation 18751978 : EXECUTING
2022-05-10 20:50:04,238 INFO  State of operation 18751978 : EXECUTING
2022-05-10 20:50:07,559 INFO  State of operation 18751978 : EXECUTING
2022-05-10 20:50:09,801 INFO  State of operation 18751978 : EXECUTING
2022-05-10 20:50:12,097 INFO  State of operation 18751978 : EXECUTING
2022-05-10 20:50:14,313 INFO  State of operation 18751978 : EXECUTING
2022-05-10 20:50:16,591 INFO  State of operation 18751978 : EXECUTING
2022-05-10 20:50:18,811 INFO  State of operation 18751978 : EXECUTING
2022-05-10 20:50:21,028 INFO  State of operation 18751978 : EXECUTING
2022-05-10 20:50:23,251 INFO  State of operation 18751978 : EXECUTING
2022-05-10 20:50:25,525 INFO  State of operation 18751978 : EXECUTING
2022-05-10 20:50:28,019 INFO  State of operation 18751978 : EXECUTING
2022-05-10 20:50:30,861 INFO  State of operation 18751978 : EXECUTING
2022-05-10 20:50:33,171 INFO  State of operation 18751978 : EXECUTING
2022-05-10 20:50:35,394 INFO  State of operation 18751978 : EXECUTING
2022-05-10 20:50:37,629 INFO  State of operation 18751978 : EXECUTING
2022-05-10 20:50:39,850 INFO  State of operation 18751978 : EXECUTING
2022-05-10 20:50:42,711 INFO  State of operation 18751978 : EXECUTING
2022-05-10 20:50:44,931 INFO  State of operation 18751978 : EXECUTING
2022-05-10 20:50:46,934 WARN  SystemError occurred while running test - Timeout while waiting for status SUCCESSFUL or False
Traceback (most recent call last):
  File "/home/pi/env-pysys/lib/python3.9/site-packages/pysys/baserunner.py", line 1294, in __call__
    self.testObj.execute()
  File "/home/pi/actions-runner/_work/thin-edge.io/thin-edge.io/tests/PySys/software_management_end_to_end/sm_apt_install_remove_multiple_mixed/run.py", line 89, in execute
    self.wait_until_succcess()
  File "/home/pi/actions-runner/_work/thin-edge.io/thin-edge.io/tests/PySys/software_management_end_to_end/environment_sm_management.py", line 324, in wait_until_succcess
    self.wait_until_status("SUCCESSFUL")
  File "/home/pi/actions-runner/_work/thin-edge.io/thin-edge.io/tests/PySys/software_management_end_to_end/environment_sm_management.py", line 380, in wait_until_status
    raise SystemError(
SystemError: Timeout while waiting for status SUCCESSFUL or False
2022-05-10 20:50:47,029 WARN  SystemError: Timeout while waiting for status SUCCESSFUL or False ... blocked 
2022-05-10 20:50:47,030 INFO  
2022-05-10 20:50:47,031 INFO  cleanup:
2022-05-10 20:50:54,976 INFO  Executed sudo<tedge_disconnect_c8y>, exit status 0
2022-05-10 20:50:55,511 INFO  Executed systemctl<serv_mapper5>, exit status 3
2022-05-10 20:50:55,515 INFO  
2022-05-10 20:50:55,516 INFO  Test duration: 185.56 secs
2022-05-10 20:50:55,517 INFO  Test final outcome:  BLOCKED
2022-05-10 20:50:55,518 INFO  Test outcome reason: SystemError: Timeout while waiting for status SUCCESSFUL or False (+1 other failures)
2022-05-10 20:50:55,519 INFO  
