2022-04-12 09:05:01,847 INFO  ==============================================================
2022-04-12 09:05:01,848 INFO  Id:    apt_sequence_install_with_version
2022-04-12 09:05:01,850 INFO  Dir:   plugin_apt/
2022-04-12 09:05:01,850 INFO  Title: Validate apt plugin install with version use case
2022-04-12 09:05:01,851 INFO  ==============================================================
2022-04-12 09:05:06,787 INFO  Executed sudo, exit status 0
2022-04-12 09:05:09,325 INFO  Executed sudo<outp_check_0>, exit status 0
2022-04-12 09:05:09,327 INFO  Assert that (value==0) with value=0 ... passed
2022-04-12 09:05:09,332 INFO  Grep on file outp_check_0.out ... passed
2022-04-12 09:05:27,317 INFO  Executed sudo<outp_prepare>, exit status 0, duration 17 secs
2022-04-12 09:05:27,320 INFO  Assert that (value==0) with value=0 ... passed
2022-04-12 09:06:11,177 INFO  Executed sudo<outp_install>, exit status 0, duration 43 secs
2022-04-12 09:06:11,180 INFO  Assert that (value==0) with value=0 ... passed
2022-04-12 09:06:18,738 INFO  Executed sudo<outp_finalize>, exit status 0
2022-04-12 09:06:18,740 INFO  Assert that (value==0) with value=0 ... passed
2022-04-12 09:06:21,317 INFO  Executed sudo<outp_check_1>, exit status 0
2022-04-12 09:06:21,320 INFO  Assert that (value==0) with value=0 ... passed
2022-04-12 09:06:21,325 INFO  Grep on file outp_check_1.out ... passed
2022-04-12 09:06:21,332 INFO  Grep on file outp_check_1.out ... passed
2022-04-12 09:06:21,338 INFO  
2022-04-12 09:06:21,339 INFO  cleanup:
2022-04-12 09:06:34,704 INFO  Executed sudo, exit status 0, duration 13 secs
2022-04-12 09:06:34,708 INFO  
2022-04-12 09:06:34,709 INFO  Test duration: 92.87 secs
2022-04-12 09:06:34,710 INFO  Test final outcome:  PASSED
2022-04-12 09:06:34,711 INFO  
