2022-04-21 14:08:59,904 INFO  ==============================================================
2022-04-21 14:08:59,905 INFO  Id:    apt_sequence_remove_with_version
2022-04-21 14:08:59,906 INFO  Dir:   plugin_apt/
2022-04-21 14:08:59,907 INFO  Title: Validate apt plugin remove with version use case
2022-04-21 14:08:59,908 INFO  ==============================================================
2022-04-21 14:09:04,980 INFO  Executed sudo, exit status 0
2022-04-21 14:09:44,859 INFO  Executed sudo<outp_install>, exit status 0, duration 39 secs
2022-04-21 14:09:44,863 INFO  Assert that (value==0) with value=0 ... passed
2022-04-21 14:09:50,237 INFO  Executed sudo<outp_check_0>, exit status 0
2022-04-21 14:09:50,240 INFO  Assert that (value==0) with value=0 ... passed
2022-04-21 14:09:50,245 INFO  Grep on file outp_check_0.out ... passed
2022-04-21 14:10:03,962 INFO  Executed sudo<outp_install>, exit status 0, duration 13 secs
2022-04-21 14:10:03,968 INFO  Assert that (value==0) with value=0 ... passed
2022-04-21 14:10:09,416 INFO  Executed sudo<outp_check_1>, exit status 0
2022-04-21 14:10:09,418 INFO  Assert that (value==0) with value=0 ... passed
2022-04-21 14:10:09,423 INFO  Grep on file outp_check_1.out ... passed
2022-04-21 14:10:09,429 INFO  
2022-04-21 14:10:09,430 INFO  cleanup:
2022-04-21 14:10:14,288 INFO  Executed sudo, exit status 0
2022-04-21 14:10:14,293 INFO  
2022-04-21 14:10:14,294 INFO  Test duration: 74.39 secs
2022-04-21 14:10:14,296 INFO  Test final outcome:  PASSED
2022-04-21 14:10:14,299 INFO  
