2022-05-02 15:24:05,932 INFO  ==============================================================
2022-05-02 15:24:05,932 INFO  Id:    SoftwareManagement.sm_apt_install_download_path
2022-05-02 15:24:05,932 INFO  Dir:   software_management_end_to_end/
2022-05-02 15:24:05,933 INFO  Title: Install package to directory specified in tedge config set tmp.path
2022-05-02 15:24:05,933 INFO  ==============================================================
2022-05-02 15:24:06,006 INFO  Using sw id database: {'asciijump': '5475369', 'robotfindskitten': '5474869', 'squirrel3': '5475279', 'rolldice': '5152439', 'moon-buggy': '5439204', 'apple': '5495053', 'banana': '5494888', 'cherry': '5495382', 'watermelon': '5494510', 'registry': '8018911', 'hello-world': '8021526', 'docker/getting-started': '8021973', 'alpine': '7991792'}
2022-05-02 15:24:06,007 INFO  EnvironmentC8y Setup
2022-05-02 15:24:06,109 INFO  Executed systemctl<serv_mapper1>, exit status 3
2022-05-02 15:24:06,129 INFO  Restarting mosquitto too frequently in the last 10 seconds. It was only up for 8 seconds
2022-05-02 15:24:06,130 INFO  Delaying execution by 3 seconds
2022-05-02 15:24:26,652 INFO  Executed sudo<tedge_connect_c8y>, exit status 0, duration 17 secs
2022-05-02 15:24:26,804 INFO  Executed sudo<tedge_connect_c8y_test>, exit status 0
2022-05-02 15:24:26,907 INFO  Executed systemctl<serv_mosq2>, exit status 0
2022-05-02 15:24:27,009 INFO  Executed systemctl<serv_mapper3>, exit status 0
2022-05-02 15:24:29,128 INFO  State of current operation: SUCCESSFUL
2022-05-02 15:24:29,265 INFO  Assert that (False == value) with value=False ... passed
2022-05-02 15:24:29,367 INFO  Executed sudo, exit status 0
2022-05-02 15:24:29,420 INFO  Executed sudo, exit status 0
2022-05-02 15:24:29,531 INFO  Executed sudo, exit status 0
2022-05-02 15:24:29,545 INFO  Restarting mosquitto too frequently in the last 10 seconds. It was only up for 10 seconds
2022-05-02 15:24:29,545 INFO  Delaying execution by 1 seconds
2022-05-02 15:24:41,434 INFO  Executed sudo<tedge_disconnect_c8y>, exit status 0
2022-05-02 15:24:41,449 INFO  Restarting mosquitto too frequently in the last 10 seconds. It was only up for 0 seconds
2022-05-02 15:24:41,449 INFO  Delaying execution by 11 seconds
2022-05-02 15:25:10,124 INFO  Executed sudo<tedge_connect_c8y>, exit status 0, duration 17 secs
2022-05-02 15:25:10,262 INFO  Response status: 201
2022-05-02 15:25:10,262 INFO  Response to action: {
    "creationTime": "2022-05-02T15:25:10.222Z",
    "deviceName": "ubuntu-2gb-hel1-4-thin-edge-a",
    "deviceId": "18178893",
    "self": "https://t493319102.eu-latest.cumulocity.com/devicecontrol/operations/18196097",
    "id": "18196097",
    "status": "PENDING",
    "description": "Apply software changes, triggered from PySys: [{'name': 'rolldice', 'id': '5152439', 'version': '::apt', 'url': 'https://thin-edge-io.eu-latest.cumulocity.com/inventory/binaries/12435463', 'action': 'install'}]",
    "c8y_SoftwareUpdate": [
        {
            "name": "rolldice",
            "action": "install",
            "id": "5152439",
            "version": "::apt",
            "url": "https://thin-edge-io.eu-latest.cumulocity.com/inventory/binaries/12435463"
        }
    ]
}
2022-05-02 15:25:10,262 INFO  Started operation: {'creationTime': '2022-05-02T15:25:10.222Z', 'deviceName': 'ubuntu-2gb-hel1-4-thin-edge-a', 'deviceId': '18178893', 'self': 'https://t493319102.eu-latest.cumulocity.com/devicecontrol/operations/18196097', 'id': '18196097', 'status': 'PENDING', 'description': "Apply software changes, triggered from PySys: [{'name': 'rolldice', 'id': '5152439', 'version': '::apt', 'url': 'https://thin-edge-io.eu-latest.cumulocity.com/inventory/binaries/12435463', 'action': 'install'}]", 'c8y_SoftwareUpdate': [{'name': 'rolldice', 'action': 'install', 'id': '5152439', 'version': '::apt', 'url': 'https://thin-edge-io.eu-latest.cumulocity.com/inventory/binaries/12435463'}]}
2022-05-02 15:25:10,262 WARN  , retrying in 0.5 seconds...
2022-05-02 15:25:10,763 WARN  , retrying in 0.5 seconds...
2022-05-02 15:25:11,264 WARN  , retrying in 0.5 seconds...
2022-05-02 15:25:11,765 WARN  , retrying in 0.5 seconds...
2022-05-02 15:25:12,266 WARN  , retrying in 0.5 seconds...
2022-05-02 15:25:12,767 WARN  , retrying in 0.5 seconds...
2022-05-02 15:25:15,388 INFO  State of operation 18196097 : EXECUTING
2022-05-02 15:25:17,500 INFO  State of operation 18196097 : EXECUTING
2022-05-02 15:25:19,614 INFO  State of operation 18196097 : SUCCESSFUL
2022-05-02 15:25:19,749 INFO  Package rolldice is installed
2022-05-02 15:25:19,749 INFO  Assert that (True == value) with value=True ... passed
2022-05-02 15:25:19,879 INFO  Response status: 201
2022-05-02 15:25:19,879 INFO  Response to action: {
    "creationTime": "2022-05-02T15:25:19.835Z",
    "deviceName": "ubuntu-2gb-hel1-4-thin-edge-a",
    "deviceId": "18178893",
    "self": "https://t493319102.eu-latest.cumulocity.com/devicecontrol/operations/18196099",
    "id": "18196099",
    "status": "PENDING",
    "description": "Apply software changes, triggered from PySys: [{'name': 'rolldice', 'id': '5152439', 'version': '', 'url': '', 'action': 'delete'}]",
    "c8y_SoftwareUpdate": [
        {
            "name": "rolldice",
            "action": "delete",
            "id": "5152439",
            "version": "",
            "url": ""
        }
    ]
}
2022-05-02 15:25:19,879 INFO  Started operation: {'creationTime': '2022-05-02T15:25:19.835Z', 'deviceName': 'ubuntu-2gb-hel1-4-thin-edge-a', 'deviceId': '18178893', 'self': 'https://t493319102.eu-latest.cumulocity.com/devicecontrol/operations/18196099', 'id': '18196099', 'status': 'PENDING', 'description': "Apply software changes, triggered from PySys: [{'name': 'rolldice', 'id': '5152439', 'version': '', 'url': '', 'action': 'delete'}]", 'c8y_SoftwareUpdate': [{'name': 'rolldice', 'action': 'delete', 'id': '5152439', 'version': '', 'url': ''}]}
2022-05-02 15:25:22,002 INFO  State of operation 18196099 : EXECUTING
2022-05-02 15:25:24,122 INFO  State of operation 18196099 : EXECUTING
2022-05-02 15:25:26,390 INFO  State of operation 18196099 : EXECUTING
2022-05-02 15:25:28,502 INFO  State of operation 18196099 : SUCCESSFUL
2022-05-02 15:25:28,639 INFO  Assert that (False == value) with value=False ... passed
2022-05-02 15:25:28,639 INFO  
2022-05-02 15:25:28,639 INFO  cleanup:
2022-05-02 15:25:28,691 INFO  Executed sudo, exit status 0
2022-05-02 15:25:28,742 INFO  Executed sudo, exit status 0
2022-05-02 15:25:39,594 INFO  Executed sudo<tedge_disconnect_c8y>, exit status 0
2022-05-02 15:25:39,605 INFO  Restarting mosquitto too frequently in the last 10 seconds. It was only up for 0 seconds
2022-05-02 15:25:39,605 INFO  Delaying execution by 11 seconds
2022-05-02 15:26:07,925 INFO  Executed sudo<tedge_connect_c8y>, exit status 0, duration 17 secs
2022-05-02 15:26:07,937 INFO  Restarting mosquitto too frequently in the last 10 seconds. It was only up for 7 seconds
2022-05-02 15:26:07,937 INFO  Delaying execution by 4 seconds
2022-05-02 15:26:22,887 INFO  Executed sudo<tedge_disconnect_c8y>, exit status 0
2022-05-02 15:26:22,990 INFO  Executed systemctl<serv_mapper5>, exit status 3
2022-05-02 15:26:22,991 INFO  
2022-05-02 15:26:22,991 INFO  Test duration: 137.05 secs
2022-05-02 15:26:22,991 INFO  Test final outcome:  PASSED
2022-05-02 15:26:22,992 INFO  
