2022-05-09 07:16:35,569 INFO  ==============================================================
2022-05-09 07:16:35,570 INFO  Id:    apt_fail_noarg
2022-05-09 07:16:35,573 INFO  Dir:   plugin_apt/
2022-05-09 07:16:35,574 INFO  Title: Validate apt plugin fetures(prepare, list, install, remove finalize) without arguments
2022-05-09 07:16:35,575 INFO  ==============================================================
2022-05-09 07:16:37,022 INFO  Executed sudo<outp_install>, exit status 1
2022-05-09 07:16:37,027 INFO  Assert that (value==1) with value=1 ... passed
2022-05-09 07:16:37,565 INFO  Executed sudo<outp_install>, exit status 1
2022-05-09 07:16:37,569 INFO  Assert that (value==1) with value=1 ... passed
2022-05-09 07:16:38,136 INFO  Executed sudo<outp_install>, exit status 1
2022-05-09 07:16:38,139 INFO  Assert that (value==1) with value=1 ... passed
2022-05-09 07:16:38,704 INFO  Executed sudo<outp_install>, exit status 1
2022-05-09 07:16:38,707 INFO  Assert that (value==1) with value=1 ... passed
2022-05-09 07:16:39,218 INFO  Executed sudo<outp_install>, exit status 1
2022-05-09 07:16:39,220 INFO  Assert that (value==1) with value=1 ... passed
2022-05-09 07:16:39,732 INFO  Executed sudo<outp_install>, exit status 1
2022-05-09 07:16:39,735 INFO  Assert that (value==1) with value=1 ... passed
2022-05-09 07:16:40,247 INFO  Executed sudo<outp_install>, exit status 1
2022-05-09 07:16:40,249 INFO  Assert that (value==1) with value=1 ... passed
2022-05-09 07:16:40,761 INFO  Executed sudo<outp_install>, exit status 1
2022-05-09 07:16:40,763 INFO  Assert that (value==1) with value=1 ... passed
2022-05-09 07:16:41,275 INFO  Executed sudo<outp_install>, exit status 1
2022-05-09 07:16:41,278 INFO  Assert that (value==1) with value=1 ... passed
2022-05-09 07:16:41,789 INFO  Executed sudo<outp_install>, exit status 1
2022-05-09 07:16:41,791 INFO  Assert that (value==1) with value=1 ... passed
2022-05-09 07:16:41,799 INFO  
2022-05-09 07:16:41,800 INFO  Test duration: 6.24 secs
2022-05-09 07:16:41,801 INFO  Test final outcome:  PASSED
2022-05-09 07:16:41,802 INFO  
