2022-05-03 13:59:39,188 INFO  ==============================================================
2022-05-03 13:59:39,188 INFO  Id:    apt_sequence_install_with_version
2022-05-03 13:59:39,188 INFO  Dir:   plugin_apt/
2022-05-03 13:59:39,188 INFO  Title: Validate apt plugin install with version use case
2022-05-03 13:59:39,188 INFO  ==============================================================
2022-05-03 13:59:39,753 INFO  Executed sudo, exit status 0
2022-05-03 13:59:40,157 INFO  Executed sudo<outp_check_0>, exit status 0
2022-05-03 13:59:40,157 INFO  Assert that (value==0) with value=0 ... passed
2022-05-03 13:59:40,158 INFO  Grep on file outp_check_0.out ... passed
2022-05-03 13:59:41,663 INFO  Executed sudo<outp_prepare>, exit status 0
2022-05-03 13:59:41,664 INFO  Assert that (value==0) with value=0 ... passed
2022-05-03 13:59:45,025 INFO  Executed sudo<outp_install>, exit status 0
2022-05-03 13:59:45,026 INFO  Assert that (value==0) with value=0 ... passed
2022-05-03 13:59:45,580 INFO  Executed sudo<outp_finalize>, exit status 0
2022-05-03 13:59:45,580 INFO  Assert that (value==0) with value=0 ... passed
2022-05-03 13:59:45,933 INFO  Executed sudo<outp_check_1>, exit status 0
2022-05-03 13:59:45,933 INFO  Assert that (value==0) with value=0 ... passed
2022-05-03 13:59:45,934 INFO  Grep on file outp_check_1.out ... passed
2022-05-03 13:59:45,935 INFO  Grep on file outp_check_1.out ... passed
2022-05-03 13:59:45,935 INFO  
2022-05-03 13:59:45,935 INFO  cleanup:
2022-05-03 13:59:49,196 INFO  Executed sudo, exit status 0
2022-05-03 13:59:49,197 INFO  
2022-05-03 13:59:49,197 INFO  Test duration: 10.00 secs
2022-05-03 13:59:49,197 INFO  Test final outcome:  PASSED
2022-05-03 13:59:49,197 INFO  
