2022-05-09 16:52:36,647 INFO  ==============================================================
2022-05-09 16:52:36,648 INFO  Id:    SoftwareManagement.Plugin.apama_plugin_install
2022-05-09 16:52:36,651 INFO  Dir:   plugin_apama/
2022-05-09 16:52:36,652 INFO  Title: Validate apama plugin install
2022-05-09 16:52:36,653 INFO  ==============================================================
2022-05-09 16:52:36,685 INFO  Assertion that path exists=False for "/etc/tedge/apama/project" ... passed
2022-05-09 16:52:38,611 INFO  Executed sudo<plugin_install>, exit status 0
2022-05-09 16:52:39,324 INFO  Executed sudo<apama_correlator_wait>, exit status 0
2022-05-09 16:52:40,036 INFO  Executed sudo<plugin_list_after_install>, exit status 0
2022-05-09 16:52:40,038 INFO  Assertion that path exists=True for "/etc/tedge/apama/project" ... passed
2022-05-09 16:52:40,752 INFO  Executed sudo<apama_list_monitors>, exit status 0
2022-05-09 16:52:40,762 INFO  Grep on file /home/pi/actions-runner/_work/thin-edge.io/thin-edge.io/tests/PySys/plugin_apama/apama_plugin_install/Output/linux/apama_list_monitors.out ... passed
2022-05-09 16:52:40,767 INFO  Grep on file plugin_list_after_install.out ... passed
2022-05-09 16:52:40,772 INFO  Grep on file plugin_list_after_install.out ... passed
2022-05-09 16:52:40,780 INFO  
2022-05-09 16:52:40,781 INFO  cleanup:
2022-05-09 16:52:40,782 INFO  Removing apama project
2022-05-09 16:52:57,426 INFO  Executed sudo<stop_apama_service>, exit status 0, duration 16 secs
2022-05-09 16:52:57,994 INFO  Executed sudo<remove_apama_project>, exit status 0
2022-05-09 16:52:58,506 INFO  Executed sudo<remove_apama_tmp_dir>, exit status 0
2022-05-09 16:52:58,510 INFO  
2022-05-09 16:52:58,511 INFO  Test duration: 21.87 secs
2022-05-09 16:52:58,512 INFO  Test final outcome:  PASSED
2022-05-09 16:52:58,513 INFO  
