2022-04-12 09:33:06,264 INFO  ==============================================================
2022-04-12 09:33:06,265 INFO  Id:    docker_plugin_install
2022-04-12 09:33:06,266 INFO  Dir:   plugin_docker/
2022-04-12 09:33:06,267 INFO  Title: Validate docker plugin install
2022-04-12 09:33:06,268 INFO  ==============================================================
2022-04-12 09:33:07,056 INFO  Executed sudo<docker_images>, exit status 0
2022-04-12 09:33:07,069 INFO  Grep on file /home/pi/actions-runner/_work/thin-edge.io/thin-edge.io/tests/PySys/plugin_docker/docker_plugin_install/Output/linux/docker_images.out ... passed
2022-04-12 09:33:29,818 INFO  Executed sudo<plugin_install>, exit status 0, duration 22 secs
2022-04-12 09:33:31,291 INFO  Executed sudo<docker_ps_latest>, exit status 0
2022-04-12 09:33:32,106 INFO  Executed sudo<docker_ps>, exit status 0
2022-04-12 09:33:32,111 INFO  Grep on file /home/pi/actions-runner/_work/thin-edge.io/thin-edge.io/tests/PySys/plugin_docker/docker_plugin_install/Output/linux/docker_ps.out ... passed
2022-04-12 09:33:32,134 INFO  
2022-04-12 09:33:32,135 INFO  cleanup:
2022-04-12 09:33:32,135 INFO  Removing containers scheduled to be cleaned up: ['c5b37e7b59c9']
2022-04-12 09:33:36,486 INFO  Executed sudo<containers_for_cleanup>, exit status 0
2022-04-12 09:33:36,487 INFO  Removing images scheduled to be cleaned up: ['registry', 'registry']
2022-04-12 09:33:40,118 INFO  Executed sudo<containers_for_cleanup>, exit status 0
2022-04-12 09:33:40,122 INFO  
2022-04-12 09:33:40,123 INFO  Test duration: 33.86 secs
2022-04-12 09:33:40,124 INFO  Test final outcome:  PASSED
2022-04-12 09:33:40,125 INFO  
