2022-04-27 14:32:19,791 INFO  ==============================================================
2022-04-27 14:32:19,793 INFO  Id:    tedge_software_update
2022-04-27 14:32:19,794 INFO  Dir:   tedge/
2022-04-27 14:32:19,795 INFO  Title: Software install from download path
2022-04-27 14:32:19,795 INFO  ==============================================================
2022-04-27 14:32:19,804 INFO  EnvironmentC8y Setup
2022-04-27 14:32:20,366 INFO  Executed systemctl<serv_mapper1>, exit status 3
2022-04-27 14:32:34,503 INFO  Executed sudo<tedge_connect_c8y>, exit status 0, duration 14 secs
2022-04-27 14:32:35,071 INFO  Executed sudo<tedge_connect_c8y_test>, exit status 0
2022-04-27 14:32:35,535 INFO  Executed systemctl<serv_mosq2>, exit status 0
2022-04-27 14:32:36,015 INFO  Executed systemctl<serv_mapper3>, exit status 0
2022-04-27 14:32:36,020 INFO  Setup
2022-04-27 14:32:36,702 INFO  Executed sudo<mkdir>, exit status 0
2022-04-27 14:32:37,417 INFO  Executed sudo<chmod>, exit status 0
2022-04-27 14:32:37,929 INFO  Executed sudo<tedge_config_get_original>, exit status 0
2022-04-27 14:32:38,492 INFO  Executed sudo, exit status 0
2022-04-27 14:32:39,005 INFO  Executed sudo<tedge_config_get_new_value>, exit status 0
2022-04-27 14:32:39,517 INFO  Executed sudo<rolldice_download>, exit status 0
2022-04-27 14:32:39,524 INFO  Grep on file tedge_config_get_new_value.out ... passed
2022-04-27 14:32:39,532 INFO  
2022-04-27 14:32:39,534 INFO  cleanup:
2022-04-27 14:32:40,065 INFO  Executed sudo, exit status 0
2022-04-27 14:32:40,629 INFO  Executed sudo<tedge_config_get_cleanup>, exit status 0
2022-04-27 14:32:40,636 INFO  Grep on file tedge_config_get_cleanup.out ... passed
2022-04-27 14:32:41,159 INFO  Executed sudo<rmdir>, exit status 0
2022-04-27 14:32:45,360 INFO  Executed sudo<tedge_disconnect_c8y>, exit status 0
2022-04-27 14:32:45,923 INFO  Executed systemctl<serv_mapper5>, exit status 3
2022-04-27 14:32:45,927 INFO  
2022-04-27 14:32:45,928 INFO  Test duration: 26.14 secs
2022-04-27 14:32:45,929 INFO  Test final outcome:  PASSED
2022-04-27 14:32:45,930 INFO  
