2022-04-07 16:30:02,413 INFO  ==============================================================
2022-04-07 16:30:02,414 INFO  Id:    sm_tedge_mapper_init_session
2022-04-07 16:30:02,415 INFO  Dir:   tedge_mapper_c8y/
2022-04-07 16:30:02,416 INFO  Title: Validate tedge_mapper_sm_c8y init session feature
2022-04-07 16:30:02,417 DEBUG Execution order hint: 0.0
2022-04-07 16:30:02,418 INFO  ==============================================================
2022-04-07 16:30:02,425 DEBUG EnvironmentC8y Setup
2022-04-07 16:30:02,426 INFO  EnvironmentC8y Setup
2022-04-07 16:30:02,428 DEBUG Process parameters for systemctl<serv_mapper1>
  command line : /usr/bin/systemctl status tedge-mapper-c8y
    arg #1     : status
    arg #2     : tedge-mapper-c8y
  working dir  : /home/pi/actions-runner/_work/thin-edge.io/thin-edge.io/tests/PySys/tedge_mapper_c8y/sm_tedge_mapper_init_session/Output/linux
  stdout       : /home/pi/actions-runner/_work/thin-edge.io/thin-edge.io/tests/PySys/tedge_mapper_c8y/sm_tedge_mapper_init_session/Output/linux/serv_mapper1.out
  stderr       : /home/pi/actions-runner/_work/thin-edge.io/thin-edge.io/tests/PySys/tedge_mapper_c8y/sm_tedge_mapper_init_session/Output/linux/serv_mapper1.err
  environment  : LD_LIBRARY_PATH=/usr/lib
  environment  : PATH=/bin:/usr/bin:/usr/sbin:/usr/local/bin
                   #1  /bin
                   #2  /usr/bin
                   #3  /usr/sbin
                   #4  /usr/local/bin
2022-04-07 16:30:02,436 DEBUG Waiting up to 600 secs for process systemctl<serv_mapper1> (pid 31933)
2022-04-07 16:30:02,998 INFO  Executed systemctl<serv_mapper1>, exit status 3
2022-04-07 16:30:03,128 INFO  Restarting mosquitto too frequently in the last 10 seconds. It was only up for 7 seconds
2022-04-07 16:30:03,130 INFO  Delaying execution by 4 seconds
2022-04-07 16:30:07,136 DEBUG Process parameters for sudo<tedge_connect_c8y>
  command line : /usr/bin/sudo /usr/bin/tedge connect c8y
    arg #1     : /usr/bin/tedge
    arg #2     : connect
    arg #3     : c8y
  working dir  : /home/pi/actions-runner/_work/thin-edge.io/thin-edge.io/tests/PySys/tedge_mapper_c8y/sm_tedge_mapper_init_session/Output/linux
  stdout       : /home/pi/actions-runner/_work/thin-edge.io/thin-edge.io/tests/PySys/tedge_mapper_c8y/sm_tedge_mapper_init_session/Output/linux/tedge_connect_c8y.out
  stderr       : /home/pi/actions-runner/_work/thin-edge.io/thin-edge.io/tests/PySys/tedge_mapper_c8y/sm_tedge_mapper_init_session/Output/linux/tedge_connect_c8y.err
  environment  : LD_LIBRARY_PATH=/usr/lib
  environment  : PATH=/bin:/usr/bin:/usr/sbin:/usr/local/bin
                   #1  /bin
                   #2  /usr/bin
                   #3  /usr/sbin
                   #4  /usr/local/bin
2022-04-07 16:30:07,146 DEBUG Waiting up to 600 secs for process sudo<tedge_connect_c8y> (pid 31939)
2022-04-07 16:30:21,007 INFO  Executed sudo<tedge_connect_c8y>, exit status 0, duration 13 secs
2022-04-07 16:30:21,010 DEBUG Process parameters for sudo<tedge_connect_c8y_test>
  command line : /usr/bin/sudo /usr/bin/tedge connect c8y --test
    arg #1     : /usr/bin/tedge
    arg #2     : connect
    arg #3     : c8y
    arg #4     : --test
  working dir  : /home/pi/actions-runner/_work/thin-edge.io/thin-edge.io/tests/PySys/tedge_mapper_c8y/sm_tedge_mapper_init_session/Output/linux
  stdout       : /home/pi/actions-runner/_work/thin-edge.io/thin-edge.io/tests/PySys/tedge_mapper_c8y/sm_tedge_mapper_init_session/Output/linux/tedge_connect_c8y_test.out
  stderr       : /home/pi/actions-runner/_work/thin-edge.io/thin-edge.io/tests/PySys/tedge_mapper_c8y/sm_tedge_mapper_init_session/Output/linux/tedge_connect_c8y_test.err
  environment  : LD_LIBRARY_PATH=/usr/lib
  environment  : PATH=/bin:/usr/bin:/usr/sbin:/usr/local/bin
                   #1  /bin
                   #2  /usr/bin
                   #3  /usr/sbin
                   #4  /usr/local/bin
2022-04-07 16:30:21,020 DEBUG Waiting up to 600 secs for process sudo<tedge_connect_c8y_test> (pid 32046)
2022-04-07 16:30:21,585 INFO  Executed sudo<tedge_connect_c8y_test>, exit status 0
2022-04-07 16:30:21,588 DEBUG Process parameters for systemctl<serv_mosq2>
  command line : /usr/bin/systemctl status mosquitto
    arg #1     : status
    arg #2     : mosquitto
  working dir  : /home/pi/actions-runner/_work/thin-edge.io/thin-edge.io/tests/PySys/tedge_mapper_c8y/sm_tedge_mapper_init_session/Output/linux
  stdout       : /home/pi/actions-runner/_work/thin-edge.io/thin-edge.io/tests/PySys/tedge_mapper_c8y/sm_tedge_mapper_init_session/Output/linux/serv_mosq2.out
  stderr       : /home/pi/actions-runner/_work/thin-edge.io/thin-edge.io/tests/PySys/tedge_mapper_c8y/sm_tedge_mapper_init_session/Output/linux/serv_mosq2.err
  environment  : LD_LIBRARY_PATH=/usr/lib
  environment  : PATH=/bin:/usr/bin:/usr/sbin:/usr/local/bin
                   #1  /bin
                   #2  /usr/bin
                   #3  /usr/sbin
                   #4  /usr/local/bin
2022-04-07 16:30:21,596 DEBUG Waiting up to 600 secs for process systemctl<serv_mosq2> (pid 32054)
2022-04-07 16:30:22,104 INFO  Executed systemctl<serv_mosq2>, exit status 0
2022-04-07 16:30:22,106 DEBUG Process parameters for systemctl<serv_mapper3>
  command line : /usr/bin/systemctl status tedge-mapper-c8y
    arg #1     : status
    arg #2     : tedge-mapper-c8y
  working dir  : /home/pi/actions-runner/_work/thin-edge.io/thin-edge.io/tests/PySys/tedge_mapper_c8y/sm_tedge_mapper_init_session/Output/linux
  stdout       : /home/pi/actions-runner/_work/thin-edge.io/thin-edge.io/tests/PySys/tedge_mapper_c8y/sm_tedge_mapper_init_session/Output/linux/serv_mapper3.out
  stderr       : /home/pi/actions-runner/_work/thin-edge.io/thin-edge.io/tests/PySys/tedge_mapper_c8y/sm_tedge_mapper_init_session/Output/linux/serv_mapper3.err
  environment  : LD_LIBRARY_PATH=/usr/lib
  environment  : PATH=/bin:/usr/bin:/usr/sbin:/usr/local/bin
                   #1  /bin
                   #2  /usr/bin
                   #3  /usr/sbin
                   #4  /usr/local/bin
2022-04-07 16:30:22,114 DEBUG Waiting up to 600 secs for process systemctl<serv_mapper3> (pid 32055)
2022-04-07 16:30:22,571 INFO  Executed systemctl<serv_mapper3>, exit status 0
2022-04-07 16:30:22,573 DEBUG --- test execute
2022-04-07 16:30:22,575 DEBUG Process parameters for sudo<stop_tedge_mapper>
  command line : /usr/bin/sudo systemctl stop tedge-mapper-c8y
    arg #1     : systemctl
    arg #2     : stop
    arg #3     : tedge-mapper-c8y
  working dir  : /home/pi/actions-runner/_work/thin-edge.io/thin-edge.io/tests/PySys/tedge_mapper_c8y/sm_tedge_mapper_init_session/Output/linux
  stdout       : /home/pi/actions-runner/_work/thin-edge.io/thin-edge.io/tests/PySys/tedge_mapper_c8y/sm_tedge_mapper_init_session/Output/linux/stop_tedge_mapper.out
  stderr       : /home/pi/actions-runner/_work/thin-edge.io/thin-edge.io/tests/PySys/tedge_mapper_c8y/sm_tedge_mapper_init_session/Output/linux/stop_tedge_mapper.err
  environment  : LD_LIBRARY_PATH=/usr/lib
  environment  : PATH=/bin:/usr/bin:/usr/sbin:/usr/local/bin
                   #1  /bin
                   #2  /usr/bin
                   #3  /usr/sbin
                   #4  /usr/local/bin
2022-04-07 16:30:22,583 DEBUG Waiting up to 600 secs for process sudo<stop_tedge_mapper> (pid 32056)
2022-04-07 16:30:23,141 INFO  Executed sudo<stop_tedge_mapper>, exit status 0
2022-04-07 16:30:23,143 DEBUG Process parameters for sudo<remove_lock>
  command line : /usr/bin/sudo rm -rf /var/lock/tedge-mapper-c8y.lock
    arg #1     : rm
    arg #2     : -rf
    arg #3     : /var/lock/tedge-mapper-c8y.lock
  working dir  : /home/pi/actions-runner/_work/thin-edge.io/thin-edge.io/tests/PySys/tedge_mapper_c8y/sm_tedge_mapper_init_session/Output/linux
  stdout       : /home/pi/actions-runner/_work/thin-edge.io/thin-edge.io/tests/PySys/tedge_mapper_c8y/sm_tedge_mapper_init_session/Output/linux/remove_lock.out
  stderr       : /home/pi/actions-runner/_work/thin-edge.io/thin-edge.io/tests/PySys/tedge_mapper_c8y/sm_tedge_mapper_init_session/Output/linux/remove_lock.err
  environment  : LD_LIBRARY_PATH=/usr/lib
  environment  : PATH=/bin:/usr/bin:/usr/sbin:/usr/local/bin
                   #1  /bin
                   #2  /usr/bin
                   #3  /usr/sbin
                   #4  /usr/local/bin
2022-04-07 16:30:23,152 DEBUG Waiting up to 600 secs for process sudo<remove_lock> (pid 32058)
2022-04-07 16:30:23,660 INFO  Executed sudo<remove_lock>, exit status 0
2022-04-07 16:30:23,663 DEBUG Process parameters for sudo<mapper_drop>
  command line : /usr/bin/sudo /usr/bin/tedge_mapper --clear c8y
    arg #1     : /usr/bin/tedge_mapper
    arg #2     : --clear
    arg #3     : c8y
  working dir  : /home/pi/actions-runner/_work/thin-edge.io/thin-edge.io/tests/PySys/tedge_mapper_c8y/sm_tedge_mapper_init_session/Output/linux
  stdout       : /home/pi/actions-runner/_work/thin-edge.io/thin-edge.io/tests/PySys/tedge_mapper_c8y/sm_tedge_mapper_init_session/Output/linux/mapper_drop.out
  stderr       : /home/pi/actions-runner/_work/thin-edge.io/thin-edge.io/tests/PySys/tedge_mapper_c8y/sm_tedge_mapper_init_session/Output/linux/mapper_drop.err
  environment  : LD_LIBRARY_PATH=/usr/lib
  environment  : PATH=/bin:/usr/bin:/usr/sbin:/usr/local/bin
                   #1  /bin
                   #2  /usr/bin
                   #3  /usr/sbin
                   #4  /usr/local/bin
2022-04-07 16:30:23,671 DEBUG Waiting up to 600 secs for process sudo<mapper_drop> (pid 32061)
2022-04-07 16:30:24,178 INFO  Executed sudo<mapper_drop>, exit status 0
2022-04-07 16:30:24,180 DEBUG Process parameters for sudo<mapper_init>
  command line : /usr/bin/sudo /usr/bin/tedge_mapper --init c8y
    arg #1     : /usr/bin/tedge_mapper
    arg #2     : --init
    arg #3     : c8y
  working dir  : /home/pi/actions-runner/_work/thin-edge.io/thin-edge.io/tests/PySys/tedge_mapper_c8y/sm_tedge_mapper_init_session/Output/linux
  stdout       : /home/pi/actions-runner/_work/thin-edge.io/thin-edge.io/tests/PySys/tedge_mapper_c8y/sm_tedge_mapper_init_session/Output/linux/mapper_init.out
  stderr       : /home/pi/actions-runner/_work/thin-edge.io/thin-edge.io/tests/PySys/tedge_mapper_c8y/sm_tedge_mapper_init_session/Output/linux/mapper_init.err
  environment  : LD_LIBRARY_PATH=/usr/lib
  environment  : PATH=/bin:/usr/bin:/usr/sbin:/usr/local/bin
                   #1  /bin
                   #2  /usr/bin
                   #3  /usr/sbin
                   #4  /usr/local/bin
2022-04-07 16:30:24,189 DEBUG Waiting up to 600 secs for process sudo<mapper_init> (pid 32067)
2022-04-07 16:30:24,747 INFO  Executed sudo<mapper_init>, exit status 0
2022-04-07 16:30:24,749 DEBUG Process parameters for sudo<pub_req>
  command line : /usr/bin/sudo /usr/bin/tedge mqtt pub --qos 1 c8y/s/us 118,software-management
    arg #1     : /usr/bin/tedge
    arg #2     : mqtt
    arg #3     : pub
    arg #4     : --qos
    arg #5     : 1
    arg #6     : c8y/s/us
    arg #7     : 118,software-management
  working dir  : /home/pi/actions-runner/_work/thin-edge.io/thin-edge.io/tests/PySys/tedge_mapper_c8y/sm_tedge_mapper_init_session/Output/linux
  stdout       : /home/pi/actions-runner/_work/thin-edge.io/thin-edge.io/tests/PySys/tedge_mapper_c8y/sm_tedge_mapper_init_session/Output/linux/pub_req.out
  stderr       : /home/pi/actions-runner/_work/thin-edge.io/thin-edge.io/tests/PySys/tedge_mapper_c8y/sm_tedge_mapper_init_session/Output/linux/pub_req.err
  environment  : LD_LIBRARY_PATH=/usr/lib
  environment  : PATH=/bin:/usr/bin:/usr/sbin:/usr/local/bin
                   #1  /bin
                   #2  /usr/bin
                   #3  /usr/sbin
                   #4  /usr/local/bin
2022-04-07 16:30:24,758 DEBUG Waiting up to 600 secs for process sudo<pub_req> (pid 32073)
2022-04-07 16:30:25,267 INFO  Executed sudo<pub_req>, exit status 0
2022-04-07 16:30:25,269 DEBUG Process parameters for sudo<sub_resp>
  command line : /usr/bin/sudo /usr/bin/tedge mqtt sub tedge/commands/req/software/list
    arg #1     : /usr/bin/tedge
    arg #2     : mqtt
    arg #3     : sub
    arg #4     : tedge/commands/req/software/list
  working dir  : /home/pi/actions-runner/_work/thin-edge.io/thin-edge.io/tests/PySys/tedge_mapper_c8y/sm_tedge_mapper_init_session/Output/linux
  stdout       : /home/pi/actions-runner/_work/thin-edge.io/thin-edge.io/tests/PySys/tedge_mapper_c8y/sm_tedge_mapper_init_session/Output/linux/sub_resp.out
  stderr       : /home/pi/actions-runner/_work/thin-edge.io/thin-edge.io/tests/PySys/tedge_mapper_c8y/sm_tedge_mapper_init_session/Output/linux/sub_resp.err
  environment  : LD_LIBRARY_PATH=/usr/lib
  environment  : PATH=/bin:/usr/bin:/usr/sbin:/usr/local/bin
                   #1  /bin
                   #2  /usr/bin
                   #3  /usr/sbin
                   #4  /usr/local/bin
2022-04-07 16:30:25,277 INFO  Started sudo<sub_resp> with process id 32075
2022-04-07 16:30:25,282 DEBUG Process parameters for sudo<start_mapper>
  command line : /usr/bin/sudo /usr/bin/systemctl start tedge-mapper-c8y
    arg #1     : /usr/bin/systemctl
    arg #2     : start
    arg #3     : tedge-mapper-c8y
  working dir  : /home/pi/actions-runner/_work/thin-edge.io/thin-edge.io/tests/PySys/tedge_mapper_c8y/sm_tedge_mapper_init_session/Output/linux
  stdout       : /home/pi/actions-runner/_work/thin-edge.io/thin-edge.io/tests/PySys/tedge_mapper_c8y/sm_tedge_mapper_init_session/Output/linux/start_mapper.out
  stderr       : /home/pi/actions-runner/_work/thin-edge.io/thin-edge.io/tests/PySys/tedge_mapper_c8y/sm_tedge_mapper_init_session/Output/linux/start_mapper.err
  environment  : LD_LIBRARY_PATH=/usr/lib
  environment  : PATH=/bin:/usr/bin:/usr/sbin:/usr/local/bin
                   #1  /bin
                   #2  /usr/bin
                   #3  /usr/sbin
                   #4  /usr/local/bin
2022-04-07 16:30:25,291 DEBUG Waiting up to 600 secs for process sudo<start_mapper> (pid 32076)
2022-04-07 16:30:25,849 INFO  Executed sudo<start_mapper>, exit status 0
2022-04-07 16:30:25,851 INFO  Waiting for 2.0 seconds
2022-04-07 16:30:27,859 DEBUG Process parameters for sudo<sub_stop>
  command line : /usr/bin/sudo killall tedge
    arg #1     : killall
    arg #2     : tedge
  working dir  : /home/pi/actions-runner/_work/thin-edge.io/thin-edge.io/tests/PySys/tedge_mapper_c8y/sm_tedge_mapper_init_session/Output/linux
  stdout       : /home/pi/actions-runner/_work/thin-edge.io/thin-edge.io/tests/PySys/tedge_mapper_c8y/sm_tedge_mapper_init_session/Output/linux/sub_stop.out
  stderr       : /home/pi/actions-runner/_work/thin-edge.io/thin-edge.io/tests/PySys/tedge_mapper_c8y/sm_tedge_mapper_init_session/Output/linux/sub_stop.err
  environment  : LD_LIBRARY_PATH=/usr/lib
  environment  : PATH=/bin:/usr/bin:/usr/sbin:/usr/local/bin
                   #1  /bin
                   #2  /usr/bin
                   #3  /usr/sbin
                   #4  /usr/local/bin
2022-04-07 16:30:27,868 DEBUG Waiting up to 600 secs for process sudo<sub_stop> (pid 32096)
2022-04-07 16:30:28,377 INFO  Executed sudo<sub_stop>, exit status 0
2022-04-07 16:30:28,378 DEBUG --- test validate
2022-04-07 16:30:28,379 DEBUG Performing regex contains=True grep on file: /home/pi/actions-runner/_work/thin-edge.io/thin-edge.io/tests/PySys/tedge_mapper_c8y/sm_tedge_mapper_init_session/Output/linux/sub_resp.out
2022-04-07 16:30:28,384 DEBUG Grep on file sub_resp.out successfully matched expression "id" with line: '[tedge/commands/req/software/list] {"id":"8YC99h4I5c4gQVcq3cIbr"}\n'
2022-04-07 16:30:28,385 INFO  Grep on file sub_resp.out ... passed
2022-04-07 16:30:28,394 DEBUG --- test cleanup
2022-04-07 16:30:28,395 INFO  
2022-04-07 16:30:28,396 INFO  cleanup:
2022-04-07 16:30:28,397 DEBUG Running registered cleanup function: <bound method TedgeSMMapperInitSession.init_cleanup of <TedgeSMMapperInitSession object at 0x75b9fdf0>>
2022-04-07 16:30:28,397 DEBUG EnvironmentC8y Cleanup
2022-04-07 16:30:28,510 DEBUG Process parameters for sudo<tedge_disconnect_c8y>
  command line : /usr/bin/sudo /usr/bin/tedge disconnect c8y
    arg #1     : /usr/bin/tedge
    arg #2     : disconnect
    arg #3     : c8y
  working dir  : /home/pi/actions-runner/_work/thin-edge.io/thin-edge.io/tests/PySys/tedge_mapper_c8y/sm_tedge_mapper_init_session/Output/linux
  stdout       : /home/pi/actions-runner/_work/thin-edge.io/thin-edge.io/tests/PySys/tedge_mapper_c8y/sm_tedge_mapper_init_session/Output/linux/tedge_disconnect_c8y.out
  stderr       : /home/pi/actions-runner/_work/thin-edge.io/thin-edge.io/tests/PySys/tedge_mapper_c8y/sm_tedge_mapper_init_session/Output/linux/tedge_disconnect_c8y.err
  environment  : LD_LIBRARY_PATH=/usr/lib
  environment  : PATH=/bin:/usr/bin:/usr/sbin:/usr/local/bin
                   #1  /bin
                   #2  /usr/bin
                   #3  /usr/sbin
                   #4  /usr/local/bin
2022-04-07 16:30:28,519 DEBUG Waiting up to 600 secs for process sudo<tedge_disconnect_c8y> (pid 32101)
2022-04-07 16:30:32,760 INFO  Executed sudo<tedge_disconnect_c8y>, exit status 0
2022-04-07 16:30:32,765 DEBUG Process parameters for systemctl<serv_mapper5>
  command line : /usr/bin/systemctl status tedge-mapper-c8y
    arg #1     : status
    arg #2     : tedge-mapper-c8y
  working dir  : /home/pi/actions-runner/_work/thin-edge.io/thin-edge.io/tests/PySys/tedge_mapper_c8y/sm_tedge_mapper_init_session/Output/linux
  stdout       : /home/pi/actions-runner/_work/thin-edge.io/thin-edge.io/tests/PySys/tedge_mapper_c8y/sm_tedge_mapper_init_session/Output/linux/serv_mapper5.out
  stderr       : /home/pi/actions-runner/_work/thin-edge.io/thin-edge.io/tests/PySys/tedge_mapper_c8y/sm_tedge_mapper_init_session/Output/linux/serv_mapper5.err
  environment  : LD_LIBRARY_PATH=/usr/lib
  environment  : PATH=/bin:/usr/bin:/usr/sbin:/usr/local/bin
                   #1  /bin
                   #2  /usr/bin
                   #3  /usr/sbin
                   #4  /usr/local/bin
2022-04-07 16:30:32,775 DEBUG Waiting up to 600 secs for process systemctl<serv_mapper5> (pid 32141)
2022-04-07 16:30:33,333 INFO  Executed systemctl<serv_mapper5>, exit status 3
2022-04-07 16:30:33,334 DEBUG Running registered cleanup function: <bound method EnvironmentC8y.myenvcleanup of <TedgeSMMapperInitSession object at 0x75b9fdf0>>
2022-04-07 16:30:33,335 DEBUG EnvironmentC8y Cleanup
2022-04-07 16:30:33,443 INFO  Restarting mosquitto too frequently in the last 10 seconds. It was only up for 4 seconds
2022-04-07 16:30:33,445 INFO  Delaying execution by 7 seconds
2022-04-07 16:30:40,454 DEBUG Process parameters for sudo<tedge_disconnect_c8y>
  command line : /usr/bin/sudo /usr/bin/tedge disconnect c8y
    arg #1     : /usr/bin/tedge
    arg #2     : disconnect
    arg #3     : c8y
  working dir  : /home/pi/actions-runner/_work/thin-edge.io/thin-edge.io/tests/PySys/tedge_mapper_c8y/sm_tedge_mapper_init_session/Output/linux
  stdout       : /home/pi/actions-runner/_work/thin-edge.io/thin-edge.io/tests/PySys/tedge_mapper_c8y/sm_tedge_mapper_init_session/Output/linux/tedge_disconnect_c8y.out
  stderr       : /home/pi/actions-runner/_work/thin-edge.io/thin-edge.io/tests/PySys/tedge_mapper_c8y/sm_tedge_mapper_init_session/Output/linux/tedge_disconnect_c8y.err
  environment  : LD_LIBRARY_PATH=/usr/lib
  environment  : PATH=/bin:/usr/bin:/usr/sbin:/usr/local/bin
                   #1  /bin
                   #2  /usr/bin
                   #3  /usr/sbin
                   #4  /usr/local/bin
2022-04-07 16:30:40,463 DEBUG Waiting up to 600 secs for process sudo<tedge_disconnect_c8y> (pid 32145)
2022-04-07 16:30:40,981 INFO  Executed sudo<tedge_disconnect_c8y>, exit status 0
2022-04-07 16:30:40,983 DEBUG Process parameters for systemctl<serv_mapper5>
  command line : /usr/bin/systemctl status tedge-mapper-c8y
    arg #1     : status
    arg #2     : tedge-mapper-c8y
  working dir  : /home/pi/actions-runner/_work/thin-edge.io/thin-edge.io/tests/PySys/tedge_mapper_c8y/sm_tedge_mapper_init_session/Output/linux
  stdout       : /home/pi/actions-runner/_work/thin-edge.io/thin-edge.io/tests/PySys/tedge_mapper_c8y/sm_tedge_mapper_init_session/Output/linux/serv_mapper5.out
  stderr       : /home/pi/actions-runner/_work/thin-edge.io/thin-edge.io/tests/PySys/tedge_mapper_c8y/sm_tedge_mapper_init_session/Output/linux/serv_mapper5.err
  environment  : LD_LIBRARY_PATH=/usr/lib
  environment  : PATH=/bin:/usr/bin:/usr/sbin:/usr/local/bin
                   #1  /bin
                   #2  /usr/bin
                   #3  /usr/sbin
                   #4  /usr/local/bin
2022-04-07 16:30:40,992 DEBUG Waiting up to 600 secs for process systemctl<serv_mapper5> (pid 32147)
2022-04-07 16:30:41,599 INFO  Executed systemctl<serv_mapper5>, exit status 3
2022-04-07 16:30:41,600 DEBUG ProcessUser cleanup function done.
2022-04-07 16:30:41,604 INFO  
2022-04-07 16:30:41,605 INFO  Test duration: 39.20 secs
2022-04-07 16:30:41,606 INFO  Test final outcome:  PASSED
2022-04-07 16:30:41,607 INFO  
