2022-05-03 08:04:41,818 INFO  ==============================================================
2022-05-03 08:04:41,819 INFO  Id:    c8y_restart_bridge
2022-05-03 08:04:41,820 INFO  Dir:   tedge_connect/
2022-05-03 08:04:41,821 INFO  Title: Bridge restart
2022-05-03 08:04:41,821 INFO  ==============================================================
2022-05-03 08:04:41,826 INFO  EnvironmentC8y Setup
2022-05-03 08:04:42,439 INFO  Executed systemctl<serv_mapper1>, exit status 3
2022-05-03 08:04:56,971 INFO  Executed sudo<tedge_connect_c8y>, exit status 0, duration 14 secs
2022-05-03 08:04:57,601 INFO  Executed sudo<tedge_connect_c8y_test>, exit status 0
2022-05-03 08:04:58,067 INFO  Executed systemctl<serv_mosq2>, exit status 0
2022-05-03 08:04:58,535 INFO  Executed systemctl<serv_mapper3>, exit status 0
2022-05-03 08:04:58,537 INFO  Setup
2022-05-03 08:04:58,538 INFO  Execute (empty in this case as we test the c8y enviroment)
2022-05-03 08:04:59,000 INFO  Executed systemctl<serv_mosq>, exit status 0
2022-05-03 08:04:59,464 INFO  Executed systemctl<serv_mapper4>, exit status 0
2022-05-03 08:04:59,466 INFO  Validate
2022-05-03 08:04:59,473 INFO  Grep on file tedge_connect_c8y.out ... passed
2022-05-03 08:04:59,482 INFO  Grep on file tedge_connect_c8y.out ... passed
2022-05-03 08:04:59,490 INFO  
2022-05-03 08:04:59,491 INFO  cleanup:
2022-05-03 08:04:59,492 INFO  MyCleanup
2022-05-03 08:05:03,447 INFO  Executed sudo<tedge_disconnect_c8y>, exit status 0
2022-05-03 08:05:04,010 INFO  Executed systemctl<serv_mapper5>, exit status 3
2022-05-03 08:05:04,014 INFO  
2022-05-03 08:05:04,015 INFO  Test duration: 22.20 secs
2022-05-03 08:05:04,016 INFO  Test final outcome:  PASSED
2022-05-03 08:05:04,017 INFO  
