2022-05-03 08:48:35,596 INFO  ==============================================================
2022-05-03 08:48:35,597 INFO  Id:    docker_plugin_install_with_version
2022-05-03 08:48:35,598 INFO  Dir:   plugin_docker/
2022-05-03 08:48:35,599 INFO  Title: Validate docker plugin install
2022-05-03 08:48:35,600 INFO  ==============================================================
2022-05-03 08:48:36,390 INFO  Executed sudo<docker_images>, exit status 0
2022-05-03 08:48:36,395 INFO  Grep on file /home/pi/actions-runner/_work/thin-edge.io/thin-edge.io/tests/PySys/plugin_docker/docker_plugin_install_with_version/Output/linux/docker_images.out ... passed
2022-05-03 08:49:00,783 INFO  Executed sudo<plugin_install>, exit status 0, duration 24 secs
2022-05-03 08:49:01,964 INFO  Executed sudo<docker_ps_latest>, exit status 0
2022-05-03 08:49:02,779 INFO  Executed sudo<docker_ps>, exit status 0
2022-05-03 08:49:02,786 INFO  Grep on file /home/pi/actions-runner/_work/thin-edge.io/thin-edge.io/tests/PySys/plugin_docker/docker_plugin_install_with_version/Output/linux/docker_ps.out ... passed
2022-05-03 08:49:02,791 INFO  
2022-05-03 08:49:02,792 INFO  cleanup:
2022-05-03 08:49:02,793 INFO  Removing containers scheduled to be cleaned up: ['e5422cd8d00b', 'faeae964f069']
2022-05-03 08:49:05,771 WARN  Executed sudo<containers_for_cleanup>, exit status 1
2022-05-03 08:49:05,772 INFO  Removing images scheduled to be cleaned up: ['registry', 'registry', 'registry:2.7.1']
2022-05-03 08:49:09,367 INFO  Executed sudo<containers_for_cleanup>, exit status 0
2022-05-03 08:49:09,371 INFO  
2022-05-03 08:49:09,372 INFO  Test duration: 33.78 secs
2022-05-03 08:49:09,373 INFO  Test final outcome:  PASSED
2022-05-03 08:49:09,374 INFO  
