2022-04-12 08:55:01,075 INFO  ==============================================================
2022-04-12 08:55:01,076 INFO  Id:    tedge_mapper_c8y_positive
2022-04-12 08:55:01,077 INFO  Dir:   tedge_mapper_c8y/
2022-04-12 08:55:01,078 INFO  Title: Validate the Cumulocity Mapper that publishes a Thin Edge JSON message on c8y/measurement/measurements/create when it receives a valid JSON message on tedge/measurements
2022-04-12 08:55:01,079 INFO  ==============================================================
2022-04-12 08:55:01,085 INFO  EnvironmentC8y Setup
2022-04-12 08:55:01,714 INFO  Executed systemctl<serv_mapper1>, exit status 3
2022-04-12 08:55:01,821 INFO  Restarting mosquitto too frequently in the last 10 seconds. It was only up for 4 seconds
2022-04-12 08:55:01,822 INFO  Delaying execution by 7 seconds
2022-04-12 08:55:23,184 INFO  Executed sudo<tedge_connect_c8y>, exit status 0, duration 14 secs
2022-04-12 08:55:23,801 INFO  Executed sudo<tedge_connect_c8y_test>, exit status 0
2022-04-12 08:55:24,268 INFO  Executed systemctl<serv_mosq2>, exit status 0
2022-04-12 08:55:24,732 INFO  Executed systemctl<serv_mapper3>, exit status 0
2022-04-12 08:55:25,296 INFO  Executed sudo<tedge_mapper_c8y>, exit status 0
2022-04-12 08:55:25,306 INFO  Started sudo<tedge_sub> with process id 9975
2022-04-12 08:55:25,931 INFO  Executed sudo<tedge_temp>, exit status 0
2022-04-12 08:55:26,498 INFO  Executed sudo<kill_out>, exit status 0
2022-04-12 08:55:26,502 INFO  Assert that (actual == expected) with actual="ThinEdgeMeasurement", expected="ThinEdgeMeasurement" ... passed
2022-04-12 08:55:26,504 INFO  Assert that (actual == expected) with actual=12.0, expected=12 ... passed
2022-04-12 08:55:26,506 INFO  Assert that (actual == expected) with actual="2021-06-15T17:01:15.806181503+02:00", expected="2021-06-15T17:01:15.806181503+02:00" ... passed
2022-04-12 08:55:26,513 INFO  
2022-04-12 08:55:26,514 INFO  cleanup:
2022-04-12 08:55:26,515 INFO  mapper_cleanup
2022-04-12 08:55:27,078 INFO  Executed sudo<tedge_mapper_c8y>, exit status 0
2022-04-12 08:55:30,978 INFO  Executed sudo<tedge_disconnect_c8y>, exit status 0
2022-04-12 08:55:31,554 INFO  Executed systemctl<serv_mapper5>, exit status 3
2022-04-12 08:55:31,558 INFO  
2022-04-12 08:55:31,559 INFO  Test duration: 30.49 secs
2022-04-12 08:55:31,560 INFO  Test final outcome:  PASSED
2022-04-12 08:55:31,561 INFO  
