2022-05-16 08:30:01,137 INFO  ==============================================================
2022-05-16 08:30:01,138 INFO  Id:    SoftwareManagement.Plugin.apama_plugin_remove
2022-05-16 08:30:01,139 INFO  Dir:   plugin_apama/
2022-05-16 08:30:01,140 INFO  Title: Validate apama plugin remove
2022-05-16 08:30:01,141 INFO  ==============================================================
2022-05-16 08:30:01,171 INFO  Assertion that path exists=False for "/etc/tedge/apama/project" ... passed
2022-05-16 08:30:01,681 INFO  Executed sudo<create_project_dir>, exit status 0
2022-05-16 08:30:02,309 INFO  Executed sudo<unzip_apama_project>, exit status 0
2022-05-16 08:30:02,836 INFO  Executed sudo<move_apama_project>, exit status 0
2022-05-16 08:30:03,701 INFO  Executed sudo<restart_apama_service>, exit status 0
2022-05-16 08:30:03,703 INFO  Assertion that path exists=True for "/etc/tedge/apama/project" ... passed
2022-05-16 08:30:19,768 INFO  Executed sudo<plugin_remove>, exit status 0, duration 16 secs
2022-05-16 08:30:19,771 INFO  Assertion that path exists=False for "/etc/tedge/apama/project" ... passed
2022-05-16 08:30:19,781 INFO  
2022-05-16 08:30:19,782 INFO  cleanup:
2022-05-16 08:30:20,341 INFO  Executed sudo<remove_apama_tmp_dir>, exit status 0
2022-05-16 08:30:20,345 INFO  
2022-05-16 08:30:20,346 INFO  Test duration: 19.22 secs
2022-05-16 08:30:20,347 INFO  Test final outcome:  PASSED
2022-05-16 08:30:20,348 INFO  
