2022-04-19 14:24:00,135 INFO  ==============================================================
2022-04-19 14:24:00,136 INFO  Id:    SoftwareManagement.Plugin.apama_plugin_mon_support
2022-04-19 14:24:00,137 INFO  Dir:   plugin_apama/
2022-04-19 14:24:00,138 INFO  Title: Validate mon file support of apama plugin
2022-04-19 14:24:00,138 INFO  ==============================================================
2022-04-19 14:24:00,146 INFO  Assertion that path exists=False for "/etc/tedge/apama/project" ... passed
2022-04-19 14:24:00,656 INFO  Executed sudo<create_project_dir>, exit status 0
2022-04-19 14:24:01,369 INFO  Executed sudo<unzip_apama_project>, exit status 0
2022-04-19 14:24:01,981 INFO  Executed sudo<move_apama_project>, exit status 0
2022-04-19 14:24:03,097 INFO  Executed sudo<restart_apama_service>, exit status 0
2022-04-19 14:24:03,912 INFO  Executed sudo<apama_correlator_wait>, exit status 0
2022-04-19 14:24:04,624 INFO  Executed sudo<apama_list_monitors>, exit status 0
2022-04-19 14:24:04,630 INFO  Grep on file /home/pi/actions-runner/_work/thin-edge.io/thin-edge.io/tests/PySys/plugin_apama/apama_plugin_mon_support/Output/linux/apama_list_monitors.out ... passed
2022-04-19 14:24:05,342 INFO  Executed sudo<plugin_list_before_install>, exit status 0
2022-04-19 14:24:06,307 INFO  Executed sudo<plugin_install>, exit status 0
2022-04-19 14:24:07,019 INFO  Executed sudo<apama_correlator_wait>, exit status 0
2022-04-19 14:24:07,781 INFO  Executed sudo<plugin_list_after_install>, exit status 0
2022-04-19 14:24:08,997 INFO  Executed sudo<plugin_update>, exit status 0
2022-04-19 14:24:09,710 INFO  Executed sudo<apama_correlator_wait>, exit status 0
2022-04-19 14:24:10,479 INFO  Executed sudo<plugin_list_after_update>, exit status 0
2022-04-19 14:24:11,293 INFO  Executed sudo<plugin_remove>, exit status 0
2022-04-19 14:24:12,340 INFO  Executed sudo<plugin_list_after_remove>, exit status 0
2022-04-19 14:24:12,346 INFO  Grep on file plugin_list_before_install.out ... passed
2022-04-19 14:24:12,350 INFO  Grep on file plugin_list_after_install.out ... passed
2022-04-19 14:24:12,355 INFO  Grep on file plugin_list_after_update.out ... passed
2022-04-19 14:24:12,359 INFO  Grep on file plugin_list_after_remove.out ... passed
2022-04-19 14:24:12,368 INFO  
2022-04-19 14:24:12,369 INFO  cleanup:
2022-04-19 14:24:12,369 INFO  Removing apama project
2022-04-19 14:24:28,358 INFO  Executed sudo<stop_apama_service>, exit status 0, duration 15 secs
2022-04-19 14:24:28,920 INFO  Executed sudo<remove_apama_project>, exit status 0
2022-04-19 14:24:29,431 INFO  Executed sudo<remove_apama_tmp_dir>, exit status 0
2022-04-19 14:24:29,435 INFO  
2022-04-19 14:24:29,436 INFO  Test duration: 29.32 secs
2022-04-19 14:24:29,437 INFO  Test final outcome:  PASSED
2022-04-19 14:24:29,438 INFO  
