2022-04-19 13:50:14,421 INFO  ==============================================================
2022-04-19 13:50:14,422 INFO  Id:    apt_install_local_file_with_version
2022-04-19 13:50:14,423 INFO  Dir:   plugin_apt/
2022-04-19 13:50:14,424 INFO  Title: Validate apt plugin install from local file AND with a version - SUCCESS case
2022-04-19 13:50:14,425 INFO  ==============================================================
2022-04-19 13:50:16,401 INFO  URL of rolldice is b"'http://mirror.mythic-beasts.com/raspbian/pool/main/r/rolldice/rolldice_1.16-1+b1_armhf.deb'"
2022-04-19 13:50:18,463 INFO  Downloaded rolldcice in version 1.16-1+b1
2022-04-19 13:50:18,464 INFO  Filename is rolldice_1.16-1+b1_armhf.deb
2022-04-19 13:50:23,248 INFO  Executed sudo, exit status 0
2022-04-19 13:50:25,775 INFO  Executed sudo<outp_check_0>, exit status 0
2022-04-19 13:50:25,777 INFO  Assert that (value==0) with value=0 ... passed
2022-04-19 13:50:25,782 INFO  Grep on file outp_check_0.out ... passed
2022-04-19 13:51:05,621 INFO  Executed sudo<outp_install>, exit status 0, duration 39 secs
2022-04-19 13:51:05,624 INFO  Assert that (value==0) with value=0 ... passed
2022-04-19 13:51:10,945 INFO  Executed sudo<outp_check_1>, exit status 0
2022-04-19 13:51:10,947 INFO  Assert that (value==0) with value=0 ... passed
2022-04-19 13:51:10,952 INFO  Grep on file outp_check_1.out ... passed
2022-04-19 13:51:10,958 INFO  
2022-04-19 13:51:10,959 INFO  cleanup:
2022-04-19 13:51:10,963 INFO  
2022-04-19 13:51:10,963 INFO  Test duration: 56.55 secs
2022-04-19 13:51:10,965 INFO  Test final outcome:  PASSED
2022-04-19 13:51:10,966 INFO  
