2022-05-16 08:32:04,524 INFO  ==============================================================
2022-05-16 08:32:04,525 INFO  Id:    SoftwareManagement.sm_apt_install_remove_multiple
2022-05-16 08:32:04,526 INFO  Dir:   software_management_end_to_end/
2022-05-16 08:32:04,527 INFO  Title: Validate end to end behaviour for the apt plugin for multiple packages
2022-05-16 08:32:04,527 INFO  ==============================================================
2022-05-16 08:32:04,536 INFO  Using sw id database: {'asciijump': '5475369', 'robotfindskitten': '5474869', 'squirrel3': '5475279', 'rolldice': '5152439', 'moon-buggy': '5439204', 'apple': '5495053', 'banana': '5494888', 'cherry': '5495382', 'watermelon': '5494510', 'registry': '8018911', 'hello-world': '8021526', 'docker/getting-started': '8021973', 'alpine': '7991792'}
2022-05-16 08:32:04,537 INFO  EnvironmentC8y Setup
2022-05-16 08:32:05,099 INFO  Executed systemctl<serv_mapper1>, exit status 3
2022-05-16 08:32:05,203 INFO  Restarting mosquitto too frequently in the last 10 seconds. It was only up for 5 seconds
2022-05-16 08:32:05,205 INFO  Delaying execution by 6 seconds
2022-05-16 08:32:25,745 INFO  Executed sudo<tedge_connect_c8y>, exit status 0, duration 14 secs
2022-05-16 08:32:26,362 INFO  Executed sudo<tedge_connect_c8y_test>, exit status 0
2022-05-16 08:32:26,825 INFO  Executed systemctl<serv_mosq2>, exit status 0
2022-05-16 08:32:27,293 INFO  Executed systemctl<serv_mapper3>, exit status 0
2022-05-16 08:32:29,538 INFO  State of current operation: SUCCESSFUL
2022-05-16 08:32:29,777 INFO  Assert that (False == value) with value=False ... passed
2022-05-16 08:32:30,030 INFO  Package asciijump is installed
2022-05-16 08:32:30,087 WARN  Assert that (False == value) with value=True ... failed 
2022-05-16 08:32:30,321 INFO  Package squirrel3 is installed
2022-05-16 08:32:30,344 WARN  Assert that (False == value) with value=True ... failed 
2022-05-16 08:32:30,566 INFO  Package robotfindskitten is installed
2022-05-16 08:32:30,591 WARN  Assert that (False == value) with value=True ... failed 
2022-05-16 08:32:30,813 INFO  Response status: 201
2022-05-16 08:32:30,815 INFO  Response to action: {
    "delivery": {
        "time": "2022-05-16T08:32:30.785Z",
        "log": [],
        "status": "PENDING"
    },
    "creationTime": "2022-05-16T08:32:30.771Z",
    "deviceId": "19054949",
    "deviceName": "mythica",
    "self": "https://t493319102.eu-latest.cumulocity.com/devicecontrol/operations/19133211",
    "id": "19133211",
    "status": "PENDING",
    "description": "Apply software changes, triggered from PySys: [{'action': 'install', 'id': '5475369', 'name': 'asciijump', 'url': ' ', 'version': '::apt'}, {'action': 'install', 'id': '5474869', 'name': 'robotfindskitten', 'url': ' ', 'version': '::apt'}, {'action': 'install', 'id': '5475279', 'name': 'squirrel3', 'url': ' ', 'version': '::apt'}]",
    "c8y_SoftwareUpdate": [
        {
            "name": "asciijump",
            "action": "install",
            "id": "5475369",
            "version": "::apt",
            "url": " "
        },
        {
            "name": "robotfindskitten",
            "action": "install",
            "id": "5474869",
            "version": "::apt",
            "url": " "
        },
        {
            "name": "squirrel3",
            "action": "install",
            "id": "5475279",
            "version": "::apt",
            "url": " "
        }
    ]
}
2022-05-16 08:32:30,816 INFO  Started operation: {'delivery': {'time': '2022-05-16T08:32:30.785Z', 'log': [], 'status': 'PENDING'}, 'creationTime': '2022-05-16T08:32:30.771Z', 'deviceId': '19054949', 'deviceName': 'mythica', 'self': 'https://t493319102.eu-latest.cumulocity.com/devicecontrol/operations/19133211', 'id': '19133211', 'status': 'PENDING', 'description': "Apply software changes, triggered from PySys: [{'action': 'install', 'id': '5475369', 'name': 'asciijump', 'url': ' ', 'version': '::apt'}, {'action': 'install', 'id': '5474869', 'name': 'robotfindskitten', 'url': ' ', 'version': '::apt'}, {'action': 'install', 'id': '5475279', 'name': 'squirrel3', 'url': ' ', 'version': '::apt'}]", 'c8y_SoftwareUpdate': [{'name': 'asciijump', 'action': 'install', 'id': '5475369', 'version': '::apt', 'url': ' '}, {'name': 'robotfindskitten', 'action': 'install', 'id': '5474869', 'version': '::apt', 'url': ' '}, {'name': 'squirrel3', 'action': 'install', 'id': '5475279', 'version': '::apt', 'url': ' '}]}
2022-05-16 08:32:33,032 INFO  State of operation 19133211 : PENDING
2022-05-16 08:32:35,287 INFO  State of operation 19133211 : EXECUTING
2022-05-16 08:32:37,499 INFO  State of operation 19133211 : EXECUTING
2022-05-16 08:32:39,783 INFO  State of operation 19133211 : EXECUTING
2022-05-16 08:32:41,997 INFO  State of operation 19133211 : EXECUTING
2022-05-16 08:32:44,211 INFO  State of operation 19133211 : EXECUTING
2022-05-16 08:32:46,925 INFO  State of operation 19133211 : EXECUTING
2022-05-16 08:32:49,777 INFO  State of operation 19133211 : EXECUTING
2022-05-16 08:32:52,217 INFO  State of operation 19133211 : EXECUTING
2022-05-16 08:32:54,616 INFO  State of operation 19133211 : EXECUTING
2022-05-16 08:32:56,830 INFO  State of operation 19133211 : EXECUTING
2022-05-16 08:32:59,086 INFO  State of operation 19133211 : EXECUTING
2022-05-16 08:33:01,301 INFO  State of operation 19133211 : EXECUTING
2022-05-16 08:33:03,519 INFO  State of operation 19133211 : EXECUTING
2022-05-16 08:33:05,729 INFO  State of operation 19133211 : EXECUTING
2022-05-16 08:33:07,942 INFO  State of operation 19133211 : SUCCESSFUL
2022-05-16 08:33:08,172 INFO  Assert that (False == value) with value=False ... passed
2022-05-16 08:33:08,417 INFO  Package asciijump is installed
2022-05-16 08:33:08,419 INFO  Assert that (True == value) with value=True ... passed
2022-05-16 08:33:08,646 INFO  Package squirrel3 is installed
2022-05-16 08:33:08,648 INFO  Assert that (True == value) with value=True ... passed
2022-05-16 08:33:08,905 INFO  Package robotfindskitten is installed
2022-05-16 08:33:08,908 INFO  Assert that (True == value) with value=True ... passed
2022-05-16 08:33:09,189 INFO  Response status: 201
2022-05-16 08:33:09,193 INFO  Response to action: {
    "delivery": {
        "time": "2022-05-16T08:33:09.160Z",
        "log": [],
        "status": "PENDING"
    },
    "creationTime": "2022-05-16T08:33:09.143Z",
    "deviceId": "19054949",
    "deviceName": "mythica",
    "self": "https://t493319102.eu-latest.cumulocity.com/devicecontrol/operations/19133220",
    "id": "19133220",
    "status": "PENDING",
    "description": "Apply software changes, triggered from PySys: [{'action': 'delete', 'id': '5475369', 'name': 'asciijump', 'url': ' ', 'version': '::apt'}, {'action': 'delete', 'id': '5474869', 'name': 'robotfindskitten', 'url': ' ', 'version': '::apt'}, {'action': 'delete', 'id': '5475279', 'name': 'squirrel3', 'url': ' ', 'version': '::apt'}]",
    "c8y_SoftwareUpdate": [
        {
            "name": "asciijump",
            "action": "delete",
            "id": "5475369",
            "version": "::apt",
            "url": " "
        },
        {
            "name": "robotfindskitten",
            "action": "delete",
            "id": "5474869",
            "version": "::apt",
            "url": " "
        },
        {
            "name": "squirrel3",
            "action": "delete",
            "id": "5475279",
            "version": "::apt",
            "url": " "
        }
    ]
}
2022-05-16 08:33:09,195 INFO  Started operation: {'delivery': {'time': '2022-05-16T08:33:09.160Z', 'log': [], 'status': 'PENDING'}, 'creationTime': '2022-05-16T08:33:09.143Z', 'deviceId': '19054949', 'deviceName': 'mythica', 'self': 'https://t493319102.eu-latest.cumulocity.com/devicecontrol/operations/19133220', 'id': '19133220', 'status': 'PENDING', 'description': "Apply software changes, triggered from PySys: [{'action': 'delete', 'id': '5475369', 'name': 'asciijump', 'url': ' ', 'version': '::apt'}, {'action': 'delete', 'id': '5474869', 'name': 'robotfindskitten', 'url': ' ', 'version': '::apt'}, {'action': 'delete', 'id': '5475279', 'name': 'squirrel3', 'url': ' ', 'version': '::apt'}]", 'c8y_SoftwareUpdate': [{'name': 'asciijump', 'action': 'delete', 'id': '5475369', 'version': '::apt', 'url': ' '}, {'name': 'robotfindskitten', 'action': 'delete', 'id': '5474869', 'version': '::apt', 'url': ' '}, {'name': 'squirrel3', 'action': 'delete', 'id': '5475279', 'version': '::apt', 'url': ' '}]}
2022-05-16 08:33:11,413 INFO  State of operation 19133220 : PENDING
2022-05-16 08:33:13,651 INFO  State of operation 19133220 : EXECUTING
2022-05-16 08:33:15,866 INFO  State of operation 19133220 : EXECUTING
2022-05-16 08:33:18,078 INFO  State of operation 19133220 : EXECUTING
2022-05-16 08:33:20,435 INFO  State of operation 19133220 : EXECUTING
2022-05-16 08:33:22,657 INFO  State of operation 19133220 : EXECUTING
2022-05-16 08:33:25,418 INFO  State of operation 19133220 : EXECUTING
2022-05-16 08:33:27,687 INFO  State of operation 19133220 : EXECUTING
2022-05-16 08:33:30,568 INFO  State of operation 19133220 : EXECUTING
2022-05-16 08:33:32,909 INFO  State of operation 19133220 : EXECUTING
2022-05-16 08:33:35,155 INFO  State of operation 19133220 : EXECUTING
2022-05-16 08:33:37,376 INFO  State of operation 19133220 : EXECUTING
2022-05-16 08:33:39,765 INFO  State of operation 19133220 : EXECUTING
2022-05-16 08:33:41,986 INFO  State of operation 19133220 : EXECUTING
2022-05-16 08:33:44,205 INFO  State of operation 19133220 : EXECUTING
2022-05-16 08:33:46,493 INFO  State of operation 19133220 : EXECUTING
2022-05-16 08:33:48,724 INFO  State of operation 19133220 : EXECUTING
2022-05-16 08:33:51,062 INFO  State of operation 19133220 : EXECUTING
2022-05-16 08:33:53,735 INFO  State of operation 19133220 : EXECUTING
2022-05-16 08:33:55,960 INFO  State of operation 19133220 : EXECUTING
2022-05-16 08:33:58,337 INFO  State of operation 19133220 : EXECUTING
2022-05-16 08:34:00,565 INFO  State of operation 19133220 : EXECUTING
2022-05-16 08:34:02,783 INFO  State of operation 19133220 : EXECUTING
2022-05-16 08:34:05,003 INFO  State of operation 19133220 : EXECUTING
2022-05-16 08:34:07,271 INFO  State of operation 19133220 : EXECUTING
2022-05-16 08:34:09,954 INFO  State of operation 19133220 : EXECUTING
2022-05-16 08:34:12,232 INFO  State of operation 19133220 : EXECUTING
2022-05-16 08:34:14,605 INFO  State of operation 19133220 : EXECUTING
2022-05-16 08:34:16,815 INFO  State of operation 19133220 : EXECUTING
2022-05-16 08:34:19,053 INFO  State of operation 19133220 : SUCCESSFUL
2022-05-16 08:34:19,403 INFO  Assert that (False == value) with value=False ... passed
2022-05-16 08:34:19,670 INFO  Assert that (False == value) with value=False ... passed
2022-05-16 08:34:19,924 INFO  Assert that (False == value) with value=False ... passed
2022-05-16 08:34:20,158 INFO  Assert that (False == value) with value=False ... passed
2022-05-16 08:34:20,169 INFO  
2022-05-16 08:34:20,170 INFO  cleanup:
2022-05-16 08:34:24,339 INFO  Executed sudo<tedge_disconnect_c8y>, exit status 0
2022-05-16 08:34:24,908 INFO  Executed systemctl<serv_mapper5>, exit status 3
2022-05-16 08:34:24,912 INFO  
2022-05-16 08:34:24,913 INFO  Test duration: 140.40 secs
2022-05-16 08:34:24,915 INFO  Test final outcome:  FAILED
2022-05-16 08:34:24,916 INFO  Test outcome reason: Assert that (False == value) with value=True (+2 other failures)
2022-05-16 08:34:24,916 INFO  
