2022-05-03 08:17:19,301 INFO  ==============================================================
2022-05-03 08:17:19,303 INFO  Id:    apt_prepare_install_finalize
2022-05-03 08:17:19,305 INFO  Dir:   plugin_apt/
2022-05-03 08:17:19,307 INFO  Title: Validate apt plugin install use case
2022-05-03 08:17:19,308 INFO  ==============================================================
2022-05-03 08:17:26,839 INFO  Executed sudo, exit status 0
2022-05-03 08:17:29,470 INFO  Executed sudo<outp_check_0>, exit status 0
2022-05-03 08:17:29,473 INFO  Assert that (value==0) with value=0 ... passed
2022-05-03 08:17:29,478 INFO  Grep on file outp_check_0.out ... passed
2022-05-03 08:17:47,990 INFO  Executed sudo<outp_prepare>, exit status 0, duration 18 secs
2022-05-03 08:17:47,994 INFO  Assert that (value==0) with value=0 ... passed
2022-05-03 08:18:33,959 INFO  Executed sudo<outp_install>, exit status 0, duration 45 secs
2022-05-03 08:18:33,962 INFO  Assert that (value==0) with value=0 ... passed
2022-05-03 08:18:41,485 INFO  Executed sudo<outp_finalize>, exit status 0
2022-05-03 08:18:41,487 INFO  Assert that (value==0) with value=0 ... passed
2022-05-03 08:18:44,059 INFO  Executed sudo<outp_check_1>, exit status 0
2022-05-03 08:18:44,062 INFO  Assert that (value==0) with value=0 ... passed
2022-05-03 08:18:44,067 INFO  Grep on file outp_check_1.out ... passed
2022-05-03 08:18:44,073 INFO  
2022-05-03 08:18:44,076 INFO  cleanup:
2022-05-03 08:18:57,655 INFO  Executed sudo, exit status 0, duration 13 secs
2022-05-03 08:18:57,659 INFO  
2022-05-03 08:18:57,660 INFO  Test duration: 98.37 secs
2022-05-03 08:18:57,661 INFO  Test final outcome:  PASSED
2022-05-03 08:18:57,662 INFO  
