2022-04-29 10:08:49,257 INFO  ==============================================================
2022-04-29 10:08:49,258 INFO  Id:    SoftwareManagement.Plugin.apama_plugin_update
2022-04-29 10:08:49,259 INFO  Dir:   plugin_apama/
2022-04-29 10:08:49,260 INFO  Title: Validate apama plugin updating one project with another
2022-04-29 10:08:49,261 INFO  ==============================================================
2022-04-29 10:08:49,268 INFO  Assertion that path exists=False for "/etc/tedge/apama/project" ... passed
2022-04-29 10:08:49,779 INFO  Executed sudo<create_project_dir>, exit status 0
2022-04-29 10:08:50,372 INFO  Executed sudo<unzip_apama_project>, exit status 0
2022-04-29 10:08:50,883 INFO  Executed sudo<move_apama_project>, exit status 0
2022-04-29 10:08:51,686 INFO  Executed sudo<restart_apama_service>, exit status 0
2022-04-29 10:08:52,450 INFO  Executed sudo<apama_correlator_wait>, exit status 0
2022-04-29 10:08:52,452 INFO  Assertion that path exists=True for "/etc/tedge/apama/project" ... passed
2022-04-29 10:08:53,164 INFO  Executed sudo<apama_list_monitors>, exit status 0
2022-04-29 10:08:53,169 INFO  Grep on file /home/pi/actions-runner/_work/thin-edge.io/thin-edge.io/tests/PySys/plugin_apama/apama_plugin_update/Output/linux/apama_list_monitors.out ... passed
2022-04-29 10:08:53,730 WARN  Executed sudo<plugin_install>, exit status 2
2022-04-29 10:08:53,735 INFO  Contents of plugin_install.err: 
2022-04-29 10:08:53,736 INFO    ERROR: Directory not empty (os error 39)
2022-04-29 10:08:53,737 INFO    -----
2022-04-29 10:08:53,738 INFO  
2022-04-29 10:08:54,107 WARN  sudo<plugin_install> returned non-zero exit code 2 ... blocked [run.py:35]
2022-04-29 10:08:54,108 WARN  Aborted test due to BLOCKED outcome
2022-04-29 10:08:54,126 INFO  
2022-04-29 10:08:54,127 INFO  cleanup:
2022-04-29 10:08:54,128 INFO  Removing apama project
2022-04-29 10:09:10,310 INFO  Executed sudo<stop_apama_service>, exit status 0, duration 16 secs
2022-04-29 10:09:10,825 INFO  Executed sudo<remove_apama_project>, exit status 0
2022-04-29 10:09:11,337 INFO  Executed sudo<remove_apama_tmp_dir>, exit status 0
2022-04-29 10:09:11,341 INFO  
2022-04-29 10:09:11,341 INFO  Test duration: 22.09 secs
2022-04-29 10:09:11,343 INFO  Test final outcome:  BLOCKED
2022-04-29 10:09:11,344 INFO  Test outcome reason: sudo<plugin_install> returned non-zero exit code 2
2022-04-29 10:09:11,344 INFO  
