2022-05-10 20:29:23,114 INFO  ==============================================================
2022-05-10 20:29:23,115 INFO  Id:    SoftwareManagement.Plugin.apama_plugin_mon_support
2022-05-10 20:29:23,116 INFO  Dir:   plugin_apama/
2022-05-10 20:29:23,117 INFO  Title: Validate mon file support of apama plugin
2022-05-10 20:29:23,118 INFO  ==============================================================
2022-05-10 20:29:23,127 INFO  Assertion that path exists=False for "/etc/tedge/apama/project" ... passed
2022-05-10 20:29:23,638 INFO  Executed sudo<create_project_dir>, exit status 0
2022-05-10 20:29:24,249 INFO  Executed sudo<unzip_apama_project>, exit status 0
2022-05-10 20:29:24,762 INFO  Executed sudo<move_apama_project>, exit status 0
2022-05-10 20:29:25,691 INFO  Executed sudo<restart_apama_service>, exit status 0
2022-05-10 20:29:26,455 INFO  Executed sudo<apama_correlator_wait>, exit status 0
2022-05-10 20:29:27,193 INFO  Executed sudo<apama_list_monitors>, exit status 0
2022-05-10 20:29:27,199 INFO  Grep on file /home/pi/actions-runner/_work/thin-edge.io/thin-edge.io/tests/PySys/plugin_apama/apama_plugin_mon_support/Output/linux/apama_list_monitors.out ... passed
2022-05-10 20:29:28,134 INFO  Executed sudo<plugin_list_before_install>, exit status 0
2022-05-10 20:29:29,149 INFO  Executed sudo<plugin_install>, exit status 0
2022-05-10 20:29:29,861 INFO  Executed sudo<apama_correlator_wait>, exit status 0
2022-05-10 20:29:30,624 INFO  Executed sudo<plugin_list_after_install>, exit status 0
2022-05-10 20:29:31,840 INFO  Executed sudo<plugin_update>, exit status 0
2022-05-10 20:29:32,553 INFO  Executed sudo<apama_correlator_wait>, exit status 0
2022-05-10 20:29:33,316 INFO  Executed sudo<plugin_list_after_update>, exit status 0
2022-05-10 20:29:34,078 INFO  Executed sudo<plugin_remove>, exit status 0
2022-05-10 20:29:34,842 INFO  Executed sudo<plugin_list_after_remove>, exit status 0
2022-05-10 20:29:34,848 INFO  Grep on file plugin_list_before_install.out ... passed
2022-05-10 20:29:34,853 INFO  Grep on file plugin_list_after_install.out ... passed
2022-05-10 20:29:34,857 INFO  Grep on file plugin_list_after_update.out ... passed
2022-05-10 20:29:34,861 INFO  Grep on file plugin_list_after_remove.out ... passed
2022-05-10 20:29:34,870 INFO  
2022-05-10 20:29:34,871 INFO  cleanup:
2022-05-10 20:29:34,871 INFO  Removing apama project
2022-05-10 20:29:51,444 INFO  Executed sudo<stop_apama_service>, exit status 0, duration 16 secs
2022-05-10 20:29:52,008 INFO  Executed sudo<remove_apama_project>, exit status 0
2022-05-10 20:29:52,520 INFO  Executed sudo<remove_apama_tmp_dir>, exit status 0
2022-05-10 20:29:52,524 INFO  
2022-05-10 20:29:52,525 INFO  Test duration: 29.42 secs
2022-05-10 20:29:52,526 INFO  Test final outcome:  PASSED
2022-05-10 20:29:52,527 INFO  
