2022-05-30 09:33:58,681 INFO  ==============================================================
2022-05-30 09:33:58,682 INFO  Id:    apt_prepare_install_finalize
2022-05-30 09:33:58,684 INFO  Dir:   plugin_apt/
2022-05-30 09:33:58,685 INFO  Title: Validate apt plugin install use case
2022-05-30 09:33:58,686 INFO  ==============================================================
2022-05-30 09:34:06,671 INFO  Executed sudo, exit status 0
2022-05-30 09:34:09,646 INFO  Executed sudo<outp_check_0>, exit status 0
2022-05-30 09:34:09,648 INFO  Assert that (value==0) with value=0 ... passed
2022-05-30 09:34:09,659 INFO  Grep on file outp_check_0.out ... passed
2022-05-30 09:34:30,458 INFO  Executed sudo<outp_prepare>, exit status 0, duration 20 secs
2022-05-30 09:34:30,462 INFO  Assert that (value==0) with value=0 ... passed
2022-05-30 09:35:20,315 INFO  Executed sudo<outp_install>, exit status 0, duration 49 secs
2022-05-30 09:35:20,318 INFO  Assert that (value==0) with value=0 ... passed
2022-05-30 09:35:28,435 INFO  Executed sudo<outp_finalize>, exit status 0
2022-05-30 09:35:28,437 INFO  Assert that (value==0) with value=0 ... passed
2022-05-30 09:35:31,260 INFO  Executed sudo<outp_check_1>, exit status 0
2022-05-30 09:35:31,262 INFO  Assert that (value==0) with value=0 ... passed
2022-05-30 09:35:31,267 INFO  Grep on file outp_check_1.out ... passed
2022-05-30 09:35:31,273 INFO  
2022-05-30 09:35:31,274 INFO  cleanup:
2022-05-30 09:35:47,301 INFO  Executed sudo, exit status 0, duration 16 secs
2022-05-30 09:35:47,306 INFO  
2022-05-30 09:35:47,308 INFO  Test duration: 108.63 secs
2022-05-30 09:35:47,309 INFO  Test final outcome:  PASSED
2022-05-30 09:35:47,311 INFO  
