2022-05-23 09:14:26,269 INFO  ==============================================================
2022-05-23 09:14:26,269 INFO  Id:    tedge_software_update
2022-05-23 09:14:26,269 INFO  Dir:   tedge/
2022-05-23 09:14:26,269 INFO  Title: Software install from download path
2022-05-23 09:14:26,269 INFO  ==============================================================
2022-05-23 09:14:26,270 INFO  EnvironmentC8y Setup
2022-05-23 09:14:26,372 INFO  Executed systemctl<serv_mapper1>, exit status 3
2022-05-23 09:14:26,387 INFO  Restarting mosquitto too frequently in the last 10 seconds. It was only up for 6 seconds
2022-05-23 09:14:26,387 INFO  Delaying execution by 5 seconds
2022-05-23 09:14:49,004 INFO  Executed sudo<tedge_connect_c8y>, exit status 0, duration 17 secs
2022-05-23 09:14:49,156 INFO  Executed sudo<tedge_connect_c8y_test>, exit status 0
2022-05-23 09:14:49,259 INFO  Executed systemctl<serv_mosq2>, exit status 0
2022-05-23 09:14:49,362 INFO  Executed systemctl<serv_mapper3>, exit status 0
2022-05-23 09:14:49,362 INFO  Setup
2022-05-23 09:14:49,464 INFO  Executed sudo<mkdir>, exit status 0
2022-05-23 09:14:49,566 INFO  Executed sudo<chmod>, exit status 0
2022-05-23 09:14:49,669 INFO  Executed sudo<tedge_config_get_original>, exit status 0
2022-05-23 09:14:49,772 INFO  Executed sudo, exit status 0
2022-05-23 09:14:49,874 INFO  Executed sudo<tedge_config_get_new_value>, exit status 0
2022-05-23 09:14:49,976 INFO  Executed sudo<rolldice_download>, exit status 0
2022-05-23 09:14:49,977 INFO  Grep on file tedge_config_get_new_value.out ... passed
2022-05-23 09:14:49,978 INFO  
2022-05-23 09:14:49,978 INFO  cleanup:
2022-05-23 09:14:50,080 INFO  Executed sudo, exit status 0
2022-05-23 09:14:50,182 INFO  Executed sudo<tedge_config_get_cleanup>, exit status 0
2022-05-23 09:14:50,183 INFO  Grep on file tedge_config_get_cleanup.out ... passed
2022-05-23 09:14:50,286 INFO  Executed sudo<rmdir>, exit status 0
2022-05-23 09:14:50,301 INFO  Restarting mosquitto too frequently in the last 10 seconds. It was only up for 8 seconds
2022-05-23 09:14:50,302 INFO  Delaying execution by 3 seconds
2022-05-23 09:15:04,357 INFO  Executed sudo<tedge_disconnect_c8y>, exit status 0, duration 11 secs
2022-05-23 09:15:04,459 INFO  Executed systemctl<serv_mapper5>, exit status 3
2022-05-23 09:15:04,460 INFO  
2022-05-23 09:15:04,460 INFO  Test duration: 38.19 secs
2022-05-23 09:15:04,461 INFO  Test final outcome:  PASSED
2022-05-23 09:15:04,461 INFO  
