2022-05-04 08:54:52,562 INFO  ==============================================================
2022-05-04 08:54:52,563 INFO  Id:    docker_plugin_remove_with_version
2022-05-04 08:54:52,564 INFO  Dir:   plugin_docker/
2022-05-04 08:54:52,566 INFO  Title: Validate docker plugin remove with version
2022-05-04 08:54:52,567 INFO  ==============================================================
2022-05-04 08:54:53,386 INFO  Executed sudo<docker_images>, exit status 0
2022-05-04 08:54:53,391 INFO  Grep on file /home/pi/actions-runner/_work/thin-edge.io/thin-edge.io/tests/PySys/plugin_docker/docker_plugin_remove_with_version/Output/linux/docker_images.out ... passed
2022-05-04 08:55:16,985 INFO  Executed sudo<docker_run>, exit status 0, duration 23 secs
2022-05-04 08:55:17,854 INFO  Executed sudo<docker_ps>, exit status 0
2022-05-04 08:55:17,859 INFO  Grep on file /home/pi/actions-runner/_work/thin-edge.io/thin-edge.io/tests/PySys/plugin_docker/docker_plugin_remove_with_version/Output/linux/docker_ps.out ... passed
2022-05-04 08:55:21,499 INFO  Executed sudo<plugin_remove>, exit status 0
2022-05-04 08:55:22,566 INFO  Executed sudo<docker_ps_latest>, exit status 0
2022-05-04 08:55:23,382 INFO  Executed sudo<docker_ps>, exit status 0
2022-05-04 08:55:23,386 INFO  Grep on file /home/pi/actions-runner/_work/thin-edge.io/thin-edge.io/tests/PySys/plugin_docker/docker_plugin_remove_with_version/Output/linux/docker_ps.out ... passed
2022-05-04 08:55:23,392 INFO  
2022-05-04 08:55:23,393 INFO  cleanup:
2022-05-04 08:55:23,394 INFO  Removing containers scheduled to be cleaned up: ['9f698aefe4e0', '7414ffb82064', '11dbf8061ac39c43adea48beac27043740be47331a5bdbf3530246421592b1ff\n', 'af29ca6d925dec04113a2ae88f5d254d71d0c4bbe8cb55362244e25d45a44801\n']
2022-05-04 08:55:24,206 WARN  Executed sudo<containers_for_cleanup>, exit status 1
2022-05-04 08:55:24,208 INFO  Removing images scheduled to be cleaned up: ['registry', 'registry', 'registry:2.7.1', 'registry', 'registry:2.7.1']
2022-05-04 08:55:27,936 INFO  Executed sudo<containers_for_cleanup>, exit status 0
2022-05-04 08:55:27,940 INFO  
2022-05-04 08:55:27,941 INFO  Test duration: 35.39 secs
2022-05-04 08:55:27,942 INFO  Test final outcome:  PASSED
2022-05-04 08:55:27,943 INFO  
