2022-04-08 09:55:29,392 INFO  ==============================================================
2022-04-08 09:55:29,393 INFO  Id:    call_tedge_config_help
2022-04-08 09:55:29,395 INFO  Dir:   tedge/
2022-04-08 09:55:29,395 INFO  Title: Validate command line option help
2022-04-08 09:55:29,396 DEBUG Execution order hint: 0.0
2022-04-08 09:55:29,397 INFO  ==============================================================
2022-04-08 09:55:29,402 DEBUG --- test execute
2022-04-08 09:55:29,405 DEBUG Process parameters for tedge
  command line : /usr/bin/tedge config help
    arg #1     : config
    arg #2     : help
  working dir  : /home/pi/actions-runner/_work/thin-edge.io/thin-edge.io/tests/PySys/tedge/call_tedge_config_help/Output/linux
  stdout       : /home/pi/actions-runner/_work/thin-edge.io/thin-edge.io/tests/PySys/tedge/call_tedge_config_help/Output/linux/tedge.out
  stderr       : /home/pi/actions-runner/_work/thin-edge.io/thin-edge.io/tests/PySys/tedge/call_tedge_config_help/Output/linux/tedge.err
  environment  : LD_LIBRARY_PATH=/usr/lib
  environment  : PATH=/bin:/usr/bin:/usr/sbin:/usr/local/bin
                   #1  /bin
                   #2  /usr/bin
                   #3  /usr/sbin
                   #4  /usr/local/bin
2022-04-08 09:55:29,413 DEBUG Waiting up to 600 secs for process tedge (pid 6541)
2022-04-08 09:55:29,819 INFO  Executed tedge, exit status 0
2022-04-08 09:55:29,820 DEBUG --- test validate
2022-04-08 09:55:29,821 DEBUG Performing regex contains=True grep on file: /home/pi/actions-runner/_work/thin-edge.io/thin-edge.io/tests/PySys/tedge/call_tedge_config_help/Output/linux/tedge.out
2022-04-08 09:55:29,825 DEBUG Grep on file tedge.out successfully matched expression "USAGE:" with line: 'USAGE:\n'
2022-04-08 09:55:29,827 INFO  Grep on file tedge.out ... passed
2022-04-08 09:55:29,828 DEBUG Performing regex contains=True grep on file: /home/pi/actions-runner/_work/thin-edge.io/thin-edge.io/tests/PySys/tedge/call_tedge_config_help/Output/linux/tedge.out
2022-04-08 09:55:29,831 DEBUG Grep on file tedge.out successfully matched expression "OPTIONS:" with line: 'OPTIONS:\n'
2022-04-08 09:55:29,832 INFO  Grep on file tedge.out ... passed
2022-04-08 09:55:29,833 DEBUG Performing regex contains=True grep on file: /home/pi/actions-runner/_work/thin-edge.io/thin-edge.io/tests/PySys/tedge/call_tedge_config_help/Output/linux/tedge.out
2022-04-08 09:55:29,836 DEBUG Grep on file tedge.out successfully matched expression "SUBCOMMANDS:" with line: 'SUBCOMMANDS:\n'
2022-04-08 09:55:29,837 INFO  Grep on file tedge.out ... passed
2022-04-08 09:55:29,842 DEBUG --- test cleanup
2022-04-08 09:55:29,843 DEBUG ProcessUser cleanup function done.
2022-04-08 09:55:29,846 INFO  
2022-04-08 09:55:29,847 INFO  Test duration: 0.46 secs
2022-04-08 09:55:29,848 INFO  Test final outcome:  PASSED
2022-04-08 09:55:29,849 INFO  
