2022-05-16 07:36:50,073 INFO  ==============================================================
2022-05-16 07:36:50,074 INFO  Id:    docker_plugin_remove_with_version
2022-05-16 07:36:50,074 INFO  Dir:   plugin_docker/
2022-05-16 07:36:50,074 INFO  Title: Validate docker plugin remove with version
2022-05-16 07:36:50,074 INFO  ==============================================================
2022-05-16 07:36:50,226 INFO  Executed sudo<docker_images>, exit status 0
2022-05-16 07:36:50,227 INFO  Grep on file /home/pi/actions-runner/_work/thin-edge.io/thin-edge.io/tests/PySys/plugin_docker/docker_plugin_remove_with_version/Output/linux/docker_images.out ... passed
2022-05-16 07:36:55,044 INFO  Executed sudo<docker_run>, exit status 0
2022-05-16 07:36:55,197 INFO  Executed sudo<docker_ps>, exit status 0
2022-05-16 07:36:55,198 INFO  Grep on file /home/pi/actions-runner/_work/thin-edge.io/thin-edge.io/tests/PySys/plugin_docker/docker_plugin_remove_with_version/Output/linux/docker_ps.out ... passed
2022-05-16 07:36:55,652 INFO  Executed sudo<plugin_remove>, exit status 0
2022-05-16 07:36:55,805 INFO  Executed sudo<docker_ps_latest>, exit status 0
2022-05-16 07:36:55,958 INFO  Executed sudo<docker_ps>, exit status 0
2022-05-16 07:36:55,958 INFO  Grep on file /home/pi/actions-runner/_work/thin-edge.io/thin-edge.io/tests/PySys/plugin_docker/docker_plugin_remove_with_version/Output/linux/docker_ps.out ... passed
2022-05-16 07:36:55,959 INFO  
2022-05-16 07:36:55,959 INFO  cleanup:
2022-05-16 07:36:55,959 INFO  Removing containers scheduled to be cleaned up: ['8b1478ed883f', 'd0618adacff9', '861a6b19ade332bd580c96d9fe48740bfb3b327243162107e784aa347f93bad7\n', 'eefbb533233c9eb4e0f83e441335e1a897ff57fe694ea8dc69742c09ee7f39c3\n']
2022-05-16 07:36:56,111 INFO  Executed sudo<containers_for_cleanup>, exit status 0
2022-05-16 07:36:56,111 INFO  Removing images scheduled to be cleaned up: ['registry', 'registry', 'registry:2.7.1', 'registry', 'registry:2.7.1']
2022-05-16 07:36:56,314 INFO  Executed sudo<containers_for_cleanup>, exit status 0
2022-05-16 07:36:56,314 INFO  
2022-05-16 07:36:56,315 INFO  Test duration: 6.24 secs
2022-05-16 07:36:56,315 INFO  Test final outcome:  PASSED
2022-05-16 07:36:56,315 INFO  
