2022-04-29 09:07:47,813 INFO  ==============================================================
2022-04-29 09:07:47,814 INFO  Id:    custom_init_system
2022-04-29 09:07:47,816 INFO  Dir:   misc_features/
2022-04-29 09:07:47,816 INFO  Title: Custom init system test
2022-04-29 09:07:47,817 INFO  ==============================================================
2022-04-29 09:07:48,396 INFO  Executed sudo<copy_system_config>, exit status 0
2022-04-29 09:07:48,909 INFO  Executed sudo<copy_dummy_init>, exit status 0
2022-04-29 09:08:15,137 INFO  Executed sudo<tedge_connect>, exit status 0, duration 26 secs
2022-04-29 09:08:15,813 INFO  Executed sudo<tedge_disconnect>, exit status 0
2022-04-29 09:08:15,819 INFO  Grep on file tedge_connect.out ... passed
2022-04-29 09:08:15,824 INFO  Grep on file tedge_disconnect.out ... passed
2022-04-29 09:08:15,829 INFO  Grep on file /tmp/dummy_init/dummy_init.out ... passed
2022-04-29 09:08:15,835 INFO  Grep on file /tmp/dummy_init/dummy_init.out ... passed
2022-04-29 09:08:15,839 INFO  Grep on file /tmp/dummy_init/dummy_init.out ... passed
2022-04-29 09:08:15,844 INFO  Grep on file /tmp/dummy_init/dummy_init.out ... passed
2022-04-29 09:08:15,848 INFO  Grep on file /tmp/dummy_init/dummy_init.out ... passed
2022-04-29 09:08:15,853 INFO  Grep on file /tmp/dummy_init/dummy_init.out ... passed
2022-04-29 09:08:15,858 INFO  Grep on file /tmp/dummy_init/dummy_init.out ... passed
2022-04-29 09:08:15,862 INFO  Grep on file /tmp/dummy_init/dummy_init.out ... passed
2022-04-29 09:08:15,867 INFO  Grep on file /tmp/dummy_init/dummy_init.out ... passed
2022-04-29 09:08:15,871 INFO  Grep on file /tmp/dummy_init/dummy_init.out ... passed
2022-04-29 09:08:15,876 INFO  Grep on file /tmp/dummy_init/dummy_init.out ... passed
2022-04-29 09:08:15,882 INFO  Grep on file /tmp/dummy_init/dummy_init.out ... passed
2022-04-29 09:08:15,887 INFO  Grep on file /tmp/dummy_init/dummy_init.out ... passed
2022-04-29 09:08:15,892 INFO  Grep on file /tmp/dummy_init/dummy_init.out ... passed
2022-04-29 09:08:15,898 INFO  
2022-04-29 09:08:15,898 INFO  cleanup:
2022-04-29 09:08:16,410 INFO  Executed sudo<remove_system_config>, exit status 0
2022-04-29 09:08:16,932 INFO  Executed sudo<remove_dummy_init>, exit status 0
2022-04-29 09:08:16,936 INFO  
2022-04-29 09:08:16,937 INFO  Test duration: 29.13 secs
2022-04-29 09:08:16,938 INFO  Test final outcome:  PASSED
2022-04-29 09:08:16,939 INFO  
