2022-05-10 17:17:54,838 INFO  ==============================================================
2022-05-10 17:17:54,839 INFO  Id:    apt_prepare_install_finalize
2022-05-10 17:17:54,839 INFO  Dir:   plugin_apt/
2022-05-10 17:17:54,839 INFO  Title: Validate apt plugin install use case
2022-05-10 17:17:54,839 INFO  ==============================================================
2022-05-10 17:17:55,442 INFO  Executed sudo, exit status 0
2022-05-10 17:17:55,946 INFO  Executed sudo<outp_check_0>, exit status 0
2022-05-10 17:17:55,947 INFO  Assert that (value==0) with value=0 ... passed
2022-05-10 17:17:55,947 INFO  Grep on file outp_check_0.out ... passed
2022-05-10 17:17:57,704 INFO  Executed sudo<outp_prepare>, exit status 0
2022-05-10 17:17:57,705 INFO  Assert that (value==0) with value=0 ... passed
2022-05-10 17:18:02,423 INFO  Executed sudo<outp_install>, exit status 0
2022-05-10 17:18:02,424 INFO  Assert that (value==0) with value=0 ... passed
2022-05-10 17:18:03,078 INFO  Executed sudo<outp_finalize>, exit status 0
2022-05-10 17:18:03,078 INFO  Assert that (value==0) with value=0 ... passed
2022-05-10 17:18:03,581 INFO  Executed sudo<outp_check_1>, exit status 0
2022-05-10 17:18:03,582 INFO  Assert that (value==0) with value=0 ... passed
2022-05-10 17:18:03,582 INFO  Grep on file outp_check_1.out ... passed
2022-05-10 17:18:03,583 INFO  
2022-05-10 17:18:03,583 INFO  cleanup:
2022-05-10 17:18:08,048 INFO  Executed sudo, exit status 0
2022-05-10 17:18:08,049 INFO  
2022-05-10 17:18:08,049 INFO  Test duration: 13.21 secs
2022-05-10 17:18:08,049 INFO  Test final outcome:  PASSED
2022-05-10 17:18:08,049 INFO  
