2022-05-30 09:39:27,555 INFO  ==============================================================
2022-05-30 09:39:27,556 INFO  Id:    apt_sequence_remove_with_version_fail
2022-05-30 09:39:27,557 INFO  Dir:   plugin_apt/
2022-05-30 09:39:27,558 INFO  Title: Validate apt plugin remove with version fails when the version not found
2022-05-30 09:39:27,559 INFO  ==============================================================
2022-05-30 09:40:06,925 INFO  Executed sudo<outp_install>, exit status 0, duration 39 secs
2022-05-30 09:40:06,928 INFO  Assert that (value==0) with value=0 ... passed
2022-05-30 09:40:13,171 INFO  Executed sudo<outp_remove>, exit status 2
2022-05-30 09:40:13,174 INFO  Assert that (value==2) with value=2 ... passed
2022-05-30 09:40:13,179 INFO  Grep on file outp_remove.err ... passed
2022-05-30 09:40:15,752 INFO  Executed sudo<outp_check_0>, exit status 0
2022-05-30 09:40:15,754 INFO  Assert that (value==0) with value=0 ... passed
2022-05-30 09:40:15,760 INFO  Grep on file outp_check_0.out ... passed
2022-05-30 09:40:15,766 INFO  
2022-05-30 09:40:15,766 INFO  cleanup:
2022-05-30 09:40:29,695 INFO  Executed sudo, exit status 0, duration 13 secs
2022-05-30 09:40:29,705 INFO  
2022-05-30 09:40:29,707 INFO  Test duration: 62.16 secs
2022-05-30 09:40:29,711 INFO  Test final outcome:  PASSED
2022-05-30 09:40:29,713 INFO  
