2022-04-07 16:42:49,166 INFO  ==============================================================
2022-04-07 16:42:49,167 INFO  Id:    apt_remove
2022-04-07 16:42:49,168 INFO  Dir:   plugin_apt/
2022-04-07 16:42:49,169 INFO  Title: Validate apt plugin prepare - dense version
2022-04-07 16:42:49,170 DEBUG Execution order hint: 0.0
2022-04-07 16:42:49,170 INFO  ==============================================================
2022-04-07 16:42:49,176 DEBUG Process parameters for sudo<outp_install>
  command line : /usr/bin/sudo /etc/tedge/sm-plugins/apt install rolldice
    arg #1     : /etc/tedge/sm-plugins/apt
    arg #2     : install
    arg #3     : rolldice
  working dir  : /home/pi/actions-runner/_work/thin-edge.io/thin-edge.io/tests/PySys/plugin_apt/apt_remove/Output/linux
  stdout       : /home/pi/actions-runner/_work/thin-edge.io/thin-edge.io/tests/PySys/plugin_apt/apt_remove/Output/linux/outp_install.out
  stderr       : /home/pi/actions-runner/_work/thin-edge.io/thin-edge.io/tests/PySys/plugin_apt/apt_remove/Output/linux/outp_install.err
  environment  : LD_LIBRARY_PATH=/usr/lib
  environment  : PATH=/bin:/usr/bin:/usr/sbin:/usr/local/bin
                   #1  /bin
                   #2  /usr/bin
                   #3  /usr/sbin
                   #4  /usr/local/bin
2022-04-07 16:42:49,183 DEBUG Waiting up to 600 secs for process sudo<outp_install> (pid 6108)
2022-04-07 16:43:30,861 INFO  Executed sudo<outp_install>, exit status 0, duration 41 secs
2022-04-07 16:43:30,864 INFO  Assert that (value==0) with value=0 ... passed
2022-04-07 16:43:30,871 DEBUG Process parameters for sudo<outp_check_0>
  command line : /usr/bin/sudo /etc/tedge/sm-plugins/apt list
    arg #1     : /etc/tedge/sm-plugins/apt
    arg #2     : list
  working dir  : /home/pi/actions-runner/_work/thin-edge.io/thin-edge.io/tests/PySys/plugin_apt/apt_remove/Output/linux
  stdout       : /home/pi/actions-runner/_work/thin-edge.io/thin-edge.io/tests/PySys/plugin_apt/apt_remove/Output/linux/outp_check_0.out
  stderr       : /home/pi/actions-runner/_work/thin-edge.io/thin-edge.io/tests/PySys/plugin_apt/apt_remove/Output/linux/outp_check_0.err
  environment  : LD_LIBRARY_PATH=/usr/lib
  environment  : PATH=/bin:/usr/bin:/usr/sbin:/usr/local/bin
                   #1  /bin
                   #2  /usr/bin
                   #3  /usr/sbin
                   #4  /usr/local/bin
2022-04-07 16:43:30,879 DEBUG Waiting up to 600 secs for process sudo<outp_check_0> (pid 6246)
2022-04-07 16:43:36,149 INFO  Executed sudo<outp_check_0>, exit status 0
2022-04-07 16:43:36,151 INFO  Assert that (value==0) with value=0 ... passed
2022-04-07 16:43:36,152 DEBUG Performing regex contains=True grep on file: /home/pi/actions-runner/_work/thin-edge.io/thin-edge.io/tests/PySys/plugin_apt/apt_remove/Output/linux/outp_check_0.out
2022-04-07 16:43:36,157 DEBUG Grep on file outp_check_0.out successfully matched expression "rolldice" with line: 'rolldice\t1.16-1+b1\n'
2022-04-07 16:43:36,158 INFO  Grep on file outp_check_0.out ... passed
2022-04-07 16:43:36,159 DEBUG --- test execute
2022-04-07 16:43:36,161 DEBUG Process parameters for sudo<outp_remove>
  command line : /usr/bin/sudo /etc/tedge/sm-plugins/apt remove rolldice
    arg #1     : /etc/tedge/sm-plugins/apt
    arg #2     : remove
    arg #3     : rolldice
  working dir  : /home/pi/actions-runner/_work/thin-edge.io/thin-edge.io/tests/PySys/plugin_apt/apt_remove/Output/linux
  stdout       : /home/pi/actions-runner/_work/thin-edge.io/thin-edge.io/tests/PySys/plugin_apt/apt_remove/Output/linux/outp_remove.out
  stderr       : /home/pi/actions-runner/_work/thin-edge.io/thin-edge.io/tests/PySys/plugin_apt/apt_remove/Output/linux/outp_remove.err
  environment  : LD_LIBRARY_PATH=/usr/lib
  environment  : PATH=/bin:/usr/bin:/usr/sbin:/usr/local/bin
                   #1  /bin
                   #2  /usr/bin
                   #3  /usr/sbin
                   #4  /usr/local/bin
2022-04-07 16:43:36,169 DEBUG Waiting up to 600 secs for process sudo<outp_remove> (pid 6252)
2022-04-07 16:43:49,411 INFO  Executed sudo<outp_remove>, exit status 0, duration 13 secs
2022-04-07 16:43:49,413 INFO  Assert that (value==0) with value=0 ... passed
2022-04-07 16:43:49,415 DEBUG --- test validate
2022-04-07 16:43:49,418 DEBUG Process parameters for sudo<outp_check_1>
  command line : /usr/bin/sudo /etc/tedge/sm-plugins/apt list
    arg #1     : /etc/tedge/sm-plugins/apt
    arg #2     : list
  working dir  : /home/pi/actions-runner/_work/thin-edge.io/thin-edge.io/tests/PySys/plugin_apt/apt_remove/Output/linux
  stdout       : /home/pi/actions-runner/_work/thin-edge.io/thin-edge.io/tests/PySys/plugin_apt/apt_remove/Output/linux/outp_check_1.out
  stderr       : /home/pi/actions-runner/_work/thin-edge.io/thin-edge.io/tests/PySys/plugin_apt/apt_remove/Output/linux/outp_check_1.err
  environment  : LD_LIBRARY_PATH=/usr/lib
  environment  : PATH=/bin:/usr/bin:/usr/sbin:/usr/local/bin
                   #1  /bin
                   #2  /usr/bin
                   #3  /usr/sbin
                   #4  /usr/local/bin
2022-04-07 16:43:49,426 DEBUG Waiting up to 600 secs for process sudo<outp_check_1> (pid 6281)
2022-04-07 16:43:54,734 INFO  Executed sudo<outp_check_1>, exit status 0
2022-04-07 16:43:54,736 INFO  Assert that (value==0) with value=0 ... passed
2022-04-07 16:43:54,737 DEBUG Performing regex contains=False grep on file: /home/pi/actions-runner/_work/thin-edge.io/thin-edge.io/tests/PySys/plugin_apt/apt_remove/Output/linux/outp_check_1.out
2022-04-07 16:43:54,742 INFO  Grep on file outp_check_1.out ... passed
2022-04-07 16:43:54,748 DEBUG --- test cleanup
2022-04-07 16:43:54,749 DEBUG ProcessUser cleanup function done.
2022-04-07 16:43:54,753 INFO  
2022-04-07 16:43:54,753 INFO  Test duration: 65.59 secs
2022-04-07 16:43:54,754 INFO  Test final outcome:  PASSED
2022-04-07 16:43:54,755 INFO  
