2022-04-08 10:48:51,301 INFO  ==============================================================
2022-04-08 10:48:51,302 INFO  Id:    SoftwareManagement.sm_docker_install_remove_multiple
2022-04-08 10:48:51,303 INFO  Dir:   software_management_end_to_end/
2022-04-08 10:48:51,304 INFO  Title: Validate end to end behaviour for the docker plugin for multiple docker images with mixed versions
2022-04-08 10:48:51,305 DEBUG Execution order hint: 0.0
2022-04-08 10:48:51,306 INFO  ==============================================================
2022-04-08 10:48:51,316 INFO  Using sw id database: {'asciijump': '5475369', 'robotfindskitten': '5474869', 'squirrel3': '5475279', 'rolldice': '5152439', 'moon-buggy': '5439204', 'apple': '5495053', 'banana': '5494888', 'cherry': '5495382', 'watermelon': '5494510', 'registry': '8018911', 'hello-world': '8021526', 'docker/getting-started': '8021973', 'alpine': '7991792'}
2022-04-08 10:48:51,317 DEBUG EnvironmentC8y Setup
2022-04-08 10:48:51,318 INFO  EnvironmentC8y Setup
2022-04-08 10:48:51,319 DEBUG Process parameters for systemctl<serv_mapper1>
  command line : /usr/bin/systemctl status tedge-mapper-c8y
    arg #1     : status
    arg #2     : tedge-mapper-c8y
  working dir  : /home/pi/actions-runner/_work/thin-edge.io/thin-edge.io/tests/PySys/software_management_end_to_end/sm_docker_install_remove_multiple/Output/linux
  stdout       : /home/pi/actions-runner/_work/thin-edge.io/thin-edge.io/tests/PySys/software_management_end_to_end/sm_docker_install_remove_multiple/Output/linux/serv_mapper1.out
  stderr       : /home/pi/actions-runner/_work/thin-edge.io/thin-edge.io/tests/PySys/software_management_end_to_end/sm_docker_install_remove_multiple/Output/linux/serv_mapper1.err
  environment  : LD_LIBRARY_PATH=/usr/lib
  environment  : PATH=/bin:/usr/bin:/usr/sbin:/usr/local/bin
                   #1  /bin
                   #2  /usr/bin
                   #3  /usr/sbin
                   #4  /usr/local/bin
2022-04-08 10:48:51,328 DEBUG Waiting up to 600 secs for process systemctl<serv_mapper1> (pid 1506)
2022-04-08 10:48:51,887 INFO  Executed systemctl<serv_mapper1>, exit status 3
2022-04-08 10:48:51,991 INFO  Restarting mosquitto too frequently in the last 10 seconds. It was only up for 5 seconds
2022-04-08 10:48:51,993 INFO  Delaying execution by 6 seconds
2022-04-08 10:48:58,001 DEBUG Process parameters for sudo<tedge_connect_c8y>
  command line : /usr/bin/sudo /usr/bin/tedge connect c8y
    arg #1     : /usr/bin/tedge
    arg #2     : connect
    arg #3     : c8y
  working dir  : /home/pi/actions-runner/_work/thin-edge.io/thin-edge.io/tests/PySys/software_management_end_to_end/sm_docker_install_remove_multiple/Output/linux
  stdout       : /home/pi/actions-runner/_work/thin-edge.io/thin-edge.io/tests/PySys/software_management_end_to_end/sm_docker_install_remove_multiple/Output/linux/tedge_connect_c8y.out
  stderr       : /home/pi/actions-runner/_work/thin-edge.io/thin-edge.io/tests/PySys/software_management_end_to_end/sm_docker_install_remove_multiple/Output/linux/tedge_connect_c8y.err
  environment  : LD_LIBRARY_PATH=/usr/lib
  environment  : PATH=/bin:/usr/bin:/usr/sbin:/usr/local/bin
                   #1  /bin
                   #2  /usr/bin
                   #3  /usr/sbin
                   #4  /usr/local/bin
2022-04-08 10:48:58,010 DEBUG Waiting up to 600 secs for process sudo<tedge_connect_c8y> (pid 1510)
2022-04-08 10:49:11,809 INFO  Executed sudo<tedge_connect_c8y>, exit status 0, duration 13 secs
2022-04-08 10:49:11,814 DEBUG Process parameters for sudo<tedge_connect_c8y_test>
  command line : /usr/bin/sudo /usr/bin/tedge connect c8y --test
    arg #1     : /usr/bin/tedge
    arg #2     : connect
    arg #3     : c8y
    arg #4     : --test
  working dir  : /home/pi/actions-runner/_work/thin-edge.io/thin-edge.io/tests/PySys/software_management_end_to_end/sm_docker_install_remove_multiple/Output/linux
  stdout       : /home/pi/actions-runner/_work/thin-edge.io/thin-edge.io/tests/PySys/software_management_end_to_end/sm_docker_install_remove_multiple/Output/linux/tedge_connect_c8y_test.out
  stderr       : /home/pi/actions-runner/_work/thin-edge.io/thin-edge.io/tests/PySys/software_management_end_to_end/sm_docker_install_remove_multiple/Output/linux/tedge_connect_c8y_test.err
  environment  : LD_LIBRARY_PATH=/usr/lib
  environment  : PATH=/bin:/usr/bin:/usr/sbin:/usr/local/bin
                   #1  /bin
                   #2  /usr/bin
                   #3  /usr/sbin
                   #4  /usr/local/bin
2022-04-08 10:49:11,830 DEBUG Waiting up to 600 secs for process sudo<tedge_connect_c8y_test> (pid 1617)
2022-04-08 10:49:12,390 INFO  Executed sudo<tedge_connect_c8y_test>, exit status 0
2022-04-08 10:49:12,393 DEBUG Process parameters for systemctl<serv_mosq2>
  command line : /usr/bin/systemctl status mosquitto
    arg #1     : status
    arg #2     : mosquitto
  working dir  : /home/pi/actions-runner/_work/thin-edge.io/thin-edge.io/tests/PySys/software_management_end_to_end/sm_docker_install_remove_multiple/Output/linux
  stdout       : /home/pi/actions-runner/_work/thin-edge.io/thin-edge.io/tests/PySys/software_management_end_to_end/sm_docker_install_remove_multiple/Output/linux/serv_mosq2.out
  stderr       : /home/pi/actions-runner/_work/thin-edge.io/thin-edge.io/tests/PySys/software_management_end_to_end/sm_docker_install_remove_multiple/Output/linux/serv_mosq2.err
  environment  : LD_LIBRARY_PATH=/usr/lib
  environment  : PATH=/bin:/usr/bin:/usr/sbin:/usr/local/bin
                   #1  /bin
                   #2  /usr/bin
                   #3  /usr/sbin
                   #4  /usr/local/bin
2022-04-08 10:49:12,401 DEBUG Waiting up to 600 secs for process systemctl<serv_mosq2> (pid 1623)
2022-04-08 10:49:12,930 INFO  Executed systemctl<serv_mosq2>, exit status 0
2022-04-08 10:49:12,933 DEBUG Process parameters for systemctl<serv_mapper3>
  command line : /usr/bin/systemctl status tedge-mapper-c8y
    arg #1     : status
    arg #2     : tedge-mapper-c8y
  working dir  : /home/pi/actions-runner/_work/thin-edge.io/thin-edge.io/tests/PySys/software_management_end_to_end/sm_docker_install_remove_multiple/Output/linux
  stdout       : /home/pi/actions-runner/_work/thin-edge.io/thin-edge.io/tests/PySys/software_management_end_to_end/sm_docker_install_remove_multiple/Output/linux/serv_mapper3.out
  stderr       : /home/pi/actions-runner/_work/thin-edge.io/thin-edge.io/tests/PySys/software_management_end_to_end/sm_docker_install_remove_multiple/Output/linux/serv_mapper3.err
  environment  : LD_LIBRARY_PATH=/usr/lib
  environment  : PATH=/bin:/usr/bin:/usr/sbin:/usr/local/bin
                   #1  /bin
                   #2  /usr/bin
                   #3  /usr/sbin
                   #4  /usr/local/bin
2022-04-08 10:49:12,943 DEBUG Waiting up to 600 secs for process systemctl<serv_mapper3> (pid 1624)
2022-04-08 10:49:13,418 INFO  Executed systemctl<serv_mapper3>, exit status 0
2022-04-08 10:49:15,442 DEBUG Starting new HTTPS connection (1): thin-edge-io.eu-latest.cumulocity.com:443
2022-04-08 10:49:15,647 DEBUG https://thin-edge-io.eu-latest.cumulocity.com:443 "GET /devicecontrol/operations?deviceId=17063047&pageSize=1&revert=true&dateFrom=1970-01-01T00%3A00%3A00.000Z HTTP/1.1" 200 1184
2022-04-08 10:49:15,661 DEBUG Final URL of the request: https://thin-edge-io.eu-latest.cumulocity.com/devicecontrol/operations?deviceId=17063047&pageSize=1&revert=true&dateFrom=1970-01-01T00%3A00%3A00.000Z
2022-04-08 10:49:15,665 INFO  State of current operation: FAILED
2022-04-08 10:49:15,666 DEBUG Final URL of the request: https://thin-edge-io.eu-latest.cumulocity.com/devicecontrol/operations?deviceId=17063047&pageSize=1&revert=true&dateFrom=1970-01-01T00%3A00%3A00.000Z
2022-04-08 10:49:15,668 DEBUG State of current operation: {
    "delivery": {
        "time": "2022-04-08T10:45:26.388Z",
        "log": [
            {
                "time": "2022-04-08T10:45:26.345Z",
                "status": "PENDING"
            },
            {
                "time": "2022-04-08T10:45:26.354Z",
                "status": "SEND"
            }
        ],
        "status": "DELIVERED"
    },
    "creationTime": "2022-04-08T10:45:26.323Z",
    "deviceId": "17063047",
    "deviceName": "offsite_mythica",
    "failureReason": "1 error, see device log file /var/log/tedge/agent/software-update-2022-04-08T10:45:45.729824363Z.log",
    "self": "https://t493319102.eu-latest.cumulocity.com/devicecontrol/operations/17065149",
    "id": "17065149",
    "status": "FAILED",
    "description": "Apply software changes, triggered from PySys: [{'name': 'does_not_exist', 'id': '5446165', 'version': '::apt', 'url': '', 'action': 'install'}]",
    "c8y_SoftwareUpdate": [
        {
            "name": "does_not_exist",
            "action": "install",
            "id": "5446165",
            "version": "::apt",
            "url": ""
        }
    ]
}
2022-04-08 10:49:15,684 DEBUG Starting new HTTPS connection (1): thin-edge-io.eu-latest.cumulocity.com:443
2022-04-08 10:49:15,888 DEBUG https://thin-edge-io.eu-latest.cumulocity.com:443 "POST /devicecontrol/operations HTTP/1.1" 201 751
2022-04-08 10:49:15,903 INFO  Response status: 201
2022-04-08 10:49:15,905 INFO  Response to action: {
    "delivery": {
        "time": "2022-04-08T10:49:15.876Z",
        "log": [],
        "status": "PENDING"
    },
    "creationTime": "2022-04-08T10:49:15.866Z",
    "deviceId": "17063047",
    "deviceName": "offsite_mythica",
    "self": "https://t493319102.eu-latest.cumulocity.com/devicecontrol/operations/17065157",
    "id": "17065157",
    "status": "PENDING",
    "description": "Apply software changes, triggered from PySys: [{'action': 'install', 'id': '8021526', 'name': 'hello-world', 'url': '', 'version': '::docker'}, {'action': 'install', 'id': '8018911', 'name': 'registry', 'url': '', 'version': '2.6.2::docker'}]",
    "c8y_SoftwareUpdate": [
        {
            "name": "hello-world",
            "action": "install",
            "id": "8021526",
            "version": "::docker",
            "url": ""
        },
        {
            "name": "registry",
            "action": "install",
            "id": "8018911",
            "version": "2.6.2::docker",
            "url": ""
        }
    ]
}
2022-04-08 10:49:15,905 INFO  Started operation: {'delivery': {'time': '2022-04-08T10:49:15.876Z', 'log': [], 'status': 'PENDING'}, 'creationTime': '2022-04-08T10:49:15.866Z', 'deviceId': '17063047', 'deviceName': 'offsite_mythica', 'self': 'https://t493319102.eu-latest.cumulocity.com/devicecontrol/operations/17065157', 'id': '17065157', 'status': 'PENDING', 'description': "Apply software changes, triggered from PySys: [{'action': 'install', 'id': '8021526', 'name': 'hello-world', 'url': '', 'version': '::docker'}, {'action': 'install', 'id': '8018911', 'name': 'registry', 'url': '', 'version': '2.6.2::docker'}]", 'c8y_SoftwareUpdate': [{'name': 'hello-world', 'action': 'install', 'id': '8021526', 'version': '::docker', 'url': ''}, {'name': 'registry', 'action': 'install', 'id': '8018911', 'version': '2.6.2::docker', 'url': ''}]}
2022-04-08 10:49:17,928 DEBUG Starting new HTTPS connection (1): thin-edge-io.eu-latest.cumulocity.com:443
2022-04-08 10:49:18,105 DEBUG https://thin-edge-io.eu-latest.cumulocity.com:443 "GET /devicecontrol/operations/17065157 HTTP/1.1" 200 828
2022-04-08 10:49:18,120 INFO  State of operation 17065157 : PENDING
2022-04-08 10:49:20,138 DEBUG Starting new HTTPS connection (1): thin-edge-io.eu-latest.cumulocity.com:443
2022-04-08 10:49:20,316 DEBUG https://thin-edge-io.eu-latest.cumulocity.com:443 "GET /devicecontrol/operations/17065157 HTTP/1.1" 200 830
2022-04-08 10:49:20,331 INFO  State of operation 17065157 : EXECUTING
2022-04-08 10:49:22,357 DEBUG Starting new HTTPS connection (1): thin-edge-io.eu-latest.cumulocity.com:443
2022-04-08 10:49:22,619 DEBUG https://thin-edge-io.eu-latest.cumulocity.com:443 "GET /devicecontrol/operations/17065157 HTTP/1.1" 200 830
2022-04-08 10:49:22,635 INFO  State of operation 17065157 : EXECUTING
2022-04-08 10:49:24,658 DEBUG Starting new HTTPS connection (1): thin-edge-io.eu-latest.cumulocity.com:443
2022-04-08 10:49:24,850 DEBUG https://thin-edge-io.eu-latest.cumulocity.com:443 "GET /devicecontrol/operations/17065157 HTTP/1.1" 200 830
2022-04-08 10:49:24,866 INFO  State of operation 17065157 : EXECUTING
2022-04-08 10:49:26,884 DEBUG Starting new HTTPS connection (1): thin-edge-io.eu-latest.cumulocity.com:443
2022-04-08 10:49:27,096 DEBUG https://thin-edge-io.eu-latest.cumulocity.com:443 "GET /devicecontrol/operations/17065157 HTTP/1.1" 200 830
2022-04-08 10:49:27,113 INFO  State of operation 17065157 : EXECUTING
2022-04-08 10:49:29,131 DEBUG Starting new HTTPS connection (1): thin-edge-io.eu-latest.cumulocity.com:443
2022-04-08 10:49:29,325 DEBUG https://thin-edge-io.eu-latest.cumulocity.com:443 "GET /devicecontrol/operations/17065157 HTTP/1.1" 200 830
2022-04-08 10:49:29,341 INFO  State of operation 17065157 : EXECUTING
2022-04-08 10:49:31,361 DEBUG Starting new HTTPS connection (1): thin-edge-io.eu-latest.cumulocity.com:443
2022-04-08 10:49:31,549 DEBUG https://thin-edge-io.eu-latest.cumulocity.com:443 "GET /devicecontrol/operations/17065157 HTTP/1.1" 200 830
2022-04-08 10:49:31,565 INFO  State of operation 17065157 : EXECUTING
2022-04-08 10:49:33,594 DEBUG Starting new HTTPS connection (1): thin-edge-io.eu-latest.cumulocity.com:443
2022-04-08 10:49:34,108 DEBUG https://thin-edge-io.eu-latest.cumulocity.com:443 "GET /devicecontrol/operations/17065157 HTTP/1.1" 200 830
2022-04-08 10:49:34,126 INFO  State of operation 17065157 : EXECUTING
2022-04-08 10:49:36,180 DEBUG Starting new HTTPS connection (1): thin-edge-io.eu-latest.cumulocity.com:443
2022-04-08 10:49:36,502 DEBUG https://thin-edge-io.eu-latest.cumulocity.com:443 "GET /devicecontrol/operations/17065157 HTTP/1.1" 200 830
2022-04-08 10:49:36,521 INFO  State of operation 17065157 : EXECUTING
2022-04-08 10:49:38,540 DEBUG Starting new HTTPS connection (1): thin-edge-io.eu-latest.cumulocity.com:443
2022-04-08 10:49:38,718 DEBUG https://thin-edge-io.eu-latest.cumulocity.com:443 "GET /devicecontrol/operations/17065157 HTTP/1.1" 200 830
2022-04-08 10:49:38,734 INFO  State of operation 17065157 : EXECUTING
2022-04-08 10:49:40,753 DEBUG Starting new HTTPS connection (1): thin-edge-io.eu-latest.cumulocity.com:443
2022-04-08 10:49:40,931 DEBUG https://thin-edge-io.eu-latest.cumulocity.com:443 "GET /devicecontrol/operations/17065157 HTTP/1.1" 200 830
2022-04-08 10:49:40,947 INFO  State of operation 17065157 : EXECUTING
2022-04-08 10:49:42,979 DEBUG Starting new HTTPS connection (1): thin-edge-io.eu-latest.cumulocity.com:443
2022-04-08 10:49:43,643 DEBUG https://thin-edge-io.eu-latest.cumulocity.com:443 "GET /devicecontrol/operations/17065157 HTTP/1.1" 200 830
2022-04-08 10:49:43,660 INFO  State of operation 17065157 : EXECUTING
2022-04-08 10:49:45,678 DEBUG Starting new HTTPS connection (1): thin-edge-io.eu-latest.cumulocity.com:443
2022-04-08 10:49:45,861 DEBUG https://thin-edge-io.eu-latest.cumulocity.com:443 "GET /devicecontrol/operations/17065157 HTTP/1.1" 200 830
2022-04-08 10:49:45,879 INFO  State of operation 17065157 : EXECUTING
2022-04-08 10:49:47,898 DEBUG Starting new HTTPS connection (1): thin-edge-io.eu-latest.cumulocity.com:443
2022-04-08 10:49:48,086 DEBUG https://thin-edge-io.eu-latest.cumulocity.com:443 "GET /devicecontrol/operations/17065157 HTTP/1.1" 200 830
2022-04-08 10:49:48,103 INFO  State of operation 17065157 : EXECUTING
2022-04-08 10:49:50,123 DEBUG Starting new HTTPS connection (1): thin-edge-io.eu-latest.cumulocity.com:443
2022-04-08 10:49:50,322 DEBUG https://thin-edge-io.eu-latest.cumulocity.com:443 "GET /devicecontrol/operations/17065157 HTTP/1.1" 200 830
2022-04-08 10:49:50,339 INFO  State of operation 17065157 : EXECUTING
2022-04-08 10:49:52,361 DEBUG Starting new HTTPS connection (1): thin-edge-io.eu-latest.cumulocity.com:443
2022-04-08 10:49:52,552 DEBUG https://thin-edge-io.eu-latest.cumulocity.com:443 "GET /devicecontrol/operations/17065157 HTTP/1.1" 200 830
2022-04-08 10:49:52,571 INFO  State of operation 17065157 : EXECUTING
2022-04-08 10:49:54,589 DEBUG Starting new HTTPS connection (1): thin-edge-io.eu-latest.cumulocity.com:443
2022-04-08 10:49:54,765 DEBUG https://thin-edge-io.eu-latest.cumulocity.com:443 "GET /devicecontrol/operations/17065157 HTTP/1.1" 200 831
2022-04-08 10:49:54,782 INFO  State of operation 17065157 : SUCCESSFUL
2022-04-08 10:49:55,799 DEBUG Starting new HTTPS connection (1): thin-edge-io.eu-latest.cumulocity.com:443
2022-04-08 10:49:55,981 DEBUG https://thin-edge-io.eu-latest.cumulocity.com:443 "GET /inventory/managedObjects/17063047 HTTP/1.1" 200 None
2022-04-08 10:49:56,000 INFO  Package hello-world is installed
2022-04-08 10:49:56,016 DEBUG Starting new HTTPS connection (1): thin-edge-io.eu-latest.cumulocity.com:443
2022-04-08 10:49:56,211 DEBUG https://thin-edge-io.eu-latest.cumulocity.com:443 "GET /inventory/managedObjects/17063047 HTTP/1.1" 200 None
2022-04-08 10:49:56,229 INFO  Package hello-world is installed
2022-04-08 10:49:56,232 INFO  Assert that (True == value) with value=True ... passed
2022-04-08 10:49:56,248 DEBUG Starting new HTTPS connection (1): thin-edge-io.eu-latest.cumulocity.com:443
2022-04-08 10:49:56,438 DEBUG https://thin-edge-io.eu-latest.cumulocity.com:443 "GET /inventory/managedObjects/17063047 HTTP/1.1" 200 None
2022-04-08 10:49:56,457 INFO  Package registry is installed
2022-04-08 10:49:56,459 INFO  Assert that (True == value) with value=True ... passed
2022-04-08 10:49:56,475 DEBUG Starting new HTTPS connection (1): thin-edge-io.eu-latest.cumulocity.com:443
2022-04-08 10:49:56,690 DEBUG https://thin-edge-io.eu-latest.cumulocity.com:443 "GET /inventory/managedObjects/17063047 HTTP/1.1" 200 None
2022-04-08 10:49:56,712 INFO  Assert that (False == value) with value=False ... passed
2022-04-08 10:49:56,713 DEBUG --- test execute
2022-04-08 10:49:56,729 DEBUG Starting new HTTPS connection (1): thin-edge-io.eu-latest.cumulocity.com:443
2022-04-08 10:49:56,926 DEBUG https://thin-edge-io.eu-latest.cumulocity.com:443 "POST /devicecontrol/operations HTTP/1.1" 201 741
2022-04-08 10:49:56,942 INFO  Response status: 201
2022-04-08 10:49:56,943 INFO  Response to action: {
    "delivery": {
        "time": "2022-04-08T10:49:56.919Z",
        "log": [],
        "status": "PENDING"
    },
    "creationTime": "2022-04-08T10:49:56.900Z",
    "deviceId": "17063047",
    "deviceName": "offsite_mythica",
    "self": "https://t493319102.eu-latest.cumulocity.com/devicecontrol/operations/17065165",
    "id": "17065165",
    "status": "PENDING",
    "description": "Apply software changes, triggered from PySys: [{'action': 'install', 'id': '8018911', 'name': 'registry', 'url': '', 'version': '2.7.1::docker'}, {'action': 'install', 'id': '7991792', 'name': 'alpine', 'url': '', 'version': '::docker'}]",
    "c8y_SoftwareUpdate": [
        {
            "name": "registry",
            "action": "install",
            "id": "8018911",
            "version": "2.7.1::docker",
            "url": ""
        },
        {
            "name": "alpine",
            "action": "install",
            "id": "7991792",
            "version": "::docker",
            "url": ""
        }
    ]
}
2022-04-08 10:49:56,944 INFO  Started operation: {'delivery': {'time': '2022-04-08T10:49:56.919Z', 'log': [], 'status': 'PENDING'}, 'creationTime': '2022-04-08T10:49:56.900Z', 'deviceId': '17063047', 'deviceName': 'offsite_mythica', 'self': 'https://t493319102.eu-latest.cumulocity.com/devicecontrol/operations/17065165', 'id': '17065165', 'status': 'PENDING', 'description': "Apply software changes, triggered from PySys: [{'action': 'install', 'id': '8018911', 'name': 'registry', 'url': '', 'version': '2.7.1::docker'}, {'action': 'install', 'id': '7991792', 'name': 'alpine', 'url': '', 'version': '::docker'}]", 'c8y_SoftwareUpdate': [{'name': 'registry', 'action': 'install', 'id': '8018911', 'version': '2.7.1::docker', 'url': ''}, {'name': 'alpine', 'action': 'install', 'id': '7991792', 'version': '::docker', 'url': ''}]}
2022-04-08 10:49:58,964 DEBUG Starting new HTTPS connection (1): thin-edge-io.eu-latest.cumulocity.com:443
2022-04-08 10:49:59,144 DEBUG https://thin-edge-io.eu-latest.cumulocity.com:443 "GET /devicecontrol/operations/17065165 HTTP/1.1" 200 818
2022-04-08 10:49:59,159 INFO  State of operation 17065165 : PENDING
2022-04-08 10:50:01,182 DEBUG Starting new HTTPS connection (1): thin-edge-io.eu-latest.cumulocity.com:443
2022-04-08 10:50:01,368 DEBUG https://thin-edge-io.eu-latest.cumulocity.com:443 "GET /devicecontrol/operations/17065165 HTTP/1.1" 200 820
2022-04-08 10:50:01,383 INFO  State of operation 17065165 : EXECUTING
2022-04-08 10:50:03,405 DEBUG Starting new HTTPS connection (1): thin-edge-io.eu-latest.cumulocity.com:443
2022-04-08 10:50:03,606 DEBUG https://thin-edge-io.eu-latest.cumulocity.com:443 "GET /devicecontrol/operations/17065165 HTTP/1.1" 200 820
2022-04-08 10:50:03,625 INFO  State of operation 17065165 : EXECUTING
2022-04-08 10:50:05,654 DEBUG Starting new HTTPS connection (1): thin-edge-io.eu-latest.cumulocity.com:443
2022-04-08 10:50:05,828 DEBUG https://thin-edge-io.eu-latest.cumulocity.com:443 "GET /devicecontrol/operations/17065165 HTTP/1.1" 200 820
2022-04-08 10:50:05,844 INFO  State of operation 17065165 : EXECUTING
2022-04-08 10:50:07,868 DEBUG Starting new HTTPS connection (1): thin-edge-io.eu-latest.cumulocity.com:443
2022-04-08 10:50:08,298 DEBUG https://thin-edge-io.eu-latest.cumulocity.com:443 "GET /devicecontrol/operations/17065165 HTTP/1.1" 200 820
2022-04-08 10:50:08,316 INFO  State of operation 17065165 : EXECUTING
2022-04-08 10:50:10,335 DEBUG Starting new HTTPS connection (1): thin-edge-io.eu-latest.cumulocity.com:443
2022-04-08 10:50:10,532 DEBUG https://thin-edge-io.eu-latest.cumulocity.com:443 "GET /devicecontrol/operations/17065165 HTTP/1.1" 200 820
2022-04-08 10:50:10,549 INFO  State of operation 17065165 : EXECUTING
2022-04-08 10:50:12,571 DEBUG Starting new HTTPS connection (1): thin-edge-io.eu-latest.cumulocity.com:443
2022-04-08 10:50:12,775 DEBUG https://thin-edge-io.eu-latest.cumulocity.com:443 "GET /devicecontrol/operations/17065165 HTTP/1.1" 200 820
2022-04-08 10:50:12,791 INFO  State of operation 17065165 : EXECUTING
2022-04-08 10:50:14,810 DEBUG Starting new HTTPS connection (1): thin-edge-io.eu-latest.cumulocity.com:443
2022-04-08 10:50:14,994 DEBUG https://thin-edge-io.eu-latest.cumulocity.com:443 "GET /devicecontrol/operations/17065165 HTTP/1.1" 200 820
2022-04-08 10:50:15,011 INFO  State of operation 17065165 : EXECUTING
2022-04-08 10:50:17,031 DEBUG Starting new HTTPS connection (1): thin-edge-io.eu-latest.cumulocity.com:443
2022-04-08 10:50:17,213 DEBUG https://thin-edge-io.eu-latest.cumulocity.com:443 "GET /devicecontrol/operations/17065165 HTTP/1.1" 200 820
2022-04-08 10:50:17,230 INFO  State of operation 17065165 : EXECUTING
2022-04-08 10:50:19,253 DEBUG Starting new HTTPS connection (1): thin-edge-io.eu-latest.cumulocity.com:443
2022-04-08 10:50:19,890 DEBUG https://thin-edge-io.eu-latest.cumulocity.com:443 "GET /devicecontrol/operations/17065165 HTTP/1.1" 200 820
2022-04-08 10:50:19,911 INFO  State of operation 17065165 : EXECUTING
2022-04-08 10:50:21,957 DEBUG Starting new HTTPS connection (1): thin-edge-io.eu-latest.cumulocity.com:443
2022-04-08 10:50:22,198 DEBUG https://thin-edge-io.eu-latest.cumulocity.com:443 "GET /devicecontrol/operations/17065165 HTTP/1.1" 200 820
2022-04-08 10:50:22,220 INFO  State of operation 17065165 : EXECUTING
2022-04-08 10:50:24,241 DEBUG Starting new HTTPS connection (1): thin-edge-io.eu-latest.cumulocity.com:443
2022-04-08 10:50:24,498 DEBUG https://thin-edge-io.eu-latest.cumulocity.com:443 "GET /devicecontrol/operations/17065165 HTTP/1.1" 200 820
2022-04-08 10:50:24,516 INFO  State of operation 17065165 : EXECUTING
2022-04-08 10:50:26,543 DEBUG Starting new HTTPS connection (1): thin-edge-io.eu-latest.cumulocity.com:443
2022-04-08 10:50:26,737 DEBUG https://thin-edge-io.eu-latest.cumulocity.com:443 "GET /devicecontrol/operations/17065165 HTTP/1.1" 200 820
2022-04-08 10:50:26,756 INFO  State of operation 17065165 : EXECUTING
2022-04-08 10:50:28,777 DEBUG Starting new HTTPS connection (1): thin-edge-io.eu-latest.cumulocity.com:443
2022-04-08 10:50:28,965 DEBUG https://thin-edge-io.eu-latest.cumulocity.com:443 "GET /devicecontrol/operations/17065165 HTTP/1.1" 200 820
2022-04-08 10:50:28,981 INFO  State of operation 17065165 : EXECUTING
2022-04-08 10:50:31,002 DEBUG Starting new HTTPS connection (1): thin-edge-io.eu-latest.cumulocity.com:443
2022-04-08 10:50:31,190 DEBUG https://thin-edge-io.eu-latest.cumulocity.com:443 "GET /devicecontrol/operations/17065165 HTTP/1.1" 200 820
2022-04-08 10:50:31,206 INFO  State of operation 17065165 : EXECUTING
2022-04-08 10:50:33,233 DEBUG Starting new HTTPS connection (1): thin-edge-io.eu-latest.cumulocity.com:443
2022-04-08 10:50:33,590 DEBUG https://thin-edge-io.eu-latest.cumulocity.com:443 "GET /devicecontrol/operations/17065165 HTTP/1.1" 200 820
2022-04-08 10:50:33,605 INFO  State of operation 17065165 : EXECUTING
2022-04-08 10:50:35,626 DEBUG Starting new HTTPS connection (1): thin-edge-io.eu-latest.cumulocity.com:443
2022-04-08 10:50:35,820 DEBUG https://thin-edge-io.eu-latest.cumulocity.com:443 "GET /devicecontrol/operations/17065165 HTTP/1.1" 200 820
2022-04-08 10:50:35,836 INFO  State of operation 17065165 : EXECUTING
2022-04-08 10:50:37,858 DEBUG Starting new HTTPS connection (1): thin-edge-io.eu-latest.cumulocity.com:443
2022-04-08 10:50:38,081 DEBUG https://thin-edge-io.eu-latest.cumulocity.com:443 "GET /devicecontrol/operations/17065165 HTTP/1.1" 200 820
2022-04-08 10:50:38,109 INFO  State of operation 17065165 : EXECUTING
2022-04-08 10:50:40,128 DEBUG Starting new HTTPS connection (1): thin-edge-io.eu-latest.cumulocity.com:443
2022-04-08 10:50:40,317 DEBUG https://thin-edge-io.eu-latest.cumulocity.com:443 "GET /devicecontrol/operations/17065165 HTTP/1.1" 200 820
2022-04-08 10:50:40,335 INFO  State of operation 17065165 : EXECUTING
2022-04-08 10:50:42,353 DEBUG Starting new HTTPS connection (1): thin-edge-io.eu-latest.cumulocity.com:443
2022-04-08 10:50:42,533 DEBUG https://thin-edge-io.eu-latest.cumulocity.com:443 "GET /devicecontrol/operations/17065165 HTTP/1.1" 200 820
2022-04-08 10:50:42,549 INFO  State of operation 17065165 : EXECUTING
2022-04-08 10:50:44,569 DEBUG Starting new HTTPS connection (1): thin-edge-io.eu-latest.cumulocity.com:443
2022-04-08 10:50:44,742 DEBUG https://thin-edge-io.eu-latest.cumulocity.com:443 "GET /devicecontrol/operations/17065165 HTTP/1.1" 200 821
2022-04-08 10:50:44,757 INFO  State of operation 17065165 : SUCCESSFUL
2022-04-08 10:50:45,774 DEBUG Starting new HTTPS connection (1): thin-edge-io.eu-latest.cumulocity.com:443
2022-04-08 10:50:45,955 DEBUG https://thin-edge-io.eu-latest.cumulocity.com:443 "GET /inventory/managedObjects/17063047 HTTP/1.1" 200 None
2022-04-08 10:50:45,974 INFO  Package hello-world is installed
2022-04-08 10:50:45,975 DEBUG --- test validate
2022-04-08 10:50:45,991 DEBUG Starting new HTTPS connection (1): thin-edge-io.eu-latest.cumulocity.com:443
2022-04-08 10:50:46,177 DEBUG https://thin-edge-io.eu-latest.cumulocity.com:443 "GET /inventory/managedObjects/17063047 HTTP/1.1" 200 None
2022-04-08 10:50:46,195 INFO  Package hello-world is installed
2022-04-08 10:50:46,197 INFO  Assert that (True == value) with value=True ... passed
2022-04-08 10:50:46,213 DEBUG Starting new HTTPS connection (1): thin-edge-io.eu-latest.cumulocity.com:443
2022-04-08 10:50:46,404 DEBUG https://thin-edge-io.eu-latest.cumulocity.com:443 "GET /inventory/managedObjects/17063047 HTTP/1.1" 200 None
2022-04-08 10:50:46,422 INFO  Package registry is installed
2022-04-08 10:50:46,424 INFO  Assert that (True == value) with value=True ... passed
2022-04-08 10:50:46,440 DEBUG Starting new HTTPS connection (1): thin-edge-io.eu-latest.cumulocity.com:443
2022-04-08 10:50:46,621 DEBUG https://thin-edge-io.eu-latest.cumulocity.com:443 "GET /inventory/managedObjects/17063047 HTTP/1.1" 200 None
2022-04-08 10:50:46,640 INFO  Package alpine is installed
2022-04-08 10:50:46,642 INFO  Assert that (True == value) with value=True ... passed
2022-04-08 10:50:46,653 DEBUG --- test cleanup
2022-04-08 10:50:46,654 INFO  
2022-04-08 10:50:46,655 INFO  cleanup:
2022-04-08 10:50:46,655 DEBUG Running registered cleanup function: <bound method SMDockerInstallRemove.docker_cleanup of <SMDockerInstallRemove object at 0x75d8e7b0>>
2022-04-08 10:50:46,672 DEBUG Starting new HTTPS connection (1): thin-edge-io.eu-latest.cumulocity.com:443
2022-04-08 10:50:46,874 DEBUG https://thin-edge-io.eu-latest.cumulocity.com:443 "POST /devicecontrol/operations HTTP/1.1" 201 919
2022-04-08 10:50:46,889 INFO  Response status: 201
2022-04-08 10:50:46,891 INFO  Response to action: {
    "delivery": {
        "time": "2022-04-08T10:50:46.867Z",
        "log": [],
        "status": "PENDING"
    },
    "creationTime": "2022-04-08T10:50:46.852Z",
    "deviceId": "17063047",
    "deviceName": "offsite_mythica",
    "self": "https://t493319102.eu-latest.cumulocity.com/devicecontrol/operations/17065173",
    "id": "17065173",
    "status": "PENDING",
    "description": "Apply software changes, triggered from PySys: [{'action': 'delete', 'id': '8018911', 'name': 'registry', 'url': '', 'version': '2.7.1::docker'}, {'action': 'delete', 'id': '7991792', 'name': 'alpine', 'url': '', 'version': '::docker'}, {'action': 'delete', 'id': '8021526', 'name': 'hello-world', 'url': '', 'version': '::docker'}]",
    "c8y_SoftwareUpdate": [
        {
            "name": "registry",
            "action": "delete",
            "id": "8018911",
            "version": "2.7.1::docker",
            "url": ""
        },
        {
            "name": "alpine",
            "action": "delete",
            "id": "7991792",
            "version": "::docker",
            "url": ""
        },
        {
            "name": "hello-world",
            "action": "delete",
            "id": "8021526",
            "version": "::docker",
            "url": ""
        }
    ]
}
2022-04-08 10:50:46,892 INFO  Started operation: {'delivery': {'time': '2022-04-08T10:50:46.867Z', 'log': [], 'status': 'PENDING'}, 'creationTime': '2022-04-08T10:50:46.852Z', 'deviceId': '17063047', 'deviceName': 'offsite_mythica', 'self': 'https://t493319102.eu-latest.cumulocity.com/devicecontrol/operations/17065173', 'id': '17065173', 'status': 'PENDING', 'description': "Apply software changes, triggered from PySys: [{'action': 'delete', 'id': '8018911', 'name': 'registry', 'url': '', 'version': '2.7.1::docker'}, {'action': 'delete', 'id': '7991792', 'name': 'alpine', 'url': '', 'version': '::docker'}, {'action': 'delete', 'id': '8021526', 'name': 'hello-world', 'url': '', 'version': '::docker'}]", 'c8y_SoftwareUpdate': [{'name': 'registry', 'action': 'delete', 'id': '8018911', 'version': '2.7.1::docker', 'url': ''}, {'name': 'alpine', 'action': 'delete', 'id': '7991792', 'version': '::docker', 'url': ''}, {'name': 'hello-world', 'action': 'delete', 'id': '8021526', 'version': '::docker', 'url': ''}]}
2022-04-08 10:50:48,912 DEBUG Starting new HTTPS connection (1): thin-edge-io.eu-latest.cumulocity.com:443
2022-04-08 10:50:49,091 DEBUG https://thin-edge-io.eu-latest.cumulocity.com:443 "GET /devicecontrol/operations/17065173 HTTP/1.1" 200 996
2022-04-08 10:50:49,107 INFO  State of operation 17065173 : PENDING
2022-04-08 10:50:51,138 DEBUG Starting new HTTPS connection (1): thin-edge-io.eu-latest.cumulocity.com:443
2022-04-08 10:50:51,329 DEBUG https://thin-edge-io.eu-latest.cumulocity.com:443 "GET /devicecontrol/operations/17065173 HTTP/1.1" 200 998
2022-04-08 10:50:51,346 INFO  State of operation 17065173 : EXECUTING
2022-04-08 10:50:53,367 DEBUG Starting new HTTPS connection (1): thin-edge-io.eu-latest.cumulocity.com:443
2022-04-08 10:50:53,588 DEBUG https://thin-edge-io.eu-latest.cumulocity.com:443 "GET /devicecontrol/operations/17065173 HTTP/1.1" 200 998
2022-04-08 10:50:53,607 INFO  State of operation 17065173 : EXECUTING
2022-04-08 10:50:55,630 DEBUG Starting new HTTPS connection (1): thin-edge-io.eu-latest.cumulocity.com:443
2022-04-08 10:50:55,841 DEBUG https://thin-edge-io.eu-latest.cumulocity.com:443 "GET /devicecontrol/operations/17065173 HTTP/1.1" 200 998
2022-04-08 10:50:55,859 INFO  State of operation 17065173 : EXECUTING
2022-04-08 10:50:57,885 DEBUG Starting new HTTPS connection (1): thin-edge-io.eu-latest.cumulocity.com:443
2022-04-08 10:50:58,084 DEBUG https://thin-edge-io.eu-latest.cumulocity.com:443 "GET /devicecontrol/operations/17065173 HTTP/1.1" 200 998
2022-04-08 10:50:58,100 INFO  State of operation 17065173 : EXECUTING
2022-04-08 10:51:00,123 DEBUG Starting new HTTPS connection (1): thin-edge-io.eu-latest.cumulocity.com:443
2022-04-08 10:51:00,316 DEBUG https://thin-edge-io.eu-latest.cumulocity.com:443 "GET /devicecontrol/operations/17065173 HTTP/1.1" 200 998
2022-04-08 10:51:00,332 INFO  State of operation 17065173 : EXECUTING
2022-04-08 10:51:02,361 DEBUG Starting new HTTPS connection (1): thin-edge-io.eu-latest.cumulocity.com:443
2022-04-08 10:51:02,567 DEBUG https://thin-edge-io.eu-latest.cumulocity.com:443 "GET /devicecontrol/operations/17065173 HTTP/1.1" 200 998
2022-04-08 10:51:02,587 INFO  State of operation 17065173 : EXECUTING
2022-04-08 10:51:04,616 DEBUG Starting new HTTPS connection (1): thin-edge-io.eu-latest.cumulocity.com:443
2022-04-08 10:51:04,802 DEBUG https://thin-edge-io.eu-latest.cumulocity.com:443 "GET /devicecontrol/operations/17065173 HTTP/1.1" 200 998
2022-04-08 10:51:04,819 INFO  State of operation 17065173 : EXECUTING
2022-04-08 10:51:06,838 DEBUG Starting new HTTPS connection (1): thin-edge-io.eu-latest.cumulocity.com:443
2022-04-08 10:51:07,012 DEBUG https://thin-edge-io.eu-latest.cumulocity.com:443 "GET /devicecontrol/operations/17065173 HTTP/1.1" 200 999
2022-04-08 10:51:07,027 INFO  State of operation 17065173 : SUCCESSFUL
2022-04-08 10:51:08,044 DEBUG Starting new HTTPS connection (1): thin-edge-io.eu-latest.cumulocity.com:443
2022-04-08 10:51:08,248 DEBUG https://thin-edge-io.eu-latest.cumulocity.com:443 "GET /inventory/managedObjects/17063047 HTTP/1.1" 200 None
2022-04-08 10:51:09,284 DEBUG Starting new HTTPS connection (1): thin-edge-io.eu-latest.cumulocity.com:443
2022-04-08 10:51:09,496 DEBUG https://thin-edge-io.eu-latest.cumulocity.com:443 "GET /inventory/managedObjects/17063047 HTTP/1.1" 200 None
2022-04-08 10:51:10,531 DEBUG Starting new HTTPS connection (1): thin-edge-io.eu-latest.cumulocity.com:443
2022-04-08 10:51:10,713 DEBUG https://thin-edge-io.eu-latest.cumulocity.com:443 "GET /inventory/managedObjects/17063047 HTTP/1.1" 200 None
2022-04-08 10:51:11,749 DEBUG Starting new HTTPS connection (1): thin-edge-io.eu-latest.cumulocity.com:443
2022-04-08 10:51:11,956 DEBUG https://thin-edge-io.eu-latest.cumulocity.com:443 "GET /inventory/managedObjects/17063047 HTTP/1.1" 200 None
2022-04-08 10:51:12,991 DEBUG Starting new HTTPS connection (1): thin-edge-io.eu-latest.cumulocity.com:443
2022-04-08 10:51:13,172 DEBUG https://thin-edge-io.eu-latest.cumulocity.com:443 "GET /inventory/managedObjects/17063047 HTTP/1.1" 200 None
2022-04-08 10:51:14,208 DEBUG Starting new HTTPS connection (1): thin-edge-io.eu-latest.cumulocity.com:443
2022-04-08 10:51:14,417 DEBUG https://thin-edge-io.eu-latest.cumulocity.com:443 "GET /inventory/managedObjects/17063047 HTTP/1.1" 200 None
2022-04-08 10:51:15,452 DEBUG Starting new HTTPS connection (1): thin-edge-io.eu-latest.cumulocity.com:443
2022-04-08 10:51:15,646 DEBUG https://thin-edge-io.eu-latest.cumulocity.com:443 "GET /inventory/managedObjects/17063047 HTTP/1.1" 200 None
2022-04-08 10:51:16,682 DEBUG Starting new HTTPS connection (1): thin-edge-io.eu-latest.cumulocity.com:443
2022-04-08 10:51:16,878 DEBUG https://thin-edge-io.eu-latest.cumulocity.com:443 "GET /inventory/managedObjects/17063047 HTTP/1.1" 200 None
2022-04-08 10:51:17,913 DEBUG Starting new HTTPS connection (1): thin-edge-io.eu-latest.cumulocity.com:443
2022-04-08 10:51:18,098 DEBUG https://thin-edge-io.eu-latest.cumulocity.com:443 "GET /inventory/managedObjects/17063047 HTTP/1.1" 200 None
2022-04-08 10:51:18,134 DEBUG Starting new HTTPS connection (1): thin-edge-io.eu-latest.cumulocity.com:443
2022-04-08 10:51:18,319 DEBUG https://thin-edge-io.eu-latest.cumulocity.com:443 "GET /inventory/managedObjects/17063047 HTTP/1.1" 200 None
2022-04-08 10:51:18,341 INFO  Assert that (False == value) with value=False ... passed
2022-04-08 10:51:18,357 DEBUG Starting new HTTPS connection (1): thin-edge-io.eu-latest.cumulocity.com:443
2022-04-08 10:51:18,538 DEBUG https://thin-edge-io.eu-latest.cumulocity.com:443 "GET /inventory/managedObjects/17063047 HTTP/1.1" 200 None
2022-04-08 10:51:18,558 INFO  Assert that (False == value) with value=False ... passed
2022-04-08 10:51:18,574 DEBUG Starting new HTTPS connection (1): thin-edge-io.eu-latest.cumulocity.com:443
2022-04-08 10:51:18,757 DEBUG https://thin-edge-io.eu-latest.cumulocity.com:443 "GET /inventory/managedObjects/17063047 HTTP/1.1" 200 None
2022-04-08 10:51:18,777 INFO  Assert that (False == value) with value=False ... passed
2022-04-08 10:51:18,778 DEBUG Running registered cleanup function: <bound method SoftwareManagement.mysmcleanup of <SMDockerInstallRemove object at 0x75d8e7b0>>
2022-04-08 10:51:18,779 DEBUG Running registered cleanup function: <bound method EnvironmentC8y.myenvcleanup of <SMDockerInstallRemove object at 0x75d8e7b0>>
2022-04-08 10:51:18,780 DEBUG EnvironmentC8y Cleanup
2022-04-08 10:51:18,924 DEBUG Process parameters for sudo<tedge_disconnect_c8y>
  command line : /usr/bin/sudo /usr/bin/tedge disconnect c8y
    arg #1     : /usr/bin/tedge
    arg #2     : disconnect
    arg #3     : c8y
  working dir  : /home/pi/actions-runner/_work/thin-edge.io/thin-edge.io/tests/PySys/software_management_end_to_end/sm_docker_install_remove_multiple/Output/linux
  stdout       : /home/pi/actions-runner/_work/thin-edge.io/thin-edge.io/tests/PySys/software_management_end_to_end/sm_docker_install_remove_multiple/Output/linux/tedge_disconnect_c8y.out
  stderr       : /home/pi/actions-runner/_work/thin-edge.io/thin-edge.io/tests/PySys/software_management_end_to_end/sm_docker_install_remove_multiple/Output/linux/tedge_disconnect_c8y.err
  environment  : LD_LIBRARY_PATH=/usr/lib
  environment  : PATH=/bin:/usr/bin:/usr/sbin:/usr/local/bin
                   #1  /bin
                   #2  /usr/bin
                   #3  /usr/sbin
                   #4  /usr/local/bin
2022-04-08 10:51:18,933 DEBUG Waiting up to 600 secs for process sudo<tedge_disconnect_c8y> (pid 2844)
2022-04-08 10:51:22,963 INFO  Executed sudo<tedge_disconnect_c8y>, exit status 0
2022-04-08 10:51:22,967 DEBUG Process parameters for systemctl<serv_mapper5>
  command line : /usr/bin/systemctl status tedge-mapper-c8y
    arg #1     : status
    arg #2     : tedge-mapper-c8y
  working dir  : /home/pi/actions-runner/_work/thin-edge.io/thin-edge.io/tests/PySys/software_management_end_to_end/sm_docker_install_remove_multiple/Output/linux
  stdout       : /home/pi/actions-runner/_work/thin-edge.io/thin-edge.io/tests/PySys/software_management_end_to_end/sm_docker_install_remove_multiple/Output/linux/serv_mapper5.out
  stderr       : /home/pi/actions-runner/_work/thin-edge.io/thin-edge.io/tests/PySys/software_management_end_to_end/sm_docker_install_remove_multiple/Output/linux/serv_mapper5.err
  environment  : LD_LIBRARY_PATH=/usr/lib
  environment  : PATH=/bin:/usr/bin:/usr/sbin:/usr/local/bin
                   #1  /bin
                   #2  /usr/bin
                   #3  /usr/sbin
                   #4  /usr/local/bin
2022-04-08 10:51:22,976 DEBUG Waiting up to 600 secs for process systemctl<serv_mapper5> (pid 2886)
2022-04-08 10:51:23,584 INFO  Executed systemctl<serv_mapper5>, exit status 3
2022-04-08 10:51:23,585 DEBUG ProcessUser cleanup function done.
2022-04-08 10:51:23,588 INFO  
2022-04-08 10:51:23,589 INFO  Test duration: 152.30 secs
2022-04-08 10:51:23,590 INFO  Test final outcome:  PASSED
2022-04-08 10:51:23,591 INFO  
