2022-04-19 13:30:07,936 INFO  ==============================================================
2022-04-19 13:30:07,937 INFO  Id:    invalid_device_id
2022-04-19 13:30:07,939 INFO  Dir:   misc_features/
2022-04-19 13:30:07,939 INFO  Title: Invalid Device ID
2022-04-19 13:30:07,940 INFO  ==============================================================
2022-04-19 13:30:08,581 INFO  Executed sudo<create_cert_dir>, exit status 0
2022-04-19 13:30:09,093 INFO  Executed sudo<create_cert_dir>, exit status 0
2022-04-19 13:30:09,606 INFO  Executed sudo<set_cert_path>, exit status 0
2022-04-19 13:30:10,171 INFO  Executed sudo<set_key_path>, exit status 0
2022-04-19 13:30:10,684 INFO  Executed sudo<cert_create>, exit status 1
2022-04-19 13:30:10,691 INFO  Grep on file cert_create.err ... passed
2022-04-19 13:30:10,696 INFO  
2022-04-19 13:30:10,697 INFO  cleanup:
2022-04-19 13:30:11,209 INFO  Executed sudo<unset_cert_path>, exit status 0
2022-04-19 13:30:11,721 INFO  Executed sudo<unset_key_path>, exit status 0
2022-04-19 13:30:12,234 INFO  Executed sudo<remove_cert_dir>, exit status 0
2022-04-19 13:30:12,238 INFO  
2022-04-19 13:30:12,239 INFO  Test duration: 4.31 secs
2022-04-19 13:30:12,240 INFO  Test final outcome:  PASSED
2022-04-19 13:30:12,241 INFO  
