2022-04-21 13:55:11,992 INFO  ==============================================================
2022-04-21 13:55:11,993 INFO  Id:    apt_finalize
2022-04-21 13:55:11,994 INFO  Dir:   plugin_apt/
2022-04-21 13:55:11,995 INFO  Title: Validate apt plugin finalize - dense version
2022-04-21 13:55:11,996 INFO  ==============================================================
2022-04-21 13:55:53,603 INFO  Executed sudo<outp_remove>, exit status 0, duration 41 secs
2022-04-21 13:55:53,608 INFO  Assert that (value==0) with value=0 ... passed
2022-04-21 13:56:09,867 INFO  Executed sudo<outp_remove>, exit status 0, duration 16 secs
2022-04-21 13:56:09,871 INFO  Assert that (value==0) with value=0 ... passed
2022-04-21 13:56:15,170 INFO  Executed sudo<outp_check_0>, exit status 0
2022-04-21 13:56:15,173 INFO  Assert that (value==0) with value=0 ... passed
2022-04-21 13:56:15,183 INFO  Grep on file outp_check_0.out ... passed
2022-04-21 13:56:15,746 INFO  Executed dpkg-query<outp_check_0>, exit status 1
2022-04-21 13:56:58,332 INFO  Executed sudo<outp_install>, exit status 0, duration 42 secs
2022-04-21 13:56:58,335 INFO  Assert that (value==0) with value=0 ... passed
2022-04-21 13:57:03,597 INFO  Executed sudo<outp_check_1>, exit status 0
2022-04-21 13:57:03,600 INFO  Assert that (value==0) with value=0 ... passed
2022-04-21 13:57:03,605 INFO  Grep on file outp_check_1.out ... passed
2022-04-21 13:57:04,066 INFO  Executed dpkg-query<outp_check_1>, exit status 0
2022-04-21 13:57:19,391 INFO  Executed sudo<outp_remove>, exit status 0, duration 15 secs
2022-04-21 13:57:19,393 INFO  Assert that (value==0) with value=0 ... passed
2022-04-21 13:57:24,701 INFO  Executed sudo<outp_check_2>, exit status 0
2022-04-21 13:57:24,703 INFO  Assert that (value==0) with value=0 ... passed
2022-04-21 13:57:24,709 INFO  Grep on file outp_check_2.out ... passed
2022-04-21 13:57:25,170 INFO  Executed dpkg-query<outp_check_2>, exit status 0
2022-04-21 13:57:38,505 INFO  Executed sudo<outp_finalize>, exit status 0, duration 13 secs
2022-04-21 13:57:38,508 INFO  Assert that (value==0) with value=0 ... passed
2022-04-21 13:57:43,995 INFO  Executed sudo<outp_check_3>, exit status 0
2022-04-21 13:57:43,997 INFO  Assert that (value==0) with value=0 ... passed
2022-04-21 13:57:44,003 INFO  Grep on file outp_check_3.out ... passed
2022-04-21 13:57:44,502 INFO  Executed dpkg-query<outp_check_3>, exit status 1
2022-04-21 13:57:44,529 INFO  
2022-04-21 13:57:44,530 INFO  cleanup:
2022-04-21 13:57:44,533 INFO  
2022-04-21 13:57:44,534 INFO  Test duration: 152.55 secs
2022-04-21 13:57:44,535 INFO  Test final outcome:  PASSED
2022-04-21 13:57:44,536 INFO  
