2022-05-03 08:53:59,234 INFO  ==============================================================
2022-05-03 08:53:59,235 INFO  Id:    docker_plugin_remove_with_version
2022-05-03 08:53:59,236 INFO  Dir:   plugin_docker/
2022-05-03 08:53:59,237 INFO  Title: Validate docker plugin remove with version
2022-05-03 08:53:59,238 INFO  ==============================================================
2022-05-03 08:54:00,005 INFO  Executed sudo<docker_images>, exit status 0
2022-05-03 08:54:00,017 INFO  Grep on file /home/pi/actions-runner/_work/thin-edge.io/thin-edge.io/tests/PySys/plugin_docker/docker_plugin_remove_with_version/Output/linux/docker_images.out ... passed
2022-05-03 08:54:24,438 INFO  Executed sudo<docker_run>, exit status 0, duration 24 secs
2022-05-03 08:54:25,259 INFO  Executed sudo<docker_ps>, exit status 0
2022-05-03 08:54:25,264 INFO  Grep on file /home/pi/actions-runner/_work/thin-edge.io/thin-edge.io/tests/PySys/plugin_docker/docker_plugin_remove_with_version/Output/linux/docker_ps.out ... passed
2022-05-03 08:54:28,649 INFO  Executed sudo<plugin_remove>, exit status 0
2022-05-03 08:54:29,411 INFO  Executed sudo<docker_ps_latest>, exit status 0
2022-05-03 08:54:30,174 INFO  Executed sudo<docker_ps>, exit status 0
2022-05-03 08:54:30,178 INFO  Grep on file /home/pi/actions-runner/_work/thin-edge.io/thin-edge.io/tests/PySys/plugin_docker/docker_plugin_remove_with_version/Output/linux/docker_ps.out ... passed
2022-05-03 08:54:30,185 INFO  
2022-05-03 08:54:30,186 INFO  cleanup:
2022-05-03 08:54:30,187 INFO  Removing containers scheduled to be cleaned up: ['d0b35f0e77d6', 'ae00dc444862', 'cae92c1b5ca49b5292c1f2948ff11b8cbabdf479d001a0d68976a3c66203ad41\n', '80d147d425358835cd5819a59a7636607ce8c387d97360767c1266166802429a\n']
2022-05-03 08:54:30,960 INFO  Executed sudo<containers_for_cleanup>, exit status 0
2022-05-03 08:54:30,961 INFO  Removing images scheduled to be cleaned up: ['registry', 'registry', 'registry:2.7.1', 'registry', 'registry:2.7.1']
2022-05-03 08:54:33,999 INFO  Executed sudo<containers_for_cleanup>, exit status 0
2022-05-03 08:54:34,003 INFO  
2022-05-03 08:54:34,004 INFO  Test duration: 34.78 secs
2022-05-03 08:54:34,005 INFO  Test final outcome:  PASSED
2022-05-03 08:54:34,006 INFO  
