2022-05-23 09:22:16,275 INFO  ==============================================================
2022-05-23 09:22:16,275 INFO  Id:    apt_install_local_file_with_version_fail
2022-05-23 09:22:16,275 INFO  Dir:   plugin_apt/
2022-05-23 09:22:16,275 INFO  Title: Validate apt plugin install from local file AND with a version - FAIL case
2022-05-23 09:22:16,275 INFO  ==============================================================
2022-05-23 09:22:16,638 INFO  URL of rolldice is b"'https://mirror.hetzner.com/ubuntu/packages/pool/universe/r/rolldice/rolldice_1.16-1build1_amd64.deb'"
2022-05-23 09:22:17,214 INFO  Downloaded rolldcice in version 1.16-1build1
2022-05-23 09:22:17,214 INFO  Filename is rolldice_1.16-1build1_amd64.deb
2022-05-23 09:22:22,582 INFO  Executed sudo, exit status 0
2022-05-23 09:22:23,136 INFO  Executed sudo<outp_check_0>, exit status 0
2022-05-23 09:22:23,136 INFO  Assert that (value==0) with value=0 ... passed
2022-05-23 09:22:23,137 INFO  Grep on file outp_check_0.out ... passed
2022-05-23 09:22:23,239 INFO  Executed sudo<outp_install>, exit status 5
2022-05-23 09:22:23,240 INFO  Assert that (value==5) with value=5 ... passed
2022-05-23 09:22:23,794 INFO  Executed sudo<outp_check_1>, exit status 0
2022-05-23 09:22:23,794 INFO  Assert that (value==0) with value=0 ... passed
2022-05-23 09:22:23,795 INFO  Grep on file outp_check_1.out ... passed
2022-05-23 09:22:23,795 INFO  
2022-05-23 09:22:23,795 INFO  cleanup:
2022-05-23 09:22:23,796 INFO  
2022-05-23 09:22:23,796 INFO  Test duration: 7.52 secs
2022-05-23 09:22:23,796 INFO  Test final outcome:  PASSED
2022-05-23 09:22:23,796 INFO  
