2022-05-10 19:59:17,532 INFO  ==============================================================
2022-05-10 19:59:17,532 INFO  Id:    SoftwareManagement.sm_mixed_install_remove_multiple
2022-05-10 19:59:17,532 INFO  Dir:   software_management_end_to_end/
2022-05-10 19:59:17,532 INFO  Title: Validate end to end behaviour for the dummy-plugin for multiple packages with mixed versions
2022-05-10 19:59:17,532 INFO  ==============================================================
2022-05-10 19:59:17,534 INFO  Using sw id database: {'asciijump': '5475369', 'robotfindskitten': '5474869', 'squirrel3': '5475279', 'rolldice': '5152439', 'moon-buggy': '5439204', 'apple': '5495053', 'banana': '5494888', 'cherry': '5495382', 'watermelon': '5494510', 'registry': '8018911', 'hello-world': '8021526', 'docker/getting-started': '8021973', 'alpine': '7991792'}
2022-05-10 19:59:17,534 INFO  EnvironmentC8y Setup
2022-05-10 19:59:17,636 INFO  Executed systemctl<serv_mapper1>, exit status 3
2022-05-10 19:59:17,652 INFO  Restarting mosquitto too frequently in the last 10 seconds. It was only up for 1 seconds
2022-05-10 19:59:17,653 INFO  Delaying execution by 10 seconds
2022-05-10 19:59:45,832 INFO  Executed sudo<tedge_connect_c8y>, exit status 0, duration 18 secs
2022-05-10 19:59:45,985 INFO  Executed sudo<tedge_connect_c8y_test>, exit status 0
2022-05-10 19:59:46,088 INFO  Executed systemctl<serv_mosq2>, exit status 0
2022-05-10 19:59:46,191 INFO  Executed systemctl<serv_mapper3>, exit status 0
2022-05-10 19:59:48,313 INFO  State of current operation: SUCCESSFUL
2022-05-10 19:59:48,448 INFO  Package apple is installed
2022-05-10 19:59:48,448 INFO  Assert that (True == value) with value=True ... passed
2022-05-10 19:59:48,581 INFO  Package banana is installed
2022-05-10 19:59:48,581 INFO  Assert that (True == value) with value=True ... passed
2022-05-10 19:59:48,716 INFO  Package cherry is installed
2022-05-10 19:59:48,717 INFO  Assert that (True == value) with value=True ... passed
2022-05-10 19:59:48,850 INFO  Assert that (False == value) with value=False ... passed
2022-05-10 19:59:48,985 INFO  Assert that (False == value) with value=False ... passed
2022-05-10 19:59:49,112 INFO  Response status: 201
2022-05-10 19:59:49,113 INFO  Response to action: {
    "creationTime": "2022-05-10T19:59:49.072Z",
    "deviceName": "ubuntu-2gb-hel1-2-thin-edge-b",
    "deviceId": "18696045",
    "self": "https://t493319102.eu-latest.cumulocity.com/devicecontrol/operations/18745932",
    "id": "18745932",
    "status": "PENDING",
    "description": "Apply software changes, triggered from PySys: [{'action': 'install', 'id': '5495053', 'name': 'apple', 'url': ' ', 'version': '::fruits'}, {'action': 'install', 'id': '5494888', 'name': 'banana', 'url': ' ', 'version': '::fruits'}, {'action': 'install', 'id': '5475369', 'name': 'asciijump', 'url': ' ', 'version': '::apt'}, {'action': 'install', 'id': '5495382', 'name': 'cherry', 'url': ' ', 'version': '::fruits'}, {'action': 'install', 'id': '8018911', 'name': 'registry', 'url': ' ', 'version': '::docker'}]",
    "c8y_SoftwareUpdate": [
        {
            "name": "apple",
            "action": "install",
            "id": "5495053",
            "version": "::fruits",
            "url": " "
        },
        {
            "name": "banana",
            "action": "install",
            "id": "5494888",
            "version": "::fruits",
            "url": " "
        },
        {
            "name": "asciijump",
            "action": "install",
            "id": "5475369",
            "version": "::apt",
            "url": " "
        },
        {
            "name": "cherry",
            "action": "install",
            "id": "5495382",
            "version": "::fruits",
            "url": " "
        },
        {
            "name": "registry",
            "action": "install",
            "id": "8018911",
            "version": "::docker",
            "url": " "
        }
    ]
}
2022-05-10 19:59:49,113 INFO  Started operation: {'creationTime': '2022-05-10T19:59:49.072Z', 'deviceName': 'ubuntu-2gb-hel1-2-thin-edge-b', 'deviceId': '18696045', 'self': 'https://t493319102.eu-latest.cumulocity.com/devicecontrol/operations/18745932', 'id': '18745932', 'status': 'PENDING', 'description': "Apply software changes, triggered from PySys: [{'action': 'install', 'id': '5495053', 'name': 'apple', 'url': ' ', 'version': '::fruits'}, {'action': 'install', 'id': '5494888', 'name': 'banana', 'url': ' ', 'version': '::fruits'}, {'action': 'install', 'id': '5475369', 'name': 'asciijump', 'url': ' ', 'version': '::apt'}, {'action': 'install', 'id': '5495382', 'name': 'cherry', 'url': ' ', 'version': '::fruits'}, {'action': 'install', 'id': '8018911', 'name': 'registry', 'url': ' ', 'version': '::docker'}]", 'c8y_SoftwareUpdate': [{'name': 'apple', 'action': 'install', 'id': '5495053', 'version': '::fruits', 'url': ' '}, {'name': 'banana', 'action': 'install', 'id': '5494888', 'version': '::fruits', 'url': ' '}, {'name': 'asciijump', 'action': 'install', 'id': '5475369', 'version': '::apt', 'url': ' '}, {'name': 'cherry', 'action': 'install', 'id': '5495382', 'version': '::fruits', 'url': ' '}, {'name': 'registry', 'action': 'install', 'id': '8018911', 'version': '::docker', 'url': ' '}]}
2022-05-10 19:59:51,224 INFO  State of operation 18745932 : EXECUTING
2022-05-10 19:59:53,334 INFO  State of operation 18745932 : EXECUTING
2022-05-10 19:59:55,452 INFO  State of operation 18745932 : EXECUTING
2022-05-10 19:59:57,576 INFO  State of operation 18745932 : EXECUTING
2022-05-10 19:59:59,693 INFO  State of operation 18745932 : EXECUTING
2022-05-10 20:00:01,833 INFO  State of operation 18745932 : EXECUTING
2022-05-10 20:00:03,955 INFO  State of operation 18745932 : SUCCESSFUL
2022-05-10 20:00:04,140 INFO  Package apple is installed
2022-05-10 20:00:04,141 INFO  Assert that (True == value) with value=True ... passed
2022-05-10 20:00:04,285 INFO  Package banana is installed
2022-05-10 20:00:04,286 INFO  Assert that (True == value) with value=True ... passed
2022-05-10 20:00:04,430 INFO  Package cherry is installed
2022-05-10 20:00:04,430 INFO  Assert that (True == value) with value=True ... passed
2022-05-10 20:00:04,574 INFO  Package asciijump is installed
2022-05-10 20:00:04,574 INFO  Assert that (True == value) with value=True ... passed
2022-05-10 20:00:04,753 INFO  Package registry is installed
2022-05-10 20:00:04,753 INFO  Assert that (True == value) with value=True ... passed
2022-05-10 20:00:04,898 INFO  Response status: 201
2022-05-10 20:00:04,898 INFO  Response to action: {
    "creationTime": "2022-05-10T20:00:04.849Z",
    "deviceName": "ubuntu-2gb-hel1-2-thin-edge-b",
    "deviceId": "18696045",
    "self": "https://t493319102.eu-latest.cumulocity.com/devicecontrol/operations/18745934",
    "id": "18745934",
    "status": "PENDING",
    "description": "Apply software changes, triggered from PySys: [{'action': 'delete', 'id': '5495053', 'name': 'apple', 'url': ' ', 'version': '::fruits'}, {'action': 'delete', 'id': '5494888', 'name': 'banana', 'url': ' ', 'version': '::fruits'}, {'action': 'delete', 'id': '5475369', 'name': 'asciijump', 'url': ' ', 'version': '::apt'}, {'action': 'delete', 'id': '5495382', 'name': 'cherry', 'url': ' ', 'version': '::fruits'}, {'action': 'delete', 'id': '8018911', 'name': 'registry', 'url': ' ', 'version': '::docker'}]",
    "c8y_SoftwareUpdate": [
        {
            "name": "apple",
            "action": "delete",
            "id": "5495053",
            "version": "::fruits",
            "url": " "
        },
        {
            "name": "banana",
            "action": "delete",
            "id": "5494888",
            "version": "::fruits",
            "url": " "
        },
        {
            "name": "asciijump",
            "action": "delete",
            "id": "5475369",
            "version": "::apt",
            "url": " "
        },
        {
            "name": "cherry",
            "action": "delete",
            "id": "5495382",
            "version": "::fruits",
            "url": " "
        },
        {
            "name": "registry",
            "action": "delete",
            "id": "8018911",
            "version": "::docker",
            "url": " "
        }
    ]
}
2022-05-10 20:00:04,898 INFO  Started operation: {'creationTime': '2022-05-10T20:00:04.849Z', 'deviceName': 'ubuntu-2gb-hel1-2-thin-edge-b', 'deviceId': '18696045', 'self': 'https://t493319102.eu-latest.cumulocity.com/devicecontrol/operations/18745934', 'id': '18745934', 'status': 'PENDING', 'description': "Apply software changes, triggered from PySys: [{'action': 'delete', 'id': '5495053', 'name': 'apple', 'url': ' ', 'version': '::fruits'}, {'action': 'delete', 'id': '5494888', 'name': 'banana', 'url': ' ', 'version': '::fruits'}, {'action': 'delete', 'id': '5475369', 'name': 'asciijump', 'url': ' ', 'version': '::apt'}, {'action': 'delete', 'id': '5495382', 'name': 'cherry', 'url': ' ', 'version': '::fruits'}, {'action': 'delete', 'id': '8018911', 'name': 'registry', 'url': ' ', 'version': '::docker'}]", 'c8y_SoftwareUpdate': [{'name': 'apple', 'action': 'delete', 'id': '5495053', 'version': '::fruits', 'url': ' '}, {'name': 'banana', 'action': 'delete', 'id': '5494888', 'version': '::fruits', 'url': ' '}, {'name': 'asciijump', 'action': 'delete', 'id': '5475369', 'version': '::apt', 'url': ' '}, {'name': 'cherry', 'action': 'delete', 'id': '5495382', 'version': '::fruits', 'url': ' '}, {'name': 'registry', 'action': 'delete', 'id': '8018911', 'version': '::docker', 'url': ' '}]}
2022-05-10 20:00:07,013 INFO  State of operation 18745934 : EXECUTING
2022-05-10 20:00:09,121 INFO  State of operation 18745934 : EXECUTING
2022-05-10 20:00:11,231 INFO  State of operation 18745934 : EXECUTING
2022-05-10 20:00:13,359 INFO  State of operation 18745934 : EXECUTING
2022-05-10 20:00:15,473 INFO  State of operation 18745934 : SUCCESSFUL
2022-05-10 20:00:15,604 INFO  Package apple is installed
2022-05-10 20:00:15,605 INFO  Assert that (True == value) with value=True ... passed
2022-05-10 20:00:15,740 INFO  Package banana is installed
2022-05-10 20:00:15,741 INFO  Assert that (True == value) with value=True ... passed
2022-05-10 20:00:15,876 INFO  Package cherry is installed
2022-05-10 20:00:15,877 INFO  Assert that (True == value) with value=True ... passed
2022-05-10 20:00:16,009 INFO  Assert that (False == value) with value=False ... passed
2022-05-10 20:00:16,142 INFO  Assert that (False == value) with value=False ... passed
2022-05-10 20:00:16,142 INFO  
2022-05-10 20:00:16,142 INFO  cleanup:
2022-05-10 20:00:27,106 INFO  Executed sudo<tedge_disconnect_c8y>, exit status 0
2022-05-10 20:00:27,158 INFO  Executed systemctl<serv_mapper5>, exit status 3
2022-05-10 20:00:27,159 INFO  
2022-05-10 20:00:27,159 INFO  Test duration: 69.62 secs
2022-05-10 20:00:27,159 INFO  Test final outcome:  PASSED
2022-05-10 20:00:27,159 INFO  
