2022-04-12 16:02:45,903 INFO  ==============================================================
2022-04-12 16:02:45,904 INFO  Id:    custom_init_system
2022-04-12 16:02:45,905 INFO  Dir:   misc_features/
2022-04-12 16:02:45,906 INFO  Title: Custom init system test
2022-04-12 16:02:45,907 INFO  ==============================================================
2022-04-12 16:02:46,426 INFO  Executed sudo<copy_system_config>, exit status 0
2022-04-12 16:02:46,942 INFO  Executed sudo<copy_dummy_init>, exit status 0
2022-04-12 16:03:13,196 INFO  Executed sudo<tedge_connect>, exit status 0, duration 26 secs
2022-04-12 16:03:13,913 INFO  Executed sudo<tedge_disconnect>, exit status 0
2022-04-12 16:03:13,923 INFO  Grep on file tedge_connect.out ... passed
2022-04-12 16:03:13,928 INFO  Grep on file tedge_disconnect.out ... passed
2022-04-12 16:03:13,935 INFO  Grep on file /tmp/dummy_init/dummy_init.out ... passed
2022-04-12 16:03:13,942 INFO  Grep on file /tmp/dummy_init/dummy_init.out ... passed
2022-04-12 16:03:13,947 INFO  Grep on file /tmp/dummy_init/dummy_init.out ... passed
2022-04-12 16:03:13,953 INFO  Grep on file /tmp/dummy_init/dummy_init.out ... passed
2022-04-12 16:03:13,958 INFO  Grep on file /tmp/dummy_init/dummy_init.out ... passed
2022-04-12 16:03:13,964 INFO  Grep on file /tmp/dummy_init/dummy_init.out ... passed
2022-04-12 16:03:13,971 INFO  Grep on file /tmp/dummy_init/dummy_init.out ... passed
2022-04-12 16:03:13,977 INFO  Grep on file /tmp/dummy_init/dummy_init.out ... passed
2022-04-12 16:03:13,985 INFO  Grep on file /tmp/dummy_init/dummy_init.out ... passed
2022-04-12 16:03:13,991 INFO  Grep on file /tmp/dummy_init/dummy_init.out ... passed
2022-04-12 16:03:13,998 INFO  Grep on file /tmp/dummy_init/dummy_init.out ... passed
2022-04-12 16:03:14,005 INFO  Grep on file /tmp/dummy_init/dummy_init.out ... passed
2022-04-12 16:03:14,012 INFO  Grep on file /tmp/dummy_init/dummy_init.out ... passed
2022-04-12 16:03:14,018 INFO  Grep on file /tmp/dummy_init/dummy_init.out ... passed
2022-04-12 16:03:14,025 INFO  
2022-04-12 16:03:14,026 INFO  cleanup:
2022-04-12 16:03:14,604 INFO  Executed sudo<remove_system_config>, exit status 0
2022-04-12 16:03:15,133 INFO  Executed sudo<remove_dummy_init>, exit status 0
2022-04-12 16:03:15,137 INFO  
2022-04-12 16:03:15,138 INFO  Test duration: 29.24 secs
2022-04-12 16:03:15,139 INFO  Test final outcome:  PASSED
2022-04-12 16:03:15,141 INFO  
