2022-05-02 14:53:12,588 INFO  ==============================================================
2022-05-02 14:53:12,588 INFO  Id:    invalid_device_id
2022-05-02 14:53:12,589 INFO  Dir:   misc_features/
2022-05-02 14:53:12,589 INFO  Title: Invalid Device ID
2022-05-02 14:53:12,589 INFO  ==============================================================
2022-05-02 14:53:12,641 INFO  Executed sudo<create_cert_dir>, exit status 0
2022-05-02 14:53:12,693 INFO  Executed sudo<create_cert_dir>, exit status 0
2022-05-02 14:53:12,745 INFO  Executed sudo<set_cert_path>, exit status 0
2022-05-02 14:53:12,847 INFO  Executed sudo<set_key_path>, exit status 0
2022-05-02 14:53:12,899 INFO  Executed sudo<cert_create>, exit status 1
2022-05-02 14:53:12,900 INFO  Grep on file cert_create.err ... passed
2022-05-02 14:53:12,901 INFO  
2022-05-02 14:53:12,901 INFO  cleanup:
2022-05-02 14:53:12,952 INFO  Executed sudo<unset_cert_path>, exit status 0
2022-05-02 14:53:13,004 INFO  Executed sudo<unset_key_path>, exit status 0
2022-05-02 14:53:13,057 INFO  Executed sudo<remove_cert_dir>, exit status 0
2022-05-02 14:53:13,057 INFO  
2022-05-02 14:53:13,058 INFO  Test duration: 0.46 secs
2022-05-02 14:53:13,058 INFO  Test final outcome:  PASSED
2022-05-02 14:53:13,058 INFO  
