2022-05-30 09:25:00,724 INFO  ==============================================================
2022-05-30 09:25:00,725 INFO  Id:    apt_fail_noarg
2022-05-30 09:25:00,728 INFO  Dir:   plugin_apt/
2022-05-30 09:25:00,729 INFO  Title: Validate apt plugin fetures(prepare, list, install, remove finalize) without arguments
2022-05-30 09:25:00,730 INFO  ==============================================================
2022-05-30 09:25:02,215 INFO  Executed sudo<outp_install>, exit status 1
2022-05-30 09:25:02,219 INFO  Assert that (value==1) with value=1 ... passed
2022-05-30 09:25:02,781 INFO  Executed sudo<outp_install>, exit status 1
2022-05-30 09:25:02,783 INFO  Assert that (value==1) with value=1 ... passed
2022-05-30 09:25:03,295 INFO  Executed sudo<outp_install>, exit status 1
2022-05-30 09:25:03,297 INFO  Assert that (value==1) with value=1 ... passed
2022-05-30 09:25:03,808 INFO  Executed sudo<outp_install>, exit status 1
2022-05-30 09:25:03,811 INFO  Assert that (value==1) with value=1 ... passed
2022-05-30 09:25:04,373 INFO  Executed sudo<outp_install>, exit status 1
2022-05-30 09:25:04,376 INFO  Assert that (value==1) with value=1 ... passed
2022-05-30 09:25:04,890 INFO  Executed sudo<outp_install>, exit status 1
2022-05-30 09:25:04,895 INFO  Assert that (value==1) with value=1 ... passed
2022-05-30 09:25:05,413 INFO  Executed sudo<outp_install>, exit status 1
2022-05-30 09:25:05,415 INFO  Assert that (value==1) with value=1 ... passed
2022-05-30 09:25:05,927 INFO  Executed sudo<outp_install>, exit status 1
2022-05-30 09:25:05,929 INFO  Assert that (value==1) with value=1 ... passed
2022-05-30 09:25:06,445 INFO  Executed sudo<outp_install>, exit status 1
2022-05-30 09:25:06,447 INFO  Assert that (value==1) with value=1 ... passed
2022-05-30 09:25:06,941 INFO  Executed sudo<outp_install>, exit status 1
2022-05-30 09:25:06,943 INFO  Assert that (value==1) with value=1 ... passed
2022-05-30 09:25:06,952 INFO  
2022-05-30 09:25:06,953 INFO  Test duration: 6.24 secs
2022-05-30 09:25:06,954 INFO  Test final outcome:  PASSED
2022-05-30 09:25:06,955 INFO  
