2022-05-03 07:52:45,718 INFO  ==============================================================
2022-05-03 07:52:45,719 INFO  Id:    custom_init_system
2022-05-03 07:52:45,720 INFO  Dir:   misc_features/
2022-05-03 07:52:45,721 INFO  Title: Custom init system test
2022-05-03 07:52:45,722 INFO  ==============================================================
2022-05-03 07:52:46,258 INFO  Executed sudo<copy_system_config>, exit status 0
2022-05-03 07:52:46,770 INFO  Executed sudo<copy_dummy_init>, exit status 0
2022-05-03 07:53:12,987 INFO  Executed sudo<tedge_connect>, exit status 0, duration 26 secs
2022-05-03 07:53:13,601 INFO  Executed sudo<tedge_disconnect>, exit status 0
2022-05-03 07:53:13,607 INFO  Grep on file tedge_connect.out ... passed
2022-05-03 07:53:13,611 INFO  Grep on file tedge_disconnect.out ... passed
2022-05-03 07:53:13,616 INFO  Grep on file /tmp/dummy_init/dummy_init.out ... passed
2022-05-03 07:53:13,622 INFO  Grep on file /tmp/dummy_init/dummy_init.out ... passed
2022-05-03 07:53:13,627 INFO  Grep on file /tmp/dummy_init/dummy_init.out ... passed
2022-05-03 07:53:13,631 INFO  Grep on file /tmp/dummy_init/dummy_init.out ... passed
2022-05-03 07:53:13,636 INFO  Grep on file /tmp/dummy_init/dummy_init.out ... passed
2022-05-03 07:53:13,640 INFO  Grep on file /tmp/dummy_init/dummy_init.out ... passed
2022-05-03 07:53:13,645 INFO  Grep on file /tmp/dummy_init/dummy_init.out ... passed
2022-05-03 07:53:13,650 INFO  Grep on file /tmp/dummy_init/dummy_init.out ... passed
2022-05-03 07:53:13,654 INFO  Grep on file /tmp/dummy_init/dummy_init.out ... passed
2022-05-03 07:53:13,659 INFO  Grep on file /tmp/dummy_init/dummy_init.out ... passed
2022-05-03 07:53:13,664 INFO  Grep on file /tmp/dummy_init/dummy_init.out ... passed
2022-05-03 07:53:13,670 INFO  Grep on file /tmp/dummy_init/dummy_init.out ... passed
2022-05-03 07:53:13,675 INFO  Grep on file /tmp/dummy_init/dummy_init.out ... passed
2022-05-03 07:53:13,679 INFO  Grep on file /tmp/dummy_init/dummy_init.out ... passed
2022-05-03 07:53:13,685 INFO  
2022-05-03 07:53:13,686 INFO  cleanup:
2022-05-03 07:53:14,197 INFO  Executed sudo<remove_system_config>, exit status 0
2022-05-03 07:53:14,761 INFO  Executed sudo<remove_dummy_init>, exit status 0
2022-05-03 07:53:14,765 INFO  
2022-05-03 07:53:14,765 INFO  Test duration: 29.05 secs
2022-05-03 07:53:14,767 INFO  Test final outcome:  PASSED
2022-05-03 07:53:14,768 INFO  
