2022-05-09 15:51:36,232 INFO  ==============================================================
2022-05-09 15:51:36,233 INFO  Id:    invalid_device_id
2022-05-09 15:51:36,234 INFO  Dir:   misc_features/
2022-05-09 15:51:36,235 INFO  Title: Invalid Device ID
2022-05-09 15:51:36,236 INFO  ==============================================================
2022-05-09 15:51:36,758 INFO  Executed sudo<create_cert_dir>, exit status 0
2022-05-09 15:51:37,270 INFO  Executed sudo<create_cert_dir>, exit status 0
2022-05-09 15:51:37,782 INFO  Executed sudo<set_cert_path>, exit status 0
2022-05-09 15:51:38,294 INFO  Executed sudo<set_key_path>, exit status 0
2022-05-09 15:51:38,807 INFO  Executed sudo<cert_create>, exit status 1
2022-05-09 15:51:38,814 INFO  Grep on file cert_create.err ... passed
2022-05-09 15:51:38,820 INFO  
2022-05-09 15:51:38,821 INFO  cleanup:
2022-05-09 15:51:39,333 INFO  Executed sudo<unset_cert_path>, exit status 0
2022-05-09 15:51:39,845 INFO  Executed sudo<unset_key_path>, exit status 0
2022-05-09 15:51:40,357 INFO  Executed sudo<remove_cert_dir>, exit status 0
2022-05-09 15:51:40,361 INFO  
2022-05-09 15:51:40,361 INFO  Test duration: 4.13 secs
2022-05-09 15:51:40,363 INFO  Test final outcome:  PASSED
2022-05-09 15:51:40,364 INFO  
