2022-05-10 19:39:34,150 INFO  ==============================================================
2022-05-10 19:39:34,151 INFO  Id:    c8y_restart_bridge
2022-05-10 19:39:34,152 INFO  Dir:   tedge_connect/
2022-05-10 19:39:34,153 INFO  Title: Bridge restart
2022-05-10 19:39:34,154 INFO  ==============================================================
2022-05-10 19:39:34,159 INFO  EnvironmentC8y Setup
2022-05-10 19:39:34,772 INFO  Executed systemctl<serv_mapper1>, exit status 3
2022-05-10 19:39:49,235 INFO  Executed sudo<tedge_connect_c8y>, exit status 0, duration 14 secs
2022-05-10 19:39:49,860 INFO  Executed sudo<tedge_connect_c8y_test>, exit status 0
2022-05-10 19:39:50,373 INFO  Executed systemctl<serv_mosq2>, exit status 0
2022-05-10 19:39:50,836 INFO  Executed systemctl<serv_mapper3>, exit status 0
2022-05-10 19:39:50,837 INFO  Setup
2022-05-10 19:39:50,838 INFO  Execute (empty in this case as we test the c8y enviroment)
2022-05-10 19:39:51,352 INFO  Executed systemctl<serv_mosq>, exit status 0
2022-05-10 19:39:51,815 INFO  Executed systemctl<serv_mapper4>, exit status 0
2022-05-10 19:39:51,816 INFO  Validate
2022-05-10 19:39:51,822 INFO  Grep on file tedge_connect_c8y.out ... passed
2022-05-10 19:39:51,829 INFO  Grep on file tedge_connect_c8y.out ... passed
2022-05-10 19:39:51,836 INFO  
2022-05-10 19:39:51,837 INFO  cleanup:
2022-05-10 19:39:51,837 INFO  MyCleanup
2022-05-10 19:39:55,987 INFO  Executed sudo<tedge_disconnect_c8y>, exit status 0
2022-05-10 19:39:56,551 INFO  Executed systemctl<serv_mapper5>, exit status 3
2022-05-10 19:39:56,556 INFO  
2022-05-10 19:39:56,556 INFO  Test duration: 22.41 secs
2022-05-10 19:39:56,557 INFO  Test final outcome:  PASSED
2022-05-10 19:39:56,558 INFO  
