2022-04-07 16:44:38,680 INFO  ==============================================================
2022-04-07 16:44:38,681 INFO  Id:    apt_sequence_install_with_version_fail
2022-04-07 16:44:38,682 INFO  Dir:   plugin_apt/
2022-04-07 16:44:38,683 INFO  Title: Validate apt plugin install with version fails use case
2022-04-07 16:44:38,684 DEBUG Execution order hint: 0.0
2022-04-07 16:44:38,685 INFO  ==============================================================
2022-04-07 16:44:38,690 DEBUG Process parameters for sudo
  command line : /usr/bin/sudo /usr/bin/apt-get remove -y rolldice
    arg #1     : /usr/bin/apt-get
    arg #2     : remove
    arg #3     : -y
    arg #4     : rolldice
  working dir  : /home/pi/actions-runner/_work/thin-edge.io/thin-edge.io/tests/PySys/plugin_apt/apt_sequence_install_with_version_fail/Output/linux
  stdout       : None
  stderr       : None
  environment  : LD_LIBRARY_PATH=/usr/lib
  environment  : PATH=/bin:/usr/bin:/usr/sbin:/usr/local/bin
                   #1  /bin
                   #2  /usr/bin
                   #3  /usr/sbin
                   #4  /usr/local/bin
2022-04-07 16:44:38,698 DEBUG Waiting up to 600 secs for process sudo (pid 31498)
2022-04-07 16:44:46,023 INFO  Executed sudo, exit status 0
2022-04-07 16:44:46,030 DEBUG Process parameters for sudo<outp_check_0>
  command line : /usr/bin/sudo /etc/tedge/sm-plugins/apt list
    arg #1     : /etc/tedge/sm-plugins/apt
    arg #2     : list
  working dir  : /home/pi/actions-runner/_work/thin-edge.io/thin-edge.io/tests/PySys/plugin_apt/apt_sequence_install_with_version_fail/Output/linux
  stdout       : /home/pi/actions-runner/_work/thin-edge.io/thin-edge.io/tests/PySys/plugin_apt/apt_sequence_install_with_version_fail/Output/linux/outp_check_0.out
  stderr       : /home/pi/actions-runner/_work/thin-edge.io/thin-edge.io/tests/PySys/plugin_apt/apt_sequence_install_with_version_fail/Output/linux/outp_check_0.err
  environment  : LD_LIBRARY_PATH=/usr/lib
  environment  : PATH=/bin:/usr/bin:/usr/sbin:/usr/local/bin
                   #1  /bin
                   #2  /usr/bin
                   #3  /usr/sbin
                   #4  /usr/local/bin
2022-04-07 16:44:46,037 DEBUG Waiting up to 600 secs for process sudo<outp_check_0> (pid 31502)
2022-04-07 16:44:48,655 INFO  Executed sudo<outp_check_0>, exit status 0
2022-04-07 16:44:48,657 INFO  Assert that (value==0) with value=0 ... passed
2022-04-07 16:44:48,658 DEBUG Performing regex contains=False grep on file: /home/pi/actions-runner/_work/thin-edge.io/thin-edge.io/tests/PySys/plugin_apt/apt_sequence_install_with_version_fail/Output/linux/outp_check_0.out
2022-04-07 16:44:48,663 INFO  Grep on file outp_check_0.out ... passed
2022-04-07 16:44:48,664 DEBUG --- test execute
2022-04-07 16:44:48,666 DEBUG Process parameters for sudo<outp_install>
  command line : /usr/bin/sudo /etc/tedge/sm-plugins/apt install rolldice --module-version 1.16-1+b0
    arg #1     : /etc/tedge/sm-plugins/apt
    arg #2     : install
    arg #3     : rolldice
    arg #4     : --module-version
    arg #5     : 1.16-1+b0
  working dir  : /home/pi/actions-runner/_work/thin-edge.io/thin-edge.io/tests/PySys/plugin_apt/apt_sequence_install_with_version_fail/Output/linux
  stdout       : /home/pi/actions-runner/_work/thin-edge.io/thin-edge.io/tests/PySys/plugin_apt/apt_sequence_install_with_version_fail/Output/linux/outp_install.out
  stderr       : /home/pi/actions-runner/_work/thin-edge.io/thin-edge.io/tests/PySys/plugin_apt/apt_sequence_install_with_version_fail/Output/linux/outp_install.err
  environment  : LD_LIBRARY_PATH=/usr/lib
  environment  : PATH=/bin:/usr/bin:/usr/sbin:/usr/local/bin
                   #1  /bin
                   #2  /usr/bin
                   #3  /usr/sbin
                   #4  /usr/local/bin
2022-04-07 16:44:48,673 DEBUG Waiting up to 600 secs for process sudo<outp_install> (pid 31508)
2022-04-07 16:44:51,995 INFO  Executed sudo<outp_install>, exit status 2
2022-04-07 16:44:51,996 INFO  Assert that (value==2) with value=2 ... passed
2022-04-07 16:44:51,998 DEBUG --- test validate
2022-04-07 16:44:52,001 DEBUG Process parameters for sudo<outp_check_1>
  command line : /usr/bin/sudo /etc/tedge/sm-plugins/apt list
    arg #1     : /etc/tedge/sm-plugins/apt
    arg #2     : list
  working dir  : /home/pi/actions-runner/_work/thin-edge.io/thin-edge.io/tests/PySys/plugin_apt/apt_sequence_install_with_version_fail/Output/linux
  stdout       : /home/pi/actions-runner/_work/thin-edge.io/thin-edge.io/tests/PySys/plugin_apt/apt_sequence_install_with_version_fail/Output/linux/outp_check_1.out
  stderr       : /home/pi/actions-runner/_work/thin-edge.io/thin-edge.io/tests/PySys/plugin_apt/apt_sequence_install_with_version_fail/Output/linux/outp_check_1.err
  environment  : LD_LIBRARY_PATH=/usr/lib
  environment  : PATH=/bin:/usr/bin:/usr/sbin:/usr/local/bin
                   #1  /bin
                   #2  /usr/bin
                   #3  /usr/sbin
                   #4  /usr/local/bin
2022-04-07 16:44:52,008 DEBUG Waiting up to 600 secs for process sudo<outp_check_1> (pid 31513)
2022-04-07 16:44:54,575 INFO  Executed sudo<outp_check_1>, exit status 0
2022-04-07 16:44:54,577 INFO  Assert that (value==0) with value=0 ... passed
2022-04-07 16:44:54,578 DEBUG Performing regex contains=False grep on file: /home/pi/actions-runner/_work/thin-edge.io/thin-edge.io/tests/PySys/plugin_apt/apt_sequence_install_with_version_fail/Output/linux/outp_check_1.out
2022-04-07 16:44:54,583 INFO  Grep on file outp_check_1.out ... passed
2022-04-07 16:44:54,588 DEBUG --- test cleanup
2022-04-07 16:44:54,590 DEBUG ProcessUser cleanup function done.
2022-04-07 16:44:54,593 INFO  
2022-04-07 16:44:54,594 INFO  Test duration: 15.92 secs
2022-04-07 16:44:54,595 INFO  Test final outcome:  PASSED
2022-04-07 16:44:54,596 INFO  
