2022-05-10 20:21:41,096 INFO  ==============================================================
2022-05-10 20:21:41,097 INFO  Id:    docker_plugin_finalize
2022-05-10 20:21:41,100 INFO  Dir:   plugin_docker/
2022-05-10 20:21:41,101 INFO  Title: Validate docker plugin finalize command
2022-05-10 20:21:41,102 INFO  ==============================================================
2022-05-10 20:21:42,467 INFO  Executed sudo<docker_images>, exit status 0
2022-05-10 20:21:42,478 INFO  Grep on file /home/pi/actions-runner/_work/thin-edge.io/thin-edge.io/tests/PySys/plugin_docker/docker_plugin_finalize/Output/linux/docker_images.out ... passed
2022-05-10 20:22:06,920 INFO  Executed sudo<docker_pull>, exit status 0, duration 24 secs
2022-05-10 20:22:08,511 INFO  Executed sudo<docker_images>, exit status 0
2022-05-10 20:22:08,517 INFO  Grep on file /home/pi/actions-runner/_work/thin-edge.io/thin-edge.io/tests/PySys/plugin_docker/docker_plugin_finalize/Output/linux/docker_images.out ... passed
2022-05-10 20:22:12,160 INFO  Executed sudo<plugin_finalize>, exit status 0
2022-05-10 20:22:12,975 INFO  Executed sudo<docker_ps_latest>, exit status 0
2022-05-10 20:22:13,991 INFO  Executed sudo<docker_images>, exit status 0
2022-05-10 20:22:14,029 INFO  Grep on file /home/pi/actions-runner/_work/thin-edge.io/thin-edge.io/tests/PySys/plugin_docker/docker_plugin_finalize/Output/linux/docker_images.out ... passed
2022-05-10 20:22:14,036 INFO  
2022-05-10 20:22:14,037 INFO  cleanup:
2022-05-10 20:22:14,038 INFO  Removing images scheduled to be cleaned up: ['registry']
2022-05-10 20:22:14,853 INFO  Executed sudo<containers_for_cleanup>, exit status 0
2022-05-10 20:22:14,857 INFO  
2022-05-10 20:22:14,858 INFO  Test duration: 33.77 secs
2022-05-10 20:22:14,859 INFO  Test final outcome:  PASSED
2022-05-10 20:22:14,860 INFO  
