2022-05-23 09:37:59,751 INFO  ==============================================================
2022-05-23 09:37:59,751 INFO  Id:    SoftwareManagement.Plugin.apama_plugin_mon_support
2022-05-23 09:37:59,751 INFO  Dir:   plugin_apama/
2022-05-23 09:37:59,751 INFO  Title: Validate mon file support of apama plugin
2022-05-23 09:37:59,751 INFO  ==============================================================
2022-05-23 09:37:59,752 INFO  Assertion that path exists=False for "/etc/tedge/apama/project" ... passed
2022-05-23 09:37:59,854 INFO  Executed sudo<create_project_dir>, exit status 0
2022-05-23 09:37:59,956 INFO  Executed sudo<unzip_apama_project>, exit status 0
2022-05-23 09:38:00,059 INFO  Executed sudo<move_apama_project>, exit status 0
2022-05-23 09:38:00,220 INFO  Executed sudo<restart_apama_service>, exit status 0
2022-05-23 09:38:00,323 INFO  Executed sudo<apama_correlator_wait>, exit status 0
2022-05-23 09:38:00,425 INFO  Executed sudo<apama_list_monitors>, exit status 0
2022-05-23 09:38:00,426 INFO  Grep on file /home/pi/actions-runner/_work/thin-edge.io/thin-edge.io/tests/PySys/plugin_apama/apama_plugin_mon_support/Output/linux/apama_list_monitors.out ... passed
2022-05-23 09:38:00,528 INFO  Executed sudo<plugin_list_before_install>, exit status 0
2022-05-23 09:38:00,681 INFO  Executed sudo<plugin_install>, exit status 0
2022-05-23 09:38:00,783 INFO  Executed sudo<apama_correlator_wait>, exit status 0
2022-05-23 09:38:00,886 INFO  Executed sudo<plugin_list_after_install>, exit status 0
2022-05-23 09:38:01,088 INFO  Executed sudo<plugin_update>, exit status 0
2022-05-23 09:38:01,191 INFO  Executed sudo<apama_correlator_wait>, exit status 0
2022-05-23 09:38:01,344 INFO  Executed sudo<plugin_list_after_update>, exit status 0
2022-05-23 09:38:01,497 INFO  Executed sudo<plugin_remove>, exit status 0
2022-05-23 09:38:01,599 INFO  Executed sudo<plugin_list_after_remove>, exit status 0
2022-05-23 09:38:01,600 INFO  Grep on file plugin_list_before_install.out ... passed
2022-05-23 09:38:01,600 INFO  Grep on file plugin_list_after_install.out ... passed
2022-05-23 09:38:01,601 INFO  Grep on file plugin_list_after_update.out ... passed
2022-05-23 09:38:01,601 INFO  Grep on file plugin_list_after_remove.out ... passed
2022-05-23 09:38:01,601 INFO  
2022-05-23 09:38:01,601 INFO  cleanup:
2022-05-23 09:38:01,602 INFO  Removing apama project
2022-05-23 09:38:02,958 INFO  Executed sudo<stop_apama_service>, exit status 0
2022-05-23 09:38:03,061 INFO  Executed sudo<remove_apama_project>, exit status 0
2022-05-23 09:38:03,163 INFO  Executed sudo<remove_apama_tmp_dir>, exit status 0
2022-05-23 09:38:03,163 INFO  
2022-05-23 09:38:03,164 INFO  Test duration: 3.41 secs
2022-05-23 09:38:03,164 INFO  Test final outcome:  PASSED
2022-05-23 09:38:03,164 INFO  
