$SYS/broker/version mosquitto version 1.5.7
$SYS/broker/uptime 11 seconds
$SYS/broker/clients/total 5
$SYS/broker/clients/maximum 5
$SYS/broker/clients/inactive 3
$SYS/broker/clients/disconnected 3
$SYS/broker/clients/active 2
$SYS/broker/clients/connected 2
$SYS/broker/clients/expired 0
$SYS/broker/load/messages/received/1min 1069.01
$SYS/broker/load/messages/received/5min 229.76
$SYS/broker/load/messages/received/15min 77.53
$SYS/broker/load/messages/sent/1min 8.22
$SYS/broker/load/messages/sent/5min 1.77
$SYS/broker/load/messages/sent/15min 0.60
$SYS/broker/load/publish/dropped/1min 0.00
$SYS/broker/load/publish/dropped/5min 0.00
$SYS/broker/load/publish/dropped/15min 0.00
$SYS/broker/load/publish/received/1min 1060.79
$SYS/broker/load/publish/received/5min 227.99
$SYS/broker/load/publish/received/15min 76.93
$SYS/broker/load/publish/sent/1min 0.00
$SYS/broker/load/publish/sent/5min 0.00
$SYS/broker/load/publish/sent/15min 0.00
$SYS/broker/load/bytes/received/1min 66044.99
$SYS/broker/load/bytes/received/5min 14194.97
$SYS/broker/load/bytes/received/15min 4789.60
$SYS/broker/load/bytes/sent/1min 133.40
$SYS/broker/load/bytes/sent/5min 28.67
$SYS/broker/load/bytes/sent/15min 9.67
$SYS/broker/load/sockets/1min 0.91
$SYS/broker/load/sockets/5min 0.20
$SYS/broker/load/sockets/15min 0.07
$SYS/broker/load/connections/1min 0.91
$SYS/broker/load/connections/5min 0.20
$SYS/broker/load/connections/15min 0.07
$SYS/broker/messages/stored 53
$SYS/broker/messages/received 1170
$SYS/broker/messages/sent 9
$SYS/broker/store/messages/count 53
$SYS/broker/store/messages/bytes 205
$SYS/broker/subscriptions/count 32
$SYS/broker/retained messages/count 53
$SYS/broker/heap/current 51180
$SYS/broker/heap/maximum 51612
$SYS/broker/publish/messages/dropped 0
$SYS/broker/publish/messages/received 1161
$SYS/broker/publish/messages/sent 0
$SYS/broker/publish/bytes/received 25847
$SYS/broker/publish/bytes/sent 0
$SYS/broker/bytes/received 72284
$SYS/broker/bytes/sent 146
$SYS/broker/uptime 22 seconds
$SYS/broker/clients/total 8
$SYS/broker/clients/maximum 8
$SYS/broker/clients/inactive 1
$SYS/broker/clients/disconnected 1
$SYS/broker/clients/active 7
$SYS/broker/clients/connected 7
$SYS/broker/load/messages/received/1min 2270.53
$SYS/broker/load/messages/sent/1min 227.04
$SYS/broker/load/publish/received/1min 2165.00
$SYS/broker/load/publish/sent/1min 47.51
$SYS/broker/load/bytes/received/1min 151695.66
$SYS/broker/load/bytes/sent/1min 23865.10
$SYS/broker/load/sockets/1min 8.07
$SYS/broker/load/connections/1min 8.07
$SYS/broker/load/messages/received/5min 518.22
$SYS/broker/load/messages/sent/5min 49.03
$SYS/broker/load/publish/received/5min 495.30
$SYS/broker/load/publish/sent/5min 10.21
$SYS/broker/load/bytes/received/5min 34470.50
$SYS/broker/load/bytes/sent/5min 5133.07
$SYS/broker/load/sockets/5min 1.76
$SYS/broker/load/connections/5min 1.76
$SYS/broker/load/messages/received/15min 176.70
$SYS/broker/load/messages/sent/15min 16.56
$SYS/broker/load/publish/received/15min 168.96
$SYS/broker/load/publish/sent/15min 3.45
$SYS/broker/load/bytes/received/15min 11745.14
$SYS/broker/load/bytes/sent/15min 1732.21
$SYS/broker/load/sockets/15min 0.60
$SYS/broker/load/connections/15min 0.60
$SYS/broker/messages/stored 54
$SYS/broker/store/messages/count 54
$SYS/broker/store/messages/bytes 553
$SYS/broker/subscriptions/count 35
$SYS/broker/heap/current 55576
$SYS/broker/heap/maximum 55772
$SYS/broker/messages/received 2681
$SYS/broker/messages/sent 250
$SYS/broker/publish/messages/received 2564
$SYS/broker/publish/messages/sent 52
$SYS/broker/bytes/received 178134
$SYS/broker/bytes/sent 26144
$SYS/broker/publish/bytes/received 74754
$SYS/broker/publish/bytes/sent 21231
$SYS/broker/uptime 33 seconds
$SYS/broker/load/messages/received/1min 3517.47
$SYS/broker/load/messages/sent/1min 628.50
$SYS/broker/load/publish/received/1min 3229.52
$SYS/broker/load/publish/sent/1min 80.67
$SYS/broker/load/bytes/received/1min 256905.99
$SYS/broker/load/bytes/sent/1min 74995.73
$SYS/broker/load/sockets/1min 6.72
$SYS/broker/load/connections/1min 6.72
$SYS/broker/load/messages/received/5min 849.31
$SYS/broker/load/messages/sent/5min 141.72
$SYS/broker/load/publish/received/5min 784.21
$SYS/broker/load/publish/sent/5min 18.68
$SYS/broker/load/bytes/received/5min 61303.63
$SYS/broker/load/bytes/sent/5min 16796.91
$SYS/broker/load/sockets/5min 1.70
$SYS/broker/load/connections/5min 1.70
$SYS/broker/load/messages/received/15min 292.57
$SYS/broker/load/messages/sent/15min 48.23
$SYS/broker/load/publish/received/15min 270.41
$SYS/broker/load/publish/sent/15min 6.39
$SYS/broker/load/bytes/received/15min 21075.12
$SYS/broker/load/bytes/sent/15min 5709.08
$SYS/broker/messages/stored 53
$SYS/broker/store/messages/count 53
$SYS/broker/store/messages/bytes 250
$SYS/broker/heap/current 55152
$SYS/broker/heap/maximum 56476
$SYS/broker/messages/received 4462
$SYS/broker/messages/sent 731
$SYS/broker/publish/messages/received 4126
$SYS/broker/publish/messages/sent 97
$SYS/broker/bytes/received 321094
$SYS/broker/bytes/sent 86480
$SYS/broker/publish/bytes/received 155326
$SYS/broker/publish/bytes/sent 72221
$SYS/broker/uptime 44 seconds
$SYS/broker/load/messages/received/1min 4557.37
$SYS/broker/load/messages/sent/1min 958.13
$SYS/broker/load/publish/received/1min 4117.56
$SYS/broker/load/publish/sent/1min 100.05
$SYS/broker/load/bytes/received/1min 344986.91
$SYS/broker/load/bytes/sent/1min 117770.73
$SYS/broker/load/sockets/1min 5.59
$SYS/broker/load/connections/1min 5.59
$SYS/broker/load/messages/received/5min 1168.87
$SYS/broker/load/messages/sent/5min 230.10
$SYS/broker/load/publish/received/5min 1063.11
$SYS/broker/load/publish/sent/5min 25.08
$SYS/broker/load/bytes/received/5min 87276.94
$SYS/broker/load/bytes/sent/5min 28085.80
$SYS/broker/load/sockets/5min 1.64
$SYS/broker/load/connections/5min 1.64
$SYS/broker/load/messages/received/15min 407.16
$SYS/broker/load/messages/sent/15min 79.18
$SYS/broker/load/publish/received/15min 370.75
$SYS/broker/load/publish/sent/15min 8.69
$SYS/broker/load/bytes/received/15min 30327.61
$SYS/broker/load/bytes/sent/15min 9652.82
$SYS/broker/messages/stored 54
$SYS/broker/store/messages/count 54
$SYS/broker/store/messages/bytes 570
$SYS/broker/heap/current 55680
$SYS/broker/messages/received 6245
$SYS/broker/messages/sent 1207
$SYS/broker/publish/messages/received 5690
$SYS/broker/publish/messages/sent 133
$SYS/broker/bytes/received 464595
$SYS/broker/bytes/sent 147045
$SYS/broker/publish/bytes/received 236372
$SYS/broker/publish/bytes/sent 123667
$SYS/broker/uptime 55 seconds
$SYS/broker/load/messages/received/1min 5421.24
$SYS/broker/load/messages/sent/1min 1227.98
$SYS/broker/load/publish/received/1min 4855.01
$SYS/broker/load/publish/sent/1min 115.27
$SYS/broker/load/bytes/received/1min 417788.98
$SYS/broker/load/bytes/sent/1min 152860.62
$SYS/broker/load/sockets/1min 4.66
$SYS/broker/load/connections/1min 4.66
$SYS/broker/load/messages/received/5min 1476.54
$SYS/broker/load/messages/sent/5min 314.31
$SYS/broker/load/publish/received/5min 1331.58
$SYS/broker/load/publish/sent/5min 31.05
$SYS/broker/load/bytes/received/5min 112202.43
$SYS/broker/load/bytes/sent/5min 38856.51
$SYS/broker/load/sockets/5min 1.58
$SYS/broker/load/connections/5min 1.58
$SYS/broker/load/messages/received/15min 520.22
$SYS/broker/load/messages/sent/15min 109.43
$SYS/broker/load/publish/received/15min 469.75
$SYS/broker/load/publish/sent/15min 10.91
$SYS/broker/load/bytes/received/15min 39429.67
$SYS/broker/load/bytes/sent/15min 13510.95
$SYS/broker/messages/stored 53
$SYS/broker/store/messages/count 53
$SYS/broker/store/messages/bytes 264
$SYS/broker/heap/current 55184
$SYS/broker/heap/maximum 56884
$SYS/broker/messages/received 8026
$SYS/broker/messages/sent 1678
$SYS/broker/publish/messages/received 7252
$SYS/broker/publish/messages/sent 168
$SYS/broker/bytes/received 607522
$SYS/broker/bytes/sent 207041
$SYS/broker/publish/bytes/received 316911
$SYS/broker/publish/bytes/sent 174643
$SYS/broker/uptime 66 seconds
$SYS/broker/load/messages/received/1min 6143.15
$SYS/broker/load/messages/sent/1min 1457.20
$SYS/broker/load/publish/received/1min 5470.75
$SYS/broker/load/publish/sent/1min 128.85
$SYS/broker/load/bytes/received/1min 478989.01
$SYS/broker/load/bytes/sent/1min 182601.66
$SYS/broker/load/sockets/1min 3.88
$SYS/broker/load/connections/1min 3.88
$SYS/broker/load/messages/received/5min 1773.72
$SYS/broker/load/messages/sent/5min 396.47
$SYS/broker/load/publish/received/5min 1590.78
$SYS/broker/load/publish/sent/5min 37.00
$SYS/broker/load/bytes/received/5min 136357.98
$SYS/broker/load/bytes/sent/5min 49353.16
$SYS/broker/load/sockets/5min 1.52
$SYS/broker/load/connections/5min 1.52
$SYS/broker/load/messages/received/15min 632.11
$SYS/broker/load/messages/sent/15min 139.64
$SYS/broker/load/publish/received/15min 567.67
$SYS/broker/load/publish/sent/15min 13.16
$SYS/broker/load/bytes/received/15min 48464.16
$SYS/broker/load/bytes/sent/15min 17360.58
$SYS/broker/heap/current 55116
$SYS/broker/messages/received 9810
$SYS/broker/messages/sent 2154
$SYS/broker/publish/messages/received 8816
$SYS/broker/publish/messages/sent 204
$SYS/broker/bytes/received 751098
$SYS/broker/bytes/sent 267616
$SYS/broker/publish/bytes/received 398028
$SYS/broker/publish/bytes/sent 226099
$SYS/broker/uptime 77 seconds
$SYS/broker/load/messages/received/1min 6756.01
$SYS/broker/load/messages/sent/1min 1643.45
$SYS/broker/load/publish/received/1min 5994.32
$SYS/broker/load/publish/sent/1min 136.51
$SYS/broker/load/bytes/received/1min 530307.51
$SYS/broker/load/bytes/sent/1min 206739.48
$SYS/broker/load/sockets/1min 3.23
$SYS/broker/load/connections/1min 3.23
$SYS/broker/load/messages/received/5min 2062.75
$SYS/broker/load/messages/sent/5min 474.69
$SYS/broker/load/publish/received/5min 1843.00
$SYS/broker/load/publish/sent/5min 41.95
$SYS/broker/load/bytes/received/5min 159723.41
$SYS/broker/load/bytes/sent/5min 59338.36
$SYS/broker/load/sockets/5min 1.47
$SYS/broker/load/connections/5min 1.47
$SYS/broker/load/messages/received/15min 743.50
$SYS/broker/load/messages/sent/15min 169.15
$SYS/broker/load/publish/received/15min 665.21
$SYS/broker/load/publish/sent/15min 15.12
$SYS/broker/load/bytes/received/15min 57415.74
$SYS/broker/load/bytes/sent/15min 21118.38
$SYS/broker/messages/received 11607
$SYS/broker/messages/sent 2625
$SYS/broker/publish/messages/received 10392
$SYS/broker/publish/messages/sent 236
$SYS/broker/bytes/received 895079
$SYS/broker/bytes/sent 327511
$SYS/broker/publish/bytes/received 478952
$SYS/broker/publish/bytes/sent 277071
$SYS/broker/version mosquitto version 1.5.7
$SYS/broker/uptime 0 seconds
$SYS/broker/clients/total 5
$SYS/broker/clients/maximum 5
$SYS/broker/clients/inactive 5
$SYS/broker/clients/disconnected 5
$SYS/broker/clients/active 0
$SYS/broker/clients/connected 0
$SYS/broker/clients/expired 0
$SYS/broker/load/messages/received/1min 0.00
$SYS/broker/load/messages/received/5min 0.00
$SYS/broker/load/messages/received/15min 0.00
$SYS/broker/load/messages/sent/1min 0.00
$SYS/broker/load/messages/sent/5min 0.00
$SYS/broker/load/messages/sent/15min 0.00
$SYS/broker/load/publish/dropped/1min 0.00
$SYS/broker/load/publish/dropped/5min 0.00
$SYS/broker/load/publish/dropped/15min 0.00
$SYS/broker/load/publish/received/1min 0.00
$SYS/broker/load/publish/received/5min 0.00
$SYS/broker/load/publish/received/15min 0.00
$SYS/broker/load/publish/sent/1min 0.00
$SYS/broker/load/publish/sent/5min 0.00
$SYS/broker/load/publish/sent/15min 0.00
$SYS/broker/load/bytes/received/1min 0.00
$SYS/broker/load/bytes/received/5min 0.00
$SYS/broker/load/bytes/received/15min 0.00
$SYS/broker/load/bytes/sent/1min 0.00
$SYS/broker/load/bytes/sent/5min 0.00
$SYS/broker/load/bytes/sent/15min 0.00
$SYS/broker/load/sockets/1min 0.00
$SYS/broker/load/sockets/5min 0.00
$SYS/broker/load/sockets/15min 0.00
$SYS/broker/load/connections/1min 0.00
$SYS/broker/load/connections/5min 0.00
$SYS/broker/load/connections/15min 0.00
$SYS/broker/messages/stored 37
$SYS/broker/messages/received 0
$SYS/broker/messages/sent 0
$SYS/broker/store/messages/count 37
$SYS/broker/store/messages/bytes 152
$SYS/broker/subscriptions/count 32
$SYS/broker/retained messages/count 41
$SYS/broker/heap/current 44012
$SYS/broker/heap/maximum 44752
$SYS/broker/publish/messages/dropped 0
$SYS/broker/publish/messages/received 0
$SYS/broker/publish/messages/sent 0
$SYS/broker/publish/bytes/received 0
$SYS/broker/publish/bytes/sent 0
$SYS/broker/bytes/received 0
$SYS/broker/bytes/sent 0
