2022-05-23 10:38:13,603 INFO  ==============================================================
2022-05-23 10:38:13,604 INFO  Id:    publish_sawmill_record_statistics
2022-05-23 10:38:13,609 INFO  Title: Publish sawmill and record process statistics
2022-05-23 10:38:13,612 INFO  ==============================================================
2022-05-23 10:38:15,373 INFO  EnvironmentC8y Setup
2022-05-23 10:38:16,091 INFO  Executed systemctl<serv_mapper1>, exit status 3
2022-05-23 10:38:32,385 INFO  Executed sudo<tedge_connect_c8y>, exit status 0, duration 16 secs
2022-05-23 10:38:33,210 INFO  Executed sudo<tedge_connect_c8y_test>, exit status 0
2022-05-23 10:38:33,877 INFO  Executed systemctl<serv_mosq2>, exit status 0
2022-05-23 10:38:34,442 INFO  Executed systemctl<serv_mapper3>, exit status 0
2022-05-23 10:38:34,444 INFO  Setup
2022-05-23 10:38:34,444 INFO  /home/pi/actions-runner/_work/thin-edge.io/thin-edge.io/tests/PySys/analytics/publish_sawmill_record_statistics/Output/linux
2022-05-23 10:38:34,445 INFO  Execute
2022-05-23 10:38:35,111 INFO  Executed sudo<collectd_out>, exit status 0
2022-05-23 10:38:35,125 INFO  Started mosquitto_sub_stdout with process id 23993
2022-05-23 10:39:36,080 INFO  Executed sawtooth_publisher<stdout_sawmill>, exit status 0, duration 60 secs
2022-05-23 10:39:36,603 INFO  Executed systemctl<serv_mosq>, exit status 0
2022-05-23 10:39:37,169 INFO  Executed systemctl<serv_mapper4>, exit status 0
2022-05-23 10:39:38,021 INFO  Grep on input file mosquitto_sub_stdout.out ... passed
2022-05-23 10:39:38,029 INFO  
2022-05-23 10:39:38,030 INFO  cleanup:
2022-05-23 10:39:38,030 INFO  My Cleanup
2022-05-23 10:39:38,702 INFO  Executed sudo<collectd_out>, exit status 0
2022-05-23 10:39:38,710 INFO  Exporting data from /var/lib/collectd/rrd/mythicc/exec/gauge-mapper-c8y-size.rrd
2022-05-23 10:39:38,903 INFO  Exporting data from /var/lib/collectd/rrd/mythicc/exec/gauge-mosquitto-data.rrd
2022-05-23 10:39:39,015 INFO  Exporting data from /var/lib/collectd/rrd/mythicc/exec/gauge-mosquitto-resident.rrd
2022-05-23 10:39:39,127 INFO  Exporting data from /var/lib/collectd/rrd/mythicc/exec/gauge-mapper-c8y-resident.rrd
2022-05-23 10:39:39,238 INFO  Exporting data from /var/lib/collectd/rrd/mythicc/exec/gauge-mosquitto-utime.rrd
2022-05-23 10:39:39,348 INFO  Exporting data from /var/lib/collectd/rrd/mythicc/exec/gauge-mosquitto-shared.rrd
2022-05-23 10:39:39,456 INFO  Exporting data from /var/lib/collectd/rrd/mythicc/exec/gauge-mosquitto-size.rrd
2022-05-23 10:39:39,563 INFO  Exporting data from /var/lib/collectd/rrd/mythicc/exec/gauge-mapper-c8y-utime.rrd
2022-05-23 10:39:39,672 INFO  Exporting data from /var/lib/collectd/rrd/mythicc/exec/gauge-mapper-c8y-stime.rrd
2022-05-23 10:39:39,779 INFO  Exporting data from /var/lib/collectd/rrd/mythicc/exec/gauge-mosquitto-text.rrd
2022-05-23 10:39:39,886 INFO  Exporting data from /var/lib/collectd/rrd/mythicc/exec/gauge-mosquitto-stime.rrd
2022-05-23 10:39:39,991 INFO  Exporting data from /var/lib/collectd/rrd/mythicc/exec/gauge-mapper-c8y-data.rrd
2022-05-23 10:39:40,114 INFO  Exporting data from /var/lib/collectd/rrd/mythicc/exec/gauge-mapper-c8y-text.rrd
2022-05-23 10:39:40,237 INFO  Exporting data from /var/lib/collectd/rrd/mythicc/exec/gauge-mapper-c8y-shared.rrd
2022-05-23 10:39:44,275 INFO  Executed sudo<tedge_disconnect_c8y>, exit status 0
2022-05-23 10:39:44,844 INFO  Executed systemctl<serv_mapper5>, exit status 3
2022-05-23 10:39:44,899 INFO  
2022-05-23 10:39:44,900 INFO  Test duration: 91.30 secs
2022-05-23 10:39:44,901 INFO  Test final outcome:  PASSED
2022-05-23 10:39:44,902 INFO  
