2022-04-15 09:12:16,024 INFO  ==============================================================
2022-04-15 09:12:16,024 INFO  Id:    tedge_mapper_c8y_packet_threshold_size
2022-04-15 09:12:16,026 INFO  Dir:   tedge_mapper_c8y/
2022-04-15 09:12:16,026 INFO  Title: Validate the Cumulocity Mapper accepted threshold packet size when it receives a message on tedge/measurements
2022-04-15 09:12:16,027 INFO  ==============================================================
2022-04-15 09:12:16,053 INFO  EnvironmentC8y Setup
2022-04-15 09:12:16,615 INFO  Executed systemctl<serv_mapper1>, exit status 3
2022-04-15 09:12:16,721 INFO  Restarting mosquitto too frequently in the last 10 seconds. It was only up for 4 seconds
2022-04-15 09:12:16,722 INFO  Delaying execution by 7 seconds
2022-04-15 09:12:37,889 INFO  Executed sudo<tedge_connect_c8y>, exit status 0, duration 14 secs
2022-04-15 09:12:38,511 INFO  Executed sudo<tedge_connect_c8y_test>, exit status 0
2022-04-15 09:12:39,026 INFO  Executed systemctl<serv_mosq2>, exit status 0
2022-04-15 09:12:39,490 INFO  Executed systemctl<serv_mapper3>, exit status 0
2022-04-15 09:12:40,055 INFO  Executed sudo<tedge_mapper_c8y>, exit status 0
2022-04-15 09:12:40,065 INFO  Started sudo<tedge_sub> with process id 26093
2022-04-15 09:12:40,783 INFO  Executed sudo<tedge_msg>, exit status 0
2022-04-15 09:12:41,450 INFO  Executed sudo<tedge_pub>, exit status 0
2022-04-15 09:12:42,066 INFO  Executed sudo<kill_out>, exit status 0
2022-04-15 09:12:42,076 INFO  Grep on file tedge_sub.out ... passed
2022-04-15 09:12:42,083 INFO  
2022-04-15 09:12:42,084 INFO  cleanup:
2022-04-15 09:12:42,085 INFO  mapper_cleanup
2022-04-15 09:12:42,647 INFO  Executed sudo<tedge_mapper_c8y>, exit status 0
2022-04-15 09:12:46,549 INFO  Executed sudo<tedge_disconnect_c8y>, exit status 0
2022-04-15 09:12:47,183 INFO  Executed systemctl<serv_mapper5>, exit status 3
2022-04-15 09:12:47,188 INFO  
2022-04-15 09:12:47,189 INFO  Test duration: 31.17 secs
2022-04-15 09:12:47,190 INFO  Test final outcome:  PASSED
2022-04-15 09:12:47,191 INFO  
