2022-05-02 16:17:20,904 INFO  ==============================================================
2022-05-02 16:17:20,905 INFO  Id:    SoftwareManagement.sm_apt_install_remove_with_version
2022-05-02 16:17:20,906 INFO  Dir:   software_management_end_to_end/
2022-05-02 16:17:20,907 INFO  Title: Validate end to end behaviour for the apt plugin for packages with version
2022-05-02 16:17:20,908 INFO  ==============================================================
2022-05-02 16:17:20,914 INFO  Using sw id database: {'asciijump': '5475369', 'robotfindskitten': '5474869', 'squirrel3': '5475279', 'rolldice': '5152439', 'moon-buggy': '5439204', 'apple': '5495053', 'banana': '5494888', 'cherry': '5495382', 'watermelon': '5494510', 'registry': '8018911', 'hello-world': '8021526', 'docker/getting-started': '8021973', 'alpine': '7991792'}
2022-05-02 16:17:20,915 INFO  EnvironmentC8y Setup
2022-05-02 16:17:21,478 INFO  Executed systemctl<serv_mapper1>, exit status 3
2022-05-02 16:17:21,616 INFO  Restarting mosquitto too frequently in the last 10 seconds. It was only up for 5 seconds
2022-05-02 16:17:21,618 INFO  Delaying execution by 6 seconds
2022-05-02 16:17:42,308 INFO  Executed sudo<tedge_connect_c8y>, exit status 0, duration 14 secs
2022-05-02 16:17:44,185 INFO  Executed sudo<tedge_connect_c8y_test>, exit status 0
2022-05-02 16:17:45,310 INFO  Executed systemctl<serv_mosq2>, exit status 0
2022-05-02 16:17:45,817 INFO  Executed systemctl<serv_mapper3>, exit status 0
2022-05-02 16:17:48,155 INFO  State of current operation: FAILED
2022-05-02 16:17:48,417 INFO  Assert that (False == value) with value=False ... passed
2022-05-02 16:17:49,138 INFO  Response status: 201
2022-05-02 16:17:49,140 INFO  Response to action: {
    "creationTime": "2022-05-02T16:17:49.102Z",
    "deviceName": "mythicc",
    "deviceId": "18176681",
    "self": "https://t493319102.eu-latest.cumulocity.com/devicecontrol/operations/18214172",
    "id": "18214172",
    "status": "PENDING",
    "description": "Apply software changes, triggered from PySys: [{'name': 'rolldice', 'id': '5152439', 'version': '1.16-1+b1', 'url': '', 'action': 'install'}]",
    "c8y_SoftwareUpdate": [
        {
            "name": "rolldice",
            "action": "install",
            "id": "5152439",
            "version": "1.16-1+b1",
            "url": ""
        }
    ]
}
2022-05-02 16:17:49,141 INFO  Started operation: {'creationTime': '2022-05-02T16:17:49.102Z', 'deviceName': 'mythicc', 'deviceId': '18176681', 'self': 'https://t493319102.eu-latest.cumulocity.com/devicecontrol/operations/18214172', 'id': '18214172', 'status': 'PENDING', 'description': "Apply software changes, triggered from PySys: [{'name': 'rolldice', 'id': '5152439', 'version': '1.16-1+b1', 'url': '', 'action': 'install'}]", 'c8y_SoftwareUpdate': [{'name': 'rolldice', 'action': 'install', 'id': '5152439', 'version': '1.16-1+b1', 'url': ''}]}
2022-05-02 16:17:51,369 INFO  State of operation 18214172 : PENDING
2022-05-02 16:17:53,593 INFO  State of operation 18214172 : EXECUTING
2022-05-02 16:17:55,813 INFO  State of operation 18214172 : EXECUTING
2022-05-02 16:17:58,042 INFO  State of operation 18214172 : EXECUTING
2022-05-02 16:18:00,262 INFO  State of operation 18214172 : EXECUTING
2022-05-02 16:18:02,480 INFO  State of operation 18214172 : EXECUTING
2022-05-02 16:18:05,188 INFO  State of operation 18214172 : EXECUTING
2022-05-02 16:18:08,134 INFO  State of operation 18214172 : EXECUTING
2022-05-02 16:18:10,504 INFO  State of operation 18214172 : EXECUTING
2022-05-02 16:18:12,842 INFO  State of operation 18214172 : EXECUTING
2022-05-02 16:18:15,084 INFO  State of operation 18214172 : EXECUTING
2022-05-02 16:18:17,327 INFO  State of operation 18214172 : EXECUTING
2022-05-02 16:18:19,547 INFO  State of operation 18214172 : EXECUTING
2022-05-02 16:18:21,786 INFO  State of operation 18214172 : EXECUTING
2022-05-02 16:18:23,999 INFO  State of operation 18214172 : EXECUTING
2022-05-02 16:18:26,209 INFO  State of operation 18214172 : SUCCESSFUL
2022-05-02 16:18:26,444 INFO  Package rolldice is installed
2022-05-02 16:18:26,446 INFO  Assert that (True == value) with value=True ... passed
2022-05-02 16:18:26,669 INFO  Response status: 201
2022-05-02 16:18:26,670 INFO  Response to action: {
    "creationTime": "2022-05-02T16:18:26.636Z",
    "deviceName": "mythicc",
    "deviceId": "18176681",
    "self": "https://t493319102.eu-latest.cumulocity.com/devicecontrol/operations/18214181",
    "id": "18214181",
    "status": "PENDING",
    "description": "Apply software changes, triggered from PySys: [{'name': 'rolldice', 'id': '5152439', 'version': '88::apt', 'url': '', 'action': 'delete'}]",
    "c8y_SoftwareUpdate": [
        {
            "name": "rolldice",
            "action": "delete",
            "id": "5152439",
            "version": "88::apt",
            "url": ""
        }
    ]
}
2022-05-02 16:18:26,671 INFO  Started operation: {'creationTime': '2022-05-02T16:18:26.636Z', 'deviceName': 'mythicc', 'deviceId': '18176681', 'self': 'https://t493319102.eu-latest.cumulocity.com/devicecontrol/operations/18214181', 'id': '18214181', 'status': 'PENDING', 'description': "Apply software changes, triggered from PySys: [{'name': 'rolldice', 'id': '5152439', 'version': '88::apt', 'url': '', 'action': 'delete'}]", 'c8y_SoftwareUpdate': [{'name': 'rolldice', 'action': 'delete', 'id': '5152439', 'version': '88::apt', 'url': ''}]}
2022-05-02 16:18:28,892 INFO  State of operation 18214181 : PENDING
2022-05-02 16:18:31,119 INFO  State of operation 18214181 : EXECUTING
2022-05-02 16:18:33,334 INFO  State of operation 18214181 : EXECUTING
2022-05-02 16:18:35,570 INFO  State of operation 18214181 : EXECUTING
2022-05-02 16:18:37,784 INFO  State of operation 18214181 : EXECUTING
2022-05-02 16:18:40,009 INFO  State of operation 18214181 : EXECUTING
2022-05-02 16:18:42,257 INFO  State of operation 18214181 : EXECUTING
2022-05-02 16:18:45,073 INFO  State of operation 18214181 : EXECUTING
2022-05-02 16:18:47,867 INFO  State of operation 18214181 : EXECUTING
2022-05-02 16:18:50,541 INFO  State of operation 18214181 : EXECUTING
2022-05-02 16:18:52,752 INFO  State of operation 18214181 : EXECUTING
2022-05-02 16:18:54,970 INFO  State of operation 18214181 : EXECUTING
2022-05-02 16:18:57,188 INFO  State of operation 18214181 : EXECUTING
2022-05-02 16:18:59,424 INFO  State of operation 18214181 : EXECUTING
2022-05-02 16:19:01,659 INFO  State of operation 18214181 : EXECUTING
2022-05-02 16:19:03,872 INFO  State of operation 18214181 : FAILED
2022-05-02 16:19:04,093 INFO  Package rolldice is installed
2022-05-02 16:19:04,096 INFO  Assert that (True == value) with value=True ... passed
2022-05-02 16:19:04,652 INFO  Response status: 201
2022-05-02 16:19:04,654 INFO  Response to action: {
    "creationTime": "2022-05-02T16:19:04.616Z",
    "deviceName": "mythicc",
    "deviceId": "18176681",
    "self": "https://t493319102.eu-latest.cumulocity.com/devicecontrol/operations/18214193",
    "id": "18214193",
    "status": "PENDING",
    "description": "Apply software changes, triggered from PySys: [{'name': 'rolldice', 'id': '5152439', 'version': '1.16-1+b1', 'url': '', 'action': 'delete'}]",
    "c8y_SoftwareUpdate": [
        {
            "name": "rolldice",
            "action": "delete",
            "id": "5152439",
            "version": "1.16-1+b1",
            "url": ""
        }
    ]
}
2022-05-02 16:19:04,654 INFO  Started operation: {'creationTime': '2022-05-02T16:19:04.616Z', 'deviceName': 'mythicc', 'deviceId': '18176681', 'self': 'https://t493319102.eu-latest.cumulocity.com/devicecontrol/operations/18214193', 'id': '18214193', 'status': 'PENDING', 'description': "Apply software changes, triggered from PySys: [{'name': 'rolldice', 'id': '5152439', 'version': '1.16-1+b1', 'url': '', 'action': 'delete'}]", 'c8y_SoftwareUpdate': [{'name': 'rolldice', 'action': 'delete', 'id': '5152439', 'version': '1.16-1+b1', 'url': ''}]}
2022-05-02 16:19:06,871 INFO  State of operation 18214193 : PENDING
2022-05-02 16:19:09,131 INFO  State of operation 18214193 : EXECUTING
2022-05-02 16:19:11,359 INFO  State of operation 18214193 : EXECUTING
2022-05-02 16:19:13,568 INFO  State of operation 18214193 : EXECUTING
2022-05-02 16:19:15,783 INFO  State of operation 18214193 : EXECUTING
2022-05-02 16:19:17,996 INFO  State of operation 18214193 : EXECUTING
2022-05-02 16:19:20,211 INFO  State of operation 18214193 : EXECUTING
2022-05-02 16:19:22,980 INFO  State of operation 18214193 : EXECUTING
2022-05-02 16:19:25,889 INFO  State of operation 18214193 : EXECUTING
2022-05-02 16:19:28,416 INFO  State of operation 18214193 : EXECUTING
2022-05-02 16:19:30,836 INFO  State of operation 18214193 : EXECUTING
2022-05-02 16:19:33,049 INFO  State of operation 18214193 : EXECUTING
2022-05-02 16:19:35,259 INFO  State of operation 18214193 : EXECUTING
2022-05-02 16:19:37,468 INFO  State of operation 18214193 : EXECUTING
2022-05-02 16:19:39,693 INFO  State of operation 18214193 : EXECUTING
2022-05-02 16:19:41,914 INFO  State of operation 18214193 : EXECUTING
2022-05-02 16:19:44,158 INFO  State of operation 18214193 : EXECUTING
2022-05-02 16:19:46,538 INFO  State of operation 18214193 : EXECUTING
2022-05-02 16:19:49,259 INFO  State of operation 18214193 : EXECUTING
2022-05-02 16:19:51,515 INFO  State of operation 18214193 : EXECUTING
2022-05-02 16:19:53,841 INFO  State of operation 18214193 : EXECUTING
2022-05-02 16:19:56,060 INFO  State of operation 18214193 : EXECUTING
2022-05-02 16:19:58,357 INFO  State of operation 18214193 : EXECUTING
2022-05-02 16:20:00,571 INFO  State of operation 18214193 : EXECUTING
2022-05-02 16:20:02,796 INFO  State of operation 18214193 : SUCCESSFUL
2022-05-02 16:20:03,366 INFO  Assert that (False == value) with value=False ... passed
2022-05-02 16:20:03,378 INFO  
2022-05-02 16:20:03,379 INFO  cleanup:
2022-05-02 16:20:07,371 INFO  Executed sudo<tedge_disconnect_c8y>, exit status 0
2022-05-02 16:20:07,934 INFO  Executed systemctl<serv_mapper5>, exit status 3
2022-05-02 16:20:07,938 INFO  
2022-05-02 16:20:07,939 INFO  Test duration: 167.05 secs
2022-05-02 16:20:07,940 INFO  Test final outcome:  PASSED
2022-05-02 16:20:07,941 INFO  
