2022-05-10 14:17:22,387 INFO  ==============================================================
2022-05-10 14:17:22,388 INFO  Id:    SoftwareManagement.Plugin.apama_plugin_remove
2022-05-10 14:17:22,390 INFO  Dir:   plugin_apama/
2022-05-10 14:17:22,390 INFO  Title: Validate apama plugin remove
2022-05-10 14:17:22,391 INFO  ==============================================================
2022-05-10 14:17:22,433 INFO  Assertion that path exists=False for "/etc/tedge/apama/project" ... passed
2022-05-10 14:17:22,943 INFO  Executed sudo<create_project_dir>, exit status 0
2022-05-10 14:17:23,654 INFO  Executed sudo<unzip_apama_project>, exit status 0
2022-05-10 14:17:24,164 INFO  Executed sudo<move_apama_project>, exit status 0
2022-05-10 14:17:25,028 INFO  Executed sudo<restart_apama_service>, exit status 0
2022-05-10 14:17:25,030 INFO  Assertion that path exists=True for "/etc/tedge/apama/project" ... passed
2022-05-10 14:17:40,872 INFO  Executed sudo<plugin_remove>, exit status 0, duration 15 secs
2022-05-10 14:17:40,875 INFO  Assertion that path exists=False for "/etc/tedge/apama/project" ... passed
2022-05-10 14:17:40,884 INFO  
2022-05-10 14:17:40,885 INFO  cleanup:
2022-05-10 14:17:41,394 INFO  Executed sudo<remove_apama_tmp_dir>, exit status 0
2022-05-10 14:17:41,398 INFO  
2022-05-10 14:17:41,399 INFO  Test duration: 19.02 secs
2022-05-10 14:17:41,400 INFO  Test final outcome:  PASSED
2022-05-10 14:17:41,400 INFO  
