2022-04-29 09:22:45,513 INFO  ==============================================================
2022-04-29 09:22:45,514 INFO  Id:    tedge_mapper_c8y_packet_threshold_size
2022-04-29 09:22:45,515 INFO  Dir:   tedge_mapper_c8y/
2022-04-29 09:22:45,516 INFO  Title: Validate the Cumulocity Mapper accepted threshold packet size when it receives a message on tedge/measurements
2022-04-29 09:22:45,517 INFO  ==============================================================
2022-04-29 09:22:45,524 INFO  EnvironmentC8y Setup
2022-04-29 09:22:46,086 INFO  Executed systemctl<serv_mapper1>, exit status 3
2022-04-29 09:22:46,195 INFO  Restarting mosquitto too frequently in the last 10 seconds. It was only up for 5 seconds
2022-04-29 09:22:46,196 INFO  Delaying execution by 6 seconds
2022-04-29 09:23:06,117 INFO  Executed sudo<tedge_connect_c8y>, exit status 0, duration 13 secs
2022-04-29 09:23:06,740 INFO  Executed sudo<tedge_connect_c8y_test>, exit status 0
2022-04-29 09:23:07,256 INFO  Executed systemctl<serv_mosq2>, exit status 0
2022-04-29 09:23:07,720 INFO  Executed systemctl<serv_mapper3>, exit status 0
2022-04-29 09:23:08,297 INFO  Executed sudo<tedge_mapper_c8y>, exit status 0
2022-04-29 09:23:08,307 INFO  Started sudo<tedge_sub> with process id 31677
2022-04-29 09:23:09,036 INFO  Executed sudo<tedge_msg>, exit status 0
2022-04-29 09:23:09,599 INFO  Executed sudo<tedge_pub>, exit status 0
2022-04-29 09:23:10,133 INFO  Executed sudo<kill_out>, exit status 0
2022-04-29 09:23:10,143 INFO  Grep on file tedge_sub.out ... passed
2022-04-29 09:23:10,151 INFO  
2022-04-29 09:23:10,152 INFO  cleanup:
2022-04-29 09:23:10,152 INFO  mapper_cleanup
2022-04-29 09:23:10,766 INFO  Executed sudo<tedge_mapper_c8y>, exit status 0
2022-04-29 09:23:14,818 INFO  Executed sudo<tedge_disconnect_c8y>, exit status 0
2022-04-29 09:23:15,432 INFO  Executed systemctl<serv_mapper5>, exit status 3
2022-04-29 09:23:15,437 INFO  
2022-04-29 09:23:15,437 INFO  Test duration: 29.93 secs
2022-04-29 09:23:15,439 INFO  Test final outcome:  PASSED
2022-04-29 09:23:15,439 INFO  
