2022-05-03 07:55:10,310 INFO  ==============================================================
2022-05-03 07:55:10,310 INFO  Id:    tedge_mapper_az_without_timestamp
2022-05-03 07:55:10,310 INFO  Dir:   tedge_mapper_az/
2022-05-03 07:55:10,311 INFO  Title: Validate the Azure Mapper that publishes a Thin Edge JSON message without timestamp on az/messages/events/ when it receives a valid JSON message on tedge/measurements and az.mapper.timestamp is configured false
2022-05-03 07:55:10,311 INFO  ==============================================================
2022-05-03 07:55:10,413 INFO  Executed sudo<tedge_temp>, exit status 0
2022-05-03 07:55:10,516 INFO  Executed sudo<tedge_mapper_az>, exit status 0
2022-05-03 07:55:10,518 INFO  Started sudo<tedge_sub> with process id 268665
2022-05-03 07:55:10,720 INFO  Executed sudo<tedge_temp>, exit status 0
2022-05-03 07:55:10,823 INFO  Executed sudo<kill_out>, exit status 0
2022-05-03 07:55:10,824 INFO  Assert that (actual == expected) with actual=12.0, expected=12 ... passed
2022-05-03 07:55:10,825 INFO  Grep on file tedge_sub.out ... passed
2022-05-03 07:55:10,825 INFO  
2022-05-03 07:55:10,825 INFO  cleanup:
2022-05-03 07:55:10,825 INFO  mapper_cleanup
2022-05-03 07:55:10,927 INFO  Executed sudo<tedge_mapper_az>, exit status 0
2022-05-03 07:55:11,030 INFO  Executed sudo<tedge_temp>, exit status 0
2022-05-03 07:55:11,031 INFO  
2022-05-03 07:55:11,031 INFO  Test duration: 0.72 secs
2022-05-03 07:55:11,032 INFO  Test final outcome:  PASSED
2022-05-03 07:55:11,032 INFO  
