2022-04-28 15:39:28,300 INFO  ==============================================================
2022-04-28 15:39:28,301 INFO  Id:    tedge_mapper_az_without_timestamp
2022-04-28 15:39:28,303 INFO  Dir:   tedge_mapper_az/
2022-04-28 15:39:28,305 INFO  Title: Validate the Azure Mapper that publishes a Thin Edge JSON message without timestamp on az/messages/events/ when it receives a valid JSON message on tedge/measurements and az.mapper.timestamp is configured false
2022-04-28 15:39:28,306 INFO  ==============================================================
2022-04-28 15:39:28,887 INFO  Executed sudo<tedge_temp>, exit status 0
2022-04-28 15:39:29,509 INFO  Executed sudo<tedge_mapper_az>, exit status 0
2022-04-28 15:39:29,519 INFO  Started sudo<tedge_sub> with process id 24706
2022-04-28 15:39:30,154 INFO  Executed sudo<tedge_temp>, exit status 0
2022-04-28 15:39:30,667 INFO  Executed sudo<kill_out>, exit status 0
2022-04-28 15:39:30,672 INFO  Assert that (actual == expected) with actual=12.0, expected=12 ... passed
2022-04-28 15:39:30,676 INFO  Grep on file tedge_sub.out ... passed
2022-04-28 15:39:30,682 INFO  
2022-04-28 15:39:30,683 INFO  cleanup:
2022-04-28 15:39:30,684 INFO  mapper_cleanup
2022-04-28 15:39:31,246 INFO  Executed sudo<tedge_mapper_az>, exit status 0
2022-04-28 15:39:31,759 INFO  Executed sudo<tedge_temp>, exit status 0
2022-04-28 15:39:31,763 INFO  
2022-04-28 15:39:31,764 INFO  Test duration: 3.47 secs
2022-04-28 15:39:31,765 INFO  Test final outcome:  PASSED
2022-04-28 15:39:31,766 INFO  
