2022-05-10 20:23:24,756 INFO  ==============================================================
2022-05-10 20:23:24,757 INFO  Id:    docker_plugin_remove
2022-05-10 20:23:24,758 INFO  Dir:   plugin_docker/
2022-05-10 20:23:24,759 INFO  Title: Validate docker plugin remove
2022-05-10 20:23:24,760 INFO  ==============================================================
2022-05-10 20:23:25,578 INFO  Executed sudo<docker_images>, exit status 0
2022-05-10 20:23:25,583 INFO  Grep on file /home/pi/actions-runner/_work/thin-edge.io/thin-edge.io/tests/PySys/plugin_docker/docker_plugin_remove/Output/linux/docker_images.out ... passed
2022-05-10 20:23:47,766 INFO  Executed sudo<docker_run>, exit status 0, duration 22 secs
2022-05-10 20:23:48,748 INFO  Executed sudo<docker_ps>, exit status 0
2022-05-10 20:23:48,764 INFO  Grep on file /home/pi/actions-runner/_work/thin-edge.io/thin-edge.io/tests/PySys/plugin_docker/docker_plugin_remove/Output/linux/docker_ps.out ... passed
2022-05-10 20:23:52,294 INFO  Executed sudo<plugin_remove>, exit status 0
2022-05-10 20:23:53,107 INFO  Executed sudo<docker_ps_latest>, exit status 0
2022-05-10 20:23:53,884 INFO  Executed sudo<docker_ps>, exit status 0
2022-05-10 20:23:53,888 INFO  Grep on file /home/pi/actions-runner/_work/thin-edge.io/thin-edge.io/tests/PySys/plugin_docker/docker_plugin_remove/Output/linux/docker_ps.out ... passed
2022-05-10 20:23:53,894 INFO  
2022-05-10 20:23:53,895 INFO  cleanup:
2022-05-10 20:23:53,896 INFO  Removing containers scheduled to be cleaned up: ['ee60e4ccfc08', 'd659d441b26c', '44d59c3fab997361cf5a86be8f5f737f1ffeb800793b6c9a32782370dae3f5d3\n']
2022-05-10 20:23:54,689 WARN  Executed sudo<containers_for_cleanup>, exit status 1
2022-05-10 20:23:54,691 INFO  Removing images scheduled to be cleaned up: ['registry', 'registry', 'registry:2.7.1', 'registry']
2022-05-10 20:23:58,426 INFO  Executed sudo<containers_for_cleanup>, exit status 0
2022-05-10 20:23:58,430 INFO  
2022-05-10 20:23:58,432 INFO  Test duration: 33.68 secs
2022-05-10 20:23:58,433 INFO  Test final outcome:  PASSED
2022-05-10 20:23:58,435 INFO  
