2022-04-15 09:19:48,460 INFO  ==============================================================
2022-04-15 09:19:48,462 INFO  Id:    apt_prepare_install_finalize
2022-04-15 09:19:48,464 INFO  Dir:   plugin_apt/
2022-04-15 09:19:48,465 INFO  Title: Validate apt plugin install use case
2022-04-15 09:19:48,467 INFO  ==============================================================
2022-04-15 09:19:56,149 INFO  Executed sudo, exit status 0
2022-04-15 09:19:58,751 INFO  Executed sudo<outp_check_0>, exit status 0
2022-04-15 09:19:58,753 INFO  Assert that (value==0) with value=0 ... passed
2022-04-15 09:19:58,758 INFO  Grep on file outp_check_0.out ... passed
2022-04-15 09:20:17,116 INFO  Executed sudo<outp_prepare>, exit status 0, duration 18 secs
2022-04-15 09:20:17,122 INFO  Assert that (value==0) with value=0 ... passed
2022-04-15 09:21:02,488 INFO  Executed sudo<outp_install>, exit status 0, duration 45 secs
2022-04-15 09:21:02,491 INFO  Assert that (value==0) with value=0 ... passed
2022-04-15 09:21:10,008 INFO  Executed sudo<outp_finalize>, exit status 0
2022-04-15 09:21:10,011 INFO  Assert that (value==0) with value=0 ... passed
2022-04-15 09:21:12,583 INFO  Executed sudo<outp_check_1>, exit status 0
2022-04-15 09:21:12,586 INFO  Assert that (value==0) with value=0 ... passed
2022-04-15 09:21:12,591 INFO  Grep on file outp_check_1.out ... passed
2022-04-15 09:21:12,597 INFO  
2022-04-15 09:21:12,598 INFO  cleanup:
2022-04-15 09:21:26,110 INFO  Executed sudo, exit status 0, duration 13 secs
2022-04-15 09:21:26,117 INFO  
2022-04-15 09:21:26,119 INFO  Test duration: 97.67 secs
2022-04-15 09:21:26,122 INFO  Test final outcome:  PASSED
2022-04-15 09:21:26,124 INFO  
