2022-05-09 07:56:19,180 INFO  ==============================================================
2022-05-09 07:56:19,181 INFO  Id:    docker_plugin_update
2022-05-09 07:56:19,182 INFO  Dir:   plugin_docker/
2022-05-09 07:56:19,183 INFO  Title: Validate docker plugin install updates existing containers
2022-05-09 07:56:19,184 INFO  ==============================================================
2022-05-09 07:56:20,006 INFO  Executed sudo<docker_images>, exit status 0
2022-05-09 07:56:20,011 INFO  Grep on file /home/pi/actions-runner/_work/thin-edge.io/thin-edge.io/tests/PySys/plugin_docker/docker_plugin_update/Output/linux/docker_images.out ... passed
2022-05-09 07:56:43,674 INFO  Executed sudo<docker_run>, exit status 0, duration 23 secs
2022-05-09 07:56:44,551 INFO  Executed sudo<docker_ps>, exit status 0
2022-05-09 07:56:44,557 INFO  Grep on file /home/pi/actions-runner/_work/thin-edge.io/thin-edge.io/tests/PySys/plugin_docker/docker_plugin_update/Output/linux/docker_ps.out ... passed
2022-05-09 07:57:12,035 INFO  Executed sudo<plugin_install>, exit status 0, duration 27 secs
2022-05-09 07:57:12,863 INFO  Executed sudo<docker_ps_latest>, exit status 0
2022-05-09 07:57:13,682 INFO  Executed sudo<docker_ps>, exit status 0
2022-05-09 07:57:13,686 INFO  Grep on file /home/pi/actions-runner/_work/thin-edge.io/thin-edge.io/tests/PySys/plugin_docker/docker_plugin_update/Output/linux/docker_ps.out ... passed
2022-05-09 07:57:14,499 INFO  Executed sudo<docker_ps>, exit status 0
2022-05-09 07:57:14,504 INFO  Grep on file /home/pi/actions-runner/_work/thin-edge.io/thin-edge.io/tests/PySys/plugin_docker/docker_plugin_update/Output/linux/docker_ps.out ... passed
2022-05-09 07:57:14,510 INFO  
2022-05-09 07:57:14,511 INFO  cleanup:
2022-05-09 07:57:14,512 INFO  Removing containers scheduled to be cleaned up: ['32542742d32c', '6634feafe485', '634b7172ad75a32cb88266d8d47760a40f749dc537c4bfc8c19cb0721e014f75\n', '5166c14cf3df20d61b3fe9789af9e2f2d718120989502058e87cf5db6ba1c3b9\n', '77ba8e89f4efbccc75cf22e6217e60251018ec44a6fadf287368166877ea0d4d\n', 'c43bdbeab57a']
2022-05-09 07:57:17,735 WARN  Executed sudo<containers_for_cleanup>, exit status 1
2022-05-09 07:57:17,736 INFO  Removing images scheduled to be cleaned up: ['registry', 'registry', 'registry:2.7.1', 'registry', 'registry:2.7.1', 'registry:2.6.2', 'registry:2.7.1']
2022-05-09 07:57:24,305 INFO  Executed sudo<containers_for_cleanup>, exit status 0
2022-05-09 07:57:24,309 INFO  
2022-05-09 07:57:24,310 INFO  Test duration: 65.14 secs
2022-05-09 07:57:24,311 INFO  Test final outcome:  PASSED
2022-05-09 07:57:24,312 INFO  
