2022-04-07 17:22:52,008 INFO  ==============================================================
2022-04-07 17:22:52,009 INFO  Id:    SoftwareManagement.sm_apt_install_fail
2022-04-07 17:22:52,010 INFO  Dir:   software_management_end_to_end/
2022-04-07 17:22:52,011 INFO  Title: Validate end to end behaviour for a failing installation
2022-04-07 17:22:52,012 DEBUG Execution order hint: 0.0
2022-04-07 17:22:52,013 INFO  ==============================================================
2022-04-07 17:22:52,018 INFO  Using sw id database: {'asciijump': '5475369', 'robotfindskitten': '5474869', 'squirrel3': '5475279', 'rolldice': '5152439', 'moon-buggy': '5439204', 'apple': '5495053', 'banana': '5494888', 'cherry': '5495382', 'watermelon': '5494510', 'registry': '8018911', 'hello-world': '8021526', 'docker/getting-started': '8021973', 'alpine': '7991792'}
2022-04-07 17:22:52,019 DEBUG EnvironmentC8y Setup
2022-04-07 17:22:52,020 INFO  EnvironmentC8y Setup
2022-04-07 17:22:52,022 DEBUG Process parameters for systemctl<serv_mapper1>
  command line : /usr/bin/systemctl status tedge-mapper-c8y
    arg #1     : status
    arg #2     : tedge-mapper-c8y
  working dir  : /home/pi/actions-runner/_work/thin-edge.io/thin-edge.io/tests/PySys/software_management_end_to_end/sm_apt_install_fail/Output/linux
  stdout       : /home/pi/actions-runner/_work/thin-edge.io/thin-edge.io/tests/PySys/software_management_end_to_end/sm_apt_install_fail/Output/linux/serv_mapper1.out
  stderr       : /home/pi/actions-runner/_work/thin-edge.io/thin-edge.io/tests/PySys/software_management_end_to_end/sm_apt_install_fail/Output/linux/serv_mapper1.err
  environment  : LD_LIBRARY_PATH=/usr/lib
  environment  : PATH=/bin:/usr/bin:/usr/sbin:/usr/local/bin
                   #1  /bin
                   #2  /usr/bin
                   #3  /usr/sbin
                   #4  /usr/local/bin
2022-04-07 17:22:52,032 DEBUG Waiting up to 600 secs for process systemctl<serv_mapper1> (pid 14212)
2022-04-07 17:22:52,592 INFO  Executed systemctl<serv_mapper1>, exit status 3
2022-04-07 17:22:52,703 INFO  Restarting mosquitto too frequently in the last 10 seconds. It was only up for 4 seconds
2022-04-07 17:22:52,704 INFO  Delaying execution by 7 seconds
2022-04-07 17:22:59,714 DEBUG Process parameters for sudo<tedge_connect_c8y>
  command line : /usr/bin/sudo /usr/bin/tedge connect c8y
    arg #1     : /usr/bin/tedge
    arg #2     : connect
    arg #3     : c8y
  working dir  : /home/pi/actions-runner/_work/thin-edge.io/thin-edge.io/tests/PySys/software_management_end_to_end/sm_apt_install_fail/Output/linux
  stdout       : /home/pi/actions-runner/_work/thin-edge.io/thin-edge.io/tests/PySys/software_management_end_to_end/sm_apt_install_fail/Output/linux/tedge_connect_c8y.out
  stderr       : /home/pi/actions-runner/_work/thin-edge.io/thin-edge.io/tests/PySys/software_management_end_to_end/sm_apt_install_fail/Output/linux/tedge_connect_c8y.err
  environment  : LD_LIBRARY_PATH=/usr/lib
  environment  : PATH=/bin:/usr/bin:/usr/sbin:/usr/local/bin
                   #1  /bin
                   #2  /usr/bin
                   #3  /usr/sbin
                   #4  /usr/local/bin
2022-04-07 17:22:59,723 DEBUG Waiting up to 600 secs for process sudo<tedge_connect_c8y> (pid 14217)
2022-04-07 17:23:13,535 INFO  Executed sudo<tedge_connect_c8y>, exit status 0, duration 13 secs
2022-04-07 17:23:13,539 DEBUG Process parameters for sudo<tedge_connect_c8y_test>
  command line : /usr/bin/sudo /usr/bin/tedge connect c8y --test
    arg #1     : /usr/bin/tedge
    arg #2     : connect
    arg #3     : c8y
    arg #4     : --test
  working dir  : /home/pi/actions-runner/_work/thin-edge.io/thin-edge.io/tests/PySys/software_management_end_to_end/sm_apt_install_fail/Output/linux
  stdout       : /home/pi/actions-runner/_work/thin-edge.io/thin-edge.io/tests/PySys/software_management_end_to_end/sm_apt_install_fail/Output/linux/tedge_connect_c8y_test.out
  stderr       : /home/pi/actions-runner/_work/thin-edge.io/thin-edge.io/tests/PySys/software_management_end_to_end/sm_apt_install_fail/Output/linux/tedge_connect_c8y_test.err
  environment  : LD_LIBRARY_PATH=/usr/lib
  environment  : PATH=/bin:/usr/bin:/usr/sbin:/usr/local/bin
                   #1  /bin
                   #2  /usr/bin
                   #3  /usr/sbin
                   #4  /usr/local/bin
2022-04-07 17:23:13,550 DEBUG Waiting up to 600 secs for process sudo<tedge_connect_c8y_test> (pid 14325)
2022-04-07 17:23:14,159 INFO  Executed sudo<tedge_connect_c8y_test>, exit status 0
2022-04-07 17:23:14,161 DEBUG Process parameters for systemctl<serv_mosq2>
  command line : /usr/bin/systemctl status mosquitto
    arg #1     : status
    arg #2     : mosquitto
  working dir  : /home/pi/actions-runner/_work/thin-edge.io/thin-edge.io/tests/PySys/software_management_end_to_end/sm_apt_install_fail/Output/linux
  stdout       : /home/pi/actions-runner/_work/thin-edge.io/thin-edge.io/tests/PySys/software_management_end_to_end/sm_apt_install_fail/Output/linux/serv_mosq2.out
  stderr       : /home/pi/actions-runner/_work/thin-edge.io/thin-edge.io/tests/PySys/software_management_end_to_end/sm_apt_install_fail/Output/linux/serv_mosq2.err
  environment  : LD_LIBRARY_PATH=/usr/lib
  environment  : PATH=/bin:/usr/bin:/usr/sbin:/usr/local/bin
                   #1  /bin
                   #2  /usr/bin
                   #3  /usr/sbin
                   #4  /usr/local/bin
2022-04-07 17:23:14,170 DEBUG Waiting up to 600 secs for process systemctl<serv_mosq2> (pid 14331)
2022-04-07 17:23:14,630 INFO  Executed systemctl<serv_mosq2>, exit status 0
2022-04-07 17:23:14,632 DEBUG Process parameters for systemctl<serv_mapper3>
  command line : /usr/bin/systemctl status tedge-mapper-c8y
    arg #1     : status
    arg #2     : tedge-mapper-c8y
  working dir  : /home/pi/actions-runner/_work/thin-edge.io/thin-edge.io/tests/PySys/software_management_end_to_end/sm_apt_install_fail/Output/linux
  stdout       : /home/pi/actions-runner/_work/thin-edge.io/thin-edge.io/tests/PySys/software_management_end_to_end/sm_apt_install_fail/Output/linux/serv_mapper3.out
  stderr       : /home/pi/actions-runner/_work/thin-edge.io/thin-edge.io/tests/PySys/software_management_end_to_end/sm_apt_install_fail/Output/linux/serv_mapper3.err
  environment  : LD_LIBRARY_PATH=/usr/lib
  environment  : PATH=/bin:/usr/bin:/usr/sbin:/usr/local/bin
                   #1  /bin
                   #2  /usr/bin
                   #3  /usr/sbin
                   #4  /usr/local/bin
2022-04-07 17:23:14,640 DEBUG Waiting up to 600 secs for process systemctl<serv_mapper3> (pid 14332)
2022-04-07 17:23:15,102 INFO  Executed systemctl<serv_mapper3>, exit status 0
2022-04-07 17:23:17,128 DEBUG Starting new HTTPS connection (1): thin-edge-io.eu-latest.cumulocity.com:443
2022-04-07 17:23:17,322 DEBUG https://thin-edge-io.eu-latest.cumulocity.com:443 "GET /devicecontrol/operations?deviceId=16979395&pageSize=1&revert=true&dateFrom=1970-01-01T00%3A00%3A00.000Z HTTP/1.1" 200 1199
2022-04-07 17:23:17,335 DEBUG Final URL of the request: https://thin-edge-io.eu-latest.cumulocity.com/devicecontrol/operations?deviceId=16979395&pageSize=1&revert=true&dateFrom=1970-01-01T00%3A00%3A00.000Z
2022-04-07 17:23:17,339 INFO  State of current operation: FAILED
2022-04-07 17:23:17,340 DEBUG Final URL of the request: https://thin-edge-io.eu-latest.cumulocity.com/devicecontrol/operations?deviceId=16979395&pageSize=1&revert=true&dateFrom=1970-01-01T00%3A00%3A00.000Z
2022-04-07 17:23:17,341 DEBUG State of current operation: {
    "delivery": {
        "time": "2022-04-07T17:22:15.870Z",
        "log": [
            {
                "time": "2022-04-07T17:22:15.818Z",
                "status": "PENDING"
            },
            {
                "time": "2022-04-07T17:22:15.837Z",
                "status": "SEND"
            }
        ],
        "status": "DELIVERED"
    },
    "creationTime": "2022-04-07T17:22:15.792Z",
    "deviceId": "16979395",
    "deviceName": "offsite_mythica",
    "self": "https://t493319102.eu-latest.cumulocity.com/devicecontrol/operations/17009311",
    "id": "17009311",
    "status": "FAILED",
    "description": "Apply software changes, triggered from PySys: [{'name': 'rolldice', 'id': '5152439', 'version': '::apt', 'url': 'https://thin-edge-io.eu-latest.cumulocity.com/inventory/binaries/12435463', 'action': 'install'}]",
    "c8y_SoftwareUpdate": [
        {
            "name": "rolldice",
            "action": "install",
            "id": "5152439",
            "version": "::apt",
            "url": "https://thin-edge-io.eu-latest.cumulocity.com/inventory/binaries/12435463"
        }
    ]
}
2022-04-07 17:23:17,342 DEBUG --- test execute
2022-04-07 17:23:17,359 DEBUG Starting new HTTPS connection (1): thin-edge-io.eu-latest.cumulocity.com:443
2022-04-07 17:23:17,558 DEBUG https://thin-edge-io.eu-latest.cumulocity.com:443 "POST /devicecontrol/operations HTTP/1.1" 201 488
2022-04-07 17:23:17,574 INFO  Response status: 201
2022-04-07 17:23:17,575 INFO  Response to action: {
    "creationTime": "2022-04-07T17:23:17.529Z",
    "deviceId": "16979395",
    "deviceName": "offsite_mythica",
    "self": "https://t493319102.eu-latest.cumulocity.com/devicecontrol/operations/17009315",
    "id": "17009315",
    "status": "PENDING",
    "description": "Apply software changes, triggered from PySys: [{'name': 'does_not_exist', 'id': '5446165', 'version': '::apt', 'url': '', 'action': 'install'}]",
    "c8y_SoftwareUpdate": [
        {
            "name": "does_not_exist",
            "action": "install",
            "id": "5446165",
            "version": "::apt",
            "url": ""
        }
    ]
}
2022-04-07 17:23:17,576 INFO  Started operation: {'creationTime': '2022-04-07T17:23:17.529Z', 'deviceId': '16979395', 'deviceName': 'offsite_mythica', 'self': 'https://t493319102.eu-latest.cumulocity.com/devicecontrol/operations/17009315', 'id': '17009315', 'status': 'PENDING', 'description': "Apply software changes, triggered from PySys: [{'name': 'does_not_exist', 'id': '5446165', 'version': '::apt', 'url': '', 'action': 'install'}]", 'c8y_SoftwareUpdate': [{'name': 'does_not_exist', 'action': 'install', 'id': '5446165', 'version': '::apt', 'url': ''}]}
2022-04-07 17:23:19,596 DEBUG Starting new HTTPS connection (1): thin-edge-io.eu-latest.cumulocity.com:443
2022-04-07 17:23:19,779 DEBUG https://thin-edge-io.eu-latest.cumulocity.com:443 "GET /devicecontrol/operations/17009315 HTTP/1.1" 200 640
2022-04-07 17:23:19,795 INFO  State of operation 17009315 : PENDING
2022-04-07 17:23:21,818 DEBUG Starting new HTTPS connection (1): thin-edge-io.eu-latest.cumulocity.com:443
2022-04-07 17:23:22,018 DEBUG https://thin-edge-io.eu-latest.cumulocity.com:443 "GET /devicecontrol/operations/17009315 HTTP/1.1" 200 642
2022-04-07 17:23:22,038 INFO  State of operation 17009315 : EXECUTING
2022-04-07 17:23:24,057 DEBUG Starting new HTTPS connection (1): thin-edge-io.eu-latest.cumulocity.com:443
2022-04-07 17:23:24,239 DEBUG https://thin-edge-io.eu-latest.cumulocity.com:443 "GET /devicecontrol/operations/17009315 HTTP/1.1" 200 642
2022-04-07 17:23:24,255 INFO  State of operation 17009315 : EXECUTING
2022-04-07 17:23:26,276 DEBUG Starting new HTTPS connection (1): thin-edge-io.eu-latest.cumulocity.com:443
2022-04-07 17:23:26,462 DEBUG https://thin-edge-io.eu-latest.cumulocity.com:443 "GET /devicecontrol/operations/17009315 HTTP/1.1" 200 642
2022-04-07 17:23:26,478 INFO  State of operation 17009315 : EXECUTING
2022-04-07 17:23:28,504 DEBUG Starting new HTTPS connection (1): thin-edge-io.eu-latest.cumulocity.com:443
2022-04-07 17:23:28,685 DEBUG https://thin-edge-io.eu-latest.cumulocity.com:443 "GET /devicecontrol/operations/17009315 HTTP/1.1" 200 642
2022-04-07 17:23:28,701 INFO  State of operation 17009315 : EXECUTING
2022-04-07 17:23:30,720 DEBUG Starting new HTTPS connection (1): thin-edge-io.eu-latest.cumulocity.com:443
2022-04-07 17:23:30,901 DEBUG https://thin-edge-io.eu-latest.cumulocity.com:443 "GET /devicecontrol/operations/17009315 HTTP/1.1" 200 642
2022-04-07 17:23:30,918 INFO  State of operation 17009315 : EXECUTING
2022-04-07 17:23:32,937 DEBUG Starting new HTTPS connection (1): thin-edge-io.eu-latest.cumulocity.com:443
2022-04-07 17:23:33,539 DEBUG https://thin-edge-io.eu-latest.cumulocity.com:443 "GET /devicecontrol/operations/17009315 HTTP/1.1" 200 642
2022-04-07 17:23:33,557 INFO  State of operation 17009315 : EXECUTING
2022-04-07 17:23:35,588 DEBUG Starting new HTTPS connection (1): thin-edge-io.eu-latest.cumulocity.com:443
2022-04-07 17:23:35,838 DEBUG https://thin-edge-io.eu-latest.cumulocity.com:443 "GET /devicecontrol/operations/17009315 HTTP/1.1" 200 642
2022-04-07 17:23:35,876 INFO  State of operation 17009315 : EXECUTING
2022-04-07 17:23:38,096 DEBUG Starting new HTTPS connection (1): thin-edge-io.eu-latest.cumulocity.com:443
2022-04-07 17:23:38,399 DEBUG https://thin-edge-io.eu-latest.cumulocity.com:443 "GET /devicecontrol/operations/17009315 HTTP/1.1" 200 642
2022-04-07 17:23:38,416 INFO  State of operation 17009315 : EXECUTING
2022-04-07 17:23:40,455 DEBUG Starting new HTTPS connection (1): thin-edge-io.eu-latest.cumulocity.com:443
2022-04-07 17:23:40,841 DEBUG https://thin-edge-io.eu-latest.cumulocity.com:443 "GET /devicecontrol/operations/17009315 HTTP/1.1" 200 642
2022-04-07 17:23:40,862 INFO  State of operation 17009315 : EXECUTING
2022-04-07 17:23:42,881 DEBUG Starting new HTTPS connection (1): thin-edge-io.eu-latest.cumulocity.com:443
2022-04-07 17:23:43,057 DEBUG https://thin-edge-io.eu-latest.cumulocity.com:443 "GET /devicecontrol/operations/17009315 HTTP/1.1" 200 642
2022-04-07 17:23:43,073 INFO  State of operation 17009315 : EXECUTING
2022-04-07 17:23:45,093 DEBUG Starting new HTTPS connection (1): thin-edge-io.eu-latest.cumulocity.com:443
2022-04-07 17:23:45,275 DEBUG https://thin-edge-io.eu-latest.cumulocity.com:443 "GET /devicecontrol/operations/17009315 HTTP/1.1" 200 642
2022-04-07 17:23:45,291 INFO  State of operation 17009315 : EXECUTING
2022-04-07 17:23:47,311 DEBUG Starting new HTTPS connection (1): thin-edge-io.eu-latest.cumulocity.com:443
2022-04-07 17:23:47,494 DEBUG https://thin-edge-io.eu-latest.cumulocity.com:443 "GET /devicecontrol/operations/17009315 HTTP/1.1" 200 642
2022-04-07 17:23:47,510 INFO  State of operation 17009315 : EXECUTING
2022-04-07 17:23:49,529 DEBUG Starting new HTTPS connection (1): thin-edge-io.eu-latest.cumulocity.com:443
2022-04-07 17:23:49,710 DEBUG https://thin-edge-io.eu-latest.cumulocity.com:443 "GET /devicecontrol/operations/17009315 HTTP/1.1" 200 642
2022-04-07 17:23:49,727 INFO  State of operation 17009315 : EXECUTING
2022-04-07 17:23:51,747 DEBUG Starting new HTTPS connection (1): thin-edge-io.eu-latest.cumulocity.com:443
2022-04-07 17:23:51,988 DEBUG https://thin-edge-io.eu-latest.cumulocity.com:443 "GET /devicecontrol/operations/17009315 HTTP/1.1" 200 642
2022-04-07 17:23:52,023 INFO  State of operation 17009315 : EXECUTING
2022-04-07 17:23:54,043 DEBUG Starting new HTTPS connection (1): thin-edge-io.eu-latest.cumulocity.com:443
2022-04-07 17:23:54,218 DEBUG https://thin-edge-io.eu-latest.cumulocity.com:443 "GET /devicecontrol/operations/17009315 HTTP/1.1" 200 758
2022-04-07 17:23:54,234 INFO  State of operation 17009315 : FAILED
2022-04-07 17:23:54,235 DEBUG --- test validate
2022-04-07 17:23:54,251 DEBUG Starting new HTTPS connection (1): thin-edge-io.eu-latest.cumulocity.com:443
2022-04-07 17:23:54,455 DEBUG https://thin-edge-io.eu-latest.cumulocity.com:443 "GET /inventory/managedObjects/16979395 HTTP/1.1" 200 None
2022-04-07 17:23:54,475 INFO  Assert that (False == value) with value=False ... passed
2022-04-07 17:23:54,486 DEBUG --- test cleanup
2022-04-07 17:23:54,488 INFO  
2022-04-07 17:23:54,488 INFO  cleanup:
2022-04-07 17:23:54,489 DEBUG Running registered cleanup function: <bound method SoftwareManagement.mysmcleanup of <PySysTest object at 0x75ce0890>>
2022-04-07 17:23:54,489 DEBUG Running registered cleanup function: <bound method EnvironmentC8y.myenvcleanup of <PySysTest object at 0x75ce0890>>
2022-04-07 17:23:54,490 DEBUG EnvironmentC8y Cleanup
2022-04-07 17:23:54,617 DEBUG Process parameters for sudo<tedge_disconnect_c8y>
  command line : /usr/bin/sudo /usr/bin/tedge disconnect c8y
    arg #1     : /usr/bin/tedge
    arg #2     : disconnect
    arg #3     : c8y
  working dir  : /home/pi/actions-runner/_work/thin-edge.io/thin-edge.io/tests/PySys/software_management_end_to_end/sm_apt_install_fail/Output/linux
  stdout       : /home/pi/actions-runner/_work/thin-edge.io/thin-edge.io/tests/PySys/software_management_end_to_end/sm_apt_install_fail/Output/linux/tedge_disconnect_c8y.out
  stderr       : /home/pi/actions-runner/_work/thin-edge.io/thin-edge.io/tests/PySys/software_management_end_to_end/sm_apt_install_fail/Output/linux/tedge_disconnect_c8y.err
  environment  : LD_LIBRARY_PATH=/usr/lib
  environment  : PATH=/bin:/usr/bin:/usr/sbin:/usr/local/bin
                   #1  /bin
                   #2  /usr/bin
                   #3  /usr/sbin
                   #4  /usr/local/bin
2022-04-07 17:23:54,625 DEBUG Waiting up to 600 secs for process sudo<tedge_disconnect_c8y> (pid 14576)
2022-04-07 17:23:58,604 INFO  Executed sudo<tedge_disconnect_c8y>, exit status 0
2022-04-07 17:23:58,608 DEBUG Process parameters for systemctl<serv_mapper5>
  command line : /usr/bin/systemctl status tedge-mapper-c8y
    arg #1     : status
    arg #2     : tedge-mapper-c8y
  working dir  : /home/pi/actions-runner/_work/thin-edge.io/thin-edge.io/tests/PySys/software_management_end_to_end/sm_apt_install_fail/Output/linux
  stdout       : /home/pi/actions-runner/_work/thin-edge.io/thin-edge.io/tests/PySys/software_management_end_to_end/sm_apt_install_fail/Output/linux/serv_mapper5.out
  stderr       : /home/pi/actions-runner/_work/thin-edge.io/thin-edge.io/tests/PySys/software_management_end_to_end/sm_apt_install_fail/Output/linux/serv_mapper5.err
  environment  : LD_LIBRARY_PATH=/usr/lib
  environment  : PATH=/bin:/usr/bin:/usr/sbin:/usr/local/bin
                   #1  /bin
                   #2  /usr/bin
                   #3  /usr/sbin
                   #4  /usr/local/bin
2022-04-07 17:23:58,616 DEBUG Waiting up to 600 secs for process systemctl<serv_mapper5> (pid 14616)
2022-04-07 17:23:59,173 INFO  Executed systemctl<serv_mapper5>, exit status 3
2022-04-07 17:23:59,175 DEBUG ProcessUser cleanup function done.
2022-04-07 17:23:59,178 INFO  
2022-04-07 17:23:59,178 INFO  Test duration: 67.18 secs
2022-04-07 17:23:59,180 INFO  Test final outcome:  PASSED
2022-04-07 17:23:59,181 INFO  
