Using default tag: latest
latest: Pulling from library/registry
2408cc74d12b: Pulling fs layer
ea60b727a1ce: Pulling fs layer
c87369050336: Pulling fs layer
e69d20d3dd20: Pulling fs layer
fc30d7061437: Pulling fs layer
e69d20d3dd20: Waiting
fc30d7061437: Waiting
ea60b727a1ce: Verifying Checksum
ea60b727a1ce: Download complete
2408cc74d12b: Verifying Checksum
2408cc74d12b: Download complete
c87369050336: Verifying Checksum
c87369050336: Download complete
2408cc74d12b: Pull complete
fc30d7061437: Verifying Checksum
fc30d7061437: Download complete
e69d20d3dd20: Verifying Checksum
e69d20d3dd20: Download complete
ea60b727a1ce: Pull complete
c87369050336: Pull complete
e69d20d3dd20: Pull complete
fc30d7061437: Pull complete
Digest: sha256:bedef0f1d248508fe0a16d2cacea1d2e68e899b2220e2258f1b604e1f327d475
Status: Downloaded newer image for registry:latest
docker.io/library/registry:latest
