2022-05-23 09:33:36,337 INFO  ==============================================================
2022-05-23 09:33:36,337 INFO  Id:    docker_plugin_finalize
2022-05-23 09:33:36,339 INFO  Dir:   plugin_docker/
2022-05-23 09:33:36,339 INFO  Title: Validate docker plugin finalize command
2022-05-23 09:33:36,339 INFO  ==============================================================
2022-05-23 09:33:36,693 INFO  Executed sudo<docker_images>, exit status 0
2022-05-23 09:33:36,695 INFO  Grep on file /home/pi/actions-runner/_work/thin-edge.io/thin-edge.io/tests/PySys/plugin_docker/docker_plugin_finalize/Output/linux/docker_images.out ... passed
2022-05-23 09:33:46,328 INFO  Executed sudo<docker_pull>, exit status 0
2022-05-23 09:33:46,480 INFO  Executed sudo<docker_images>, exit status 0
2022-05-23 09:33:46,481 INFO  Grep on file /home/pi/actions-runner/_work/thin-edge.io/thin-edge.io/tests/PySys/plugin_docker/docker_plugin_finalize/Output/linux/docker_images.out ... passed
2022-05-23 09:33:46,633 INFO  Executed sudo<plugin_finalize>, exit status 0
2022-05-23 09:33:46,785 INFO  Executed sudo<docker_ps_latest>, exit status 0
2022-05-23 09:33:46,887 INFO  Executed sudo<docker_images>, exit status 0
2022-05-23 09:33:46,888 INFO  Grep on file /home/pi/actions-runner/_work/thin-edge.io/thin-edge.io/tests/PySys/plugin_docker/docker_plugin_finalize/Output/linux/docker_images.out ... passed
2022-05-23 09:33:46,889 INFO  
2022-05-23 09:33:46,889 INFO  cleanup:
2022-05-23 09:33:46,889 INFO  Removing images scheduled to be cleaned up: ['registry']
2022-05-23 09:33:46,991 INFO  Executed sudo<containers_for_cleanup>, exit status 0
2022-05-23 09:33:46,991 INFO  
2022-05-23 09:33:46,991 INFO  Test duration: 10.65 secs
2022-05-23 09:33:46,992 INFO  Test final outcome:  PASSED
2022-05-23 09:33:46,992 INFO  
