2022-04-14 06:46:41,093 INFO  ==============================================================
2022-04-14 06:46:41,094 INFO  Id:    custom_init_system
2022-04-14 06:46:41,095 INFO  Dir:   misc_features/
2022-04-14 06:46:41,096 INFO  Title: Custom init system test
2022-04-14 06:46:41,097 INFO  ==============================================================
2022-04-14 06:46:41,684 INFO  Executed sudo<copy_system_config>, exit status 0
2022-04-14 06:46:42,247 INFO  Executed sudo<copy_dummy_init>, exit status 0
2022-04-14 06:47:08,451 INFO  Executed sudo<tedge_connect>, exit status 0, duration 26 secs
2022-04-14 06:47:09,116 INFO  Executed sudo<tedge_disconnect>, exit status 0
2022-04-14 06:47:09,122 INFO  Grep on file tedge_connect.out ... passed
2022-04-14 06:47:09,126 INFO  Grep on file tedge_disconnect.out ... passed
2022-04-14 06:47:09,131 INFO  Grep on file /tmp/dummy_init/dummy_init.out ... passed
2022-04-14 06:47:09,138 INFO  Grep on file /tmp/dummy_init/dummy_init.out ... passed
2022-04-14 06:47:09,142 INFO  Grep on file /tmp/dummy_init/dummy_init.out ... passed
2022-04-14 06:47:09,147 INFO  Grep on file /tmp/dummy_init/dummy_init.out ... passed
2022-04-14 06:47:09,151 INFO  Grep on file /tmp/dummy_init/dummy_init.out ... passed
2022-04-14 06:47:09,156 INFO  Grep on file /tmp/dummy_init/dummy_init.out ... passed
2022-04-14 06:47:09,161 INFO  Grep on file /tmp/dummy_init/dummy_init.out ... passed
2022-04-14 06:47:09,165 INFO  Grep on file /tmp/dummy_init/dummy_init.out ... passed
2022-04-14 06:47:09,170 INFO  Grep on file /tmp/dummy_init/dummy_init.out ... passed
2022-04-14 06:47:09,175 INFO  Grep on file /tmp/dummy_init/dummy_init.out ... passed
2022-04-14 06:47:09,180 INFO  Grep on file /tmp/dummy_init/dummy_init.out ... passed
2022-04-14 06:47:09,185 INFO  Grep on file /tmp/dummy_init/dummy_init.out ... passed
2022-04-14 06:47:09,189 INFO  Grep on file /tmp/dummy_init/dummy_init.out ... passed
2022-04-14 06:47:09,194 INFO  Grep on file /tmp/dummy_init/dummy_init.out ... passed
2022-04-14 06:47:09,201 INFO  
2022-04-14 06:47:09,202 INFO  cleanup:
2022-04-14 06:47:09,714 INFO  Executed sudo<remove_system_config>, exit status 0
2022-04-14 06:47:10,226 INFO  Executed sudo<remove_dummy_init>, exit status 0
2022-04-14 06:47:10,230 INFO  
2022-04-14 06:47:10,231 INFO  Test duration: 29.14 secs
2022-04-14 06:47:10,232 INFO  Test final outcome:  PASSED
2022-04-14 06:47:10,233 INFO  
