2022-05-10 13:32:50,516 INFO  ==============================================================
2022-05-10 13:32:50,517 INFO  Id:    apt_install_local_file
2022-05-10 13:32:50,518 INFO  Dir:   plugin_apt/
2022-05-10 13:32:50,519 INFO  Title: Validate apt plugin install from local file - SUCCESS case
2022-05-10 13:32:50,520 INFO  ==============================================================
2022-05-10 13:32:52,759 INFO  URL of rolldice is b"'http://mirror.mythic-beasts.com/raspbian/pool/main/r/rolldice/rolldice_1.16-1%2bb2_armhf.deb'"
2022-05-10 13:32:55,042 INFO  Downloaded rolldcice in version 1.16-1+b2
2022-05-10 13:32:55,043 INFO  Filename is rolldice_1.16-1+b2_armhf.deb
2022-05-10 13:33:00,221 INFO  Executed sudo, exit status 0
2022-05-10 13:33:03,014 INFO  Executed sudo<outp_check_0>, exit status 0
2022-05-10 13:33:03,016 INFO  Assert that (value==0) with value=0 ... passed
2022-05-10 13:33:03,021 INFO  Grep on file outp_check_0.out ... passed
2022-05-10 13:33:48,722 INFO  Executed sudo<outp_install>, exit status 0, duration 45 secs
2022-05-10 13:33:48,726 INFO  Assert that (value==0) with value=0 ... passed
2022-05-10 13:33:54,480 INFO  Executed sudo<outp_check_1>, exit status 0
2022-05-10 13:33:54,482 INFO  Assert that (value==0) with value=0 ... passed
2022-05-10 13:33:54,488 INFO  Grep on file outp_check_1.out ... passed
2022-05-10 13:33:54,493 INFO  
2022-05-10 13:33:54,494 INFO  cleanup:
2022-05-10 13:33:54,498 INFO  
2022-05-10 13:33:54,499 INFO  Test duration: 63.99 secs
2022-05-10 13:33:54,500 INFO  Test final outcome:  PASSED
2022-05-10 13:33:54,501 INFO  
