2022-05-02 15:03:57,787 INFO  ==============================================================
2022-05-02 15:03:57,788 INFO  Id:    local_mqtt_pub_sub_retain
2022-05-02 15:03:57,789 INFO  Dir:   local_mqtt/
2022-05-02 15:03:57,790 INFO  Title: Validate local publishing with retain flag
2022-05-02 15:03:57,791 INFO  ==============================================================
2022-05-02 15:03:58,229 INFO  Executed tedge<pub_to_set_alarm>, exit status 0
2022-05-02 15:03:58,639 INFO  Executed tedge<pub_to_set_alarm>, exit status 0
2022-05-02 15:03:59,648 INFO  Started tedge<temp_sensor_sub> with process id 8685
2022-05-02 15:04:00,061 INFO  Executed tedge<pub_to_clear_alarm>, exit status 0
2022-05-02 15:04:01,576 INFO  Executed sudo<kill_out>, exit status 0
2022-05-02 15:04:01,990 INFO  Executed tedge<pub_to_clear_alarm>, exit status 0
2022-05-02 15:04:01,998 INFO  Started tedge<temp_sensor_empty_message> with process id 8690
2022-05-02 15:04:03,739 INFO  Executed sudo<kill_out>, exit status 0
2022-05-02 15:04:03,748 INFO  Grep on file temp_sensor_sub.out ... passed
2022-05-02 15:04:03,758 INFO  Grep on file temp_sensor_sub.out ... passed
2022-05-02 15:04:03,768 INFO  Grep on file temp_sensor_empty_message.out ... passed
2022-05-02 15:04:03,787 INFO  
2022-05-02 15:04:03,789 INFO  Test duration: 6.00 secs
2022-05-02 15:04:03,791 INFO  Test final outcome:  PASSED
2022-05-02 15:04:03,793 INFO  
