2022-05-23 10:15:56,199 INFO  ==============================================================
2022-05-23 10:15:56,200 INFO  Id:    docker_plugin_remove_with_version
2022-05-23 10:15:56,201 INFO  Dir:   plugin_docker/
2022-05-23 10:15:56,202 INFO  Title: Validate docker plugin remove with version
2022-05-23 10:15:56,203 INFO  ==============================================================
2022-05-23 10:15:56,969 INFO  Executed sudo<docker_images>, exit status 0
2022-05-23 10:15:56,974 INFO  Grep on file /home/pi/actions-runner/_work/thin-edge.io/thin-edge.io/tests/PySys/plugin_docker/docker_plugin_remove_with_version/Output/linux/docker_images.out ... passed
2022-05-23 10:16:22,163 INFO  Executed sudo<docker_run>, exit status 0, duration 25 secs
2022-05-23 10:16:22,931 INFO  Executed sudo<docker_ps>, exit status 0
2022-05-23 10:16:22,936 INFO  Grep on file /home/pi/actions-runner/_work/thin-edge.io/thin-edge.io/tests/PySys/plugin_docker/docker_plugin_remove_with_version/Output/linux/docker_ps.out ... passed
2022-05-23 10:16:26,019 INFO  Executed sudo<plugin_remove>, exit status 0
2022-05-23 10:16:26,780 INFO  Executed sudo<docker_ps_latest>, exit status 0
2022-05-23 10:16:27,544 INFO  Executed sudo<docker_ps>, exit status 0
2022-05-23 10:16:27,548 INFO  Grep on file /home/pi/actions-runner/_work/thin-edge.io/thin-edge.io/tests/PySys/plugin_docker/docker_plugin_remove_with_version/Output/linux/docker_ps.out ... passed
2022-05-23 10:16:27,555 INFO  
2022-05-23 10:16:27,556 INFO  cleanup:
2022-05-23 10:16:27,556 INFO  Removing containers scheduled to be cleaned up: ['e6bf32c3d822', 'a7a979cdcb36', '6ea69437a9a13e5b31e48548d45b75dd96d5303dd3f7123a181e1cb99d54b894\n', '2e332ab59077d447b1f4c14e568f8477cad06733e8fe496b48e2932648c0d0dd\n']
2022-05-23 10:16:28,321 INFO  Executed sudo<containers_for_cleanup>, exit status 0
2022-05-23 10:16:28,322 INFO  Removing images scheduled to be cleaned up: ['registry', 'registry', 'registry:2.7.1', 'registry', 'registry:2.7.1']
2022-05-23 10:16:31,673 INFO  Executed sudo<containers_for_cleanup>, exit status 0
2022-05-23 10:16:31,677 INFO  
2022-05-23 10:16:31,678 INFO  Test duration: 35.48 secs
2022-05-23 10:16:31,679 INFO  Test final outcome:  PASSED
2022-05-23 10:16:31,680 INFO  
