2022-04-14 06:57:43,768 INFO  ==============================================================
2022-04-14 06:57:43,769 INFO  Id:    apt_sequence_remove_with_version
2022-04-14 06:57:43,770 INFO  Dir:   plugin_apt/
2022-04-14 06:57:43,771 INFO  Title: Validate apt plugin remove with version use case
2022-04-14 06:57:43,772 INFO  ==============================================================
2022-04-14 06:57:48,957 INFO  Executed sudo, exit status 0
2022-04-14 06:58:28,180 INFO  Executed sudo<outp_install>, exit status 0, duration 39 secs
2022-04-14 06:58:28,183 INFO  Assert that (value==0) with value=0 ... passed
2022-04-14 06:58:33,478 INFO  Executed sudo<outp_check_0>, exit status 0
2022-04-14 06:58:33,480 INFO  Assert that (value==0) with value=0 ... passed
2022-04-14 06:58:33,486 INFO  Grep on file outp_check_0.out ... passed
2022-04-14 06:58:47,135 INFO  Executed sudo<outp_install>, exit status 0, duration 13 secs
2022-04-14 06:58:47,138 INFO  Assert that (value==0) with value=0 ... passed
2022-04-14 06:58:52,531 INFO  Executed sudo<outp_check_1>, exit status 0
2022-04-14 06:58:52,534 INFO  Assert that (value==0) with value=0 ... passed
2022-04-14 06:58:52,543 INFO  Grep on file outp_check_1.out ... passed
2022-04-14 06:58:52,548 INFO  
2022-04-14 06:58:52,549 INFO  cleanup:
2022-04-14 06:58:57,887 INFO  Executed sudo, exit status 0
2022-04-14 06:58:57,891 INFO  
2022-04-14 06:58:57,892 INFO  Test duration: 74.13 secs
2022-04-14 06:58:57,893 INFO  Test final outcome:  PASSED
2022-04-14 06:58:57,894 INFO  
