2022-04-12 09:58:01,139 INFO  ==============================================================
2022-04-12 09:58:01,140 INFO  Id:    SoftwareManagement.sm_apt_install_remove_with_version
2022-04-12 09:58:01,141 INFO  Dir:   software_management_end_to_end/
2022-04-12 09:58:01,142 INFO  Title: Validate end to end behaviour for the apt plugin for packages with version
2022-04-12 09:58:01,143 INFO  ==============================================================
2022-04-12 09:58:01,149 INFO  Using sw id database: {'asciijump': '5475369', 'robotfindskitten': '5474869', 'squirrel3': '5475279', 'rolldice': '5152439', 'moon-buggy': '5439204', 'apple': '5495053', 'banana': '5494888', 'cherry': '5495382', 'watermelon': '5494510', 'registry': '8018911', 'hello-world': '8021526', 'docker/getting-started': '8021973', 'alpine': '7991792'}
2022-04-12 09:58:01,150 INFO  EnvironmentC8y Setup
2022-04-12 09:58:01,679 INFO  Executed systemctl<serv_mapper1>, exit status 3
2022-04-12 09:58:01,782 INFO  Restarting mosquitto too frequently in the last 10 seconds. It was only up for 4 seconds
2022-04-12 09:58:01,783 INFO  Delaying execution by 7 seconds
2022-04-12 09:58:22,609 INFO  Executed sudo<tedge_connect_c8y>, exit status 0, duration 13 secs
2022-04-12 09:58:23,226 INFO  Executed sudo<tedge_connect_c8y_test>, exit status 0
2022-04-12 09:58:23,689 INFO  Executed systemctl<serv_mosq2>, exit status 0
2022-04-12 09:58:24,153 INFO  Executed systemctl<serv_mapper3>, exit status 0
2022-04-12 09:58:26,407 INFO  State of current operation: PENDING
2022-04-12 09:58:28,631 INFO  State of current operation: PENDING
2022-04-12 09:58:30,855 INFO  State of current operation: PENDING
2022-04-12 09:58:33,091 INFO  State of current operation: PENDING
2022-04-12 09:58:35,311 INFO  State of current operation: PENDING
2022-04-12 09:58:37,534 INFO  State of current operation: PENDING
2022-04-12 09:58:39,756 INFO  State of current operation: PENDING
2022-04-12 09:58:41,983 INFO  State of current operation: PENDING
2022-04-12 09:58:44,210 INFO  State of current operation: PENDING
2022-04-12 09:58:46,433 INFO  State of current operation: PENDING
2022-04-12 09:58:48,659 INFO  State of current operation: PENDING
2022-04-12 09:58:50,899 INFO  State of current operation: PENDING
2022-04-12 09:58:53,123 INFO  State of current operation: PENDING
2022-04-12 09:58:55,348 INFO  State of current operation: PENDING
2022-04-12 09:58:57,575 INFO  State of current operation: PENDING
2022-04-12 09:58:59,792 INFO  State of current operation: PENDING
2022-04-12 09:59:02,028 INFO  State of current operation: PENDING
2022-04-12 09:59:04,271 INFO  State of current operation: PENDING
2022-04-12 09:59:06,495 INFO  State of current operation: PENDING
2022-04-12 09:59:08,716 INFO  State of current operation: PENDING
2022-04-12 09:59:10,943 INFO  State of current operation: PENDING
2022-04-12 09:59:13,172 INFO  State of current operation: PENDING
2022-04-12 09:59:15,405 INFO  State of current operation: PENDING
2022-04-12 09:59:17,629 INFO  State of current operation: PENDING
2022-04-12 09:59:19,853 INFO  State of current operation: PENDING
2022-04-12 09:59:22,077 INFO  State of current operation: PENDING
2022-04-12 09:59:24,301 INFO  State of current operation: PENDING
2022-04-12 09:59:26,531 INFO  State of current operation: PENDING
2022-04-12 09:59:28,758 INFO  State of current operation: PENDING
2022-04-12 09:59:30,984 INFO  State of current operation: PENDING
2022-04-12 09:59:33,206 INFO  State of current operation: PENDING
2022-04-12 09:59:35,428 INFO  State of current operation: PENDING
2022-04-12 09:59:37,651 INFO  State of current operation: PENDING
2022-04-12 09:59:39,873 INFO  State of current operation: PENDING
2022-04-12 09:59:42,101 INFO  State of current operation: PENDING
2022-04-12 09:59:44,325 INFO  State of current operation: PENDING
2022-04-12 09:59:46,551 INFO  State of current operation: PENDING
2022-04-12 09:59:48,776 INFO  State of current operation: PENDING
2022-04-12 09:59:51,001 INFO  State of current operation: PENDING
2022-04-12 09:59:53,220 INFO  State of current operation: PENDING
2022-04-12 09:59:55,446 INFO  State of current operation: PENDING
2022-04-12 09:59:57,711 INFO  State of current operation: PENDING
2022-04-12 09:59:59,935 INFO  State of current operation: PENDING
2022-04-12 10:00:02,228 INFO  State of current operation: PENDING
2022-04-12 10:00:04,486 INFO  State of current operation: PENDING
2022-04-12 10:00:06,725 INFO  State of current operation: PENDING
2022-04-12 10:00:08,969 INFO  State of current operation: PENDING
2022-04-12 10:00:11,199 INFO  State of current operation: PENDING
2022-04-12 10:00:13,421 INFO  State of current operation: PENDING
2022-04-12 10:00:15,647 INFO  State of current operation: PENDING
2022-04-12 10:00:17,879 INFO  State of current operation: PENDING
2022-04-12 10:00:20,099 INFO  State of current operation: PENDING
2022-04-12 10:00:22,326 INFO  State of current operation: PENDING
2022-04-12 10:00:24,548 INFO  State of current operation: PENDING
2022-04-12 10:00:26,776 INFO  State of current operation: PENDING
2022-04-12 10:00:29,000 INFO  State of current operation: PENDING
2022-04-12 10:00:31,230 INFO  State of current operation: PENDING
2022-04-12 10:00:33,453 INFO  State of current operation: PENDING
2022-04-12 10:00:35,679 INFO  State of current operation: PENDING
2022-04-12 10:00:37,908 INFO  State of current operation: PENDING
2022-04-12 10:00:40,129 INFO  State of current operation: PENDING
2022-04-12 10:00:42,137 WARN  SystemError occurred while running test - Timeout while waiting for status FAILED or SUCCESSFUL
Traceback (most recent call last):
  File "/home/pi/env-pysys/lib/python3.7/site-packages/pysys/baserunner.py", line 1292, in __call__
    self.testObj.setup()
  File "/home/pi/actions-runner/_work/thin-edge.io/thin-edge.io/tests/PySys/software_management_end_to_end/sm_apt_install_remove_with_version/run.py", line 27, in setup
    super().setup()
  File "/home/pi/actions-runner/_work/thin-edge.io/thin-edge.io/tests/PySys/software_management_end_to_end/environment_sm_management.py", line 151, in setup
    self.wait_until_end()
  File "/home/pi/actions-runner/_work/thin-edge.io/thin-edge.io/tests/PySys/software_management_end_to_end/environment_sm_management.py", line 332, in wait_until_end
    self.wait_until_status("FAILED", "SUCCESSFUL")
  File "/home/pi/actions-runner/_work/thin-edge.io/thin-edge.io/tests/PySys/software_management_end_to_end/environment_sm_management.py", line 381, in wait_until_status
    "Timeout while waiting for status %s or %s" % (status, status2)
SystemError: Timeout while waiting for status FAILED or SUCCESSFUL
2022-04-12 10:00:42,170 WARN  SystemError: Timeout while waiting for status FAILED or SUCCESSFUL ... blocked 
2022-04-12 10:00:42,171 INFO  
2022-04-12 10:00:42,171 INFO  cleanup:
2022-04-12 10:00:46,230 INFO  Executed sudo<tedge_disconnect_c8y>, exit status 0
2022-04-12 10:00:46,792 INFO  Executed systemctl<serv_mapper5>, exit status 3
2022-04-12 10:00:46,797 INFO  
2022-04-12 10:00:46,797 INFO  Test duration: 165.67 secs
2022-04-12 10:00:46,798 INFO  Test final outcome:  BLOCKED
2022-04-12 10:00:46,799 INFO  Test outcome reason: SystemError: Timeout while waiting for status FAILED or SUCCESSFUL
2022-04-12 10:00:46,800 INFO  
