2022-04-12 16:18:54,005 INFO  ==============================================================
2022-04-12 16:18:54,006 INFO  Id:    tedge_mapper_az_without_timestamp
2022-04-12 16:18:54,007 INFO  Dir:   tedge_mapper_az/
2022-04-12 16:18:54,008 INFO  Title: Validate the Azure Mapper that publishes a Thin Edge JSON message without timestamp on az/messages/events/ when it receives a valid JSON message on tedge/measurements and az.mapper.timestamp is configured false
2022-04-12 16:18:54,009 INFO  ==============================================================
2022-04-12 16:18:54,529 INFO  Executed sudo<tedge_temp>, exit status 0
2022-04-12 16:18:55,092 INFO  Executed sudo<tedge_mapper_az>, exit status 0
2022-04-12 16:18:55,102 INFO  Started sudo<tedge_sub> with process id 14180
2022-04-12 16:18:55,718 INFO  Executed sudo<tedge_temp>, exit status 0
2022-04-12 16:18:56,246 INFO  Executed sudo<kill_out>, exit status 0
2022-04-12 16:18:56,251 INFO  Assert that (actual == expected) with actual=12.0, expected=12 ... passed
2022-04-12 16:18:56,256 INFO  Grep on file tedge_sub.out ... passed
2022-04-12 16:18:56,262 INFO  
2022-04-12 16:18:56,263 INFO  cleanup:
2022-04-12 16:18:56,264 INFO  mapper_cleanup
2022-04-12 16:18:56,876 INFO  Executed sudo<tedge_mapper_az>, exit status 0
2022-04-12 16:18:57,403 INFO  Executed sudo<tedge_temp>, exit status 0
2022-04-12 16:18:57,408 INFO  
2022-04-12 16:18:57,409 INFO  Test duration: 3.41 secs
2022-04-12 16:18:57,412 INFO  Test final outcome:  PASSED
2022-04-12 16:18:57,413 INFO  
