2022-05-02 15:13:21,740 INFO  ==============================================================
2022-05-02 15:13:21,740 INFO  Id:    apt_sequence_remove_with_version
2022-05-02 15:13:21,741 INFO  Dir:   plugin_apt/
2022-05-02 15:13:21,741 INFO  Title: Validate apt plugin remove with version use case
2022-05-02 15:13:21,741 INFO  ==============================================================
2022-05-02 15:13:22,418 INFO  Executed sudo, exit status 0
2022-05-02 15:13:26,031 INFO  Executed sudo<outp_install>, exit status 0
2022-05-02 15:13:26,031 INFO  Assert that (value==0) with value=0 ... passed
2022-05-02 15:13:26,384 INFO  Executed sudo<outp_check_0>, exit status 0
2022-05-02 15:13:26,385 INFO  Assert that (value==0) with value=0 ... passed
2022-05-02 15:13:26,385 INFO  Grep on file outp_check_0.out ... passed
2022-05-02 15:13:30,248 INFO  Executed sudo<outp_install>, exit status 0
2022-05-02 15:13:30,249 INFO  Assert that (value==0) with value=0 ... passed
2022-05-02 15:13:30,652 INFO  Executed sudo<outp_check_1>, exit status 0
2022-05-02 15:13:30,653 INFO  Assert that (value==0) with value=0 ... passed
2022-05-02 15:13:30,653 INFO  Grep on file outp_check_1.out ... passed
2022-05-02 15:13:30,654 INFO  
2022-05-02 15:13:30,654 INFO  cleanup:
2022-05-02 15:13:31,307 INFO  Executed sudo, exit status 0
2022-05-02 15:13:31,307 INFO  
2022-05-02 15:13:31,308 INFO  Test duration: 9.56 secs
2022-05-02 15:13:31,308 INFO  Test final outcome:  PASSED
2022-05-02 15:13:31,308 INFO  
