2022-04-11 09:53:09,980 INFO  ==============================================================
2022-04-11 09:53:09,981 INFO  Id:    call_tedge_-h
2022-04-11 09:53:09,982 INFO  Dir:   tedge/
2022-04-11 09:53:09,984 INFO  Title: Validate command line option -h
2022-04-11 09:53:09,985 DEBUG Execution order hint: 0.0
2022-04-11 09:53:09,986 INFO  ==============================================================
2022-04-11 09:53:09,991 DEBUG --- test execute
2022-04-11 09:53:09,993 DEBUG Process parameters for tedge
  command line : /usr/bin/tedge -h
    arg #1     : -h
  working dir  : /home/pi/actions-runner/_work/thin-edge.io/thin-edge.io/tests/PySys/tedge/call_tedge_-h/Output/linux
  stdout       : /home/pi/actions-runner/_work/thin-edge.io/thin-edge.io/tests/PySys/tedge/call_tedge_-h/Output/linux/tedge.out
  stderr       : /home/pi/actions-runner/_work/thin-edge.io/thin-edge.io/tests/PySys/tedge/call_tedge_-h/Output/linux/tedge.err
  environment  : LD_LIBRARY_PATH=/usr/lib
  environment  : PATH=/bin:/usr/bin:/usr/sbin:/usr/local/bin
                   #1  /bin
                   #2  /usr/bin
                   #3  /usr/sbin
                   #4  /usr/local/bin
2022-04-11 09:53:10,002 DEBUG Waiting up to 600 secs for process tedge (pid 32477)
2022-04-11 09:53:10,412 INFO  Executed tedge, exit status 0
2022-04-11 09:53:10,413 DEBUG --- test validate
2022-04-11 09:53:10,414 DEBUG Performing regex contains=True grep on file: /home/pi/actions-runner/_work/thin-edge.io/thin-edge.io/tests/PySys/tedge/call_tedge_-h/Output/linux/tedge.out
2022-04-11 09:53:10,422 DEBUG Grep on file tedge.out successfully matched expression "USAGE:" with line: 'USAGE:\n'
2022-04-11 09:53:10,424 INFO  Grep on file tedge.out ... passed
2022-04-11 09:53:10,434 DEBUG Performing regex contains=True grep on file: /home/pi/actions-runner/_work/thin-edge.io/thin-edge.io/tests/PySys/tedge/call_tedge_-h/Output/linux/tedge.out
2022-04-11 09:53:10,439 DEBUG Grep on file tedge.out successfully matched expression "OPTIONS:" with line: 'OPTIONS:\n'
2022-04-11 09:53:10,440 INFO  Grep on file tedge.out ... passed
2022-04-11 09:53:10,441 DEBUG Performing regex contains=True grep on file: /home/pi/actions-runner/_work/thin-edge.io/thin-edge.io/tests/PySys/tedge/call_tedge_-h/Output/linux/tedge.out
2022-04-11 09:53:10,446 DEBUG Grep on file tedge.out successfully matched expression "SUBCOMMANDS:" with line: 'SUBCOMMANDS:\n'
2022-04-11 09:53:10,447 INFO  Grep on file tedge.out ... passed
2022-04-11 09:53:10,452 DEBUG --- test cleanup
2022-04-11 09:53:10,453 DEBUG ProcessUser cleanup function done.
2022-04-11 09:53:10,457 INFO  
2022-04-11 09:53:10,458 INFO  Test duration: 0.48 secs
2022-04-11 09:53:10,459 INFO  Test final outcome:  PASSED
2022-04-11 09:53:10,460 INFO  
