2022-04-11 09:38:34,544 INFO  ==============================================================
2022-04-11 09:38:34,545 INFO  Id:    local_mqtt_pub_sub
2022-04-11 09:38:34,546 INFO  Dir:   local_mqtt/
2022-04-11 09:38:34,547 INFO  Title: Validate local publishing and subscribing
2022-04-11 09:38:34,547 DEBUG Execution order hint: 0.0
2022-04-11 09:38:34,548 INFO  ==============================================================
2022-04-11 09:38:34,556 DEBUG --- test execute
2022-04-11 09:38:34,558 DEBUG Process parameters for tedge_sub
  command line : /usr/bin/tedge mqtt sub atopic
    arg #1     : mqtt
    arg #2     : sub
    arg #3     : atopic
  working dir  : /home/pi/actions-runner/_work/thin-edge.io/thin-edge.io/tests/PySys/local_mqtt/local_mqtt_pub_sub/Output/linux
  stdout       : /home/pi/actions-runner/_work/thin-edge.io/thin-edge.io/tests/PySys/local_mqtt/local_mqtt_pub_sub/Output/linux/tedge_sub.out
  stderr       : /home/pi/actions-runner/_work/thin-edge.io/thin-edge.io/tests/PySys/local_mqtt/local_mqtt_pub_sub/Output/linux/tedge_sub.err
  environment  : HOME=/home/pi
2022-04-11 09:38:34,565 INFO  Started tedge_sub with process id 17927
2022-04-11 09:38:34,569 DEBUG Process parameters for tedge_sub_no_topic
  command line : /usr/bin/tedge mqtt sub --no-topic atopic
    arg #1     : mqtt
    arg #2     : sub
    arg #3     : --no-topic
    arg #4     : atopic
  working dir  : /home/pi/actions-runner/_work/thin-edge.io/thin-edge.io/tests/PySys/local_mqtt/local_mqtt_pub_sub/Output/linux
  stdout       : /home/pi/actions-runner/_work/thin-edge.io/thin-edge.io/tests/PySys/local_mqtt/local_mqtt_pub_sub/Output/linux/tedge_sub_no_topic.out
  stderr       : /home/pi/actions-runner/_work/thin-edge.io/thin-edge.io/tests/PySys/local_mqtt/local_mqtt_pub_sub/Output/linux/tedge_sub_no_topic.err
  environment  : HOME=/home/pi
2022-04-11 09:38:34,577 INFO  Started tedge_sub_no_topic with process id 17928
2022-04-11 09:38:34,683 DEBUG Process parameters for tedge_pub2
  command line : /usr/bin/tedge mqtt pub atopic amessage
    arg #1     : mqtt
    arg #2     : pub
    arg #3     : atopic
    arg #4     : amessage
  working dir  : /home/pi/actions-runner/_work/thin-edge.io/thin-edge.io/tests/PySys/local_mqtt/local_mqtt_pub_sub/Output/linux
  stdout       : /home/pi/actions-runner/_work/thin-edge.io/thin-edge.io/tests/PySys/local_mqtt/local_mqtt_pub_sub/Output/linux/tedge_pub2.out
  stderr       : /home/pi/actions-runner/_work/thin-edge.io/thin-edge.io/tests/PySys/local_mqtt/local_mqtt_pub_sub/Output/linux/tedge_pub2.err
  environment  : HOME=/home/pi
2022-04-11 09:38:34,693 DEBUG Waiting up to 600 secs for process tedge_pub2 (pid 17929)
2022-04-11 09:38:35,101 INFO  Executed tedge_pub2, exit status 0
2022-04-11 09:38:35,103 DEBUG Process parameters for tedge_pub3
  command line : /usr/bin/tedge mqtt pub atopic 'the message'
    arg #1     : mqtt
    arg #2     : pub
    arg #3     : atopic
    arg #4     : the message
  working dir  : /home/pi/actions-runner/_work/thin-edge.io/thin-edge.io/tests/PySys/local_mqtt/local_mqtt_pub_sub/Output/linux
  stdout       : /home/pi/actions-runner/_work/thin-edge.io/thin-edge.io/tests/PySys/local_mqtt/local_mqtt_pub_sub/Output/linux/tedge_pub3.out
  stderr       : /home/pi/actions-runner/_work/thin-edge.io/thin-edge.io/tests/PySys/local_mqtt/local_mqtt_pub_sub/Output/linux/tedge_pub3.err
  environment  : HOME=/home/pi
2022-04-11 09:38:35,109 DEBUG Waiting up to 600 secs for process tedge_pub3 (pid 17930)
2022-04-11 09:38:35,515 INFO  Executed tedge_pub3, exit status 0
2022-04-11 09:38:35,517 DEBUG Process parameters for sudo<kill_out>
  command line : /usr/bin/sudo kill -9 17927
    arg #1     : kill
    arg #2     : -9
    arg #3     : 17927
  working dir  : /home/pi/actions-runner/_work/thin-edge.io/thin-edge.io/tests/PySys/local_mqtt/local_mqtt_pub_sub/Output/linux
  stdout       : /home/pi/actions-runner/_work/thin-edge.io/thin-edge.io/tests/PySys/local_mqtt/local_mqtt_pub_sub/Output/linux/kill_out.out
  stderr       : /home/pi/actions-runner/_work/thin-edge.io/thin-edge.io/tests/PySys/local_mqtt/local_mqtt_pub_sub/Output/linux/kill_out.err
  environment  : LD_LIBRARY_PATH=/usr/lib
  environment  : PATH=/bin:/usr/bin:/usr/sbin:/usr/local/bin
                   #1  /bin
                   #2  /usr/bin
                   #3  /usr/sbin
                   #4  /usr/local/bin
2022-04-11 09:38:35,523 DEBUG Waiting up to 600 secs for process sudo<kill_out> (pid 17931)
2022-04-11 09:38:36,029 INFO  Executed sudo<kill_out>, exit status 0
2022-04-11 09:38:36,032 DEBUG Process parameters for sudo<kill_out>
  command line : /usr/bin/sudo kill -9 17928
    arg #1     : kill
    arg #2     : -9
    arg #3     : 17928
  working dir  : /home/pi/actions-runner/_work/thin-edge.io/thin-edge.io/tests/PySys/local_mqtt/local_mqtt_pub_sub/Output/linux
  stdout       : /home/pi/actions-runner/_work/thin-edge.io/thin-edge.io/tests/PySys/local_mqtt/local_mqtt_pub_sub/Output/linux/kill_out.out
  stderr       : /home/pi/actions-runner/_work/thin-edge.io/thin-edge.io/tests/PySys/local_mqtt/local_mqtt_pub_sub/Output/linux/kill_out.err
  environment  : LD_LIBRARY_PATH=/usr/lib
  environment  : PATH=/bin:/usr/bin:/usr/sbin:/usr/local/bin
                   #1  /bin
                   #2  /usr/bin
                   #3  /usr/sbin
                   #4  /usr/local/bin
2022-04-11 09:38:36,038 DEBUG Waiting up to 600 secs for process sudo<kill_out> (pid 17933)
2022-04-11 09:38:36,549 INFO  Executed sudo<kill_out>, exit status 0
2022-04-11 09:38:36,550 DEBUG --- test validate
2022-04-11 09:38:36,551 DEBUG Performing regex contains=True grep on file: /home/pi/actions-runner/_work/thin-edge.io/thin-edge.io/tests/PySys/local_mqtt/local_mqtt_pub_sub/Output/linux/tedge_sub.out
2022-04-11 09:38:36,556 DEBUG Grep on file tedge_sub.out successfully matched expression "\[atopic\] amessage" with line: '[atopic] amessage\n'
2022-04-11 09:38:36,557 INFO  Grep on file tedge_sub.out ... passed
2022-04-11 09:38:36,558 DEBUG Performing regex contains=True grep on file: /home/pi/actions-runner/_work/thin-edge.io/thin-edge.io/tests/PySys/local_mqtt/local_mqtt_pub_sub/Output/linux/tedge_sub.out
2022-04-11 09:38:36,562 DEBUG Grep on file tedge_sub.out successfully matched expression "\[atopic\] the message" with line: '[atopic] the message\n'
2022-04-11 09:38:36,563 INFO  Grep on file tedge_sub.out ... passed
2022-04-11 09:38:36,565 DEBUG Performing regex contains=False grep on file: /home/pi/actions-runner/_work/thin-edge.io/thin-edge.io/tests/PySys/local_mqtt/local_mqtt_pub_sub/Output/linux/tedge_sub_no_topic.out
2022-04-11 09:38:36,577 INFO  Grep on file tedge_sub_no_topic.out ... passed
2022-04-11 09:38:36,584 DEBUG --- test cleanup
2022-04-11 09:38:36,585 DEBUG ProcessUser cleanup function done.
2022-04-11 09:38:36,588 INFO  
2022-04-11 09:38:36,589 INFO  Test duration: 2.05 secs
2022-04-11 09:38:36,590 INFO  Test final outcome:  PASSED
2022-04-11 09:38:36,591 INFO  
