2022-05-09 07:20:50,281 INFO  ==============================================================
2022-05-09 07:20:50,282 INFO  Id:    apt_install_local_file
2022-05-09 07:20:50,283 INFO  Dir:   plugin_apt/
2022-05-09 07:20:50,284 INFO  Title: Validate apt plugin install from local file - SUCCESS case
2022-05-09 07:20:50,285 INFO  ==============================================================
2022-05-09 07:20:52,372 INFO  URL of rolldice is b"'http://mirror.mythic-beasts.com/raspbian/pool/main/r/rolldice/rolldice_1.16-1+b1_armhf.deb'"
2022-05-09 07:20:54,499 INFO  Downloaded rolldcice in version 1.16-1+b1
2022-05-09 07:20:54,501 INFO  Filename is rolldice_1.16-1+b1_armhf.deb
2022-05-09 07:20:59,648 INFO  Executed sudo, exit status 0
2022-05-09 07:21:02,221 INFO  Executed sudo<outp_check_0>, exit status 0
2022-05-09 07:21:02,224 INFO  Assert that (value==0) with value=0 ... passed
2022-05-09 07:21:02,229 INFO  Grep on file outp_check_0.out ... passed
2022-05-09 07:21:43,014 INFO  Executed sudo<outp_install>, exit status 0, duration 40 secs
2022-05-09 07:21:43,017 INFO  Assert that (value==0) with value=0 ... passed
2022-05-09 07:21:48,665 INFO  Executed sudo<outp_check_1>, exit status 0
2022-05-09 07:21:48,668 INFO  Assert that (value==0) with value=0 ... passed
2022-05-09 07:21:48,677 INFO  Grep on file outp_check_1.out ... passed
2022-05-09 07:21:48,683 INFO  
2022-05-09 07:21:48,683 INFO  cleanup:
2022-05-09 07:21:48,688 INFO  
2022-05-09 07:21:48,689 INFO  Test duration: 58.41 secs
2022-05-09 07:21:48,690 INFO  Test final outcome:  PASSED
2022-05-09 07:21:48,691 INFO  
