2022-05-10 13:07:12,183 INFO  ==============================================================
2022-05-10 13:07:12,183 INFO  Id:    tedge_software_update
2022-05-10 13:07:12,183 INFO  Dir:   tedge/
2022-05-10 13:07:12,183 INFO  Title: Software install from download path
2022-05-10 13:07:12,183 INFO  ==============================================================
2022-05-10 13:07:12,185 INFO  EnvironmentC8y Setup
2022-05-10 13:07:12,287 INFO  Executed systemctl<serv_mapper1>, exit status 3
2022-05-10 13:07:12,307 INFO  Restarting mosquitto too frequently in the last 10 seconds. It was only up for 6 seconds
2022-05-10 13:07:12,307 INFO  Delaying execution by 5 seconds
2022-05-10 13:07:35,493 INFO  Executed sudo<tedge_connect_c8y>, exit status 0, duration 18 secs
2022-05-10 13:07:35,646 INFO  Executed sudo<tedge_connect_c8y_test>, exit status 0
2022-05-10 13:07:35,749 INFO  Executed systemctl<serv_mosq2>, exit status 0
2022-05-10 13:07:35,852 INFO  Executed systemctl<serv_mapper3>, exit status 0
2022-05-10 13:07:35,852 INFO  Setup
2022-05-10 13:07:35,955 INFO  Executed sudo<mkdir>, exit status 0
2022-05-10 13:07:36,059 INFO  Executed sudo<chmod>, exit status 0
2022-05-10 13:07:36,161 INFO  Executed sudo<tedge_config_get_original>, exit status 0
2022-05-10 13:07:36,264 INFO  Executed sudo, exit status 0
2022-05-10 13:07:36,367 INFO  Executed sudo<tedge_config_get_new_value>, exit status 0
2022-05-10 13:07:36,470 INFO  Executed sudo<rolldice_download>, exit status 0
2022-05-10 13:07:36,471 INFO  Grep on file tedge_config_get_new_value.out ... passed
2022-05-10 13:07:36,471 INFO  
2022-05-10 13:07:36,472 INFO  cleanup:
2022-05-10 13:07:36,577 INFO  Executed sudo, exit status 0
2022-05-10 13:07:36,679 INFO  Executed sudo<tedge_config_get_cleanup>, exit status 0
2022-05-10 13:07:36,680 INFO  Grep on file tedge_config_get_cleanup.out ... passed
2022-05-10 13:07:36,783 INFO  Executed sudo<rmdir>, exit status 0
2022-05-10 13:07:36,800 INFO  Restarting mosquitto too frequently in the last 10 seconds. It was only up for 9 seconds
2022-05-10 13:07:36,801 INFO  Delaying execution by 2 seconds
2022-05-10 13:07:50,056 INFO  Executed sudo<tedge_disconnect_c8y>, exit status 0, duration 11 secs
2022-05-10 13:07:50,158 INFO  Executed systemctl<serv_mapper5>, exit status 3
2022-05-10 13:07:50,159 INFO  
2022-05-10 13:07:50,159 INFO  Test duration: 37.97 secs
2022-05-10 13:07:50,159 INFO  Test final outcome:  PASSED
2022-05-10 13:07:50,159 INFO  
