2022-05-23 10:20:57,381 INFO  ==============================================================
2022-05-23 10:20:57,383 INFO  Id:    SoftwareManagement.sm_apt_install_download_path
2022-05-23 10:20:57,386 INFO  Dir:   software_management_end_to_end/
2022-05-23 10:20:57,388 INFO  Title: Install package to directory specified in tedge config set tmp.path
2022-05-23 10:20:57,389 INFO  ==============================================================
2022-05-23 10:20:58,937 INFO  Using sw id database: {'asciijump': '5475369', 'robotfindskitten': '5474869', 'squirrel3': '5475279', 'rolldice': '5152439', 'moon-buggy': '5439204', 'apple': '5495053', 'banana': '5494888', 'cherry': '5495382', 'watermelon': '5494510', 'registry': '8018911', 'hello-world': '8021526', 'docker/getting-started': '8021973', 'alpine': '7991792'}
2022-05-23 10:20:58,938 INFO  EnvironmentC8y Setup
2022-05-23 10:20:59,499 INFO  Executed systemctl<serv_mapper1>, exit status 3
2022-05-23 10:21:17,167 INFO  Executed sudo<tedge_connect_c8y>, exit status 0, duration 17 secs
2022-05-23 10:21:17,783 INFO  Executed sudo<tedge_connect_c8y_test>, exit status 0
2022-05-23 10:21:18,454 INFO  Executed systemctl<serv_mosq2>, exit status 0
2022-05-23 10:21:19,016 INFO  Executed systemctl<serv_mapper3>, exit status 0
2022-05-23 10:21:21,281 INFO  State of current operation: SUCCESSFUL
2022-05-23 10:21:21,553 INFO  Assert that (False == value) with value=False ... passed
2022-05-23 10:21:22,121 INFO  Executed sudo, exit status 0
2022-05-23 10:21:22,632 INFO  Executed sudo, exit status 0
2022-05-23 10:21:23,331 INFO  Executed sudo, exit status 0
2022-05-23 10:21:28,689 INFO  Executed sudo<tedge_disconnect_c8y>, exit status 0
2022-05-23 10:21:28,799 INFO  Restarting mosquitto too frequently in the last 10 seconds. It was only up for 4 seconds
2022-05-23 10:21:28,800 INFO  Delaying execution by 7 seconds
2022-05-23 10:21:52,503 INFO  Executed sudo<tedge_connect_c8y>, exit status 0, duration 16 secs
2022-05-23 10:21:53,011 INFO  Response status: 201
2022-05-23 10:21:53,013 INFO  Response to action: {
    "creationTime": "2022-05-23T10:21:52.904Z",
    "deviceId": "19492121",
    "deviceName": "m32sd11f",
    "self": "https://t493319102.eu-latest.cumulocity.com/devicecontrol/operations/19512749",
    "id": "19512749",
    "status": "PENDING",
    "description": "Apply software changes, triggered from PySys: [{'name': 'rolldice', 'id': '5152439', 'version': '::apt', 'url': 'https://thin-edge-io.eu-latest.cumulocity.com/inventory/binaries/12435463', 'action': 'install'}]",
    "c8y_SoftwareUpdate": [
        {
            "name": "rolldice",
            "action": "install",
            "id": "5152439",
            "version": "::apt",
            "url": "https://thin-edge-io.eu-latest.cumulocity.com/inventory/binaries/12435463"
        }
    ]
}
2022-05-23 10:21:53,014 INFO  Started operation: {'creationTime': '2022-05-23T10:21:52.904Z', 'deviceId': '19492121', 'deviceName': 'm32sd11f', 'self': 'https://t493319102.eu-latest.cumulocity.com/devicecontrol/operations/19512749', 'id': '19512749', 'status': 'PENDING', 'description': "Apply software changes, triggered from PySys: [{'name': 'rolldice', 'id': '5152439', 'version': '::apt', 'url': 'https://thin-edge-io.eu-latest.cumulocity.com/inventory/binaries/12435463', 'action': 'install'}]", 'c8y_SoftwareUpdate': [{'name': 'rolldice', 'action': 'install', 'id': '5152439', 'version': '::apt', 'url': 'https://thin-edge-io.eu-latest.cumulocity.com/inventory/binaries/12435463'}]}
2022-05-23 10:21:53,019 WARN  , retrying in 0.5 seconds...
2022-05-23 10:21:53,523 WARN  , retrying in 0.5 seconds...
2022-05-23 10:21:54,026 WARN  , retrying in 0.5 seconds...
2022-05-23 10:21:54,529 WARN  , retrying in 0.5 seconds...
2022-05-23 10:21:55,033 WARN  , retrying in 0.5 seconds...
2022-05-23 10:21:55,536 WARN  , retrying in 0.5 seconds...
2022-05-23 10:21:56,039 WARN  , retrying in 0.5 seconds...
2022-05-23 10:21:56,542 WARN  , retrying in 0.5 seconds...
2022-05-23 10:21:57,045 WARN  , retrying in 0.5 seconds...
2022-05-23 10:21:57,548 WARN  AssertionError occurred while running test - 
Traceback (most recent call last):
  File "/home/pi/env-pysys/lib/python3.9/site-packages/pysys/baserunner.py", line 1294, in __call__
    self.testObj.execute()
  File "/home/pi/actions-runner/_work/thin-edge.io/thin-edge.io/tests/PySys/software_management_end_to_end/sm_apt_install_download_path/run.py", line 83, in execute
    assert_install_in_download_path(install_directory=self.DOWNLOAD_DIR)
  File "/home/pi/env-pysys/lib/python3.9/site-packages/decorator.py", line 232, in fun
    return caller(func, *(extras + args), **kw)
  File "/home/pi/env-pysys/lib/python3.9/site-packages/retry/api.py", line 73, in retry_decorator
    return __retry_internal(partial(f, *args, **kwargs), exceptions, tries, delay, max_delay, backoff, jitter,
  File "/home/pi/env-pysys/lib/python3.9/site-packages/retry/api.py", line 33, in __retry_internal
    return f()
  File "/home/pi/actions-runner/_work/thin-edge.io/thin-edge.io/tests/PySys/software_management_end_to_end/sm_apt_install_download_path/run.py", line 28, in assert_install_in_download_path
    assert "rolldice" in os.listdir(f"{install_directory}")
AssertionError
2022-05-23 10:21:58,406 WARN  AssertionError: ... blocked 
2022-05-23 10:21:58,407 INFO  
2022-05-23 10:21:58,408 INFO  cleanup:
2022-05-23 10:21:58,971 INFO  Executed sudo, exit status 0
2022-05-23 10:21:59,534 INFO  Executed sudo, exit status 0
2022-05-23 10:22:05,773 INFO  Executed sudo<tedge_disconnect_c8y>, exit status 0
2022-05-23 10:22:05,884 INFO  Restarting mosquitto too frequently in the last 10 seconds. It was only up for 5 seconds
2022-05-23 10:22:05,886 INFO  Delaying execution by 6 seconds
2022-05-23 10:22:28,918 INFO  Executed sudo<tedge_connect_c8y>, exit status 0, duration 17 secs
2022-05-23 10:22:34,444 INFO  Executed sudo<tedge_disconnect_c8y>, exit status 0
2022-05-23 10:22:35,193 INFO  Executed systemctl<serv_mapper5>, exit status 3
2022-05-23 10:22:35,198 INFO  
2022-05-23 10:22:35,200 INFO  Test duration: 97.85 secs
2022-05-23 10:22:35,202 INFO  Test final outcome:  BLOCKED
2022-05-23 10:22:35,203 INFO  Test outcome reason: AssertionError:
2022-05-23 10:22:35,205 INFO  
