2022-04-19 13:42:51,709 INFO  ==============================================================
2022-04-19 13:42:51,711 INFO  Id:    sm_tedge_mapper_init_session
2022-04-19 13:42:51,715 INFO  Dir:   tedge_mapper_c8y/
2022-04-19 13:42:51,723 INFO  Title: Validate tedge_mapper_sm_c8y init session feature
2022-04-19 13:42:51,724 INFO  ==============================================================
2022-04-19 13:42:51,757 INFO  EnvironmentC8y Setup
2022-04-19 13:42:52,321 INFO  Executed systemctl<serv_mapper1>, exit status 3
2022-04-19 13:42:52,466 INFO  Restarting mosquitto too frequently in the last 10 seconds. It was only up for 7 seconds
2022-04-19 13:42:52,468 INFO  Delaying execution by 4 seconds
2022-04-19 13:43:10,347 INFO  Executed sudo<tedge_connect_c8y>, exit status 0, duration 13 secs
2022-04-19 13:43:10,967 INFO  Executed sudo<tedge_connect_c8y_test>, exit status 0
2022-04-19 13:43:11,533 INFO  Executed systemctl<serv_mosq2>, exit status 0
2022-04-19 13:43:12,301 INFO  Executed systemctl<serv_mapper3>, exit status 0
2022-04-19 13:43:13,140 INFO  Executed sudo<stop_tedge_mapper>, exit status 0
2022-04-19 13:43:13,653 INFO  Executed sudo<remove_lock>, exit status 0
2022-04-19 13:43:14,166 INFO  Executed sudo<mapper_drop>, exit status 0
2022-04-19 13:43:14,679 INFO  Executed sudo<mapper_init>, exit status 0
2022-04-19 13:43:15,192 INFO  Executed sudo<pub_req>, exit status 0
2022-04-19 13:43:15,202 INFO  Started sudo<sub_resp> with process id 15951
2022-04-19 13:43:15,826 INFO  Executed sudo<start_mapper>, exit status 0
2022-04-19 13:43:15,828 INFO  Waiting for 2.0 seconds
2022-04-19 13:43:18,394 INFO  Executed sudo<sub_stop>, exit status 0
2022-04-19 13:43:18,400 INFO  Grep on file sub_resp.out ... passed
2022-04-19 13:43:18,417 INFO  
2022-04-19 13:43:18,418 INFO  cleanup:
2022-04-19 13:43:22,707 INFO  Executed sudo<tedge_disconnect_c8y>, exit status 0
2022-04-19 13:43:23,274 INFO  Executed systemctl<serv_mapper5>, exit status 3
2022-04-19 13:43:23,384 INFO  Restarting mosquitto too frequently in the last 10 seconds. It was only up for 4 seconds
2022-04-19 13:43:23,386 INFO  Delaying execution by 7 seconds
2022-04-19 13:43:30,903 INFO  Executed sudo<tedge_disconnect_c8y>, exit status 0
2022-04-19 13:43:31,718 INFO  Executed systemctl<serv_mapper5>, exit status 3
2022-04-19 13:43:31,724 INFO  
2022-04-19 13:43:31,725 INFO  Test duration: 40.02 secs
2022-04-19 13:43:31,726 INFO  Test final outcome:  PASSED
2022-04-19 13:43:31,728 INFO  
