2022-05-02 15:33:08,088 INFO  ==============================================================
2022-05-02 15:33:08,089 INFO  Id:    apt_prepare_install_finalize
2022-05-02 15:33:08,090 INFO  Dir:   plugin_apt/
2022-05-02 15:33:08,091 INFO  Title: Validate apt plugin install use case
2022-05-02 15:33:08,092 INFO  ==============================================================
2022-05-02 15:33:16,309 INFO  Executed sudo, exit status 0
2022-05-02 15:33:19,133 INFO  Executed sudo<outp_check_0>, exit status 0
2022-05-02 15:33:19,136 INFO  Assert that (value==0) with value=0 ... passed
2022-05-02 15:33:19,141 INFO  Grep on file outp_check_0.out ... passed
2022-05-02 15:33:40,378 INFO  Executed sudo<outp_prepare>, exit status 0, duration 21 secs
2022-05-02 15:33:40,381 INFO  Assert that (value==0) with value=0 ... passed
2022-05-02 15:34:31,840 INFO  Executed sudo<outp_install>, exit status 0, duration 51 secs
2022-05-02 15:34:31,843 INFO  Assert that (value==0) with value=0 ... passed
2022-05-02 15:34:40,203 INFO  Executed sudo<outp_finalize>, exit status 0
2022-05-02 15:34:40,205 INFO  Assert that (value==0) with value=0 ... passed
2022-05-02 15:34:43,483 INFO  Executed sudo<outp_check_1>, exit status 0
2022-05-02 15:34:43,487 INFO  Assert that (value==0) with value=0 ... passed
2022-05-02 15:34:43,501 INFO  Grep on file outp_check_1.out ... passed
2022-05-02 15:34:43,507 INFO  
2022-05-02 15:34:43,508 INFO  cleanup:
2022-05-02 15:35:00,435 INFO  Executed sudo, exit status 0, duration 16 secs
2022-05-02 15:35:00,439 INFO  
2022-05-02 15:35:00,440 INFO  Test duration: 112.36 secs
2022-05-02 15:35:00,442 INFO  Test final outcome:  PASSED
2022-05-02 15:35:00,443 INFO  
