2022-05-16 07:36:56,539 INFO  ==============================================================
2022-05-16 07:36:56,540 INFO  Id:    mapper_awaits_before_reconnect
2022-05-16 07:36:56,541 INFO  Dir:   tedge_mapper_c8y/
2022-05-16 07:36:56,542 INFO  Title: Validate mapper doesn't reconnect too often
2022-05-16 07:36:56,542 INFO  ==============================================================
2022-05-16 07:36:56,604 INFO  EnvironmentC8y Setup
2022-05-16 07:36:57,168 INFO  Executed systemctl<serv_mapper1>, exit status 3
2022-05-16 07:37:15,006 INFO  Executed sudo<tedge_connect_c8y>, exit status 0, duration 17 secs
2022-05-16 07:37:15,650 INFO  Executed sudo<tedge_connect_c8y_test>, exit status 0
2022-05-16 07:37:16,263 INFO  Executed systemctl<serv_mosq2>, exit status 0
2022-05-16 07:37:16,777 INFO  Executed systemctl<serv_mapper3>, exit status 0
2022-05-16 07:37:16,786 INFO  Started mosquitto_sub with process id 15292
2022-05-16 07:37:16,790 INFO  Waiting for 0.1 seconds
2022-05-16 07:37:17,504 INFO  Executed sudo<tedge_mapper>, exit status 0
2022-05-16 07:37:17,506 INFO  Waiting for 5.0 seconds
2022-05-16 07:37:23,072 INFO  Executed sudo<tedge_mapper>, exit status 0
2022-05-16 07:37:28,610 INFO  Executed sudo<tedge_mapper_journal>, exit status 0
2022-05-16 07:37:28,622 INFO  Grep on file tedge_mapper_journal.out ... passed
2022-05-16 07:37:28,628 INFO  Line count on file tedge_mapper_journal.out ... passed
2022-05-16 07:37:28,632 INFO  Line count on file tedge_mapper_journal.out ... passed
2022-05-16 07:37:28,639 INFO  
2022-05-16 07:37:28,640 INFO  cleanup:
2022-05-16 07:37:34,198 INFO  Executed sudo<tedge_disconnect_c8y>, exit status 0
2022-05-16 07:37:34,838 INFO  Executed systemctl<serv_mapper5>, exit status 3
2022-05-16 07:37:34,893 INFO  
2022-05-16 07:37:34,894 INFO  Test duration: 38.36 secs
2022-05-16 07:37:34,895 INFO  Test final outcome:  PASSED
2022-05-16 07:37:34,896 INFO  
