2022-04-21 09:26:16,858 INFO  ==============================================================
2022-04-21 09:26:16,859 INFO  Id:    SoftwareManagement.Plugin.apama_plugin_update
2022-04-21 09:26:16,861 INFO  Dir:   plugin_apama/
2022-04-21 09:26:16,862 INFO  Title: Validate apama plugin updating one project with another
2022-04-21 09:26:16,862 INFO  ==============================================================
2022-04-21 09:26:16,907 INFO  Assertion that path exists=False for "/etc/tedge/apama/project" ... passed
2022-04-21 09:26:17,418 INFO  Executed sudo<create_project_dir>, exit status 0
2022-04-21 09:26:18,310 INFO  Executed sudo<unzip_apama_project>, exit status 0
2022-04-21 09:26:18,822 INFO  Executed sudo<move_apama_project>, exit status 0
2022-04-21 09:26:19,652 INFO  Executed sudo<restart_apama_service>, exit status 0
2022-04-21 09:26:20,367 INFO  Executed sudo<apama_correlator_wait>, exit status 0
2022-04-21 09:26:20,368 INFO  Assertion that path exists=True for "/etc/tedge/apama/project" ... passed
2022-04-21 09:26:21,084 INFO  Executed sudo<apama_list_monitors>, exit status 0
2022-04-21 09:26:21,089 INFO  Grep on file /home/pi/actions-runner/_work/thin-edge.io/thin-edge.io/tests/PySys/plugin_apama/apama_plugin_update/Output/linux/apama_list_monitors.out ... passed
2022-04-21 09:26:21,802 WARN  Executed sudo<plugin_install>, exit status 2
2022-04-21 09:26:21,807 INFO  Contents of plugin_install.err: 
2022-04-21 09:26:21,808 INFO    ERROR: Directory not empty (os error 39)
2022-04-21 09:26:21,809 INFO    -----
2022-04-21 09:26:21,809 INFO  
2022-04-21 09:26:22,099 WARN  sudo<plugin_install> returned non-zero exit code 2 ... blocked [run.py:35]
2022-04-21 09:26:22,100 WARN  Aborted test due to BLOCKED outcome
2022-04-21 09:26:22,106 INFO  
2022-04-21 09:26:22,107 INFO  cleanup:
2022-04-21 09:26:22,108 INFO  Removing apama project
2022-04-21 09:26:38,040 INFO  Executed sudo<stop_apama_service>, exit status 0, duration 15 secs
2022-04-21 09:26:38,607 INFO  Executed sudo<remove_apama_project>, exit status 0
2022-04-21 09:26:39,119 INFO  Executed sudo<remove_apama_tmp_dir>, exit status 0
2022-04-21 09:26:39,124 INFO  
2022-04-21 09:26:39,125 INFO  Test duration: 22.28 secs
2022-04-21 09:26:39,126 INFO  Test final outcome:  BLOCKED
2022-04-21 09:26:39,127 INFO  Test outcome reason: sudo<plugin_install> returned non-zero exit code 2
2022-04-21 09:26:39,127 INFO  
