2022-05-02 15:13:05,729 INFO  ==============================================================
2022-05-02 15:13:05,729 INFO  Id:    apt_sequence_remove_with_version_fail
2022-05-02 15:13:05,729 INFO  Dir:   plugin_apt/
2022-05-02 15:13:05,729 INFO  Title: Validate apt plugin remove with version fails when the version not found
2022-05-02 15:13:05,729 INFO  ==============================================================
2022-05-02 15:13:08,942 INFO  Executed sudo<outp_install>, exit status 0
2022-05-02 15:13:08,942 INFO  Assert that (value==0) with value=0 ... passed
2022-05-02 15:13:09,245 INFO  Executed sudo<outp_remove>, exit status 2
2022-05-02 15:13:09,246 INFO  Assert that (value==2) with value=2 ... passed
2022-05-02 15:13:09,246 INFO  Grep on file outp_remove.err ... passed
2022-05-02 15:13:09,599 INFO  Executed sudo<outp_check_0>, exit status 0
2022-05-02 15:13:09,599 INFO  Assert that (value==0) with value=0 ... passed
2022-05-02 15:13:09,600 INFO  Grep on file outp_check_0.out ... passed
2022-05-02 15:13:09,600 INFO  
2022-05-02 15:13:09,600 INFO  cleanup:
2022-05-02 15:13:12,760 INFO  Executed sudo, exit status 0
2022-05-02 15:13:12,761 INFO  
2022-05-02 15:13:12,761 INFO  Test duration: 7.03 secs
2022-05-02 15:13:12,761 INFO  Test final outcome:  PASSED
2022-05-02 15:13:12,762 INFO  
