2022-04-08 10:06:28,304 INFO  ==============================================================
2022-04-08 10:06:28,305 INFO  Id:    apt_install_local_file_fail
2022-04-08 10:06:28,306 INFO  Dir:   plugin_apt/
2022-04-08 10:06:28,307 INFO  Title: Validate apt plugin install from local file - FAIL case
2022-04-08 10:06:28,308 DEBUG Execution order hint: 0.0
2022-04-08 10:06:28,309 INFO  ==============================================================
2022-04-08 10:06:28,316 DEBUG Process parameters for sudo
  command line : /usr/bin/sudo /usr/bin/apt-get remove -y rolldice
    arg #1     : /usr/bin/apt-get
    arg #2     : remove
    arg #3     : -y
    arg #4     : rolldice
  working dir  : /home/pi/actions-runner/_work/thin-edge.io/thin-edge.io/tests/PySys/plugin_apt/apt_install_local_file_fail/Output/linux
  stdout       : None
  stderr       : None
  environment  : LD_LIBRARY_PATH=/usr/lib
  environment  : PATH=/bin:/usr/bin:/usr/sbin:/usr/local/bin
                   #1  /bin
                   #2  /usr/bin
                   #3  /usr/sbin
                   #4  /usr/local/bin
2022-04-08 10:06:28,323 DEBUG Waiting up to 600 secs for process sudo (pid 31316)
2022-04-08 10:06:41,994 INFO  Executed sudo, exit status 0, duration 13 secs
2022-04-08 10:06:42,001 DEBUG Process parameters for sudo<outp_check_0>
  command line : /usr/bin/sudo /etc/tedge/sm-plugins/apt list
    arg #1     : /etc/tedge/sm-plugins/apt
    arg #2     : list
  working dir  : /home/pi/actions-runner/_work/thin-edge.io/thin-edge.io/tests/PySys/plugin_apt/apt_install_local_file_fail/Output/linux
  stdout       : /home/pi/actions-runner/_work/thin-edge.io/thin-edge.io/tests/PySys/plugin_apt/apt_install_local_file_fail/Output/linux/outp_check_0.out
  stderr       : /home/pi/actions-runner/_work/thin-edge.io/thin-edge.io/tests/PySys/plugin_apt/apt_install_local_file_fail/Output/linux/outp_check_0.err
  environment  : LD_LIBRARY_PATH=/usr/lib
  environment  : PATH=/bin:/usr/bin:/usr/sbin:/usr/local/bin
                   #1  /bin
                   #2  /usr/bin
                   #3  /usr/sbin
                   #4  /usr/local/bin
2022-04-08 10:06:42,009 DEBUG Waiting up to 600 secs for process sudo<outp_check_0> (pid 31345)
2022-04-08 10:06:47,248 INFO  Executed sudo<outp_check_0>, exit status 0
2022-04-08 10:06:47,250 INFO  Assert that (value==0) with value=0 ... passed
2022-04-08 10:06:47,251 DEBUG Performing regex contains=False grep on file: /home/pi/actions-runner/_work/thin-edge.io/thin-edge.io/tests/PySys/plugin_apt/apt_install_local_file_fail/Output/linux/outp_check_0.out
2022-04-08 10:06:47,256 INFO  Grep on file outp_check_0.out ... passed
2022-04-08 10:06:47,257 DEBUG --- test execute
2022-04-08 10:06:47,259 DEBUG Process parameters for sudo<outp_install>
  command line : /usr/bin/sudo /etc/tedge/sm-plugins/apt install rolldice --file /home/pi/actions-runner/_work/thin-edge.io/thin-edge.io/tests/PySys/notafile.deb
    arg #1     : /etc/tedge/sm-plugins/apt
    arg #2     : install
    arg #3     : rolldice
    arg #4     : --file
    arg #5     : /home/pi/actions-runner/_work/thin-edge.io/thin-edge.io/tests/PySys/notafile.deb
  working dir  : /home/pi/actions-runner/_work/thin-edge.io/thin-edge.io/tests/PySys/plugin_apt/apt_install_local_file_fail/Output/linux
  stdout       : /home/pi/actions-runner/_work/thin-edge.io/thin-edge.io/tests/PySys/plugin_apt/apt_install_local_file_fail/Output/linux/outp_install.out
  stderr       : /home/pi/actions-runner/_work/thin-edge.io/thin-edge.io/tests/PySys/plugin_apt/apt_install_local_file_fail/Output/linux/outp_install.err
  environment  : LD_LIBRARY_PATH=/usr/lib
  environment  : PATH=/bin:/usr/bin:/usr/sbin:/usr/local/bin
                   #1  /bin
                   #2  /usr/bin
                   #3  /usr/sbin
                   #4  /usr/local/bin
2022-04-08 10:06:47,266 DEBUG Waiting up to 600 secs for process sudo<outp_install> (pid 31352)
2022-04-08 10:06:47,773 INFO  Executed sudo<outp_install>, exit status 5
2022-04-08 10:06:47,774 INFO  Assert that (value==5) with value=5 ... passed
2022-04-08 10:06:47,775 DEBUG --- test validate
2022-04-08 10:06:47,777 DEBUG Process parameters for sudo<outp_check_1>
  command line : /usr/bin/sudo /etc/tedge/sm-plugins/apt list
    arg #1     : /etc/tedge/sm-plugins/apt
    arg #2     : list
  working dir  : /home/pi/actions-runner/_work/thin-edge.io/thin-edge.io/tests/PySys/plugin_apt/apt_install_local_file_fail/Output/linux
  stdout       : /home/pi/actions-runner/_work/thin-edge.io/thin-edge.io/tests/PySys/plugin_apt/apt_install_local_file_fail/Output/linux/outp_check_1.out
  stderr       : /home/pi/actions-runner/_work/thin-edge.io/thin-edge.io/tests/PySys/plugin_apt/apt_install_local_file_fail/Output/linux/outp_check_1.err
  environment  : LD_LIBRARY_PATH=/usr/lib
  environment  : PATH=/bin:/usr/bin:/usr/sbin:/usr/local/bin
                   #1  /bin
                   #2  /usr/bin
                   #3  /usr/sbin
                   #4  /usr/local/bin
2022-04-08 10:06:47,785 DEBUG Waiting up to 600 secs for process sudo<outp_check_1> (pid 31355)
2022-04-08 10:06:50,353 INFO  Executed sudo<outp_check_1>, exit status 0
2022-04-08 10:06:50,354 INFO  Assert that (value==0) with value=0 ... passed
2022-04-08 10:06:50,355 DEBUG Performing regex contains=False grep on file: /home/pi/actions-runner/_work/thin-edge.io/thin-edge.io/tests/PySys/plugin_apt/apt_install_local_file_fail/Output/linux/outp_check_1.out
2022-04-08 10:06:50,361 INFO  Grep on file outp_check_1.out ... passed
2022-04-08 10:06:50,366 DEBUG --- test cleanup
2022-04-08 10:06:50,367 DEBUG ProcessUser cleanup function done.
2022-04-08 10:06:50,370 INFO  
2022-04-08 10:06:50,371 INFO  Test duration: 22.07 secs
2022-04-08 10:06:50,372 INFO  Test final outcome:  PASSED
2022-04-08 10:06:50,373 INFO  
