2022-05-30 09:13:33,555 INFO  ==============================================================
2022-05-30 09:13:33,555 INFO  Id:    tedge_mapper_c8y_packet_threshold_size
2022-05-30 09:13:33,555 INFO  Dir:   tedge_mapper_c8y/
2022-05-30 09:13:33,555 INFO  Title: Validate the Cumulocity Mapper accepted threshold packet size when it receives a message on tedge/measurements
2022-05-30 09:13:33,555 INFO  ==============================================================
2022-05-30 09:13:33,557 INFO  EnvironmentC8y Setup
2022-05-30 09:13:33,659 INFO  Executed systemctl<serv_mapper1>, exit status 3
2022-05-30 09:13:33,676 INFO  Restarting mosquitto too frequently in the last 10 seconds. It was only up for 2 seconds
2022-05-30 09:13:33,676 INFO  Delaying execution by 9 seconds
2022-05-30 09:14:00,793 INFO  Executed sudo<tedge_connect_c8y>, exit status 0, duration 18 secs
2022-05-30 09:14:00,946 INFO  Executed sudo<tedge_connect_c8y_test>, exit status 0
2022-05-30 09:14:01,049 INFO  Executed systemctl<serv_mosq2>, exit status 0
2022-05-30 09:14:01,152 INFO  Executed systemctl<serv_mapper3>, exit status 0
2022-05-30 09:14:01,256 INFO  Executed sudo<tedge_mapper_c8y>, exit status 0
2022-05-30 09:14:01,258 INFO  Started sudo<tedge_sub> with process id 1411143
2022-05-30 09:14:01,463 INFO  Executed sudo<tedge_msg>, exit status 0
2022-05-30 09:14:01,566 INFO  Executed sudo<tedge_pub>, exit status 0
2022-05-30 09:14:01,669 INFO  Executed sudo<kill_out>, exit status 0
2022-05-30 09:14:01,671 INFO  Grep on file tedge_sub.out ... passed
2022-05-30 09:14:01,671 INFO  
2022-05-30 09:14:01,671 INFO  cleanup:
2022-05-30 09:14:01,671 INFO  mapper_cleanup
2022-05-30 09:14:01,774 INFO  Executed sudo<tedge_mapper_c8y>, exit status 0
2022-05-30 09:14:01,793 INFO  Restarting mosquitto too frequently in the last 10 seconds. It was only up for 9 seconds
2022-05-30 09:14:01,793 INFO  Delaying execution by 2 seconds
2022-05-30 09:14:14,992 INFO  Executed sudo<tedge_disconnect_c8y>, exit status 0, duration 11 secs
2022-05-30 09:14:15,095 INFO  Executed systemctl<serv_mapper5>, exit status 3
2022-05-30 09:14:15,096 INFO  
2022-05-30 09:14:15,096 INFO  Test duration: 41.54 secs
2022-05-30 09:14:15,096 INFO  Test final outcome:  PASSED
2022-05-30 09:14:15,097 INFO  
