2022-05-03 09:12:07,695 INFO  ==============================================================
2022-05-03 09:12:07,696 INFO  Id:    SoftwareManagement.sm_apt_install_remove_multiple
2022-05-03 09:12:07,697 INFO  Dir:   software_management_end_to_end/
2022-05-03 09:12:07,698 INFO  Title: Validate end to end behaviour for the apt plugin for multiple packages
2022-05-03 09:12:07,699 INFO  ==============================================================
2022-05-03 09:12:07,720 INFO  Using sw id database: {'asciijump': '5475369', 'robotfindskitten': '5474869', 'squirrel3': '5475279', 'rolldice': '5152439', 'moon-buggy': '5439204', 'apple': '5495053', 'banana': '5494888', 'cherry': '5495382', 'watermelon': '5494510', 'registry': '8018911', 'hello-world': '8021526', 'docker/getting-started': '8021973', 'alpine': '7991792'}
2022-05-03 09:12:07,721 INFO  EnvironmentC8y Setup
2022-05-03 09:12:08,282 INFO  Executed systemctl<serv_mapper1>, exit status 3
2022-05-03 09:12:08,393 INFO  Restarting mosquitto too frequently in the last 10 seconds. It was only up for 6 seconds
2022-05-03 09:12:08,394 INFO  Delaying execution by 5 seconds
2022-05-03 09:12:30,873 INFO  Executed sudo<tedge_connect_c8y>, exit status 0, duration 17 secs
2022-05-03 09:12:31,486 INFO  Executed sudo<tedge_connect_c8y_test>, exit status 0
2022-05-03 09:12:31,998 INFO  Executed systemctl<serv_mosq2>, exit status 0
2022-05-03 09:12:32,512 INFO  Executed systemctl<serv_mapper3>, exit status 0
2022-05-03 09:12:34,845 INFO  State of current operation: SUCCESSFUL
2022-05-03 09:12:35,090 INFO  Assert that (False == value) with value=False ... passed
2022-05-03 09:12:35,336 INFO  Package asciijump is installed
2022-05-03 09:12:35,797 WARN  Assert that (False == value) with value=True ... failed 
2022-05-03 09:12:36,087 INFO  Package squirrel3 is installed
2022-05-03 09:12:36,114 WARN  Assert that (False == value) with value=True ... failed 
2022-05-03 09:12:36,377 INFO  Package robotfindskitten is installed
2022-05-03 09:12:36,401 WARN  Assert that (False == value) with value=True ... failed 
2022-05-03 09:12:36,632 INFO  Response status: 201
2022-05-03 09:12:36,634 INFO  Response to action: {
    "creationTime": "2022-05-03T09:12:36.583Z",
    "deviceName": "m32sd11e",
    "deviceId": "18246155",
    "self": "https://t493319102.eu-latest.cumulocity.com/devicecontrol/operations/18274092",
    "id": "18274092",
    "status": "PENDING",
    "description": "Apply software changes, triggered from PySys: [{'action': 'install', 'id': '5475369', 'name': 'asciijump', 'url': ' ', 'version': '::apt'}, {'action': 'install', 'id': '5474869', 'name': 'robotfindskitten', 'url': ' ', 'version': '::apt'}, {'action': 'install', 'id': '5475279', 'name': 'squirrel3', 'url': ' ', 'version': '::apt'}]",
    "c8y_SoftwareUpdate": [
        {
            "name": "asciijump",
            "action": "install",
            "id": "5475369",
            "version": "::apt",
            "url": " "
        },
        {
            "name": "robotfindskitten",
            "action": "install",
            "id": "5474869",
            "version": "::apt",
            "url": " "
        },
        {
            "name": "squirrel3",
            "action": "install",
            "id": "5475279",
            "version": "::apt",
            "url": " "
        }
    ]
}
2022-05-03 09:12:36,635 INFO  Started operation: {'creationTime': '2022-05-03T09:12:36.583Z', 'deviceName': 'm32sd11e', 'deviceId': '18246155', 'self': 'https://t493319102.eu-latest.cumulocity.com/devicecontrol/operations/18274092', 'id': '18274092', 'status': 'PENDING', 'description': "Apply software changes, triggered from PySys: [{'action': 'install', 'id': '5475369', 'name': 'asciijump', 'url': ' ', 'version': '::apt'}, {'action': 'install', 'id': '5474869', 'name': 'robotfindskitten', 'url': ' ', 'version': '::apt'}, {'action': 'install', 'id': '5475279', 'name': 'squirrel3', 'url': ' ', 'version': '::apt'}]", 'c8y_SoftwareUpdate': [{'name': 'asciijump', 'action': 'install', 'id': '5475369', 'version': '::apt', 'url': ' '}, {'name': 'robotfindskitten', 'action': 'install', 'id': '5474869', 'version': '::apt', 'url': ' '}, {'name': 'squirrel3', 'action': 'install', 'id': '5475279', 'version': '::apt', 'url': ' '}]}
2022-05-03 09:12:38,863 INFO  State of operation 18274092 : PENDING
2022-05-03 09:12:41,093 INFO  State of operation 18274092 : EXECUTING
2022-05-03 09:12:43,310 INFO  State of operation 18274092 : EXECUTING
2022-05-03 09:12:45,596 INFO  State of operation 18274092 : EXECUTING
2022-05-03 09:12:47,813 INFO  State of operation 18274092 : EXECUTING
2022-05-03 09:12:50,030 INFO  State of operation 18274092 : EXECUTING
2022-05-03 09:12:52,249 INFO  State of operation 18274092 : EXECUTING
2022-05-03 09:12:54,956 INFO  State of operation 18274092 : EXECUTING
2022-05-03 09:12:57,593 INFO  State of operation 18274092 : EXECUTING
2022-05-03 09:13:00,134 INFO  State of operation 18274092 : EXECUTING
2022-05-03 09:13:02,497 INFO  State of operation 18274092 : EXECUTING
2022-05-03 09:13:04,768 INFO  State of operation 18274092 : EXECUTING
2022-05-03 09:13:06,989 INFO  State of operation 18274092 : EXECUTING
2022-05-03 09:13:09,210 INFO  State of operation 18274092 : EXECUTING
2022-05-03 09:13:11,430 INFO  State of operation 18274092 : EXECUTING
2022-05-03 09:13:13,668 INFO  State of operation 18274092 : EXECUTING
2022-05-03 09:13:15,895 INFO  State of operation 18274092 : EXECUTING
2022-05-03 09:13:18,108 INFO  State of operation 18274092 : SUCCESSFUL
2022-05-03 09:13:18,361 INFO  Assert that (False == value) with value=False ... passed
2022-05-03 09:13:18,589 INFO  Package asciijump is installed
2022-05-03 09:13:18,591 INFO  Assert that (True == value) with value=True ... passed
2022-05-03 09:13:18,809 INFO  Package squirrel3 is installed
2022-05-03 09:13:18,811 INFO  Assert that (True == value) with value=True ... passed
2022-05-03 09:13:19,054 INFO  Package robotfindskitten is installed
2022-05-03 09:13:19,057 INFO  Assert that (True == value) with value=True ... passed
2022-05-03 09:13:19,295 INFO  Response status: 201
2022-05-03 09:13:19,297 INFO  Response to action: {
    "creationTime": "2022-05-03T09:13:19.253Z",
    "deviceName": "m32sd11e",
    "deviceId": "18246155",
    "self": "https://t493319102.eu-latest.cumulocity.com/devicecontrol/operations/18277102",
    "id": "18277102",
    "status": "PENDING",
    "description": "Apply software changes, triggered from PySys: [{'action': 'delete', 'id': '5475369', 'name': 'asciijump', 'url': ' ', 'version': '::apt'}, {'action': 'delete', 'id': '5474869', 'name': 'robotfindskitten', 'url': ' ', 'version': '::apt'}, {'action': 'delete', 'id': '5475279', 'name': 'squirrel3', 'url': ' ', 'version': '::apt'}]",
    "c8y_SoftwareUpdate": [
        {
            "name": "asciijump",
            "action": "delete",
            "id": "5475369",
            "version": "::apt",
            "url": " "
        },
        {
            "name": "robotfindskitten",
            "action": "delete",
            "id": "5474869",
            "version": "::apt",
            "url": " "
        },
        {
            "name": "squirrel3",
            "action": "delete",
            "id": "5475279",
            "version": "::apt",
            "url": " "
        }
    ]
}
2022-05-03 09:13:19,298 INFO  Started operation: {'creationTime': '2022-05-03T09:13:19.253Z', 'deviceName': 'm32sd11e', 'deviceId': '18246155', 'self': 'https://t493319102.eu-latest.cumulocity.com/devicecontrol/operations/18277102', 'id': '18277102', 'status': 'PENDING', 'description': "Apply software changes, triggered from PySys: [{'action': 'delete', 'id': '5475369', 'name': 'asciijump', 'url': ' ', 'version': '::apt'}, {'action': 'delete', 'id': '5474869', 'name': 'robotfindskitten', 'url': ' ', 'version': '::apt'}, {'action': 'delete', 'id': '5475279', 'name': 'squirrel3', 'url': ' ', 'version': '::apt'}]", 'c8y_SoftwareUpdate': [{'name': 'asciijump', 'action': 'delete', 'id': '5475369', 'version': '::apt', 'url': ' '}, {'name': 'robotfindskitten', 'action': 'delete', 'id': '5474869', 'version': '::apt', 'url': ' '}, {'name': 'squirrel3', 'action': 'delete', 'id': '5475279', 'version': '::apt', 'url': ' '}]}
2022-05-03 09:13:21,511 INFO  State of operation 18277102 : PENDING
2022-05-03 09:13:23,729 INFO  State of operation 18277102 : EXECUTING
2022-05-03 09:13:25,968 INFO  State of operation 18277102 : EXECUTING
2022-05-03 09:13:28,186 INFO  State of operation 18277102 : EXECUTING
2022-05-03 09:13:30,405 INFO  State of operation 18277102 : EXECUTING
2022-05-03 09:13:32,635 INFO  State of operation 18277102 : EXECUTING
2022-05-03 09:13:34,924 INFO  State of operation 18277102 : EXECUTING
2022-05-03 09:13:38,244 INFO  State of operation 18277102 : EXECUTING
2022-05-03 09:13:40,897 INFO  State of operation 18277102 : EXECUTING
2022-05-03 09:13:43,113 INFO  State of operation 18277102 : EXECUTING
2022-05-03 09:13:45,445 INFO  State of operation 18277102 : EXECUTING
2022-05-03 09:13:47,749 INFO  State of operation 18277102 : EXECUTING
2022-05-03 09:13:50,037 INFO  State of operation 18277102 : EXECUTING
2022-05-03 09:13:52,254 INFO  State of operation 18277102 : EXECUTING
2022-05-03 09:13:54,484 INFO  State of operation 18277102 : EXECUTING
2022-05-03 09:13:56,731 INFO  State of operation 18277102 : EXECUTING
2022-05-03 09:13:58,951 INFO  State of operation 18277102 : EXECUTING
2022-05-03 09:14:01,236 INFO  State of operation 18277102 : EXECUTING
2022-05-03 09:14:03,472 INFO  State of operation 18277102 : EXECUTING
2022-05-03 09:14:05,903 INFO  State of operation 18277102 : EXECUTING
2022-05-03 09:14:08,189 INFO  State of operation 18277102 : EXECUTING
2022-05-03 09:14:10,883 INFO  State of operation 18277102 : EXECUTING
2022-05-03 09:14:13,110 INFO  State of operation 18277102 : EXECUTING
2022-05-03 09:14:15,493 INFO  State of operation 18277102 : EXECUTING
2022-05-03 09:14:17,715 INFO  State of operation 18277102 : EXECUTING
2022-05-03 09:14:19,957 INFO  State of operation 18277102 : EXECUTING
2022-05-03 09:14:22,184 INFO  State of operation 18277102 : EXECUTING
2022-05-03 09:14:24,414 INFO  State of operation 18277102 : EXECUTING
2022-05-03 09:14:26,629 INFO  State of operation 18277102 : EXECUTING
2022-05-03 09:14:29,327 INFO  State of operation 18277102 : EXECUTING
2022-05-03 09:14:31,544 INFO  State of operation 18277102 : EXECUTING
2022-05-03 09:14:33,795 INFO  State of operation 18277102 : EXECUTING
2022-05-03 09:14:37,138 INFO  State of operation 18277102 : EXECUTING
2022-05-03 09:14:39,354 INFO  State of operation 18277102 : SUCCESSFUL
2022-05-03 09:14:39,588 INFO  Assert that (False == value) with value=False ... passed
2022-05-03 09:14:39,822 INFO  Assert that (False == value) with value=False ... passed
2022-05-03 09:14:40,057 INFO  Assert that (False == value) with value=False ... passed
2022-05-03 09:14:40,288 INFO  Assert that (False == value) with value=False ... passed
2022-05-03 09:14:40,300 INFO  
2022-05-03 09:14:40,301 INFO  cleanup:
2022-05-03 09:14:46,164 INFO  Executed sudo<tedge_disconnect_c8y>, exit status 0
2022-05-03 09:14:46,725 INFO  Executed systemctl<serv_mapper5>, exit status 3
2022-05-03 09:14:46,730 INFO  
2022-05-03 09:14:46,730 INFO  Test duration: 159.05 secs
2022-05-03 09:14:46,732 INFO  Test final outcome:  FAILED
2022-05-03 09:14:46,733 INFO  Test outcome reason: Assert that (False == value) with value=True (+2 other failures)
2022-05-03 09:14:46,733 INFO  
