2022-04-13 07:58:06,136 INFO  ==============================================================
2022-04-13 07:58:06,137 INFO  Id:    mapper_awaits_before_reconnect
2022-04-13 07:58:06,138 INFO  Dir:   tedge_mapper_c8y/
2022-04-13 07:58:06,139 INFO  Title: Validate mapper doesn't reconnect too often
2022-04-13 07:58:06,140 INFO  ==============================================================
2022-04-13 07:58:06,147 INFO  EnvironmentC8y Setup
2022-04-13 07:58:06,709 INFO  Executed systemctl<serv_mapper1>, exit status 3
2022-04-13 07:58:21,715 INFO  Executed sudo<tedge_connect_c8y>, exit status 0, duration 14 secs
2022-04-13 07:58:22,338 INFO  Executed sudo<tedge_connect_c8y_test>, exit status 0
2022-04-13 07:58:22,803 INFO  Executed systemctl<serv_mosq2>, exit status 0
2022-04-13 07:58:23,266 INFO  Executed systemctl<serv_mapper3>, exit status 0
2022-04-13 07:58:23,276 INFO  Started mosquitto_sub with process id 20518
2022-04-13 07:58:23,279 INFO  Waiting for 0.1 seconds
2022-04-13 07:58:23,944 INFO  Executed sudo<tedge_mapper>, exit status 0
2022-04-13 07:58:23,945 INFO  Waiting for 5.0 seconds
2022-04-13 07:58:29,513 INFO  Executed sudo<tedge_mapper>, exit status 0
2022-04-13 07:58:30,178 INFO  Executed sudo<tedge_mapper_journal>, exit status 0
2022-04-13 07:58:30,184 INFO  Grep on file tedge_mapper_journal.out ... passed
2022-04-13 07:58:30,190 INFO  Line count on file tedge_mapper_journal.out ... passed
2022-04-13 07:58:30,194 INFO  Line count on file tedge_mapper_journal.out ... passed
2022-04-13 07:58:30,202 INFO  
2022-04-13 07:58:30,203 INFO  cleanup:
2022-04-13 07:58:34,147 INFO  Executed sudo<tedge_disconnect_c8y>, exit status 0
2022-04-13 07:58:34,716 INFO  Executed systemctl<serv_mapper5>, exit status 3
2022-04-13 07:58:34,771 INFO  
2022-04-13 07:58:34,772 INFO  Test duration: 28.64 secs
2022-04-13 07:58:34,773 INFO  Test final outcome:  PASSED
2022-04-13 07:58:34,774 INFO  
