2022-05-30 10:03:51,378 INFO  ==============================================================
2022-05-30 10:03:51,379 INFO  Id:    docker_plugin_remove_with_version
2022-05-30 10:03:51,380 INFO  Dir:   plugin_docker/
2022-05-30 10:03:51,381 INFO  Title: Validate docker plugin remove with version
2022-05-30 10:03:51,382 INFO  ==============================================================
2022-05-30 10:03:52,199 INFO  Executed sudo<docker_images>, exit status 0
2022-05-30 10:03:52,204 INFO  Grep on file /home/pi/actions-runner/_work/thin-edge.io/thin-edge.io/tests/PySys/plugin_docker/docker_plugin_remove_with_version/Output/linux/docker_images.out ... passed
2022-05-30 10:04:16,319 INFO  Executed sudo<docker_run>, exit status 0, duration 24 secs
2022-05-30 10:04:17,191 INFO  Executed sudo<docker_ps>, exit status 0
2022-05-30 10:04:17,196 INFO  Grep on file /home/pi/actions-runner/_work/thin-edge.io/thin-edge.io/tests/PySys/plugin_docker/docker_plugin_remove_with_version/Output/linux/docker_ps.out ... passed
2022-05-30 10:04:21,129 INFO  Executed sudo<plugin_remove>, exit status 0
2022-05-30 10:04:21,898 INFO  Executed sudo<docker_ps_latest>, exit status 0
2022-05-30 10:04:22,714 INFO  Executed sudo<docker_ps>, exit status 0
2022-05-30 10:04:22,718 INFO  Grep on file /home/pi/actions-runner/_work/thin-edge.io/thin-edge.io/tests/PySys/plugin_docker/docker_plugin_remove_with_version/Output/linux/docker_ps.out ... passed
2022-05-30 10:04:22,724 INFO  
2022-05-30 10:04:22,725 INFO  cleanup:
2022-05-30 10:04:22,725 INFO  Removing containers scheduled to be cleaned up: ['78d18eb43fec', '64438c3c41c1', '99e0e20eeda3d8a5a5e23b92256ba262421fa369acc660670f235994327729a8\n', '184db5c035a96f204ebbb68d1d649e014eb77d649977f1e27a0a4cadb9b42328\n']
2022-05-30 10:04:23,542 WARN  Executed sudo<containers_for_cleanup>, exit status 1
2022-05-30 10:04:23,544 INFO  Removing images scheduled to be cleaned up: ['registry', 'registry', 'registry:2.7.1', 'registry', 'registry:2.7.1']
2022-05-30 10:04:27,271 INFO  Executed sudo<containers_for_cleanup>, exit status 0
2022-05-30 10:04:27,275 INFO  
2022-05-30 10:04:27,276 INFO  Test duration: 35.90 secs
2022-05-30 10:04:27,277 INFO  Test final outcome:  PASSED
2022-05-30 10:04:27,278 INFO  
