2022-05-09 07:14:14,516 INFO  ==============================================================
2022-05-09 07:14:14,516 INFO  Id:    docker_plugin_install_with_version
2022-05-09 07:14:14,517 INFO  Dir:   plugin_docker/
2022-05-09 07:14:14,517 INFO  Title: Validate docker plugin install
2022-05-09 07:14:14,517 INFO  ==============================================================
2022-05-09 07:14:14,669 INFO  Executed sudo<docker_images>, exit status 0
2022-05-09 07:14:14,671 INFO  Grep on file /home/pi/actions-runner/_work/thin-edge.io/thin-edge.io/tests/PySys/plugin_docker/docker_plugin_install_with_version/Output/linux/docker_images.out ... passed
2022-05-09 07:14:19,038 INFO  Executed sudo<plugin_install>, exit status 0
2022-05-09 07:14:19,190 INFO  Executed sudo<docker_ps_latest>, exit status 0
2022-05-09 07:14:19,343 INFO  Executed sudo<docker_ps>, exit status 0
2022-05-09 07:14:19,344 INFO  Grep on file /home/pi/actions-runner/_work/thin-edge.io/thin-edge.io/tests/PySys/plugin_docker/docker_plugin_install_with_version/Output/linux/docker_ps.out ... passed
2022-05-09 07:14:19,344 INFO  
2022-05-09 07:14:19,344 INFO  cleanup:
2022-05-09 07:14:19,344 INFO  Removing containers scheduled to be cleaned up: ['84bda2b56c5a', 'af1cb7c37bc1']
2022-05-09 07:14:19,697 INFO  Executed sudo<containers_for_cleanup>, exit status 0
2022-05-09 07:14:19,698 INFO  Removing images scheduled to be cleaned up: ['registry', 'registry', 'registry:2.7.1']
2022-05-09 07:14:19,900 INFO  Executed sudo<containers_for_cleanup>, exit status 0
2022-05-09 07:14:19,901 INFO  
2022-05-09 07:14:19,901 INFO  Test duration: 5.38 secs
2022-05-09 07:14:19,901 INFO  Test final outcome:  PASSED
2022-05-09 07:14:19,901 INFO  
