2022-05-04 08:16:48,523 INFO  ==============================================================
2022-05-04 08:16:48,524 INFO  Id:    apt_fail_noarg
2022-05-04 08:16:48,527 INFO  Dir:   plugin_apt/
2022-05-04 08:16:48,528 INFO  Title: Validate apt plugin fetures(prepare, list, install, remove finalize) without arguments
2022-05-04 08:16:48,529 INFO  ==============================================================
2022-05-04 08:16:50,010 INFO  Executed sudo<outp_install>, exit status 1
2022-05-04 08:16:50,015 INFO  Assert that (value==1) with value=1 ... passed
2022-05-04 08:16:50,526 INFO  Executed sudo<outp_install>, exit status 1
2022-05-04 08:16:50,528 INFO  Assert that (value==1) with value=1 ... passed
2022-05-04 08:16:51,038 INFO  Executed sudo<outp_install>, exit status 1
2022-05-04 08:16:51,040 INFO  Assert that (value==1) with value=1 ... passed
2022-05-04 08:16:51,551 INFO  Executed sudo<outp_install>, exit status 1
2022-05-04 08:16:51,553 INFO  Assert that (value==1) with value=1 ... passed
2022-05-04 08:16:52,063 INFO  Executed sudo<outp_install>, exit status 1
2022-05-04 08:16:52,065 INFO  Assert that (value==1) with value=1 ... passed
2022-05-04 08:16:52,626 INFO  Executed sudo<outp_install>, exit status 1
2022-05-04 08:16:52,628 INFO  Assert that (value==1) with value=1 ... passed
2022-05-04 08:16:53,138 INFO  Executed sudo<outp_install>, exit status 1
2022-05-04 08:16:53,141 INFO  Assert that (value==1) with value=1 ... passed
2022-05-04 08:16:53,651 INFO  Executed sudo<outp_install>, exit status 1
2022-05-04 08:16:53,653 INFO  Assert that (value==1) with value=1 ... passed
2022-05-04 08:16:54,163 INFO  Executed sudo<outp_install>, exit status 1
2022-05-04 08:16:54,166 INFO  Assert that (value==1) with value=1 ... passed
2022-05-04 08:16:54,676 INFO  Executed sudo<outp_install>, exit status 1
2022-05-04 08:16:54,678 INFO  Assert that (value==1) with value=1 ... passed
2022-05-04 08:16:54,687 INFO  
2022-05-04 08:16:54,688 INFO  Test duration: 6.17 secs
2022-05-04 08:16:54,689 INFO  Test final outcome:  PASSED
2022-05-04 08:16:54,690 INFO  
