$SYS/broker/version mosquitto version 1.5.7
$SYS/broker/uptime 11 seconds
$SYS/broker/clients/total 5
$SYS/broker/clients/maximum 5
$SYS/broker/clients/inactive 3
$SYS/broker/clients/disconnected 3
$SYS/broker/clients/active 2
$SYS/broker/clients/connected 2
$SYS/broker/clients/expired 0
$SYS/broker/load/messages/received/1min 1177.74
$SYS/broker/load/messages/received/5min 253.13
$SYS/broker/load/messages/received/15min 85.41
$SYS/broker/load/messages/sent/1min 14.62
$SYS/broker/load/messages/sent/5min 3.14
$SYS/broker/load/messages/sent/15min 1.06
$SYS/broker/load/publish/dropped/1min 0.00
$SYS/broker/load/publish/dropped/5min 0.00
$SYS/broker/load/publish/dropped/15min 0.00
$SYS/broker/load/publish/received/1min 1164.04
$SYS/broker/load/publish/received/5min 250.19
$SYS/broker/load/publish/received/15min 84.42
$SYS/broker/load/publish/sent/1min 0.00
$SYS/broker/load/publish/sent/5min 0.00
$SYS/broker/load/publish/sent/15min 0.00
$SYS/broker/load/bytes/received/1min 73260.38
$SYS/broker/load/bytes/received/5min 15745.76
$SYS/broker/load/bytes/received/15min 5312.87
$SYS/broker/load/bytes/sent/1min 858.87
$SYS/broker/load/bytes/sent/5min 184.60
$SYS/broker/load/bytes/sent/15min 62.29
$SYS/broker/load/sockets/1min 1.83
$SYS/broker/load/sockets/5min 0.39
$SYS/broker/load/sockets/15min 0.13
$SYS/broker/load/connections/1min 1.83
$SYS/broker/load/connections/5min 0.39
$SYS/broker/load/connections/15min 0.13
$SYS/broker/messages/stored 53
$SYS/broker/messages/received 1289
$SYS/broker/messages/sent 16
$SYS/broker/store/messages/count 53
$SYS/broker/store/messages/bytes 208
$SYS/broker/subscriptions/count 32
$SYS/broker/retained messages/count 53
$SYS/broker/heap/current 51204
$SYS/broker/heap/maximum 53468
$SYS/broker/publish/messages/dropped 0
$SYS/broker/publish/messages/received 1274
$SYS/broker/publish/messages/sent 0
$SYS/broker/publish/bytes/received 29176
$SYS/broker/publish/bytes/sent 746
$SYS/broker/bytes/received 80181
$SYS/broker/bytes/sent 940
$SYS/broker/uptime 22 seconds
$SYS/broker/clients/total 8
$SYS/broker/clients/maximum 8
$SYS/broker/clients/inactive 1
$SYS/broker/clients/disconnected 1
$SYS/broker/clients/active 7
$SYS/broker/clients/connected 7
$SYS/broker/load/messages/received/1min 2404.90
$SYS/broker/load/messages/sent/1min 265.26
$SYS/broker/load/publish/received/1min 2280.19
$SYS/broker/load/publish/sent/1min 47.51
$SYS/broker/load/bytes/received/1min 163065.76
$SYS/broker/load/bytes/sent/1min 28825.51
$SYS/broker/load/sockets/1min 7.92
$SYS/broker/load/connections/1min 7.92
$SYS/broker/load/messages/received/5min 550.17
$SYS/broker/load/messages/sent/5min 57.43
$SYS/broker/load/publish/received/5min 522.98
$SYS/broker/load/publish/sent/5min 10.21
$SYS/broker/load/bytes/received/5min 37118.20
$SYS/broker/load/bytes/sent/5min 6219.71
$SYS/broker/load/sockets/5min 1.75
$SYS/broker/load/connections/5min 1.75
$SYS/broker/load/messages/received/15min 187.67
$SYS/broker/load/messages/sent/15min 19.40
$SYS/broker/load/publish/received/15min 178.48
$SYS/broker/load/publish/sent/15min 3.45
$SYS/broker/load/bytes/received/15min 12651.00
$SYS/broker/load/bytes/sent/15min 2100.11
$SYS/broker/load/sockets/15min 0.59
$SYS/broker/load/connections/15min 0.59
$SYS/broker/messages/stored 54
$SYS/broker/store/messages/count 54
$SYS/broker/store/messages/bytes 556
$SYS/broker/subscriptions/count 35
$SYS/broker/heap/current 55592
$SYS/broker/heap/maximum 55788
$SYS/broker/messages/received 2848
$SYS/broker/messages/sent 293
$SYS/broker/publish/messages/received 2709
$SYS/broker/publish/messages/sent 52
$SYS/broker/bytes/received 191901
$SYS/broker/bytes/sent 31706
$SYS/broker/publish/bytes/received 82718
$SYS/broker/publish/bytes/sent 26050
$SYS/broker/uptime 33 seconds
$SYS/broker/load/messages/received/1min 3630.25
$SYS/broker/load/messages/sent/1min 661.23
$SYS/broker/load/publish/received/1min 3326.33
$SYS/broker/load/publish/sent/1min 80.67
$SYS/broker/load/bytes/received/1min 266534.12
$SYS/broker/load/bytes/sent/1min 79449.58
$SYS/broker/load/sockets/1min 6.59
$SYS/broker/load/connections/1min 6.59
$SYS/broker/load/messages/received/5min 880.31
$SYS/broker/load/messages/sent/5min 150.01
$SYS/broker/load/publish/received/5min 811.09
$SYS/broker/load/publish/sent/5min 18.68
$SYS/broker/load/bytes/received/5min 63890.96
$SYS/broker/load/bytes/sent/5min 17914.14
$SYS/broker/load/sockets/5min 1.69
$SYS/broker/load/connections/5min 1.69
$SYS/broker/load/messages/received/15min 303.47
$SYS/broker/load/messages/sent/15min 51.10
$SYS/broker/load/publish/received/15min 279.87
$SYS/broker/load/publish/sent/15min 6.39
$SYS/broker/load/bytes/received/15min 21981.77
$SYS/broker/load/bytes/sent/15min 6096.04
$SYS/broker/messages/stored 53
$SYS/broker/store/messages/count 53
$SYS/broker/store/messages/bytes 250
$SYS/broker/heap/current 55176
$SYS/broker/heap/maximum 56796
$SYS/broker/messages/received 4630
$SYS/broker/messages/sent 775
$SYS/broker/publish/messages/received 4272
$SYS/broker/publish/messages/sent 97
$SYS/broker/bytes/received 335039
$SYS/broker/bytes/sent 92397
$SYS/broker/publish/bytes/received 163425
$SYS/broker/publish/bytes/sent 77357
$SYS/broker/uptime 44 seconds
$SYS/broker/load/messages/received/1min 4648.51
$SYS/broker/load/messages/sent/1min 981.72
$SYS/broker/load/publish/received/1min 4196.32
$SYS/broker/load/publish/sent/1min 100.05
$SYS/broker/load/bytes/received/1min 352583.77
$SYS/broker/load/bytes/sent/1min 120983.30
$SYS/broker/load/sockets/1min 5.49
$SYS/broker/load/connections/1min 5.49
$SYS/broker/load/messages/received/5min 1198.17
$SYS/broker/load/messages/sent/5min 237.30
$SYS/broker/load/publish/received/5min 1088.63
$SYS/broker/load/publish/sent/5min 25.08
$SYS/broker/load/bytes/received/5min 89681.18
$SYS/broker/load/bytes/sent/5min 29056.37
$SYS/broker/load/sockets/5min 1.63
$SYS/broker/load/connections/5min 1.63
$SYS/broker/load/messages/received/15min 417.73
$SYS/broker/load/messages/sent/15min 81.76
$SYS/broker/load/publish/received/15min 379.97
$SYS/broker/load/publish/sent/15min 8.69
$SYS/broker/load/bytes/received/15min 31192.90
$SYS/broker/load/bytes/sent/15min 9999.17
$SYS/broker/store/messages/bytes 255
$SYS/broker/heap/current 55156
$SYS/broker/messages/received 6410
$SYS/broker/messages/sent 1247
$SYS/broker/publish/messages/received 5834
$SYS/broker/publish/messages/sent 133
$SYS/broker/bytes/received 478082
$SYS/broker/bytes/sent 152420
$SYS/broker/publish/bytes/received 244084
$SYS/broker/publish/bytes/sent 128332
$SYS/broker/uptime 55 seconds
$SYS/broker/load/messages/received/1min 5512.65
$SYS/broker/load/messages/sent/1min 1249.45
$SYS/broker/load/publish/received/1min 4935.20
$SYS/broker/load/publish/sent/1min 113.44
$SYS/broker/load/bytes/received/1min 425509.41
$SYS/broker/load/bytes/sent/1min 155959.92
$SYS/broker/load/sockets/1min 4.57
$SYS/broker/load/connections/1min 4.57
$SYS/broker/load/messages/received/5min 1508.12
$SYS/broker/load/messages/sent/5min 321.64
$SYS/broker/load/publish/received/5min 1359.32
$SYS/broker/load/publish/sent/5min 30.66
$SYS/broker/load/bytes/received/5min 114820.18
$SYS/broker/load/bytes/sent/5min 39883.46
$SYS/broker/load/sockets/5min 1.57
$SYS/broker/load/connections/5min 1.57
$SYS/broker/load/messages/received/15min 531.79
$SYS/broker/load/messages/sent/15min 112.11
$SYS/broker/load/publish/received/15min 479.92
$SYS/broker/load/publish/sent/15min 10.77
$SYS/broker/load/bytes/received/15min 40385.69
$SYS/broker/load/bytes/sent/15min 13883.90
$SYS/broker/store/messages/bytes 264
$SYS/broker/heap/current 55120
$SYS/broker/messages/received 8208
$SYS/broker/messages/sent 1720
$SYS/broker/publish/messages/received 7412
$SYS/broker/publish/messages/sent 166
$SYS/broker/bytes/received 622537
$SYS/broker/bytes/sent 212881
$SYS/broker/publish/bytes/received 325413
$SYS/broker/publish/bytes/sent 179769
$SYS/broker/uptime 66 seconds
$SYS/broker/load/messages/received/1min 6215.59
$SYS/broker/load/messages/sent/1min 1469.59
$SYS/broker/load/publish/received/1min 5535.68
$SYS/broker/load/publish/sent/1min 124.59
$SYS/broker/load/bytes/received/1min 484979.45
$SYS/broker/load/bytes/sent/1min 184594.30
$SYS/broker/load/sockets/1min 3.80
$SYS/broker/load/connections/1min 3.80
$SYS/broker/load/messages/received/5min 1803.37
$SYS/broker/load/messages/sent/5min 402.36
$SYS/broker/load/publish/received/5min 1617.12
$SYS/broker/load/publish/sent/5min 36.03
$SYS/broker/load/bytes/received/5min 138787.61
$SYS/broker/load/bytes/sent/5min 50216.86
$SYS/broker/load/sockets/5min 1.51
$SYS/broker/load/connections/5min 1.51
$SYS/broker/load/messages/received/15min 643.28
$SYS/broker/load/messages/sent/15min 141.89
$SYS/broker/load/publish/received/15min 577.59
$SYS/broker/load/publish/sent/15min 12.83
$SYS/broker/load/bytes/received/15min 49376.90
$SYS/broker/load/bytes/sent/15min 17686.39
$SYS/broker/messages/stored 54
$SYS/broker/store/messages/count 54
$SYS/broker/store/messages/bytes 415
$SYS/broker/heap/current 55564
$SYS/broker/messages/received 9988
$SYS/broker/messages/sent 2190
$SYS/broker/publish/messages/received 8974
$SYS/broker/publish/messages/sent 199
$SYS/broker/bytes/received 765635
$SYS/broker/bytes/sent 272813
$SYS/broker/publish/bytes/received 406145
$SYS/broker/publish/bytes/sent 230744
$SYS/broker/uptime 77 seconds
$SYS/broker/load/messages/received/1min 6803.53
$SYS/broker/load/messages/sent/1min 1656.51
$SYS/broker/load/publish/received/1min 6035.59
$SYS/broker/load/publish/sent/1min 135.70
$SYS/broker/load/bytes/received/1min 534485.88
$SYS/broker/load/bytes/sent/1min 208507.06
$SYS/broker/load/sockets/1min 3.17
$SYS/broker/load/connections/1min 3.17
$SYS/broker/load/messages/received/5min 2088.59
$SYS/broker/load/messages/sent/5min 480.96
$SYS/broker/load/publish/received/5min 1865.65
$SYS/broker/load/publish/sent/5min 41.61
$SYS/broker/load/bytes/received/5min 161891.77
$SYS/broker/load/bytes/sent/5min 60194.34
$SYS/broker/load/sockets/5min 1.46
$SYS/broker/load/connections/5min 1.46
$SYS/broker/load/messages/received/15min 753.60
$SYS/broker/load/messages/sent/15min 171.57
$SYS/broker/load/publish/received/15min 674.07
$SYS/broker/load/publish/sent/15min 14.99
$SYS/broker/load/bytes/received/15min 58258.75
$SYS/broker/load/bytes/sent/15min 21448.12
$SYS/broker/heap/current 55448
$SYS/broker/messages/received 11771
$SYS/broker/messages/sent 2664
$SYS/broker/publish/messages/received 10536
$SYS/broker/publish/messages/sent 234
$SYS/broker/bytes/received 908731
$SYS/broker/bytes/sent 332827
$SYS/broker/publish/bytes/received 486851
$SYS/broker/publish/bytes/sent 281732
$SYS/broker/version mosquitto version 1.5.7
$SYS/broker/uptime 0 seconds
$SYS/broker/clients/total 5
$SYS/broker/clients/maximum 5
$SYS/broker/clients/inactive 5
$SYS/broker/clients/disconnected 5
$SYS/broker/clients/active 0
$SYS/broker/clients/connected 0
$SYS/broker/clients/expired 0
$SYS/broker/load/messages/received/1min 0.00
$SYS/broker/load/messages/received/5min 0.00
$SYS/broker/load/messages/received/15min 0.00
$SYS/broker/load/messages/sent/1min 0.00
$SYS/broker/load/messages/sent/5min 0.00
$SYS/broker/load/messages/sent/15min 0.00
$SYS/broker/load/publish/dropped/1min 0.00
$SYS/broker/load/publish/dropped/5min 0.00
$SYS/broker/load/publish/dropped/15min 0.00
$SYS/broker/load/publish/received/1min 0.00
$SYS/broker/load/publish/received/5min 0.00
$SYS/broker/load/publish/received/15min 0.00
$SYS/broker/load/publish/sent/1min 0.00
$SYS/broker/load/publish/sent/5min 0.00
$SYS/broker/load/publish/sent/15min 0.00
$SYS/broker/load/bytes/received/1min 0.00
$SYS/broker/load/bytes/received/5min 0.00
$SYS/broker/load/bytes/received/15min 0.00
$SYS/broker/load/bytes/sent/1min 0.00
$SYS/broker/load/bytes/sent/5min 0.00
$SYS/broker/load/bytes/sent/15min 0.00
$SYS/broker/load/sockets/1min 0.00
$SYS/broker/load/sockets/5min 0.00
$SYS/broker/load/sockets/15min 0.00
$SYS/broker/load/connections/1min 0.00
$SYS/broker/load/connections/5min 0.00
$SYS/broker/load/connections/15min 0.00
$SYS/broker/messages/stored 37
$SYS/broker/messages/received 0
$SYS/broker/messages/sent 0
$SYS/broker/store/messages/count 37
$SYS/broker/store/messages/bytes 152
$SYS/broker/subscriptions/count 32
$SYS/broker/retained messages/count 41
$SYS/broker/heap/current 44004
$SYS/broker/heap/maximum 44752
$SYS/broker/publish/messages/dropped 0
$SYS/broker/publish/messages/received 0
$SYS/broker/publish/messages/sent 0
$SYS/broker/publish/bytes/received 0
$SYS/broker/publish/bytes/sent 0
$SYS/broker/bytes/received 0
$SYS/broker/bytes/sent 0
