2022-04-19 14:56:59,977 INFO  ==============================================================
2022-04-19 14:56:59,979 INFO  Id:    publish_sawmill_record_statistics
2022-04-19 14:56:59,982 INFO  Title: Publish sawmill and record process statistics
2022-04-19 14:56:59,984 INFO  ==============================================================
2022-04-19 14:57:02,123 INFO  EnvironmentC8y Setup
2022-04-19 14:57:02,750 INFO  Executed systemctl<serv_mapper1>, exit status 3
2022-04-19 14:57:19,047 INFO  Executed sudo<tedge_connect_c8y>, exit status 0, duration 16 secs
2022-04-19 14:57:19,717 INFO  Executed sudo<tedge_connect_c8y_test>, exit status 0
2022-04-19 14:57:20,325 INFO  Executed systemctl<serv_mosq2>, exit status 0
2022-04-19 14:57:20,897 INFO  Executed systemctl<serv_mapper3>, exit status 0
2022-04-19 14:57:20,899 INFO  Setup
2022-04-19 14:57:20,900 INFO  /home/pi/actions-runner/_work/thin-edge.io/thin-edge.io/tests/PySys/analytics/publish_sawmill_record_statistics/Output/linux
2022-04-19 14:57:20,902 INFO  Execute
2022-04-19 14:57:21,569 INFO  Executed sudo<collectd_out>, exit status 0
2022-04-19 14:57:21,579 INFO  Started mosquitto_sub_stdout with process id 25813
2022-04-19 14:58:22,463 INFO  Executed sawtooth_publisher<stdout_sawmill>, exit status 0, duration 60 secs
2022-04-19 14:58:22,987 INFO  Executed systemctl<serv_mosq>, exit status 0
2022-04-19 14:58:23,500 INFO  Executed systemctl<serv_mapper4>, exit status 0
2022-04-19 14:58:24,146 INFO  Grep on input file mosquitto_sub_stdout.out ... passed
2022-04-19 14:58:24,161 INFO  
2022-04-19 14:58:24,163 INFO  cleanup:
2022-04-19 14:58:24,165 INFO  My Cleanup
2022-04-19 14:58:24,989 INFO  Executed sudo<collectd_out>, exit status 0
2022-04-19 14:58:24,998 INFO  Exporting data from /var/lib/collectd/rrd/mythicb/exec/gauge-mosquitto-shared.rrd
2022-04-19 14:58:25,160 INFO  Exporting data from /var/lib/collectd/rrd/mythicb/exec/gauge-mosquitto-stime.rrd
2022-04-19 14:58:25,287 INFO  Exporting data from /var/lib/collectd/rrd/mythicb/exec/gauge-mosquitto-data.rrd
2022-04-19 14:58:25,398 INFO  Exporting data from /var/lib/collectd/rrd/mythicb/exec/gauge-mosquitto-text.rrd
2022-04-19 14:58:25,509 INFO  Exporting data from /var/lib/collectd/rrd/mythicb/exec/gauge-mosquitto-size.rrd
2022-04-19 14:58:25,617 INFO  Exporting data from /var/lib/collectd/rrd/mythicb/exec/gauge-mapper-c8y-text.rrd
2022-04-19 14:58:25,728 INFO  Exporting data from /var/lib/collectd/rrd/mythicb/exec/gauge-mosquitto-resident.rrd
2022-04-19 14:58:25,835 INFO  Exporting data from /var/lib/collectd/rrd/mythicb/exec/gauge-mapper-c8y-size.rrd
2022-04-19 14:58:25,946 INFO  Exporting data from /var/lib/collectd/rrd/mythicb/exec/gauge-mapper-c8y-resident.rrd
2022-04-19 14:58:26,052 INFO  Exporting data from /var/lib/collectd/rrd/mythicb/exec/gauge-mosquitto-utime.rrd
2022-04-19 14:58:26,159 INFO  Exporting data from /var/lib/collectd/rrd/mythicb/exec/gauge-mapper-c8y-stime.rrd
2022-04-19 14:58:26,265 INFO  Exporting data from /var/lib/collectd/rrd/mythicb/exec/gauge-mapper-c8y-data.rrd
2022-04-19 14:58:26,371 INFO  Exporting data from /var/lib/collectd/rrd/mythicb/exec/gauge-mapper-c8y-utime.rrd
2022-04-19 14:58:26,477 INFO  Exporting data from /var/lib/collectd/rrd/mythicb/exec/gauge-mapper-c8y-shared.rrd
2022-04-19 14:58:30,775 INFO  Executed sudo<tedge_disconnect_c8y>, exit status 0
2022-04-19 14:58:31,338 INFO  Executed systemctl<serv_mapper5>, exit status 3
2022-04-19 14:58:31,396 INFO  
2022-04-19 14:58:31,396 INFO  Test duration: 91.43 secs
2022-04-19 14:58:31,398 INFO  Test final outcome:  PASSED
2022-04-19 14:58:31,399 INFO  
