2022-05-30 09:37:45,852 INFO  ==============================================================
2022-05-30 09:37:45,853 INFO  Id:    SoftwareManagement.sm_fake_install_remove_multiple
2022-05-30 09:37:45,853 INFO  Dir:   software_management_end_to_end/
2022-05-30 09:37:45,853 INFO  Title: Validate end to end behaviour for the dummy-plugin for multiple packages
2022-05-30 09:37:45,853 INFO  ==============================================================
2022-05-30 09:37:45,854 INFO  Using sw id database: {'asciijump': '5475369', 'robotfindskitten': '5474869', 'squirrel3': '5475279', 'rolldice': '5152439', 'moon-buggy': '5439204', 'apple': '5495053', 'banana': '5494888', 'cherry': '5495382', 'watermelon': '5494510', 'registry': '8018911', 'hello-world': '8021526', 'docker/getting-started': '8021973', 'alpine': '7991792'}
2022-05-30 09:37:45,854 INFO  EnvironmentC8y Setup
2022-05-30 09:37:45,957 INFO  Executed systemctl<serv_mapper1>, exit status 3
2022-05-30 09:37:45,975 INFO  Restarting mosquitto too frequently in the last 10 seconds. It was only up for 1 seconds
2022-05-30 09:37:45,976 INFO  Delaying execution by 10 seconds
2022-05-30 09:38:13,457 INFO  Executed sudo<tedge_connect_c8y>, exit status 0, duration 17 secs
2022-05-30 09:38:13,609 INFO  Executed sudo<tedge_connect_c8y_test>, exit status 0
2022-05-30 09:38:13,711 INFO  Executed systemctl<serv_mosq2>, exit status 0
2022-05-30 09:38:13,763 INFO  Executed systemctl<serv_mapper3>, exit status 0
2022-05-30 09:38:15,878 INFO  State of current operation: SUCCESSFUL
2022-05-30 09:38:16,035 INFO  Package apple is installed
2022-05-30 09:38:16,036 INFO  Assert that (True == value) with value=True ... passed
2022-05-30 09:38:16,164 INFO  Package banana is installed
2022-05-30 09:38:16,164 INFO  Assert that (True == value) with value=True ... passed
2022-05-30 09:38:16,295 INFO  Package cherry is installed
2022-05-30 09:38:16,296 INFO  Assert that (True == value) with value=True ... passed
2022-05-30 09:38:16,419 INFO  Response status: 201
2022-05-30 09:38:16,419 INFO  Response to action: {
    "delivery": {
        "log": [],
        "time": "2022-05-30T09:38:16.397Z",
        "status": "PENDING"
    },
    "creationTime": "2022-05-30T09:38:16.382Z",
    "deviceId": "19785100",
    "deviceName": "ubuntu-2gb-hel1-4-thin-edge-a",
    "self": "https://t493319102.eu-latest.cumulocity.com/devicecontrol/operations/19797675",
    "id": "19797675",
    "status": "PENDING",
    "description": "Apply software changes, triggered from PySys: [{'action': 'install', 'id': '5495053', 'name': 'apple', 'url': ' ', 'version': '::fruits'}, {'action': 'install', 'id': '5494888', 'name': 'banana', 'url': ' ', 'version': '::fruits'}, {'action': 'install', 'id': '5495382', 'name': 'cherry', 'url': ' ', 'version': '::fruits'}]",
    "c8y_SoftwareUpdate": [
        {
            "name": "apple",
            "action": "install",
            "id": "5495053",
            "version": "::fruits",
            "url": " "
        },
        {
            "name": "banana",
            "action": "install",
            "id": "5494888",
            "version": "::fruits",
            "url": " "
        },
        {
            "name": "cherry",
            "action": "install",
            "id": "5495382",
            "version": "::fruits",
            "url": " "
        }
    ]
}
2022-05-30 09:38:16,420 INFO  Started operation: {'delivery': {'log': [], 'time': '2022-05-30T09:38:16.397Z', 'status': 'PENDING'}, 'creationTime': '2022-05-30T09:38:16.382Z', 'deviceId': '19785100', 'deviceName': 'ubuntu-2gb-hel1-4-thin-edge-a', 'self': 'https://t493319102.eu-latest.cumulocity.com/devicecontrol/operations/19797675', 'id': '19797675', 'status': 'PENDING', 'description': "Apply software changes, triggered from PySys: [{'action': 'install', 'id': '5495053', 'name': 'apple', 'url': ' ', 'version': '::fruits'}, {'action': 'install', 'id': '5494888', 'name': 'banana', 'url': ' ', 'version': '::fruits'}, {'action': 'install', 'id': '5495382', 'name': 'cherry', 'url': ' ', 'version': '::fruits'}]", 'c8y_SoftwareUpdate': [{'name': 'apple', 'action': 'install', 'id': '5495053', 'version': '::fruits', 'url': ' '}, {'name': 'banana', 'action': 'install', 'id': '5494888', 'version': '::fruits', 'url': ' '}, {'name': 'cherry', 'action': 'install', 'id': '5495382', 'version': '::fruits', 'url': ' '}]}
2022-05-30 09:38:18,534 INFO  State of operation 19797675 : SUCCESSFUL
2022-05-30 09:38:18,664 INFO  Package apple is installed
2022-05-30 09:38:18,664 INFO  Assert that (True == value) with value=True ... passed
2022-05-30 09:38:18,792 INFO  Package banana is installed
2022-05-30 09:38:18,792 INFO  Assert that (True == value) with value=True ... passed
2022-05-30 09:38:18,920 INFO  Package cherry is installed
2022-05-30 09:38:18,921 INFO  Assert that (True == value) with value=True ... passed
2022-05-30 09:38:19,040 INFO  Response status: 201
2022-05-30 09:38:19,040 INFO  Response to action: {
    "delivery": {
        "log": [],
        "time": "2022-05-30T09:38:19.019Z",
        "status": "PENDING"
    },
    "creationTime": "2022-05-30T09:38:19.005Z",
    "deviceId": "19785100",
    "deviceName": "ubuntu-2gb-hel1-4-thin-edge-a",
    "self": "https://t493319102.eu-latest.cumulocity.com/devicecontrol/operations/19797683",
    "id": "19797683",
    "status": "PENDING",
    "description": "Apply software changes, triggered from PySys: [{'action': 'install', 'id': '5495053', 'name': 'apple', 'url': ' ', 'version': '::fruits'}, {'action': 'install', 'id': '5494888', 'name': 'banana', 'url': ' ', 'version': '::fruits'}, {'action': 'install', 'id': '5495382', 'name': 'cherry', 'url': ' ', 'version': '::fruits'}]",
    "c8y_SoftwareUpdate": [
        {
            "name": "apple",
            "action": "install",
            "id": "5495053",
            "version": "::fruits",
            "url": " "
        },
        {
            "name": "banana",
            "action": "install",
            "id": "5494888",
            "version": "::fruits",
            "url": " "
        },
        {
            "name": "cherry",
            "action": "install",
            "id": "5495382",
            "version": "::fruits",
            "url": " "
        }
    ]
}
2022-05-30 09:38:19,040 INFO  Started operation: {'delivery': {'log': [], 'time': '2022-05-30T09:38:19.019Z', 'status': 'PENDING'}, 'creationTime': '2022-05-30T09:38:19.005Z', 'deviceId': '19785100', 'deviceName': 'ubuntu-2gb-hel1-4-thin-edge-a', 'self': 'https://t493319102.eu-latest.cumulocity.com/devicecontrol/operations/19797683', 'id': '19797683', 'status': 'PENDING', 'description': "Apply software changes, triggered from PySys: [{'action': 'install', 'id': '5495053', 'name': 'apple', 'url': ' ', 'version': '::fruits'}, {'action': 'install', 'id': '5494888', 'name': 'banana', 'url': ' ', 'version': '::fruits'}, {'action': 'install', 'id': '5495382', 'name': 'cherry', 'url': ' ', 'version': '::fruits'}]", 'c8y_SoftwareUpdate': [{'name': 'apple', 'action': 'install', 'id': '5495053', 'version': '::fruits', 'url': ' '}, {'name': 'banana', 'action': 'install', 'id': '5494888', 'version': '::fruits', 'url': ' '}, {'name': 'cherry', 'action': 'install', 'id': '5495382', 'version': '::fruits', 'url': ' '}]}
2022-05-30 09:38:21,197 INFO  State of operation 19797683 : SUCCESSFUL
2022-05-30 09:38:21,328 INFO  Package apple is installed
2022-05-30 09:38:21,329 INFO  Assert that (True == value) with value=True ... passed
2022-05-30 09:38:21,457 INFO  Package banana is installed
2022-05-30 09:38:21,458 INFO  Assert that (True == value) with value=True ... passed
2022-05-30 09:38:21,585 INFO  Package cherry is installed
2022-05-30 09:38:21,586 INFO  Assert that (True == value) with value=True ... passed
2022-05-30 09:38:21,586 INFO  
2022-05-30 09:38:21,586 INFO  cleanup:
2022-05-30 09:38:32,502 INFO  Executed sudo<tedge_disconnect_c8y>, exit status 0
2022-05-30 09:38:32,605 INFO  Executed systemctl<serv_mapper5>, exit status 3
2022-05-30 09:38:32,606 INFO  
2022-05-30 09:38:32,606 INFO  Test duration: 46.75 secs
2022-05-30 09:38:32,606 INFO  Test final outcome:  PASSED
2022-05-30 09:38:32,606 INFO  
