2022-05-11 12:33:04,850 INFO  ==============================================================
2022-05-11 12:33:04,851 INFO  Id:    docker_plugin_install_with_version
2022-05-11 12:33:04,853 INFO  Dir:   plugin_docker/
2022-05-11 12:33:04,853 INFO  Title: Validate docker plugin install
2022-05-11 12:33:04,854 INFO  ==============================================================
2022-05-11 12:33:05,681 INFO  Executed sudo<docker_images>, exit status 0
2022-05-11 12:33:05,686 INFO  Grep on file /home/pi/actions-runner/_work/thin-edge.io/thin-edge.io/tests/PySys/plugin_docker/docker_plugin_install_with_version/Output/linux/docker_images.out ... passed
2022-05-11 12:33:30,567 INFO  Executed sudo<plugin_install>, exit status 0, duration 24 secs
2022-05-11 12:33:31,416 INFO  Executed sudo<docker_ps_latest>, exit status 0
2022-05-11 12:33:32,197 INFO  Executed sudo<docker_ps>, exit status 0
2022-05-11 12:33:32,204 INFO  Grep on file /home/pi/actions-runner/_work/thin-edge.io/thin-edge.io/tests/PySys/plugin_docker/docker_plugin_install_with_version/Output/linux/docker_ps.out ... passed
2022-05-11 12:33:32,210 INFO  
2022-05-11 12:33:32,211 INFO  cleanup:
2022-05-11 12:33:32,211 INFO  Removing containers scheduled to be cleaned up: ['a2d87473fb66', '8ad7092fe3f1']
2022-05-11 12:33:35,298 INFO  Executed sudo<containers_for_cleanup>, exit status 0
2022-05-11 12:33:35,300 INFO  Removing images scheduled to be cleaned up: ['registry', 'registry', 'registry:2.7.1']
2022-05-11 12:33:38,576 INFO  Executed sudo<containers_for_cleanup>, exit status 0
2022-05-11 12:33:38,580 INFO  
2022-05-11 12:33:38,581 INFO  Test duration: 33.74 secs
2022-05-11 12:33:38,582 INFO  Test final outcome:  PASSED
2022-05-11 12:33:38,583 INFO  
