2022-05-10 20:34:34,415 INFO  ==============================================================
2022-05-10 20:34:34,416 INFO  Id:    SoftwareManagement.Plugin.apama_plugin_install
2022-05-10 20:34:34,420 INFO  Dir:   plugin_apama/
2022-05-10 20:34:34,421 INFO  Title: Validate apama plugin install
2022-05-10 20:34:34,422 INFO  ==============================================================
2022-05-10 20:34:34,476 INFO  Assertion that path exists=False for "/etc/tedge/apama/project" ... passed
2022-05-10 20:34:36,398 INFO  Executed sudo<plugin_install>, exit status 0
2022-05-10 20:34:37,161 INFO  Executed sudo<apama_correlator_wait>, exit status 0
2022-05-10 20:34:37,923 INFO  Executed sudo<plugin_list_after_install>, exit status 0
2022-05-10 20:34:37,925 INFO  Assertion that path exists=True for "/etc/tedge/apama/project" ... passed
2022-05-10 20:34:38,945 INFO  Executed sudo<apama_list_monitors>, exit status 0
2022-05-10 20:34:38,966 INFO  Grep on file /home/pi/actions-runner/_work/thin-edge.io/thin-edge.io/tests/PySys/plugin_apama/apama_plugin_install/Output/linux/apama_list_monitors.out ... passed
2022-05-10 20:34:38,973 INFO  Grep on file plugin_list_after_install.out ... passed
2022-05-10 20:34:38,978 INFO  Grep on file plugin_list_after_install.out ... passed
2022-05-10 20:34:38,985 INFO  
2022-05-10 20:34:38,986 INFO  cleanup:
2022-05-10 20:34:38,987 INFO  Removing apama project
2022-05-10 20:34:56,482 INFO  Executed sudo<stop_apama_service>, exit status 0, duration 17 secs
2022-05-10 20:34:57,043 INFO  Executed sudo<remove_apama_project>, exit status 0
2022-05-10 20:34:57,603 INFO  Executed sudo<remove_apama_tmp_dir>, exit status 0
2022-05-10 20:34:57,608 INFO  
2022-05-10 20:34:57,609 INFO  Test duration: 23.20 secs
2022-05-10 20:34:57,610 INFO  Test final outcome:  PASSED
2022-05-10 20:34:57,611 INFO  
