2022-04-12 09:43:34,459 INFO  ==============================================================
2022-04-12 09:43:34,460 INFO  Id:    SoftwareManagement.sm_apt_install_remove
2022-04-12 09:43:34,461 INFO  Dir:   software_management_end_to_end/
2022-04-12 09:43:34,462 INFO  Title: Validate end to end behaviour for the apt plugin for installation and removal of packages
2022-04-12 09:43:34,463 INFO  ==============================================================
2022-04-12 09:43:34,483 INFO  Using sw id database: {'asciijump': '5475369', 'robotfindskitten': '5474869', 'squirrel3': '5475279', 'rolldice': '5152439', 'moon-buggy': '5439204', 'apple': '5495053', 'banana': '5494888', 'cherry': '5495382', 'watermelon': '5494510', 'registry': '8018911', 'hello-world': '8021526', 'docker/getting-started': '8021973', 'alpine': '7991792'}
2022-04-12 09:43:34,484 INFO  EnvironmentC8y Setup
2022-04-12 09:43:35,046 INFO  Executed systemctl<serv_mapper1>, exit status 3
2022-04-12 09:43:35,150 INFO  Restarting mosquitto too frequently in the last 10 seconds. It was only up for 5 seconds
2022-04-12 09:43:35,151 INFO  Delaying execution by 6 seconds
2022-04-12 09:43:55,020 INFO  Executed sudo<tedge_connect_c8y>, exit status 0, duration 13 secs
2022-04-12 09:43:55,648 INFO  Executed sudo<tedge_connect_c8y_test>, exit status 0
2022-04-12 09:43:56,164 INFO  Executed systemctl<serv_mosq2>, exit status 0
2022-04-12 09:43:56,678 INFO  Executed systemctl<serv_mapper3>, exit status 0
2022-04-12 09:43:58,900 INFO  State of current operation: FAILED
2022-04-12 09:43:59,370 INFO  Assert that (False == value) with value=False ... passed
2022-04-12 09:43:59,594 INFO  Response status: 201
2022-04-12 09:43:59,596 INFO  Response to action: {
    "creationTime": "2022-04-12T09:43:59.549Z",
    "deviceId": "17193228",
    "deviceName": "mythicd",
    "self": "https://t493319102.eu-latest.cumulocity.com/devicecontrol/operations/17197554",
    "id": "17197554",
    "status": "PENDING",
    "description": "Apply software changes, triggered from PySys: [{'name': 'rolldice', 'id': '5152439', 'version': '::apt', 'url': '', 'action': 'install'}]",
    "c8y_SoftwareUpdate": [
        {
            "name": "rolldice",
            "action": "install",
            "id": "5152439",
            "version": "::apt",
            "url": ""
        }
    ]
}
2022-04-12 09:43:59,597 INFO  Started operation: {'creationTime': '2022-04-12T09:43:59.549Z', 'deviceId': '17193228', 'deviceName': 'mythicd', 'self': 'https://t493319102.eu-latest.cumulocity.com/devicecontrol/operations/17197554', 'id': '17197554', 'status': 'PENDING', 'description': "Apply software changes, triggered from PySys: [{'name': 'rolldice', 'id': '5152439', 'version': '::apt', 'url': '', 'action': 'install'}]", 'c8y_SoftwareUpdate': [{'name': 'rolldice', 'action': 'install', 'id': '5152439', 'version': '::apt', 'url': ''}]}
2022-04-12 09:44:01,802 INFO  State of operation 17197554 : PENDING
2022-04-12 09:44:04,035 INFO  State of operation 17197554 : EXECUTING
2022-04-12 09:44:06,257 INFO  State of operation 17197554 : EXECUTING
2022-04-12 09:44:08,474 INFO  State of operation 17197554 : EXECUTING
2022-04-12 09:44:10,693 INFO  State of operation 17197554 : EXECUTING
2022-04-12 09:44:12,906 INFO  State of operation 17197554 : EXECUTING
2022-04-12 09:44:15,659 INFO  State of operation 17197554 : EXECUTING
2022-04-12 09:44:18,441 INFO  State of operation 17197554 : EXECUTING
2022-04-12 09:44:20,733 INFO  State of operation 17197554 : EXECUTING
2022-04-12 09:44:23,021 INFO  State of operation 17197554 : EXECUTING
2022-04-12 09:44:25,268 INFO  State of operation 17197554 : EXECUTING
2022-04-12 09:44:27,481 INFO  State of operation 17197554 : EXECUTING
2022-04-12 09:44:29,708 INFO  State of operation 17197554 : EXECUTING
2022-04-12 09:44:31,942 INFO  State of operation 17197554 : EXECUTING
2022-04-12 09:44:34,166 INFO  State of operation 17197554 : EXECUTING
2022-04-12 09:44:36,386 INFO  State of operation 17197554 : EXECUTING
2022-04-12 09:44:38,801 INFO  State of operation 17197554 : EXECUTING
2022-04-12 09:44:41,115 INFO  State of operation 17197554 : EXECUTING
2022-04-12 09:44:44,059 INFO  State of operation 17197554 : EXECUTING
2022-04-12 09:44:46,273 INFO  State of operation 17197554 : EXECUTING
2022-04-12 09:44:48,548 INFO  State of operation 17197554 : EXECUTING
2022-04-12 09:44:50,759 INFO  State of operation 17197554 : EXECUTING
2022-04-12 09:44:53,313 INFO  State of operation 17197554 : EXECUTING
2022-04-12 09:44:55,576 INFO  State of operation 17197554 : EXECUTING
2022-04-12 09:44:58,245 INFO  State of operation 17197554 : EXECUTING
2022-04-12 09:45:00,512 INFO  State of operation 17197554 : EXECUTING
2022-04-12 09:45:03,063 INFO  State of operation 17197554 : EXECUTING
2022-04-12 09:45:05,277 INFO  State of operation 17197554 : EXECUTING
2022-04-12 09:45:07,846 INFO  State of operation 17197554 : EXECUTING
2022-04-12 09:45:10,098 INFO  State of operation 17197554 : EXECUTING
2022-04-12 09:45:12,563 INFO  State of operation 17197554 : EXECUTING
2022-04-12 09:45:14,779 INFO  State of operation 17197554 : EXECUTING
2022-04-12 09:45:16,992 INFO  State of operation 17197554 : EXECUTING
2022-04-12 09:45:19,215 INFO  State of operation 17197554 : EXECUTING
2022-04-12 09:45:21,422 INFO  State of operation 17197554 : SUCCESSFUL
2022-04-12 09:45:21,651 INFO  Package rolldice is installed
2022-04-12 09:45:21,654 INFO  Assert that (True == value) with value=True ... passed
2022-04-12 09:45:21,873 INFO  Response status: 201
2022-04-12 09:45:21,875 INFO  Response to action: {
    "creationTime": "2022-04-12T09:45:21.830Z",
    "deviceId": "17193228",
    "deviceName": "mythicd",
    "self": "https://t493319102.eu-latest.cumulocity.com/devicecontrol/operations/17197558",
    "id": "17197558",
    "status": "PENDING",
    "description": "Apply software changes, triggered from PySys: [{'name': 'rolldice', 'id': '5152439', 'version': '::apt', 'url': '', 'action': 'delete'}]",
    "c8y_SoftwareUpdate": [
        {
            "name": "rolldice",
            "action": "delete",
            "id": "5152439",
            "version": "::apt",
            "url": ""
        }
    ]
}
2022-04-12 09:45:21,876 INFO  Started operation: {'creationTime': '2022-04-12T09:45:21.830Z', 'deviceId': '17193228', 'deviceName': 'mythicd', 'self': 'https://t493319102.eu-latest.cumulocity.com/devicecontrol/operations/17197558', 'id': '17197558', 'status': 'PENDING', 'description': "Apply software changes, triggered from PySys: [{'name': 'rolldice', 'id': '5152439', 'version': '::apt', 'url': '', 'action': 'delete'}]", 'c8y_SoftwareUpdate': [{'name': 'rolldice', 'action': 'delete', 'id': '5152439', 'version': '::apt', 'url': ''}]}
2022-04-12 09:45:24,090 INFO  State of operation 17197558 : PENDING
2022-04-12 09:45:26,332 INFO  State of operation 17197558 : EXECUTING
2022-04-12 09:45:28,543 INFO  State of operation 17197558 : EXECUTING
2022-04-12 09:45:30,753 INFO  State of operation 17197558 : EXECUTING
2022-04-12 09:45:32,971 INFO  State of operation 17197558 : EXECUTING
2022-04-12 09:45:35,188 INFO  State of operation 17197558 : EXECUTING
2022-04-12 09:45:37,947 INFO  State of operation 17197558 : EXECUTING
2022-04-12 09:45:40,713 INFO  State of operation 17197558 : EXECUTING
2022-04-12 09:45:42,937 INFO  State of operation 17197558 : EXECUTING
2022-04-12 09:45:45,295 INFO  State of operation 17197558 : EXECUTING
2022-04-12 09:45:47,511 INFO  State of operation 17197558 : EXECUTING
2022-04-12 09:45:49,727 INFO  State of operation 17197558 : EXECUTING
2022-04-12 09:45:51,939 INFO  State of operation 17197558 : EXECUTING
2022-04-12 09:45:54,232 INFO  State of operation 17197558 : EXECUTING
2022-04-12 09:45:56,637 INFO  State of operation 17197558 : EXECUTING
2022-04-12 09:45:59,370 INFO  State of operation 17197558 : EXECUTING
2022-04-12 09:46:01,620 INFO  State of operation 17197558 : EXECUTING
2022-04-12 09:46:03,998 INFO  State of operation 17197558 : EXECUTING
2022-04-12 09:46:06,216 INFO  State of operation 17197558 : EXECUTING
2022-04-12 09:46:08,465 INFO  State of operation 17197558 : EXECUTING
2022-04-12 09:46:10,679 INFO  State of operation 17197558 : EXECUTING
2022-04-12 09:46:12,891 INFO  State of operation 17197558 : SUCCESSFUL
2022-04-12 09:46:13,146 INFO  Assert that (False == value) with value=False ... passed
2022-04-12 09:46:13,158 INFO  
2022-04-12 09:46:13,159 INFO  cleanup:
2022-04-12 09:46:17,366 INFO  Executed sudo<tedge_disconnect_c8y>, exit status 0
2022-04-12 09:46:17,934 INFO  Executed systemctl<serv_mapper5>, exit status 3
2022-04-12 09:46:17,939 INFO  
2022-04-12 09:46:17,939 INFO  Test duration: 163.49 secs
2022-04-12 09:46:17,941 INFO  Test final outcome:  PASSED
2022-04-12 09:46:17,941 INFO  
