2022-04-15 09:10:08,696 INFO  ==============================================================
2022-04-15 09:10:08,697 INFO  Id:    tedge_mapper_az_without_timestamp
2022-04-15 09:10:08,698 INFO  Dir:   tedge_mapper_az/
2022-04-15 09:10:08,699 INFO  Title: Validate the Azure Mapper that publishes a Thin Edge JSON message without timestamp on az/messages/events/ when it receives a valid JSON message on tedge/measurements and az.mapper.timestamp is configured false
2022-04-15 09:10:08,700 INFO  ==============================================================
2022-04-15 09:10:09,268 INFO  Executed sudo<tedge_temp>, exit status 0
2022-04-15 09:10:09,843 INFO  Executed sudo<tedge_mapper_az>, exit status 0
2022-04-15 09:10:09,854 INFO  Started sudo<tedge_sub> with process id 2846
2022-04-15 09:10:10,523 INFO  Executed sudo<tedge_temp>, exit status 0
2022-04-15 09:10:11,036 INFO  Executed sudo<kill_out>, exit status 0
2022-04-15 09:10:11,041 INFO  Assert that (actual == expected) with actual=12.0, expected=12 ... passed
2022-04-15 09:10:11,045 INFO  Grep on file tedge_sub.out ... passed
2022-04-15 09:10:11,051 INFO  
2022-04-15 09:10:11,052 INFO  cleanup:
2022-04-15 09:10:11,053 INFO  mapper_cleanup
2022-04-15 09:10:11,665 INFO  Executed sudo<tedge_mapper_az>, exit status 0
2022-04-15 09:10:12,228 INFO  Executed sudo<tedge_temp>, exit status 0
2022-04-15 09:10:12,232 INFO  
2022-04-15 09:10:12,233 INFO  Test duration: 3.54 secs
2022-04-15 09:10:12,234 INFO  Test final outcome:  PASSED
2022-04-15 09:10:12,235 INFO  
