2022-05-10 19:34:48,787 INFO  ==============================================================
2022-05-10 19:34:48,787 INFO  Id:    apt_sequence_remove
2022-05-10 19:34:48,787 INFO  Dir:   plugin_apt/
2022-05-10 19:34:48,787 INFO  Title: Validate apt plugin prepare install remove finalize use case
2022-05-10 19:34:48,788 INFO  ==============================================================
2022-05-10 19:34:54,709 INFO  Executed sudo, exit status 0
2022-05-10 19:34:55,263 INFO  Executed sudo<outp_check_0>, exit status 0
2022-05-10 19:34:55,264 INFO  Assert that (value==0) with value=0 ... passed
2022-05-10 19:34:55,264 INFO  Grep on file outp_check_0.out ... passed
2022-05-10 19:34:57,575 INFO  Executed sudo<outp_prepare>, exit status 0
2022-05-10 19:34:57,576 INFO  Assert that (value==0) with value=0 ... passed
2022-05-10 19:35:03,453 INFO  Executed sudo<outp_remove>, exit status 0
2022-05-10 19:35:03,454 INFO  Assert that (value==0) with value=0 ... passed
2022-05-10 19:35:04,260 INFO  Executed sudo<outp_finalize>, exit status 0
2022-05-10 19:35:04,260 INFO  Assert that (value==0) with value=0 ... passed
2022-05-10 19:35:04,816 INFO  Executed sudo<outp_check_1>, exit status 0
2022-05-10 19:35:04,817 INFO  Assert that (value==0) with value=0 ... passed
2022-05-10 19:35:04,818 INFO  Grep on file outp_check_1.out ... passed
2022-05-10 19:35:04,818 INFO  
2022-05-10 19:35:04,818 INFO  cleanup:
2022-05-10 19:35:05,573 INFO  Executed sudo, exit status 0
2022-05-10 19:35:05,574 INFO  
2022-05-10 19:35:05,574 INFO  Test duration: 16.78 secs
2022-05-10 19:35:05,574 INFO  Test final outcome:  PASSED
2022-05-10 19:35:05,574 INFO  
