2022-05-16 07:46:12,571 INFO  ==============================================================
2022-05-16 07:46:12,572 INFO  Id:    apt_install_local_file_with_version
2022-05-16 07:46:12,573 INFO  Dir:   plugin_apt/
2022-05-16 07:46:12,574 INFO  Title: Validate apt plugin install from local file AND with a version - SUCCESS case
2022-05-16 07:46:12,574 INFO  ==============================================================
2022-05-16 07:46:14,962 INFO  URL of rolldice is b"'http://mirror.mythic-beasts.com/raspbian/pool/main/r/rolldice/rolldice_1.16-1%2bb2_armhf.deb'"
2022-05-16 07:46:17,237 INFO  Downloaded rolldcice in version 1.16-1+b2
2022-05-16 07:46:17,238 INFO  Filename is rolldice_1.16-1+b2_armhf.deb
2022-05-16 07:46:22,325 INFO  Executed sudo, exit status 0
2022-05-16 07:46:25,201 INFO  Executed sudo<outp_check_0>, exit status 0
2022-05-16 07:46:25,203 INFO  Assert that (value==0) with value=0 ... passed
2022-05-16 07:46:25,209 INFO  Grep on file outp_check_0.out ... passed
2022-05-16 07:47:12,186 INFO  Executed sudo<outp_install>, exit status 0, duration 46 secs
2022-05-16 07:47:12,191 INFO  Assert that (value==0) with value=0 ... passed
2022-05-16 07:47:18,070 INFO  Executed sudo<outp_check_1>, exit status 0
2022-05-16 07:47:18,072 INFO  Assert that (value==0) with value=0 ... passed
2022-05-16 07:47:18,078 INFO  Grep on file outp_check_1.out ... passed
2022-05-16 07:47:18,084 INFO  
2022-05-16 07:47:18,084 INFO  cleanup:
2022-05-16 07:47:18,089 INFO  
2022-05-16 07:47:18,090 INFO  Test duration: 65.52 secs
2022-05-16 07:47:18,091 INFO  Test final outcome:  PASSED
2022-05-16 07:47:18,092 INFO  
