2022-05-04 09:11:25,060 INFO  ==============================================================
2022-05-04 09:11:25,061 INFO  Id:    SoftwareManagement.sm_apt_install_remove_multiple_mixed
2022-05-04 09:11:25,062 INFO  Dir:   software_management_end_to_end/
2022-05-04 09:11:25,063 INFO  Title: Validate end to end behaviour for the apt plugin for multiple packages with mixed versions
2022-05-04 09:11:25,064 INFO  ==============================================================
2022-05-04 09:11:25,084 INFO  Using sw id database: {'asciijump': '5475369', 'robotfindskitten': '5474869', 'squirrel3': '5475279', 'rolldice': '5152439', 'moon-buggy': '5439204', 'apple': '5495053', 'banana': '5494888', 'cherry': '5495382', 'watermelon': '5494510', 'registry': '8018911', 'hello-world': '8021526', 'docker/getting-started': '8021973', 'alpine': '7991792'}
2022-05-04 09:11:25,085 INFO  EnvironmentC8y Setup
2022-05-04 09:11:25,750 INFO  Executed systemctl<serv_mapper1>, exit status 3
2022-05-04 09:11:25,879 INFO  Restarting mosquitto too frequently in the last 10 seconds. It was only up for 4 seconds
2022-05-04 09:11:25,880 INFO  Delaying execution by 7 seconds
2022-05-04 09:11:47,210 INFO  Executed sudo<tedge_connect_c8y>, exit status 0, duration 14 secs
2022-05-04 09:11:48,236 INFO  Executed sudo<tedge_connect_c8y_test>, exit status 0
2022-05-04 09:11:48,700 INFO  Executed systemctl<serv_mosq2>, exit status 0
2022-05-04 09:11:49,166 INFO  Executed systemctl<serv_mapper3>, exit status 0
2022-05-04 09:11:51,393 INFO  State of current operation: SUCCESSFUL
2022-05-04 09:11:51,615 INFO  Assert that (False == value) with value=False ... passed
2022-05-04 09:11:51,839 INFO  Assert that (False == value) with value=False ... passed
2022-05-04 09:11:52,055 INFO  Assert that (False == value) with value=False ... passed
2022-05-04 09:11:52,272 INFO  Assert that (False == value) with value=False ... passed
2022-05-04 09:11:52,501 INFO  Package moon-buggy is installed
2022-05-04 09:11:52,536 WARN  Assert that (False == value) with value=True ... failed 
2022-05-04 09:11:53,811 INFO  Response status: 201
2022-05-04 09:11:53,814 INFO  Response to action: {
    "creationTime": "2022-05-04T09:11:53.761Z",
    "deviceName": "mythicb",
    "deviceId": "18347006",
    "self": "https://t493319102.eu-latest.cumulocity.com/devicecontrol/operations/18389364",
    "id": "18389364",
    "status": "PENDING",
    "description": "Apply software changes, triggered from PySys: [{'action': 'install', 'id': '5475369', 'name': 'asciijump', 'url': ' ', 'version': '::apt'}, {'action': 'install', 'id': '5474869', 'name': 'robotfindskitten', 'url': ' ', 'version': ' '}, {'action': 'install', 'id': '5475279', 'name': 'squirrel3', 'url': ' ', 'version': '3.1-7::apt'}, {'action': 'install', 'id': '5152439', 'name': 'rolldice', 'url': ' ', 'version': '1.16-1+b1'}, {'action': 'install', 'id': '5439204', 'name': 'moon-buggy', 'url': ' ', 'version': '1:1.0.51-12'}, {'action': 'install', 'id': '5475369', 'name': 'asciijump', 'url': ' ', 'version': '::apt'}]",
    "c8y_SoftwareUpdate": [
        {
            "name": "asciijump",
            "action": "install",
            "id": "5475369",
            "version": "::apt",
            "url": " "
        },
        {
            "name": "robotfindskitten",
            "action": "install",
            "id": "5474869",
            "version": " ",
            "url": " "
        },
        {
            "name": "squirrel3",
            "action": "install",
            "id": "5475279",
            "version": "3.1-7::apt",
            "url": " "
        },
        {
            "name": "rolldice",
            "action": "install",
            "id": "5152439",
            "version": "1.16-1+b1",
            "url": " "
        },
        {
            "name": "moon-buggy",
            "action": "install",
            "id": "5439204",
            "version": "1:1.0.51-12",
            "url": " "
        },
        {
            "name": "asciijump",
            "action": "install",
            "id": "5475369",
            "version": "::apt",
            "url": " "
        }
    ]
}
2022-05-04 09:11:53,815 INFO  Started operation: {'creationTime': '2022-05-04T09:11:53.761Z', 'deviceName': 'mythicb', 'deviceId': '18347006', 'self': 'https://t493319102.eu-latest.cumulocity.com/devicecontrol/operations/18389364', 'id': '18389364', 'status': 'PENDING', 'description': "Apply software changes, triggered from PySys: [{'action': 'install', 'id': '5475369', 'name': 'asciijump', 'url': ' ', 'version': '::apt'}, {'action': 'install', 'id': '5474869', 'name': 'robotfindskitten', 'url': ' ', 'version': ' '}, {'action': 'install', 'id': '5475279', 'name': 'squirrel3', 'url': ' ', 'version': '3.1-7::apt'}, {'action': 'install', 'id': '5152439', 'name': 'rolldice', 'url': ' ', 'version': '1.16-1+b1'}, {'action': 'install', 'id': '5439204', 'name': 'moon-buggy', 'url': ' ', 'version': '1:1.0.51-12'}, {'action': 'install', 'id': '5475369', 'name': 'asciijump', 'url': ' ', 'version': '::apt'}]", 'c8y_SoftwareUpdate': [{'name': 'asciijump', 'action': 'install', 'id': '5475369', 'version': '::apt', 'url': ' '}, {'name': 'robotfindskitten', 'action': 'install', 'id': '5474869', 'version': ' ', 'url': ' '}, {'name': 'squirrel3', 'action': 'install', 'id': '5475279', 'version': '3.1-7::apt', 'url': ' '}, {'name': 'rolldice', 'action': 'install', 'id': '5152439', 'version': '1.16-1+b1', 'url': ' '}, {'name': 'moon-buggy', 'action': 'install', 'id': '5439204', 'version': '1:1.0.51-12', 'url': ' '}, {'name': 'asciijump', 'action': 'install', 'id': '5475369', 'version': '::apt', 'url': ' '}]}
2022-05-04 09:11:56,037 INFO  State of operation 18389364 : PENDING
2022-05-04 09:11:58,262 INFO  State of operation 18389364 : EXECUTING
2022-05-04 09:12:00,481 INFO  State of operation 18389364 : EXECUTING
2022-05-04 09:12:02,701 INFO  State of operation 18389364 : EXECUTING
2022-05-04 09:12:04,961 INFO  State of operation 18389364 : EXECUTING
2022-05-04 09:12:07,214 INFO  State of operation 18389364 : EXECUTING
2022-05-04 09:12:10,000 INFO  State of operation 18389364 : EXECUTING
2022-05-04 09:12:13,218 INFO  State of operation 18389364 : EXECUTING
2022-05-04 09:12:15,445 INFO  State of operation 18389364 : EXECUTING
2022-05-04 09:12:17,887 INFO  State of operation 18389364 : EXECUTING
2022-05-04 09:12:20,131 INFO  State of operation 18389364 : EXECUTING
2022-05-04 09:12:22,350 INFO  State of operation 18389364 : EXECUTING
2022-05-04 09:12:24,608 INFO  State of operation 18389364 : EXECUTING
2022-05-04 09:12:26,872 INFO  State of operation 18389364 : EXECUTING
2022-05-04 09:12:29,117 INFO  State of operation 18389364 : EXECUTING
2022-05-04 09:12:31,357 INFO  State of operation 18389364 : EXECUTING
2022-05-04 09:12:33,615 INFO  State of operation 18389364 : EXECUTING
2022-05-04 09:12:36,101 INFO  State of operation 18389364 : EXECUTING
2022-05-04 09:12:39,317 INFO  State of operation 18389364 : EXECUTING
2022-05-04 09:12:41,559 INFO  State of operation 18389364 : EXECUTING
2022-05-04 09:12:43,772 INFO  State of operation 18389364 : EXECUTING
2022-05-04 09:12:45,991 INFO  State of operation 18389364 : EXECUTING
2022-05-04 09:12:48,241 INFO  State of operation 18389364 : EXECUTING
2022-05-04 09:12:50,473 INFO  State of operation 18389364 : EXECUTING
2022-05-04 09:12:53,608 INFO  State of operation 18389364 : EXECUTING
2022-05-04 09:12:55,828 INFO  State of operation 18389364 : EXECUTING
2022-05-04 09:12:58,679 INFO  State of operation 18389364 : EXECUTING
2022-05-04 09:13:00,906 INFO  State of operation 18389364 : EXECUTING
2022-05-04 09:13:03,310 INFO  State of operation 18389364 : EXECUTING
2022-05-04 09:13:05,533 INFO  State of operation 18389364 : EXECUTING
2022-05-04 09:13:07,853 INFO  State of operation 18389364 : EXECUTING
2022-05-04 09:13:10,084 INFO  State of operation 18389364 : EXECUTING
2022-05-04 09:13:12,303 INFO  State of operation 18389364 : EXECUTING
2022-05-04 09:13:14,530 INFO  State of operation 18389364 : EXECUTING
2022-05-04 09:13:16,789 INFO  State of operation 18389364 : EXECUTING
2022-05-04 09:13:19,005 INFO  State of operation 18389364 : EXECUTING
2022-05-04 09:13:21,221 INFO  State of operation 18389364 : EXECUTING
2022-05-04 09:13:23,442 INFO  State of operation 18389364 : EXECUTING
2022-05-04 09:13:26,350 INFO  State of operation 18389364 : EXECUTING
2022-05-04 09:13:29,480 INFO  State of operation 18389364 : EXECUTING
2022-05-04 09:13:31,789 INFO  State of operation 18389364 : EXECUTING
2022-05-04 09:13:34,235 INFO  State of operation 18389364 : EXECUTING
2022-05-04 09:13:36,494 INFO  State of operation 18389364 : EXECUTING
2022-05-04 09:13:38,768 INFO  State of operation 18389364 : EXECUTING
2022-05-04 09:13:41,028 INFO  State of operation 18389364 : EXECUTING
2022-05-04 09:13:43,262 INFO  State of operation 18389364 : EXECUTING
2022-05-04 09:13:45,488 INFO  State of operation 18389364 : EXECUTING
2022-05-04 09:13:47,906 INFO  State of operation 18389364 : EXECUTING
2022-05-04 09:13:50,311 INFO  State of operation 18389364 : EXECUTING
2022-05-04 09:13:53,799 INFO  State of operation 18389364 : EXECUTING
2022-05-04 09:13:56,048 INFO  State of operation 18389364 : EXECUTING
2022-05-04 09:13:58,262 INFO  State of operation 18389364 : EXECUTING
2022-05-04 09:14:01,245 INFO  State of operation 18389364 : EXECUTING
2022-05-04 09:14:03,505 INFO  State of operation 18389364 : EXECUTING
2022-05-04 09:14:05,715 INFO  State of operation 18389364 : EXECUTING
2022-05-04 09:14:07,974 INFO  State of operation 18389364 : EXECUTING
2022-05-04 09:14:10,194 INFO  State of operation 18389364 : EXECUTING
2022-05-04 09:14:13,048 INFO  State of operation 18389364 : EXECUTING
2022-05-04 09:14:15,315 INFO  State of operation 18389364 : EXECUTING
2022-05-04 09:14:17,709 INFO  State of operation 18389364 : EXECUTING
2022-05-04 09:14:19,951 INFO  State of operation 18389364 : EXECUTING
2022-05-04 09:14:21,955 WARN  SystemError occurred while running test - Timeout while waiting for status SUCCESSFUL or False
Traceback (most recent call last):
  File "/home/pi/env-pysys/lib/python3.7/site-packages/pysys/baserunner.py", line 1294, in __call__
    self.testObj.execute()
  File "/home/pi/actions-runner/_work/thin-edge.io/thin-edge.io/tests/PySys/software_management_end_to_end/sm_apt_install_remove_multiple_mixed/run.py", line 89, in execute
    self.wait_until_succcess()
  File "/home/pi/actions-runner/_work/thin-edge.io/thin-edge.io/tests/PySys/software_management_end_to_end/environment_sm_management.py", line 324, in wait_until_succcess
    self.wait_until_status("SUCCESSFUL")
  File "/home/pi/actions-runner/_work/thin-edge.io/thin-edge.io/tests/PySys/software_management_end_to_end/environment_sm_management.py", line 381, in wait_until_status
    "Timeout while waiting for status %s or %s" % (status, status2)
SystemError: Timeout while waiting for status SUCCESSFUL or False
2022-05-04 09:14:22,236 WARN  SystemError: Timeout while waiting for status SUCCESSFUL or False ... blocked 
2022-05-04 09:14:22,240 INFO  
2022-05-04 09:14:22,241 INFO  cleanup:
2022-05-04 09:14:27,381 INFO  Executed sudo<tedge_disconnect_c8y>, exit status 0
2022-05-04 09:14:27,965 INFO  Executed systemctl<serv_mapper5>, exit status 3
2022-05-04 09:14:27,969 INFO  
2022-05-04 09:14:27,970 INFO  Test duration: 182.92 secs
2022-05-04 09:14:27,971 INFO  Test final outcome:  BLOCKED
2022-05-04 09:14:27,972 INFO  Test outcome reason: SystemError: Timeout while waiting for status SUCCESSFUL or False (+1 other failures)
2022-05-04 09:14:27,973 INFO  
