2022-04-28 16:27:07,037 INFO  ==============================================================
2022-04-28 16:27:07,038 INFO  Id:    SoftwareManagement.Plugin.apama_plugin_install
2022-04-28 16:27:07,042 INFO  Dir:   plugin_apama/
2022-04-28 16:27:07,043 INFO  Title: Validate apama plugin install
2022-04-28 16:27:07,043 INFO  ==============================================================
2022-04-28 16:27:07,081 INFO  Assertion that path exists=False for "/etc/tedge/apama/project" ... passed
2022-04-28 16:27:09,806 INFO  Executed sudo<plugin_install>, exit status 0
2022-04-28 16:27:10,531 INFO  Executed sudo<apama_correlator_wait>, exit status 0
2022-04-28 16:27:11,295 INFO  Executed sudo<plugin_list_after_install>, exit status 0
2022-04-28 16:27:11,297 INFO  Assertion that path exists=True for "/etc/tedge/apama/project" ... passed
2022-04-28 16:27:12,040 INFO  Executed sudo<apama_list_monitors>, exit status 0
2022-04-28 16:27:12,050 INFO  Grep on file /home/pi/actions-runner/_work/thin-edge.io/thin-edge.io/tests/PySys/plugin_apama/apama_plugin_install/Output/linux/apama_list_monitors.out ... passed
2022-04-28 16:27:12,055 INFO  Grep on file plugin_list_after_install.out ... passed
2022-04-28 16:27:12,060 INFO  Grep on file plugin_list_after_install.out ... passed
2022-04-28 16:27:12,066 INFO  
2022-04-28 16:27:12,067 INFO  cleanup:
2022-04-28 16:27:12,068 INFO  Removing apama project
2022-04-28 16:27:29,216 INFO  Executed sudo<stop_apama_service>, exit status 0, duration 17 secs
2022-04-28 16:27:29,778 INFO  Executed sudo<remove_apama_project>, exit status 0
2022-04-28 16:27:30,290 INFO  Executed sudo<remove_apama_tmp_dir>, exit status 0
2022-04-28 16:27:30,294 INFO  
2022-04-28 16:27:30,294 INFO  Test duration: 23.27 secs
2022-04-28 16:27:30,296 INFO  Test final outcome:  PASSED
2022-04-28 16:27:30,296 INFO  
