2022-04-15 09:58:35,558 INFO  ==============================================================
2022-04-15 09:58:35,559 INFO  Id:    SoftwareManagement.Plugin.apama_plugin_update
2022-04-15 09:58:35,560 INFO  Dir:   plugin_apama/
2022-04-15 09:58:35,561 INFO  Title: Validate apama plugin updating one project with another
2022-04-15 09:58:35,562 INFO  ==============================================================
2022-04-15 09:58:35,584 INFO  Assertion that path exists=False for "/etc/tedge/apama/project" ... passed
2022-04-15 09:58:36,109 INFO  Executed sudo<create_project_dir>, exit status 0
2022-04-15 09:58:36,670 INFO  Executed sudo<unzip_apama_project>, exit status 0
2022-04-15 09:58:37,181 INFO  Executed sudo<move_apama_project>, exit status 0
2022-04-15 09:58:38,072 INFO  Executed sudo<restart_apama_service>, exit status 0
2022-04-15 09:58:38,889 INFO  Executed sudo<apama_correlator_wait>, exit status 0
2022-04-15 09:58:38,891 INFO  Assertion that path exists=True for "/etc/tedge/apama/project" ... passed
2022-04-15 09:58:39,604 INFO  Executed sudo<apama_list_monitors>, exit status 0
2022-04-15 09:58:39,608 INFO  Grep on file /home/pi/actions-runner/_work/thin-edge.io/thin-edge.io/tests/PySys/plugin_apama/apama_plugin_update/Output/linux/apama_list_monitors.out ... passed
2022-04-15 09:58:40,237 WARN  Executed sudo<plugin_install>, exit status 2
2022-04-15 09:58:40,242 INFO  Contents of plugin_install.err: 
2022-04-15 09:58:40,243 INFO    ERROR: Directory not empty (os error 39)
2022-04-15 09:58:40,244 INFO    -----
2022-04-15 09:58:40,244 INFO  
2022-04-15 09:58:40,568 WARN  sudo<plugin_install> returned non-zero exit code 2 ... blocked [run.py:35]
2022-04-15 09:58:40,569 WARN  Aborted test due to BLOCKED outcome
2022-04-15 09:58:40,575 INFO  
2022-04-15 09:58:40,576 INFO  cleanup:
2022-04-15 09:58:40,577 INFO  Removing apama project
2022-04-15 09:58:56,842 INFO  Executed sudo<stop_apama_service>, exit status 0, duration 16 secs
2022-04-15 09:58:57,355 INFO  Executed sudo<remove_apama_project>, exit status 0
2022-04-15 09:58:57,868 INFO  Executed sudo<remove_apama_tmp_dir>, exit status 0
2022-04-15 09:58:57,872 INFO  
2022-04-15 09:58:57,873 INFO  Test duration: 22.32 secs
2022-04-15 09:58:57,874 INFO  Test final outcome:  BLOCKED
2022-04-15 09:58:57,875 INFO  Test outcome reason: sudo<plugin_install> returned non-zero exit code 2
2022-04-15 09:58:57,876 INFO  
