2022-05-11 11:59:37,257 INFO  ==============================================================
2022-05-11 11:59:37,258 INFO  Id:    SoftwareManagement.sm_fake_install_remove
2022-05-11 11:59:37,258 INFO  Dir:   software_management_end_to_end/
2022-05-11 11:59:37,258 INFO  Title: Validate end to end behaviour for the dummy plugin for installation and removal of packages
2022-05-11 11:59:37,258 INFO  ==============================================================
2022-05-11 11:59:37,258 INFO  Using sw id database: {'asciijump': '5475369', 'robotfindskitten': '5474869', 'squirrel3': '5475279', 'rolldice': '5152439', 'moon-buggy': '5439204', 'apple': '5495053', 'banana': '5494888', 'cherry': '5495382', 'watermelon': '5494510', 'registry': '8018911', 'hello-world': '8021526', 'docker/getting-started': '8021973', 'alpine': '7991792'}
2022-05-11 11:59:37,258 INFO  EnvironmentC8y Setup
2022-05-11 11:59:37,360 INFO  Executed systemctl<serv_mapper1>, exit status 3
2022-05-11 11:59:37,377 INFO  Restarting mosquitto too frequently in the last 10 seconds. It was only up for 1 seconds
2022-05-11 11:59:37,378 INFO  Delaying execution by 10 seconds
2022-05-11 12:00:04,902 INFO  Executed sudo<tedge_connect_c8y>, exit status 0, duration 17 secs
2022-05-11 12:00:05,055 INFO  Executed sudo<tedge_connect_c8y_test>, exit status 0
2022-05-11 12:00:05,157 INFO  Executed systemctl<serv_mosq2>, exit status 0
2022-05-11 12:00:05,260 INFO  Executed systemctl<serv_mapper3>, exit status 0
2022-05-11 12:00:07,388 INFO  State of current operation: SUCCESSFUL
2022-05-11 12:00:07,526 INFO  Assert that (False == value) with value=False ... passed
2022-05-11 12:00:07,666 INFO  Response status: 201
2022-05-11 12:00:07,667 INFO  Response to action: {
    "creationTime": "2022-05-11T12:00:07.619Z",
    "deviceName": "ubuntu-2gb-hel1-4-thin-edge-a",
    "deviceId": "18805035",
    "self": "https://t493319102.eu-latest.cumulocity.com/devicecontrol/operations/18840350",
    "id": "18840350",
    "status": "PENDING",
    "description": "Apply software changes, triggered from PySys: [{'name': 'watermelon', 'id': '5494510', 'version': '::fruits', 'url': '', 'action': 'install'}]",
    "c8y_SoftwareUpdate": [
        {
            "name": "watermelon",
            "action": "install",
            "id": "5494510",
            "version": "::fruits",
            "url": ""
        }
    ]
}
2022-05-11 12:00:07,667 INFO  Started operation: {'creationTime': '2022-05-11T12:00:07.619Z', 'deviceName': 'ubuntu-2gb-hel1-4-thin-edge-a', 'deviceId': '18805035', 'self': 'https://t493319102.eu-latest.cumulocity.com/devicecontrol/operations/18840350', 'id': '18840350', 'status': 'PENDING', 'description': "Apply software changes, triggered from PySys: [{'name': 'watermelon', 'id': '5494510', 'version': '::fruits', 'url': '', 'action': 'install'}]", 'c8y_SoftwareUpdate': [{'name': 'watermelon', 'action': 'install', 'id': '5494510', 'version': '::fruits', 'url': ''}]}
2022-05-11 12:00:09,776 INFO  State of operation 18840350 : SUCCESSFUL
2022-05-11 12:00:09,936 INFO  Package vanilla is installed
2022-05-11 12:00:09,937 INFO  Assert that (True == value) with value=True ... passed
2022-05-11 12:00:10,064 INFO  Response status: 201
2022-05-11 12:00:10,064 INFO  Response to action: {
    "creationTime": "2022-05-11T12:00:10.024Z",
    "deviceName": "ubuntu-2gb-hel1-4-thin-edge-a",
    "deviceId": "18805035",
    "self": "https://t493319102.eu-latest.cumulocity.com/devicecontrol/operations/18840352",
    "id": "18840352",
    "status": "PENDING",
    "description": "Apply software changes, triggered from PySys: [{'name': 'watermelon', 'id': '5494510', 'version': '::fruits', 'url': '', 'action': 'delete'}]",
    "c8y_SoftwareUpdate": [
        {
            "name": "watermelon",
            "action": "delete",
            "id": "5494510",
            "version": "::fruits",
            "url": ""
        }
    ]
}
2022-05-11 12:00:10,064 INFO  Started operation: {'creationTime': '2022-05-11T12:00:10.024Z', 'deviceName': 'ubuntu-2gb-hel1-4-thin-edge-a', 'deviceId': '18805035', 'self': 'https://t493319102.eu-latest.cumulocity.com/devicecontrol/operations/18840352', 'id': '18840352', 'status': 'PENDING', 'description': "Apply software changes, triggered from PySys: [{'name': 'watermelon', 'id': '5494510', 'version': '::fruits', 'url': '', 'action': 'delete'}]", 'c8y_SoftwareUpdate': [{'name': 'watermelon', 'action': 'delete', 'id': '5494510', 'version': '::fruits', 'url': ''}]}
2022-05-11 12:00:12,171 INFO  State of operation 18840352 : SUCCESSFUL
2022-05-11 12:00:12,299 INFO  Assert that (False == value) with value=False ... passed
2022-05-11 12:00:12,300 INFO  
2022-05-11 12:00:12,300 INFO  cleanup:
2022-05-11 12:00:23,358 INFO  Executed sudo<tedge_disconnect_c8y>, exit status 0, duration 11 secs
2022-05-11 12:00:23,461 INFO  Executed systemctl<serv_mapper5>, exit status 3
2022-05-11 12:00:23,462 INFO  
2022-05-11 12:00:23,462 INFO  Test duration: 46.20 secs
2022-05-11 12:00:23,462 INFO  Test final outcome:  PASSED
2022-05-11 12:00:23,462 INFO  
