2022-05-23 10:34:24,966 INFO  ==============================================================
2022-05-23 10:34:24,967 INFO  Id:    SoftwareManagement.sm_fake_install_remove_multiple
2022-05-23 10:34:24,968 INFO  Dir:   software_management_end_to_end/
2022-05-23 10:34:24,969 INFO  Title: Validate end to end behaviour for the dummy-plugin for multiple packages
2022-05-23 10:34:24,970 INFO  ==============================================================
2022-05-23 10:34:24,979 INFO  Using sw id database: {'asciijump': '5475369', 'robotfindskitten': '5474869', 'squirrel3': '5475279', 'rolldice': '5152439', 'moon-buggy': '5439204', 'apple': '5495053', 'banana': '5494888', 'cherry': '5495382', 'watermelon': '5494510', 'registry': '8018911', 'hello-world': '8021526', 'docker/getting-started': '8021973', 'alpine': '7991792'}
2022-05-23 10:34:24,980 INFO  EnvironmentC8y Setup
2022-05-23 10:34:25,593 INFO  Executed systemctl<serv_mapper1>, exit status 3
2022-05-23 10:34:25,700 INFO  Restarting mosquitto too frequently in the last 10 seconds. It was only up for 4 seconds
2022-05-23 10:34:25,702 INFO  Delaying execution by 7 seconds
2022-05-23 10:34:47,408 INFO  Executed sudo<tedge_connect_c8y>, exit status 0, duration 14 secs
2022-05-23 10:34:48,026 INFO  Executed sudo<tedge_connect_c8y_test>, exit status 0
2022-05-23 10:34:48,540 INFO  Executed systemctl<serv_mosq2>, exit status 0
2022-05-23 10:34:49,053 INFO  Executed systemctl<serv_mapper3>, exit status 0
2022-05-23 10:34:51,298 INFO  State of current operation: SUCCESSFUL
2022-05-23 10:34:51,526 INFO  Package apple is installed
2022-05-23 10:34:51,529 INFO  Assert that (True == value) with value=True ... passed
2022-05-23 10:34:51,748 INFO  Package banana is installed
2022-05-23 10:34:51,751 INFO  Assert that (True == value) with value=True ... passed
2022-05-23 10:34:51,983 INFO  Package cherry is installed
2022-05-23 10:34:51,985 INFO  Assert that (True == value) with value=True ... passed
2022-05-23 10:34:52,216 INFO  Response status: 201
2022-05-23 10:34:52,217 INFO  Response to action: {
    "creationTime": "2022-05-23T10:34:52.167Z",
    "deviceId": "19484863",
    "deviceName": "mythica",
    "self": "https://t493319102.eu-latest.cumulocity.com/devicecontrol/operations/19512945",
    "id": "19512945",
    "status": "PENDING",
    "description": "Apply software changes, triggered from PySys: [{'action': 'install', 'id': '5495053', 'name': 'apple', 'url': ' ', 'version': '::fruits'}, {'action': 'install', 'id': '5494888', 'name': 'banana', 'url': ' ', 'version': '::fruits'}, {'action': 'install', 'id': '5495382', 'name': 'cherry', 'url': ' ', 'version': '::fruits'}]",
    "c8y_SoftwareUpdate": [
        {
            "name": "apple",
            "action": "install",
            "id": "5495053",
            "version": "::fruits",
            "url": " "
        },
        {
            "name": "banana",
            "action": "install",
            "id": "5494888",
            "version": "::fruits",
            "url": " "
        },
        {
            "name": "cherry",
            "action": "install",
            "id": "5495382",
            "version": "::fruits",
            "url": " "
        }
    ]
}
2022-05-23 10:34:52,218 INFO  Started operation: {'creationTime': '2022-05-23T10:34:52.167Z', 'deviceId': '19484863', 'deviceName': 'mythica', 'self': 'https://t493319102.eu-latest.cumulocity.com/devicecontrol/operations/19512945', 'id': '19512945', 'status': 'PENDING', 'description': "Apply software changes, triggered from PySys: [{'action': 'install', 'id': '5495053', 'name': 'apple', 'url': ' ', 'version': '::fruits'}, {'action': 'install', 'id': '5494888', 'name': 'banana', 'url': ' ', 'version': '::fruits'}, {'action': 'install', 'id': '5495382', 'name': 'cherry', 'url': ' ', 'version': '::fruits'}]", 'c8y_SoftwareUpdate': [{'name': 'apple', 'action': 'install', 'id': '5495053', 'version': '::fruits', 'url': ' '}, {'name': 'banana', 'action': 'install', 'id': '5494888', 'version': '::fruits', 'url': ' '}, {'name': 'cherry', 'action': 'install', 'id': '5495382', 'version': '::fruits', 'url': ' '}]}
2022-05-23 10:34:54,432 INFO  State of operation 19512945 : PENDING
2022-05-23 10:34:56,722 INFO  State of operation 19512945 : EXECUTING
2022-05-23 10:34:58,933 INFO  State of operation 19512945 : SUCCESSFUL
2022-05-23 10:34:59,169 INFO  Package apple is installed
2022-05-23 10:34:59,171 INFO  Assert that (True == value) with value=True ... passed
2022-05-23 10:34:59,417 INFO  Package banana is installed
2022-05-23 10:34:59,419 INFO  Assert that (True == value) with value=True ... passed
2022-05-23 10:34:59,635 INFO  Package cherry is installed
2022-05-23 10:34:59,638 INFO  Assert that (True == value) with value=True ... passed
2022-05-23 10:34:59,894 INFO  Response status: 201
2022-05-23 10:34:59,895 INFO  Response to action: {
    "creationTime": "2022-05-23T10:34:59.818Z",
    "deviceId": "19484863",
    "deviceName": "mythica",
    "self": "https://t493319102.eu-latest.cumulocity.com/devicecontrol/operations/19512956",
    "id": "19512956",
    "status": "PENDING",
    "description": "Apply software changes, triggered from PySys: [{'action': 'install', 'id': '5495053', 'name': 'apple', 'url': ' ', 'version': '::fruits'}, {'action': 'install', 'id': '5494888', 'name': 'banana', 'url': ' ', 'version': '::fruits'}, {'action': 'install', 'id': '5495382', 'name': 'cherry', 'url': ' ', 'version': '::fruits'}]",
    "c8y_SoftwareUpdate": [
        {
            "name": "apple",
            "action": "install",
            "id": "5495053",
            "version": "::fruits",
            "url": " "
        },
        {
            "name": "banana",
            "action": "install",
            "id": "5494888",
            "version": "::fruits",
            "url": " "
        },
        {
            "name": "cherry",
            "action": "install",
            "id": "5495382",
            "version": "::fruits",
            "url": " "
        }
    ]
}
2022-05-23 10:34:59,896 INFO  Started operation: {'creationTime': '2022-05-23T10:34:59.818Z', 'deviceId': '19484863', 'deviceName': 'mythica', 'self': 'https://t493319102.eu-latest.cumulocity.com/devicecontrol/operations/19512956', 'id': '19512956', 'status': 'PENDING', 'description': "Apply software changes, triggered from PySys: [{'action': 'install', 'id': '5495053', 'name': 'apple', 'url': ' ', 'version': '::fruits'}, {'action': 'install', 'id': '5494888', 'name': 'banana', 'url': ' ', 'version': '::fruits'}, {'action': 'install', 'id': '5495382', 'name': 'cherry', 'url': ' ', 'version': '::fruits'}]", 'c8y_SoftwareUpdate': [{'name': 'apple', 'action': 'install', 'id': '5495053', 'version': '::fruits', 'url': ' '}, {'name': 'banana', 'action': 'install', 'id': '5494888', 'version': '::fruits', 'url': ' '}, {'name': 'cherry', 'action': 'install', 'id': '5495382', 'version': '::fruits', 'url': ' '}]}
2022-05-23 10:35:02,108 INFO  State of operation 19512956 : PENDING
2022-05-23 10:35:04,322 INFO  State of operation 19512956 : EXECUTING
2022-05-23 10:35:06,541 INFO  State of operation 19512956 : EXECUTING
2022-05-23 10:35:08,805 INFO  State of operation 19512956 : SUCCESSFUL
2022-05-23 10:35:09,022 INFO  Package apple is installed
2022-05-23 10:35:09,024 INFO  Assert that (True == value) with value=True ... passed
2022-05-23 10:35:09,309 INFO  Package banana is installed
2022-05-23 10:35:09,312 INFO  Assert that (True == value) with value=True ... passed
2022-05-23 10:35:09,532 INFO  Package cherry is installed
2022-05-23 10:35:09,535 INFO  Assert that (True == value) with value=True ... passed
2022-05-23 10:35:09,545 INFO  
2022-05-23 10:35:09,546 INFO  cleanup:
2022-05-23 10:35:13,846 INFO  Executed sudo<tedge_disconnect_c8y>, exit status 0
2022-05-23 10:35:14,412 INFO  Executed systemctl<serv_mapper5>, exit status 3
2022-05-23 10:35:14,416 INFO  
2022-05-23 10:35:14,417 INFO  Test duration: 49.46 secs
2022-05-23 10:35:14,418 INFO  Test final outcome:  PASSED
2022-05-23 10:35:14,419 INFO  
