2022-05-23 10:38:52,962 INFO  ==============================================================
2022-05-23 10:38:52,963 INFO  Id:    SoftwareManagement.sm_docker_install_remove_multiple
2022-05-23 10:38:52,964 INFO  Dir:   software_management_end_to_end/
2022-05-23 10:38:52,965 INFO  Title: Validate end to end behaviour for the docker plugin for multiple docker images with mixed versions
2022-05-23 10:38:52,966 INFO  ==============================================================
2022-05-23 10:38:52,977 INFO  Using sw id database: {'asciijump': '5475369', 'robotfindskitten': '5474869', 'squirrel3': '5475279', 'rolldice': '5152439', 'moon-buggy': '5439204', 'apple': '5495053', 'banana': '5494888', 'cherry': '5495382', 'watermelon': '5494510', 'registry': '8018911', 'hello-world': '8021526', 'docker/getting-started': '8021973', 'alpine': '7991792'}
2022-05-23 10:38:52,978 INFO  EnvironmentC8y Setup
2022-05-23 10:38:53,539 INFO  Executed systemctl<serv_mapper1>, exit status 3
2022-05-23 10:38:53,648 INFO  Restarting mosquitto too frequently in the last 10 seconds. It was only up for 6 seconds
2022-05-23 10:38:53,649 INFO  Delaying execution by 5 seconds
2022-05-23 10:39:15,543 INFO  Executed sudo<tedge_connect_c8y>, exit status 0, duration 16 secs
2022-05-23 10:39:16,264 INFO  Executed sudo<tedge_connect_c8y_test>, exit status 0
2022-05-23 10:39:16,778 INFO  Executed systemctl<serv_mosq2>, exit status 0
2022-05-23 10:39:17,292 INFO  Executed systemctl<serv_mapper3>, exit status 0
2022-05-23 10:39:19,523 INFO  State of current operation: SUCCESSFUL
2022-05-23 10:39:19,761 INFO  Response status: 201
2022-05-23 10:39:19,762 INFO  Response to action: {
    "creationTime": "2022-05-23T10:39:19.705Z",
    "deviceId": "19492121",
    "deviceName": "m32sd11f",
    "self": "https://t493319102.eu-latest.cumulocity.com/devicecontrol/operations/19526147",
    "id": "19526147",
    "status": "PENDING",
    "description": "Apply software changes, triggered from PySys: [{'action': 'install', 'id': '8021526', 'name': 'hello-world', 'url': '', 'version': '::docker'}, {'action': 'install', 'id': '8018911', 'name': 'registry', 'url': '', 'version': '2.6.2::docker'}]",
    "c8y_SoftwareUpdate": [
        {
            "name": "hello-world",
            "action": "install",
            "id": "8021526",
            "version": "::docker",
            "url": ""
        },
        {
            "name": "registry",
            "action": "install",
            "id": "8018911",
            "version": "2.6.2::docker",
            "url": ""
        }
    ]
}
2022-05-23 10:39:19,763 INFO  Started operation: {'creationTime': '2022-05-23T10:39:19.705Z', 'deviceId': '19492121', 'deviceName': 'm32sd11f', 'self': 'https://t493319102.eu-latest.cumulocity.com/devicecontrol/operations/19526147', 'id': '19526147', 'status': 'PENDING', 'description': "Apply software changes, triggered from PySys: [{'action': 'install', 'id': '8021526', 'name': 'hello-world', 'url': '', 'version': '::docker'}, {'action': 'install', 'id': '8018911', 'name': 'registry', 'url': '', 'version': '2.6.2::docker'}]", 'c8y_SoftwareUpdate': [{'name': 'hello-world', 'action': 'install', 'id': '8021526', 'version': '::docker', 'url': ''}, {'name': 'registry', 'action': 'install', 'id': '8018911', 'version': '2.6.2::docker', 'url': ''}]}
2022-05-23 10:39:22,048 INFO  State of operation 19526147 : PENDING
2022-05-23 10:39:24,325 INFO  State of operation 19526147 : EXECUTING
2022-05-23 10:39:26,548 INFO  State of operation 19526147 : EXECUTING
2022-05-23 10:39:28,760 INFO  State of operation 19526147 : EXECUTING
2022-05-23 10:39:30,983 INFO  State of operation 19526147 : EXECUTING
2022-05-23 10:39:33,218 INFO  State of operation 19526147 : FAILED
2022-05-23 10:39:33,219 ERROR Stopping as the operation has failed
2022-05-23 10:39:33,221 WARN  SystemError occurred while running test - The operation has failed
Traceback (most recent call last):
  File "/home/pi/env-pysys/lib/python3.9/site-packages/pysys/baserunner.py", line 1292, in __call__
    self.testObj.setup()
  File "/home/pi/actions-runner/_work/thin-edge.io/thin-edge.io/tests/PySys/software_management_end_to_end/sm_docker_install_remove_multiple/run.py", line 55, in setup
    self.wait_until_succcess()
  File "/home/pi/actions-runner/_work/thin-edge.io/thin-edge.io/tests/PySys/software_management_end_to_end/environment_sm_management.py", line 324, in wait_until_succcess
    self.wait_until_status("SUCCESSFUL")
  File "/home/pi/actions-runner/_work/thin-edge.io/thin-edge.io/tests/PySys/software_management_end_to_end/environment_sm_management.py", line 361, in wait_until_status
    raise SystemError("The operation has failed")
SystemError: The operation has failed
2022-05-23 10:39:33,244 WARN  SystemError: The operation has failed ... blocked 
2022-05-23 10:39:33,246 INFO  
2022-05-23 10:39:33,246 INFO  cleanup:
2022-05-23 10:39:38,496 INFO  Executed sudo<tedge_disconnect_c8y>, exit status 0
2022-05-23 10:39:39,058 INFO  Executed systemctl<serv_mapper5>, exit status 3
2022-05-23 10:39:39,062 INFO  
2022-05-23 10:39:39,063 INFO  Test duration: 46.11 secs
2022-05-23 10:39:39,064 INFO  Test final outcome:  BLOCKED
2022-05-23 10:39:39,065 INFO  Test outcome reason: SystemError: The operation has failed
2022-05-23 10:39:39,066 INFO  
