2022-04-27 14:35:17,175 INFO  ==============================================================
2022-04-27 14:35:17,176 INFO  Id:    tedge_mapper_az_without_timestamp
2022-04-27 14:35:17,177 INFO  Dir:   tedge_mapper_az/
2022-04-27 14:35:17,177 INFO  Title: Validate the Azure Mapper that publishes a Thin Edge JSON message without timestamp on az/messages/events/ when it receives a valid JSON message on tedge/measurements and az.mapper.timestamp is configured false
2022-04-27 14:35:17,178 INFO  ==============================================================
2022-04-27 14:35:17,708 INFO  Executed sudo<tedge_temp>, exit status 0
2022-04-27 14:35:18,271 INFO  Executed sudo<tedge_mapper_az>, exit status 0
2022-04-27 14:35:18,282 INFO  Started sudo<tedge_sub> with process id 31800
2022-04-27 14:35:18,903 INFO  Executed sudo<tedge_temp>, exit status 0
2022-04-27 14:35:19,437 INFO  Executed sudo<kill_out>, exit status 0
2022-04-27 14:35:19,442 INFO  Assert that (actual == expected) with actual=12.0, expected=12 ... passed
2022-04-27 14:35:19,447 INFO  Grep on file tedge_sub.out ... passed
2022-04-27 14:35:19,452 INFO  
2022-04-27 14:35:19,453 INFO  cleanup:
2022-04-27 14:35:19,454 INFO  mapper_cleanup
2022-04-27 14:35:20,067 INFO  Executed sudo<tedge_mapper_az>, exit status 0
2022-04-27 14:35:20,646 INFO  Executed sudo<tedge_temp>, exit status 0
2022-04-27 14:35:20,650 INFO  
2022-04-27 14:35:20,651 INFO  Test duration: 3.48 secs
2022-04-27 14:35:20,652 INFO  Test final outcome:  PASSED
2022-04-27 14:35:20,653 INFO  
