2022-04-07 16:11:54,004 INFO  ==============================================================
2022-04-07 16:11:54,005 INFO  Id:    local_mqtt_pub_fail_qos0
2022-04-07 16:11:54,006 INFO  Dir:   local_mqtt/
2022-04-07 16:11:54,007 INFO  Title: Check error code when mosquitto is not running with QoS set to 0
2022-04-07 16:11:54,007 DEBUG Execution order hint: 0.0
2022-04-07 16:11:54,008 INFO  ==============================================================
2022-04-07 16:11:54,015 DEBUG Process parameters for sudo<stop>
  command line : /usr/bin/sudo /usr/bin/systemctl stop mosquitto
    arg #1     : /usr/bin/systemctl
    arg #2     : stop
    arg #3     : mosquitto
  working dir  : /home/pi/actions-runner/_work/thin-edge.io/thin-edge.io/tests/PySys/local_mqtt/local_mqtt_pub_fail_qos0/Output/linux
  stdout       : /home/pi/actions-runner/_work/thin-edge.io/thin-edge.io/tests/PySys/local_mqtt/local_mqtt_pub_fail_qos0/Output/linux/stop.out
  stderr       : /home/pi/actions-runner/_work/thin-edge.io/thin-edge.io/tests/PySys/local_mqtt/local_mqtt_pub_fail_qos0/Output/linux/stop.err
  environment  : LD_LIBRARY_PATH=/usr/lib
  environment  : PATH=/bin:/usr/bin:/usr/sbin:/usr/local/bin
                   #1  /bin
                   #2  /usr/bin
                   #3  /usr/sbin
                   #4  /usr/local/bin
2022-04-07 16:11:54,022 DEBUG Waiting up to 600 secs for process sudo<stop> (pid 25781)
2022-04-07 16:11:54,582 INFO  Executed sudo<stop>, exit status 0
2022-04-07 16:11:54,583 DEBUG --- test execute
2022-04-07 16:11:54,585 DEBUG Process parameters for tedge_pub_fail
  command line : /usr/bin/tedge mqtt pub --qos 0 atopic amessage
    arg #1     : mqtt
    arg #2     : pub
    arg #3     : --qos
    arg #4     : 0
    arg #5     : atopic
    arg #6     : amessage
  working dir  : /home/pi/actions-runner/_work/thin-edge.io/thin-edge.io/tests/PySys/local_mqtt/local_mqtt_pub_fail_qos0/Output/linux
  stdout       : /home/pi/actions-runner/_work/thin-edge.io/thin-edge.io/tests/PySys/local_mqtt/local_mqtt_pub_fail_qos0/Output/linux/tedge_pub_fail.out
  stderr       : /home/pi/actions-runner/_work/thin-edge.io/thin-edge.io/tests/PySys/local_mqtt/local_mqtt_pub_fail_qos0/Output/linux/tedge_pub_fail.err
  environment  : HOME=/home/pi
2022-04-07 16:11:54,592 DEBUG Waiting up to 600 secs for process tedge_pub_fail (pid 25783)
2022-04-07 16:11:54,997 INFO  Executed tedge_pub_fail, exit status 1
2022-04-07 16:11:54,999 INFO  Assert that (value==1) with value=1 ... passed
2022-04-07 16:11:55,000 DEBUG --- test validate
2022-04-07 16:11:55,005 DEBUG --- test cleanup
2022-04-07 16:11:55,007 INFO  
2022-04-07 16:11:55,007 INFO  cleanup:
2022-04-07 16:11:55,008 DEBUG Running registered cleanup function: <bound method PySysTest.mycleanup of <PySysTest object at 0x760192b0>>
2022-04-07 16:11:55,010 DEBUG Process parameters for sudo<start>
  command line : /usr/bin/sudo /usr/bin/systemctl start mosquitto
    arg #1     : /usr/bin/systemctl
    arg #2     : start
    arg #3     : mosquitto
  working dir  : /home/pi/actions-runner/_work/thin-edge.io/thin-edge.io/tests/PySys/local_mqtt/local_mqtt_pub_fail_qos0/Output/linux
  stdout       : /home/pi/actions-runner/_work/thin-edge.io/thin-edge.io/tests/PySys/local_mqtt/local_mqtt_pub_fail_qos0/Output/linux/start.out
  stderr       : /home/pi/actions-runner/_work/thin-edge.io/thin-edge.io/tests/PySys/local_mqtt/local_mqtt_pub_fail_qos0/Output/linux/start.err
  environment  : LD_LIBRARY_PATH=/usr/lib
  environment  : PATH=/bin:/usr/bin:/usr/sbin:/usr/local/bin
                   #1  /bin
                   #2  /usr/bin
                   #3  /usr/sbin
                   #4  /usr/local/bin
2022-04-07 16:11:55,016 DEBUG Waiting up to 600 secs for process sudo<start> (pid 25784)
2022-04-07 16:11:55,624 INFO  Executed sudo<start>, exit status 0
2022-04-07 16:11:55,625 DEBUG ProcessUser cleanup function done.
2022-04-07 16:11:55,628 INFO  
2022-04-07 16:11:55,629 INFO  Test duration: 1.63 secs
2022-04-07 16:11:55,630 INFO  Test final outcome:  PASSED
2022-04-07 16:11:55,631 INFO  
