2022-05-11 12:31:55,802 INFO  ==============================================================
2022-05-11 12:31:55,803 INFO  Id:    docker_plugin_remove
2022-05-11 12:31:55,804 INFO  Dir:   plugin_docker/
2022-05-11 12:31:55,805 INFO  Title: Validate docker plugin remove
2022-05-11 12:31:55,805 INFO  ==============================================================
2022-05-11 12:31:56,629 INFO  Executed sudo<docker_images>, exit status 0
2022-05-11 12:31:56,653 INFO  Grep on file /home/pi/actions-runner/_work/thin-edge.io/thin-edge.io/tests/PySys/plugin_docker/docker_plugin_remove/Output/linux/docker_images.out ... passed
2022-05-11 12:32:20,276 INFO  Executed sudo<docker_run>, exit status 0, duration 23 secs
2022-05-11 12:32:21,314 INFO  Executed sudo<docker_ps>, exit status 0
2022-05-11 12:32:21,320 INFO  Grep on file /home/pi/actions-runner/_work/thin-edge.io/thin-edge.io/tests/PySys/plugin_docker/docker_plugin_remove/Output/linux/docker_ps.out ... passed
2022-05-11 12:32:24,498 INFO  Executed sudo<plugin_remove>, exit status 0
2022-05-11 12:32:25,282 INFO  Executed sudo<docker_ps_latest>, exit status 0
2022-05-11 12:32:25,996 INFO  Executed sudo<docker_ps>, exit status 0
2022-05-11 12:32:26,000 INFO  Grep on file /home/pi/actions-runner/_work/thin-edge.io/thin-edge.io/tests/PySys/plugin_docker/docker_plugin_remove/Output/linux/docker_ps.out ... passed
2022-05-11 12:32:26,006 INFO  
2022-05-11 12:32:26,007 INFO  cleanup:
2022-05-11 12:32:26,008 INFO  Removing containers scheduled to be cleaned up: ['a021e82ee0fa', '7a45959be1d8', 'b844347f8c2789079a705bd61959327819b704f936db86bbaba283bfa6569e5c\n']
2022-05-11 12:32:26,823 INFO  Executed sudo<containers_for_cleanup>, exit status 0
2022-05-11 12:32:26,825 INFO  Removing images scheduled to be cleaned up: ['registry', 'registry', 'registry:2.7.1', 'registry']
2022-05-11 12:32:29,898 INFO  Executed sudo<containers_for_cleanup>, exit status 0
2022-05-11 12:32:29,901 INFO  
2022-05-11 12:32:29,902 INFO  Test duration: 34.11 secs
2022-05-11 12:32:29,903 INFO  Test final outcome:  PASSED
2022-05-11 12:32:29,904 INFO  
