2022-04-21 13:36:59,366 INFO  ==============================================================
2022-04-21 13:36:59,367 INFO  Id:    log_request_num_lines
2022-04-21 13:36:59,369 INFO  Dir:   log_request_end_to_end/
2022-04-21 13:36:59,369 INFO  Title: Validate end to end behaviour for the log request operation check for number of lines
2022-04-21 13:36:59,370 INFO  ==============================================================
2022-04-21 13:36:59,381 INFO  EnvironmentC8y Setup
2022-04-21 13:36:59,960 INFO  Executed systemctl<serv_mapper1>, exit status 3
2022-04-21 13:37:00,073 INFO  Restarting mosquitto too frequently in the last 10 seconds. It was only up for 5 seconds
2022-04-21 13:37:00,074 INFO  Delaying execution by 6 seconds
2022-04-21 13:37:20,943 INFO  Executed sudo<tedge_connect_c8y>, exit status 0, duration 14 secs
2022-04-21 13:37:21,573 INFO  Executed sudo<tedge_connect_c8y_test>, exit status 0
2022-04-21 13:37:22,042 INFO  Executed systemctl<serv_mosq2>, exit status 0
2022-04-21 13:37:22,506 INFO  Executed systemctl<serv_mapper3>, exit status 0
2022-04-21 13:37:23,020 INFO  Executed sudo<rm_logs>, exit status 0
2022-04-21 13:37:23,556 INFO  Executed sudo<move_logs>, exit status 0
2022-04-21 13:37:24,015 INFO  log response None
2022-04-21 13:37:24,016 WARN  retry, retrying in 1 seconds...
2022-04-21 13:37:25,222 INFO  log response https://thin-edge-io.eu-latest.cumulocity.com/event/events/17567079/binaries
2022-04-21 13:37:25,450 INFO  nlines 303
2022-04-21 13:37:25,452 INFO  Assert that (True == value) with value=True ... passed
2022-04-21 13:37:25,459 INFO  
2022-04-21 13:37:25,459 INFO  cleanup:
2022-04-21 13:37:25,979 INFO  Executed sudo<rm_logs>, exit status 0
2022-04-21 13:37:26,492 INFO  Executed sudo<rm_tmp_logs>, exit status 0
2022-04-21 13:37:30,875 INFO  Executed sudo<tedge_disconnect_c8y>, exit status 0
2022-04-21 13:37:31,470 INFO  Executed systemctl<serv_mapper5>, exit status 3
2022-04-21 13:37:31,474 INFO  
2022-04-21 13:37:31,475 INFO  Test duration: 32.11 secs
2022-04-21 13:37:31,476 INFO  Test final outcome:  PASSED
2022-04-21 13:37:31,477 INFO  
