2022-04-12 09:39:38,480 INFO  ==============================================================
2022-04-12 09:39:38,481 INFO  Id:    SoftwareManagement.Plugin.apama_plugin_install
2022-04-12 09:39:38,484 INFO  Dir:   plugin_apama/
2022-04-12 09:39:38,485 INFO  Title: Validate apama plugin install
2022-04-12 09:39:38,486 INFO  ==============================================================
2022-04-12 09:39:38,519 INFO  Assertion that path exists=False for "/etc/tedge/apama/project" ... passed
2022-04-12 09:39:40,386 INFO  Executed sudo<plugin_install>, exit status 0
2022-04-12 09:39:41,099 INFO  Executed sudo<apama_correlator_wait>, exit status 0
2022-04-12 09:39:41,863 INFO  Executed sudo<plugin_list_after_install>, exit status 0
2022-04-12 09:39:41,865 INFO  Assertion that path exists=True for "/etc/tedge/apama/project" ... passed
2022-04-12 09:39:42,577 INFO  Executed sudo<apama_list_monitors>, exit status 0
2022-04-12 09:39:42,587 INFO  Grep on file /home/pi/actions-runner/_work/thin-edge.io/thin-edge.io/tests/PySys/plugin_apama/apama_plugin_install/Output/linux/apama_list_monitors.out ... passed
2022-04-12 09:39:42,593 INFO  Grep on file plugin_list_after_install.out ... passed
2022-04-12 09:39:42,601 INFO  Grep on file plugin_list_after_install.out ... passed
2022-04-12 09:39:42,614 INFO  
2022-04-12 09:39:42,615 INFO  cleanup:
2022-04-12 09:39:42,616 INFO  Removing apama project
2022-04-12 09:39:59,341 INFO  Executed sudo<stop_apama_service>, exit status 0, duration 16 secs
2022-04-12 09:39:59,908 INFO  Executed sudo<remove_apama_project>, exit status 0
2022-04-12 09:40:00,419 INFO  Executed sudo<remove_apama_tmp_dir>, exit status 0
2022-04-12 09:40:00,423 INFO  
2022-04-12 09:40:00,424 INFO  Test duration: 21.95 secs
2022-04-12 09:40:00,426 INFO  Test final outcome:  PASSED
2022-04-12 09:40:00,426 INFO  
