2022-05-09 07:10:16,500 INFO  ==============================================================
2022-05-09 07:10:16,501 INFO  Id:    mapper_awaits_before_reconnect
2022-05-09 07:10:16,502 INFO  Dir:   tedge_mapper_c8y/
2022-05-09 07:10:16,503 INFO  Title: Validate mapper doesn't reconnect too often
2022-05-09 07:10:16,504 INFO  ==============================================================
2022-05-09 07:10:16,632 INFO  EnvironmentC8y Setup
2022-05-09 07:10:17,245 INFO  Executed systemctl<serv_mapper1>, exit status 3
2022-05-09 07:10:31,441 INFO  Executed sudo<tedge_connect_c8y>, exit status 0, duration 14 secs
2022-05-09 07:10:32,229 INFO  Executed sudo<tedge_connect_c8y_test>, exit status 0
2022-05-09 07:10:32,830 INFO  Executed systemctl<serv_mosq2>, exit status 0
2022-05-09 07:10:33,346 INFO  Executed systemctl<serv_mapper3>, exit status 0
2022-05-09 07:10:33,356 INFO  Started mosquitto_sub with process id 13280
2022-05-09 07:10:33,359 INFO  Waiting for 0.1 seconds
2022-05-09 07:10:34,061 INFO  Executed sudo<tedge_mapper>, exit status 0
2022-05-09 07:10:34,062 INFO  Waiting for 5.0 seconds
2022-05-09 07:10:39,596 INFO  Executed sudo<tedge_mapper>, exit status 0
2022-05-09 07:10:46,100 INFO  Executed sudo<tedge_mapper_journal>, exit status 0
2022-05-09 07:10:46,107 INFO  Grep on file tedge_mapper_journal.out ... passed
2022-05-09 07:10:46,114 INFO  Line count on file tedge_mapper_journal.out ... passed
2022-05-09 07:10:46,118 INFO  Line count on file tedge_mapper_journal.out ... passed
2022-05-09 07:10:46,127 INFO  
2022-05-09 07:10:46,128 INFO  cleanup:
2022-05-09 07:10:50,143 INFO  Executed sudo<tedge_disconnect_c8y>, exit status 0
2022-05-09 07:10:50,812 INFO  Executed systemctl<serv_mapper5>, exit status 3
2022-05-09 07:10:50,867 INFO  
2022-05-09 07:10:50,867 INFO  Test duration: 34.37 secs
2022-05-09 07:10:50,869 INFO  Test final outcome:  PASSED
2022-05-09 07:10:50,870 INFO  
