2022-05-11 12:40:03,784 INFO  ==============================================================
2022-05-11 12:40:03,785 INFO  Id:    SoftwareManagement.Plugin.apama_plugin_mon_support
2022-05-11 12:40:03,786 INFO  Dir:   plugin_apama/
2022-05-11 12:40:03,787 INFO  Title: Validate mon file support of apama plugin
2022-05-11 12:40:03,787 INFO  ==============================================================
2022-05-11 12:40:03,796 INFO  Assertion that path exists=False for "/etc/tedge/apama/project" ... passed
2022-05-11 12:40:04,355 INFO  Executed sudo<create_project_dir>, exit status 0
2022-05-11 12:40:04,966 INFO  Executed sudo<unzip_apama_project>, exit status 0
2022-05-11 12:40:05,576 INFO  Executed sudo<move_apama_project>, exit status 0
2022-05-11 12:40:06,638 INFO  Executed sudo<restart_apama_service>, exit status 0
2022-05-11 12:40:07,454 INFO  Executed sudo<apama_correlator_wait>, exit status 0
2022-05-11 12:40:08,165 INFO  Executed sudo<apama_list_monitors>, exit status 0
2022-05-11 12:40:08,171 INFO  Grep on file /home/pi/actions-runner/_work/thin-edge.io/thin-edge.io/tests/PySys/plugin_apama/apama_plugin_mon_support/Output/linux/apama_list_monitors.out ... passed
2022-05-11 12:40:08,932 INFO  Executed sudo<plugin_list_before_install>, exit status 0
2022-05-11 12:40:10,146 INFO  Executed sudo<plugin_install>, exit status 0
2022-05-11 12:40:10,857 INFO  Executed sudo<apama_correlator_wait>, exit status 0
2022-05-11 12:40:11,576 INFO  Executed sudo<plugin_list_after_install>, exit status 0
2022-05-11 12:40:13,046 INFO  Executed sudo<plugin_update>, exit status 0
2022-05-11 12:40:13,859 INFO  Executed sudo<apama_correlator_wait>, exit status 0
2022-05-11 12:40:14,621 INFO  Executed sudo<plugin_list_after_update>, exit status 0
2022-05-11 12:40:15,483 INFO  Executed sudo<plugin_remove>, exit status 0
2022-05-11 12:40:16,244 INFO  Executed sudo<plugin_list_after_remove>, exit status 0
2022-05-11 12:40:16,250 INFO  Grep on file plugin_list_before_install.out ... passed
2022-05-11 12:40:16,254 INFO  Grep on file plugin_list_after_install.out ... passed
2022-05-11 12:40:16,258 INFO  Grep on file plugin_list_after_update.out ... passed
2022-05-11 12:40:16,263 INFO  Grep on file plugin_list_after_remove.out ... passed
2022-05-11 12:40:16,272 INFO  
2022-05-11 12:40:16,273 INFO  cleanup:
2022-05-11 12:40:16,274 INFO  Removing apama project
2022-05-11 12:40:31,812 INFO  Executed sudo<stop_apama_service>, exit status 0, duration 15 secs
2022-05-11 12:40:32,374 INFO  Executed sudo<remove_apama_project>, exit status 0
2022-05-11 12:40:32,986 INFO  Executed sudo<remove_apama_tmp_dir>, exit status 0
2022-05-11 12:40:32,993 INFO  
2022-05-11 12:40:32,994 INFO  Test duration: 29.22 secs
2022-05-11 12:40:32,996 INFO  Test final outcome:  PASSED
2022-05-11 12:40:32,998 INFO  
