2022-04-08 09:40:35,608 INFO  ==============================================================
2022-04-08 09:40:35,609 INFO  Id:    local_mqtt_pub_fail_qos0
2022-04-08 09:40:35,610 INFO  Dir:   local_mqtt/
2022-04-08 09:40:35,610 INFO  Title: Check error code when mosquitto is not running with QoS set to 0
2022-04-08 09:40:35,611 DEBUG Execution order hint: 0.0
2022-04-08 09:40:35,612 INFO  ==============================================================
2022-04-08 09:40:35,619 DEBUG Process parameters for sudo<stop>
  command line : /usr/bin/sudo /usr/bin/systemctl stop mosquitto
    arg #1     : /usr/bin/systemctl
    arg #2     : stop
    arg #3     : mosquitto
  working dir  : /home/pi/actions-runner/_work/thin-edge.io/thin-edge.io/tests/PySys/local_mqtt/local_mqtt_pub_fail_qos0/Output/linux
  stdout       : /home/pi/actions-runner/_work/thin-edge.io/thin-edge.io/tests/PySys/local_mqtt/local_mqtt_pub_fail_qos0/Output/linux/stop.out
  stderr       : /home/pi/actions-runner/_work/thin-edge.io/thin-edge.io/tests/PySys/local_mqtt/local_mqtt_pub_fail_qos0/Output/linux/stop.err
  environment  : LD_LIBRARY_PATH=/usr/lib
  environment  : PATH=/bin:/usr/bin:/usr/sbin:/usr/local/bin
                   #1  /bin
                   #2  /usr/bin
                   #3  /usr/sbin
                   #4  /usr/local/bin
2022-04-08 09:40:35,626 DEBUG Waiting up to 600 secs for process sudo<stop> (pid 5417)
2022-04-08 09:40:36,283 INFO  Executed sudo<stop>, exit status 0
2022-04-08 09:40:36,285 DEBUG --- test execute
2022-04-08 09:40:36,287 DEBUG Process parameters for tedge_pub_fail
  command line : /usr/bin/tedge mqtt pub --qos 0 atopic amessage
    arg #1     : mqtt
    arg #2     : pub
    arg #3     : --qos
    arg #4     : 0
    arg #5     : atopic
    arg #6     : amessage
  working dir  : /home/pi/actions-runner/_work/thin-edge.io/thin-edge.io/tests/PySys/local_mqtt/local_mqtt_pub_fail_qos0/Output/linux
  stdout       : /home/pi/actions-runner/_work/thin-edge.io/thin-edge.io/tests/PySys/local_mqtt/local_mqtt_pub_fail_qos0/Output/linux/tedge_pub_fail.out
  stderr       : /home/pi/actions-runner/_work/thin-edge.io/thin-edge.io/tests/PySys/local_mqtt/local_mqtt_pub_fail_qos0/Output/linux/tedge_pub_fail.err
  environment  : HOME=/home/pi
2022-04-08 09:40:36,294 DEBUG Waiting up to 600 secs for process tedge_pub_fail (pid 5419)
2022-04-08 09:40:36,699 INFO  Executed tedge_pub_fail, exit status 1
2022-04-08 09:40:36,701 INFO  Assert that (value==1) with value=1 ... passed
2022-04-08 09:40:36,702 DEBUG --- test validate
2022-04-08 09:40:36,707 DEBUG --- test cleanup
2022-04-08 09:40:36,709 INFO  
2022-04-08 09:40:36,710 INFO  cleanup:
2022-04-08 09:40:36,710 DEBUG Running registered cleanup function: <bound method PySysTest.mycleanup of <PySysTest object at 0x760e4650>>
2022-04-08 09:40:36,712 DEBUG Process parameters for sudo<start>
  command line : /usr/bin/sudo /usr/bin/systemctl start mosquitto
    arg #1     : /usr/bin/systemctl
    arg #2     : start
    arg #3     : mosquitto
  working dir  : /home/pi/actions-runner/_work/thin-edge.io/thin-edge.io/tests/PySys/local_mqtt/local_mqtt_pub_fail_qos0/Output/linux
  stdout       : /home/pi/actions-runner/_work/thin-edge.io/thin-edge.io/tests/PySys/local_mqtt/local_mqtt_pub_fail_qos0/Output/linux/start.out
  stderr       : /home/pi/actions-runner/_work/thin-edge.io/thin-edge.io/tests/PySys/local_mqtt/local_mqtt_pub_fail_qos0/Output/linux/start.err
  environment  : LD_LIBRARY_PATH=/usr/lib
  environment  : PATH=/bin:/usr/bin:/usr/sbin:/usr/local/bin
                   #1  /bin
                   #2  /usr/bin
                   #3  /usr/sbin
                   #4  /usr/local/bin
2022-04-08 09:40:36,719 DEBUG Waiting up to 600 secs for process sudo<start> (pid 5420)
2022-04-08 09:40:37,326 INFO  Executed sudo<start>, exit status 0
2022-04-08 09:40:37,327 DEBUG ProcessUser cleanup function done.
2022-04-08 09:40:37,330 INFO  
2022-04-08 09:40:37,331 INFO  Test duration: 1.73 secs
2022-04-08 09:40:37,332 INFO  Test final outcome:  PASSED
2022-04-08 09:40:37,332 INFO  
