2022-05-10 13:23:03,486 INFO  ==============================================================
2022-05-10 13:23:03,487 INFO  Id:    c8y_restart_bridge
2022-05-10 13:23:03,488 INFO  Dir:   tedge_connect/
2022-05-10 13:23:03,489 INFO  Title: Bridge restart
2022-05-10 13:23:03,489 INFO  ==============================================================
2022-05-10 13:23:03,496 INFO  EnvironmentC8y Setup
2022-05-10 13:23:04,061 INFO  Executed systemctl<serv_mapper1>, exit status 3
2022-05-10 13:23:21,140 INFO  Executed sudo<tedge_connect_c8y>, exit status 0, duration 16 secs
2022-05-10 13:23:21,754 INFO  Executed sudo<tedge_connect_c8y_test>, exit status 0
2022-05-10 13:23:22,303 INFO  Executed systemctl<serv_mosq2>, exit status 0
2022-05-10 13:23:22,816 INFO  Executed systemctl<serv_mapper3>, exit status 0
2022-05-10 13:23:22,817 INFO  Setup
2022-05-10 13:23:22,818 INFO  Execute (empty in this case as we test the c8y enviroment)
2022-05-10 13:23:23,311 INFO  Executed systemctl<serv_mosq>, exit status 0
2022-05-10 13:23:23,773 INFO  Executed systemctl<serv_mapper4>, exit status 0
2022-05-10 13:23:23,774 INFO  Validate
2022-05-10 13:23:23,780 INFO  Grep on file tedge_connect_c8y.out ... passed
2022-05-10 13:23:23,788 INFO  Grep on file tedge_connect_c8y.out ... passed
2022-05-10 13:23:23,795 INFO  
2022-05-10 13:23:23,796 INFO  cleanup:
2022-05-10 13:23:23,796 INFO  MyCleanup
2022-05-10 13:23:29,458 INFO  Executed sudo<tedge_disconnect_c8y>, exit status 0
2022-05-10 13:23:30,094 INFO  Executed systemctl<serv_mapper5>, exit status 3
2022-05-10 13:23:30,103 INFO  
2022-05-10 13:23:30,105 INFO  Test duration: 26.62 secs
2022-05-10 13:23:30,107 INFO  Test final outcome:  PASSED
2022-05-10 13:23:30,110 INFO  
