2022-05-10 13:24:11,566 INFO  ==============================================================
2022-05-10 13:24:11,567 INFO  Id:    tedge_mapper_c8y_alarms
2022-05-10 13:24:11,569 INFO  Dir:   tedge_mapper_c8y/
2022-05-10 13:24:11,569 INFO  Title: Validate that alarms sent to tedge/alarms topic \ gets mapped as alarms in Cumulocity
2022-05-10 13:24:11,570 INFO  ==============================================================
2022-05-10 13:24:11,579 INFO  EnvironmentC8y Setup
2022-05-10 13:24:12,142 INFO  Executed systemctl<serv_mapper1>, exit status 3
2022-05-10 13:24:26,524 INFO  Executed sudo<tedge_connect_c8y>, exit status 0, duration 14 secs
2022-05-10 13:24:27,145 INFO  Executed sudo<tedge_connect_c8y_test>, exit status 0
2022-05-10 13:24:27,601 INFO  Executed systemctl<serv_mosq2>, exit status 0
2022-05-10 13:24:28,066 INFO  Executed systemctl<serv_mapper3>, exit status 0
2022-05-10 13:24:33,483 INFO  Executed tedge, exit status 0
2022-05-10 13:24:33,895 INFO  Executed tedge, exit status 0
2022-05-10 13:24:34,331 INFO  Executed tedge, exit status 0
2022-05-10 13:24:34,744 INFO  Executed tedge, exit status 0
2022-05-10 13:24:35,156 INFO  Executed tedge, exit status 0
2022-05-10 13:24:36,389 INFO  {
    "severity": "CRITICAL",
    "creationTime": "2022-05-10T13:24:34.305Z",
    "count": 1,
    "history": {
        "auditRecords": [],
        "self": "https://t493319102.eu-latest.cumulocity.com/audit/auditRecords"
    },
    "source": {
        "name": "mythicc",
        "self": "https://t493319102.eu-latest.cumulocity.com/inventory/managedObjects/18674246",
        "id": "18674246"
    },
    "type": "temperature_dangerous",
    "lastUpdated": "2022-05-10T13:24:34.305Z",
    "self": "https://t493319102.eu-latest.cumulocity.com/alarm/alarms/18688190",
    "time": "2022-05-10T13:24:34.285Z",
    "id": "18688190",
    "text": "temperature is dangerously high",
    "status": "ACTIVE"
}
2022-05-10 13:24:36,391 INFO  Assert that (actual == expected) with actual="temperature_dangerous", expected="temperature_dangerous" ... passed
2022-05-10 13:24:36,392 INFO  Assert that (actual == expected) with actual="CRITICAL", expected="CRITICAL" ... passed
2022-05-10 13:24:36,394 INFO  Assert that (actual == expected) with actual="temperature is dangerously high", expected="temperature is dangerously high" ... passed
2022-05-10 13:24:36,395 INFO  {
    "severity": "MAJOR",
    "creationTime": "2022-05-10T13:24:33.894Z",
    "count": 1,
    "history": {
        "auditRecords": [],
        "self": "https://t493319102.eu-latest.cumulocity.com/audit/auditRecords"
    },
    "source": {
        "name": "mythicc",
        "self": "https://t493319102.eu-latest.cumulocity.com/inventory/managedObjects/18674246",
        "id": "18674246"
    },
    "type": "temperature_very_high",
    "lastUpdated": "2022-05-10T13:24:33.894Z",
    "self": "https://t493319102.eu-latest.cumulocity.com/alarm/alarms/18688188",
    "time": "2022-05-10T13:24:33.873Z",
    "id": "18688188",
    "text": "temperature is very high",
    "status": "ACTIVE"
}
2022-05-10 13:24:36,397 INFO  Assert that (actual == expected) with actual="temperature_very_high", expected="temperature_very_high" ... passed
2022-05-10 13:24:36,398 INFO  Assert that (actual == expected) with actual="MAJOR", expected="MAJOR" ... passed
2022-05-10 13:24:36,400 INFO  Assert that (actual == expected) with actual="temperature is very high", expected="temperature is very high" ... passed
2022-05-10 13:24:36,401 INFO  {
    "severity": "WARNING",
    "creationTime": "2022-05-10T13:24:33.484Z",
    "count": 1,
    "history": {
        "auditRecords": [],
        "self": "https://t493319102.eu-latest.cumulocity.com/audit/auditRecords"
    },
    "source": {
        "name": "mythicc",
        "self": "https://t493319102.eu-latest.cumulocity.com/inventory/managedObjects/18674246",
        "id": "18674246"
    },
    "type": "temperature_high",
    "lastUpdated": "2022-05-10T13:24:33.484Z",
    "self": "https://t493319102.eu-latest.cumulocity.com/alarm/alarms/18688186",
    "time": "2021-12-15T15:22:06.464+05:30",
    "id": "18688186",
    "text": "temperature is high",
    "status": "ACTIVE"
}
2022-05-10 13:24:36,402 INFO  Assert that (actual == expected) with actual="temperature_high", expected="temperature_high" ... passed
2022-05-10 13:24:36,404 INFO  Assert that (actual == expected) with actual="WARNING", expected="WARNING" ... passed
2022-05-10 13:24:36,406 INFO  Assert that (actual == expected) with actual="temperature is high", expected="temperature is high" ... passed
2022-05-10 13:24:36,407 INFO  Assert that (actual == expected) with actual="temperature_high", expected="temperature_high" ... passed
2022-05-10 13:24:36,414 INFO  
2022-05-10 13:24:36,415 INFO  cleanup:
2022-05-10 13:24:36,876 INFO  Executed tedge, exit status 0
2022-05-10 13:24:37,288 INFO  Executed tedge, exit status 0
2022-05-10 13:24:37,700 INFO  Executed tedge, exit status 0
2022-05-10 13:24:41,778 INFO  Executed sudo<tedge_disconnect_c8y>, exit status 0
2022-05-10 13:24:42,393 INFO  Executed systemctl<serv_mapper5>, exit status 3
2022-05-10 13:24:42,397 INFO  
2022-05-10 13:24:42,398 INFO  Test duration: 30.84 secs
2022-05-10 13:24:42,399 INFO  Test final outcome:  PASSED
2022-05-10 13:24:42,400 INFO  
