2022-04-21 13:51:35,436 INFO  ==============================================================
2022-04-21 13:51:35,438 INFO  Id:    tedge_mapper_az_without_timestamp
2022-04-21 13:51:35,440 INFO  Dir:   tedge_mapper_az/
2022-04-21 13:51:35,443 INFO  Title: Validate the Azure Mapper that publishes a Thin Edge JSON message without timestamp on az/messages/events/ when it receives a valid JSON message on tedge/measurements and az.mapper.timestamp is configured false
2022-04-21 13:51:35,445 INFO  ==============================================================
2022-04-21 13:51:36,036 INFO  Executed sudo<tedge_temp>, exit status 0
2022-04-21 13:51:36,654 INFO  Executed sudo<tedge_mapper_az>, exit status 0
2022-04-21 13:51:36,666 INFO  Started sudo<tedge_sub> with process id 31359
2022-04-21 13:51:37,284 INFO  Executed sudo<tedge_temp>, exit status 0
2022-04-21 13:51:37,797 INFO  Executed sudo<kill_out>, exit status 0
2022-04-21 13:51:37,801 INFO  Assert that (actual == expected) with actual=12.0, expected=12 ... passed
2022-04-21 13:51:37,806 INFO  Grep on file tedge_sub.out ... passed
2022-04-21 13:51:37,812 INFO  
2022-04-21 13:51:37,813 INFO  cleanup:
2022-04-21 13:51:37,814 INFO  mapper_cleanup
2022-04-21 13:51:38,376 INFO  Executed sudo<tedge_mapper_az>, exit status 0
2022-04-21 13:51:38,893 INFO  Executed sudo<tedge_temp>, exit status 0
2022-04-21 13:51:38,897 INFO  
2022-04-21 13:51:38,898 INFO  Test duration: 3.47 secs
2022-04-21 13:51:38,899 INFO  Test final outcome:  PASSED
2022-04-21 13:51:38,900 INFO  
