2022-04-08 09:55:07,673 INFO  ==============================================================
2022-04-08 09:55:07,674 INFO  Id:    call_tedge_-h_-V
2022-04-08 09:55:07,675 INFO  Dir:   tedge/
2022-04-08 09:55:07,677 INFO  Title: Validate command line option -h -V
2022-04-08 09:55:07,679 DEBUG Execution order hint: 0.0
2022-04-08 09:55:07,680 INFO  ==============================================================
2022-04-08 09:55:07,684 DEBUG --- test execute
2022-04-08 09:55:07,686 DEBUG Process parameters for tedge
  command line : /usr/bin/tedge -h -V
    arg #1     : -h
    arg #2     : -V
  working dir  : /home/pi/actions-runner/_work/thin-edge.io/thin-edge.io/tests/PySys/tedge/call_tedge_-h_-V/Output/linux
  stdout       : /home/pi/actions-runner/_work/thin-edge.io/thin-edge.io/tests/PySys/tedge/call_tedge_-h_-V/Output/linux/tedge.out
  stderr       : /home/pi/actions-runner/_work/thin-edge.io/thin-edge.io/tests/PySys/tedge/call_tedge_-h_-V/Output/linux/tedge.err
  environment  : LD_LIBRARY_PATH=/usr/lib
  environment  : PATH=/bin:/usr/bin:/usr/sbin:/usr/local/bin
                   #1  /bin
                   #2  /usr/bin
                   #3  /usr/sbin
                   #4  /usr/local/bin
2022-04-08 09:55:07,694 DEBUG Waiting up to 600 secs for process tedge (pid 18256)
2022-04-08 09:55:08,100 INFO  Executed tedge, exit status 0
2022-04-08 09:55:08,101 DEBUG --- test validate
2022-04-08 09:55:08,102 DEBUG Performing regex contains=True grep on file: /home/pi/actions-runner/_work/thin-edge.io/thin-edge.io/tests/PySys/tedge/call_tedge_-h_-V/Output/linux/tedge.out
2022-04-08 09:55:08,107 DEBUG Grep on file tedge.out successfully matched expression "tedge 0.6" with line: 'tedge 0.6.1\n'
2022-04-08 09:55:08,108 INFO  Grep on file tedge.out ... passed
2022-04-08 09:55:08,109 DEBUG Performing regex contains=True grep on file: /home/pi/actions-runner/_work/thin-edge.io/thin-edge.io/tests/PySys/tedge/call_tedge_-h_-V/Output/linux/tedge.out
2022-04-08 09:55:08,112 DEBUG Grep on file tedge.out successfully matched expression "USAGE:" with line: 'USAGE:\n'
2022-04-08 09:55:08,113 INFO  Grep on file tedge.out ... passed
2022-04-08 09:55:08,118 DEBUG --- test cleanup
2022-04-08 09:55:08,119 DEBUG ProcessUser cleanup function done.
2022-04-08 09:55:08,122 INFO  
2022-04-08 09:55:08,123 INFO  Test duration: 0.45 secs
2022-04-08 09:55:08,124 INFO  Test final outcome:  PASSED
2022-04-08 09:55:08,124 INFO  
