2022-04-15 08:54:32,050 INFO  ==============================================================
2022-04-15 08:54:32,051 INFO  Id:    log_request_error_messages
2022-04-15 08:54:32,053 INFO  Dir:   log_request_end_to_end/
2022-04-15 08:54:32,053 INFO  Title: Validate end to end behaviour for the log request operation check for error messages
2022-04-15 08:54:32,054 INFO  ==============================================================
2022-04-15 08:54:33,354 INFO  EnvironmentC8y Setup
2022-04-15 08:54:33,993 INFO  Executed systemctl<serv_mapper1>, exit status 3
2022-04-15 08:54:34,097 INFO  Restarting mosquitto too frequently in the last 10 seconds. It was only up for 2 seconds
2022-04-15 08:54:34,099 INFO  Delaying execution by 9 seconds
2022-04-15 08:54:57,000 INFO  Executed sudo<tedge_connect_c8y>, exit status 0, duration 13 secs
2022-04-15 08:54:57,615 INFO  Executed sudo<tedge_connect_c8y_test>, exit status 0
2022-04-15 08:54:58,178 INFO  Executed systemctl<serv_mosq2>, exit status 0
2022-04-15 08:54:58,641 INFO  Executed systemctl<serv_mapper3>, exit status 0
2022-04-15 08:54:59,173 INFO  Executed sudo<rm_logs>, exit status 0
2022-04-15 08:54:59,704 INFO  Executed sudo<move_logs>, exit status 0
2022-04-15 08:55:00,279 INFO  log response None
2022-04-15 08:55:00,281 WARN  retry, retrying in 1 seconds...
2022-04-15 08:55:01,494 INFO  log response https://thin-edge-io.eu-latest.cumulocity.com/event/events/17334093/binaries
2022-04-15 08:55:01,777 INFO  Assert that (True == value) with value=True ... passed
2022-04-15 08:55:01,785 INFO  
2022-04-15 08:55:01,786 INFO  cleanup:
2022-04-15 08:55:02,297 INFO  Executed sudo<rm_logs>, exit status 0
2022-04-15 08:55:02,811 INFO  Executed sudo<rm_tmp_logs>, exit status 0
2022-04-15 08:55:06,863 INFO  Executed sudo<tedge_disconnect_c8y>, exit status 0
2022-04-15 08:55:07,435 INFO  Executed systemctl<serv_mapper5>, exit status 3
2022-04-15 08:55:07,439 INFO  
2022-04-15 08:55:07,440 INFO  Test duration: 35.39 secs
2022-04-15 08:55:07,441 INFO  Test final outcome:  PASSED
2022-04-15 08:55:07,442 INFO  
