2022-04-29 09:22:01,350 INFO  ==============================================================
2022-04-29 09:22:01,351 INFO  Id:    tedge_mapper_c8y_child_device_measurement
2022-04-29 09:22:01,352 INFO  Dir:   tedge_mapper_c8y/
2022-04-29 09:22:01,353 INFO  Title: Validate that measurements sent to tedge/measurements/child topic gets mapped as the child device's measurement in Cumulocity
2022-04-29 09:22:01,354 INFO  ==============================================================
2022-04-29 09:22:01,381 INFO  EnvironmentC8y Setup
2022-04-29 09:22:01,944 INFO  Executed systemctl<serv_mapper1>, exit status 3
2022-04-29 09:22:02,050 INFO  Restarting mosquitto too frequently in the last 10 seconds. It was only up for 5 seconds
2022-04-29 09:22:02,051 INFO  Delaying execution by 6 seconds
2022-04-29 09:22:21,891 INFO  Executed sudo<tedge_connect_c8y>, exit status 0, duration 13 secs
2022-04-29 09:22:22,516 INFO  Executed sudo<tedge_connect_c8y_test>, exit status 0
2022-04-29 09:22:22,981 INFO  Executed systemctl<serv_mosq2>, exit status 0
2022-04-29 09:22:23,449 INFO  Executed systemctl<serv_mapper3>, exit status 0
2022-04-29 09:22:24,161 INFO  Assert that (actual == expected) with actual=None, expected=None ... passed
2022-04-29 09:22:24,624 INFO  Executed tedge_pub, exit status 0
2022-04-29 09:22:25,088 INFO  Executed tedge_pub, exit status 0
2022-04-29 09:22:25,552 INFO  Executed tedge_pub, exit status 0
2022-04-29 09:22:25,963 INFO  Executed tedge_pub, exit status 0
2022-04-29 09:22:26,375 INFO  Executed tedge_pub, exit status 0
2022-04-29 09:22:29,014 INFO  {
    "self": "https://t493319102.eu-latest.cumulocity.com/measurement/measurements/17960010",
    "time": "2022-04-29T09:22:26.359Z",
    "id": "17960010",
    "source": {
        "self": "https://t493319102.eu-latest.cumulocity.com/inventory/managedObjects/17960003",
        "id": "17960003"
    },
    "type": "ThinEdgeMeasurement",
    "temperature": {
        "temperature": {
            "value": 10.0
        }
    }
}
2022-04-29 09:22:29,016 INFO  Assert that (actual == expected) with actual="ThinEdgeMeasurement", expected="ThinEdgeMeasurement" ... passed
2022-04-29 09:22:29,017 INFO  Assert that (actual == expected) with actual=10.0, expected=10 ... passed
2022-04-29 09:22:29,018 INFO  {
    "self": "https://t493319102.eu-latest.cumulocity.com/measurement/measurements/17960005",
    "time": "2022-04-29T09:22:25.067Z",
    "id": "17960005",
    "source": {
        "self": "https://t493319102.eu-latest.cumulocity.com/inventory/managedObjects/17960003",
        "id": "17960003"
    },
    "type": "ThinEdgeMeasurement",
    "temperature": {
        "temperature": {
            "value": 11.0
        }
    }
}
2022-04-29 09:22:29,020 INFO  Assert that (actual == expected) with actual="ThinEdgeMeasurement", expected="ThinEdgeMeasurement" ... passed
2022-04-29 09:22:29,021 INFO  Assert that (actual == expected) with actual=11.0, expected=11 ... passed
2022-04-29 09:22:29,023 INFO  {
    "self": "https://t493319102.eu-latest.cumulocity.com/measurement/measurements/17960004",
    "time": "2021-01-01T10:10:10.100+02:00",
    "id": "17960004",
    "source": {
        "self": "https://t493319102.eu-latest.cumulocity.com/inventory/managedObjects/17960003",
        "id": "17960003"
    },
    "type": "ThinEdgeMeasurement",
    "temperature": {
        "temperature": {
            "value": 12.0
        }
    }
}
2022-04-29 09:22:29,024 INFO  Assert that (actual == expected) with actual="ThinEdgeMeasurement", expected="ThinEdgeMeasurement" ... passed
2022-04-29 09:22:29,025 INFO  Assert that (actual == expected) with actual=12.0, expected=12 ... passed
2022-04-29 09:22:29,027 INFO  Assert that (actual == expected) with actual="2021-01-01T10:10:10.100+02:00", expected="2021-01-01T10:10:10.100+02:00" ... passed
2022-04-29 09:22:29,246 INFO  {
    "self": "https://t493319102.eu-latest.cumulocity.com/measurement/measurements/17960008",
    "time": "2022-04-29T09:22:25.956Z",
    "id": "17960008",
    "source": {
        "self": "https://t493319102.eu-latest.cumulocity.com/inventory/managedObjects/17960007",
        "id": "17960007"
    },
    "type": "ThinEdgeMeasurement",
    "temperature": {
        "temperature": {
            "value": 6.0
        }
    }
}
2022-04-29 09:22:29,248 INFO  Assert that (actual == expected) with actual="ThinEdgeMeasurement", expected="ThinEdgeMeasurement" ... passed
2022-04-29 09:22:29,249 INFO  Assert that (actual == expected) with actual=6.0, expected=6 ... passed
2022-04-29 09:22:29,450 INFO  {
    "self": "https://t493319102.eu-latest.cumulocity.com/measurement/measurements/17960006",
    "time": "2022-04-29T09:22:25.510Z",
    "id": "17960006",
    "source": {
        "self": "https://t493319102.eu-latest.cumulocity.com/inventory/managedObjects/17920057",
        "id": "17920057"
    },
    "type": "ThinEdgeMeasurement",
    "temperature": {
        "temperature": {
            "value": 5.0
        }
    }
}
2022-04-29 09:22:29,452 INFO  Assert that (actual == expected) with actual="ThinEdgeMeasurement", expected="ThinEdgeMeasurement" ... passed
2022-04-29 09:22:29,454 INFO  Assert that (actual == expected) with actual=5.0, expected=5 ... passed
2022-04-29 09:22:29,461 INFO  
2022-04-29 09:22:29,462 INFO  cleanup:
2022-04-29 09:22:33,774 INFO  Executed sudo<tedge_disconnect_c8y>, exit status 0
2022-04-29 09:22:34,342 INFO  Executed systemctl<serv_mapper5>, exit status 3
2022-04-29 09:22:34,347 INFO  
2022-04-29 09:22:34,347 INFO  Test duration: 33.00 secs
2022-04-29 09:22:34,349 INFO  Test final outcome:  PASSED
2022-04-29 09:22:34,350 INFO  
