2022-04-12 10:02:50,620 INFO  ==============================================================
2022-04-12 10:02:50,621 INFO  Id:    SoftwareManagement.sm_fake_install_remove_multiple
2022-04-12 10:02:50,623 INFO  Dir:   software_management_end_to_end/
2022-04-12 10:02:50,624 INFO  Title: Validate end to end behaviour for the dummy-plugin for multiple packages
2022-04-12 10:02:50,625 INFO  ==============================================================
2022-04-12 10:02:50,632 INFO  Using sw id database: {'asciijump': '5475369', 'robotfindskitten': '5474869', 'squirrel3': '5475279', 'rolldice': '5152439', 'moon-buggy': '5439204', 'apple': '5495053', 'banana': '5494888', 'cherry': '5495382', 'watermelon': '5494510', 'registry': '8018911', 'hello-world': '8021526', 'docker/getting-started': '8021973', 'alpine': '7991792'}
2022-04-12 10:02:50,633 INFO  EnvironmentC8y Setup
2022-04-12 10:02:51,195 INFO  Executed systemctl<serv_mapper1>, exit status 3
2022-04-12 10:02:51,313 INFO  Restarting mosquitto too frequently in the last 10 seconds. It was only up for 5 seconds
2022-04-12 10:02:51,316 INFO  Delaying execution by 6 seconds
2022-04-12 10:03:11,366 INFO  Executed sudo<tedge_connect_c8y>, exit status 0, duration 14 secs
2022-04-12 10:03:12,034 INFO  Executed sudo<tedge_connect_c8y_test>, exit status 0
2022-04-12 10:03:12,498 INFO  Executed systemctl<serv_mosq2>, exit status 0
2022-04-12 10:03:12,960 INFO  Executed systemctl<serv_mapper3>, exit status 0
2022-04-12 10:03:15,183 INFO  State of current operation: PENDING
2022-04-12 10:03:17,408 INFO  State of current operation: PENDING
2022-04-12 10:03:19,633 INFO  State of current operation: PENDING
2022-04-12 10:03:21,857 INFO  State of current operation: PENDING
2022-04-12 10:03:24,077 INFO  State of current operation: PENDING
2022-04-12 10:03:26,307 INFO  State of current operation: PENDING
2022-04-12 10:03:28,536 INFO  State of current operation: PENDING
2022-04-12 10:03:30,760 INFO  State of current operation: PENDING
2022-04-12 10:03:32,986 INFO  State of current operation: PENDING
2022-04-12 10:03:35,211 INFO  State of current operation: PENDING
2022-04-12 10:03:37,436 INFO  State of current operation: PENDING
2022-04-12 10:03:39,657 INFO  State of current operation: PENDING
2022-04-12 10:03:41,880 INFO  State of current operation: PENDING
2022-04-12 10:03:44,101 INFO  State of current operation: PENDING
2022-04-12 10:03:46,326 INFO  State of current operation: PENDING
2022-04-12 10:03:48,547 INFO  State of current operation: PENDING
2022-04-12 10:03:50,767 INFO  State of current operation: PENDING
2022-04-12 10:03:52,990 INFO  State of current operation: PENDING
2022-04-12 10:03:55,217 INFO  State of current operation: PENDING
2022-04-12 10:03:57,438 INFO  State of current operation: PENDING
2022-04-12 10:03:59,659 INFO  State of current operation: PENDING
2022-04-12 10:04:01,879 INFO  State of current operation: PENDING
2022-04-12 10:04:04,107 INFO  State of current operation: PENDING
2022-04-12 10:04:06,326 INFO  State of current operation: PENDING
2022-04-12 10:04:08,549 INFO  State of current operation: PENDING
2022-04-12 10:04:10,777 INFO  State of current operation: PENDING
2022-04-12 10:04:12,994 INFO  State of current operation: PENDING
2022-04-12 10:04:15,224 INFO  State of current operation: PENDING
2022-04-12 10:04:17,442 INFO  State of current operation: PENDING
2022-04-12 10:04:19,669 INFO  State of current operation: PENDING
2022-04-12 10:04:21,892 INFO  State of current operation: PENDING
2022-04-12 10:04:24,112 INFO  State of current operation: PENDING
2022-04-12 10:04:26,348 INFO  State of current operation: PENDING
2022-04-12 10:04:28,577 INFO  State of current operation: PENDING
2022-04-12 10:04:30,801 INFO  State of current operation: PENDING
2022-04-12 10:04:33,018 INFO  State of current operation: PENDING
2022-04-12 10:04:35,241 INFO  State of current operation: PENDING
2022-04-12 10:04:37,470 INFO  State of current operation: PENDING
2022-04-12 10:04:39,699 INFO  State of current operation: PENDING
2022-04-12 10:04:41,921 INFO  State of current operation: PENDING
2022-04-12 10:04:44,138 INFO  State of current operation: PENDING
2022-04-12 10:04:46,361 INFO  State of current operation: PENDING
2022-04-12 10:04:48,582 INFO  State of current operation: PENDING
2022-04-12 10:04:50,809 INFO  State of current operation: PENDING
2022-04-12 10:04:53,031 INFO  State of current operation: PENDING
2022-04-12 10:04:55,257 INFO  State of current operation: PENDING
2022-04-12 10:04:57,481 INFO  State of current operation: PENDING
2022-04-12 10:04:59,707 INFO  State of current operation: PENDING
2022-04-12 10:05:01,953 INFO  State of current operation: PENDING
2022-04-12 10:05:04,180 INFO  State of current operation: PENDING
2022-04-12 10:05:06,406 INFO  State of current operation: PENDING
2022-04-12 10:05:08,634 INFO  State of current operation: PENDING
2022-04-12 10:05:10,860 INFO  State of current operation: PENDING
2022-04-12 10:05:13,084 INFO  State of current operation: PENDING
2022-04-12 10:05:15,313 INFO  State of current operation: PENDING
2022-04-12 10:05:17,535 INFO  State of current operation: PENDING
2022-04-12 10:05:19,761 INFO  State of current operation: PENDING
2022-04-12 10:05:21,986 INFO  State of current operation: PENDING
2022-04-12 10:05:24,213 INFO  State of current operation: PENDING
2022-04-12 10:05:26,443 INFO  State of current operation: PENDING
2022-04-12 10:05:28,666 INFO  State of current operation: PENDING
2022-04-12 10:05:30,675 WARN  SystemError occurred while running test - Timeout while waiting for status FAILED or SUCCESSFUL
Traceback (most recent call last):
  File "/home/pi/env-pysys/lib/python3.7/site-packages/pysys/baserunner.py", line 1292, in __call__
    self.testObj.setup()
  File "/home/pi/actions-runner/_work/thin-edge.io/thin-edge.io/tests/PySys/software_management_end_to_end/sm_fake_install_remove_multiple/run.py", line 68, in setup
    super().setup()
  File "/home/pi/actions-runner/_work/thin-edge.io/thin-edge.io/tests/PySys/software_management_end_to_end/environment_sm_management.py", line 151, in setup
    self.wait_until_end()
  File "/home/pi/actions-runner/_work/thin-edge.io/thin-edge.io/tests/PySys/software_management_end_to_end/environment_sm_management.py", line 332, in wait_until_end
    self.wait_until_status("FAILED", "SUCCESSFUL")
  File "/home/pi/actions-runner/_work/thin-edge.io/thin-edge.io/tests/PySys/software_management_end_to_end/environment_sm_management.py", line 381, in wait_until_status
    "Timeout while waiting for status %s or %s" % (status, status2)
SystemError: Timeout while waiting for status FAILED or SUCCESSFUL
2022-04-12 10:05:30,705 WARN  SystemError: Timeout while waiting for status FAILED or SUCCESSFUL ... blocked 
2022-04-12 10:05:30,706 INFO  
2022-04-12 10:05:30,707 INFO  cleanup:
2022-04-12 10:05:34,842 INFO  Executed sudo<tedge_disconnect_c8y>, exit status 0
2022-04-12 10:05:35,455 INFO  Executed systemctl<serv_mapper5>, exit status 3
2022-04-12 10:05:35,459 INFO  
2022-04-12 10:05:35,460 INFO  Test duration: 164.85 secs
2022-04-12 10:05:35,461 INFO  Test final outcome:  BLOCKED
2022-04-12 10:05:35,462 INFO  Test outcome reason: SystemError: Timeout while waiting for status FAILED or SUCCESSFUL
2022-04-12 10:05:35,463 INFO  
