2022-05-10 13:37:09,819 INFO  ==============================================================
2022-05-10 13:37:09,819 INFO  Id:    SoftwareManagement.sm_docker_install_remove_multiple
2022-05-10 13:37:09,820 INFO  Dir:   software_management_end_to_end/
2022-05-10 13:37:09,820 INFO  Title: Validate end to end behaviour for the docker plugin for multiple docker images with mixed versions
2022-05-10 13:37:09,820 INFO  ==============================================================
2022-05-10 13:37:09,822 INFO  Using sw id database: {'asciijump': '5475369', 'robotfindskitten': '5474869', 'squirrel3': '5475279', 'rolldice': '5152439', 'moon-buggy': '5439204', 'apple': '5495053', 'banana': '5494888', 'cherry': '5495382', 'watermelon': '5494510', 'registry': '8018911', 'hello-world': '8021526', 'docker/getting-started': '8021973', 'alpine': '7991792'}
2022-05-10 13:37:09,822 INFO  EnvironmentC8y Setup
2022-05-10 13:37:09,925 INFO  Executed systemctl<serv_mapper1>, exit status 3
2022-05-10 13:37:09,946 INFO  Restarting mosquitto too frequently in the last 10 seconds. It was only up for 2 seconds
2022-05-10 13:37:09,946 INFO  Delaying execution by 9 seconds
2022-05-10 13:37:36,924 INFO  Executed sudo<tedge_connect_c8y>, exit status 0, duration 17 secs
2022-05-10 13:37:37,077 INFO  Executed sudo<tedge_connect_c8y_test>, exit status 0
2022-05-10 13:37:37,180 INFO  Executed systemctl<serv_mosq2>, exit status 0
2022-05-10 13:37:37,283 INFO  Executed systemctl<serv_mapper3>, exit status 0
2022-05-10 13:37:39,466 INFO  State of current operation: SUCCESSFUL
2022-05-10 13:37:39,590 INFO  Response status: 201
2022-05-10 13:37:39,591 INFO  Response to action: {
    "creationTime": "2022-05-10T13:37:39.550Z",
    "deviceName": "ubuntu-2gb-hel1-2-thin-edge-b",
    "deviceId": "18651557",
    "self": "https://t493319102.eu-latest.cumulocity.com/devicecontrol/operations/18685328",
    "id": "18685328",
    "status": "PENDING",
    "description": "Apply software changes, triggered from PySys: [{'action': 'install', 'id': '8021526', 'name': 'hello-world', 'url': '', 'version': '::docker'}, {'action': 'install', 'id': '8018911', 'name': 'registry', 'url': '', 'version': '2.6.2::docker'}]",
    "c8y_SoftwareUpdate": [
        {
            "name": "hello-world",
            "action": "install",
            "id": "8021526",
            "version": "::docker",
            "url": ""
        },
        {
            "name": "registry",
            "action": "install",
            "id": "8018911",
            "version": "2.6.2::docker",
            "url": ""
        }
    ]
}
2022-05-10 13:37:39,591 INFO  Started operation: {'creationTime': '2022-05-10T13:37:39.550Z', 'deviceName': 'ubuntu-2gb-hel1-2-thin-edge-b', 'deviceId': '18651557', 'self': 'https://t493319102.eu-latest.cumulocity.com/devicecontrol/operations/18685328', 'id': '18685328', 'status': 'PENDING', 'description': "Apply software changes, triggered from PySys: [{'action': 'install', 'id': '8021526', 'name': 'hello-world', 'url': '', 'version': '::docker'}, {'action': 'install', 'id': '8018911', 'name': 'registry', 'url': '', 'version': '2.6.2::docker'}]", 'c8y_SoftwareUpdate': [{'name': 'hello-world', 'action': 'install', 'id': '8021526', 'version': '::docker', 'url': ''}, {'name': 'registry', 'action': 'install', 'id': '8018911', 'version': '2.6.2::docker', 'url': ''}]}
2022-05-10 13:37:41,704 INFO  State of operation 18685328 : EXECUTING
2022-05-10 13:37:43,819 INFO  State of operation 18685328 : EXECUTING
2022-05-10 13:37:45,959 INFO  State of operation 18685328 : EXECUTING
2022-05-10 13:37:48,107 INFO  State of operation 18685328 : EXECUTING
2022-05-10 13:37:50,219 INFO  State of operation 18685328 : SUCCESSFUL
2022-05-10 13:37:51,355 INFO  Package hello-world is installed
2022-05-10 13:37:51,503 INFO  Package hello-world is installed
2022-05-10 13:37:51,503 INFO  Assert that (True == value) with value=True ... passed
2022-05-10 13:37:51,636 INFO  Package registry is installed
2022-05-10 13:37:51,636 INFO  Assert that (True == value) with value=True ... passed
2022-05-10 13:37:51,768 INFO  Assert that (False == value) with value=False ... passed
2022-05-10 13:37:51,907 INFO  Response status: 201
2022-05-10 13:37:51,908 INFO  Response to action: {
    "creationTime": "2022-05-10T13:37:51.867Z",
    "deviceName": "ubuntu-2gb-hel1-2-thin-edge-b",
    "deviceId": "18651557",
    "self": "https://t493319102.eu-latest.cumulocity.com/devicecontrol/operations/18685330",
    "id": "18685330",
    "status": "PENDING",
    "description": "Apply software changes, triggered from PySys: [{'action': 'install', 'id': '8018911', 'name': 'registry', 'url': '', 'version': '2.7.1::docker'}, {'action': 'install', 'id': '7991792', 'name': 'alpine', 'url': '', 'version': '::docker'}]",
    "c8y_SoftwareUpdate": [
        {
            "name": "registry",
            "action": "install",
            "id": "8018911",
            "version": "2.7.1::docker",
            "url": ""
        },
        {
            "name": "alpine",
            "action": "install",
            "id": "7991792",
            "version": "::docker",
            "url": ""
        }
    ]
}
2022-05-10 13:37:51,908 INFO  Started operation: {'creationTime': '2022-05-10T13:37:51.867Z', 'deviceName': 'ubuntu-2gb-hel1-2-thin-edge-b', 'deviceId': '18651557', 'self': 'https://t493319102.eu-latest.cumulocity.com/devicecontrol/operations/18685330', 'id': '18685330', 'status': 'PENDING', 'description': "Apply software changes, triggered from PySys: [{'action': 'install', 'id': '8018911', 'name': 'registry', 'url': '', 'version': '2.7.1::docker'}, {'action': 'install', 'id': '7991792', 'name': 'alpine', 'url': '', 'version': '::docker'}]", 'c8y_SoftwareUpdate': [{'name': 'registry', 'action': 'install', 'id': '8018911', 'version': '2.7.1::docker', 'url': ''}, {'name': 'alpine', 'action': 'install', 'id': '7991792', 'version': '::docker', 'url': ''}]}
2022-05-10 13:37:54,021 INFO  State of operation 18685330 : EXECUTING
2022-05-10 13:37:56,132 INFO  State of operation 18685330 : EXECUTING
2022-05-10 13:37:58,246 INFO  State of operation 18685330 : EXECUTING
2022-05-10 13:38:00,356 INFO  State of operation 18685330 : EXECUTING
2022-05-10 13:38:02,465 INFO  State of operation 18685330 : SUCCESSFUL
2022-05-10 13:38:03,599 INFO  Package hello-world is installed
2022-05-10 13:38:03,735 INFO  Package hello-world is installed
2022-05-10 13:38:03,735 INFO  Assert that (True == value) with value=True ... passed
2022-05-10 13:38:03,870 INFO  Package registry is installed
2022-05-10 13:38:03,871 INFO  Assert that (True == value) with value=True ... passed
2022-05-10 13:38:04,002 INFO  Package alpine is installed
2022-05-10 13:38:04,003 INFO  Assert that (True == value) with value=True ... passed
2022-05-10 13:38:04,003 INFO  
2022-05-10 13:38:04,003 INFO  cleanup:
2022-05-10 13:38:04,142 INFO  Response status: 201
2022-05-10 13:38:04,142 INFO  Response to action: {
    "creationTime": "2022-05-10T13:38:04.104Z",
    "deviceName": "ubuntu-2gb-hel1-2-thin-edge-b",
    "deviceId": "18651557",
    "self": "https://t493319102.eu-latest.cumulocity.com/devicecontrol/operations/18685332",
    "id": "18685332",
    "status": "PENDING",
    "description": "Apply software changes, triggered from PySys: [{'action': 'delete', 'id': '8018911', 'name': 'registry', 'url': '', 'version': '2.7.1::docker'}, {'action': 'delete', 'id': '7991792', 'name': 'alpine', 'url': '', 'version': '::docker'}, {'action': 'delete', 'id': '8021526', 'name': 'hello-world', 'url': '', 'version': '::docker'}]",
    "c8y_SoftwareUpdate": [
        {
            "name": "registry",
            "action": "delete",
            "id": "8018911",
            "version": "2.7.1::docker",
            "url": ""
        },
        {
            "name": "alpine",
            "action": "delete",
            "id": "7991792",
            "version": "::docker",
            "url": ""
        },
        {
            "name": "hello-world",
            "action": "delete",
            "id": "8021526",
            "version": "::docker",
            "url": ""
        }
    ]
}
2022-05-10 13:38:04,142 INFO  Started operation: {'creationTime': '2022-05-10T13:38:04.104Z', 'deviceName': 'ubuntu-2gb-hel1-2-thin-edge-b', 'deviceId': '18651557', 'self': 'https://t493319102.eu-latest.cumulocity.com/devicecontrol/operations/18685332', 'id': '18685332', 'status': 'PENDING', 'description': "Apply software changes, triggered from PySys: [{'action': 'delete', 'id': '8018911', 'name': 'registry', 'url': '', 'version': '2.7.1::docker'}, {'action': 'delete', 'id': '7991792', 'name': 'alpine', 'url': '', 'version': '::docker'}, {'action': 'delete', 'id': '8021526', 'name': 'hello-world', 'url': '', 'version': '::docker'}]", 'c8y_SoftwareUpdate': [{'name': 'registry', 'action': 'delete', 'id': '8018911', 'version': '2.7.1::docker', 'url': ''}, {'name': 'alpine', 'action': 'delete', 'id': '7991792', 'version': '::docker', 'url': ''}, {'name': 'hello-world', 'action': 'delete', 'id': '8021526', 'version': '::docker', 'url': ''}]}
2022-05-10 13:38:06,259 INFO  State of operation 18685332 : EXECUTING
2022-05-10 13:38:08,371 INFO  State of operation 18685332 : SUCCESSFUL
2022-05-10 13:38:18,715 INFO  Assert that (False == value) with value=False ... passed
2022-05-10 13:38:18,848 INFO  Assert that (False == value) with value=False ... passed
2022-05-10 13:38:18,981 INFO  Assert that (False == value) with value=False ... passed
2022-05-10 13:38:30,149 INFO  Executed sudo<tedge_disconnect_c8y>, exit status 0, duration 11 secs
2022-05-10 13:38:30,252 INFO  Executed systemctl<serv_mapper5>, exit status 3
2022-05-10 13:38:30,253 INFO  
2022-05-10 13:38:30,253 INFO  Test duration: 80.43 secs
2022-05-10 13:38:30,253 INFO  Test final outcome:  PASSED
2022-05-10 13:38:30,253 INFO  
