2022-04-08 10:39:11,497 INFO  ==============================================================
2022-04-08 10:39:11,498 INFO  Id:    docker_plugin_remove
2022-04-08 10:39:11,499 INFO  Dir:   plugin_docker/
2022-04-08 10:39:11,500 INFO  Title: Validate docker plugin remove
2022-04-08 10:39:11,501 DEBUG Execution order hint: 0.0
2022-04-08 10:39:11,502 INFO  ==============================================================
2022-04-08 10:39:11,509 DEBUG Process parameters for sudo<docker_images>
  command line : /usr/bin/sudo docker images
    arg #1     : docker
    arg #2     : images
  working dir  : /home/pi/actions-runner/_work/thin-edge.io/thin-edge.io/tests/PySys/plugin_docker/docker_plugin_remove/Output/linux
  stdout       : /home/pi/actions-runner/_work/thin-edge.io/thin-edge.io/tests/PySys/plugin_docker/docker_plugin_remove/Output/linux/docker_images.out
  stderr       : /home/pi/actions-runner/_work/thin-edge.io/thin-edge.io/tests/PySys/plugin_docker/docker_plugin_remove/Output/linux/docker_images.err
  environment  : LD_LIBRARY_PATH=/usr/lib
  environment  : PATH=/bin:/usr/bin:/usr/sbin:/usr/local/bin
                   #1  /bin
                   #2  /usr/bin
                   #3  /usr/sbin
                   #4  /usr/local/bin
2022-04-08 10:39:11,516 DEBUG Waiting up to 600 secs for process sudo<docker_images> (pid 30033)
2022-04-08 10:39:12,324 INFO  Executed sudo<docker_images>, exit status 0
2022-04-08 10:39:12,325 DEBUG Performing regex contains=False grep on file: /home/pi/actions-runner/_work/thin-edge.io/thin-edge.io/tests/PySys/plugin_docker/docker_plugin_remove/Output/linux/docker_images.out
2022-04-08 10:39:12,329 INFO  Grep on file /home/pi/actions-runner/_work/thin-edge.io/thin-edge.io/tests/PySys/plugin_docker/docker_plugin_remove/Output/linux/docker_images.out ... passed
2022-04-08 10:39:12,332 DEBUG Process parameters for sudo<docker_run>
  command line : /usr/bin/sudo docker run -d registry
    arg #1     : docker
    arg #2     : run
    arg #3     : -d
    arg #4     : registry
  working dir  : /home/pi/actions-runner/_work/thin-edge.io/thin-edge.io/tests/PySys/plugin_docker/docker_plugin_remove/Output/linux
  stdout       : /home/pi/actions-runner/_work/thin-edge.io/thin-edge.io/tests/PySys/plugin_docker/docker_plugin_remove/Output/linux/docker_run.out
  stderr       : /home/pi/actions-runner/_work/thin-edge.io/thin-edge.io/tests/PySys/plugin_docker/docker_plugin_remove/Output/linux/docker_run.err
  environment  : LD_LIBRARY_PATH=/usr/lib
  environment  : PATH=/bin:/usr/bin:/usr/sbin:/usr/local/bin
                   #1  /bin
                   #2  /usr/bin
                   #3  /usr/sbin
                   #4  /usr/local/bin
2022-04-08 10:39:12,340 DEBUG Waiting up to 600 secs for process sudo<docker_run> (pid 30044)
2022-04-08 10:39:34,253 INFO  Executed sudo<docker_run>, exit status 0, duration 21 secs
2022-04-08 10:39:34,261 DEBUG Process parameters for sudo<docker_ps>
  command line : /usr/bin/sudo docker ps
    arg #1     : docker
    arg #2     : ps
  working dir  : /home/pi/actions-runner/_work/thin-edge.io/thin-edge.io/tests/PySys/plugin_docker/docker_plugin_remove/Output/linux
  stdout       : /home/pi/actions-runner/_work/thin-edge.io/thin-edge.io/tests/PySys/plugin_docker/docker_plugin_remove/Output/linux/docker_ps.out
  stderr       : /home/pi/actions-runner/_work/thin-edge.io/thin-edge.io/tests/PySys/plugin_docker/docker_plugin_remove/Output/linux/docker_ps.err
  environment  : LD_LIBRARY_PATH=/usr/lib
  environment  : PATH=/bin:/usr/bin:/usr/sbin:/usr/local/bin
                   #1  /bin
                   #2  /usr/bin
                   #3  /usr/sbin
                   #4  /usr/local/bin
2022-04-08 10:39:34,267 DEBUG Waiting up to 600 secs for process sudo<docker_ps> (pid 30231)
2022-04-08 10:39:35,076 INFO  Executed sudo<docker_ps>, exit status 0
2022-04-08 10:39:35,077 DEBUG Performing regex contains=True grep on file: /home/pi/actions-runner/_work/thin-edge.io/thin-edge.io/tests/PySys/plugin_docker/docker_plugin_remove/Output/linux/docker_ps.out
2022-04-08 10:39:35,081 DEBUG Grep on file /home/pi/actions-runner/_work/thin-edge.io/thin-edge.io/tests/PySys/plugin_docker/docker_plugin_remove/Output/linux/docker_ps.out successfully matched expression "registry" with line: '5c72417b3d9a        registry            "/entrypoint.sh /etc…"   4 seconds ago       Up Less than a second   5000/tcp            gracious_goldstine\n'
2022-04-08 10:39:35,083 INFO  Grep on file /home/pi/actions-runner/_work/thin-edge.io/thin-edge.io/tests/PySys/plugin_docker/docker_plugin_remove/Output/linux/docker_ps.out ... passed
2022-04-08 10:39:35,084 DEBUG --- test execute
2022-04-08 10:39:35,086 DEBUG Process parameters for sudo<plugin_remove>
  command line : /usr/bin/sudo /etc/tedge/sm-plugins/docker remove registry
    arg #1     : /etc/tedge/sm-plugins/docker
    arg #2     : remove
    arg #3     : registry
  working dir  : /home/pi/actions-runner/_work/thin-edge.io/thin-edge.io/tests/PySys/plugin_docker/docker_plugin_remove/Output/linux
  stdout       : /home/pi/actions-runner/_work/thin-edge.io/thin-edge.io/tests/PySys/plugin_docker/docker_plugin_remove/Output/linux/plugin_remove.out
  stderr       : /home/pi/actions-runner/_work/thin-edge.io/thin-edge.io/tests/PySys/plugin_docker/docker_plugin_remove/Output/linux/plugin_remove.err
  environment  : LD_LIBRARY_PATH=/usr/lib
  environment  : PATH=/bin:/usr/bin:/usr/sbin:/usr/local/bin
                   #1  /bin
                   #2  /usr/bin
                   #3  /usr/sbin
                   #4  /usr/local/bin
2022-04-08 10:39:35,092 DEBUG Waiting up to 600 secs for process sudo<plugin_remove> (pid 30242)
2022-04-08 10:39:38,872 INFO  Executed sudo<plugin_remove>, exit status 0
2022-04-08 10:39:38,874 DEBUG Process parameters for sudo<docker_ps_latest>
  command line : /usr/bin/sudo docker ps -q --latest
    arg #1     : docker
    arg #2     : ps
    arg #3     : -q
    arg #4     : --latest
  working dir  : /home/pi/actions-runner/_work/thin-edge.io/thin-edge.io/tests/PySys/plugin_docker/docker_plugin_remove/Output/linux
  stdout       : /home/pi/actions-runner/_work/thin-edge.io/thin-edge.io/tests/PySys/plugin_docker/docker_plugin_remove/Output/linux/docker_ps_latest.out
  stderr       : /home/pi/actions-runner/_work/thin-edge.io/thin-edge.io/tests/PySys/plugin_docker/docker_plugin_remove/Output/linux/docker_ps_latest.err
  environment  : LD_LIBRARY_PATH=/usr/lib
  environment  : PATH=/bin:/usr/bin:/usr/sbin:/usr/local/bin
                   #1  /bin
                   #2  /usr/bin
                   #3  /usr/sbin
                   #4  /usr/local/bin
2022-04-08 10:39:38,882 DEBUG Waiting up to 600 secs for process sudo<docker_ps_latest> (pid 30322)
2022-04-08 10:39:39,640 INFO  Executed sudo<docker_ps_latest>, exit status 0
2022-04-08 10:39:39,643 DEBUG --- test validate
2022-04-08 10:39:39,645 DEBUG Process parameters for sudo<docker_ps>
  command line : /usr/bin/sudo docker ps
    arg #1     : docker
    arg #2     : ps
  working dir  : /home/pi/actions-runner/_work/thin-edge.io/thin-edge.io/tests/PySys/plugin_docker/docker_plugin_remove/Output/linux
  stdout       : /home/pi/actions-runner/_work/thin-edge.io/thin-edge.io/tests/PySys/plugin_docker/docker_plugin_remove/Output/linux/docker_ps.out
  stderr       : /home/pi/actions-runner/_work/thin-edge.io/thin-edge.io/tests/PySys/plugin_docker/docker_plugin_remove/Output/linux/docker_ps.err
  environment  : LD_LIBRARY_PATH=/usr/lib
  environment  : PATH=/bin:/usr/bin:/usr/sbin:/usr/local/bin
                   #1  /bin
                   #2  /usr/bin
                   #3  /usr/sbin
                   #4  /usr/local/bin
2022-04-08 10:39:39,652 DEBUG Waiting up to 600 secs for process sudo<docker_ps> (pid 30332)
2022-04-08 10:39:40,462 INFO  Executed sudo<docker_ps>, exit status 0
2022-04-08 10:39:40,463 DEBUG Performing regex contains=False grep on file: /home/pi/actions-runner/_work/thin-edge.io/thin-edge.io/tests/PySys/plugin_docker/docker_plugin_remove/Output/linux/docker_ps.out
2022-04-08 10:39:40,467 INFO  Grep on file /home/pi/actions-runner/_work/thin-edge.io/thin-edge.io/tests/PySys/plugin_docker/docker_plugin_remove/Output/linux/docker_ps.out ... passed
2022-04-08 10:39:40,474 DEBUG --- test cleanup
2022-04-08 10:39:40,475 INFO  
2022-04-08 10:39:40,475 INFO  cleanup:
2022-04-08 10:39:40,476 DEBUG Running registered cleanup function: <bound method DockerPlugin.cleanup_containers of <DockerPluginRemoveTest object at 0x76098430>>
2022-04-08 10:39:40,477 INFO  Removing containers scheduled to be cleaned up: ['1812f512bf79', '8d67ec5a937c', '5c72417b3d9a3f111df1f7c3f04d6a7939d009bc30413ee979b7b71ad2ba08df\n']
2022-04-08 10:39:40,479 DEBUG Process parameters for sudo<containers_for_cleanup>
  command line : /usr/bin/sudo docker rm -f 1812f512bf79 8d67ec5a937c '5c72417b3d9a3f111df1f7c3f04d6a7939d009bc30413ee979b7b71ad2ba08df
'
    arg #1     : docker
    arg #2     : rm
    arg #3     : -f
    arg #4     : 1812f512bf79
    arg #5     : 8d67ec5a937c
    arg #6     : 5c72417b3d9a3f111df1f7c3f04d6a7939d009bc30413ee979b7b71ad2ba08df

  working dir  : /home/pi/actions-runner/_work/thin-edge.io/thin-edge.io/tests/PySys/plugin_docker/docker_plugin_remove/Output/linux
  stdout       : /home/pi/actions-runner/_work/thin-edge.io/thin-edge.io/tests/PySys/plugin_docker/docker_plugin_remove/Output/linux/containers_for_cleanup.out
  stderr       : /home/pi/actions-runner/_work/thin-edge.io/thin-edge.io/tests/PySys/plugin_docker/docker_plugin_remove/Output/linux/containers_for_cleanup.err
  environment  : LD_LIBRARY_PATH=/usr/lib
  environment  : PATH=/bin:/usr/bin:/usr/sbin:/usr/local/bin
                   #1  /bin
                   #2  /usr/bin
                   #3  /usr/sbin
                   #4  /usr/local/bin
2022-04-08 10:39:40,485 DEBUG Waiting up to 600 secs for process sudo<containers_for_cleanup> (pid 30342)
2022-04-08 10:39:41,293 WARN  Executed sudo<containers_for_cleanup>, exit status 1
2022-04-08 10:39:41,294 DEBUG Running registered cleanup function: <bound method DockerPlugin.cleanup_images of <DockerPluginRemoveTest object at 0x76098430>>
2022-04-08 10:39:41,295 INFO  Removing images scheduled to be cleaned up: ['registry', 'registry', 'registry:2.7.1', 'registry']
2022-04-08 10:39:41,297 DEBUG Process parameters for sudo<containers_for_cleanup>
  command line : /usr/bin/sudo docker rmi -f registry registry registry:2.7.1 registry
    arg #1     : docker
    arg #2     : rmi
    arg #3     : -f
    arg #4     : registry
    arg #5     : registry
    arg #6     : registry:2.7.1
    arg #7     : registry
  working dir  : /home/pi/actions-runner/_work/thin-edge.io/thin-edge.io/tests/PySys/plugin_docker/docker_plugin_remove/Output/linux
  stdout       : /home/pi/actions-runner/_work/thin-edge.io/thin-edge.io/tests/PySys/plugin_docker/docker_plugin_remove/Output/linux/containers_for_cleanup.out
  stderr       : /home/pi/actions-runner/_work/thin-edge.io/thin-edge.io/tests/PySys/plugin_docker/docker_plugin_remove/Output/linux/containers_for_cleanup.err
  environment  : LD_LIBRARY_PATH=/usr/lib
  environment  : PATH=/bin:/usr/bin:/usr/sbin:/usr/local/bin
                   #1  /bin
                   #2  /usr/bin
                   #3  /usr/sbin
                   #4  /usr/local/bin
2022-04-08 10:39:41,304 DEBUG Waiting up to 600 secs for process sudo<containers_for_cleanup> (pid 30352)
2022-04-08 10:39:45,020 INFO  Executed sudo<containers_for_cleanup>, exit status 0
2022-04-08 10:39:45,021 DEBUG ProcessUser cleanup function done.
2022-04-08 10:39:45,024 INFO  
2022-04-08 10:39:45,025 INFO  Test duration: 33.53 secs
2022-04-08 10:39:45,026 INFO  Test final outcome:  PASSED
2022-04-08 10:39:45,027 INFO  
