2022-04-08 10:37:24,354 INFO  ==============================================================
2022-04-08 10:37:24,355 INFO  Id:    docker_plugin_remove_with_version
2022-04-08 10:37:24,357 INFO  Dir:   plugin_docker/
2022-04-08 10:37:24,357 INFO  Title: Validate docker plugin remove with version
2022-04-08 10:37:24,358 DEBUG Execution order hint: 0.0
2022-04-08 10:37:24,359 INFO  ==============================================================
2022-04-08 10:37:24,365 DEBUG Process parameters for sudo<docker_images>
  command line : /usr/bin/sudo docker images
    arg #1     : docker
    arg #2     : images
  working dir  : /home/pi/actions-runner/_work/thin-edge.io/thin-edge.io/tests/PySys/plugin_docker/docker_plugin_remove_with_version/Output/linux
  stdout       : /home/pi/actions-runner/_work/thin-edge.io/thin-edge.io/tests/PySys/plugin_docker/docker_plugin_remove_with_version/Output/linux/docker_images.out
  stderr       : /home/pi/actions-runner/_work/thin-edge.io/thin-edge.io/tests/PySys/plugin_docker/docker_plugin_remove_with_version/Output/linux/docker_images.err
  environment  : LD_LIBRARY_PATH=/usr/lib
  environment  : PATH=/bin:/usr/bin:/usr/sbin:/usr/local/bin
                   #1  /bin
                   #2  /usr/bin
                   #3  /usr/sbin
                   #4  /usr/local/bin
2022-04-08 10:37:24,372 DEBUG Waiting up to 600 secs for process sudo<docker_images> (pid 19448)
2022-04-08 10:37:25,202 INFO  Executed sudo<docker_images>, exit status 0
2022-04-08 10:37:25,203 DEBUG Performing regex contains=False grep on file: /home/pi/actions-runner/_work/thin-edge.io/thin-edge.io/tests/PySys/plugin_docker/docker_plugin_remove_with_version/Output/linux/docker_images.out
2022-04-08 10:37:25,255 WARN  Grep on /home/pi/actions-runner/_work/thin-edge.io/thin-edge.io/tests/PySys/plugin_docker/docker_plugin_remove_with_version/Output/linux/docker_images.out does not contain "registry" failed with 2 matches, first is: "registry            2.7.1               e8a56425636e        4 months ago        22.2MB" ... failed 
2022-04-08 10:37:25,256 WARN  Aborted test due to FAILED outcome
2022-04-08 10:37:25,260 DEBUG --- test cleanup
2022-04-08 10:37:25,261 INFO  
2022-04-08 10:37:25,262 INFO  cleanup:
2022-04-08 10:37:25,263 DEBUG Running registered cleanup function: <bound method DockerPlugin.cleanup_containers of <DockerPluginRemoveWithVersionTest object at 0x7609bbd0>>
2022-04-08 10:37:25,263 DEBUG Running registered cleanup function: <bound method DockerPlugin.cleanup_images of <DockerPluginRemoveWithVersionTest object at 0x7609bbd0>>
2022-04-08 10:37:25,264 DEBUG ProcessUser cleanup function done.
2022-04-08 10:37:25,267 INFO  
2022-04-08 10:37:25,268 INFO  Test duration: 0.92 secs
2022-04-08 10:37:25,269 INFO  Test final outcome:  FAILED
2022-04-08 10:37:25,270 INFO  Test outcome reason: Grep on /home/pi/actions-runner/_work/thin-edge.io/thin-edge.io/tests/PySys/plugin_docker/docker_plugin_remove_with_version/Output/linux/docker_images.out does not contain "registry" failed with 2 matches, first is: "registry            2.7.1               e8a56425636e        4 months ago        22.2MB"
2022-04-08 10:37:25,270 INFO  
