2022-04-11 09:38:28,855 INFO  ==============================================================
2022-04-11 09:38:28,856 INFO  Id:    local_mqtt_pub_fail_qos0
2022-04-11 09:38:28,857 INFO  Dir:   local_mqtt/
2022-04-11 09:38:28,858 INFO  Title: Check error code when mosquitto is not running with QoS set to 0
2022-04-11 09:38:28,858 DEBUG Execution order hint: 0.0
2022-04-11 09:38:28,859 INFO  ==============================================================
2022-04-11 09:38:28,867 DEBUG Process parameters for sudo<stop>
  command line : /usr/bin/sudo /usr/bin/systemctl stop mosquitto
    arg #1     : /usr/bin/systemctl
    arg #2     : stop
    arg #3     : mosquitto
  working dir  : /home/pi/actions-runner/_work/thin-edge.io/thin-edge.io/tests/PySys/local_mqtt/local_mqtt_pub_fail_qos0/Output/linux
  stdout       : /home/pi/actions-runner/_work/thin-edge.io/thin-edge.io/tests/PySys/local_mqtt/local_mqtt_pub_fail_qos0/Output/linux/stop.out
  stderr       : /home/pi/actions-runner/_work/thin-edge.io/thin-edge.io/tests/PySys/local_mqtt/local_mqtt_pub_fail_qos0/Output/linux/stop.err
  environment  : LD_LIBRARY_PATH=/usr/lib
  environment  : PATH=/bin:/usr/bin:/usr/sbin:/usr/local/bin
                   #1  /bin
                   #2  /usr/bin
                   #3  /usr/sbin
                   #4  /usr/local/bin
2022-04-11 09:38:28,874 DEBUG Waiting up to 600 secs for process sudo<stop> (pid 17908)
2022-04-11 09:38:29,432 INFO  Executed sudo<stop>, exit status 0
2022-04-11 09:38:29,434 DEBUG --- test execute
2022-04-11 09:38:29,435 DEBUG Process parameters for tedge_pub_fail
  command line : /usr/bin/tedge mqtt pub --qos 0 atopic amessage
    arg #1     : mqtt
    arg #2     : pub
    arg #3     : --qos
    arg #4     : 0
    arg #5     : atopic
    arg #6     : amessage
  working dir  : /home/pi/actions-runner/_work/thin-edge.io/thin-edge.io/tests/PySys/local_mqtt/local_mqtt_pub_fail_qos0/Output/linux
  stdout       : /home/pi/actions-runner/_work/thin-edge.io/thin-edge.io/tests/PySys/local_mqtt/local_mqtt_pub_fail_qos0/Output/linux/tedge_pub_fail.out
  stderr       : /home/pi/actions-runner/_work/thin-edge.io/thin-edge.io/tests/PySys/local_mqtt/local_mqtt_pub_fail_qos0/Output/linux/tedge_pub_fail.err
  environment  : HOME=/home/pi
2022-04-11 09:38:29,442 DEBUG Waiting up to 600 secs for process tedge_pub_fail (pid 17910)
2022-04-11 09:38:29,849 INFO  Executed tedge_pub_fail, exit status 1
2022-04-11 09:38:29,851 INFO  Assert that (value==1) with value=1 ... passed
2022-04-11 09:38:29,852 DEBUG --- test validate
2022-04-11 09:38:29,857 DEBUG --- test cleanup
2022-04-11 09:38:29,859 INFO  
2022-04-11 09:38:29,859 INFO  cleanup:
2022-04-11 09:38:29,860 DEBUG Running registered cleanup function: <bound method PySysTest.mycleanup of <PySysTest object at 0x760662d0>>
2022-04-11 09:38:29,862 DEBUG Process parameters for sudo<start>
  command line : /usr/bin/sudo /usr/bin/systemctl start mosquitto
    arg #1     : /usr/bin/systemctl
    arg #2     : start
    arg #3     : mosquitto
  working dir  : /home/pi/actions-runner/_work/thin-edge.io/thin-edge.io/tests/PySys/local_mqtt/local_mqtt_pub_fail_qos0/Output/linux
  stdout       : /home/pi/actions-runner/_work/thin-edge.io/thin-edge.io/tests/PySys/local_mqtt/local_mqtt_pub_fail_qos0/Output/linux/start.out
  stderr       : /home/pi/actions-runner/_work/thin-edge.io/thin-edge.io/tests/PySys/local_mqtt/local_mqtt_pub_fail_qos0/Output/linux/start.err
  environment  : LD_LIBRARY_PATH=/usr/lib
  environment  : PATH=/bin:/usr/bin:/usr/sbin:/usr/local/bin
                   #1  /bin
                   #2  /usr/bin
                   #3  /usr/sbin
                   #4  /usr/local/bin
2022-04-11 09:38:29,868 DEBUG Waiting up to 600 secs for process sudo<start> (pid 17911)
2022-04-11 09:38:30,476 INFO  Executed sudo<start>, exit status 0
2022-04-11 09:38:30,477 DEBUG ProcessUser cleanup function done.
2022-04-11 09:38:30,480 INFO  
2022-04-11 09:38:30,481 INFO  Test duration: 1.63 secs
2022-04-11 09:38:30,482 INFO  Test final outcome:  PASSED
2022-04-11 09:38:30,483 INFO  
