2022-04-11 09:38:03,201 INFO  ==============================================================
2022-04-11 09:38:03,202 INFO  Id:    c8y_jwt_token_retrieval
2022-04-11 09:38:03,205 INFO  Dir:   cloud_c8y/
2022-04-11 09:38:03,206 INFO  Title: Validate the Cumulocity JWT Token Retrieval feature
2022-04-11 09:38:03,207 DEBUG Execution order hint: 0.0
2022-04-11 09:38:03,208 INFO  ==============================================================
2022-04-11 09:38:03,635 DEBUG Process parameters for sudo<tedge_disconnect_c8y>
  command line : /usr/bin/sudo /usr/bin/tedge disconnect c8y
    arg #1     : /usr/bin/tedge
    arg #2     : disconnect
    arg #3     : c8y
  working dir  : /home/pi/actions-runner/_work/thin-edge.io/thin-edge.io/tests/PySys/cloud_c8y/c8y_jwt_token_retrieval/Output/linux
  stdout       : /home/pi/actions-runner/_work/thin-edge.io/thin-edge.io/tests/PySys/cloud_c8y/c8y_jwt_token_retrieval/Output/linux/tedge_disconnect_c8y.out
  stderr       : /home/pi/actions-runner/_work/thin-edge.io/thin-edge.io/tests/PySys/cloud_c8y/c8y_jwt_token_retrieval/Output/linux/tedge_disconnect_c8y.err
  environment  : LD_LIBRARY_PATH=/usr/lib
  environment  : PATH=/bin:/usr/bin:/usr/sbin:/usr/local/bin
                   #1  /bin
                   #2  /usr/bin
                   #3  /usr/sbin
                   #4  /usr/local/bin
2022-04-11 09:38:03,642 DEBUG Waiting up to 600 secs for process sudo<tedge_disconnect_c8y> (pid 17730)
2022-04-11 09:38:04,329 INFO  Executed sudo<tedge_disconnect_c8y>, exit status 0
2022-04-11 09:38:04,330 DEBUG --- test execute
2022-04-11 09:38:04,431 DEBUG Process parameters for sudo<tedge_connect_c8y>
  command line : /usr/bin/sudo /usr/bin/tedge connect c8y
    arg #1     : /usr/bin/tedge
    arg #2     : connect
    arg #3     : c8y
  working dir  : /home/pi/actions-runner/_work/thin-edge.io/thin-edge.io/tests/PySys/cloud_c8y/c8y_jwt_token_retrieval/Output/linux
  stdout       : /home/pi/actions-runner/_work/thin-edge.io/thin-edge.io/tests/PySys/cloud_c8y/c8y_jwt_token_retrieval/Output/linux/tedge_connect_c8y.out
  stderr       : /home/pi/actions-runner/_work/thin-edge.io/thin-edge.io/tests/PySys/cloud_c8y/c8y_jwt_token_retrieval/Output/linux/tedge_connect_c8y.err
  environment  : LD_LIBRARY_PATH=/usr/lib
  environment  : PATH=/bin:/usr/bin:/usr/sbin:/usr/local/bin
                   #1  /bin
                   #2  /usr/bin
                   #3  /usr/sbin
                   #4  /usr/local/bin
2022-04-11 09:38:04,438 DEBUG Waiting up to 600 secs for process sudo<tedge_connect_c8y> (pid 17735)
2022-04-11 09:38:18,899 INFO  Executed sudo<tedge_connect_c8y>, exit status 0, duration 14 secs
2022-04-11 09:38:18,902 DEBUG Process parameters for sudo<resp_jwt>
  command line : /usr/bin/sudo /usr/bin/tedge mqtt sub c8y/s/dat
    arg #1     : /usr/bin/tedge
    arg #2     : mqtt
    arg #3     : sub
    arg #4     : c8y/s/dat
  working dir  : /home/pi/actions-runner/_work/thin-edge.io/thin-edge.io/tests/PySys/cloud_c8y/c8y_jwt_token_retrieval/Output/linux
  stdout       : /home/pi/actions-runner/_work/thin-edge.io/thin-edge.io/tests/PySys/cloud_c8y/c8y_jwt_token_retrieval/Output/linux/resp_jwt.out
  stderr       : /home/pi/actions-runner/_work/thin-edge.io/thin-edge.io/tests/PySys/cloud_c8y/c8y_jwt_token_retrieval/Output/linux/resp_jwt.err
  environment  : LD_LIBRARY_PATH=/usr/lib
  environment  : PATH=/bin:/usr/bin:/usr/sbin:/usr/local/bin
                   #1  /bin
                   #2  /usr/bin
                   #3  /usr/sbin
                   #4  /usr/local/bin
2022-04-11 09:38:18,910 INFO  Started sudo<resp_jwt> with process id 17842
2022-04-11 09:38:18,916 DEBUG Process parameters for sudo<req_jwt>
  command line : /usr/bin/sudo /usr/bin/tedge mqtt pub c8y/s/uat ''"'"''"'"''
    arg #1     : /usr/bin/tedge
    arg #2     : mqtt
    arg #3     : pub
    arg #4     : c8y/s/uat
    arg #5     : ''
  working dir  : /home/pi/actions-runner/_work/thin-edge.io/thin-edge.io/tests/PySys/cloud_c8y/c8y_jwt_token_retrieval/Output/linux
  stdout       : /home/pi/actions-runner/_work/thin-edge.io/thin-edge.io/tests/PySys/cloud_c8y/c8y_jwt_token_retrieval/Output/linux/req_jwt.out
  stderr       : /home/pi/actions-runner/_work/thin-edge.io/thin-edge.io/tests/PySys/cloud_c8y/c8y_jwt_token_retrieval/Output/linux/req_jwt.err
  environment  : LD_LIBRARY_PATH=/usr/lib
  environment  : PATH=/bin:/usr/bin:/usr/sbin:/usr/local/bin
                   #1  /bin
                   #2  /usr/bin
                   #3  /usr/sbin
                   #4  /usr/local/bin
2022-04-11 09:38:18,925 DEBUG Waiting up to 600 secs for process sudo<req_jwt> (pid 17843)
2022-04-11 09:38:20,765 INFO  Executed sudo<req_jwt>, exit status 0
2022-04-11 09:38:21,811 DEBUG Process parameters for sudo<kill_out>
  command line : /usr/bin/sudo killall tedge
    arg #1     : killall
    arg #2     : tedge
  working dir  : /home/pi/actions-runner/_work/thin-edge.io/thin-edge.io/tests/PySys/cloud_c8y/c8y_jwt_token_retrieval/Output/linux
  stdout       : /home/pi/actions-runner/_work/thin-edge.io/thin-edge.io/tests/PySys/cloud_c8y/c8y_jwt_token_retrieval/Output/linux/kill_out.out
  stderr       : /home/pi/actions-runner/_work/thin-edge.io/thin-edge.io/tests/PySys/cloud_c8y/c8y_jwt_token_retrieval/Output/linux/kill_out.err
  environment  : LD_LIBRARY_PATH=/usr/lib
  environment  : PATH=/bin:/usr/bin:/usr/sbin:/usr/local/bin
                   #1  /bin
                   #2  /usr/bin
                   #3  /usr/sbin
                   #4  /usr/local/bin
2022-04-11 09:38:21,827 DEBUG Waiting up to 600 secs for process sudo<kill_out> (pid 17852)
2022-04-11 09:38:22,438 INFO  Executed sudo<kill_out>, exit status 0
2022-04-11 09:38:22,439 DEBUG --- test validate
2022-04-11 09:38:22,440 DEBUG Performing regex contains=True grep on file: /home/pi/actions-runner/_work/thin-edge.io/thin-edge.io/tests/PySys/cloud_c8y/c8y_jwt_token_retrieval/Output/linux/resp_jwt.out
2022-04-11 09:38:22,451 DEBUG Grep on file resp_jwt.out successfully matched expression "\[c8y/s/dat\] 71," with line: '[c8y/s/dat] 71,eyJhbGciOiJSUzI1NiIsInR5cCI6IkpXVCJ9.eyJqdGkiOm51bGwsImlzcyI6InRoaW4tZWRnZS1pby5ldS1sYXRlc3QuY3VtdWxvY2l0eS5jb20iLCJhdWQiOiJ0aGluLWVkZ2UtaW8uZXUtbGF0ZXN0LmN1bXVsb2NpdHkuY29tIiwic3ViIjoiZGV2aWNlX215dGhpY2EiLCJ0Y2kiOiJkZXZpY2VfdG9rZW5fY29uZmlnIiwiaWF0IjoxNjQ5NjY5Njc1LCJuYmYiOjE2NDk2Njk2NzUsImV4cCI6MTY0OTY3MzI3NSwidGZhIjpmYWxzZSwidGVuIjoidDQ5MzMxOTEwMiIsInhzcmZUb2tlbiI6InpOZlhMeVNyYnl5U0xrVWFXaFVkIn0.Uyd3lpF5oHVKn-Uw-txSUzGFR41yQNC6odcr7nXDH-cSi5lBVSaUEG4QQVp-ikqxHfmmyuR9AWMfn_sKfEpjko14lm5Mywzdm0_h8cVtaKuOAXV-TWc-438WRTI8WJWexUkk6RYCVqet1pXunYOR_r0uJzVHQufmFbSVkQvcaj_DRhAUHYS9FAdk7EpdIe9WdbLNc7G_HPnq0KXBwkOyVkOIcPWLWZ7uapFEQGHxXz-rxhL5tNamaXDrUg-VDQYECRSYSUarJYaN0NTsPKUejb6u6HwqTYPBEpJo9ELUGEu6Lbnilo5dbcEDkCd9CWymggaTJqTaa155hV93rrMGVA\n'
2022-04-11 09:38:22,455 INFO  Grep on file resp_jwt.out ... passed
2022-04-11 09:38:22,462 DEBUG --- test cleanup
2022-04-11 09:38:22,464 INFO  
2022-04-11 09:38:22,465 INFO  cleanup:
2022-04-11 09:38:22,465 DEBUG Running registered cleanup function: <bound method ValidateJWTTokenRetrieval.jwt_token_cleanup of <ValidateJWTTokenRetrieval object at 0x760cdb70>>
2022-04-11 09:38:22,589 DEBUG Process parameters for sudo<tedge_disconnect_c8y>
  command line : /usr/bin/sudo /usr/bin/tedge disconnect c8y
    arg #1     : /usr/bin/tedge
    arg #2     : disconnect
    arg #3     : c8y
  working dir  : /home/pi/actions-runner/_work/thin-edge.io/thin-edge.io/tests/PySys/cloud_c8y/c8y_jwt_token_retrieval/Output/linux
  stdout       : /home/pi/actions-runner/_work/thin-edge.io/thin-edge.io/tests/PySys/cloud_c8y/c8y_jwt_token_retrieval/Output/linux/tedge_disconnect_c8y.out
  stderr       : /home/pi/actions-runner/_work/thin-edge.io/thin-edge.io/tests/PySys/cloud_c8y/c8y_jwt_token_retrieval/Output/linux/tedge_disconnect_c8y.err
  environment  : LD_LIBRARY_PATH=/usr/lib
  environment  : PATH=/bin:/usr/bin:/usr/sbin:/usr/local/bin
                   #1  /bin
                   #2  /usr/bin
                   #3  /usr/sbin
                   #4  /usr/local/bin
2022-04-11 09:38:22,596 DEBUG Waiting up to 600 secs for process sudo<tedge_disconnect_c8y> (pid 17857)
2022-04-11 09:38:27,030 INFO  Executed sudo<tedge_disconnect_c8y>, exit status 0
2022-04-11 09:38:27,032 DEBUG ProcessUser cleanup function done.
2022-04-11 09:38:27,035 INFO  
2022-04-11 09:38:27,036 INFO  Test duration: 23.84 secs
2022-04-11 09:38:27,037 INFO  Test final outcome:  PASSED
2022-04-11 09:38:27,038 INFO  
