2022-04-14 07:25:05,710 INFO  ==============================================================
2022-04-14 07:25:05,711 INFO  Id:    docker_plugin_remove_with_version
2022-04-14 07:25:05,712 INFO  Dir:   plugin_docker/
2022-04-14 07:25:05,713 INFO  Title: Validate docker plugin remove with version
2022-04-14 07:25:05,714 INFO  ==============================================================
2022-04-14 07:25:06,569 INFO  Executed sudo<docker_images>, exit status 0
2022-04-14 07:25:06,574 INFO  Grep on file /home/pi/actions-runner/_work/thin-edge.io/thin-edge.io/tests/PySys/plugin_docker/docker_plugin_remove_with_version/Output/linux/docker_images.out ... passed
2022-04-14 07:25:30,348 INFO  Executed sudo<docker_run>, exit status 0, duration 23 secs
2022-04-14 07:25:31,217 INFO  Executed sudo<docker_ps>, exit status 0
2022-04-14 07:25:31,223 INFO  Grep on file /home/pi/actions-runner/_work/thin-edge.io/thin-edge.io/tests/PySys/plugin_docker/docker_plugin_remove_with_version/Output/linux/docker_ps.out ... passed
2022-04-14 07:25:35,091 INFO  Executed sudo<plugin_remove>, exit status 0
2022-04-14 07:25:35,889 INFO  Executed sudo<docker_ps_latest>, exit status 0
2022-04-14 07:25:36,706 INFO  Executed sudo<docker_ps>, exit status 0
2022-04-14 07:25:36,711 INFO  Grep on file /home/pi/actions-runner/_work/thin-edge.io/thin-edge.io/tests/PySys/plugin_docker/docker_plugin_remove_with_version/Output/linux/docker_ps.out ... passed
2022-04-14 07:25:36,717 INFO  
2022-04-14 07:25:36,718 INFO  cleanup:
2022-04-14 07:25:36,718 INFO  Removing containers scheduled to be cleaned up: ['6e75fb0108f8', '844b83a73124', '54e89a5672fe256173f05762d9bc052dd42a3b1ab5610234eac25c5517ea7d14\n', '7cf4fba4daa2b70bb2dca10e68e0b226bf1d5f95b4b6c87bc6ea99bde950acf9\n']
2022-04-14 07:25:37,533 WARN  Executed sudo<containers_for_cleanup>, exit status 1
2022-04-14 07:25:37,535 INFO  Removing images scheduled to be cleaned up: ['registry', 'registry', 'registry:2.7.1', 'registry', 'registry:2.7.1']
2022-04-14 07:25:41,123 INFO  Executed sudo<containers_for_cleanup>, exit status 0
2022-04-14 07:25:41,127 INFO  
2022-04-14 07:25:41,128 INFO  Test duration: 35.42 secs
2022-04-14 07:25:41,129 INFO  Test final outcome:  PASSED
2022-04-14 07:25:41,130 INFO  
