$SYS/broker/version mosquitto version 1.5.7
$SYS/broker/uptime 11 seconds
$SYS/broker/clients/total 6
$SYS/broker/clients/maximum 6
$SYS/broker/clients/inactive 3
$SYS/broker/clients/disconnected 3
$SYS/broker/clients/active 3
$SYS/broker/clients/connected 3
$SYS/broker/clients/expired 0
$SYS/broker/load/messages/received/1min 39.29
$SYS/broker/load/messages/received/5min 8.44
$SYS/broker/load/messages/received/15min 2.85
$SYS/broker/load/messages/sent/1min 39.29
$SYS/broker/load/messages/sent/5min 8.44
$SYS/broker/load/messages/sent/15min 2.85
$SYS/broker/load/publish/dropped/1min 0.00
$SYS/broker/load/publish/dropped/5min 0.00
$SYS/broker/load/publish/dropped/15min 0.00
$SYS/broker/load/publish/received/1min 8.22
$SYS/broker/load/publish/received/5min 1.77
$SYS/broker/load/publish/received/15min 0.60
$SYS/broker/load/publish/sent/1min 0.00
$SYS/broker/load/publish/sent/5min 0.00
$SYS/broker/load/publish/sent/15min 0.00
$SYS/broker/load/bytes/received/1min 3040.75
$SYS/broker/load/bytes/received/5min 653.55
$SYS/broker/load/bytes/received/15min 220.52
$SYS/broker/load/bytes/sent/1min 3365.11
$SYS/broker/load/bytes/sent/5min 723.26
$SYS/broker/load/bytes/sent/15min 244.04
$SYS/broker/load/sockets/1min 3.65
$SYS/broker/load/sockets/5min 0.79
$SYS/broker/load/sockets/15min 0.27
$SYS/broker/load/connections/1min 3.65
$SYS/broker/load/connections/5min 0.79
$SYS/broker/load/connections/15min 0.27
$SYS/broker/messages/stored 53
$SYS/broker/messages/received 43
$SYS/broker/messages/sent 43
$SYS/broker/store/messages/count 53
$SYS/broker/store/messages/bytes 195
$SYS/broker/subscriptions/count 33
$SYS/broker/retained messages/count 53
$SYS/broker/heap/current 51580
$SYS/broker/heap/maximum 53768
$SYS/broker/publish/messages/dropped 0
$SYS/broker/publish/messages/received 9
$SYS/broker/publish/messages/sent 0
$SYS/broker/publish/bytes/received 2501
$SYS/broker/publish/bytes/sent 3217
$SYS/broker/bytes/received 3328
$SYS/broker/bytes/sent 3683
$SYS/broker/uptime 22 seconds
$SYS/broker/clients/total 8
$SYS/broker/clients/maximum 8
$SYS/broker/clients/inactive 1
$SYS/broker/clients/disconnected 1
$SYS/broker/clients/active 7
$SYS/broker/clients/connected 7
$SYS/broker/load/messages/received/1min 1988.91
$SYS/broker/load/messages/sent/1min 1225.07
$SYS/broker/load/publish/received/1min 1385.60
$SYS/broker/load/publish/sent/1min 47.51
$SYS/broker/load/bytes/received/1min 207092.34
$SYS/broker/load/bytes/sent/1min 157901.72
$SYS/broker/load/sockets/1min 7.61
$SYS/broker/load/connections/1min 7.61
$SYS/broker/load/messages/received/5min 428.58
$SYS/broker/load/messages/sent/5min 264.41
$SYS/broker/load/publish/received/5min 298.04
$SYS/broker/load/publish/sent/5min 10.21
$SYS/broker/load/bytes/received/5min 44596.05
$SYS/broker/load/bytes/sent/5min 34032.73
$SYS/broker/load/sockets/5min 1.74
$SYS/broker/load/connections/5min 1.74
$SYS/broker/load/messages/received/15min 144.68
$SYS/broker/load/messages/sent/15min 89.29
$SYS/broker/load/publish/received/15min 100.58
$SYS/broker/load/publish/sent/15min 3.45
$SYS/broker/load/bytes/received/15min 15052.66
$SYS/broker/load/bytes/sent/15min 11489.00
$SYS/broker/load/sockets/15min 0.59
$SYS/broker/load/connections/15min 0.59
$SYS/broker/messages/stored 54
$SYS/broker/store/messages/count 54
$SYS/broker/store/messages/bytes 556
$SYS/broker/subscriptions/count 35
$SYS/broker/heap/current 55588
$SYS/broker/heap/maximum 56208
$SYS/broker/messages/received 2184
$SYS/broker/messages/sent 1348
$SYS/broker/publish/messages/received 1518
$SYS/broker/publish/messages/sent 52
$SYS/broker/bytes/received 227213
$SYS/broker/bytes/sent 173435
$SYS/broker/publish/bytes/received 167032
$SYS/broker/publish/bytes/sent 149039
$SYS/broker/uptime 33 seconds
$SYS/broker/load/messages/received/1min 4831.73
$SYS/broker/load/messages/sent/1min 3009.87
$SYS/broker/load/publish/received/1min 3356.40
$SYS/broker/load/publish/sent/1min 80.67
$SYS/broker/load/bytes/received/1min 512940.18
$SYS/broker/load/bytes/sent/1min 394571.79
$SYS/broker/load/sockets/1min 6.34
$SYS/broker/load/connections/1min 6.34
$SYS/broker/load/messages/received/5min 1095.76
$SYS/broker/load/messages/sent/5min 682.60
$SYS/broker/load/publish/received/5min 760.77
$SYS/broker/load/publish/sent/5min 18.68
$SYS/broker/load/bytes/received/5min 116181.83
$SYS/broker/load/bytes/sent/5min 89359.54
$SYS/broker/load/sockets/5min 1.68
$SYS/broker/load/connections/5min 1.68
$SYS/broker/load/messages/received/15min 373.24
$SYS/broker/load/messages/sent/15min 232.52
$SYS/broker/load/publish/received/15min 259.11
$SYS/broker/load/publish/sent/15min 6.39
$SYS/broker/load/bytes/received/15min 39565.71
$SYS/broker/load/bytes/sent/15min 30430.98
$SYS/broker/messages/stored 56
$SYS/broker/store/messages/count 56
$SYS/broker/store/messages/bytes 1040
$SYS/broker/heap/current 56532
$SYS/broker/heap/maximum 59588
$SYS/broker/messages/received 5660
$SYS/broker/messages/sent 3526
$SYS/broker/publish/messages/received 3929
$SYS/broker/publish/messages/sent 97
$SYS/broker/bytes/received 599920
$SYS/broker/bytes/sent 461411
$SYS/broker/publish/bytes/received 445534
$SYS/broker/publish/bytes/sent 397561
$SYS/broker/uptime 44 seconds
$SYS/broker/load/messages/received/1min 7205.66
$SYS/broker/load/messages/sent/1min 4493.87
$SYS/broker/load/publish/received/1min 4999.81
$SYS/broker/load/publish/sent/1min 100.05
$SYS/broker/load/bytes/received/1min 768417.24
$SYS/broker/load/bytes/sent/1min 592309.16
$SYS/broker/load/sockets/1min 5.27
$SYS/broker/load/connections/1min 5.27
$SYS/broker/load/messages/received/5min 1740.49
$SYS/broker/load/messages/sent/5min 1085.35
$SYS/broker/load/publish/received/5min 1207.44
$SYS/broker/load/publish/sent/5min 25.08
$SYS/broker/load/bytes/received/5min 185375.53
$SYS/broker/load/bytes/sent/5min 142847.42
$SYS/broker/load/sockets/5min 1.62
$SYS/broker/load/connections/5min 1.62
$SYS/broker/load/messages/received/15min 599.56
$SYS/broker/load/messages/sent/15min 373.88
$SYS/broker/load/publish/received/15min 415.92
$SYS/broker/load/publish/sent/15min 8.69
$SYS/broker/load/bytes/received/15min 63843.46
$SYS/broker/load/bytes/sent/15min 49194.48
$SYS/broker/store/messages/bytes 1046
$SYS/broker/heap/current 56488
$SYS/broker/heap/maximum 60460
$SYS/broker/messages/received 9144
$SYS/broker/messages/sent 5702
$SYS/broker/publish/messages/received 6343
$SYS/broker/publish/messages/sent 133
$SYS/broker/bytes/received 973570
$SYS/broker/bytes/sent 750166
$SYS/broker/publish/bytes/received 724850
$SYS/broker/publish/bytes/sent 647022
$SYS/broker/uptime 55 seconds
$SYS/broker/load/messages/received/1min 9180.10
$SYS/broker/load/messages/sent/1min 5738.43
$SYS/broker/load/publish/received/1min 6359.72
$SYS/broker/load/publish/sent/1min 114.36
$SYS/broker/load/bytes/received/1min 981650.46
$SYS/broker/load/bytes/sent/1min 758322.53
$SYS/broker/load/sockets/1min 4.39
$SYS/broker/load/connections/1min 4.39
$SYS/broker/load/messages/received/5min 2361.62
$SYS/broker/load/messages/sent/5min 1475.55
$SYS/broker/load/publish/received/5min 1636.26
$SYS/broker/load/publish/sent/5min 30.85
$SYS/broker/load/bytes/received/5min 252196.49
$SYS/broker/load/bytes/sent/5min 194710.26
$SYS/broker/load/sockets/5min 1.56
$SYS/broker/load/connections/5min 1.56
$SYS/broker/load/messages/received/15min 823.00
$SYS/broker/load/messages/sent/15min 514.18
$SYS/broker/load/publish/received/15min 570.22
$SYS/broker/load/publish/sent/15min 10.84
$SYS/broker/load/bytes/received/15min 87866.25
$SYS/broker/load/bytes/sent/15min 67831.49
$SYS/broker/messages/stored 55
$SYS/broker/store/messages/count 55
$SYS/broker/store/messages/bytes 733
$SYS/broker/heap/current 56020
$SYS/broker/messages/received 12626
$SYS/broker/messages/sent 7888
$SYS/broker/publish/messages/received 8748
$SYS/broker/publish/messages/sent 167
$SYS/broker/bytes/received 1347823
$SYS/broker/bytes/sent 1040452
$SYS/broker/publish/bytes/received 1005274
$SYS/broker/publish/bytes/sent 897868
$SYS/broker/uptime 66 seconds
$SYS/broker/load/messages/received/1min 10844.82
$SYS/broker/load/messages/sent/1min 6770.85
$SYS/broker/load/publish/received/1min 7516.49
$SYS/broker/load/publish/sent/1min 127.18
$SYS/broker/load/bytes/received/1min 1160362.03
$SYS/broker/load/bytes/sent/1min 896083.04
$SYS/broker/load/sockets/1min 3.66
$SYS/broker/load/connections/1min 3.66
$SYS/broker/load/messages/received/5min 2964.90
$SYS/broker/load/messages/sent/5min 1850.93
$SYS/broker/load/publish/received/5min 2054.94
$SYS/broker/load/publish/sent/5min 36.61
$SYS/broker/load/bytes/received/5min 316868.98
$SYS/broker/load/bytes/sent/5min 244610.45
$SYS/broker/load/sockets/5min 1.50
$SYS/broker/load/connections/5min 1.50
$SYS/broker/load/messages/received/15min 1045.25
$SYS/broker/load/messages/sent/15min 652.52
$SYS/broker/load/publish/received/15min 724.44
$SYS/broker/load/publish/sent/15min 13.03
$SYS/broker/load/bytes/received/15min 111684.01
$SYS/broker/load/bytes/sent/15min 86209.90
$SYS/broker/store/messages/bytes 904
$SYS/broker/heap/current 56152
$SYS/broker/messages/received 16131
$SYS/broker/messages/sent 10070
$SYS/broker/publish/messages/received 11180
$SYS/broker/publish/messages/sent 202
$SYS/broker/bytes/received 1723386
$SYS/broker/bytes/sent 1330252
$SYS/broker/publish/bytes/received 1285648
$SYS/broker/publish/bytes/sent 1148264
$SYS/broker/uptime 77 seconds
$SYS/broker/load/messages/received/1min 12206.02
$SYS/broker/load/messages/sent/1min 7616.63
$SYS/broker/load/publish/received/1min 8458.48
$SYS/broker/load/publish/sent/1min 136.03
$SYS/broker/load/bytes/received/1min 1306004.71
$SYS/broker/load/bytes/sent/1min 1008269.36
$SYS/broker/load/sockets/1min 3.04
$SYS/broker/load/connections/1min 3.04
$SYS/broker/load/messages/received/5min 3541.16
$SYS/broker/load/messages/sent/5min 2209.84
$SYS/broker/load/publish/received/5min 2454.03
$SYS/broker/load/publish/sent/5min 41.78
$SYS/broker/load/bytes/received/5min 378539.71
$SYS/broker/load/bytes/sent/5min 292177.22
$SYS/broker/load/sockets/5min 1.45
$SYS/broker/load/connections/5min 1.45
$SYS/broker/load/messages/received/15min 1263.01
$SYS/broker/load/messages/sent/15min 788.18
$SYS/broker/load/publish/received/15min 875.26
$SYS/broker/load/publish/sent/15min 15.06
$SYS/broker/load/bytes/received/15min 134985.23
$SYS/broker/load/bytes/sent/15min 104183.89
$SYS/broker/messages/stored 56
$SYS/broker/store/messages/count 56
$SYS/broker/store/messages/bytes 1060
$SYS/broker/heap/current 56504
$SYS/broker/messages/received 19609
$SYS/broker/messages/sent 12237
$SYS/broker/publish/messages/received 13589
$SYS/broker/publish/messages/sent 235
$SYS/broker/bytes/received 2095520
$SYS/broker/bytes/sent 1617318
$SYS/broker/publish/bytes/received 1563638
$SYS/broker/publish/bytes/sent 1396330
$SYS/broker/uptime 88 seconds
$SYS/broker/load/messages/received/1min 13343.77
$SYS/broker/load/messages/sent/1min 8327.13
$SYS/broker/load/publish/received/1min 9245.42
$SYS/broker/load/publish/sent/1min 145.22
$SYS/broker/load/bytes/received/1min 1428445.97
$SYS/broker/load/bytes/sent/1min 1103178.30
$SYS/broker/load/sockets/1min 2.53
$SYS/broker/load/connections/1min 2.53
$SYS/broker/load/messages/received/5min 4097.65
$SYS/broker/load/messages/sent/5min 2557.20
$SYS/broker/load/publish/received/5min 2839.34
$SYS/broker/load/publish/sent/5min 47.15
$SYS/broker/load/bytes/received/5min 438247.00
$SYS/broker/load/bytes/sent/5min 338357.05
$SYS/broker/load/sockets/5min 1.40
$SYS/broker/load/connections/5min 1.40
$SYS/broker/load/messages/received/15min 1478.45
$SYS/broker/load/messages/sent/15min 922.65
$SYS/broker/load/publish/received/15min 1024.45
$SYS/broker/load/publish/sent/15min 17.19
$SYS/broker/load/bytes/received/15min 158090.06
$SYS/broker/load/bytes/sent/15min 122049.40
$SYS/broker/messages/stored 54
$SYS/broker/store/messages/count 54
$SYS/broker/store/messages/bytes 596
$SYS/broker/heap/current 55696
$SYS/broker/heap/maximum 60660
$SYS/broker/messages/received 23092
$SYS/broker/messages/sent 14411
$SYS/broker/publish/messages/received 16001
$SYS/broker/publish/messages/sent 270
$SYS/broker/bytes/received 2468962
$SYS/broker/bytes/sent 1906042
$SYS/broker/publish/bytes/received 1842834
$SYS/broker/publish/bytes/sent 1645792
$SYS/broker/uptime 99 seconds
$SYS/broker/load/messages/received/1min 14290.94
$SYS/broker/load/messages/sent/1min 8906.74
$SYS/broker/load/publish/received/1min 9909.68
$SYS/broker/load/publish/sent/1min 153.79
$SYS/broker/load/bytes/received/1min 1529675.46
$SYS/broker/load/bytes/sent/1min 1180270.37
$SYS/broker/load/sockets/1min 2.11
$SYS/broker/load/connections/1min 2.11
$SYS/broker/load/messages/received/5min 4634.11
$SYS/broker/load/messages/sent/5min 2889.51
$SYS/broker/load/publish/received/5min 3212.74
$SYS/broker/load/publish/sent/5min 52.52
$SYS/broker/load/bytes/received/5min 495653.85
$SYS/broker/load/bytes/sent/5min 382461.89
$SYS/broker/load/sockets/5min 1.35
$SYS/broker/load/connections/5min 1.35
$SYS/broker/load/messages/received/15min 1691.28
$SYS/broker/load/messages/sent/15min 1054.63
$SYS/broker/load/publish/received/15min 1172.49
$SYS/broker/load/publish/sent/15min 19.37
$SYS/broker/load/bytes/received/15min 180863.33
$SYS/broker/load/bytes/sent/15min 139558.73
$SYS/broker/messages/stored 56
$SYS/broker/store/messages/count 56
$SYS/broker/store/messages/bytes 1062
$SYS/broker/heap/current 56496
$SYS/broker/messages/received 26575
$SYS/broker/messages/sent 16572
$SYS/broker/publish/messages/received 18423
$SYS/broker/publish/messages/sent 306
$SYS/broker/bytes/received 2841636
$SYS/broker/bytes/sent 2192666
$SYS/broker/publish/bytes/received 2120719
$SYS/broker/publish/bytes/sent 1893402
$SYS/broker/uptime 110 seconds
$SYS/broker/load/messages/received/1min 15069.39
$SYS/broker/load/messages/sent/1min 9391.08
$SYS/broker/load/publish/received/1min 10449.87
$SYS/broker/load/publish/sent/1min 160.01
$SYS/broker/load/bytes/received/1min 1613336.81
$SYS/broker/load/bytes/sent/1min 1244902.89
$SYS/broker/load/sockets/1min 1.76
$SYS/broker/load/connections/1min 1.76
$SYS/broker/load/messages/received/5min 5149.09
$SYS/broker/load/messages/sent/5min 3210.25
$SYS/broker/load/publish/received/5min 3569.96
$SYS/broker/load/publish/sent/5min 57.50
$SYS/broker/load/bytes/received/5min 550862.53
$SYS/broker/load/bytes/sent/5min 425076.45
$SYS/broker/load/sockets/5min 1.30
$SYS/broker/load/connections/5min 1.30
$SYS/broker/load/messages/received/15min 1900.79
$SYS/broker/load/messages/sent/15min 1185.15
$SYS/broker/load/publish/received/15min 1317.80
$SYS/broker/load/publish/sent/15min 21.45
$SYS/broker/load/bytes/received/15min 203315.62
$SYS/broker/load/bytes/sent/15min 156888.30
$SYS/broker/store/messages/bytes 1064
$SYS/broker/heap/current 56456
$SYS/broker/messages/received 30047
$SYS/broker/messages/sent 18735
$SYS/broker/publish/messages/received 20831
$SYS/broker/publish/messages/sent 341
$SYS/broker/bytes/received 3213641
$SYS/broker/bytes/sent 2479787
$SYS/broker/publish/bytes/received 2398615
$SYS/broker/publish/bytes/sent 2141470
$SYS/broker/uptime 121 seconds
$SYS/broker/load/messages/received/1min 15721.11
$SYS/broker/load/messages/sent/1min 9795.21
$SYS/broker/load/publish/received/1min 10900.50
$SYS/broker/load/publish/sent/1min 163.35
$SYS/broker/load/bytes/received/1min 1683319.41
$SYS/broker/load/bytes/sent/1min 1299137.38
$SYS/broker/load/sockets/1min 1.46
$SYS/broker/load/connections/1min 1.46
$SYS/broker/load/messages/received/5min 5646.32
$SYS/broker/load/messages/sent/5min 3519.63
$SYS/broker/load/publish/received/5min 3914.50
$SYS/broker/load/publish/sent/5min 61.91
$SYS/broker/load/bytes/received/5min 604155.63
$SYS/broker/load/bytes/sent/5min 466248.87
$SYS/broker/load/sockets/5min 1.25
$SYS/broker/load/connections/5min 1.25
$SYS/broker/load/messages/received/15min 2108.02
$SYS/broker/load/messages/sent/15min 1314.14
$SYS/broker/load/publish/received/15min 1461.42
$SYS/broker/load/publish/sent/15min 23.38
$SYS/broker/load/bytes/received/15min 225519.49
$SYS/broker/load/bytes/sent/15min 174038.42
$SYS/broker/messages/stored 54
$SYS/broker/store/messages/count 54
$SYS/broker/store/messages/bytes 599
$SYS/broker/heap/current 55680
$SYS/broker/heap/maximum 60684
$SYS/broker/messages/received 33523
$SYS/broker/messages/sent 20899
$SYS/broker/publish/messages/received 23240
$SYS/broker/publish/messages/sent 374
$SYS/broker/bytes/received 3586013
$SYS/broker/bytes/sent 2767377
$SYS/broker/publish/bytes/received 2676824
$SYS/broker/publish/bytes/sent 2390007
$SYS/broker/uptime 132 seconds
$SYS/broker/load/messages/received/1min 16274.62
$SYS/broker/load/messages/sent/1min 10146.26
$SYS/broker/load/publish/received/1min 11281.12
$SYS/broker/load/publish/sent/1min 168.88
$SYS/broker/load/bytes/received/1min 1742873.97
$SYS/broker/load/bytes/sent/1min 1345383.50
$SYS/broker/load/sockets/1min 1.22
$SYS/broker/load/connections/1min 1.22
$SYS/broker/load/messages/received/5min 6128.00
$SYS/broker/load/messages/sent/5min 3821.02
$SYS/broker/load/publish/received/5min 4247.82
$SYS/broker/load/publish/sent/5min 66.75
$SYS/broker/load/bytes/received/5min 655808.30
$SYS/broker/load/bytes/sent/5min 506174.63
$SYS/broker/load/sockets/5min 1.21
$SYS/broker/load/connections/5min 1.21
$SYS/broker/load/messages/received/15min 2313.53
$SYS/broker/load/messages/sent/15min 1442.62
$SYS/broker/load/publish/received/15min 1603.69
$SYS/broker/load/publish/sent/15min 25.48
$SYS/broker/load/bytes/received/15min 247547.52
$SYS/broker/load/bytes/sent/15min 191059.72
$SYS/broker/messages/stored 55
$SYS/broker/store/messages/count 55
$SYS/broker/store/messages/bytes 750
$SYS/broker/heap/current 56004
$SYS/broker/messages/received 37011
$SYS/broker/messages/sent 23079
$SYS/broker/publish/messages/received 25655
$SYS/broker/publish/messages/sent 410
$SYS/broker/bytes/received 3959802
$SYS/broker/bytes/sent 3056167
$SYS/broker/publish/bytes/received 2956248
$SYS/broker/publish/bytes/sent 2639493
$SYS/broker/uptime 143 seconds
$SYS/broker/clients/total 7
$SYS/broker/clients/inactive 2
$SYS/broker/clients/disconnected 2
$SYS/broker/clients/active 5
$SYS/broker/clients/connected 5
$SYS/broker/load/messages/received/1min 15845.48
$SYS/broker/load/messages/sent/1min 9756.89
$SYS/broker/load/publish/received/1min 11046.11
$SYS/broker/load/publish/sent/1min 172.57
$SYS/broker/load/bytes/received/1min 1687240.55
$SYS/broker/load/bytes/sent/1min 1292918.98
$SYS/broker/load/sockets/1min 1.01
$SYS/broker/load/connections/1min 1.01
$SYS/broker/load/messages/received/5min 6401.07
$SYS/broker/load/messages/sent/5min 3965.06
$SYS/broker/load/publish/received/5min 4450.53
$SYS/broker/load/publish/sent/5min 71.22
$SYS/broker/load/bytes/received/5min 682988.25
$SYS/broker/load/bytes/sent/5min 525112.19
$SYS/broker/load/sockets/5min 1.16
$SYS/broker/load/connections/5min 1.16
$SYS/broker/load/messages/received/15min 2452.01
$SYS/broker/load/messages/sent/15min 1520.12
$SYS/broker/load/publish/received/15min 1704.20
$SYS/broker/load/publish/sent/15min 27.49
$SYS/broker/load/bytes/received/15min 261677.94
$SYS/broker/load/bytes/sent/15min 201277.51
$SYS/broker/messages/stored 53
$SYS/broker/store/messages/count 53
$SYS/broker/store/messages/bytes 283
$SYS/broker/subscriptions/count 34
$SYS/broker/heap/current 54948
$SYS/broker/messages/received 39525
$SYS/broker/messages/sent 24513
$SYS/broker/publish/messages/received 27466
$SYS/broker/publish/messages/sent 445
$SYS/broker/bytes/received 4218440
$SYS/broker/bytes/sent 3245400
$SYS/broker/publish/bytes/received 3143778
$SYS/broker/publish/bytes/sent 2802624
$SYS/broker/version mosquitto version 1.5.7
$SYS/broker/uptime 0 seconds
$SYS/broker/clients/total 5
$SYS/broker/clients/maximum 5
$SYS/broker/clients/inactive 5
$SYS/broker/clients/disconnected 5
$SYS/broker/clients/active 0
$SYS/broker/clients/connected 0
$SYS/broker/clients/expired 0
$SYS/broker/load/messages/received/1min 0.00
$SYS/broker/load/messages/received/5min 0.00
$SYS/broker/load/messages/received/15min 0.00
$SYS/broker/load/messages/sent/1min 0.00
$SYS/broker/load/messages/sent/5min 0.00
$SYS/broker/load/messages/sent/15min 0.00
$SYS/broker/load/publish/dropped/1min 0.00
$SYS/broker/load/publish/dropped/5min 0.00
$SYS/broker/load/publish/dropped/15min 0.00
$SYS/broker/load/publish/received/1min 0.00
$SYS/broker/load/publish/received/5min 0.00
$SYS/broker/load/publish/received/15min 0.00
$SYS/broker/load/publish/sent/1min 0.00
$SYS/broker/load/publish/sent/5min 0.00
$SYS/broker/load/publish/sent/15min 0.00
$SYS/broker/load/bytes/received/1min 0.00
$SYS/broker/load/bytes/received/5min 0.00
$SYS/broker/load/bytes/received/15min 0.00
$SYS/broker/load/bytes/sent/1min 0.00
$SYS/broker/load/bytes/sent/5min 0.00
$SYS/broker/load/bytes/sent/15min 0.00
$SYS/broker/load/sockets/1min 0.00
$SYS/broker/load/sockets/5min 0.00
$SYS/broker/load/sockets/15min 0.00
$SYS/broker/load/connections/1min 0.00
$SYS/broker/load/connections/5min 0.00
$SYS/broker/load/connections/15min 0.00
$SYS/broker/messages/stored 37
$SYS/broker/messages/received 0
$SYS/broker/messages/sent 0
$SYS/broker/store/messages/count 37
$SYS/broker/store/messages/bytes 152
$SYS/broker/subscriptions/count 32
$SYS/broker/retained messages/count 41
$SYS/broker/heap/current 44012
$SYS/broker/heap/maximum 44752
$SYS/broker/publish/messages/dropped 0
$SYS/broker/publish/messages/received 0
$SYS/broker/publish/messages/sent 0
$SYS/broker/publish/bytes/received 0
$SYS/broker/publish/bytes/sent 0
$SYS/broker/bytes/received 0
$SYS/broker/bytes/sent 0
