2022-05-23 10:39:44,943 INFO  ==============================================================
2022-05-23 10:39:44,944 INFO  Id:    publish_sawmill_record_statistics_long
2022-05-23 10:39:44,945 INFO  Title: Publish sawmill and record process statistics long version
2022-05-23 10:39:44,946 INFO  ==============================================================
2022-05-23 10:39:44,965 INFO  EnvironmentC8y Setup
2022-05-23 10:39:45,528 INFO  Executed systemctl<serv_mapper1>, exit status 3
2022-05-23 10:39:45,635 INFO  Restarting mosquitto too frequently in the last 10 seconds. It was only up for 4 seconds
2022-05-23 10:39:45,637 INFO  Delaying execution by 7 seconds
2022-05-23 10:40:06,455 INFO  Executed sudo<tedge_connect_c8y>, exit status 0, duration 13 secs
2022-05-23 10:40:07,123 INFO  Executed sudo<tedge_connect_c8y_test>, exit status 0
2022-05-23 10:40:07,587 INFO  Executed systemctl<serv_mosq2>, exit status 0
2022-05-23 10:40:08,050 INFO  Executed systemctl<serv_mapper3>, exit status 0
2022-05-23 10:40:08,052 INFO  Setup
2022-05-23 10:40:08,053 INFO  Execute
2022-05-23 10:40:08,969 INFO  Executed sudo<collectd_out>, exit status 0
2022-05-23 10:40:08,980 INFO  Started mosquitto_sub_stdout with process id 24561
2022-05-23 10:42:13,425 INFO  Executed sawtooth_publisher<stdout_sawmill>, exit status 0, duration 124 secs
2022-05-23 10:42:13,950 INFO  Executed systemctl<serv_mosq>, exit status 0
2022-05-23 10:42:14,569 INFO  Executed systemctl<serv_mapper4>, exit status 0
2022-05-23 10:42:14,604 INFO  Grep on input file mosquitto_sub_stdout.out ... passed
2022-05-23 10:42:14,612 INFO  
2022-05-23 10:42:14,613 INFO  cleanup:
2022-05-23 10:42:14,614 INFO  My Cleanup
2022-05-23 10:42:16,283 INFO  Executed sudo<collectd_out>, exit status 0
2022-05-23 10:42:16,287 INFO  Exporting data from /var/lib/collectd/rrd/mythicc/exec/gauge-mapper-c8y-size.rrd
2022-05-23 10:42:16,375 INFO  Exporting data from /var/lib/collectd/rrd/mythicc/exec/gauge-mosquitto-data.rrd
2022-05-23 10:42:16,507 INFO  Exporting data from /var/lib/collectd/rrd/mythicc/exec/gauge-mosquitto-resident.rrd
2022-05-23 10:42:16,633 INFO  Exporting data from /var/lib/collectd/rrd/mythicc/exec/gauge-mapper-c8y-resident.rrd
2022-05-23 10:42:16,750 INFO  Exporting data from /var/lib/collectd/rrd/mythicc/exec/gauge-mosquitto-utime.rrd
2022-05-23 10:42:16,859 INFO  Exporting data from /var/lib/collectd/rrd/mythicc/exec/gauge-mosquitto-shared.rrd
2022-05-23 10:42:16,970 INFO  Exporting data from /var/lib/collectd/rrd/mythicc/exec/gauge-mosquitto-size.rrd
2022-05-23 10:42:17,077 INFO  Exporting data from /var/lib/collectd/rrd/mythicc/exec/gauge-mapper-c8y-utime.rrd
2022-05-23 10:42:17,185 INFO  Exporting data from /var/lib/collectd/rrd/mythicc/exec/gauge-mapper-c8y-stime.rrd
2022-05-23 10:42:17,295 INFO  Exporting data from /var/lib/collectd/rrd/mythicc/exec/gauge-mosquitto-text.rrd
2022-05-23 10:42:17,402 INFO  Exporting data from /var/lib/collectd/rrd/mythicc/exec/gauge-mosquitto-stime.rrd
2022-05-23 10:42:17,508 INFO  Exporting data from /var/lib/collectd/rrd/mythicc/exec/gauge-mapper-c8y-data.rrd
2022-05-23 10:42:17,626 INFO  Exporting data from /var/lib/collectd/rrd/mythicc/exec/gauge-mapper-c8y-text.rrd
2022-05-23 10:42:17,733 INFO  Exporting data from /var/lib/collectd/rrd/mythicc/exec/gauge-mapper-c8y-shared.rrd
2022-05-23 10:42:21,988 INFO  Executed sudo<tedge_disconnect_c8y>, exit status 0
2022-05-23 10:42:22,711 INFO  Executed systemctl<serv_mapper5>, exit status 3
2022-05-23 10:42:22,766 INFO  
2022-05-23 10:42:22,767 INFO  Test duration: 157.83 secs
2022-05-23 10:42:22,768 INFO  Test final outcome:  PASSED
2022-05-23 10:42:22,769 INFO  
