2022-05-10 13:20:35,586 INFO  ==============================================================
2022-05-10 13:20:35,587 INFO  Id:    tedge_software_update
2022-05-10 13:20:35,588 INFO  Dir:   tedge/
2022-05-10 13:20:35,589 INFO  Title: Software install from download path
2022-05-10 13:20:35,590 INFO  ==============================================================
2022-05-10 13:20:35,598 INFO  EnvironmentC8y Setup
2022-05-10 13:20:36,160 INFO  Executed systemctl<serv_mapper1>, exit status 3
2022-05-10 13:20:50,520 INFO  Executed sudo<tedge_connect_c8y>, exit status 0, duration 14 secs
2022-05-10 13:20:51,138 INFO  Executed sudo<tedge_connect_c8y_test>, exit status 0
2022-05-10 13:20:51,629 INFO  Executed systemctl<serv_mosq2>, exit status 0
2022-05-10 13:20:52,092 INFO  Executed systemctl<serv_mapper3>, exit status 0
2022-05-10 13:20:52,094 INFO  Setup
2022-05-10 13:20:52,608 INFO  Executed sudo<mkdir>, exit status 0
2022-05-10 13:20:53,142 INFO  Executed sudo<chmod>, exit status 0
2022-05-10 13:20:53,654 INFO  Executed sudo<tedge_config_get_original>, exit status 0
2022-05-10 13:20:54,280 INFO  Executed sudo, exit status 0
2022-05-10 13:20:55,044 INFO  Executed sudo<tedge_config_get_new_value>, exit status 0
2022-05-10 13:20:55,557 INFO  Executed sudo<rolldice_download>, exit status 0
2022-05-10 13:20:55,563 INFO  Grep on file tedge_config_get_new_value.out ... passed
2022-05-10 13:20:55,589 INFO  
2022-05-10 13:20:55,590 INFO  cleanup:
2022-05-10 13:20:56,155 INFO  Executed sudo, exit status 0
2022-05-10 13:20:56,669 INFO  Executed sudo<tedge_config_get_cleanup>, exit status 0
2022-05-10 13:20:56,675 INFO  Grep on file tedge_config_get_cleanup.out ... passed
2022-05-10 13:20:57,221 INFO  Executed sudo<rmdir>, exit status 0
2022-05-10 13:21:01,533 INFO  Executed sudo<tedge_disconnect_c8y>, exit status 0
2022-05-10 13:21:02,095 INFO  Executed systemctl<serv_mapper5>, exit status 3
2022-05-10 13:21:02,099 INFO  
2022-05-10 13:21:02,100 INFO  Test duration: 26.52 secs
2022-05-10 13:21:02,102 INFO  Test final outcome:  PASSED
2022-05-10 13:21:02,103 INFO  
