2022-04-12 09:10:11,388 INFO  ==============================================================
2022-04-12 09:10:11,389 INFO  Id:    apt_update_list
2022-04-12 09:10:11,390 INFO  Dir:   plugin_apt/
2022-04-12 09:10:11,391 INFO  Title: Validate apt plugin update-list command use case
2022-04-12 09:10:11,392 INFO  ==============================================================
2022-04-12 09:10:18,734 INFO  Executed sudo, exit status 0
2022-04-12 09:10:59,002 INFO  Executed sudo, exit status 0, duration 40 secs
2022-04-12 09:11:06,365 INFO  Executed sudo, exit status 0
2022-04-12 09:11:08,958 INFO  Executed sudo<outp_check_0>, exit status 0
2022-04-12 09:11:08,960 INFO  Assert that (value==0) with value=0 ... passed
2022-04-12 09:11:08,966 INFO  Grep on file outp_check_0.out ... passed
2022-04-12 09:11:11,505 INFO  Executed sudo<outp_check_1>, exit status 0
2022-04-12 09:11:11,507 INFO  Assert that (value==0) with value=0 ... passed
2022-04-12 09:11:11,517 INFO  Grep on file outp_check_1.out ... passed
2022-04-12 09:11:14,089 INFO  Executed sudo<outp_check_2>, exit status 0
2022-04-12 09:11:14,092 INFO  Assert that (value==0) with value=0 ... passed
2022-04-12 09:11:14,098 INFO  Grep on file outp_check_2.out ... passed
2022-04-12 09:12:03,497 INFO  Executed sudo<outp_check_3>, exit status 0
2022-04-12 09:12:03,500 INFO  Assert that (value==0) with value=0 ... passed
2022-04-12 09:12:03,506 INFO  Grep on file outp_check_3.out ... passed
2022-04-12 09:12:06,079 INFO  Executed sudo<outp_check_4>, exit status 0
2022-04-12 09:12:06,081 INFO  Assert that (value==0) with value=0 ... passed
2022-04-12 09:12:06,086 INFO  Grep on file outp_check_4.out ... passed
2022-04-12 09:12:08,667 INFO  Executed sudo<outp_check_5>, exit status 0
2022-04-12 09:12:08,669 INFO  Assert that (value==0) with value=0 ... passed
2022-04-12 09:12:08,675 INFO  Grep on file outp_check_5.out ... passed
2022-04-12 09:12:08,682 INFO  
2022-04-12 09:12:08,683 INFO  cleanup:
2022-04-12 09:12:22,429 INFO  Executed sudo, exit status 0, duration 13 secs
2022-04-12 09:12:29,738 INFO  Executed sudo, exit status 0
2022-04-12 09:12:43,958 INFO  Executed sudo, exit status 0, duration 14 secs
2022-04-12 09:12:43,962 INFO  
2022-04-12 09:12:43,962 INFO  Test duration: 152.58 secs
2022-04-12 09:12:43,964 INFO  Test final outcome:  PASSED
2022-04-12 09:12:43,965 INFO  
