2022-04-28 07:44:33,024 INFO  ==============================================================
2022-04-28 07:44:33,025 INFO  Id:    apt_install_local_file_with_version
2022-04-28 07:44:33,026 INFO  Dir:   plugin_apt/
2022-04-28 07:44:33,027 INFO  Title: Validate apt plugin install from local file AND with a version - SUCCESS case
2022-04-28 07:44:33,027 INFO  ==============================================================
2022-04-28 07:44:35,151 INFO  URL of rolldice is b"'http://mirror.mythic-beasts.com/raspbian/pool/main/r/rolldice/rolldice_1.16-1+b1_armhf.deb'"
2022-04-28 07:44:37,252 INFO  Downloaded rolldcice in version 1.16-1+b1
2022-04-28 07:44:37,254 INFO  Filename is rolldice_1.16-1+b1_armhf.deb
2022-04-28 07:44:41,886 INFO  Executed sudo, exit status 0
2022-04-28 07:44:44,511 INFO  Executed sudo<outp_check_0>, exit status 0
2022-04-28 07:44:44,514 INFO  Assert that (value==0) with value=0 ... passed
2022-04-28 07:44:44,520 INFO  Grep on file outp_check_0.out ... passed
2022-04-28 07:45:25,015 INFO  Executed sudo<outp_install>, exit status 0, duration 40 secs
2022-04-28 07:45:25,018 INFO  Assert that (value==0) with value=0 ... passed
2022-04-28 07:45:30,325 INFO  Executed sudo<outp_check_1>, exit status 0
2022-04-28 07:45:30,327 INFO  Assert that (value==0) with value=0 ... passed
2022-04-28 07:45:30,333 INFO  Grep on file outp_check_1.out ... passed
2022-04-28 07:45:30,338 INFO  
2022-04-28 07:45:30,339 INFO  cleanup:
2022-04-28 07:45:30,344 INFO  
2022-04-28 07:45:30,344 INFO  Test duration: 57.33 secs
2022-04-28 07:45:30,345 INFO  Test final outcome:  PASSED
2022-04-28 07:45:30,346 INFO  
