2022-05-16 08:43:46,669 INFO  ==============================================================
2022-05-16 08:43:46,671 INFO  Id:    SoftwareManagement.sm_mixed_install_remove_multiple
2022-05-16 08:43:46,672 INFO  Dir:   software_management_end_to_end/
2022-05-16 08:43:46,673 INFO  Title: Validate end to end behaviour for the dummy-plugin for multiple packages with mixed versions
2022-05-16 08:43:46,674 INFO  ==============================================================
2022-05-16 08:43:46,685 INFO  Using sw id database: {'asciijump': '5475369', 'robotfindskitten': '5474869', 'squirrel3': '5475279', 'rolldice': '5152439', 'moon-buggy': '5439204', 'apple': '5495053', 'banana': '5494888', 'cherry': '5495382', 'watermelon': '5494510', 'registry': '8018911', 'hello-world': '8021526', 'docker/getting-started': '8021973', 'alpine': '7991792'}
2022-05-16 08:43:46,686 INFO  EnvironmentC8y Setup
2022-05-16 08:43:47,351 INFO  Executed systemctl<serv_mapper1>, exit status 3
2022-05-16 08:43:47,462 INFO  Restarting mosquitto too frequently in the last 10 seconds. It was only up for 5 seconds
2022-05-16 08:43:47,463 INFO  Delaying execution by 6 seconds
2022-05-16 08:44:07,685 INFO  Executed sudo<tedge_connect_c8y>, exit status 0, duration 14 secs
2022-05-16 08:44:08,373 INFO  Executed sudo<tedge_connect_c8y_test>, exit status 0
2022-05-16 08:44:08,837 INFO  Executed systemctl<serv_mosq2>, exit status 0
2022-05-16 08:44:09,300 INFO  Executed systemctl<serv_mapper3>, exit status 0
2022-05-16 08:44:11,523 INFO  State of current operation: SUCCESSFUL
2022-05-16 08:44:11,788 INFO  Package apple is installed
2022-05-16 08:44:11,790 INFO  Assert that (True == value) with value=True ... passed
2022-05-16 08:44:12,037 INFO  Package banana is installed
2022-05-16 08:44:12,040 INFO  Assert that (True == value) with value=True ... passed
2022-05-16 08:44:12,288 INFO  Package cherry is installed
2022-05-16 08:44:12,290 INFO  Assert that (True == value) with value=True ... passed
2022-05-16 08:44:12,521 INFO  Package asciijump is installed
2022-05-16 08:44:12,568 WARN  Assert that (False == value) with value=True ... failed 
2022-05-16 08:44:12,804 INFO  Assert that (False == value) with value=False ... passed
2022-05-16 08:44:13,021 INFO  Response status: 201
2022-05-16 08:44:13,023 INFO  Response to action: {
    "delivery": {
        "time": "2022-05-16T08:44:12.991Z",
        "log": [],
        "status": "PENDING"
    },
    "creationTime": "2022-05-16T08:44:12.977Z",
    "deviceId": "19103173",
    "deviceName": "mythicc",
    "self": "https://t493319102.eu-latest.cumulocity.com/devicecontrol/operations/19133428",
    "id": "19133428",
    "status": "PENDING",
    "description": "Apply software changes, triggered from PySys: [{'action': 'install', 'id': '5495053', 'name': 'apple', 'url': ' ', 'version': '::fruits'}, {'action': 'install', 'id': '5494888', 'name': 'banana', 'url': ' ', 'version': '::fruits'}, {'action': 'install', 'id': '5475369', 'name': 'asciijump', 'url': ' ', 'version': '::apt'}, {'action': 'install', 'id': '5495382', 'name': 'cherry', 'url': ' ', 'version': '::fruits'}, {'action': 'install', 'id': '8018911', 'name': 'registry', 'url': ' ', 'version': '::docker'}]",
    "c8y_SoftwareUpdate": [
        {
            "name": "apple",
            "action": "install",
            "id": "5495053",
            "version": "::fruits",
            "url": " "
        },
        {
            "name": "banana",
            "action": "install",
            "id": "5494888",
            "version": "::fruits",
            "url": " "
        },
        {
            "name": "asciijump",
            "action": "install",
            "id": "5475369",
            "version": "::apt",
            "url": " "
        },
        {
            "name": "cherry",
            "action": "install",
            "id": "5495382",
            "version": "::fruits",
            "url": " "
        },
        {
            "name": "registry",
            "action": "install",
            "id": "8018911",
            "version": "::docker",
            "url": " "
        }
    ]
}
2022-05-16 08:44:13,024 INFO  Started operation: {'delivery': {'time': '2022-05-16T08:44:12.991Z', 'log': [], 'status': 'PENDING'}, 'creationTime': '2022-05-16T08:44:12.977Z', 'deviceId': '19103173', 'deviceName': 'mythicc', 'self': 'https://t493319102.eu-latest.cumulocity.com/devicecontrol/operations/19133428', 'id': '19133428', 'status': 'PENDING', 'description': "Apply software changes, triggered from PySys: [{'action': 'install', 'id': '5495053', 'name': 'apple', 'url': ' ', 'version': '::fruits'}, {'action': 'install', 'id': '5494888', 'name': 'banana', 'url': ' ', 'version': '::fruits'}, {'action': 'install', 'id': '5475369', 'name': 'asciijump', 'url': ' ', 'version': '::apt'}, {'action': 'install', 'id': '5495382', 'name': 'cherry', 'url': ' ', 'version': '::fruits'}, {'action': 'install', 'id': '8018911', 'name': 'registry', 'url': ' ', 'version': '::docker'}]", 'c8y_SoftwareUpdate': [{'name': 'apple', 'action': 'install', 'id': '5495053', 'version': '::fruits', 'url': ' '}, {'name': 'banana', 'action': 'install', 'id': '5494888', 'version': '::fruits', 'url': ' '}, {'name': 'asciijump', 'action': 'install', 'id': '5475369', 'version': '::apt', 'url': ' '}, {'name': 'cherry', 'action': 'install', 'id': '5495382', 'version': '::fruits', 'url': ' '}, {'name': 'registry', 'action': 'install', 'id': '8018911', 'version': '::docker', 'url': ' '}]}
2022-05-16 08:44:15,270 INFO  State of operation 19133428 : PENDING
2022-05-16 08:44:17,501 INFO  State of operation 19133428 : EXECUTING
2022-05-16 08:44:19,736 INFO  State of operation 19133428 : EXECUTING
2022-05-16 08:44:21,975 INFO  State of operation 19133428 : EXECUTING
2022-05-16 08:44:24,194 INFO  State of operation 19133428 : EXECUTING
2022-05-16 08:44:26,498 INFO  State of operation 19133428 : EXECUTING
2022-05-16 08:44:29,232 INFO  State of operation 19133428 : EXECUTING
2022-05-16 08:44:31,461 INFO  State of operation 19133428 : EXECUTING
2022-05-16 08:44:34,163 INFO  State of operation 19133428 : EXECUTING
2022-05-16 08:44:36,588 INFO  State of operation 19133428 : EXECUTING
2022-05-16 08:44:38,864 INFO  State of operation 19133428 : EXECUTING
2022-05-16 08:44:41,139 INFO  State of operation 19133428 : EXECUTING
2022-05-16 08:44:43,365 INFO  State of operation 19133428 : EXECUTING
2022-05-16 08:44:45,581 INFO  State of operation 19133428 : EXECUTING
2022-05-16 08:44:47,798 INFO  State of operation 19133428 : EXECUTING
2022-05-16 08:44:50,032 INFO  State of operation 19133428 : EXECUTING
2022-05-16 08:44:52,373 INFO  State of operation 19133428 : EXECUTING
2022-05-16 08:44:54,724 INFO  State of operation 19133428 : EXECUTING
2022-05-16 08:44:57,008 INFO  State of operation 19133428 : EXECUTING
2022-05-16 08:44:59,233 INFO  State of operation 19133428 : EXECUTING
2022-05-16 08:45:01,455 INFO  State of operation 19133428 : EXECUTING
2022-05-16 08:45:04,383 INFO  State of operation 19133428 : EXECUTING
2022-05-16 08:45:06,716 INFO  State of operation 19133428 : EXECUTING
2022-05-16 08:45:09,242 INFO  State of operation 19133428 : EXECUTING
2022-05-16 08:45:11,531 INFO  State of operation 19133428 : EXECUTING
2022-05-16 08:45:13,803 INFO  State of operation 19133428 : EXECUTING
2022-05-16 08:45:16,032 INFO  State of operation 19133428 : SUCCESSFUL
2022-05-16 08:45:16,283 INFO  Package apple is installed
2022-05-16 08:45:16,286 INFO  Assert that (True == value) with value=True ... passed
2022-05-16 08:45:16,610 INFO  Package banana is installed
2022-05-16 08:45:16,616 INFO  Assert that (True == value) with value=True ... passed
2022-05-16 08:45:17,000 INFO  Package cherry is installed
2022-05-16 08:45:17,004 INFO  Assert that (True == value) with value=True ... passed
2022-05-16 08:45:17,257 INFO  Package asciijump is installed
2022-05-16 08:45:17,259 INFO  Assert that (True == value) with value=True ... passed
2022-05-16 08:45:17,503 INFO  Package registry is installed
2022-05-16 08:45:17,506 INFO  Assert that (True == value) with value=True ... passed
2022-05-16 08:45:17,740 INFO  Response status: 201
2022-05-16 08:45:17,742 INFO  Response to action: {
    "delivery": {
        "time": "2022-05-16T08:45:17.707Z",
        "log": [],
        "status": "PENDING"
    },
    "creationTime": "2022-05-16T08:45:17.687Z",
    "deviceId": "19103173",
    "deviceName": "mythicc",
    "self": "https://t493319102.eu-latest.cumulocity.com/devicecontrol/operations/19133444",
    "id": "19133444",
    "status": "PENDING",
    "description": "Apply software changes, triggered from PySys: [{'action': 'delete', 'id': '5495053', 'name': 'apple', 'url': ' ', 'version': '::fruits'}, {'action': 'delete', 'id': '5494888', 'name': 'banana', 'url': ' ', 'version': '::fruits'}, {'action': 'delete', 'id': '5475369', 'name': 'asciijump', 'url': ' ', 'version': '::apt'}, {'action': 'delete', 'id': '5495382', 'name': 'cherry', 'url': ' ', 'version': '::fruits'}, {'action': 'delete', 'id': '8018911', 'name': 'registry', 'url': ' ', 'version': '::docker'}]",
    "c8y_SoftwareUpdate": [
        {
            "name": "apple",
            "action": "delete",
            "id": "5495053",
            "version": "::fruits",
            "url": " "
        },
        {
            "name": "banana",
            "action": "delete",
            "id": "5494888",
            "version": "::fruits",
            "url": " "
        },
        {
            "name": "asciijump",
            "action": "delete",
            "id": "5475369",
            "version": "::apt",
            "url": " "
        },
        {
            "name": "cherry",
            "action": "delete",
            "id": "5495382",
            "version": "::fruits",
            "url": " "
        },
        {
            "name": "registry",
            "action": "delete",
            "id": "8018911",
            "version": "::docker",
            "url": " "
        }
    ]
}
2022-05-16 08:45:17,743 INFO  Started operation: {'delivery': {'time': '2022-05-16T08:45:17.707Z', 'log': [], 'status': 'PENDING'}, 'creationTime': '2022-05-16T08:45:17.687Z', 'deviceId': '19103173', 'deviceName': 'mythicc', 'self': 'https://t493319102.eu-latest.cumulocity.com/devicecontrol/operations/19133444', 'id': '19133444', 'status': 'PENDING', 'description': "Apply software changes, triggered from PySys: [{'action': 'delete', 'id': '5495053', 'name': 'apple', 'url': ' ', 'version': '::fruits'}, {'action': 'delete', 'id': '5494888', 'name': 'banana', 'url': ' ', 'version': '::fruits'}, {'action': 'delete', 'id': '5475369', 'name': 'asciijump', 'url': ' ', 'version': '::apt'}, {'action': 'delete', 'id': '5495382', 'name': 'cherry', 'url': ' ', 'version': '::fruits'}, {'action': 'delete', 'id': '8018911', 'name': 'registry', 'url': ' ', 'version': '::docker'}]", 'c8y_SoftwareUpdate': [{'name': 'apple', 'action': 'delete', 'id': '5495053', 'version': '::fruits', 'url': ' '}, {'name': 'banana', 'action': 'delete', 'id': '5494888', 'version': '::fruits', 'url': ' '}, {'name': 'asciijump', 'action': 'delete', 'id': '5475369', 'version': '::apt', 'url': ' '}, {'name': 'cherry', 'action': 'delete', 'id': '5495382', 'version': '::fruits', 'url': ' '}, {'name': 'registry', 'action': 'delete', 'id': '8018911', 'version': '::docker', 'url': ' '}]}
2022-05-16 08:45:19,963 INFO  State of operation 19133444 : PENDING
2022-05-16 08:45:22,195 INFO  State of operation 19133444 : EXECUTING
2022-05-16 08:45:24,430 INFO  State of operation 19133444 : EXECUTING
2022-05-16 08:45:26,666 INFO  State of operation 19133444 : EXECUTING
2022-05-16 08:45:28,883 INFO  State of operation 19133444 : EXECUTING
2022-05-16 08:45:31,100 INFO  State of operation 19133444 : EXECUTING
2022-05-16 08:45:34,100 INFO  State of operation 19133444 : EXECUTING
2022-05-16 08:45:36,397 INFO  State of operation 19133444 : EXECUTING
2022-05-16 08:45:39,377 INFO  State of operation 19133444 : EXECUTING
2022-05-16 08:45:41,724 INFO  State of operation 19133444 : EXECUTING
2022-05-16 08:45:43,933 INFO  State of operation 19133444 : EXECUTING
2022-05-16 08:45:46,160 INFO  State of operation 19133444 : EXECUTING
2022-05-16 08:45:48,380 INFO  State of operation 19133444 : EXECUTING
2022-05-16 08:45:50,616 INFO  State of operation 19133444 : EXECUTING
2022-05-16 08:45:52,870 INFO  State of operation 19133444 : EXECUTING
2022-05-16 08:45:55,285 INFO  State of operation 19133444 : EXECUTING
2022-05-16 08:45:58,050 INFO  State of operation 19133444 : EXECUTING
2022-05-16 08:46:00,302 INFO  State of operation 19133444 : EXECUTING
2022-05-16 08:46:02,782 INFO  State of operation 19133444 : EXECUTING
2022-05-16 08:46:04,995 INFO  State of operation 19133444 : EXECUTING
2022-05-16 08:46:07,239 INFO  State of operation 19133444 : EXECUTING
2022-05-16 08:46:09,500 INFO  State of operation 19133444 : EXECUTING
2022-05-16 08:46:11,731 INFO  State of operation 19133444 : EXECUTING
2022-05-16 08:46:14,432 INFO  State of operation 19133444 : EXECUTING
2022-05-16 08:46:16,699 INFO  State of operation 19133444 : EXECUTING
2022-05-16 08:46:18,928 INFO  State of operation 19133444 : EXECUTING
2022-05-16 08:46:21,180 INFO  State of operation 19133444 : EXECUTING
2022-05-16 08:46:23,427 INFO  State of operation 19133444 : EXECUTING
2022-05-16 08:46:25,894 INFO  State of operation 19133444 : EXECUTING
2022-05-16 08:46:28,211 INFO  State of operation 19133444 : EXECUTING
2022-05-16 08:46:30,461 INFO  State of operation 19133444 : EXECUTING
2022-05-16 08:46:32,673 INFO  State of operation 19133444 : SUCCESSFUL
2022-05-16 08:46:32,904 INFO  Package apple is installed
2022-05-16 08:46:32,907 INFO  Assert that (True == value) with value=True ... passed
2022-05-16 08:46:33,143 INFO  Package banana is installed
2022-05-16 08:46:33,145 INFO  Assert that (True == value) with value=True ... passed
2022-05-16 08:46:33,386 INFO  Package cherry is installed
2022-05-16 08:46:33,388 INFO  Assert that (True == value) with value=True ... passed
2022-05-16 08:46:33,616 INFO  Assert that (False == value) with value=False ... passed
2022-05-16 08:46:33,854 INFO  Assert that (False == value) with value=False ... passed
2022-05-16 08:46:33,867 INFO  
2022-05-16 08:46:33,867 INFO  cleanup:
2022-05-16 08:46:39,227 INFO  Executed sudo<tedge_disconnect_c8y>, exit status 0
2022-05-16 08:46:39,796 INFO  Executed systemctl<serv_mapper5>, exit status 3
2022-05-16 08:46:39,800 INFO  
2022-05-16 08:46:39,801 INFO  Test duration: 173.14 secs
2022-05-16 08:46:39,802 INFO  Test final outcome:  FAILED
2022-05-16 08:46:39,804 INFO  Test outcome reason: Assert that (False == value) with value=True
2022-05-16 08:46:39,806 INFO  
