2022-05-04 08:25:44,973 INFO  ==============================================================
2022-05-04 08:25:44,974 INFO  Id:    SoftwareManagement.sm_apt_install_remove_with_version
2022-05-04 08:25:44,974 INFO  Dir:   software_management_end_to_end/
2022-05-04 08:25:44,974 INFO  Title: Validate end to end behaviour for the apt plugin for packages with version
2022-05-04 08:25:44,974 INFO  ==============================================================
2022-05-04 08:25:44,974 INFO  Using sw id database: {'asciijump': '5475369', 'robotfindskitten': '5474869', 'squirrel3': '5475279', 'rolldice': '5152439', 'moon-buggy': '5439204', 'apple': '5495053', 'banana': '5494888', 'cherry': '5495382', 'watermelon': '5494510', 'registry': '8018911', 'hello-world': '8021526', 'docker/getting-started': '8021973', 'alpine': '7991792'}
2022-05-04 08:25:44,975 INFO  EnvironmentC8y Setup
2022-05-04 08:25:45,076 INFO  Executed systemctl<serv_mapper1>, exit status 3
2022-05-04 08:25:45,093 INFO  Restarting mosquitto too frequently in the last 10 seconds. It was only up for 1 seconds
2022-05-04 08:25:45,093 INFO  Delaying execution by 10 seconds
2022-05-04 08:26:12,425 INFO  Executed sudo<tedge_connect_c8y>, exit status 0, duration 17 secs
2022-05-04 08:26:12,577 INFO  Executed sudo<tedge_connect_c8y_test>, exit status 0
2022-05-04 08:26:12,629 INFO  Executed systemctl<serv_mosq2>, exit status 0
2022-05-04 08:26:12,681 INFO  Executed systemctl<serv_mapper3>, exit status 0
2022-05-04 08:26:14,810 INFO  State of current operation: SUCCESSFUL
2022-05-04 08:26:14,942 INFO  Assert that (False == value) with value=False ... passed
2022-05-04 08:26:15,126 INFO  Response status: 201
2022-05-04 08:26:15,126 INFO  Response to action: {
    "creationTime": "2022-05-04T08:26:15.090Z",
    "deviceName": "ubuntu-2gb-hel1-2-thin-edge-b",
    "deviceId": "18336378",
    "self": "https://t493319102.eu-latest.cumulocity.com/devicecontrol/operations/18367161",
    "id": "18367161",
    "status": "PENDING",
    "description": "Apply software changes, triggered from PySys: [{'name': 'rolldice', 'id': '5152439', 'version': '1.16-1build1', 'url': '', 'action': 'install'}]",
    "c8y_SoftwareUpdate": [
        {
            "name": "rolldice",
            "action": "install",
            "id": "5152439",
            "version": "1.16-1build1",
            "url": ""
        }
    ]
}
2022-05-04 08:26:15,126 INFO  Started operation: {'creationTime': '2022-05-04T08:26:15.090Z', 'deviceName': 'ubuntu-2gb-hel1-2-thin-edge-b', 'deviceId': '18336378', 'self': 'https://t493319102.eu-latest.cumulocity.com/devicecontrol/operations/18367161', 'id': '18367161', 'status': 'PENDING', 'description': "Apply software changes, triggered from PySys: [{'name': 'rolldice', 'id': '5152439', 'version': '1.16-1build1', 'url': '', 'action': 'install'}]", 'c8y_SoftwareUpdate': [{'name': 'rolldice', 'action': 'install', 'id': '5152439', 'version': '1.16-1build1', 'url': ''}]}
2022-05-04 08:26:17,238 INFO  State of operation 18367161 : EXECUTING
2022-05-04 08:26:19,377 INFO  State of operation 18367161 : EXECUTING
2022-05-04 08:26:21,488 INFO  State of operation 18367161 : SUCCESSFUL
2022-05-04 08:26:21,618 INFO  Package rolldice is installed
2022-05-04 08:26:21,618 INFO  Assert that (True == value) with value=True ... passed
2022-05-04 08:26:21,745 INFO  Response status: 201
2022-05-04 08:26:21,746 INFO  Response to action: {
    "creationTime": "2022-05-04T08:26:21.702Z",
    "deviceName": "ubuntu-2gb-hel1-2-thin-edge-b",
    "deviceId": "18336378",
    "self": "https://t493319102.eu-latest.cumulocity.com/devicecontrol/operations/18367163",
    "id": "18367163",
    "status": "PENDING",
    "description": "Apply software changes, triggered from PySys: [{'name': 'rolldice', 'id': '5152439', 'version': '88::apt', 'url': '', 'action': 'delete'}]",
    "c8y_SoftwareUpdate": [
        {
            "name": "rolldice",
            "action": "delete",
            "id": "5152439",
            "version": "88::apt",
            "url": ""
        }
    ]
}
2022-05-04 08:26:21,746 INFO  Started operation: {'creationTime': '2022-05-04T08:26:21.702Z', 'deviceName': 'ubuntu-2gb-hel1-2-thin-edge-b', 'deviceId': '18336378', 'self': 'https://t493319102.eu-latest.cumulocity.com/devicecontrol/operations/18367163', 'id': '18367163', 'status': 'PENDING', 'description': "Apply software changes, triggered from PySys: [{'name': 'rolldice', 'id': '5152439', 'version': '88::apt', 'url': '', 'action': 'delete'}]", 'c8y_SoftwareUpdate': [{'name': 'rolldice', 'action': 'delete', 'id': '5152439', 'version': '88::apt', 'url': ''}]}
2022-05-04 08:26:23,855 INFO  State of operation 18367163 : EXECUTING
2022-05-04 08:26:25,961 INFO  State of operation 18367163 : FAILED
2022-05-04 08:26:26,091 INFO  Package rolldice is installed
2022-05-04 08:26:26,091 INFO  Assert that (True == value) with value=True ... passed
2022-05-04 08:26:26,277 INFO  Response status: 201
2022-05-04 08:26:26,277 INFO  Response to action: {
    "creationTime": "2022-05-04T08:26:26.240Z",
    "deviceName": "ubuntu-2gb-hel1-2-thin-edge-b",
    "deviceId": "18336378",
    "self": "https://t493319102.eu-latest.cumulocity.com/devicecontrol/operations/18367165",
    "id": "18367165",
    "status": "PENDING",
    "description": "Apply software changes, triggered from PySys: [{'name': 'rolldice', 'id': '5152439', 'version': '1.16-1build1', 'url': '', 'action': 'delete'}]",
    "c8y_SoftwareUpdate": [
        {
            "name": "rolldice",
            "action": "delete",
            "id": "5152439",
            "version": "1.16-1build1",
            "url": ""
        }
    ]
}
2022-05-04 08:26:26,277 INFO  Started operation: {'creationTime': '2022-05-04T08:26:26.240Z', 'deviceName': 'ubuntu-2gb-hel1-2-thin-edge-b', 'deviceId': '18336378', 'self': 'https://t493319102.eu-latest.cumulocity.com/devicecontrol/operations/18367165', 'id': '18367165', 'status': 'PENDING', 'description': "Apply software changes, triggered from PySys: [{'name': 'rolldice', 'id': '5152439', 'version': '1.16-1build1', 'url': '', 'action': 'delete'}]", 'c8y_SoftwareUpdate': [{'name': 'rolldice', 'action': 'delete', 'id': '5152439', 'version': '1.16-1build1', 'url': ''}]}
2022-05-04 08:26:28,428 INFO  State of operation 18367165 : EXECUTING
2022-05-04 08:26:30,537 INFO  State of operation 18367165 : EXECUTING
2022-05-04 08:26:32,643 INFO  State of operation 18367165 : EXECUTING
2022-05-04 08:26:34,754 INFO  State of operation 18367165 : SUCCESSFUL
2022-05-04 08:26:34,943 INFO  Assert that (False == value) with value=False ... passed
2022-05-04 08:26:34,944 INFO  
2022-05-04 08:26:34,944 INFO  cleanup:
2022-05-04 08:26:45,793 INFO  Executed sudo<tedge_disconnect_c8y>, exit status 0
2022-05-04 08:26:45,895 INFO  Executed systemctl<serv_mapper5>, exit status 3
2022-05-04 08:26:45,896 INFO  
2022-05-04 08:26:45,896 INFO  Test duration: 60.92 secs
2022-05-04 08:26:45,897 INFO  Test final outcome:  PASSED
2022-05-04 08:26:45,897 INFO  
