2022-04-07 16:14:15,632 INFO  ==============================================================
2022-04-07 16:14:15,633 INFO  Id:    mqtt_port_unset
2022-04-07 16:14:15,634 INFO  Dir:   misc_features/
2022-04-07 16:14:15,635 INFO  Title: mqtt port unset
2022-04-07 16:14:15,636 DEBUG Execution order hint: 0.0
2022-04-07 16:14:15,637 INFO  ==============================================================
2022-04-07 16:14:15,642 DEBUG Process parameters for sudo<mqtt_port_set>
  command line : /usr/bin/sudo /usr/bin/tedge config set mqtt.port 8880
    arg #1     : /usr/bin/tedge
    arg #2     : config
    arg #3     : set
    arg #4     : mqtt.port
    arg #5     : 8880
  working dir  : /home/pi/actions-runner/_work/thin-edge.io/thin-edge.io/tests/PySys/misc_features/mqtt_port_unset/Output/linux
  stdout       : /home/pi/actions-runner/_work/thin-edge.io/thin-edge.io/tests/PySys/misc_features/mqtt_port_unset/Output/linux/mqtt_port_set.out
  stderr       : /home/pi/actions-runner/_work/thin-edge.io/thin-edge.io/tests/PySys/misc_features/mqtt_port_unset/Output/linux/mqtt_port_set.err
  environment  : LD_LIBRARY_PATH=/usr/lib
  environment  : PATH=/bin:/usr/bin:/usr/sbin:/usr/local/bin
                   #1  /bin
                   #2  /usr/bin
                   #3  /usr/sbin
                   #4  /usr/local/bin
2022-04-07 16:14:15,651 DEBUG Waiting up to 600 secs for process sudo<mqtt_port_set> (pid 5486)
2022-04-07 16:14:16,157 INFO  Executed sudo<mqtt_port_set>, exit status 0
2022-04-07 16:14:16,159 DEBUG --- test execute
2022-04-07 16:14:16,161 DEBUG Process parameters for sudo<mqtt_port_unset>
  command line : /usr/bin/sudo /usr/bin/tedge config unset mqtt.port
    arg #1     : /usr/bin/tedge
    arg #2     : config
    arg #3     : unset
    arg #4     : mqtt.port
  working dir  : /home/pi/actions-runner/_work/thin-edge.io/thin-edge.io/tests/PySys/misc_features/mqtt_port_unset/Output/linux
  stdout       : /home/pi/actions-runner/_work/thin-edge.io/thin-edge.io/tests/PySys/misc_features/mqtt_port_unset/Output/linux/mqtt_port_unset.out
  stderr       : /home/pi/actions-runner/_work/thin-edge.io/thin-edge.io/tests/PySys/misc_features/mqtt_port_unset/Output/linux/mqtt_port_unset.err
  environment  : LD_LIBRARY_PATH=/usr/lib
  environment  : PATH=/bin:/usr/bin:/usr/sbin:/usr/local/bin
                   #1  /bin
                   #2  /usr/bin
                   #3  /usr/sbin
                   #4  /usr/local/bin
2022-04-07 16:14:16,168 DEBUG Waiting up to 600 secs for process sudo<mqtt_port_unset> (pid 5488)
2022-04-07 16:14:16,675 INFO  Executed sudo<mqtt_port_unset>, exit status 0
2022-04-07 16:14:16,676 DEBUG --- test validate
2022-04-07 16:14:16,678 DEBUG Process parameters for sudo<tedge_get>
  command line : /usr/bin/sudo /usr/bin/tedge config list
    arg #1     : /usr/bin/tedge
    arg #2     : config
    arg #3     : list
  working dir  : /home/pi/actions-runner/_work/thin-edge.io/thin-edge.io/tests/PySys/misc_features/mqtt_port_unset/Output/linux
  stdout       : /home/pi/actions-runner/_work/thin-edge.io/thin-edge.io/tests/PySys/misc_features/mqtt_port_unset/Output/linux/tedge_get.out
  stderr       : /home/pi/actions-runner/_work/thin-edge.io/thin-edge.io/tests/PySys/misc_features/mqtt_port_unset/Output/linux/tedge_get.err
  environment  : LD_LIBRARY_PATH=/usr/lib
  environment  : PATH=/bin:/usr/bin:/usr/sbin:/usr/local/bin
                   #1  /bin
                   #2  /usr/bin
                   #3  /usr/sbin
                   #4  /usr/local/bin
2022-04-07 16:14:16,686 DEBUG Waiting up to 600 secs for process sudo<tedge_get> (pid 5490)
2022-04-07 16:14:17,193 INFO  Executed sudo<tedge_get>, exit status 0
2022-04-07 16:14:17,194 DEBUG Performing regex contains=True grep on file: /home/pi/actions-runner/_work/thin-edge.io/thin-edge.io/tests/PySys/misc_features/mqtt_port_unset/Output/linux/tedge_get.out
2022-04-07 16:14:17,199 DEBUG Grep on file tedge_get.out successfully matched expression "mqtt.port=1883" with line: 'mqtt.port=1883\n'
2022-04-07 16:14:17,200 INFO  Grep on file tedge_get.out ... passed
2022-04-07 16:14:17,205 DEBUG --- test cleanup
2022-04-07 16:14:17,207 DEBUG ProcessUser cleanup function done.
2022-04-07 16:14:17,210 INFO  
2022-04-07 16:14:17,210 INFO  Test duration: 1.58 secs
2022-04-07 16:14:17,211 INFO  Test final outcome:  PASSED
2022-04-07 16:14:17,212 INFO  
