2022-05-10 14:10:57,746 INFO  ==============================================================
2022-05-10 14:10:57,747 INFO  Id:    docker_plugin_remove
2022-05-10 14:10:57,748 INFO  Dir:   plugin_docker/
2022-05-10 14:10:57,749 INFO  Title: Validate docker plugin remove
2022-05-10 14:10:57,750 INFO  ==============================================================
2022-05-10 14:10:58,785 INFO  Executed sudo<docker_images>, exit status 0
2022-05-10 14:10:58,790 INFO  Grep on file /home/pi/actions-runner/_work/thin-edge.io/thin-edge.io/tests/PySys/plugin_docker/docker_plugin_remove/Output/linux/docker_images.out ... passed
2022-05-10 14:11:22,523 INFO  Executed sudo<docker_run>, exit status 0, duration 23 secs
2022-05-10 14:11:23,343 INFO  Executed sudo<docker_ps>, exit status 0
2022-05-10 14:11:23,349 INFO  Grep on file /home/pi/actions-runner/_work/thin-edge.io/thin-edge.io/tests/PySys/plugin_docker/docker_plugin_remove/Output/linux/docker_ps.out ... passed
2022-05-10 14:11:26,378 INFO  Executed sudo<plugin_remove>, exit status 0
2022-05-10 14:11:27,139 INFO  Executed sudo<docker_ps_latest>, exit status 0
2022-05-10 14:11:27,903 INFO  Executed sudo<docker_ps>, exit status 0
2022-05-10 14:11:27,911 INFO  Grep on file /home/pi/actions-runner/_work/thin-edge.io/thin-edge.io/tests/PySys/plugin_docker/docker_plugin_remove/Output/linux/docker_ps.out ... passed
2022-05-10 14:11:27,921 INFO  
2022-05-10 14:11:27,922 INFO  cleanup:
2022-05-10 14:11:27,923 INFO  Removing containers scheduled to be cleaned up: ['38afbd6adaa1', '802c5ba6040c', '57a2ee43e05cb630ce57101b40eadb932809e13c28195243eeccacbc160830fb\n']
2022-05-10 14:11:28,890 INFO  Executed sudo<containers_for_cleanup>, exit status 0
2022-05-10 14:11:28,893 INFO  Removing images scheduled to be cleaned up: ['registry', 'registry', 'registry:2.7.1', 'registry']
2022-05-10 14:11:32,171 INFO  Executed sudo<containers_for_cleanup>, exit status 0
2022-05-10 14:11:32,174 INFO  
2022-05-10 14:11:32,175 INFO  Test duration: 34.43 secs
2022-05-10 14:11:32,176 INFO  Test final outcome:  PASSED
2022-05-10 14:11:32,177 INFO  
