2022-04-07 16:39:35,201 INFO  ==============================================================
2022-04-07 16:39:35,202 INFO  Id:    apt_prepare
2022-04-07 16:39:35,203 INFO  Dir:   plugin_apt/
2022-04-07 16:39:35,204 INFO  Title: Validate apt plugin install - dense version
2022-04-07 16:39:35,205 DEBUG Execution order hint: 0.0
2022-04-07 16:39:35,206 INFO  ==============================================================
2022-04-07 16:39:35,211 DEBUG --- test execute
2022-04-07 16:39:35,213 DEBUG Process parameters for sudo<outp_prepare>
  command line : /usr/bin/sudo /etc/tedge/sm-plugins/apt prepare
    arg #1     : /etc/tedge/sm-plugins/apt
    arg #2     : prepare
  working dir  : /home/pi/actions-runner/_work/thin-edge.io/thin-edge.io/tests/PySys/plugin_apt/apt_prepare/Output/linux
  stdout       : /home/pi/actions-runner/_work/thin-edge.io/thin-edge.io/tests/PySys/plugin_apt/apt_prepare/Output/linux/outp_prepare.out
  stderr       : /home/pi/actions-runner/_work/thin-edge.io/thin-edge.io/tests/PySys/plugin_apt/apt_prepare/Output/linux/outp_prepare.err
  environment  : LD_LIBRARY_PATH=/usr/lib
  environment  : PATH=/bin:/usr/bin:/usr/sbin:/usr/local/bin
                   #1  /bin
                   #2  /usr/bin
                   #3  /usr/sbin
                   #4  /usr/local/bin
2022-04-07 16:39:35,220 DEBUG Waiting up to 600 secs for process sudo<outp_prepare> (pid 13261)
2022-04-07 16:39:53,294 INFO  Executed sudo<outp_prepare>, exit status 0, duration 18 secs
2022-04-07 16:39:53,297 INFO  Assert that (value==0) with value=0 ... passed
2022-04-07 16:39:53,299 DEBUG --- test validate
2022-04-07 16:39:53,301 INFO  Assert that (old != new) with old=1649349563.0790677, new=1649349592.563698 ... passed
2022-04-07 16:39:53,302 INFO  Assert that ((new +350) >= now) with new=1649349592.563698, now=1649349593.299541 ... passed
2022-04-07 16:39:53,307 DEBUG --- test cleanup
2022-04-07 16:39:53,308 INFO  
2022-04-07 16:39:53,309 INFO  cleanup:
2022-04-07 16:39:53,310 DEBUG Running registered cleanup function: <bound method AptPluginPrepare.cleanup_prepare of <AptPluginPrepare object at 0x75e5b750>>
2022-04-07 16:39:53,310 DEBUG ProcessUser cleanup function done.
2022-04-07 16:39:53,313 INFO  
2022-04-07 16:39:53,314 INFO  Test duration: 18.12 secs
2022-04-07 16:39:53,315 INFO  Test final outcome:  PASSED
2022-04-07 16:39:53,316 INFO  
