2022-05-10 14:19:10,542 INFO  ==============================================================
2022-05-10 14:19:10,543 INFO  Id:    SoftwareManagement.sm_apt_install_remove_multiple
2022-05-10 14:19:10,545 INFO  Dir:   software_management_end_to_end/
2022-05-10 14:19:10,545 INFO  Title: Validate end to end behaviour for the apt plugin for multiple packages
2022-05-10 14:19:10,546 INFO  ==============================================================
2022-05-10 14:19:10,565 INFO  Using sw id database: {'asciijump': '5475369', 'robotfindskitten': '5474869', 'squirrel3': '5475279', 'rolldice': '5152439', 'moon-buggy': '5439204', 'apple': '5495053', 'banana': '5494888', 'cherry': '5495382', 'watermelon': '5494510', 'registry': '8018911', 'hello-world': '8021526', 'docker/getting-started': '8021973', 'alpine': '7991792'}
2022-05-10 14:19:10,566 INFO  EnvironmentC8y Setup
2022-05-10 14:19:11,128 INFO  Executed systemctl<serv_mapper1>, exit status 3
2022-05-10 14:19:11,235 INFO  Restarting mosquitto too frequently in the last 10 seconds. It was only up for 5 seconds
2022-05-10 14:19:11,237 INFO  Delaying execution by 6 seconds
2022-05-10 14:19:31,595 INFO  Executed sudo<tedge_connect_c8y>, exit status 0, duration 14 secs
2022-05-10 14:19:32,212 INFO  Executed sudo<tedge_connect_c8y_test>, exit status 0
2022-05-10 14:19:32,675 INFO  Executed systemctl<serv_mosq2>, exit status 0
2022-05-10 14:19:33,138 INFO  Executed systemctl<serv_mapper3>, exit status 0
2022-05-10 14:19:35,501 INFO  State of current operation: SUCCESSFUL
2022-05-10 14:19:35,777 INFO  Assert that (False == value) with value=False ... passed
2022-05-10 14:19:36,031 INFO  Package asciijump is installed
2022-05-10 14:19:36,077 WARN  Assert that (False == value) with value=True ... failed 
2022-05-10 14:19:36,306 INFO  Package squirrel3 is installed
2022-05-10 14:19:36,329 WARN  Assert that (False == value) with value=True ... failed 
2022-05-10 14:19:36,572 INFO  Package robotfindskitten is installed
2022-05-10 14:19:36,595 WARN  Assert that (False == value) with value=True ... failed 
2022-05-10 14:19:36,819 INFO  Response status: 201
2022-05-10 14:19:36,821 INFO  Response to action: {
    "creationTime": "2022-05-10T14:19:36.775Z",
    "deviceName": "mythicc",
    "deviceId": "18674246",
    "self": "https://t493319102.eu-latest.cumulocity.com/devicecontrol/operations/18685677",
    "id": "18685677",
    "status": "PENDING",
    "description": "Apply software changes, triggered from PySys: [{'action': 'install', 'id': '5475369', 'name': 'asciijump', 'url': ' ', 'version': '::apt'}, {'action': 'install', 'id': '5474869', 'name': 'robotfindskitten', 'url': ' ', 'version': '::apt'}, {'action': 'install', 'id': '5475279', 'name': 'squirrel3', 'url': ' ', 'version': '::apt'}]",
    "c8y_SoftwareUpdate": [
        {
            "name": "asciijump",
            "action": "install",
            "id": "5475369",
            "version": "::apt",
            "url": " "
        },
        {
            "name": "robotfindskitten",
            "action": "install",
            "id": "5474869",
            "version": "::apt",
            "url": " "
        },
        {
            "name": "squirrel3",
            "action": "install",
            "id": "5475279",
            "version": "::apt",
            "url": " "
        }
    ]
}
2022-05-10 14:19:36,822 INFO  Started operation: {'creationTime': '2022-05-10T14:19:36.775Z', 'deviceName': 'mythicc', 'deviceId': '18674246', 'self': 'https://t493319102.eu-latest.cumulocity.com/devicecontrol/operations/18685677', 'id': '18685677', 'status': 'PENDING', 'description': "Apply software changes, triggered from PySys: [{'action': 'install', 'id': '5475369', 'name': 'asciijump', 'url': ' ', 'version': '::apt'}, {'action': 'install', 'id': '5474869', 'name': 'robotfindskitten', 'url': ' ', 'version': '::apt'}, {'action': 'install', 'id': '5475279', 'name': 'squirrel3', 'url': ' ', 'version': '::apt'}]", 'c8y_SoftwareUpdate': [{'name': 'asciijump', 'action': 'install', 'id': '5475369', 'version': '::apt', 'url': ' '}, {'name': 'robotfindskitten', 'action': 'install', 'id': '5474869', 'version': '::apt', 'url': ' '}, {'name': 'squirrel3', 'action': 'install', 'id': '5475279', 'version': '::apt', 'url': ' '}]}
2022-05-10 14:19:39,038 INFO  State of operation 18685677 : PENDING
2022-05-10 14:19:41,272 INFO  State of operation 18685677 : EXECUTING
2022-05-10 14:19:43,487 INFO  State of operation 18685677 : EXECUTING
2022-05-10 14:19:45,749 INFO  State of operation 18685677 : EXECUTING
2022-05-10 14:19:47,976 INFO  State of operation 18685677 : EXECUTING
2022-05-10 14:19:50,197 INFO  State of operation 18685677 : EXECUTING
2022-05-10 14:19:52,878 INFO  State of operation 18685677 : EXECUTING
2022-05-10 14:19:56,789 INFO  State of operation 18685677 : EXECUTING
2022-05-10 14:19:59,327 INFO  State of operation 18685677 : EXECUTING
2022-05-10 14:20:01,655 INFO  State of operation 18685677 : EXECUTING
2022-05-10 14:20:03,878 INFO  State of operation 18685677 : EXECUTING
2022-05-10 14:20:06,128 INFO  State of operation 18685677 : EXECUTING
2022-05-10 14:20:08,362 INFO  State of operation 18685677 : EXECUTING
2022-05-10 14:20:10,628 INFO  State of operation 18685677 : EXECUTING
2022-05-10 14:20:12,842 INFO  State of operation 18685677 : EXECUTING
2022-05-10 14:20:15,182 INFO  State of operation 18685677 : SUCCESSFUL
2022-05-10 14:20:15,557 INFO  Assert that (False == value) with value=False ... passed
2022-05-10 14:20:15,887 INFO  Package asciijump is installed
2022-05-10 14:20:15,889 INFO  Assert that (True == value) with value=True ... passed
2022-05-10 14:20:16,115 INFO  Package squirrel3 is installed
2022-05-10 14:20:16,117 INFO  Assert that (True == value) with value=True ... passed
2022-05-10 14:20:16,352 INFO  Package robotfindskitten is installed
2022-05-10 14:20:16,355 INFO  Assert that (True == value) with value=True ... passed
2022-05-10 14:20:16,578 INFO  Response status: 201
2022-05-10 14:20:16,580 INFO  Response to action: {
    "creationTime": "2022-05-10T14:20:16.536Z",
    "deviceName": "mythicc",
    "deviceId": "18674246",
    "self": "https://t493319102.eu-latest.cumulocity.com/devicecontrol/operations/18685685",
    "id": "18685685",
    "status": "PENDING",
    "description": "Apply software changes, triggered from PySys: [{'action': 'delete', 'id': '5475369', 'name': 'asciijump', 'url': ' ', 'version': '::apt'}, {'action': 'delete', 'id': '5474869', 'name': 'robotfindskitten', 'url': ' ', 'version': '::apt'}, {'action': 'delete', 'id': '5475279', 'name': 'squirrel3', 'url': ' ', 'version': '::apt'}]",
    "c8y_SoftwareUpdate": [
        {
            "name": "asciijump",
            "action": "delete",
            "id": "5475369",
            "version": "::apt",
            "url": " "
        },
        {
            "name": "robotfindskitten",
            "action": "delete",
            "id": "5474869",
            "version": "::apt",
            "url": " "
        },
        {
            "name": "squirrel3",
            "action": "delete",
            "id": "5475279",
            "version": "::apt",
            "url": " "
        }
    ]
}
2022-05-10 14:20:16,581 INFO  Started operation: {'creationTime': '2022-05-10T14:20:16.536Z', 'deviceName': 'mythicc', 'deviceId': '18674246', 'self': 'https://t493319102.eu-latest.cumulocity.com/devicecontrol/operations/18685685', 'id': '18685685', 'status': 'PENDING', 'description': "Apply software changes, triggered from PySys: [{'action': 'delete', 'id': '5475369', 'name': 'asciijump', 'url': ' ', 'version': '::apt'}, {'action': 'delete', 'id': '5474869', 'name': 'robotfindskitten', 'url': ' ', 'version': '::apt'}, {'action': 'delete', 'id': '5475279', 'name': 'squirrel3', 'url': ' ', 'version': '::apt'}]", 'c8y_SoftwareUpdate': [{'name': 'asciijump', 'action': 'delete', 'id': '5475369', 'version': '::apt', 'url': ' '}, {'name': 'robotfindskitten', 'action': 'delete', 'id': '5474869', 'version': '::apt', 'url': ' '}, {'name': 'squirrel3', 'action': 'delete', 'id': '5475279', 'version': '::apt', 'url': ' '}]}
2022-05-10 14:20:18,800 INFO  State of operation 18685685 : PENDING
2022-05-10 14:20:21,014 INFO  State of operation 18685685 : EXECUTING
2022-05-10 14:20:23,222 INFO  State of operation 18685685 : EXECUTING
2022-05-10 14:20:25,485 INFO  State of operation 18685685 : EXECUTING
2022-05-10 14:20:27,701 INFO  State of operation 18685685 : EXECUTING
2022-05-10 14:20:29,914 INFO  State of operation 18685685 : EXECUTING
2022-05-10 14:20:32,726 INFO  State of operation 18685685 : EXECUTING
2022-05-10 14:20:35,449 INFO  State of operation 18685685 : EXECUTING
2022-05-10 14:20:37,740 INFO  State of operation 18685685 : EXECUTING
2022-05-10 14:20:40,332 INFO  State of operation 18685685 : EXECUTING
2022-05-10 14:20:42,567 INFO  State of operation 18685685 : EXECUTING
2022-05-10 14:20:45,020 INFO  State of operation 18685685 : EXECUTING
2022-05-10 14:20:47,252 INFO  State of operation 18685685 : EXECUTING
2022-05-10 14:20:49,522 INFO  State of operation 18685685 : EXECUTING
2022-05-10 14:20:51,799 INFO  State of operation 18685685 : EXECUTING
2022-05-10 14:20:54,086 INFO  State of operation 18685685 : EXECUTING
2022-05-10 14:20:56,350 INFO  State of operation 18685685 : EXECUTING
2022-05-10 14:20:58,726 INFO  State of operation 18685685 : EXECUTING
2022-05-10 14:21:01,373 INFO  State of operation 18685685 : EXECUTING
2022-05-10 14:21:03,596 INFO  State of operation 18685685 : EXECUTING
2022-05-10 14:21:05,942 INFO  State of operation 18685685 : EXECUTING
2022-05-10 14:21:08,151 INFO  State of operation 18685685 : EXECUTING
2022-05-10 14:21:10,410 INFO  State of operation 18685685 : EXECUTING
2022-05-10 14:21:12,650 INFO  State of operation 18685685 : EXECUTING
2022-05-10 14:21:15,018 INFO  State of operation 18685685 : EXECUTING
2022-05-10 14:21:17,338 INFO  State of operation 18685685 : EXECUTING
2022-05-10 14:21:19,999 INFO  State of operation 18685685 : EXECUTING
2022-05-10 14:21:22,406 INFO  State of operation 18685685 : EXECUTING
2022-05-10 14:21:24,621 INFO  State of operation 18685685 : EXECUTING
2022-05-10 14:21:26,835 INFO  State of operation 18685685 : SUCCESSFUL
2022-05-10 14:21:27,069 INFO  Assert that (False == value) with value=False ... passed
2022-05-10 14:21:27,308 INFO  Assert that (False == value) with value=False ... passed
2022-05-10 14:21:27,541 INFO  Assert that (False == value) with value=False ... passed
2022-05-10 14:21:27,793 INFO  Assert that (False == value) with value=False ... passed
2022-05-10 14:21:27,805 INFO  
2022-05-10 14:21:27,805 INFO  cleanup:
2022-05-10 14:21:31,869 INFO  Executed sudo<tedge_disconnect_c8y>, exit status 0
2022-05-10 14:21:32,433 INFO  Executed systemctl<serv_mapper5>, exit status 3
2022-05-10 14:21:32,437 INFO  
2022-05-10 14:21:32,438 INFO  Test duration: 141.91 secs
2022-05-10 14:21:32,439 INFO  Test final outcome:  FAILED
2022-05-10 14:21:32,440 INFO  Test outcome reason: Assert that (False == value) with value=True (+2 other failures)
2022-05-10 14:21:32,441 INFO  
