2022-05-02 16:30:30,024 INFO  ==============================================================
2022-05-02 16:30:30,025 INFO  Id:    SoftwareManagement.sm_fake_install_remove_multiple
2022-05-02 16:30:30,026 INFO  Dir:   software_management_end_to_end/
2022-05-02 16:30:30,026 INFO  Title: Validate end to end behaviour for the dummy-plugin for multiple packages
2022-05-02 16:30:30,027 INFO  ==============================================================
2022-05-02 16:30:30,036 INFO  Using sw id database: {'asciijump': '5475369', 'robotfindskitten': '5474869', 'squirrel3': '5475279', 'rolldice': '5152439', 'moon-buggy': '5439204', 'apple': '5495053', 'banana': '5494888', 'cherry': '5495382', 'watermelon': '5494510', 'registry': '8018911', 'hello-world': '8021526', 'docker/getting-started': '8021973', 'alpine': '7991792'}
2022-05-02 16:30:30,037 INFO  EnvironmentC8y Setup
2022-05-02 16:30:30,648 INFO  Executed systemctl<serv_mapper1>, exit status 3
2022-05-02 16:30:30,765 INFO  Restarting mosquitto too frequently in the last 10 seconds. It was only up for 5 seconds
2022-05-02 16:30:30,767 INFO  Delaying execution by 6 seconds
2022-05-02 16:30:54,651 INFO  Executed sudo<tedge_connect_c8y>, exit status 0, duration 17 secs
2022-05-02 16:30:55,271 INFO  Executed sudo<tedge_connect_c8y_test>, exit status 0
2022-05-02 16:30:55,783 INFO  Executed systemctl<serv_mosq2>, exit status 0
2022-05-02 16:30:56,297 INFO  Executed systemctl<serv_mapper3>, exit status 0
2022-05-02 16:30:58,530 INFO  State of current operation: SUCCESSFUL
2022-05-02 16:30:58,782 INFO  Package apple is installed
2022-05-02 16:30:58,784 INFO  Assert that (True == value) with value=True ... passed
2022-05-02 16:30:59,041 INFO  Package banana is installed
2022-05-02 16:30:59,043 INFO  Assert that (True == value) with value=True ... passed
2022-05-02 16:30:59,305 INFO  Package cherry is installed
2022-05-02 16:30:59,308 INFO  Assert that (True == value) with value=True ... passed
2022-05-02 16:30:59,546 INFO  Response status: 201
2022-05-02 16:30:59,548 INFO  Response to action: {
    "delivery": {
        "time": "2022-05-02T16:30:59.518Z",
        "log": [],
        "status": "PENDING"
    },
    "creationTime": "2022-05-02T16:30:59.505Z",
    "deviceName": "m32sd11e",
    "deviceId": "18180747",
    "self": "https://t493319102.eu-latest.cumulocity.com/devicecontrol/operations/18214324",
    "id": "18214324",
    "status": "PENDING",
    "description": "Apply software changes, triggered from PySys: [{'action': 'install', 'id': '5495053', 'name': 'apple', 'url': ' ', 'version': '::fruits'}, {'action': 'install', 'id': '5494888', 'name': 'banana', 'url': ' ', 'version': '::fruits'}, {'action': 'install', 'id': '5495382', 'name': 'cherry', 'url': ' ', 'version': '::fruits'}]",
    "c8y_SoftwareUpdate": [
        {
            "name": "apple",
            "action": "install",
            "id": "5495053",
            "version": "::fruits",
            "url": " "
        },
        {
            "name": "banana",
            "action": "install",
            "id": "5494888",
            "version": "::fruits",
            "url": " "
        },
        {
            "name": "cherry",
            "action": "install",
            "id": "5495382",
            "version": "::fruits",
            "url": " "
        }
    ]
}
2022-05-02 16:30:59,549 INFO  Started operation: {'delivery': {'time': '2022-05-02T16:30:59.518Z', 'log': [], 'status': 'PENDING'}, 'creationTime': '2022-05-02T16:30:59.505Z', 'deviceName': 'm32sd11e', 'deviceId': '18180747', 'self': 'https://t493319102.eu-latest.cumulocity.com/devicecontrol/operations/18214324', 'id': '18214324', 'status': 'PENDING', 'description': "Apply software changes, triggered from PySys: [{'action': 'install', 'id': '5495053', 'name': 'apple', 'url': ' ', 'version': '::fruits'}, {'action': 'install', 'id': '5494888', 'name': 'banana', 'url': ' ', 'version': '::fruits'}, {'action': 'install', 'id': '5495382', 'name': 'cherry', 'url': ' ', 'version': '::fruits'}]", 'c8y_SoftwareUpdate': [{'name': 'apple', 'action': 'install', 'id': '5495053', 'version': '::fruits', 'url': ' '}, {'name': 'banana', 'action': 'install', 'id': '5494888', 'version': '::fruits', 'url': ' '}, {'name': 'cherry', 'action': 'install', 'id': '5495382', 'version': '::fruits', 'url': ' '}]}
2022-05-02 16:31:01,775 INFO  State of operation 18214324 : PENDING
2022-05-02 16:31:04,022 INFO  State of operation 18214324 : EXECUTING
2022-05-02 16:31:06,245 INFO  State of operation 18214324 : EXECUTING
2022-05-02 16:31:08,466 INFO  State of operation 18214324 : SUCCESSFUL
2022-05-02 16:31:08,723 INFO  Package apple is installed
2022-05-02 16:31:08,725 INFO  Assert that (True == value) with value=True ... passed
2022-05-02 16:31:08,968 INFO  Package banana is installed
2022-05-02 16:31:08,971 INFO  Assert that (True == value) with value=True ... passed
2022-05-02 16:31:09,228 INFO  Package cherry is installed
2022-05-02 16:31:09,231 INFO  Assert that (True == value) with value=True ... passed
2022-05-02 16:31:09,457 INFO  Response status: 201
2022-05-02 16:31:09,459 INFO  Response to action: {
    "delivery": {
        "time": "2022-05-02T16:31:09.431Z",
        "log": [],
        "status": "PENDING"
    },
    "creationTime": "2022-05-02T16:31:09.419Z",
    "deviceName": "m32sd11e",
    "deviceId": "18180747",
    "self": "https://t493319102.eu-latest.cumulocity.com/devicecontrol/operations/18214330",
    "id": "18214330",
    "status": "PENDING",
    "description": "Apply software changes, triggered from PySys: [{'action': 'install', 'id': '5495053', 'name': 'apple', 'url': ' ', 'version': '::fruits'}, {'action': 'install', 'id': '5494888', 'name': 'banana', 'url': ' ', 'version': '::fruits'}, {'action': 'install', 'id': '5495382', 'name': 'cherry', 'url': ' ', 'version': '::fruits'}]",
    "c8y_SoftwareUpdate": [
        {
            "name": "apple",
            "action": "install",
            "id": "5495053",
            "version": "::fruits",
            "url": " "
        },
        {
            "name": "banana",
            "action": "install",
            "id": "5494888",
            "version": "::fruits",
            "url": " "
        },
        {
            "name": "cherry",
            "action": "install",
            "id": "5495382",
            "version": "::fruits",
            "url": " "
        }
    ]
}
2022-05-02 16:31:09,460 INFO  Started operation: {'delivery': {'time': '2022-05-02T16:31:09.431Z', 'log': [], 'status': 'PENDING'}, 'creationTime': '2022-05-02T16:31:09.419Z', 'deviceName': 'm32sd11e', 'deviceId': '18180747', 'self': 'https://t493319102.eu-latest.cumulocity.com/devicecontrol/operations/18214330', 'id': '18214330', 'status': 'PENDING', 'description': "Apply software changes, triggered from PySys: [{'action': 'install', 'id': '5495053', 'name': 'apple', 'url': ' ', 'version': '::fruits'}, {'action': 'install', 'id': '5494888', 'name': 'banana', 'url': ' ', 'version': '::fruits'}, {'action': 'install', 'id': '5495382', 'name': 'cherry', 'url': ' ', 'version': '::fruits'}]", 'c8y_SoftwareUpdate': [{'name': 'apple', 'action': 'install', 'id': '5495053', 'version': '::fruits', 'url': ' '}, {'name': 'banana', 'action': 'install', 'id': '5494888', 'version': '::fruits', 'url': ' '}, {'name': 'cherry', 'action': 'install', 'id': '5495382', 'version': '::fruits', 'url': ' '}]}
2022-05-02 16:31:11,679 INFO  State of operation 18214330 : PENDING
2022-05-02 16:31:13,926 INFO  State of operation 18214330 : EXECUTING
2022-05-02 16:31:16,153 INFO  State of operation 18214330 : EXECUTING
2022-05-02 16:31:18,380 INFO  State of operation 18214330 : SUCCESSFUL
2022-05-02 16:31:18,614 INFO  Package apple is installed
2022-05-02 16:31:18,616 INFO  Assert that (True == value) with value=True ... passed
2022-05-02 16:31:18,853 INFO  Package banana is installed
2022-05-02 16:31:18,855 INFO  Assert that (True == value) with value=True ... passed
2022-05-02 16:31:19,091 INFO  Package cherry is installed
2022-05-02 16:31:19,094 INFO  Assert that (True == value) with value=True ... passed
2022-05-02 16:31:19,100 INFO  
2022-05-02 16:31:19,101 INFO  cleanup:
2022-05-02 16:31:24,710 INFO  Executed sudo<tedge_disconnect_c8y>, exit status 0
2022-05-02 16:31:25,259 INFO  Executed systemctl<serv_mapper5>, exit status 3
2022-05-02 16:31:25,263 INFO  
2022-05-02 16:31:25,263 INFO  Test duration: 55.25 secs
2022-05-02 16:31:25,265 INFO  Test final outcome:  PASSED
2022-05-02 16:31:25,266 INFO  
