2022-05-16 07:17:58,024 INFO  ==============================================================
2022-05-16 07:17:58,024 INFO  Id:    c8y_restart_bridge
2022-05-16 07:17:58,024 INFO  Dir:   tedge_connect/
2022-05-16 07:17:58,024 INFO  Title: Bridge restart
2022-05-16 07:17:58,025 INFO  ==============================================================
2022-05-16 07:17:58,025 INFO  EnvironmentC8y Setup
2022-05-16 07:17:58,127 INFO  Executed systemctl<serv_mapper1>, exit status 3
2022-05-16 07:17:58,144 INFO  Restarting mosquitto too frequently in the last 10 seconds. It was only up for 4 seconds
2022-05-16 07:17:58,144 INFO  Delaying execution by 7 seconds
2022-05-16 07:18:22,526 INFO  Executed sudo<tedge_connect_c8y>, exit status 0, duration 17 secs
2022-05-16 07:18:22,679 INFO  Executed sudo<tedge_connect_c8y_test>, exit status 0
2022-05-16 07:18:22,781 INFO  Executed systemctl<serv_mosq2>, exit status 0
2022-05-16 07:18:22,883 INFO  Executed systemctl<serv_mapper3>, exit status 0
2022-05-16 07:18:22,884 INFO  Setup
2022-05-16 07:18:22,884 INFO  Execute (empty in this case as we test the c8y enviroment)
2022-05-16 07:18:22,987 INFO  Executed systemctl<serv_mosq>, exit status 0
2022-05-16 07:18:23,089 INFO  Executed systemctl<serv_mapper4>, exit status 0
2022-05-16 07:18:23,090 INFO  Validate
2022-05-16 07:18:23,090 INFO  Grep on file tedge_connect_c8y.out ... passed
2022-05-16 07:18:23,091 INFO  Grep on file tedge_connect_c8y.out ... passed
2022-05-16 07:18:23,091 INFO  
2022-05-16 07:18:23,091 INFO  cleanup:
2022-05-16 07:18:23,091 INFO  MyCleanup
2022-05-16 07:18:23,105 INFO  Restarting mosquitto too frequently in the last 10 seconds. It was only up for 8 seconds
2022-05-16 07:18:23,105 INFO  Delaying execution by 3 seconds
2022-05-16 07:18:37,052 INFO  Executed sudo<tedge_disconnect_c8y>, exit status 0
2022-05-16 07:18:37,155 INFO  Executed systemctl<serv_mapper5>, exit status 3
2022-05-16 07:18:37,155 INFO  
2022-05-16 07:18:37,155 INFO  Test duration: 39.13 secs
2022-05-16 07:18:37,156 INFO  Test final outcome:  PASSED
2022-05-16 07:18:37,156 INFO  
