2022-05-23 09:34:04,477 INFO  ==============================================================
2022-05-23 09:34:04,478 INFO  Id:    apt_install_local_file
2022-05-23 09:34:04,479 INFO  Dir:   plugin_apt/
2022-05-23 09:34:04,480 INFO  Title: Validate apt plugin install from local file - SUCCESS case
2022-05-23 09:34:04,480 INFO  ==============================================================
2022-05-23 09:34:06,610 INFO  URL of rolldice is b"'http://mirror.mythic-beasts.com/raspbian/pool/main/r/rolldice/rolldice_1.16-1+b1_armhf.deb'"
2022-05-23 09:34:08,779 INFO  Downloaded rolldcice in version 1.16-1+b1
2022-05-23 09:34:08,781 INFO  Filename is rolldice_1.16-1+b1_armhf.deb
2022-05-23 09:34:13,567 INFO  Executed sudo, exit status 0
2022-05-23 09:34:16,141 INFO  Executed sudo<outp_check_0>, exit status 0
2022-05-23 09:34:16,143 INFO  Assert that (value==0) with value=0 ... passed
2022-05-23 09:34:16,149 INFO  Grep on file outp_check_0.out ... passed
2022-05-23 09:34:56,419 INFO  Executed sudo<outp_install>, exit status 0, duration 40 secs
2022-05-23 09:34:56,423 INFO  Assert that (value==0) with value=0 ... passed
2022-05-23 09:35:01,875 INFO  Executed sudo<outp_check_1>, exit status 0
2022-05-23 09:35:01,877 INFO  Assert that (value==0) with value=0 ... passed
2022-05-23 09:35:01,886 INFO  Grep on file outp_check_1.out ... passed
2022-05-23 09:35:01,891 INFO  
2022-05-23 09:35:01,892 INFO  cleanup:
2022-05-23 09:35:01,896 INFO  
2022-05-23 09:35:01,897 INFO  Test duration: 57.42 secs
2022-05-23 09:35:01,898 INFO  Test final outcome:  PASSED
2022-05-23 09:35:01,899 INFO  
