2022-04-12 16:04:16,357 INFO  ==============================================================
2022-04-12 16:04:16,358 INFO  Id:    monitoring_smaller_interval
2022-04-12 16:04:16,359 INFO  Dir:   monitoring/
2022-04-12 16:04:16,360 INFO  Title: Validate the tedge dm agent messages that are produced with smaller sampling interval than the batching window. Here the simulated collectd messages are used
2022-04-12 16:04:16,361 INFO  ==============================================================
2022-04-12 16:04:16,969 INFO  Executed sudo<collectd>, exit status 0
2022-04-12 16:04:17,534 INFO  Executed sudo<collectd_mapper>, exit status 0
2022-04-12 16:04:17,544 INFO  Started sudo<tedge_sub> with process id 9133
2022-04-12 16:04:18,184 INFO  Executed sudo<tedge_temp>, exit status 0
2022-04-12 16:04:18,697 INFO  Executed sudo<tedge_pres>, exit status 0
2022-04-12 16:04:19,310 INFO  Executed sudo<tedge_temp>, exit status 0
2022-04-12 16:04:19,873 INFO  Executed sudo<tedge_pres>, exit status 0
2022-04-12 16:04:20,486 INFO  Executed sudo<tedge_temp>, exit status 0
2022-04-12 16:04:21,049 INFO  Executed sudo<tedge_pres>, exit status 0
2022-04-12 16:04:21,663 INFO  Executed sudo<tedge_temp>, exit status 0
2022-04-12 16:04:22,226 INFO  Executed sudo<tedge_pres>, exit status 0
2022-04-12 16:04:22,839 INFO  Executed sudo<tedge_temp>, exit status 0
2022-04-12 16:04:23,353 INFO  Executed sudo<tedge_pres>, exit status 0
2022-04-12 16:04:24,016 INFO  Executed sudo<tedge_temp>, exit status 0
2022-04-12 16:04:24,528 INFO  Executed sudo<tedge_pres>, exit status 0
2022-04-12 16:04:25,142 INFO  Executed sudo<tedge_temp>, exit status 0
2022-04-12 16:04:25,655 INFO  Executed sudo<tedge_pres>, exit status 0
2022-04-12 16:04:26,268 INFO  Executed sudo<tedge_temp>, exit status 0
2022-04-12 16:04:26,831 INFO  Executed sudo<tedge_pres>, exit status 0
2022-04-12 16:04:27,444 INFO  Executed sudo<tedge_temp>, exit status 0
2022-04-12 16:04:27,958 INFO  Executed sudo<tedge_pres>, exit status 0
2022-04-12 16:04:28,571 INFO  Executed sudo<tedge_temp>, exit status 0
2022-04-12 16:04:29,084 INFO  Executed sudo<tedge_pres>, exit status 0
2022-04-12 16:04:30,697 INFO  Executed sudo<kill_out>, exit status 0
2022-04-12 16:04:30,701 INFO  0

2022-04-12 16:04:30,702 WARN  TypeError occurred while running test - 'int' object is not subscriptable
Traceback (most recent call last):
  File "/home/pi/env-pysys/lib/python3.7/site-packages/pysys/baserunner.py", line 1296, in __call__
    self.testObj.validate()
  File "/home/pi/actions-runner/_work/thin-edge.io/thin-edge.io/tests/PySys/monitoring/monitoring_smaller_interval/run.py", line 104, in validate
    collectd_msg_validation_result=self.validate_json(),
  File "/home/pi/actions-runner/_work/thin-edge.io/thin-edge.io/tests/PySys/monitoring/monitoring_smaller_interval/run.py", line 114, in validate_json
    if not self.validate_time():
  File "/home/pi/actions-runner/_work/thin-edge.io/thin-edge.io/tests/PySys/monitoring/monitoring_smaller_interval/run.py", line 134, in validate_time
    if self.js_msg["time"]:
TypeError: 'int' object is not subscriptable
2022-04-12 16:04:31,271 WARN  TypeError: 'int' object is not subscriptable ... blocked 
2022-04-12 16:04:31,272 INFO  
2022-04-12 16:04:31,273 INFO  cleanup:
2022-04-12 16:04:31,274 INFO  monitoring_cleanup
2022-04-12 16:04:31,836 INFO  Executed sudo<collectd_mapper>, exit status 0
2022-04-12 16:04:31,841 INFO  
2022-04-12 16:04:31,842 INFO  Test duration: 15.49 secs
2022-04-12 16:04:31,843 INFO  Test final outcome:  BLOCKED
2022-04-12 16:04:31,844 INFO  Test outcome reason: TypeError: 'int' object is not subscriptable
2022-04-12 16:04:31,844 INFO  
