2022-04-11 10:10:23,413 INFO  ==============================================================
2022-04-11 10:10:23,414 INFO  Id:    apt_remove_fail
2022-04-11 10:10:23,415 INFO  Dir:   plugin_apt/
2022-04-11 10:10:23,416 INFO  Title: Validate apt plugin prepare - failing
2022-04-11 10:10:23,417 DEBUG Execution order hint: 0.0
2022-04-11 10:10:23,418 INFO  ==============================================================
2022-04-11 10:10:23,423 DEBUG Process parameters for sudo<outp_check_0>
  command line : /usr/bin/sudo /etc/tedge/sm-plugins/apt list
    arg #1     : /etc/tedge/sm-plugins/apt
    arg #2     : list
  working dir  : /home/pi/actions-runner/_work/thin-edge.io/thin-edge.io/tests/PySys/plugin_apt/apt_remove_fail/Output/linux
  stdout       : /home/pi/actions-runner/_work/thin-edge.io/thin-edge.io/tests/PySys/plugin_apt/apt_remove_fail/Output/linux/outp_check_0.out
  stderr       : /home/pi/actions-runner/_work/thin-edge.io/thin-edge.io/tests/PySys/plugin_apt/apt_remove_fail/Output/linux/outp_check_0.err
  environment  : LD_LIBRARY_PATH=/usr/lib
  environment  : PATH=/bin:/usr/bin:/usr/sbin:/usr/local/bin
                   #1  /bin
                   #2  /usr/bin
                   #3  /usr/sbin
                   #4  /usr/local/bin
2022-04-11 10:10:23,431 DEBUG Waiting up to 600 secs for process sudo<outp_check_0> (pid 18753)
2022-04-11 10:10:25,998 INFO  Executed sudo<outp_check_0>, exit status 0
2022-04-11 10:10:26,000 INFO  Assert that (value==0) with value=0 ... passed
2022-04-11 10:10:26,001 DEBUG Performing regex contains=False grep on file: /home/pi/actions-runner/_work/thin-edge.io/thin-edge.io/tests/PySys/plugin_apt/apt_remove_fail/Output/linux/outp_check_0.out
2022-04-11 10:10:26,006 INFO  Grep on file outp_check_0.out ... passed
2022-04-11 10:10:26,007 DEBUG --- test execute
2022-04-11 10:10:26,009 DEBUG Process parameters for sudo<outp_remove>
  command line : /usr/bin/sudo /etc/tedge/sm-plugins/apt remove notapackage
    arg #1     : /etc/tedge/sm-plugins/apt
    arg #2     : remove
    arg #3     : notapackage
  working dir  : /home/pi/actions-runner/_work/thin-edge.io/thin-edge.io/tests/PySys/plugin_apt/apt_remove_fail/Output/linux
  stdout       : /home/pi/actions-runner/_work/thin-edge.io/thin-edge.io/tests/PySys/plugin_apt/apt_remove_fail/Output/linux/outp_remove.out
  stderr       : /home/pi/actions-runner/_work/thin-edge.io/thin-edge.io/tests/PySys/plugin_apt/apt_remove_fail/Output/linux/outp_remove.err
  environment  : LD_LIBRARY_PATH=/usr/lib
  environment  : PATH=/bin:/usr/bin:/usr/sbin:/usr/local/bin
                   #1  /bin
                   #2  /usr/bin
                   #3  /usr/sbin
                   #4  /usr/local/bin
2022-04-11 10:10:26,016 DEBUG Waiting up to 600 secs for process sudo<outp_remove> (pid 18759)
2022-04-11 10:10:29,450 INFO  Executed sudo<outp_remove>, exit status 2
2022-04-11 10:10:29,453 INFO  Assert that (value==2) with value=2 ... passed
2022-04-11 10:10:29,454 DEBUG --- test validate
2022-04-11 10:10:29,457 DEBUG Process parameters for sudo<outp_check_1>
  command line : /usr/bin/sudo /etc/tedge/sm-plugins/apt list
    arg #1     : /etc/tedge/sm-plugins/apt
    arg #2     : list
  working dir  : /home/pi/actions-runner/_work/thin-edge.io/thin-edge.io/tests/PySys/plugin_apt/apt_remove_fail/Output/linux
  stdout       : /home/pi/actions-runner/_work/thin-edge.io/thin-edge.io/tests/PySys/plugin_apt/apt_remove_fail/Output/linux/outp_check_1.out
  stderr       : /home/pi/actions-runner/_work/thin-edge.io/thin-edge.io/tests/PySys/plugin_apt/apt_remove_fail/Output/linux/outp_check_1.err
  environment  : LD_LIBRARY_PATH=/usr/lib
  environment  : PATH=/bin:/usr/bin:/usr/sbin:/usr/local/bin
                   #1  /bin
                   #2  /usr/bin
                   #3  /usr/sbin
                   #4  /usr/local/bin
2022-04-11 10:10:29,465 DEBUG Waiting up to 600 secs for process sudo<outp_check_1> (pid 18764)
2022-04-11 10:10:32,032 INFO  Executed sudo<outp_check_1>, exit status 0
2022-04-11 10:10:32,034 INFO  Assert that (value==0) with value=0 ... passed
2022-04-11 10:10:32,035 DEBUG Performing regex contains=False grep on file: /home/pi/actions-runner/_work/thin-edge.io/thin-edge.io/tests/PySys/plugin_apt/apt_remove_fail/Output/linux/outp_check_1.out
2022-04-11 10:10:32,040 INFO  Grep on file outp_check_1.out ... passed
2022-04-11 10:10:32,046 DEBUG --- test cleanup
2022-04-11 10:10:32,047 DEBUG ProcessUser cleanup function done.
2022-04-11 10:10:32,050 INFO  
2022-04-11 10:10:32,051 INFO  Test duration: 8.64 secs
2022-04-11 10:10:32,052 INFO  Test final outcome:  PASSED
2022-04-11 10:10:32,053 INFO  
