2022-05-09 16:22:15,970 INFO  ==============================================================
2022-05-09 16:22:15,971 INFO  Id:    apt_sequence_remove_with_version
2022-05-09 16:22:15,972 INFO  Dir:   plugin_apt/
2022-05-09 16:22:15,973 INFO  Title: Validate apt plugin remove with version use case
2022-05-09 16:22:15,974 INFO  ==============================================================
2022-05-09 16:22:20,968 INFO  Executed sudo, exit status 0
2022-05-09 16:23:00,120 INFO  Executed sudo<outp_install>, exit status 0, duration 39 secs
2022-05-09 16:23:00,123 INFO  Assert that (value==0) with value=0 ... passed
2022-05-09 16:23:05,762 INFO  Executed sudo<outp_check_0>, exit status 0
2022-05-09 16:23:05,764 INFO  Assert that (value==0) with value=0 ... passed
2022-05-09 16:23:05,770 INFO  Grep on file outp_check_0.out ... passed
2022-05-09 16:23:20,832 INFO  Executed sudo<outp_install>, exit status 0, duration 15 secs
2022-05-09 16:23:20,835 INFO  Assert that (value==0) with value=0 ... passed
2022-05-09 16:23:26,495 INFO  Executed sudo<outp_check_1>, exit status 0
2022-05-09 16:23:26,497 INFO  Assert that (value==0) with value=0 ... passed
2022-05-09 16:23:26,510 INFO  Grep on file outp_check_1.out ... passed
2022-05-09 16:23:26,516 INFO  
2022-05-09 16:23:26,516 INFO  cleanup:
2022-05-09 16:23:31,153 INFO  Executed sudo, exit status 0
2022-05-09 16:23:31,157 INFO  
2022-05-09 16:23:31,158 INFO  Test duration: 75.19 secs
2022-05-09 16:23:31,159 INFO  Test final outcome:  PASSED
2022-05-09 16:23:31,160 INFO  
