2022-05-30 09:07:48,159 INFO  ==============================================================
2022-05-30 09:07:48,160 INFO  Id:    invalid_device_id
2022-05-30 09:07:48,161 INFO  Dir:   misc_features/
2022-05-30 09:07:48,162 INFO  Title: Invalid Device ID
2022-05-30 09:07:48,163 INFO  ==============================================================
2022-05-30 09:07:48,680 INFO  Executed sudo<create_cert_dir>, exit status 0
2022-05-30 09:07:49,444 INFO  Executed sudo<create_cert_dir>, exit status 0
2022-05-30 09:07:50,007 INFO  Executed sudo<set_cert_path>, exit status 0
2022-05-30 09:07:50,519 INFO  Executed sudo<set_key_path>, exit status 0
2022-05-30 09:07:51,031 INFO  Executed sudo<cert_create>, exit status 1
2022-05-30 09:07:51,037 INFO  Grep on file cert_create.err ... passed
2022-05-30 09:07:51,042 INFO  
2022-05-30 09:07:51,043 INFO  cleanup:
2022-05-30 09:07:51,553 INFO  Executed sudo<unset_cert_path>, exit status 0
2022-05-30 09:07:52,114 INFO  Executed sudo<unset_key_path>, exit status 0
2022-05-30 09:07:52,625 INFO  Executed sudo<remove_cert_dir>, exit status 0
2022-05-30 09:07:52,629 INFO  
2022-05-30 09:07:52,630 INFO  Test duration: 4.47 secs
2022-05-30 09:07:52,631 INFO  Test final outcome:  PASSED
2022-05-30 09:07:52,632 INFO  
