2022-04-07 17:36:40,328 INFO  ==============================================================
2022-04-07 17:36:40,329 INFO  Id:    SoftwareManagement.sm_docker_install_remove_multiple
2022-04-07 17:36:40,330 INFO  Dir:   software_management_end_to_end/
2022-04-07 17:36:40,331 INFO  Title: Validate end to end behaviour for the docker plugin for multiple docker images with mixed versions
2022-04-07 17:36:40,332 DEBUG Execution order hint: 0.0
2022-04-07 17:36:40,333 INFO  ==============================================================
2022-04-07 17:36:40,343 INFO  Using sw id database: {'asciijump': '5475369', 'robotfindskitten': '5474869', 'squirrel3': '5475279', 'rolldice': '5152439', 'moon-buggy': '5439204', 'apple': '5495053', 'banana': '5494888', 'cherry': '5495382', 'watermelon': '5494510', 'registry': '8018911', 'hello-world': '8021526', 'docker/getting-started': '8021973', 'alpine': '7991792'}
2022-04-07 17:36:40,344 DEBUG EnvironmentC8y Setup
2022-04-07 17:36:40,345 INFO  EnvironmentC8y Setup
2022-04-07 17:36:40,347 DEBUG Process parameters for systemctl<serv_mapper1>
  command line : /usr/bin/systemctl status tedge-mapper-c8y
    arg #1     : status
    arg #2     : tedge-mapper-c8y
  working dir  : /home/pi/actions-runner/_work/thin-edge.io/thin-edge.io/tests/PySys/software_management_end_to_end/sm_docker_install_remove_multiple/Output/linux
  stdout       : /home/pi/actions-runner/_work/thin-edge.io/thin-edge.io/tests/PySys/software_management_end_to_end/sm_docker_install_remove_multiple/Output/linux/serv_mapper1.out
  stderr       : /home/pi/actions-runner/_work/thin-edge.io/thin-edge.io/tests/PySys/software_management_end_to_end/sm_docker_install_remove_multiple/Output/linux/serv_mapper1.err
  environment  : LD_LIBRARY_PATH=/usr/lib
  environment  : PATH=/bin:/usr/bin:/usr/sbin:/usr/local/bin
                   #1  /bin
                   #2  /usr/bin
                   #3  /usr/sbin
                   #4  /usr/local/bin
2022-04-07 17:36:40,355 DEBUG Waiting up to 600 secs for process systemctl<serv_mapper1> (pid 14685)
2022-04-07 17:36:40,914 INFO  Executed systemctl<serv_mapper1>, exit status 3
2022-04-07 17:36:41,022 INFO  Restarting mosquitto too frequently in the last 10 seconds. It was only up for 5 seconds
2022-04-07 17:36:41,023 INFO  Delaying execution by 6 seconds
2022-04-07 17:36:47,032 DEBUG Process parameters for sudo<tedge_connect_c8y>
  command line : /usr/bin/sudo /usr/bin/tedge connect c8y
    arg #1     : /usr/bin/tedge
    arg #2     : connect
    arg #3     : c8y
  working dir  : /home/pi/actions-runner/_work/thin-edge.io/thin-edge.io/tests/PySys/software_management_end_to_end/sm_docker_install_remove_multiple/Output/linux
  stdout       : /home/pi/actions-runner/_work/thin-edge.io/thin-edge.io/tests/PySys/software_management_end_to_end/sm_docker_install_remove_multiple/Output/linux/tedge_connect_c8y.out
  stderr       : /home/pi/actions-runner/_work/thin-edge.io/thin-edge.io/tests/PySys/software_management_end_to_end/sm_docker_install_remove_multiple/Output/linux/tedge_connect_c8y.err
  environment  : LD_LIBRARY_PATH=/usr/lib
  environment  : PATH=/bin:/usr/bin:/usr/sbin:/usr/local/bin
                   #1  /bin
                   #2  /usr/bin
                   #3  /usr/sbin
                   #4  /usr/local/bin
2022-04-07 17:36:47,041 DEBUG Waiting up to 600 secs for process sudo<tedge_connect_c8y> (pid 14689)
2022-04-07 17:37:01,084 INFO  Executed sudo<tedge_connect_c8y>, exit status 0, duration 14 secs
2022-04-07 17:37:01,089 DEBUG Process parameters for sudo<tedge_connect_c8y_test>
  command line : /usr/bin/sudo /usr/bin/tedge connect c8y --test
    arg #1     : /usr/bin/tedge
    arg #2     : connect
    arg #3     : c8y
    arg #4     : --test
  working dir  : /home/pi/actions-runner/_work/thin-edge.io/thin-edge.io/tests/PySys/software_management_end_to_end/sm_docker_install_remove_multiple/Output/linux
  stdout       : /home/pi/actions-runner/_work/thin-edge.io/thin-edge.io/tests/PySys/software_management_end_to_end/sm_docker_install_remove_multiple/Output/linux/tedge_connect_c8y_test.out
  stderr       : /home/pi/actions-runner/_work/thin-edge.io/thin-edge.io/tests/PySys/software_management_end_to_end/sm_docker_install_remove_multiple/Output/linux/tedge_connect_c8y_test.err
  environment  : LD_LIBRARY_PATH=/usr/lib
  environment  : PATH=/bin:/usr/bin:/usr/sbin:/usr/local/bin
                   #1  /bin
                   #2  /usr/bin
                   #3  /usr/sbin
                   #4  /usr/local/bin
2022-04-07 17:37:01,101 DEBUG Waiting up to 600 secs for process sudo<tedge_connect_c8y_test> (pid 14800)
2022-04-07 17:37:01,711 INFO  Executed sudo<tedge_connect_c8y_test>, exit status 0
2022-04-07 17:37:01,714 DEBUG Process parameters for systemctl<serv_mosq2>
  command line : /usr/bin/systemctl status mosquitto
    arg #1     : status
    arg #2     : mosquitto
  working dir  : /home/pi/actions-runner/_work/thin-edge.io/thin-edge.io/tests/PySys/software_management_end_to_end/sm_docker_install_remove_multiple/Output/linux
  stdout       : /home/pi/actions-runner/_work/thin-edge.io/thin-edge.io/tests/PySys/software_management_end_to_end/sm_docker_install_remove_multiple/Output/linux/serv_mosq2.out
  stderr       : /home/pi/actions-runner/_work/thin-edge.io/thin-edge.io/tests/PySys/software_management_end_to_end/sm_docker_install_remove_multiple/Output/linux/serv_mosq2.err
  environment  : LD_LIBRARY_PATH=/usr/lib
  environment  : PATH=/bin:/usr/bin:/usr/sbin:/usr/local/bin
                   #1  /bin
                   #2  /usr/bin
                   #3  /usr/sbin
                   #4  /usr/local/bin
2022-04-07 17:37:01,723 DEBUG Waiting up to 600 secs for process systemctl<serv_mosq2> (pid 14827)
2022-04-07 17:37:02,233 INFO  Executed systemctl<serv_mosq2>, exit status 0
2022-04-07 17:37:02,236 DEBUG Process parameters for systemctl<serv_mapper3>
  command line : /usr/bin/systemctl status tedge-mapper-c8y
    arg #1     : status
    arg #2     : tedge-mapper-c8y
  working dir  : /home/pi/actions-runner/_work/thin-edge.io/thin-edge.io/tests/PySys/software_management_end_to_end/sm_docker_install_remove_multiple/Output/linux
  stdout       : /home/pi/actions-runner/_work/thin-edge.io/thin-edge.io/tests/PySys/software_management_end_to_end/sm_docker_install_remove_multiple/Output/linux/serv_mapper3.out
  stderr       : /home/pi/actions-runner/_work/thin-edge.io/thin-edge.io/tests/PySys/software_management_end_to_end/sm_docker_install_remove_multiple/Output/linux/serv_mapper3.err
  environment  : LD_LIBRARY_PATH=/usr/lib
  environment  : PATH=/bin:/usr/bin:/usr/sbin:/usr/local/bin
                   #1  /bin
                   #2  /usr/bin
                   #3  /usr/sbin
                   #4  /usr/local/bin
2022-04-07 17:37:02,244 DEBUG Waiting up to 600 secs for process systemctl<serv_mapper3> (pid 14836)
2022-04-07 17:37:02,703 INFO  Executed systemctl<serv_mapper3>, exit status 0
2022-04-07 17:37:04,728 DEBUG Starting new HTTPS connection (1): thin-edge-io.eu-latest.cumulocity.com:443
2022-04-07 17:37:04,915 DEBUG https://thin-edge-io.eu-latest.cumulocity.com:443 "GET /devicecontrol/operations?deviceId=16980675&pageSize=1&revert=true&dateFrom=1970-01-01T00%3A00%3A00.000Z HTTP/1.1" 200 1063
2022-04-07 17:37:04,929 DEBUG Final URL of the request: https://thin-edge-io.eu-latest.cumulocity.com/devicecontrol/operations?deviceId=16980675&pageSize=1&revert=true&dateFrom=1970-01-01T00%3A00%3A00.000Z
2022-04-07 17:37:04,933 INFO  State of current operation: SUCCESSFUL
2022-04-07 17:37:04,950 DEBUG Starting new HTTPS connection (1): thin-edge-io.eu-latest.cumulocity.com:443
2022-04-07 17:37:05,148 DEBUG https://thin-edge-io.eu-latest.cumulocity.com:443 "POST /devicecontrol/operations HTTP/1.1" 201 676
2022-04-07 17:37:05,164 INFO  Response status: 201
2022-04-07 17:37:05,166 INFO  Response to action: {
    "creationTime": "2022-04-07T17:37:05.116Z",
    "deviceId": "16980675",
    "deviceName": "offsite_mythicd",
    "self": "https://t493319102.eu-latest.cumulocity.com/devicecontrol/operations/17009361",
    "id": "17009361",
    "status": "PENDING",
    "description": "Apply software changes, triggered from PySys: [{'action': 'install', 'id': '8021526', 'name': 'hello-world', 'url': '', 'version': '::docker'}, {'action': 'install', 'id': '8018911', 'name': 'registry', 'url': '', 'version': '2.6.2::docker'}]",
    "c8y_SoftwareUpdate": [
        {
            "name": "hello-world",
            "action": "install",
            "id": "8021526",
            "version": "::docker",
            "url": ""
        },
        {
            "name": "registry",
            "action": "install",
            "id": "8018911",
            "version": "2.6.2::docker",
            "url": ""
        }
    ]
}
2022-04-07 17:37:05,167 INFO  Started operation: {'creationTime': '2022-04-07T17:37:05.116Z', 'deviceId': '16980675', 'deviceName': 'offsite_mythicd', 'self': 'https://t493319102.eu-latest.cumulocity.com/devicecontrol/operations/17009361', 'id': '17009361', 'status': 'PENDING', 'description': "Apply software changes, triggered from PySys: [{'action': 'install', 'id': '8021526', 'name': 'hello-world', 'url': '', 'version': '::docker'}, {'action': 'install', 'id': '8018911', 'name': 'registry', 'url': '', 'version': '2.6.2::docker'}]", 'c8y_SoftwareUpdate': [{'name': 'hello-world', 'action': 'install', 'id': '8021526', 'version': '::docker', 'url': ''}, {'name': 'registry', 'action': 'install', 'id': '8018911', 'version': '2.6.2::docker', 'url': ''}]}
2022-04-07 17:37:07,186 DEBUG Starting new HTTPS connection (1): thin-edge-io.eu-latest.cumulocity.com:443
2022-04-07 17:37:07,366 DEBUG https://thin-edge-io.eu-latest.cumulocity.com:443 "GET /devicecontrol/operations/17009361 HTTP/1.1" 200 828
2022-04-07 17:37:07,383 INFO  State of operation 17009361 : PENDING
2022-04-07 17:37:09,404 DEBUG Starting new HTTPS connection (1): thin-edge-io.eu-latest.cumulocity.com:443
2022-04-07 17:37:09,657 DEBUG https://thin-edge-io.eu-latest.cumulocity.com:443 "GET /devicecontrol/operations/17009361 HTTP/1.1" 200 830
2022-04-07 17:37:09,677 INFO  State of operation 17009361 : EXECUTING
2022-04-07 17:37:11,697 DEBUG Starting new HTTPS connection (1): thin-edge-io.eu-latest.cumulocity.com:443
2022-04-07 17:37:11,887 DEBUG https://thin-edge-io.eu-latest.cumulocity.com:443 "GET /devicecontrol/operations/17009361 HTTP/1.1" 200 830
2022-04-07 17:37:11,903 INFO  State of operation 17009361 : EXECUTING
2022-04-07 17:37:13,922 DEBUG Starting new HTTPS connection (1): thin-edge-io.eu-latest.cumulocity.com:443
2022-04-07 17:37:14,111 DEBUG https://thin-edge-io.eu-latest.cumulocity.com:443 "GET /devicecontrol/operations/17009361 HTTP/1.1" 200 830
2022-04-07 17:37:14,128 INFO  State of operation 17009361 : EXECUTING
2022-04-07 17:37:16,147 DEBUG Starting new HTTPS connection (1): thin-edge-io.eu-latest.cumulocity.com:443
2022-04-07 17:37:16,326 DEBUG https://thin-edge-io.eu-latest.cumulocity.com:443 "GET /devicecontrol/operations/17009361 HTTP/1.1" 200 830
2022-04-07 17:37:16,342 INFO  State of operation 17009361 : EXECUTING
2022-04-07 17:37:18,360 DEBUG Starting new HTTPS connection (1): thin-edge-io.eu-latest.cumulocity.com:443
2022-04-07 17:37:18,538 DEBUG https://thin-edge-io.eu-latest.cumulocity.com:443 "GET /devicecontrol/operations/17009361 HTTP/1.1" 200 946
2022-04-07 17:37:18,554 INFO  State of operation 17009361 : FAILED
2022-04-07 17:37:18,555 ERROR Stopping as the operation has failed
2022-04-07 17:37:18,556 WARN  SystemError occurred while running test - The operation has failed
Traceback (most recent call last):
  File "/home/pi/env-pysys/lib/python3.7/site-packages/pysys/baserunner.py", line 1292, in __call__
    self.testObj.setup()
  File "/home/pi/actions-runner/_work/thin-edge.io/thin-edge.io/tests/PySys/software_management_end_to_end/sm_docker_install_remove_multiple/run.py", line 55, in setup
    self.wait_until_succcess()
  File "/home/pi/actions-runner/_work/thin-edge.io/thin-edge.io/tests/PySys/software_management_end_to_end/environment_sm_management.py", line 324, in wait_until_succcess
    self.wait_until_status("SUCCESSFUL")
  File "/home/pi/actions-runner/_work/thin-edge.io/thin-edge.io/tests/PySys/software_management_end_to_end/environment_sm_management.py", line 361, in wait_until_status
    raise SystemError("The operation has failed")
SystemError: The operation has failed
2022-04-07 17:37:18,578 WARN  SystemError: The operation has failed ... blocked 
2022-04-07 17:37:18,579 DEBUG --- test cleanup
2022-04-07 17:37:18,580 INFO  
2022-04-07 17:37:18,581 INFO  cleanup:
2022-04-07 17:37:18,582 DEBUG Running registered cleanup function: <bound method SoftwareManagement.mysmcleanup of <SMDockerInstallRemove object at 0x75caab50>>
2022-04-07 17:37:18,582 DEBUG Running registered cleanup function: <bound method EnvironmentC8y.myenvcleanup of <SMDockerInstallRemove object at 0x75caab50>>
2022-04-07 17:37:18,583 DEBUG EnvironmentC8y Cleanup
2022-04-07 17:37:18,720 DEBUG Process parameters for sudo<tedge_disconnect_c8y>
  command line : /usr/bin/sudo /usr/bin/tedge disconnect c8y
    arg #1     : /usr/bin/tedge
    arg #2     : disconnect
    arg #3     : c8y
  working dir  : /home/pi/actions-runner/_work/thin-edge.io/thin-edge.io/tests/PySys/software_management_end_to_end/sm_docker_install_remove_multiple/Output/linux
  stdout       : /home/pi/actions-runner/_work/thin-edge.io/thin-edge.io/tests/PySys/software_management_end_to_end/sm_docker_install_remove_multiple/Output/linux/tedge_disconnect_c8y.out
  stderr       : /home/pi/actions-runner/_work/thin-edge.io/thin-edge.io/tests/PySys/software_management_end_to_end/sm_docker_install_remove_multiple/Output/linux/tedge_disconnect_c8y.err
  environment  : LD_LIBRARY_PATH=/usr/lib
  environment  : PATH=/bin:/usr/bin:/usr/sbin:/usr/local/bin
                   #1  /bin
                   #2  /usr/bin
                   #3  /usr/sbin
                   #4  /usr/local/bin
2022-04-07 17:37:18,729 DEBUG Waiting up to 600 secs for process sudo<tedge_disconnect_c8y> (pid 14998)
2022-04-07 17:37:22,559 INFO  Executed sudo<tedge_disconnect_c8y>, exit status 0
2022-04-07 17:37:22,561 DEBUG Process parameters for systemctl<serv_mapper5>
  command line : /usr/bin/systemctl status tedge-mapper-c8y
    arg #1     : status
    arg #2     : tedge-mapper-c8y
  working dir  : /home/pi/actions-runner/_work/thin-edge.io/thin-edge.io/tests/PySys/software_management_end_to_end/sm_docker_install_remove_multiple/Output/linux
  stdout       : /home/pi/actions-runner/_work/thin-edge.io/thin-edge.io/tests/PySys/software_management_end_to_end/sm_docker_install_remove_multiple/Output/linux/serv_mapper5.out
  stderr       : /home/pi/actions-runner/_work/thin-edge.io/thin-edge.io/tests/PySys/software_management_end_to_end/sm_docker_install_remove_multiple/Output/linux/serv_mapper5.err
  environment  : LD_LIBRARY_PATH=/usr/lib
  environment  : PATH=/bin:/usr/bin:/usr/sbin:/usr/local/bin
                   #1  /bin
                   #2  /usr/bin
                   #3  /usr/sbin
                   #4  /usr/local/bin
2022-04-07 17:37:22,569 DEBUG Waiting up to 600 secs for process systemctl<serv_mapper5> (pid 15038)
2022-04-07 17:37:23,126 INFO  Executed systemctl<serv_mapper5>, exit status 3
2022-04-07 17:37:23,127 DEBUG ProcessUser cleanup function done.
2022-04-07 17:37:23,131 INFO  
2022-04-07 17:37:23,131 INFO  Test duration: 42.81 secs
2022-04-07 17:37:23,133 INFO  Test final outcome:  BLOCKED
2022-04-07 17:37:23,134 INFO  Test outcome reason: SystemError: The operation has failed
2022-04-07 17:37:23,134 INFO  
