2022-04-29 10:00:58,053 INFO  ==============================================================
2022-04-29 10:00:58,054 INFO  Id:    docker_plugin_install
2022-04-29 10:00:58,055 INFO  Dir:   plugin_docker/
2022-04-29 10:00:58,056 INFO  Title: Validate docker plugin install
2022-04-29 10:00:58,057 INFO  ==============================================================
2022-04-29 10:00:58,975 INFO  Executed sudo<docker_images>, exit status 0
2022-04-29 10:00:58,982 INFO  Grep on file /home/pi/actions-runner/_work/thin-edge.io/thin-edge.io/tests/PySys/plugin_docker/docker_plugin_install/Output/linux/docker_images.out ... passed
2022-04-29 10:01:22,192 INFO  Executed sudo<plugin_install>, exit status 0, duration 23 secs
2022-04-29 10:01:23,270 INFO  Executed sudo<docker_ps_latest>, exit status 0
2022-04-29 10:01:24,151 INFO  Executed sudo<docker_ps>, exit status 0
2022-04-29 10:01:24,156 INFO  Grep on file /home/pi/actions-runner/_work/thin-edge.io/thin-edge.io/tests/PySys/plugin_docker/docker_plugin_install/Output/linux/docker_ps.out ... passed
2022-04-29 10:01:24,161 INFO  
2022-04-29 10:01:24,163 INFO  cleanup:
2022-04-29 10:01:24,163 INFO  Removing containers scheduled to be cleaned up: ['1a4025287527']
2022-04-29 10:01:28,901 INFO  Executed sudo<containers_for_cleanup>, exit status 0
2022-04-29 10:01:28,903 INFO  Removing images scheduled to be cleaned up: ['registry', 'registry']
2022-04-29 10:01:32,516 INFO  Executed sudo<containers_for_cleanup>, exit status 0
2022-04-29 10:01:32,519 INFO  
2022-04-29 10:01:32,520 INFO  Test duration: 34.47 secs
2022-04-29 10:01:32,521 INFO  Test final outcome:  PASSED
2022-04-29 10:01:32,522 INFO  
