Unable to find image 'registry:2.7.1' locally
2.7.1: Pulling from library/registry
79e9f2f55bf5: Pulling fs layer
0d96da54f60b: Pulling fs layer
5b27040df4a2: Pulling fs layer
e2ead8259a04: Pulling fs layer
3790aef225b9: Pulling fs layer
e2ead8259a04: Waiting
3790aef225b9: Waiting
0d96da54f60b: Download complete
79e9f2f55bf5: Verifying Checksum
79e9f2f55bf5: Download complete
5b27040df4a2: Verifying Checksum
5b27040df4a2: Download complete
79e9f2f55bf5: Pull complete
e2ead8259a04: Verifying Checksum
e2ead8259a04: Download complete
0d96da54f60b: Pull complete
3790aef225b9: Verifying Checksum
3790aef225b9: Download complete
5b27040df4a2: Pull complete
e2ead8259a04: Pull complete
3790aef225b9: Pull complete
Digest: sha256:169211e20e2f2d5d115674681eb79d21a217b296b43374b8e39f97fcf866b375
Status: Downloaded newer image for registry:2.7.1
