2022-05-23 09:35:05,217 INFO  ==============================================================
2022-05-23 09:35:05,217 INFO  Id:    docker_plugin_install_with_version
2022-05-23 09:35:05,217 INFO  Dir:   plugin_docker/
2022-05-23 09:35:05,217 INFO  Title: Validate docker plugin install
2022-05-23 09:35:05,217 INFO  ==============================================================
2022-05-23 09:35:05,370 INFO  Executed sudo<docker_images>, exit status 0
2022-05-23 09:35:05,371 INFO  Grep on file /home/pi/actions-runner/_work/thin-edge.io/thin-edge.io/tests/PySys/plugin_docker/docker_plugin_install_with_version/Output/linux/docker_images.out ... passed
2022-05-23 09:35:15,354 INFO  Executed sudo<plugin_install>, exit status 0
2022-05-23 09:35:15,507 INFO  Executed sudo<docker_ps_latest>, exit status 0
2022-05-23 09:35:15,659 INFO  Executed sudo<docker_ps>, exit status 0
2022-05-23 09:35:15,660 INFO  Grep on file /home/pi/actions-runner/_work/thin-edge.io/thin-edge.io/tests/PySys/plugin_docker/docker_plugin_install_with_version/Output/linux/docker_ps.out ... passed
2022-05-23 09:35:15,661 INFO  
2022-05-23 09:35:15,661 INFO  cleanup:
2022-05-23 09:35:15,661 INFO  Removing containers scheduled to be cleaned up: ['7fd1f0634b8f', '1fa69b7ffe44']
2022-05-23 09:35:16,014 INFO  Executed sudo<containers_for_cleanup>, exit status 0
2022-05-23 09:35:16,015 INFO  Removing images scheduled to be cleaned up: ['registry', 'registry', 'registry:2.7.1']
2022-05-23 09:35:16,218 INFO  Executed sudo<containers_for_cleanup>, exit status 0
2022-05-23 09:35:16,219 INFO  
2022-05-23 09:35:16,219 INFO  Test duration: 11.00 secs
2022-05-23 09:35:16,219 INFO  Test final outcome:  PASSED
2022-05-23 09:35:16,219 INFO  
