2022-05-03 09:16:51,669 INFO  ==============================================================
2022-05-03 09:16:51,670 INFO  Id:    SoftwareManagement.sm_mixed_install_remove_multiple
2022-05-03 09:16:51,671 INFO  Dir:   software_management_end_to_end/
2022-05-03 09:16:51,672 INFO  Title: Validate end to end behaviour for the dummy-plugin for multiple packages with mixed versions
2022-05-03 09:16:51,673 INFO  ==============================================================
2022-05-03 09:16:51,683 INFO  Using sw id database: {'asciijump': '5475369', 'robotfindskitten': '5474869', 'squirrel3': '5475279', 'rolldice': '5152439', 'moon-buggy': '5439204', 'apple': '5495053', 'banana': '5494888', 'cherry': '5495382', 'watermelon': '5494510', 'registry': '8018911', 'hello-world': '8021526', 'docker/getting-started': '8021973', 'alpine': '7991792'}
2022-05-03 09:16:51,684 INFO  EnvironmentC8y Setup
2022-05-03 09:16:52,262 INFO  Executed systemctl<serv_mapper1>, exit status 3
2022-05-03 09:16:52,372 INFO  Restarting mosquitto too frequently in the last 10 seconds. It was only up for 5 seconds
2022-05-03 09:16:52,373 INFO  Delaying execution by 6 seconds
2022-05-03 09:17:12,729 INFO  Executed sudo<tedge_connect_c8y>, exit status 0, duration 14 secs
2022-05-03 09:17:13,349 INFO  Executed sudo<tedge_connect_c8y_test>, exit status 0
2022-05-03 09:17:13,863 INFO  Executed systemctl<serv_mosq2>, exit status 0
2022-05-03 09:17:14,376 INFO  Executed systemctl<serv_mapper3>, exit status 0
2022-05-03 09:17:16,599 INFO  State of current operation: SUCCESSFUL
2022-05-03 09:17:16,821 INFO  Package apple is installed
2022-05-03 09:17:16,824 INFO  Assert that (True == value) with value=True ... passed
2022-05-03 09:17:17,045 INFO  Package banana is installed
2022-05-03 09:17:17,047 INFO  Assert that (True == value) with value=True ... passed
2022-05-03 09:17:17,278 INFO  Package cherry is installed
2022-05-03 09:17:17,280 INFO  Assert that (True == value) with value=True ... passed
2022-05-03 09:17:17,501 INFO  Package asciijump is installed
2022-05-03 09:17:17,534 WARN  Assert that (False == value) with value=True ... failed 
2022-05-03 09:17:17,756 INFO  Assert that (False == value) with value=False ... passed
2022-05-03 09:17:17,984 INFO  Response status: 201
2022-05-03 09:17:17,986 INFO  Response to action: {
    "creationTime": "2022-05-03T09:17:17.938Z",
    "deviceName": "mythica",
    "deviceId": "18245384",
    "self": "https://t493319102.eu-latest.cumulocity.com/devicecontrol/operations/18277184",
    "id": "18277184",
    "status": "PENDING",
    "description": "Apply software changes, triggered from PySys: [{'action': 'install', 'id': '5495053', 'name': 'apple', 'url': ' ', 'version': '::fruits'}, {'action': 'install', 'id': '5494888', 'name': 'banana', 'url': ' ', 'version': '::fruits'}, {'action': 'install', 'id': '5475369', 'name': 'asciijump', 'url': ' ', 'version': '::apt'}, {'action': 'install', 'id': '5495382', 'name': 'cherry', 'url': ' ', 'version': '::fruits'}, {'action': 'install', 'id': '8018911', 'name': 'registry', 'url': ' ', 'version': '::docker'}]",
    "c8y_SoftwareUpdate": [
        {
            "name": "apple",
            "action": "install",
            "id": "5495053",
            "version": "::fruits",
            "url": " "
        },
        {
            "name": "banana",
            "action": "install",
            "id": "5494888",
            "version": "::fruits",
            "url": " "
        },
        {
            "name": "asciijump",
            "action": "install",
            "id": "5475369",
            "version": "::apt",
            "url": " "
        },
        {
            "name": "cherry",
            "action": "install",
            "id": "5495382",
            "version": "::fruits",
            "url": " "
        },
        {
            "name": "registry",
            "action": "install",
            "id": "8018911",
            "version": "::docker",
            "url": " "
        }
    ]
}
2022-05-03 09:17:17,987 INFO  Started operation: {'creationTime': '2022-05-03T09:17:17.938Z', 'deviceName': 'mythica', 'deviceId': '18245384', 'self': 'https://t493319102.eu-latest.cumulocity.com/devicecontrol/operations/18277184', 'id': '18277184', 'status': 'PENDING', 'description': "Apply software changes, triggered from PySys: [{'action': 'install', 'id': '5495053', 'name': 'apple', 'url': ' ', 'version': '::fruits'}, {'action': 'install', 'id': '5494888', 'name': 'banana', 'url': ' ', 'version': '::fruits'}, {'action': 'install', 'id': '5475369', 'name': 'asciijump', 'url': ' ', 'version': '::apt'}, {'action': 'install', 'id': '5495382', 'name': 'cherry', 'url': ' ', 'version': '::fruits'}, {'action': 'install', 'id': '8018911', 'name': 'registry', 'url': ' ', 'version': '::docker'}]", 'c8y_SoftwareUpdate': [{'name': 'apple', 'action': 'install', 'id': '5495053', 'version': '::fruits', 'url': ' '}, {'name': 'banana', 'action': 'install', 'id': '5494888', 'version': '::fruits', 'url': ' '}, {'name': 'asciijump', 'action': 'install', 'id': '5475369', 'version': '::apt', 'url': ' '}, {'name': 'cherry', 'action': 'install', 'id': '5495382', 'version': '::fruits', 'url': ' '}, {'name': 'registry', 'action': 'install', 'id': '8018911', 'version': '::docker', 'url': ' '}]}
2022-05-03 09:17:20,211 INFO  State of operation 18277184 : PENDING
2022-05-03 09:17:22,442 INFO  State of operation 18277184 : EXECUTING
2022-05-03 09:17:24,678 INFO  State of operation 18277184 : EXECUTING
2022-05-03 09:17:26,895 INFO  State of operation 18277184 : EXECUTING
2022-05-03 09:17:29,108 INFO  State of operation 18277184 : EXECUTING
2022-05-03 09:17:31,376 INFO  State of operation 18277184 : EXECUTING
2022-05-03 09:17:34,105 INFO  State of operation 18277184 : EXECUTING
2022-05-03 09:17:36,345 INFO  State of operation 18277184 : EXECUTING
2022-05-03 09:17:38,972 INFO  State of operation 18277184 : EXECUTING
2022-05-03 09:17:41,367 INFO  State of operation 18277184 : EXECUTING
2022-05-03 09:17:43,643 INFO  State of operation 18277184 : EXECUTING
2022-05-03 09:17:45,869 INFO  State of operation 18277184 : EXECUTING
2022-05-03 09:17:48,079 INFO  State of operation 18277184 : EXECUTING
2022-05-03 09:17:50,395 INFO  State of operation 18277184 : EXECUTING
2022-05-03 09:17:52,627 INFO  State of operation 18277184 : EXECUTING
2022-05-03 09:17:54,906 INFO  State of operation 18277184 : EXECUTING
2022-05-03 09:17:57,273 INFO  State of operation 18277184 : EXECUTING
2022-05-03 09:17:59,594 INFO  State of operation 18277184 : EXECUTING
2022-05-03 09:18:01,889 INFO  State of operation 18277184 : EXECUTING
2022-05-03 09:18:04,098 INFO  State of operation 18277184 : EXECUTING
2022-05-03 09:18:06,314 INFO  State of operation 18277184 : EXECUTING
2022-05-03 09:18:08,989 INFO  State of operation 18277184 : EXECUTING
2022-05-03 09:18:11,250 INFO  State of operation 18277184 : EXECUTING
2022-05-03 09:18:13,486 INFO  State of operation 18277184 : EXECUTING
2022-05-03 09:18:15,717 INFO  State of operation 18277184 : EXECUTING
2022-05-03 09:18:17,935 INFO  State of operation 18277184 : EXECUTING
2022-05-03 09:18:20,147 INFO  State of operation 18277184 : SUCCESSFUL
2022-05-03 09:18:20,437 INFO  Package apple is installed
2022-05-03 09:18:20,440 INFO  Assert that (True == value) with value=True ... passed
2022-05-03 09:18:20,681 INFO  Package banana is installed
2022-05-03 09:18:20,685 INFO  Assert that (True == value) with value=True ... passed
2022-05-03 09:18:20,935 INFO  Package cherry is installed
2022-05-03 09:18:20,937 INFO  Assert that (True == value) with value=True ... passed
2022-05-03 09:18:21,225 INFO  Package asciijump is installed
2022-05-03 09:18:21,228 INFO  Assert that (True == value) with value=True ... passed
2022-05-03 09:18:21,481 INFO  Package registry is installed
2022-05-03 09:18:21,484 INFO  Assert that (True == value) with value=True ... passed
2022-05-03 09:18:21,735 INFO  Response status: 201
2022-05-03 09:18:21,736 INFO  Response to action: {
    "creationTime": "2022-05-03T09:18:21.684Z",
    "deviceName": "mythica",
    "deviceId": "18245384",
    "self": "https://t493319102.eu-latest.cumulocity.com/devicecontrol/operations/18277196",
    "id": "18277196",
    "status": "PENDING",
    "description": "Apply software changes, triggered from PySys: [{'action': 'delete', 'id': '5495053', 'name': 'apple', 'url': ' ', 'version': '::fruits'}, {'action': 'delete', 'id': '5494888', 'name': 'banana', 'url': ' ', 'version': '::fruits'}, {'action': 'delete', 'id': '5475369', 'name': 'asciijump', 'url': ' ', 'version': '::apt'}, {'action': 'delete', 'id': '5495382', 'name': 'cherry', 'url': ' ', 'version': '::fruits'}, {'action': 'delete', 'id': '8018911', 'name': 'registry', 'url': ' ', 'version': '::docker'}]",
    "c8y_SoftwareUpdate": [
        {
            "name": "apple",
            "action": "delete",
            "id": "5495053",
            "version": "::fruits",
            "url": " "
        },
        {
            "name": "banana",
            "action": "delete",
            "id": "5494888",
            "version": "::fruits",
            "url": " "
        },
        {
            "name": "asciijump",
            "action": "delete",
            "id": "5475369",
            "version": "::apt",
            "url": " "
        },
        {
            "name": "cherry",
            "action": "delete",
            "id": "5495382",
            "version": "::fruits",
            "url": " "
        },
        {
            "name": "registry",
            "action": "delete",
            "id": "8018911",
            "version": "::docker",
            "url": " "
        }
    ]
}
2022-05-03 09:18:21,737 INFO  Started operation: {'creationTime': '2022-05-03T09:18:21.684Z', 'deviceName': 'mythica', 'deviceId': '18245384', 'self': 'https://t493319102.eu-latest.cumulocity.com/devicecontrol/operations/18277196', 'id': '18277196', 'status': 'PENDING', 'description': "Apply software changes, triggered from PySys: [{'action': 'delete', 'id': '5495053', 'name': 'apple', 'url': ' ', 'version': '::fruits'}, {'action': 'delete', 'id': '5494888', 'name': 'banana', 'url': ' ', 'version': '::fruits'}, {'action': 'delete', 'id': '5475369', 'name': 'asciijump', 'url': ' ', 'version': '::apt'}, {'action': 'delete', 'id': '5495382', 'name': 'cherry', 'url': ' ', 'version': '::fruits'}, {'action': 'delete', 'id': '8018911', 'name': 'registry', 'url': ' ', 'version': '::docker'}]", 'c8y_SoftwareUpdate': [{'name': 'apple', 'action': 'delete', 'id': '5495053', 'version': '::fruits', 'url': ' '}, {'name': 'banana', 'action': 'delete', 'id': '5494888', 'version': '::fruits', 'url': ' '}, {'name': 'asciijump', 'action': 'delete', 'id': '5475369', 'version': '::apt', 'url': ' '}, {'name': 'cherry', 'action': 'delete', 'id': '5495382', 'version': '::fruits', 'url': ' '}, {'name': 'registry', 'action': 'delete', 'id': '8018911', 'version': '::docker', 'url': ' '}]}
2022-05-03 09:18:23,950 INFO  State of operation 18277196 : PENDING
2022-05-03 09:18:26,178 INFO  State of operation 18277196 : EXECUTING
2022-05-03 09:18:28,428 INFO  State of operation 18277196 : EXECUTING
2022-05-03 09:18:30,669 INFO  State of operation 18277196 : EXECUTING
2022-05-03 09:18:32,887 INFO  State of operation 18277196 : EXECUTING
2022-05-03 09:18:35,096 INFO  State of operation 18277196 : EXECUTING
2022-05-03 09:18:37,376 INFO  State of operation 18277196 : EXECUTING
2022-05-03 09:18:40,020 INFO  State of operation 18277196 : EXECUTING
2022-05-03 09:18:42,669 INFO  State of operation 18277196 : EXECUTING
2022-05-03 09:18:45,066 INFO  State of operation 18277196 : EXECUTING
2022-05-03 09:18:47,318 INFO  State of operation 18277196 : EXECUTING
2022-05-03 09:18:49,533 INFO  State of operation 18277196 : EXECUTING
2022-05-03 09:18:51,750 INFO  State of operation 18277196 : EXECUTING
2022-05-03 09:18:53,969 INFO  State of operation 18277196 : EXECUTING
2022-05-03 09:18:56,251 INFO  State of operation 18277196 : EXECUTING
2022-05-03 09:18:58,591 INFO  State of operation 18277196 : EXECUTING
2022-05-03 09:19:00,881 INFO  State of operation 18277196 : EXECUTING
2022-05-03 09:19:03,736 INFO  State of operation 18277196 : EXECUTING
2022-05-03 09:19:06,208 INFO  State of operation 18277196 : EXECUTING
2022-05-03 09:19:08,427 INFO  State of operation 18277196 : EXECUTING
2022-05-03 09:19:10,715 INFO  State of operation 18277196 : EXECUTING
2022-05-03 09:19:12,943 INFO  State of operation 18277196 : EXECUTING
2022-05-03 09:19:15,201 INFO  State of operation 18277196 : EXECUTING
2022-05-03 09:19:19,383 INFO  State of operation 18277196 : EXECUTING
2022-05-03 09:19:21,650 INFO  State of operation 18277196 : EXECUTING
2022-05-03 09:19:23,862 INFO  State of operation 18277196 : EXECUTING
2022-05-03 09:19:26,073 INFO  State of operation 18277196 : EXECUTING
2022-05-03 09:19:28,597 INFO  State of operation 18277196 : EXECUTING
2022-05-03 09:19:30,900 INFO  State of operation 18277196 : EXECUTING
2022-05-03 09:19:33,148 INFO  State of operation 18277196 : EXECUTING
2022-05-03 09:19:35,359 INFO  State of operation 18277196 : SUCCESSFUL
2022-05-03 09:19:35,590 INFO  Package apple is installed
2022-05-03 09:19:35,593 INFO  Assert that (True == value) with value=True ... passed
2022-05-03 09:19:35,821 INFO  Package banana is installed
2022-05-03 09:19:35,823 INFO  Assert that (True == value) with value=True ... passed
2022-05-03 09:19:36,088 INFO  Package cherry is installed
2022-05-03 09:19:36,090 INFO  Assert that (True == value) with value=True ... passed
2022-05-03 09:19:36,306 INFO  Assert that (False == value) with value=False ... passed
2022-05-03 09:19:36,535 INFO  Assert that (False == value) with value=False ... passed
2022-05-03 09:19:36,547 INFO  
2022-05-03 09:19:36,548 INFO  cleanup:
2022-05-03 09:19:40,874 INFO  Executed sudo<tedge_disconnect_c8y>, exit status 0
2022-05-03 09:19:41,542 INFO  Executed systemctl<serv_mapper5>, exit status 3
2022-05-03 09:19:41,546 INFO  
2022-05-03 09:19:41,547 INFO  Test duration: 169.89 secs
2022-05-03 09:19:41,548 INFO  Test final outcome:  FAILED
2022-05-03 09:19:41,549 INFO  Test outcome reason: Assert that (False == value) with value=True
2022-05-03 09:19:41,550 INFO  
