2022-04-08 10:10:09,666 INFO  ==============================================================
2022-04-08 10:10:09,667 INFO  Id:    apt_remove
2022-04-08 10:10:09,669 INFO  Dir:   plugin_apt/
2022-04-08 10:10:09,669 INFO  Title: Validate apt plugin prepare - dense version
2022-04-08 10:10:09,670 DEBUG Execution order hint: 0.0
2022-04-08 10:10:09,671 INFO  ==============================================================
2022-04-08 10:10:09,676 DEBUG Process parameters for sudo<outp_install>
  command line : /usr/bin/sudo /etc/tedge/sm-plugins/apt install rolldice
    arg #1     : /etc/tedge/sm-plugins/apt
    arg #2     : install
    arg #3     : rolldice
  working dir  : /home/pi/actions-runner/_work/thin-edge.io/thin-edge.io/tests/PySys/plugin_apt/apt_remove/Output/linux
  stdout       : /home/pi/actions-runner/_work/thin-edge.io/thin-edge.io/tests/PySys/plugin_apt/apt_remove/Output/linux/outp_install.out
  stderr       : /home/pi/actions-runner/_work/thin-edge.io/thin-edge.io/tests/PySys/plugin_apt/apt_remove/Output/linux/outp_install.err
  environment  : LD_LIBRARY_PATH=/usr/lib
  environment  : PATH=/bin:/usr/bin:/usr/sbin:/usr/local/bin
                   #1  /bin
                   #2  /usr/bin
                   #3  /usr/sbin
                   #4  /usr/local/bin
2022-04-08 10:10:09,684 DEBUG Waiting up to 600 secs for process sudo<outp_install> (pid 32007)
2022-04-08 10:10:50,979 INFO  Executed sudo<outp_install>, exit status 0, duration 41 secs
2022-04-08 10:10:50,982 INFO  Assert that (value==0) with value=0 ... passed
2022-04-08 10:10:50,986 DEBUG Process parameters for sudo<outp_check_0>
  command line : /usr/bin/sudo /etc/tedge/sm-plugins/apt list
    arg #1     : /etc/tedge/sm-plugins/apt
    arg #2     : list
  working dir  : /home/pi/actions-runner/_work/thin-edge.io/thin-edge.io/tests/PySys/plugin_apt/apt_remove/Output/linux
  stdout       : /home/pi/actions-runner/_work/thin-edge.io/thin-edge.io/tests/PySys/plugin_apt/apt_remove/Output/linux/outp_check_0.out
  stderr       : /home/pi/actions-runner/_work/thin-edge.io/thin-edge.io/tests/PySys/plugin_apt/apt_remove/Output/linux/outp_check_0.err
  environment  : LD_LIBRARY_PATH=/usr/lib
  environment  : PATH=/bin:/usr/bin:/usr/sbin:/usr/local/bin
                   #1  /bin
                   #2  /usr/bin
                   #3  /usr/sbin
                   #4  /usr/local/bin
2022-04-08 10:10:50,993 DEBUG Waiting up to 600 secs for process sudo<outp_check_0> (pid 32136)
2022-04-08 10:10:56,239 INFO  Executed sudo<outp_check_0>, exit status 0
2022-04-08 10:10:56,241 INFO  Assert that (value==0) with value=0 ... passed
2022-04-08 10:10:56,242 DEBUG Performing regex contains=True grep on file: /home/pi/actions-runner/_work/thin-edge.io/thin-edge.io/tests/PySys/plugin_apt/apt_remove/Output/linux/outp_check_0.out
2022-04-08 10:10:56,247 DEBUG Grep on file outp_check_0.out successfully matched expression "rolldice" with line: 'rolldice\t1.16-1+b1\n'
2022-04-08 10:10:56,248 INFO  Grep on file outp_check_0.out ... passed
2022-04-08 10:10:56,249 DEBUG --- test execute
2022-04-08 10:10:56,251 DEBUG Process parameters for sudo<outp_remove>
  command line : /usr/bin/sudo /etc/tedge/sm-plugins/apt remove rolldice
    arg #1     : /etc/tedge/sm-plugins/apt
    arg #2     : remove
    arg #3     : rolldice
  working dir  : /home/pi/actions-runner/_work/thin-edge.io/thin-edge.io/tests/PySys/plugin_apt/apt_remove/Output/linux
  stdout       : /home/pi/actions-runner/_work/thin-edge.io/thin-edge.io/tests/PySys/plugin_apt/apt_remove/Output/linux/outp_remove.out
  stderr       : /home/pi/actions-runner/_work/thin-edge.io/thin-edge.io/tests/PySys/plugin_apt/apt_remove/Output/linux/outp_remove.err
  environment  : LD_LIBRARY_PATH=/usr/lib
  environment  : PATH=/bin:/usr/bin:/usr/sbin:/usr/local/bin
                   #1  /bin
                   #2  /usr/bin
                   #3  /usr/sbin
                   #4  /usr/local/bin
2022-04-08 10:10:56,258 DEBUG Waiting up to 600 secs for process sudo<outp_remove> (pid 32142)
2022-04-08 10:11:09,765 INFO  Executed sudo<outp_remove>, exit status 0, duration 13 secs
2022-04-08 10:11:09,768 INFO  Assert that (value==0) with value=0 ... passed
2022-04-08 10:11:09,769 DEBUG --- test validate
2022-04-08 10:11:09,777 DEBUG Process parameters for sudo<outp_check_1>
  command line : /usr/bin/sudo /etc/tedge/sm-plugins/apt list
    arg #1     : /etc/tedge/sm-plugins/apt
    arg #2     : list
  working dir  : /home/pi/actions-runner/_work/thin-edge.io/thin-edge.io/tests/PySys/plugin_apt/apt_remove/Output/linux
  stdout       : /home/pi/actions-runner/_work/thin-edge.io/thin-edge.io/tests/PySys/plugin_apt/apt_remove/Output/linux/outp_check_1.out
  stderr       : /home/pi/actions-runner/_work/thin-edge.io/thin-edge.io/tests/PySys/plugin_apt/apt_remove/Output/linux/outp_check_1.err
  environment  : LD_LIBRARY_PATH=/usr/lib
  environment  : PATH=/bin:/usr/bin:/usr/sbin:/usr/local/bin
                   #1  /bin
                   #2  /usr/bin
                   #3  /usr/sbin
                   #4  /usr/local/bin
2022-04-08 10:11:09,784 DEBUG Waiting up to 600 secs for process sudo<outp_check_1> (pid 32171)
2022-04-08 10:11:15,085 INFO  Executed sudo<outp_check_1>, exit status 0
2022-04-08 10:11:15,087 INFO  Assert that (value==0) with value=0 ... passed
2022-04-08 10:11:15,088 DEBUG Performing regex contains=False grep on file: /home/pi/actions-runner/_work/thin-edge.io/thin-edge.io/tests/PySys/plugin_apt/apt_remove/Output/linux/outp_check_1.out
2022-04-08 10:11:15,093 INFO  Grep on file outp_check_1.out ... passed
2022-04-08 10:11:15,099 DEBUG --- test cleanup
2022-04-08 10:11:15,100 DEBUG ProcessUser cleanup function done.
2022-04-08 10:11:15,103 INFO  
2022-04-08 10:11:15,104 INFO  Test duration: 65.44 secs
2022-04-08 10:11:15,105 INFO  Test final outcome:  PASSED
2022-04-08 10:11:15,106 INFO  
