2022-05-10 17:14:05,297 INFO  ==============================================================
2022-05-10 17:14:05,297 INFO  Id:    mapper_awaits_before_reconnect
2022-05-10 17:14:05,297 INFO  Dir:   tedge_mapper_c8y/
2022-05-10 17:14:05,297 INFO  Title: Validate mapper doesn't reconnect too often
2022-05-10 17:14:05,297 INFO  ==============================================================
2022-05-10 17:14:05,299 INFO  EnvironmentC8y Setup
2022-05-10 17:14:05,401 INFO  Executed systemctl<serv_mapper1>, exit status 3
2022-05-10 17:14:22,937 INFO  Executed sudo<tedge_connect_c8y>, exit status 0, duration 17 secs
2022-05-10 17:14:23,090 INFO  Executed sudo<tedge_connect_c8y_test>, exit status 0
2022-05-10 17:14:23,193 INFO  Executed systemctl<serv_mosq2>, exit status 0
2022-05-10 17:14:23,295 INFO  Executed systemctl<serv_mapper3>, exit status 0
2022-05-10 17:14:23,297 INFO  Started mosquitto_sub with process id 586242
2022-05-10 17:14:23,298 INFO  Waiting for 0.1 seconds
2022-05-10 17:14:23,501 INFO  Executed sudo<tedge_mapper>, exit status 0
2022-05-10 17:14:23,501 INFO  Waiting for 5.0 seconds
2022-05-10 17:14:28,612 INFO  Executed sudo<tedge_mapper>, exit status 0
2022-05-10 17:14:28,865 INFO  Executed sudo<tedge_mapper_journal>, exit status 0
2022-05-10 17:14:28,866 INFO  Grep on file tedge_mapper_journal.out ... passed
2022-05-10 17:14:28,867 INFO  Line count on file tedge_mapper_journal.out ... passed
2022-05-10 17:14:28,867 INFO  Line count on file tedge_mapper_journal.out ... passed
2022-05-10 17:14:28,868 INFO  
2022-05-10 17:14:28,868 INFO  cleanup:
2022-05-10 17:14:39,873 INFO  Executed sudo<tedge_disconnect_c8y>, exit status 0
2022-05-10 17:14:39,975 INFO  Executed systemctl<serv_mapper5>, exit status 3
2022-05-10 17:14:40,026 INFO  
2022-05-10 17:14:40,027 INFO  Test duration: 34.72 secs
2022-05-10 17:14:40,027 INFO  Test final outcome:  PASSED
2022-05-10 17:14:40,027 INFO  
