2022-04-08 09:42:03,053 INFO  ==============================================================
2022-04-08 09:42:03,054 INFO  Id:    custom_init_system
2022-04-08 09:42:03,056 INFO  Dir:   misc_features/
2022-04-08 09:42:03,056 INFO  Title: Custom init system test
2022-04-08 09:42:03,057 DEBUG Execution order hint: 0.0
2022-04-08 09:42:03,058 INFO  ==============================================================
2022-04-08 09:42:03,067 DEBUG Process parameters for sudo<copy_system_config>
  command line : /usr/bin/sudo cp /home/pi/actions-runner/_work/thin-edge.io/thin-edge.io/tests/PySys/misc_features/custom_init_system/system.toml /etc/tedge/system.toml
    arg #1     : cp
    arg #2     : /home/pi/actions-runner/_work/thin-edge.io/thin-edge.io/tests/PySys/misc_features/custom_init_system/system.toml
    arg #3     : /etc/tedge/system.toml
  working dir  : /home/pi/actions-runner/_work/thin-edge.io/thin-edge.io/tests/PySys/misc_features/custom_init_system/Output/linux
  stdout       : /home/pi/actions-runner/_work/thin-edge.io/thin-edge.io/tests/PySys/misc_features/custom_init_system/Output/linux/copy_system_config.out
  stderr       : /home/pi/actions-runner/_work/thin-edge.io/thin-edge.io/tests/PySys/misc_features/custom_init_system/Output/linux/copy_system_config.err
  environment  : LD_LIBRARY_PATH=/usr/lib
  environment  : PATH=/bin:/usr/bin:/usr/sbin:/usr/local/bin
                   #1  /bin
                   #2  /usr/bin
                   #3  /usr/sbin
                   #4  /usr/local/bin
2022-04-08 09:42:03,075 DEBUG Waiting up to 600 secs for process sudo<copy_system_config> (pid 5843)
2022-04-08 09:42:03,582 INFO  Executed sudo<copy_system_config>, exit status 0
2022-04-08 09:42:03,584 DEBUG Process parameters for sudo<copy_dummy_init>
  command line : /usr/bin/sudo cp -rfP /home/pi/actions-runner/_work/thin-edge.io/thin-edge.io/tests/PySys/misc_features/custom_init_system/dummy_init /tmp
    arg #1     : cp
    arg #2     : -rfP
    arg #3     : /home/pi/actions-runner/_work/thin-edge.io/thin-edge.io/tests/PySys/misc_features/custom_init_system/dummy_init
    arg #4     : /tmp
  working dir  : /home/pi/actions-runner/_work/thin-edge.io/thin-edge.io/tests/PySys/misc_features/custom_init_system/Output/linux
  stdout       : /home/pi/actions-runner/_work/thin-edge.io/thin-edge.io/tests/PySys/misc_features/custom_init_system/Output/linux/copy_dummy_init.out
  stderr       : /home/pi/actions-runner/_work/thin-edge.io/thin-edge.io/tests/PySys/misc_features/custom_init_system/Output/linux/copy_dummy_init.err
  environment  : LD_LIBRARY_PATH=/usr/lib
  environment  : PATH=/bin:/usr/bin:/usr/sbin:/usr/local/bin
                   #1  /bin
                   #2  /usr/bin
                   #3  /usr/sbin
                   #4  /usr/local/bin
2022-04-08 09:42:03,591 DEBUG Waiting up to 600 secs for process sudo<copy_dummy_init> (pid 5845)
2022-04-08 09:42:04,302 INFO  Executed sudo<copy_dummy_init>, exit status 0
2022-04-08 09:42:04,303 DEBUG --- test execute
2022-04-08 09:42:04,307 DEBUG Process parameters for sudo<tedge_connect>
  command line : /usr/bin/sudo /usr/bin/tedge connect c8y
    arg #1     : /usr/bin/tedge
    arg #2     : connect
    arg #3     : c8y
  working dir  : /home/pi/actions-runner/_work/thin-edge.io/thin-edge.io/tests/PySys/misc_features/custom_init_system/Output/linux
  stdout       : /home/pi/actions-runner/_work/thin-edge.io/thin-edge.io/tests/PySys/misc_features/custom_init_system/Output/linux/tedge_connect.out
  stderr       : /home/pi/actions-runner/_work/thin-edge.io/thin-edge.io/tests/PySys/misc_features/custom_init_system/Output/linux/tedge_connect.err
  environment  : LD_LIBRARY_PATH=/usr/lib
  environment  : PATH=/bin:/usr/bin:/usr/sbin:/usr/local/bin
                   #1  /bin
                   #2  /usr/bin
                   #3  /usr/sbin
                   #4  /usr/local/bin
2022-04-08 09:42:04,318 DEBUG Waiting up to 600 secs for process sudo<tedge_connect> (pid 5847)
2022-04-08 09:42:30,715 INFO  Executed sudo<tedge_connect>, exit status 0, duration 26 secs
2022-04-08 09:42:30,735 DEBUG Process parameters for sudo<tedge_disconnect>
  command line : /usr/bin/sudo /usr/bin/tedge disconnect c8y
    arg #1     : /usr/bin/tedge
    arg #2     : disconnect
    arg #3     : c8y
  working dir  : /home/pi/actions-runner/_work/thin-edge.io/thin-edge.io/tests/PySys/misc_features/custom_init_system/Output/linux
  stdout       : /home/pi/actions-runner/_work/thin-edge.io/thin-edge.io/tests/PySys/misc_features/custom_init_system/Output/linux/tedge_disconnect.out
  stderr       : /home/pi/actions-runner/_work/thin-edge.io/thin-edge.io/tests/PySys/misc_features/custom_init_system/Output/linux/tedge_disconnect.err
  environment  : LD_LIBRARY_PATH=/usr/lib
  environment  : PATH=/bin:/usr/bin:/usr/sbin:/usr/local/bin
                   #1  /bin
                   #2  /usr/bin
                   #3  /usr/sbin
                   #4  /usr/local/bin
2022-04-08 09:42:30,743 DEBUG Waiting up to 600 secs for process sudo<tedge_disconnect> (pid 5862)
2022-04-08 09:42:31,351 INFO  Executed sudo<tedge_disconnect>, exit status 0
2022-04-08 09:42:31,352 DEBUG --- test validate
2022-04-08 09:42:31,353 DEBUG Performing regex contains=False grep on file: /home/pi/actions-runner/_work/thin-edge.io/thin-edge.io/tests/PySys/misc_features/custom_init_system/Output/linux/tedge_connect.out
2022-04-08 09:42:31,359 INFO  Grep on file tedge_connect.out ... passed
2022-04-08 09:42:31,360 DEBUG Performing regex contains=False grep on file: /home/pi/actions-runner/_work/thin-edge.io/thin-edge.io/tests/PySys/misc_features/custom_init_system/Output/linux/tedge_disconnect.out
2022-04-08 09:42:31,364 INFO  Grep on file tedge_disconnect.out ... passed
2022-04-08 09:42:31,365 DEBUG Performing regex contains=False grep on file: /tmp/dummy_init/dummy_init.out
2022-04-08 09:42:31,369 INFO  Grep on file /tmp/dummy_init/dummy_init.out ... passed
2022-04-08 09:42:31,371 DEBUG Performing regex contains=False grep on file: /tmp/dummy_init/dummy_init.out
2022-04-08 09:42:31,376 INFO  Grep on file /tmp/dummy_init/dummy_init.out ... passed
2022-04-08 09:42:31,377 DEBUG Performing regex contains=True grep on file: /tmp/dummy_init/dummy_init.out
2022-04-08 09:42:31,381 DEBUG Grep on file /tmp/dummy_init/dummy_init.out successfully matched expression "is_available" with line: 'is_available\n'
2022-04-08 09:42:31,382 INFO  Grep on file /tmp/dummy_init/dummy_init.out ... passed
2022-04-08 09:42:31,383 DEBUG Performing regex contains=True grep on file: /tmp/dummy_init/dummy_init.out
2022-04-08 09:42:31,387 DEBUG Grep on file /tmp/dummy_init/dummy_init.out successfully matched expression "restart mosquitto" with line: 'restart mosquitto\n'
2022-04-08 09:42:31,388 INFO  Grep on file /tmp/dummy_init/dummy_init.out ... passed
2022-04-08 09:42:31,389 DEBUG Performing regex contains=True grep on file: /tmp/dummy_init/dummy_init.out
2022-04-08 09:42:31,393 DEBUG Grep on file /tmp/dummy_init/dummy_init.out successfully matched expression "enable mosquitto" with line: 'enable mosquitto\n'
2022-04-08 09:42:31,394 INFO  Grep on file /tmp/dummy_init/dummy_init.out ... passed
2022-04-08 09:42:31,395 DEBUG Performing regex contains=True grep on file: /tmp/dummy_init/dummy_init.out
2022-04-08 09:42:31,399 DEBUG Grep on file /tmp/dummy_init/dummy_init.out successfully matched expression "restart tedge-mapper-c8y" with line: 'restart tedge-mapper-c8y\n'
2022-04-08 09:42:31,401 INFO  Grep on file /tmp/dummy_init/dummy_init.out ... passed
2022-04-08 09:42:31,402 DEBUG Performing regex contains=True grep on file: /tmp/dummy_init/dummy_init.out
2022-04-08 09:42:31,406 DEBUG Grep on file /tmp/dummy_init/dummy_init.out successfully matched expression "enable tedge-mapper-c8y" with line: 'enable tedge-mapper-c8y\n'
2022-04-08 09:42:31,407 INFO  Grep on file /tmp/dummy_init/dummy_init.out ... passed
2022-04-08 09:42:31,408 DEBUG Performing regex contains=True grep on file: /tmp/dummy_init/dummy_init.out
2022-04-08 09:42:31,412 DEBUG Grep on file /tmp/dummy_init/dummy_init.out successfully matched expression "restart tedge-agent" with line: 'restart tedge-agent\n'
2022-04-08 09:42:31,413 INFO  Grep on file /tmp/dummy_init/dummy_init.out ... passed
2022-04-08 09:42:31,414 DEBUG Performing regex contains=True grep on file: /tmp/dummy_init/dummy_init.out
2022-04-08 09:42:31,420 DEBUG Grep on file /tmp/dummy_init/dummy_init.out successfully matched expression "enable tedge-agent" with line: 'enable tedge-agent\n'
2022-04-08 09:42:31,421 INFO  Grep on file /tmp/dummy_init/dummy_init.out ... passed
2022-04-08 09:42:31,422 DEBUG Performing regex contains=True grep on file: /tmp/dummy_init/dummy_init.out
2022-04-08 09:42:31,426 DEBUG Grep on file /tmp/dummy_init/dummy_init.out successfully matched expression "is-active mosquitto" with line: 'is-active mosquitto\n'
2022-04-08 09:42:31,428 INFO  Grep on file /tmp/dummy_init/dummy_init.out ... passed
2022-04-08 09:42:31,429 DEBUG Performing regex contains=True grep on file: /tmp/dummy_init/dummy_init.out
2022-04-08 09:42:31,433 DEBUG Grep on file /tmp/dummy_init/dummy_init.out successfully matched expression "stop tedge-mapper-c8y" with line: 'stop tedge-mapper-c8y\n'
2022-04-08 09:42:31,435 INFO  Grep on file /tmp/dummy_init/dummy_init.out ... passed
2022-04-08 09:42:31,436 DEBUG Performing regex contains=True grep on file: /tmp/dummy_init/dummy_init.out
2022-04-08 09:42:31,440 DEBUG Grep on file /tmp/dummy_init/dummy_init.out successfully matched expression "disable tedge-mapper-c8y" with line: 'disable tedge-mapper-c8y\n'
2022-04-08 09:42:31,441 INFO  Grep on file /tmp/dummy_init/dummy_init.out ... passed
2022-04-08 09:42:31,442 DEBUG Performing regex contains=True grep on file: /tmp/dummy_init/dummy_init.out
2022-04-08 09:42:31,446 DEBUG Grep on file /tmp/dummy_init/dummy_init.out successfully matched expression "stop tedge-agent" with line: 'stop tedge-agent\n'
2022-04-08 09:42:31,448 INFO  Grep on file /tmp/dummy_init/dummy_init.out ... passed
2022-04-08 09:42:31,448 DEBUG Performing regex contains=True grep on file: /tmp/dummy_init/dummy_init.out
2022-04-08 09:42:31,452 DEBUG Grep on file /tmp/dummy_init/dummy_init.out successfully matched expression "disable tedge-agent" with line: 'disable tedge-agent\n'
2022-04-08 09:42:31,454 INFO  Grep on file /tmp/dummy_init/dummy_init.out ... passed
2022-04-08 09:42:31,460 DEBUG --- test cleanup
2022-04-08 09:42:31,462 INFO  
2022-04-08 09:42:31,462 INFO  cleanup:
2022-04-08 09:42:31,463 DEBUG Running registered cleanup function: <bound method CustomInitSystem.custom_cleanup of <CustomInitSystem object at 0x7613aab0>>
2022-04-08 09:42:31,465 DEBUG Process parameters for sudo<remove_system_config>
  command line : /usr/bin/sudo rm -f /etc/tedge/system.toml
    arg #1     : rm
    arg #2     : -f
    arg #3     : /etc/tedge/system.toml
  working dir  : /home/pi/actions-runner/_work/thin-edge.io/thin-edge.io/tests/PySys/misc_features/custom_init_system/Output/linux
  stdout       : /home/pi/actions-runner/_work/thin-edge.io/thin-edge.io/tests/PySys/misc_features/custom_init_system/Output/linux/remove_system_config.out
  stderr       : /home/pi/actions-runner/_work/thin-edge.io/thin-edge.io/tests/PySys/misc_features/custom_init_system/Output/linux/remove_system_config.err
  environment  : LD_LIBRARY_PATH=/usr/lib
  environment  : PATH=/bin:/usr/bin:/usr/sbin:/usr/local/bin
                   #1  /bin
                   #2  /usr/bin
                   #3  /usr/sbin
                   #4  /usr/local/bin
2022-04-08 09:42:31,479 DEBUG Waiting up to 600 secs for process sudo<remove_system_config> (pid 5871)
2022-04-08 09:42:31,940 INFO  Executed sudo<remove_system_config>, exit status 0
2022-04-08 09:42:31,942 DEBUG Process parameters for sudo<remove_dummy_init>
  command line : /usr/bin/sudo rm -rf /tmp/dummy_init
    arg #1     : rm
    arg #2     : -rf
    arg #3     : /tmp/dummy_init
  working dir  : /home/pi/actions-runner/_work/thin-edge.io/thin-edge.io/tests/PySys/misc_features/custom_init_system/Output/linux
  stdout       : /home/pi/actions-runner/_work/thin-edge.io/thin-edge.io/tests/PySys/misc_features/custom_init_system/Output/linux/remove_dummy_init.out
  stderr       : /home/pi/actions-runner/_work/thin-edge.io/thin-edge.io/tests/PySys/misc_features/custom_init_system/Output/linux/remove_dummy_init.err
  environment  : LD_LIBRARY_PATH=/usr/lib
  environment  : PATH=/bin:/usr/bin:/usr/sbin:/usr/local/bin
                   #1  /bin
                   #2  /usr/bin
                   #3  /usr/sbin
                   #4  /usr/local/bin
2022-04-08 09:42:31,949 DEBUG Waiting up to 600 secs for process sudo<remove_dummy_init> (pid 5873)
2022-04-08 09:42:32,456 INFO  Executed sudo<remove_dummy_init>, exit status 0
2022-04-08 09:42:32,457 DEBUG ProcessUser cleanup function done.
2022-04-08 09:42:32,461 INFO  
2022-04-08 09:42:32,462 INFO  Test duration: 29.41 secs
2022-04-08 09:42:32,463 INFO  Test final outcome:  PASSED
2022-04-08 09:42:32,464 INFO  
