2022-05-10 19:44:58,677 INFO  ==============================================================
2022-05-10 19:44:58,677 INFO  Id:    docker_plugin_finalize
2022-05-10 19:44:58,679 INFO  Dir:   plugin_docker/
2022-05-10 19:44:58,679 INFO  Title: Validate docker plugin finalize command
2022-05-10 19:44:58,679 INFO  ==============================================================
2022-05-10 19:44:58,884 INFO  Executed sudo<docker_images>, exit status 0
2022-05-10 19:44:58,886 INFO  Grep on file /home/pi/actions-runner/_work/thin-edge.io/thin-edge.io/tests/PySys/plugin_docker/docker_plugin_finalize/Output/linux/docker_images.out ... passed
2022-05-10 19:45:04,004 INFO  Executed sudo<docker_pull>, exit status 0
2022-05-10 19:45:04,156 INFO  Executed sudo<docker_images>, exit status 0
2022-05-10 19:45:04,157 INFO  Grep on file /home/pi/actions-runner/_work/thin-edge.io/thin-edge.io/tests/PySys/plugin_docker/docker_plugin_finalize/Output/linux/docker_images.out ... passed
2022-05-10 19:45:04,309 INFO  Executed sudo<plugin_finalize>, exit status 0
2022-05-10 19:45:04,461 INFO  Executed sudo<docker_ps_latest>, exit status 0
2022-05-10 19:45:04,613 INFO  Executed sudo<docker_images>, exit status 0
2022-05-10 19:45:04,614 INFO  Grep on file /home/pi/actions-runner/_work/thin-edge.io/thin-edge.io/tests/PySys/plugin_docker/docker_plugin_finalize/Output/linux/docker_images.out ... passed
2022-05-10 19:45:04,614 INFO  
2022-05-10 19:45:04,614 INFO  cleanup:
2022-05-10 19:45:04,615 INFO  Removing images scheduled to be cleaned up: ['registry']
2022-05-10 19:45:04,716 INFO  Executed sudo<containers_for_cleanup>, exit status 0
2022-05-10 19:45:04,717 INFO  
2022-05-10 19:45:04,717 INFO  Test duration: 6.04 secs
2022-05-10 19:45:04,717 INFO  Test final outcome:  PASSED
2022-05-10 19:45:04,718 INFO  
