2022-05-03 08:48:56,150 INFO  ==============================================================
2022-05-03 08:48:56,150 INFO  Id:    docker_plugin_remove_with_version
2022-05-03 08:48:56,152 INFO  Dir:   plugin_docker/
2022-05-03 08:48:56,152 INFO  Title: Validate docker plugin remove with version
2022-05-03 08:48:56,153 INFO  ==============================================================
2022-05-03 08:48:56,930 INFO  Executed sudo<docker_images>, exit status 0
2022-05-03 08:48:56,936 INFO  Grep on file /home/pi/actions-runner/_work/thin-edge.io/thin-edge.io/tests/PySys/plugin_docker/docker_plugin_remove_with_version/Output/linux/docker_images.out ... passed
2022-05-03 08:49:20,386 INFO  Executed sudo<docker_run>, exit status 0, duration 23 secs
2022-05-03 08:49:21,366 INFO  Executed sudo<docker_ps>, exit status 0
2022-05-03 08:49:21,371 INFO  Grep on file /home/pi/actions-runner/_work/thin-edge.io/thin-edge.io/tests/PySys/plugin_docker/docker_plugin_remove_with_version/Output/linux/docker_ps.out ... passed
2022-05-03 08:49:25,000 INFO  Executed sudo<plugin_remove>, exit status 0
2022-05-03 08:49:25,813 INFO  Executed sudo<docker_ps_latest>, exit status 0
2022-05-03 08:49:26,628 INFO  Executed sudo<docker_ps>, exit status 0
2022-05-03 08:49:26,633 INFO  Grep on file /home/pi/actions-runner/_work/thin-edge.io/thin-edge.io/tests/PySys/plugin_docker/docker_plugin_remove_with_version/Output/linux/docker_ps.out ... passed
2022-05-03 08:49:26,639 INFO  
2022-05-03 08:49:26,640 INFO  cleanup:
2022-05-03 08:49:26,641 INFO  Removing containers scheduled to be cleaned up: ['b01b635e1788', 'ac337f126123', 'd27f97ee793e5fd0b59b2a9b847f2a01bfe69f4a78ba98fa73d095c04a5392e5\n', '30563f65a4a392c500da0f9f1ddad9b870d3f413860a32a907719356409215c7\n']
2022-05-03 08:49:27,453 WARN  Executed sudo<containers_for_cleanup>, exit status 1
2022-05-03 08:49:27,454 INFO  Removing images scheduled to be cleaned up: ['registry', 'registry', 'registry:2.7.1', 'registry', 'registry:2.7.1']
2022-05-03 08:49:31,244 INFO  Executed sudo<containers_for_cleanup>, exit status 0
2022-05-03 08:49:31,248 INFO  
2022-05-03 08:49:31,249 INFO  Test duration: 35.10 secs
2022-05-03 08:49:31,250 INFO  Test final outcome:  PASSED
2022-05-03 08:49:31,251 INFO  
