2022-05-04 07:57:28,411 INFO  ==============================================================
2022-05-04 07:57:28,412 INFO  Id:    log_request_num_lines
2022-05-04 07:57:28,413 INFO  Dir:   log_request_end_to_end/
2022-05-04 07:57:28,414 INFO  Title: Validate end to end behaviour for the log request operation check for number of lines
2022-05-04 07:57:28,415 INFO  ==============================================================
2022-05-04 07:57:28,434 INFO  EnvironmentC8y Setup
2022-05-04 07:57:28,995 INFO  Executed systemctl<serv_mapper1>, exit status 3
2022-05-04 07:57:29,099 INFO  Restarting mosquitto too frequently in the last 10 seconds. It was only up for 2 seconds
2022-05-04 07:57:29,101 INFO  Delaying execution by 9 seconds
2022-05-04 07:57:51,836 INFO  Executed sudo<tedge_connect_c8y>, exit status 0, duration 13 secs
2022-05-04 07:57:52,563 INFO  Executed sudo<tedge_connect_c8y_test>, exit status 0
2022-05-04 07:57:53,026 INFO  Executed systemctl<serv_mosq2>, exit status 0
2022-05-04 07:57:53,494 INFO  Executed systemctl<serv_mapper3>, exit status 0
2022-05-04 07:57:54,007 INFO  Executed sudo<rm_logs>, exit status 0
2022-05-04 07:57:54,658 INFO  Executed sudo<move_logs>, exit status 0
2022-05-04 07:57:55,158 INFO  log response None
2022-05-04 07:57:55,160 WARN  retry, retrying in 1 seconds...
2022-05-04 07:57:56,371 INFO  log response https://thin-edge-io.eu-latest.cumulocity.com/event/events/18348520/binaries
2022-05-04 07:57:56,612 INFO  nlines 0
2022-05-04 07:57:57,140 WARN  Assert that (True == value) with value=False ... failed [run.py:44]
2022-05-04 07:57:57,150 INFO  
2022-05-04 07:57:57,151 INFO  cleanup:
2022-05-04 07:57:57,662 INFO  Executed sudo<rm_logs>, exit status 0
2022-05-04 07:57:58,175 INFO  Executed sudo<rm_tmp_logs>, exit status 0
2022-05-04 07:57:58,689 INFO  Executed sudo<send_failed>, exit status 0
2022-05-04 07:58:02,894 INFO  Executed sudo<tedge_disconnect_c8y>, exit status 0
2022-05-04 07:58:03,460 INFO  Executed systemctl<serv_mapper5>, exit status 3
2022-05-04 07:58:03,465 INFO  
2022-05-04 07:58:03,466 INFO  Test duration: 35.06 secs
2022-05-04 07:58:03,467 INFO  Test final outcome:  FAILED
2022-05-04 07:58:03,468 INFO  Test outcome reason: Assert that (True == value) with value=False
2022-05-04 07:58:03,469 INFO  
