2022-04-15 09:19:05,725 INFO  ==============================================================
2022-04-15 09:19:05,726 INFO  Id:    apt_install_local_file_with_version_fail
2022-04-15 09:19:05,727 INFO  Dir:   plugin_apt/
2022-04-15 09:19:05,728 INFO  Title: Validate apt plugin install from local file AND with a version - FAIL case
2022-04-15 09:19:05,728 INFO  ==============================================================
2022-04-15 09:19:07,924 INFO  URL of rolldice is b"'http://mirror.mythic-beasts.com/raspbian/pool/main/r/rolldice/rolldice_1.16-1+b1_armhf.deb'"
2022-04-15 09:19:10,019 INFO  Downloaded rolldcice in version 1.16-1+b1
2022-04-15 09:19:10,020 INFO  Filename is rolldice_1.16-1+b1_armhf.deb
2022-04-15 09:19:23,652 INFO  Executed sudo, exit status 0, duration 13 secs
2022-04-15 09:19:29,088 INFO  Executed sudo<outp_check_0>, exit status 0
2022-04-15 09:19:29,090 INFO  Assert that (value==0) with value=0 ... passed
2022-04-15 09:19:29,095 INFO  Grep on file outp_check_0.out ... passed
2022-04-15 09:19:29,607 INFO  Executed sudo<outp_install>, exit status 5
2022-04-15 09:19:29,609 INFO  Assert that (value==5) with value=5 ... passed
2022-04-15 09:19:32,332 INFO  Executed sudo<outp_check_1>, exit status 0
2022-04-15 09:19:32,335 INFO  Assert that (value==0) with value=0 ... passed
2022-04-15 09:19:32,345 INFO  Grep on file outp_check_1.out ... passed
2022-04-15 09:19:32,351 INFO  
2022-04-15 09:19:32,351 INFO  cleanup:
2022-04-15 09:19:32,355 INFO  
2022-04-15 09:19:32,355 INFO  Test duration: 26.64 secs
2022-04-15 09:19:32,356 INFO  Test final outcome:  PASSED
2022-04-15 09:19:32,357 INFO  
