2022-05-09 17:01:53,688 INFO  ==============================================================
2022-05-09 17:01:53,689 INFO  Id:    SoftwareManagement.sm_apt_install_remove_multiple
2022-05-09 17:01:53,690 INFO  Dir:   software_management_end_to_end/
2022-05-09 17:01:53,691 INFO  Title: Validate end to end behaviour for the apt plugin for multiple packages
2022-05-09 17:01:53,692 INFO  ==============================================================
2022-05-09 17:01:53,713 INFO  Using sw id database: {'asciijump': '5475369', 'robotfindskitten': '5474869', 'squirrel3': '5475279', 'rolldice': '5152439', 'moon-buggy': '5439204', 'apple': '5495053', 'banana': '5494888', 'cherry': '5495382', 'watermelon': '5494510', 'registry': '8018911', 'hello-world': '8021526', 'docker/getting-started': '8021973', 'alpine': '7991792'}
2022-05-09 17:01:53,714 INFO  EnvironmentC8y Setup
2022-05-09 17:01:54,276 INFO  Executed systemctl<serv_mapper1>, exit status 3
2022-05-09 17:01:54,384 INFO  Restarting mosquitto too frequently in the last 10 seconds. It was only up for 5 seconds
2022-05-09 17:01:54,385 INFO  Delaying execution by 6 seconds
2022-05-09 17:02:14,757 INFO  Executed sudo<tedge_connect_c8y>, exit status 0, duration 14 secs
2022-05-09 17:02:15,374 INFO  Executed sudo<tedge_connect_c8y_test>, exit status 0
2022-05-09 17:02:15,838 INFO  Executed systemctl<serv_mosq2>, exit status 0
2022-05-09 17:02:16,306 INFO  Executed systemctl<serv_mapper3>, exit status 0
2022-05-09 17:02:18,528 INFO  State of current operation: SUCCESSFUL
2022-05-09 17:02:18,760 INFO  Assert that (False == value) with value=False ... passed
2022-05-09 17:02:19,008 INFO  Package asciijump is installed
2022-05-09 17:02:19,065 WARN  Assert that (False == value) with value=True ... failed 
2022-05-09 17:02:19,289 INFO  Package squirrel3 is installed
2022-05-09 17:02:19,311 WARN  Assert that (False == value) with value=True ... failed 
2022-05-09 17:02:19,543 INFO  Package robotfindskitten is installed
2022-05-09 17:02:19,567 WARN  Assert that (False == value) with value=True ... failed 
2022-05-09 17:02:19,788 INFO  Response status: 201
2022-05-09 17:02:19,790 INFO  Response to action: {
    "delivery": {
        "time": "2022-05-09T17:02:19.761Z",
        "log": [],
        "status": "PENDING"
    },
    "creationTime": "2022-05-09T17:02:19.749Z",
    "deviceName": "mythicd",
    "deviceId": "18560094",
    "self": "https://t493319102.eu-latest.cumulocity.com/devicecontrol/operations/18564976",
    "id": "18564976",
    "status": "PENDING",
    "description": "Apply software changes, triggered from PySys: [{'action': 'install', 'id': '5475369', 'name': 'asciijump', 'url': ' ', 'version': '::apt'}, {'action': 'install', 'id': '5474869', 'name': 'robotfindskitten', 'url': ' ', 'version': '::apt'}, {'action': 'install', 'id': '5475279', 'name': 'squirrel3', 'url': ' ', 'version': '::apt'}]",
    "c8y_SoftwareUpdate": [
        {
            "name": "asciijump",
            "action": "install",
            "id": "5475369",
            "version": "::apt",
            "url": " "
        },
        {
            "name": "robotfindskitten",
            "action": "install",
            "id": "5474869",
            "version": "::apt",
            "url": " "
        },
        {
            "name": "squirrel3",
            "action": "install",
            "id": "5475279",
            "version": "::apt",
            "url": " "
        }
    ]
}
2022-05-09 17:02:19,791 INFO  Started operation: {'delivery': {'time': '2022-05-09T17:02:19.761Z', 'log': [], 'status': 'PENDING'}, 'creationTime': '2022-05-09T17:02:19.749Z', 'deviceName': 'mythicd', 'deviceId': '18560094', 'self': 'https://t493319102.eu-latest.cumulocity.com/devicecontrol/operations/18564976', 'id': '18564976', 'status': 'PENDING', 'description': "Apply software changes, triggered from PySys: [{'action': 'install', 'id': '5475369', 'name': 'asciijump', 'url': ' ', 'version': '::apt'}, {'action': 'install', 'id': '5474869', 'name': 'robotfindskitten', 'url': ' ', 'version': '::apt'}, {'action': 'install', 'id': '5475279', 'name': 'squirrel3', 'url': ' ', 'version': '::apt'}]", 'c8y_SoftwareUpdate': [{'name': 'asciijump', 'action': 'install', 'id': '5475369', 'version': '::apt', 'url': ' '}, {'name': 'robotfindskitten', 'action': 'install', 'id': '5474869', 'version': '::apt', 'url': ' '}, {'name': 'squirrel3', 'action': 'install', 'id': '5475279', 'version': '::apt', 'url': ' '}]}
2022-05-09 17:02:22,009 INFO  State of operation 18564976 : PENDING
2022-05-09 17:02:24,226 INFO  State of operation 18564976 : EXECUTING
2022-05-09 17:02:26,440 INFO  State of operation 18564976 : EXECUTING
2022-05-09 17:02:28,655 INFO  State of operation 18564976 : EXECUTING
2022-05-09 17:02:30,869 INFO  State of operation 18564976 : EXECUTING
2022-05-09 17:02:33,132 INFO  State of operation 18564976 : EXECUTING
2022-05-09 17:02:35,830 INFO  State of operation 18564976 : EXECUTING
2022-05-09 17:02:38,822 INFO  State of operation 18564976 : EXECUTING
2022-05-09 17:02:41,556 INFO  State of operation 18564976 : EXECUTING
2022-05-09 17:02:43,937 INFO  State of operation 18564976 : EXECUTING
2022-05-09 17:02:46,166 INFO  State of operation 18564976 : EXECUTING
2022-05-09 17:02:48,431 INFO  State of operation 18564976 : EXECUTING
2022-05-09 17:02:50,669 INFO  State of operation 18564976 : EXECUTING
2022-05-09 17:02:52,920 INFO  State of operation 18564976 : EXECUTING
2022-05-09 17:02:55,177 INFO  State of operation 18564976 : EXECUTING
2022-05-09 17:02:57,391 INFO  State of operation 18564976 : SUCCESSFUL
2022-05-09 17:02:57,615 INFO  Assert that (False == value) with value=False ... passed
2022-05-09 17:02:57,876 INFO  Package asciijump is installed
2022-05-09 17:02:57,878 INFO  Assert that (True == value) with value=True ... passed
2022-05-09 17:02:58,102 INFO  Package squirrel3 is installed
2022-05-09 17:02:58,104 INFO  Assert that (True == value) with value=True ... passed
2022-05-09 17:02:58,327 INFO  Package robotfindskitten is installed
2022-05-09 17:02:58,329 INFO  Assert that (True == value) with value=True ... passed
2022-05-09 17:02:58,549 INFO  Response status: 201
2022-05-09 17:02:58,551 INFO  Response to action: {
    "delivery": {
        "time": "2022-05-09T17:02:58.523Z",
        "log": [],
        "status": "PENDING"
    },
    "creationTime": "2022-05-09T17:02:58.509Z",
    "deviceName": "mythicd",
    "deviceId": "18560094",
    "self": "https://t493319102.eu-latest.cumulocity.com/devicecontrol/operations/18564982",
    "id": "18564982",
    "status": "PENDING",
    "description": "Apply software changes, triggered from PySys: [{'action': 'delete', 'id': '5475369', 'name': 'asciijump', 'url': ' ', 'version': '::apt'}, {'action': 'delete', 'id': '5474869', 'name': 'robotfindskitten', 'url': ' ', 'version': '::apt'}, {'action': 'delete', 'id': '5475279', 'name': 'squirrel3', 'url': ' ', 'version': '::apt'}]",
    "c8y_SoftwareUpdate": [
        {
            "name": "asciijump",
            "action": "delete",
            "id": "5475369",
            "version": "::apt",
            "url": " "
        },
        {
            "name": "robotfindskitten",
            "action": "delete",
            "id": "5474869",
            "version": "::apt",
            "url": " "
        },
        {
            "name": "squirrel3",
            "action": "delete",
            "id": "5475279",
            "version": "::apt",
            "url": " "
        }
    ]
}
2022-05-09 17:02:58,551 INFO  Started operation: {'delivery': {'time': '2022-05-09T17:02:58.523Z', 'log': [], 'status': 'PENDING'}, 'creationTime': '2022-05-09T17:02:58.509Z', 'deviceName': 'mythicd', 'deviceId': '18560094', 'self': 'https://t493319102.eu-latest.cumulocity.com/devicecontrol/operations/18564982', 'id': '18564982', 'status': 'PENDING', 'description': "Apply software changes, triggered from PySys: [{'action': 'delete', 'id': '5475369', 'name': 'asciijump', 'url': ' ', 'version': '::apt'}, {'action': 'delete', 'id': '5474869', 'name': 'robotfindskitten', 'url': ' ', 'version': '::apt'}, {'action': 'delete', 'id': '5475279', 'name': 'squirrel3', 'url': ' ', 'version': '::apt'}]", 'c8y_SoftwareUpdate': [{'name': 'asciijump', 'action': 'delete', 'id': '5475369', 'version': '::apt', 'url': ' '}, {'name': 'robotfindskitten', 'action': 'delete', 'id': '5474869', 'version': '::apt', 'url': ' '}, {'name': 'squirrel3', 'action': 'delete', 'id': '5475279', 'version': '::apt', 'url': ' '}]}
2022-05-09 17:03:00,765 INFO  State of operation 18564982 : PENDING
2022-05-09 17:03:02,998 INFO  State of operation 18564982 : EXECUTING
2022-05-09 17:03:05,229 INFO  State of operation 18564982 : EXECUTING
2022-05-09 17:03:07,445 INFO  State of operation 18564982 : EXECUTING
2022-05-09 17:03:09,662 INFO  State of operation 18564982 : EXECUTING
2022-05-09 17:03:11,949 INFO  State of operation 18564982 : EXECUTING
2022-05-09 17:03:14,587 INFO  State of operation 18564982 : EXECUTING
2022-05-09 17:03:16,825 INFO  State of operation 18564982 : EXECUTING
2022-05-09 17:03:19,691 INFO  State of operation 18564982 : EXECUTING
2022-05-09 17:03:22,101 INFO  State of operation 18564982 : EXECUTING
2022-05-09 17:03:24,344 INFO  State of operation 18564982 : EXECUTING
2022-05-09 17:03:26,563 INFO  State of operation 18564982 : EXECUTING
2022-05-09 17:03:28,787 INFO  State of operation 18564982 : EXECUTING
2022-05-09 17:03:31,007 INFO  State of operation 18564982 : EXECUTING
2022-05-09 17:03:33,227 INFO  State of operation 18564982 : EXECUTING
2022-05-09 17:03:35,484 INFO  State of operation 18564982 : EXECUTING
2022-05-09 17:03:37,715 INFO  State of operation 18564982 : EXECUTING
2022-05-09 17:03:40,064 INFO  State of operation 18564982 : EXECUTING
2022-05-09 17:03:43,935 INFO  State of operation 18564982 : EXECUTING
2022-05-09 17:03:46,310 INFO  State of operation 18564982 : EXECUTING
2022-05-09 17:03:48,529 INFO  State of operation 18564982 : EXECUTING
2022-05-09 17:03:50,749 INFO  State of operation 18564982 : EXECUTING
2022-05-09 17:03:52,978 INFO  State of operation 18564982 : EXECUTING
2022-05-09 17:03:55,206 INFO  State of operation 18564982 : EXECUTING
2022-05-09 17:03:57,483 INFO  State of operation 18564982 : EXECUTING
2022-05-09 17:04:00,237 INFO  State of operation 18564982 : EXECUTING
2022-05-09 17:04:02,494 INFO  State of operation 18564982 : EXECUTING
2022-05-09 17:04:04,855 INFO  State of operation 18564982 : EXECUTING
2022-05-09 17:04:07,085 INFO  State of operation 18564982 : EXECUTING
2022-05-09 17:04:09,296 INFO  State of operation 18564982 : SUCCESSFUL
2022-05-09 17:04:09,550 INFO  Assert that (False == value) with value=False ... passed
2022-05-09 17:04:09,789 INFO  Assert that (False == value) with value=False ... passed
2022-05-09 17:04:10,033 INFO  Assert that (False == value) with value=False ... passed
2022-05-09 17:04:10,252 INFO  Assert that (False == value) with value=False ... passed
2022-05-09 17:04:10,263 INFO  
2022-05-09 17:04:10,264 INFO  cleanup:
2022-05-09 17:04:14,859 INFO  Executed sudo<tedge_disconnect_c8y>, exit status 0
2022-05-09 17:04:15,422 INFO  Executed systemctl<serv_mapper5>, exit status 3
2022-05-09 17:04:15,426 INFO  
2022-05-09 17:04:15,427 INFO  Test duration: 141.75 secs
2022-05-09 17:04:15,428 INFO  Test final outcome:  FAILED
2022-05-09 17:04:15,429 INFO  Test outcome reason: Assert that (False == value) with value=True (+2 other failures)
2022-05-09 17:04:15,430 INFO  
