2022-04-08 10:07:21,979 INFO  ==============================================================
2022-04-08 10:07:21,980 INFO  Id:    apt_install_local_file_fail
2022-04-08 10:07:21,982 INFO  Dir:   plugin_apt/
2022-04-08 10:07:21,982 INFO  Title: Validate apt plugin install from local file - FAIL case
2022-04-08 10:07:21,983 DEBUG Execution order hint: 0.0
2022-04-08 10:07:21,984 INFO  ==============================================================
2022-04-08 10:07:21,991 DEBUG Process parameters for sudo
  command line : /usr/bin/sudo /usr/bin/apt-get remove -y rolldice
    arg #1     : /usr/bin/apt-get
    arg #2     : remove
    arg #3     : -y
    arg #4     : rolldice
  working dir  : /home/pi/actions-runner/_work/thin-edge.io/thin-edge.io/tests/PySys/plugin_apt/apt_install_local_file_fail/Output/linux
  stdout       : None
  stderr       : None
  environment  : LD_LIBRARY_PATH=/usr/lib
  environment  : PATH=/bin:/usr/bin:/usr/sbin:/usr/local/bin
                   #1  /bin
                   #2  /usr/bin
                   #3  /usr/sbin
                   #4  /usr/local/bin
2022-04-08 10:07:21,998 DEBUG Waiting up to 600 secs for process sudo (pid 21685)
2022-04-08 10:07:35,224 INFO  Executed sudo, exit status 0, duration 13 secs
2022-04-08 10:07:35,229 DEBUG Process parameters for sudo<outp_check_0>
  command line : /usr/bin/sudo /etc/tedge/sm-plugins/apt list
    arg #1     : /etc/tedge/sm-plugins/apt
    arg #2     : list
  working dir  : /home/pi/actions-runner/_work/thin-edge.io/thin-edge.io/tests/PySys/plugin_apt/apt_install_local_file_fail/Output/linux
  stdout       : /home/pi/actions-runner/_work/thin-edge.io/thin-edge.io/tests/PySys/plugin_apt/apt_install_local_file_fail/Output/linux/outp_check_0.out
  stderr       : /home/pi/actions-runner/_work/thin-edge.io/thin-edge.io/tests/PySys/plugin_apt/apt_install_local_file_fail/Output/linux/outp_check_0.err
  environment  : LD_LIBRARY_PATH=/usr/lib
  environment  : PATH=/bin:/usr/bin:/usr/sbin:/usr/local/bin
                   #1  /bin
                   #2  /usr/bin
                   #3  /usr/sbin
                   #4  /usr/local/bin
2022-04-08 10:07:35,237 DEBUG Waiting up to 600 secs for process sudo<outp_check_0> (pid 21713)
2022-04-08 10:07:40,513 INFO  Executed sudo<outp_check_0>, exit status 0
2022-04-08 10:07:40,515 INFO  Assert that (value==0) with value=0 ... passed
2022-04-08 10:07:40,516 DEBUG Performing regex contains=False grep on file: /home/pi/actions-runner/_work/thin-edge.io/thin-edge.io/tests/PySys/plugin_apt/apt_install_local_file_fail/Output/linux/outp_check_0.out
2022-04-08 10:07:40,521 INFO  Grep on file outp_check_0.out ... passed
2022-04-08 10:07:40,522 DEBUG --- test execute
2022-04-08 10:07:40,524 DEBUG Process parameters for sudo<outp_install>
  command line : /usr/bin/sudo /etc/tedge/sm-plugins/apt install rolldice --file /home/pi/actions-runner/_work/thin-edge.io/thin-edge.io/tests/PySys/notafile.deb
    arg #1     : /etc/tedge/sm-plugins/apt
    arg #2     : install
    arg #3     : rolldice
    arg #4     : --file
    arg #5     : /home/pi/actions-runner/_work/thin-edge.io/thin-edge.io/tests/PySys/notafile.deb
  working dir  : /home/pi/actions-runner/_work/thin-edge.io/thin-edge.io/tests/PySys/plugin_apt/apt_install_local_file_fail/Output/linux
  stdout       : /home/pi/actions-runner/_work/thin-edge.io/thin-edge.io/tests/PySys/plugin_apt/apt_install_local_file_fail/Output/linux/outp_install.out
  stderr       : /home/pi/actions-runner/_work/thin-edge.io/thin-edge.io/tests/PySys/plugin_apt/apt_install_local_file_fail/Output/linux/outp_install.err
  environment  : LD_LIBRARY_PATH=/usr/lib
  environment  : PATH=/bin:/usr/bin:/usr/sbin:/usr/local/bin
                   #1  /bin
                   #2  /usr/bin
                   #3  /usr/sbin
                   #4  /usr/local/bin
2022-04-08 10:07:40,531 DEBUG Waiting up to 600 secs for process sudo<outp_install> (pid 21719)
2022-04-08 10:07:41,049 INFO  Executed sudo<outp_install>, exit status 5
2022-04-08 10:07:41,051 INFO  Assert that (value==5) with value=5 ... passed
2022-04-08 10:07:41,052 DEBUG --- test validate
2022-04-08 10:07:41,055 DEBUG Process parameters for sudo<outp_check_1>
  command line : /usr/bin/sudo /etc/tedge/sm-plugins/apt list
    arg #1     : /etc/tedge/sm-plugins/apt
    arg #2     : list
  working dir  : /home/pi/actions-runner/_work/thin-edge.io/thin-edge.io/tests/PySys/plugin_apt/apt_install_local_file_fail/Output/linux
  stdout       : /home/pi/actions-runner/_work/thin-edge.io/thin-edge.io/tests/PySys/plugin_apt/apt_install_local_file_fail/Output/linux/outp_check_1.out
  stderr       : /home/pi/actions-runner/_work/thin-edge.io/thin-edge.io/tests/PySys/plugin_apt/apt_install_local_file_fail/Output/linux/outp_check_1.err
  environment  : LD_LIBRARY_PATH=/usr/lib
  environment  : PATH=/bin:/usr/bin:/usr/sbin:/usr/local/bin
                   #1  /bin
                   #2  /usr/bin
                   #3  /usr/sbin
                   #4  /usr/local/bin
2022-04-08 10:07:41,062 DEBUG Waiting up to 600 secs for process sudo<outp_check_1> (pid 21722)
2022-04-08 10:07:43,635 INFO  Executed sudo<outp_check_1>, exit status 0
2022-04-08 10:07:43,637 INFO  Assert that (value==0) with value=0 ... passed
2022-04-08 10:07:43,638 DEBUG Performing regex contains=False grep on file: /home/pi/actions-runner/_work/thin-edge.io/thin-edge.io/tests/PySys/plugin_apt/apt_install_local_file_fail/Output/linux/outp_check_1.out
2022-04-08 10:07:43,643 INFO  Grep on file outp_check_1.out ... passed
2022-04-08 10:07:43,668 DEBUG --- test cleanup
2022-04-08 10:07:43,669 DEBUG ProcessUser cleanup function done.
2022-04-08 10:07:43,672 INFO  
2022-04-08 10:07:43,673 INFO  Test duration: 21.71 secs
2022-04-08 10:07:43,674 INFO  Test final outcome:  PASSED
2022-04-08 10:07:43,675 INFO  
