2022-05-11 11:37:01,551 INFO  ==============================================================
2022-05-11 11:37:01,551 INFO  Id:    apt_install_local_file_with_version_fail
2022-05-11 11:37:01,551 INFO  Dir:   plugin_apt/
2022-05-11 11:37:01,551 INFO  Title: Validate apt plugin install from local file AND with a version - FAIL case
2022-05-11 11:37:01,551 INFO  ==============================================================
2022-05-11 11:37:01,965 INFO  URL of rolldice is b"'https://mirror.hetzner.com/ubuntu/packages/pool/universe/r/rolldice/rolldice_1.16-1build1_amd64.deb'"
2022-05-11 11:37:02,521 INFO  Downloaded rolldcice in version 1.16-1build1
2022-05-11 11:37:02,522 INFO  Filename is rolldice_1.16-1build1_amd64.deb
2022-05-11 11:37:07,237 INFO  Executed sudo, exit status 0
2022-05-11 11:37:07,691 INFO  Executed sudo<outp_check_0>, exit status 0
2022-05-11 11:37:07,692 INFO  Assert that (value==0) with value=0 ... passed
2022-05-11 11:37:07,692 INFO  Grep on file outp_check_0.out ... passed
2022-05-11 11:37:07,794 INFO  Executed sudo<outp_install>, exit status 5
2022-05-11 11:37:07,795 INFO  Assert that (value==5) with value=5 ... passed
2022-05-11 11:37:08,249 INFO  Executed sudo<outp_check_1>, exit status 0
2022-05-11 11:37:08,250 INFO  Assert that (value==0) with value=0 ... passed
2022-05-11 11:37:08,251 INFO  Grep on file outp_check_1.out ... passed
2022-05-11 11:37:08,251 INFO  
2022-05-11 11:37:08,251 INFO  cleanup:
2022-05-11 11:37:08,251 INFO  
2022-05-11 11:37:08,251 INFO  Test duration: 6.70 secs
2022-05-11 11:37:08,251 INFO  Test final outcome:  PASSED
2022-05-11 11:37:08,252 INFO  
