2022-04-14 10:13:49,702 INFO  ==============================================================
2022-04-14 10:13:49,703 INFO  Id:    apt_sequence_install_with_version
2022-04-14 10:13:49,704 INFO  Dir:   plugin_apt/
2022-04-14 10:13:49,705 INFO  Title: Validate apt plugin install with version use case
2022-04-14 10:13:49,706 INFO  ==============================================================
2022-04-14 10:13:54,983 INFO  Executed sudo, exit status 0
2022-04-14 10:13:57,602 INFO  Executed sudo<outp_check_0>, exit status 0
2022-04-14 10:13:57,605 INFO  Assert that (value==0) with value=0 ... passed
2022-04-14 10:13:57,610 INFO  Grep on file outp_check_0.out ... passed
2022-04-14 10:14:16,062 INFO  Executed sudo<outp_prepare>, exit status 0, duration 18 secs
2022-04-14 10:14:16,066 INFO  Assert that (value==0) with value=0 ... passed
2022-04-14 10:15:00,668 INFO  Executed sudo<outp_install>, exit status 0, duration 44 secs
2022-04-14 10:15:00,691 INFO  Assert that (value==0) with value=0 ... passed
2022-04-14 10:15:08,402 INFO  Executed sudo<outp_finalize>, exit status 0
2022-04-14 10:15:08,404 INFO  Assert that (value==0) with value=0 ... passed
2022-04-14 10:15:10,979 INFO  Executed sudo<outp_check_1>, exit status 0
2022-04-14 10:15:10,982 INFO  Assert that (value==0) with value=0 ... passed
2022-04-14 10:15:10,987 INFO  Grep on file outp_check_1.out ... passed
2022-04-14 10:15:10,994 INFO  Grep on file outp_check_1.out ... passed
2022-04-14 10:15:11,000 INFO  
2022-04-14 10:15:11,001 INFO  cleanup:
2022-04-14 10:15:24,294 INFO  Executed sudo, exit status 0, duration 13 secs
2022-04-14 10:15:24,298 INFO  
2022-04-14 10:15:24,299 INFO  Test duration: 94.60 secs
2022-04-14 10:15:24,302 INFO  Test final outcome:  PASSED
2022-04-14 10:15:24,304 INFO  
