2022-05-04 08:00:04,926 INFO  ==============================================================
2022-05-04 08:00:04,926 INFO  Id:    call_tedge_config_list
2022-05-04 08:00:04,926 INFO  Dir:   tedge/
2022-05-04 08:00:04,926 INFO  Title: Validate command line options config: get set unset
2022-05-04 08:00:04,927 INFO  ==============================================================
2022-05-04 08:00:05,031 INFO  Executed sudo<tedge>, exit status 0
2022-05-04 08:00:05,083 INFO  Executed sudo<tedge_get_config_key>, exit status 0
2022-05-04 08:00:05,135 INFO  Executed sudo<tedge_get_config_key>, exit status 0
2022-05-04 08:00:05,187 INFO  Executed sudo<tedge_get_config_key>, exit status 0
2022-05-04 08:00:05,240 INFO  Executed sudo<tedge_get_config_key>, exit status 0
2022-05-04 08:00:05,292 INFO  Executed sudo<tedge_get_config_key>, exit status 0
2022-05-04 08:00:05,343 INFO  Executed sudo<tedge_get_config_key>, exit status 0
2022-05-04 08:00:05,344 INFO  /etc/tedge/device-certs/tedge-private-key.pem
2022-05-04 08:00:05,344 INFO  /etc/tedge/device-certs/tedge-certificate.pem
2022-05-04 08:00:05,344 INFO  thin-edge-io.eu-latest.cumulocity.com
2022-05-04 08:00:05,344 INFO  /etc/ssl/certs
2022-05-04 08:00:05,344 INFO  thinedge-gh-ci.azure-devices.net
2022-05-04 08:00:05,344 INFO  /etc/ssl/certs/Baltimore_CyberTrust_Root.pem
2022-05-04 08:00:05,396 INFO  Executed sudo<tedge_unset_config_key>, exit status 0
2022-05-04 08:00:05,448 INFO  Executed sudo<tedge_unset_config_key>, exit status 0
2022-05-04 08:00:05,500 INFO  Executed sudo<tedge_unset_config_key>, exit status 0
2022-05-04 08:00:05,602 INFO  Executed sudo<tedge_unset_config_key>, exit status 0
2022-05-04 08:00:05,655 INFO  Executed sudo<tedge_unset_config_key>, exit status 0
2022-05-04 08:00:05,707 INFO  Executed sudo<tedge_unset_config_key>, exit status 0
2022-05-04 08:00:05,758 INFO  Executed sudo<tedge_get_config_key>, exit status 0
2022-05-04 08:00:05,759 INFO  Assert that (expect == valueread) with expect="/etc/tedge/device-certs/tedge-private-key.pem", valueread="/etc/tedge/device-certs/tedge-private-key.pem" ... passed
2022-05-04 08:00:05,810 INFO  Executed sudo<tedge_get_config_key>, exit status 0
2022-05-04 08:00:05,810 INFO  Assert that (expect == valueread) with expect="/etc/tedge/device-certs/tedge-certificate.pem", valueread="/etc/tedge/device-certs/tedge-certificate.pem" ... passed
2022-05-04 08:00:05,861 INFO  Executed sudo<tedge_get_config_key>, exit status 0
2022-05-04 08:00:05,862 INFO  Assert that (expect == valueread) with expect=None, valueread=None ... passed
2022-05-04 08:00:05,913 INFO  Executed sudo<tedge_get_config_key>, exit status 0
2022-05-04 08:00:05,914 INFO  Assert that (expect == valueread) with expect="/etc/ssl/certs", valueread="/etc/ssl/certs" ... passed
2022-05-04 08:00:05,966 INFO  Executed sudo<tedge_get_config_key>, exit status 0
2022-05-04 08:00:05,967 INFO  Assert that (expect == valueread) with expect=None, valueread=None ... passed
2022-05-04 08:00:06,018 INFO  Executed sudo<tedge_get_config_key>, exit status 0
2022-05-04 08:00:06,019 INFO  Assert that (expect == valueread) with expect="/etc/ssl/certs", valueread="/etc/ssl/certs" ... passed
2022-05-04 08:00:06,071 INFO  Executed sudo<tedge_set_config_key>, exit status 0
2022-05-04 08:00:06,123 INFO  Executed sudo<tedge_get_config_key>, exit status 0
2022-05-04 08:00:06,124 INFO  Assert that (value == vread) with value="failfailfail", vread="failfailfail" ... passed
2022-05-04 08:00:06,226 INFO  Executed sudo<tedge_set_config_key>, exit status 0
2022-05-04 08:00:06,278 INFO  Executed sudo<tedge_get_config_key>, exit status 0
2022-05-04 08:00:06,278 INFO  Assert that (value == vread) with value="failfailfail", vread="failfailfail" ... passed
2022-05-04 08:00:06,330 INFO  Executed sudo<tedge_set_config_key>, exit status 0
2022-05-04 08:00:06,382 INFO  Executed sudo<tedge_get_config_key>, exit status 0
2022-05-04 08:00:06,383 INFO  Assert that (value == vread) with value="failfailfail", vread="failfailfail" ... passed
2022-05-04 08:00:06,434 INFO  Executed sudo<tedge_set_config_key>, exit status 0
2022-05-04 08:00:06,486 INFO  Executed sudo<tedge_get_config_key>, exit status 0
2022-05-04 08:00:06,487 INFO  Assert that (value == vread) with value="failfailfail", vread="failfailfail" ... passed
2022-05-04 08:00:06,539 INFO  Executed sudo<tedge_set_config_key>, exit status 0
2022-05-04 08:00:06,592 INFO  Executed sudo<tedge_get_config_key>, exit status 0
2022-05-04 08:00:06,592 INFO  Assert that (value == vread) with value="failfailfail", vread="failfailfail" ... passed
2022-05-04 08:00:06,644 INFO  Executed sudo<tedge_set_config_key>, exit status 0
2022-05-04 08:00:06,695 INFO  Executed sudo<tedge_get_config_key>, exit status 0
2022-05-04 08:00:06,696 INFO  Assert that (value == vread) with value="failfailfail", vread="failfailfail" ... passed
2022-05-04 08:00:06,748 INFO  Executed sudo<tedge_set_config_key>, exit status 0
2022-05-04 08:00:06,800 INFO  Executed sudo<tedge_set_config_key>, exit status 0
2022-05-04 08:00:06,852 INFO  Executed sudo<tedge_set_config_key>, exit status 0
2022-05-04 08:00:06,904 INFO  Executed sudo<tedge_set_config_key>, exit status 0
2022-05-04 08:00:06,956 INFO  Executed sudo<tedge_set_config_key>, exit status 0
2022-05-04 08:00:07,008 INFO  Executed sudo<tedge_set_config_key>, exit status 0
2022-05-04 08:00:07,008 INFO  /etc/tedge/device-certs/tedge-private-key.pem
2022-05-04 08:00:07,008 INFO  /etc/tedge/device-certs/tedge-certificate.pem
2022-05-04 08:00:07,008 INFO  thin-edge-io.eu-latest.cumulocity.com
2022-05-04 08:00:07,008 INFO  /etc/ssl/certs
2022-05-04 08:00:07,008 INFO  thinedge-gh-ci.azure-devices.net
2022-05-04 08:00:07,008 INFO  /etc/ssl/certs/Baltimore_CyberTrust_Root.pem
2022-05-04 08:00:07,060 INFO  Executed sudo<tedge_get_config_key>, exit status 0
2022-05-04 08:00:07,061 INFO  Assert that (valueold == valuenew) with valueold="/etc/tedge/device-certs/tedge-private-key.pem", valuenew="/etc/tedge/device-certs/tedge-private-key.pem" ... passed
2022-05-04 08:00:07,113 INFO  Executed sudo<tedge_get_config_key>, exit status 0
2022-05-04 08:00:07,113 INFO  Assert that (valueold == valuenew) with valueold="/etc/tedge/device-certs/tedge-certificate.pem", valuenew="/etc/tedge/device-certs/tedge-certificate.pem" ... passed
2022-05-04 08:00:07,165 INFO  Executed sudo<tedge_get_config_key>, exit status 0
2022-05-04 08:00:07,166 INFO  Assert that (valueold == valuenew) with valueold="thin-edge-io.eu-latest.cumulocity.com", valuenew="thin-edge-io.eu-latest.cumulocity.com" ... passed
2022-05-04 08:00:07,218 INFO  Executed sudo<tedge_get_config_key>, exit status 0
2022-05-04 08:00:07,219 INFO  Assert that (valueold == valuenew) with valueold="/etc/ssl/certs", valuenew="/etc/ssl/certs" ... passed
2022-05-04 08:00:07,270 INFO  Executed sudo<tedge_get_config_key>, exit status 0
2022-05-04 08:00:07,271 INFO  Assert that (valueold == valuenew) with valueold="thinedge-gh-ci.azure-devices.net", valuenew="thinedge-gh-ci.azure-devices.net" ... passed
2022-05-04 08:00:07,323 INFO  Executed sudo<tedge_get_config_key>, exit status 0
2022-05-04 08:00:07,323 INFO  Assert that (valueold == valuenew) with valueold="/etc/ssl/certs/Baltimore_CyberTrust_Root.pem", valuenew="/etc/ssl/certs/Baltimore_CyberTrust_Root.pem" ... passed
2022-05-04 08:00:07,375 INFO  Executed sudo<tedge_unset_device_id>, exit status 1
2022-05-04 08:00:07,427 INFO  Executed sudo<tedge_set_device_id>, exit status 1
2022-05-04 08:00:07,429 INFO  
2022-05-04 08:00:07,429 INFO  Test duration: 2.50 secs
2022-05-04 08:00:07,429 INFO  Test final outcome:  PASSED
2022-05-04 08:00:07,429 INFO  
