2022-04-11 09:54:08,531 INFO  ==============================================================
2022-04-11 09:54:08,533 INFO  Id:    c8y_restart_bridge
2022-04-11 09:54:08,534 INFO  Dir:   tedge_connect/
2022-04-11 09:54:08,535 INFO  Title: Bridge restart
2022-04-11 09:54:08,536 DEBUG Execution order hint: 0.0
2022-04-11 09:54:08,536 INFO  ==============================================================
2022-04-11 09:54:08,553 DEBUG EnvironmentC8y Setup
2022-04-11 09:54:08,554 INFO  EnvironmentC8y Setup
2022-04-11 09:54:08,556 DEBUG Process parameters for systemctl<serv_mapper1>
  command line : /usr/bin/systemctl status tedge-mapper-c8y
    arg #1     : status
    arg #2     : tedge-mapper-c8y
  working dir  : /home/pi/actions-runner/_work/thin-edge.io/thin-edge.io/tests/PySys/tedge_connect/c8y_restart_bridge/Output/linux
  stdout       : /home/pi/actions-runner/_work/thin-edge.io/thin-edge.io/tests/PySys/tedge_connect/c8y_restart_bridge/Output/linux/serv_mapper1.out
  stderr       : /home/pi/actions-runner/_work/thin-edge.io/thin-edge.io/tests/PySys/tedge_connect/c8y_restart_bridge/Output/linux/serv_mapper1.err
  environment  : LD_LIBRARY_PATH=/usr/lib
  environment  : PATH=/bin:/usr/bin:/usr/sbin:/usr/local/bin
                   #1  /bin
                   #2  /usr/bin
                   #3  /usr/sbin
                   #4  /usr/local/bin
2022-04-11 09:54:08,566 DEBUG Waiting up to 600 secs for process systemctl<serv_mapper1> (pid 396)
2022-04-11 09:54:09,175 INFO  Executed systemctl<serv_mapper1>, exit status 3
2022-04-11 09:54:09,284 DEBUG Process parameters for sudo<tedge_connect_c8y>
  command line : /usr/bin/sudo /usr/bin/tedge connect c8y
    arg #1     : /usr/bin/tedge
    arg #2     : connect
    arg #3     : c8y
  working dir  : /home/pi/actions-runner/_work/thin-edge.io/thin-edge.io/tests/PySys/tedge_connect/c8y_restart_bridge/Output/linux
  stdout       : /home/pi/actions-runner/_work/thin-edge.io/thin-edge.io/tests/PySys/tedge_connect/c8y_restart_bridge/Output/linux/tedge_connect_c8y.out
  stderr       : /home/pi/actions-runner/_work/thin-edge.io/thin-edge.io/tests/PySys/tedge_connect/c8y_restart_bridge/Output/linux/tedge_connect_c8y.err
  environment  : LD_LIBRARY_PATH=/usr/lib
  environment  : PATH=/bin:/usr/bin:/usr/sbin:/usr/local/bin
                   #1  /bin
                   #2  /usr/bin
                   #3  /usr/sbin
                   #4  /usr/local/bin
2022-04-11 09:54:09,293 DEBUG Waiting up to 600 secs for process sudo<tedge_connect_c8y> (pid 401)
2022-04-11 09:54:23,402 INFO  Executed sudo<tedge_connect_c8y>, exit status 0, duration 14 secs
2022-04-11 09:54:23,406 DEBUG Process parameters for sudo<tedge_connect_c8y_test>
  command line : /usr/bin/sudo /usr/bin/tedge connect c8y --test
    arg #1     : /usr/bin/tedge
    arg #2     : connect
    arg #3     : c8y
    arg #4     : --test
  working dir  : /home/pi/actions-runner/_work/thin-edge.io/thin-edge.io/tests/PySys/tedge_connect/c8y_restart_bridge/Output/linux
  stdout       : /home/pi/actions-runner/_work/thin-edge.io/thin-edge.io/tests/PySys/tedge_connect/c8y_restart_bridge/Output/linux/tedge_connect_c8y_test.out
  stderr       : /home/pi/actions-runner/_work/thin-edge.io/thin-edge.io/tests/PySys/tedge_connect/c8y_restart_bridge/Output/linux/tedge_connect_c8y_test.err
  environment  : LD_LIBRARY_PATH=/usr/lib
  environment  : PATH=/bin:/usr/bin:/usr/sbin:/usr/local/bin
                   #1  /bin
                   #2  /usr/bin
                   #3  /usr/sbin
                   #4  /usr/local/bin
2022-04-11 09:54:23,417 DEBUG Waiting up to 600 secs for process sudo<tedge_connect_c8y_test> (pid 507)
2022-04-11 09:54:24,078 INFO  Executed sudo<tedge_connect_c8y_test>, exit status 0
2022-04-11 09:54:24,080 DEBUG Process parameters for systemctl<serv_mosq2>
  command line : /usr/bin/systemctl status mosquitto
    arg #1     : status
    arg #2     : mosquitto
  working dir  : /home/pi/actions-runner/_work/thin-edge.io/thin-edge.io/tests/PySys/tedge_connect/c8y_restart_bridge/Output/linux
  stdout       : /home/pi/actions-runner/_work/thin-edge.io/thin-edge.io/tests/PySys/tedge_connect/c8y_restart_bridge/Output/linux/serv_mosq2.out
  stderr       : /home/pi/actions-runner/_work/thin-edge.io/thin-edge.io/tests/PySys/tedge_connect/c8y_restart_bridge/Output/linux/serv_mosq2.err
  environment  : LD_LIBRARY_PATH=/usr/lib
  environment  : PATH=/bin:/usr/bin:/usr/sbin:/usr/local/bin
                   #1  /bin
                   #2  /usr/bin
                   #3  /usr/sbin
                   #4  /usr/local/bin
2022-04-11 09:54:24,089 DEBUG Waiting up to 600 secs for process systemctl<serv_mosq2> (pid 515)
2022-04-11 09:54:24,547 INFO  Executed systemctl<serv_mosq2>, exit status 0
2022-04-11 09:54:24,549 DEBUG Process parameters for systemctl<serv_mapper3>
  command line : /usr/bin/systemctl status tedge-mapper-c8y
    arg #1     : status
    arg #2     : tedge-mapper-c8y
  working dir  : /home/pi/actions-runner/_work/thin-edge.io/thin-edge.io/tests/PySys/tedge_connect/c8y_restart_bridge/Output/linux
  stdout       : /home/pi/actions-runner/_work/thin-edge.io/thin-edge.io/tests/PySys/tedge_connect/c8y_restart_bridge/Output/linux/serv_mapper3.out
  stderr       : /home/pi/actions-runner/_work/thin-edge.io/thin-edge.io/tests/PySys/tedge_connect/c8y_restart_bridge/Output/linux/serv_mapper3.err
  environment  : LD_LIBRARY_PATH=/usr/lib
  environment  : PATH=/bin:/usr/bin:/usr/sbin:/usr/local/bin
                   #1  /bin
                   #2  /usr/bin
                   #3  /usr/sbin
                   #4  /usr/local/bin
2022-04-11 09:54:24,557 DEBUG Waiting up to 600 secs for process systemctl<serv_mapper3> (pid 516)
2022-04-11 09:54:25,016 INFO  Executed systemctl<serv_mapper3>, exit status 0
2022-04-11 09:54:25,017 INFO  Setup
2022-04-11 09:54:25,018 DEBUG --- test execute
2022-04-11 09:54:25,019 DEBUG EnvironmentC8y Execute
2022-04-11 09:54:25,019 INFO  Execute (empty in this case as we test the c8y enviroment)
2022-04-11 09:54:25,020 DEBUG --- test validate
2022-04-11 09:54:25,021 DEBUG EnvironmentC8y Validate
2022-04-11 09:54:25,023 DEBUG Process parameters for systemctl<serv_mosq>
  command line : /usr/bin/systemctl status mosquitto
    arg #1     : status
    arg #2     : mosquitto
  working dir  : /home/pi/actions-runner/_work/thin-edge.io/thin-edge.io/tests/PySys/tedge_connect/c8y_restart_bridge/Output/linux
  stdout       : /home/pi/actions-runner/_work/thin-edge.io/thin-edge.io/tests/PySys/tedge_connect/c8y_restart_bridge/Output/linux/serv_mosq.out
  stderr       : /home/pi/actions-runner/_work/thin-edge.io/thin-edge.io/tests/PySys/tedge_connect/c8y_restart_bridge/Output/linux/serv_mosq.err
  environment  : LD_LIBRARY_PATH=/usr/lib
  environment  : PATH=/bin:/usr/bin:/usr/sbin:/usr/local/bin
                   #1  /bin
                   #2  /usr/bin
                   #3  /usr/sbin
                   #4  /usr/local/bin
2022-04-11 09:54:25,031 DEBUG Waiting up to 600 secs for process systemctl<serv_mosq> (pid 517)
2022-04-11 09:54:25,488 INFO  Executed systemctl<serv_mosq>, exit status 0
2022-04-11 09:54:25,491 DEBUG Process parameters for systemctl<serv_mapper4>
  command line : /usr/bin/systemctl status tedge-mapper-c8y
    arg #1     : status
    arg #2     : tedge-mapper-c8y
  working dir  : /home/pi/actions-runner/_work/thin-edge.io/thin-edge.io/tests/PySys/tedge_connect/c8y_restart_bridge/Output/linux
  stdout       : /home/pi/actions-runner/_work/thin-edge.io/thin-edge.io/tests/PySys/tedge_connect/c8y_restart_bridge/Output/linux/serv_mapper4.out
  stderr       : /home/pi/actions-runner/_work/thin-edge.io/thin-edge.io/tests/PySys/tedge_connect/c8y_restart_bridge/Output/linux/serv_mapper4.err
  environment  : LD_LIBRARY_PATH=/usr/lib
  environment  : PATH=/bin:/usr/bin:/usr/sbin:/usr/local/bin
                   #1  /bin
                   #2  /usr/bin
                   #3  /usr/sbin
                   #4  /usr/local/bin
2022-04-11 09:54:25,499 DEBUG Waiting up to 600 secs for process systemctl<serv_mapper4> (pid 518)
2022-04-11 09:54:25,961 INFO  Executed systemctl<serv_mapper4>, exit status 0
2022-04-11 09:54:25,962 INFO  Validate
2022-04-11 09:54:25,963 DEBUG Performing regex contains=True grep on file: /home/pi/actions-runner/_work/thin-edge.io/thin-edge.io/tests/PySys/tedge_connect/c8y_restart_bridge/Output/linux/tedge_connect_c8y.out
2022-04-11 09:54:25,968 DEBUG Grep on file tedge_connect_c8y.out successfully matched expression "Connection check is successful." with line: 'Connection check is successful.\n'
2022-04-11 09:54:25,970 INFO  Grep on file tedge_connect_c8y.out ... passed
2022-04-11 09:54:25,971 DEBUG Performing regex contains=False grep on file: /home/pi/actions-runner/_work/thin-edge.io/thin-edge.io/tests/PySys/tedge_connect/c8y_restart_bridge/Output/linux/tedge_connect_c8y.out
2022-04-11 09:54:25,978 INFO  Grep on file tedge_connect_c8y.out ... passed
2022-04-11 09:54:25,985 DEBUG --- test cleanup
2022-04-11 09:54:25,986 INFO  
2022-04-11 09:54:25,987 INFO  cleanup:
2022-04-11 09:54:25,988 DEBUG Running registered cleanup function: <bound method RestartBridge.mycleanup of <RestartBridge object at 0x76102c70>>
2022-04-11 09:54:25,988 INFO  MyCleanup
2022-04-11 09:54:25,989 DEBUG Running registered cleanup function: <bound method EnvironmentC8y.myenvcleanup of <RestartBridge object at 0x76102c70>>
2022-04-11 09:54:25,990 DEBUG EnvironmentC8y Cleanup
2022-04-11 09:54:26,098 DEBUG Process parameters for sudo<tedge_disconnect_c8y>
  command line : /usr/bin/sudo /usr/bin/tedge disconnect c8y
    arg #1     : /usr/bin/tedge
    arg #2     : disconnect
    arg #3     : c8y
  working dir  : /home/pi/actions-runner/_work/thin-edge.io/thin-edge.io/tests/PySys/tedge_connect/c8y_restart_bridge/Output/linux
  stdout       : /home/pi/actions-runner/_work/thin-edge.io/thin-edge.io/tests/PySys/tedge_connect/c8y_restart_bridge/Output/linux/tedge_disconnect_c8y.out
  stderr       : /home/pi/actions-runner/_work/thin-edge.io/thin-edge.io/tests/PySys/tedge_connect/c8y_restart_bridge/Output/linux/tedge_disconnect_c8y.err
  environment  : LD_LIBRARY_PATH=/usr/lib
  environment  : PATH=/bin:/usr/bin:/usr/sbin:/usr/local/bin
                   #1  /bin
                   #2  /usr/bin
                   #3  /usr/sbin
                   #4  /usr/local/bin
2022-04-11 09:54:26,108 DEBUG Waiting up to 600 secs for process sudo<tedge_disconnect_c8y> (pid 525)
2022-04-11 09:54:29,823 INFO  Executed sudo<tedge_disconnect_c8y>, exit status 0
2022-04-11 09:54:29,825 DEBUG Process parameters for systemctl<serv_mapper5>
  command line : /usr/bin/systemctl status tedge-mapper-c8y
    arg #1     : status
    arg #2     : tedge-mapper-c8y
  working dir  : /home/pi/actions-runner/_work/thin-edge.io/thin-edge.io/tests/PySys/tedge_connect/c8y_restart_bridge/Output/linux
  stdout       : /home/pi/actions-runner/_work/thin-edge.io/thin-edge.io/tests/PySys/tedge_connect/c8y_restart_bridge/Output/linux/serv_mapper5.out
  stderr       : /home/pi/actions-runner/_work/thin-edge.io/thin-edge.io/tests/PySys/tedge_connect/c8y_restart_bridge/Output/linux/serv_mapper5.err
  environment  : LD_LIBRARY_PATH=/usr/lib
  environment  : PATH=/bin:/usr/bin:/usr/sbin:/usr/local/bin
                   #1  /bin
                   #2  /usr/bin
                   #3  /usr/sbin
                   #4  /usr/local/bin
2022-04-11 09:54:29,833 DEBUG Waiting up to 600 secs for process systemctl<serv_mapper5> (pid 567)
2022-04-11 09:54:30,390 INFO  Executed systemctl<serv_mapper5>, exit status 3
2022-04-11 09:54:30,391 DEBUG ProcessUser cleanup function done.
2022-04-11 09:54:30,395 INFO  
2022-04-11 09:54:30,395 INFO  Test duration: 21.87 secs
2022-04-11 09:54:30,396 INFO  Test final outcome:  PASSED
2022-04-11 09:54:30,397 INFO  
