2022-05-10 19:45:39,559 INFO  ==============================================================
2022-05-10 19:45:39,559 INFO  Id:    SoftwareManagement.Plugin.apama_plugin_remove
2022-05-10 19:45:39,559 INFO  Dir:   plugin_apama/
2022-05-10 19:45:39,559 INFO  Title: Validate apama plugin remove
2022-05-10 19:45:39,559 INFO  ==============================================================
2022-05-10 19:45:39,560 INFO  Assertion that path exists=False for "/etc/tedge/apama/project" ... passed
2022-05-10 19:45:39,662 INFO  Executed sudo<create_project_dir>, exit status 0
2022-05-10 19:45:39,764 INFO  Executed sudo<unzip_apama_project>, exit status 0
2022-05-10 19:45:39,868 INFO  Executed sudo<move_apama_project>, exit status 0
2022-05-10 19:45:40,020 INFO  Executed sudo<restart_apama_service>, exit status 0
2022-05-10 19:45:40,021 INFO  Assertion that path exists=True for "/etc/tedge/apama/project" ... passed
2022-05-10 19:45:40,978 INFO  Executed sudo<plugin_remove>, exit status 0
2022-05-10 19:45:40,978 INFO  Assertion that path exists=False for "/etc/tedge/apama/project" ... passed
2022-05-10 19:45:40,979 INFO  
2022-05-10 19:45:40,979 INFO  cleanup:
2022-05-10 19:45:41,081 INFO  Executed sudo<remove_apama_tmp_dir>, exit status 0
2022-05-10 19:45:41,082 INFO  
2022-05-10 19:45:41,082 INFO  Test duration: 1.52 secs
2022-05-10 19:45:41,082 INFO  Test final outcome:  PASSED
2022-05-10 19:45:41,082 INFO  
