2022-04-28 08:17:45,112 INFO  ==============================================================
2022-04-28 08:17:45,113 INFO  Id:    docker_plugin_install_with_version
2022-04-28 08:17:45,115 INFO  Dir:   plugin_docker/
2022-04-28 08:17:45,115 INFO  Title: Validate docker plugin install
2022-04-28 08:17:45,116 INFO  ==============================================================
2022-04-28 08:17:45,934 INFO  Executed sudo<docker_images>, exit status 0
2022-04-28 08:17:45,939 INFO  Grep on file /home/pi/actions-runner/_work/thin-edge.io/thin-edge.io/tests/PySys/plugin_docker/docker_plugin_install_with_version/Output/linux/docker_images.out ... passed
2022-04-28 08:18:09,680 INFO  Executed sudo<plugin_install>, exit status 0, duration 23 secs
2022-04-28 08:18:10,855 INFO  Executed sudo<docker_ps_latest>, exit status 0
2022-04-28 08:18:11,824 INFO  Executed sudo<docker_ps>, exit status 0
2022-04-28 08:18:11,832 INFO  Grep on file /home/pi/actions-runner/_work/thin-edge.io/thin-edge.io/tests/PySys/plugin_docker/docker_plugin_install_with_version/Output/linux/docker_ps.out ... passed
2022-04-28 08:18:11,839 INFO  
2022-04-28 08:18:11,841 INFO  cleanup:
2022-04-28 08:18:11,842 INFO  Removing containers scheduled to be cleaned up: ['0d1e47139bd4', 'fea800e12953']
2022-04-28 08:18:14,832 WARN  Executed sudo<containers_for_cleanup>, exit status 1
2022-04-28 08:18:14,834 INFO  Removing images scheduled to be cleaned up: ['registry', 'registry', 'registry:2.7.1']
2022-04-28 08:18:18,497 INFO  Executed sudo<containers_for_cleanup>, exit status 0
2022-04-28 08:18:18,501 INFO  
2022-04-28 08:18:18,502 INFO  Test duration: 33.39 secs
2022-04-28 08:18:18,503 INFO  Test final outcome:  PASSED
2022-04-28 08:18:18,504 INFO  
