2022-05-09 16:56:21,224 INFO  ==============================================================
2022-05-09 16:56:21,225 INFO  Id:    SoftwareManagement.sm_apt_install_remove
2022-05-09 16:56:21,226 INFO  Dir:   software_management_end_to_end/
2022-05-09 16:56:21,227 INFO  Title: Validate end to end behaviour for the apt plugin for installation and removal of packages
2022-05-09 16:56:21,228 INFO  ==============================================================
2022-05-09 16:56:21,252 INFO  Using sw id database: {'asciijump': '5475369', 'robotfindskitten': '5474869', 'squirrel3': '5475279', 'rolldice': '5152439', 'moon-buggy': '5439204', 'apple': '5495053', 'banana': '5494888', 'cherry': '5495382', 'watermelon': '5494510', 'registry': '8018911', 'hello-world': '8021526', 'docker/getting-started': '8021973', 'alpine': '7991792'}
2022-05-09 16:56:21,253 INFO  EnvironmentC8y Setup
2022-05-09 16:56:21,923 INFO  Executed systemctl<serv_mapper1>, exit status 3
2022-05-09 16:56:22,088 INFO  Restarting mosquitto too frequently in the last 10 seconds. It was only up for 5 seconds
2022-05-09 16:56:22,090 INFO  Delaying execution by 6 seconds
2022-05-09 16:56:42,372 INFO  Executed sudo<tedge_connect_c8y>, exit status 0, duration 14 secs
2022-05-09 16:56:42,990 INFO  Executed sudo<tedge_connect_c8y_test>, exit status 0
2022-05-09 16:56:43,504 INFO  Executed systemctl<serv_mosq2>, exit status 0
2022-05-09 16:56:43,971 INFO  Executed systemctl<serv_mapper3>, exit status 0
2022-05-09 16:56:46,193 INFO  State of current operation: FAILED
2022-05-09 16:56:46,680 INFO  Assert that (False == value) with value=False ... passed
2022-05-09 16:56:46,898 INFO  Response status: 201
2022-05-09 16:56:46,900 INFO  Response to action: {
    "delivery": {
        "time": "2022-05-09T16:56:46.871Z",
        "log": [],
        "status": "PENDING"
    },
    "creationTime": "2022-05-09T16:56:46.859Z",
    "deviceName": "mythicd",
    "deviceId": "18560094",
    "self": "https://t493319102.eu-latest.cumulocity.com/devicecontrol/operations/18564960",
    "id": "18564960",
    "status": "PENDING",
    "description": "Apply software changes, triggered from PySys: [{'name': 'rolldice', 'id': '5152439', 'version': '::apt', 'url': '', 'action': 'install'}]",
    "c8y_SoftwareUpdate": [
        {
            "name": "rolldice",
            "action": "install",
            "id": "5152439",
            "version": "::apt",
            "url": ""
        }
    ]
}
2022-05-09 16:56:46,900 INFO  Started operation: {'delivery': {'time': '2022-05-09T16:56:46.871Z', 'log': [], 'status': 'PENDING'}, 'creationTime': '2022-05-09T16:56:46.859Z', 'deviceName': 'mythicd', 'deviceId': '18560094', 'self': 'https://t493319102.eu-latest.cumulocity.com/devicecontrol/operations/18564960', 'id': '18564960', 'status': 'PENDING', 'description': "Apply software changes, triggered from PySys: [{'name': 'rolldice', 'id': '5152439', 'version': '::apt', 'url': '', 'action': 'install'}]", 'c8y_SoftwareUpdate': [{'name': 'rolldice', 'action': 'install', 'id': '5152439', 'version': '::apt', 'url': ''}]}
2022-05-09 16:56:49,119 INFO  State of operation 18564960 : PENDING
2022-05-09 16:56:51,393 INFO  State of operation 18564960 : EXECUTING
2022-05-09 16:56:53,619 INFO  State of operation 18564960 : EXECUTING
2022-05-09 16:56:55,853 INFO  State of operation 18564960 : EXECUTING
2022-05-09 16:56:58,062 INFO  State of operation 18564960 : EXECUTING
2022-05-09 16:57:00,280 INFO  State of operation 18564960 : EXECUTING
2022-05-09 16:57:02,899 INFO  State of operation 18564960 : EXECUTING
2022-05-09 16:57:05,557 INFO  State of operation 18564960 : EXECUTING
2022-05-09 16:57:08,050 INFO  State of operation 18564960 : EXECUTING
2022-05-09 16:57:10,493 INFO  State of operation 18564960 : EXECUTING
2022-05-09 16:57:12,739 INFO  State of operation 18564960 : EXECUTING
2022-05-09 16:57:14,971 INFO  State of operation 18564960 : EXECUTING
2022-05-09 16:57:17,185 INFO  State of operation 18564960 : EXECUTING
2022-05-09 16:57:19,413 INFO  State of operation 18564960 : EXECUTING
2022-05-09 16:57:21,647 INFO  State of operation 18564960 : EXECUTING
2022-05-09 16:57:23,857 INFO  State of operation 18564960 : EXECUTING
2022-05-09 16:57:26,100 INFO  State of operation 18564960 : EXECUTING
2022-05-09 16:57:28,563 INFO  State of operation 18564960 : EXECUTING
2022-05-09 16:57:30,825 INFO  State of operation 18564960 : EXECUTING
2022-05-09 16:57:33,350 INFO  State of operation 18564960 : EXECUTING
2022-05-09 16:57:35,575 INFO  State of operation 18564960 : EXECUTING
2022-05-09 16:57:37,882 INFO  State of operation 18564960 : EXECUTING
2022-05-09 16:57:40,138 INFO  State of operation 18564960 : EXECUTING
2022-05-09 16:57:42,788 INFO  State of operation 18564960 : EXECUTING
2022-05-09 16:57:45,074 INFO  State of operation 18564960 : EXECUTING
2022-05-09 16:57:47,821 INFO  State of operation 18564960 : EXECUTING
2022-05-09 16:57:50,351 INFO  State of operation 18564960 : EXECUTING
2022-05-09 16:57:52,577 INFO  State of operation 18564960 : EXECUTING
2022-05-09 16:57:54,787 INFO  State of operation 18564960 : EXECUTING
2022-05-09 16:57:56,997 INFO  State of operation 18564960 : EXECUTING
2022-05-09 16:57:59,212 INFO  State of operation 18564960 : EXECUTING
2022-05-09 16:58:01,492 INFO  State of operation 18564960 : EXECUTING
2022-05-09 16:58:03,792 INFO  State of operation 18564960 : EXECUTING
2022-05-09 16:58:06,422 INFO  State of operation 18564960 : EXECUTING
2022-05-09 16:58:08,639 INFO  State of operation 18564960 : EXECUTING
2022-05-09 16:58:10,851 INFO  State of operation 18564960 : EXECUTING
2022-05-09 16:58:13,058 INFO  State of operation 18564960 : SUCCESSFUL
2022-05-09 16:58:13,306 INFO  Package rolldice is installed
2022-05-09 16:58:13,308 INFO  Assert that (True == value) with value=True ... passed
2022-05-09 16:58:13,530 INFO  Response status: 201
2022-05-09 16:58:13,532 INFO  Response to action: {
    "delivery": {
        "time": "2022-05-09T16:58:13.503Z",
        "log": [],
        "status": "PENDING"
    },
    "creationTime": "2022-05-09T16:58:13.489Z",
    "deviceName": "mythicd",
    "deviceId": "18560094",
    "self": "https://t493319102.eu-latest.cumulocity.com/devicecontrol/operations/18564966",
    "id": "18564966",
    "status": "PENDING",
    "description": "Apply software changes, triggered from PySys: [{'name': 'rolldice', 'id': '5152439', 'version': '::apt', 'url': '', 'action': 'delete'}]",
    "c8y_SoftwareUpdate": [
        {
            "name": "rolldice",
            "action": "delete",
            "id": "5152439",
            "version": "::apt",
            "url": ""
        }
    ]
}
2022-05-09 16:58:13,533 INFO  Started operation: {'delivery': {'time': '2022-05-09T16:58:13.503Z', 'log': [], 'status': 'PENDING'}, 'creationTime': '2022-05-09T16:58:13.489Z', 'deviceName': 'mythicd', 'deviceId': '18560094', 'self': 'https://t493319102.eu-latest.cumulocity.com/devicecontrol/operations/18564966', 'id': '18564966', 'status': 'PENDING', 'description': "Apply software changes, triggered from PySys: [{'name': 'rolldice', 'id': '5152439', 'version': '::apt', 'url': '', 'action': 'delete'}]", 'c8y_SoftwareUpdate': [{'name': 'rolldice', 'action': 'delete', 'id': '5152439', 'version': '::apt', 'url': ''}]}
2022-05-09 16:58:15,747 INFO  State of operation 18564966 : PENDING
2022-05-09 16:58:17,964 INFO  State of operation 18564966 : EXECUTING
2022-05-09 16:58:20,185 INFO  State of operation 18564966 : EXECUTING
2022-05-09 16:58:22,469 INFO  State of operation 18564966 : EXECUTING
2022-05-09 16:58:24,677 INFO  State of operation 18564966 : EXECUTING
2022-05-09 16:58:26,897 INFO  State of operation 18564966 : EXECUTING
2022-05-09 16:58:29,795 INFO  State of operation 18564966 : EXECUTING
2022-05-09 16:58:32,059 INFO  State of operation 18564966 : EXECUTING
2022-05-09 16:58:34,971 INFO  State of operation 18564966 : EXECUTING
2022-05-09 16:58:37,404 INFO  State of operation 18564966 : EXECUTING
2022-05-09 16:58:39,615 INFO  State of operation 18564966 : EXECUTING
2022-05-09 16:58:41,876 INFO  State of operation 18564966 : EXECUTING
2022-05-09 16:58:44,107 INFO  State of operation 18564966 : EXECUTING
2022-05-09 16:58:46,323 INFO  State of operation 18564966 : EXECUTING
2022-05-09 16:58:48,636 INFO  State of operation 18564966 : EXECUTING
2022-05-09 16:58:50,978 INFO  State of operation 18564966 : EXECUTING
2022-05-09 16:58:53,623 INFO  State of operation 18564966 : EXECUTING
2022-05-09 16:58:55,940 INFO  State of operation 18564966 : EXECUTING
2022-05-09 16:58:58,304 INFO  State of operation 18564966 : EXECUTING
2022-05-09 16:59:00,528 INFO  State of operation 18564966 : EXECUTING
2022-05-09 16:59:02,773 INFO  State of operation 18564966 : EXECUTING
2022-05-09 16:59:04,984 INFO  State of operation 18564966 : EXECUTING
2022-05-09 16:59:07,196 INFO  State of operation 18564966 : SUCCESSFUL
2022-05-09 16:59:07,443 INFO  Assert that (False == value) with value=False ... passed
2022-05-09 16:59:07,454 INFO  
2022-05-09 16:59:07,455 INFO  cleanup:
2022-05-09 16:59:11,540 INFO  Executed sudo<tedge_disconnect_c8y>, exit status 0
2022-05-09 16:59:12,159 INFO  Executed systemctl<serv_mapper5>, exit status 3
2022-05-09 16:59:12,167 INFO  
2022-05-09 16:59:12,168 INFO  Test duration: 170.96 secs
2022-05-09 16:59:12,170 INFO  Test final outcome:  PASSED
2022-05-09 16:59:12,172 INFO  
