2022-05-03 08:10:07,981 INFO  ==============================================================
2022-05-03 08:10:07,982 INFO  Id:    tedge_mapper_c8y_child_device_measurement
2022-05-03 08:10:07,983 INFO  Dir:   tedge_mapper_c8y/
2022-05-03 08:10:07,984 INFO  Title: Validate that measurements sent to tedge/measurements/child topic gets mapped as the child device's measurement in Cumulocity
2022-05-03 08:10:07,985 INFO  ==============================================================
2022-05-03 08:10:08,473 INFO  EnvironmentC8y Setup
2022-05-03 08:10:09,184 INFO  Executed systemctl<serv_mapper1>, exit status 3
2022-05-03 08:10:09,295 INFO  Restarting mosquitto too frequently in the last 10 seconds. It was only up for 7 seconds
2022-05-03 08:10:09,297 INFO  Delaying execution by 4 seconds
2022-05-03 08:10:31,247 INFO  Executed sudo<tedge_connect_c8y>, exit status 0, duration 17 secs
2022-05-03 08:10:31,911 INFO  Executed sudo<tedge_connect_c8y_test>, exit status 0
2022-05-03 08:10:32,425 INFO  Executed systemctl<serv_mosq2>, exit status 0
2022-05-03 08:10:32,987 INFO  Executed systemctl<serv_mapper3>, exit status 0
2022-05-03 08:10:33,692 INFO  Assert that (actual == expected) with actual=None, expected=None ... passed
2022-05-03 08:10:34,103 INFO  Executed tedge_pub, exit status 0
2022-05-03 08:10:34,565 INFO  Executed tedge_pub, exit status 0
2022-05-03 08:10:35,228 INFO  Executed tedge_pub, exit status 0
2022-05-03 08:10:35,791 INFO  Executed tedge_pub, exit status 0
2022-05-03 08:10:36,251 INFO  Executed tedge_pub, exit status 0
2022-05-03 08:10:38,882 INFO  {
    "self": "https://t493319102.eu-latest.cumulocity.com/measurement/measurements/18260280",
    "time": "2022-05-03T08:10:36.201Z",
    "id": "18260280",
    "source": {
        "self": "https://t493319102.eu-latest.cumulocity.com/inventory/managedObjects/18260274",
        "id": "18260274"
    },
    "type": "ThinEdgeMeasurement",
    "temperature": {
        "temperature": {
            "value": 10.0
        }
    }
}
2022-05-03 08:10:38,884 INFO  Assert that (actual == expected) with actual="ThinEdgeMeasurement", expected="ThinEdgeMeasurement" ... passed
2022-05-03 08:10:38,886 INFO  Assert that (actual == expected) with actual=10.0, expected=10 ... passed
2022-05-03 08:10:38,887 INFO  {
    "self": "https://t493319102.eu-latest.cumulocity.com/measurement/measurements/18260276",
    "time": "2022-05-03T08:10:34.512Z",
    "id": "18260276",
    "source": {
        "self": "https://t493319102.eu-latest.cumulocity.com/inventory/managedObjects/18260274",
        "id": "18260274"
    },
    "type": "ThinEdgeMeasurement",
    "temperature": {
        "temperature": {
            "value": 11.0
        }
    }
}
2022-05-03 08:10:38,888 INFO  Assert that (actual == expected) with actual="ThinEdgeMeasurement", expected="ThinEdgeMeasurement" ... passed
2022-05-03 08:10:38,890 INFO  Assert that (actual == expected) with actual=11.0, expected=11 ... passed
2022-05-03 08:10:38,891 INFO  {
    "self": "https://t493319102.eu-latest.cumulocity.com/measurement/measurements/18260275",
    "time": "2021-01-01T10:10:10.100+02:00",
    "id": "18260275",
    "source": {
        "self": "https://t493319102.eu-latest.cumulocity.com/inventory/managedObjects/18260274",
        "id": "18260274"
    },
    "type": "ThinEdgeMeasurement",
    "temperature": {
        "temperature": {
            "value": 12.0
        }
    }
}
2022-05-03 08:10:38,892 INFO  Assert that (actual == expected) with actual="ThinEdgeMeasurement", expected="ThinEdgeMeasurement" ... passed
2022-05-03 08:10:38,894 INFO  Assert that (actual == expected) with actual=12.0, expected=12 ... passed
2022-05-03 08:10:38,895 INFO  Assert that (actual == expected) with actual="2021-01-01T10:10:10.100+02:00", expected="2021-01-01T10:10:10.100+02:00" ... passed
2022-05-03 08:10:39,111 INFO  {
    "self": "https://t493319102.eu-latest.cumulocity.com/measurement/measurements/18260279",
    "time": "2022-05-03T08:10:35.786Z",
    "id": "18260279",
    "source": {
        "self": "https://t493319102.eu-latest.cumulocity.com/inventory/managedObjects/18260278",
        "id": "18260278"
    },
    "type": "ThinEdgeMeasurement",
    "temperature": {
        "temperature": {
            "value": 6.0
        }
    }
}
2022-05-03 08:10:39,113 INFO  Assert that (actual == expected) with actual="ThinEdgeMeasurement", expected="ThinEdgeMeasurement" ... passed
2022-05-03 08:10:39,114 INFO  Assert that (actual == expected) with actual=6.0, expected=6 ... passed
2022-05-03 08:10:39,329 INFO  {
    "self": "https://t493319102.eu-latest.cumulocity.com/measurement/measurements/18260277",
    "time": "2022-05-03T08:10:35.213Z",
    "id": "18260277",
    "source": {
        "self": "https://t493319102.eu-latest.cumulocity.com/inventory/managedObjects/18246155",
        "id": "18246155"
    },
    "type": "ThinEdgeMeasurement",
    "temperature": {
        "temperature": {
            "value": 5.0
        }
    }
}
2022-05-03 08:10:39,331 INFO  Assert that (actual == expected) with actual="ThinEdgeMeasurement", expected="ThinEdgeMeasurement" ... passed
2022-05-03 08:10:39,332 INFO  Assert that (actual == expected) with actual=5.0, expected=5 ... passed
2022-05-03 08:10:39,339 INFO  
2022-05-03 08:10:39,340 INFO  cleanup:
2022-05-03 08:10:45,490 INFO  Executed sudo<tedge_disconnect_c8y>, exit status 0
2022-05-03 08:10:46,107 INFO  Executed systemctl<serv_mapper5>, exit status 3
2022-05-03 08:10:46,112 INFO  
2022-05-03 08:10:46,113 INFO  Test duration: 38.14 secs
2022-05-03 08:10:46,115 INFO  Test final outcome:  PASSED
2022-05-03 08:10:46,116 INFO  
