2022-04-29 10:21:31,285 INFO  ==============================================================
2022-04-29 10:21:31,286 INFO  Id:    SoftwareManagement.sm_apt_install_remove_multiple_mixed
2022-04-29 10:21:31,287 INFO  Dir:   software_management_end_to_end/
2022-04-29 10:21:31,288 INFO  Title: Validate end to end behaviour for the apt plugin for multiple packages with mixed versions
2022-04-29 10:21:31,289 INFO  ==============================================================
2022-04-29 10:21:31,319 INFO  Using sw id database: {'asciijump': '5475369', 'robotfindskitten': '5474869', 'squirrel3': '5475279', 'rolldice': '5152439', 'moon-buggy': '5439204', 'apple': '5495053', 'banana': '5494888', 'cherry': '5495382', 'watermelon': '5494510', 'registry': '8018911', 'hello-world': '8021526', 'docker/getting-started': '8021973', 'alpine': '7991792'}
2022-04-29 10:21:31,321 INFO  EnvironmentC8y Setup
2022-04-29 10:21:31,987 INFO  Executed systemctl<serv_mapper1>, exit status 3
2022-04-29 10:21:32,108 INFO  Restarting mosquitto too frequently in the last 10 seconds. It was only up for 5 seconds
2022-04-29 10:21:32,110 INFO  Delaying execution by 6 seconds
2022-04-29 10:21:52,436 INFO  Executed sudo<tedge_connect_c8y>, exit status 0, duration 14 secs
2022-04-29 10:21:53,030 INFO  Executed sudo<tedge_connect_c8y_test>, exit status 0
2022-04-29 10:21:53,503 INFO  Executed systemctl<serv_mosq2>, exit status 0
2022-04-29 10:21:53,966 INFO  Executed systemctl<serv_mapper3>, exit status 0
2022-04-29 10:21:56,188 INFO  State of current operation: SUCCESSFUL
2022-04-29 10:21:56,437 INFO  Assert that (False == value) with value=False ... passed
2022-04-29 10:21:56,693 INFO  Assert that (False == value) with value=False ... passed
2022-04-29 10:21:56,944 INFO  Assert that (False == value) with value=False ... passed
2022-04-29 10:21:57,176 INFO  Assert that (False == value) with value=False ... passed
2022-04-29 10:21:57,401 INFO  Package moon-buggy is installed
2022-04-29 10:21:57,437 WARN  Assert that (False == value) with value=True ... failed 
2022-04-29 10:21:58,727 INFO  Response status: 201
2022-04-29 10:21:58,729 INFO  Response to action: {
    "creationTime": "2022-04-29T10:21:58.662Z",
    "deviceName": "mythica",
    "deviceId": "17944105",
    "self": "https://t493319102.eu-latest.cumulocity.com/devicecontrol/operations/17963010",
    "id": "17963010",
    "status": "PENDING",
    "description": "Apply software changes, triggered from PySys: [{'action': 'install', 'id': '5475369', 'name': 'asciijump', 'url': ' ', 'version': '::apt'}, {'action': 'install', 'id': '5474869', 'name': 'robotfindskitten', 'url': ' ', 'version': ' '}, {'action': 'install', 'id': '5475279', 'name': 'squirrel3', 'url': ' ', 'version': '3.1-7::apt'}, {'action': 'install', 'id': '5152439', 'name': 'rolldice', 'url': ' ', 'version': '1.16-1+b1'}, {'action': 'install', 'id': '5439204', 'name': 'moon-buggy', 'url': ' ', 'version': '1:1.0.51-12'}, {'action': 'install', 'id': '5475369', 'name': 'asciijump', 'url': ' ', 'version': '::apt'}]",
    "c8y_SoftwareUpdate": [
        {
            "name": "asciijump",
            "action": "install",
            "id": "5475369",
            "version": "::apt",
            "url": " "
        },
        {
            "name": "robotfindskitten",
            "action": "install",
            "id": "5474869",
            "version": " ",
            "url": " "
        },
        {
            "name": "squirrel3",
            "action": "install",
            "id": "5475279",
            "version": "3.1-7::apt",
            "url": " "
        },
        {
            "name": "rolldice",
            "action": "install",
            "id": "5152439",
            "version": "1.16-1+b1",
            "url": " "
        },
        {
            "name": "moon-buggy",
            "action": "install",
            "id": "5439204",
            "version": "1:1.0.51-12",
            "url": " "
        },
        {
            "name": "asciijump",
            "action": "install",
            "id": "5475369",
            "version": "::apt",
            "url": " "
        }
    ]
}
2022-04-29 10:21:58,731 INFO  Started operation: {'creationTime': '2022-04-29T10:21:58.662Z', 'deviceName': 'mythica', 'deviceId': '17944105', 'self': 'https://t493319102.eu-latest.cumulocity.com/devicecontrol/operations/17963010', 'id': '17963010', 'status': 'PENDING', 'description': "Apply software changes, triggered from PySys: [{'action': 'install', 'id': '5475369', 'name': 'asciijump', 'url': ' ', 'version': '::apt'}, {'action': 'install', 'id': '5474869', 'name': 'robotfindskitten', 'url': ' ', 'version': ' '}, {'action': 'install', 'id': '5475279', 'name': 'squirrel3', 'url': ' ', 'version': '3.1-7::apt'}, {'action': 'install', 'id': '5152439', 'name': 'rolldice', 'url': ' ', 'version': '1.16-1+b1'}, {'action': 'install', 'id': '5439204', 'name': 'moon-buggy', 'url': ' ', 'version': '1:1.0.51-12'}, {'action': 'install', 'id': '5475369', 'name': 'asciijump', 'url': ' ', 'version': '::apt'}]", 'c8y_SoftwareUpdate': [{'name': 'asciijump', 'action': 'install', 'id': '5475369', 'version': '::apt', 'url': ' '}, {'name': 'robotfindskitten', 'action': 'install', 'id': '5474869', 'version': ' ', 'url': ' '}, {'name': 'squirrel3', 'action': 'install', 'id': '5475279', 'version': '3.1-7::apt', 'url': ' '}, {'name': 'rolldice', 'action': 'install', 'id': '5152439', 'version': '1.16-1+b1', 'url': ' '}, {'name': 'moon-buggy', 'action': 'install', 'id': '5439204', 'version': '1:1.0.51-12', 'url': ' '}, {'name': 'asciijump', 'action': 'install', 'id': '5475369', 'version': '::apt', 'url': ' '}]}
2022-04-29 10:22:00,952 INFO  State of operation 17963010 : PENDING
2022-04-29 10:22:03,183 INFO  State of operation 17963010 : EXECUTING
2022-04-29 10:22:05,391 INFO  State of operation 17963010 : EXECUTING
2022-04-29 10:22:07,611 INFO  State of operation 17963010 : EXECUTING
2022-04-29 10:22:09,863 INFO  State of operation 17963010 : EXECUTING
2022-04-29 10:22:12,088 INFO  State of operation 17963010 : EXECUTING
2022-04-29 10:22:14,870 INFO  State of operation 17963010 : EXECUTING
2022-04-29 10:22:17,803 INFO  State of operation 17963010 : EXECUTING
2022-04-29 10:22:20,078 INFO  State of operation 17963010 : EXECUTING
2022-04-29 10:22:22,563 INFO  State of operation 17963010 : EXECUTING
2022-04-29 10:22:24,784 INFO  State of operation 17963010 : EXECUTING
2022-04-29 10:22:27,021 INFO  State of operation 17963010 : EXECUTING
2022-04-29 10:22:29,292 INFO  State of operation 17963010 : EXECUTING
2022-04-29 10:22:31,555 INFO  State of operation 17963010 : EXECUTING
2022-04-29 10:22:33,813 INFO  State of operation 17963010 : EXECUTING
2022-04-29 10:22:36,097 INFO  State of operation 17963010 : EXECUTING
2022-04-29 10:22:38,465 INFO  State of operation 17963010 : EXECUTING
2022-04-29 10:22:40,796 INFO  State of operation 17963010 : EXECUTING
2022-04-29 10:22:43,492 INFO  State of operation 17963010 : EXECUTING
2022-04-29 10:22:45,742 INFO  State of operation 17963010 : EXECUTING
2022-04-29 10:22:47,952 INFO  State of operation 17963010 : EXECUTING
2022-04-29 10:22:50,224 INFO  State of operation 17963010 : EXECUTING
2022-04-29 10:22:52,522 INFO  State of operation 17963010 : EXECUTING
2022-04-29 10:22:54,743 INFO  State of operation 17963010 : EXECUTING
2022-04-29 10:22:57,731 INFO  State of operation 17963010 : EXECUTING
2022-04-29 10:22:59,980 INFO  State of operation 17963010 : EXECUTING
2022-04-29 10:23:03,115 INFO  State of operation 17963010 : EXECUTING
2022-04-29 10:23:05,340 INFO  State of operation 17963010 : EXECUTING
2022-04-29 10:23:07,752 INFO  State of operation 17963010 : EXECUTING
2022-04-29 10:23:09,986 INFO  State of operation 17963010 : EXECUTING
2022-04-29 10:23:12,355 INFO  State of operation 17963010 : EXECUTING
2022-04-29 10:23:14,583 INFO  State of operation 17963010 : EXECUTING
2022-04-29 10:23:16,797 INFO  State of operation 17963010 : EXECUTING
2022-04-29 10:23:19,092 INFO  State of operation 17963010 : EXECUTING
2022-04-29 10:23:21,336 INFO  State of operation 17963010 : EXECUTING
2022-04-29 10:23:23,548 INFO  State of operation 17963010 : EXECUTING
2022-04-29 10:23:25,757 INFO  State of operation 17963010 : EXECUTING
2022-04-29 10:23:27,969 INFO  State of operation 17963010 : EXECUTING
2022-04-29 10:23:30,729 INFO  State of operation 17963010 : EXECUTING
2022-04-29 10:23:33,452 INFO  State of operation 17963010 : EXECUTING
2022-04-29 10:23:35,677 INFO  State of operation 17963010 : EXECUTING
2022-04-29 10:23:38,120 INFO  State of operation 17963010 : EXECUTING
2022-04-29 10:23:40,349 INFO  State of operation 17963010 : EXECUTING
2022-04-29 10:23:42,568 INFO  State of operation 17963010 : EXECUTING
2022-04-29 10:23:44,784 INFO  State of operation 17963010 : EXECUTING
2022-04-29 10:23:47,004 INFO  State of operation 17963010 : EXECUTING
2022-04-29 10:23:49,462 INFO  State of operation 17963010 : EXECUTING
2022-04-29 10:23:51,887 INFO  State of operation 17963010 : EXECUTING
2022-04-29 10:23:54,266 INFO  State of operation 17963010 : EXECUTING
2022-04-29 10:23:57,113 INFO  State of operation 17963010 : EXECUTING
2022-04-29 10:23:59,381 INFO  State of operation 17963010 : EXECUTING
2022-04-29 10:24:01,628 INFO  State of operation 17963010 : EXECUTING
2022-04-29 10:24:03,846 INFO  State of operation 17963010 : EXECUTING
2022-04-29 10:24:06,467 INFO  State of operation 17963010 : EXECUTING
2022-04-29 10:24:08,695 INFO  State of operation 17963010 : EXECUTING
2022-04-29 10:24:11,480 INFO  State of operation 17963010 : EXECUTING
2022-04-29 10:24:13,686 INFO  State of operation 17963010 : EXECUTING
2022-04-29 10:24:16,359 INFO  State of operation 17963010 : EXECUTING
2022-04-29 10:24:18,573 INFO  State of operation 17963010 : EXECUTING
2022-04-29 10:24:21,287 INFO  State of operation 17963010 : EXECUTING
2022-04-29 10:24:23,514 INFO  State of operation 17963010 : EXECUTING
2022-04-29 10:24:25,517 WARN  SystemError occurred while running test - Timeout while waiting for status SUCCESSFUL or False
Traceback (most recent call last):
  File "/home/pi/env-pysys/lib/python3.7/site-packages/pysys/baserunner.py", line 1294, in __call__
    self.testObj.execute()
  File "/home/pi/actions-runner/_work/thin-edge.io/thin-edge.io/tests/PySys/software_management_end_to_end/sm_apt_install_remove_multiple_mixed/run.py", line 89, in execute
    self.wait_until_succcess()
  File "/home/pi/actions-runner/_work/thin-edge.io/thin-edge.io/tests/PySys/software_management_end_to_end/environment_sm_management.py", line 324, in wait_until_succcess
    self.wait_until_status("SUCCESSFUL")
  File "/home/pi/actions-runner/_work/thin-edge.io/thin-edge.io/tests/PySys/software_management_end_to_end/environment_sm_management.py", line 381, in wait_until_status
    "Timeout while waiting for status %s or %s" % (status, status2)
SystemError: Timeout while waiting for status SUCCESSFUL or False
2022-04-29 10:24:25,713 WARN  SystemError: Timeout while waiting for status SUCCESSFUL or False ... blocked 
2022-04-29 10:24:25,714 INFO  
2022-04-29 10:24:25,715 INFO  cleanup:
2022-04-29 10:24:31,395 INFO  Executed sudo<tedge_disconnect_c8y>, exit status 0
2022-04-29 10:24:31,958 INFO  Executed systemctl<serv_mapper5>, exit status 3
2022-04-29 10:24:31,962 INFO  
2022-04-29 10:24:31,963 INFO  Test duration: 180.69 secs
2022-04-29 10:24:31,964 INFO  Test final outcome:  BLOCKED
2022-04-29 10:24:31,965 INFO  Test outcome reason: SystemError: Timeout while waiting for status SUCCESSFUL or False (+1 other failures)
2022-04-29 10:24:31,966 INFO  
