2022-05-23 10:22:05,848 INFO  ==============================================================
2022-05-23 10:22:05,849 INFO  Id:    SoftwareManagement.sm_apt_install_remove_default
2022-05-23 10:22:05,851 INFO  Dir:   software_management_end_to_end/
2022-05-23 10:22:05,851 INFO  Title: Validate end to end behaviour for the default plugin for installation and removal of packages
2022-05-23 10:22:05,852 INFO  ==============================================================
2022-05-23 10:22:05,859 INFO  Using sw id database: {'asciijump': '5475369', 'robotfindskitten': '5474869', 'squirrel3': '5475279', 'rolldice': '5152439', 'moon-buggy': '5439204', 'apple': '5495053', 'banana': '5494888', 'cherry': '5495382', 'watermelon': '5494510', 'registry': '8018911', 'hello-world': '8021526', 'docker/getting-started': '8021973', 'alpine': '7991792'}
2022-05-23 10:22:05,860 INFO  EnvironmentC8y Setup
2022-05-23 10:22:06,422 INFO  Executed systemctl<serv_mapper1>, exit status 3
2022-05-23 10:22:06,528 INFO  Restarting mosquitto too frequently in the last 10 seconds. It was only up for 4 seconds
2022-05-23 10:22:06,529 INFO  Delaying execution by 7 seconds
2022-05-23 10:22:28,498 INFO  Executed sudo<tedge_connect_c8y>, exit status 0, duration 14 secs
2022-05-23 10:22:29,115 INFO  Executed sudo<tedge_connect_c8y_test>, exit status 0
2022-05-23 10:22:29,630 INFO  Executed systemctl<serv_mosq2>, exit status 0
2022-05-23 10:22:30,144 INFO  Executed systemctl<serv_mapper3>, exit status 0
2022-05-23 10:22:32,375 INFO  State of current operation: SUCCESSFUL
2022-05-23 10:22:32,626 INFO  Assert that (False == value) with value=False ... passed
2022-05-23 10:22:32,863 INFO  Response status: 201
2022-05-23 10:22:32,865 INFO  Response to action: {
    "creationTime": "2022-05-23T10:22:32.814Z",
    "deviceId": "19484863",
    "deviceName": "mythica",
    "self": "https://t493319102.eu-latest.cumulocity.com/devicecontrol/operations/19512760",
    "id": "19512760",
    "status": "PENDING",
    "description": "Apply software changes, triggered from PySys: [{'name': 'rolldice', 'id': '5152439', 'version': ' ', 'url': '', 'action': 'install'}]",
    "c8y_SoftwareUpdate": [
        {
            "name": "rolldice",
            "action": "install",
            "id": "5152439",
            "version": " ",
            "url": ""
        }
    ]
}
2022-05-23 10:22:32,865 INFO  Started operation: {'creationTime': '2022-05-23T10:22:32.814Z', 'deviceId': '19484863', 'deviceName': 'mythica', 'self': 'https://t493319102.eu-latest.cumulocity.com/devicecontrol/operations/19512760', 'id': '19512760', 'status': 'PENDING', 'description': "Apply software changes, triggered from PySys: [{'name': 'rolldice', 'id': '5152439', 'version': ' ', 'url': '', 'action': 'install'}]", 'c8y_SoftwareUpdate': [{'name': 'rolldice', 'action': 'install', 'id': '5152439', 'version': ' ', 'url': ''}]}
2022-05-23 10:22:35,096 INFO  State of operation 19512760 : PENDING
2022-05-23 10:22:37,323 INFO  State of operation 19512760 : EXECUTING
2022-05-23 10:22:39,542 INFO  State of operation 19512760 : EXECUTING
2022-05-23 10:22:41,766 INFO  State of operation 19512760 : EXECUTING
2022-05-23 10:22:43,987 INFO  State of operation 19512760 : EXECUTING
2022-05-23 10:22:46,207 INFO  State of operation 19512760 : EXECUTING
2022-05-23 10:22:48,853 INFO  State of operation 19512760 : EXECUTING
2022-05-23 10:22:51,131 INFO  State of operation 19512760 : EXECUTING
2022-05-23 10:22:53,862 INFO  State of operation 19512760 : EXECUTING
2022-05-23 10:22:56,184 INFO  State of operation 19512760 : EXECUTING
2022-05-23 10:22:58,396 INFO  State of operation 19512760 : EXECUTING
2022-05-23 10:23:00,668 INFO  State of operation 19512760 : EXECUTING
2022-05-23 10:23:02,894 INFO  State of operation 19512760 : EXECUTING
2022-05-23 10:23:05,383 INFO  State of operation 19512760 : EXECUTING
2022-05-23 10:23:07,753 INFO  State of operation 19512760 : EXECUTING
2022-05-23 10:23:10,217 INFO  State of operation 19512760 : EXECUTING
2022-05-23 10:23:12,946 INFO  State of operation 19512760 : EXECUTING
2022-05-23 10:23:15,174 INFO  State of operation 19512760 : EXECUTING
2022-05-23 10:23:17,404 INFO  State of operation 19512760 : EXECUTING
2022-05-23 10:23:19,619 INFO  State of operation 19512760 : EXECUTING
2022-05-23 10:23:21,997 INFO  State of operation 19512760 : EXECUTING
2022-05-23 10:23:24,227 INFO  State of operation 19512760 : EXECUTING
2022-05-23 10:23:26,849 INFO  State of operation 19512760 : EXECUTING
2022-05-23 10:23:29,064 INFO  State of operation 19512760 : EXECUTING
2022-05-23 10:23:31,289 INFO  State of operation 19512760 : EXECUTING
2022-05-23 10:23:33,534 INFO  State of operation 19512760 : EXECUTING
2022-05-23 10:23:35,748 INFO  State of operation 19512760 : EXECUTING
2022-05-23 10:23:37,969 INFO  State of operation 19512760 : EXECUTING
2022-05-23 10:23:40,274 INFO  State of operation 19512760 : EXECUTING
2022-05-23 10:23:42,750 INFO  State of operation 19512760 : EXECUTING
2022-05-23 10:23:45,009 INFO  State of operation 19512760 : EXECUTING
2022-05-23 10:23:47,231 INFO  State of operation 19512760 : EXECUTING
2022-05-23 10:23:49,442 INFO  State of operation 19512760 : EXECUTING
2022-05-23 10:23:51,652 INFO  State of operation 19512760 : SUCCESSFUL
2022-05-23 10:23:51,884 INFO  Package rolldice is installed
2022-05-23 10:23:51,886 INFO  Assert that (True == value) with value=True ... passed
2022-05-23 10:23:52,113 INFO  Response status: 201
2022-05-23 10:23:52,115 INFO  Response to action: {
    "creationTime": "2022-05-23T10:23:52.068Z",
    "deviceId": "19484863",
    "deviceName": "mythica",
    "self": "https://t493319102.eu-latest.cumulocity.com/devicecontrol/operations/19512776",
    "id": "19512776",
    "status": "PENDING",
    "description": "Apply software changes, triggered from PySys: [{'name': 'rolldice', 'id': '5152439', 'version': ' ', 'url': '', 'action': 'delete'}]",
    "c8y_SoftwareUpdate": [
        {
            "name": "rolldice",
            "action": "delete",
            "id": "5152439",
            "version": " ",
            "url": ""
        }
    ]
}
2022-05-23 10:23:52,115 INFO  Started operation: {'creationTime': '2022-05-23T10:23:52.068Z', 'deviceId': '19484863', 'deviceName': 'mythica', 'self': 'https://t493319102.eu-latest.cumulocity.com/devicecontrol/operations/19512776', 'id': '19512776', 'status': 'PENDING', 'description': "Apply software changes, triggered from PySys: [{'name': 'rolldice', 'id': '5152439', 'version': ' ', 'url': '', 'action': 'delete'}]", 'c8y_SoftwareUpdate': [{'name': 'rolldice', 'action': 'delete', 'id': '5152439', 'version': ' ', 'url': ''}]}
2022-05-23 10:23:54,327 INFO  State of operation 19512776 : PENDING
2022-05-23 10:23:56,561 INFO  State of operation 19512776 : EXECUTING
2022-05-23 10:23:58,785 INFO  State of operation 19512776 : EXECUTING
2022-05-23 10:24:01,039 INFO  State of operation 19512776 : EXECUTING
2022-05-23 10:24:03,251 INFO  State of operation 19512776 : EXECUTING
2022-05-23 10:24:05,570 INFO  State of operation 19512776 : EXECUTING
2022-05-23 10:24:08,325 INFO  State of operation 19512776 : EXECUTING
2022-05-23 10:24:11,267 INFO  State of operation 19512776 : EXECUTING
2022-05-23 10:24:13,525 INFO  State of operation 19512776 : EXECUTING
2022-05-23 10:24:15,860 INFO  State of operation 19512776 : EXECUTING
2022-05-23 10:24:18,078 INFO  State of operation 19512776 : EXECUTING
2022-05-23 10:24:20,347 INFO  State of operation 19512776 : EXECUTING
2022-05-23 10:24:22,635 INFO  State of operation 19512776 : EXECUTING
2022-05-23 10:24:24,875 INFO  State of operation 19512776 : EXECUTING
2022-05-23 10:24:27,258 INFO  State of operation 19512776 : EXECUTING
2022-05-23 10:24:29,608 INFO  State of operation 19512776 : EXECUTING
2022-05-23 10:24:32,228 INFO  State of operation 19512776 : EXECUTING
2022-05-23 10:24:34,667 INFO  State of operation 19512776 : EXECUTING
2022-05-23 10:24:36,881 INFO  State of operation 19512776 : EXECUTING
2022-05-23 10:24:39,099 INFO  State of operation 19512776 : EXECUTING
2022-05-23 10:24:41,326 INFO  State of operation 19512776 : EXECUTING
2022-05-23 10:24:43,542 INFO  State of operation 19512776 : EXECUTING
2022-05-23 10:24:45,754 INFO  State of operation 19512776 : SUCCESSFUL
2022-05-23 10:24:45,976 INFO  Assert that (False == value) with value=False ... passed
2022-05-23 10:24:45,988 INFO  
2022-05-23 10:24:45,989 INFO  cleanup:
2022-05-23 10:24:50,544 INFO  Executed sudo<tedge_disconnect_c8y>, exit status 0
2022-05-23 10:24:51,168 INFO  Executed systemctl<serv_mapper5>, exit status 3
2022-05-23 10:24:51,172 INFO  
2022-05-23 10:24:51,173 INFO  Test duration: 165.34 secs
2022-05-23 10:24:51,175 INFO  Test final outcome:  PASSED
2022-05-23 10:24:51,175 INFO  
