2022-04-11 09:40:53,780 INFO  ==============================================================
2022-04-11 09:40:53,781 INFO  Id:    mqtt_port_unset
2022-04-11 09:40:53,783 INFO  Dir:   misc_features/
2022-04-11 09:40:53,783 INFO  Title: mqtt port unset
2022-04-11 09:40:53,784 DEBUG Execution order hint: 0.0
2022-04-11 09:40:53,785 INFO  ==============================================================
2022-04-11 09:40:53,813 DEBUG Process parameters for sudo<mqtt_port_set>
  command line : /usr/bin/sudo /usr/bin/tedge config set mqtt.port 8880
    arg #1     : /usr/bin/tedge
    arg #2     : config
    arg #3     : set
    arg #4     : mqtt.port
    arg #5     : 8880
  working dir  : /home/pi/actions-runner/_work/thin-edge.io/thin-edge.io/tests/PySys/misc_features/mqtt_port_unset/Output/linux
  stdout       : /home/pi/actions-runner/_work/thin-edge.io/thin-edge.io/tests/PySys/misc_features/mqtt_port_unset/Output/linux/mqtt_port_set.out
  stderr       : /home/pi/actions-runner/_work/thin-edge.io/thin-edge.io/tests/PySys/misc_features/mqtt_port_unset/Output/linux/mqtt_port_set.err
  environment  : LD_LIBRARY_PATH=/usr/lib
  environment  : PATH=/bin:/usr/bin:/usr/sbin:/usr/local/bin
                   #1  /bin
                   #2  /usr/bin
                   #3  /usr/sbin
                   #4  /usr/local/bin
2022-04-11 09:40:53,821 DEBUG Waiting up to 600 secs for process sudo<mqtt_port_set> (pid 18549)
2022-04-11 09:40:54,331 INFO  Executed sudo<mqtt_port_set>, exit status 0
2022-04-11 09:40:54,332 DEBUG --- test execute
2022-04-11 09:40:54,334 DEBUG Process parameters for sudo<mqtt_port_unset>
  command line : /usr/bin/sudo /usr/bin/tedge config unset mqtt.port
    arg #1     : /usr/bin/tedge
    arg #2     : config
    arg #3     : unset
    arg #4     : mqtt.port
  working dir  : /home/pi/actions-runner/_work/thin-edge.io/thin-edge.io/tests/PySys/misc_features/mqtt_port_unset/Output/linux
  stdout       : /home/pi/actions-runner/_work/thin-edge.io/thin-edge.io/tests/PySys/misc_features/mqtt_port_unset/Output/linux/mqtt_port_unset.out
  stderr       : /home/pi/actions-runner/_work/thin-edge.io/thin-edge.io/tests/PySys/misc_features/mqtt_port_unset/Output/linux/mqtt_port_unset.err
  environment  : LD_LIBRARY_PATH=/usr/lib
  environment  : PATH=/bin:/usr/bin:/usr/sbin:/usr/local/bin
                   #1  /bin
                   #2  /usr/bin
                   #3  /usr/sbin
                   #4  /usr/local/bin
2022-04-11 09:40:54,342 DEBUG Waiting up to 600 secs for process sudo<mqtt_port_unset> (pid 18551)
2022-04-11 09:40:54,848 INFO  Executed sudo<mqtt_port_unset>, exit status 0
2022-04-11 09:40:54,849 DEBUG --- test validate
2022-04-11 09:40:54,852 DEBUG Process parameters for sudo<tedge_get>
  command line : /usr/bin/sudo /usr/bin/tedge config list
    arg #1     : /usr/bin/tedge
    arg #2     : config
    arg #3     : list
  working dir  : /home/pi/actions-runner/_work/thin-edge.io/thin-edge.io/tests/PySys/misc_features/mqtt_port_unset/Output/linux
  stdout       : /home/pi/actions-runner/_work/thin-edge.io/thin-edge.io/tests/PySys/misc_features/mqtt_port_unset/Output/linux/tedge_get.out
  stderr       : /home/pi/actions-runner/_work/thin-edge.io/thin-edge.io/tests/PySys/misc_features/mqtt_port_unset/Output/linux/tedge_get.err
  environment  : LD_LIBRARY_PATH=/usr/lib
  environment  : PATH=/bin:/usr/bin:/usr/sbin:/usr/local/bin
                   #1  /bin
                   #2  /usr/bin
                   #3  /usr/sbin
                   #4  /usr/local/bin
2022-04-11 09:40:54,859 DEBUG Waiting up to 600 secs for process sudo<tedge_get> (pid 18553)
2022-04-11 09:40:55,366 INFO  Executed sudo<tedge_get>, exit status 0
2022-04-11 09:40:55,367 DEBUG Performing regex contains=True grep on file: /home/pi/actions-runner/_work/thin-edge.io/thin-edge.io/tests/PySys/misc_features/mqtt_port_unset/Output/linux/tedge_get.out
2022-04-11 09:40:55,372 DEBUG Grep on file tedge_get.out successfully matched expression "mqtt.port=1883" with line: 'mqtt.port=1883\n'
2022-04-11 09:40:55,374 INFO  Grep on file tedge_get.out ... passed
2022-04-11 09:40:55,379 DEBUG --- test cleanup
2022-04-11 09:40:55,380 DEBUG ProcessUser cleanup function done.
2022-04-11 09:40:55,383 INFO  
2022-04-11 09:40:55,384 INFO  Test duration: 1.61 secs
2022-04-11 09:40:55,385 INFO  Test final outcome:  PASSED
2022-04-11 09:40:55,386 INFO  
