2022-04-12 10:03:32,318 INFO  ==============================================================
2022-04-12 10:03:32,319 INFO  Id:    SoftwareManagement.sm_fake_install_remove
2022-04-12 10:03:32,320 INFO  Dir:   software_management_end_to_end/
2022-04-12 10:03:32,321 INFO  Title: Validate end to end behaviour for the dummy plugin for installation and removal of packages
2022-04-12 10:03:32,321 INFO  ==============================================================
2022-04-12 10:03:32,327 INFO  Using sw id database: {'asciijump': '5475369', 'robotfindskitten': '5474869', 'squirrel3': '5475279', 'rolldice': '5152439', 'moon-buggy': '5439204', 'apple': '5495053', 'banana': '5494888', 'cherry': '5495382', 'watermelon': '5494510', 'registry': '8018911', 'hello-world': '8021526', 'docker/getting-started': '8021973', 'alpine': '7991792'}
2022-04-12 10:03:32,328 INFO  EnvironmentC8y Setup
2022-04-12 10:03:32,890 INFO  Executed systemctl<serv_mapper1>, exit status 3
2022-04-12 10:03:32,994 INFO  Restarting mosquitto too frequently in the last 10 seconds. It was only up for 5 seconds
2022-04-12 10:03:32,995 INFO  Delaying execution by 6 seconds
2022-04-12 10:03:52,947 INFO  Executed sudo<tedge_connect_c8y>, exit status 0, duration 13 secs
2022-04-12 10:03:53,563 INFO  Executed sudo<tedge_connect_c8y_test>, exit status 0
2022-04-12 10:03:54,045 INFO  Executed systemctl<serv_mosq2>, exit status 0
2022-04-12 10:03:54,529 INFO  Executed systemctl<serv_mapper3>, exit status 0
2022-04-12 10:03:56,772 INFO  State of current operation: PENDING
2022-04-12 10:03:58,994 INFO  State of current operation: PENDING
2022-04-12 10:04:01,218 INFO  State of current operation: PENDING
2022-04-12 10:04:03,454 INFO  State of current operation: PENDING
2022-04-12 10:04:05,674 INFO  State of current operation: PENDING
2022-04-12 10:04:07,897 INFO  State of current operation: PENDING
2022-04-12 10:04:10,125 INFO  State of current operation: PENDING
2022-04-12 10:04:12,359 INFO  State of current operation: PENDING
2022-04-12 10:04:14,588 INFO  State of current operation: PENDING
2022-04-12 10:04:16,816 INFO  State of current operation: PENDING
2022-04-12 10:04:19,044 INFO  State of current operation: PENDING
2022-04-12 10:04:21,289 INFO  State of current operation: PENDING
2022-04-12 10:04:23,519 INFO  State of current operation: PENDING
2022-04-12 10:04:25,738 INFO  State of current operation: PENDING
2022-04-12 10:04:27,962 INFO  State of current operation: PENDING
2022-04-12 10:04:30,189 INFO  State of current operation: PENDING
2022-04-12 10:04:32,426 INFO  State of current operation: PENDING
2022-04-12 10:04:34,652 INFO  State of current operation: PENDING
2022-04-12 10:04:36,870 INFO  State of current operation: PENDING
2022-04-12 10:04:39,095 INFO  State of current operation: PENDING
2022-04-12 10:04:41,323 INFO  State of current operation: PENDING
2022-04-12 10:04:43,548 INFO  State of current operation: PENDING
2022-04-12 10:04:45,787 INFO  State of current operation: PENDING
2022-04-12 10:04:48,012 INFO  State of current operation: PENDING
2022-04-12 10:04:50,231 INFO  State of current operation: PENDING
2022-04-12 10:04:52,456 INFO  State of current operation: PENDING
2022-04-12 10:04:54,680 INFO  State of current operation: PENDING
2022-04-12 10:04:56,914 INFO  State of current operation: PENDING
2022-04-12 10:04:59,134 INFO  State of current operation: PENDING
2022-04-12 10:05:01,360 INFO  State of current operation: PENDING
2022-04-12 10:05:03,587 INFO  State of current operation: PENDING
2022-04-12 10:05:05,815 INFO  State of current operation: PENDING
2022-04-12 10:05:08,088 INFO  State of current operation: PENDING
2022-04-12 10:05:10,320 INFO  State of current operation: PENDING
2022-04-12 10:05:12,543 INFO  State of current operation: PENDING
2022-04-12 10:05:14,763 INFO  State of current operation: PENDING
2022-04-12 10:05:16,996 INFO  State of current operation: PENDING
2022-04-12 10:05:19,221 INFO  State of current operation: PENDING
2022-04-12 10:05:21,438 INFO  State of current operation: PENDING
2022-04-12 10:05:23,670 INFO  State of current operation: PENDING
2022-04-12 10:05:25,888 INFO  State of current operation: PENDING
2022-04-12 10:05:28,107 INFO  State of current operation: PENDING
2022-04-12 10:05:30,325 INFO  State of current operation: PENDING
2022-04-12 10:05:32,543 INFO  State of current operation: PENDING
2022-04-12 10:05:34,768 INFO  State of current operation: PENDING
2022-04-12 10:05:37,016 INFO  State of current operation: PENDING
2022-04-12 10:05:39,243 INFO  State of current operation: PENDING
2022-04-12 10:05:41,466 INFO  State of current operation: PENDING
2022-04-12 10:05:43,693 INFO  State of current operation: PENDING
2022-04-12 10:05:45,916 INFO  State of current operation: PENDING
2022-04-12 10:05:48,141 INFO  State of current operation: PENDING
2022-04-12 10:05:50,360 INFO  State of current operation: PENDING
2022-04-12 10:05:52,590 INFO  State of current operation: PENDING
2022-04-12 10:05:54,816 INFO  State of current operation: PENDING
2022-04-12 10:05:57,909 INFO  State of current operation: PENDING
2022-04-12 10:06:00,138 INFO  State of current operation: PENDING
2022-04-12 10:06:02,380 INFO  State of current operation: PENDING
2022-04-12 10:06:04,606 INFO  State of current operation: PENDING
2022-04-12 10:06:06,827 INFO  State of current operation: PENDING
2022-04-12 10:06:09,046 INFO  State of current operation: PENDING
2022-04-12 10:06:11,270 INFO  State of current operation: PENDING
2022-04-12 10:06:13,279 WARN  SystemError occurred while running test - Timeout while waiting for status FAILED or SUCCESSFUL
Traceback (most recent call last):
  File "/home/pi/env-pysys/lib/python3.7/site-packages/pysys/baserunner.py", line 1292, in __call__
    self.testObj.setup()
  File "/home/pi/actions-runner/_work/thin-edge.io/thin-edge.io/tests/PySys/software_management_end_to_end/sm_fake_install_remove/run.py", line 38, in setup
    super().setup()
  File "/home/pi/actions-runner/_work/thin-edge.io/thin-edge.io/tests/PySys/software_management_end_to_end/environment_sm_management.py", line 151, in setup
    self.wait_until_end()
  File "/home/pi/actions-runner/_work/thin-edge.io/thin-edge.io/tests/PySys/software_management_end_to_end/environment_sm_management.py", line 332, in wait_until_end
    self.wait_until_status("FAILED", "SUCCESSFUL")
  File "/home/pi/actions-runner/_work/thin-edge.io/thin-edge.io/tests/PySys/software_management_end_to_end/environment_sm_management.py", line 381, in wait_until_status
    "Timeout while waiting for status %s or %s" % (status, status2)
SystemError: Timeout while waiting for status FAILED or SUCCESSFUL
2022-04-12 10:06:13,310 WARN  SystemError: Timeout while waiting for status FAILED or SUCCESSFUL ... blocked 
2022-04-12 10:06:13,311 INFO  
2022-04-12 10:06:13,312 INFO  cleanup:
2022-04-12 10:06:17,403 INFO  Executed sudo<tedge_disconnect_c8y>, exit status 0
2022-04-12 10:06:17,966 INFO  Executed systemctl<serv_mapper5>, exit status 3
2022-04-12 10:06:17,970 INFO  
2022-04-12 10:06:17,971 INFO  Test duration: 165.66 secs
2022-04-12 10:06:17,972 INFO  Test final outcome:  BLOCKED
2022-04-12 10:06:17,973 INFO  Test outcome reason: SystemError: Timeout while waiting for status FAILED or SUCCESSFUL
2022-04-12 10:06:17,974 INFO  
