2022-04-28 16:21:25,745 INFO  ==============================================================
2022-04-28 16:21:25,746 INFO  Id:    docker_plugin_install_with_version
2022-04-28 16:21:25,748 INFO  Dir:   plugin_docker/
2022-04-28 16:21:25,749 INFO  Title: Validate docker plugin install
2022-04-28 16:21:25,750 INFO  ==============================================================
2022-04-28 16:21:26,569 INFO  Executed sudo<docker_images>, exit status 0
2022-04-28 16:21:26,574 INFO  Grep on file /home/pi/actions-runner/_work/thin-edge.io/thin-edge.io/tests/PySys/plugin_docker/docker_plugin_install_with_version/Output/linux/docker_images.out ... passed
2022-04-28 16:21:50,579 INFO  Executed sudo<plugin_install>, exit status 0, duration 24 secs
2022-04-28 16:21:51,484 INFO  Executed sudo<docker_ps_latest>, exit status 0
2022-04-28 16:21:52,301 INFO  Executed sudo<docker_ps>, exit status 0
2022-04-28 16:21:52,308 INFO  Grep on file /home/pi/actions-runner/_work/thin-edge.io/thin-edge.io/tests/PySys/plugin_docker/docker_plugin_install_with_version/Output/linux/docker_ps.out ... passed
2022-04-28 16:21:52,314 INFO  
2022-04-28 16:21:52,315 INFO  cleanup:
2022-04-28 16:21:52,315 INFO  Removing containers scheduled to be cleaned up: ['500839e1e3de', 'ec64fd658ddc']
2022-04-28 16:21:55,435 WARN  Executed sudo<containers_for_cleanup>, exit status 1
2022-04-28 16:21:55,438 INFO  Removing images scheduled to be cleaned up: ['registry', 'registry', 'registry:2.7.1']
2022-04-28 16:21:59,122 INFO  Executed sudo<containers_for_cleanup>, exit status 0
2022-04-28 16:21:59,126 INFO  
2022-04-28 16:21:59,127 INFO  Test duration: 33.39 secs
2022-04-28 16:21:59,128 INFO  Test final outcome:  PASSED
2022-04-28 16:21:59,129 INFO  
