2022-04-14 06:44:36,101 INFO  ==============================================================
2022-04-14 06:44:36,102 INFO  Id:    apt_fail_noarg
2022-04-14 06:44:36,105 INFO  Dir:   plugin_apt/
2022-04-14 06:44:36,106 INFO  Title: Validate apt plugin fetures(prepare, list, install, remove finalize) without arguments
2022-04-14 06:44:36,107 INFO  ==============================================================
2022-04-14 06:44:37,580 INFO  Executed sudo<outp_install>, exit status 1
2022-04-14 06:44:37,585 INFO  Assert that (value==1) with value=1 ... passed
2022-04-14 06:44:38,096 INFO  Executed sudo<outp_install>, exit status 1
2022-04-14 06:44:38,098 INFO  Assert that (value==1) with value=1 ... passed
2022-04-14 06:44:38,610 INFO  Executed sudo<outp_install>, exit status 1
2022-04-14 06:44:38,612 INFO  Assert that (value==1) with value=1 ... passed
2022-04-14 06:44:39,123 INFO  Executed sudo<outp_install>, exit status 1
2022-04-14 06:44:39,126 INFO  Assert that (value==1) with value=1 ... passed
2022-04-14 06:44:39,637 INFO  Executed sudo<outp_install>, exit status 1
2022-04-14 06:44:39,639 INFO  Assert that (value==1) with value=1 ... passed
2022-04-14 06:44:40,150 INFO  Executed sudo<outp_install>, exit status 1
2022-04-14 06:44:40,153 INFO  Assert that (value==1) with value=1 ... passed
2022-04-14 06:44:40,666 INFO  Executed sudo<outp_install>, exit status 1
2022-04-14 06:44:40,669 INFO  Assert that (value==1) with value=1 ... passed
2022-04-14 06:44:41,153 INFO  Executed sudo<outp_install>, exit status 1
2022-04-14 06:44:41,155 INFO  Assert that (value==1) with value=1 ... passed
2022-04-14 06:44:41,666 INFO  Executed sudo<outp_install>, exit status 1
2022-04-14 06:44:41,669 INFO  Assert that (value==1) with value=1 ... passed
2022-04-14 06:44:42,180 INFO  Executed sudo<outp_install>, exit status 1
2022-04-14 06:44:42,182 INFO  Assert that (value==1) with value=1 ... passed
2022-04-14 06:44:42,191 INFO  
2022-04-14 06:44:42,192 INFO  Test duration: 6.09 secs
2022-04-14 06:44:42,193 INFO  Test final outcome:  PASSED
2022-04-14 06:44:42,194 INFO  
