2022-04-07 16:26:46,010 INFO  ==============================================================
2022-04-07 16:26:46,011 INFO  Id:    call_tedge_-h
2022-04-07 16:26:46,012 INFO  Dir:   tedge/
2022-04-07 16:26:46,013 INFO  Title: Validate command line option -h
2022-04-07 16:26:46,014 DEBUG Execution order hint: 0.0
2022-04-07 16:26:46,015 INFO  ==============================================================
2022-04-07 16:26:46,021 DEBUG --- test execute
2022-04-07 16:26:46,022 DEBUG Process parameters for tedge
  command line : /usr/bin/tedge -h
    arg #1     : -h
  working dir  : /home/pi/actions-runner/_work/thin-edge.io/thin-edge.io/tests/PySys/tedge/call_tedge_-h/Output/linux
  stdout       : /home/pi/actions-runner/_work/thin-edge.io/thin-edge.io/tests/PySys/tedge/call_tedge_-h/Output/linux/tedge.out
  stderr       : /home/pi/actions-runner/_work/thin-edge.io/thin-edge.io/tests/PySys/tedge/call_tedge_-h/Output/linux/tedge.err
  environment  : LD_LIBRARY_PATH=/usr/lib
  environment  : PATH=/bin:/usr/bin:/usr/sbin:/usr/local/bin
                   #1  /bin
                   #2  /usr/bin
                   #3  /usr/sbin
                   #4  /usr/local/bin
2022-04-07 16:26:46,033 DEBUG Waiting up to 600 secs for process tedge (pid 1957)
2022-04-07 16:26:46,440 INFO  Executed tedge, exit status 0
2022-04-07 16:26:46,441 DEBUG --- test validate
2022-04-07 16:26:46,442 DEBUG Performing regex contains=True grep on file: /home/pi/actions-runner/_work/thin-edge.io/thin-edge.io/tests/PySys/tedge/call_tedge_-h/Output/linux/tedge.out
2022-04-07 16:26:46,447 DEBUG Grep on file tedge.out successfully matched expression "USAGE:" with line: 'USAGE:\n'
2022-04-07 16:26:46,448 INFO  Grep on file tedge.out ... passed
2022-04-07 16:26:46,449 DEBUG Performing regex contains=True grep on file: /home/pi/actions-runner/_work/thin-edge.io/thin-edge.io/tests/PySys/tedge/call_tedge_-h/Output/linux/tedge.out
2022-04-07 16:26:46,453 DEBUG Grep on file tedge.out successfully matched expression "OPTIONS:" with line: 'OPTIONS:\n'
2022-04-07 16:26:46,454 INFO  Grep on file tedge.out ... passed
2022-04-07 16:26:46,455 DEBUG Performing regex contains=True grep on file: /home/pi/actions-runner/_work/thin-edge.io/thin-edge.io/tests/PySys/tedge/call_tedge_-h/Output/linux/tedge.out
2022-04-07 16:26:46,459 DEBUG Grep on file tedge.out successfully matched expression "SUBCOMMANDS:" with line: 'SUBCOMMANDS:\n'
2022-04-07 16:26:46,460 INFO  Grep on file tedge.out ... passed
2022-04-07 16:26:46,465 DEBUG --- test cleanup
2022-04-07 16:26:46,466 DEBUG ProcessUser cleanup function done.
2022-04-07 16:26:46,469 INFO  
2022-04-07 16:26:46,470 INFO  Test duration: 0.46 secs
2022-04-07 16:26:46,471 INFO  Test final outcome:  PASSED
2022-04-07 16:26:46,472 INFO  
