2022-05-10 17:34:56,702 INFO  ==============================================================
2022-05-10 17:34:56,702 INFO  Id:    SoftwareManagement.sm_apt_install_remove_multiple
2022-05-10 17:34:56,702 INFO  Dir:   software_management_end_to_end/
2022-05-10 17:34:56,702 INFO  Title: Validate end to end behaviour for the apt plugin for multiple packages
2022-05-10 17:34:56,702 INFO  ==============================================================
2022-05-10 17:34:56,703 INFO  Using sw id database: {'asciijump': '5475369', 'robotfindskitten': '5474869', 'squirrel3': '5475279', 'rolldice': '5152439', 'moon-buggy': '5439204', 'apple': '5495053', 'banana': '5494888', 'cherry': '5495382', 'watermelon': '5494510', 'registry': '8018911', 'hello-world': '8021526', 'docker/getting-started': '8021973', 'alpine': '7991792'}
2022-05-10 17:34:56,703 INFO  EnvironmentC8y Setup
2022-05-10 17:34:56,805 INFO  Executed systemctl<serv_mapper1>, exit status 3
2022-05-10 17:34:56,821 INFO  Restarting mosquitto too frequently in the last 10 seconds. It was only up for 1 seconds
2022-05-10 17:34:56,821 INFO  Delaying execution by 10 seconds
2022-05-10 17:35:24,345 INFO  Executed sudo<tedge_connect_c8y>, exit status 0, duration 17 secs
2022-05-10 17:35:24,498 INFO  Executed sudo<tedge_connect_c8y_test>, exit status 0
2022-05-10 17:35:24,600 INFO  Executed systemctl<serv_mosq2>, exit status 0
2022-05-10 17:35:24,702 INFO  Executed systemctl<serv_mapper3>, exit status 0
2022-05-10 17:35:26,817 INFO  State of current operation: SUCCESSFUL
2022-05-10 17:35:26,978 INFO  Assert that (False == value) with value=False ... passed
2022-05-10 17:35:27,131 INFO  Assert that (False == value) with value=False ... passed
2022-05-10 17:35:27,258 INFO  Assert that (False == value) with value=False ... passed
2022-05-10 17:35:27,387 INFO  Assert that (False == value) with value=False ... passed
2022-05-10 17:35:27,521 INFO  Response status: 201
2022-05-10 17:35:27,522 INFO  Response to action: {
    "creationTime": "2022-05-10T17:35:27.472Z",
    "deviceName": "ubuntu-2gb-hel1-4-thin-edge-a",
    "deviceId": "18717806",
    "self": "https://t493319102.eu-latest.cumulocity.com/devicecontrol/operations/18698027",
    "id": "18698027",
    "status": "PENDING",
    "description": "Apply software changes, triggered from PySys: [{'action': 'install', 'id': '5475369', 'name': 'asciijump', 'url': ' ', 'version': '::apt'}, {'action': 'install', 'id': '5474869', 'name': 'robotfindskitten', 'url': ' ', 'version': '::apt'}, {'action': 'install', 'id': '5475279', 'name': 'squirrel3', 'url': ' ', 'version': '::apt'}]",
    "c8y_SoftwareUpdate": [
        {
            "name": "asciijump",
            "action": "install",
            "id": "5475369",
            "version": "::apt",
            "url": " "
        },
        {
            "name": "robotfindskitten",
            "action": "install",
            "id": "5474869",
            "version": "::apt",
            "url": " "
        },
        {
            "name": "squirrel3",
            "action": "install",
            "id": "5475279",
            "version": "::apt",
            "url": " "
        }
    ]
}
2022-05-10 17:35:27,522 INFO  Started operation: {'creationTime': '2022-05-10T17:35:27.472Z', 'deviceName': 'ubuntu-2gb-hel1-4-thin-edge-a', 'deviceId': '18717806', 'self': 'https://t493319102.eu-latest.cumulocity.com/devicecontrol/operations/18698027', 'id': '18698027', 'status': 'PENDING', 'description': "Apply software changes, triggered from PySys: [{'action': 'install', 'id': '5475369', 'name': 'asciijump', 'url': ' ', 'version': '::apt'}, {'action': 'install', 'id': '5474869', 'name': 'robotfindskitten', 'url': ' ', 'version': '::apt'}, {'action': 'install', 'id': '5475279', 'name': 'squirrel3', 'url': ' ', 'version': '::apt'}]", 'c8y_SoftwareUpdate': [{'name': 'asciijump', 'action': 'install', 'id': '5475369', 'version': '::apt', 'url': ' '}, {'name': 'robotfindskitten', 'action': 'install', 'id': '5474869', 'version': '::apt', 'url': ' '}, {'name': 'squirrel3', 'action': 'install', 'id': '5475279', 'version': '::apt', 'url': ' '}]}
2022-05-10 17:35:29,732 INFO  State of operation 18698027 : EXECUTING
2022-05-10 17:35:31,840 INFO  State of operation 18698027 : EXECUTING
2022-05-10 17:35:33,946 INFO  State of operation 18698027 : EXECUTING
2022-05-10 17:35:36,059 INFO  State of operation 18698027 : EXECUTING
2022-05-10 17:35:38,171 INFO  State of operation 18698027 : SUCCESSFUL
2022-05-10 17:35:38,302 INFO  Assert that (False == value) with value=False ... passed
2022-05-10 17:35:38,432 INFO  Package asciijump is installed
2022-05-10 17:35:38,433 INFO  Assert that (True == value) with value=True ... passed
2022-05-10 17:35:38,565 INFO  Package squirrel3 is installed
2022-05-10 17:35:38,566 INFO  Assert that (True == value) with value=True ... passed
2022-05-10 17:35:38,735 INFO  Package robotfindskitten is installed
2022-05-10 17:35:38,736 INFO  Assert that (True == value) with value=True ... passed
2022-05-10 17:35:38,857 INFO  Response status: 201
2022-05-10 17:35:38,858 INFO  Response to action: {
    "creationTime": "2022-05-10T17:35:38.816Z",
    "deviceName": "ubuntu-2gb-hel1-4-thin-edge-a",
    "deviceId": "18717806",
    "self": "https://t493319102.eu-latest.cumulocity.com/devicecontrol/operations/18698029",
    "id": "18698029",
    "status": "PENDING",
    "description": "Apply software changes, triggered from PySys: [{'action': 'delete', 'id': '5475369', 'name': 'asciijump', 'url': ' ', 'version': '::apt'}, {'action': 'delete', 'id': '5474869', 'name': 'robotfindskitten', 'url': ' ', 'version': '::apt'}, {'action': 'delete', 'id': '5475279', 'name': 'squirrel3', 'url': ' ', 'version': '::apt'}]",
    "c8y_SoftwareUpdate": [
        {
            "name": "asciijump",
            "action": "delete",
            "id": "5475369",
            "version": "::apt",
            "url": " "
        },
        {
            "name": "robotfindskitten",
            "action": "delete",
            "id": "5474869",
            "version": "::apt",
            "url": " "
        },
        {
            "name": "squirrel3",
            "action": "delete",
            "id": "5475279",
            "version": "::apt",
            "url": " "
        }
    ]
}
2022-05-10 17:35:38,858 INFO  Started operation: {'creationTime': '2022-05-10T17:35:38.816Z', 'deviceName': 'ubuntu-2gb-hel1-4-thin-edge-a', 'deviceId': '18717806', 'self': 'https://t493319102.eu-latest.cumulocity.com/devicecontrol/operations/18698029', 'id': '18698029', 'status': 'PENDING', 'description': "Apply software changes, triggered from PySys: [{'action': 'delete', 'id': '5475369', 'name': 'asciijump', 'url': ' ', 'version': '::apt'}, {'action': 'delete', 'id': '5474869', 'name': 'robotfindskitten', 'url': ' ', 'version': '::apt'}, {'action': 'delete', 'id': '5475279', 'name': 'squirrel3', 'url': ' ', 'version': '::apt'}]", 'c8y_SoftwareUpdate': [{'name': 'asciijump', 'action': 'delete', 'id': '5475369', 'version': '::apt', 'url': ' '}, {'name': 'robotfindskitten', 'action': 'delete', 'id': '5474869', 'version': '::apt', 'url': ' '}, {'name': 'squirrel3', 'action': 'delete', 'id': '5475279', 'version': '::apt', 'url': ' '}]}
2022-05-10 17:35:40,966 INFO  State of operation 18698029 : EXECUTING
2022-05-10 17:35:43,080 INFO  State of operation 18698029 : EXECUTING
2022-05-10 17:35:45,193 INFO  State of operation 18698029 : EXECUTING
2022-05-10 17:35:47,303 INFO  State of operation 18698029 : EXECUTING
2022-05-10 17:35:49,434 INFO  State of operation 18698029 : EXECUTING
2022-05-10 17:35:51,545 INFO  State of operation 18698029 : SUCCESSFUL
2022-05-10 17:35:51,674 INFO  Assert that (False == value) with value=False ... passed
2022-05-10 17:35:51,804 INFO  Assert that (False == value) with value=False ... passed
2022-05-10 17:35:51,935 INFO  Assert that (False == value) with value=False ... passed
2022-05-10 17:35:52,070 INFO  Assert that (False == value) with value=False ... passed
2022-05-10 17:35:52,071 INFO  
2022-05-10 17:35:52,071 INFO  cleanup:
2022-05-10 17:36:03,030 INFO  Executed sudo<tedge_disconnect_c8y>, exit status 0
2022-05-10 17:36:03,133 INFO  Executed systemctl<serv_mapper5>, exit status 3
2022-05-10 17:36:03,134 INFO  
2022-05-10 17:36:03,134 INFO  Test duration: 66.43 secs
2022-05-10 17:36:03,134 INFO  Test final outcome:  PASSED
2022-05-10 17:36:03,134 INFO  
