2022-05-02 15:35:56,947 INFO  ==============================================================
2022-05-02 15:35:56,948 INFO  Id:    apt_sequence_install_with_version
2022-05-02 15:35:56,949 INFO  Dir:   plugin_apt/
2022-05-02 15:35:56,950 INFO  Title: Validate apt plugin install with version use case
2022-05-02 15:35:56,950 INFO  ==============================================================
2022-05-02 15:36:02,717 INFO  Executed sudo, exit status 0
2022-05-02 15:36:05,542 INFO  Executed sudo<outp_check_0>, exit status 0
2022-05-02 15:36:05,544 INFO  Assert that (value==0) with value=0 ... passed
2022-05-02 15:36:05,550 INFO  Grep on file outp_check_0.out ... passed
2022-05-02 15:36:26,290 INFO  Executed sudo<outp_prepare>, exit status 0, duration 20 secs
2022-05-02 15:36:26,293 INFO  Assert that (value==0) with value=0 ... passed
2022-05-02 15:37:17,839 INFO  Executed sudo<outp_install>, exit status 0, duration 51 secs
2022-05-02 15:37:17,842 INFO  Assert that (value==0) with value=0 ... passed
2022-05-02 15:37:25,896 INFO  Executed sudo<outp_finalize>, exit status 0
2022-05-02 15:37:25,898 INFO  Assert that (value==0) with value=0 ... passed
2022-05-02 15:37:28,774 INFO  Executed sudo<outp_check_1>, exit status 0
2022-05-02 15:37:28,776 INFO  Assert that (value==0) with value=0 ... passed
2022-05-02 15:37:28,784 INFO  Grep on file outp_check_1.out ... passed
2022-05-02 15:37:29,316 WARN  Grep on outp_check_1.out contains 'rolldice\t1.16-1(\\+b|build)(1|3)' ... failed [run.py:61]
2022-05-02 15:37:29,322 INFO  
2022-05-02 15:37:29,323 INFO  cleanup:
2022-05-02 15:37:45,593 INFO  Executed sudo, exit status 0, duration 16 secs
2022-05-02 15:37:45,597 INFO  
2022-05-02 15:37:45,597 INFO  Test duration: 108.66 secs
2022-05-02 15:37:45,599 INFO  Test final outcome:  FAILED
2022-05-02 15:37:45,600 INFO  Test outcome reason: Grep on outp_check_1.out contains 'rolldice\t1.16-1(\\+b|build)(1|3)'
2022-05-02 15:37:45,600 INFO  
