2022-04-11 10:00:48,150 INFO  ==============================================================
2022-04-11 10:00:48,151 INFO  Id:    apt_finalize
2022-04-11 10:00:48,152 INFO  Dir:   plugin_apt/
2022-04-11 10:00:48,153 INFO  Title: Validate apt plugin finalize - dense version
2022-04-11 10:00:48,154 DEBUG Execution order hint: 0.0
2022-04-11 10:00:48,155 INFO  ==============================================================
2022-04-11 10:00:48,162 DEBUG Process parameters for sudo<outp_remove>
  command line : /usr/bin/sudo /etc/tedge/sm-plugins/apt remove squirrel3
    arg #1     : /etc/tedge/sm-plugins/apt
    arg #2     : remove
    arg #3     : squirrel3
  working dir  : /home/pi/actions-runner/_work/thin-edge.io/thin-edge.io/tests/PySys/plugin_apt/apt_finalize/Output/linux
  stdout       : /home/pi/actions-runner/_work/thin-edge.io/thin-edge.io/tests/PySys/plugin_apt/apt_finalize/Output/linux/outp_remove.out
  stderr       : /home/pi/actions-runner/_work/thin-edge.io/thin-edge.io/tests/PySys/plugin_apt/apt_finalize/Output/linux/outp_remove.err
  environment  : LD_LIBRARY_PATH=/usr/lib
  environment  : PATH=/bin:/usr/bin:/usr/sbin:/usr/local/bin
                   #1  /bin
                   #2  /usr/bin
                   #3  /usr/sbin
                   #4  /usr/local/bin
2022-04-11 10:00:48,169 DEBUG Waiting up to 600 secs for process sudo<outp_remove> (pid 25220)
2022-04-11 10:01:30,554 INFO  Executed sudo<outp_remove>, exit status 0, duration 42 secs
2022-04-11 10:01:30,557 INFO  Assert that (value==0) with value=0 ... passed
2022-04-11 10:01:30,561 DEBUG Process parameters for sudo<outp_remove>
  command line : /usr/bin/sudo /etc/tedge/sm-plugins/apt remove libsquirrel3-0
    arg #1     : /etc/tedge/sm-plugins/apt
    arg #2     : remove
    arg #3     : libsquirrel3-0
  working dir  : /home/pi/actions-runner/_work/thin-edge.io/thin-edge.io/tests/PySys/plugin_apt/apt_finalize/Output/linux
  stdout       : /home/pi/actions-runner/_work/thin-edge.io/thin-edge.io/tests/PySys/plugin_apt/apt_finalize/Output/linux/outp_remove.out
  stderr       : /home/pi/actions-runner/_work/thin-edge.io/thin-edge.io/tests/PySys/plugin_apt/apt_finalize/Output/linux/outp_remove.err
  environment  : LD_LIBRARY_PATH=/usr/lib
  environment  : PATH=/bin:/usr/bin:/usr/sbin:/usr/local/bin
                   #1  /bin
                   #2  /usr/bin
                   #3  /usr/sbin
                   #4  /usr/local/bin
2022-04-11 10:01:30,569 DEBUG Waiting up to 600 secs for process sudo<outp_remove> (pid 25404)
2022-04-11 10:01:46,170 INFO  Executed sudo<outp_remove>, exit status 0, duration 15 secs
2022-04-11 10:01:46,173 INFO  Assert that (value==0) with value=0 ... passed
2022-04-11 10:01:46,177 DEBUG Process parameters for sudo<outp_check_0>
  command line : /usr/bin/sudo /etc/tedge/sm-plugins/apt list
    arg #1     : /etc/tedge/sm-plugins/apt
    arg #2     : list
  working dir  : /home/pi/actions-runner/_work/thin-edge.io/thin-edge.io/tests/PySys/plugin_apt/apt_finalize/Output/linux
  stdout       : /home/pi/actions-runner/_work/thin-edge.io/thin-edge.io/tests/PySys/plugin_apt/apt_finalize/Output/linux/outp_check_0.out
  stderr       : /home/pi/actions-runner/_work/thin-edge.io/thin-edge.io/tests/PySys/plugin_apt/apt_finalize/Output/linux/outp_check_0.err
  environment  : LD_LIBRARY_PATH=/usr/lib
  environment  : PATH=/bin:/usr/bin:/usr/sbin:/usr/local/bin
                   #1  /bin
                   #2  /usr/bin
                   #3  /usr/sbin
                   #4  /usr/local/bin
2022-04-11 10:01:46,185 DEBUG Waiting up to 600 secs for process sudo<outp_check_0> (pid 25436)
2022-04-11 10:01:51,551 INFO  Executed sudo<outp_check_0>, exit status 0
2022-04-11 10:01:51,552 INFO  Assert that (value==0) with value=0 ... passed
2022-04-11 10:01:51,553 DEBUG Performing regex contains=False grep on file: /home/pi/actions-runner/_work/thin-edge.io/thin-edge.io/tests/PySys/plugin_apt/apt_finalize/Output/linux/outp_check_0.out
2022-04-11 10:01:51,563 INFO  Grep on file outp_check_0.out ... passed
2022-04-11 10:01:51,565 DEBUG Process parameters for dpkg-query<outp_check_0>
  command line : /usr/bin/dpkg-query -s libsquirrel3-0
    arg #1     : -s
    arg #2     : libsquirrel3-0
  working dir  : /home/pi/actions-runner/_work/thin-edge.io/thin-edge.io/tests/PySys/plugin_apt/apt_finalize/Output/linux
  stdout       : /home/pi/actions-runner/_work/thin-edge.io/thin-edge.io/tests/PySys/plugin_apt/apt_finalize/Output/linux/outp_check_0.out
  stderr       : /home/pi/actions-runner/_work/thin-edge.io/thin-edge.io/tests/PySys/plugin_apt/apt_finalize/Output/linux/outp_check_0.err
  environment  : LD_LIBRARY_PATH=/usr/lib
  environment  : PATH=/bin:/usr/bin:/usr/sbin:/usr/local/bin
                   #1  /bin
                   #2  /usr/bin
                   #3  /usr/sbin
                   #4  /usr/local/bin
2022-04-11 10:01:51,572 DEBUG Waiting up to 600 secs for process dpkg-query<outp_check_0> (pid 25442)
2022-04-11 10:01:52,029 INFO  Executed dpkg-query<outp_check_0>, exit status 1
2022-04-11 10:01:52,030 DEBUG --- test execute
2022-04-11 10:01:52,032 DEBUG Process parameters for sudo<outp_install>
  command line : /usr/bin/sudo /etc/tedge/sm-plugins/apt install squirrel3
    arg #1     : /etc/tedge/sm-plugins/apt
    arg #2     : install
    arg #3     : squirrel3
  working dir  : /home/pi/actions-runner/_work/thin-edge.io/thin-edge.io/tests/PySys/plugin_apt/apt_finalize/Output/linux
  stdout       : /home/pi/actions-runner/_work/thin-edge.io/thin-edge.io/tests/PySys/plugin_apt/apt_finalize/Output/linux/outp_install.out
  stderr       : /home/pi/actions-runner/_work/thin-edge.io/thin-edge.io/tests/PySys/plugin_apt/apt_finalize/Output/linux/outp_install.err
  environment  : LD_LIBRARY_PATH=/usr/lib
  environment  : PATH=/bin:/usr/bin:/usr/sbin:/usr/local/bin
                   #1  /bin
                   #2  /usr/bin
                   #3  /usr/sbin
                   #4  /usr/local/bin
2022-04-11 10:01:52,039 DEBUG Waiting up to 600 secs for process sudo<outp_install> (pid 25443)
2022-04-11 10:02:33,793 INFO  Executed sudo<outp_install>, exit status 0, duration 41 secs
2022-04-11 10:02:33,796 INFO  Assert that (value==0) with value=0 ... passed
2022-04-11 10:02:33,798 DEBUG Process parameters for sudo<outp_check_1>
  command line : /usr/bin/sudo /etc/tedge/sm-plugins/apt list
    arg #1     : /etc/tedge/sm-plugins/apt
    arg #2     : list
  working dir  : /home/pi/actions-runner/_work/thin-edge.io/thin-edge.io/tests/PySys/plugin_apt/apt_finalize/Output/linux
  stdout       : /home/pi/actions-runner/_work/thin-edge.io/thin-edge.io/tests/PySys/plugin_apt/apt_finalize/Output/linux/outp_check_1.out
  stderr       : /home/pi/actions-runner/_work/thin-edge.io/thin-edge.io/tests/PySys/plugin_apt/apt_finalize/Output/linux/outp_check_1.err
  environment  : LD_LIBRARY_PATH=/usr/lib
  environment  : PATH=/bin:/usr/bin:/usr/sbin:/usr/local/bin
                   #1  /bin
                   #2  /usr/bin
                   #3  /usr/sbin
                   #4  /usr/local/bin
2022-04-11 10:02:33,805 DEBUG Waiting up to 600 secs for process sudo<outp_check_1> (pid 25652)
2022-04-11 10:02:39,131 INFO  Executed sudo<outp_check_1>, exit status 0
2022-04-11 10:02:39,133 INFO  Assert that (value==0) with value=0 ... passed
2022-04-11 10:02:39,134 DEBUG Performing regex contains=True grep on file: /home/pi/actions-runner/_work/thin-edge.io/thin-edge.io/tests/PySys/plugin_apt/apt_finalize/Output/linux/outp_check_1.out
2022-04-11 10:02:39,139 DEBUG Grep on file outp_check_1.out successfully matched expression "squirrel3" with line: 'squirrel3\t3.1-7\n'
2022-04-11 10:02:39,140 INFO  Grep on file outp_check_1.out ... passed
2022-04-11 10:02:39,142 DEBUG Process parameters for dpkg-query<outp_check_1>
  command line : /usr/bin/dpkg-query -s libsquirrel3-0
    arg #1     : -s
    arg #2     : libsquirrel3-0
  working dir  : /home/pi/actions-runner/_work/thin-edge.io/thin-edge.io/tests/PySys/plugin_apt/apt_finalize/Output/linux
  stdout       : /home/pi/actions-runner/_work/thin-edge.io/thin-edge.io/tests/PySys/plugin_apt/apt_finalize/Output/linux/outp_check_1.out
  stderr       : /home/pi/actions-runner/_work/thin-edge.io/thin-edge.io/tests/PySys/plugin_apt/apt_finalize/Output/linux/outp_check_1.err
  environment  : LD_LIBRARY_PATH=/usr/lib
  environment  : PATH=/bin:/usr/bin:/usr/sbin:/usr/local/bin
                   #1  /bin
                   #2  /usr/bin
                   #3  /usr/sbin
                   #4  /usr/local/bin
2022-04-11 10:02:39,150 DEBUG Waiting up to 600 secs for process dpkg-query<outp_check_1> (pid 25658)
2022-04-11 10:02:39,605 INFO  Executed dpkg-query<outp_check_1>, exit status 0
2022-04-11 10:02:39,608 DEBUG Process parameters for sudo<outp_remove>
  command line : /usr/bin/sudo /etc/tedge/sm-plugins/apt remove squirrel3
    arg #1     : /etc/tedge/sm-plugins/apt
    arg #2     : remove
    arg #3     : squirrel3
  working dir  : /home/pi/actions-runner/_work/thin-edge.io/thin-edge.io/tests/PySys/plugin_apt/apt_finalize/Output/linux
  stdout       : /home/pi/actions-runner/_work/thin-edge.io/thin-edge.io/tests/PySys/plugin_apt/apt_finalize/Output/linux/outp_remove.out
  stderr       : /home/pi/actions-runner/_work/thin-edge.io/thin-edge.io/tests/PySys/plugin_apt/apt_finalize/Output/linux/outp_remove.err
  environment  : LD_LIBRARY_PATH=/usr/lib
  environment  : PATH=/bin:/usr/bin:/usr/sbin:/usr/local/bin
                   #1  /bin
                   #2  /usr/bin
                   #3  /usr/sbin
                   #4  /usr/local/bin
2022-04-11 10:02:39,616 DEBUG Waiting up to 600 secs for process sudo<outp_remove> (pid 25659)
2022-04-11 10:02:54,345 INFO  Executed sudo<outp_remove>, exit status 0, duration 14 secs
2022-04-11 10:02:54,347 INFO  Assert that (value==0) with value=0 ... passed
2022-04-11 10:02:54,351 DEBUG Process parameters for sudo<outp_check_2>
  command line : /usr/bin/sudo /etc/tedge/sm-plugins/apt list
    arg #1     : /etc/tedge/sm-plugins/apt
    arg #2     : list
  working dir  : /home/pi/actions-runner/_work/thin-edge.io/thin-edge.io/tests/PySys/plugin_apt/apt_finalize/Output/linux
  stdout       : /home/pi/actions-runner/_work/thin-edge.io/thin-edge.io/tests/PySys/plugin_apt/apt_finalize/Output/linux/outp_check_2.out
  stderr       : /home/pi/actions-runner/_work/thin-edge.io/thin-edge.io/tests/PySys/plugin_apt/apt_finalize/Output/linux/outp_check_2.err
  environment  : LD_LIBRARY_PATH=/usr/lib
  environment  : PATH=/bin:/usr/bin:/usr/sbin:/usr/local/bin
                   #1  /bin
                   #2  /usr/bin
                   #3  /usr/sbin
                   #4  /usr/local/bin
2022-04-11 10:02:54,358 DEBUG Waiting up to 600 secs for process sudo<outp_check_2> (pid 25749)
2022-04-11 10:02:59,633 INFO  Executed sudo<outp_check_2>, exit status 0
2022-04-11 10:02:59,635 INFO  Assert that (value==0) with value=0 ... passed
2022-04-11 10:02:59,636 DEBUG Performing regex contains=False grep on file: /home/pi/actions-runner/_work/thin-edge.io/thin-edge.io/tests/PySys/plugin_apt/apt_finalize/Output/linux/outp_check_2.out
2022-04-11 10:02:59,641 INFO  Grep on file outp_check_2.out ... passed
2022-04-11 10:02:59,643 DEBUG Process parameters for dpkg-query<outp_check_2>
  command line : /usr/bin/dpkg-query -s libsquirrel3-0
    arg #1     : -s
    arg #2     : libsquirrel3-0
  working dir  : /home/pi/actions-runner/_work/thin-edge.io/thin-edge.io/tests/PySys/plugin_apt/apt_finalize/Output/linux
  stdout       : /home/pi/actions-runner/_work/thin-edge.io/thin-edge.io/tests/PySys/plugin_apt/apt_finalize/Output/linux/outp_check_2.out
  stderr       : /home/pi/actions-runner/_work/thin-edge.io/thin-edge.io/tests/PySys/plugin_apt/apt_finalize/Output/linux/outp_check_2.err
  environment  : LD_LIBRARY_PATH=/usr/lib
  environment  : PATH=/bin:/usr/bin:/usr/sbin:/usr/local/bin
                   #1  /bin
                   #2  /usr/bin
                   #3  /usr/sbin
                   #4  /usr/local/bin
2022-04-11 10:02:59,650 DEBUG Waiting up to 600 secs for process dpkg-query<outp_check_2> (pid 25755)
2022-04-11 10:03:00,119 INFO  Executed dpkg-query<outp_check_2>, exit status 0
2022-04-11 10:03:00,121 DEBUG Process parameters for sudo<outp_finalize>
  command line : /usr/bin/sudo /etc/tedge/sm-plugins/apt finalize
    arg #1     : /etc/tedge/sm-plugins/apt
    arg #2     : finalize
  working dir  : /home/pi/actions-runner/_work/thin-edge.io/thin-edge.io/tests/PySys/plugin_apt/apt_finalize/Output/linux
  stdout       : /home/pi/actions-runner/_work/thin-edge.io/thin-edge.io/tests/PySys/plugin_apt/apt_finalize/Output/linux/outp_finalize.out
  stderr       : /home/pi/actions-runner/_work/thin-edge.io/thin-edge.io/tests/PySys/plugin_apt/apt_finalize/Output/linux/outp_finalize.err
  environment  : LD_LIBRARY_PATH=/usr/lib
  environment  : PATH=/bin:/usr/bin:/usr/sbin:/usr/local/bin
                   #1  /bin
                   #2  /usr/bin
                   #3  /usr/sbin
                   #4  /usr/local/bin
2022-04-11 10:03:00,128 DEBUG Waiting up to 600 secs for process sudo<outp_finalize> (pid 25756)
2022-04-11 10:03:12,812 INFO  Executed sudo<outp_finalize>, exit status 0, duration 12 secs
2022-04-11 10:03:12,814 INFO  Assert that (value==0) with value=0 ... passed
2022-04-11 10:03:12,815 DEBUG --- test validate
2022-04-11 10:03:12,822 DEBUG Process parameters for sudo<outp_check_3>
  command line : /usr/bin/sudo /etc/tedge/sm-plugins/apt list
    arg #1     : /etc/tedge/sm-plugins/apt
    arg #2     : list
  working dir  : /home/pi/actions-runner/_work/thin-edge.io/thin-edge.io/tests/PySys/plugin_apt/apt_finalize/Output/linux
  stdout       : /home/pi/actions-runner/_work/thin-edge.io/thin-edge.io/tests/PySys/plugin_apt/apt_finalize/Output/linux/outp_check_3.out
  stderr       : /home/pi/actions-runner/_work/thin-edge.io/thin-edge.io/tests/PySys/plugin_apt/apt_finalize/Output/linux/outp_check_3.err
  environment  : LD_LIBRARY_PATH=/usr/lib
  environment  : PATH=/bin:/usr/bin:/usr/sbin:/usr/local/bin
                   #1  /bin
                   #2  /usr/bin
                   #3  /usr/sbin
                   #4  /usr/local/bin
2022-04-11 10:03:12,829 DEBUG Waiting up to 600 secs for process sudo<outp_check_3> (pid 25788)
2022-04-11 10:03:18,139 INFO  Executed sudo<outp_check_3>, exit status 0
2022-04-11 10:03:18,141 INFO  Assert that (value==0) with value=0 ... passed
2022-04-11 10:03:18,142 DEBUG Performing regex contains=False grep on file: /home/pi/actions-runner/_work/thin-edge.io/thin-edge.io/tests/PySys/plugin_apt/apt_finalize/Output/linux/outp_check_3.out
2022-04-11 10:03:18,147 INFO  Grep on file outp_check_3.out ... passed
2022-04-11 10:03:18,149 DEBUG Process parameters for dpkg-query<outp_check_3>
  command line : /usr/bin/dpkg-query -s libsquirrel3-0
    arg #1     : -s
    arg #2     : libsquirrel3-0
  working dir  : /home/pi/actions-runner/_work/thin-edge.io/thin-edge.io/tests/PySys/plugin_apt/apt_finalize/Output/linux
  stdout       : /home/pi/actions-runner/_work/thin-edge.io/thin-edge.io/tests/PySys/plugin_apt/apt_finalize/Output/linux/outp_check_3.out
  stderr       : /home/pi/actions-runner/_work/thin-edge.io/thin-edge.io/tests/PySys/plugin_apt/apt_finalize/Output/linux/outp_check_3.err
  environment  : LD_LIBRARY_PATH=/usr/lib
  environment  : PATH=/bin:/usr/bin:/usr/sbin:/usr/local/bin
                   #1  /bin
                   #2  /usr/bin
                   #3  /usr/sbin
                   #4  /usr/local/bin
2022-04-11 10:03:18,157 DEBUG Waiting up to 600 secs for process dpkg-query<outp_check_3> (pid 25794)
2022-04-11 10:03:18,613 INFO  Executed dpkg-query<outp_check_3>, exit status 1
2022-04-11 10:03:18,619 DEBUG --- test cleanup
2022-04-11 10:03:18,621 INFO  
2022-04-11 10:03:18,621 INFO  cleanup:
2022-04-11 10:03:18,622 DEBUG Running registered cleanup function: <bound method AptPluginFinalize.cleanup_prepare of <AptPluginFinalize object at 0x760ba370>>
2022-04-11 10:03:18,623 DEBUG ProcessUser cleanup function done.
2022-04-11 10:03:18,626 INFO  
2022-04-11 10:03:18,627 INFO  Test duration: 150.48 secs
2022-04-11 10:03:18,628 INFO  Test final outcome:  PASSED
2022-04-11 10:03:18,629 INFO  
