2022-05-10 19:50:52,006 INFO  ==============================================================
2022-05-10 19:50:52,007 INFO  Id:    apt_install_local_file_with_version_fail
2022-05-10 19:50:52,008 INFO  Dir:   plugin_apt/
2022-05-10 19:50:52,009 INFO  Title: Validate apt plugin install from local file AND with a version - FAIL case
2022-05-10 19:50:52,010 INFO  ==============================================================
2022-05-10 19:50:54,041 INFO  URL of rolldice is b"'http://mirror.mythic-beasts.com/raspbian/pool/main/r/rolldice/rolldice_1.16-1+b1_armhf.deb'"
2022-05-10 19:50:56,145 INFO  Downloaded rolldcice in version 1.16-1+b1
2022-05-10 19:50:56,146 INFO  Filename is rolldice_1.16-1+b1_armhf.deb
2022-05-10 19:51:09,944 INFO  Executed sudo, exit status 0, duration 13 secs
2022-05-10 19:51:15,261 INFO  Executed sudo<outp_check_0>, exit status 0
2022-05-10 19:51:15,263 INFO  Assert that (value==0) with value=0 ... passed
2022-05-10 19:51:15,269 INFO  Grep on file outp_check_0.out ... passed
2022-05-10 19:51:15,780 INFO  Executed sudo<outp_install>, exit status 5
2022-05-10 19:51:15,783 INFO  Assert that (value==5) with value=5 ... passed
2022-05-10 19:51:18,515 INFO  Executed sudo<outp_check_1>, exit status 0
2022-05-10 19:51:18,517 INFO  Assert that (value==0) with value=0 ... passed
2022-05-10 19:51:18,523 INFO  Grep on file outp_check_1.out ... passed
2022-05-10 19:51:18,531 INFO  
2022-05-10 19:51:18,532 INFO  cleanup:
2022-05-10 19:51:18,536 INFO  
2022-05-10 19:51:18,537 INFO  Test duration: 26.54 secs
2022-05-10 19:51:18,538 INFO  Test final outcome:  PASSED
2022-05-10 19:51:18,539 INFO  
