2022-04-07 16:13:52,936 INFO  ==============================================================
2022-04-07 16:13:52,937 INFO  Id:    mqtt_port_change_connection_fails
2022-04-07 16:13:52,938 INFO  Dir:   misc_features/
2022-04-07 16:13:52,939 INFO  Title: mqtt port change connection fails
2022-04-07 16:13:52,940 DEBUG Execution order hint: 0.0
2022-04-07 16:13:52,941 INFO  ==============================================================
2022-04-07 16:13:52,947 DEBUG --- test execute
2022-04-07 16:13:52,949 DEBUG Process parameters for sudo<mqtt_port_set>
  command line : /usr/bin/sudo /usr/bin/tedge config set mqtt.port 8880
    arg #1     : /usr/bin/tedge
    arg #2     : config
    arg #3     : set
    arg #4     : mqtt.port
    arg #5     : 8880
  working dir  : /home/pi/actions-runner/_work/thin-edge.io/thin-edge.io/tests/PySys/misc_features/mqtt_port_change_connection_fails/Output/linux
  stdout       : /home/pi/actions-runner/_work/thin-edge.io/thin-edge.io/tests/PySys/misc_features/mqtt_port_change_connection_fails/Output/linux/mqtt_port_set.out
  stderr       : /home/pi/actions-runner/_work/thin-edge.io/thin-edge.io/tests/PySys/misc_features/mqtt_port_change_connection_fails/Output/linux/mqtt_port_set.err
  environment  : LD_LIBRARY_PATH=/usr/lib
  environment  : PATH=/bin:/usr/bin:/usr/sbin:/usr/local/bin
                   #1  /bin
                   #2  /usr/bin
                   #3  /usr/sbin
                   #4  /usr/local/bin
2022-04-07 16:13:52,957 DEBUG Waiting up to 600 secs for process sudo<mqtt_port_set> (pid 26254)
2022-04-07 16:13:53,492 INFO  Executed sudo<mqtt_port_set>, exit status 0
2022-04-07 16:13:53,494 DEBUG Process parameters for sudo<mqtt_pub>
  command line : /usr/bin/sudo /usr/bin/tedge mqtt pub tedge/measurements '{ "temperature": 25 }'
    arg #1     : /usr/bin/tedge
    arg #2     : mqtt
    arg #3     : pub
    arg #4     : tedge/measurements
    arg #5     : { "temperature": 25 }
  working dir  : /home/pi/actions-runner/_work/thin-edge.io/thin-edge.io/tests/PySys/misc_features/mqtt_port_change_connection_fails/Output/linux
  stdout       : /home/pi/actions-runner/_work/thin-edge.io/thin-edge.io/tests/PySys/misc_features/mqtt_port_change_connection_fails/Output/linux/mqtt_pub.out
  stderr       : /home/pi/actions-runner/_work/thin-edge.io/thin-edge.io/tests/PySys/misc_features/mqtt_port_change_connection_fails/Output/linux/mqtt_pub.err
  environment  : LD_LIBRARY_PATH=/usr/lib
  environment  : PATH=/bin:/usr/bin:/usr/sbin:/usr/local/bin
                   #1  /bin
                   #2  /usr/bin
                   #3  /usr/sbin
                   #4  /usr/local/bin
2022-04-07 16:13:53,502 DEBUG Waiting up to 600 secs for process sudo<mqtt_pub> (pid 26256)
2022-04-07 16:13:54,009 INFO  Executed sudo<mqtt_pub>, exit status 1
2022-04-07 16:13:54,010 DEBUG --- test validate
2022-04-07 16:13:54,011 DEBUG Performing regex contains=True grep on file: /home/pi/actions-runner/_work/thin-edge.io/thin-edge.io/tests/PySys/misc_features/mqtt_port_change_connection_fails/Output/linux/mqtt_pub.err
2022-04-07 16:13:54,017 DEBUG Grep on file mqtt_pub.err successfully matched expression "ERROR: the message has not been published" with line: 'ERROR: the message has not been published\n'
2022-04-07 16:13:54,018 INFO  Grep on file mqtt_pub.err ... passed
2022-04-07 16:13:54,019 DEBUG Performing regex contains=True grep on file: /home/pi/actions-runner/_work/thin-edge.io/thin-edge.io/tests/PySys/misc_features/mqtt_port_change_connection_fails/Output/linux/mqtt_pub.err
2022-04-07 16:13:54,024 DEBUG Grep on file mqtt_pub.err successfully matched expression "Error: failed to publish the message" with line: 'Error: failed to publish the message "{ "temperature": 25 }" on the topic "tedge/measurements" with QoS "AtMostOnce".\n'
2022-04-07 16:13:54,025 INFO  Grep on file mqtt_pub.err ... passed
2022-04-07 16:13:54,030 DEBUG --- test cleanup
2022-04-07 16:13:54,031 INFO  
2022-04-07 16:13:54,032 INFO  cleanup:
2022-04-07 16:13:54,032 DEBUG Running registered cleanup function: <bound method MqttPortChangeConnectionFails.mqtt_cleanup of <MqttPortChangeConnectionFails object at 0x75d22a70>>
2022-04-07 16:13:54,034 DEBUG Process parameters for sudo<mqtt_port_unset>
  command line : /usr/bin/sudo /usr/bin/tedge config unset mqtt.port
    arg #1     : /usr/bin/tedge
    arg #2     : config
    arg #3     : unset
    arg #4     : mqtt.port
  working dir  : /home/pi/actions-runner/_work/thin-edge.io/thin-edge.io/tests/PySys/misc_features/mqtt_port_change_connection_fails/Output/linux
  stdout       : /home/pi/actions-runner/_work/thin-edge.io/thin-edge.io/tests/PySys/misc_features/mqtt_port_change_connection_fails/Output/linux/mqtt_port_unset.out
  stderr       : /home/pi/actions-runner/_work/thin-edge.io/thin-edge.io/tests/PySys/misc_features/mqtt_port_change_connection_fails/Output/linux/mqtt_port_unset.err
  environment  : LD_LIBRARY_PATH=/usr/lib
  environment  : PATH=/bin:/usr/bin:/usr/sbin:/usr/local/bin
                   #1  /bin
                   #2  /usr/bin
                   #3  /usr/sbin
                   #4  /usr/local/bin
2022-04-07 16:13:54,042 DEBUG Waiting up to 600 secs for process sudo<mqtt_port_unset> (pid 26258)
2022-04-07 16:13:54,649 INFO  Executed sudo<mqtt_port_unset>, exit status 0
2022-04-07 16:13:54,650 DEBUG ProcessUser cleanup function done.
2022-04-07 16:13:54,654 INFO  
2022-04-07 16:13:54,654 INFO  Test duration: 1.72 secs
2022-04-07 16:13:54,656 INFO  Test final outcome:  PASSED
2022-04-07 16:13:54,656 INFO  
