2022-04-07 16:38:26,707 INFO  ==============================================================
2022-04-07 16:38:26,707 INFO  Id:    apt_install_local_file_with_version
2022-04-07 16:38:26,709 INFO  Dir:   plugin_apt/
2022-04-07 16:38:26,709 INFO  Title: Validate apt plugin install from local file AND with a version - SUCCESS case
2022-04-07 16:38:26,710 DEBUG Execution order hint: 0.0
2022-04-07 16:38:26,711 INFO  ==============================================================
2022-04-07 16:38:28,709 INFO  URL of rolldice is b"'http://mirror.mythic-beasts.com/raspbian/pool/main/r/rolldice/rolldice_1.16-1+b1_armhf.deb'"
2022-04-07 16:38:30,823 INFO  Downloaded rolldcice in version 1.16-1+b1
2022-04-07 16:38:30,824 INFO  Filename is rolldice_1.16-1+b1_armhf.deb
2022-04-07 16:38:30,827 DEBUG Process parameters for sudo
  command line : /usr/bin/sudo /usr/bin/apt-get remove -y rolldice
    arg #1     : /usr/bin/apt-get
    arg #2     : remove
    arg #3     : -y
    arg #4     : rolldice
  working dir  : /home/pi/actions-runner/_work/thin-edge.io/thin-edge.io/tests/PySys/plugin_apt/apt_install_local_file_with_version/Output/linux
  stdout       : None
  stderr       : None
  environment  : LD_LIBRARY_PATH=/usr/lib
  environment  : PATH=/bin:/usr/bin:/usr/sbin:/usr/local/bin
                   #1  /bin
                   #2  /usr/bin
                   #3  /usr/sbin
                   #4  /usr/local/bin
2022-04-07 16:38:30,835 DEBUG Waiting up to 600 secs for process sudo (pid 30372)
2022-04-07 16:38:35,514 INFO  Executed sudo, exit status 0
2022-04-07 16:38:35,517 DEBUG Process parameters for sudo<outp_check_0>
  command line : /usr/bin/sudo /etc/tedge/sm-plugins/apt list
    arg #1     : /etc/tedge/sm-plugins/apt
    arg #2     : list
  working dir  : /home/pi/actions-runner/_work/thin-edge.io/thin-edge.io/tests/PySys/plugin_apt/apt_install_local_file_with_version/Output/linux
  stdout       : /home/pi/actions-runner/_work/thin-edge.io/thin-edge.io/tests/PySys/plugin_apt/apt_install_local_file_with_version/Output/linux/outp_check_0.out
  stderr       : /home/pi/actions-runner/_work/thin-edge.io/thin-edge.io/tests/PySys/plugin_apt/apt_install_local_file_with_version/Output/linux/outp_check_0.err
  environment  : LD_LIBRARY_PATH=/usr/lib
  environment  : PATH=/bin:/usr/bin:/usr/sbin:/usr/local/bin
                   #1  /bin
                   #2  /usr/bin
                   #3  /usr/sbin
                   #4  /usr/local/bin
2022-04-07 16:38:35,525 DEBUG Waiting up to 600 secs for process sudo<outp_check_0> (pid 30376)
2022-04-07 16:38:38,092 INFO  Executed sudo<outp_check_0>, exit status 0
2022-04-07 16:38:38,094 INFO  Assert that (value==0) with value=0 ... passed
2022-04-07 16:38:38,095 DEBUG Performing regex contains=False grep on file: /home/pi/actions-runner/_work/thin-edge.io/thin-edge.io/tests/PySys/plugin_apt/apt_install_local_file_with_version/Output/linux/outp_check_0.out
2022-04-07 16:38:38,101 INFO  Grep on file outp_check_0.out ... passed
2022-04-07 16:38:38,102 DEBUG --- test execute
2022-04-07 16:38:38,104 DEBUG Process parameters for sudo<outp_install>
  command line : /usr/bin/sudo /etc/tedge/sm-plugins/apt install rolldice --module-version 1.16-1+b1 --file /home/pi/actions-runner/_work/thin-edge.io/thin-edge.io/tests/PySys/rolldice_1.16-1+b1_armhf.deb
    arg #1     : /etc/tedge/sm-plugins/apt
    arg #2     : install
    arg #3     : rolldice
    arg #4     : --module-version
    arg #5     : 1.16-1+b1
    arg #6     : --file
    arg #7     : /home/pi/actions-runner/_work/thin-edge.io/thin-edge.io/tests/PySys/rolldice_1.16-1+b1_armhf.deb
  working dir  : /home/pi/actions-runner/_work/thin-edge.io/thin-edge.io/tests/PySys/plugin_apt/apt_install_local_file_with_version/Output/linux
  stdout       : /home/pi/actions-runner/_work/thin-edge.io/thin-edge.io/tests/PySys/plugin_apt/apt_install_local_file_with_version/Output/linux/outp_install.out
  stderr       : /home/pi/actions-runner/_work/thin-edge.io/thin-edge.io/tests/PySys/plugin_apt/apt_install_local_file_with_version/Output/linux/outp_install.err
  environment  : LD_LIBRARY_PATH=/usr/lib
  environment  : PATH=/bin:/usr/bin:/usr/sbin:/usr/local/bin
                   #1  /bin
                   #2  /usr/bin
                   #3  /usr/sbin
                   #4  /usr/local/bin
2022-04-07 16:38:38,111 DEBUG Waiting up to 600 secs for process sudo<outp_install> (pid 30382)
2022-04-07 16:39:17,470 INFO  Executed sudo<outp_install>, exit status 0, duration 39 secs
2022-04-07 16:39:17,473 INFO  Assert that (value==0) with value=0 ... passed
2022-04-07 16:39:17,474 DEBUG --- test validate
2022-04-07 16:39:17,478 DEBUG Process parameters for sudo<outp_check_1>
  command line : /usr/bin/sudo /etc/tedge/sm-plugins/apt list
    arg #1     : /etc/tedge/sm-plugins/apt
    arg #2     : list
  working dir  : /home/pi/actions-runner/_work/thin-edge.io/thin-edge.io/tests/PySys/plugin_apt/apt_install_local_file_with_version/Output/linux
  stdout       : /home/pi/actions-runner/_work/thin-edge.io/thin-edge.io/tests/PySys/plugin_apt/apt_install_local_file_with_version/Output/linux/outp_check_1.out
  stderr       : /home/pi/actions-runner/_work/thin-edge.io/thin-edge.io/tests/PySys/plugin_apt/apt_install_local_file_with_version/Output/linux/outp_check_1.err
  environment  : LD_LIBRARY_PATH=/usr/lib
  environment  : PATH=/bin:/usr/bin:/usr/sbin:/usr/local/bin
                   #1  /bin
                   #2  /usr/bin
                   #3  /usr/sbin
                   #4  /usr/local/bin
2022-04-07 16:39:17,485 DEBUG Waiting up to 600 secs for process sudo<outp_check_1> (pid 30529)
2022-04-07 16:39:22,851 INFO  Executed sudo<outp_check_1>, exit status 0
2022-04-07 16:39:22,853 INFO  Assert that (value==0) with value=0 ... passed
2022-04-07 16:39:22,854 DEBUG Performing regex contains=True grep on file: /home/pi/actions-runner/_work/thin-edge.io/thin-edge.io/tests/PySys/plugin_apt/apt_install_local_file_with_version/Output/linux/outp_check_1.out
2022-04-07 16:39:22,863 DEBUG Grep on file outp_check_1.out successfully matched expression "rolldice" with line: 'rolldice\t1.16-1+b1\n'
2022-04-07 16:39:22,864 INFO  Grep on file outp_check_1.out ... passed
2022-04-07 16:39:22,873 DEBUG --- test cleanup
2022-04-07 16:39:22,874 INFO  
2022-04-07 16:39:22,874 INFO  cleanup:
2022-04-07 16:39:22,875 DEBUG Running registered cleanup function: <bound method AptPluginInstallFromLocalFileWithVersion.cleanup_remove_rolldice_binary of <AptPluginInstallFromLocalFileWithVersion object at 0x76710d70>>
2022-04-07 16:39:22,877 DEBUG ProcessUser cleanup function done.
2022-04-07 16:39:22,880 INFO  
2022-04-07 16:39:22,881 INFO  Test duration: 56.18 secs
2022-04-07 16:39:22,882 INFO  Test final outcome:  PASSED
2022-04-07 16:39:22,883 INFO  
