2022-04-14 10:04:37,689 INFO  ==============================================================
2022-04-14 10:04:37,690 INFO  Id:    apt_finalize
2022-04-14 10:04:37,691 INFO  Dir:   plugin_apt/
2022-04-14 10:04:37,692 INFO  Title: Validate apt plugin finalize - dense version
2022-04-14 10:04:37,693 INFO  ==============================================================
2022-04-14 10:04:45,496 INFO  Executed sudo<outp_remove>, exit status 0
2022-04-14 10:04:45,499 INFO  Assert that (value==0) with value=0 ... passed
2022-04-14 10:04:50,184 INFO  Executed sudo<outp_remove>, exit status 0
2022-04-14 10:04:50,186 INFO  Assert that (value==0) with value=0 ... passed
2022-04-14 10:04:52,762 INFO  Executed sudo<outp_check_0>, exit status 0
2022-04-14 10:04:52,764 INFO  Assert that (value==0) with value=0 ... passed
2022-04-14 10:04:52,775 INFO  Grep on file outp_check_0.out ... passed
2022-04-14 10:04:53,287 INFO  Executed dpkg-query<outp_check_0>, exit status 1
2022-04-14 10:05:36,497 INFO  Executed sudo<outp_install>, exit status 0, duration 43 secs
2022-04-14 10:05:36,500 INFO  Assert that (value==0) with value=0 ... passed
2022-04-14 10:05:41,843 INFO  Executed sudo<outp_check_1>, exit status 0
2022-04-14 10:05:41,845 INFO  Assert that (value==0) with value=0 ... passed
2022-04-14 10:05:41,851 INFO  Grep on file outp_check_1.out ... passed
2022-04-14 10:05:42,312 INFO  Executed dpkg-query<outp_check_1>, exit status 0
2022-04-14 10:05:58,077 INFO  Executed sudo<outp_remove>, exit status 0, duration 15 secs
2022-04-14 10:05:58,080 INFO  Assert that (value==0) with value=0 ... passed
2022-04-14 10:06:03,514 INFO  Executed sudo<outp_check_2>, exit status 0
2022-04-14 10:06:03,516 INFO  Assert that (value==0) with value=0 ... passed
2022-04-14 10:06:03,525 INFO  Grep on file outp_check_2.out ... passed
2022-04-14 10:06:04,046 INFO  Executed dpkg-query<outp_check_2>, exit status 0
2022-04-14 10:06:17,476 INFO  Executed sudo<outp_finalize>, exit status 0, duration 13 secs
2022-04-14 10:06:17,478 INFO  Assert that (value==0) with value=0 ... passed
2022-04-14 10:06:22,752 INFO  Executed sudo<outp_check_3>, exit status 0
2022-04-14 10:06:22,755 INFO  Assert that (value==0) with value=0 ... passed
2022-04-14 10:06:22,760 INFO  Grep on file outp_check_3.out ... passed
2022-04-14 10:06:23,272 INFO  Executed dpkg-query<outp_check_3>, exit status 1
2022-04-14 10:06:23,282 INFO  
2022-04-14 10:06:23,283 INFO  cleanup:
2022-04-14 10:06:23,288 INFO  
2022-04-14 10:06:23,289 INFO  Test duration: 105.60 secs
2022-04-14 10:06:23,291 INFO  Test final outcome:  PASSED
2022-04-14 10:06:23,293 INFO  
