2022-04-07 16:48:38,205 INFO  ==============================================================
2022-04-07 16:48:38,206 INFO  Id:    apt_update_list
2022-04-07 16:48:38,207 INFO  Dir:   plugin_apt/
2022-04-07 16:48:38,208 INFO  Title: Validate apt plugin update-list command use case
2022-04-07 16:48:38,209 DEBUG Execution order hint: 0.0
2022-04-07 16:48:38,210 INFO  ==============================================================
2022-04-07 16:48:38,218 DEBUG Process parameters for sudo
  command line : /usr/bin/sudo /usr/bin/apt-get remove -y rolldice
    arg #1     : /usr/bin/apt-get
    arg #2     : remove
    arg #3     : -y
    arg #4     : rolldice
  working dir  : /home/pi/actions-runner/_work/thin-edge.io/thin-edge.io/tests/PySys/plugin_apt/apt_update_list/Output/linux
  stdout       : None
  stderr       : None
  environment  : LD_LIBRARY_PATH=/usr/lib
  environment  : PATH=/bin:/usr/bin:/usr/sbin:/usr/local/bin
                   #1  /bin
                   #2  /usr/bin
                   #3  /usr/sbin
                   #4  /usr/local/bin
2022-04-07 16:48:38,225 DEBUG Waiting up to 600 secs for process sudo (pid 3249)
2022-04-07 16:48:45,572 INFO  Executed sudo, exit status 0
2022-04-07 16:48:45,575 DEBUG Process parameters for sudo
  command line : /usr/bin/sudo /usr/bin/apt-get install -y asciijump
    arg #1     : /usr/bin/apt-get
    arg #2     : install
    arg #3     : -y
    arg #4     : asciijump
  working dir  : /home/pi/actions-runner/_work/thin-edge.io/thin-edge.io/tests/PySys/plugin_apt/apt_update_list/Output/linux
  stdout       : None
  stderr       : None
  environment  : LD_LIBRARY_PATH=/usr/lib
  environment  : PATH=/bin:/usr/bin:/usr/sbin:/usr/local/bin
                   #1  /bin
                   #2  /usr/bin
                   #3  /usr/sbin
                   #4  /usr/local/bin
2022-04-07 16:48:45,583 DEBUG Waiting up to 600 secs for process sudo (pid 3254)
2022-04-07 16:49:26,068 INFO  Executed sudo, exit status 0, duration 40 secs
2022-04-07 16:49:26,077 DEBUG Process parameters for sudo
  command line : /usr/bin/sudo /usr/bin/apt-get remove -y moon-buggy
    arg #1     : /usr/bin/apt-get
    arg #2     : remove
    arg #3     : -y
    arg #4     : moon-buggy
  working dir  : /home/pi/actions-runner/_work/thin-edge.io/thin-edge.io/tests/PySys/plugin_apt/apt_update_list/Output/linux
  stdout       : None
  stderr       : None
  environment  : LD_LIBRARY_PATH=/usr/lib
  environment  : PATH=/bin:/usr/bin:/usr/sbin:/usr/local/bin
                   #1  /bin
                   #2  /usr/bin
                   #3  /usr/sbin
                   #4  /usr/local/bin
2022-04-07 16:49:26,084 DEBUG Waiting up to 600 secs for process sudo (pid 3408)
2022-04-07 16:49:33,384 INFO  Executed sudo, exit status 0
2022-04-07 16:49:33,386 DEBUG Process parameters for sudo<outp_check_0>
  command line : /usr/bin/sudo /etc/tedge/sm-plugins/apt list
    arg #1     : /etc/tedge/sm-plugins/apt
    arg #2     : list
  working dir  : /home/pi/actions-runner/_work/thin-edge.io/thin-edge.io/tests/PySys/plugin_apt/apt_update_list/Output/linux
  stdout       : /home/pi/actions-runner/_work/thin-edge.io/thin-edge.io/tests/PySys/plugin_apt/apt_update_list/Output/linux/outp_check_0.out
  stderr       : /home/pi/actions-runner/_work/thin-edge.io/thin-edge.io/tests/PySys/plugin_apt/apt_update_list/Output/linux/outp_check_0.err
  environment  : LD_LIBRARY_PATH=/usr/lib
  environment  : PATH=/bin:/usr/bin:/usr/sbin:/usr/local/bin
                   #1  /bin
                   #2  /usr/bin
                   #3  /usr/sbin
                   #4  /usr/local/bin
2022-04-07 16:49:33,394 DEBUG Waiting up to 600 secs for process sudo<outp_check_0> (pid 3412)
2022-04-07 16:49:36,013 INFO  Executed sudo<outp_check_0>, exit status 0
2022-04-07 16:49:36,014 INFO  Assert that (value==0) with value=0 ... passed
2022-04-07 16:49:36,016 DEBUG Performing regex contains=False grep on file: /home/pi/actions-runner/_work/thin-edge.io/thin-edge.io/tests/PySys/plugin_apt/apt_update_list/Output/linux/outp_check_0.out
2022-04-07 16:49:36,021 INFO  Grep on file outp_check_0.out ... passed
2022-04-07 16:49:36,023 DEBUG Process parameters for sudo<outp_check_1>
  command line : /usr/bin/sudo /etc/tedge/sm-plugins/apt list
    arg #1     : /etc/tedge/sm-plugins/apt
    arg #2     : list
  working dir  : /home/pi/actions-runner/_work/thin-edge.io/thin-edge.io/tests/PySys/plugin_apt/apt_update_list/Output/linux
  stdout       : /home/pi/actions-runner/_work/thin-edge.io/thin-edge.io/tests/PySys/plugin_apt/apt_update_list/Output/linux/outp_check_1.out
  stderr       : /home/pi/actions-runner/_work/thin-edge.io/thin-edge.io/tests/PySys/plugin_apt/apt_update_list/Output/linux/outp_check_1.err
  environment  : LD_LIBRARY_PATH=/usr/lib
  environment  : PATH=/bin:/usr/bin:/usr/sbin:/usr/local/bin
                   #1  /bin
                   #2  /usr/bin
                   #3  /usr/sbin
                   #4  /usr/local/bin
2022-04-07 16:49:36,031 DEBUG Waiting up to 600 secs for process sudo<outp_check_1> (pid 3418)
2022-04-07 16:49:38,599 INFO  Executed sudo<outp_check_1>, exit status 0
2022-04-07 16:49:38,600 INFO  Assert that (value==0) with value=0 ... passed
2022-04-07 16:49:38,601 DEBUG Performing regex contains=True grep on file: /home/pi/actions-runner/_work/thin-edge.io/thin-edge.io/tests/PySys/plugin_apt/apt_update_list/Output/linux/outp_check_1.out
2022-04-07 16:49:38,607 DEBUG Grep on file outp_check_1.out successfully matched expression "asciijump" with line: 'asciijump\t1.0.2~beta-10\n'
2022-04-07 16:49:38,608 INFO  Grep on file outp_check_1.out ... passed
2022-04-07 16:49:38,610 DEBUG Process parameters for sudo<outp_check_2>
  command line : /usr/bin/sudo /etc/tedge/sm-plugins/apt list
    arg #1     : /etc/tedge/sm-plugins/apt
    arg #2     : list
  working dir  : /home/pi/actions-runner/_work/thin-edge.io/thin-edge.io/tests/PySys/plugin_apt/apt_update_list/Output/linux
  stdout       : /home/pi/actions-runner/_work/thin-edge.io/thin-edge.io/tests/PySys/plugin_apt/apt_update_list/Output/linux/outp_check_2.out
  stderr       : /home/pi/actions-runner/_work/thin-edge.io/thin-edge.io/tests/PySys/plugin_apt/apt_update_list/Output/linux/outp_check_2.err
  environment  : LD_LIBRARY_PATH=/usr/lib
  environment  : PATH=/bin:/usr/bin:/usr/sbin:/usr/local/bin
                   #1  /bin
                   #2  /usr/bin
                   #3  /usr/sbin
                   #4  /usr/local/bin
2022-04-07 16:49:38,617 DEBUG Waiting up to 600 secs for process sudo<outp_check_2> (pid 3424)
2022-04-07 16:49:41,191 INFO  Executed sudo<outp_check_2>, exit status 0
2022-04-07 16:49:41,193 INFO  Assert that (value==0) with value=0 ... passed
2022-04-07 16:49:41,194 DEBUG Performing regex contains=False grep on file: /home/pi/actions-runner/_work/thin-edge.io/thin-edge.io/tests/PySys/plugin_apt/apt_update_list/Output/linux/outp_check_2.out
2022-04-07 16:49:41,200 INFO  Grep on file outp_check_2.out ... passed
2022-04-07 16:49:41,202 DEBUG --- test execute
2022-04-07 16:50:26,149 DEBUG --- test validate
2022-04-07 16:50:26,158 DEBUG Process parameters for sudo<outp_check_3>
  command line : /usr/bin/sudo /etc/tedge/sm-plugins/apt list
    arg #1     : /etc/tedge/sm-plugins/apt
    arg #2     : list
  working dir  : /home/pi/actions-runner/_work/thin-edge.io/thin-edge.io/tests/PySys/plugin_apt/apt_update_list/Output/linux
  stdout       : /home/pi/actions-runner/_work/thin-edge.io/thin-edge.io/tests/PySys/plugin_apt/apt_update_list/Output/linux/outp_check_3.out
  stderr       : /home/pi/actions-runner/_work/thin-edge.io/thin-edge.io/tests/PySys/plugin_apt/apt_update_list/Output/linux/outp_check_3.err
  environment  : LD_LIBRARY_PATH=/usr/lib
  environment  : PATH=/bin:/usr/bin:/usr/sbin:/usr/local/bin
                   #1  /bin
                   #2  /usr/bin
                   #3  /usr/sbin
                   #4  /usr/local/bin
2022-04-07 16:50:26,166 DEBUG Waiting up to 600 secs for process sudo<outp_check_3> (pid 3648)
2022-04-07 16:50:31,494 INFO  Executed sudo<outp_check_3>, exit status 0
2022-04-07 16:50:31,496 INFO  Assert that (value==0) with value=0 ... passed
2022-04-07 16:50:31,497 DEBUG Performing regex contains=True grep on file: /home/pi/actions-runner/_work/thin-edge.io/thin-edge.io/tests/PySys/plugin_apt/apt_update_list/Output/linux/outp_check_3.out
2022-04-07 16:50:31,502 DEBUG Grep on file outp_check_3.out successfully matched expression "rolldice" with line: 'rolldice\t1.16-1+b1\n'
2022-04-07 16:50:31,503 INFO  Grep on file outp_check_3.out ... passed
2022-04-07 16:50:31,505 DEBUG Process parameters for sudo<outp_check_4>
  command line : /usr/bin/sudo /etc/tedge/sm-plugins/apt list
    arg #1     : /etc/tedge/sm-plugins/apt
    arg #2     : list
  working dir  : /home/pi/actions-runner/_work/thin-edge.io/thin-edge.io/tests/PySys/plugin_apt/apt_update_list/Output/linux
  stdout       : /home/pi/actions-runner/_work/thin-edge.io/thin-edge.io/tests/PySys/plugin_apt/apt_update_list/Output/linux/outp_check_4.out
  stderr       : /home/pi/actions-runner/_work/thin-edge.io/thin-edge.io/tests/PySys/plugin_apt/apt_update_list/Output/linux/outp_check_4.err
  environment  : LD_LIBRARY_PATH=/usr/lib
  environment  : PATH=/bin:/usr/bin:/usr/sbin:/usr/local/bin
                   #1  /bin
                   #2  /usr/bin
                   #3  /usr/sbin
                   #4  /usr/local/bin
2022-04-07 16:50:31,512 DEBUG Waiting up to 600 secs for process sudo<outp_check_4> (pid 3654)
2022-04-07 16:50:34,113 INFO  Executed sudo<outp_check_4>, exit status 0
2022-04-07 16:50:34,115 INFO  Assert that (value==0) with value=0 ... passed
2022-04-07 16:50:34,116 DEBUG Performing regex contains=False grep on file: /home/pi/actions-runner/_work/thin-edge.io/thin-edge.io/tests/PySys/plugin_apt/apt_update_list/Output/linux/outp_check_4.out
2022-04-07 16:50:34,121 INFO  Grep on file outp_check_4.out ... passed
2022-04-07 16:50:34,124 DEBUG Process parameters for sudo<outp_check_5>
  command line : /usr/bin/sudo /etc/tedge/sm-plugins/apt list
    arg #1     : /etc/tedge/sm-plugins/apt
    arg #2     : list
  working dir  : /home/pi/actions-runner/_work/thin-edge.io/thin-edge.io/tests/PySys/plugin_apt/apt_update_list/Output/linux
  stdout       : /home/pi/actions-runner/_work/thin-edge.io/thin-edge.io/tests/PySys/plugin_apt/apt_update_list/Output/linux/outp_check_5.out
  stderr       : /home/pi/actions-runner/_work/thin-edge.io/thin-edge.io/tests/PySys/plugin_apt/apt_update_list/Output/linux/outp_check_5.err
  environment  : LD_LIBRARY_PATH=/usr/lib
  environment  : PATH=/bin:/usr/bin:/usr/sbin:/usr/local/bin
                   #1  /bin
                   #2  /usr/bin
                   #3  /usr/sbin
                   #4  /usr/local/bin
2022-04-07 16:50:34,131 DEBUG Waiting up to 600 secs for process sudo<outp_check_5> (pid 3660)
2022-04-07 16:50:36,732 INFO  Executed sudo<outp_check_5>, exit status 0
2022-04-07 16:50:36,734 INFO  Assert that (value==0) with value=0 ... passed
2022-04-07 16:50:36,735 DEBUG Performing regex contains=True grep on file: /home/pi/actions-runner/_work/thin-edge.io/thin-edge.io/tests/PySys/plugin_apt/apt_update_list/Output/linux/outp_check_5.out
2022-04-07 16:50:36,740 DEBUG Grep on file outp_check_5.out successfully matched expression "moon-buggy" with line: 'moon-buggy\t1:1.0.51-12\n'
2022-04-07 16:50:36,741 INFO  Grep on file outp_check_5.out ... passed
2022-04-07 16:50:36,747 DEBUG --- test cleanup
2022-04-07 16:50:36,749 INFO  
2022-04-07 16:50:36,749 INFO  cleanup:
2022-04-07 16:50:36,750 DEBUG Running registered cleanup function: <bound method AptPluginUpdateList.cleanup_prepare of <AptPluginUpdateList object at 0x75ddcf70>>
2022-04-07 16:50:36,752 DEBUG Process parameters for sudo
  command line : /usr/bin/sudo /usr/bin/apt-get remove -y rolldice
    arg #1     : /usr/bin/apt-get
    arg #2     : remove
    arg #3     : -y
    arg #4     : rolldice
  working dir  : /home/pi/actions-runner/_work/thin-edge.io/thin-edge.io/tests/PySys/plugin_apt/apt_update_list/Output/linux
  stdout       : None
  stderr       : None
  environment  : LD_LIBRARY_PATH=/usr/lib
  environment  : PATH=/bin:/usr/bin:/usr/sbin:/usr/local/bin
                   #1  /bin
                   #2  /usr/bin
                   #3  /usr/sbin
                   #4  /usr/local/bin
2022-04-07 16:50:36,759 DEBUG Waiting up to 600 secs for process sudo (pid 3666)
2022-04-07 16:50:50,214 INFO  Executed sudo, exit status 0, duration 13 secs
2022-04-07 16:50:50,217 DEBUG Process parameters for sudo
  command line : /usr/bin/sudo /usr/bin/apt-get remove -y asciijump
    arg #1     : /usr/bin/apt-get
    arg #2     : remove
    arg #3     : -y
    arg #4     : asciijump
  working dir  : /home/pi/actions-runner/_work/thin-edge.io/thin-edge.io/tests/PySys/plugin_apt/apt_update_list/Output/linux
  stdout       : None
  stderr       : None
  environment  : LD_LIBRARY_PATH=/usr/lib
  environment  : PATH=/bin:/usr/bin:/usr/sbin:/usr/local/bin
                   #1  /bin
                   #2  /usr/bin
                   #3  /usr/sbin
                   #4  /usr/local/bin
2022-04-07 16:50:50,225 DEBUG Waiting up to 600 secs for process sudo (pid 3694)
2022-04-07 16:50:57,584 INFO  Executed sudo, exit status 0
2022-04-07 16:50:57,586 DEBUG Process parameters for sudo
  command line : /usr/bin/sudo /usr/bin/apt-get remove -y moon-buggy
    arg #1     : /usr/bin/apt-get
    arg #2     : remove
    arg #3     : -y
    arg #4     : moon-buggy
  working dir  : /home/pi/actions-runner/_work/thin-edge.io/thin-edge.io/tests/PySys/plugin_apt/apt_update_list/Output/linux
  stdout       : None
  stderr       : None
  environment  : LD_LIBRARY_PATH=/usr/lib
  environment  : PATH=/bin:/usr/bin:/usr/sbin:/usr/local/bin
                   #1  /bin
                   #2  /usr/bin
                   #3  /usr/sbin
                   #4  /usr/local/bin
2022-04-07 16:50:57,594 DEBUG Waiting up to 600 secs for process sudo (pid 3700)
2022-04-07 16:51:11,889 INFO  Executed sudo, exit status 0, duration 14 secs
2022-04-07 16:51:11,890 DEBUG ProcessUser cleanup function done.
2022-04-07 16:51:11,894 INFO  
2022-04-07 16:51:11,894 INFO  Test duration: 153.69 secs
2022-04-07 16:51:11,896 INFO  Test final outcome:  PASSED
2022-04-07 16:51:11,897 INFO  
