2022-04-08 09:40:32,153 INFO  ==============================================================
2022-04-08 09:40:32,154 INFO  Id:    local_mqtt_pub_fail_qos1
2022-04-08 09:40:32,155 INFO  Dir:   local_mqtt/
2022-04-08 09:40:32,156 INFO  Title: Check error code when mosquitto is not running with QoS set to 1
2022-04-08 09:40:32,157 DEBUG Execution order hint: 0.0
2022-04-08 09:40:32,158 INFO  ==============================================================
2022-04-08 09:40:32,164 DEBUG Process parameters for sudo<stop>
  command line : /usr/bin/sudo /usr/bin/systemctl stop mosquitto
    arg #1     : /usr/bin/systemctl
    arg #2     : stop
    arg #3     : mosquitto
  working dir  : /home/pi/actions-runner/_work/thin-edge.io/thin-edge.io/tests/PySys/local_mqtt/local_mqtt_pub_fail_qos1/Output/linux
  stdout       : /home/pi/actions-runner/_work/thin-edge.io/thin-edge.io/tests/PySys/local_mqtt/local_mqtt_pub_fail_qos1/Output/linux/stop.out
  stderr       : /home/pi/actions-runner/_work/thin-edge.io/thin-edge.io/tests/PySys/local_mqtt/local_mqtt_pub_fail_qos1/Output/linux/stop.err
  environment  : LD_LIBRARY_PATH=/usr/lib
  environment  : PATH=/bin:/usr/bin:/usr/sbin:/usr/local/bin
                   #1  /bin
                   #2  /usr/bin
                   #3  /usr/sbin
                   #4  /usr/local/bin
2022-04-08 09:40:32,171 DEBUG Waiting up to 600 secs for process sudo<stop> (pid 13383)
2022-04-08 09:40:32,733 INFO  Executed sudo<stop>, exit status 0
2022-04-08 09:40:32,734 DEBUG --- test execute
2022-04-08 09:40:32,736 DEBUG Process parameters for tedge_pub_fail
  command line : /usr/bin/tedge mqtt pub --qos 1 atopic amessage
    arg #1     : mqtt
    arg #2     : pub
    arg #3     : --qos
    arg #4     : 1
    arg #5     : atopic
    arg #6     : amessage
  working dir  : /home/pi/actions-runner/_work/thin-edge.io/thin-edge.io/tests/PySys/local_mqtt/local_mqtt_pub_fail_qos1/Output/linux
  stdout       : /home/pi/actions-runner/_work/thin-edge.io/thin-edge.io/tests/PySys/local_mqtt/local_mqtt_pub_fail_qos1/Output/linux/tedge_pub_fail.out
  stderr       : /home/pi/actions-runner/_work/thin-edge.io/thin-edge.io/tests/PySys/local_mqtt/local_mqtt_pub_fail_qos1/Output/linux/tedge_pub_fail.err
  environment  : LD_LIBRARY_PATH=/usr/lib
  environment  : PATH=/bin:/usr/bin:/usr/sbin:/usr/local/bin
                   #1  /bin
                   #2  /usr/bin
                   #3  /usr/sbin
                   #4  /usr/local/bin
2022-04-08 09:40:32,743 DEBUG Waiting up to 600 secs for process tedge_pub_fail (pid 13385)
2022-04-08 09:40:33,148 INFO  Executed tedge_pub_fail, exit status 1
2022-04-08 09:40:33,150 INFO  Assert that (value==1) with value=1 ... passed
2022-04-08 09:40:33,151 DEBUG --- test validate
2022-04-08 09:40:33,156 DEBUG --- test cleanup
2022-04-08 09:40:33,157 INFO  
2022-04-08 09:40:33,158 INFO  cleanup:
2022-04-08 09:40:33,158 DEBUG Running registered cleanup function: <bound method PySysTest.mycleanup of <PySysTest object at 0x760ff4d0>>
2022-04-08 09:40:33,160 DEBUG Process parameters for sudo<start>
  command line : /usr/bin/sudo /usr/bin/systemctl start mosquitto
    arg #1     : /usr/bin/systemctl
    arg #2     : start
    arg #3     : mosquitto
  working dir  : /home/pi/actions-runner/_work/thin-edge.io/thin-edge.io/tests/PySys/local_mqtt/local_mqtt_pub_fail_qos1/Output/linux
  stdout       : /home/pi/actions-runner/_work/thin-edge.io/thin-edge.io/tests/PySys/local_mqtt/local_mqtt_pub_fail_qos1/Output/linux/start.out
  stderr       : /home/pi/actions-runner/_work/thin-edge.io/thin-edge.io/tests/PySys/local_mqtt/local_mqtt_pub_fail_qos1/Output/linux/start.err
  environment  : LD_LIBRARY_PATH=/usr/lib
  environment  : PATH=/bin:/usr/bin:/usr/sbin:/usr/local/bin
                   #1  /bin
                   #2  /usr/bin
                   #3  /usr/sbin
                   #4  /usr/local/bin
2022-04-08 09:40:33,167 DEBUG Waiting up to 600 secs for process sudo<start> (pid 13386)
2022-04-08 09:40:33,774 INFO  Executed sudo<start>, exit status 0
2022-04-08 09:40:33,775 DEBUG ProcessUser cleanup function done.
2022-04-08 09:40:33,778 INFO  
2022-04-08 09:40:33,779 INFO  Test duration: 1.63 secs
2022-04-08 09:40:33,780 INFO  Test final outcome:  PASSED
2022-04-08 09:40:33,781 INFO  
