2022-05-03 07:51:15,472 INFO  ==============================================================
2022-05-03 07:51:15,473 INFO  Id:    log_request_error_messages
2022-05-03 07:51:15,474 INFO  Dir:   log_request_end_to_end/
2022-05-03 07:51:15,475 INFO  Title: Validate end to end behaviour for the log request operation check for error messages
2022-05-03 07:51:15,476 INFO  ==============================================================
2022-05-03 07:51:16,673 INFO  EnvironmentC8y Setup
2022-05-03 07:51:17,285 INFO  Executed systemctl<serv_mapper1>, exit status 3
2022-05-03 07:51:17,391 INFO  Restarting mosquitto too frequently in the last 10 seconds. It was only up for 2 seconds
2022-05-03 07:51:17,392 INFO  Delaying execution by 9 seconds
2022-05-03 07:51:40,362 INFO  Executed sudo<tedge_connect_c8y>, exit status 0, duration 13 secs
2022-05-03 07:51:41,053 INFO  Executed sudo<tedge_connect_c8y_test>, exit status 0
2022-05-03 07:51:41,516 INFO  Executed systemctl<serv_mosq2>, exit status 0
2022-05-03 07:51:41,979 INFO  Executed systemctl<serv_mapper3>, exit status 0
2022-05-03 07:51:42,514 INFO  Executed sudo<rm_logs>, exit status 0
2022-05-03 07:51:43,048 INFO  Executed sudo<move_logs>, exit status 0
2022-05-03 07:51:43,559 INFO  log response None
2022-05-03 07:51:43,560 WARN  retry, retrying in 1 seconds...
2022-05-03 07:51:44,766 INFO  log response https://thin-edge-io.eu-latest.cumulocity.com/event/events/18245571/binaries
2022-05-03 07:51:45,317 WARN  Assert that (True == value) with value=False ... failed [run.py:43]
2022-05-03 07:51:45,326 INFO  
2022-05-03 07:51:45,327 INFO  cleanup:
2022-05-03 07:51:45,845 INFO  Executed sudo<rm_logs>, exit status 0
2022-05-03 07:51:46,409 INFO  Executed sudo<rm_tmp_logs>, exit status 0
2022-05-03 07:51:46,923 INFO  Executed sudo<send_failed>, exit status 0
2022-05-03 07:51:50,998 INFO  Executed sudo<tedge_disconnect_c8y>, exit status 0
2022-05-03 07:51:51,564 INFO  Executed systemctl<serv_mapper5>, exit status 3
2022-05-03 07:51:51,568 INFO  
2022-05-03 07:51:51,569 INFO  Test duration: 36.10 secs
2022-05-03 07:51:51,570 INFO  Test final outcome:  FAILED
2022-05-03 07:51:51,571 INFO  Test outcome reason: Assert that (True == value) with value=False
2022-05-03 07:51:51,572 INFO  
