2022-05-11 12:44:34,541 INFO  ==============================================================
2022-05-11 12:44:34,542 INFO  Id:    SoftwareManagement.sm_apt_install_remove
2022-05-11 12:44:34,543 INFO  Dir:   software_management_end_to_end/
2022-05-11 12:44:34,544 INFO  Title: Validate end to end behaviour for the apt plugin for installation and removal of packages
2022-05-11 12:44:34,545 INFO  ==============================================================
2022-05-11 12:44:34,593 INFO  Using sw id database: {'asciijump': '5475369', 'robotfindskitten': '5474869', 'squirrel3': '5475279', 'rolldice': '5152439', 'moon-buggy': '5439204', 'apple': '5495053', 'banana': '5494888', 'cherry': '5495382', 'watermelon': '5494510', 'registry': '8018911', 'hello-world': '8021526', 'docker/getting-started': '8021973', 'alpine': '7991792'}
2022-05-11 12:44:34,593 INFO  EnvironmentC8y Setup
2022-05-11 12:44:35,154 INFO  Executed systemctl<serv_mapper1>, exit status 3
2022-05-11 12:44:35,263 INFO  Restarting mosquitto too frequently in the last 10 seconds. It was only up for 8 seconds
2022-05-11 12:44:35,264 INFO  Delaying execution by 3 seconds
2022-05-11 12:44:55,626 INFO  Executed sudo<tedge_connect_c8y>, exit status 0, duration 17 secs
2022-05-11 12:44:56,692 INFO  Executed sudo<tedge_connect_c8y_test>, exit status 0
2022-05-11 12:44:57,255 INFO  Executed systemctl<serv_mosq2>, exit status 0
2022-05-11 12:44:57,768 INFO  Executed systemctl<serv_mapper3>, exit status 0
2022-05-11 12:45:00,064 INFO  State of current operation: FAILED
2022-05-11 12:45:00,538 INFO  Assert that (False == value) with value=False ... passed
2022-05-11 12:45:00,768 INFO  Response status: 201
2022-05-11 12:45:00,770 INFO  Response to action: {
    "delivery": {
        "time": "2022-05-11T12:45:00.743Z",
        "log": [],
        "status": "PENDING"
    },
    "creationTime": "2022-05-11T12:45:00.725Z",
    "deviceName": "m32sd11e",
    "deviceId": "18811625",
    "self": "https://t493319102.eu-latest.cumulocity.com/devicecontrol/operations/18841082",
    "id": "18841082",
    "status": "PENDING",
    "description": "Apply software changes, triggered from PySys: [{'name': 'rolldice', 'id': '5152439', 'version': '::apt', 'url': '', 'action': 'install'}]",
    "c8y_SoftwareUpdate": [
        {
            "name": "rolldice",
            "action": "install",
            "id": "5152439",
            "version": "::apt",
            "url": ""
        }
    ]
}
2022-05-11 12:45:00,771 INFO  Started operation: {'delivery': {'time': '2022-05-11T12:45:00.743Z', 'log': [], 'status': 'PENDING'}, 'creationTime': '2022-05-11T12:45:00.725Z', 'deviceName': 'm32sd11e', 'deviceId': '18811625', 'self': 'https://t493319102.eu-latest.cumulocity.com/devicecontrol/operations/18841082', 'id': '18841082', 'status': 'PENDING', 'description': "Apply software changes, triggered from PySys: [{'name': 'rolldice', 'id': '5152439', 'version': '::apt', 'url': '', 'action': 'install'}]", 'c8y_SoftwareUpdate': [{'name': 'rolldice', 'action': 'install', 'id': '5152439', 'version': '::apt', 'url': ''}]}
2022-05-11 12:45:03,061 INFO  State of operation 18841082 : PENDING
2022-05-11 12:45:05,287 INFO  State of operation 18841082 : EXECUTING
2022-05-11 12:45:07,505 INFO  State of operation 18841082 : EXECUTING
2022-05-11 12:45:09,744 INFO  State of operation 18841082 : EXECUTING
2022-05-11 12:45:11,968 INFO  State of operation 18841082 : EXECUTING
2022-05-11 12:45:14,184 INFO  State of operation 18841082 : EXECUTING
2022-05-11 12:45:16,411 INFO  State of operation 18841082 : EXECUTING
2022-05-11 12:45:19,252 INFO  State of operation 18841082 : EXECUTING
2022-05-11 12:45:21,478 INFO  State of operation 18841082 : EXECUTING
2022-05-11 12:45:24,279 INFO  State of operation 18841082 : EXECUTING
2022-05-11 12:45:26,562 INFO  State of operation 18841082 : EXECUTING
2022-05-11 12:45:29,072 INFO  State of operation 18841082 : EXECUTING
2022-05-11 12:45:31,289 INFO  State of operation 18841082 : EXECUTING
2022-05-11 12:45:33,543 INFO  State of operation 18841082 : EXECUTING
2022-05-11 12:45:35,768 INFO  State of operation 18841082 : EXECUTING
2022-05-11 12:45:37,998 INFO  State of operation 18841082 : EXECUTING
2022-05-11 12:45:40,221 INFO  State of operation 18841082 : EXECUTING
2022-05-11 12:45:42,468 INFO  State of operation 18841082 : EXECUTING
2022-05-11 12:45:44,807 INFO  State of operation 18841082 : EXECUTING
2022-05-11 12:45:47,041 INFO  State of operation 18841082 : EXECUTING
2022-05-11 12:45:51,012 INFO  State of operation 18841082 : EXECUTING
2022-05-11 12:45:53,263 INFO  State of operation 18841082 : EXECUTING
2022-05-11 12:45:55,480 INFO  State of operation 18841082 : EXECUTING
2022-05-11 12:45:57,700 INFO  State of operation 18841082 : EXECUTING
2022-05-11 12:45:59,960 INFO  State of operation 18841082 : EXECUTING
2022-05-11 12:46:02,921 INFO  State of operation 18841082 : EXECUTING
2022-05-11 12:46:05,306 INFO  State of operation 18841082 : EXECUTING
2022-05-11 12:46:07,528 INFO  State of operation 18841082 : EXECUTING
2022-05-11 12:46:10,259 INFO  State of operation 18841082 : EXECUTING
2022-05-11 12:46:12,492 INFO  State of operation 18841082 : EXECUTING
2022-05-11 12:46:14,709 INFO  State of operation 18841082 : EXECUTING
2022-05-11 12:46:16,921 INFO  State of operation 18841082 : EXECUTING
2022-05-11 12:46:19,177 INFO  State of operation 18841082 : EXECUTING
2022-05-11 12:46:21,836 INFO  State of operation 18841082 : EXECUTING
2022-05-11 12:46:24,076 INFO  State of operation 18841082 : EXECUTING
2022-05-11 12:46:26,554 INFO  State of operation 18841082 : EXECUTING
2022-05-11 12:46:28,770 INFO  State of operation 18841082 : EXECUTING
2022-05-11 12:46:30,991 INFO  State of operation 18841082 : EXECUTING
2022-05-11 12:46:33,228 INFO  State of operation 18841082 : EXECUTING
2022-05-11 12:46:35,439 INFO  State of operation 18841082 : EXECUTING
2022-05-11 12:46:37,673 INFO  State of operation 18841082 : SUCCESSFUL
2022-05-11 12:46:37,916 INFO  Package rolldice is installed
2022-05-11 12:46:37,918 INFO  Assert that (True == value) with value=True ... passed
2022-05-11 12:46:38,143 INFO  Response status: 201
2022-05-11 12:46:38,144 INFO  Response to action: {
    "delivery": {
        "time": "2022-05-11T12:46:38.117Z",
        "log": [],
        "status": "PENDING"
    },
    "creationTime": "2022-05-11T12:46:38.103Z",
    "deviceName": "m32sd11e",
    "deviceId": "18811625",
    "self": "https://t493319102.eu-latest.cumulocity.com/devicecontrol/operations/18857114",
    "id": "18857114",
    "status": "PENDING",
    "description": "Apply software changes, triggered from PySys: [{'name': 'rolldice', 'id': '5152439', 'version': '::apt', 'url': '', 'action': 'delete'}]",
    "c8y_SoftwareUpdate": [
        {
            "name": "rolldice",
            "action": "delete",
            "id": "5152439",
            "version": "::apt",
            "url": ""
        }
    ]
}
2022-05-11 12:46:38,145 INFO  Started operation: {'delivery': {'time': '2022-05-11T12:46:38.117Z', 'log': [], 'status': 'PENDING'}, 'creationTime': '2022-05-11T12:46:38.103Z', 'deviceName': 'm32sd11e', 'deviceId': '18811625', 'self': 'https://t493319102.eu-latest.cumulocity.com/devicecontrol/operations/18857114', 'id': '18857114', 'status': 'PENDING', 'description': "Apply software changes, triggered from PySys: [{'name': 'rolldice', 'id': '5152439', 'version': '::apt', 'url': '', 'action': 'delete'}]", 'c8y_SoftwareUpdate': [{'name': 'rolldice', 'action': 'delete', 'id': '5152439', 'version': '::apt', 'url': ''}]}
2022-05-11 12:46:40,364 INFO  State of operation 18857114 : PENDING
2022-05-11 12:46:42,637 INFO  State of operation 18857114 : EXECUTING
2022-05-11 12:46:44,871 INFO  State of operation 18857114 : EXECUTING
2022-05-11 12:46:47,091 INFO  State of operation 18857114 : EXECUTING
2022-05-11 12:46:49,305 INFO  State of operation 18857114 : EXECUTING
2022-05-11 12:46:51,528 INFO  State of operation 18857114 : EXECUTING
2022-05-11 12:46:53,807 INFO  State of operation 18857114 : EXECUTING
2022-05-11 12:46:57,428 INFO  State of operation 18857114 : EXECUTING
2022-05-11 12:47:00,181 INFO  State of operation 18857114 : EXECUTING
2022-05-11 12:47:02,406 INFO  State of operation 18857114 : EXECUTING
2022-05-11 12:47:04,807 INFO  State of operation 18857114 : EXECUTING
2022-05-11 12:47:07,045 INFO  State of operation 18857114 : EXECUTING
2022-05-11 12:47:09,267 INFO  State of operation 18857114 : EXECUTING
2022-05-11 12:47:11,508 INFO  State of operation 18857114 : EXECUTING
2022-05-11 12:47:13,902 INFO  State of operation 18857114 : EXECUTING
2022-05-11 12:47:16,141 INFO  State of operation 18857114 : EXECUTING
2022-05-11 12:47:18,516 INFO  State of operation 18857114 : EXECUTING
2022-05-11 12:47:20,731 INFO  State of operation 18857114 : EXECUTING
2022-05-11 12:47:23,436 INFO  State of operation 18857114 : EXECUTING
2022-05-11 12:47:25,696 INFO  State of operation 18857114 : EXECUTING
2022-05-11 12:47:28,002 INFO  State of operation 18857114 : EXECUTING
2022-05-11 12:47:30,225 INFO  State of operation 18857114 : EXECUTING
2022-05-11 12:47:32,448 INFO  State of operation 18857114 : EXECUTING
2022-05-11 12:47:34,673 INFO  State of operation 18857114 : EXECUTING
2022-05-11 12:47:36,901 INFO  State of operation 18857114 : SUCCESSFUL
2022-05-11 12:47:37,150 INFO  Assert that (False == value) with value=False ... passed
2022-05-11 12:47:37,162 INFO  
2022-05-11 12:47:37,162 INFO  cleanup:
2022-05-11 12:47:42,801 INFO  Executed sudo<tedge_disconnect_c8y>, exit status 0
2022-05-11 12:47:43,419 INFO  Executed systemctl<serv_mapper5>, exit status 3
2022-05-11 12:47:43,423 INFO  
2022-05-11 12:47:43,424 INFO  Test duration: 188.89 secs
2022-05-11 12:47:43,425 INFO  Test final outcome:  PASSED
2022-05-11 12:47:43,426 INFO  
