2022-05-02 15:10:09,033 INFO  ==============================================================
2022-05-02 15:10:09,033 INFO  Id:    tedge_mapper_c8y_child_device_measurement
2022-05-02 15:10:09,033 INFO  Dir:   tedge_mapper_c8y/
2022-05-02 15:10:09,033 INFO  Title: Validate that measurements sent to tedge/measurements/child topic gets mapped as the child device's measurement in Cumulocity
2022-05-02 15:10:09,033 INFO  ==============================================================
2022-05-02 15:10:09,035 INFO  EnvironmentC8y Setup
2022-05-02 15:10:09,086 INFO  Executed systemctl<serv_mapper1>, exit status 3
2022-05-02 15:10:09,102 INFO  Restarting mosquitto too frequently in the last 10 seconds. It was only up for 1 seconds
2022-05-02 15:10:09,102 INFO  Delaying execution by 10 seconds
2022-05-02 15:10:36,429 INFO  Executed sudo<tedge_connect_c8y>, exit status 0, duration 17 secs
2022-05-02 15:10:36,582 INFO  Executed sudo<tedge_connect_c8y_test>, exit status 0
2022-05-02 15:10:36,633 INFO  Executed systemctl<serv_mosq2>, exit status 0
2022-05-02 15:10:36,686 INFO  Executed systemctl<serv_mapper3>, exit status 0
2022-05-02 15:10:37,156 INFO  Assert that (actual == expected) with actual=None, expected=None ... passed
2022-05-02 15:10:37,208 INFO  Executed tedge_pub, exit status 0
2022-05-02 15:10:37,260 INFO  Executed tedge_pub, exit status 0
2022-05-02 15:10:37,312 INFO  Executed tedge_pub, exit status 0
2022-05-02 15:10:37,363 INFO  Executed tedge_pub, exit status 0
2022-05-02 15:10:37,415 INFO  Executed tedge_pub, exit status 0
2022-05-02 15:10:39,403 INFO  {
    "self": "https://t493319102.eu-latest.cumulocity.com/measurement/measurements/18188316",
    "time": "2022-05-02T15:10:37.406Z",
    "id": "18188316",
    "source": {
        "self": "https://t493319102.eu-latest.cumulocity.com/inventory/managedObjects/18188310",
        "id": "18188310"
    },
    "type": "ThinEdgeMeasurement",
    "temperature": {
        "temperature": {
            "value": 10.0
        }
    }
}
2022-05-02 15:10:39,403 INFO  Assert that (actual == expected) with actual="ThinEdgeMeasurement", expected="ThinEdgeMeasurement" ... passed
2022-05-02 15:10:39,403 INFO  Assert that (actual == expected) with actual=10.0, expected=10 ... passed
2022-05-02 15:10:39,404 INFO  {
    "self": "https://t493319102.eu-latest.cumulocity.com/measurement/measurements/18188312",
    "time": "2022-05-02T15:10:37.252Z",
    "id": "18188312",
    "source": {
        "self": "https://t493319102.eu-latest.cumulocity.com/inventory/managedObjects/18188310",
        "id": "18188310"
    },
    "type": "ThinEdgeMeasurement",
    "temperature": {
        "temperature": {
            "value": 11.0
        }
    }
}
2022-05-02 15:10:39,404 INFO  Assert that (actual == expected) with actual="ThinEdgeMeasurement", expected="ThinEdgeMeasurement" ... passed
2022-05-02 15:10:39,404 INFO  Assert that (actual == expected) with actual=11.0, expected=11 ... passed
2022-05-02 15:10:39,404 INFO  {
    "self": "https://t493319102.eu-latest.cumulocity.com/measurement/measurements/18188311",
    "time": "2021-01-01T10:10:10.100+02:00",
    "id": "18188311",
    "source": {
        "self": "https://t493319102.eu-latest.cumulocity.com/inventory/managedObjects/18188310",
        "id": "18188310"
    },
    "type": "ThinEdgeMeasurement",
    "temperature": {
        "temperature": {
            "value": 12.0
        }
    }
}
2022-05-02 15:10:39,404 INFO  Assert that (actual == expected) with actual="ThinEdgeMeasurement", expected="ThinEdgeMeasurement" ... passed
2022-05-02 15:10:39,404 INFO  Assert that (actual == expected) with actual=12.0, expected=12 ... passed
2022-05-02 15:10:39,405 INFO  Assert that (actual == expected) with actual="2021-01-01T10:10:10.100+02:00", expected="2021-01-01T10:10:10.100+02:00" ... passed
2022-05-02 15:10:39,532 INFO  {
    "self": "https://t493319102.eu-latest.cumulocity.com/measurement/measurements/18188315",
    "time": "2022-05-02T15:10:37.353Z",
    "id": "18188315",
    "source": {
        "self": "https://t493319102.eu-latest.cumulocity.com/inventory/managedObjects/18188314",
        "id": "18188314"
    },
    "type": "ThinEdgeMeasurement",
    "temperature": {
        "temperature": {
            "value": 6.0
        }
    }
}
2022-05-02 15:10:39,533 INFO  Assert that (actual == expected) with actual="ThinEdgeMeasurement", expected="ThinEdgeMeasurement" ... passed
2022-05-02 15:10:39,533 INFO  Assert that (actual == expected) with actual=6.0, expected=6 ... passed
2022-05-02 15:10:39,649 INFO  {
    "self": "https://t493319102.eu-latest.cumulocity.com/measurement/measurements/18188313",
    "time": "2022-05-02T15:10:37.303Z",
    "id": "18188313",
    "source": {
        "self": "https://t493319102.eu-latest.cumulocity.com/inventory/managedObjects/18168279",
        "id": "18168279"
    },
    "type": "ThinEdgeMeasurement",
    "temperature": {
        "temperature": {
            "value": 5.0
        }
    }
}
2022-05-02 15:10:39,650 INFO  Assert that (actual == expected) with actual="ThinEdgeMeasurement", expected="ThinEdgeMeasurement" ... passed
2022-05-02 15:10:39,650 INFO  Assert that (actual == expected) with actual=5.0, expected=5 ... passed
2022-05-02 15:10:39,650 INFO  
2022-05-02 15:10:39,650 INFO  cleanup:
2022-05-02 15:10:50,771 INFO  Executed sudo<tedge_disconnect_c8y>, exit status 0
2022-05-02 15:10:50,822 INFO  Executed systemctl<serv_mapper5>, exit status 3
2022-05-02 15:10:50,823 INFO  
2022-05-02 15:10:50,823 INFO  Test duration: 41.79 secs
2022-05-02 15:10:50,823 INFO  Test final outcome:  PASSED
2022-05-02 15:10:50,823 INFO  
