2022-04-14 07:28:03,533 INFO  ==============================================================
2022-04-14 07:28:03,534 INFO  Id:    SoftwareManagement.sm_docker_install_remove_multiple
2022-04-14 07:28:03,535 INFO  Dir:   software_management_end_to_end/
2022-04-14 07:28:03,536 INFO  Title: Validate end to end behaviour for the docker plugin for multiple docker images with mixed versions
2022-04-14 07:28:03,537 INFO  ==============================================================
2022-04-14 07:28:05,785 INFO  Using sw id database: {'asciijump': '5475369', 'robotfindskitten': '5474869', 'squirrel3': '5475279', 'rolldice': '5152439', 'moon-buggy': '5439204', 'apple': '5495053', 'banana': '5494888', 'cherry': '5495382', 'watermelon': '5494510', 'registry': '8018911', 'hello-world': '8021526', 'docker/getting-started': '8021973', 'alpine': '7991792'}
2022-04-14 07:28:05,786 INFO  EnvironmentC8y Setup
2022-04-14 07:28:06,448 INFO  Executed systemctl<serv_mapper1>, exit status 3
2022-04-14 07:28:21,771 INFO  Executed sudo<tedge_connect_c8y>, exit status 0, duration 15 secs
2022-04-14 07:28:22,436 INFO  Executed sudo<tedge_connect_c8y_test>, exit status 0
2022-04-14 07:28:22,999 INFO  Executed systemctl<serv_mosq2>, exit status 0
2022-04-14 07:28:23,461 INFO  Executed systemctl<serv_mapper3>, exit status 0
2022-04-14 07:28:25,750 INFO  State of current operation: PENDING
2022-04-14 07:28:27,964 INFO  State of current operation: PENDING
2022-04-14 07:28:30,191 INFO  State of current operation: PENDING
2022-04-14 07:28:32,406 INFO  State of current operation: PENDING
2022-04-14 07:28:34,631 INFO  State of current operation: PENDING
2022-04-14 07:28:36,846 INFO  State of current operation: PENDING
2022-04-14 07:28:39,063 INFO  State of current operation: PENDING
2022-04-14 07:28:41,278 INFO  State of current operation: PENDING
2022-04-14 07:28:43,493 INFO  State of current operation: PENDING
2022-04-14 07:28:45,709 INFO  State of current operation: PENDING
2022-04-14 07:28:47,928 INFO  State of current operation: PENDING
2022-04-14 07:28:50,140 INFO  State of current operation: PENDING
2022-04-14 07:28:52,363 INFO  State of current operation: PENDING
2022-04-14 07:28:54,596 INFO  State of current operation: PENDING
2022-04-14 07:28:56,815 INFO  State of current operation: PENDING
2022-04-14 07:28:59,028 INFO  State of current operation: PENDING
2022-04-14 07:29:01,274 INFO  State of current operation: PENDING
2022-04-14 07:29:03,493 INFO  State of current operation: PENDING
2022-04-14 07:29:05,721 INFO  State of current operation: PENDING
2022-04-14 07:29:07,940 INFO  State of current operation: PENDING
2022-04-14 07:29:10,155 INFO  State of current operation: PENDING
2022-04-14 07:29:12,370 INFO  State of current operation: PENDING
2022-04-14 07:29:14,722 INFO  State of current operation: PENDING
2022-04-14 07:29:16,937 INFO  State of current operation: PENDING
2022-04-14 07:29:19,153 INFO  State of current operation: PENDING
2022-04-14 07:29:21,367 INFO  State of current operation: PENDING
2022-04-14 07:29:23,597 INFO  State of current operation: PENDING
2022-04-14 07:29:25,819 INFO  State of current operation: PENDING
2022-04-14 07:29:28,038 INFO  State of current operation: PENDING
2022-04-14 07:29:30,252 INFO  State of current operation: PENDING
2022-04-14 07:29:32,472 INFO  State of current operation: PENDING
2022-04-14 07:29:34,750 INFO  State of current operation: PENDING
2022-04-14 07:29:36,970 INFO  State of current operation: PENDING
2022-04-14 07:29:39,196 INFO  State of current operation: PENDING
2022-04-14 07:29:41,415 INFO  State of current operation: PENDING
2022-04-14 07:29:43,659 INFO  State of current operation: PENDING
2022-04-14 07:29:45,881 INFO  State of current operation: PENDING
2022-04-14 07:29:48,101 INFO  State of current operation: PENDING
2022-04-14 07:29:50,323 INFO  State of current operation: PENDING
2022-04-14 07:29:52,545 INFO  State of current operation: PENDING
2022-04-14 07:29:54,767 INFO  State of current operation: PENDING
2022-04-14 07:29:56,985 INFO  State of current operation: PENDING
2022-04-14 07:29:59,203 INFO  State of current operation: PENDING
2022-04-14 07:30:01,422 INFO  State of current operation: PENDING
2022-04-14 07:30:03,648 INFO  State of current operation: PENDING
2022-04-14 07:30:05,866 INFO  State of current operation: PENDING
2022-04-14 07:30:08,097 INFO  State of current operation: PENDING
2022-04-14 07:30:10,319 INFO  State of current operation: PENDING
2022-04-14 07:30:12,542 INFO  State of current operation: PENDING
2022-04-14 07:30:14,764 INFO  State of current operation: PENDING
2022-04-14 07:30:16,982 INFO  State of current operation: PENDING
2022-04-14 07:30:19,200 INFO  State of current operation: PENDING
2022-04-14 07:30:21,417 INFO  State of current operation: PENDING
2022-04-14 07:30:23,647 INFO  State of current operation: PENDING
2022-04-14 07:30:25,866 INFO  State of current operation: PENDING
2022-04-14 07:30:28,082 INFO  State of current operation: PENDING
2022-04-14 07:30:30,301 INFO  State of current operation: PENDING
2022-04-14 07:30:32,535 INFO  State of current operation: PENDING
2022-04-14 07:30:34,786 INFO  State of current operation: PENDING
2022-04-14 07:30:37,011 INFO  State of current operation: PENDING
2022-04-14 07:30:39,237 INFO  State of current operation: PENDING
2022-04-14 07:30:41,243 WARN  SystemError occurred while running test - Timeout while waiting for status FAILED or SUCCESSFUL
Traceback (most recent call last):
  File "/home/pi/env-pysys/lib/python3.7/site-packages/pysys/baserunner.py", line 1292, in __call__
    self.testObj.setup()
  File "/home/pi/actions-runner/_work/thin-edge.io/thin-edge.io/tests/PySys/software_management_end_to_end/sm_docker_install_remove_multiple/run.py", line 29, in setup
    super().setup()
  File "/home/pi/actions-runner/_work/thin-edge.io/thin-edge.io/tests/PySys/software_management_end_to_end/environment_sm_management.py", line 151, in setup
    self.wait_until_end()
  File "/home/pi/actions-runner/_work/thin-edge.io/thin-edge.io/tests/PySys/software_management_end_to_end/environment_sm_management.py", line 332, in wait_until_end
    self.wait_until_status("FAILED", "SUCCESSFUL")
  File "/home/pi/actions-runner/_work/thin-edge.io/thin-edge.io/tests/PySys/software_management_end_to_end/environment_sm_management.py", line 381, in wait_until_status
    "Timeout while waiting for status %s or %s" % (status, status2)
SystemError: Timeout while waiting for status FAILED or SUCCESSFUL
2022-04-14 07:30:41,821 WARN  SystemError: Timeout while waiting for status FAILED or SUCCESSFUL ... blocked 
2022-04-14 07:30:41,822 INFO  
2022-04-14 07:30:41,823 INFO  cleanup:
2022-04-14 07:30:46,326 INFO  Executed sudo<tedge_disconnect_c8y>, exit status 0
2022-04-14 07:30:46,889 INFO  Executed systemctl<serv_mapper5>, exit status 3
2022-04-14 07:30:46,893 INFO  
2022-04-14 07:30:46,894 INFO  Test duration: 163.37 secs
2022-04-14 07:30:46,895 INFO  Test final outcome:  BLOCKED
2022-04-14 07:30:46,896 INFO  Test outcome reason: SystemError: Timeout while waiting for status FAILED or SUCCESSFUL
2022-04-14 07:30:46,897 INFO  
