2022-04-15 08:56:20,490 INFO  ==============================================================
2022-04-15 08:56:20,491 INFO  Id:    custom_init_system
2022-04-15 08:56:20,492 INFO  Dir:   misc_features/
2022-04-15 08:56:20,493 INFO  Title: Custom init system test
2022-04-15 08:56:20,494 INFO  ==============================================================
2022-04-15 08:56:21,078 INFO  Executed sudo<copy_system_config>, exit status 0
2022-04-15 08:56:21,641 INFO  Executed sudo<copy_dummy_init>, exit status 0
2022-04-15 08:56:48,135 INFO  Executed sudo<tedge_connect>, exit status 0, duration 26 secs
2022-04-15 08:56:48,764 INFO  Executed sudo<tedge_disconnect>, exit status 0
2022-04-15 08:56:48,770 INFO  Grep on file tedge_connect.out ... passed
2022-04-15 08:56:48,774 INFO  Grep on file tedge_disconnect.out ... passed
2022-04-15 08:56:48,779 INFO  Grep on file /tmp/dummy_init/dummy_init.out ... passed
2022-04-15 08:56:48,786 INFO  Grep on file /tmp/dummy_init/dummy_init.out ... passed
2022-04-15 08:56:48,791 INFO  Grep on file /tmp/dummy_init/dummy_init.out ... passed
2022-04-15 08:56:48,795 INFO  Grep on file /tmp/dummy_init/dummy_init.out ... passed
2022-04-15 08:56:48,800 INFO  Grep on file /tmp/dummy_init/dummy_init.out ... passed
2022-04-15 08:56:48,805 INFO  Grep on file /tmp/dummy_init/dummy_init.out ... passed
2022-04-15 08:56:48,810 INFO  Grep on file /tmp/dummy_init/dummy_init.out ... passed
2022-04-15 08:56:48,815 INFO  Grep on file /tmp/dummy_init/dummy_init.out ... passed
2022-04-15 08:56:48,819 INFO  Grep on file /tmp/dummy_init/dummy_init.out ... passed
2022-04-15 08:56:48,824 INFO  Grep on file /tmp/dummy_init/dummy_init.out ... passed
2022-04-15 08:56:48,830 INFO  Grep on file /tmp/dummy_init/dummy_init.out ... passed
2022-04-15 08:56:48,835 INFO  Grep on file /tmp/dummy_init/dummy_init.out ... passed
2022-04-15 08:56:48,839 INFO  Grep on file /tmp/dummy_init/dummy_init.out ... passed
2022-04-15 08:56:48,844 INFO  Grep on file /tmp/dummy_init/dummy_init.out ... passed
2022-04-15 08:56:48,850 INFO  
2022-04-15 08:56:48,851 INFO  cleanup:
2022-04-15 08:56:49,362 INFO  Executed sudo<remove_system_config>, exit status 0
2022-04-15 08:56:49,852 INFO  Executed sudo<remove_dummy_init>, exit status 0
2022-04-15 08:56:49,856 INFO  
2022-04-15 08:56:49,857 INFO  Test duration: 29.37 secs
2022-04-15 08:56:49,858 INFO  Test final outcome:  PASSED
2022-04-15 08:56:49,859 INFO  
