2022-04-11 10:37:44,430 INFO  ==============================================================
2022-04-11 10:37:44,433 INFO  Id:    docker_plugin_finalize
2022-04-11 10:37:44,436 INFO  Dir:   plugin_docker/
2022-04-11 10:37:44,437 INFO  Title: Validate docker plugin finalize command
2022-04-11 10:37:44,438 DEBUG Execution order hint: 0.0
2022-04-11 10:37:44,439 INFO  ==============================================================
2022-04-11 10:37:44,466 DEBUG Process parameters for sudo<docker_images>
  command line : /usr/bin/sudo docker images
    arg #1     : docker
    arg #2     : images
  working dir  : /home/pi/actions-runner/_work/thin-edge.io/thin-edge.io/tests/PySys/plugin_docker/docker_plugin_finalize/Output/linux
  stdout       : /home/pi/actions-runner/_work/thin-edge.io/thin-edge.io/tests/PySys/plugin_docker/docker_plugin_finalize/Output/linux/docker_images.out
  stderr       : /home/pi/actions-runner/_work/thin-edge.io/thin-edge.io/tests/PySys/plugin_docker/docker_plugin_finalize/Output/linux/docker_images.err
  environment  : LD_LIBRARY_PATH=/usr/lib
  environment  : PATH=/bin:/usr/bin:/usr/sbin:/usr/local/bin
                   #1  /bin
                   #2  /usr/bin
                   #3  /usr/sbin
                   #4  /usr/local/bin
2022-04-11 10:37:44,473 DEBUG Waiting up to 600 secs for process sudo<docker_images> (pid 8025)
2022-04-11 10:37:48,696 INFO  Executed sudo<docker_images>, exit status 0
2022-04-11 10:37:48,698 DEBUG Performing regex contains=False grep on file: /home/pi/actions-runner/_work/thin-edge.io/thin-edge.io/tests/PySys/plugin_docker/docker_plugin_finalize/Output/linux/docker_images.out
2022-04-11 10:37:48,708 INFO  Grep on file /home/pi/actions-runner/_work/thin-edge.io/thin-edge.io/tests/PySys/plugin_docker/docker_plugin_finalize/Output/linux/docker_images.out ... passed
2022-04-11 10:37:48,711 DEBUG Process parameters for sudo<docker_pull>
  command line : /usr/bin/sudo docker pull registry
    arg #1     : docker
    arg #2     : pull
    arg #3     : registry
  working dir  : /home/pi/actions-runner/_work/thin-edge.io/thin-edge.io/tests/PySys/plugin_docker/docker_plugin_finalize/Output/linux
  stdout       : /home/pi/actions-runner/_work/thin-edge.io/thin-edge.io/tests/PySys/plugin_docker/docker_plugin_finalize/Output/linux/docker_pull.out
  stderr       : /home/pi/actions-runner/_work/thin-edge.io/thin-edge.io/tests/PySys/plugin_docker/docker_plugin_finalize/Output/linux/docker_pull.err
  environment  : LD_LIBRARY_PATH=/usr/lib
  environment  : PATH=/bin:/usr/bin:/usr/sbin:/usr/local/bin
                   #1  /bin
                   #2  /usr/bin
                   #3  /usr/sbin
                   #4  /usr/local/bin
2022-04-11 10:37:48,717 DEBUG Waiting up to 600 secs for process sudo<docker_pull> (pid 8036)
2022-04-11 10:38:15,059 INFO  Executed sudo<docker_pull>, exit status 0, duration 26 secs
2022-04-11 10:38:15,069 DEBUG Process parameters for sudo<docker_images>
  command line : /usr/bin/sudo docker images
    arg #1     : docker
    arg #2     : images
  working dir  : /home/pi/actions-runner/_work/thin-edge.io/thin-edge.io/tests/PySys/plugin_docker/docker_plugin_finalize/Output/linux
  stdout       : /home/pi/actions-runner/_work/thin-edge.io/thin-edge.io/tests/PySys/plugin_docker/docker_plugin_finalize/Output/linux/docker_images.out
  stderr       : /home/pi/actions-runner/_work/thin-edge.io/thin-edge.io/tests/PySys/plugin_docker/docker_plugin_finalize/Output/linux/docker_images.err
  environment  : LD_LIBRARY_PATH=/usr/lib
  environment  : PATH=/bin:/usr/bin:/usr/sbin:/usr/local/bin
                   #1  /bin
                   #2  /usr/bin
                   #3  /usr/sbin
                   #4  /usr/local/bin
2022-04-11 10:38:15,076 DEBUG Waiting up to 600 secs for process sudo<docker_images> (pid 8133)
2022-04-11 10:38:17,119 INFO  Executed sudo<docker_images>, exit status 0
2022-04-11 10:38:17,120 DEBUG Performing regex contains=True grep on file: /home/pi/actions-runner/_work/thin-edge.io/thin-edge.io/tests/PySys/plugin_docker/docker_plugin_finalize/Output/linux/docker_images.out
2022-04-11 10:38:17,123 DEBUG Grep on file /home/pi/actions-runner/_work/thin-edge.io/thin-edge.io/tests/PySys/plugin_docker/docker_plugin_finalize/Output/linux/docker_images.out successfully matched expression "registry" with line: 'registry            latest              8b817e936ab9        5 days ago          19.2MB\n'
2022-04-11 10:38:17,125 INFO  Grep on file /home/pi/actions-runner/_work/thin-edge.io/thin-edge.io/tests/PySys/plugin_docker/docker_plugin_finalize/Output/linux/docker_images.out ... passed
2022-04-11 10:38:17,126 DEBUG --- test execute
2022-04-11 10:38:17,128 DEBUG Process parameters for sudo<plugin_finalize>
  command line : /usr/bin/sudo /etc/tedge/sm-plugins/docker finalize
    arg #1     : /etc/tedge/sm-plugins/docker
    arg #2     : finalize
  working dir  : /home/pi/actions-runner/_work/thin-edge.io/thin-edge.io/tests/PySys/plugin_docker/docker_plugin_finalize/Output/linux
  stdout       : /home/pi/actions-runner/_work/thin-edge.io/thin-edge.io/tests/PySys/plugin_docker/docker_plugin_finalize/Output/linux/plugin_finalize.out
  stderr       : /home/pi/actions-runner/_work/thin-edge.io/thin-edge.io/tests/PySys/plugin_docker/docker_plugin_finalize/Output/linux/plugin_finalize.err
  environment  : LD_LIBRARY_PATH=/usr/lib
  environment  : PATH=/bin:/usr/bin:/usr/sbin:/usr/local/bin
                   #1  /bin
                   #2  /usr/bin
                   #3  /usr/sbin
                   #4  /usr/local/bin
2022-04-11 10:38:17,134 DEBUG Waiting up to 600 secs for process sudo<plugin_finalize> (pid 8143)
2022-04-11 10:38:21,214 INFO  Executed sudo<plugin_finalize>, exit status 0
2022-04-11 10:38:21,216 DEBUG Process parameters for sudo<docker_ps_latest>
  command line : /usr/bin/sudo docker ps -q --latest
    arg #1     : docker
    arg #2     : ps
    arg #3     : -q
    arg #4     : --latest
  working dir  : /home/pi/actions-runner/_work/thin-edge.io/thin-edge.io/tests/PySys/plugin_docker/docker_plugin_finalize/Output/linux
  stdout       : /home/pi/actions-runner/_work/thin-edge.io/thin-edge.io/tests/PySys/plugin_docker/docker_plugin_finalize/Output/linux/docker_ps_latest.out
  stderr       : /home/pi/actions-runner/_work/thin-edge.io/thin-edge.io/tests/PySys/plugin_docker/docker_plugin_finalize/Output/linux/docker_ps_latest.err
  environment  : LD_LIBRARY_PATH=/usr/lib
  environment  : PATH=/bin:/usr/bin:/usr/sbin:/usr/local/bin
                   #1  /bin
                   #2  /usr/bin
                   #3  /usr/sbin
                   #4  /usr/local/bin
2022-04-11 10:38:21,223 DEBUG Waiting up to 600 secs for process sudo<docker_ps_latest> (pid 8184)
2022-04-11 10:38:22,031 INFO  Executed sudo<docker_ps_latest>, exit status 0
2022-04-11 10:38:22,035 DEBUG --- test validate
2022-04-11 10:38:22,037 DEBUG Process parameters for sudo<docker_images>
  command line : /usr/bin/sudo docker images
    arg #1     : docker
    arg #2     : images
  working dir  : /home/pi/actions-runner/_work/thin-edge.io/thin-edge.io/tests/PySys/plugin_docker/docker_plugin_finalize/Output/linux
  stdout       : /home/pi/actions-runner/_work/thin-edge.io/thin-edge.io/tests/PySys/plugin_docker/docker_plugin_finalize/Output/linux/docker_images.out
  stderr       : /home/pi/actions-runner/_work/thin-edge.io/thin-edge.io/tests/PySys/plugin_docker/docker_plugin_finalize/Output/linux/docker_images.err
  environment  : LD_LIBRARY_PATH=/usr/lib
  environment  : PATH=/bin:/usr/bin:/usr/sbin:/usr/local/bin
                   #1  /bin
                   #2  /usr/bin
                   #3  /usr/sbin
                   #4  /usr/local/bin
2022-04-11 10:38:22,043 DEBUG Waiting up to 600 secs for process sudo<docker_images> (pid 8194)
2022-04-11 10:38:22,861 INFO  Executed sudo<docker_images>, exit status 0
2022-04-11 10:38:22,862 DEBUG Performing regex contains=False grep on file: /home/pi/actions-runner/_work/thin-edge.io/thin-edge.io/tests/PySys/plugin_docker/docker_plugin_finalize/Output/linux/docker_images.out
2022-04-11 10:38:22,866 INFO  Grep on file /home/pi/actions-runner/_work/thin-edge.io/thin-edge.io/tests/PySys/plugin_docker/docker_plugin_finalize/Output/linux/docker_images.out ... passed
2022-04-11 10:38:22,874 DEBUG --- test cleanup
2022-04-11 10:38:22,875 INFO  
2022-04-11 10:38:22,876 INFO  cleanup:
2022-04-11 10:38:22,876 DEBUG Running registered cleanup function: <bound method DockerPlugin.cleanup_containers of <DockerPluginFinalizeTest object at 0x7608cbb0>>
2022-04-11 10:38:22,877 DEBUG Running registered cleanup function: <bound method DockerPlugin.cleanup_images of <DockerPluginFinalizeTest object at 0x7608cbb0>>
2022-04-11 10:38:22,878 INFO  Removing images scheduled to be cleaned up: ['registry']
2022-04-11 10:38:22,879 DEBUG Process parameters for sudo<containers_for_cleanup>
  command line : /usr/bin/sudo docker rmi -f registry
    arg #1     : docker
    arg #2     : rmi
    arg #3     : -f
    arg #4     : registry
  working dir  : /home/pi/actions-runner/_work/thin-edge.io/thin-edge.io/tests/PySys/plugin_docker/docker_plugin_finalize/Output/linux
  stdout       : /home/pi/actions-runner/_work/thin-edge.io/thin-edge.io/tests/PySys/plugin_docker/docker_plugin_finalize/Output/linux/containers_for_cleanup.out
  stderr       : /home/pi/actions-runner/_work/thin-edge.io/thin-edge.io/tests/PySys/plugin_docker/docker_plugin_finalize/Output/linux/containers_for_cleanup.err
  environment  : LD_LIBRARY_PATH=/usr/lib
  environment  : PATH=/bin:/usr/bin:/usr/sbin:/usr/local/bin
                   #1  /bin
                   #2  /usr/bin
                   #3  /usr/sbin
                   #4  /usr/local/bin
2022-04-11 10:38:22,886 DEBUG Waiting up to 600 secs for process sudo<containers_for_cleanup> (pid 8203)
2022-04-11 10:38:23,644 INFO  Executed sudo<containers_for_cleanup>, exit status 0
2022-04-11 10:38:23,645 DEBUG ProcessUser cleanup function done.
2022-04-11 10:38:23,648 INFO  
2022-04-11 10:38:23,649 INFO  Test duration: 39.23 secs
2022-04-11 10:38:23,650 INFO  Test final outcome:  PASSED
2022-04-11 10:38:23,651 INFO  
