2022-05-02 15:17:29,671 INFO  ==============================================================
2022-05-02 15:17:29,672 INFO  Id:    call_tedge_config_list
2022-05-02 15:17:29,673 INFO  Dir:   tedge/
2022-05-02 15:17:29,674 INFO  Title: Validate command line options config: get set unset
2022-05-02 15:17:29,675 INFO  ==============================================================
2022-05-02 15:17:30,250 INFO  Executed sudo<tedge>, exit status 0
2022-05-02 15:17:30,761 INFO  Executed sudo<tedge_get_config_key>, exit status 0
2022-05-02 15:17:31,275 INFO  Executed sudo<tedge_get_config_key>, exit status 0
2022-05-02 15:17:31,788 INFO  Executed sudo<tedge_get_config_key>, exit status 0
2022-05-02 15:17:32,301 INFO  Executed sudo<tedge_get_config_key>, exit status 0
2022-05-02 15:17:32,918 INFO  Executed sudo<tedge_get_config_key>, exit status 0
2022-05-02 15:17:33,550 INFO  Executed sudo<tedge_get_config_key>, exit status 0
2022-05-02 15:17:33,553 INFO  /etc/tedge/device-certs/tedge-private-key.pem
2022-05-02 15:17:33,554 INFO  /etc/tedge/device-certs/tedge-certificate.pem
2022-05-02 15:17:33,554 INFO  thin-edge-io.eu-latest.cumulocity.com
2022-05-02 15:17:33,555 INFO  /etc/ssl/certs
2022-05-02 15:17:33,556 INFO  thinedge-gh-ci.azure-devices.net
2022-05-02 15:17:33,556 INFO  /etc/ssl/certs/Baltimore_CyberTrust_Root.pem
2022-05-02 15:17:34,117 INFO  Executed sudo<tedge_unset_config_key>, exit status 0
2022-05-02 15:17:34,681 INFO  Executed sudo<tedge_unset_config_key>, exit status 0
2022-05-02 15:17:35,244 INFO  Executed sudo<tedge_unset_config_key>, exit status 0
2022-05-02 15:17:35,857 INFO  Executed sudo<tedge_unset_config_key>, exit status 0
2022-05-02 15:17:36,420 INFO  Executed sudo<tedge_unset_config_key>, exit status 0
2022-05-02 15:17:37,033 INFO  Executed sudo<tedge_unset_config_key>, exit status 0
2022-05-02 15:17:37,546 INFO  Executed sudo<tedge_get_config_key>, exit status 0
2022-05-02 15:17:37,550 INFO  Assert that (expect == valueread) with expect="/etc/tedge/device-certs/tedge-private-key.pem", valueread="/etc/tedge/device-certs/tedge-private-key.pem" ... passed
2022-05-02 15:17:38,111 INFO  Executed sudo<tedge_get_config_key>, exit status 0
2022-05-02 15:17:38,115 INFO  Assert that (expect == valueread) with expect="/etc/tedge/device-certs/tedge-certificate.pem", valueread="/etc/tedge/device-certs/tedge-certificate.pem" ... passed
2022-05-02 15:17:38,626 INFO  Executed sudo<tedge_get_config_key>, exit status 0
2022-05-02 15:17:38,630 INFO  Assert that (expect == valueread) with expect=None, valueread=None ... passed
2022-05-02 15:17:39,141 INFO  Executed sudo<tedge_get_config_key>, exit status 0
2022-05-02 15:17:39,145 INFO  Assert that (expect == valueread) with expect="/etc/ssl/certs", valueread="/etc/ssl/certs" ... passed
2022-05-02 15:17:39,706 INFO  Executed sudo<tedge_get_config_key>, exit status 0
2022-05-02 15:17:39,710 INFO  Assert that (expect == valueread) with expect=None, valueread=None ... passed
2022-05-02 15:17:40,221 INFO  Executed sudo<tedge_get_config_key>, exit status 0
2022-05-02 15:17:40,225 INFO  Assert that (expect == valueread) with expect="/etc/ssl/certs", valueread="/etc/ssl/certs" ... passed
2022-05-02 15:17:40,736 INFO  Executed sudo<tedge_set_config_key>, exit status 0
2022-05-02 15:17:41,299 INFO  Executed sudo<tedge_get_config_key>, exit status 0
2022-05-02 15:17:41,303 INFO  Assert that (value == vread) with value="failfailfail", vread="failfailfail" ... passed
2022-05-02 15:17:41,815 INFO  Executed sudo<tedge_set_config_key>, exit status 0
2022-05-02 15:17:42,377 INFO  Executed sudo<tedge_get_config_key>, exit status 0
2022-05-02 15:17:42,381 INFO  Assert that (value == vread) with value="failfailfail", vread="failfailfail" ... passed
2022-05-02 15:17:42,944 INFO  Executed sudo<tedge_set_config_key>, exit status 0
2022-05-02 15:17:43,511 INFO  Executed sudo<tedge_get_config_key>, exit status 0
2022-05-02 15:17:43,514 INFO  Assert that (value == vread) with value="failfailfail", vread="failfailfail" ... passed
2022-05-02 15:17:44,046 INFO  Executed sudo<tedge_set_config_key>, exit status 0
2022-05-02 15:17:44,557 INFO  Executed sudo<tedge_get_config_key>, exit status 0
2022-05-02 15:17:44,561 INFO  Assert that (value == vread) with value="failfailfail", vread="failfailfail" ... passed
2022-05-02 15:17:45,149 INFO  Executed sudo<tedge_set_config_key>, exit status 0
2022-05-02 15:17:46,262 INFO  Executed sudo<tedge_get_config_key>, exit status 0
2022-05-02 15:17:46,266 INFO  Assert that (value == vread) with value="failfailfail", vread="failfailfail" ... passed
2022-05-02 15:17:46,809 INFO  Executed sudo<tedge_set_config_key>, exit status 0
2022-05-02 15:17:47,328 INFO  Executed sudo<tedge_get_config_key>, exit status 0
2022-05-02 15:17:47,332 INFO  Assert that (value == vread) with value="failfailfail", vread="failfailfail" ... passed
2022-05-02 15:17:47,919 INFO  Executed sudo<tedge_set_config_key>, exit status 0
2022-05-02 15:17:48,480 INFO  Executed sudo<tedge_set_config_key>, exit status 0
2022-05-02 15:17:49,042 INFO  Executed sudo<tedge_set_config_key>, exit status 0
2022-05-02 15:17:49,553 INFO  Executed sudo<tedge_set_config_key>, exit status 0
2022-05-02 15:17:50,066 INFO  Executed sudo<tedge_set_config_key>, exit status 0
2022-05-02 15:17:50,678 INFO  Executed sudo<tedge_set_config_key>, exit status 0
2022-05-02 15:17:50,680 INFO  /etc/tedge/device-certs/tedge-private-key.pem
2022-05-02 15:17:50,681 INFO  /etc/tedge/device-certs/tedge-certificate.pem
2022-05-02 15:17:50,681 INFO  thin-edge-io.eu-latest.cumulocity.com
2022-05-02 15:17:50,682 INFO  /etc/ssl/certs
2022-05-02 15:17:50,682 INFO  thinedge-gh-ci.azure-devices.net
2022-05-02 15:17:50,683 INFO  /etc/ssl/certs/Baltimore_CyberTrust_Root.pem
2022-05-02 15:17:51,243 INFO  Executed sudo<tedge_get_config_key>, exit status 0
2022-05-02 15:17:51,248 INFO  Assert that (valueold == valuenew) with valueold="/etc/tedge/device-certs/tedge-private-key.pem", valuenew="/etc/tedge/device-certs/tedge-private-key.pem" ... passed
2022-05-02 15:17:51,759 INFO  Executed sudo<tedge_get_config_key>, exit status 0
2022-05-02 15:17:51,763 INFO  Assert that (valueold == valuenew) with valueold="/etc/tedge/device-certs/tedge-certificate.pem", valuenew="/etc/tedge/device-certs/tedge-certificate.pem" ... passed
2022-05-02 15:17:52,274 INFO  Executed sudo<tedge_get_config_key>, exit status 0
2022-05-02 15:17:52,279 INFO  Assert that (valueold == valuenew) with valueold="thin-edge-io.eu-latest.cumulocity.com", valuenew="thin-edge-io.eu-latest.cumulocity.com" ... passed
2022-05-02 15:17:52,842 INFO  Executed sudo<tedge_get_config_key>, exit status 0
2022-05-02 15:17:52,847 INFO  Assert that (valueold == valuenew) with valueold="/etc/ssl/certs", valuenew="/etc/ssl/certs" ... passed
2022-05-02 15:17:53,463 INFO  Executed sudo<tedge_get_config_key>, exit status 0
2022-05-02 15:17:53,468 INFO  Assert that (valueold == valuenew) with valueold="thinedge-gh-ci.azure-devices.net", valuenew="thinedge-gh-ci.azure-devices.net" ... passed
2022-05-02 15:17:54,031 INFO  Executed sudo<tedge_get_config_key>, exit status 0
2022-05-02 15:17:54,035 INFO  Assert that (valueold == valuenew) with valueold="/etc/ssl/certs/Baltimore_CyberTrust_Root.pem", valuenew="/etc/ssl/certs/Baltimore_CyberTrust_Root.pem" ... passed
2022-05-02 15:17:54,596 INFO  Executed sudo<tedge_unset_device_id>, exit status 1
2022-05-02 15:17:55,158 INFO  Executed sudo<tedge_set_device_id>, exit status 1
2022-05-02 15:17:55,168 INFO  
2022-05-02 15:17:55,170 INFO  Test duration: 25.50 secs
2022-05-02 15:17:55,171 INFO  Test final outcome:  PASSED
2022-05-02 15:17:55,172 INFO  
