2022-05-16 07:32:41,202 INFO  ==============================================================
2022-05-16 07:32:41,203 INFO  Id:    c8y_restart_bridge
2022-05-16 07:32:41,205 INFO  Dir:   tedge_connect/
2022-05-16 07:32:41,206 INFO  Title: Bridge restart
2022-05-16 07:32:41,206 INFO  ==============================================================
2022-05-16 07:32:41,212 INFO  EnvironmentC8y Setup
2022-05-16 07:32:41,826 INFO  Executed systemctl<serv_mapper1>, exit status 3
2022-05-16 07:32:56,226 INFO  Executed sudo<tedge_connect_c8y>, exit status 0, duration 14 secs
2022-05-16 07:32:56,892 INFO  Executed sudo<tedge_connect_c8y_test>, exit status 0
2022-05-16 07:32:57,356 INFO  Executed systemctl<serv_mosq2>, exit status 0
2022-05-16 07:32:57,836 INFO  Executed systemctl<serv_mapper3>, exit status 0
2022-05-16 07:32:57,838 INFO  Setup
2022-05-16 07:32:57,839 INFO  Execute (empty in this case as we test the c8y enviroment)
2022-05-16 07:32:58,301 INFO  Executed systemctl<serv_mosq>, exit status 0
2022-05-16 07:32:58,764 INFO  Executed systemctl<serv_mapper4>, exit status 0
2022-05-16 07:32:58,766 INFO  Validate
2022-05-16 07:32:58,773 INFO  Grep on file tedge_connect_c8y.out ... passed
2022-05-16 07:32:58,780 INFO  Grep on file tedge_connect_c8y.out ... passed
2022-05-16 07:32:58,787 INFO  
2022-05-16 07:32:58,788 INFO  cleanup:
2022-05-16 07:32:58,788 INFO  MyCleanup
2022-05-16 07:33:03,085 INFO  Executed sudo<tedge_disconnect_c8y>, exit status 0
2022-05-16 07:33:03,647 INFO  Executed systemctl<serv_mapper5>, exit status 3
2022-05-16 07:33:03,651 INFO  
2022-05-16 07:33:03,652 INFO  Test duration: 22.45 secs
2022-05-16 07:33:03,653 INFO  Test final outcome:  PASSED
2022-05-16 07:33:03,654 INFO  
