2022-04-27 14:36:49,794 INFO  ==============================================================
2022-04-27 14:36:49,795 INFO  Id:    tedge_mapper_c8y_alarms
2022-04-27 14:36:49,796 INFO  Dir:   tedge_mapper_c8y/
2022-04-27 14:36:49,797 INFO  Title: Validate that alarms sent to tedge/alarms topic \ gets mapped as alarms in Cumulocity
2022-04-27 14:36:49,798 INFO  ==============================================================
2022-04-27 14:36:49,820 INFO  EnvironmentC8y Setup
2022-04-27 14:36:50,382 INFO  Executed systemctl<serv_mapper1>, exit status 3
2022-04-27 14:37:05,130 INFO  Executed sudo<tedge_connect_c8y>, exit status 0, duration 14 secs
2022-04-27 14:37:05,699 INFO  Executed sudo<tedge_connect_c8y_test>, exit status 0
2022-04-27 14:37:06,163 INFO  Executed systemctl<serv_mosq2>, exit status 0
2022-04-27 14:37:06,676 INFO  Executed systemctl<serv_mapper3>, exit status 0
2022-04-27 14:37:12,242 INFO  Executed tedge, exit status 0
2022-04-27 14:37:12,654 INFO  Executed tedge, exit status 0
2022-04-27 14:37:13,065 INFO  Executed tedge, exit status 0
2022-04-27 14:37:13,477 INFO  Executed tedge, exit status 0
2022-04-27 14:37:13,888 INFO  Executed tedge, exit status 0
2022-04-27 14:37:15,123 INFO  {
    "severity": "CRITICAL",
    "creationTime": "2022-04-27T14:37:13.060Z",
    "count": 1,
    "history": {
        "auditRecords": [],
        "self": "https://t493319102.eu-latest.cumulocity.com/audit/auditRecords"
    },
    "source": {
        "name": "mythica",
        "self": "https://t493319102.eu-latest.cumulocity.com/inventory/managedObjects/17788049",
        "id": "17788049"
    },
    "type": "temperature_dangerous",
    "lastUpdated": "2022-04-27T14:37:13.060Z",
    "self": "https://t493319102.eu-latest.cumulocity.com/alarm/alarms/17795624",
    "time": "2022-04-27T14:37:13.045Z",
    "id": "17795624",
    "text": "temperature is dangerously high",
    "status": "ACTIVE"
}
2022-04-27 14:37:15,125 INFO  Assert that (actual == expected) with actual="temperature_dangerous", expected="temperature_dangerous" ... passed
2022-04-27 14:37:15,127 INFO  Assert that (actual == expected) with actual="CRITICAL", expected="CRITICAL" ... passed
2022-04-27 14:37:15,130 INFO  Assert that (actual == expected) with actual="temperature is dangerously high", expected="temperature is dangerously high" ... passed
2022-04-27 14:37:15,132 INFO  {
    "severity": "MAJOR",
    "creationTime": "2022-04-27T14:37:12.651Z",
    "count": 1,
    "history": {
        "auditRecords": [],
        "self": "https://t493319102.eu-latest.cumulocity.com/audit/auditRecords"
    },
    "source": {
        "name": "mythica",
        "self": "https://t493319102.eu-latest.cumulocity.com/inventory/managedObjects/17788049",
        "id": "17788049"
    },
    "type": "temperature_very_high",
    "lastUpdated": "2022-04-27T14:37:12.651Z",
    "self": "https://t493319102.eu-latest.cumulocity.com/alarm/alarms/17795622",
    "time": "2022-04-27T14:37:12.636Z",
    "id": "17795622",
    "text": "temperature is very high",
    "status": "ACTIVE"
}
2022-04-27 14:37:15,134 INFO  Assert that (actual == expected) with actual="temperature_very_high", expected="temperature_very_high" ... passed
2022-04-27 14:37:15,136 INFO  Assert that (actual == expected) with actual="MAJOR", expected="MAJOR" ... passed
2022-04-27 14:37:15,137 INFO  Assert that (actual == expected) with actual="temperature is very high", expected="temperature is very high" ... passed
2022-04-27 14:37:15,138 INFO  {
    "severity": "WARNING",
    "creationTime": "2022-04-27T14:37:12.214Z",
    "count": 1,
    "history": {
        "auditRecords": [],
        "self": "https://t493319102.eu-latest.cumulocity.com/audit/auditRecords"
    },
    "source": {
        "name": "mythica",
        "self": "https://t493319102.eu-latest.cumulocity.com/inventory/managedObjects/17788049",
        "id": "17788049"
    },
    "type": "temperature_high",
    "lastUpdated": "2022-04-27T14:37:12.214Z",
    "self": "https://t493319102.eu-latest.cumulocity.com/alarm/alarms/17795620",
    "time": "2021-12-15T15:22:06.464+05:30",
    "id": "17795620",
    "text": "temperature is high",
    "status": "ACTIVE"
}
2022-04-27 14:37:15,140 INFO  Assert that (actual == expected) with actual="temperature_high", expected="temperature_high" ... passed
2022-04-27 14:37:15,141 INFO  Assert that (actual == expected) with actual="WARNING", expected="WARNING" ... passed
2022-04-27 14:37:15,143 INFO  Assert that (actual == expected) with actual="temperature is high", expected="temperature is high" ... passed
2022-04-27 14:37:15,144 INFO  Assert that (actual == expected) with actual="temperature_high", expected="temperature_high" ... passed
2022-04-27 14:37:15,151 INFO  
2022-04-27 14:37:15,152 INFO  cleanup:
2022-04-27 14:37:15,563 INFO  Executed tedge, exit status 0
2022-04-27 14:37:16,025 INFO  Executed tedge, exit status 0
2022-04-27 14:37:16,437 INFO  Executed tedge, exit status 0
2022-04-27 14:37:20,681 INFO  Executed sudo<tedge_disconnect_c8y>, exit status 0
2022-04-27 14:37:21,348 INFO  Executed systemctl<serv_mapper5>, exit status 3
2022-04-27 14:37:21,355 INFO  
2022-04-27 14:37:21,356 INFO  Test duration: 31.57 secs
2022-04-27 14:37:21,358 INFO  Test final outcome:  PASSED
2022-04-27 14:37:21,360 INFO  
