2022-04-12 09:59:36,096 INFO  ==============================================================
2022-04-12 09:59:36,097 INFO  Id:    SoftwareManagement.sm_fake_install_remove
2022-04-12 09:59:36,099 INFO  Dir:   software_management_end_to_end/
2022-04-12 09:59:36,099 INFO  Title: Validate end to end behaviour for the dummy plugin for installation and removal of packages
2022-04-12 09:59:36,100 INFO  ==============================================================
2022-04-12 09:59:36,128 INFO  Using sw id database: {'asciijump': '5475369', 'robotfindskitten': '5474869', 'squirrel3': '5475279', 'rolldice': '5152439', 'moon-buggy': '5439204', 'apple': '5495053', 'banana': '5494888', 'cherry': '5495382', 'watermelon': '5494510', 'registry': '8018911', 'hello-world': '8021526', 'docker/getting-started': '8021973', 'alpine': '7991792'}
2022-04-12 09:59:36,128 INFO  EnvironmentC8y Setup
2022-04-12 09:59:36,759 INFO  Executed systemctl<serv_mapper1>, exit status 3
2022-04-12 09:59:36,873 INFO  Restarting mosquitto too frequently in the last 10 seconds. It was only up for 5 seconds
2022-04-12 09:59:36,875 INFO  Delaying execution by 6 seconds
2022-04-12 09:59:56,992 INFO  Executed sudo<tedge_connect_c8y>, exit status 0, duration 14 secs
2022-04-12 09:59:57,609 INFO  Executed sudo<tedge_connect_c8y_test>, exit status 0
2022-04-12 09:59:58,075 INFO  Executed systemctl<serv_mosq2>, exit status 0
2022-04-12 09:59:58,588 INFO  Executed systemctl<serv_mapper3>, exit status 0
2022-04-12 10:00:00,811 INFO  State of current operation: SUCCESSFUL
2022-04-12 10:00:01,040 INFO  Assert that (False == value) with value=False ... passed
2022-04-12 10:00:01,274 INFO  Response status: 201
2022-04-12 10:00:01,275 INFO  Response to action: {
    "creationTime": "2022-04-12T10:00:01.231Z",
    "deviceId": "17153250",
    "deviceName": "mythica",
    "self": "https://t493319102.eu-latest.cumulocity.com/devicecontrol/operations/17197634",
    "id": "17197634",
    "status": "PENDING",
    "description": "Apply software changes, triggered from PySys: [{'name': 'watermelon', 'id': '5494510', 'version': '::fruits', 'url': '', 'action': 'install'}]",
    "c8y_SoftwareUpdate": [
        {
            "name": "watermelon",
            "action": "install",
            "id": "5494510",
            "version": "::fruits",
            "url": ""
        }
    ]
}
2022-04-12 10:00:01,276 INFO  Started operation: {'creationTime': '2022-04-12T10:00:01.231Z', 'deviceId': '17153250', 'deviceName': 'mythica', 'self': 'https://t493319102.eu-latest.cumulocity.com/devicecontrol/operations/17197634', 'id': '17197634', 'status': 'PENDING', 'description': "Apply software changes, triggered from PySys: [{'name': 'watermelon', 'id': '5494510', 'version': '::fruits', 'url': '', 'action': 'install'}]", 'c8y_SoftwareUpdate': [{'name': 'watermelon', 'action': 'install', 'id': '5494510', 'version': '::fruits', 'url': ''}]}
2022-04-12 10:00:03,580 INFO  State of operation 17197634 : PENDING
2022-04-12 10:00:05,807 INFO  State of operation 17197634 : EXECUTING
2022-04-12 10:00:08,032 INFO  State of operation 17197634 : SUCCESSFUL
2022-04-12 10:00:08,269 INFO  Package vanilla is installed
2022-04-12 10:00:08,271 INFO  Assert that (True == value) with value=True ... passed
2022-04-12 10:00:08,493 INFO  Response status: 201
2022-04-12 10:00:08,495 INFO  Response to action: {
    "creationTime": "2022-04-12T10:00:08.451Z",
    "deviceId": "17153250",
    "deviceName": "mythica",
    "self": "https://t493319102.eu-latest.cumulocity.com/devicecontrol/operations/17197636",
    "id": "17197636",
    "status": "PENDING",
    "description": "Apply software changes, triggered from PySys: [{'name': 'watermelon', 'id': '5494510', 'version': '::fruits', 'url': '', 'action': 'delete'}]",
    "c8y_SoftwareUpdate": [
        {
            "name": "watermelon",
            "action": "delete",
            "id": "5494510",
            "version": "::fruits",
            "url": ""
        }
    ]
}
2022-04-12 10:00:08,495 INFO  Started operation: {'creationTime': '2022-04-12T10:00:08.451Z', 'deviceId': '17153250', 'deviceName': 'mythica', 'self': 'https://t493319102.eu-latest.cumulocity.com/devicecontrol/operations/17197636', 'id': '17197636', 'status': 'PENDING', 'description': "Apply software changes, triggered from PySys: [{'name': 'watermelon', 'id': '5494510', 'version': '::fruits', 'url': '', 'action': 'delete'}]", 'c8y_SoftwareUpdate': [{'name': 'watermelon', 'action': 'delete', 'id': '5494510', 'version': '::fruits', 'url': ''}]}
2022-04-12 10:00:10,711 INFO  State of operation 17197636 : PENDING
2022-04-12 10:00:12,927 INFO  State of operation 17197636 : EXECUTING
2022-04-12 10:00:15,169 INFO  State of operation 17197636 : EXECUTING
2022-04-12 10:00:17,383 INFO  State of operation 17197636 : SUCCESSFUL
2022-04-12 10:00:17,606 INFO  Assert that (False == value) with value=False ... passed
2022-04-12 10:00:17,616 INFO  
2022-04-12 10:00:17,617 INFO  cleanup:
2022-04-12 10:00:21,662 INFO  Executed sudo<tedge_disconnect_c8y>, exit status 0
2022-04-12 10:00:22,228 INFO  Executed systemctl<serv_mapper5>, exit status 3
2022-04-12 10:00:22,232 INFO  
2022-04-12 10:00:22,233 INFO  Test duration: 46.14 secs
2022-04-12 10:00:22,234 INFO  Test final outcome:  PASSED
2022-04-12 10:00:22,235 INFO  
