2022-05-23 09:28:38,184 INFO  ==============================================================
2022-05-23 09:28:38,185 INFO  Id:    mapper_awaits_before_reconnect
2022-05-23 09:28:38,186 INFO  Dir:   tedge_mapper_c8y/
2022-05-23 09:28:38,187 INFO  Title: Validate mapper doesn't reconnect too often
2022-05-23 09:28:38,188 INFO  ==============================================================
2022-05-23 09:28:38,235 INFO  EnvironmentC8y Setup
2022-05-23 09:28:38,796 INFO  Executed systemctl<serv_mapper1>, exit status 3
2022-05-23 09:28:56,167 INFO  Executed sudo<tedge_connect_c8y>, exit status 0, duration 17 secs
2022-05-23 09:28:56,783 INFO  Executed sudo<tedge_connect_c8y_test>, exit status 0
2022-05-23 09:28:57,350 INFO  Executed systemctl<serv_mosq2>, exit status 0
2022-05-23 09:28:57,863 INFO  Executed systemctl<serv_mapper3>, exit status 0
2022-05-23 09:28:57,872 INFO  Started mosquitto_sub with process id 25702
2022-05-23 09:28:57,876 INFO  Waiting for 0.1 seconds
2022-05-23 09:28:58,563 INFO  Executed sudo<tedge_mapper>, exit status 0
2022-05-23 09:28:58,565 INFO  Waiting for 5.0 seconds
2022-05-23 09:29:04,138 INFO  Executed sudo<tedge_mapper>, exit status 0
2022-05-23 09:29:08,105 INFO  Executed sudo<tedge_mapper_journal>, exit status 0
2022-05-23 09:29:08,111 INFO  Grep on file tedge_mapper_journal.out ... passed
2022-05-23 09:29:08,118 INFO  Line count on file tedge_mapper_journal.out ... passed
2022-05-23 09:29:08,121 INFO  Line count on file tedge_mapper_journal.out ... passed
2022-05-23 09:29:08,128 INFO  
2022-05-23 09:29:08,129 INFO  cleanup:
2022-05-23 09:29:13,221 INFO  Executed sudo<tedge_disconnect_c8y>, exit status 0
2022-05-23 09:29:13,786 INFO  Executed systemctl<serv_mapper5>, exit status 3
2022-05-23 09:29:13,841 INFO  
2022-05-23 09:29:13,842 INFO  Test duration: 35.66 secs
2022-05-23 09:29:13,843 INFO  Test final outcome:  PASSED
2022-05-23 09:29:13,844 INFO  
