2022-04-14 06:44:44,897 INFO  ==============================================================
2022-04-14 06:44:44,898 INFO  Id:    apt_fail_noarg
2022-04-14 06:44:44,903 INFO  Dir:   plugin_apt/
2022-04-14 06:44:44,905 INFO  Title: Validate apt plugin fetures(prepare, list, install, remove finalize) without arguments
2022-04-14 06:44:44,906 INFO  ==============================================================
2022-04-14 06:44:46,385 INFO  Executed sudo<outp_install>, exit status 1
2022-04-14 06:44:46,389 INFO  Assert that (value==1) with value=1 ... passed
2022-04-14 06:44:46,900 INFO  Executed sudo<outp_install>, exit status 1
2022-04-14 06:44:46,903 INFO  Assert that (value==1) with value=1 ... passed
2022-04-14 06:44:47,414 INFO  Executed sudo<outp_install>, exit status 1
2022-04-14 06:44:47,416 INFO  Assert that (value==1) with value=1 ... passed
2022-04-14 06:44:47,930 INFO  Executed sudo<outp_install>, exit status 1
2022-04-14 06:44:47,933 INFO  Assert that (value==1) with value=1 ... passed
2022-04-14 06:44:48,443 INFO  Executed sudo<outp_install>, exit status 1
2022-04-14 06:44:48,446 INFO  Assert that (value==1) with value=1 ... passed
2022-04-14 06:44:48,957 INFO  Executed sudo<outp_install>, exit status 1
2022-04-14 06:44:48,959 INFO  Assert that (value==1) with value=1 ... passed
2022-04-14 06:44:49,471 INFO  Executed sudo<outp_install>, exit status 1
2022-04-14 06:44:49,473 INFO  Assert that (value==1) with value=1 ... passed
2022-04-14 06:44:49,984 INFO  Executed sudo<outp_install>, exit status 1
2022-04-14 06:44:49,987 INFO  Assert that (value==1) with value=1 ... passed
2022-04-14 06:44:50,498 INFO  Executed sudo<outp_install>, exit status 1
2022-04-14 06:44:50,500 INFO  Assert that (value==1) with value=1 ... passed
2022-04-14 06:44:51,012 INFO  Executed sudo<outp_install>, exit status 1
2022-04-14 06:44:51,014 INFO  Assert that (value==1) with value=1 ... passed
2022-04-14 06:44:51,024 INFO  
2022-04-14 06:44:51,025 INFO  Test duration: 6.13 secs
2022-04-14 06:44:51,026 INFO  Test final outcome:  PASSED
2022-04-14 06:44:51,027 INFO  
