2022-04-08 10:09:29,151 INFO  ==============================================================
2022-04-08 10:09:29,152 INFO  Id:    apt_prepare
2022-04-08 10:09:29,153 INFO  Dir:   plugin_apt/
2022-04-08 10:09:29,154 INFO  Title: Validate apt plugin install - dense version
2022-04-08 10:09:29,155 DEBUG Execution order hint: 0.0
2022-04-08 10:09:29,155 INFO  ==============================================================
2022-04-08 10:09:29,161 DEBUG --- test execute
2022-04-08 10:09:29,163 DEBUG Process parameters for sudo<outp_prepare>
  command line : /usr/bin/sudo /etc/tedge/sm-plugins/apt prepare
    arg #1     : /etc/tedge/sm-plugins/apt
    arg #2     : prepare
  working dir  : /home/pi/actions-runner/_work/thin-edge.io/thin-edge.io/tests/PySys/plugin_apt/apt_prepare/Output/linux
  stdout       : /home/pi/actions-runner/_work/thin-edge.io/thin-edge.io/tests/PySys/plugin_apt/apt_prepare/Output/linux/outp_prepare.out
  stderr       : /home/pi/actions-runner/_work/thin-edge.io/thin-edge.io/tests/PySys/plugin_apt/apt_prepare/Output/linux/outp_prepare.err
  environment  : LD_LIBRARY_PATH=/usr/lib
  environment  : PATH=/bin:/usr/bin:/usr/sbin:/usr/local/bin
                   #1  /bin
                   #2  /usr/bin
                   #3  /usr/sbin
                   #4  /usr/local/bin
2022-04-08 10:09:29,171 DEBUG Waiting up to 600 secs for process sudo<outp_prepare> (pid 10228)
2022-04-08 10:09:48,585 INFO  Executed sudo<outp_prepare>, exit status 0, duration 19 secs
2022-04-08 10:09:48,588 INFO  Assert that (value==0) with value=0 ... passed
2022-04-08 10:09:48,590 DEBUG --- test validate
2022-04-08 10:09:48,592 INFO  Assert that (old != new) with old=1649412556.929703, new=1649412587.7743626 ... passed
2022-04-08 10:09:48,594 INFO  Assert that ((new +350) >= now) with new=1649412587.7743626, now=1649412588.5906484 ... passed
2022-04-08 10:09:48,599 DEBUG --- test cleanup
2022-04-08 10:09:48,600 INFO  
2022-04-08 10:09:48,600 INFO  cleanup:
2022-04-08 10:09:48,601 DEBUG Running registered cleanup function: <bound method AptPluginPrepare.cleanup_prepare of <AptPluginPrepare object at 0x7606ab30>>
2022-04-08 10:09:48,602 DEBUG ProcessUser cleanup function done.
2022-04-08 10:09:48,605 INFO  
2022-04-08 10:09:48,606 INFO  Test duration: 19.46 secs
2022-04-08 10:09:48,607 INFO  Test final outcome:  PASSED
2022-04-08 10:09:48,608 INFO  
