2022-04-07 17:26:38,391 INFO  ==============================================================
2022-04-07 17:26:38,392 INFO  Id:    SoftwareManagement.sm_apt_install_remove_default
2022-04-07 17:26:38,393 INFO  Dir:   software_management_end_to_end/
2022-04-07 17:26:38,394 INFO  Title: Validate end to end behaviour for the default plugin for installation and removal of packages
2022-04-07 17:26:38,395 DEBUG Execution order hint: 0.0
2022-04-07 17:26:38,396 INFO  ==============================================================
2022-04-07 17:26:38,401 INFO  Using sw id database: {'asciijump': '5475369', 'robotfindskitten': '5474869', 'squirrel3': '5475279', 'rolldice': '5152439', 'moon-buggy': '5439204', 'apple': '5495053', 'banana': '5494888', 'cherry': '5495382', 'watermelon': '5494510', 'registry': '8018911', 'hello-world': '8021526', 'docker/getting-started': '8021973', 'alpine': '7991792'}
2022-04-07 17:26:38,402 DEBUG EnvironmentC8y Setup
2022-04-07 17:26:38,403 INFO  EnvironmentC8y Setup
2022-04-07 17:26:38,405 DEBUG Process parameters for systemctl<serv_mapper1>
  command line : /usr/bin/systemctl status tedge-mapper-c8y
    arg #1     : status
    arg #2     : tedge-mapper-c8y
  working dir  : /home/pi/actions-runner/_work/thin-edge.io/thin-edge.io/tests/PySys/software_management_end_to_end/sm_apt_install_remove_default/Output/linux
  stdout       : /home/pi/actions-runner/_work/thin-edge.io/thin-edge.io/tests/PySys/software_management_end_to_end/sm_apt_install_remove_default/Output/linux/serv_mapper1.out
  stderr       : /home/pi/actions-runner/_work/thin-edge.io/thin-edge.io/tests/PySys/software_management_end_to_end/sm_apt_install_remove_default/Output/linux/serv_mapper1.err
  environment  : LD_LIBRARY_PATH=/usr/lib
  environment  : PATH=/bin:/usr/bin:/usr/sbin:/usr/local/bin
                   #1  /bin
                   #2  /usr/bin
                   #3  /usr/sbin
                   #4  /usr/local/bin
2022-04-07 17:26:38,413 DEBUG Waiting up to 600 secs for process systemctl<serv_mapper1> (pid 15385)
2022-04-07 17:26:38,969 INFO  Executed systemctl<serv_mapper1>, exit status 3
2022-04-07 17:26:39,319 INFO  Restarting mosquitto too frequently in the last 10 seconds. It was only up for 5 seconds
2022-04-07 17:26:39,321 INFO  Delaying execution by 6 seconds
2022-04-07 17:26:45,329 DEBUG Process parameters for sudo<tedge_connect_c8y>
  command line : /usr/bin/sudo /usr/bin/tedge connect c8y
    arg #1     : /usr/bin/tedge
    arg #2     : connect
    arg #3     : c8y
  working dir  : /home/pi/actions-runner/_work/thin-edge.io/thin-edge.io/tests/PySys/software_management_end_to_end/sm_apt_install_remove_default/Output/linux
  stdout       : /home/pi/actions-runner/_work/thin-edge.io/thin-edge.io/tests/PySys/software_management_end_to_end/sm_apt_install_remove_default/Output/linux/tedge_connect_c8y.out
  stderr       : /home/pi/actions-runner/_work/thin-edge.io/thin-edge.io/tests/PySys/software_management_end_to_end/sm_apt_install_remove_default/Output/linux/tedge_connect_c8y.err
  environment  : LD_LIBRARY_PATH=/usr/lib
  environment  : PATH=/bin:/usr/bin:/usr/sbin:/usr/local/bin
                   #1  /bin
                   #2  /usr/bin
                   #3  /usr/sbin
                   #4  /usr/local/bin
2022-04-07 17:26:45,338 DEBUG Waiting up to 600 secs for process sudo<tedge_connect_c8y> (pid 15389)
2022-04-07 17:26:59,463 INFO  Executed sudo<tedge_connect_c8y>, exit status 0, duration 14 secs
2022-04-07 17:26:59,467 DEBUG Process parameters for sudo<tedge_connect_c8y_test>
  command line : /usr/bin/sudo /usr/bin/tedge connect c8y --test
    arg #1     : /usr/bin/tedge
    arg #2     : connect
    arg #3     : c8y
    arg #4     : --test
  working dir  : /home/pi/actions-runner/_work/thin-edge.io/thin-edge.io/tests/PySys/software_management_end_to_end/sm_apt_install_remove_default/Output/linux
  stdout       : /home/pi/actions-runner/_work/thin-edge.io/thin-edge.io/tests/PySys/software_management_end_to_end/sm_apt_install_remove_default/Output/linux/tedge_connect_c8y_test.out
  stderr       : /home/pi/actions-runner/_work/thin-edge.io/thin-edge.io/tests/PySys/software_management_end_to_end/sm_apt_install_remove_default/Output/linux/tedge_connect_c8y_test.err
  environment  : LD_LIBRARY_PATH=/usr/lib
  environment  : PATH=/bin:/usr/bin:/usr/sbin:/usr/local/bin
                   #1  /bin
                   #2  /usr/bin
                   #3  /usr/sbin
                   #4  /usr/local/bin
2022-04-07 17:26:59,478 DEBUG Waiting up to 600 secs for process sudo<tedge_connect_c8y_test> (pid 15496)
2022-04-07 17:27:00,087 INFO  Executed sudo<tedge_connect_c8y_test>, exit status 0
2022-04-07 17:27:00,089 DEBUG Process parameters for systemctl<serv_mosq2>
  command line : /usr/bin/systemctl status mosquitto
    arg #1     : status
    arg #2     : mosquitto
  working dir  : /home/pi/actions-runner/_work/thin-edge.io/thin-edge.io/tests/PySys/software_management_end_to_end/sm_apt_install_remove_default/Output/linux
  stdout       : /home/pi/actions-runner/_work/thin-edge.io/thin-edge.io/tests/PySys/software_management_end_to_end/sm_apt_install_remove_default/Output/linux/serv_mosq2.out
  stderr       : /home/pi/actions-runner/_work/thin-edge.io/thin-edge.io/tests/PySys/software_management_end_to_end/sm_apt_install_remove_default/Output/linux/serv_mosq2.err
  environment  : LD_LIBRARY_PATH=/usr/lib
  environment  : PATH=/bin:/usr/bin:/usr/sbin:/usr/local/bin
                   #1  /bin
                   #2  /usr/bin
                   #3  /usr/sbin
                   #4  /usr/local/bin
2022-04-07 17:27:00,097 DEBUG Waiting up to 600 secs for process systemctl<serv_mosq2> (pid 15502)
2022-04-07 17:27:00,618 INFO  Executed systemctl<serv_mosq2>, exit status 0
2022-04-07 17:27:00,621 DEBUG Process parameters for systemctl<serv_mapper3>
  command line : /usr/bin/systemctl status tedge-mapper-c8y
    arg #1     : status
    arg #2     : tedge-mapper-c8y
  working dir  : /home/pi/actions-runner/_work/thin-edge.io/thin-edge.io/tests/PySys/software_management_end_to_end/sm_apt_install_remove_default/Output/linux
  stdout       : /home/pi/actions-runner/_work/thin-edge.io/thin-edge.io/tests/PySys/software_management_end_to_end/sm_apt_install_remove_default/Output/linux/serv_mapper3.out
  stderr       : /home/pi/actions-runner/_work/thin-edge.io/thin-edge.io/tests/PySys/software_management_end_to_end/sm_apt_install_remove_default/Output/linux/serv_mapper3.err
  environment  : LD_LIBRARY_PATH=/usr/lib
  environment  : PATH=/bin:/usr/bin:/usr/sbin:/usr/local/bin
                   #1  /bin
                   #2  /usr/bin
                   #3  /usr/sbin
                   #4  /usr/local/bin
2022-04-07 17:27:00,629 DEBUG Waiting up to 600 secs for process systemctl<serv_mapper3> (pid 15503)
2022-04-07 17:27:01,103 INFO  Executed systemctl<serv_mapper3>, exit status 0
2022-04-07 17:27:03,126 DEBUG Starting new HTTPS connection (1): thin-edge-io.eu-latest.cumulocity.com:443
2022-04-07 17:27:03,320 DEBUG https://thin-edge-io.eu-latest.cumulocity.com:443 "GET /devicecontrol/operations?deviceId=16979395&pageSize=1&revert=true&dateFrom=1970-01-01T00%3A00%3A00.000Z HTTP/1.1" 200 1055
2022-04-07 17:27:03,333 DEBUG Final URL of the request: https://thin-edge-io.eu-latest.cumulocity.com/devicecontrol/operations?deviceId=16979395&pageSize=1&revert=true&dateFrom=1970-01-01T00%3A00%3A00.000Z
2022-04-07 17:27:03,337 INFO  State of current operation: SUCCESSFUL
2022-04-07 17:27:03,354 DEBUG Starting new HTTPS connection (1): thin-edge-io.eu-latest.cumulocity.com:443
2022-04-07 17:27:03,556 DEBUG https://thin-edge-io.eu-latest.cumulocity.com:443 "GET /inventory/managedObjects/16979395 HTTP/1.1" 200 None
2022-04-07 17:27:03,577 INFO  Assert that (False == value) with value=False ... passed
2022-04-07 17:27:03,578 DEBUG --- test execute
2022-04-07 17:27:03,594 DEBUG Starting new HTTPS connection (1): thin-edge-io.eu-latest.cumulocity.com:443
2022-04-07 17:27:03,788 DEBUG https://thin-edge-io.eu-latest.cumulocity.com:443 "POST /devicecontrol/operations HTTP/1.1" 201 468
2022-04-07 17:27:03,804 INFO  Response status: 201
2022-04-07 17:27:03,805 INFO  Response to action: {
    "creationTime": "2022-04-07T17:27:03.756Z",
    "deviceId": "16979395",
    "deviceName": "offsite_mythica",
    "self": "https://t493319102.eu-latest.cumulocity.com/devicecontrol/operations/17009327",
    "id": "17009327",
    "status": "PENDING",
    "description": "Apply software changes, triggered from PySys: [{'name': 'rolldice', 'id': '5152439', 'version': ' ', 'url': '', 'action': 'install'}]",
    "c8y_SoftwareUpdate": [
        {
            "name": "rolldice",
            "action": "install",
            "id": "5152439",
            "version": " ",
            "url": ""
        }
    ]
}
2022-04-07 17:27:03,806 INFO  Started operation: {'creationTime': '2022-04-07T17:27:03.756Z', 'deviceId': '16979395', 'deviceName': 'offsite_mythica', 'self': 'https://t493319102.eu-latest.cumulocity.com/devicecontrol/operations/17009327', 'id': '17009327', 'status': 'PENDING', 'description': "Apply software changes, triggered from PySys: [{'name': 'rolldice', 'id': '5152439', 'version': ' ', 'url': '', 'action': 'install'}]", 'c8y_SoftwareUpdate': [{'name': 'rolldice', 'action': 'install', 'id': '5152439', 'version': ' ', 'url': ''}]}
2022-04-07 17:27:05,826 DEBUG Starting new HTTPS connection (1): thin-edge-io.eu-latest.cumulocity.com:443
2022-04-07 17:27:06,012 DEBUG https://thin-edge-io.eu-latest.cumulocity.com:443 "GET /devicecontrol/operations/17009327 HTTP/1.1" 200 620
2022-04-07 17:27:06,028 INFO  State of operation 17009327 : PENDING
2022-04-07 17:27:08,049 DEBUG Starting new HTTPS connection (1): thin-edge-io.eu-latest.cumulocity.com:443
2022-04-07 17:27:08,233 DEBUG https://thin-edge-io.eu-latest.cumulocity.com:443 "GET /devicecontrol/operations/17009327 HTTP/1.1" 200 622
2022-04-07 17:27:08,250 INFO  State of operation 17009327 : EXECUTING
2022-04-07 17:27:10,268 DEBUG Starting new HTTPS connection (1): thin-edge-io.eu-latest.cumulocity.com:443
2022-04-07 17:27:10,479 DEBUG https://thin-edge-io.eu-latest.cumulocity.com:443 "GET /devicecontrol/operations/17009327 HTTP/1.1" 200 622
2022-04-07 17:27:10,495 INFO  State of operation 17009327 : EXECUTING
2022-04-07 17:27:12,515 DEBUG Starting new HTTPS connection (1): thin-edge-io.eu-latest.cumulocity.com:443
2022-04-07 17:27:12,694 DEBUG https://thin-edge-io.eu-latest.cumulocity.com:443 "GET /devicecontrol/operations/17009327 HTTP/1.1" 200 622
2022-04-07 17:27:12,710 INFO  State of operation 17009327 : EXECUTING
2022-04-07 17:27:14,729 DEBUG Starting new HTTPS connection (1): thin-edge-io.eu-latest.cumulocity.com:443
2022-04-07 17:27:14,908 DEBUG https://thin-edge-io.eu-latest.cumulocity.com:443 "GET /devicecontrol/operations/17009327 HTTP/1.1" 200 622
2022-04-07 17:27:14,925 INFO  State of operation 17009327 : EXECUTING
2022-04-07 17:27:16,944 DEBUG Starting new HTTPS connection (1): thin-edge-io.eu-latest.cumulocity.com:443
2022-04-07 17:27:17,119 DEBUG https://thin-edge-io.eu-latest.cumulocity.com:443 "GET /devicecontrol/operations/17009327 HTTP/1.1" 200 622
2022-04-07 17:27:17,135 INFO  State of operation 17009327 : EXECUTING
2022-04-07 17:27:19,156 DEBUG Starting new HTTPS connection (1): thin-edge-io.eu-latest.cumulocity.com:443
2022-04-07 17:27:19,730 DEBUG https://thin-edge-io.eu-latest.cumulocity.com:443 "GET /devicecontrol/operations/17009327 HTTP/1.1" 200 622
2022-04-07 17:27:19,749 INFO  State of operation 17009327 : EXECUTING
2022-04-07 17:27:21,780 DEBUG Starting new HTTPS connection (1): thin-edge-io.eu-latest.cumulocity.com:443
2022-04-07 17:27:22,497 DEBUG https://thin-edge-io.eu-latest.cumulocity.com:443 "GET /devicecontrol/operations/17009327 HTTP/1.1" 200 622
2022-04-07 17:27:22,531 INFO  State of operation 17009327 : EXECUTING
2022-04-07 17:27:24,792 DEBUG Starting new HTTPS connection (1): thin-edge-io.eu-latest.cumulocity.com:443
2022-04-07 17:27:24,987 DEBUG https://thin-edge-io.eu-latest.cumulocity.com:443 "GET /devicecontrol/operations/17009327 HTTP/1.1" 200 622
2022-04-07 17:27:25,005 INFO  State of operation 17009327 : EXECUTING
2022-04-07 17:27:27,056 DEBUG Starting new HTTPS connection (1): thin-edge-io.eu-latest.cumulocity.com:443
2022-04-07 17:27:27,371 DEBUG https://thin-edge-io.eu-latest.cumulocity.com:443 "GET /devicecontrol/operations/17009327 HTTP/1.1" 200 622
2022-04-07 17:27:27,418 INFO  State of operation 17009327 : EXECUTING
2022-04-07 17:27:29,441 DEBUG Starting new HTTPS connection (1): thin-edge-io.eu-latest.cumulocity.com:443
2022-04-07 17:27:29,617 DEBUG https://thin-edge-io.eu-latest.cumulocity.com:443 "GET /devicecontrol/operations/17009327 HTTP/1.1" 200 622
2022-04-07 17:27:29,636 INFO  State of operation 17009327 : EXECUTING
2022-04-07 17:27:31,655 DEBUG Starting new HTTPS connection (1): thin-edge-io.eu-latest.cumulocity.com:443
2022-04-07 17:27:31,839 DEBUG https://thin-edge-io.eu-latest.cumulocity.com:443 "GET /devicecontrol/operations/17009327 HTTP/1.1" 200 622
2022-04-07 17:27:31,856 INFO  State of operation 17009327 : EXECUTING
2022-04-07 17:27:33,876 DEBUG Starting new HTTPS connection (1): thin-edge-io.eu-latest.cumulocity.com:443
2022-04-07 17:27:34,078 DEBUG https://thin-edge-io.eu-latest.cumulocity.com:443 "GET /devicecontrol/operations/17009327 HTTP/1.1" 200 622
2022-04-07 17:27:34,095 INFO  State of operation 17009327 : EXECUTING
2022-04-07 17:27:36,118 DEBUG Starting new HTTPS connection (1): thin-edge-io.eu-latest.cumulocity.com:443
2022-04-07 17:27:36,324 DEBUG https://thin-edge-io.eu-latest.cumulocity.com:443 "GET /devicecontrol/operations/17009327 HTTP/1.1" 200 622
2022-04-07 17:27:36,342 INFO  State of operation 17009327 : EXECUTING
2022-04-07 17:27:38,364 DEBUG Starting new HTTPS connection (1): thin-edge-io.eu-latest.cumulocity.com:443
2022-04-07 17:27:38,681 DEBUG https://thin-edge-io.eu-latest.cumulocity.com:443 "GET /devicecontrol/operations/17009327 HTTP/1.1" 200 622
2022-04-07 17:27:38,696 INFO  State of operation 17009327 : EXECUTING
2022-04-07 17:27:40,723 DEBUG Starting new HTTPS connection (1): thin-edge-io.eu-latest.cumulocity.com:443
2022-04-07 17:27:40,914 DEBUG https://thin-edge-io.eu-latest.cumulocity.com:443 "GET /devicecontrol/operations/17009327 HTTP/1.1" 200 622
2022-04-07 17:27:40,931 INFO  State of operation 17009327 : EXECUTING
2022-04-07 17:27:42,973 DEBUG Starting new HTTPS connection (1): thin-edge-io.eu-latest.cumulocity.com:443
2022-04-07 17:27:43,652 DEBUG https://thin-edge-io.eu-latest.cumulocity.com:443 "GET /devicecontrol/operations/17009327 HTTP/1.1" 200 622
2022-04-07 17:27:43,685 INFO  State of operation 17009327 : EXECUTING
2022-04-07 17:27:45,705 DEBUG Starting new HTTPS connection (1): thin-edge-io.eu-latest.cumulocity.com:443
2022-04-07 17:27:45,894 DEBUG https://thin-edge-io.eu-latest.cumulocity.com:443 "GET /devicecontrol/operations/17009327 HTTP/1.1" 200 622
2022-04-07 17:27:45,911 INFO  State of operation 17009327 : EXECUTING
2022-04-07 17:27:47,933 DEBUG Starting new HTTPS connection (1): thin-edge-io.eu-latest.cumulocity.com:443
2022-04-07 17:27:48,124 DEBUG https://thin-edge-io.eu-latest.cumulocity.com:443 "GET /devicecontrol/operations/17009327 HTTP/1.1" 200 622
2022-04-07 17:27:48,141 INFO  State of operation 17009327 : EXECUTING
2022-04-07 17:27:50,160 DEBUG Starting new HTTPS connection (1): thin-edge-io.eu-latest.cumulocity.com:443
2022-04-07 17:27:50,339 DEBUG https://thin-edge-io.eu-latest.cumulocity.com:443 "GET /devicecontrol/operations/17009327 HTTP/1.1" 200 622
2022-04-07 17:27:50,355 INFO  State of operation 17009327 : EXECUTING
2022-04-07 17:27:52,395 DEBUG Starting new HTTPS connection (1): thin-edge-io.eu-latest.cumulocity.com:443
2022-04-07 17:27:53,025 DEBUG https://thin-edge-io.eu-latest.cumulocity.com:443 "GET /devicecontrol/operations/17009327 HTTP/1.1" 200 622
2022-04-07 17:27:53,041 INFO  State of operation 17009327 : EXECUTING
2022-04-07 17:27:55,059 DEBUG Starting new HTTPS connection (1): thin-edge-io.eu-latest.cumulocity.com:443
2022-04-07 17:27:55,239 DEBUG https://thin-edge-io.eu-latest.cumulocity.com:443 "GET /devicecontrol/operations/17009327 HTTP/1.1" 200 622
2022-04-07 17:27:55,255 INFO  State of operation 17009327 : EXECUTING
2022-04-07 17:27:57,275 DEBUG Starting new HTTPS connection (1): thin-edge-io.eu-latest.cumulocity.com:443
2022-04-07 17:27:57,969 DEBUG https://thin-edge-io.eu-latest.cumulocity.com:443 "GET /devicecontrol/operations/17009327 HTTP/1.1" 200 622
2022-04-07 17:27:57,994 INFO  State of operation 17009327 : EXECUTING
2022-04-07 17:28:00,014 DEBUG Starting new HTTPS connection (1): thin-edge-io.eu-latest.cumulocity.com:443
2022-04-07 17:28:00,185 DEBUG https://thin-edge-io.eu-latest.cumulocity.com:443 "GET /devicecontrol/operations/17009327 HTTP/1.1" 200 622
2022-04-07 17:28:00,201 INFO  State of operation 17009327 : EXECUTING
2022-04-07 17:28:02,230 DEBUG Starting new HTTPS connection (1): thin-edge-io.eu-latest.cumulocity.com:443
2022-04-07 17:28:02,843 DEBUG https://thin-edge-io.eu-latest.cumulocity.com:443 "GET /devicecontrol/operations/17009327 HTTP/1.1" 200 622
2022-04-07 17:28:02,866 INFO  State of operation 17009327 : EXECUTING
2022-04-07 17:28:04,886 DEBUG Starting new HTTPS connection (1): thin-edge-io.eu-latest.cumulocity.com:443
2022-04-07 17:28:05,314 DEBUG https://thin-edge-io.eu-latest.cumulocity.com:443 "GET /devicecontrol/operations/17009327 HTTP/1.1" 200 622
2022-04-07 17:28:05,329 INFO  State of operation 17009327 : EXECUTING
2022-04-07 17:28:07,349 DEBUG Starting new HTTPS connection (1): thin-edge-io.eu-latest.cumulocity.com:443
2022-04-07 17:28:07,948 DEBUG https://thin-edge-io.eu-latest.cumulocity.com:443 "GET /devicecontrol/operations/17009327 HTTP/1.1" 200 622
2022-04-07 17:28:07,963 INFO  State of operation 17009327 : EXECUTING
2022-04-07 17:28:09,985 DEBUG Starting new HTTPS connection (1): thin-edge-io.eu-latest.cumulocity.com:443
2022-04-07 17:28:10,183 DEBUG https://thin-edge-io.eu-latest.cumulocity.com:443 "GET /devicecontrol/operations/17009327 HTTP/1.1" 200 622
2022-04-07 17:28:10,200 INFO  State of operation 17009327 : EXECUTING
2022-04-07 17:28:12,221 DEBUG Starting new HTTPS connection (1): thin-edge-io.eu-latest.cumulocity.com:443
2022-04-07 17:28:12,493 DEBUG https://thin-edge-io.eu-latest.cumulocity.com:443 "GET /devicecontrol/operations/17009327 HTTP/1.1" 200 622
2022-04-07 17:28:12,515 INFO  State of operation 17009327 : EXECUTING
2022-04-07 17:28:14,535 DEBUG Starting new HTTPS connection (1): thin-edge-io.eu-latest.cumulocity.com:443
2022-04-07 17:28:14,717 DEBUG https://thin-edge-io.eu-latest.cumulocity.com:443 "GET /devicecontrol/operations/17009327 HTTP/1.1" 200 622
2022-04-07 17:28:14,732 INFO  State of operation 17009327 : EXECUTING
2022-04-07 17:28:16,752 DEBUG Starting new HTTPS connection (1): thin-edge-io.eu-latest.cumulocity.com:443
2022-04-07 17:28:16,981 DEBUG https://thin-edge-io.eu-latest.cumulocity.com:443 "GET /devicecontrol/operations/17009327 HTTP/1.1" 200 622
2022-04-07 17:28:16,998 INFO  State of operation 17009327 : EXECUTING
2022-04-07 17:28:19,017 DEBUG Starting new HTTPS connection (1): thin-edge-io.eu-latest.cumulocity.com:443
2022-04-07 17:28:19,199 DEBUG https://thin-edge-io.eu-latest.cumulocity.com:443 "GET /devicecontrol/operations/17009327 HTTP/1.1" 200 622
2022-04-07 17:28:19,216 INFO  State of operation 17009327 : EXECUTING
2022-04-07 17:28:21,234 DEBUG Starting new HTTPS connection (1): thin-edge-io.eu-latest.cumulocity.com:443
2022-04-07 17:28:21,414 DEBUG https://thin-edge-io.eu-latest.cumulocity.com:443 "GET /devicecontrol/operations/17009327 HTTP/1.1" 200 623
2022-04-07 17:28:21,441 INFO  State of operation 17009327 : SUCCESSFUL
2022-04-07 17:28:21,458 DEBUG Starting new HTTPS connection (1): thin-edge-io.eu-latest.cumulocity.com:443
2022-04-07 17:28:21,672 DEBUG https://thin-edge-io.eu-latest.cumulocity.com:443 "GET /inventory/managedObjects/16979395 HTTP/1.1" 200 None
2022-04-07 17:28:21,690 INFO  Package rolldice is installed
2022-04-07 17:28:21,692 INFO  Assert that (True == value) with value=True ... passed
2022-04-07 17:28:21,709 DEBUG Starting new HTTPS connection (1): thin-edge-io.eu-latest.cumulocity.com:443
2022-04-07 17:28:21,905 DEBUG https://thin-edge-io.eu-latest.cumulocity.com:443 "POST /devicecontrol/operations HTTP/1.1" 201 466
2022-04-07 17:28:21,920 INFO  Response status: 201
2022-04-07 17:28:21,922 INFO  Response to action: {
    "creationTime": "2022-04-07T17:28:21.874Z",
    "deviceId": "16979395",
    "deviceName": "offsite_mythica",
    "self": "https://t493319102.eu-latest.cumulocity.com/devicecontrol/operations/17009331",
    "id": "17009331",
    "status": "PENDING",
    "description": "Apply software changes, triggered from PySys: [{'name': 'rolldice', 'id': '5152439', 'version': ' ', 'url': '', 'action': 'delete'}]",
    "c8y_SoftwareUpdate": [
        {
            "name": "rolldice",
            "action": "delete",
            "id": "5152439",
            "version": " ",
            "url": ""
        }
    ]
}
2022-04-07 17:28:21,923 INFO  Started operation: {'creationTime': '2022-04-07T17:28:21.874Z', 'deviceId': '16979395', 'deviceName': 'offsite_mythica', 'self': 'https://t493319102.eu-latest.cumulocity.com/devicecontrol/operations/17009331', 'id': '17009331', 'status': 'PENDING', 'description': "Apply software changes, triggered from PySys: [{'name': 'rolldice', 'id': '5152439', 'version': ' ', 'url': '', 'action': 'delete'}]", 'c8y_SoftwareUpdate': [{'name': 'rolldice', 'action': 'delete', 'id': '5152439', 'version': ' ', 'url': ''}]}
2022-04-07 17:28:23,942 DEBUG Starting new HTTPS connection (1): thin-edge-io.eu-latest.cumulocity.com:443
2022-04-07 17:28:24,129 DEBUG https://thin-edge-io.eu-latest.cumulocity.com:443 "GET /devicecontrol/operations/17009331 HTTP/1.1" 200 618
2022-04-07 17:28:24,147 INFO  State of operation 17009331 : PENDING
2022-04-07 17:28:26,167 DEBUG Starting new HTTPS connection (1): thin-edge-io.eu-latest.cumulocity.com:443
2022-04-07 17:28:26,360 DEBUG https://thin-edge-io.eu-latest.cumulocity.com:443 "GET /devicecontrol/operations/17009331 HTTP/1.1" 200 620
2022-04-07 17:28:26,380 INFO  State of operation 17009331 : EXECUTING
2022-04-07 17:28:28,401 DEBUG Starting new HTTPS connection (1): thin-edge-io.eu-latest.cumulocity.com:443
2022-04-07 17:28:28,584 DEBUG https://thin-edge-io.eu-latest.cumulocity.com:443 "GET /devicecontrol/operations/17009331 HTTP/1.1" 200 620
2022-04-07 17:28:28,600 INFO  State of operation 17009331 : EXECUTING
2022-04-07 17:28:30,620 DEBUG Starting new HTTPS connection (1): thin-edge-io.eu-latest.cumulocity.com:443
2022-04-07 17:28:30,801 DEBUG https://thin-edge-io.eu-latest.cumulocity.com:443 "GET /devicecontrol/operations/17009331 HTTP/1.1" 200 620
2022-04-07 17:28:30,817 INFO  State of operation 17009331 : EXECUTING
2022-04-07 17:28:32,837 DEBUG Starting new HTTPS connection (1): thin-edge-io.eu-latest.cumulocity.com:443
2022-04-07 17:28:33,019 DEBUG https://thin-edge-io.eu-latest.cumulocity.com:443 "GET /devicecontrol/operations/17009331 HTTP/1.1" 200 620
2022-04-07 17:28:33,035 INFO  State of operation 17009331 : EXECUTING
2022-04-07 17:28:35,055 DEBUG Starting new HTTPS connection (1): thin-edge-io.eu-latest.cumulocity.com:443
2022-04-07 17:28:35,457 DEBUG https://thin-edge-io.eu-latest.cumulocity.com:443 "GET /devicecontrol/operations/17009331 HTTP/1.1" 200 620
2022-04-07 17:28:35,474 INFO  State of operation 17009331 : EXECUTING
2022-04-07 17:28:37,495 DEBUG Starting new HTTPS connection (1): thin-edge-io.eu-latest.cumulocity.com:443
2022-04-07 17:28:38,146 DEBUG https://thin-edge-io.eu-latest.cumulocity.com:443 "GET /devicecontrol/operations/17009331 HTTP/1.1" 200 620
2022-04-07 17:28:38,166 INFO  State of operation 17009331 : EXECUTING
2022-04-07 17:28:40,191 DEBUG Starting new HTTPS connection (1): thin-edge-io.eu-latest.cumulocity.com:443
2022-04-07 17:28:41,618 DEBUG https://thin-edge-io.eu-latest.cumulocity.com:443 "GET /devicecontrol/operations/17009331 HTTP/1.1" 200 620
2022-04-07 17:28:41,988 INFO  State of operation 17009331 : EXECUTING
2022-04-07 17:28:44,139 DEBUG Starting new HTTPS connection (1): thin-edge-io.eu-latest.cumulocity.com:443
2022-04-07 17:28:44,484 DEBUG https://thin-edge-io.eu-latest.cumulocity.com:443 "GET /devicecontrol/operations/17009331 HTTP/1.1" 200 620
2022-04-07 17:28:44,506 INFO  State of operation 17009331 : EXECUTING
2022-04-07 17:28:46,526 DEBUG Starting new HTTPS connection (1): thin-edge-io.eu-latest.cumulocity.com:443
2022-04-07 17:28:46,708 DEBUG https://thin-edge-io.eu-latest.cumulocity.com:443 "GET /devicecontrol/operations/17009331 HTTP/1.1" 200 620
2022-04-07 17:28:46,725 INFO  State of operation 17009331 : EXECUTING
2022-04-07 17:28:48,745 DEBUG Starting new HTTPS connection (1): thin-edge-io.eu-latest.cumulocity.com:443
2022-04-07 17:28:48,942 DEBUG https://thin-edge-io.eu-latest.cumulocity.com:443 "GET /devicecontrol/operations/17009331 HTTP/1.1" 200 620
2022-04-07 17:28:48,959 INFO  State of operation 17009331 : EXECUTING
2022-04-07 17:28:50,979 DEBUG Starting new HTTPS connection (1): thin-edge-io.eu-latest.cumulocity.com:443
2022-04-07 17:28:51,165 DEBUG https://thin-edge-io.eu-latest.cumulocity.com:443 "GET /devicecontrol/operations/17009331 HTTP/1.1" 200 620
2022-04-07 17:28:51,181 INFO  State of operation 17009331 : EXECUTING
2022-04-07 17:28:53,201 DEBUG Starting new HTTPS connection (1): thin-edge-io.eu-latest.cumulocity.com:443
2022-04-07 17:28:53,377 DEBUG https://thin-edge-io.eu-latest.cumulocity.com:443 "GET /devicecontrol/operations/17009331 HTTP/1.1" 200 620
2022-04-07 17:28:53,393 INFO  State of operation 17009331 : EXECUTING
2022-04-07 17:28:55,412 DEBUG Starting new HTTPS connection (1): thin-edge-io.eu-latest.cumulocity.com:443
2022-04-07 17:28:55,668 DEBUG https://thin-edge-io.eu-latest.cumulocity.com:443 "GET /devicecontrol/operations/17009331 HTTP/1.1" 200 620
2022-04-07 17:28:55,693 INFO  State of operation 17009331 : EXECUTING
2022-04-07 17:28:57,747 DEBUG Starting new HTTPS connection (1): thin-edge-io.eu-latest.cumulocity.com:443
2022-04-07 17:28:58,135 DEBUG https://thin-edge-io.eu-latest.cumulocity.com:443 "GET /devicecontrol/operations/17009331 HTTP/1.1" 200 620
2022-04-07 17:28:58,184 INFO  State of operation 17009331 : EXECUTING
2022-04-07 17:29:00,210 DEBUG Starting new HTTPS connection (1): thin-edge-io.eu-latest.cumulocity.com:443
2022-04-07 17:29:00,855 DEBUG https://thin-edge-io.eu-latest.cumulocity.com:443 "GET /devicecontrol/operations/17009331 HTTP/1.1" 200 620
2022-04-07 17:29:00,873 INFO  State of operation 17009331 : EXECUTING
2022-04-07 17:29:02,915 DEBUG Starting new HTTPS connection (1): thin-edge-io.eu-latest.cumulocity.com:443
2022-04-07 17:29:03,277 DEBUG https://thin-edge-io.eu-latest.cumulocity.com:443 "GET /devicecontrol/operations/17009331 HTTP/1.1" 200 620
2022-04-07 17:29:03,298 INFO  State of operation 17009331 : EXECUTING
2022-04-07 17:29:05,335 DEBUG Starting new HTTPS connection (1): thin-edge-io.eu-latest.cumulocity.com:443
2022-04-07 17:29:05,551 DEBUG https://thin-edge-io.eu-latest.cumulocity.com:443 "GET /devicecontrol/operations/17009331 HTTP/1.1" 200 620
2022-04-07 17:29:05,567 INFO  State of operation 17009331 : EXECUTING
2022-04-07 17:29:07,586 DEBUG Starting new HTTPS connection (1): thin-edge-io.eu-latest.cumulocity.com:443
2022-04-07 17:29:07,769 DEBUG https://thin-edge-io.eu-latest.cumulocity.com:443 "GET /devicecontrol/operations/17009331 HTTP/1.1" 200 620
2022-04-07 17:29:07,786 INFO  State of operation 17009331 : EXECUTING
2022-04-07 17:29:09,806 DEBUG Starting new HTTPS connection (1): thin-edge-io.eu-latest.cumulocity.com:443
2022-04-07 17:29:10,029 DEBUG https://thin-edge-io.eu-latest.cumulocity.com:443 "GET /devicecontrol/operations/17009331 HTTP/1.1" 200 620
2022-04-07 17:29:10,045 INFO  State of operation 17009331 : EXECUTING
2022-04-07 17:29:12,071 DEBUG Starting new HTTPS connection (1): thin-edge-io.eu-latest.cumulocity.com:443
2022-04-07 17:29:12,275 DEBUG https://thin-edge-io.eu-latest.cumulocity.com:443 "GET /devicecontrol/operations/17009331 HTTP/1.1" 200 620
2022-04-07 17:29:12,294 INFO  State of operation 17009331 : EXECUTING
2022-04-07 17:29:14,313 DEBUG Starting new HTTPS connection (1): thin-edge-io.eu-latest.cumulocity.com:443
2022-04-07 17:29:14,490 DEBUG https://thin-edge-io.eu-latest.cumulocity.com:443 "GET /devicecontrol/operations/17009331 HTTP/1.1" 200 621
2022-04-07 17:29:14,506 INFO  State of operation 17009331 : SUCCESSFUL
2022-04-07 17:29:14,507 DEBUG --- test validate
2022-04-07 17:29:14,526 DEBUG Starting new HTTPS connection (1): thin-edge-io.eu-latest.cumulocity.com:443
2022-04-07 17:29:14,725 DEBUG https://thin-edge-io.eu-latest.cumulocity.com:443 "GET /inventory/managedObjects/16979395 HTTP/1.1" 200 None
2022-04-07 17:29:14,744 INFO  Assert that (False == value) with value=False ... passed
2022-04-07 17:29:14,756 DEBUG --- test cleanup
2022-04-07 17:29:14,758 INFO  
2022-04-07 17:29:14,758 INFO  cleanup:
2022-04-07 17:29:14,759 DEBUG Running registered cleanup function: <bound method SoftwareManagement.mysmcleanup of <PySysTest object at 0x75c5b550>>
2022-04-07 17:29:14,760 DEBUG Running registered cleanup function: <bound method EnvironmentC8y.myenvcleanup of <PySysTest object at 0x75c5b550>>
2022-04-07 17:29:14,761 DEBUG EnvironmentC8y Cleanup
2022-04-07 17:29:14,876 DEBUG Process parameters for sudo<tedge_disconnect_c8y>
  command line : /usr/bin/sudo /usr/bin/tedge disconnect c8y
    arg #1     : /usr/bin/tedge
    arg #2     : disconnect
    arg #3     : c8y
  working dir  : /home/pi/actions-runner/_work/thin-edge.io/thin-edge.io/tests/PySys/software_management_end_to_end/sm_apt_install_remove_default/Output/linux
  stdout       : /home/pi/actions-runner/_work/thin-edge.io/thin-edge.io/tests/PySys/software_management_end_to_end/sm_apt_install_remove_default/Output/linux/tedge_disconnect_c8y.out
  stderr       : /home/pi/actions-runner/_work/thin-edge.io/thin-edge.io/tests/PySys/software_management_end_to_end/sm_apt_install_remove_default/Output/linux/tedge_disconnect_c8y.err
  environment  : LD_LIBRARY_PATH=/usr/lib
  environment  : PATH=/bin:/usr/bin:/usr/sbin:/usr/local/bin
                   #1  /bin
                   #2  /usr/bin
                   #3  /usr/sbin
                   #4  /usr/local/bin
2022-04-07 17:29:14,885 DEBUG Waiting up to 600 secs for process sudo<tedge_disconnect_c8y> (pid 16114)
2022-04-07 17:29:18,869 INFO  Executed sudo<tedge_disconnect_c8y>, exit status 0
2022-04-07 17:29:18,872 DEBUG Process parameters for systemctl<serv_mapper5>
  command line : /usr/bin/systemctl status tedge-mapper-c8y
    arg #1     : status
    arg #2     : tedge-mapper-c8y
  working dir  : /home/pi/actions-runner/_work/thin-edge.io/thin-edge.io/tests/PySys/software_management_end_to_end/sm_apt_install_remove_default/Output/linux
  stdout       : /home/pi/actions-runner/_work/thin-edge.io/thin-edge.io/tests/PySys/software_management_end_to_end/sm_apt_install_remove_default/Output/linux/serv_mapper5.out
  stderr       : /home/pi/actions-runner/_work/thin-edge.io/thin-edge.io/tests/PySys/software_management_end_to_end/sm_apt_install_remove_default/Output/linux/serv_mapper5.err
  environment  : LD_LIBRARY_PATH=/usr/lib
  environment  : PATH=/bin:/usr/bin:/usr/sbin:/usr/local/bin
                   #1  /bin
                   #2  /usr/bin
                   #3  /usr/sbin
                   #4  /usr/local/bin
2022-04-07 17:29:18,884 DEBUG Waiting up to 600 secs for process systemctl<serv_mapper5> (pid 16155)
2022-04-07 17:29:19,492 INFO  Executed systemctl<serv_mapper5>, exit status 3
2022-04-07 17:29:19,494 DEBUG ProcessUser cleanup function done.
2022-04-07 17:29:19,497 INFO  
2022-04-07 17:29:19,498 INFO  Test duration: 161.12 secs
2022-04-07 17:29:19,499 INFO  Test final outcome:  PASSED
2022-04-07 17:29:19,500 INFO  
