2022-05-10 13:41:46,092 INFO  ==============================================================
2022-05-10 13:41:46,093 INFO  Id:    apt_update_list
2022-05-10 13:41:46,094 INFO  Dir:   plugin_apt/
2022-05-10 13:41:46,096 INFO  Title: Validate apt plugin update-list command use case
2022-05-10 13:41:46,097 INFO  ==============================================================
2022-05-10 13:41:53,490 INFO  Executed sudo, exit status 0
2022-05-10 13:41:58,257 INFO  Executed sudo, exit status 0
2022-05-10 13:42:12,745 INFO  Executed sudo, exit status 0, duration 14 secs
2022-05-10 13:42:18,415 INFO  Executed sudo<outp_check_0>, exit status 0
2022-05-10 13:42:18,417 INFO  Assert that (value==0) with value=0 ... passed
2022-05-10 13:42:18,423 INFO  Grep on file outp_check_0.out ... passed
2022-05-10 13:42:21,046 INFO  Executed sudo<outp_check_1>, exit status 0
2022-05-10 13:42:21,048 INFO  Assert that (value==0) with value=0 ... passed
2022-05-10 13:42:21,054 INFO  Grep on file outp_check_1.out ... passed
2022-05-10 13:42:23,626 INFO  Executed sudo<outp_check_2>, exit status 0
2022-05-10 13:42:23,628 INFO  Assert that (value==0) with value=0 ... passed
2022-05-10 13:42:23,635 INFO  Grep on file outp_check_2.out ... passed
2022-05-10 13:43:14,516 INFO  Executed sudo<outp_check_3>, exit status 0
2022-05-10 13:43:14,519 INFO  Assert that (value==0) with value=0 ... passed
2022-05-10 13:43:14,524 INFO  Grep on file outp_check_3.out ... passed
2022-05-10 13:43:17,652 INFO  Executed sudo<outp_check_4>, exit status 0
2022-05-10 13:43:17,654 INFO  Assert that (value==0) with value=0 ... passed
2022-05-10 13:43:17,660 INFO  Grep on file outp_check_4.out ... passed
2022-05-10 13:43:20,283 INFO  Executed sudo<outp_check_5>, exit status 0
2022-05-10 13:43:20,285 INFO  Assert that (value==0) with value=0 ... passed
2022-05-10 13:43:20,291 INFO  Grep on file outp_check_5.out ... passed
2022-05-10 13:43:20,298 INFO  
2022-05-10 13:43:20,298 INFO  cleanup:
2022-05-10 13:43:34,334 INFO  Executed sudo, exit status 0, duration 14 secs
2022-05-10 13:43:41,859 INFO  Executed sudo, exit status 0
2022-05-10 13:43:56,541 INFO  Executed sudo, exit status 0, duration 14 secs
2022-05-10 13:43:56,548 INFO  
2022-05-10 13:43:56,549 INFO  Test duration: 130.46 secs
2022-05-10 13:43:56,551 INFO  Test final outcome:  PASSED
2022-05-10 13:43:56,552 INFO  
