2022-04-07 17:37:23,190 INFO  ==============================================================
2022-04-07 17:37:23,191 INFO  Id:    SoftwareManagement.sm_fake_install_remove
2022-04-07 17:37:23,192 INFO  Dir:   software_management_end_to_end/
2022-04-07 17:37:23,194 INFO  Title: Validate end to end behaviour for the dummy plugin for installation and removal of packages
2022-04-07 17:37:23,194 DEBUG Execution order hint: 0.0
2022-04-07 17:37:23,195 INFO  ==============================================================
2022-04-07 17:37:23,202 INFO  Using sw id database: {'asciijump': '5475369', 'robotfindskitten': '5474869', 'squirrel3': '5475279', 'rolldice': '5152439', 'moon-buggy': '5439204', 'apple': '5495053', 'banana': '5494888', 'cherry': '5495382', 'watermelon': '5494510', 'registry': '8018911', 'hello-world': '8021526', 'docker/getting-started': '8021973', 'alpine': '7991792'}
2022-04-07 17:37:23,203 DEBUG EnvironmentC8y Setup
2022-04-07 17:37:23,204 INFO  EnvironmentC8y Setup
2022-04-07 17:37:23,206 DEBUG Process parameters for systemctl<serv_mapper1>
  command line : /usr/bin/systemctl status tedge-mapper-c8y
    arg #1     : status
    arg #2     : tedge-mapper-c8y
  working dir  : /home/pi/actions-runner/_work/thin-edge.io/thin-edge.io/tests/PySys/software_management_end_to_end/sm_fake_install_remove/Output/linux
  stdout       : /home/pi/actions-runner/_work/thin-edge.io/thin-edge.io/tests/PySys/software_management_end_to_end/sm_fake_install_remove/Output/linux/serv_mapper1.out
  stderr       : /home/pi/actions-runner/_work/thin-edge.io/thin-edge.io/tests/PySys/software_management_end_to_end/sm_fake_install_remove/Output/linux/serv_mapper1.err
  environment  : LD_LIBRARY_PATH=/usr/lib
  environment  : PATH=/bin:/usr/bin:/usr/sbin:/usr/local/bin
                   #1  /bin
                   #2  /usr/bin
                   #3  /usr/sbin
                   #4  /usr/local/bin
2022-04-07 17:37:23,214 DEBUG Waiting up to 600 secs for process systemctl<serv_mapper1> (pid 15045)
2022-04-07 17:37:23,774 INFO  Executed systemctl<serv_mapper1>, exit status 3
2022-04-07 17:37:23,889 INFO  Restarting mosquitto too frequently in the last 10 seconds. It was only up for 5 seconds
2022-04-07 17:37:23,890 INFO  Delaying execution by 6 seconds
2022-04-07 17:37:29,899 DEBUG Process parameters for sudo<tedge_connect_c8y>
  command line : /usr/bin/sudo /usr/bin/tedge connect c8y
    arg #1     : /usr/bin/tedge
    arg #2     : connect
    arg #3     : c8y
  working dir  : /home/pi/actions-runner/_work/thin-edge.io/thin-edge.io/tests/PySys/software_management_end_to_end/sm_fake_install_remove/Output/linux
  stdout       : /home/pi/actions-runner/_work/thin-edge.io/thin-edge.io/tests/PySys/software_management_end_to_end/sm_fake_install_remove/Output/linux/tedge_connect_c8y.out
  stderr       : /home/pi/actions-runner/_work/thin-edge.io/thin-edge.io/tests/PySys/software_management_end_to_end/sm_fake_install_remove/Output/linux/tedge_connect_c8y.err
  environment  : LD_LIBRARY_PATH=/usr/lib
  environment  : PATH=/bin:/usr/bin:/usr/sbin:/usr/local/bin
                   #1  /bin
                   #2  /usr/bin
                   #3  /usr/sbin
                   #4  /usr/local/bin
2022-04-07 17:37:29,908 DEBUG Waiting up to 600 secs for process sudo<tedge_connect_c8y> (pid 15050)
2022-04-07 17:37:43,756 INFO  Executed sudo<tedge_connect_c8y>, exit status 0, duration 13 secs
2022-04-07 17:37:43,764 DEBUG Process parameters for sudo<tedge_connect_c8y_test>
  command line : /usr/bin/sudo /usr/bin/tedge connect c8y --test
    arg #1     : /usr/bin/tedge
    arg #2     : connect
    arg #3     : c8y
    arg #4     : --test
  working dir  : /home/pi/actions-runner/_work/thin-edge.io/thin-edge.io/tests/PySys/software_management_end_to_end/sm_fake_install_remove/Output/linux
  stdout       : /home/pi/actions-runner/_work/thin-edge.io/thin-edge.io/tests/PySys/software_management_end_to_end/sm_fake_install_remove/Output/linux/tedge_connect_c8y_test.out
  stderr       : /home/pi/actions-runner/_work/thin-edge.io/thin-edge.io/tests/PySys/software_management_end_to_end/sm_fake_install_remove/Output/linux/tedge_connect_c8y_test.err
  environment  : LD_LIBRARY_PATH=/usr/lib
  environment  : PATH=/bin:/usr/bin:/usr/sbin:/usr/local/bin
                   #1  /bin
                   #2  /usr/bin
                   #3  /usr/sbin
                   #4  /usr/local/bin
2022-04-07 17:37:43,772 DEBUG Waiting up to 600 secs for process sudo<tedge_connect_c8y_test> (pid 15161)
2022-04-07 17:37:44,384 INFO  Executed sudo<tedge_connect_c8y_test>, exit status 0
2022-04-07 17:37:44,388 DEBUG Process parameters for systemctl<serv_mosq2>
  command line : /usr/bin/systemctl status mosquitto
    arg #1     : status
    arg #2     : mosquitto
  working dir  : /home/pi/actions-runner/_work/thin-edge.io/thin-edge.io/tests/PySys/software_management_end_to_end/sm_fake_install_remove/Output/linux
  stdout       : /home/pi/actions-runner/_work/thin-edge.io/thin-edge.io/tests/PySys/software_management_end_to_end/sm_fake_install_remove/Output/linux/serv_mosq2.out
  stderr       : /home/pi/actions-runner/_work/thin-edge.io/thin-edge.io/tests/PySys/software_management_end_to_end/sm_fake_install_remove/Output/linux/serv_mosq2.err
  environment  : LD_LIBRARY_PATH=/usr/lib
  environment  : PATH=/bin:/usr/bin:/usr/sbin:/usr/local/bin
                   #1  /bin
                   #2  /usr/bin
                   #3  /usr/sbin
                   #4  /usr/local/bin
2022-04-07 17:37:44,397 DEBUG Waiting up to 600 secs for process systemctl<serv_mosq2> (pid 15189)
2022-04-07 17:37:44,959 INFO  Executed systemctl<serv_mosq2>, exit status 0
2022-04-07 17:37:44,961 DEBUG Process parameters for systemctl<serv_mapper3>
  command line : /usr/bin/systemctl status tedge-mapper-c8y
    arg #1     : status
    arg #2     : tedge-mapper-c8y
  working dir  : /home/pi/actions-runner/_work/thin-edge.io/thin-edge.io/tests/PySys/software_management_end_to_end/sm_fake_install_remove/Output/linux
  stdout       : /home/pi/actions-runner/_work/thin-edge.io/thin-edge.io/tests/PySys/software_management_end_to_end/sm_fake_install_remove/Output/linux/serv_mapper3.out
  stderr       : /home/pi/actions-runner/_work/thin-edge.io/thin-edge.io/tests/PySys/software_management_end_to_end/sm_fake_install_remove/Output/linux/serv_mapper3.err
  environment  : LD_LIBRARY_PATH=/usr/lib
  environment  : PATH=/bin:/usr/bin:/usr/sbin:/usr/local/bin
                   #1  /bin
                   #2  /usr/bin
                   #3  /usr/sbin
                   #4  /usr/local/bin
2022-04-07 17:37:44,969 DEBUG Waiting up to 600 secs for process systemctl<serv_mapper3> (pid 15197)
2022-04-07 17:37:45,427 INFO  Executed systemctl<serv_mapper3>, exit status 0
2022-04-07 17:37:47,453 DEBUG Starting new HTTPS connection (1): thin-edge-io.eu-latest.cumulocity.com:443
2022-04-07 17:37:47,643 DEBUG https://thin-edge-io.eu-latest.cumulocity.com:443 "GET /devicecontrol/operations?deviceId=16980675&pageSize=1&revert=true&dateFrom=1970-01-01T00%3A00%3A00.000Z HTTP/1.1" 200 1372
2022-04-07 17:37:47,656 DEBUG Final URL of the request: https://thin-edge-io.eu-latest.cumulocity.com/devicecontrol/operations?deviceId=16980675&pageSize=1&revert=true&dateFrom=1970-01-01T00%3A00%3A00.000Z
2022-04-07 17:37:47,660 INFO  State of current operation: FAILED
2022-04-07 17:37:47,661 DEBUG Final URL of the request: https://thin-edge-io.eu-latest.cumulocity.com/devicecontrol/operations?deviceId=16980675&pageSize=1&revert=true&dateFrom=1970-01-01T00%3A00%3A00.000Z
2022-04-07 17:37:47,663 DEBUG State of current operation: {
    "delivery": {
        "time": "2022-04-07T17:37:05.196Z",
        "log": [
            {
                "time": "2022-04-07T17:37:05.143Z",
                "status": "PENDING"
            },
            {
                "time": "2022-04-07T17:37:05.161Z",
                "status": "SEND"
            }
        ],
        "status": "DELIVERED"
    },
    "creationTime": "2022-04-07T17:37:05.116Z",
    "deviceId": "16980675",
    "deviceName": "offsite_mythicd",
    "failureReason": "1 error, see device log file /var/log/tedge/agent/software-update-2022-04-07T17:37:08.622249142Z.log",
    "self": "https://t493319102.eu-latest.cumulocity.com/devicecontrol/operations/17009361",
    "id": "17009361",
    "status": "FAILED",
    "description": "Apply software changes, triggered from PySys: [{'action': 'install', 'id': '8021526', 'name': 'hello-world', 'url': '', 'version': '::docker'}, {'action': 'install', 'id': '8018911', 'name': 'registry', 'url': '', 'version': '2.6.2::docker'}]",
    "c8y_SoftwareUpdate": [
        {
            "name": "hello-world",
            "action": "install",
            "id": "8021526",
            "version": "::docker",
            "url": ""
        },
        {
            "name": "registry",
            "action": "install",
            "id": "8018911",
            "version": "2.6.2::docker",
            "url": ""
        }
    ]
}
2022-04-07 17:37:47,679 DEBUG Starting new HTTPS connection (1): thin-edge-io.eu-latest.cumulocity.com:443
2022-04-07 17:37:47,924 DEBUG https://thin-edge-io.eu-latest.cumulocity.com:443 "GET /inventory/managedObjects/16980675 HTTP/1.1" 200 None
2022-04-07 17:37:47,946 INFO  Assert that (False == value) with value=False ... passed
2022-04-07 17:37:47,947 DEBUG --- test execute
2022-04-07 17:37:47,963 DEBUG Starting new HTTPS connection (1): thin-edge-io.eu-latest.cumulocity.com:443
2022-04-07 17:37:48,166 DEBUG https://thin-edge-io.eu-latest.cumulocity.com:443 "POST /devicecontrol/operations HTTP/1.1" 201 561
2022-04-07 17:37:48,181 INFO  Response status: 201
2022-04-07 17:37:48,182 INFO  Response to action: {
    "delivery": {
        "time": "2022-04-07T17:37:48.154Z",
        "log": [],
        "status": "PENDING"
    },
    "creationTime": "2022-04-07T17:37:48.130Z",
    "deviceId": "16980675",
    "deviceName": "offsite_mythicd",
    "self": "https://t493319102.eu-latest.cumulocity.com/devicecontrol/operations/17009365",
    "id": "17009365",
    "status": "PENDING",
    "description": "Apply software changes, triggered from PySys: [{'name': 'watermelon', 'id': '5494510', 'version': '::fruits', 'url': '', 'action': 'install'}]",
    "c8y_SoftwareUpdate": [
        {
            "name": "watermelon",
            "action": "install",
            "id": "5494510",
            "version": "::fruits",
            "url": ""
        }
    ]
}
2022-04-07 17:37:48,183 INFO  Started operation: {'delivery': {'time': '2022-04-07T17:37:48.154Z', 'log': [], 'status': 'PENDING'}, 'creationTime': '2022-04-07T17:37:48.130Z', 'deviceId': '16980675', 'deviceName': 'offsite_mythicd', 'self': 'https://t493319102.eu-latest.cumulocity.com/devicecontrol/operations/17009365', 'id': '17009365', 'status': 'PENDING', 'description': "Apply software changes, triggered from PySys: [{'name': 'watermelon', 'id': '5494510', 'version': '::fruits', 'url': '', 'action': 'install'}]", 'c8y_SoftwareUpdate': [{'name': 'watermelon', 'action': 'install', 'id': '5494510', 'version': '::fruits', 'url': ''}]}
2022-04-07 17:37:50,202 DEBUG Starting new HTTPS connection (1): thin-edge-io.eu-latest.cumulocity.com:443
2022-04-07 17:37:50,383 DEBUG https://thin-edge-io.eu-latest.cumulocity.com:443 "GET /devicecontrol/operations/17009365 HTTP/1.1" 200 638
2022-04-07 17:37:50,399 INFO  State of operation 17009365 : PENDING
2022-04-07 17:37:52,421 DEBUG Starting new HTTPS connection (1): thin-edge-io.eu-latest.cumulocity.com:443
2022-04-07 17:37:52,599 DEBUG https://thin-edge-io.eu-latest.cumulocity.com:443 "GET /devicecontrol/operations/17009365 HTTP/1.1" 200 640
2022-04-07 17:37:52,616 INFO  State of operation 17009365 : EXECUTING
2022-04-07 17:37:54,643 DEBUG Starting new HTTPS connection (1): thin-edge-io.eu-latest.cumulocity.com:443
2022-04-07 17:37:54,843 DEBUG https://thin-edge-io.eu-latest.cumulocity.com:443 "GET /devicecontrol/operations/17009365 HTTP/1.1" 200 640
2022-04-07 17:37:54,863 INFO  State of operation 17009365 : EXECUTING
2022-04-07 17:37:56,881 DEBUG Starting new HTTPS connection (1): thin-edge-io.eu-latest.cumulocity.com:443
2022-04-07 17:37:57,059 DEBUG https://thin-edge-io.eu-latest.cumulocity.com:443 "GET /devicecontrol/operations/17009365 HTTP/1.1" 200 641
2022-04-07 17:37:57,074 INFO  State of operation 17009365 : SUCCESSFUL
2022-04-07 17:37:57,090 DEBUG Starting new HTTPS connection (1): thin-edge-io.eu-latest.cumulocity.com:443
2022-04-07 17:37:57,304 DEBUG https://thin-edge-io.eu-latest.cumulocity.com:443 "GET /inventory/managedObjects/16980675 HTTP/1.1" 200 None
2022-04-07 17:37:57,322 INFO  Package vanilla is installed
2022-04-07 17:37:57,324 INFO  Assert that (True == value) with value=True ... passed
2022-04-07 17:37:57,340 DEBUG Starting new HTTPS connection (1): thin-edge-io.eu-latest.cumulocity.com:443
2022-04-07 17:37:57,552 DEBUG https://thin-edge-io.eu-latest.cumulocity.com:443 "POST /devicecontrol/operations HTTP/1.1" 201 559
2022-04-07 17:37:57,568 INFO  Response status: 201
2022-04-07 17:37:57,570 INFO  Response to action: {
    "delivery": {
        "time": "2022-04-07T17:37:57.541Z",
        "log": [],
        "status": "PENDING"
    },
    "creationTime": "2022-04-07T17:37:57.525Z",
    "deviceId": "16980675",
    "deviceName": "offsite_mythicd",
    "self": "https://t493319102.eu-latest.cumulocity.com/devicecontrol/operations/17009371",
    "id": "17009371",
    "status": "PENDING",
    "description": "Apply software changes, triggered from PySys: [{'name': 'watermelon', 'id': '5494510', 'version': '::fruits', 'url': '', 'action': 'delete'}]",
    "c8y_SoftwareUpdate": [
        {
            "name": "watermelon",
            "action": "delete",
            "id": "5494510",
            "version": "::fruits",
            "url": ""
        }
    ]
}
2022-04-07 17:37:57,571 INFO  Started operation: {'delivery': {'time': '2022-04-07T17:37:57.541Z', 'log': [], 'status': 'PENDING'}, 'creationTime': '2022-04-07T17:37:57.525Z', 'deviceId': '16980675', 'deviceName': 'offsite_mythicd', 'self': 'https://t493319102.eu-latest.cumulocity.com/devicecontrol/operations/17009371', 'id': '17009371', 'status': 'PENDING', 'description': "Apply software changes, triggered from PySys: [{'name': 'watermelon', 'id': '5494510', 'version': '::fruits', 'url': '', 'action': 'delete'}]", 'c8y_SoftwareUpdate': [{'name': 'watermelon', 'action': 'delete', 'id': '5494510', 'version': '::fruits', 'url': ''}]}
2022-04-07 17:37:59,590 DEBUG Starting new HTTPS connection (1): thin-edge-io.eu-latest.cumulocity.com:443
2022-04-07 17:37:59,772 DEBUG https://thin-edge-io.eu-latest.cumulocity.com:443 "GET /devicecontrol/operations/17009371 HTTP/1.1" 200 636
2022-04-07 17:37:59,788 INFO  State of operation 17009371 : PENDING
2022-04-07 17:38:01,808 DEBUG Starting new HTTPS connection (1): thin-edge-io.eu-latest.cumulocity.com:443
2022-04-07 17:38:01,993 DEBUG https://thin-edge-io.eu-latest.cumulocity.com:443 "GET /devicecontrol/operations/17009371 HTTP/1.1" 200 638
2022-04-07 17:38:02,011 INFO  State of operation 17009371 : EXECUTING
2022-04-07 17:38:04,033 DEBUG Starting new HTTPS connection (1): thin-edge-io.eu-latest.cumulocity.com:443
2022-04-07 17:38:04,238 DEBUG https://thin-edge-io.eu-latest.cumulocity.com:443 "GET /devicecontrol/operations/17009371 HTTP/1.1" 200 638
2022-04-07 17:38:04,257 INFO  State of operation 17009371 : EXECUTING
2022-04-07 17:38:06,294 DEBUG Starting new HTTPS connection (1): thin-edge-io.eu-latest.cumulocity.com:443
2022-04-07 17:38:06,478 DEBUG https://thin-edge-io.eu-latest.cumulocity.com:443 "GET /devicecontrol/operations/17009371 HTTP/1.1" 200 639
2022-04-07 17:38:06,493 INFO  State of operation 17009371 : SUCCESSFUL
2022-04-07 17:38:06,495 DEBUG --- test validate
2022-04-07 17:38:06,511 DEBUG Starting new HTTPS connection (1): thin-edge-io.eu-latest.cumulocity.com:443
2022-04-07 17:38:06,711 DEBUG https://thin-edge-io.eu-latest.cumulocity.com:443 "GET /inventory/managedObjects/16980675 HTTP/1.1" 200 None
2022-04-07 17:38:06,730 INFO  Assert that (False == value) with value=False ... passed
2022-04-07 17:38:06,738 DEBUG --- test cleanup
2022-04-07 17:38:06,739 INFO  
2022-04-07 17:38:06,740 INFO  cleanup:
2022-04-07 17:38:06,740 DEBUG Running registered cleanup function: <bound method SoftwareManagement.mysmcleanup of <PySysTest object at 0x75c334f0>>
2022-04-07 17:38:06,741 DEBUG Running registered cleanup function: <bound method EnvironmentC8y.myenvcleanup of <PySysTest object at 0x75c334f0>>
2022-04-07 17:38:06,742 DEBUG EnvironmentC8y Cleanup
2022-04-07 17:38:06,856 DEBUG Process parameters for sudo<tedge_disconnect_c8y>
  command line : /usr/bin/sudo /usr/bin/tedge disconnect c8y
    arg #1     : /usr/bin/tedge
    arg #2     : disconnect
    arg #3     : c8y
  working dir  : /home/pi/actions-runner/_work/thin-edge.io/thin-edge.io/tests/PySys/software_management_end_to_end/sm_fake_install_remove/Output/linux
  stdout       : /home/pi/actions-runner/_work/thin-edge.io/thin-edge.io/tests/PySys/software_management_end_to_end/sm_fake_install_remove/Output/linux/tedge_disconnect_c8y.out
  stderr       : /home/pi/actions-runner/_work/thin-edge.io/thin-edge.io/tests/PySys/software_management_end_to_end/sm_fake_install_remove/Output/linux/tedge_disconnect_c8y.err
  environment  : LD_LIBRARY_PATH=/usr/lib
  environment  : PATH=/bin:/usr/bin:/usr/sbin:/usr/local/bin
                   #1  /bin
                   #2  /usr/bin
                   #3  /usr/sbin
                   #4  /usr/local/bin
2022-04-07 17:38:06,865 DEBUG Waiting up to 600 secs for process sudo<tedge_disconnect_c8y> (pid 15371)
2022-04-07 17:38:10,667 INFO  Executed sudo<tedge_disconnect_c8y>, exit status 0
2022-04-07 17:38:10,670 DEBUG Process parameters for systemctl<serv_mapper5>
  command line : /usr/bin/systemctl status tedge-mapper-c8y
    arg #1     : status
    arg #2     : tedge-mapper-c8y
  working dir  : /home/pi/actions-runner/_work/thin-edge.io/thin-edge.io/tests/PySys/software_management_end_to_end/sm_fake_install_remove/Output/linux
  stdout       : /home/pi/actions-runner/_work/thin-edge.io/thin-edge.io/tests/PySys/software_management_end_to_end/sm_fake_install_remove/Output/linux/serv_mapper5.out
  stderr       : /home/pi/actions-runner/_work/thin-edge.io/thin-edge.io/tests/PySys/software_management_end_to_end/sm_fake_install_remove/Output/linux/serv_mapper5.err
  environment  : LD_LIBRARY_PATH=/usr/lib
  environment  : PATH=/bin:/usr/bin:/usr/sbin:/usr/local/bin
                   #1  /bin
                   #2  /usr/bin
                   #3  /usr/sbin
                   #4  /usr/local/bin
2022-04-07 17:38:10,678 DEBUG Waiting up to 600 secs for process systemctl<serv_mapper5> (pid 15411)
2022-04-07 17:38:11,235 INFO  Executed systemctl<serv_mapper5>, exit status 3
2022-04-07 17:38:11,236 DEBUG ProcessUser cleanup function done.
2022-04-07 17:38:11,239 INFO  
2022-04-07 17:38:11,240 INFO  Test duration: 48.06 secs
2022-04-07 17:38:11,241 INFO  Test final outcome:  PASSED
2022-04-07 17:38:11,242 INFO  
