2022-04-12 09:01:43,451 INFO  ==============================================================
2022-04-12 09:01:43,453 INFO  Id:    apt_prepare_install_finalize
2022-04-12 09:01:43,454 INFO  Dir:   plugin_apt/
2022-04-12 09:01:43,455 INFO  Title: Validate apt plugin install use case
2022-04-12 09:01:43,455 INFO  ==============================================================
2022-04-12 09:01:50,851 INFO  Executed sudo, exit status 0
2022-04-12 09:01:53,525 INFO  Executed sudo<outp_check_0>, exit status 0
2022-04-12 09:01:53,527 INFO  Assert that (value==0) with value=0 ... passed
2022-04-12 09:01:53,533 INFO  Grep on file outp_check_0.out ... passed
2022-04-12 09:02:11,484 INFO  Executed sudo<outp_prepare>, exit status 0, duration 17 secs
2022-04-12 09:02:11,487 INFO  Assert that (value==0) with value=0 ... passed
2022-04-12 09:02:55,374 INFO  Executed sudo<outp_install>, exit status 0, duration 43 secs
2022-04-12 09:02:55,377 INFO  Assert that (value==0) with value=0 ... passed
2022-04-12 09:03:02,809 INFO  Executed sudo<outp_finalize>, exit status 0
2022-04-12 09:03:02,811 INFO  Assert that (value==0) with value=0 ... passed
2022-04-12 09:03:05,433 INFO  Executed sudo<outp_check_1>, exit status 0
2022-04-12 09:03:05,435 INFO  Assert that (value==0) with value=0 ... passed
2022-04-12 09:03:05,441 INFO  Grep on file outp_check_1.out ... passed
2022-04-12 09:03:05,447 INFO  
2022-04-12 09:03:05,448 INFO  cleanup:
2022-04-12 09:03:19,043 INFO  Executed sudo, exit status 0, duration 13 secs
2022-04-12 09:03:19,046 INFO  
2022-04-12 09:03:19,047 INFO  Test duration: 95.60 secs
2022-04-12 09:03:19,048 INFO  Test final outcome:  PASSED
2022-04-12 09:03:19,049 INFO  
