2022-05-23 09:22:26,675 INFO  ==============================================================
2022-05-23 09:22:26,675 INFO  Id:    apt_prepare_install_finalize
2022-05-23 09:22:26,675 INFO  Dir:   plugin_apt/
2022-05-23 09:22:26,675 INFO  Title: Validate apt plugin install use case
2022-05-23 09:22:26,675 INFO  ==============================================================
2022-05-23 09:22:27,279 INFO  Executed sudo, exit status 0
2022-05-23 09:22:27,783 INFO  Executed sudo<outp_check_0>, exit status 0
2022-05-23 09:22:27,784 INFO  Assert that (value==0) with value=0 ... passed
2022-05-23 09:22:27,784 INFO  Grep on file outp_check_0.out ... passed
2022-05-23 09:22:30,198 INFO  Executed sudo<outp_prepare>, exit status 0
2022-05-23 09:22:30,198 INFO  Assert that (value==0) with value=0 ... passed
2022-05-23 09:22:34,815 INFO  Executed sudo<outp_install>, exit status 0
2022-05-23 09:22:34,815 INFO  Assert that (value==0) with value=0 ... passed
2022-05-23 09:22:35,620 INFO  Executed sudo<outp_finalize>, exit status 0
2022-05-23 09:22:35,620 INFO  Assert that (value==0) with value=0 ... passed
2022-05-23 09:22:36,024 INFO  Executed sudo<outp_check_1>, exit status 0
2022-05-23 09:22:36,024 INFO  Assert that (value==0) with value=0 ... passed
2022-05-23 09:22:36,025 INFO  Grep on file outp_check_1.out ... passed
2022-05-23 09:22:36,025 INFO  
2022-05-23 09:22:36,025 INFO  cleanup:
2022-05-23 09:22:41,444 INFO  Executed sudo, exit status 0
2022-05-23 09:22:41,445 INFO  
2022-05-23 09:22:41,445 INFO  Test duration: 14.77 secs
2022-05-23 09:22:41,446 INFO  Test final outcome:  PASSED
2022-05-23 09:22:41,446 INFO  
