2022-05-23 09:30:26,218 INFO  ==============================================================
2022-05-23 09:30:26,219 INFO  Id:    apt_finalize
2022-05-23 09:30:26,220 INFO  Dir:   plugin_apt/
2022-05-23 09:30:26,221 INFO  Title: Validate apt plugin finalize - dense version
2022-05-23 09:30:26,222 INFO  ==============================================================
2022-05-23 09:31:07,705 INFO  Executed sudo<outp_remove>, exit status 0, duration 41 secs
2022-05-23 09:31:07,709 INFO  Assert that (value==0) with value=0 ... passed
2022-05-23 09:31:23,402 INFO  Executed sudo<outp_remove>, exit status 0, duration 15 secs
2022-05-23 09:31:23,405 INFO  Assert that (value==0) with value=0 ... passed
2022-05-23 09:31:28,938 INFO  Executed sudo<outp_check_0>, exit status 0
2022-05-23 09:31:28,940 INFO  Assert that (value==0) with value=0 ... passed
2022-05-23 09:31:28,950 INFO  Grep on file outp_check_0.out ... passed
2022-05-23 09:31:29,411 INFO  Executed dpkg-query<outp_check_0>, exit status 1
2022-05-23 09:32:12,359 INFO  Executed sudo<outp_install>, exit status 0, duration 42 secs
2022-05-23 09:32:12,362 INFO  Assert that (value==0) with value=0 ... passed
2022-05-23 09:32:17,970 INFO  Executed sudo<outp_check_1>, exit status 0
2022-05-23 09:32:17,972 INFO  Assert that (value==0) with value=0 ... passed
2022-05-23 09:32:17,978 INFO  Grep on file outp_check_1.out ... passed
2022-05-23 09:32:18,439 INFO  Executed dpkg-query<outp_check_1>, exit status 0
2022-05-23 09:32:33,836 INFO  Executed sudo<outp_remove>, exit status 0, duration 15 secs
2022-05-23 09:32:33,839 INFO  Assert that (value==0) with value=0 ... passed
2022-05-23 09:32:39,251 INFO  Executed sudo<outp_check_2>, exit status 0
2022-05-23 09:32:39,253 INFO  Assert that (value==0) with value=0 ... passed
2022-05-23 09:32:39,260 INFO  Grep on file outp_check_2.out ... passed
2022-05-23 09:32:39,722 INFO  Executed dpkg-query<outp_check_2>, exit status 0
2022-05-23 09:32:52,687 INFO  Executed sudo<outp_finalize>, exit status 0, duration 12 secs
2022-05-23 09:32:52,689 INFO  Assert that (value==0) with value=0 ... passed
2022-05-23 09:32:58,282 INFO  Executed sudo<outp_check_3>, exit status 0
2022-05-23 09:32:58,285 INFO  Assert that (value==0) with value=0 ... passed
2022-05-23 09:32:58,290 INFO  Grep on file outp_check_3.out ... passed
2022-05-23 09:32:58,751 INFO  Executed dpkg-query<outp_check_3>, exit status 1
2022-05-23 09:32:58,758 INFO  
2022-05-23 09:32:58,759 INFO  cleanup:
2022-05-23 09:32:58,763 INFO  
2022-05-23 09:32:58,763 INFO  Test duration: 152.55 secs
2022-05-23 09:32:58,765 INFO  Test final outcome:  PASSED
2022-05-23 09:32:58,766 INFO  
