2022-05-10 14:12:43,713 INFO  ==============================================================
2022-05-10 14:12:43,714 INFO  Id:    SoftwareManagement.sm_apt_install_fail
2022-05-10 14:12:43,715 INFO  Dir:   software_management_end_to_end/
2022-05-10 14:12:43,716 INFO  Title: Validate end to end behaviour for a failing installation
2022-05-10 14:12:43,717 INFO  ==============================================================
2022-05-10 14:12:43,723 INFO  Using sw id database: {'asciijump': '5475369', 'robotfindskitten': '5474869', 'squirrel3': '5475279', 'rolldice': '5152439', 'moon-buggy': '5439204', 'apple': '5495053', 'banana': '5494888', 'cherry': '5495382', 'watermelon': '5494510', 'registry': '8018911', 'hello-world': '8021526', 'docker/getting-started': '8021973', 'alpine': '7991792'}
2022-05-10 14:12:43,724 INFO  EnvironmentC8y Setup
2022-05-10 14:12:44,286 INFO  Executed systemctl<serv_mapper1>, exit status 3
2022-05-10 14:12:44,398 INFO  Restarting mosquitto too frequently in the last 10 seconds. It was only up for 5 seconds
2022-05-10 14:12:44,400 INFO  Delaying execution by 6 seconds
2022-05-10 14:13:04,300 INFO  Executed sudo<tedge_connect_c8y>, exit status 0, duration 13 secs
2022-05-10 14:13:04,922 INFO  Executed sudo<tedge_connect_c8y_test>, exit status 0
2022-05-10 14:13:05,396 INFO  Executed systemctl<serv_mosq2>, exit status 0
2022-05-10 14:13:05,859 INFO  Executed systemctl<serv_mapper3>, exit status 0
2022-05-10 14:13:08,110 INFO  State of current operation: FAILED
2022-05-10 14:13:08,356 INFO  Response status: 201
2022-05-10 14:13:08,357 INFO  Response to action: {
    "creationTime": "2022-05-10T14:13:08.307Z",
    "deviceName": "mythicb",
    "deviceId": "18672401",
    "self": "https://t493319102.eu-latest.cumulocity.com/devicecontrol/operations/18685605",
    "id": "18685605",
    "status": "PENDING",
    "description": "Apply software changes, triggered from PySys: [{'name': 'does_not_exist', 'id': '5446165', 'version': '::apt', 'url': '', 'action': 'install'}]",
    "c8y_SoftwareUpdate": [
        {
            "name": "does_not_exist",
            "action": "install",
            "id": "5446165",
            "version": "::apt",
            "url": ""
        }
    ]
}
2022-05-10 14:13:08,358 INFO  Started operation: {'creationTime': '2022-05-10T14:13:08.307Z', 'deviceName': 'mythicb', 'deviceId': '18672401', 'self': 'https://t493319102.eu-latest.cumulocity.com/devicecontrol/operations/18685605', 'id': '18685605', 'status': 'PENDING', 'description': "Apply software changes, triggered from PySys: [{'name': 'does_not_exist', 'id': '5446165', 'version': '::apt', 'url': '', 'action': 'install'}]", 'c8y_SoftwareUpdate': [{'name': 'does_not_exist', 'action': 'install', 'id': '5446165', 'version': '::apt', 'url': ''}]}
2022-05-10 14:13:10,570 INFO  State of operation 18685605 : PENDING
2022-05-10 14:13:12,792 INFO  State of operation 18685605 : EXECUTING
2022-05-10 14:13:15,085 INFO  State of operation 18685605 : EXECUTING
2022-05-10 14:13:17,341 INFO  State of operation 18685605 : EXECUTING
2022-05-10 14:13:19,620 INFO  State of operation 18685605 : EXECUTING
2022-05-10 14:13:21,859 INFO  State of operation 18685605 : EXECUTING
2022-05-10 14:13:24,085 INFO  State of operation 18685605 : EXECUTING
2022-05-10 14:13:26,481 INFO  State of operation 18685605 : EXECUTING
2022-05-10 14:13:28,867 INFO  State of operation 18685605 : EXECUTING
2022-05-10 14:13:31,995 INFO  State of operation 18685605 : EXECUTING
2022-05-10 14:13:34,407 INFO  State of operation 18685605 : EXECUTING
2022-05-10 14:13:36,618 INFO  State of operation 18685605 : EXECUTING
2022-05-10 14:13:38,951 INFO  State of operation 18685605 : EXECUTING
2022-05-10 14:13:41,302 INFO  State of operation 18685605 : EXECUTING
2022-05-10 14:13:43,518 INFO  State of operation 18685605 : EXECUTING
2022-05-10 14:13:45,732 INFO  State of operation 18685605 : EXECUTING
2022-05-10 14:13:48,079 INFO  State of operation 18685605 : FAILED
2022-05-10 14:13:48,383 INFO  Assert that (False == value) with value=False ... passed
2022-05-10 14:13:48,396 INFO  
2022-05-10 14:13:48,398 INFO  cleanup:
2022-05-10 14:13:52,746 INFO  Executed sudo<tedge_disconnect_c8y>, exit status 0
2022-05-10 14:13:53,360 INFO  Executed systemctl<serv_mapper5>, exit status 3
2022-05-10 14:13:53,364 INFO  
2022-05-10 14:13:53,365 INFO  Test duration: 69.66 secs
2022-05-10 14:13:53,366 INFO  Test final outcome:  PASSED
2022-05-10 14:13:53,367 INFO  
