2022-05-10 13:33:15,567 INFO  ==============================================================
2022-05-10 13:33:15,568 INFO  Id:    apt_prepare_install_finalize
2022-05-10 13:33:15,569 INFO  Dir:   plugin_apt/
2022-05-10 13:33:15,570 INFO  Title: Validate apt plugin install use case
2022-05-10 13:33:15,571 INFO  ==============================================================
2022-05-10 13:33:22,986 INFO  Executed sudo, exit status 0
2022-05-10 13:33:25,715 INFO  Executed sudo<outp_check_0>, exit status 0
2022-05-10 13:33:25,717 INFO  Assert that (value==0) with value=0 ... passed
2022-05-10 13:33:25,722 INFO  Grep on file outp_check_0.out ... passed
2022-05-10 13:33:44,072 INFO  Executed sudo<outp_prepare>, exit status 0, duration 18 secs
2022-05-10 13:33:44,075 INFO  Assert that (value==0) with value=0 ... passed
2022-05-10 13:34:29,586 INFO  Executed sudo<outp_install>, exit status 0, duration 45 secs
2022-05-10 13:34:29,590 INFO  Assert that (value==0) with value=0 ... passed
2022-05-10 13:34:37,297 INFO  Executed sudo<outp_finalize>, exit status 0
2022-05-10 13:34:37,299 INFO  Assert that (value==0) with value=0 ... passed
2022-05-10 13:34:39,871 INFO  Executed sudo<outp_check_1>, exit status 0
2022-05-10 13:34:39,873 INFO  Assert that (value==0) with value=0 ... passed
2022-05-10 13:34:39,879 INFO  Grep on file outp_check_1.out ... passed
2022-05-10 13:34:39,891 INFO  
2022-05-10 13:34:39,892 INFO  cleanup:
2022-05-10 13:34:53,215 INFO  Executed sudo, exit status 0, duration 13 secs
2022-05-10 13:34:53,219 INFO  
2022-05-10 13:34:53,219 INFO  Test duration: 97.66 secs
2022-05-10 13:34:53,221 INFO  Test final outcome:  PASSED
2022-05-10 13:34:53,222 INFO  
