2022-04-08 10:39:32,306 INFO  ==============================================================
2022-04-08 10:39:32,307 INFO  Id:    docker_plugin_remove
2022-04-08 10:39:32,308 INFO  Dir:   plugin_docker/
2022-04-08 10:39:32,309 INFO  Title: Validate docker plugin remove
2022-04-08 10:39:32,310 DEBUG Execution order hint: 0.0
2022-04-08 10:39:32,310 INFO  ==============================================================
2022-04-08 10:39:32,331 DEBUG Process parameters for sudo<docker_images>
  command line : /usr/bin/sudo docker images
    arg #1     : docker
    arg #2     : images
  working dir  : /home/pi/actions-runner/_work/thin-edge.io/thin-edge.io/tests/PySys/plugin_docker/docker_plugin_remove/Output/linux
  stdout       : /home/pi/actions-runner/_work/thin-edge.io/thin-edge.io/tests/PySys/plugin_docker/docker_plugin_remove/Output/linux/docker_images.out
  stderr       : /home/pi/actions-runner/_work/thin-edge.io/thin-edge.io/tests/PySys/plugin_docker/docker_plugin_remove/Output/linux/docker_images.err
  environment  : LD_LIBRARY_PATH=/usr/lib
  environment  : PATH=/bin:/usr/bin:/usr/sbin:/usr/local/bin
                   #1  /bin
                   #2  /usr/bin
                   #3  /usr/sbin
                   #4  /usr/local/bin
2022-04-08 10:39:32,338 DEBUG Waiting up to 600 secs for process sudo<docker_images> (pid 4478)
2022-04-08 10:39:33,095 INFO  Executed sudo<docker_images>, exit status 0
2022-04-08 10:39:33,097 DEBUG Performing regex contains=False grep on file: /home/pi/actions-runner/_work/thin-edge.io/thin-edge.io/tests/PySys/plugin_docker/docker_plugin_remove/Output/linux/docker_images.out
2022-04-08 10:39:33,101 INFO  Grep on file /home/pi/actions-runner/_work/thin-edge.io/thin-edge.io/tests/PySys/plugin_docker/docker_plugin_remove/Output/linux/docker_images.out ... passed
2022-04-08 10:39:33,103 DEBUG Process parameters for sudo<docker_run>
  command line : /usr/bin/sudo docker run -d registry
    arg #1     : docker
    arg #2     : run
    arg #3     : -d
    arg #4     : registry
  working dir  : /home/pi/actions-runner/_work/thin-edge.io/thin-edge.io/tests/PySys/plugin_docker/docker_plugin_remove/Output/linux
  stdout       : /home/pi/actions-runner/_work/thin-edge.io/thin-edge.io/tests/PySys/plugin_docker/docker_plugin_remove/Output/linux/docker_run.out
  stderr       : /home/pi/actions-runner/_work/thin-edge.io/thin-edge.io/tests/PySys/plugin_docker/docker_plugin_remove/Output/linux/docker_run.err
  environment  : LD_LIBRARY_PATH=/usr/lib
  environment  : PATH=/bin:/usr/bin:/usr/sbin:/usr/local/bin
                   #1  /bin
                   #2  /usr/bin
                   #3  /usr/sbin
                   #4  /usr/local/bin
2022-04-08 10:39:33,110 DEBUG Waiting up to 600 secs for process sudo<docker_run> (pid 4488)
2022-04-08 10:39:54,975 INFO  Executed sudo<docker_run>, exit status 0, duration 21 secs
2022-04-08 10:39:54,983 DEBUG Process parameters for sudo<docker_ps>
  command line : /usr/bin/sudo docker ps
    arg #1     : docker
    arg #2     : ps
  working dir  : /home/pi/actions-runner/_work/thin-edge.io/thin-edge.io/tests/PySys/plugin_docker/docker_plugin_remove/Output/linux
  stdout       : /home/pi/actions-runner/_work/thin-edge.io/thin-edge.io/tests/PySys/plugin_docker/docker_plugin_remove/Output/linux/docker_ps.out
  stderr       : /home/pi/actions-runner/_work/thin-edge.io/thin-edge.io/tests/PySys/plugin_docker/docker_plugin_remove/Output/linux/docker_ps.err
  environment  : LD_LIBRARY_PATH=/usr/lib
  environment  : PATH=/bin:/usr/bin:/usr/sbin:/usr/local/bin
                   #1  /bin
                   #2  /usr/bin
                   #3  /usr/sbin
                   #4  /usr/local/bin
2022-04-08 10:39:54,990 DEBUG Waiting up to 600 secs for process sudo<docker_ps> (pid 4674)
2022-04-08 10:39:55,899 INFO  Executed sudo<docker_ps>, exit status 0
2022-04-08 10:39:55,900 DEBUG Performing regex contains=True grep on file: /home/pi/actions-runner/_work/thin-edge.io/thin-edge.io/tests/PySys/plugin_docker/docker_plugin_remove/Output/linux/docker_ps.out
2022-04-08 10:39:55,904 DEBUG Grep on file /home/pi/actions-runner/_work/thin-edge.io/thin-edge.io/tests/PySys/plugin_docker/docker_plugin_remove/Output/linux/docker_ps.out successfully matched expression "registry" with line: '27de7548e659        registry            "/entrypoint.sh /etc…"   3 seconds ago       Up Less than a second   5000/tcp            lucid_hugle\n'
2022-04-08 10:39:55,906 INFO  Grep on file /home/pi/actions-runner/_work/thin-edge.io/thin-edge.io/tests/PySys/plugin_docker/docker_plugin_remove/Output/linux/docker_ps.out ... passed
2022-04-08 10:39:55,907 DEBUG --- test execute
2022-04-08 10:39:55,908 DEBUG Process parameters for sudo<plugin_remove>
  command line : /usr/bin/sudo /etc/tedge/sm-plugins/docker remove registry
    arg #1     : /etc/tedge/sm-plugins/docker
    arg #2     : remove
    arg #3     : registry
  working dir  : /home/pi/actions-runner/_work/thin-edge.io/thin-edge.io/tests/PySys/plugin_docker/docker_plugin_remove/Output/linux
  stdout       : /home/pi/actions-runner/_work/thin-edge.io/thin-edge.io/tests/PySys/plugin_docker/docker_plugin_remove/Output/linux/plugin_remove.out
  stderr       : /home/pi/actions-runner/_work/thin-edge.io/thin-edge.io/tests/PySys/plugin_docker/docker_plugin_remove/Output/linux/plugin_remove.err
  environment  : LD_LIBRARY_PATH=/usr/lib
  environment  : PATH=/bin:/usr/bin:/usr/sbin:/usr/local/bin
                   #1  /bin
                   #2  /usr/bin
                   #3  /usr/sbin
                   #4  /usr/local/bin
2022-04-08 10:39:55,915 DEBUG Waiting up to 600 secs for process sudo<plugin_remove> (pid 4684)
2022-04-08 10:39:59,494 INFO  Executed sudo<plugin_remove>, exit status 0
2022-04-08 10:39:59,496 DEBUG Process parameters for sudo<docker_ps_latest>
  command line : /usr/bin/sudo docker ps -q --latest
    arg #1     : docker
    arg #2     : ps
    arg #3     : -q
    arg #4     : --latest
  working dir  : /home/pi/actions-runner/_work/thin-edge.io/thin-edge.io/tests/PySys/plugin_docker/docker_plugin_remove/Output/linux
  stdout       : /home/pi/actions-runner/_work/thin-edge.io/thin-edge.io/tests/PySys/plugin_docker/docker_plugin_remove/Output/linux/docker_ps_latest.out
  stderr       : /home/pi/actions-runner/_work/thin-edge.io/thin-edge.io/tests/PySys/plugin_docker/docker_plugin_remove/Output/linux/docker_ps_latest.err
  environment  : LD_LIBRARY_PATH=/usr/lib
  environment  : PATH=/bin:/usr/bin:/usr/sbin:/usr/local/bin
                   #1  /bin
                   #2  /usr/bin
                   #3  /usr/sbin
                   #4  /usr/local/bin
2022-04-08 10:39:59,503 DEBUG Waiting up to 600 secs for process sudo<docker_ps_latest> (pid 4762)
2022-04-08 10:40:00,271 INFO  Executed sudo<docker_ps_latest>, exit status 0
2022-04-08 10:40:00,280 DEBUG --- test validate
2022-04-08 10:40:00,282 DEBUG Process parameters for sudo<docker_ps>
  command line : /usr/bin/sudo docker ps
    arg #1     : docker
    arg #2     : ps
  working dir  : /home/pi/actions-runner/_work/thin-edge.io/thin-edge.io/tests/PySys/plugin_docker/docker_plugin_remove/Output/linux
  stdout       : /home/pi/actions-runner/_work/thin-edge.io/thin-edge.io/tests/PySys/plugin_docker/docker_plugin_remove/Output/linux/docker_ps.out
  stderr       : /home/pi/actions-runner/_work/thin-edge.io/thin-edge.io/tests/PySys/plugin_docker/docker_plugin_remove/Output/linux/docker_ps.err
  environment  : LD_LIBRARY_PATH=/usr/lib
  environment  : PATH=/bin:/usr/bin:/usr/sbin:/usr/local/bin
                   #1  /bin
                   #2  /usr/bin
                   #3  /usr/sbin
                   #4  /usr/local/bin
2022-04-08 10:40:00,289 DEBUG Waiting up to 600 secs for process sudo<docker_ps> (pid 4773)
2022-04-08 10:40:01,099 INFO  Executed sudo<docker_ps>, exit status 0
2022-04-08 10:40:01,100 DEBUG Performing regex contains=False grep on file: /home/pi/actions-runner/_work/thin-edge.io/thin-edge.io/tests/PySys/plugin_docker/docker_plugin_remove/Output/linux/docker_ps.out
2022-04-08 10:40:01,104 INFO  Grep on file /home/pi/actions-runner/_work/thin-edge.io/thin-edge.io/tests/PySys/plugin_docker/docker_plugin_remove/Output/linux/docker_ps.out ... passed
2022-04-08 10:40:01,110 DEBUG --- test cleanup
2022-04-08 10:40:01,111 INFO  
2022-04-08 10:40:01,112 INFO  cleanup:
2022-04-08 10:40:01,112 DEBUG Running registered cleanup function: <bound method DockerPlugin.cleanup_containers of <DockerPluginRemoveTest object at 0x7603c790>>
2022-04-08 10:40:01,113 INFO  Removing containers scheduled to be cleaned up: ['4ac4ff63c500', 'c25c58f3a73e', '27de7548e659b6c1162976937a209ad34ca6e8c106af9419a2166d0b454fe623\n']
2022-04-08 10:40:01,115 DEBUG Process parameters for sudo<containers_for_cleanup>
  command line : /usr/bin/sudo docker rm -f 4ac4ff63c500 c25c58f3a73e '27de7548e659b6c1162976937a209ad34ca6e8c106af9419a2166d0b454fe623
'
    arg #1     : docker
    arg #2     : rm
    arg #3     : -f
    arg #4     : 4ac4ff63c500
    arg #5     : c25c58f3a73e
    arg #6     : 27de7548e659b6c1162976937a209ad34ca6e8c106af9419a2166d0b454fe623

  working dir  : /home/pi/actions-runner/_work/thin-edge.io/thin-edge.io/tests/PySys/plugin_docker/docker_plugin_remove/Output/linux
  stdout       : /home/pi/actions-runner/_work/thin-edge.io/thin-edge.io/tests/PySys/plugin_docker/docker_plugin_remove/Output/linux/containers_for_cleanup.out
  stderr       : /home/pi/actions-runner/_work/thin-edge.io/thin-edge.io/tests/PySys/plugin_docker/docker_plugin_remove/Output/linux/containers_for_cleanup.err
  environment  : LD_LIBRARY_PATH=/usr/lib
  environment  : PATH=/bin:/usr/bin:/usr/sbin:/usr/local/bin
                   #1  /bin
                   #2  /usr/bin
                   #3  /usr/sbin
                   #4  /usr/local/bin
2022-04-08 10:40:01,121 DEBUG Waiting up to 600 secs for process sudo<containers_for_cleanup> (pid 4783)
2022-04-08 10:40:01,930 WARN  Executed sudo<containers_for_cleanup>, exit status 1
2022-04-08 10:40:01,931 DEBUG Running registered cleanup function: <bound method DockerPlugin.cleanup_images of <DockerPluginRemoveTest object at 0x7603c790>>
2022-04-08 10:40:01,932 INFO  Removing images scheduled to be cleaned up: ['registry', 'registry', 'registry:2.7.1', 'registry']
2022-04-08 10:40:01,934 DEBUG Process parameters for sudo<containers_for_cleanup>
  command line : /usr/bin/sudo docker rmi -f registry registry registry:2.7.1 registry
    arg #1     : docker
    arg #2     : rmi
    arg #3     : -f
    arg #4     : registry
    arg #5     : registry
    arg #6     : registry:2.7.1
    arg #7     : registry
  working dir  : /home/pi/actions-runner/_work/thin-edge.io/thin-edge.io/tests/PySys/plugin_docker/docker_plugin_remove/Output/linux
  stdout       : /home/pi/actions-runner/_work/thin-edge.io/thin-edge.io/tests/PySys/plugin_docker/docker_plugin_remove/Output/linux/containers_for_cleanup.out
  stderr       : /home/pi/actions-runner/_work/thin-edge.io/thin-edge.io/tests/PySys/plugin_docker/docker_plugin_remove/Output/linux/containers_for_cleanup.err
  environment  : LD_LIBRARY_PATH=/usr/lib
  environment  : PATH=/bin:/usr/bin:/usr/sbin:/usr/local/bin
                   #1  /bin
                   #2  /usr/bin
                   #3  /usr/sbin
                   #4  /usr/local/bin
2022-04-08 10:40:01,940 DEBUG Waiting up to 600 secs for process sudo<containers_for_cleanup> (pid 4794)
2022-04-08 10:40:05,662 INFO  Executed sudo<containers_for_cleanup>, exit status 0
2022-04-08 10:40:05,663 DEBUG ProcessUser cleanup function done.
2022-04-08 10:40:05,666 INFO  
2022-04-08 10:40:05,667 INFO  Test duration: 33.37 secs
2022-04-08 10:40:05,668 INFO  Test final outcome:  PASSED
2022-04-08 10:40:05,669 INFO  
