2022-04-15 09:26:10,683 INFO  ==============================================================
2022-04-15 09:26:10,684 INFO  Id:    apt_sequence_remove_with_version
2022-04-15 09:26:10,685 INFO  Dir:   plugin_apt/
2022-04-15 09:26:10,686 INFO  Title: Validate apt plugin remove with version use case
2022-04-15 09:26:10,687 INFO  ==============================================================
2022-04-15 09:26:15,727 INFO  Executed sudo, exit status 0
2022-04-15 09:26:55,041 INFO  Executed sudo<outp_install>, exit status 0, duration 39 secs
2022-04-15 09:26:55,044 INFO  Assert that (value==0) with value=0 ... passed
2022-04-15 09:27:00,343 INFO  Executed sudo<outp_check_0>, exit status 0
2022-04-15 09:27:00,345 INFO  Assert that (value==0) with value=0 ... passed
2022-04-15 09:27:00,350 INFO  Grep on file outp_check_0.out ... passed
2022-04-15 09:27:14,229 INFO  Executed sudo<outp_install>, exit status 0, duration 13 secs
2022-04-15 09:27:14,233 INFO  Assert that (value==0) with value=0 ... passed
2022-04-15 09:27:19,541 INFO  Executed sudo<outp_check_1>, exit status 0
2022-04-15 09:27:19,544 INFO  Assert that (value==0) with value=0 ... passed
2022-04-15 09:27:19,550 INFO  Grep on file outp_check_1.out ... passed
2022-04-15 09:27:19,555 INFO  
2022-04-15 09:27:19,556 INFO  cleanup:
2022-04-15 09:27:24,653 INFO  Executed sudo, exit status 0
2022-04-15 09:27:24,658 INFO  
2022-04-15 09:27:24,658 INFO  Test duration: 73.98 secs
2022-04-15 09:27:24,660 INFO  Test final outcome:  PASSED
2022-04-15 09:27:24,661 INFO  
