2022-04-11 09:53:11,055 INFO  ==============================================================
2022-04-11 09:53:11,056 INFO  Id:    call_tedge_-h
2022-04-11 09:53:11,057 INFO  Dir:   tedge/
2022-04-11 09:53:11,058 INFO  Title: Validate command line option -h
2022-04-11 09:53:11,059 DEBUG Execution order hint: 0.0
2022-04-11 09:53:11,060 INFO  ==============================================================
2022-04-11 09:53:11,065 DEBUG --- test execute
2022-04-11 09:53:11,067 DEBUG Process parameters for tedge
  command line : /usr/bin/tedge -h
    arg #1     : -h
  working dir  : /home/pi/actions-runner/_work/thin-edge.io/thin-edge.io/tests/PySys/tedge/call_tedge_-h/Output/linux
  stdout       : /home/pi/actions-runner/_work/thin-edge.io/thin-edge.io/tests/PySys/tedge/call_tedge_-h/Output/linux/tedge.out
  stderr       : /home/pi/actions-runner/_work/thin-edge.io/thin-edge.io/tests/PySys/tedge/call_tedge_-h/Output/linux/tedge.err
  environment  : LD_LIBRARY_PATH=/usr/lib
  environment  : PATH=/bin:/usr/bin:/usr/sbin:/usr/local/bin
                   #1  /bin
                   #2  /usr/bin
                   #3  /usr/sbin
                   #4  /usr/local/bin
2022-04-11 09:53:11,075 DEBUG Waiting up to 600 secs for process tedge (pid 16314)
2022-04-11 09:53:11,493 INFO  Executed tedge, exit status 0
2022-04-11 09:53:11,494 DEBUG --- test validate
2022-04-11 09:53:11,495 DEBUG Performing regex contains=True grep on file: /home/pi/actions-runner/_work/thin-edge.io/thin-edge.io/tests/PySys/tedge/call_tedge_-h/Output/linux/tedge.out
2022-04-11 09:53:11,500 DEBUG Grep on file tedge.out successfully matched expression "USAGE:" with line: 'USAGE:\n'
2022-04-11 09:53:11,502 INFO  Grep on file tedge.out ... passed
2022-04-11 09:53:11,503 DEBUG Performing regex contains=True grep on file: /home/pi/actions-runner/_work/thin-edge.io/thin-edge.io/tests/PySys/tedge/call_tedge_-h/Output/linux/tedge.out
2022-04-11 09:53:11,506 DEBUG Grep on file tedge.out successfully matched expression "OPTIONS:" with line: 'OPTIONS:\n'
2022-04-11 09:53:11,508 INFO  Grep on file tedge.out ... passed
2022-04-11 09:53:11,508 DEBUG Performing regex contains=True grep on file: /home/pi/actions-runner/_work/thin-edge.io/thin-edge.io/tests/PySys/tedge/call_tedge_-h/Output/linux/tedge.out
2022-04-11 09:53:11,512 DEBUG Grep on file tedge.out successfully matched expression "SUBCOMMANDS:" with line: 'SUBCOMMANDS:\n'
2022-04-11 09:53:11,514 INFO  Grep on file tedge.out ... passed
2022-04-11 09:53:11,518 DEBUG --- test cleanup
2022-04-11 09:53:11,520 DEBUG ProcessUser cleanup function done.
2022-04-11 09:53:11,523 INFO  
2022-04-11 09:53:11,524 INFO  Test duration: 0.47 secs
2022-04-11 09:53:11,525 INFO  Test final outcome:  PASSED
2022-04-11 09:53:11,525 INFO  
