2022-04-28 07:36:40,017 INFO  ==============================================================
2022-04-28 07:36:40,018 INFO  Id:    sm_tedge_mapper_init_session
2022-04-28 07:36:40,019 INFO  Dir:   tedge_mapper_c8y/
2022-04-28 07:36:40,019 INFO  Title: Validate tedge_mapper_sm_c8y init session feature
2022-04-28 07:36:40,020 INFO  ==============================================================
2022-04-28 07:36:40,031 INFO  EnvironmentC8y Setup
2022-04-28 07:36:40,595 INFO  Executed systemctl<serv_mapper1>, exit status 3
2022-04-28 07:36:40,701 INFO  Restarting mosquitto too frequently in the last 10 seconds. It was only up for 6 seconds
2022-04-28 07:36:40,702 INFO  Delaying execution by 5 seconds
2022-04-28 07:36:59,640 INFO  Executed sudo<tedge_connect_c8y>, exit status 0, duration 13 secs
2022-04-28 07:37:00,288 INFO  Executed sudo<tedge_connect_c8y_test>, exit status 0
2022-04-28 07:37:00,754 INFO  Executed systemctl<serv_mosq2>, exit status 0
2022-04-28 07:37:01,218 INFO  Executed systemctl<serv_mapper3>, exit status 0
2022-04-28 07:37:01,935 INFO  Executed sudo<stop_tedge_mapper>, exit status 0
2022-04-28 07:37:02,714 INFO  Executed sudo<remove_lock>, exit status 0
2022-04-28 07:37:03,286 INFO  Executed sudo<mapper_drop>, exit status 0
2022-04-28 07:37:03,849 INFO  Executed sudo<mapper_init>, exit status 0
2022-04-28 07:37:04,378 INFO  Executed sudo<pub_req>, exit status 0
2022-04-28 07:37:04,388 INFO  Started sudo<sub_resp> with process id 28061
2022-04-28 07:37:04,961 INFO  Executed sudo<start_mapper>, exit status 0
2022-04-28 07:37:04,963 INFO  Waiting for 2.0 seconds
2022-04-28 07:37:07,480 INFO  Executed sudo<sub_stop>, exit status 0
2022-04-28 07:37:07,487 INFO  Grep on file sub_resp.out ... passed
2022-04-28 07:37:07,496 INFO  
2022-04-28 07:37:07,497 INFO  cleanup:
2022-04-28 07:37:11,657 INFO  Executed sudo<tedge_disconnect_c8y>, exit status 0
2022-04-28 07:37:12,279 INFO  Executed systemctl<serv_mapper5>, exit status 3
2022-04-28 07:37:12,425 INFO  Restarting mosquitto too frequently in the last 10 seconds. It was only up for 4 seconds
2022-04-28 07:37:12,427 INFO  Delaying execution by 7 seconds
2022-04-28 07:37:19,942 INFO  Executed sudo<tedge_disconnect_c8y>, exit status 0
2022-04-28 07:37:20,505 INFO  Executed systemctl<serv_mapper5>, exit status 3
2022-04-28 07:37:20,510 INFO  
2022-04-28 07:37:20,511 INFO  Test duration: 40.50 secs
2022-04-28 07:37:20,512 INFO  Test final outcome:  PASSED
2022-04-28 07:37:20,513 INFO  
