2022-04-21 09:43:53,839 INFO  ==============================================================
2022-04-21 09:43:53,840 INFO  Id:    SoftwareManagement.sm_fake_install_remove
2022-04-21 09:43:53,841 INFO  Dir:   software_management_end_to_end/
2022-04-21 09:43:53,842 INFO  Title: Validate end to end behaviour for the dummy plugin for installation and removal of packages
2022-04-21 09:43:53,843 INFO  ==============================================================
2022-04-21 09:43:53,866 INFO  Using sw id database: {'asciijump': '5475369', 'robotfindskitten': '5474869', 'squirrel3': '5475279', 'rolldice': '5152439', 'moon-buggy': '5439204', 'apple': '5495053', 'banana': '5494888', 'cherry': '5495382', 'watermelon': '5494510', 'registry': '8018911', 'hello-world': '8021526', 'docker/getting-started': '8021973', 'alpine': '7991792'}
2022-04-21 09:43:53,867 INFO  EnvironmentC8y Setup
2022-04-21 09:43:54,430 INFO  Executed systemctl<serv_mapper1>, exit status 3
2022-04-21 09:43:54,545 INFO  Restarting mosquitto too frequently in the last 10 seconds. It was only up for 5 seconds
2022-04-21 09:43:54,546 INFO  Delaying execution by 6 seconds
2022-04-21 09:44:14,754 INFO  Executed sudo<tedge_connect_c8y>, exit status 0, duration 14 secs
2022-04-21 09:44:15,434 INFO  Executed sudo<tedge_connect_c8y_test>, exit status 0
2022-04-21 09:44:15,898 INFO  Executed systemctl<serv_mosq2>, exit status 0
2022-04-21 09:44:16,361 INFO  Executed systemctl<serv_mapper3>, exit status 0
2022-04-21 09:44:18,605 INFO  State of current operation: SUCCESSFUL
2022-04-21 09:44:18,857 INFO  Assert that (False == value) with value=False ... passed
2022-04-21 09:44:19,082 INFO  Response status: 201
2022-04-21 09:44:19,084 INFO  Response to action: {
    "creationTime": "2022-04-21T09:44:19.037Z",
    "deviceName": "mythicc",
    "deviceId": "17501604",
    "self": "https://t493319102.eu-latest.cumulocity.com/devicecontrol/operations/17537772",
    "id": "17537772",
    "status": "PENDING",
    "description": "Apply software changes, triggered from PySys: [{'name': 'watermelon', 'id': '5494510', 'version': '::fruits', 'url': '', 'action': 'install'}]",
    "c8y_SoftwareUpdate": [
        {
            "name": "watermelon",
            "action": "install",
            "id": "5494510",
            "version": "::fruits",
            "url": ""
        }
    ]
}
2022-04-21 09:44:19,084 INFO  Started operation: {'creationTime': '2022-04-21T09:44:19.037Z', 'deviceName': 'mythicc', 'deviceId': '17501604', 'self': 'https://t493319102.eu-latest.cumulocity.com/devicecontrol/operations/17537772', 'id': '17537772', 'status': 'PENDING', 'description': "Apply software changes, triggered from PySys: [{'name': 'watermelon', 'id': '5494510', 'version': '::fruits', 'url': '', 'action': 'install'}]", 'c8y_SoftwareUpdate': [{'name': 'watermelon', 'action': 'install', 'id': '5494510', 'version': '::fruits', 'url': ''}]}
2022-04-21 09:44:21,299 INFO  State of operation 17537772 : PENDING
2022-04-21 09:44:23,514 INFO  State of operation 17537772 : EXECUTING
2022-04-21 09:44:25,736 INFO  State of operation 17537772 : SUCCESSFUL
2022-04-21 09:44:25,986 INFO  Package vanilla is installed
2022-04-21 09:44:25,988 INFO  Assert that (True == value) with value=True ... passed
2022-04-21 09:44:26,214 INFO  Response status: 201
2022-04-21 09:44:26,216 INFO  Response to action: {
    "creationTime": "2022-04-21T09:44:26.168Z",
    "deviceName": "mythicc",
    "deviceId": "17501604",
    "self": "https://t493319102.eu-latest.cumulocity.com/devicecontrol/operations/17537774",
    "id": "17537774",
    "status": "PENDING",
    "description": "Apply software changes, triggered from PySys: [{'name': 'watermelon', 'id': '5494510', 'version': '::fruits', 'url': '', 'action': 'delete'}]",
    "c8y_SoftwareUpdate": [
        {
            "name": "watermelon",
            "action": "delete",
            "id": "5494510",
            "version": "::fruits",
            "url": ""
        }
    ]
}
2022-04-21 09:44:26,217 INFO  Started operation: {'creationTime': '2022-04-21T09:44:26.168Z', 'deviceName': 'mythicc', 'deviceId': '17501604', 'self': 'https://t493319102.eu-latest.cumulocity.com/devicecontrol/operations/17537774', 'id': '17537774', 'status': 'PENDING', 'description': "Apply software changes, triggered from PySys: [{'name': 'watermelon', 'id': '5494510', 'version': '::fruits', 'url': '', 'action': 'delete'}]", 'c8y_SoftwareUpdate': [{'name': 'watermelon', 'action': 'delete', 'id': '5494510', 'version': '::fruits', 'url': ''}]}
2022-04-21 09:44:28,433 INFO  State of operation 17537774 : PENDING
2022-04-21 09:44:30,652 INFO  State of operation 17537774 : EXECUTING
2022-04-21 09:44:32,905 INFO  State of operation 17537774 : EXECUTING
2022-04-21 09:44:35,115 INFO  State of operation 17537774 : SUCCESSFUL
2022-04-21 09:44:35,359 INFO  Assert that (False == value) with value=False ... passed
2022-04-21 09:44:35,369 INFO  
2022-04-21 09:44:35,370 INFO  cleanup:
2022-04-21 09:44:39,746 INFO  Executed sudo<tedge_disconnect_c8y>, exit status 0
2022-04-21 09:44:40,310 INFO  Executed systemctl<serv_mapper5>, exit status 3
2022-04-21 09:44:40,314 INFO  
2022-04-21 09:44:40,315 INFO  Test duration: 46.48 secs
2022-04-21 09:44:40,316 INFO  Test final outcome:  PASSED
2022-04-21 09:44:40,317 INFO  
