2022-05-04 08:06:48,938 INFO  ==============================================================
2022-05-04 08:06:48,938 INFO  Id:    apt_install
2022-05-04 08:06:48,939 INFO  Dir:   plugin_apt/
2022-05-04 08:06:48,939 INFO  Title: Validate apt plugin prepare - dense version
2022-05-04 08:06:48,939 INFO  ==============================================================
2022-05-04 08:06:49,492 INFO  Executed sudo, exit status 0
2022-05-04 08:06:49,946 INFO  Executed sudo<outp_check_0>, exit status 0
2022-05-04 08:06:49,946 INFO  Assert that (value==0) with value=0 ... passed
2022-05-04 08:06:49,947 INFO  Grep on file outp_check_0.out ... passed
2022-05-04 08:06:53,760 INFO  Executed sudo<outp_install>, exit status 0
2022-05-04 08:06:53,760 INFO  Assert that (value==0) with value=0 ... passed
2022-05-04 08:06:54,113 INFO  Executed sudo<outp_check_1>, exit status 0
2022-05-04 08:06:54,113 INFO  Assert that (value==0) with value=0 ... passed
2022-05-04 08:06:54,113 INFO  Grep on file outp_check_1.out ... passed
2022-05-04 08:06:54,114 INFO  
2022-05-04 08:06:54,114 INFO  cleanup:
2022-05-04 08:06:57,675 INFO  Executed sudo, exit status 0
2022-05-04 08:06:57,676 INFO  
2022-05-04 08:06:57,676 INFO  Test duration: 8.73 secs
2022-05-04 08:06:57,676 INFO  Test final outcome:  PASSED
2022-05-04 08:06:57,676 INFO  
