2022-04-11 09:38:31,201 INFO  ==============================================================
2022-04-11 09:38:31,202 INFO  Id:    local_mqtt_pub_fail_noqos
2022-04-11 09:38:31,203 INFO  Dir:   local_mqtt/
2022-04-11 09:38:31,204 INFO  Title: Check error code when mosquitto is not running with no QoS set
2022-04-11 09:38:31,205 DEBUG Execution order hint: 0.0
2022-04-11 09:38:31,206 INFO  ==============================================================
2022-04-11 09:38:31,213 DEBUG Process parameters for sudo<stop>
  command line : /usr/bin/sudo /usr/bin/systemctl stop mosquitto
    arg #1     : /usr/bin/systemctl
    arg #2     : stop
    arg #3     : mosquitto
  working dir  : /home/pi/actions-runner/_work/thin-edge.io/thin-edge.io/tests/PySys/local_mqtt/local_mqtt_pub_fail_noqos/Output/linux
  stdout       : /home/pi/actions-runner/_work/thin-edge.io/thin-edge.io/tests/PySys/local_mqtt/local_mqtt_pub_fail_noqos/Output/linux/stop.out
  stderr       : /home/pi/actions-runner/_work/thin-edge.io/thin-edge.io/tests/PySys/local_mqtt/local_mqtt_pub_fail_noqos/Output/linux/stop.err
  environment  : LD_LIBRARY_PATH=/usr/lib
  environment  : PATH=/bin:/usr/bin:/usr/sbin:/usr/local/bin
                   #1  /bin
                   #2  /usr/bin
                   #3  /usr/sbin
                   #4  /usr/local/bin
2022-04-11 09:38:31,219 DEBUG Waiting up to 600 secs for process sudo<stop> (pid 27582)
2022-04-11 09:38:31,826 INFO  Executed sudo<stop>, exit status 0
2022-04-11 09:38:31,827 DEBUG --- test execute
2022-04-11 09:38:31,829 DEBUG Process parameters for sudo<tedge_pub_fail>
  command line : /usr/bin/sudo /usr/bin/tedge mqtt pub atopic amessage
    arg #1     : /usr/bin/tedge
    arg #2     : mqtt
    arg #3     : pub
    arg #4     : atopic
    arg #5     : amessage
  working dir  : /home/pi/actions-runner/_work/thin-edge.io/thin-edge.io/tests/PySys/local_mqtt/local_mqtt_pub_fail_noqos/Output/linux
  stdout       : /home/pi/actions-runner/_work/thin-edge.io/thin-edge.io/tests/PySys/local_mqtt/local_mqtt_pub_fail_noqos/Output/linux/tedge_pub_fail.out
  stderr       : /home/pi/actions-runner/_work/thin-edge.io/thin-edge.io/tests/PySys/local_mqtt/local_mqtt_pub_fail_noqos/Output/linux/tedge_pub_fail.err
  environment  : HOME=/home/pi
2022-04-11 09:38:31,836 DEBUG Waiting up to 600 secs for process sudo<tedge_pub_fail> (pid 27584)
2022-04-11 09:38:32,342 INFO  Executed sudo<tedge_pub_fail>, exit status 1
2022-04-11 09:38:32,344 INFO  Assert that (value==1) with value=1 ... passed
2022-04-11 09:38:32,345 DEBUG --- test validate
2022-04-11 09:38:32,350 DEBUG --- test cleanup
2022-04-11 09:38:32,351 INFO  
2022-04-11 09:38:32,352 INFO  cleanup:
2022-04-11 09:38:32,352 DEBUG Running registered cleanup function: <bound method PySysTest.mycleanup of <PySysTest object at 0x7608a530>>
2022-04-11 09:38:32,354 DEBUG Process parameters for sudo<start>
  command line : /usr/bin/sudo /usr/bin/systemctl start mosquitto
    arg #1     : /usr/bin/systemctl
    arg #2     : start
    arg #3     : mosquitto
  working dir  : /home/pi/actions-runner/_work/thin-edge.io/thin-edge.io/tests/PySys/local_mqtt/local_mqtt_pub_fail_noqos/Output/linux
  stdout       : /home/pi/actions-runner/_work/thin-edge.io/thin-edge.io/tests/PySys/local_mqtt/local_mqtt_pub_fail_noqos/Output/linux/start.out
  stderr       : /home/pi/actions-runner/_work/thin-edge.io/thin-edge.io/tests/PySys/local_mqtt/local_mqtt_pub_fail_noqos/Output/linux/start.err
  environment  : LD_LIBRARY_PATH=/usr/lib
  environment  : PATH=/bin:/usr/bin:/usr/sbin:/usr/local/bin
                   #1  /bin
                   #2  /usr/bin
                   #3  /usr/sbin
                   #4  /usr/local/bin
2022-04-11 09:38:32,360 DEBUG Waiting up to 600 secs for process sudo<start> (pid 27586)
2022-04-11 09:38:32,969 INFO  Executed sudo<start>, exit status 0
2022-04-11 09:38:32,970 DEBUG ProcessUser cleanup function done.
2022-04-11 09:38:32,974 INFO  
2022-04-11 09:38:32,974 INFO  Test duration: 1.78 secs
2022-04-11 09:38:32,975 INFO  Test final outcome:  PASSED
2022-04-11 09:38:32,976 INFO  
