2022-05-23 09:24:05,856 INFO  ==============================================================
2022-05-23 09:24:05,857 INFO  Id:    call_tedge_config_list
2022-05-23 09:24:05,858 INFO  Dir:   tedge/
2022-05-23 09:24:05,858 INFO  Title: Validate command line options config: get set unset
2022-05-23 09:24:05,859 INFO  ==============================================================
2022-05-23 09:24:06,429 INFO  Executed sudo<tedge>, exit status 0
2022-05-23 09:24:06,941 INFO  Executed sudo<tedge_get_config_key>, exit status 0
2022-05-23 09:24:07,459 INFO  Executed sudo<tedge_get_config_key>, exit status 0
2022-05-23 09:24:08,023 INFO  Executed sudo<tedge_get_config_key>, exit status 0
2022-05-23 09:24:08,537 INFO  Executed sudo<tedge_get_config_key>, exit status 0
2022-05-23 09:24:09,054 INFO  Executed sudo<tedge_get_config_key>, exit status 0
2022-05-23 09:24:09,576 INFO  Executed sudo<tedge_get_config_key>, exit status 0
2022-05-23 09:24:09,579 INFO  /etc/tedge/device-certs/tedge-private-key.pem
2022-05-23 09:24:09,580 INFO  /etc/tedge/device-certs/tedge-certificate.pem
2022-05-23 09:24:09,580 INFO  thin-edge-io.eu-latest.cumulocity.com
2022-05-23 09:24:09,581 INFO  /etc/ssl/certs
2022-05-23 09:24:09,581 INFO  MichaelsHub.azure-devices.net
2022-05-23 09:24:09,582 INFO  /etc/ssl/certs/Baltimore_CyberTrust_Root.pem
2022-05-23 09:24:10,094 INFO  Executed sudo<tedge_unset_config_key>, exit status 0
2022-05-23 09:24:10,717 INFO  Executed sudo<tedge_unset_config_key>, exit status 0
2022-05-23 09:24:11,294 INFO  Executed sudo<tedge_unset_config_key>, exit status 0
2022-05-23 09:24:11,810 INFO  Executed sudo<tedge_unset_config_key>, exit status 0
2022-05-23 09:24:12,325 INFO  Executed sudo<tedge_unset_config_key>, exit status 0
2022-05-23 09:24:12,840 INFO  Executed sudo<tedge_unset_config_key>, exit status 0
2022-05-23 09:24:13,331 INFO  Executed sudo<tedge_get_config_key>, exit status 0
2022-05-23 09:24:13,335 INFO  Assert that (expect == valueread) with expect="/etc/tedge/device-certs/tedge-private-key.pem", valueread="/etc/tedge/device-certs/tedge-private-key.pem" ... passed
2022-05-23 09:24:13,849 INFO  Executed sudo<tedge_get_config_key>, exit status 0
2022-05-23 09:24:13,853 INFO  Assert that (expect == valueread) with expect="/etc/tedge/device-certs/tedge-certificate.pem", valueread="/etc/tedge/device-certs/tedge-certificate.pem" ... passed
2022-05-23 09:24:14,366 INFO  Executed sudo<tedge_get_config_key>, exit status 0
2022-05-23 09:24:14,370 INFO  Assert that (expect == valueread) with expect=None, valueread=None ... passed
2022-05-23 09:24:15,093 INFO  Executed sudo<tedge_get_config_key>, exit status 0
2022-05-23 09:24:15,098 INFO  Assert that (expect == valueread) with expect="/etc/ssl/certs", valueread="/etc/ssl/certs" ... passed
2022-05-23 09:24:15,610 INFO  Executed sudo<tedge_get_config_key>, exit status 0
2022-05-23 09:24:15,614 INFO  Assert that (expect == valueread) with expect=None, valueread=None ... passed
2022-05-23 09:24:16,145 INFO  Executed sudo<tedge_get_config_key>, exit status 0
2022-05-23 09:24:16,149 INFO  Assert that (expect == valueread) with expect="/etc/ssl/certs", valueread="/etc/ssl/certs" ... passed
2022-05-23 09:24:16,661 INFO  Executed sudo<tedge_set_config_key>, exit status 0
2022-05-23 09:24:17,223 INFO  Executed sudo<tedge_get_config_key>, exit status 0
2022-05-23 09:24:17,231 INFO  Assert that (value == vread) with value="failfailfail", vread="failfailfail" ... passed
2022-05-23 09:24:17,744 INFO  Executed sudo<tedge_set_config_key>, exit status 0
2022-05-23 09:24:18,256 INFO  Executed sudo<tedge_get_config_key>, exit status 0
2022-05-23 09:24:18,260 INFO  Assert that (value == vread) with value="failfailfail", vread="failfailfail" ... passed
2022-05-23 09:24:18,774 INFO  Executed sudo<tedge_set_config_key>, exit status 0
2022-05-23 09:24:19,286 INFO  Executed sudo<tedge_get_config_key>, exit status 0
2022-05-23 09:24:19,290 INFO  Assert that (value == vread) with value="failfailfail", vread="failfailfail" ... passed
2022-05-23 09:24:19,803 INFO  Executed sudo<tedge_set_config_key>, exit status 0
2022-05-23 09:24:20,315 INFO  Executed sudo<tedge_get_config_key>, exit status 0
2022-05-23 09:24:20,319 INFO  Assert that (value == vread) with value="failfailfail", vread="failfailfail" ... passed
2022-05-23 09:24:20,934 INFO  Executed sudo<tedge_set_config_key>, exit status 0
2022-05-23 09:24:21,651 INFO  Executed sudo<tedge_get_config_key>, exit status 0
2022-05-23 09:24:21,655 INFO  Assert that (value == vread) with value="failfailfail", vread="failfailfail" ... passed
2022-05-23 09:24:22,169 INFO  Executed sudo<tedge_set_config_key>, exit status 0
2022-05-23 09:24:22,684 INFO  Executed sudo<tedge_get_config_key>, exit status 0
2022-05-23 09:24:22,688 INFO  Assert that (value == vread) with value="failfailfail", vread="failfailfail" ... passed
2022-05-23 09:24:23,200 INFO  Executed sudo<tedge_set_config_key>, exit status 0
2022-05-23 09:24:23,713 INFO  Executed sudo<tedge_set_config_key>, exit status 0
2022-05-23 09:24:24,275 INFO  Executed sudo<tedge_set_config_key>, exit status 0
2022-05-23 09:24:24,838 INFO  Executed sudo<tedge_set_config_key>, exit status 0
2022-05-23 09:24:25,352 INFO  Executed sudo<tedge_set_config_key>, exit status 0
2022-05-23 09:24:25,864 INFO  Executed sudo<tedge_set_config_key>, exit status 0
2022-05-23 09:24:25,866 INFO  /etc/tedge/device-certs/tedge-private-key.pem
2022-05-23 09:24:25,866 INFO  /etc/tedge/device-certs/tedge-certificate.pem
2022-05-23 09:24:25,867 INFO  thin-edge-io.eu-latest.cumulocity.com
2022-05-23 09:24:25,868 INFO  /etc/ssl/certs
2022-05-23 09:24:25,868 INFO  MichaelsHub.azure-devices.net
2022-05-23 09:24:25,869 INFO  /etc/ssl/certs/Baltimore_CyberTrust_Root.pem
2022-05-23 09:24:26,380 INFO  Executed sudo<tedge_get_config_key>, exit status 0
2022-05-23 09:24:26,384 INFO  Assert that (valueold == valuenew) with valueold="/etc/tedge/device-certs/tedge-private-key.pem", valuenew="/etc/tedge/device-certs/tedge-private-key.pem" ... passed
2022-05-23 09:24:26,896 INFO  Executed sudo<tedge_get_config_key>, exit status 0
2022-05-23 09:24:26,900 INFO  Assert that (valueold == valuenew) with valueold="/etc/tedge/device-certs/tedge-certificate.pem", valuenew="/etc/tedge/device-certs/tedge-certificate.pem" ... passed
2022-05-23 09:24:27,413 INFO  Executed sudo<tedge_get_config_key>, exit status 0
2022-05-23 09:24:27,417 INFO  Assert that (valueold == valuenew) with valueold="thin-edge-io.eu-latest.cumulocity.com", valuenew="thin-edge-io.eu-latest.cumulocity.com" ... passed
2022-05-23 09:24:27,928 INFO  Executed sudo<tedge_get_config_key>, exit status 0
2022-05-23 09:24:27,933 INFO  Assert that (valueold == valuenew) with valueold="/etc/ssl/certs", valuenew="/etc/ssl/certs" ... passed
2022-05-23 09:24:28,445 INFO  Executed sudo<tedge_get_config_key>, exit status 0
2022-05-23 09:24:28,449 INFO  Assert that (valueold == valuenew) with valueold="MichaelsHub.azure-devices.net", valuenew="MichaelsHub.azure-devices.net" ... passed
2022-05-23 09:24:28,964 INFO  Executed sudo<tedge_get_config_key>, exit status 0
2022-05-23 09:24:28,968 INFO  Assert that (valueold == valuenew) with valueold="/etc/ssl/certs/Baltimore_CyberTrust_Root.pem", valuenew="/etc/ssl/certs/Baltimore_CyberTrust_Root.pem" ... passed
2022-05-23 09:24:29,479 INFO  Executed sudo<tedge_unset_device_id>, exit status 1
2022-05-23 09:24:29,994 INFO  Executed sudo<tedge_set_device_id>, exit status 1
2022-05-23 09:24:30,005 INFO  
2022-05-23 09:24:30,005 INFO  Test duration: 24.15 secs
2022-05-23 09:24:30,007 INFO  Test final outcome:  PASSED
2022-05-23 09:24:30,008 INFO  
