2022-04-13 07:56:09,832 INFO  ==============================================================
2022-04-13 07:56:09,833 INFO  Id:    c8y_restart_bridge
2022-04-13 07:56:09,834 INFO  Dir:   tedge_connect/
2022-04-13 07:56:09,835 INFO  Title: Bridge restart
2022-04-13 07:56:09,836 INFO  ==============================================================
2022-04-13 07:56:09,841 INFO  EnvironmentC8y Setup
2022-04-13 07:56:10,453 INFO  Executed systemctl<serv_mapper1>, exit status 3
2022-04-13 07:56:24,717 INFO  Executed sudo<tedge_connect_c8y>, exit status 0, duration 14 secs
2022-04-13 07:56:25,333 INFO  Executed sudo<tedge_connect_c8y_test>, exit status 0
2022-04-13 07:56:25,801 INFO  Executed systemctl<serv_mosq2>, exit status 0
2022-04-13 07:56:26,265 INFO  Executed systemctl<serv_mapper3>, exit status 0
2022-04-13 07:56:26,266 INFO  Setup
2022-04-13 07:56:26,267 INFO  Execute (empty in this case as we test the c8y enviroment)
2022-04-13 07:56:26,732 INFO  Executed systemctl<serv_mosq>, exit status 0
2022-04-13 07:56:27,398 INFO  Executed systemctl<serv_mapper4>, exit status 0
2022-04-13 07:56:27,401 INFO  Validate
2022-04-13 07:56:27,409 INFO  Grep on file tedge_connect_c8y.out ... passed
2022-04-13 07:56:27,419 INFO  Grep on file tedge_connect_c8y.out ... passed
2022-04-13 07:56:27,426 INFO  
2022-04-13 07:56:27,428 INFO  cleanup:
2022-04-13 07:56:27,429 INFO  MyCleanup
2022-04-13 07:56:31,704 INFO  Executed sudo<tedge_disconnect_c8y>, exit status 0
2022-04-13 07:56:32,269 INFO  Executed systemctl<serv_mapper5>, exit status 3
2022-04-13 07:56:32,273 INFO  
2022-04-13 07:56:32,274 INFO  Test duration: 22.45 secs
2022-04-13 07:56:32,275 INFO  Test final outcome:  PASSED
2022-04-13 07:56:32,276 INFO  
