2022-04-21 13:37:39,106 INFO  ==============================================================
2022-04-21 13:37:39,107 INFO  Id:    invalid_device_id
2022-04-21 13:37:39,108 INFO  Dir:   misc_features/
2022-04-21 13:37:39,108 INFO  Title: Invalid Device ID
2022-04-21 13:37:39,109 INFO  ==============================================================
2022-04-21 13:37:39,631 INFO  Executed sudo<create_cert_dir>, exit status 0
2022-04-21 13:37:40,146 INFO  Executed sudo<create_cert_dir>, exit status 0
2022-04-21 13:37:40,658 INFO  Executed sudo<set_cert_path>, exit status 0
2022-04-21 13:37:41,171 INFO  Executed sudo<set_key_path>, exit status 0
2022-04-21 13:37:41,684 INFO  Executed sudo<cert_create>, exit status 1
2022-04-21 13:37:41,691 INFO  Grep on file cert_create.err ... passed
2022-04-21 13:37:41,696 INFO  
2022-04-21 13:37:41,697 INFO  cleanup:
2022-04-21 13:37:42,259 INFO  Executed sudo<unset_cert_path>, exit status 0
2022-04-21 13:37:42,771 INFO  Executed sudo<unset_key_path>, exit status 0
2022-04-21 13:37:43,286 INFO  Executed sudo<remove_cert_dir>, exit status 0
2022-04-21 13:37:43,290 INFO  
2022-04-21 13:37:43,291 INFO  Test duration: 4.19 secs
2022-04-21 13:37:43,292 INFO  Test final outcome:  PASSED
2022-04-21 13:37:43,294 INFO  
