2022-04-11 09:53:11,596 INFO  ==============================================================
2022-04-11 09:53:11,597 INFO  Id:    call_tedge_-h_-V
2022-04-11 09:53:11,598 INFO  Dir:   tedge/
2022-04-11 09:53:11,599 INFO  Title: Validate command line option -h -V
2022-04-11 09:53:11,600 DEBUG Execution order hint: 0.0
2022-04-11 09:53:11,601 INFO  ==============================================================
2022-04-11 09:53:11,606 DEBUG --- test execute
2022-04-11 09:53:11,608 DEBUG Process parameters for tedge
  command line : /usr/bin/tedge -h -V
    arg #1     : -h
    arg #2     : -V
  working dir  : /home/pi/actions-runner/_work/thin-edge.io/thin-edge.io/tests/PySys/tedge/call_tedge_-h_-V/Output/linux
  stdout       : /home/pi/actions-runner/_work/thin-edge.io/thin-edge.io/tests/PySys/tedge/call_tedge_-h_-V/Output/linux/tedge.out
  stderr       : /home/pi/actions-runner/_work/thin-edge.io/thin-edge.io/tests/PySys/tedge/call_tedge_-h_-V/Output/linux/tedge.err
  environment  : LD_LIBRARY_PATH=/usr/lib
  environment  : PATH=/bin:/usr/bin:/usr/sbin:/usr/local/bin
                   #1  /bin
                   #2  /usr/bin
                   #3  /usr/sbin
                   #4  /usr/local/bin
2022-04-11 09:53:11,616 DEBUG Waiting up to 600 secs for process tedge (pid 16315)
2022-04-11 09:53:12,022 INFO  Executed tedge, exit status 0
2022-04-11 09:53:12,023 DEBUG --- test validate
2022-04-11 09:53:12,024 DEBUG Performing regex contains=True grep on file: /home/pi/actions-runner/_work/thin-edge.io/thin-edge.io/tests/PySys/tedge/call_tedge_-h_-V/Output/linux/tedge.out
2022-04-11 09:53:12,029 DEBUG Grep on file tedge.out successfully matched expression "tedge 0.6" with line: 'tedge 0.6.1\n'
2022-04-11 09:53:12,030 INFO  Grep on file tedge.out ... passed
2022-04-11 09:53:12,031 DEBUG Performing regex contains=True grep on file: /home/pi/actions-runner/_work/thin-edge.io/thin-edge.io/tests/PySys/tedge/call_tedge_-h_-V/Output/linux/tedge.out
2022-04-11 09:53:12,034 DEBUG Grep on file tedge.out successfully matched expression "USAGE:" with line: 'USAGE:\n'
2022-04-11 09:53:12,035 INFO  Grep on file tedge.out ... passed
2022-04-11 09:53:12,040 DEBUG --- test cleanup
2022-04-11 09:53:12,041 DEBUG ProcessUser cleanup function done.
2022-04-11 09:53:12,044 INFO  
2022-04-11 09:53:12,045 INFO  Test duration: 0.45 secs
2022-04-11 09:53:12,046 INFO  Test final outcome:  PASSED
2022-04-11 09:53:12,047 INFO  
