2022-04-27 15:29:42,625 INFO  ==============================================================
2022-04-27 15:29:42,626 INFO  Id:    SoftwareManagement.sm_apt_install_remove_default
2022-04-27 15:29:42,627 INFO  Dir:   software_management_end_to_end/
2022-04-27 15:29:42,628 INFO  Title: Validate end to end behaviour for the default plugin for installation and removal of packages
2022-04-27 15:29:42,629 INFO  ==============================================================
2022-04-27 15:29:42,645 INFO  Using sw id database: {'asciijump': '5475369', 'robotfindskitten': '5474869', 'squirrel3': '5475279', 'rolldice': '5152439', 'moon-buggy': '5439204', 'apple': '5495053', 'banana': '5494888', 'cherry': '5495382', 'watermelon': '5494510', 'registry': '8018911', 'hello-world': '8021526', 'docker/getting-started': '8021973', 'alpine': '7991792'}
2022-04-27 15:29:42,646 INFO  EnvironmentC8y Setup
2022-04-27 15:29:43,215 INFO  Executed systemctl<serv_mapper1>, exit status 3
2022-04-27 15:29:43,321 INFO  Restarting mosquitto too frequently in the last 10 seconds. It was only up for 5 seconds
2022-04-27 15:29:43,322 INFO  Delaying execution by 6 seconds
2022-04-27 15:30:03,274 INFO  Executed sudo<tedge_connect_c8y>, exit status 0, duration 13 secs
2022-04-27 15:30:03,889 INFO  Executed sudo<tedge_connect_c8y_test>, exit status 0
2022-04-27 15:30:04,403 INFO  Executed systemctl<serv_mosq2>, exit status 0
2022-04-27 15:30:05,117 INFO  Executed systemctl<serv_mapper3>, exit status 0
2022-04-27 15:30:07,343 INFO  State of current operation: SUCCESSFUL
2022-04-27 15:30:07,640 INFO  Assert that (False == value) with value=False ... passed
2022-04-27 15:30:07,862 INFO  Response status: 201
2022-04-27 15:30:07,864 INFO  Response to action: {
    "creationTime": "2022-04-27T15:30:07.817Z",
    "deviceName": "mythicd",
    "deviceId": "17785279",
    "self": "https://t493319102.eu-latest.cumulocity.com/devicecontrol/operations/17799208",
    "id": "17799208",
    "status": "PENDING",
    "description": "Apply software changes, triggered from PySys: [{'name': 'rolldice', 'id': '5152439', 'version': ' ', 'url': '', 'action': 'install'}]",
    "c8y_SoftwareUpdate": [
        {
            "name": "rolldice",
            "action": "install",
            "id": "5152439",
            "version": " ",
            "url": ""
        }
    ]
}
2022-04-27 15:30:07,864 INFO  Started operation: {'creationTime': '2022-04-27T15:30:07.817Z', 'deviceName': 'mythicd', 'deviceId': '17785279', 'self': 'https://t493319102.eu-latest.cumulocity.com/devicecontrol/operations/17799208', 'id': '17799208', 'status': 'PENDING', 'description': "Apply software changes, triggered from PySys: [{'name': 'rolldice', 'id': '5152439', 'version': ' ', 'url': '', 'action': 'install'}]", 'c8y_SoftwareUpdate': [{'name': 'rolldice', 'action': 'install', 'id': '5152439', 'version': ' ', 'url': ''}]}
2022-04-27 15:30:10,080 INFO  State of operation 17799208 : PENDING
2022-04-27 15:30:12,300 INFO  State of operation 17799208 : EXECUTING
2022-04-27 15:30:14,529 INFO  State of operation 17799208 : EXECUTING
2022-04-27 15:30:16,756 INFO  State of operation 17799208 : EXECUTING
2022-04-27 15:30:18,969 INFO  State of operation 17799208 : EXECUTING
2022-04-27 15:30:21,183 INFO  State of operation 17799208 : EXECUTING
2022-04-27 15:30:23,837 INFO  State of operation 17799208 : EXECUTING
2022-04-27 15:30:26,089 INFO  State of operation 17799208 : EXECUTING
2022-04-27 15:30:28,786 INFO  State of operation 17799208 : EXECUTING
2022-04-27 15:30:31,316 INFO  State of operation 17799208 : EXECUTING
2022-04-27 15:30:33,526 INFO  State of operation 17799208 : EXECUTING
2022-04-27 15:30:35,778 INFO  State of operation 17799208 : EXECUTING
2022-04-27 15:30:38,003 INFO  State of operation 17799208 : EXECUTING
2022-04-27 15:30:40,217 INFO  State of operation 17799208 : EXECUTING
2022-04-27 15:30:42,516 INFO  State of operation 17799208 : EXECUTING
2022-04-27 15:30:44,891 INFO  State of operation 17799208 : EXECUTING
2022-04-27 15:30:47,720 INFO  State of operation 17799208 : EXECUTING
2022-04-27 15:30:49,938 INFO  State of operation 17799208 : EXECUTING
2022-04-27 15:30:52,172 INFO  State of operation 17799208 : EXECUTING
2022-04-27 15:30:54,390 INFO  State of operation 17799208 : EXECUTING
2022-04-27 15:30:56,938 INFO  State of operation 17799208 : EXECUTING
2022-04-27 15:30:59,156 INFO  State of operation 17799208 : EXECUTING
2022-04-27 15:31:01,871 INFO  State of operation 17799208 : EXECUTING
2022-04-27 15:31:04,116 INFO  State of operation 17799208 : EXECUTING
2022-04-27 15:31:06,504 INFO  State of operation 17799208 : EXECUTING
2022-04-27 15:31:08,719 INFO  State of operation 17799208 : EXECUTING
2022-04-27 15:31:11,111 INFO  State of operation 17799208 : EXECUTING
2022-04-27 15:31:13,582 INFO  State of operation 17799208 : EXECUTING
2022-04-27 15:31:15,902 INFO  State of operation 17799208 : EXECUTING
2022-04-27 15:31:18,248 INFO  State of operation 17799208 : EXECUTING
2022-04-27 15:31:20,505 INFO  State of operation 17799208 : EXECUTING
2022-04-27 15:31:22,725 INFO  State of operation 17799208 : EXECUTING
2022-04-27 15:31:24,997 INFO  State of operation 17799208 : EXECUTING
2022-04-27 15:31:27,220 INFO  State of operation 17799208 : SUCCESSFUL
2022-04-27 15:31:27,470 INFO  Package rolldice is installed
2022-04-27 15:31:27,472 INFO  Assert that (True == value) with value=True ... passed
2022-04-27 15:31:27,695 INFO  Response status: 201
2022-04-27 15:31:27,697 INFO  Response to action: {
    "creationTime": "2022-04-27T15:31:27.648Z",
    "deviceName": "mythicd",
    "deviceId": "17785279",
    "self": "https://t493319102.eu-latest.cumulocity.com/devicecontrol/operations/17799217",
    "id": "17799217",
    "status": "PENDING",
    "description": "Apply software changes, triggered from PySys: [{'name': 'rolldice', 'id': '5152439', 'version': ' ', 'url': '', 'action': 'delete'}]",
    "c8y_SoftwareUpdate": [
        {
            "name": "rolldice",
            "action": "delete",
            "id": "5152439",
            "version": " ",
            "url": ""
        }
    ]
}
2022-04-27 15:31:27,698 INFO  Started operation: {'creationTime': '2022-04-27T15:31:27.648Z', 'deviceName': 'mythicd', 'deviceId': '17785279', 'self': 'https://t493319102.eu-latest.cumulocity.com/devicecontrol/operations/17799217', 'id': '17799217', 'status': 'PENDING', 'description': "Apply software changes, triggered from PySys: [{'name': 'rolldice', 'id': '5152439', 'version': ' ', 'url': '', 'action': 'delete'}]", 'c8y_SoftwareUpdate': [{'name': 'rolldice', 'action': 'delete', 'id': '5152439', 'version': ' ', 'url': ''}]}
2022-04-27 15:31:29,908 INFO  State of operation 17799217 : PENDING
2022-04-27 15:31:32,134 INFO  State of operation 17799217 : EXECUTING
2022-04-27 15:31:34,346 INFO  State of operation 17799217 : EXECUTING
2022-04-27 15:31:36,671 INFO  State of operation 17799217 : EXECUTING
2022-04-27 15:31:38,888 INFO  State of operation 17799217 : EXECUTING
2022-04-27 15:31:41,122 INFO  State of operation 17799217 : EXECUTING
2022-04-27 15:31:43,423 INFO  State of operation 17799217 : EXECUTING
2022-04-27 15:31:45,647 INFO  State of operation 17799217 : EXECUTING
2022-04-27 15:31:48,401 INFO  State of operation 17799217 : EXECUTING
2022-04-27 15:31:50,830 INFO  State of operation 17799217 : EXECUTING
2022-04-27 15:31:53,042 INFO  State of operation 17799217 : EXECUTING
2022-04-27 15:31:55,394 INFO  State of operation 17799217 : EXECUTING
2022-04-27 15:31:57,621 INFO  State of operation 17799217 : EXECUTING
2022-04-27 15:31:59,896 INFO  State of operation 17799217 : EXECUTING
2022-04-27 15:32:02,144 INFO  State of operation 17799217 : EXECUTING
2022-04-27 15:32:04,518 INFO  State of operation 17799217 : EXECUTING
2022-04-27 15:32:07,315 INFO  State of operation 17799217 : EXECUTING
2022-04-27 15:32:09,609 INFO  State of operation 17799217 : EXECUTING
2022-04-27 15:32:12,201 INFO  State of operation 17799217 : EXECUTING
2022-04-27 15:32:14,421 INFO  State of operation 17799217 : EXECUTING
2022-04-27 15:32:16,635 INFO  State of operation 17799217 : EXECUTING
2022-04-27 15:32:18,846 INFO  State of operation 17799217 : EXECUTING
2022-04-27 15:32:21,056 INFO  State of operation 17799217 : SUCCESSFUL
2022-04-27 15:32:21,297 INFO  Assert that (False == value) with value=False ... passed
2022-04-27 15:32:21,310 INFO  
2022-04-27 15:32:21,311 INFO  cleanup:
2022-04-27 15:32:25,608 INFO  Executed sudo<tedge_disconnect_c8y>, exit status 0
2022-04-27 15:32:26,176 INFO  Executed systemctl<serv_mapper5>, exit status 3
2022-04-27 15:32:26,180 INFO  
2022-04-27 15:32:26,181 INFO  Test duration: 163.57 secs
2022-04-27 15:32:26,182 INFO  Test final outcome:  PASSED
2022-04-27 15:32:26,183 INFO  
