2022-04-14 07:22:57,571 INFO  ==============================================================
2022-04-14 07:22:57,572 INFO  Id:    SoftwareManagement.Plugin.apama_plugin_mon_support
2022-04-14 07:22:57,573 INFO  Dir:   plugin_apama/
2022-04-14 07:22:57,574 INFO  Title: Validate mon file support of apama plugin
2022-04-14 07:22:57,575 INFO  ==============================================================
2022-04-14 07:22:57,584 INFO  Assertion that path exists=False for "/etc/tedge/apama/project" ... passed
2022-04-14 07:22:58,096 INFO  Executed sudo<create_project_dir>, exit status 0
2022-04-14 07:22:58,712 INFO  Executed sudo<unzip_apama_project>, exit status 0
2022-04-14 07:22:59,273 INFO  Executed sudo<move_apama_project>, exit status 0
2022-04-14 07:23:00,096 INFO  Executed sudo<restart_apama_service>, exit status 0
2022-04-14 07:23:00,866 INFO  Executed sudo<apama_correlator_wait>, exit status 0
2022-04-14 07:23:01,579 INFO  Executed sudo<apama_list_monitors>, exit status 0
2022-04-14 07:23:01,585 INFO  Grep on file /home/pi/actions-runner/_work/thin-edge.io/thin-edge.io/tests/PySys/plugin_apama/apama_plugin_mon_support/Output/linux/apama_list_monitors.out ... passed
2022-04-14 07:23:02,350 INFO  Executed sudo<plugin_list_before_install>, exit status 0
2022-04-14 07:23:03,416 INFO  Executed sudo<plugin_install>, exit status 0
2022-04-14 07:23:04,280 INFO  Executed sudo<apama_correlator_wait>, exit status 0
2022-04-14 07:23:05,018 INFO  Executed sudo<plugin_list_after_install>, exit status 0
2022-04-14 07:23:06,286 INFO  Executed sudo<plugin_update>, exit status 0
2022-04-14 07:23:06,952 INFO  Executed sudo<apama_correlator_wait>, exit status 0
2022-04-14 07:23:07,665 INFO  Executed sudo<plugin_list_after_update>, exit status 0
2022-04-14 07:23:08,429 INFO  Executed sudo<plugin_remove>, exit status 0
2022-04-14 07:23:09,165 INFO  Executed sudo<plugin_list_after_remove>, exit status 0
2022-04-14 07:23:09,171 INFO  Grep on file plugin_list_before_install.out ... passed
2022-04-14 07:23:09,175 INFO  Grep on file plugin_list_after_install.out ... passed
2022-04-14 07:23:09,179 INFO  Grep on file plugin_list_after_update.out ... passed
2022-04-14 07:23:09,184 INFO  Grep on file plugin_list_after_remove.out ... passed
2022-04-14 07:23:09,193 INFO  
2022-04-14 07:23:09,194 INFO  cleanup:
2022-04-14 07:23:09,195 INFO  Removing apama project
2022-04-14 07:23:25,468 INFO  Executed sudo<stop_apama_service>, exit status 0, duration 16 secs
2022-04-14 07:23:26,084 INFO  Executed sudo<remove_apama_project>, exit status 0
2022-04-14 07:23:26,599 INFO  Executed sudo<remove_apama_tmp_dir>, exit status 0
2022-04-14 07:23:26,603 INFO  
2022-04-14 07:23:26,604 INFO  Test duration: 29.04 secs
2022-04-14 07:23:26,605 INFO  Test final outcome:  PASSED
2022-04-14 07:23:26,606 INFO  
