2022-04-08 10:14:11,756 INFO  ==============================================================
2022-04-08 10:14:11,756 INFO  Id:    apt_sequence_install_with_version_fail
2022-04-08 10:14:11,758 INFO  Dir:   plugin_apt/
2022-04-08 10:14:11,758 INFO  Title: Validate apt plugin install with version fails use case
2022-04-08 10:14:11,759 DEBUG Execution order hint: 0.0
2022-04-08 10:14:11,760 INFO  ==============================================================
2022-04-08 10:14:11,767 DEBUG Process parameters for sudo
  command line : /usr/bin/sudo /usr/bin/apt-get remove -y rolldice
    arg #1     : /usr/bin/apt-get
    arg #2     : remove
    arg #3     : -y
    arg #4     : rolldice
  working dir  : /home/pi/actions-runner/_work/thin-edge.io/thin-edge.io/tests/PySys/plugin_apt/apt_sequence_install_with_version_fail/Output/linux
  stdout       : None
  stderr       : None
  environment  : LD_LIBRARY_PATH=/usr/lib
  environment  : PATH=/bin:/usr/bin:/usr/sbin:/usr/local/bin
                   #1  /bin
                   #2  /usr/bin
                   #3  /usr/sbin
                   #4  /usr/local/bin
2022-04-08 10:14:11,774 DEBUG Waiting up to 600 secs for process sudo (pid 22903)
2022-04-08 10:14:19,123 INFO  Executed sudo, exit status 0
2022-04-08 10:14:19,128 DEBUG Process parameters for sudo<outp_check_0>
  command line : /usr/bin/sudo /etc/tedge/sm-plugins/apt list
    arg #1     : /etc/tedge/sm-plugins/apt
    arg #2     : list
  working dir  : /home/pi/actions-runner/_work/thin-edge.io/thin-edge.io/tests/PySys/plugin_apt/apt_sequence_install_with_version_fail/Output/linux
  stdout       : /home/pi/actions-runner/_work/thin-edge.io/thin-edge.io/tests/PySys/plugin_apt/apt_sequence_install_with_version_fail/Output/linux/outp_check_0.out
  stderr       : /home/pi/actions-runner/_work/thin-edge.io/thin-edge.io/tests/PySys/plugin_apt/apt_sequence_install_with_version_fail/Output/linux/outp_check_0.err
  environment  : LD_LIBRARY_PATH=/usr/lib
  environment  : PATH=/bin:/usr/bin:/usr/sbin:/usr/local/bin
                   #1  /bin
                   #2  /usr/bin
                   #3  /usr/sbin
                   #4  /usr/local/bin
2022-04-08 10:14:19,136 DEBUG Waiting up to 600 secs for process sudo<outp_check_0> (pid 22907)
2022-04-08 10:14:21,703 INFO  Executed sudo<outp_check_0>, exit status 0
2022-04-08 10:14:21,704 INFO  Assert that (value==0) with value=0 ... passed
2022-04-08 10:14:21,706 DEBUG Performing regex contains=False grep on file: /home/pi/actions-runner/_work/thin-edge.io/thin-edge.io/tests/PySys/plugin_apt/apt_sequence_install_with_version_fail/Output/linux/outp_check_0.out
2022-04-08 10:14:21,711 INFO  Grep on file outp_check_0.out ... passed
2022-04-08 10:14:21,712 DEBUG --- test execute
2022-04-08 10:14:21,714 DEBUG Process parameters for sudo<outp_install>
  command line : /usr/bin/sudo /etc/tedge/sm-plugins/apt install rolldice --module-version 1.16-1+b0
    arg #1     : /etc/tedge/sm-plugins/apt
    arg #2     : install
    arg #3     : rolldice
    arg #4     : --module-version
    arg #5     : 1.16-1+b0
  working dir  : /home/pi/actions-runner/_work/thin-edge.io/thin-edge.io/tests/PySys/plugin_apt/apt_sequence_install_with_version_fail/Output/linux
  stdout       : /home/pi/actions-runner/_work/thin-edge.io/thin-edge.io/tests/PySys/plugin_apt/apt_sequence_install_with_version_fail/Output/linux/outp_install.out
  stderr       : /home/pi/actions-runner/_work/thin-edge.io/thin-edge.io/tests/PySys/plugin_apt/apt_sequence_install_with_version_fail/Output/linux/outp_install.err
  environment  : LD_LIBRARY_PATH=/usr/lib
  environment  : PATH=/bin:/usr/bin:/usr/sbin:/usr/local/bin
                   #1  /bin
                   #2  /usr/bin
                   #3  /usr/sbin
                   #4  /usr/local/bin
2022-04-08 10:14:21,721 DEBUG Waiting up to 600 secs for process sudo<outp_install> (pid 22913)
2022-04-08 10:14:25,142 INFO  Executed sudo<outp_install>, exit status 2
2022-04-08 10:14:25,144 INFO  Assert that (value==2) with value=2 ... passed
2022-04-08 10:14:25,145 DEBUG --- test validate
2022-04-08 10:14:25,146 DEBUG Process parameters for sudo<outp_check_1>
  command line : /usr/bin/sudo /etc/tedge/sm-plugins/apt list
    arg #1     : /etc/tedge/sm-plugins/apt
    arg #2     : list
  working dir  : /home/pi/actions-runner/_work/thin-edge.io/thin-edge.io/tests/PySys/plugin_apt/apt_sequence_install_with_version_fail/Output/linux
  stdout       : /home/pi/actions-runner/_work/thin-edge.io/thin-edge.io/tests/PySys/plugin_apt/apt_sequence_install_with_version_fail/Output/linux/outp_check_1.out
  stderr       : /home/pi/actions-runner/_work/thin-edge.io/thin-edge.io/tests/PySys/plugin_apt/apt_sequence_install_with_version_fail/Output/linux/outp_check_1.err
  environment  : LD_LIBRARY_PATH=/usr/lib
  environment  : PATH=/bin:/usr/bin:/usr/sbin:/usr/local/bin
                   #1  /bin
                   #2  /usr/bin
                   #3  /usr/sbin
                   #4  /usr/local/bin
2022-04-08 10:14:25,154 DEBUG Waiting up to 600 secs for process sudo<outp_check_1> (pid 22918)
2022-04-08 10:14:27,721 INFO  Executed sudo<outp_check_1>, exit status 0
2022-04-08 10:14:27,722 INFO  Assert that (value==0) with value=0 ... passed
2022-04-08 10:14:27,723 DEBUG Performing regex contains=False grep on file: /home/pi/actions-runner/_work/thin-edge.io/thin-edge.io/tests/PySys/plugin_apt/apt_sequence_install_with_version_fail/Output/linux/outp_check_1.out
2022-04-08 10:14:27,729 INFO  Grep on file outp_check_1.out ... passed
2022-04-08 10:14:27,734 DEBUG --- test cleanup
2022-04-08 10:14:27,735 DEBUG ProcessUser cleanup function done.
2022-04-08 10:14:27,738 INFO  
2022-04-08 10:14:27,739 INFO  Test duration: 15.99 secs
2022-04-08 10:14:27,740 INFO  Test final outcome:  PASSED
2022-04-08 10:14:27,741 INFO  
