2022-04-07 16:12:06,202 INFO  ==============================================================
2022-04-07 16:12:06,203 INFO  Id:    local_mqtt_pub_sub_with_sudo
2022-04-07 16:12:06,204 INFO  Dir:   local_mqtt/
2022-04-07 16:12:06,205 INFO  Title: Validate local publishing and subscribing
2022-04-07 16:12:06,206 DEBUG Execution order hint: 0.0
2022-04-07 16:12:06,207 INFO  ==============================================================
2022-04-07 16:12:06,212 DEBUG --- test execute
2022-04-07 16:12:06,215 DEBUG Process parameters for sudo<tedge_sub>
  command line : /usr/bin/sudo /usr/bin/tedge mqtt sub atopic
    arg #1     : /usr/bin/tedge
    arg #2     : mqtt
    arg #3     : sub
    arg #4     : atopic
  working dir  : /home/pi/actions-runner/_work/thin-edge.io/thin-edge.io/tests/PySys/local_mqtt/local_mqtt_pub_sub_with_sudo/Output/linux
  stdout       : /home/pi/actions-runner/_work/thin-edge.io/thin-edge.io/tests/PySys/local_mqtt/local_mqtt_pub_sub_with_sudo/Output/linux/tedge_sub.out
  stderr       : /home/pi/actions-runner/_work/thin-edge.io/thin-edge.io/tests/PySys/local_mqtt/local_mqtt_pub_sub_with_sudo/Output/linux/tedge_sub.err
  environment  : LD_LIBRARY_PATH=/usr/lib
  environment  : PATH=/bin:/usr/bin:/usr/sbin:/usr/local/bin
                   #1  /bin
                   #2  /usr/bin
                   #3  /usr/sbin
                   #4  /usr/local/bin
2022-04-07 16:12:06,222 INFO  Started sudo<tedge_sub> with process id 22244
2022-04-07 16:12:06,327 DEBUG Process parameters for sudo<tedge_pub2>
  command line : /usr/bin/sudo /usr/bin/tedge mqtt pub atopic amessage
    arg #1     : /usr/bin/tedge
    arg #2     : mqtt
    arg #3     : pub
    arg #4     : atopic
    arg #5     : amessage
  working dir  : /home/pi/actions-runner/_work/thin-edge.io/thin-edge.io/tests/PySys/local_mqtt/local_mqtt_pub_sub_with_sudo/Output/linux
  stdout       : /home/pi/actions-runner/_work/thin-edge.io/thin-edge.io/tests/PySys/local_mqtt/local_mqtt_pub_sub_with_sudo/Output/linux/tedge_pub2.out
  stderr       : /home/pi/actions-runner/_work/thin-edge.io/thin-edge.io/tests/PySys/local_mqtt/local_mqtt_pub_sub_with_sudo/Output/linux/tedge_pub2.err
  environment  : LD_LIBRARY_PATH=/usr/lib
  environment  : PATH=/bin:/usr/bin:/usr/sbin:/usr/local/bin
                   #1  /bin
                   #2  /usr/bin
                   #3  /usr/sbin
                   #4  /usr/local/bin
2022-04-07 16:12:06,335 DEBUG Waiting up to 600 secs for process sudo<tedge_pub2> (pid 22245)
2022-04-07 16:12:06,892 INFO  Executed sudo<tedge_pub2>, exit status 0
2022-04-07 16:12:06,894 DEBUG Process parameters for sudo<tedge_pub3>
  command line : /usr/bin/sudo /usr/bin/tedge mqtt pub atopic 'the message'
    arg #1     : /usr/bin/tedge
    arg #2     : mqtt
    arg #3     : pub
    arg #4     : atopic
    arg #5     : the message
  working dir  : /home/pi/actions-runner/_work/thin-edge.io/thin-edge.io/tests/PySys/local_mqtt/local_mqtt_pub_sub_with_sudo/Output/linux
  stdout       : /home/pi/actions-runner/_work/thin-edge.io/thin-edge.io/tests/PySys/local_mqtt/local_mqtt_pub_sub_with_sudo/Output/linux/tedge_pub3.out
  stderr       : /home/pi/actions-runner/_work/thin-edge.io/thin-edge.io/tests/PySys/local_mqtt/local_mqtt_pub_sub_with_sudo/Output/linux/tedge_pub3.err
  environment  : LD_LIBRARY_PATH=/usr/lib
  environment  : PATH=/bin:/usr/bin:/usr/sbin:/usr/local/bin
                   #1  /bin
                   #2  /usr/bin
                   #3  /usr/sbin
                   #4  /usr/local/bin
2022-04-07 16:12:06,901 DEBUG Waiting up to 600 secs for process sudo<tedge_pub3> (pid 22248)
2022-04-07 16:12:07,416 INFO  Executed sudo<tedge_pub3>, exit status 0
2022-04-07 16:12:08,419 DEBUG Process parameters for sudo<kill_out>
  command line : /usr/bin/sudo killall tedge
    arg #1     : killall
    arg #2     : tedge
  working dir  : /home/pi/actions-runner/_work/thin-edge.io/thin-edge.io/tests/PySys/local_mqtt/local_mqtt_pub_sub_with_sudo/Output/linux
  stdout       : /home/pi/actions-runner/_work/thin-edge.io/thin-edge.io/tests/PySys/local_mqtt/local_mqtt_pub_sub_with_sudo/Output/linux/kill_out.out
  stderr       : /home/pi/actions-runner/_work/thin-edge.io/thin-edge.io/tests/PySys/local_mqtt/local_mqtt_pub_sub_with_sudo/Output/linux/kill_out.err
  environment  : LD_LIBRARY_PATH=/usr/lib
  environment  : PATH=/bin:/usr/bin:/usr/sbin:/usr/local/bin
                   #1  /bin
                   #2  /usr/bin
                   #3  /usr/sbin
                   #4  /usr/local/bin
2022-04-07 16:12:08,426 DEBUG Waiting up to 600 secs for process sudo<kill_out> (pid 22250)
2022-04-07 16:12:08,932 INFO  Executed sudo<kill_out>, exit status 0
2022-04-07 16:12:08,934 DEBUG --- test validate
2022-04-07 16:12:08,935 DEBUG Performing regex contains=True grep on file: /home/pi/actions-runner/_work/thin-edge.io/thin-edge.io/tests/PySys/local_mqtt/local_mqtt_pub_sub_with_sudo/Output/linux/tedge_sub.out
2022-04-07 16:12:08,940 DEBUG Grep on file tedge_sub.out successfully matched expression "amessage" with line: '[atopic] amessage\n'
2022-04-07 16:12:08,942 INFO  Grep on file tedge_sub.out ... passed
2022-04-07 16:12:08,943 DEBUG Performing regex contains=True grep on file: /home/pi/actions-runner/_work/thin-edge.io/thin-edge.io/tests/PySys/local_mqtt/local_mqtt_pub_sub_with_sudo/Output/linux/tedge_sub.out
2022-04-07 16:12:08,946 DEBUG Grep on file tedge_sub.out successfully matched expression "the message" with line: '[atopic] the message\n'
2022-04-07 16:12:08,948 INFO  Grep on file tedge_sub.out ... passed
2022-04-07 16:12:08,953 DEBUG --- test cleanup
2022-04-07 16:12:08,955 DEBUG ProcessUser cleanup function done.
2022-04-07 16:12:08,958 INFO  
2022-04-07 16:12:08,958 INFO  Test duration: 2.76 secs
2022-04-07 16:12:08,959 INFO  Test final outcome:  PASSED
2022-04-07 16:12:08,960 INFO  
