2022-04-08 10:02:42,320 INFO  ==============================================================
2022-04-08 10:02:42,321 INFO  Id:    apt_finalize
2022-04-08 10:02:42,322 INFO  Dir:   plugin_apt/
2022-04-08 10:02:42,323 INFO  Title: Validate apt plugin finalize - dense version
2022-04-08 10:02:42,324 DEBUG Execution order hint: 0.0
2022-04-08 10:02:42,324 INFO  ==============================================================
2022-04-08 10:02:42,331 DEBUG Process parameters for sudo<outp_remove>
  command line : /usr/bin/sudo /etc/tedge/sm-plugins/apt remove squirrel3
    arg #1     : /etc/tedge/sm-plugins/apt
    arg #2     : remove
    arg #3     : squirrel3
  working dir  : /home/pi/actions-runner/_work/thin-edge.io/thin-edge.io/tests/PySys/plugin_apt/apt_finalize/Output/linux
  stdout       : /home/pi/actions-runner/_work/thin-edge.io/thin-edge.io/tests/PySys/plugin_apt/apt_finalize/Output/linux/outp_remove.out
  stderr       : /home/pi/actions-runner/_work/thin-edge.io/thin-edge.io/tests/PySys/plugin_apt/apt_finalize/Output/linux/outp_remove.err
  environment  : LD_LIBRARY_PATH=/usr/lib
  environment  : PATH=/bin:/usr/bin:/usr/sbin:/usr/local/bin
                   #1  /bin
                   #2  /usr/bin
                   #3  /usr/sbin
                   #4  /usr/local/bin
2022-04-08 10:02:42,339 DEBUG Waiting up to 600 secs for process sudo<outp_remove> (pid 12771)
2022-04-08 10:02:47,016 INFO  Executed sudo<outp_remove>, exit status 0
2022-04-08 10:02:47,019 INFO  Assert that (value==0) with value=0 ... passed
2022-04-08 10:02:47,021 DEBUG Process parameters for sudo<outp_remove>
  command line : /usr/bin/sudo /etc/tedge/sm-plugins/apt remove libsquirrel3-0
    arg #1     : /etc/tedge/sm-plugins/apt
    arg #2     : remove
    arg #3     : libsquirrel3-0
  working dir  : /home/pi/actions-runner/_work/thin-edge.io/thin-edge.io/tests/PySys/plugin_apt/apt_finalize/Output/linux
  stdout       : /home/pi/actions-runner/_work/thin-edge.io/thin-edge.io/tests/PySys/plugin_apt/apt_finalize/Output/linux/outp_remove.out
  stderr       : /home/pi/actions-runner/_work/thin-edge.io/thin-edge.io/tests/PySys/plugin_apt/apt_finalize/Output/linux/outp_remove.err
  environment  : LD_LIBRARY_PATH=/usr/lib
  environment  : PATH=/bin:/usr/bin:/usr/sbin:/usr/local/bin
                   #1  /bin
                   #2  /usr/bin
                   #3  /usr/sbin
                   #4  /usr/local/bin
2022-04-08 10:02:47,029 DEBUG Waiting up to 600 secs for process sudo<outp_remove> (pid 12776)
2022-04-08 10:02:51,707 INFO  Executed sudo<outp_remove>, exit status 0
2022-04-08 10:02:51,709 INFO  Assert that (value==0) with value=0 ... passed
2022-04-08 10:02:51,711 DEBUG Process parameters for sudo<outp_check_0>
  command line : /usr/bin/sudo /etc/tedge/sm-plugins/apt list
    arg #1     : /etc/tedge/sm-plugins/apt
    arg #2     : list
  working dir  : /home/pi/actions-runner/_work/thin-edge.io/thin-edge.io/tests/PySys/plugin_apt/apt_finalize/Output/linux
  stdout       : /home/pi/actions-runner/_work/thin-edge.io/thin-edge.io/tests/PySys/plugin_apt/apt_finalize/Output/linux/outp_check_0.out
  stderr       : /home/pi/actions-runner/_work/thin-edge.io/thin-edge.io/tests/PySys/plugin_apt/apt_finalize/Output/linux/outp_check_0.err
  environment  : LD_LIBRARY_PATH=/usr/lib
  environment  : PATH=/bin:/usr/bin:/usr/sbin:/usr/local/bin
                   #1  /bin
                   #2  /usr/bin
                   #3  /usr/sbin
                   #4  /usr/local/bin
2022-04-08 10:02:51,719 DEBUG Waiting up to 600 secs for process sudo<outp_check_0> (pid 12781)
2022-04-08 10:02:54,287 INFO  Executed sudo<outp_check_0>, exit status 0
2022-04-08 10:02:54,289 INFO  Assert that (value==0) with value=0 ... passed
2022-04-08 10:02:54,290 DEBUG Performing regex contains=False grep on file: /home/pi/actions-runner/_work/thin-edge.io/thin-edge.io/tests/PySys/plugin_apt/apt_finalize/Output/linux/outp_check_0.out
2022-04-08 10:02:54,300 INFO  Grep on file outp_check_0.out ... passed
2022-04-08 10:02:54,302 DEBUG Process parameters for dpkg-query<outp_check_0>
  command line : /usr/bin/dpkg-query -s libsquirrel3-0
    arg #1     : -s
    arg #2     : libsquirrel3-0
  working dir  : /home/pi/actions-runner/_work/thin-edge.io/thin-edge.io/tests/PySys/plugin_apt/apt_finalize/Output/linux
  stdout       : /home/pi/actions-runner/_work/thin-edge.io/thin-edge.io/tests/PySys/plugin_apt/apt_finalize/Output/linux/outp_check_0.out
  stderr       : /home/pi/actions-runner/_work/thin-edge.io/thin-edge.io/tests/PySys/plugin_apt/apt_finalize/Output/linux/outp_check_0.err
  environment  : LD_LIBRARY_PATH=/usr/lib
  environment  : PATH=/bin:/usr/bin:/usr/sbin:/usr/local/bin
                   #1  /bin
                   #2  /usr/bin
                   #3  /usr/sbin
                   #4  /usr/local/bin
2022-04-08 10:02:54,309 DEBUG Waiting up to 600 secs for process dpkg-query<outp_check_0> (pid 12787)
2022-04-08 10:02:54,815 INFO  Executed dpkg-query<outp_check_0>, exit status 1
2022-04-08 10:02:54,816 DEBUG --- test execute
2022-04-08 10:02:54,819 DEBUG Process parameters for sudo<outp_install>
  command line : /usr/bin/sudo /etc/tedge/sm-plugins/apt install squirrel3
    arg #1     : /etc/tedge/sm-plugins/apt
    arg #2     : install
    arg #3     : squirrel3
  working dir  : /home/pi/actions-runner/_work/thin-edge.io/thin-edge.io/tests/PySys/plugin_apt/apt_finalize/Output/linux
  stdout       : /home/pi/actions-runner/_work/thin-edge.io/thin-edge.io/tests/PySys/plugin_apt/apt_finalize/Output/linux/outp_install.out
  stderr       : /home/pi/actions-runner/_work/thin-edge.io/thin-edge.io/tests/PySys/plugin_apt/apt_finalize/Output/linux/outp_install.err
  environment  : LD_LIBRARY_PATH=/usr/lib
  environment  : PATH=/bin:/usr/bin:/usr/sbin:/usr/local/bin
                   #1  /bin
                   #2  /usr/bin
                   #3  /usr/sbin
                   #4  /usr/local/bin
2022-04-08 10:02:54,826 DEBUG Waiting up to 600 secs for process sudo<outp_install> (pid 12788)
2022-04-08 10:03:38,201 INFO  Executed sudo<outp_install>, exit status 0, duration 43 secs
2022-04-08 10:03:38,204 INFO  Assert that (value==0) with value=0 ... passed
2022-04-08 10:03:38,212 DEBUG Process parameters for sudo<outp_check_1>
  command line : /usr/bin/sudo /etc/tedge/sm-plugins/apt list
    arg #1     : /etc/tedge/sm-plugins/apt
    arg #2     : list
  working dir  : /home/pi/actions-runner/_work/thin-edge.io/thin-edge.io/tests/PySys/plugin_apt/apt_finalize/Output/linux
  stdout       : /home/pi/actions-runner/_work/thin-edge.io/thin-edge.io/tests/PySys/plugin_apt/apt_finalize/Output/linux/outp_check_1.out
  stderr       : /home/pi/actions-runner/_work/thin-edge.io/thin-edge.io/tests/PySys/plugin_apt/apt_finalize/Output/linux/outp_check_1.err
  environment  : LD_LIBRARY_PATH=/usr/lib
  environment  : PATH=/bin:/usr/bin:/usr/sbin:/usr/local/bin
                   #1  /bin
                   #2  /usr/bin
                   #3  /usr/sbin
                   #4  /usr/local/bin
2022-04-08 10:03:38,220 DEBUG Waiting up to 600 secs for process sudo<outp_check_1> (pid 12996)
2022-04-08 10:03:43,523 INFO  Executed sudo<outp_check_1>, exit status 0
2022-04-08 10:03:43,525 INFO  Assert that (value==0) with value=0 ... passed
2022-04-08 10:03:43,526 DEBUG Performing regex contains=True grep on file: /home/pi/actions-runner/_work/thin-edge.io/thin-edge.io/tests/PySys/plugin_apt/apt_finalize/Output/linux/outp_check_1.out
2022-04-08 10:03:43,531 DEBUG Grep on file outp_check_1.out successfully matched expression "squirrel3" with line: 'squirrel3\t3.1-7\n'
2022-04-08 10:03:43,532 INFO  Grep on file outp_check_1.out ... passed
2022-04-08 10:03:43,534 DEBUG Process parameters for dpkg-query<outp_check_1>
  command line : /usr/bin/dpkg-query -s libsquirrel3-0
    arg #1     : -s
    arg #2     : libsquirrel3-0
  working dir  : /home/pi/actions-runner/_work/thin-edge.io/thin-edge.io/tests/PySys/plugin_apt/apt_finalize/Output/linux
  stdout       : /home/pi/actions-runner/_work/thin-edge.io/thin-edge.io/tests/PySys/plugin_apt/apt_finalize/Output/linux/outp_check_1.out
  stderr       : /home/pi/actions-runner/_work/thin-edge.io/thin-edge.io/tests/PySys/plugin_apt/apt_finalize/Output/linux/outp_check_1.err
  environment  : LD_LIBRARY_PATH=/usr/lib
  environment  : PATH=/bin:/usr/bin:/usr/sbin:/usr/local/bin
                   #1  /bin
                   #2  /usr/bin
                   #3  /usr/sbin
                   #4  /usr/local/bin
2022-04-08 10:03:43,541 DEBUG Waiting up to 600 secs for process dpkg-query<outp_check_1> (pid 13002)
2022-04-08 10:03:43,998 INFO  Executed dpkg-query<outp_check_1>, exit status 0
2022-04-08 10:03:44,000 DEBUG Process parameters for sudo<outp_remove>
  command line : /usr/bin/sudo /etc/tedge/sm-plugins/apt remove squirrel3
    arg #1     : /etc/tedge/sm-plugins/apt
    arg #2     : remove
    arg #3     : squirrel3
  working dir  : /home/pi/actions-runner/_work/thin-edge.io/thin-edge.io/tests/PySys/plugin_apt/apt_finalize/Output/linux
  stdout       : /home/pi/actions-runner/_work/thin-edge.io/thin-edge.io/tests/PySys/plugin_apt/apt_finalize/Output/linux/outp_remove.out
  stderr       : /home/pi/actions-runner/_work/thin-edge.io/thin-edge.io/tests/PySys/plugin_apt/apt_finalize/Output/linux/outp_remove.err
  environment  : LD_LIBRARY_PATH=/usr/lib
  environment  : PATH=/bin:/usr/bin:/usr/sbin:/usr/local/bin
                   #1  /bin
                   #2  /usr/bin
                   #3  /usr/sbin
                   #4  /usr/local/bin
2022-04-08 10:03:44,007 DEBUG Waiting up to 600 secs for process sudo<outp_remove> (pid 13003)
2022-04-08 10:03:59,119 INFO  Executed sudo<outp_remove>, exit status 0, duration 15 secs
2022-04-08 10:03:59,122 INFO  Assert that (value==0) with value=0 ... passed
2022-04-08 10:03:59,124 DEBUG Process parameters for sudo<outp_check_2>
  command line : /usr/bin/sudo /etc/tedge/sm-plugins/apt list
    arg #1     : /etc/tedge/sm-plugins/apt
    arg #2     : list
  working dir  : /home/pi/actions-runner/_work/thin-edge.io/thin-edge.io/tests/PySys/plugin_apt/apt_finalize/Output/linux
  stdout       : /home/pi/actions-runner/_work/thin-edge.io/thin-edge.io/tests/PySys/plugin_apt/apt_finalize/Output/linux/outp_check_2.out
  stderr       : /home/pi/actions-runner/_work/thin-edge.io/thin-edge.io/tests/PySys/plugin_apt/apt_finalize/Output/linux/outp_check_2.err
  environment  : LD_LIBRARY_PATH=/usr/lib
  environment  : PATH=/bin:/usr/bin:/usr/sbin:/usr/local/bin
                   #1  /bin
                   #2  /usr/bin
                   #3  /usr/sbin
                   #4  /usr/local/bin
2022-04-08 10:03:59,132 DEBUG Waiting up to 600 secs for process sudo<outp_check_2> (pid 13092)
2022-04-08 10:04:04,495 INFO  Executed sudo<outp_check_2>, exit status 0
2022-04-08 10:04:04,497 INFO  Assert that (value==0) with value=0 ... passed
2022-04-08 10:04:04,498 DEBUG Performing regex contains=False grep on file: /home/pi/actions-runner/_work/thin-edge.io/thin-edge.io/tests/PySys/plugin_apt/apt_finalize/Output/linux/outp_check_2.out
2022-04-08 10:04:04,504 INFO  Grep on file outp_check_2.out ... passed
2022-04-08 10:04:04,506 DEBUG Process parameters for dpkg-query<outp_check_2>
  command line : /usr/bin/dpkg-query -s libsquirrel3-0
    arg #1     : -s
    arg #2     : libsquirrel3-0
  working dir  : /home/pi/actions-runner/_work/thin-edge.io/thin-edge.io/tests/PySys/plugin_apt/apt_finalize/Output/linux
  stdout       : /home/pi/actions-runner/_work/thin-edge.io/thin-edge.io/tests/PySys/plugin_apt/apt_finalize/Output/linux/outp_check_2.out
  stderr       : /home/pi/actions-runner/_work/thin-edge.io/thin-edge.io/tests/PySys/plugin_apt/apt_finalize/Output/linux/outp_check_2.err
  environment  : LD_LIBRARY_PATH=/usr/lib
  environment  : PATH=/bin:/usr/bin:/usr/sbin:/usr/local/bin
                   #1  /bin
                   #2  /usr/bin
                   #3  /usr/sbin
                   #4  /usr/local/bin
2022-04-08 10:04:04,513 DEBUG Waiting up to 600 secs for process dpkg-query<outp_check_2> (pid 13101)
2022-04-08 10:04:04,970 INFO  Executed dpkg-query<outp_check_2>, exit status 0
2022-04-08 10:04:04,972 DEBUG Process parameters for sudo<outp_finalize>
  command line : /usr/bin/sudo /etc/tedge/sm-plugins/apt finalize
    arg #1     : /etc/tedge/sm-plugins/apt
    arg #2     : finalize
  working dir  : /home/pi/actions-runner/_work/thin-edge.io/thin-edge.io/tests/PySys/plugin_apt/apt_finalize/Output/linux
  stdout       : /home/pi/actions-runner/_work/thin-edge.io/thin-edge.io/tests/PySys/plugin_apt/apt_finalize/Output/linux/outp_finalize.out
  stderr       : /home/pi/actions-runner/_work/thin-edge.io/thin-edge.io/tests/PySys/plugin_apt/apt_finalize/Output/linux/outp_finalize.err
  environment  : LD_LIBRARY_PATH=/usr/lib
  environment  : PATH=/bin:/usr/bin:/usr/sbin:/usr/local/bin
                   #1  /bin
                   #2  /usr/bin
                   #3  /usr/sbin
                   #4  /usr/local/bin
2022-04-08 10:04:04,981 DEBUG Waiting up to 600 secs for process sudo<outp_finalize> (pid 13102)
2022-04-08 10:04:18,079 INFO  Executed sudo<outp_finalize>, exit status 0, duration 13 secs
2022-04-08 10:04:18,081 INFO  Assert that (value==0) with value=0 ... passed
2022-04-08 10:04:18,082 DEBUG --- test validate
2022-04-08 10:04:18,084 DEBUG Process parameters for sudo<outp_check_3>
  command line : /usr/bin/sudo /etc/tedge/sm-plugins/apt list
    arg #1     : /etc/tedge/sm-plugins/apt
    arg #2     : list
  working dir  : /home/pi/actions-runner/_work/thin-edge.io/thin-edge.io/tests/PySys/plugin_apt/apt_finalize/Output/linux
  stdout       : /home/pi/actions-runner/_work/thin-edge.io/thin-edge.io/tests/PySys/plugin_apt/apt_finalize/Output/linux/outp_check_3.out
  stderr       : /home/pi/actions-runner/_work/thin-edge.io/thin-edge.io/tests/PySys/plugin_apt/apt_finalize/Output/linux/outp_check_3.err
  environment  : LD_LIBRARY_PATH=/usr/lib
  environment  : PATH=/bin:/usr/bin:/usr/sbin:/usr/local/bin
                   #1  /bin
                   #2  /usr/bin
                   #3  /usr/sbin
                   #4  /usr/local/bin
2022-04-08 10:04:18,091 DEBUG Waiting up to 600 secs for process sudo<outp_check_3> (pid 13131)
2022-04-08 10:04:23,379 INFO  Executed sudo<outp_check_3>, exit status 0
2022-04-08 10:04:23,381 INFO  Assert that (value==0) with value=0 ... passed
2022-04-08 10:04:23,382 DEBUG Performing regex contains=False grep on file: /home/pi/actions-runner/_work/thin-edge.io/thin-edge.io/tests/PySys/plugin_apt/apt_finalize/Output/linux/outp_check_3.out
2022-04-08 10:04:23,388 INFO  Grep on file outp_check_3.out ... passed
2022-04-08 10:04:23,390 DEBUG Process parameters for dpkg-query<outp_check_3>
  command line : /usr/bin/dpkg-query -s libsquirrel3-0
    arg #1     : -s
    arg #2     : libsquirrel3-0
  working dir  : /home/pi/actions-runner/_work/thin-edge.io/thin-edge.io/tests/PySys/plugin_apt/apt_finalize/Output/linux
  stdout       : /home/pi/actions-runner/_work/thin-edge.io/thin-edge.io/tests/PySys/plugin_apt/apt_finalize/Output/linux/outp_check_3.out
  stderr       : /home/pi/actions-runner/_work/thin-edge.io/thin-edge.io/tests/PySys/plugin_apt/apt_finalize/Output/linux/outp_check_3.err
  environment  : LD_LIBRARY_PATH=/usr/lib
  environment  : PATH=/bin:/usr/bin:/usr/sbin:/usr/local/bin
                   #1  /bin
                   #2  /usr/bin
                   #3  /usr/sbin
                   #4  /usr/local/bin
2022-04-08 10:04:23,397 DEBUG Waiting up to 600 secs for process dpkg-query<outp_check_3> (pid 13137)
2022-04-08 10:04:23,853 INFO  Executed dpkg-query<outp_check_3>, exit status 1
2022-04-08 10:04:23,860 DEBUG --- test cleanup
2022-04-08 10:04:23,861 INFO  
2022-04-08 10:04:23,862 INFO  cleanup:
2022-04-08 10:04:23,863 DEBUG Running registered cleanup function: <bound method AptPluginFinalize.cleanup_prepare of <AptPluginFinalize object at 0x760de390>>
2022-04-08 10:04:23,863 DEBUG ProcessUser cleanup function done.
2022-04-08 10:04:23,867 INFO  
2022-04-08 10:04:23,867 INFO  Test duration: 101.56 secs
2022-04-08 10:04:23,869 INFO  Test final outcome:  PASSED
2022-04-08 10:04:23,869 INFO  
