$SYS/broker/version mosquitto version 1.5.7
$SYS/broker/uptime 11 seconds
$SYS/broker/clients/total 8
$SYS/broker/clients/maximum 8
$SYS/broker/clients/inactive 4
$SYS/broker/clients/disconnected 4
$SYS/broker/clients/active 4
$SYS/broker/clients/connected 4
$SYS/broker/clients/expired 0
$SYS/broker/load/messages/received/1min 1090.94
$SYS/broker/load/messages/received/5min 234.48
$SYS/broker/load/messages/received/15min 79.12
$SYS/broker/load/messages/sent/1min 22.84
$SYS/broker/load/messages/sent/5min 4.91
$SYS/broker/load/messages/sent/15min 1.66
$SYS/broker/load/publish/dropped/1min 0.00
$SYS/broker/load/publish/dropped/5min 0.00
$SYS/broker/load/publish/dropped/15min 0.00
$SYS/broker/load/publish/received/1min 1069.93
$SYS/broker/load/publish/received/5min 229.96
$SYS/broker/load/publish/received/15min 77.59
$SYS/broker/load/publish/sent/1min 0.00
$SYS/broker/load/publish/sent/5min 0.00
$SYS/broker/load/publish/sent/15min 0.00
$SYS/broker/load/bytes/received/1min 68118.15
$SYS/broker/load/bytes/received/5min 14640.55
$SYS/broker/load/bytes/received/15min 4939.95
$SYS/broker/load/bytes/sent/1min 1619.97
$SYS/broker/load/bytes/sent/5min 348.18
$SYS/broker/load/bytes/sent/15min 117.48
$SYS/broker/load/sockets/1min 3.65
$SYS/broker/load/sockets/5min 0.79
$SYS/broker/load/sockets/15min 0.27
$SYS/broker/load/connections/1min 3.65
$SYS/broker/load/connections/5min 0.79
$SYS/broker/load/connections/15min 0.27
$SYS/broker/messages/stored 53
$SYS/broker/messages/received 1194
$SYS/broker/messages/sent 25
$SYS/broker/store/messages/count 53
$SYS/broker/store/messages/bytes 210
$SYS/broker/subscriptions/count 37
$SYS/broker/retained messages/count 53
$SYS/broker/heap/current 53516
$SYS/broker/heap/maximum 55404
$SYS/broker/publish/messages/dropped 0
$SYS/broker/publish/messages/received 1171
$SYS/broker/publish/messages/sent 0
$SYS/broker/publish/bytes/received 27616
$SYS/broker/publish/bytes/sent 1514
$SYS/broker/bytes/received 74553
$SYS/broker/bytes/sent 1773
$SYS/broker/uptime 22 seconds
$SYS/broker/clients/total 10
$SYS/broker/clients/maximum 10
$SYS/broker/clients/inactive 2
$SYS/broker/clients/disconnected 2
$SYS/broker/clients/active 8
$SYS/broker/clients/connected 8
$SYS/broker/load/messages/received/1min 2273.25
$SYS/broker/load/messages/sent/1min 216.37
$SYS/broker/load/publish/received/1min 2172.61
$SYS/broker/load/publish/sent/1min 47.51
$SYS/broker/load/bytes/received/1min 150985.66
$SYS/broker/load/bytes/sent/1min 22210.84
$SYS/broker/load/sockets/1min 8.52
$SYS/broker/load/connections/1min 8.52
$SYS/broker/load/messages/received/5min 519.42
$SYS/broker/load/messages/sent/5min 47.15
$SYS/broker/load/publish/received/5min 497.20
$SYS/broker/load/publish/sent/5min 10.21
$SYS/broker/load/bytes/received/5min 34376.49
$SYS/broker/load/bytes/sent/5min 4819.54
$SYS/broker/load/sockets/5min 1.94
$SYS/broker/load/connections/5min 1.94
$SYS/broker/load/messages/received/15min 177.15
$SYS/broker/load/messages/sent/15min 15.95
$SYS/broker/load/publish/received/15min 169.61
$SYS/broker/load/publish/sent/15min 3.45
$SYS/broker/load/bytes/received/15min 11717.01
$SYS/broker/load/bytes/sent/15min 1628.99
$SYS/broker/load/sockets/15min 0.66
$SYS/broker/load/connections/15min 0.66
$SYS/broker/messages/stored 54
$SYS/broker/store/messages/count 54
$SYS/broker/store/messages/bytes 396
$SYS/broker/subscriptions/count 39
$SYS/broker/heap/current 57336
$SYS/broker/heap/maximum 57532
$SYS/broker/messages/received 2688
$SYS/broker/messages/sent 241
$SYS/broker/publish/messages/received 2574
$SYS/broker/publish/messages/sent 52
$SYS/broker/bytes/received 177737
$SYS/broker/bytes/sent 24606
$SYS/broker/publish/bytes/received 73868
$SYS/broker/publish/bytes/sent 19868
$SYS/broker/uptime 33 seconds
$SYS/broker/load/messages/received/1min 3506.03
$SYS/broker/load/messages/sent/1min 619.61
$SYS/broker/load/publish/received/1min 3223.06
$SYS/broker/load/publish/sent/1min 80.67
$SYS/broker/load/bytes/received/1min 255435.04
$SYS/broker/load/bytes/sent/1min 73619.48
$SYS/broker/load/sockets/1min 7.10
$SYS/broker/load/connections/1min 7.10
$SYS/broker/load/messages/received/5min 847.52
$SYS/broker/load/messages/sent/5min 139.91
$SYS/broker/load/publish/received/5min 783.29
$SYS/broker/load/publish/sent/5min 18.68
$SYS/broker/load/bytes/received/5min 61023.90
$SYS/broker/load/bytes/sent/5min 16494.86
$SYS/broker/load/sockets/5min 1.87
$SYS/broker/load/connections/5min 1.87
$SYS/broker/load/messages/received/15min 292.01
$SYS/broker/load/messages/sent/15min 47.63
$SYS/broker/load/publish/received/15min 270.12
$SYS/broker/load/publish/sent/15min 6.39
$SYS/broker/load/bytes/received/15min 20983.52
$SYS/broker/load/bytes/sent/15min 5607.18
$SYS/broker/store/messages/bytes 403
$SYS/broker/heap/current 57356
$SYS/broker/heap/maximum 58328
$SYS/broker/messages/received 4454
$SYS/broker/messages/sent 722
$SYS/broker/publish/messages/received 4122
$SYS/broker/publish/messages/sent 97
$SYS/broker/bytes/received 319734
$SYS/broker/bytes/sent 84943
$SYS/broker/publish/bytes/received 154148
$SYS/broker/publish/bytes/sent 70859
$SYS/broker/uptime 44 seconds
$SYS/broker/load/messages/received/1min 4561.55
$SYS/broker/load/messages/sent/1min 948.91
$SYS/broker/load/publish/received/1min 4124.97
$SYS/broker/load/publish/sent/1min 98.22
$SYS/broker/load/bytes/received/1min 344703.45
$SYS/broker/load/bytes/sent/1min 116558.31
$SYS/broker/load/sockets/1min 5.91
$SYS/broker/load/connections/1min 5.91
$SYS/broker/load/messages/received/5min 1170.10
$SYS/broker/load/messages/sent/5min 227.96
$SYS/broker/load/publish/received/5min 1064.97
$SYS/broker/load/publish/sent/5min 24.69
$SYS/broker/load/bytes/received/5min 87209.55
$SYS/broker/load/bytes/sent/5min 27780.29
$SYS/broker/load/sockets/5min 1.80
$SYS/broker/load/connections/5min 1.80
$SYS/broker/load/messages/received/15min 407.60
$SYS/broker/load/messages/sent/15min 78.46
$SYS/broker/load/publish/received/15min 371.40
$SYS/broker/load/publish/sent/15min 8.56
$SYS/broker/load/bytes/received/15min 30305.37
$SYS/broker/load/bytes/sent/15min 9547.33
$SYS/broker/store/messages/bytes 407
$SYS/broker/heap/current 57392
$SYS/broker/messages/received 6252
$SYS/broker/messages/sent 1196
$SYS/broker/publish/messages/received 5700
$SYS/broker/publish/messages/sent 131
$SYS/broker/bytes/received 464265
$SYS/broker/bytes/sent 145435
$SYS/broker/publish/bytes/received 235553
$SYS/broker/publish/bytes/sent 122299
$SYS/broker/uptime 55 seconds
$SYS/broker/load/messages/received/1min 5422.90
$SYS/broker/load/messages/sent/1min 1217.56
$SYS/broker/load/publish/received/1min 4860.27
$SYS/broker/load/publish/sent/1min 111.92
$SYS/broker/load/bytes/received/1min 417500.93
$SYS/broker/load/bytes/sent/1min 151779.12
$SYS/broker/load/sockets/1min 4.92
$SYS/broker/load/connections/1min 4.92
$SYS/broker/load/messages/received/5min 1477.33
$SYS/broker/load/messages/sent/5min 311.65
$SYS/broker/load/publish/received/5min 1333.18
$SYS/broker/load/publish/sent/5min 30.28
$SYS/broker/load/bytes/received/5min 112126.27
$SYS/broker/load/bytes/sent/5min 38546.49
$SYS/broker/load/sockets/5min 1.73
$SYS/broker/load/connections/5min 1.73
$SYS/broker/load/messages/received/15min 520.53
$SYS/broker/load/messages/sent/15min 108.51
$SYS/broker/load/publish/received/15min 470.32
$SYS/broker/load/publish/sent/15min 10.64
$SYS/broker/load/bytes/received/15min 39403.93
$SYS/broker/load/bytes/sent/15min 13401.50
$SYS/broker/messages/stored 53
$SYS/broker/store/messages/count 53
$SYS/broker/store/messages/bytes 266
$SYS/broker/heap/current 57096
$SYS/broker/messages/received 8031
$SYS/broker/messages/sent 1664
$SYS/broker/publish/messages/received 7261
$SYS/broker/publish/messages/sent 164
$SYS/broker/bytes/received 607135
$SYS/broker/bytes/sent 205352
$SYS/broker/publish/bytes/received 316064
$SYS/broker/publish/bytes/sent 173267
$SYS/broker/uptime 66 seconds
$SYS/broker/load/messages/received/1min 6144.53
$SYS/broker/load/messages/sent/1min 1447.61
$SYS/broker/load/publish/received/1min 5475.13
$SYS/broker/load/publish/sent/1min 125.15
$SYS/broker/load/bytes/received/1min 478732.76
$SYS/broker/load/bytes/sent/1min 181672.08
$SYS/broker/load/sockets/1min 4.09
$SYS/broker/load/connections/1min 4.09
$SYS/broker/load/messages/received/5min 1774.48
$SYS/broker/load/messages/sent/5min 393.71
$SYS/broker/load/publish/received/5min 1592.31
$SYS/broker/load/publish/sent/5min 36.06
$SYS/broker/load/bytes/received/5min 136281.03
$SYS/broker/load/bytes/sent/5min 49048.01
$SYS/broker/load/sockets/5min 1.67
$SYS/broker/load/connections/5min 1.67
$SYS/broker/load/messages/received/15min 632.42
$SYS/broker/load/messages/sent/15min 138.67
$SYS/broker/load/publish/received/15min 568.24
$SYS/broker/load/publish/sent/15min 12.83
$SYS/broker/load/bytes/received/15min 48437.54
$SYS/broker/load/bytes/sent/15min 17250.34
$SYS/broker/heap/current 57020
$SYS/broker/messages/received 9815
$SYS/broker/messages/sent 2139
$SYS/broker/publish/messages/received 8825
$SYS/broker/publish/messages/sent 199
$SYS/broker/bytes/received 750693
$SYS/broker/bytes/sent 265895
$SYS/broker/publish/bytes/received 397163
$SYS/broker/publish/bytes/sent 224719
$SYS/broker/uptime 77 seconds
$SYS/broker/load/messages/received/1min 6746.19
$SYS/broker/load/messages/sent/1min 1637.30
$SYS/broker/load/publish/received/1min 5986.09
$SYS/broker/load/publish/sent/1min 133.43
$SYS/broker/load/bytes/received/1min 529471.96
$SYS/broker/load/bytes/sent/1min 205980.24
$SYS/broker/load/sockets/1min 3.41
$SYS/broker/load/connections/1min 3.41
$SYS/broker/load/messages/received/5min 2061.13
$SYS/broker/load/messages/sent/5min 472.43
$SYS/broker/load/publish/received/5min 1841.93
$SYS/broker/load/publish/sent/5min 41.05
$SYS/broker/load/bytes/received/5min 159515.49
$SYS/broker/load/bytes/sent/5min 59047.35
$SYS/broker/load/sockets/5min 1.61
$SYS/broker/load/connections/5min 1.61
$SYS/broker/load/messages/received/15min 743.01
$SYS/broker/load/messages/sent/15min 168.33
$SYS/broker/load/publish/received/15min 664.91
$SYS/broker/load/publish/sent/15min 14.80
$SYS/broker/load/bytes/received/15min 57344.31
$SYS/broker/load/bytes/sent/15min 21010.54
$SYS/broker/messages/stored 54
$SYS/broker/store/messages/count 54
$SYS/broker/store/messages/bytes 417
$SYS/broker/heap/current 57492
$SYS/broker/messages/received 11600
$SYS/broker/messages/sent 2612
$SYS/broker/publish/messages/received 10388
$SYS/broker/publish/messages/sent 231
$SYS/broker/bytes/received 893993
$SYS/broker/bytes/sent 325806
$SYS/broker/publish/bytes/received 478046
$SYS/broker/publish/bytes/sent 275701
$SYS/broker/version mosquitto version 1.5.7
$SYS/broker/uptime 0 seconds
$SYS/broker/clients/total 6
$SYS/broker/clients/maximum 6
$SYS/broker/clients/inactive 6
$SYS/broker/clients/disconnected 6
$SYS/broker/clients/active 0
$SYS/broker/clients/connected 0
$SYS/broker/clients/expired 0
$SYS/broker/load/messages/received/1min 0.00
$SYS/broker/load/messages/received/5min 0.00
$SYS/broker/load/messages/received/15min 0.00
$SYS/broker/load/messages/sent/1min 0.00
$SYS/broker/load/messages/sent/5min 0.00
$SYS/broker/load/messages/sent/15min 0.00
$SYS/broker/load/publish/dropped/1min 0.00
$SYS/broker/load/publish/dropped/5min 0.00
$SYS/broker/load/publish/dropped/15min 0.00
$SYS/broker/load/publish/received/1min 0.00
$SYS/broker/load/publish/received/5min 0.00
$SYS/broker/load/publish/received/15min 0.00
$SYS/broker/load/publish/sent/1min 0.00
$SYS/broker/load/publish/sent/5min 0.00
$SYS/broker/load/publish/sent/15min 0.00
$SYS/broker/load/bytes/received/1min 0.00
$SYS/broker/load/bytes/received/5min 0.00
$SYS/broker/load/bytes/received/15min 0.00
$SYS/broker/load/bytes/sent/1min 0.00
$SYS/broker/load/bytes/sent/5min 0.00
$SYS/broker/load/bytes/sent/15min 0.00
$SYS/broker/load/sockets/1min 0.00
$SYS/broker/load/sockets/5min 0.00
$SYS/broker/load/sockets/15min 0.00
$SYS/broker/load/connections/1min 0.00
$SYS/broker/load/connections/5min 0.00
$SYS/broker/load/connections/15min 0.00
$SYS/broker/messages/stored 37
$SYS/broker/messages/received 0
$SYS/broker/messages/sent 0
$SYS/broker/store/messages/count 37
$SYS/broker/store/messages/bytes 152
$SYS/broker/subscriptions/count 35
$SYS/broker/retained messages/count 41
$SYS/broker/heap/current 45032
$SYS/broker/heap/maximum 45772
$SYS/broker/publish/messages/dropped 0
$SYS/broker/publish/messages/received 0
$SYS/broker/publish/messages/sent 0
$SYS/broker/publish/bytes/received 0
$SYS/broker/publish/bytes/sent 0
$SYS/broker/bytes/received 0
$SYS/broker/bytes/sent 0
