2022-04-07 17:41:13,721 INFO  ==============================================================
2022-04-07 17:41:13,722 INFO  Id:    publish_sawmill_record_statistics
2022-04-07 17:41:13,725 INFO  Title: Publish sawmill and record process statistics
2022-04-07 17:41:13,725 DEBUG Execution order hint: 0.0
2022-04-07 17:41:13,726 INFO  ==============================================================
2022-04-07 17:41:15,597 DEBUG EnvironmentC8y Setup
2022-04-07 17:41:15,598 INFO  EnvironmentC8y Setup
2022-04-07 17:41:15,600 DEBUG Process parameters for executable systemctl
2022-04-07 17:41:15,601 DEBUG   command      : /usr/bin/systemctl
2022-04-07 17:41:15,601 DEBUG   argument     : status
2022-04-07 17:41:15,602 DEBUG   argument     : tedge-mapper-c8y
2022-04-07 17:41:15,603 DEBUG   working dir  : /home/pi/actions-runner/_work/thin-edge.io/thin-edge.io/tests/PySys/analytics/publish_sawmill_record_statistics/Output/linux/
2022-04-07 17:41:15,604 DEBUG   stdout       : /home/pi/actions-runner/_work/thin-edge.io/thin-edge.io/tests/PySys/analytics/publish_sawmill_record_statistics/Output/linux/serv_mapper1.out
2022-04-07 17:41:15,604 DEBUG   stderr       : /home/pi/actions-runner/_work/thin-edge.io/thin-edge.io/tests/PySys/analytics/publish_sawmill_record_statistics/Output/linux/serv_mapper1.err
2022-04-07 17:41:15,605 DEBUG   environment  : LD_LIBRARY_PATH=/usr/lib
2022-04-07 17:41:15,606 DEBUG   environment  : PATH=/bin:/usr/bin:/usr/sbin:/usr/local/bin
2022-04-07 17:41:15,614 DEBUG Waiting up to 600 secs for process systemctl<serv_mapper1> (pid 16595)
2022-04-07 17:41:16,225 INFO  Executed systemctl<serv_mapper1>, exit status 3
2022-04-07 17:41:16,381 DEBUG Process parameters for executable sudo
2022-04-07 17:41:16,384 DEBUG   command      : /usr/bin/sudo
2022-04-07 17:41:16,385 DEBUG   argument     : /usr/bin/tedge
2022-04-07 17:41:16,387 DEBUG   argument     : connect
2022-04-07 17:41:16,388 DEBUG   argument     : c8y
2022-04-07 17:41:16,389 DEBUG   working dir  : /home/pi/actions-runner/_work/thin-edge.io/thin-edge.io/tests/PySys/analytics/publish_sawmill_record_statistics/Output/linux/
2022-04-07 17:41:16,390 DEBUG   stdout       : /home/pi/actions-runner/_work/thin-edge.io/thin-edge.io/tests/PySys/analytics/publish_sawmill_record_statistics/Output/linux/tedge_connect_c8y.out
2022-04-07 17:41:16,391 DEBUG   stderr       : /home/pi/actions-runner/_work/thin-edge.io/thin-edge.io/tests/PySys/analytics/publish_sawmill_record_statistics/Output/linux/tedge_connect_c8y.err
2022-04-07 17:41:16,393 DEBUG   environment  : LD_LIBRARY_PATH=/usr/lib
2022-04-07 17:41:16,394 DEBUG   environment  : PATH=/bin:/usr/bin:/usr/sbin:/usr/local/bin
2022-04-07 17:41:16,405 DEBUG Waiting up to 600 secs for process sudo<tedge_connect_c8y> (pid 16606)
2022-04-07 17:41:32,687 INFO  Executed sudo<tedge_connect_c8y>, exit status 0, duration 16 secs
2022-04-07 17:41:32,693 DEBUG Process parameters for executable sudo
2022-04-07 17:41:32,694 DEBUG   command      : /usr/bin/sudo
2022-04-07 17:41:32,697 DEBUG   argument     : /usr/bin/tedge
2022-04-07 17:41:32,700 DEBUG   argument     : connect
2022-04-07 17:41:32,702 DEBUG   argument     : c8y
2022-04-07 17:41:32,703 DEBUG   argument     : --test
2022-04-07 17:41:32,704 DEBUG   working dir  : /home/pi/actions-runner/_work/thin-edge.io/thin-edge.io/tests/PySys/analytics/publish_sawmill_record_statistics/Output/linux/
2022-04-07 17:41:32,705 DEBUG   stdout       : /home/pi/actions-runner/_work/thin-edge.io/thin-edge.io/tests/PySys/analytics/publish_sawmill_record_statistics/Output/linux/tedge_connect_c8y_test.out
2022-04-07 17:41:32,707 DEBUG   stderr       : /home/pi/actions-runner/_work/thin-edge.io/thin-edge.io/tests/PySys/analytics/publish_sawmill_record_statistics/Output/linux/tedge_connect_c8y_test.err
2022-04-07 17:41:32,708 DEBUG   environment  : LD_LIBRARY_PATH=/usr/lib
2022-04-07 17:41:32,709 DEBUG   environment  : PATH=/bin:/usr/bin:/usr/sbin:/usr/local/bin
2022-04-07 17:41:32,719 DEBUG Waiting up to 600 secs for process sudo<tedge_connect_c8y_test> (pid 16789)
2022-04-07 17:41:33,584 INFO  Executed sudo<tedge_connect_c8y_test>, exit status 0
2022-04-07 17:41:33,588 DEBUG Process parameters for executable systemctl
2022-04-07 17:41:33,589 DEBUG   command      : /usr/bin/systemctl
2022-04-07 17:41:33,591 DEBUG   argument     : status
2022-04-07 17:41:33,592 DEBUG   argument     : mosquitto
2022-04-07 17:41:33,594 DEBUG   working dir  : /home/pi/actions-runner/_work/thin-edge.io/thin-edge.io/tests/PySys/analytics/publish_sawmill_record_statistics/Output/linux/
2022-04-07 17:41:33,595 DEBUG   stdout       : /home/pi/actions-runner/_work/thin-edge.io/thin-edge.io/tests/PySys/analytics/publish_sawmill_record_statistics/Output/linux/serv_mosq2.out
2022-04-07 17:41:33,597 DEBUG   stderr       : /home/pi/actions-runner/_work/thin-edge.io/thin-edge.io/tests/PySys/analytics/publish_sawmill_record_statistics/Output/linux/serv_mosq2.err
2022-04-07 17:41:33,599 DEBUG   environment  : LD_LIBRARY_PATH=/usr/lib
2022-04-07 17:41:33,600 DEBUG   environment  : PATH=/bin:/usr/bin:/usr/sbin:/usr/local/bin
2022-04-07 17:41:33,609 DEBUG Waiting up to 600 secs for process systemctl<serv_mosq2> (pid 16816)
2022-04-07 17:41:34,223 INFO  Executed systemctl<serv_mosq2>, exit status 0
2022-04-07 17:41:34,225 DEBUG Process parameters for executable systemctl
2022-04-07 17:41:34,226 DEBUG   command      : /usr/bin/systemctl
2022-04-07 17:41:34,227 DEBUG   argument     : status
2022-04-07 17:41:34,229 DEBUG   argument     : tedge-mapper-c8y
2022-04-07 17:41:34,230 DEBUG   working dir  : /home/pi/actions-runner/_work/thin-edge.io/thin-edge.io/tests/PySys/analytics/publish_sawmill_record_statistics/Output/linux/
2022-04-07 17:41:34,230 DEBUG   stdout       : /home/pi/actions-runner/_work/thin-edge.io/thin-edge.io/tests/PySys/analytics/publish_sawmill_record_statistics/Output/linux/serv_mapper3.out
2022-04-07 17:41:34,231 DEBUG   stderr       : /home/pi/actions-runner/_work/thin-edge.io/thin-edge.io/tests/PySys/analytics/publish_sawmill_record_statistics/Output/linux/serv_mapper3.err
2022-04-07 17:41:34,233 DEBUG   environment  : LD_LIBRARY_PATH=/usr/lib
2022-04-07 17:41:34,234 DEBUG   environment  : PATH=/bin:/usr/bin:/usr/sbin:/usr/local/bin
2022-04-07 17:41:34,242 DEBUG Waiting up to 600 secs for process systemctl<serv_mapper3> (pid 16825)
2022-04-07 17:41:34,752 INFO  Executed systemctl<serv_mapper3>, exit status 0
2022-04-07 17:41:34,754 INFO  Setup
2022-04-07 17:41:34,754 INFO  /home/pi/actions-runner/_work/thin-edge.io/thin-edge.io/tests/PySys/analytics/publish_sawmill_record_statistics/Output/linux
2022-04-07 17:41:34,755 DEBUG --- test execute
2022-04-07 17:41:34,756 DEBUG EnvironmentC8y Execute
2022-04-07 17:41:34,757 INFO  Execute
2022-04-07 17:41:34,758 DEBUG Process parameters for executable sudo
2022-04-07 17:41:34,759 DEBUG   command      : /usr/bin/sudo
2022-04-07 17:41:34,760 DEBUG   argument     : /usr/bin/systemctl
2022-04-07 17:41:34,761 DEBUG   argument     : start
2022-04-07 17:41:34,762 DEBUG   argument     : collectd
2022-04-07 17:41:34,762 DEBUG   working dir  : /home/pi/actions-runner/_work/thin-edge.io/thin-edge.io/tests/PySys/analytics/publish_sawmill_record_statistics/Output/linux/
2022-04-07 17:41:34,763 DEBUG   stdout       : /home/pi/actions-runner/_work/thin-edge.io/thin-edge.io/tests/PySys/analytics/publish_sawmill_record_statistics/Output/linux/collectd_out.out
2022-04-07 17:41:34,764 DEBUG   stderr       : /home/pi/actions-runner/_work/thin-edge.io/thin-edge.io/tests/PySys/analytics/publish_sawmill_record_statistics/Output/linux/collectd_out.err
2022-04-07 17:41:34,765 DEBUG   environment  : LD_LIBRARY_PATH=/usr/lib
2022-04-07 17:41:34,765 DEBUG   environment  : PATH=/bin:/usr/bin:/usr/sbin:/usr/local/bin
2022-04-07 17:41:34,776 DEBUG Waiting up to 600 secs for process sudo<collectd_out> (pid 16826)
2022-04-07 17:41:35,485 INFO  Executed sudo<collectd_out>, exit status 0
2022-04-07 17:41:35,487 DEBUG Process parameters for executable mosquitto_sub
2022-04-07 17:41:35,488 DEBUG   command      : /usr/bin/mosquitto_sub
2022-04-07 17:41:35,489 DEBUG   argument     : -v
2022-04-07 17:41:35,490 DEBUG   argument     : -h
2022-04-07 17:41:35,491 DEBUG   argument     : localhost
2022-04-07 17:41:35,492 DEBUG   argument     : -t
2022-04-07 17:41:35,493 DEBUG   argument     : $SYS/#
2022-04-07 17:41:35,494 DEBUG   working dir  : /home/pi/actions-runner/_work/thin-edge.io/thin-edge.io/tests/PySys/analytics/publish_sawmill_record_statistics/Output/linux/
2022-04-07 17:41:35,495 DEBUG   stdout       : /home/pi/actions-runner/_work/thin-edge.io/thin-edge.io/tests/PySys/analytics/publish_sawmill_record_statistics/Output/linux/mosquitto_sub_stdout.out
2022-04-07 17:41:35,496 DEBUG   stderr       : /home/pi/actions-runner/_work/thin-edge.io/thin-edge.io/tests/PySys/analytics/publish_sawmill_record_statistics/Output/linux/mosquitto_sub_stdout.err
2022-04-07 17:41:35,497 DEBUG   environment  : LD_LIBRARY_PATH=/usr/lib
2022-04-07 17:41:35,497 DEBUG   environment  : PATH=/bin:/usr/bin:/usr/sbin:/usr/local/bin
2022-04-07 17:41:35,509 INFO  Started mosquitto_sub_stdout with process id 16833
2022-04-07 17:41:35,517 DEBUG Process parameters for executable sawtooth_publisher
2022-04-07 17:41:35,521 DEBUG   command      : /home/pi/examples/sawtooth_publisher
2022-04-07 17:41:35,525 DEBUG   argument     : 100
2022-04-07 17:41:35,526 DEBUG   argument     : 100
2022-04-07 17:41:35,528 DEBUG   argument     : 6
2022-04-07 17:41:35,530 DEBUG   argument     : sawmill
2022-04-07 17:41:35,531 DEBUG   working dir  : /home/pi/actions-runner/_work/thin-edge.io/thin-edge.io/tests/PySys/analytics/publish_sawmill_record_statistics/Output/linux/
2022-04-07 17:41:35,532 DEBUG   stdout       : /home/pi/actions-runner/_work/thin-edge.io/thin-edge.io/tests/PySys/analytics/publish_sawmill_record_statistics/Output/linux/stdout_sawmill.out
2022-04-07 17:41:35,533 DEBUG   stderr       : /home/pi/actions-runner/_work/thin-edge.io/thin-edge.io/tests/PySys/analytics/publish_sawmill_record_statistics/Output/linux/stdout_sawmill.err
2022-04-07 17:41:35,535 DEBUG   environment  : LD_LIBRARY_PATH=/usr/lib
2022-04-07 17:41:35,537 DEBUG   environment  : PATH=/bin:/usr/bin:/usr/sbin:/usr/local/bin
2022-04-07 17:41:35,548 DEBUG Waiting up to 600 secs for process sawtooth_publisher<stdout_sawmill> (pid 16834)
2022-04-07 17:42:36,907 INFO  Executed sawtooth_publisher<stdout_sawmill>, exit status 0, duration 61 secs
2022-04-07 17:42:36,909 DEBUG --- test validate
2022-04-07 17:42:36,910 DEBUG EnvironmentC8y Validate
2022-04-07 17:42:36,920 DEBUG Process parameters for executable systemctl
2022-04-07 17:42:36,922 DEBUG   command      : /usr/bin/systemctl
2022-04-07 17:42:36,923 DEBUG   argument     : status
2022-04-07 17:42:36,924 DEBUG   argument     : mosquitto
2022-04-07 17:42:36,925 DEBUG   working dir  : /home/pi/actions-runner/_work/thin-edge.io/thin-edge.io/tests/PySys/analytics/publish_sawmill_record_statistics/Output/linux/
2022-04-07 17:42:36,929 DEBUG   stdout       : /home/pi/actions-runner/_work/thin-edge.io/thin-edge.io/tests/PySys/analytics/publish_sawmill_record_statistics/Output/linux/serv_mosq.out
2022-04-07 17:42:36,930 DEBUG   stderr       : /home/pi/actions-runner/_work/thin-edge.io/thin-edge.io/tests/PySys/analytics/publish_sawmill_record_statistics/Output/linux/serv_mosq.err
2022-04-07 17:42:36,931 DEBUG   environment  : LD_LIBRARY_PATH=/usr/lib
2022-04-07 17:42:36,932 DEBUG   environment  : PATH=/bin:/usr/bin:/usr/sbin:/usr/local/bin
2022-04-07 17:42:36,943 DEBUG Waiting up to 600 secs for process systemctl<serv_mosq> (pid 17199)
2022-04-07 17:42:37,451 INFO  Executed systemctl<serv_mosq>, exit status 0
2022-04-07 17:42:37,454 DEBUG Process parameters for executable systemctl
2022-04-07 17:42:37,455 DEBUG   command      : /usr/bin/systemctl
2022-04-07 17:42:37,456 DEBUG   argument     : status
2022-04-07 17:42:37,457 DEBUG   argument     : tedge-mapper-c8y
2022-04-07 17:42:37,458 DEBUG   working dir  : /home/pi/actions-runner/_work/thin-edge.io/thin-edge.io/tests/PySys/analytics/publish_sawmill_record_statistics/Output/linux/
2022-04-07 17:42:37,459 DEBUG   stdout       : /home/pi/actions-runner/_work/thin-edge.io/thin-edge.io/tests/PySys/analytics/publish_sawmill_record_statistics/Output/linux/serv_mapper4.out
2022-04-07 17:42:37,460 DEBUG   stderr       : /home/pi/actions-runner/_work/thin-edge.io/thin-edge.io/tests/PySys/analytics/publish_sawmill_record_statistics/Output/linux/serv_mapper4.err
2022-04-07 17:42:37,461 DEBUG   environment  : LD_LIBRARY_PATH=/usr/lib
2022-04-07 17:42:37,462 DEBUG   environment  : PATH=/bin:/usr/bin:/usr/sbin:/usr/local/bin
2022-04-07 17:42:37,471 DEBUG Waiting up to 600 secs for process systemctl<serv_mapper4> (pid 17204)
2022-04-07 17:42:37,930 INFO  Executed systemctl<serv_mapper4>, exit status 0
2022-04-07 17:42:37,931 DEBUG Performing regex contains=True grep on file: /home/pi/actions-runner/_work/thin-edge.io/thin-edge.io/tests/PySys/analytics/publish_sawmill_record_statistics/Output/linux/mosquitto_sub_stdout.out
2022-04-07 17:42:37,944 DEBUG Grep on input file mosquitto_sub_stdout.out successfully matched expression "mosquitto" with line: '$SYS/broker/version mosquitto version 1.5.7\n'
2022-04-07 17:42:38,789 INFO  Grep on input file mosquitto_sub_stdout.out ... passed
2022-04-07 17:42:38,797 DEBUG --- test cleanup
2022-04-07 17:42:38,798 INFO  
2022-04-07 17:42:38,799 INFO  cleanup:
2022-04-07 17:42:38,799 DEBUG Running registered cleanup function: <bound method PublishSawmillRecordStatistics.mycleanup of <PublishSawmillRecordStatistics object at 0x760dbcd0>>
2022-04-07 17:42:38,800 INFO  My Cleanup
2022-04-07 17:42:38,801 DEBUG Process parameters for executable sudo
2022-04-07 17:42:38,802 DEBUG   command      : /usr/bin/sudo
2022-04-07 17:42:38,803 DEBUG   argument     : /usr/bin/systemctl
2022-04-07 17:42:38,804 DEBUG   argument     : stop
2022-04-07 17:42:38,805 DEBUG   argument     : collectd
2022-04-07 17:42:38,805 DEBUG   working dir  : /home/pi/actions-runner/_work/thin-edge.io/thin-edge.io/tests/PySys/analytics/publish_sawmill_record_statistics/Output/linux/
2022-04-07 17:42:38,806 DEBUG   stdout       : /home/pi/actions-runner/_work/thin-edge.io/thin-edge.io/tests/PySys/analytics/publish_sawmill_record_statistics/Output/linux/collectd_out.out
2022-04-07 17:42:38,807 DEBUG   stderr       : /home/pi/actions-runner/_work/thin-edge.io/thin-edge.io/tests/PySys/analytics/publish_sawmill_record_statistics/Output/linux/collectd_out.err
2022-04-07 17:42:38,807 DEBUG   environment  : LD_LIBRARY_PATH=/usr/lib
2022-04-07 17:42:38,808 DEBUG   environment  : PATH=/bin:/usr/bin:/usr/sbin:/usr/local/bin
2022-04-07 17:42:38,817 DEBUG Waiting up to 600 secs for process sudo<collectd_out> (pid 17213)
2022-04-07 17:42:39,525 INFO  Executed sudo<collectd_out>, exit status 0
2022-04-07 17:42:39,533 INFO  Exporting data from /var/lib/collectd/rrd/mythicd/exec/gauge-mosquitto-size.rrd
2022-04-07 17:42:39,695 INFO  Exporting data from /var/lib/collectd/rrd/mythicd/exec/gauge-mapper-c8y-shared.rrd
2022-04-07 17:42:39,808 INFO  Exporting data from /var/lib/collectd/rrd/mythicd/exec/gauge-mapper-c8y-text.rrd
2022-04-07 17:42:39,933 INFO  Exporting data from /var/lib/collectd/rrd/mythicd/exec/gauge-mapper-c8y-stime.rrd
2022-04-07 17:42:40,046 INFO  Exporting data from /var/lib/collectd/rrd/mythicd/exec/gauge-mapper-c8y-utime.rrd
2022-04-07 17:42:40,157 INFO  Exporting data from /var/lib/collectd/rrd/mythicd/exec/gauge-mosquitto-text.rrd
2022-04-07 17:42:40,268 INFO  Exporting data from /var/lib/collectd/rrd/mythicd/exec/gauge-mosquitto-stime.rrd
2022-04-07 17:42:40,378 INFO  Exporting data from /var/lib/collectd/rrd/mythicd/exec/gauge-mapper-c8y-data.rrd
2022-04-07 17:42:40,489 INFO  Exporting data from /var/lib/collectd/rrd/mythicd/exec/gauge-mosquitto-data.rrd
2022-04-07 17:42:40,599 INFO  Exporting data from /var/lib/collectd/rrd/mythicd/exec/gauge-mosquitto-shared.rrd
2022-04-07 17:42:40,707 INFO  Exporting data from /var/lib/collectd/rrd/mythicd/exec/gauge-mapper-c8y-resident.rrd
2022-04-07 17:42:40,814 INFO  Exporting data from /var/lib/collectd/rrd/mythicd/exec/gauge-mosquitto-utime.rrd
2022-04-07 17:42:40,921 INFO  Exporting data from /var/lib/collectd/rrd/mythicd/exec/gauge-mapper-c8y-size.rrd
2022-04-07 17:42:41,028 INFO  Exporting data from /var/lib/collectd/rrd/mythicd/exec/gauge-mosquitto-resident.rrd
2022-04-07 17:42:41,160 DEBUG Running registered cleanup function: <bound method EnvironmentC8y.myenvcleanup of <PublishSawmillRecordStatistics object at 0x760dbcd0>>
2022-04-07 17:42:41,161 DEBUG EnvironmentC8y Cleanup
2022-04-07 17:42:41,279 DEBUG Process parameters for executable sudo
2022-04-07 17:42:41,280 DEBUG   command      : /usr/bin/sudo
2022-04-07 17:42:41,281 DEBUG   argument     : /usr/bin/tedge
2022-04-07 17:42:41,282 DEBUG   argument     : disconnect
2022-04-07 17:42:41,282 DEBUG   argument     : c8y
2022-04-07 17:42:41,283 DEBUG   working dir  : /home/pi/actions-runner/_work/thin-edge.io/thin-edge.io/tests/PySys/analytics/publish_sawmill_record_statistics/Output/linux/
2022-04-07 17:42:41,284 DEBUG   stdout       : /home/pi/actions-runner/_work/thin-edge.io/thin-edge.io/tests/PySys/analytics/publish_sawmill_record_statistics/Output/linux/tedge_disconnect_c8y.out
2022-04-07 17:42:41,285 DEBUG   stderr       : /home/pi/actions-runner/_work/thin-edge.io/thin-edge.io/tests/PySys/analytics/publish_sawmill_record_statistics/Output/linux/tedge_disconnect_c8y.err
2022-04-07 17:42:41,285 DEBUG   environment  : LD_LIBRARY_PATH=/usr/lib
2022-04-07 17:42:41,286 DEBUG   environment  : PATH=/bin:/usr/bin:/usr/sbin:/usr/local/bin
2022-04-07 17:42:41,295 DEBUG Waiting up to 600 secs for process sudo<tedge_disconnect_c8y> (pid 17218)
2022-04-07 17:42:45,244 INFO  Executed sudo<tedge_disconnect_c8y>, exit status 0
2022-04-07 17:42:45,246 DEBUG Process parameters for executable systemctl
2022-04-07 17:42:45,246 DEBUG   command      : /usr/bin/systemctl
2022-04-07 17:42:45,247 DEBUG   argument     : status
2022-04-07 17:42:45,248 DEBUG   argument     : tedge-mapper-c8y
2022-04-07 17:42:45,249 DEBUG   working dir  : /home/pi/actions-runner/_work/thin-edge.io/thin-edge.io/tests/PySys/analytics/publish_sawmill_record_statistics/Output/linux/
2022-04-07 17:42:45,249 DEBUG   stdout       : /home/pi/actions-runner/_work/thin-edge.io/thin-edge.io/tests/PySys/analytics/publish_sawmill_record_statistics/Output/linux/serv_mapper5.out
2022-04-07 17:42:45,250 DEBUG   stderr       : /home/pi/actions-runner/_work/thin-edge.io/thin-edge.io/tests/PySys/analytics/publish_sawmill_record_statistics/Output/linux/serv_mapper5.err
2022-04-07 17:42:45,251 DEBUG   environment  : LD_LIBRARY_PATH=/usr/lib
2022-04-07 17:42:45,252 DEBUG   environment  : PATH=/bin:/usr/bin:/usr/sbin:/usr/local/bin
2022-04-07 17:42:45,260 DEBUG Waiting up to 600 secs for process systemctl<serv_mapper5> (pid 17260)
2022-04-07 17:42:45,817 INFO  Executed systemctl<serv_mapper5>, exit status 3
2022-04-07 17:42:45,818 DEBUG Waiting up to 30 secs for process mosquitto_sub_stdout (pid 16833)
2022-04-07 17:42:45,870 DEBUG ProcessUser cleanup function done.
2022-04-07 17:42:45,874 INFO  
2022-04-07 17:42:45,875 INFO  Test duration: 92.16 secs
2022-04-07 17:42:45,876 INFO  Test final outcome:  PASSED
2022-04-07 17:42:45,876 INFO  
