2022-04-14 06:48:02,244 INFO  ==============================================================
2022-04-14 06:48:02,245 INFO  Id:    apt_install_local_file
2022-04-14 06:48:02,246 INFO  Dir:   plugin_apt/
2022-04-14 06:48:02,247 INFO  Title: Validate apt plugin install from local file - SUCCESS case
2022-04-14 06:48:02,248 INFO  ==============================================================
2022-04-14 06:48:04,594 INFO  URL of rolldice is b"'http://mirror.mythic-beasts.com/raspbian/pool/main/r/rolldice/rolldice_1.16-1+b1_armhf.deb'"
2022-04-14 06:48:06,718 INFO  Downloaded rolldcice in version 1.16-1+b1
2022-04-14 06:48:06,719 INFO  Filename is rolldice_1.16-1+b1_armhf.deb
2022-04-14 06:48:11,353 INFO  Executed sudo, exit status 0
2022-04-14 06:48:13,927 INFO  Executed sudo<outp_check_0>, exit status 0
2022-04-14 06:48:13,930 INFO  Assert that (value==0) with value=0 ... passed
2022-04-14 06:48:13,936 INFO  Grep on file outp_check_0.out ... passed
2022-04-14 06:48:53,853 INFO  Executed sudo<outp_install>, exit status 0, duration 39 secs
2022-04-14 06:48:53,856 INFO  Assert that (value==0) with value=0 ... passed
2022-04-14 06:48:59,255 INFO  Executed sudo<outp_check_1>, exit status 0
2022-04-14 06:48:59,257 INFO  Assert that (value==0) with value=0 ... passed
2022-04-14 06:48:59,262 INFO  Grep on file outp_check_1.out ... passed
2022-04-14 06:48:59,268 INFO  
2022-04-14 06:48:59,269 INFO  cleanup:
2022-04-14 06:48:59,273 INFO  
2022-04-14 06:48:59,274 INFO  Test duration: 57.03 secs
2022-04-14 06:48:59,275 INFO  Test final outcome:  PASSED
2022-04-14 06:48:59,276 INFO  
