2022-04-12 08:48:40,711 INFO  ==============================================================
2022-04-12 08:48:40,712 INFO  Id:    tedge_software_update
2022-04-12 08:48:40,713 INFO  Dir:   tedge/
2022-04-12 08:48:40,714 INFO  Title: Software install from download path
2022-04-12 08:48:40,715 INFO  ==============================================================
2022-04-12 08:48:40,723 INFO  EnvironmentC8y Setup
2022-04-12 08:48:41,285 INFO  Executed systemctl<serv_mapper1>, exit status 3
2022-04-12 08:48:55,078 INFO  Executed sudo<tedge_connect_c8y>, exit status 0, duration 13 secs
2022-04-12 08:48:55,648 INFO  Executed sudo<tedge_connect_c8y_test>, exit status 0
2022-04-12 08:48:56,161 INFO  Executed systemctl<serv_mosq2>, exit status 0
2022-04-12 08:48:56,624 INFO  Executed systemctl<serv_mapper3>, exit status 0
2022-04-12 08:48:56,626 INFO  Setup
2022-04-12 08:48:57,189 INFO  Executed sudo<mkdir>, exit status 0
2022-04-12 08:48:57,761 INFO  Executed sudo<chmod>, exit status 0
2022-04-12 08:48:58,274 INFO  Executed sudo<tedge_config_get_original>, exit status 0
2022-04-12 08:48:58,787 INFO  Executed sudo, exit status 0
2022-04-12 08:48:59,307 INFO  Executed sudo<tedge_config_get_new_value>, exit status 0
2022-04-12 08:48:59,821 INFO  Executed sudo<rolldice_download>, exit status 0
2022-04-12 08:48:59,829 INFO  Grep on file tedge_config_get_new_value.out ... passed
2022-04-12 08:48:59,838 INFO  
2022-04-12 08:48:59,839 INFO  cleanup:
2022-04-12 08:49:00,461 INFO  Executed sudo, exit status 0
2022-04-12 08:49:00,975 INFO  Executed sudo<tedge_config_get_cleanup>, exit status 0
2022-04-12 08:49:00,981 INFO  Grep on file tedge_config_get_cleanup.out ... passed
2022-04-12 08:49:01,545 INFO  Executed sudo<rmdir>, exit status 0
2022-04-12 08:49:05,477 INFO  Executed sudo<tedge_disconnect_c8y>, exit status 0
2022-04-12 08:49:06,003 INFO  Executed systemctl<serv_mapper5>, exit status 3
2022-04-12 08:49:06,007 INFO  
2022-04-12 08:49:06,008 INFO  Test duration: 25.30 secs
2022-04-12 08:49:06,009 INFO  Test final outcome:  PASSED
2022-04-12 08:49:06,010 INFO  
