2022-04-14 07:16:59,135 INFO  ==============================================================
2022-04-14 07:16:59,136 INFO  Id:    SoftwareManagement.sm_apt_install_remove_multiple_mixed
2022-04-14 07:16:59,137 INFO  Dir:   software_management_end_to_end/
2022-04-14 07:16:59,138 INFO  Title: Validate end to end behaviour for the apt plugin for multiple packages with mixed versions
2022-04-14 07:16:59,138 INFO  ==============================================================
2022-04-14 07:16:59,148 INFO  Using sw id database: {'asciijump': '5475369', 'robotfindskitten': '5474869', 'squirrel3': '5475279', 'rolldice': '5152439', 'moon-buggy': '5439204', 'apple': '5495053', 'banana': '5494888', 'cherry': '5495382', 'watermelon': '5494510', 'registry': '8018911', 'hello-world': '8021526', 'docker/getting-started': '8021973', 'alpine': '7991792'}
2022-04-14 07:16:59,149 INFO  EnvironmentC8y Setup
2022-04-14 07:16:59,711 INFO  Executed systemctl<serv_mapper1>, exit status 3
2022-04-14 07:16:59,814 INFO  Restarting mosquitto too frequently in the last 10 seconds. It was only up for 4 seconds
2022-04-14 07:16:59,815 INFO  Delaying execution by 7 seconds
2022-04-14 07:17:21,095 INFO  Executed sudo<tedge_connect_c8y>, exit status 0, duration 14 secs
2022-04-14 07:17:21,761 INFO  Executed sudo<tedge_connect_c8y_test>, exit status 0
2022-04-14 07:17:22,224 INFO  Executed systemctl<serv_mosq2>, exit status 0
2022-04-14 07:17:22,687 INFO  Executed systemctl<serv_mapper3>, exit status 0
2022-04-14 07:17:24,914 INFO  State of current operation: PENDING
2022-04-14 07:17:27,147 INFO  State of current operation: PENDING
2022-04-14 07:17:29,363 INFO  State of current operation: PENDING
2022-04-14 07:17:31,580 INFO  State of current operation: PENDING
2022-04-14 07:17:33,926 INFO  State of current operation: PENDING
2022-04-14 07:17:36,140 INFO  State of current operation: PENDING
2022-04-14 07:17:38,385 INFO  State of current operation: PENDING
2022-04-14 07:17:40,607 INFO  State of current operation: PENDING
2022-04-14 07:17:42,823 INFO  State of current operation: PENDING
2022-04-14 07:17:45,042 INFO  State of current operation: PENDING
2022-04-14 07:17:47,259 INFO  State of current operation: PENDING
2022-04-14 07:17:49,480 INFO  State of current operation: PENDING
2022-04-14 07:17:51,695 INFO  State of current operation: PENDING
2022-04-14 07:17:53,927 INFO  State of current operation: PENDING
2022-04-14 07:17:56,145 INFO  State of current operation: PENDING
2022-04-14 07:17:58,360 INFO  State of current operation: PENDING
2022-04-14 07:18:00,572 INFO  State of current operation: PENDING
2022-04-14 07:18:02,806 INFO  State of current operation: PENDING
2022-04-14 07:18:05,023 INFO  State of current operation: PENDING
2022-04-14 07:18:07,233 INFO  State of current operation: PENDING
2022-04-14 07:18:09,451 INFO  State of current operation: PENDING
2022-04-14 07:18:11,668 INFO  State of current operation: PENDING
2022-04-14 07:18:13,934 INFO  State of current operation: PENDING
2022-04-14 07:18:16,152 INFO  State of current operation: PENDING
2022-04-14 07:18:18,371 INFO  State of current operation: PENDING
2022-04-14 07:18:20,590 INFO  State of current operation: PENDING
2022-04-14 07:18:22,809 INFO  State of current operation: PENDING
2022-04-14 07:18:25,025 INFO  State of current operation: PENDING
2022-04-14 07:18:27,241 INFO  State of current operation: PENDING
2022-04-14 07:18:29,462 INFO  State of current operation: PENDING
2022-04-14 07:18:31,679 INFO  State of current operation: PENDING
2022-04-14 07:18:34,001 INFO  State of current operation: PENDING
2022-04-14 07:18:36,223 INFO  State of current operation: PENDING
2022-04-14 07:18:38,447 INFO  State of current operation: PENDING
2022-04-14 07:18:40,703 INFO  State of current operation: PENDING
2022-04-14 07:18:42,923 INFO  State of current operation: PENDING
2022-04-14 07:18:45,162 INFO  State of current operation: PENDING
2022-04-14 07:18:47,430 INFO  State of current operation: PENDING
2022-04-14 07:18:49,645 INFO  State of current operation: PENDING
2022-04-14 07:18:51,868 INFO  State of current operation: PENDING
2022-04-14 07:18:54,095 INFO  State of current operation: PENDING
2022-04-14 07:18:56,308 INFO  State of current operation: PENDING
2022-04-14 07:18:58,525 INFO  State of current operation: PENDING
2022-04-14 07:19:00,738 INFO  State of current operation: PENDING
2022-04-14 07:19:02,956 INFO  State of current operation: PENDING
2022-04-14 07:19:05,169 INFO  State of current operation: PENDING
2022-04-14 07:19:07,388 INFO  State of current operation: PENDING
2022-04-14 07:19:09,605 INFO  State of current operation: PENDING
2022-04-14 07:19:11,828 INFO  State of current operation: PENDING
2022-04-14 07:19:14,083 INFO  State of current operation: PENDING
2022-04-14 07:19:16,300 INFO  State of current operation: PENDING
2022-04-14 07:19:18,519 INFO  State of current operation: PENDING
2022-04-14 07:19:20,738 INFO  State of current operation: PENDING
2022-04-14 07:19:22,973 INFO  State of current operation: PENDING
2022-04-14 07:19:25,195 INFO  State of current operation: PENDING
2022-04-14 07:19:27,415 INFO  State of current operation: PENDING
2022-04-14 07:19:29,629 INFO  State of current operation: PENDING
2022-04-14 07:19:31,846 INFO  State of current operation: PENDING
2022-04-14 07:19:34,119 INFO  State of current operation: PENDING
2022-04-14 07:19:36,346 INFO  State of current operation: PENDING
2022-04-14 07:19:38,569 INFO  State of current operation: PENDING
2022-04-14 07:19:40,573 WARN  SystemError occurred while running test - Timeout while waiting for status FAILED or SUCCESSFUL
Traceback (most recent call last):
  File "/home/pi/env-pysys/lib/python3.7/site-packages/pysys/baserunner.py", line 1292, in __call__
    self.testObj.setup()
  File "/home/pi/actions-runner/_work/thin-edge.io/thin-edge.io/tests/PySys/software_management_end_to_end/sm_apt_install_remove_multiple_mixed/run.py", line 73, in setup
    super().setup()
  File "/home/pi/actions-runner/_work/thin-edge.io/thin-edge.io/tests/PySys/software_management_end_to_end/environment_sm_management.py", line 151, in setup
    self.wait_until_end()
  File "/home/pi/actions-runner/_work/thin-edge.io/thin-edge.io/tests/PySys/software_management_end_to_end/environment_sm_management.py", line 332, in wait_until_end
    self.wait_until_status("FAILED", "SUCCESSFUL")
  File "/home/pi/actions-runner/_work/thin-edge.io/thin-edge.io/tests/PySys/software_management_end_to_end/environment_sm_management.py", line 381, in wait_until_status
    "Timeout while waiting for status %s or %s" % (status, status2)
SystemError: Timeout while waiting for status FAILED or SUCCESSFUL
2022-04-14 07:19:40,607 WARN  SystemError: Timeout while waiting for status FAILED or SUCCESSFUL ... blocked 
2022-04-14 07:19:40,608 INFO  
2022-04-14 07:19:40,623 INFO  cleanup:
2022-04-14 07:19:45,153 INFO  Executed sudo<tedge_disconnect_c8y>, exit status 0
2022-04-14 07:19:45,716 INFO  Executed systemctl<serv_mapper5>, exit status 3
2022-04-14 07:19:45,720 INFO  
2022-04-14 07:19:45,721 INFO  Test duration: 166.59 secs
2022-04-14 07:19:45,722 INFO  Test final outcome:  BLOCKED
2022-04-14 07:19:45,723 INFO  Test outcome reason: SystemError: Timeout while waiting for status FAILED or SUCCESSFUL
2022-04-14 07:19:45,724 INFO  
