2022-04-15 08:56:22,441 INFO  ==============================================================
2022-04-15 08:56:22,442 INFO  Id:    invalid_device_id
2022-04-15 08:56:22,443 INFO  Dir:   misc_features/
2022-04-15 08:56:22,445 INFO  Title: Invalid Device ID
2022-04-15 08:56:22,445 INFO  ==============================================================
2022-04-15 08:56:22,963 INFO  Executed sudo<create_cert_dir>, exit status 0
2022-04-15 08:56:23,476 INFO  Executed sudo<create_cert_dir>, exit status 0
2022-04-15 08:56:23,988 INFO  Executed sudo<set_cert_path>, exit status 0
2022-04-15 08:56:24,501 INFO  Executed sudo<set_key_path>, exit status 0
2022-04-15 08:56:25,014 INFO  Executed sudo<cert_create>, exit status 1
2022-04-15 08:56:25,020 INFO  Grep on file cert_create.err ... passed
2022-04-15 08:56:25,026 INFO  
2022-04-15 08:56:25,026 INFO  cleanup:
2022-04-15 08:56:25,538 INFO  Executed sudo<unset_cert_path>, exit status 0
2022-04-15 08:56:26,050 INFO  Executed sudo<unset_key_path>, exit status 0
2022-04-15 08:56:26,614 INFO  Executed sudo<remove_cert_dir>, exit status 0
2022-04-15 08:56:26,618 INFO  
2022-04-15 08:56:26,620 INFO  Test duration: 4.18 secs
2022-04-15 08:56:26,621 INFO  Test final outcome:  PASSED
2022-04-15 08:56:26,623 INFO  
