2022-05-02 16:04:05,326 INFO  ==============================================================
2022-05-02 16:04:05,327 INFO  Id:    SoftwareManagement.sm_apt_install_download_path
2022-05-02 16:04:05,328 INFO  Dir:   software_management_end_to_end/
2022-05-02 16:04:05,329 INFO  Title: Install package to directory specified in tedge config set tmp.path
2022-05-02 16:04:05,330 INFO  ==============================================================
2022-05-02 16:04:06,573 INFO  Using sw id database: {'asciijump': '5475369', 'robotfindskitten': '5474869', 'squirrel3': '5475279', 'rolldice': '5152439', 'moon-buggy': '5439204', 'apple': '5495053', 'banana': '5494888', 'cherry': '5495382', 'watermelon': '5494510', 'registry': '8018911', 'hello-world': '8021526', 'docker/getting-started': '8021973', 'alpine': '7991792'}
2022-05-02 16:04:06,574 INFO  EnvironmentC8y Setup
2022-05-02 16:04:07,136 INFO  Executed systemctl<serv_mapper1>, exit status 3
2022-05-02 16:04:21,580 INFO  Executed sudo<tedge_connect_c8y>, exit status 0, duration 14 secs
2022-05-02 16:04:22,166 INFO  Executed sudo<tedge_connect_c8y_test>, exit status 0
2022-05-02 16:04:22,641 INFO  Executed systemctl<serv_mosq2>, exit status 0
2022-05-02 16:04:23,121 INFO  Executed systemctl<serv_mapper3>, exit status 0
2022-05-02 16:04:25,389 INFO  State of current operation: FAILED
2022-05-02 16:04:25,605 INFO  Assert that (False == value) with value=False ... passed
2022-05-02 16:04:26,118 INFO  Executed sudo, exit status 0
2022-05-02 16:04:26,629 INFO  Executed sudo, exit status 0
2022-05-02 16:04:27,294 INFO  Executed sudo, exit status 0
2022-05-02 16:04:31,284 INFO  Executed sudo<tedge_disconnect_c8y>, exit status 0
2022-05-02 16:04:31,421 INFO  Restarting mosquitto too frequently in the last 10 seconds. It was only up for 3 seconds
2022-05-02 16:04:31,423 INFO  Delaying execution by 8 seconds
2022-05-02 16:04:53,539 INFO  Executed sudo<tedge_connect_c8y>, exit status 0, duration 14 secs
2022-05-02 16:04:53,800 INFO  Response status: 201
2022-05-02 16:04:53,803 INFO  Response to action: {
    "creationTime": "2022-05-02T16:04:53.761Z",
    "deviceName": "mythicc",
    "deviceId": "18176681",
    "self": "https://t493319102.eu-latest.cumulocity.com/devicecontrol/operations/18212042",
    "id": "18212042",
    "status": "PENDING",
    "description": "Apply software changes, triggered from PySys: [{'name': 'rolldice', 'id': '5152439', 'version': '::apt', 'url': 'https://thin-edge-io.eu-latest.cumulocity.com/inventory/binaries/12435463', 'action': 'install'}]",
    "c8y_SoftwareUpdate": [
        {
            "name": "rolldice",
            "action": "install",
            "id": "5152439",
            "version": "::apt",
            "url": "https://thin-edge-io.eu-latest.cumulocity.com/inventory/binaries/12435463"
        }
    ]
}
2022-05-02 16:04:53,804 INFO  Started operation: {'creationTime': '2022-05-02T16:04:53.761Z', 'deviceName': 'mythicc', 'deviceId': '18176681', 'self': 'https://t493319102.eu-latest.cumulocity.com/devicecontrol/operations/18212042', 'id': '18212042', 'status': 'PENDING', 'description': "Apply software changes, triggered from PySys: [{'name': 'rolldice', 'id': '5152439', 'version': '::apt', 'url': 'https://thin-edge-io.eu-latest.cumulocity.com/inventory/binaries/12435463', 'action': 'install'}]", 'c8y_SoftwareUpdate': [{'name': 'rolldice', 'action': 'install', 'id': '5152439', 'version': '::apt', 'url': 'https://thin-edge-io.eu-latest.cumulocity.com/inventory/binaries/12435463'}]}
2022-05-02 16:04:53,809 WARN  , retrying in 0.5 seconds...
2022-05-02 16:04:54,314 WARN  , retrying in 0.5 seconds...
2022-05-02 16:04:54,816 WARN  , retrying in 0.5 seconds...
2022-05-02 16:04:55,319 WARN  , retrying in 0.5 seconds...
2022-05-02 16:04:55,823 WARN  , retrying in 0.5 seconds...
2022-05-02 16:04:56,325 WARN  , retrying in 0.5 seconds...
2022-05-02 16:04:56,828 WARN  , retrying in 0.5 seconds...
2022-05-02 16:04:57,331 WARN  , retrying in 0.5 seconds...
2022-05-02 16:04:57,835 WARN  , retrying in 0.5 seconds...
2022-05-02 16:04:58,337 WARN  AssertionError occurred while running test - 
Traceback (most recent call last):
  File "/home/pi/env-pysys/lib/python3.7/site-packages/pysys/baserunner.py", line 1294, in __call__
    self.testObj.execute()
  File "/home/pi/actions-runner/_work/thin-edge.io/thin-edge.io/tests/PySys/software_management_end_to_end/sm_apt_install_download_path/run.py", line 83, in execute
    assert_install_in_download_path(install_directory=self.DOWNLOAD_DIR)
  File "/home/pi/env-pysys/lib/python3.7/site-packages/decorator.py", line 232, in fun
    return caller(func, *(extras + args), **kw)
  File "/home/pi/env-pysys/lib/python3.7/site-packages/retry/api.py", line 74, in retry_decorator
    logger)
  File "/home/pi/env-pysys/lib/python3.7/site-packages/retry/api.py", line 33, in __retry_internal
    return f()
  File "/home/pi/actions-runner/_work/thin-edge.io/thin-edge.io/tests/PySys/software_management_end_to_end/sm_apt_install_download_path/run.py", line 28, in assert_install_in_download_path
    assert "rolldice" in os.listdir(f"{install_directory}")
AssertionError
2022-05-02 16:04:58,385 WARN  AssertionError: ... blocked 
2022-05-02 16:04:58,387 INFO  
2022-05-02 16:04:58,389 INFO  cleanup:
2022-05-02 16:04:58,911 INFO  Executed sudo, exit status 0
2022-05-02 16:04:59,476 INFO  Executed sudo, exit status 0
2022-05-02 16:05:03,692 INFO  Executed sudo<tedge_disconnect_c8y>, exit status 0
2022-05-02 16:05:03,799 INFO  Restarting mosquitto too frequently in the last 10 seconds. It was only up for 3 seconds
2022-05-02 16:05:03,801 INFO  Delaying execution by 8 seconds
2022-05-02 16:05:25,742 INFO  Executed sudo<tedge_connect_c8y>, exit status 0, duration 13 secs
2022-05-02 16:05:29,975 INFO  Executed sudo<tedge_disconnect_c8y>, exit status 0
2022-05-02 16:05:30,538 INFO  Executed systemctl<serv_mapper5>, exit status 3
2022-05-02 16:05:30,542 INFO  
2022-05-02 16:05:30,543 INFO  Test duration: 85.23 secs
2022-05-02 16:05:30,544 INFO  Test final outcome:  BLOCKED
2022-05-02 16:05:30,545 INFO  Test outcome reason: AssertionError:
2022-05-02 16:05:30,546 INFO  
