2022-05-16 07:40:51,124 INFO  ==============================================================
2022-05-16 07:40:51,125 INFO  Id:    SoftwareManagement.sm_apt_install_remove_default
2022-05-16 07:40:51,125 INFO  Dir:   software_management_end_to_end/
2022-05-16 07:40:51,125 INFO  Title: Validate end to end behaviour for the default plugin for installation and removal of packages
2022-05-16 07:40:51,125 INFO  ==============================================================
2022-05-16 07:40:51,125 INFO  Using sw id database: {'asciijump': '5475369', 'robotfindskitten': '5474869', 'squirrel3': '5475279', 'rolldice': '5152439', 'moon-buggy': '5439204', 'apple': '5495053', 'banana': '5494888', 'cherry': '5495382', 'watermelon': '5494510', 'registry': '8018911', 'hello-world': '8021526', 'docker/getting-started': '8021973', 'alpine': '7991792'}
2022-05-16 07:40:51,125 INFO  EnvironmentC8y Setup
2022-05-16 07:40:51,227 INFO  Executed systemctl<serv_mapper1>, exit status 3
2022-05-16 07:40:51,240 INFO  Restarting mosquitto too frequently in the last 10 seconds. It was only up for 1 seconds
2022-05-16 07:40:51,240 INFO  Delaying execution by 10 seconds
2022-05-16 07:41:18,614 INFO  Executed sudo<tedge_connect_c8y>, exit status 0, duration 17 secs
2022-05-16 07:41:18,766 INFO  Executed sudo<tedge_connect_c8y_test>, exit status 0
2022-05-16 07:41:18,869 INFO  Executed systemctl<serv_mosq2>, exit status 0
2022-05-16 07:41:18,972 INFO  Executed systemctl<serv_mapper3>, exit status 0
2022-05-16 07:41:21,114 INFO  State of current operation: SUCCESSFUL
2022-05-16 07:41:21,247 INFO  Assert that (False == value) with value=False ... passed
2022-05-16 07:41:21,372 INFO  Response status: 201
2022-05-16 07:41:21,372 INFO  Response to action: {
    "creationTime": "2022-05-16T07:41:21.331Z",
    "deviceId": "19055162",
    "deviceName": "ubuntu-2gb-hel1-4-thin-edge-a",
    "self": "https://t493319102.eu-latest.cumulocity.com/devicecontrol/operations/19118765",
    "id": "19118765",
    "status": "PENDING",
    "description": "Apply software changes, triggered from PySys: [{'name': 'rolldice', 'id': '5152439', 'version': ' ', 'url': '', 'action': 'install'}]",
    "c8y_SoftwareUpdate": [
        {
            "name": "rolldice",
            "action": "install",
            "id": "5152439",
            "version": " ",
            "url": ""
        }
    ]
}
2022-05-16 07:41:21,372 INFO  Started operation: {'creationTime': '2022-05-16T07:41:21.331Z', 'deviceId': '19055162', 'deviceName': 'ubuntu-2gb-hel1-4-thin-edge-a', 'self': 'https://t493319102.eu-latest.cumulocity.com/devicecontrol/operations/19118765', 'id': '19118765', 'status': 'PENDING', 'description': "Apply software changes, triggered from PySys: [{'name': 'rolldice', 'id': '5152439', 'version': ' ', 'url': '', 'action': 'install'}]", 'c8y_SoftwareUpdate': [{'name': 'rolldice', 'action': 'install', 'id': '5152439', 'version': ' ', 'url': ''}]}
2022-05-16 07:41:23,479 INFO  State of operation 19118765 : EXECUTING
2022-05-16 07:41:25,588 INFO  State of operation 19118765 : EXECUTING
2022-05-16 07:41:27,696 INFO  State of operation 19118765 : EXECUTING
2022-05-16 07:41:29,800 INFO  State of operation 19118765 : EXECUTING
2022-05-16 07:41:31,909 INFO  State of operation 19118765 : SUCCESSFUL
2022-05-16 07:41:32,037 INFO  Package rolldice is installed
2022-05-16 07:41:32,037 INFO  Assert that (True == value) with value=True ... passed
2022-05-16 07:41:32,154 INFO  Response status: 201
2022-05-16 07:41:32,154 INFO  Response to action: {
    "creationTime": "2022-05-16T07:41:32.117Z",
    "deviceId": "19055162",
    "deviceName": "ubuntu-2gb-hel1-4-thin-edge-a",
    "self": "https://t493319102.eu-latest.cumulocity.com/devicecontrol/operations/19118767",
    "id": "19118767",
    "status": "PENDING",
    "description": "Apply software changes, triggered from PySys: [{'name': 'rolldice', 'id': '5152439', 'version': ' ', 'url': '', 'action': 'delete'}]",
    "c8y_SoftwareUpdate": [
        {
            "name": "rolldice",
            "action": "delete",
            "id": "5152439",
            "version": " ",
            "url": ""
        }
    ]
}
2022-05-16 07:41:32,155 INFO  Started operation: {'creationTime': '2022-05-16T07:41:32.117Z', 'deviceId': '19055162', 'deviceName': 'ubuntu-2gb-hel1-4-thin-edge-a', 'self': 'https://t493319102.eu-latest.cumulocity.com/devicecontrol/operations/19118767', 'id': '19118767', 'status': 'PENDING', 'description': "Apply software changes, triggered from PySys: [{'name': 'rolldice', 'id': '5152439', 'version': ' ', 'url': '', 'action': 'delete'}]", 'c8y_SoftwareUpdate': [{'name': 'rolldice', 'action': 'delete', 'id': '5152439', 'version': ' ', 'url': ''}]}
2022-05-16 07:41:34,289 INFO  State of operation 19118767 : EXECUTING
2022-05-16 07:41:36,400 INFO  State of operation 19118767 : EXECUTING
2022-05-16 07:41:38,507 INFO  State of operation 19118767 : EXECUTING
2022-05-16 07:41:40,623 INFO  State of operation 19118767 : SUCCESSFUL
2022-05-16 07:41:40,751 INFO  Assert that (False == value) with value=False ... passed
2022-05-16 07:41:40,751 INFO  
2022-05-16 07:41:40,751 INFO  cleanup:
2022-05-16 07:41:51,605 INFO  Executed sudo<tedge_disconnect_c8y>, exit status 0
2022-05-16 07:41:51,707 INFO  Executed systemctl<serv_mapper5>, exit status 3
2022-05-16 07:41:51,708 INFO  
2022-05-16 07:41:51,708 INFO  Test duration: 60.58 secs
2022-05-16 07:41:51,708 INFO  Test final outcome:  PASSED
2022-05-16 07:41:51,708 INFO  
