2022-05-16 08:52:22,534 INFO  ==============================================================
2022-05-16 08:52:22,535 INFO  Id:    SoftwareManagement.sm_mixed_install_remove_multiple
2022-05-16 08:52:22,536 INFO  Dir:   software_management_end_to_end/
2022-05-16 08:52:22,537 INFO  Title: Validate end to end behaviour for the dummy-plugin for multiple packages with mixed versions
2022-05-16 08:52:22,538 INFO  ==============================================================
2022-05-16 08:52:22,549 INFO  Using sw id database: {'asciijump': '5475369', 'robotfindskitten': '5474869', 'squirrel3': '5475279', 'rolldice': '5152439', 'moon-buggy': '5439204', 'apple': '5495053', 'banana': '5494888', 'cherry': '5495382', 'watermelon': '5494510', 'registry': '8018911', 'hello-world': '8021526', 'docker/getting-started': '8021973', 'alpine': '7991792'}
2022-05-16 08:52:22,550 INFO  EnvironmentC8y Setup
2022-05-16 08:52:23,111 INFO  Executed systemctl<serv_mapper1>, exit status 3
2022-05-16 08:52:23,219 INFO  Restarting mosquitto too frequently in the last 10 seconds. It was only up for 6 seconds
2022-05-16 08:52:23,220 INFO  Delaying execution by 5 seconds
2022-05-16 08:52:45,586 INFO  Executed sudo<tedge_connect_c8y>, exit status 0, duration 17 secs
2022-05-16 08:52:46,200 INFO  Executed sudo<tedge_connect_c8y_test>, exit status 0
2022-05-16 08:52:46,712 INFO  Executed systemctl<serv_mosq2>, exit status 0
2022-05-16 08:52:47,225 INFO  Executed systemctl<serv_mapper3>, exit status 0
2022-05-16 08:52:49,707 INFO  State of current operation: SUCCESSFUL
2022-05-16 08:52:49,945 INFO  Package apple is installed
2022-05-16 08:52:49,948 INFO  Assert that (True == value) with value=True ... passed
2022-05-16 08:52:50,213 INFO  Package banana is installed
2022-05-16 08:52:50,215 INFO  Assert that (True == value) with value=True ... passed
2022-05-16 08:52:50,493 INFO  Package cherry is installed
2022-05-16 08:52:50,495 INFO  Assert that (True == value) with value=True ... passed
2022-05-16 08:52:50,761 INFO  Package asciijump is installed
2022-05-16 08:52:50,801 WARN  Assert that (False == value) with value=True ... failed 
2022-05-16 08:52:51,052 INFO  Assert that (False == value) with value=False ... passed
2022-05-16 08:52:51,331 INFO  Response status: 201
2022-05-16 08:52:51,334 INFO  Response to action: {
    "creationTime": "2022-05-16T08:52:51.269Z",
    "deviceId": "19051705",
    "deviceName": "m32sd11f",
    "self": "https://t493319102.eu-latest.cumulocity.com/devicecontrol/operations/19156117",
    "id": "19156117",
    "status": "PENDING",
    "description": "Apply software changes, triggered from PySys: [{'action': 'install', 'id': '5495053', 'name': 'apple', 'url': ' ', 'version': '::fruits'}, {'action': 'install', 'id': '5494888', 'name': 'banana', 'url': ' ', 'version': '::fruits'}, {'action': 'install', 'id': '5475369', 'name': 'asciijump', 'url': ' ', 'version': '::apt'}, {'action': 'install', 'id': '5495382', 'name': 'cherry', 'url': ' ', 'version': '::fruits'}, {'action': 'install', 'id': '8018911', 'name': 'registry', 'url': ' ', 'version': '::docker'}]",
    "c8y_SoftwareUpdate": [
        {
            "name": "apple",
            "action": "install",
            "id": "5495053",
            "version": "::fruits",
            "url": " "
        },
        {
            "name": "banana",
            "action": "install",
            "id": "5494888",
            "version": "::fruits",
            "url": " "
        },
        {
            "name": "asciijump",
            "action": "install",
            "id": "5475369",
            "version": "::apt",
            "url": " "
        },
        {
            "name": "cherry",
            "action": "install",
            "id": "5495382",
            "version": "::fruits",
            "url": " "
        },
        {
            "name": "registry",
            "action": "install",
            "id": "8018911",
            "version": "::docker",
            "url": " "
        }
    ]
}
2022-05-16 08:52:51,336 INFO  Started operation: {'creationTime': '2022-05-16T08:52:51.269Z', 'deviceId': '19051705', 'deviceName': 'm32sd11f', 'self': 'https://t493319102.eu-latest.cumulocity.com/devicecontrol/operations/19156117', 'id': '19156117', 'status': 'PENDING', 'description': "Apply software changes, triggered from PySys: [{'action': 'install', 'id': '5495053', 'name': 'apple', 'url': ' ', 'version': '::fruits'}, {'action': 'install', 'id': '5494888', 'name': 'banana', 'url': ' ', 'version': '::fruits'}, {'action': 'install', 'id': '5475369', 'name': 'asciijump', 'url': ' ', 'version': '::apt'}, {'action': 'install', 'id': '5495382', 'name': 'cherry', 'url': ' ', 'version': '::fruits'}, {'action': 'install', 'id': '8018911', 'name': 'registry', 'url': ' ', 'version': '::docker'}]", 'c8y_SoftwareUpdate': [{'name': 'apple', 'action': 'install', 'id': '5495053', 'version': '::fruits', 'url': ' '}, {'name': 'banana', 'action': 'install', 'id': '5494888', 'version': '::fruits', 'url': ' '}, {'name': 'asciijump', 'action': 'install', 'id': '5475369', 'version': '::apt', 'url': ' '}, {'name': 'cherry', 'action': 'install', 'id': '5495382', 'version': '::fruits', 'url': ' '}, {'name': 'registry', 'action': 'install', 'id': '8018911', 'version': '::docker', 'url': ' '}]}
2022-05-16 08:52:53,569 INFO  State of operation 19156117 : PENDING
2022-05-16 08:52:55,809 INFO  State of operation 19156117 : EXECUTING
2022-05-16 08:52:58,058 INFO  State of operation 19156117 : EXECUTING
2022-05-16 08:53:00,281 INFO  State of operation 19156117 : EXECUTING
2022-05-16 08:53:02,503 INFO  State of operation 19156117 : EXECUTING
2022-05-16 08:53:04,727 INFO  State of operation 19156117 : EXECUTING
2022-05-16 08:53:06,958 INFO  State of operation 19156117 : EXECUTING
2022-05-16 08:53:10,042 INFO  State of operation 19156117 : EXECUTING
2022-05-16 08:53:12,682 INFO  State of operation 19156117 : EXECUTING
2022-05-16 08:53:15,563 INFO  State of operation 19156117 : EXECUTING
2022-05-16 08:53:18,073 INFO  State of operation 19156117 : EXECUTING
2022-05-16 08:53:20,290 INFO  State of operation 19156117 : EXECUTING
2022-05-16 08:53:22,509 INFO  State of operation 19156117 : EXECUTING
2022-05-16 08:53:24,774 INFO  State of operation 19156117 : EXECUTING
2022-05-16 08:53:26,995 INFO  State of operation 19156117 : EXECUTING
2022-05-16 08:53:29,233 INFO  State of operation 19156117 : EXECUTING
2022-05-16 08:53:31,514 INFO  State of operation 19156117 : EXECUTING
2022-05-16 08:53:33,738 INFO  State of operation 19156117 : EXECUTING
2022-05-16 08:53:36,197 INFO  State of operation 19156117 : EXECUTING
2022-05-16 08:53:38,560 INFO  State of operation 19156117 : EXECUTING
2022-05-16 08:53:40,880 INFO  State of operation 19156117 : EXECUTING
2022-05-16 08:53:43,146 INFO  State of operation 19156117 : EXECUTING
2022-05-16 08:53:45,364 INFO  State of operation 19156117 : EXECUTING
2022-05-16 08:53:47,638 INFO  State of operation 19156117 : EXECUTING
2022-05-16 08:53:50,559 INFO  State of operation 19156117 : EXECUTING
2022-05-16 08:53:53,146 INFO  State of operation 19156117 : EXECUTING
2022-05-16 08:53:55,395 INFO  State of operation 19156117 : EXECUTING
2022-05-16 08:53:57,738 INFO  State of operation 19156117 : EXECUTING
2022-05-16 08:53:59,964 INFO  State of operation 19156117 : EXECUTING
2022-05-16 08:54:02,192 INFO  State of operation 19156117 : EXECUTING
2022-05-16 08:54:04,406 INFO  State of operation 19156117 : SUCCESSFUL
2022-05-16 08:54:04,642 INFO  Package apple is installed
2022-05-16 08:54:04,644 INFO  Assert that (True == value) with value=True ... passed
2022-05-16 08:54:04,871 INFO  Package banana is installed
2022-05-16 08:54:04,873 INFO  Assert that (True == value) with value=True ... passed
2022-05-16 08:54:05,111 INFO  Package cherry is installed
2022-05-16 08:54:05,114 INFO  Assert that (True == value) with value=True ... passed
2022-05-16 08:54:05,348 INFO  Package asciijump is installed
2022-05-16 08:54:05,350 INFO  Assert that (True == value) with value=True ... passed
2022-05-16 08:54:05,582 INFO  Package registry is installed
2022-05-16 08:54:05,585 INFO  Assert that (True == value) with value=True ... passed
2022-05-16 08:54:05,862 INFO  Response status: 201
2022-05-16 08:54:05,864 INFO  Response to action: {
    "creationTime": "2022-05-16T08:54:05.810Z",
    "deviceId": "19051705",
    "deviceName": "m32sd11f",
    "self": "https://t493319102.eu-latest.cumulocity.com/devicecontrol/operations/19156123",
    "id": "19156123",
    "status": "PENDING",
    "description": "Apply software changes, triggered from PySys: [{'action': 'delete', 'id': '5495053', 'name': 'apple', 'url': ' ', 'version': '::fruits'}, {'action': 'delete', 'id': '5494888', 'name': 'banana', 'url': ' ', 'version': '::fruits'}, {'action': 'delete', 'id': '5475369', 'name': 'asciijump', 'url': ' ', 'version': '::apt'}, {'action': 'delete', 'id': '5495382', 'name': 'cherry', 'url': ' ', 'version': '::fruits'}, {'action': 'delete', 'id': '8018911', 'name': 'registry', 'url': ' ', 'version': '::docker'}]",
    "c8y_SoftwareUpdate": [
        {
            "name": "apple",
            "action": "delete",
            "id": "5495053",
            "version": "::fruits",
            "url": " "
        },
        {
            "name": "banana",
            "action": "delete",
            "id": "5494888",
            "version": "::fruits",
            "url": " "
        },
        {
            "name": "asciijump",
            "action": "delete",
            "id": "5475369",
            "version": "::apt",
            "url": " "
        },
        {
            "name": "cherry",
            "action": "delete",
            "id": "5495382",
            "version": "::fruits",
            "url": " "
        },
        {
            "name": "registry",
            "action": "delete",
            "id": "8018911",
            "version": "::docker",
            "url": " "
        }
    ]
}
2022-05-16 08:54:05,865 INFO  Started operation: {'creationTime': '2022-05-16T08:54:05.810Z', 'deviceId': '19051705', 'deviceName': 'm32sd11f', 'self': 'https://t493319102.eu-latest.cumulocity.com/devicecontrol/operations/19156123', 'id': '19156123', 'status': 'PENDING', 'description': "Apply software changes, triggered from PySys: [{'action': 'delete', 'id': '5495053', 'name': 'apple', 'url': ' ', 'version': '::fruits'}, {'action': 'delete', 'id': '5494888', 'name': 'banana', 'url': ' ', 'version': '::fruits'}, {'action': 'delete', 'id': '5475369', 'name': 'asciijump', 'url': ' ', 'version': '::apt'}, {'action': 'delete', 'id': '5495382', 'name': 'cherry', 'url': ' ', 'version': '::fruits'}, {'action': 'delete', 'id': '8018911', 'name': 'registry', 'url': ' ', 'version': '::docker'}]", 'c8y_SoftwareUpdate': [{'name': 'apple', 'action': 'delete', 'id': '5495053', 'version': '::fruits', 'url': ' '}, {'name': 'banana', 'action': 'delete', 'id': '5494888', 'version': '::fruits', 'url': ' '}, {'name': 'asciijump', 'action': 'delete', 'id': '5475369', 'version': '::apt', 'url': ' '}, {'name': 'cherry', 'action': 'delete', 'id': '5495382', 'version': '::fruits', 'url': ' '}, {'name': 'registry', 'action': 'delete', 'id': '8018911', 'version': '::docker', 'url': ' '}]}
2022-05-16 08:54:08,092 INFO  State of operation 19156123 : PENDING
2022-05-16 08:54:10,378 INFO  State of operation 19156123 : EXECUTING
2022-05-16 08:54:12,613 INFO  State of operation 19156123 : EXECUTING
2022-05-16 08:54:14,830 INFO  State of operation 19156123 : EXECUTING
2022-05-16 08:54:17,042 INFO  State of operation 19156123 : EXECUTING
2022-05-16 08:54:19,513 INFO  State of operation 19156123 : EXECUTING
2022-05-16 08:54:21,733 INFO  State of operation 19156123 : EXECUTING
2022-05-16 08:54:24,582 INFO  State of operation 19156123 : EXECUTING
2022-05-16 08:54:27,697 INFO  State of operation 19156123 : EXECUTING
2022-05-16 08:54:29,915 INFO  State of operation 19156123 : EXECUTING
2022-05-16 08:54:32,393 INFO  State of operation 19156123 : EXECUTING
2022-05-16 08:54:34,688 INFO  State of operation 19156123 : EXECUTING
2022-05-16 08:54:36,935 INFO  State of operation 19156123 : EXECUTING
2022-05-16 08:54:39,165 INFO  State of operation 19156123 : EXECUTING
2022-05-16 08:54:41,430 INFO  State of operation 19156123 : EXECUTING
2022-05-16 08:54:43,654 INFO  State of operation 19156123 : EXECUTING
2022-05-16 08:54:45,900 INFO  State of operation 19156123 : EXECUTING
2022-05-16 08:54:48,290 INFO  State of operation 19156123 : EXECUTING
2022-05-16 08:54:51,374 INFO  State of operation 19156123 : EXECUTING
2022-05-16 08:54:53,620 INFO  State of operation 19156123 : EXECUTING
2022-05-16 08:54:55,956 INFO  State of operation 19156123 : EXECUTING
2022-05-16 08:54:58,271 INFO  State of operation 19156123 : EXECUTING
2022-05-16 08:55:00,529 INFO  State of operation 19156123 : EXECUTING
2022-05-16 08:55:02,747 INFO  State of operation 19156123 : EXECUTING
2022-05-16 08:55:05,000 INFO  State of operation 19156123 : EXECUTING
2022-05-16 08:55:07,259 INFO  State of operation 19156123 : EXECUTING
2022-05-16 08:55:09,571 INFO  State of operation 19156123 : EXECUTING
2022-05-16 08:55:12,565 INFO  State of operation 19156123 : EXECUTING
2022-05-16 08:55:14,856 INFO  State of operation 19156123 : EXECUTING
2022-05-16 08:55:17,082 INFO  State of operation 19156123 : EXECUTING
2022-05-16 08:55:19,335 INFO  State of operation 19156123 : EXECUTING
2022-05-16 08:55:21,892 INFO  State of operation 19156123 : EXECUTING
2022-05-16 08:55:24,208 INFO  State of operation 19156123 : EXECUTING
2022-05-16 08:55:26,425 INFO  State of operation 19156123 : EXECUTING
2022-05-16 08:55:28,644 INFO  State of operation 19156123 : EXECUTING
2022-05-16 08:55:30,909 INFO  State of operation 19156123 : SUCCESSFUL
2022-05-16 08:55:31,225 INFO  Package apple is installed
2022-05-16 08:55:31,228 INFO  Assert that (True == value) with value=True ... passed
2022-05-16 08:55:31,498 INFO  Package banana is installed
2022-05-16 08:55:31,501 INFO  Assert that (True == value) with value=True ... passed
2022-05-16 08:55:31,760 INFO  Package cherry is installed
2022-05-16 08:55:31,763 INFO  Assert that (True == value) with value=True ... passed
2022-05-16 08:55:31,994 INFO  Assert that (False == value) with value=False ... passed
2022-05-16 08:55:32,233 INFO  Assert that (False == value) with value=False ... passed
2022-05-16 08:55:32,245 INFO  
2022-05-16 08:55:32,246 INFO  cleanup:
2022-05-16 08:55:38,021 INFO  Executed sudo<tedge_disconnect_c8y>, exit status 0
2022-05-16 08:55:38,633 INFO  Executed systemctl<serv_mapper5>, exit status 3
2022-05-16 08:55:38,639 INFO  
2022-05-16 08:55:38,640 INFO  Test duration: 196.11 secs
2022-05-16 08:55:38,641 INFO  Test final outcome:  FAILED
2022-05-16 08:55:38,642 INFO  Test outcome reason: Assert that (False == value) with value=True
2022-05-16 08:55:38,643 INFO  
