2022-04-07 16:37:56,268 INFO  ==============================================================
2022-04-07 16:37:56,269 INFO  Id:    apt_install_local_file_fail
2022-04-07 16:37:56,270 INFO  Dir:   plugin_apt/
2022-04-07 16:37:56,271 INFO  Title: Validate apt plugin install from local file - FAIL case
2022-04-07 16:37:56,271 DEBUG Execution order hint: 0.0
2022-04-07 16:37:56,273 INFO  ==============================================================
2022-04-07 16:37:56,279 DEBUG Process parameters for sudo
  command line : /usr/bin/sudo /usr/bin/apt-get remove -y rolldice
    arg #1     : /usr/bin/apt-get
    arg #2     : remove
    arg #3     : -y
    arg #4     : rolldice
  working dir  : /home/pi/actions-runner/_work/thin-edge.io/thin-edge.io/tests/PySys/plugin_apt/apt_install_local_file_fail/Output/linux
  stdout       : None
  stderr       : None
  environment  : LD_LIBRARY_PATH=/usr/lib
  environment  : PATH=/bin:/usr/bin:/usr/sbin:/usr/local/bin
                   #1  /bin
                   #2  /usr/bin
                   #3  /usr/sbin
                   #4  /usr/local/bin
2022-04-07 16:37:56,286 DEBUG Waiting up to 600 secs for process sudo (pid 1399)
2022-04-07 16:38:09,993 INFO  Executed sudo, exit status 0, duration 13 secs
2022-04-07 16:38:10,000 DEBUG Process parameters for sudo<outp_check_0>
  command line : /usr/bin/sudo /etc/tedge/sm-plugins/apt list
    arg #1     : /etc/tedge/sm-plugins/apt
    arg #2     : list
  working dir  : /home/pi/actions-runner/_work/thin-edge.io/thin-edge.io/tests/PySys/plugin_apt/apt_install_local_file_fail/Output/linux
  stdout       : /home/pi/actions-runner/_work/thin-edge.io/thin-edge.io/tests/PySys/plugin_apt/apt_install_local_file_fail/Output/linux/outp_check_0.out
  stderr       : /home/pi/actions-runner/_work/thin-edge.io/thin-edge.io/tests/PySys/plugin_apt/apt_install_local_file_fail/Output/linux/outp_check_0.err
  environment  : LD_LIBRARY_PATH=/usr/lib
  environment  : PATH=/bin:/usr/bin:/usr/sbin:/usr/local/bin
                   #1  /bin
                   #2  /usr/bin
                   #3  /usr/sbin
                   #4  /usr/local/bin
2022-04-07 16:38:10,008 DEBUG Waiting up to 600 secs for process sudo<outp_check_0> (pid 1427)
2022-04-07 16:38:15,303 INFO  Executed sudo<outp_check_0>, exit status 0
2022-04-07 16:38:15,305 INFO  Assert that (value==0) with value=0 ... passed
2022-04-07 16:38:15,306 DEBUG Performing regex contains=False grep on file: /home/pi/actions-runner/_work/thin-edge.io/thin-edge.io/tests/PySys/plugin_apt/apt_install_local_file_fail/Output/linux/outp_check_0.out
2022-04-07 16:38:15,331 INFO  Grep on file outp_check_0.out ... passed
2022-04-07 16:38:15,332 DEBUG --- test execute
2022-04-07 16:38:15,335 DEBUG Process parameters for sudo<outp_install>
  command line : /usr/bin/sudo /etc/tedge/sm-plugins/apt install rolldice --file /home/pi/actions-runner/_work/thin-edge.io/thin-edge.io/tests/PySys/notafile.deb
    arg #1     : /etc/tedge/sm-plugins/apt
    arg #2     : install
    arg #3     : rolldice
    arg #4     : --file
    arg #5     : /home/pi/actions-runner/_work/thin-edge.io/thin-edge.io/tests/PySys/notafile.deb
  working dir  : /home/pi/actions-runner/_work/thin-edge.io/thin-edge.io/tests/PySys/plugin_apt/apt_install_local_file_fail/Output/linux
  stdout       : /home/pi/actions-runner/_work/thin-edge.io/thin-edge.io/tests/PySys/plugin_apt/apt_install_local_file_fail/Output/linux/outp_install.out
  stderr       : /home/pi/actions-runner/_work/thin-edge.io/thin-edge.io/tests/PySys/plugin_apt/apt_install_local_file_fail/Output/linux/outp_install.err
  environment  : LD_LIBRARY_PATH=/usr/lib
  environment  : PATH=/bin:/usr/bin:/usr/sbin:/usr/local/bin
                   #1  /bin
                   #2  /usr/bin
                   #3  /usr/sbin
                   #4  /usr/local/bin
2022-04-07 16:38:15,342 DEBUG Waiting up to 600 secs for process sudo<outp_install> (pid 1434)
2022-04-07 16:38:15,870 INFO  Executed sudo<outp_install>, exit status 5
2022-04-07 16:38:15,872 INFO  Assert that (value==5) with value=5 ... passed
2022-04-07 16:38:15,873 DEBUG --- test validate
2022-04-07 16:38:15,875 DEBUG Process parameters for sudo<outp_check_1>
  command line : /usr/bin/sudo /etc/tedge/sm-plugins/apt list
    arg #1     : /etc/tedge/sm-plugins/apt
    arg #2     : list
  working dir  : /home/pi/actions-runner/_work/thin-edge.io/thin-edge.io/tests/PySys/plugin_apt/apt_install_local_file_fail/Output/linux
  stdout       : /home/pi/actions-runner/_work/thin-edge.io/thin-edge.io/tests/PySys/plugin_apt/apt_install_local_file_fail/Output/linux/outp_check_1.out
  stderr       : /home/pi/actions-runner/_work/thin-edge.io/thin-edge.io/tests/PySys/plugin_apt/apt_install_local_file_fail/Output/linux/outp_check_1.err
  environment  : LD_LIBRARY_PATH=/usr/lib
  environment  : PATH=/bin:/usr/bin:/usr/sbin:/usr/local/bin
                   #1  /bin
                   #2  /usr/bin
                   #3  /usr/sbin
                   #4  /usr/local/bin
2022-04-07 16:38:15,883 DEBUG Waiting up to 600 secs for process sudo<outp_check_1> (pid 1437)
2022-04-07 16:38:18,457 INFO  Executed sudo<outp_check_1>, exit status 0
2022-04-07 16:38:18,459 INFO  Assert that (value==0) with value=0 ... passed
2022-04-07 16:38:18,460 DEBUG Performing regex contains=False grep on file: /home/pi/actions-runner/_work/thin-edge.io/thin-edge.io/tests/PySys/plugin_apt/apt_install_local_file_fail/Output/linux/outp_check_1.out
2022-04-07 16:38:18,465 INFO  Grep on file outp_check_1.out ... passed
2022-04-07 16:38:18,471 DEBUG --- test cleanup
2022-04-07 16:38:18,472 DEBUG ProcessUser cleanup function done.
2022-04-07 16:38:18,475 INFO  
2022-04-07 16:38:18,476 INFO  Test duration: 22.21 secs
2022-04-07 16:38:18,477 INFO  Test final outcome:  PASSED
2022-04-07 16:38:18,478 INFO  
