2022-05-30 09:08:31,254 INFO  ==============================================================
2022-05-30 09:08:31,254 INFO  Id:    c8y_restart_bridge
2022-05-30 09:08:31,254 INFO  Dir:   tedge_connect/
2022-05-30 09:08:31,254 INFO  Title: Bridge restart
2022-05-30 09:08:31,254 INFO  ==============================================================
2022-05-30 09:08:31,255 INFO  EnvironmentC8y Setup
2022-05-30 09:08:31,357 INFO  Executed systemctl<serv_mapper1>, exit status 3
2022-05-30 09:08:31,374 INFO  Restarting mosquitto too frequently in the last 10 seconds. It was only up for 4 seconds
2022-05-30 09:08:31,374 INFO  Delaying execution by 7 seconds
2022-05-30 09:08:56,560 INFO  Executed sudo<tedge_connect_c8y>, exit status 0, duration 18 secs
2022-05-30 09:08:56,712 INFO  Executed sudo<tedge_connect_c8y_test>, exit status 0
2022-05-30 09:08:56,815 INFO  Executed systemctl<serv_mosq2>, exit status 0
2022-05-30 09:08:56,919 INFO  Executed systemctl<serv_mapper3>, exit status 0
2022-05-30 09:08:56,919 INFO  Setup
2022-05-30 09:08:56,919 INFO  Execute (empty in this case as we test the c8y enviroment)
2022-05-30 09:08:57,022 INFO  Executed systemctl<serv_mosq>, exit status 0
2022-05-30 09:08:57,125 INFO  Executed systemctl<serv_mapper4>, exit status 0
2022-05-30 09:08:57,125 INFO  Validate
2022-05-30 09:08:57,126 INFO  Grep on file tedge_connect_c8y.out ... passed
2022-05-30 09:08:57,127 INFO  Grep on file tedge_connect_c8y.out ... passed
2022-05-30 09:08:57,128 INFO  
2022-05-30 09:08:57,128 INFO  cleanup:
2022-05-30 09:08:57,128 INFO  MyCleanup
2022-05-30 09:08:57,148 INFO  Restarting mosquitto too frequently in the last 10 seconds. It was only up for 8 seconds
2022-05-30 09:08:57,148 INFO  Delaying execution by 3 seconds
2022-05-30 09:09:11,297 INFO  Executed sudo<tedge_disconnect_c8y>, exit status 0, duration 11 secs
2022-05-30 09:09:11,400 INFO  Executed systemctl<serv_mapper5>, exit status 3
2022-05-30 09:09:11,401 INFO  
2022-05-30 09:09:11,401 INFO  Test duration: 40.14 secs
2022-05-30 09:09:11,401 INFO  Test final outcome:  PASSED
2022-05-30 09:09:11,401 INFO  
