2022-05-10 20:35:30,716 INFO  ==============================================================
2022-05-10 20:35:30,717 INFO  Id:    SoftwareManagement.sm_apt_install_remove_default
2022-05-10 20:35:30,718 INFO  Dir:   software_management_end_to_end/
2022-05-10 20:35:30,719 INFO  Title: Validate end to end behaviour for the default plugin for installation and removal of packages
2022-05-10 20:35:30,720 INFO  ==============================================================
2022-05-10 20:35:30,727 INFO  Using sw id database: {'asciijump': '5475369', 'robotfindskitten': '5474869', 'squirrel3': '5475279', 'rolldice': '5152439', 'moon-buggy': '5439204', 'apple': '5495053', 'banana': '5494888', 'cherry': '5495382', 'watermelon': '5494510', 'registry': '8018911', 'hello-world': '8021526', 'docker/getting-started': '8021973', 'alpine': '7991792'}
2022-05-10 20:35:30,728 INFO  EnvironmentC8y Setup
2022-05-10 20:35:31,290 INFO  Executed systemctl<serv_mapper1>, exit status 3
2022-05-10 20:35:31,396 INFO  Restarting mosquitto too frequently in the last 10 seconds. It was only up for 5 seconds
2022-05-10 20:35:31,397 INFO  Delaying execution by 6 seconds
2022-05-10 20:35:51,502 INFO  Executed sudo<tedge_connect_c8y>, exit status 0, duration 14 secs
2022-05-10 20:35:52,121 INFO  Executed sudo<tedge_connect_c8y_test>, exit status 0
2022-05-10 20:35:52,585 INFO  Executed systemctl<serv_mosq2>, exit status 0
2022-05-10 20:35:53,049 INFO  Executed systemctl<serv_mapper3>, exit status 0
2022-05-10 20:35:55,448 INFO  State of current operation: SUCCESSFUL
2022-05-10 20:35:55,667 INFO  Assert that (False == value) with value=False ... passed
2022-05-10 20:35:55,895 INFO  Response status: 201
2022-05-10 20:35:55,896 INFO  Response to action: {
    "creationTime": "2022-05-10T20:35:55.858Z",
    "deviceName": "mythicb",
    "deviceId": "18730395",
    "self": "https://t493319102.eu-latest.cumulocity.com/devicecontrol/operations/18751822",
    "id": "18751822",
    "status": "PENDING",
    "description": "Apply software changes, triggered from PySys: [{'name': 'rolldice', 'id': '5152439', 'version': ' ', 'url': '', 'action': 'install'}]",
    "c8y_SoftwareUpdate": [
        {
            "name": "rolldice",
            "action": "install",
            "id": "5152439",
            "version": " ",
            "url": ""
        }
    ]
}
2022-05-10 20:35:55,897 INFO  Started operation: {'creationTime': '2022-05-10T20:35:55.858Z', 'deviceName': 'mythicb', 'deviceId': '18730395', 'self': 'https://t493319102.eu-latest.cumulocity.com/devicecontrol/operations/18751822', 'id': '18751822', 'status': 'PENDING', 'description': "Apply software changes, triggered from PySys: [{'name': 'rolldice', 'id': '5152439', 'version': ' ', 'url': '', 'action': 'install'}]", 'c8y_SoftwareUpdate': [{'name': 'rolldice', 'action': 'install', 'id': '5152439', 'version': ' ', 'url': ''}]}
2022-05-10 20:35:58,119 INFO  State of operation 18751822 : PENDING
2022-05-10 20:36:00,352 INFO  State of operation 18751822 : EXECUTING
2022-05-10 20:36:02,567 INFO  State of operation 18751822 : EXECUTING
2022-05-10 20:36:04,967 INFO  State of operation 18751822 : EXECUTING
2022-05-10 20:36:07,180 INFO  State of operation 18751822 : EXECUTING
2022-05-10 20:36:09,390 INFO  State of operation 18751822 : EXECUTING
2022-05-10 20:36:12,260 INFO  State of operation 18751822 : EXECUTING
2022-05-10 20:36:15,096 INFO  State of operation 18751822 : EXECUTING
2022-05-10 20:36:17,871 INFO  State of operation 18751822 : EXECUTING
2022-05-10 20:36:20,160 INFO  State of operation 18751822 : EXECUTING
2022-05-10 20:36:22,374 INFO  State of operation 18751822 : EXECUTING
2022-05-10 20:36:24,608 INFO  State of operation 18751822 : EXECUTING
2022-05-10 20:36:26,830 INFO  State of operation 18751822 : EXECUTING
2022-05-10 20:36:29,102 INFO  State of operation 18751822 : EXECUTING
2022-05-10 20:36:31,372 INFO  State of operation 18751822 : EXECUTING
2022-05-10 20:36:34,387 INFO  State of operation 18751822 : EXECUTING
2022-05-10 20:36:36,638 INFO  State of operation 18751822 : EXECUTING
2022-05-10 20:36:38,884 INFO  State of operation 18751822 : EXECUTING
2022-05-10 20:36:41,120 INFO  State of operation 18751822 : EXECUTING
2022-05-10 20:36:44,020 INFO  State of operation 18751822 : EXECUTING
2022-05-10 20:36:46,233 INFO  State of operation 18751822 : EXECUTING
2022-05-10 20:36:49,004 INFO  State of operation 18751822 : EXECUTING
2022-05-10 20:36:51,217 INFO  State of operation 18751822 : EXECUTING
2022-05-10 20:36:53,477 INFO  State of operation 18751822 : EXECUTING
2022-05-10 20:36:55,726 INFO  State of operation 18751822 : EXECUTING
2022-05-10 20:36:57,939 INFO  State of operation 18751822 : EXECUTING
2022-05-10 20:37:00,161 INFO  State of operation 18751822 : EXECUTING
2022-05-10 20:37:02,390 INFO  State of operation 18751822 : EXECUTING
2022-05-10 20:37:04,796 INFO  State of operation 18751822 : EXECUTING
2022-05-10 20:37:07,005 INFO  State of operation 18751822 : EXECUTING
2022-05-10 20:37:09,226 INFO  State of operation 18751822 : EXECUTING
2022-05-10 20:37:11,438 INFO  State of operation 18751822 : EXECUTING
2022-05-10 20:37:13,641 INFO  State of operation 18751822 : SUCCESSFUL
2022-05-10 20:37:13,891 INFO  Package rolldice is installed
2022-05-10 20:37:13,893 INFO  Assert that (True == value) with value=True ... passed
2022-05-10 20:37:14,123 INFO  Response status: 201
2022-05-10 20:37:14,124 INFO  Response to action: {
    "creationTime": "2022-05-10T20:37:14.081Z",
    "deviceName": "mythicb",
    "deviceId": "18730395",
    "self": "https://t493319102.eu-latest.cumulocity.com/devicecontrol/operations/18751839",
    "id": "18751839",
    "status": "PENDING",
    "description": "Apply software changes, triggered from PySys: [{'name': 'rolldice', 'id': '5152439', 'version': ' ', 'url': '', 'action': 'delete'}]",
    "c8y_SoftwareUpdate": [
        {
            "name": "rolldice",
            "action": "delete",
            "id": "5152439",
            "version": " ",
            "url": ""
        }
    ]
}
2022-05-10 20:37:14,125 INFO  Started operation: {'creationTime': '2022-05-10T20:37:14.081Z', 'deviceName': 'mythicb', 'deviceId': '18730395', 'self': 'https://t493319102.eu-latest.cumulocity.com/devicecontrol/operations/18751839', 'id': '18751839', 'status': 'PENDING', 'description': "Apply software changes, triggered from PySys: [{'name': 'rolldice', 'id': '5152439', 'version': ' ', 'url': '', 'action': 'delete'}]", 'c8y_SoftwareUpdate': [{'name': 'rolldice', 'action': 'delete', 'id': '5152439', 'version': ' ', 'url': ''}]}
2022-05-10 20:37:16,336 INFO  State of operation 18751839 : PENDING
2022-05-10 20:37:18,555 INFO  State of operation 18751839 : EXECUTING
2022-05-10 20:37:20,771 INFO  State of operation 18751839 : EXECUTING
2022-05-10 20:37:22,988 INFO  State of operation 18751839 : EXECUTING
2022-05-10 20:37:25,352 INFO  State of operation 18751839 : EXECUTING
2022-05-10 20:37:27,571 INFO  State of operation 18751839 : EXECUTING
2022-05-10 20:37:30,486 INFO  State of operation 18751839 : EXECUTING
2022-05-10 20:37:33,326 INFO  State of operation 18751839 : EXECUTING
2022-05-10 20:37:35,570 INFO  State of operation 18751839 : EXECUTING
2022-05-10 20:37:37,921 INFO  State of operation 18751839 : EXECUTING
2022-05-10 20:37:40,139 INFO  State of operation 18751839 : EXECUTING
2022-05-10 20:37:42,475 INFO  State of operation 18751839 : EXECUTING
2022-05-10 20:37:44,712 INFO  State of operation 18751839 : EXECUTING
2022-05-10 20:37:46,936 INFO  State of operation 18751839 : EXECUTING
2022-05-10 20:37:49,411 INFO  State of operation 18751839 : EXECUTING
2022-05-10 20:37:51,662 INFO  State of operation 18751839 : EXECUTING
2022-05-10 20:37:54,458 INFO  State of operation 18751839 : EXECUTING
2022-05-10 20:37:56,782 INFO  State of operation 18751839 : EXECUTING
2022-05-10 20:37:59,018 INFO  State of operation 18751839 : EXECUTING
2022-05-10 20:38:01,244 INFO  State of operation 18751839 : EXECUTING
2022-05-10 20:38:03,458 INFO  State of operation 18751839 : EXECUTING
2022-05-10 20:38:05,718 INFO  State of operation 18751839 : EXECUTING
2022-05-10 20:38:07,920 INFO  State of operation 18751839 : SUCCESSFUL
2022-05-10 20:38:08,181 INFO  Assert that (False == value) with value=False ... passed
2022-05-10 20:38:08,193 INFO  
2022-05-10 20:38:08,194 INFO  cleanup:
2022-05-10 20:38:12,266 INFO  Executed sudo<tedge_disconnect_c8y>, exit status 0
2022-05-10 20:38:12,828 INFO  Executed systemctl<serv_mapper5>, exit status 3
2022-05-10 20:38:12,832 INFO  
2022-05-10 20:38:12,833 INFO  Test duration: 162.13 secs
2022-05-10 20:38:12,835 INFO  Test final outcome:  PASSED
2022-05-10 20:38:12,836 INFO  
