2022-04-27 14:39:05,805 INFO  ==============================================================
2022-04-27 14:39:05,806 INFO  Id:    apt_fail_noarg
2022-04-27 14:39:05,809 INFO  Dir:   plugin_apt/
2022-04-27 14:39:05,810 INFO  Title: Validate apt plugin fetures(prepare, list, install, remove finalize) without arguments
2022-04-27 14:39:05,811 INFO  ==============================================================
2022-04-27 14:39:07,282 INFO  Executed sudo<outp_install>, exit status 1
2022-04-27 14:39:07,287 INFO  Assert that (value==1) with value=1 ... passed
2022-04-27 14:39:07,799 INFO  Executed sudo<outp_install>, exit status 1
2022-04-27 14:39:07,801 INFO  Assert that (value==1) with value=1 ... passed
2022-04-27 14:39:08,313 INFO  Executed sudo<outp_install>, exit status 1
2022-04-27 14:39:08,315 INFO  Assert that (value==1) with value=1 ... passed
2022-04-27 14:39:08,826 INFO  Executed sudo<outp_install>, exit status 1
2022-04-27 14:39:08,829 INFO  Assert that (value==1) with value=1 ... passed
2022-04-27 14:39:09,340 INFO  Executed sudo<outp_install>, exit status 1
2022-04-27 14:39:09,343 INFO  Assert that (value==1) with value=1 ... passed
2022-04-27 14:39:09,854 INFO  Executed sudo<outp_install>, exit status 1
2022-04-27 14:39:09,856 INFO  Assert that (value==1) with value=1 ... passed
2022-04-27 14:39:10,390 INFO  Executed sudo<outp_install>, exit status 1
2022-04-27 14:39:10,393 INFO  Assert that (value==1) with value=1 ... passed
2022-04-27 14:39:10,904 INFO  Executed sudo<outp_install>, exit status 1
2022-04-27 14:39:10,906 INFO  Assert that (value==1) with value=1 ... passed
2022-04-27 14:39:11,600 INFO  Executed sudo<outp_install>, exit status 1
2022-04-27 14:39:11,604 INFO  Assert that (value==1) with value=1 ... passed
2022-04-27 14:39:12,318 INFO  Executed sudo<outp_install>, exit status 1
2022-04-27 14:39:12,321 INFO  Assert that (value==1) with value=1 ... passed
2022-04-27 14:39:12,329 INFO  
2022-04-27 14:39:12,330 INFO  Test duration: 6.53 secs
2022-04-27 14:39:12,331 INFO  Test final outcome:  PASSED
2022-04-27 14:39:12,333 INFO  
