2022-05-02 15:21:36,422 INFO  ==============================================================
2022-05-02 15:21:36,423 INFO  Id:    tedge_mapper_c8y_child_device_measurement
2022-05-02 15:21:36,424 INFO  Dir:   tedge_mapper_c8y/
2022-05-02 15:21:36,425 INFO  Title: Validate that measurements sent to tedge/measurements/child topic gets mapped as the child device's measurement in Cumulocity
2022-05-02 15:21:36,426 INFO  ==============================================================
2022-05-02 15:21:36,474 INFO  EnvironmentC8y Setup
2022-05-02 15:21:37,036 INFO  Executed systemctl<serv_mapper1>, exit status 3
2022-05-02 15:21:37,141 INFO  Restarting mosquitto too frequently in the last 10 seconds. It was only up for 5 seconds
2022-05-02 15:21:37,143 INFO  Delaying execution by 6 seconds
2022-05-02 15:21:56,923 INFO  Executed sudo<tedge_connect_c8y>, exit status 0, duration 13 secs
2022-05-02 15:21:57,540 INFO  Executed sudo<tedge_connect_c8y_test>, exit status 0
2022-05-02 15:21:58,085 INFO  Executed systemctl<serv_mosq2>, exit status 0
2022-05-02 15:21:58,969 INFO  Executed systemctl<serv_mapper3>, exit status 0
2022-05-02 15:22:00,235 INFO  Assert that (actual == expected) with actual=None, expected=None ... passed
2022-05-02 15:22:00,748 INFO  Executed tedge_pub, exit status 0
2022-05-02 15:22:01,160 INFO  Executed tedge_pub, exit status 0
2022-05-02 15:22:01,572 INFO  Executed tedge_pub, exit status 0
2022-05-02 15:22:01,984 INFO  Executed tedge_pub, exit status 0
2022-05-02 15:22:02,396 INFO  Executed tedge_pub, exit status 0
2022-05-02 15:22:05,012 INFO  {
    "self": "https://t493319102.eu-latest.cumulocity.com/measurement/measurements/18194383",
    "time": "2022-05-02T15:22:02.379Z",
    "id": "18194383",
    "source": {
        "self": "https://t493319102.eu-latest.cumulocity.com/inventory/managedObjects/18194377",
        "id": "18194377"
    },
    "type": "ThinEdgeMeasurement",
    "temperature": {
        "temperature": {
            "value": 10.0
        }
    }
}
2022-05-02 15:22:05,014 INFO  Assert that (actual == expected) with actual="ThinEdgeMeasurement", expected="ThinEdgeMeasurement" ... passed
2022-05-02 15:22:05,016 INFO  Assert that (actual == expected) with actual=10.0, expected=10 ... passed
2022-05-02 15:22:05,018 INFO  {
    "self": "https://t493319102.eu-latest.cumulocity.com/measurement/measurements/18194379",
    "time": "2022-05-02T15:22:01.152Z",
    "id": "18194379",
    "source": {
        "self": "https://t493319102.eu-latest.cumulocity.com/inventory/managedObjects/18194377",
        "id": "18194377"
    },
    "type": "ThinEdgeMeasurement",
    "temperature": {
        "temperature": {
            "value": 11.0
        }
    }
}
2022-05-02 15:22:05,019 INFO  Assert that (actual == expected) with actual="ThinEdgeMeasurement", expected="ThinEdgeMeasurement" ... passed
2022-05-02 15:22:05,020 INFO  Assert that (actual == expected) with actual=11.0, expected=11 ... passed
2022-05-02 15:22:05,022 INFO  {
    "self": "https://t493319102.eu-latest.cumulocity.com/measurement/measurements/18194378",
    "time": "2021-01-01T10:10:10.100+02:00",
    "id": "18194378",
    "source": {
        "self": "https://t493319102.eu-latest.cumulocity.com/inventory/managedObjects/18194377",
        "id": "18194377"
    },
    "type": "ThinEdgeMeasurement",
    "temperature": {
        "temperature": {
            "value": 12.0
        }
    }
}
2022-05-02 15:22:05,023 INFO  Assert that (actual == expected) with actual="ThinEdgeMeasurement", expected="ThinEdgeMeasurement" ... passed
2022-05-02 15:22:05,025 INFO  Assert that (actual == expected) with actual=12.0, expected=12 ... passed
2022-05-02 15:22:05,026 INFO  Assert that (actual == expected) with actual="2021-01-01T10:10:10.100+02:00", expected="2021-01-01T10:10:10.100+02:00" ... passed
2022-05-02 15:22:05,239 INFO  {
    "self": "https://t493319102.eu-latest.cumulocity.com/measurement/measurements/18194382",
    "time": "2022-05-02T15:22:01.968Z",
    "id": "18194382",
    "source": {
        "self": "https://t493319102.eu-latest.cumulocity.com/inventory/managedObjects/18194381",
        "id": "18194381"
    },
    "type": "ThinEdgeMeasurement",
    "temperature": {
        "temperature": {
            "value": 6.0
        }
    }
}
2022-05-02 15:22:05,241 INFO  Assert that (actual == expected) with actual="ThinEdgeMeasurement", expected="ThinEdgeMeasurement" ... passed
2022-05-02 15:22:05,243 INFO  Assert that (actual == expected) with actual=6.0, expected=6 ... passed
2022-05-02 15:22:05,452 INFO  {
    "self": "https://t493319102.eu-latest.cumulocity.com/measurement/measurements/18194380",
    "time": "2022-05-02T15:22:01.557Z",
    "id": "18194380",
    "source": {
        "self": "https://t493319102.eu-latest.cumulocity.com/inventory/managedObjects/18176681",
        "id": "18176681"
    },
    "type": "ThinEdgeMeasurement",
    "temperature": {
        "temperature": {
            "value": 5.0
        }
    }
}
2022-05-02 15:22:05,454 INFO  Assert that (actual == expected) with actual="ThinEdgeMeasurement", expected="ThinEdgeMeasurement" ... passed
2022-05-02 15:22:05,455 INFO  Assert that (actual == expected) with actual=5.0, expected=5 ... passed
2022-05-02 15:22:05,463 INFO  
2022-05-02 15:22:05,464 INFO  cleanup:
2022-05-02 15:22:10,188 INFO  Executed sudo<tedge_disconnect_c8y>, exit status 0
2022-05-02 15:22:10,723 INFO  Executed systemctl<serv_mapper5>, exit status 3
2022-05-02 15:22:10,728 INFO  
2022-05-02 15:22:10,729 INFO  Test duration: 34.31 secs
2022-05-02 15:22:10,730 INFO  Test final outcome:  PASSED
2022-05-02 15:22:10,731 INFO  
