2022-05-02 16:06:38,055 INFO  ==============================================================
2022-05-02 16:06:38,056 INFO  Id:    docker_plugin_update
2022-05-02 16:06:38,057 INFO  Dir:   plugin_docker/
2022-05-02 16:06:38,058 INFO  Title: Validate docker plugin install updates existing containers
2022-05-02 16:06:38,059 INFO  ==============================================================
2022-05-02 16:06:38,879 INFO  Executed sudo<docker_images>, exit status 0
2022-05-02 16:06:38,884 INFO  Grep on file /home/pi/actions-runner/_work/thin-edge.io/thin-edge.io/tests/PySys/plugin_docker/docker_plugin_update/Output/linux/docker_images.out ... passed
2022-05-02 16:06:41,558 WARN  Executed sudo<docker_run>, exit status 125
2022-05-02 16:06:41,566 INFO  Contents of docker_run.err: 
2022-05-02 16:06:41,567 INFO    Unable to find image 'registry:2.6.2' locally
2022-05-02 16:06:41,568 INFO    docker: Error response from daemon: toomanyrequests: You have reached your pull rate limit. You may increase the limit by authenticating and upgrading: https://www.docker.com/increase-rate-limit.
2022-05-02 16:06:41,569 INFO    See 'docker run --help'.
2022-05-02 16:06:41,570 INFO    -----
2022-05-02 16:06:41,570 INFO  
2022-05-02 16:06:41,621 WARN  sudo<docker_run> returned non-zero exit code 125 ... blocked 
2022-05-02 16:06:41,623 WARN  Aborted test due to BLOCKED outcome
2022-05-02 16:06:41,628 INFO  
2022-05-02 16:06:41,629 INFO  cleanup:
2022-05-02 16:06:41,630 INFO  Removing containers scheduled to be cleaned up: ['', '']
2022-05-02 16:06:42,391 WARN  Executed sudo<containers_for_cleanup>, exit status 1
2022-05-02 16:06:42,393 INFO  Removing images scheduled to be cleaned up: ['registry', 'registry:2.7.1']
2022-05-02 16:06:43,258 INFO  Executed sudo<containers_for_cleanup>, exit status 0
2022-05-02 16:06:43,263 INFO  
2022-05-02 16:06:43,264 INFO  Test duration: 5.21 secs
2022-05-02 16:06:43,266 INFO  Test final outcome:  BLOCKED
2022-05-02 16:06:43,268 INFO  Test outcome reason: sudo<docker_run> returned non-zero exit code 125
2022-05-02 16:06:43,269 INFO  
