2022-05-02 15:24:02,567 INFO  ==============================================================
2022-05-02 15:24:02,567 INFO  Id:    SoftwareManagement.Plugin.apama_plugin_mon_support
2022-05-02 15:24:02,567 INFO  Dir:   plugin_apama/
2022-05-02 15:24:02,567 INFO  Title: Validate mon file support of apama plugin
2022-05-02 15:24:02,567 INFO  ==============================================================
2022-05-02 15:24:02,568 INFO  Assertion that path exists=False for "/etc/tedge/apama/project" ... passed
2022-05-02 15:24:02,619 INFO  Executed sudo<create_project_dir>, exit status 0
2022-05-02 15:24:02,721 INFO  Executed sudo<unzip_apama_project>, exit status 0
2022-05-02 15:24:02,773 INFO  Executed sudo<move_apama_project>, exit status 0
2022-05-02 15:24:02,874 WARN  Executed sudo<restart_apama_service>, exit status 1
2022-05-02 15:24:02,875 INFO  Contents of restart_apama_service.err: 
2022-05-02 15:24:02,875 INFO    Job for apama.service failed because the control process exited with error code.
2022-05-02 15:24:02,875 INFO    See "systemctl status apama.service" and "journalctl -xe" for details.
2022-05-02 15:24:02,875 INFO    -----
2022-05-02 15:24:02,875 INFO  
2022-05-02 15:24:02,878 WARN  sudo<restart_apama_service> returned non-zero exit code 1 ... blocked 
2022-05-02 15:24:02,878 WARN  Aborted test due to BLOCKED outcome
2022-05-02 15:24:02,878 INFO  
2022-05-02 15:24:02,879 INFO  cleanup:
2022-05-02 15:24:02,879 INFO  Removing apama project
2022-05-02 15:24:03,532 INFO  Executed sudo<stop_apama_service>, exit status 0
2022-05-02 15:24:03,584 INFO  Executed sudo<remove_apama_project>, exit status 0
2022-05-02 15:24:03,635 INFO  Executed sudo<remove_apama_tmp_dir>, exit status 0
2022-05-02 15:24:03,636 INFO  
2022-05-02 15:24:03,636 INFO  Test duration: 1.06 secs
2022-05-02 15:24:03,636 INFO  Test final outcome:  BLOCKED
2022-05-02 15:24:03,636 INFO  Test outcome reason: sudo<restart_apama_service> returned non-zero exit code 1
2022-05-02 15:24:03,637 INFO  
