2022-04-14 07:08:05,359 INFO  ==============================================================
2022-04-14 07:08:05,360 INFO  Id:    apt_install
2022-04-14 07:08:05,361 INFO  Dir:   plugin_apt/
2022-04-14 07:08:05,362 INFO  Title: Validate apt plugin prepare - dense version
2022-04-14 07:08:05,363 INFO  ==============================================================
2022-04-14 07:08:10,000 INFO  Executed sudo, exit status 0
2022-04-14 07:08:12,576 INFO  Executed sudo<outp_check_0>, exit status 0
2022-04-14 07:08:12,578 INFO  Assert that (value==0) with value=0 ... passed
2022-04-14 07:08:12,585 INFO  Grep on file outp_check_0.out ... passed
2022-04-14 07:08:52,293 INFO  Executed sudo<outp_install>, exit status 0, duration 39 secs
2022-04-14 07:08:52,296 INFO  Assert that (value==0) with value=0 ... passed
2022-04-14 07:08:57,852 INFO  Executed sudo<outp_check_1>, exit status 0
2022-04-14 07:08:57,854 INFO  Assert that (value==0) with value=0 ... passed
2022-04-14 07:08:57,859 INFO  Grep on file outp_check_1.out ... passed
2022-04-14 07:08:57,884 INFO  
2022-04-14 07:08:57,885 INFO  cleanup:
2022-04-14 07:09:11,642 INFO  Executed sudo, exit status 0, duration 13 secs
2022-04-14 07:09:11,647 INFO  
2022-04-14 07:09:11,648 INFO  Test duration: 66.29 secs
2022-04-14 07:09:11,649 INFO  Test final outcome:  PASSED
2022-04-14 07:09:11,650 INFO  
