2022-04-08 10:10:40,450 INFO  ==============================================================
2022-04-08 10:10:40,451 INFO  Id:    apt_remove
2022-04-08 10:10:40,452 INFO  Dir:   plugin_apt/
2022-04-08 10:10:40,452 INFO  Title: Validate apt plugin prepare - dense version
2022-04-08 10:10:40,453 DEBUG Execution order hint: 0.0
2022-04-08 10:10:40,454 INFO  ==============================================================
2022-04-08 10:10:40,460 DEBUG Process parameters for sudo<outp_install>
  command line : /usr/bin/sudo /etc/tedge/sm-plugins/apt install rolldice
    arg #1     : /etc/tedge/sm-plugins/apt
    arg #2     : install
    arg #3     : rolldice
  working dir  : /home/pi/actions-runner/_work/thin-edge.io/thin-edge.io/tests/PySys/plugin_apt/apt_remove/Output/linux
  stdout       : /home/pi/actions-runner/_work/thin-edge.io/thin-edge.io/tests/PySys/plugin_apt/apt_remove/Output/linux/outp_install.out
  stderr       : /home/pi/actions-runner/_work/thin-edge.io/thin-edge.io/tests/PySys/plugin_apt/apt_remove/Output/linux/outp_install.err
  environment  : LD_LIBRARY_PATH=/usr/lib
  environment  : PATH=/bin:/usr/bin:/usr/sbin:/usr/local/bin
                   #1  /bin
                   #2  /usr/bin
                   #3  /usr/sbin
                   #4  /usr/local/bin
2022-04-08 10:10:40,468 DEBUG Waiting up to 600 secs for process sudo<outp_install> (pid 14202)
2022-04-08 10:11:21,370 INFO  Executed sudo<outp_install>, exit status 0, duration 40 secs
2022-04-08 10:11:21,373 INFO  Assert that (value==0) with value=0 ... passed
2022-04-08 10:11:21,379 DEBUG Process parameters for sudo<outp_check_0>
  command line : /usr/bin/sudo /etc/tedge/sm-plugins/apt list
    arg #1     : /etc/tedge/sm-plugins/apt
    arg #2     : list
  working dir  : /home/pi/actions-runner/_work/thin-edge.io/thin-edge.io/tests/PySys/plugin_apt/apt_remove/Output/linux
  stdout       : /home/pi/actions-runner/_work/thin-edge.io/thin-edge.io/tests/PySys/plugin_apt/apt_remove/Output/linux/outp_check_0.out
  stderr       : /home/pi/actions-runner/_work/thin-edge.io/thin-edge.io/tests/PySys/plugin_apt/apt_remove/Output/linux/outp_check_0.err
  environment  : LD_LIBRARY_PATH=/usr/lib
  environment  : PATH=/bin:/usr/bin:/usr/sbin:/usr/local/bin
                   #1  /bin
                   #2  /usr/bin
                   #3  /usr/sbin
                   #4  /usr/local/bin
2022-04-08 10:11:21,387 DEBUG Waiting up to 600 secs for process sudo<outp_check_0> (pid 14333)
2022-04-08 10:11:26,696 INFO  Executed sudo<outp_check_0>, exit status 0
2022-04-08 10:11:26,698 INFO  Assert that (value==0) with value=0 ... passed
2022-04-08 10:11:26,699 DEBUG Performing regex contains=True grep on file: /home/pi/actions-runner/_work/thin-edge.io/thin-edge.io/tests/PySys/plugin_apt/apt_remove/Output/linux/outp_check_0.out
2022-04-08 10:11:26,704 DEBUG Grep on file outp_check_0.out successfully matched expression "rolldice" with line: 'rolldice\t1.16-1+b1\n'
2022-04-08 10:11:26,705 INFO  Grep on file outp_check_0.out ... passed
2022-04-08 10:11:26,706 DEBUG --- test execute
2022-04-08 10:11:26,708 DEBUG Process parameters for sudo<outp_remove>
  command line : /usr/bin/sudo /etc/tedge/sm-plugins/apt remove rolldice
    arg #1     : /etc/tedge/sm-plugins/apt
    arg #2     : remove
    arg #3     : rolldice
  working dir  : /home/pi/actions-runner/_work/thin-edge.io/thin-edge.io/tests/PySys/plugin_apt/apt_remove/Output/linux
  stdout       : /home/pi/actions-runner/_work/thin-edge.io/thin-edge.io/tests/PySys/plugin_apt/apt_remove/Output/linux/outp_remove.out
  stderr       : /home/pi/actions-runner/_work/thin-edge.io/thin-edge.io/tests/PySys/plugin_apt/apt_remove/Output/linux/outp_remove.err
  environment  : LD_LIBRARY_PATH=/usr/lib
  environment  : PATH=/bin:/usr/bin:/usr/sbin:/usr/local/bin
                   #1  /bin
                   #2  /usr/bin
                   #3  /usr/sbin
                   #4  /usr/local/bin
2022-04-08 10:11:26,715 DEBUG Waiting up to 600 secs for process sudo<outp_remove> (pid 14340)
2022-04-08 10:11:40,110 INFO  Executed sudo<outp_remove>, exit status 0, duration 13 secs
2022-04-08 10:11:40,113 INFO  Assert that (value==0) with value=0 ... passed
2022-04-08 10:11:40,115 DEBUG --- test validate
2022-04-08 10:11:40,117 DEBUG Process parameters for sudo<outp_check_1>
  command line : /usr/bin/sudo /etc/tedge/sm-plugins/apt list
    arg #1     : /etc/tedge/sm-plugins/apt
    arg #2     : list
  working dir  : /home/pi/actions-runner/_work/thin-edge.io/thin-edge.io/tests/PySys/plugin_apt/apt_remove/Output/linux
  stdout       : /home/pi/actions-runner/_work/thin-edge.io/thin-edge.io/tests/PySys/plugin_apt/apt_remove/Output/linux/outp_check_1.out
  stderr       : /home/pi/actions-runner/_work/thin-edge.io/thin-edge.io/tests/PySys/plugin_apt/apt_remove/Output/linux/outp_check_1.err
  environment  : LD_LIBRARY_PATH=/usr/lib
  environment  : PATH=/bin:/usr/bin:/usr/sbin:/usr/local/bin
                   #1  /bin
                   #2  /usr/bin
                   #3  /usr/sbin
                   #4  /usr/local/bin
2022-04-08 10:11:40,124 DEBUG Waiting up to 600 secs for process sudo<outp_check_1> (pid 14370)
2022-04-08 10:11:45,384 INFO  Executed sudo<outp_check_1>, exit status 0
2022-04-08 10:11:45,388 INFO  Assert that (value==0) with value=0 ... passed
2022-04-08 10:11:45,389 DEBUG Performing regex contains=False grep on file: /home/pi/actions-runner/_work/thin-edge.io/thin-edge.io/tests/PySys/plugin_apt/apt_remove/Output/linux/outp_check_1.out
2022-04-08 10:11:45,394 INFO  Grep on file outp_check_1.out ... passed
2022-04-08 10:11:45,400 DEBUG --- test cleanup
2022-04-08 10:11:45,401 DEBUG ProcessUser cleanup function done.
2022-04-08 10:11:45,404 INFO  
2022-04-08 10:11:45,405 INFO  Test duration: 64.96 secs
2022-04-08 10:11:45,406 INFO  Test final outcome:  PASSED
2022-04-08 10:11:45,407 INFO  
