2022-04-15 08:54:16,314 INFO  ==============================================================
2022-04-15 08:54:16,315 INFO  Id:    local_mqtt_pub_sub_retain
2022-04-15 08:54:16,316 INFO  Dir:   local_mqtt/
2022-04-15 08:54:16,317 INFO  Title: Validate local publishing with retain flag
2022-04-15 08:54:16,318 INFO  ==============================================================
2022-04-15 08:54:16,739 INFO  Executed tedge<pub_to_set_alarm>, exit status 0
2022-04-15 08:54:17,149 INFO  Executed tedge<pub_to_set_alarm>, exit status 0
2022-04-15 08:54:18,159 INFO  Started tedge<temp_sensor_sub> with process id 20117
2022-04-15 08:54:18,573 INFO  Executed tedge<pub_to_clear_alarm>, exit status 0
2022-04-15 08:54:20,137 INFO  Executed sudo<kill_out>, exit status 0
2022-04-15 08:54:20,548 INFO  Executed tedge<pub_to_clear_alarm>, exit status 0
2022-04-15 08:54:20,556 INFO  Started tedge<temp_sensor_empty_message> with process id 20122
2022-04-15 08:54:22,070 INFO  Executed sudo<kill_out>, exit status 0
2022-04-15 08:54:22,077 INFO  Grep on file temp_sensor_sub.out ... passed
2022-04-15 08:54:22,083 INFO  Grep on file temp_sensor_sub.out ... passed
2022-04-15 08:54:22,088 INFO  Grep on file temp_sensor_empty_message.out ... passed
2022-04-15 08:54:22,097 INFO  
2022-04-15 08:54:22,098 INFO  Test duration: 5.79 secs
2022-04-15 08:54:22,099 INFO  Test final outcome:  PASSED
2022-04-15 08:54:22,100 INFO  
