2022-04-14 07:19:35,606 INFO  ==============================================================
2022-04-14 07:19:35,607 INFO  Id:    SoftwareManagement.sm_apt_install_remove_with_version
2022-04-14 07:19:35,608 INFO  Dir:   software_management_end_to_end/
2022-04-14 07:19:35,609 INFO  Title: Validate end to end behaviour for the apt plugin for packages with version
2022-04-14 07:19:35,610 INFO  ==============================================================
2022-04-14 07:19:35,618 INFO  Using sw id database: {'asciijump': '5475369', 'robotfindskitten': '5474869', 'squirrel3': '5475279', 'rolldice': '5152439', 'moon-buggy': '5439204', 'apple': '5495053', 'banana': '5494888', 'cherry': '5495382', 'watermelon': '5494510', 'registry': '8018911', 'hello-world': '8021526', 'docker/getting-started': '8021973', 'alpine': '7991792'}
2022-04-14 07:19:35,619 INFO  EnvironmentC8y Setup
2022-04-14 07:19:36,234 INFO  Executed systemctl<serv_mapper1>, exit status 3
2022-04-14 07:19:36,351 INFO  Restarting mosquitto too frequently in the last 10 seconds. It was only up for 5 seconds
2022-04-14 07:19:36,353 INFO  Delaying execution by 6 seconds
2022-04-14 07:19:56,967 INFO  Executed sudo<tedge_connect_c8y>, exit status 0, duration 14 secs
2022-04-14 07:19:57,545 INFO  Executed sudo<tedge_connect_c8y_test>, exit status 0
2022-04-14 07:19:58,016 INFO  Executed systemctl<serv_mosq2>, exit status 0
2022-04-14 07:19:58,480 INFO  Executed systemctl<serv_mapper3>, exit status 0
2022-04-14 07:20:00,701 INFO  State of current operation: PENDING
2022-04-14 07:20:02,921 INFO  State of current operation: PENDING
2022-04-14 07:20:05,168 INFO  State of current operation: PENDING
2022-04-14 07:20:07,384 INFO  State of current operation: PENDING
2022-04-14 07:20:09,622 INFO  State of current operation: PENDING
2022-04-14 07:20:11,846 INFO  State of current operation: PENDING
2022-04-14 07:20:14,060 INFO  State of current operation: PENDING
2022-04-14 07:20:16,281 INFO  State of current operation: PENDING
2022-04-14 07:20:18,499 INFO  State of current operation: PENDING
2022-04-14 07:20:20,725 INFO  State of current operation: PENDING
2022-04-14 07:20:22,944 INFO  State of current operation: PENDING
2022-04-14 07:20:25,232 INFO  State of current operation: PENDING
2022-04-14 07:20:27,461 INFO  State of current operation: PENDING
2022-04-14 07:20:29,679 INFO  State of current operation: PENDING
2022-04-14 07:20:31,901 INFO  State of current operation: PENDING
2022-04-14 07:20:34,123 INFO  State of current operation: PENDING
2022-04-14 07:20:36,337 INFO  State of current operation: PENDING
2022-04-14 07:20:38,549 INFO  State of current operation: PENDING
2022-04-14 07:20:40,761 INFO  State of current operation: PENDING
2022-04-14 07:20:42,986 INFO  State of current operation: PENDING
2022-04-14 07:20:45,268 INFO  State of current operation: PENDING
2022-04-14 07:20:47,487 INFO  State of current operation: PENDING
2022-04-14 07:20:49,710 INFO  State of current operation: PENDING
2022-04-14 07:20:51,940 INFO  State of current operation: PENDING
2022-04-14 07:20:54,156 INFO  State of current operation: PENDING
2022-04-14 07:20:56,368 INFO  State of current operation: PENDING
2022-04-14 07:20:58,587 INFO  State of current operation: PENDING
2022-04-14 07:21:00,801 INFO  State of current operation: PENDING
2022-04-14 07:21:03,019 INFO  State of current operation: PENDING
2022-04-14 07:21:05,304 INFO  State of current operation: PENDING
2022-04-14 07:21:07,526 INFO  State of current operation: PENDING
2022-04-14 07:21:09,745 INFO  State of current operation: PENDING
2022-04-14 07:21:11,965 INFO  State of current operation: PENDING
2022-04-14 07:21:14,184 INFO  State of current operation: PENDING
2022-04-14 07:21:16,404 INFO  State of current operation: PENDING
2022-04-14 07:21:18,620 INFO  State of current operation: PENDING
2022-04-14 07:21:20,840 INFO  State of current operation: PENDING
2022-04-14 07:21:23,076 INFO  State of current operation: PENDING
2022-04-14 07:21:25,300 INFO  State of current operation: PENDING
2022-04-14 07:21:27,521 INFO  State of current operation: PENDING
2022-04-14 07:21:29,732 INFO  State of current operation: PENDING
2022-04-14 07:21:31,955 INFO  State of current operation: PENDING
2022-04-14 07:21:34,194 INFO  State of current operation: PENDING
2022-04-14 07:21:36,413 INFO  State of current operation: PENDING
2022-04-14 07:21:38,637 INFO  State of current operation: PENDING
2022-04-14 07:21:40,856 INFO  State of current operation: PENDING
2022-04-14 07:21:43,089 INFO  State of current operation: PENDING
2022-04-14 07:21:45,371 INFO  State of current operation: PENDING
2022-04-14 07:21:47,603 INFO  State of current operation: PENDING
2022-04-14 07:21:49,819 INFO  State of current operation: PENDING
2022-04-14 07:21:52,041 INFO  State of current operation: PENDING
2022-04-14 07:21:54,255 INFO  State of current operation: PENDING
2022-04-14 07:21:56,475 INFO  State of current operation: PENDING
2022-04-14 07:21:58,711 INFO  State of current operation: PENDING
2022-04-14 07:22:00,930 INFO  State of current operation: PENDING
2022-04-14 07:22:03,147 INFO  State of current operation: PENDING
2022-04-14 07:22:05,454 INFO  State of current operation: PENDING
2022-04-14 07:22:07,688 INFO  State of current operation: PENDING
2022-04-14 07:22:09,910 INFO  State of current operation: PENDING
2022-04-14 07:22:12,125 INFO  State of current operation: PENDING
2022-04-14 07:22:14,341 INFO  State of current operation: PENDING
2022-04-14 07:22:16,347 WARN  SystemError occurred while running test - Timeout while waiting for status FAILED or SUCCESSFUL
Traceback (most recent call last):
  File "/home/pi/env-pysys/lib/python3.7/site-packages/pysys/baserunner.py", line 1292, in __call__
    self.testObj.setup()
  File "/home/pi/actions-runner/_work/thin-edge.io/thin-edge.io/tests/PySys/software_management_end_to_end/sm_apt_install_remove_with_version/run.py", line 27, in setup
    super().setup()
  File "/home/pi/actions-runner/_work/thin-edge.io/thin-edge.io/tests/PySys/software_management_end_to_end/environment_sm_management.py", line 151, in setup
    self.wait_until_end()
  File "/home/pi/actions-runner/_work/thin-edge.io/thin-edge.io/tests/PySys/software_management_end_to_end/environment_sm_management.py", line 332, in wait_until_end
    self.wait_until_status("FAILED", "SUCCESSFUL")
  File "/home/pi/actions-runner/_work/thin-edge.io/thin-edge.io/tests/PySys/software_management_end_to_end/environment_sm_management.py", line 381, in wait_until_status
    "Timeout while waiting for status %s or %s" % (status, status2)
SystemError: Timeout while waiting for status FAILED or SUCCESSFUL
2022-04-14 07:22:16,385 WARN  SystemError: Timeout while waiting for status FAILED or SUCCESSFUL ... blocked 
2022-04-14 07:22:16,387 INFO  
2022-04-14 07:22:16,389 INFO  cleanup:
2022-04-14 07:22:20,547 INFO  Executed sudo<tedge_disconnect_c8y>, exit status 0
2022-04-14 07:22:21,110 INFO  Executed systemctl<serv_mapper5>, exit status 3
2022-04-14 07:22:21,114 INFO  
2022-04-14 07:22:21,115 INFO  Test duration: 165.51 secs
2022-04-14 07:22:21,116 INFO  Test final outcome:  BLOCKED
2022-04-14 07:22:21,117 INFO  Test outcome reason: SystemError: Timeout while waiting for status FAILED or SUCCESSFUL
2022-04-14 07:22:21,118 INFO  
