2022-05-16 07:05:53,945 INFO  ==============================================================
2022-05-16 07:05:53,945 INFO  Id:    invalid_device_id
2022-05-16 07:05:53,945 INFO  Dir:   misc_features/
2022-05-16 07:05:53,945 INFO  Title: Invalid Device ID
2022-05-16 07:05:53,945 INFO  ==============================================================
2022-05-16 07:05:54,049 INFO  Executed sudo<create_cert_dir>, exit status 0
2022-05-16 07:05:54,151 INFO  Executed sudo<create_cert_dir>, exit status 0
2022-05-16 07:05:54,204 INFO  Executed sudo<set_cert_path>, exit status 0
2022-05-16 07:05:54,256 INFO  Executed sudo<set_key_path>, exit status 0
2022-05-16 07:05:54,359 INFO  Executed sudo<cert_create>, exit status 1
2022-05-16 07:05:54,360 INFO  Grep on file cert_create.err ... passed
2022-05-16 07:05:54,360 INFO  
2022-05-16 07:05:54,360 INFO  cleanup:
2022-05-16 07:05:54,463 INFO  Executed sudo<unset_cert_path>, exit status 0
2022-05-16 07:05:54,566 INFO  Executed sudo<unset_key_path>, exit status 0
2022-05-16 07:05:54,668 INFO  Executed sudo<remove_cert_dir>, exit status 0
2022-05-16 07:05:54,669 INFO  
2022-05-16 07:05:54,669 INFO  Test duration: 0.72 secs
2022-05-16 07:05:54,669 INFO  Test final outcome:  PASSED
2022-05-16 07:05:54,669 INFO  
