2022-04-14 10:35:03,349 INFO  ==============================================================
2022-04-14 10:35:03,350 INFO  Id:    apt_sequence_install_with_version
2022-04-14 10:35:03,351 INFO  Dir:   plugin_apt/
2022-04-14 10:35:03,352 INFO  Title: Validate apt plugin install with version use case
2022-04-14 10:35:03,353 INFO  ==============================================================
2022-04-14 10:35:08,334 INFO  Executed sudo, exit status 0
2022-04-14 10:35:11,315 INFO  Executed sudo<outp_check_0>, exit status 0
2022-04-14 10:35:11,317 INFO  Assert that (value==0) with value=0 ... passed
2022-04-14 10:35:11,322 INFO  Grep on file outp_check_0.out ... passed
2022-04-14 10:35:29,715 INFO  Executed sudo<outp_prepare>, exit status 0, duration 18 secs
2022-04-14 10:35:29,718 INFO  Assert that (value==0) with value=0 ... passed
2022-04-14 10:36:14,512 INFO  Executed sudo<outp_install>, exit status 0, duration 44 secs
2022-04-14 10:36:14,515 INFO  Assert that (value==0) with value=0 ... passed
2022-04-14 10:36:22,052 INFO  Executed sudo<outp_finalize>, exit status 0
2022-04-14 10:36:22,055 INFO  Assert that (value==0) with value=0 ... passed
2022-04-14 10:36:24,624 INFO  Executed sudo<outp_check_1>, exit status 0
2022-04-14 10:36:24,626 INFO  Assert that (value==0) with value=0 ... passed
2022-04-14 10:36:24,632 INFO  Grep on file outp_check_1.out ... passed
2022-04-14 10:36:24,639 INFO  Grep on file outp_check_1.out ... passed
2022-04-14 10:36:24,646 INFO  
2022-04-14 10:36:24,646 INFO  cleanup:
2022-04-14 10:36:38,525 INFO  Executed sudo, exit status 0, duration 13 secs
2022-04-14 10:36:38,530 INFO  
2022-04-14 10:36:38,533 INFO  Test duration: 95.19 secs
2022-04-14 10:36:38,535 INFO  Test final outcome:  PASSED
2022-04-14 10:36:38,537 INFO  
