2022-04-29 10:08:31,393 INFO  ==============================================================
2022-04-29 10:08:31,394 INFO  Id:    SoftwareManagement.Plugin.apama_plugin_remove
2022-04-29 10:08:31,395 INFO  Dir:   plugin_apama/
2022-04-29 10:08:31,396 INFO  Title: Validate apama plugin remove
2022-04-29 10:08:31,397 INFO  ==============================================================
2022-04-29 10:08:31,416 INFO  Assertion that path exists=False for "/etc/tedge/apama/project" ... passed
2022-04-29 10:08:31,927 INFO  Executed sudo<create_project_dir>, exit status 0
2022-04-29 10:08:32,538 INFO  Executed sudo<unzip_apama_project>, exit status 0
2022-04-29 10:08:33,150 INFO  Executed sudo<move_apama_project>, exit status 0
2022-04-29 10:08:34,015 INFO  Executed sudo<restart_apama_service>, exit status 0
2022-04-29 10:08:34,017 INFO  Assertion that path exists=True for "/etc/tedge/apama/project" ... passed
2022-04-29 10:08:50,696 INFO  Executed sudo<plugin_remove>, exit status 0, duration 16 secs
2022-04-29 10:08:50,699 INFO  Assertion that path exists=False for "/etc/tedge/apama/project" ... passed
2022-04-29 10:08:50,710 INFO  
2022-04-29 10:08:50,711 INFO  cleanup:
2022-04-29 10:08:51,221 INFO  Executed sudo<remove_apama_tmp_dir>, exit status 0
2022-04-29 10:08:51,225 INFO  
2022-04-29 10:08:51,226 INFO  Test duration: 19.84 secs
2022-04-29 10:08:51,227 INFO  Test final outcome:  PASSED
2022-04-29 10:08:51,228 INFO  
