2022-04-07 16:29:18,451 INFO  ==============================================================
2022-04-07 16:29:18,452 INFO  Id:    tedge_mapper_az_with_timestamp
2022-04-07 16:29:18,453 INFO  Dir:   tedge_mapper_az/
2022-04-07 16:29:18,454 INFO  Title: Validate the Azure Mapper that publishes a Thin Edge JSON message with timestamp on az/messages/events/ when it receives a valid JSON message on tedge/measurements
2022-04-07 16:29:18,455 DEBUG Execution order hint: 0.0
2022-04-07 16:29:18,456 INFO  ==============================================================
2022-04-07 16:29:18,463 DEBUG Process parameters for sudo<tedge_mapper_az>
  command line : /usr/bin/sudo systemctl start tedge-mapper-az
    arg #1     : systemctl
    arg #2     : start
    arg #3     : tedge-mapper-az
  working dir  : /home/pi/actions-runner/_work/thin-edge.io/thin-edge.io/tests/PySys/tedge_mapper_az/tedge_mapper_az_with_timestamp/Output/linux
  stdout       : /home/pi/actions-runner/_work/thin-edge.io/thin-edge.io/tests/PySys/tedge_mapper_az/tedge_mapper_az_with_timestamp/Output/linux/tedge_mapper_az.out
  stderr       : /home/pi/actions-runner/_work/thin-edge.io/thin-edge.io/tests/PySys/tedge_mapper_az/tedge_mapper_az_with_timestamp/Output/linux/tedge_mapper_az.err
  environment  : LD_LIBRARY_PATH=/usr/lib
  environment  : PATH=/bin:/usr/bin:/usr/sbin:/usr/local/bin
                   #1  /bin
                   #2  /usr/bin
                   #3  /usr/sbin
                   #4  /usr/local/bin
2022-04-07 16:29:18,472 DEBUG Waiting up to 600 secs for process sudo<tedge_mapper_az> (pid 10836)
2022-04-07 16:29:19,076 INFO  Executed sudo<tedge_mapper_az>, exit status 0
2022-04-07 16:29:19,077 DEBUG --- test execute
2022-04-07 16:29:19,080 DEBUG Process parameters for sudo<tedge_sub>
  command line : /usr/bin/sudo /usr/bin/tedge mqtt sub --no-topic az/messages/events/
    arg #1     : /usr/bin/tedge
    arg #2     : mqtt
    arg #3     : sub
    arg #4     : --no-topic
    arg #5     : az/messages/events/
  working dir  : /home/pi/actions-runner/_work/thin-edge.io/thin-edge.io/tests/PySys/tedge_mapper_az/tedge_mapper_az_with_timestamp/Output/linux
  stdout       : /home/pi/actions-runner/_work/thin-edge.io/thin-edge.io/tests/PySys/tedge_mapper_az/tedge_mapper_az_with_timestamp/Output/linux/tedge_sub.out
  stderr       : /home/pi/actions-runner/_work/thin-edge.io/thin-edge.io/tests/PySys/tedge_mapper_az/tedge_mapper_az_with_timestamp/Output/linux/tedge_sub.err
  environment  : LD_LIBRARY_PATH=/usr/lib
  environment  : PATH=/bin:/usr/bin:/usr/sbin:/usr/local/bin
                   #1  /bin
                   #2  /usr/bin
                   #3  /usr/sbin
                   #4  /usr/local/bin
2022-04-07 16:29:19,087 INFO  Started sudo<tedge_sub> with process id 10843
2022-04-07 16:29:19,193 DEBUG Process parameters for sudo<tedge_temp>
  command line : /usr/bin/sudo /usr/bin/tedge mqtt pub tedge/measurements '{"temperature": 12, "time": "2021-06-15T17:01:15.806181503+02:00"}'
    arg #1     : /usr/bin/tedge
    arg #2     : mqtt
    arg #3     : pub
    arg #4     : tedge/measurements
    arg #5     : {"temperature": 12, "time": "2021-06-15T17:01:15.806181503+02:00"}
  working dir  : /home/pi/actions-runner/_work/thin-edge.io/thin-edge.io/tests/PySys/tedge_mapper_az/tedge_mapper_az_with_timestamp/Output/linux
  stdout       : /home/pi/actions-runner/_work/thin-edge.io/thin-edge.io/tests/PySys/tedge_mapper_az/tedge_mapper_az_with_timestamp/Output/linux/tedge_temp.out
  stderr       : /home/pi/actions-runner/_work/thin-edge.io/thin-edge.io/tests/PySys/tedge_mapper_az/tedge_mapper_az_with_timestamp/Output/linux/tedge_temp.err
  environment  : LD_LIBRARY_PATH=/usr/lib
  environment  : PATH=/bin:/usr/bin:/usr/sbin:/usr/local/bin
                   #1  /bin
                   #2  /usr/bin
                   #3  /usr/sbin
                   #4  /usr/local/bin
2022-04-07 16:29:19,202 DEBUG Waiting up to 600 secs for process sudo<tedge_temp> (pid 10844)
2022-04-07 16:29:19,759 INFO  Executed sudo<tedge_temp>, exit status 0
2022-04-07 16:29:19,762 DEBUG Process parameters for sudo<kill_out>
  command line : /usr/bin/sudo killall tedge
    arg #1     : killall
    arg #2     : tedge
  working dir  : /home/pi/actions-runner/_work/thin-edge.io/thin-edge.io/tests/PySys/tedge_mapper_az/tedge_mapper_az_with_timestamp/Output/linux
  stdout       : /home/pi/actions-runner/_work/thin-edge.io/thin-edge.io/tests/PySys/tedge_mapper_az/tedge_mapper_az_with_timestamp/Output/linux/kill_out.out
  stderr       : /home/pi/actions-runner/_work/thin-edge.io/thin-edge.io/tests/PySys/tedge_mapper_az/tedge_mapper_az_with_timestamp/Output/linux/kill_out.err
  environment  : LD_LIBRARY_PATH=/usr/lib
  environment  : PATH=/bin:/usr/bin:/usr/sbin:/usr/local/bin
                   #1  /bin
                   #2  /usr/bin
                   #3  /usr/sbin
                   #4  /usr/local/bin
2022-04-07 16:29:19,770 DEBUG Waiting up to 600 secs for process sudo<kill_out> (pid 10847)
2022-04-07 16:29:20,527 INFO  Executed sudo<kill_out>, exit status 0
2022-04-07 16:29:20,528 DEBUG --- test validate
2022-04-07 16:29:20,533 INFO  Assert that (actual == expected) with actual=12.0, expected=12 ... passed
2022-04-07 16:29:20,534 INFO  Assert that (actual == expected) with actual="2021-06-15T17:01:15.806181503+02:00", expected="2021-06-15T17:01:15.806181503+02:00" ... passed
2022-04-07 16:29:20,540 DEBUG --- test cleanup
2022-04-07 16:29:20,541 INFO  
2022-04-07 16:29:20,542 INFO  cleanup:
2022-04-07 16:29:20,542 DEBUG Running registered cleanup function: <bound method TedgeMapperAzWithTimestamp.mapper_cleanup of <TedgeMapperAzWithTimestamp object at 0x75cb8790>>
2022-04-07 16:29:20,543 INFO  mapper_cleanup
2022-04-07 16:29:20,545 DEBUG Process parameters for sudo<tedge_mapper_az>
  command line : /usr/bin/sudo systemctl stop tedge-mapper-az
    arg #1     : systemctl
    arg #2     : stop
    arg #3     : tedge-mapper-az
  working dir  : /home/pi/actions-runner/_work/thin-edge.io/thin-edge.io/tests/PySys/tedge_mapper_az/tedge_mapper_az_with_timestamp/Output/linux
  stdout       : /home/pi/actions-runner/_work/thin-edge.io/thin-edge.io/tests/PySys/tedge_mapper_az/tedge_mapper_az_with_timestamp/Output/linux/tedge_mapper_az.out
  stderr       : /home/pi/actions-runner/_work/thin-edge.io/thin-edge.io/tests/PySys/tedge_mapper_az/tedge_mapper_az_with_timestamp/Output/linux/tedge_mapper_az.err
  environment  : LD_LIBRARY_PATH=/usr/lib
  environment  : PATH=/bin:/usr/bin:/usr/sbin:/usr/local/bin
                   #1  /bin
                   #2  /usr/bin
                   #3  /usr/sbin
                   #4  /usr/local/bin
2022-04-07 16:29:20,553 DEBUG Waiting up to 600 secs for process sudo<tedge_mapper_az> (pid 10849)
2022-04-07 16:29:21,110 INFO  Executed sudo<tedge_mapper_az>, exit status 0
2022-04-07 16:29:21,111 DEBUG ProcessUser cleanup function done.
2022-04-07 16:29:21,115 INFO  
2022-04-07 16:29:21,116 INFO  Test duration: 2.67 secs
2022-04-07 16:29:21,117 INFO  Test final outcome:  PASSED
2022-04-07 16:29:21,118 INFO  
