2022-04-21 08:37:22,929 INFO  ==============================================================
2022-04-21 08:37:22,930 INFO  Id:    tedge_mapper_c8y_alarms
2022-04-21 08:37:22,931 INFO  Dir:   tedge_mapper_c8y/
2022-04-21 08:37:22,932 INFO  Title: Validate that alarms sent to tedge/alarms topic \ gets mapped as alarms in Cumulocity
2022-04-21 08:37:22,933 INFO  ==============================================================
2022-04-21 08:37:22,942 INFO  EnvironmentC8y Setup
2022-04-21 08:37:23,506 INFO  Executed systemctl<serv_mapper1>, exit status 3
2022-04-21 08:37:38,285 INFO  Executed sudo<tedge_connect_c8y>, exit status 0, duration 14 secs
2022-04-21 08:37:38,907 INFO  Executed sudo<tedge_connect_c8y_test>, exit status 0
2022-04-21 08:37:39,360 INFO  Executed systemctl<serv_mosq2>, exit status 0
2022-04-21 08:37:39,842 INFO  Executed systemctl<serv_mapper3>, exit status 0
2022-04-21 08:37:45,407 INFO  Executed tedge, exit status 0
2022-04-21 08:37:45,869 INFO  Executed tedge, exit status 0
2022-04-21 08:37:46,443 INFO  Executed tedge, exit status 0
2022-04-21 08:37:46,855 INFO  Executed tedge, exit status 0
2022-04-21 08:37:47,267 INFO  Executed tedge, exit status 0
2022-04-21 08:37:48,510 INFO  {
    "severity": "CRITICAL",
    "creationTime": "2022-04-21T08:37:46.405Z",
    "count": 1,
    "history": {
        "auditRecords": [],
        "self": "https://t493319102.eu-latest.cumulocity.com/audit/auditRecords"
    },
    "source": {
        "name": "mythicb",
        "self": "https://t493319102.eu-latest.cumulocity.com/inventory/managedObjects/17501602",
        "id": "17501602"
    },
    "type": "temperature_dangerous",
    "lastUpdated": "2022-04-21T08:37:46.405Z",
    "self": "https://t493319102.eu-latest.cumulocity.com/alarm/alarms/17532964",
    "time": "2022-04-21T08:37:46.391Z",
    "id": "17532964",
    "text": "temperature is dangerously high",
    "status": "ACTIVE"
}
2022-04-21 08:37:48,512 INFO  Assert that (actual == expected) with actual="temperature_dangerous", expected="temperature_dangerous" ... passed
2022-04-21 08:37:48,513 INFO  Assert that (actual == expected) with actual="CRITICAL", expected="CRITICAL" ... passed
2022-04-21 08:37:48,515 INFO  Assert that (actual == expected) with actual="temperature is dangerously high", expected="temperature is dangerously high" ... passed
2022-04-21 08:37:48,516 INFO  {
    "severity": "MAJOR",
    "creationTime": "2022-04-21T08:37:45.839Z",
    "count": 1,
    "history": {
        "auditRecords": [],
        "self": "https://t493319102.eu-latest.cumulocity.com/audit/auditRecords"
    },
    "source": {
        "name": "mythicb",
        "self": "https://t493319102.eu-latest.cumulocity.com/inventory/managedObjects/17501602",
        "id": "17501602"
    },
    "type": "temperature_very_high",
    "lastUpdated": "2022-04-21T08:37:45.839Z",
    "self": "https://t493319102.eu-latest.cumulocity.com/alarm/alarms/17532962",
    "time": "2022-04-21T08:37:45.824Z",
    "id": "17532962",
    "text": "temperature is very high",
    "status": "ACTIVE"
}
2022-04-21 08:37:48,518 INFO  Assert that (actual == expected) with actual="temperature_very_high", expected="temperature_very_high" ... passed
2022-04-21 08:37:48,519 INFO  Assert that (actual == expected) with actual="MAJOR", expected="MAJOR" ... passed
2022-04-21 08:37:48,521 INFO  Assert that (actual == expected) with actual="temperature is very high", expected="temperature is very high" ... passed
2022-04-21 08:37:48,522 INFO  {
    "severity": "WARNING",
    "creationTime": "2022-04-21T08:37:45.371Z",
    "count": 1,
    "history": {
        "auditRecords": [],
        "self": "https://t493319102.eu-latest.cumulocity.com/audit/auditRecords"
    },
    "source": {
        "name": "mythicb",
        "self": "https://t493319102.eu-latest.cumulocity.com/inventory/managedObjects/17501602",
        "id": "17501602"
    },
    "type": "temperature_high",
    "lastUpdated": "2022-04-21T08:37:45.371Z",
    "self": "https://t493319102.eu-latest.cumulocity.com/alarm/alarms/17532960",
    "time": "2021-12-15T15:22:06.464+05:30",
    "id": "17532960",
    "text": "temperature is high",
    "status": "ACTIVE"
}
2022-04-21 08:37:48,523 INFO  Assert that (actual == expected) with actual="temperature_high", expected="temperature_high" ... passed
2022-04-21 08:37:48,525 INFO  Assert that (actual == expected) with actual="WARNING", expected="WARNING" ... passed
2022-04-21 08:37:48,527 INFO  Assert that (actual == expected) with actual="temperature is high", expected="temperature is high" ... passed
2022-04-21 08:37:48,528 INFO  Assert that (actual == expected) with actual="temperature_high", expected="temperature_high" ... passed
2022-04-21 08:37:48,534 INFO  
2022-04-21 08:37:48,535 INFO  cleanup:
2022-04-21 08:37:48,964 INFO  Executed tedge, exit status 0
2022-04-21 08:37:49,376 INFO  Executed tedge, exit status 0
2022-04-21 08:37:49,788 INFO  Executed tedge, exit status 0
2022-04-21 08:37:54,400 INFO  Executed sudo<tedge_disconnect_c8y>, exit status 0
2022-04-21 08:37:54,966 INFO  Executed systemctl<serv_mapper5>, exit status 3
2022-04-21 08:37:54,970 INFO  
2022-04-21 08:37:54,971 INFO  Test duration: 32.05 secs
2022-04-21 08:37:54,972 INFO  Test final outcome:  PASSED
2022-04-21 08:37:54,973 INFO  
