2022-04-14 10:25:22,827 INFO  ==============================================================
2022-04-14 10:25:22,828 INFO  Id:    SoftwareManagement.sm_apt_install_remove_multiple
2022-04-14 10:25:22,830 INFO  Dir:   software_management_end_to_end/
2022-04-14 10:25:22,831 INFO  Title: Validate end to end behaviour for the apt plugin for multiple packages
2022-04-14 10:25:22,834 INFO  ==============================================================
2022-04-14 10:25:22,842 INFO  Using sw id database: {'asciijump': '5475369', 'robotfindskitten': '5474869', 'squirrel3': '5475279', 'rolldice': '5152439', 'moon-buggy': '5439204', 'apple': '5495053', 'banana': '5494888', 'cherry': '5495382', 'watermelon': '5494510', 'registry': '8018911', 'hello-world': '8021526', 'docker/getting-started': '8021973', 'alpine': '7991792'}
2022-04-14 10:25:22,843 INFO  EnvironmentC8y Setup
2022-04-14 10:25:23,405 INFO  Executed systemctl<serv_mapper1>, exit status 3
2022-04-14 10:25:23,520 INFO  Restarting mosquitto too frequently in the last 10 seconds. It was only up for 5 seconds
2022-04-14 10:25:23,521 INFO  Delaying execution by 6 seconds
2022-04-14 10:25:44,286 INFO  Executed sudo<tedge_connect_c8y>, exit status 0, duration 14 secs
2022-04-14 10:25:44,953 INFO  Executed sudo<tedge_connect_c8y_test>, exit status 0
2022-04-14 10:25:45,410 INFO  Executed systemctl<serv_mosq2>, exit status 0
2022-04-14 10:25:45,894 INFO  Executed systemctl<serv_mapper3>, exit status 0
2022-04-14 10:25:48,130 INFO  State of current operation: FAILED
2022-04-14 10:25:48,355 WARN  TypeError occurred while running test - 'NoneType' object is not iterable
Traceback (most recent call last):
  File "/home/pi/env-pysys/lib/python3.7/site-packages/pysys/baserunner.py", line 1292, in __call__
    self.testObj.setup()
  File "/home/pi/actions-runner/_work/thin-edge.io/thin-edge.io/tests/PySys/software_management_end_to_end/sm_apt_install_remove_multiple/run.py", line 54, in setup
    self.assertThat("False == value", value=self.check_is_installed("rolldice"))
  File "/home/pi/actions-runner/_work/thin-edge.io/thin-edge.io/tests/PySys/software_management_end_to_end/environment_sm_management.py", line 398, in check_is_installed
    for package in package_list:
TypeError: 'NoneType' object is not iterable
2022-04-14 10:25:48,378 WARN  TypeError: 'NoneType' object is not iterable ... blocked 
2022-04-14 10:25:48,380 INFO  
2022-04-14 10:25:48,380 INFO  cleanup:
2022-04-14 10:25:52,612 INFO  Executed sudo<tedge_disconnect_c8y>, exit status 0
2022-04-14 10:25:53,176 INFO  Executed systemctl<serv_mapper5>, exit status 3
2022-04-14 10:25:53,180 INFO  
2022-04-14 10:25:53,181 INFO  Test duration: 30.36 secs
2022-04-14 10:25:53,182 INFO  Test final outcome:  BLOCKED
2022-04-14 10:25:53,183 INFO  Test outcome reason: TypeError: 'NoneType' object is not iterable
2022-04-14 10:25:53,184 INFO  
