2022-05-10 14:21:19,209 INFO  ==============================================================
2022-05-10 14:21:19,210 INFO  Id:    SoftwareManagement.sm_apt_install_remove
2022-05-10 14:21:19,212 INFO  Dir:   software_management_end_to_end/
2022-05-10 14:21:19,214 INFO  Title: Validate end to end behaviour for the apt plugin for installation and removal of packages
2022-05-10 14:21:19,216 INFO  ==============================================================
2022-05-10 14:21:19,239 INFO  Using sw id database: {'asciijump': '5475369', 'robotfindskitten': '5474869', 'squirrel3': '5475279', 'rolldice': '5152439', 'moon-buggy': '5439204', 'apple': '5495053', 'banana': '5494888', 'cherry': '5495382', 'watermelon': '5494510', 'registry': '8018911', 'hello-world': '8021526', 'docker/getting-started': '8021973', 'alpine': '7991792'}
2022-05-10 14:21:19,242 INFO  EnvironmentC8y Setup
2022-05-10 14:21:19,809 INFO  Executed systemctl<serv_mapper1>, exit status 3
2022-05-10 14:21:19,922 INFO  Restarting mosquitto too frequently in the last 10 seconds. It was only up for 6 seconds
2022-05-10 14:21:19,923 INFO  Delaying execution by 5 seconds
2022-05-10 14:21:42,016 INFO  Executed sudo<tedge_connect_c8y>, exit status 0, duration 17 secs
2022-05-10 14:21:42,681 INFO  Executed sudo<tedge_connect_c8y_test>, exit status 0
2022-05-10 14:21:43,193 INFO  Executed systemctl<serv_mosq2>, exit status 0
2022-05-10 14:21:43,705 INFO  Executed systemctl<serv_mapper3>, exit status 0
2022-05-10 14:21:45,929 INFO  State of current operation: FAILED
2022-05-10 14:21:46,410 INFO  Assert that (False == value) with value=False ... passed
2022-05-10 14:21:46,646 INFO  Response status: 201
2022-05-10 14:21:46,648 INFO  Response to action: {
    "creationTime": "2022-05-10T14:21:46.599Z",
    "deviceName": "m32sd11f",
    "deviceId": "18651604",
    "self": "https://t493319102.eu-latest.cumulocity.com/devicecontrol/operations/18685695",
    "id": "18685695",
    "status": "PENDING",
    "description": "Apply software changes, triggered from PySys: [{'name': 'rolldice', 'id': '5152439', 'version': '::apt', 'url': '', 'action': 'install'}]",
    "c8y_SoftwareUpdate": [
        {
            "name": "rolldice",
            "action": "install",
            "id": "5152439",
            "version": "::apt",
            "url": ""
        }
    ]
}
2022-05-10 14:21:46,648 INFO  Started operation: {'creationTime': '2022-05-10T14:21:46.599Z', 'deviceName': 'm32sd11f', 'deviceId': '18651604', 'self': 'https://t493319102.eu-latest.cumulocity.com/devicecontrol/operations/18685695', 'id': '18685695', 'status': 'PENDING', 'description': "Apply software changes, triggered from PySys: [{'name': 'rolldice', 'id': '5152439', 'version': '::apt', 'url': '', 'action': 'install'}]", 'c8y_SoftwareUpdate': [{'name': 'rolldice', 'action': 'install', 'id': '5152439', 'version': '::apt', 'url': ''}]}
2022-05-10 14:21:48,891 INFO  State of operation 18685695 : PENDING
2022-05-10 14:21:51,112 INFO  State of operation 18685695 : EXECUTING
2022-05-10 14:21:53,339 INFO  State of operation 18685695 : EXECUTING
2022-05-10 14:21:55,555 INFO  State of operation 18685695 : EXECUTING
2022-05-10 14:21:57,772 INFO  State of operation 18685695 : EXECUTING
2022-05-10 14:21:59,988 INFO  State of operation 18685695 : EXECUTING
2022-05-10 14:22:02,204 INFO  State of operation 18685695 : EXECUTING
2022-05-10 14:22:05,036 INFO  State of operation 18685695 : EXECUTING
2022-05-10 14:22:08,324 INFO  State of operation 18685695 : EXECUTING
2022-05-10 14:22:10,564 INFO  State of operation 18685695 : EXECUTING
2022-05-10 14:22:12,930 INFO  State of operation 18685695 : EXECUTING
2022-05-10 14:22:15,150 INFO  State of operation 18685695 : EXECUTING
2022-05-10 14:22:17,372 INFO  State of operation 18685695 : EXECUTING
2022-05-10 14:22:19,652 INFO  State of operation 18685695 : EXECUTING
2022-05-10 14:22:21,872 INFO  State of operation 18685695 : EXECUTING
2022-05-10 14:22:24,096 INFO  State of operation 18685695 : EXECUTING
2022-05-10 14:22:26,320 INFO  State of operation 18685695 : EXECUTING
2022-05-10 14:22:28,562 INFO  State of operation 18685695 : EXECUTING
2022-05-10 14:22:30,777 INFO  State of operation 18685695 : EXECUTING
2022-05-10 14:22:33,019 INFO  State of operation 18685695 : EXECUTING
2022-05-10 14:22:35,300 INFO  State of operation 18685695 : EXECUTING
2022-05-10 14:22:37,522 INFO  State of operation 18685695 : EXECUTING
2022-05-10 14:22:40,582 INFO  State of operation 18685695 : EXECUTING
2022-05-10 14:22:42,798 INFO  State of operation 18685695 : EXECUTING
2022-05-10 14:22:45,016 INFO  State of operation 18685695 : EXECUTING
2022-05-10 14:22:47,237 INFO  State of operation 18685695 : EXECUTING
2022-05-10 14:22:49,477 INFO  State of operation 18685695 : EXECUTING
2022-05-10 14:22:52,380 INFO  State of operation 18685695 : EXECUTING
2022-05-10 14:22:54,618 INFO  State of operation 18685695 : EXECUTING
2022-05-10 14:22:56,840 INFO  State of operation 18685695 : EXECUTING
2022-05-10 14:22:59,163 INFO  State of operation 18685695 : EXECUTING
2022-05-10 14:23:01,458 INFO  State of operation 18685695 : EXECUTING
2022-05-10 14:23:04,341 INFO  State of operation 18685695 : EXECUTING
2022-05-10 14:23:06,651 INFO  State of operation 18685695 : EXECUTING
2022-05-10 14:23:09,749 INFO  State of operation 18685695 : EXECUTING
2022-05-10 14:23:11,972 INFO  State of operation 18685695 : EXECUTING
2022-05-10 14:23:14,309 INFO  State of operation 18685695 : EXECUTING
2022-05-10 14:23:16,544 INFO  State of operation 18685695 : EXECUTING
2022-05-10 14:23:18,806 INFO  State of operation 18685695 : EXECUTING
2022-05-10 14:23:21,024 INFO  State of operation 18685695 : EXECUTING
2022-05-10 14:23:23,237 INFO  State of operation 18685695 : SUCCESSFUL
2022-05-10 14:23:23,486 INFO  Package rolldice is installed
2022-05-10 14:23:23,488 INFO  Assert that (True == value) with value=True ... passed
2022-05-10 14:23:23,714 INFO  Response status: 201
2022-05-10 14:23:23,715 INFO  Response to action: {
    "creationTime": "2022-05-10T14:23:23.668Z",
    "deviceName": "m32sd11f",
    "deviceId": "18651604",
    "self": "https://t493319102.eu-latest.cumulocity.com/devicecontrol/operations/18685707",
    "id": "18685707",
    "status": "PENDING",
    "description": "Apply software changes, triggered from PySys: [{'name': 'rolldice', 'id': '5152439', 'version': '::apt', 'url': '', 'action': 'delete'}]",
    "c8y_SoftwareUpdate": [
        {
            "name": "rolldice",
            "action": "delete",
            "id": "5152439",
            "version": "::apt",
            "url": ""
        }
    ]
}
2022-05-10 14:23:23,716 INFO  Started operation: {'creationTime': '2022-05-10T14:23:23.668Z', 'deviceName': 'm32sd11f', 'deviceId': '18651604', 'self': 'https://t493319102.eu-latest.cumulocity.com/devicecontrol/operations/18685707', 'id': '18685707', 'status': 'PENDING', 'description': "Apply software changes, triggered from PySys: [{'name': 'rolldice', 'id': '5152439', 'version': '::apt', 'url': '', 'action': 'delete'}]", 'c8y_SoftwareUpdate': [{'name': 'rolldice', 'action': 'delete', 'id': '5152439', 'version': '::apt', 'url': ''}]}
2022-05-10 14:23:25,941 INFO  State of operation 18685707 : PENDING
2022-05-10 14:23:28,163 INFO  State of operation 18685707 : EXECUTING
2022-05-10 14:23:30,378 INFO  State of operation 18685707 : EXECUTING
2022-05-10 14:23:32,596 INFO  State of operation 18685707 : EXECUTING
2022-05-10 14:23:34,812 INFO  State of operation 18685707 : EXECUTING
2022-05-10 14:23:37,032 INFO  State of operation 18685707 : EXECUTING
2022-05-10 14:23:39,382 INFO  State of operation 18685707 : EXECUTING
2022-05-10 14:23:42,366 INFO  State of operation 18685707 : EXECUTING
2022-05-10 14:23:47,017 INFO  State of operation 18685707 : EXECUTING
2022-05-10 14:23:49,365 INFO  State of operation 18685707 : EXECUTING
2022-05-10 14:23:51,626 INFO  State of operation 18685707 : EXECUTING
2022-05-10 14:23:53,849 INFO  State of operation 18685707 : EXECUTING
2022-05-10 14:23:56,070 INFO  State of operation 18685707 : EXECUTING
2022-05-10 14:23:58,322 INFO  State of operation 18685707 : EXECUTING
2022-05-10 14:24:00,587 INFO  State of operation 18685707 : EXECUTING
2022-05-10 14:24:02,966 INFO  State of operation 18685707 : EXECUTING
2022-05-10 14:24:05,231 INFO  State of operation 18685707 : EXECUTING
2022-05-10 14:24:08,862 INFO  State of operation 18685707 : EXECUTING
2022-05-10 14:24:11,218 INFO  State of operation 18685707 : EXECUTING
2022-05-10 14:24:13,511 INFO  State of operation 18685707 : EXECUTING
2022-05-10 14:24:15,732 INFO  State of operation 18685707 : EXECUTING
2022-05-10 14:24:17,968 INFO  State of operation 18685707 : EXECUTING
2022-05-10 14:24:20,208 INFO  State of operation 18685707 : EXECUTING
2022-05-10 14:24:22,415 INFO  State of operation 18685707 : SUCCESSFUL
2022-05-10 14:24:22,661 INFO  Assert that (False == value) with value=False ... passed
2022-05-10 14:24:22,673 INFO  
2022-05-10 14:24:22,674 INFO  cleanup:
2022-05-10 14:24:28,034 INFO  Executed sudo<tedge_disconnect_c8y>, exit status 0
2022-05-10 14:24:28,648 INFO  Executed systemctl<serv_mapper5>, exit status 3
2022-05-10 14:24:28,652 INFO  
2022-05-10 14:24:28,654 INFO  Test duration: 189.46 secs
2022-05-10 14:24:28,656 INFO  Test final outcome:  PASSED
2022-05-10 14:24:28,657 INFO  
