2022-04-08 09:55:12,738 INFO  ==============================================================
2022-04-08 09:55:12,739 INFO  Id:    call_tedge_-V
2022-04-08 09:55:12,740 INFO  Dir:   tedge/
2022-04-08 09:55:12,741 INFO  Title: Validate command line option -V
2022-04-08 09:55:12,742 DEBUG Execution order hint: 0.0
2022-04-08 09:55:12,743 INFO  ==============================================================
2022-04-08 09:55:12,835 DEBUG --- test execute
2022-04-08 09:55:12,837 DEBUG Process parameters for tedge
  command line : /usr/bin/tedge -V
    arg #1     : -V
  working dir  : /home/pi/actions-runner/_work/thin-edge.io/thin-edge.io/tests/PySys/tedge/call_tedge_-V/Output/linux
  stdout       : /home/pi/actions-runner/_work/thin-edge.io/thin-edge.io/tests/PySys/tedge/call_tedge_-V/Output/linux/tedge.out
  stderr       : /home/pi/actions-runner/_work/thin-edge.io/thin-edge.io/tests/PySys/tedge/call_tedge_-V/Output/linux/tedge.err
  environment  : LD_LIBRARY_PATH=/usr/lib
  environment  : PATH=/bin:/usr/bin:/usr/sbin:/usr/local/bin
                   #1  /bin
                   #2  /usr/bin
                   #3  /usr/sbin
                   #4  /usr/local/bin
2022-04-08 09:55:12,846 DEBUG Waiting up to 600 secs for process tedge (pid 10281)
2022-04-08 09:55:13,303 INFO  Executed tedge, exit status 0
2022-04-08 09:55:13,304 DEBUG --- test validate
2022-04-08 09:55:13,305 DEBUG Performing regex contains=True grep on file: /home/pi/actions-runner/_work/thin-edge.io/thin-edge.io/tests/PySys/tedge/call_tedge_-V/Output/linux/tedge.out
2022-04-08 09:55:13,312 DEBUG Grep on file tedge.out successfully matched expression "tedge 0.6.1" with line: 'tedge 0.6.1\n'
2022-04-08 09:55:13,313 INFO  Grep on file tedge.out ... passed
2022-04-08 09:55:13,318 DEBUG --- test cleanup
2022-04-08 09:55:13,319 DEBUG ProcessUser cleanup function done.
2022-04-08 09:55:13,322 INFO  
2022-04-08 09:55:13,323 INFO  Test duration: 0.59 secs
2022-04-08 09:55:13,324 INFO  Test final outcome:  PASSED
2022-04-08 09:55:13,325 INFO  
