2022-04-11 09:38:34,699 INFO  ==============================================================
2022-04-11 09:38:34,700 INFO  Id:    local_mqtt_pub_fail_qos1
2022-04-11 09:38:34,701 INFO  Dir:   local_mqtt/
2022-04-11 09:38:34,702 INFO  Title: Check error code when mosquitto is not running with QoS set to 1
2022-04-11 09:38:34,703 DEBUG Execution order hint: 0.0
2022-04-11 09:38:34,703 INFO  ==============================================================
2022-04-11 09:38:34,710 DEBUG Process parameters for sudo<stop>
  command line : /usr/bin/sudo /usr/bin/systemctl stop mosquitto
    arg #1     : /usr/bin/systemctl
    arg #2     : stop
    arg #3     : mosquitto
  working dir  : /home/pi/actions-runner/_work/thin-edge.io/thin-edge.io/tests/PySys/local_mqtt/local_mqtt_pub_fail_qos1/Output/linux
  stdout       : /home/pi/actions-runner/_work/thin-edge.io/thin-edge.io/tests/PySys/local_mqtt/local_mqtt_pub_fail_qos1/Output/linux/stop.out
  stderr       : /home/pi/actions-runner/_work/thin-edge.io/thin-edge.io/tests/PySys/local_mqtt/local_mqtt_pub_fail_qos1/Output/linux/stop.err
  environment  : LD_LIBRARY_PATH=/usr/lib
  environment  : PATH=/bin:/usr/bin:/usr/sbin:/usr/local/bin
                   #1  /bin
                   #2  /usr/bin
                   #3  /usr/sbin
                   #4  /usr/local/bin
2022-04-11 09:38:34,717 DEBUG Waiting up to 600 secs for process sudo<stop> (pid 27596)
2022-04-11 09:38:35,425 INFO  Executed sudo<stop>, exit status 0
2022-04-11 09:38:35,426 DEBUG --- test execute
2022-04-11 09:38:35,430 DEBUG Process parameters for tedge_pub_fail
  command line : /usr/bin/tedge mqtt pub --qos 1 atopic amessage
    arg #1     : mqtt
    arg #2     : pub
    arg #3     : --qos
    arg #4     : 1
    arg #5     : atopic
    arg #6     : amessage
  working dir  : /home/pi/actions-runner/_work/thin-edge.io/thin-edge.io/tests/PySys/local_mqtt/local_mqtt_pub_fail_qos1/Output/linux
  stdout       : /home/pi/actions-runner/_work/thin-edge.io/thin-edge.io/tests/PySys/local_mqtt/local_mqtt_pub_fail_qos1/Output/linux/tedge_pub_fail.out
  stderr       : /home/pi/actions-runner/_work/thin-edge.io/thin-edge.io/tests/PySys/local_mqtt/local_mqtt_pub_fail_qos1/Output/linux/tedge_pub_fail.err
  environment  : LD_LIBRARY_PATH=/usr/lib
  environment  : PATH=/bin:/usr/bin:/usr/sbin:/usr/local/bin
                   #1  /bin
                   #2  /usr/bin
                   #3  /usr/sbin
                   #4  /usr/local/bin
2022-04-11 09:38:35,437 DEBUG Waiting up to 600 secs for process tedge_pub_fail (pid 27599)
2022-04-11 09:38:36,045 INFO  Executed tedge_pub_fail, exit status 1
2022-04-11 09:38:36,048 INFO  Assert that (value==1) with value=1 ... passed
2022-04-11 09:38:36,050 DEBUG --- test validate
2022-04-11 09:38:36,074 DEBUG --- test cleanup
2022-04-11 09:38:36,076 INFO  
2022-04-11 09:38:36,077 INFO  cleanup:
2022-04-11 09:38:36,079 DEBUG Running registered cleanup function: <bound method PySysTest.mycleanup of <PySysTest object at 0x7608a370>>
2022-04-11 09:38:36,084 DEBUG Process parameters for sudo<start>
  command line : /usr/bin/sudo /usr/bin/systemctl start mosquitto
    arg #1     : /usr/bin/systemctl
    arg #2     : start
    arg #3     : mosquitto
  working dir  : /home/pi/actions-runner/_work/thin-edge.io/thin-edge.io/tests/PySys/local_mqtt/local_mqtt_pub_fail_qos1/Output/linux
  stdout       : /home/pi/actions-runner/_work/thin-edge.io/thin-edge.io/tests/PySys/local_mqtt/local_mqtt_pub_fail_qos1/Output/linux/start.out
  stderr       : /home/pi/actions-runner/_work/thin-edge.io/thin-edge.io/tests/PySys/local_mqtt/local_mqtt_pub_fail_qos1/Output/linux/start.err
  environment  : LD_LIBRARY_PATH=/usr/lib
  environment  : PATH=/bin:/usr/bin:/usr/sbin:/usr/local/bin
                   #1  /bin
                   #2  /usr/bin
                   #3  /usr/sbin
                   #4  /usr/local/bin
2022-04-11 09:38:36,094 DEBUG Waiting up to 600 secs for process sudo<start> (pid 27600)
2022-04-11 09:38:36,853 INFO  Executed sudo<start>, exit status 0
2022-04-11 09:38:36,854 DEBUG ProcessUser cleanup function done.
2022-04-11 09:38:36,859 INFO  
2022-04-11 09:38:36,861 INFO  Test duration: 2.16 secs
2022-04-11 09:38:36,863 INFO  Test final outcome:  PASSED
2022-04-11 09:38:36,865 INFO  
