2022-04-14 07:05:17,920 INFO  ==============================================================
2022-04-14 07:05:17,921 INFO  Id:    apt_fail_noarg
2022-04-14 07:05:17,924 INFO  Dir:   plugin_apt/
2022-04-14 07:05:17,925 INFO  Title: Validate apt plugin fetures(prepare, list, install, remove finalize) without arguments
2022-04-14 07:05:17,926 INFO  ==============================================================
2022-04-14 07:05:19,393 INFO  Executed sudo<outp_install>, exit status 1
2022-04-14 07:05:19,398 INFO  Assert that (value==1) with value=1 ... passed
2022-04-14 07:05:19,910 INFO  Executed sudo<outp_install>, exit status 1
2022-04-14 07:05:19,912 INFO  Assert that (value==1) with value=1 ... passed
2022-04-14 07:05:20,424 INFO  Executed sudo<outp_install>, exit status 1
2022-04-14 07:05:20,426 INFO  Assert that (value==1) with value=1 ... passed
2022-04-14 07:05:20,938 INFO  Executed sudo<outp_install>, exit status 1
2022-04-14 07:05:20,940 INFO  Assert that (value==1) with value=1 ... passed
2022-04-14 07:05:21,451 INFO  Executed sudo<outp_install>, exit status 1
2022-04-14 07:05:21,454 INFO  Assert that (value==1) with value=1 ... passed
2022-04-14 07:05:21,966 INFO  Executed sudo<outp_install>, exit status 1
2022-04-14 07:05:21,968 INFO  Assert that (value==1) with value=1 ... passed
2022-04-14 07:05:22,481 INFO  Executed sudo<outp_install>, exit status 1
2022-04-14 07:05:22,483 INFO  Assert that (value==1) with value=1 ... passed
2022-04-14 07:05:23,045 INFO  Executed sudo<outp_install>, exit status 1
2022-04-14 07:05:23,047 INFO  Assert that (value==1) with value=1 ... passed
2022-04-14 07:05:23,609 INFO  Executed sudo<outp_install>, exit status 1
2022-04-14 07:05:23,611 INFO  Assert that (value==1) with value=1 ... passed
2022-04-14 07:05:24,225 INFO  Executed sudo<outp_install>, exit status 1
2022-04-14 07:05:24,230 INFO  Assert that (value==1) with value=1 ... passed
2022-04-14 07:05:24,242 INFO  
2022-04-14 07:05:24,244 INFO  Test duration: 6.33 secs
2022-04-14 07:05:24,245 INFO  Test final outcome:  PASSED
2022-04-14 07:05:24,247 INFO  
