2022-05-02 16:29:03,935 INFO  ==============================================================
2022-05-02 16:29:03,936 INFO  Id:    SoftwareManagement.sm_fake_install_remove_multiple
2022-05-02 16:29:03,937 INFO  Dir:   software_management_end_to_end/
2022-05-02 16:29:03,938 INFO  Title: Validate end to end behaviour for the dummy-plugin for multiple packages
2022-05-02 16:29:03,939 INFO  ==============================================================
2022-05-02 16:29:03,948 INFO  Using sw id database: {'asciijump': '5475369', 'robotfindskitten': '5474869', 'squirrel3': '5475279', 'rolldice': '5152439', 'moon-buggy': '5439204', 'apple': '5495053', 'banana': '5494888', 'cherry': '5495382', 'watermelon': '5494510', 'registry': '8018911', 'hello-world': '8021526', 'docker/getting-started': '8021973', 'alpine': '7991792'}
2022-05-02 16:29:03,949 INFO  EnvironmentC8y Setup
2022-05-02 16:29:04,510 INFO  Executed systemctl<serv_mapper1>, exit status 3
2022-05-02 16:29:04,626 INFO  Restarting mosquitto too frequently in the last 10 seconds. It was only up for 5 seconds
2022-05-02 16:29:04,628 INFO  Delaying execution by 6 seconds
2022-05-02 16:29:27,943 INFO  Executed sudo<tedge_connect_c8y>, exit status 0, duration 17 secs
2022-05-02 16:29:28,563 INFO  Executed sudo<tedge_connect_c8y_test>, exit status 0
2022-05-02 16:29:29,038 INFO  Executed systemctl<serv_mosq2>, exit status 0
2022-05-02 16:29:29,502 INFO  Executed systemctl<serv_mapper3>, exit status 0
2022-05-02 16:29:31,742 INFO  State of current operation: SUCCESSFUL
2022-05-02 16:29:31,974 INFO  Package apple is installed
2022-05-02 16:29:31,977 INFO  Assert that (True == value) with value=True ... passed
2022-05-02 16:29:32,230 INFO  Package banana is installed
2022-05-02 16:29:32,233 INFO  Assert that (True == value) with value=True ... passed
2022-05-02 16:29:32,493 INFO  Package cherry is installed
2022-05-02 16:29:32,495 INFO  Assert that (True == value) with value=True ... passed
2022-05-02 16:29:32,720 INFO  Response status: 201
2022-05-02 16:29:32,723 INFO  Response to action: {
    "delivery": {
        "time": "2022-05-02T16:29:32.692Z",
        "log": [],
        "status": "PENDING"
    },
    "creationTime": "2022-05-02T16:29:32.678Z",
    "deviceName": "m32sd11f",
    "deviceId": "18168342",
    "self": "https://t493319102.eu-latest.cumulocity.com/devicecontrol/operations/18214306",
    "id": "18214306",
    "status": "PENDING",
    "description": "Apply software changes, triggered from PySys: [{'action': 'install', 'id': '5495053', 'name': 'apple', 'url': ' ', 'version': '::fruits'}, {'action': 'install', 'id': '5494888', 'name': 'banana', 'url': ' ', 'version': '::fruits'}, {'action': 'install', 'id': '5495382', 'name': 'cherry', 'url': ' ', 'version': '::fruits'}]",
    "c8y_SoftwareUpdate": [
        {
            "name": "apple",
            "action": "install",
            "id": "5495053",
            "version": "::fruits",
            "url": " "
        },
        {
            "name": "banana",
            "action": "install",
            "id": "5494888",
            "version": "::fruits",
            "url": " "
        },
        {
            "name": "cherry",
            "action": "install",
            "id": "5495382",
            "version": "::fruits",
            "url": " "
        }
    ]
}
2022-05-02 16:29:32,724 INFO  Started operation: {'delivery': {'time': '2022-05-02T16:29:32.692Z', 'log': [], 'status': 'PENDING'}, 'creationTime': '2022-05-02T16:29:32.678Z', 'deviceName': 'm32sd11f', 'deviceId': '18168342', 'self': 'https://t493319102.eu-latest.cumulocity.com/devicecontrol/operations/18214306', 'id': '18214306', 'status': 'PENDING', 'description': "Apply software changes, triggered from PySys: [{'action': 'install', 'id': '5495053', 'name': 'apple', 'url': ' ', 'version': '::fruits'}, {'action': 'install', 'id': '5494888', 'name': 'banana', 'url': ' ', 'version': '::fruits'}, {'action': 'install', 'id': '5495382', 'name': 'cherry', 'url': ' ', 'version': '::fruits'}]", 'c8y_SoftwareUpdate': [{'name': 'apple', 'action': 'install', 'id': '5495053', 'version': '::fruits', 'url': ' '}, {'name': 'banana', 'action': 'install', 'id': '5494888', 'version': '::fruits', 'url': ' '}, {'name': 'cherry', 'action': 'install', 'id': '5495382', 'version': '::fruits', 'url': ' '}]}
2022-05-02 16:29:34,942 INFO  State of operation 18214306 : PENDING
2022-05-02 16:29:37,227 INFO  State of operation 18214306 : EXECUTING
2022-05-02 16:29:39,446 INFO  State of operation 18214306 : EXECUTING
2022-05-02 16:29:41,662 INFO  State of operation 18214306 : SUCCESSFUL
2022-05-02 16:29:41,897 INFO  Package apple is installed
2022-05-02 16:29:41,899 INFO  Assert that (True == value) with value=True ... passed
2022-05-02 16:29:42,137 INFO  Package banana is installed
2022-05-02 16:29:42,139 INFO  Assert that (True == value) with value=True ... passed
2022-05-02 16:29:42,378 INFO  Package cherry is installed
2022-05-02 16:29:42,381 INFO  Assert that (True == value) with value=True ... passed
2022-05-02 16:29:42,604 INFO  Response status: 201
2022-05-02 16:29:42,606 INFO  Response to action: {
    "delivery": {
        "time": "2022-05-02T16:29:42.578Z",
        "log": [],
        "status": "PENDING"
    },
    "creationTime": "2022-05-02T16:29:42.564Z",
    "deviceName": "m32sd11f",
    "deviceId": "18168342",
    "self": "https://t493319102.eu-latest.cumulocity.com/devicecontrol/operations/18214312",
    "id": "18214312",
    "status": "PENDING",
    "description": "Apply software changes, triggered from PySys: [{'action': 'install', 'id': '5495053', 'name': 'apple', 'url': ' ', 'version': '::fruits'}, {'action': 'install', 'id': '5494888', 'name': 'banana', 'url': ' ', 'version': '::fruits'}, {'action': 'install', 'id': '5495382', 'name': 'cherry', 'url': ' ', 'version': '::fruits'}]",
    "c8y_SoftwareUpdate": [
        {
            "name": "apple",
            "action": "install",
            "id": "5495053",
            "version": "::fruits",
            "url": " "
        },
        {
            "name": "banana",
            "action": "install",
            "id": "5494888",
            "version": "::fruits",
            "url": " "
        },
        {
            "name": "cherry",
            "action": "install",
            "id": "5495382",
            "version": "::fruits",
            "url": " "
        }
    ]
}
2022-05-02 16:29:42,607 INFO  Started operation: {'delivery': {'time': '2022-05-02T16:29:42.578Z', 'log': [], 'status': 'PENDING'}, 'creationTime': '2022-05-02T16:29:42.564Z', 'deviceName': 'm32sd11f', 'deviceId': '18168342', 'self': 'https://t493319102.eu-latest.cumulocity.com/devicecontrol/operations/18214312', 'id': '18214312', 'status': 'PENDING', 'description': "Apply software changes, triggered from PySys: [{'action': 'install', 'id': '5495053', 'name': 'apple', 'url': ' ', 'version': '::fruits'}, {'action': 'install', 'id': '5494888', 'name': 'banana', 'url': ' ', 'version': '::fruits'}, {'action': 'install', 'id': '5495382', 'name': 'cherry', 'url': ' ', 'version': '::fruits'}]", 'c8y_SoftwareUpdate': [{'name': 'apple', 'action': 'install', 'id': '5495053', 'version': '::fruits', 'url': ' '}, {'name': 'banana', 'action': 'install', 'id': '5494888', 'version': '::fruits', 'url': ' '}, {'name': 'cherry', 'action': 'install', 'id': '5495382', 'version': '::fruits', 'url': ' '}]}
2022-05-02 16:29:44,835 INFO  State of operation 18214312 : PENDING
2022-05-02 16:29:47,145 INFO  State of operation 18214312 : EXECUTING
2022-05-02 16:29:49,367 INFO  State of operation 18214312 : EXECUTING
2022-05-02 16:29:51,584 INFO  State of operation 18214312 : SUCCESSFUL
2022-05-02 16:29:51,821 INFO  Package apple is installed
2022-05-02 16:29:51,823 INFO  Assert that (True == value) with value=True ... passed
2022-05-02 16:29:52,064 INFO  Package banana is installed
2022-05-02 16:29:52,066 INFO  Assert that (True == value) with value=True ... passed
2022-05-02 16:29:52,313 INFO  Package cherry is installed
2022-05-02 16:29:52,315 INFO  Assert that (True == value) with value=True ... passed
2022-05-02 16:29:52,321 INFO  
2022-05-02 16:29:52,322 INFO  cleanup:
2022-05-02 16:29:57,691 INFO  Executed sudo<tedge_disconnect_c8y>, exit status 0
2022-05-02 16:29:58,212 INFO  Executed systemctl<serv_mapper5>, exit status 3
2022-05-02 16:29:58,216 INFO  
2022-05-02 16:29:58,217 INFO  Test duration: 54.29 secs
2022-05-02 16:29:58,218 INFO  Test final outcome:  PASSED
2022-05-02 16:29:58,219 INFO  
