2022-04-15 09:58:57,945 INFO  ==============================================================
2022-04-15 09:58:57,946 INFO  Id:    SoftwareManagement.sm_apt_install_download_path
2022-04-15 09:58:57,947 INFO  Dir:   software_management_end_to_end/
2022-04-15 09:58:57,948 INFO  Title: Install package to directory specified in tedge config set tmp.path
2022-04-15 09:58:57,949 INFO  ==============================================================
2022-04-15 09:58:59,265 INFO  Using sw id database: {'asciijump': '5475369', 'robotfindskitten': '5474869', 'squirrel3': '5475279', 'rolldice': '5152439', 'moon-buggy': '5439204', 'apple': '5495053', 'banana': '5494888', 'cherry': '5495382', 'watermelon': '5494510', 'registry': '8018911', 'hello-world': '8021526', 'docker/getting-started': '8021973', 'alpine': '7991792'}
2022-04-15 09:58:59,266 INFO  EnvironmentC8y Setup
2022-04-15 09:58:59,828 INFO  Executed systemctl<serv_mapper1>, exit status 3
2022-04-15 09:59:14,381 INFO  Executed sudo<tedge_connect_c8y>, exit status 0, duration 14 secs
2022-04-15 09:59:14,950 INFO  Executed sudo<tedge_connect_c8y_test>, exit status 0
2022-04-15 09:59:15,465 INFO  Executed systemctl<serv_mosq2>, exit status 0
2022-04-15 09:59:15,979 INFO  Executed systemctl<serv_mapper3>, exit status 0
2022-04-15 09:59:18,238 INFO  State of current operation: SUCCESSFUL
2022-04-15 09:59:18,491 INFO  Assert that (False == value) with value=False ... passed
2022-04-15 09:59:19,003 INFO  Executed sudo, exit status 0
2022-04-15 09:59:19,565 INFO  Executed sudo, exit status 0
2022-04-15 09:59:20,222 INFO  Executed sudo, exit status 0
2022-04-15 09:59:24,725 INFO  Executed sudo<tedge_disconnect_c8y>, exit status 0
2022-04-15 09:59:24,835 INFO  Restarting mosquitto too frequently in the last 10 seconds. It was only up for 4 seconds
2022-04-15 09:59:24,837 INFO  Delaying execution by 7 seconds
2022-04-15 09:59:46,211 INFO  Executed sudo<tedge_connect_c8y>, exit status 0, duration 14 secs
2022-04-15 09:59:46,497 INFO  Response status: 201
2022-04-15 09:59:46,499 INFO  Response to action: {
    "delivery": {
        "time": "2022-04-15T09:59:46.466Z",
        "log": [],
        "status": "PENDING"
    },
    "creationTime": "2022-04-15T09:59:46.454Z",
    "deviceName": "mythica",
    "deviceId": "17361611",
    "self": "https://t493319102.eu-latest.cumulocity.com/devicecontrol/operations/17372116",
    "id": "17372116",
    "status": "PENDING",
    "description": "Apply software changes, triggered from PySys: [{'name': 'rolldice', 'id': '5152439', 'version': '::apt', 'url': 'https://thin-edge-io.eu-latest.cumulocity.com/inventory/binaries/12435463', 'action': 'install'}]",
    "c8y_SoftwareUpdate": [
        {
            "name": "rolldice",
            "action": "install",
            "id": "5152439",
            "version": "::apt",
            "url": "https://thin-edge-io.eu-latest.cumulocity.com/inventory/binaries/12435463"
        }
    ]
}
2022-04-15 09:59:46,500 INFO  Started operation: {'delivery': {'time': '2022-04-15T09:59:46.466Z', 'log': [], 'status': 'PENDING'}, 'creationTime': '2022-04-15T09:59:46.454Z', 'deviceName': 'mythica', 'deviceId': '17361611', 'self': 'https://t493319102.eu-latest.cumulocity.com/devicecontrol/operations/17372116', 'id': '17372116', 'status': 'PENDING', 'description': "Apply software changes, triggered from PySys: [{'name': 'rolldice', 'id': '5152439', 'version': '::apt', 'url': 'https://thin-edge-io.eu-latest.cumulocity.com/inventory/binaries/12435463', 'action': 'install'}]", 'c8y_SoftwareUpdate': [{'name': 'rolldice', 'action': 'install', 'id': '5152439', 'version': '::apt', 'url': 'https://thin-edge-io.eu-latest.cumulocity.com/inventory/binaries/12435463'}]}
2022-04-15 09:59:46,505 WARN  , retrying in 0.5 seconds...
2022-04-15 09:59:47,009 WARN  , retrying in 0.5 seconds...
2022-04-15 09:59:47,512 WARN  , retrying in 0.5 seconds...
2022-04-15 09:59:48,015 WARN  , retrying in 0.5 seconds...
2022-04-15 09:59:48,518 WARN  , retrying in 0.5 seconds...
2022-04-15 09:59:49,022 WARN  , retrying in 0.5 seconds...
2022-04-15 09:59:49,525 WARN  , retrying in 0.5 seconds...
2022-04-15 09:59:50,028 WARN  , retrying in 0.5 seconds...
2022-04-15 09:59:50,531 WARN  , retrying in 0.5 seconds...
2022-04-15 09:59:51,035 WARN  AssertionError occurred while running test - 
Traceback (most recent call last):
  File "/home/pi/env-pysys/lib/python3.7/site-packages/pysys/baserunner.py", line 1294, in __call__
    self.testObj.execute()
  File "/home/pi/actions-runner/_work/thin-edge.io/thin-edge.io/tests/PySys/software_management_end_to_end/sm_apt_install_download_path/run.py", line 83, in execute
    assert_install_in_download_path(install_directory=self.DOWNLOAD_DIR)
  File "/home/pi/env-pysys/lib/python3.7/site-packages/decorator.py", line 232, in fun
    return caller(func, *(extras + args), **kw)
  File "/home/pi/env-pysys/lib/python3.7/site-packages/retry/api.py", line 74, in retry_decorator
    logger)
  File "/home/pi/env-pysys/lib/python3.7/site-packages/retry/api.py", line 33, in __retry_internal
    return f()
  File "/home/pi/actions-runner/_work/thin-edge.io/thin-edge.io/tests/PySys/software_management_end_to_end/sm_apt_install_download_path/run.py", line 28, in assert_install_in_download_path
    assert "rolldice" in os.listdir(f"{install_directory}")
AssertionError
2022-04-15 09:59:51,077 WARN  AssertionError: ... blocked 
2022-04-15 09:59:51,078 INFO  
2022-04-15 09:59:51,079 INFO  cleanup:
2022-04-15 09:59:51,594 INFO  Executed sudo, exit status 0
2022-04-15 09:59:52,161 INFO  Executed sudo, exit status 0
2022-04-15 09:59:56,849 INFO  Executed sudo<tedge_disconnect_c8y>, exit status 0
2022-04-15 09:59:56,961 INFO  Restarting mosquitto too frequently in the last 10 seconds. It was only up for 4 seconds
2022-04-15 09:59:56,963 INFO  Delaying execution by 7 seconds
2022-04-15 10:00:18,911 INFO  Executed sudo<tedge_connect_c8y>, exit status 0, duration 14 secs
2022-04-15 10:00:23,314 INFO  Executed sudo<tedge_disconnect_c8y>, exit status 0
2022-04-15 10:00:23,991 INFO  Executed systemctl<serv_mapper5>, exit status 3
2022-04-15 10:00:23,996 INFO  
2022-04-15 10:00:23,997 INFO  Test duration: 86.06 secs
2022-04-15 10:00:23,998 INFO  Test final outcome:  BLOCKED
2022-04-15 10:00:23,999 INFO  Test outcome reason: AssertionError:
2022-04-15 10:00:23,999 INFO  
