2022-04-12 09:07:35,758 INFO  ==============================================================
2022-04-12 09:07:35,759 INFO  Id:    apt_sequence_remove
2022-04-12 09:07:35,760 INFO  Dir:   plugin_apt/
2022-04-12 09:07:35,761 INFO  Title: Validate apt plugin prepare install remove finalize use case
2022-04-12 09:07:35,762 INFO  ==============================================================
2022-04-12 09:08:13,896 INFO  Executed sudo, exit status 0, duration 38 secs
2022-04-12 09:08:19,158 INFO  Executed sudo<outp_check_0>, exit status 0
2022-04-12 09:08:19,160 INFO  Assert that (value==0) with value=0 ... passed
2022-04-12 09:08:19,165 INFO  Grep on file outp_check_0.out ... passed
2022-04-12 09:08:37,130 INFO  Executed sudo<outp_prepare>, exit status 0, duration 17 secs
2022-04-12 09:08:37,133 INFO  Assert that (value==0) with value=0 ... passed
2022-04-12 09:08:56,268 INFO  Executed sudo<outp_remove>, exit status 0, duration 19 secs
2022-04-12 09:08:56,271 INFO  Assert that (value==0) with value=0 ... passed
2022-04-12 09:09:03,639 INFO  Executed sudo<outp_finalize>, exit status 0
2022-04-12 09:09:03,641 INFO  Assert that (value==0) with value=0 ... passed
2022-04-12 09:09:06,214 INFO  Executed sudo<outp_check_1>, exit status 0
2022-04-12 09:09:06,216 INFO  Assert that (value==0) with value=0 ... passed
2022-04-12 09:09:06,222 INFO  Grep on file outp_check_1.out ... passed
2022-04-12 09:09:06,228 INFO  
2022-04-12 09:09:06,229 INFO  cleanup:
2022-04-12 09:09:10,865 INFO  Executed sudo, exit status 0
2022-04-12 09:09:10,868 INFO  
2022-04-12 09:09:10,869 INFO  Test duration: 95.12 secs
2022-04-12 09:09:10,870 INFO  Test final outcome:  PASSED
2022-04-12 09:09:10,871 INFO  
