2022-04-07 16:36:49,010 INFO  ==============================================================
2022-04-07 16:36:49,011 INFO  Id:    apt_install_fail
2022-04-07 16:36:49,012 INFO  Dir:   plugin_apt/
2022-04-07 16:36:49,013 INFO  Title: Validate apt plugin prepare - failing
2022-04-07 16:36:49,014 DEBUG Execution order hint: 0.0
2022-04-07 16:36:49,015 INFO  ==============================================================
2022-04-07 16:36:49,020 DEBUG Process parameters for sudo<outp_check_0>
  command line : /usr/bin/sudo /etc/tedge/sm-plugins/apt list
    arg #1     : /etc/tedge/sm-plugins/apt
    arg #2     : list
  working dir  : /home/pi/actions-runner/_work/thin-edge.io/thin-edge.io/tests/PySys/plugin_apt/apt_install_fail/Output/linux
  stdout       : /home/pi/actions-runner/_work/thin-edge.io/thin-edge.io/tests/PySys/plugin_apt/apt_install_fail/Output/linux/outp_check_0.out
  stderr       : /home/pi/actions-runner/_work/thin-edge.io/thin-edge.io/tests/PySys/plugin_apt/apt_install_fail/Output/linux/outp_check_0.err
  environment  : LD_LIBRARY_PATH=/usr/lib
  environment  : PATH=/bin:/usr/bin:/usr/sbin:/usr/local/bin
                   #1  /bin
                   #2  /usr/bin
                   #3  /usr/sbin
                   #4  /usr/local/bin
2022-04-07 16:36:49,027 DEBUG Waiting up to 600 secs for process sudo<outp_check_0> (pid 1207)
2022-04-07 16:36:54,371 INFO  Executed sudo<outp_check_0>, exit status 0
2022-04-07 16:36:54,374 INFO  Assert that (value==0) with value=0 ... passed
2022-04-07 16:36:54,375 DEBUG Performing regex contains=False grep on file: /home/pi/actions-runner/_work/thin-edge.io/thin-edge.io/tests/PySys/plugin_apt/apt_install_fail/Output/linux/outp_check_0.out
2022-04-07 16:36:54,381 INFO  Grep on file outp_check_0.out ... passed
2022-04-07 16:36:54,382 DEBUG --- test execute
2022-04-07 16:36:54,385 DEBUG Process parameters for sudo<outp_install>
  command line : /usr/bin/sudo /etc/tedge/sm-plugins/apt install notapackage
    arg #1     : /etc/tedge/sm-plugins/apt
    arg #2     : install
    arg #3     : notapackage
  working dir  : /home/pi/actions-runner/_work/thin-edge.io/thin-edge.io/tests/PySys/plugin_apt/apt_install_fail/Output/linux
  stdout       : /home/pi/actions-runner/_work/thin-edge.io/thin-edge.io/tests/PySys/plugin_apt/apt_install_fail/Output/linux/outp_install.out
  stderr       : /home/pi/actions-runner/_work/thin-edge.io/thin-edge.io/tests/PySys/plugin_apt/apt_install_fail/Output/linux/outp_install.err
  environment  : LD_LIBRARY_PATH=/usr/lib
  environment  : PATH=/bin:/usr/bin:/usr/sbin:/usr/local/bin
                   #1  /bin
                   #2  /usr/bin
                   #3  /usr/sbin
                   #4  /usr/local/bin
2022-04-07 16:36:54,391 DEBUG Waiting up to 600 secs for process sudo<outp_install> (pid 1215)
2022-04-07 16:36:57,814 INFO  Executed sudo<outp_install>, exit status 2
2022-04-07 16:36:57,816 INFO  Assert that (value==2) with value=2 ... passed
2022-04-07 16:36:57,817 DEBUG --- test validate
2022-04-07 16:36:57,819 DEBUG Process parameters for sudo<outp_check_1>
  command line : /usr/bin/sudo /etc/tedge/sm-plugins/apt list
    arg #1     : /etc/tedge/sm-plugins/apt
    arg #2     : list
  working dir  : /home/pi/actions-runner/_work/thin-edge.io/thin-edge.io/tests/PySys/plugin_apt/apt_install_fail/Output/linux
  stdout       : /home/pi/actions-runner/_work/thin-edge.io/thin-edge.io/tests/PySys/plugin_apt/apt_install_fail/Output/linux/outp_check_1.out
  stderr       : /home/pi/actions-runner/_work/thin-edge.io/thin-edge.io/tests/PySys/plugin_apt/apt_install_fail/Output/linux/outp_check_1.err
  environment  : LD_LIBRARY_PATH=/usr/lib
  environment  : PATH=/bin:/usr/bin:/usr/sbin:/usr/local/bin
                   #1  /bin
                   #2  /usr/bin
                   #3  /usr/sbin
                   #4  /usr/local/bin
2022-04-07 16:36:57,826 DEBUG Waiting up to 600 secs for process sudo<outp_check_1> (pid 1220)
2022-04-07 16:37:00,394 INFO  Executed sudo<outp_check_1>, exit status 0
2022-04-07 16:37:00,395 INFO  Assert that (value==0) with value=0 ... passed
2022-04-07 16:37:00,397 DEBUG Performing regex contains=False grep on file: /home/pi/actions-runner/_work/thin-edge.io/thin-edge.io/tests/PySys/plugin_apt/apt_install_fail/Output/linux/outp_check_1.out
2022-04-07 16:37:00,402 INFO  Grep on file outp_check_1.out ... passed
2022-04-07 16:37:00,408 DEBUG --- test cleanup
2022-04-07 16:37:00,409 DEBUG ProcessUser cleanup function done.
2022-04-07 16:37:00,413 INFO  
2022-04-07 16:37:00,413 INFO  Test duration: 11.41 secs
2022-04-07 16:37:00,414 INFO  Test final outcome:  PASSED
2022-04-07 16:37:00,415 INFO  
