2022-04-14 11:09:42,437 INFO  ==============================================================
2022-04-14 11:09:42,438 INFO  Id:    SoftwareManagement.Plugin.apama_plugin_install
2022-04-14 11:09:42,441 INFO  Dir:   plugin_apama/
2022-04-14 11:09:42,442 INFO  Title: Validate apama plugin install
2022-04-14 11:09:42,443 INFO  ==============================================================
2022-04-14 11:09:42,476 INFO  Assertion that path exists=False for "/etc/tedge/apama/project" ... passed
2022-04-14 11:09:44,416 INFO  Executed sudo<plugin_install>, exit status 0
2022-04-14 11:09:45,180 INFO  Executed sudo<apama_correlator_wait>, exit status 0
2022-04-14 11:09:45,942 INFO  Executed sudo<plugin_list_after_install>, exit status 0
2022-04-14 11:09:45,944 INFO  Assertion that path exists=True for "/etc/tedge/apama/project" ... passed
2022-04-14 11:09:46,708 INFO  Executed sudo<apama_list_monitors>, exit status 0
2022-04-14 11:09:46,718 INFO  Grep on file /home/pi/actions-runner/_work/thin-edge.io/thin-edge.io/tests/PySys/plugin_apama/apama_plugin_install/Output/linux/apama_list_monitors.out ... passed
2022-04-14 11:09:46,723 INFO  Grep on file plugin_list_after_install.out ... passed
2022-04-14 11:09:46,728 INFO  Grep on file plugin_list_after_install.out ... passed
2022-04-14 11:09:46,734 INFO  
2022-04-14 11:09:46,735 INFO  cleanup:
2022-04-14 11:09:46,736 INFO  Removing apama project
2022-04-14 11:10:03,337 INFO  Executed sudo<stop_apama_service>, exit status 0, duration 16 secs
2022-04-14 11:10:03,899 INFO  Executed sudo<remove_apama_project>, exit status 0
2022-04-14 11:10:04,411 INFO  Executed sudo<remove_apama_tmp_dir>, exit status 0
2022-04-14 11:10:04,415 INFO  
2022-04-14 11:10:04,416 INFO  Test duration: 21.99 secs
2022-04-14 11:10:04,417 INFO  Test final outcome:  PASSED
2022-04-14 11:10:04,418 INFO  
