2022-05-23 09:12:35,175 INFO  ==============================================================
2022-05-23 09:12:35,176 INFO  Id:    local_mqtt_pub_sub_retain
2022-05-23 09:12:35,177 INFO  Dir:   local_mqtt/
2022-05-23 09:12:35,178 INFO  Title: Validate local publishing with retain flag
2022-05-23 09:12:35,179 INFO  ==============================================================
2022-05-23 09:12:35,596 INFO  Executed tedge<pub_to_set_alarm>, exit status 0
2022-05-23 09:12:36,006 INFO  Executed tedge<pub_to_set_alarm>, exit status 0
2022-05-23 09:12:37,015 INFO  Started tedge<temp_sensor_sub> with process id 31629
2022-05-23 09:12:37,427 INFO  Executed tedge<pub_to_clear_alarm>, exit status 0
2022-05-23 09:12:38,940 INFO  Executed sudo<kill_out>, exit status 0
2022-05-23 09:12:39,351 INFO  Executed tedge<pub_to_clear_alarm>, exit status 0
2022-05-23 09:12:39,361 INFO  Started tedge<temp_sensor_empty_message> with process id 31634
2022-05-23 09:12:40,980 INFO  Executed sudo<kill_out>, exit status 0
2022-05-23 09:12:40,990 INFO  Grep on file temp_sensor_sub.out ... passed
2022-05-23 09:12:40,997 INFO  Grep on file temp_sensor_sub.out ... passed
2022-05-23 09:12:41,004 INFO  Grep on file temp_sensor_empty_message.out ... passed
2022-05-23 09:12:41,013 INFO  
2022-05-23 09:12:41,014 INFO  Test duration: 5.84 secs
2022-05-23 09:12:41,015 INFO  Test final outcome:  PASSED
2022-05-23 09:12:41,016 INFO  
