2022-04-28 16:27:17,088 INFO  ==============================================================
2022-04-28 16:27:17,089 INFO  Id:    SoftwareManagement.Plugin.apama_plugin_mon_support
2022-04-28 16:27:17,090 INFO  Dir:   plugin_apama/
2022-04-28 16:27:17,090 INFO  Title: Validate mon file support of apama plugin
2022-04-28 16:27:17,091 INFO  ==============================================================
2022-04-28 16:27:17,100 INFO  Assertion that path exists=False for "/etc/tedge/apama/project" ... passed
2022-04-28 16:27:17,661 INFO  Executed sudo<create_project_dir>, exit status 0
2022-04-28 16:27:18,273 INFO  Executed sudo<unzip_apama_project>, exit status 0
2022-04-28 16:27:18,784 INFO  Executed sudo<move_apama_project>, exit status 0
2022-04-28 16:27:19,648 INFO  Executed sudo<restart_apama_service>, exit status 0
2022-04-28 16:27:20,411 INFO  Executed sudo<apama_correlator_wait>, exit status 0
2022-04-28 16:27:21,124 INFO  Executed sudo<apama_list_monitors>, exit status 0
2022-04-28 16:27:21,130 INFO  Grep on file /home/pi/actions-runner/_work/thin-edge.io/thin-edge.io/tests/PySys/plugin_apama/apama_plugin_mon_support/Output/linux/apama_list_monitors.out ... passed
2022-04-28 16:27:21,893 INFO  Executed sudo<plugin_list_before_install>, exit status 0
2022-04-28 16:27:22,857 INFO  Executed sudo<plugin_install>, exit status 0
2022-04-28 16:27:23,674 INFO  Executed sudo<apama_correlator_wait>, exit status 0
2022-04-28 16:27:24,487 INFO  Executed sudo<plugin_list_after_install>, exit status 0
2022-04-28 16:27:26,110 INFO  Executed sudo<plugin_update>, exit status 0
2022-04-28 16:27:26,823 INFO  Executed sudo<apama_correlator_wait>, exit status 0
2022-04-28 16:27:27,586 INFO  Executed sudo<plugin_list_after_update>, exit status 0
2022-04-28 16:27:28,348 INFO  Executed sudo<plugin_remove>, exit status 0
2022-04-28 16:27:29,061 INFO  Executed sudo<plugin_list_after_remove>, exit status 0
2022-04-28 16:27:29,066 INFO  Grep on file plugin_list_before_install.out ... passed
2022-04-28 16:27:29,071 INFO  Grep on file plugin_list_after_install.out ... passed
2022-04-28 16:27:29,075 INFO  Grep on file plugin_list_after_update.out ... passed
2022-04-28 16:27:29,079 INFO  Grep on file plugin_list_after_remove.out ... passed
2022-04-28 16:27:29,088 INFO  
2022-04-28 16:27:29,089 INFO  cleanup:
2022-04-28 16:27:29,090 INFO  Removing apama project
2022-04-28 16:27:44,230 INFO  Executed sudo<stop_apama_service>, exit status 0, duration 15 secs
2022-04-28 16:27:44,794 INFO  Executed sudo<remove_apama_project>, exit status 0
2022-04-28 16:27:45,464 INFO  Executed sudo<remove_apama_tmp_dir>, exit status 0
2022-04-28 16:27:45,468 INFO  
2022-04-28 16:27:45,469 INFO  Test duration: 28.39 secs
2022-04-28 16:27:45,471 INFO  Test final outcome:  PASSED
2022-04-28 16:27:45,472 INFO  
