2022-04-11 09:40:56,957 INFO  ==============================================================
2022-04-11 09:40:56,958 INFO  Id:    mqtt_port_unset
2022-04-11 09:40:56,959 INFO  Dir:   misc_features/
2022-04-11 09:40:56,960 INFO  Title: mqtt port unset
2022-04-11 09:40:56,960 DEBUG Execution order hint: 0.0
2022-04-11 09:40:56,961 INFO  ==============================================================
2022-04-11 09:40:56,970 DEBUG Process parameters for sudo<mqtt_port_set>
  command line : /usr/bin/sudo /usr/bin/tedge config set mqtt.port 8880
    arg #1     : /usr/bin/tedge
    arg #2     : config
    arg #3     : set
    arg #4     : mqtt.port
    arg #5     : 8880
  working dir  : /home/pi/actions-runner/_work/thin-edge.io/thin-edge.io/tests/PySys/misc_features/mqtt_port_unset/Output/linux
  stdout       : /home/pi/actions-runner/_work/thin-edge.io/thin-edge.io/tests/PySys/misc_features/mqtt_port_unset/Output/linux/mqtt_port_set.out
  stderr       : /home/pi/actions-runner/_work/thin-edge.io/thin-edge.io/tests/PySys/misc_features/mqtt_port_unset/Output/linux/mqtt_port_set.err
  environment  : LD_LIBRARY_PATH=/usr/lib
  environment  : PATH=/bin:/usr/bin:/usr/sbin:/usr/local/bin
                   #1  /bin
                   #2  /usr/bin
                   #3  /usr/sbin
                   #4  /usr/local/bin
2022-04-11 09:40:56,978 DEBUG Waiting up to 600 secs for process sudo<mqtt_port_set> (pid 28262)
2022-04-11 09:40:57,536 INFO  Executed sudo<mqtt_port_set>, exit status 0
2022-04-11 09:40:57,537 DEBUG --- test execute
2022-04-11 09:40:57,539 DEBUG Process parameters for sudo<mqtt_port_unset>
  command line : /usr/bin/sudo /usr/bin/tedge config unset mqtt.port
    arg #1     : /usr/bin/tedge
    arg #2     : config
    arg #3     : unset
    arg #4     : mqtt.port
  working dir  : /home/pi/actions-runner/_work/thin-edge.io/thin-edge.io/tests/PySys/misc_features/mqtt_port_unset/Output/linux
  stdout       : /home/pi/actions-runner/_work/thin-edge.io/thin-edge.io/tests/PySys/misc_features/mqtt_port_unset/Output/linux/mqtt_port_unset.out
  stderr       : /home/pi/actions-runner/_work/thin-edge.io/thin-edge.io/tests/PySys/misc_features/mqtt_port_unset/Output/linux/mqtt_port_unset.err
  environment  : LD_LIBRARY_PATH=/usr/lib
  environment  : PATH=/bin:/usr/bin:/usr/sbin:/usr/local/bin
                   #1  /bin
                   #2  /usr/bin
                   #3  /usr/sbin
                   #4  /usr/local/bin
2022-04-11 09:40:57,549 DEBUG Waiting up to 600 secs for process sudo<mqtt_port_unset> (pid 28264)
2022-04-11 09:40:58,058 INFO  Executed sudo<mqtt_port_unset>, exit status 0
2022-04-11 09:40:58,059 DEBUG --- test validate
2022-04-11 09:40:58,061 DEBUG Process parameters for sudo<tedge_get>
  command line : /usr/bin/sudo /usr/bin/tedge config list
    arg #1     : /usr/bin/tedge
    arg #2     : config
    arg #3     : list
  working dir  : /home/pi/actions-runner/_work/thin-edge.io/thin-edge.io/tests/PySys/misc_features/mqtt_port_unset/Output/linux
  stdout       : /home/pi/actions-runner/_work/thin-edge.io/thin-edge.io/tests/PySys/misc_features/mqtt_port_unset/Output/linux/tedge_get.out
  stderr       : /home/pi/actions-runner/_work/thin-edge.io/thin-edge.io/tests/PySys/misc_features/mqtt_port_unset/Output/linux/tedge_get.err
  environment  : LD_LIBRARY_PATH=/usr/lib
  environment  : PATH=/bin:/usr/bin:/usr/sbin:/usr/local/bin
                   #1  /bin
                   #2  /usr/bin
                   #3  /usr/sbin
                   #4  /usr/local/bin
2022-04-11 09:40:58,069 DEBUG Waiting up to 600 secs for process sudo<tedge_get> (pid 28266)
2022-04-11 09:40:58,575 INFO  Executed sudo<tedge_get>, exit status 0
2022-04-11 09:40:58,576 DEBUG Performing regex contains=True grep on file: /home/pi/actions-runner/_work/thin-edge.io/thin-edge.io/tests/PySys/misc_features/mqtt_port_unset/Output/linux/tedge_get.out
2022-04-11 09:40:58,581 DEBUG Grep on file tedge_get.out successfully matched expression "mqtt.port=1883" with line: 'mqtt.port=1883\n'
2022-04-11 09:40:58,583 INFO  Grep on file tedge_get.out ... passed
2022-04-11 09:40:58,588 DEBUG --- test cleanup
2022-04-11 09:40:58,589 DEBUG ProcessUser cleanup function done.
2022-04-11 09:40:58,593 INFO  
2022-04-11 09:40:58,593 INFO  Test duration: 1.65 secs
2022-04-11 09:40:58,594 INFO  Test final outcome:  PASSED
2022-04-11 09:40:58,595 INFO  
