2022-04-12 08:51:36,928 INFO  ==============================================================
2022-04-12 08:51:36,929 INFO  Id:    tedge_mapper_az_without_timestamp
2022-04-12 08:51:36,930 INFO  Dir:   tedge_mapper_az/
2022-04-12 08:51:36,931 INFO  Title: Validate the Azure Mapper that publishes a Thin Edge JSON message without timestamp on az/messages/events/ when it receives a valid JSON message on tedge/measurements and az.mapper.timestamp is configured false
2022-04-12 08:51:36,932 INFO  ==============================================================
2022-04-12 08:51:37,451 INFO  Executed sudo<tedge_temp>, exit status 0
2022-04-12 08:51:38,014 INFO  Executed sudo<tedge_mapper_az>, exit status 0
2022-04-12 08:51:38,027 INFO  Started sudo<tedge_sub> with process id 22043
2022-04-12 08:51:38,644 INFO  Executed sudo<tedge_temp>, exit status 0
2022-04-12 08:51:39,156 INFO  Executed sudo<kill_out>, exit status 0
2022-04-12 08:51:39,161 INFO  Assert that (actual == expected) with actual=12.0, expected=12 ... passed
2022-04-12 08:51:39,166 INFO  Grep on file tedge_sub.out ... passed
2022-04-12 08:51:39,172 INFO  
2022-04-12 08:51:39,173 INFO  cleanup:
2022-04-12 08:51:39,174 INFO  mapper_cleanup
2022-04-12 08:51:39,738 INFO  Executed sudo<tedge_mapper_az>, exit status 0
2022-04-12 08:51:40,305 INFO  Executed sudo<tedge_temp>, exit status 0
2022-04-12 08:51:40,309 INFO  
2022-04-12 08:51:40,310 INFO  Test duration: 3.39 secs
2022-04-12 08:51:40,311 INFO  Test final outcome:  PASSED
2022-04-12 08:51:40,312 INFO  
