2022-04-15 10:03:36,716 INFO  ==============================================================
2022-04-15 10:03:36,717 INFO  Id:    SoftwareManagement.sm_apt_install_fail
2022-04-15 10:03:36,719 INFO  Dir:   software_management_end_to_end/
2022-04-15 10:03:36,720 INFO  Title: Validate end to end behaviour for a failing installation
2022-04-15 10:03:36,720 INFO  ==============================================================
2022-04-15 10:03:36,734 INFO  Using sw id database: {'asciijump': '5475369', 'robotfindskitten': '5474869', 'squirrel3': '5475279', 'rolldice': '5152439', 'moon-buggy': '5439204', 'apple': '5495053', 'banana': '5494888', 'cherry': '5495382', 'watermelon': '5494510', 'registry': '8018911', 'hello-world': '8021526', 'docker/getting-started': '8021973', 'alpine': '7991792'}
2022-04-15 10:03:36,735 INFO  EnvironmentC8y Setup
2022-04-15 10:03:37,352 INFO  Executed systemctl<serv_mapper1>, exit status 3
2022-04-15 10:03:37,467 INFO  Restarting mosquitto too frequently in the last 10 seconds. It was only up for 5 seconds
2022-04-15 10:03:37,469 INFO  Delaying execution by 6 seconds
2022-04-15 10:03:57,658 INFO  Executed sudo<tedge_connect_c8y>, exit status 0, duration 14 secs
2022-04-15 10:03:58,328 INFO  Executed sudo<tedge_connect_c8y_test>, exit status 0
2022-04-15 10:03:58,791 INFO  Executed systemctl<serv_mosq2>, exit status 0
2022-04-15 10:03:59,254 INFO  Executed systemctl<serv_mapper3>, exit status 0
2022-04-15 10:04:01,528 INFO  State of current operation: PENDING
2022-04-15 10:04:03,763 INFO  State of current operation: PENDING
2022-04-15 10:04:05,987 INFO  State of current operation: PENDING
2022-04-15 10:04:08,210 INFO  State of current operation: PENDING
2022-04-15 10:04:10,430 INFO  State of current operation: PENDING
2022-04-15 10:04:12,703 INFO  State of current operation: PENDING
2022-04-15 10:04:14,936 INFO  State of current operation: PENDING
2022-04-15 10:04:17,159 INFO  State of current operation: PENDING
2022-04-15 10:04:19,382 INFO  State of current operation: PENDING
2022-04-15 10:04:21,629 INFO  State of current operation: PENDING
2022-04-15 10:04:23,848 INFO  State of current operation: PENDING
2022-04-15 10:04:26,071 INFO  State of current operation: PENDING
2022-04-15 10:04:28,295 INFO  State of current operation: PENDING
2022-04-15 10:04:30,515 INFO  State of current operation: PENDING
2022-04-15 10:04:32,769 INFO  State of current operation: PENDING
2022-04-15 10:04:34,989 INFO  State of current operation: PENDING
2022-04-15 10:04:37,213 INFO  State of current operation: PENDING
2022-04-15 10:04:39,433 INFO  State of current operation: PENDING
2022-04-15 10:04:41,650 INFO  State of current operation: PENDING
2022-04-15 10:04:43,875 INFO  State of current operation: PENDING
2022-04-15 10:04:46,094 INFO  State of current operation: PENDING
2022-04-15 10:04:48,313 INFO  State of current operation: PENDING
2022-04-15 10:04:50,533 INFO  State of current operation: PENDING
2022-04-15 10:04:52,790 INFO  State of current operation: PENDING
2022-04-15 10:04:55,016 INFO  State of current operation: PENDING
2022-04-15 10:04:57,238 INFO  State of current operation: PENDING
2022-04-15 10:04:59,459 INFO  State of current operation: PENDING
2022-04-15 10:05:01,682 INFO  State of current operation: PENDING
2022-04-15 10:05:03,925 INFO  State of current operation: PENDING
2022-04-15 10:05:06,147 INFO  State of current operation: PENDING
2022-04-15 10:05:08,397 INFO  State of current operation: PENDING
2022-04-15 10:05:10,648 INFO  State of current operation: PENDING
2022-04-15 10:05:12,912 INFO  State of current operation: PENDING
2022-04-15 10:05:15,133 INFO  State of current operation: PENDING
2022-04-15 10:05:17,358 INFO  State of current operation: PENDING
2022-04-15 10:05:19,577 INFO  State of current operation: PENDING
2022-04-15 10:05:21,796 INFO  State of current operation: PENDING
2022-04-15 10:05:24,027 INFO  State of current operation: PENDING
2022-04-15 10:05:26,247 INFO  State of current operation: PENDING
2022-04-15 10:05:28,470 INFO  State of current operation: PENDING
2022-04-15 10:05:30,690 INFO  State of current operation: PENDING
2022-04-15 10:05:32,968 INFO  State of current operation: PENDING
2022-04-15 10:05:35,197 INFO  State of current operation: PENDING
2022-04-15 10:05:37,419 INFO  State of current operation: PENDING
2022-04-15 10:05:39,645 INFO  State of current operation: PENDING
2022-04-15 10:05:41,862 INFO  State of current operation: PENDING
2022-04-15 10:05:44,103 INFO  State of current operation: PENDING
2022-04-15 10:05:46,335 INFO  State of current operation: PENDING
2022-04-15 10:05:48,559 INFO  State of current operation: PENDING
2022-04-15 10:05:50,782 INFO  State of current operation: PENDING
2022-04-15 10:05:53,030 INFO  State of current operation: PENDING
2022-04-15 10:05:55,252 INFO  State of current operation: PENDING
2022-04-15 10:05:57,471 INFO  State of current operation: PENDING
2022-04-15 10:05:59,696 INFO  State of current operation: PENDING
2022-04-15 10:06:01,925 INFO  State of current operation: PENDING
2022-04-15 10:06:04,146 INFO  State of current operation: PENDING
2022-04-15 10:06:06,372 INFO  State of current operation: PENDING
2022-04-15 10:06:08,590 INFO  State of current operation: PENDING
2022-04-15 10:06:10,805 INFO  State of current operation: PENDING
2022-04-15 10:06:13,073 INFO  State of current operation: PENDING
2022-04-15 10:06:15,293 INFO  State of current operation: PENDING
2022-04-15 10:06:17,299 WARN  SystemError occurred while running test - Timeout while waiting for status FAILED or SUCCESSFUL
Traceback (most recent call last):
  File "/home/pi/env-pysys/lib/python3.7/site-packages/pysys/baserunner.py", line 1292, in __call__
    self.testObj.setup()
  File "/home/pi/actions-runner/_work/thin-edge.io/thin-edge.io/tests/PySys/software_management_end_to_end/sm_apt_install_fail/run.py", line 20, in setup
    super().setup()
  File "/home/pi/actions-runner/_work/thin-edge.io/thin-edge.io/tests/PySys/software_management_end_to_end/environment_sm_management.py", line 151, in setup
    self.wait_until_end()
  File "/home/pi/actions-runner/_work/thin-edge.io/thin-edge.io/tests/PySys/software_management_end_to_end/environment_sm_management.py", line 332, in wait_until_end
    self.wait_until_status("FAILED", "SUCCESSFUL")
  File "/home/pi/actions-runner/_work/thin-edge.io/thin-edge.io/tests/PySys/software_management_end_to_end/environment_sm_management.py", line 381, in wait_until_status
    "Timeout while waiting for status %s or %s" % (status, status2)
SystemError: Timeout while waiting for status FAILED or SUCCESSFUL
2022-04-15 10:06:17,329 WARN  SystemError: Timeout while waiting for status FAILED or SUCCESSFUL ... blocked 
2022-04-15 10:06:17,330 INFO  
2022-04-15 10:06:17,331 INFO  cleanup:
2022-04-15 10:06:21,297 INFO  Executed sudo<tedge_disconnect_c8y>, exit status 0
2022-04-15 10:06:21,860 INFO  Executed systemctl<serv_mapper5>, exit status 3
2022-04-15 10:06:21,865 INFO  
2022-04-15 10:06:21,866 INFO  Test duration: 165.16 secs
2022-04-15 10:06:21,867 INFO  Test final outcome:  BLOCKED
2022-04-15 10:06:21,868 INFO  Test outcome reason: SystemError: Timeout while waiting for status FAILED or SUCCESSFUL
2022-04-15 10:06:21,869 INFO  
