2022-04-07 16:39:40,309 INFO  ==============================================================
2022-04-07 16:39:40,310 INFO  Id:    apt_list_format
2022-04-07 16:39:40,311 INFO  Dir:   plugin_apt/
2022-04-07 16:39:40,312 INFO  Title: Validate apt plugin list output format
2022-04-07 16:39:40,313 DEBUG Execution order hint: 0.0
2022-04-07 16:39:40,314 INFO  ==============================================================
2022-04-07 16:39:40,319 DEBUG --- test execute
2022-04-07 16:39:40,321 DEBUG Process parameters for apt_plugin
  command line : /etc/tedge/sm-plugins/apt list
    arg #1     : list
  working dir  : /home/pi/actions-runner/_work/thin-edge.io/thin-edge.io/tests/PySys/plugin_apt/apt_list_format/Output/linux
  stdout       : /home/pi/actions-runner/_work/thin-edge.io/thin-edge.io/tests/PySys/plugin_apt/apt_list_format/Output/linux/apt_plugin.out
  stderr       : /home/pi/actions-runner/_work/thin-edge.io/thin-edge.io/tests/PySys/plugin_apt/apt_list_format/Output/linux/apt_plugin.err
  environment  : LD_LIBRARY_PATH=/usr/lib
  environment  : PATH=/bin:/usr/bin:/usr/sbin:/usr/local/bin
                   #1  /bin
                   #2  /usr/bin
                   #3  /usr/sbin
                   #4  /usr/local/bin
2022-04-07 16:39:40,328 DEBUG Waiting up to 600 secs for process apt_plugin (pid 1667)
2022-04-07 16:39:42,795 INFO  Executed apt_plugin, exit status 0
2022-04-07 16:39:42,798 DEBUG Process parameters for dpkg-query<dpkg_query>
  command line : /usr/bin/dpkg-query '--showformat=${Package}\t${Version}\n' --show dash
    arg #1     : --showformat=${Package}\t${Version}\n
    arg #2     : --show
    arg #3     : dash
  working dir  : /home/pi/actions-runner/_work/thin-edge.io/thin-edge.io/tests/PySys/plugin_apt/apt_list_format/Output/linux
  stdout       : /home/pi/actions-runner/_work/thin-edge.io/thin-edge.io/tests/PySys/plugin_apt/apt_list_format/Output/linux/dpkg_query.out
  stderr       : /home/pi/actions-runner/_work/thin-edge.io/thin-edge.io/tests/PySys/plugin_apt/apt_list_format/Output/linux/dpkg_query.err
  environment  : LD_LIBRARY_PATH=/usr/lib
  environment  : PATH=/bin:/usr/bin:/usr/sbin:/usr/local/bin
                   #1  /bin
                   #2  /usr/bin
                   #3  /usr/sbin
                   #4  /usr/local/bin
2022-04-07 16:39:42,805 DEBUG Waiting up to 600 secs for process dpkg-query<dpkg_query> (pid 1672)
2022-04-07 16:39:43,260 INFO  Executed dpkg-query<dpkg_query>, exit status 0
2022-04-07 16:39:43,261 DEBUG --- test validate
2022-04-07 16:39:43,265 DEBUG Performing regex contains=True grep on file: /home/pi/actions-runner/_work/thin-edge.io/thin-edge.io/tests/PySys/plugin_apt/apt_list_format/Output/linux/apt_plugin.out
2022-04-07 16:39:43,270 DEBUG Grep on file apt_plugin.out successfully matched expression 'dash\t0.5.10.2-5' with line: 'dash\t0.5.10.2-5\n'
2022-04-07 16:39:43,271 INFO  Grep on file apt_plugin.out ... passed
2022-04-07 16:39:43,276 DEBUG --- test cleanup
2022-04-07 16:39:43,278 DEBUG ProcessUser cleanup function done.
2022-04-07 16:39:43,280 INFO  
2022-04-07 16:39:43,281 INFO  Test duration: 2.98 secs
2022-04-07 16:39:43,282 INFO  Test final outcome:  PASSED
2022-04-07 16:39:43,283 INFO  
