2022-05-30 08:55:40,159 INFO  ==============================================================
2022-05-30 08:55:40,159 INFO  Id:    local_mqtt_pub_sub_retain
2022-05-30 08:55:40,159 INFO  Dir:   local_mqtt/
2022-05-30 08:55:40,159 INFO  Title: Validate local publishing with retain flag
2022-05-30 08:55:40,159 INFO  ==============================================================
2022-05-30 08:55:40,213 INFO  Executed tedge<pub_to_set_alarm>, exit status 0
2022-05-30 08:55:40,265 INFO  Executed tedge<pub_to_set_alarm>, exit status 0
2022-05-30 08:55:41,267 INFO  Started tedge<temp_sensor_sub> with process id 1402240
2022-05-30 08:55:41,370 INFO  Executed tedge<pub_to_clear_alarm>, exit status 0
2022-05-30 08:55:42,473 INFO  Executed sudo<kill_out>, exit status 0
2022-05-30 08:55:42,575 INFO  Executed tedge<pub_to_clear_alarm>, exit status 0
2022-05-30 08:55:42,577 INFO  Started tedge<temp_sensor_empty_message> with process id 1402246
2022-05-30 08:55:43,630 INFO  Executed sudo<kill_out>, exit status 0
2022-05-30 08:55:43,631 INFO  Grep on file temp_sensor_sub.out ... passed
2022-05-30 08:55:43,631 INFO  Grep on file temp_sensor_sub.out ... passed
2022-05-30 08:55:43,631 INFO  Grep on file temp_sensor_empty_message.out ... passed
2022-05-30 08:55:43,632 INFO  
2022-05-30 08:55:43,632 INFO  Test duration: 3.47 secs
2022-05-30 08:55:43,632 INFO  Test final outcome:  PASSED
2022-05-30 08:55:43,632 INFO  
