2022-05-30 09:23:36,726 INFO  ==============================================================
2022-05-30 09:23:36,727 INFO  Id:    tedge_mapper_c8y_packet_threshold_size
2022-05-30 09:23:36,728 INFO  Dir:   tedge_mapper_c8y/
2022-05-30 09:23:36,729 INFO  Title: Validate the Cumulocity Mapper accepted threshold packet size when it receives a message on tedge/measurements
2022-05-30 09:23:36,730 INFO  ==============================================================
2022-05-30 09:23:36,737 INFO  EnvironmentC8y Setup
2022-05-30 09:23:37,310 INFO  Executed systemctl<serv_mapper1>, exit status 3
2022-05-30 09:23:37,416 INFO  Restarting mosquitto too frequently in the last 10 seconds. It was only up for 5 seconds
2022-05-30 09:23:37,417 INFO  Delaying execution by 6 seconds
2022-05-30 09:23:57,682 INFO  Executed sudo<tedge_connect_c8y>, exit status 0, duration 14 secs
2022-05-30 09:23:58,249 INFO  Executed sudo<tedge_connect_c8y_test>, exit status 0
2022-05-30 09:23:58,746 INFO  Executed systemctl<serv_mosq2>, exit status 0
2022-05-30 09:23:59,284 INFO  Executed systemctl<serv_mapper3>, exit status 0
2022-05-30 09:23:59,857 INFO  Executed sudo<tedge_mapper_c8y>, exit status 0
2022-05-30 09:23:59,873 INFO  Started sudo<tedge_sub> with process id 15572
2022-05-30 09:24:00,513 INFO  Executed sudo<tedge_msg>, exit status 0
2022-05-30 09:24:01,085 INFO  Executed sudo<tedge_pub>, exit status 0
2022-05-30 09:24:01,598 INFO  Executed sudo<kill_out>, exit status 0
2022-05-30 09:24:01,608 INFO  Grep on file tedge_sub.out ... passed
2022-05-30 09:24:01,616 INFO  
2022-05-30 09:24:01,617 INFO  cleanup:
2022-05-30 09:24:01,618 INFO  mapper_cleanup
2022-05-30 09:24:02,179 INFO  Executed sudo<tedge_mapper_c8y>, exit status 0
2022-05-30 09:24:06,124 INFO  Executed sudo<tedge_disconnect_c8y>, exit status 0
2022-05-30 09:24:06,692 INFO  Executed systemctl<serv_mapper5>, exit status 3
2022-05-30 09:24:06,697 INFO  
2022-05-30 09:24:06,698 INFO  Test duration: 29.97 secs
2022-05-30 09:24:06,699 INFO  Test final outcome:  PASSED
2022-05-30 09:24:06,700 INFO  
