2022-05-10 20:50:55,573 INFO  ==============================================================
2022-05-10 20:50:55,574 INFO  Id:    SoftwareManagement.sm_apt_install_remove_with_version
2022-05-10 20:50:55,575 INFO  Dir:   software_management_end_to_end/
2022-05-10 20:50:55,576 INFO  Title: Validate end to end behaviour for the apt plugin for packages with version
2022-05-10 20:50:55,577 INFO  ==============================================================
2022-05-10 20:50:55,601 INFO  Using sw id database: {'asciijump': '5475369', 'robotfindskitten': '5474869', 'squirrel3': '5475279', 'rolldice': '5152439', 'moon-buggy': '5439204', 'apple': '5495053', 'banana': '5494888', 'cherry': '5495382', 'watermelon': '5494510', 'registry': '8018911', 'hello-world': '8021526', 'docker/getting-started': '8021973', 'alpine': '7991792'}
2022-05-10 20:50:55,602 INFO  EnvironmentC8y Setup
2022-05-10 20:50:56,368 INFO  Executed systemctl<serv_mapper1>, exit status 3
2022-05-10 20:50:56,507 INFO  Restarting mosquitto too frequently in the last 10 seconds. It was only up for 7 seconds
2022-05-10 20:50:56,509 INFO  Delaying execution by 4 seconds
2022-05-10 20:51:18,928 INFO  Executed sudo<tedge_connect_c8y>, exit status 0, duration 18 secs
2022-05-10 20:51:20,166 INFO  Executed sudo<tedge_connect_c8y_test>, exit status 0
2022-05-10 20:51:20,681 INFO  Executed systemctl<serv_mosq2>, exit status 0
2022-05-10 20:51:21,196 INFO  Executed systemctl<serv_mapper3>, exit status 0
2022-05-10 20:51:23,427 INFO  State of current operation: FAILED
2022-05-10 20:51:23,669 INFO  Assert that (False == value) with value=False ... passed
2022-05-10 20:51:24,547 INFO  Response status: 201
2022-05-10 20:51:24,549 INFO  Response to action: {
    "delivery": {
        "time": "2022-05-10T20:51:24.514Z",
        "log": [],
        "status": "PENDING"
    },
    "creationTime": "2022-05-10T20:51:24.497Z",
    "deviceName": "m32sd11f",
    "deviceId": "18733333",
    "self": "https://t493319102.eu-latest.cumulocity.com/devicecontrol/operations/18752044",
    "id": "18752044",
    "status": "PENDING",
    "description": "Apply software changes, triggered from PySys: [{'name': 'rolldice', 'id': '5152439', 'version': '1.16-1+b2', 'url': '', 'action': 'install'}]",
    "c8y_SoftwareUpdate": [
        {
            "name": "rolldice",
            "action": "install",
            "id": "5152439",
            "version": "1.16-1+b2",
            "url": ""
        }
    ]
}
2022-05-10 20:51:24,550 INFO  Started operation: {'delivery': {'time': '2022-05-10T20:51:24.514Z', 'log': [], 'status': 'PENDING'}, 'creationTime': '2022-05-10T20:51:24.497Z', 'deviceName': 'm32sd11f', 'deviceId': '18733333', 'self': 'https://t493319102.eu-latest.cumulocity.com/devicecontrol/operations/18752044', 'id': '18752044', 'status': 'PENDING', 'description': "Apply software changes, triggered from PySys: [{'name': 'rolldice', 'id': '5152439', 'version': '1.16-1+b2', 'url': '', 'action': 'install'}]", 'c8y_SoftwareUpdate': [{'name': 'rolldice', 'action': 'install', 'id': '5152439', 'version': '1.16-1+b2', 'url': ''}]}
2022-05-10 20:51:26,809 INFO  State of operation 18752044 : PENDING
2022-05-10 20:51:29,058 INFO  State of operation 18752044 : EXECUTING
2022-05-10 20:51:31,350 INFO  State of operation 18752044 : EXECUTING
2022-05-10 20:51:33,567 INFO  State of operation 18752044 : EXECUTING
2022-05-10 20:51:35,781 INFO  State of operation 18752044 : EXECUTING
2022-05-10 20:51:38,000 INFO  State of operation 18752044 : EXECUTING
2022-05-10 20:51:41,035 INFO  State of operation 18752044 : EXECUTING
2022-05-10 20:51:43,922 INFO  State of operation 18752044 : EXECUTING
2022-05-10 20:51:48,634 INFO  State of operation 18752044 : EXECUTING
2022-05-10 20:51:51,019 INFO  State of operation 18752044 : EXECUTING
2022-05-10 20:51:53,229 INFO  State of operation 18752044 : EXECUTING
2022-05-10 20:51:55,440 INFO  State of operation 18752044 : EXECUTING
2022-05-10 20:51:57,664 INFO  State of operation 18752044 : EXECUTING
2022-05-10 20:51:59,887 INFO  State of operation 18752044 : EXECUTING
2022-05-10 20:52:02,141 INFO  State of operation 18752044 : EXECUTING
2022-05-10 20:52:04,356 INFO  State of operation 18752044 : EXECUTING
2022-05-10 20:52:06,696 INFO  State of operation 18752044 : SUCCESSFUL
2022-05-10 20:52:07,007 INFO  Package rolldice is installed
2022-05-10 20:52:07,010 INFO  Assert that (True == value) with value=True ... passed
2022-05-10 20:52:07,273 INFO  Response status: 201
2022-05-10 20:52:07,275 INFO  Response to action: {
    "delivery": {
        "time": "2022-05-10T20:52:07.234Z",
        "log": [],
        "status": "PENDING"
    },
    "creationTime": "2022-05-10T20:52:07.221Z",
    "deviceName": "m32sd11f",
    "deviceId": "18733333",
    "self": "https://t493319102.eu-latest.cumulocity.com/devicecontrol/operations/18752066",
    "id": "18752066",
    "status": "PENDING",
    "description": "Apply software changes, triggered from PySys: [{'name': 'rolldice', 'id': '5152439', 'version': '88::apt', 'url': '', 'action': 'delete'}]",
    "c8y_SoftwareUpdate": [
        {
            "name": "rolldice",
            "action": "delete",
            "id": "5152439",
            "version": "88::apt",
            "url": ""
        }
    ]
}
2022-05-10 20:52:07,276 INFO  Started operation: {'delivery': {'time': '2022-05-10T20:52:07.234Z', 'log': [], 'status': 'PENDING'}, 'creationTime': '2022-05-10T20:52:07.221Z', 'deviceName': 'm32sd11f', 'deviceId': '18733333', 'self': 'https://t493319102.eu-latest.cumulocity.com/devicecontrol/operations/18752066', 'id': '18752066', 'status': 'PENDING', 'description': "Apply software changes, triggered from PySys: [{'name': 'rolldice', 'id': '5152439', 'version': '88::apt', 'url': '', 'action': 'delete'}]", 'c8y_SoftwareUpdate': [{'name': 'rolldice', 'action': 'delete', 'id': '5152439', 'version': '88::apt', 'url': ''}]}
2022-05-10 20:52:09,489 INFO  State of operation 18752066 : PENDING
2022-05-10 20:52:11,715 INFO  State of operation 18752066 : EXECUTING
2022-05-10 20:52:13,932 INFO  State of operation 18752066 : EXECUTING
2022-05-10 20:52:16,153 INFO  State of operation 18752066 : EXECUTING
2022-05-10 20:52:18,367 INFO  State of operation 18752066 : EXECUTING
2022-05-10 20:52:20,582 INFO  State of operation 18752066 : EXECUTING
2022-05-10 20:52:22,806 INFO  State of operation 18752066 : EXECUTING
2022-05-10 20:52:26,443 INFO  State of operation 18752066 : EXECUTING
2022-05-10 20:52:29,290 INFO  State of operation 18752066 : EXECUTING
2022-05-10 20:52:31,536 INFO  State of operation 18752066 : EXECUTING
2022-05-10 20:52:33,897 INFO  State of operation 18752066 : EXECUTING
2022-05-10 20:52:36,119 INFO  State of operation 18752066 : EXECUTING
2022-05-10 20:52:38,336 INFO  State of operation 18752066 : EXECUTING
2022-05-10 20:52:40,545 INFO  State of operation 18752066 : EXECUTING
2022-05-10 20:52:42,856 INFO  State of operation 18752066 : EXECUTING
2022-05-10 20:52:45,086 INFO  State of operation 18752066 : EXECUTING
2022-05-10 20:52:47,297 INFO  State of operation 18752066 : FAILED
2022-05-10 20:52:47,522 INFO  Package rolldice is installed
2022-05-10 20:52:47,524 INFO  Assert that (True == value) with value=True ... passed
2022-05-10 20:52:48,361 INFO  Response status: 201
2022-05-10 20:52:48,363 INFO  Response to action: {
    "delivery": {
        "time": "2022-05-10T20:52:48.334Z",
        "log": [],
        "status": "PENDING"
    },
    "creationTime": "2022-05-10T20:52:48.322Z",
    "deviceName": "m32sd11f",
    "deviceId": "18733333",
    "self": "https://t493319102.eu-latest.cumulocity.com/devicecontrol/operations/18752080",
    "id": "18752080",
    "status": "PENDING",
    "description": "Apply software changes, triggered from PySys: [{'name': 'rolldice', 'id': '5152439', 'version': '1.16-1+b2', 'url': '', 'action': 'delete'}]",
    "c8y_SoftwareUpdate": [
        {
            "name": "rolldice",
            "action": "delete",
            "id": "5152439",
            "version": "1.16-1+b2",
            "url": ""
        }
    ]
}
2022-05-10 20:52:48,364 INFO  Started operation: {'delivery': {'time': '2022-05-10T20:52:48.334Z', 'log': [], 'status': 'PENDING'}, 'creationTime': '2022-05-10T20:52:48.322Z', 'deviceName': 'm32sd11f', 'deviceId': '18733333', 'self': 'https://t493319102.eu-latest.cumulocity.com/devicecontrol/operations/18752080', 'id': '18752080', 'status': 'PENDING', 'description': "Apply software changes, triggered from PySys: [{'name': 'rolldice', 'id': '5152439', 'version': '1.16-1+b2', 'url': '', 'action': 'delete'}]", 'c8y_SoftwareUpdate': [{'name': 'rolldice', 'action': 'delete', 'id': '5152439', 'version': '1.16-1+b2', 'url': ''}]}
2022-05-10 20:52:50,582 INFO  State of operation 18752080 : PENDING
2022-05-10 20:52:52,803 INFO  State of operation 18752080 : EXECUTING
2022-05-10 20:52:55,029 INFO  State of operation 18752080 : EXECUTING
2022-05-10 20:52:57,302 INFO  State of operation 18752080 : EXECUTING
2022-05-10 20:52:59,522 INFO  State of operation 18752080 : EXECUTING
2022-05-10 20:53:01,748 INFO  State of operation 18752080 : EXECUTING
2022-05-10 20:53:03,978 INFO  State of operation 18752080 : EXECUTING
2022-05-10 20:53:06,885 INFO  State of operation 18752080 : EXECUTING
2022-05-10 20:53:10,793 INFO  State of operation 18752080 : EXECUTING
2022-05-10 20:53:13,061 INFO  State of operation 18752080 : EXECUTING
2022-05-10 20:53:15,520 INFO  State of operation 18752080 : EXECUTING
2022-05-10 20:53:17,735 INFO  State of operation 18752080 : EXECUTING
2022-05-10 20:53:19,948 INFO  State of operation 18752080 : EXECUTING
2022-05-10 20:53:22,173 INFO  State of operation 18752080 : EXECUTING
2022-05-10 20:53:24,383 INFO  State of operation 18752080 : EXECUTING
2022-05-10 20:53:26,708 INFO  State of operation 18752080 : EXECUTING
2022-05-10 20:53:28,954 INFO  State of operation 18752080 : EXECUTING
2022-05-10 20:53:31,326 INFO  State of operation 18752080 : EXECUTING
2022-05-10 20:53:33,541 INFO  State of operation 18752080 : EXECUTING
2022-05-10 20:53:36,412 INFO  State of operation 18752080 : EXECUTING
2022-05-10 20:53:38,789 INFO  State of operation 18752080 : EXECUTING
2022-05-10 20:53:41,089 INFO  State of operation 18752080 : EXECUTING
2022-05-10 20:53:43,314 INFO  State of operation 18752080 : EXECUTING
2022-05-10 20:53:45,547 INFO  State of operation 18752080 : EXECUTING
2022-05-10 20:53:47,770 INFO  State of operation 18752080 : EXECUTING
2022-05-10 20:53:49,997 INFO  State of operation 18752080 : EXECUTING
2022-05-10 20:53:52,251 INFO  State of operation 18752080 : SUCCESSFUL
2022-05-10 20:53:53,103 INFO  Assert that (False == value) with value=False ... passed
2022-05-10 20:53:53,114 INFO  
2022-05-10 20:53:53,115 INFO  cleanup:
2022-05-10 20:53:58,747 INFO  Executed sudo<tedge_disconnect_c8y>, exit status 0
2022-05-10 20:53:59,308 INFO  Executed systemctl<serv_mapper5>, exit status 3
2022-05-10 20:53:59,312 INFO  
2022-05-10 20:53:59,313 INFO  Test duration: 183.75 secs
2022-05-10 20:53:59,314 INFO  Test final outcome:  PASSED
2022-05-10 20:53:59,315 INFO  
