2022-05-16 08:36:05,037 INFO  ==============================================================
2022-05-16 08:36:05,038 INFO  Id:    SoftwareManagement.sm_apt_install_remove_default
2022-05-16 08:36:05,040 INFO  Dir:   software_management_end_to_end/
2022-05-16 08:36:05,040 INFO  Title: Validate end to end behaviour for the default plugin for installation and removal of packages
2022-05-16 08:36:05,041 INFO  ==============================================================
2022-05-16 08:36:05,065 INFO  Using sw id database: {'asciijump': '5475369', 'robotfindskitten': '5474869', 'squirrel3': '5475279', 'rolldice': '5152439', 'moon-buggy': '5439204', 'apple': '5495053', 'banana': '5494888', 'cherry': '5495382', 'watermelon': '5494510', 'registry': '8018911', 'hello-world': '8021526', 'docker/getting-started': '8021973', 'alpine': '7991792'}
2022-05-16 08:36:05,066 INFO  EnvironmentC8y Setup
2022-05-16 08:36:05,662 INFO  Executed systemctl<serv_mapper1>, exit status 3
2022-05-16 08:36:05,771 INFO  Restarting mosquitto too frequently in the last 10 seconds. It was only up for 6 seconds
2022-05-16 08:36:05,773 INFO  Delaying execution by 5 seconds
2022-05-16 08:36:27,674 INFO  Executed sudo<tedge_connect_c8y>, exit status 0, duration 16 secs
2022-05-16 08:36:28,239 INFO  Executed sudo<tedge_connect_c8y_test>, exit status 0
2022-05-16 08:36:28,751 INFO  Executed systemctl<serv_mosq2>, exit status 0
2022-05-16 08:36:29,266 INFO  Executed systemctl<serv_mapper3>, exit status 0
2022-05-16 08:36:31,529 INFO  State of current operation: SUCCESSFUL
2022-05-16 08:36:31,772 INFO  Assert that (False == value) with value=False ... passed
2022-05-16 08:36:32,005 INFO  Response status: 201
2022-05-16 08:36:32,006 INFO  Response to action: {
    "creationTime": "2022-05-16T08:36:31.956Z",
    "deviceId": "19051705",
    "deviceName": "m32sd11f",
    "self": "https://t493319102.eu-latest.cumulocity.com/devicecontrol/operations/19133254",
    "id": "19133254",
    "status": "PENDING",
    "description": "Apply software changes, triggered from PySys: [{'name': 'rolldice', 'id': '5152439', 'version': ' ', 'url': '', 'action': 'install'}]",
    "c8y_SoftwareUpdate": [
        {
            "name": "rolldice",
            "action": "install",
            "id": "5152439",
            "version": " ",
            "url": ""
        }
    ]
}
2022-05-16 08:36:32,007 INFO  Started operation: {'creationTime': '2022-05-16T08:36:31.956Z', 'deviceId': '19051705', 'deviceName': 'm32sd11f', 'self': 'https://t493319102.eu-latest.cumulocity.com/devicecontrol/operations/19133254', 'id': '19133254', 'status': 'PENDING', 'description': "Apply software changes, triggered from PySys: [{'name': 'rolldice', 'id': '5152439', 'version': ' ', 'url': '', 'action': 'install'}]", 'c8y_SoftwareUpdate': [{'name': 'rolldice', 'action': 'install', 'id': '5152439', 'version': ' ', 'url': ''}]}
2022-05-16 08:36:34,225 INFO  State of operation 19133254 : PENDING
2022-05-16 08:36:36,492 INFO  State of operation 19133254 : EXECUTING
2022-05-16 08:36:38,717 INFO  State of operation 19133254 : EXECUTING
2022-05-16 08:36:40,952 INFO  State of operation 19133254 : EXECUTING
2022-05-16 08:36:43,174 INFO  State of operation 19133254 : EXECUTING
2022-05-16 08:36:45,394 INFO  State of operation 19133254 : EXECUTING
2022-05-16 08:36:47,623 INFO  State of operation 19133254 : EXECUTING
2022-05-16 08:36:50,719 INFO  State of operation 19133254 : EXECUTING
2022-05-16 08:36:53,874 INFO  State of operation 19133254 : EXECUTING
2022-05-16 08:36:56,113 INFO  State of operation 19133254 : EXECUTING
2022-05-16 08:36:58,400 INFO  State of operation 19133254 : EXECUTING
2022-05-16 08:37:00,659 INFO  State of operation 19133254 : EXECUTING
2022-05-16 08:37:02,877 INFO  State of operation 19133254 : EXECUTING
2022-05-16 08:37:05,153 INFO  State of operation 19133254 : EXECUTING
2022-05-16 08:37:07,365 INFO  State of operation 19133254 : EXECUTING
2022-05-16 08:37:09,605 INFO  State of operation 19133254 : EXECUTING
2022-05-16 08:37:11,923 INFO  State of operation 19133254 : EXECUTING
2022-05-16 08:37:14,386 INFO  State of operation 19133254 : EXECUTING
2022-05-16 08:37:17,460 INFO  State of operation 19133254 : EXECUTING
2022-05-16 08:37:19,684 INFO  State of operation 19133254 : EXECUTING
2022-05-16 08:37:22,001 INFO  State of operation 19133254 : EXECUTING
2022-05-16 08:37:24,238 INFO  State of operation 19133254 : EXECUTING
2022-05-16 08:37:26,455 INFO  State of operation 19133254 : EXECUTING
2022-05-16 08:37:29,552 INFO  State of operation 19133254 : EXECUTING
2022-05-16 08:37:31,771 INFO  State of operation 19133254 : EXECUTING
2022-05-16 08:37:34,018 INFO  State of operation 19133254 : EXECUTING
2022-05-16 08:37:36,239 INFO  State of operation 19133254 : EXECUTING
2022-05-16 08:37:38,491 INFO  State of operation 19133254 : EXECUTING
2022-05-16 08:37:41,370 INFO  State of operation 19133254 : EXECUTING
2022-05-16 08:37:43,590 INFO  State of operation 19133254 : EXECUTING
2022-05-16 08:37:46,167 INFO  State of operation 19133254 : EXECUTING
2022-05-16 08:37:48,399 INFO  State of operation 19133254 : EXECUTING
2022-05-16 08:37:50,829 INFO  State of operation 19133254 : EXECUTING
2022-05-16 08:37:53,178 INFO  State of operation 19133254 : EXECUTING
2022-05-16 08:37:55,404 INFO  State of operation 19133254 : EXECUTING
2022-05-16 08:37:57,625 INFO  State of operation 19133254 : EXECUTING
2022-05-16 08:37:59,857 INFO  State of operation 19133254 : SUCCESSFUL
2022-05-16 08:38:00,099 INFO  Package rolldice is installed
2022-05-16 08:38:00,102 INFO  Assert that (True == value) with value=True ... passed
2022-05-16 08:38:00,354 INFO  Response status: 201
2022-05-16 08:38:00,358 INFO  Response to action: {
    "creationTime": "2022-05-16T08:38:00.284Z",
    "deviceId": "19051705",
    "deviceName": "m32sd11f",
    "self": "https://t493319102.eu-latest.cumulocity.com/devicecontrol/operations/19133289",
    "id": "19133289",
    "status": "PENDING",
    "description": "Apply software changes, triggered from PySys: [{'name': 'rolldice', 'id': '5152439', 'version': ' ', 'url': '', 'action': 'delete'}]",
    "c8y_SoftwareUpdate": [
        {
            "name": "rolldice",
            "action": "delete",
            "id": "5152439",
            "version": " ",
            "url": ""
        }
    ]
}
2022-05-16 08:38:00,361 INFO  Started operation: {'creationTime': '2022-05-16T08:38:00.284Z', 'deviceId': '19051705', 'deviceName': 'm32sd11f', 'self': 'https://t493319102.eu-latest.cumulocity.com/devicecontrol/operations/19133289', 'id': '19133289', 'status': 'PENDING', 'description': "Apply software changes, triggered from PySys: [{'name': 'rolldice', 'id': '5152439', 'version': ' ', 'url': '', 'action': 'delete'}]", 'c8y_SoftwareUpdate': [{'name': 'rolldice', 'action': 'delete', 'id': '5152439', 'version': ' ', 'url': ''}]}
2022-05-16 08:38:02,577 INFO  State of operation 19133289 : PENDING
2022-05-16 08:38:04,831 INFO  State of operation 19133289 : EXECUTING
2022-05-16 08:38:07,060 INFO  State of operation 19133289 : EXECUTING
2022-05-16 08:38:09,287 INFO  State of operation 19133289 : EXECUTING
2022-05-16 08:38:11,518 INFO  State of operation 19133289 : EXECUTING
2022-05-16 08:38:13,735 INFO  State of operation 19133289 : EXECUTING
2022-05-16 08:38:15,955 INFO  State of operation 19133289 : EXECUTING
2022-05-16 08:38:19,126 INFO  State of operation 19133289 : EXECUTING
2022-05-16 08:38:21,995 INFO  State of operation 19133289 : EXECUTING
2022-05-16 08:38:24,259 INFO  State of operation 19133289 : EXECUTING
2022-05-16 08:38:26,553 INFO  State of operation 19133289 : EXECUTING
2022-05-16 08:38:28,771 INFO  State of operation 19133289 : EXECUTING
2022-05-16 08:38:31,017 INFO  State of operation 19133289 : EXECUTING
2022-05-16 08:38:33,243 INFO  State of operation 19133289 : EXECUTING
2022-05-16 08:38:35,510 INFO  State of operation 19133289 : EXECUTING
2022-05-16 08:38:37,765 INFO  State of operation 19133289 : EXECUTING
2022-05-16 08:38:40,170 INFO  State of operation 19133289 : EXECUTING
2022-05-16 08:38:42,421 INFO  State of operation 19133289 : EXECUTING
2022-05-16 08:38:45,304 INFO  State of operation 19133289 : EXECUTING
2022-05-16 08:38:47,564 INFO  State of operation 19133289 : EXECUTING
2022-05-16 08:38:49,875 INFO  State of operation 19133289 : EXECUTING
2022-05-16 08:38:52,094 INFO  State of operation 19133289 : EXECUTING
2022-05-16 08:38:54,313 INFO  State of operation 19133289 : EXECUTING
2022-05-16 08:38:56,542 INFO  State of operation 19133289 : EXECUTING
2022-05-16 08:38:58,778 INFO  State of operation 19133289 : SUCCESSFUL
2022-05-16 08:38:59,018 INFO  Assert that (False == value) with value=False ... passed
2022-05-16 08:38:59,030 INFO  
2022-05-16 08:38:59,031 INFO  cleanup:
2022-05-16 08:39:04,694 INFO  Executed sudo<tedge_disconnect_c8y>, exit status 0
2022-05-16 08:39:05,264 INFO  Executed systemctl<serv_mapper5>, exit status 3
2022-05-16 08:39:05,268 INFO  
2022-05-16 08:39:05,269 INFO  Test duration: 180.24 secs
2022-05-16 08:39:05,270 INFO  Test final outcome:  PASSED
2022-05-16 08:39:05,271 INFO  
