$SYS/broker/version mosquitto version 1.5.7
$SYS/broker/uptime 11 seconds
$SYS/broker/clients/total 8
$SYS/broker/clients/maximum 8
$SYS/broker/clients/inactive 4
$SYS/broker/clients/disconnected 4
$SYS/broker/clients/active 4
$SYS/broker/clients/connected 4
$SYS/broker/clients/expired 0
$SYS/broker/load/messages/received/1min 1158.56
$SYS/broker/load/messages/received/5min 249.01
$SYS/broker/load/messages/received/15min 84.02
$SYS/broker/load/messages/sent/1min 22.84
$SYS/broker/load/messages/sent/5min 4.91
$SYS/broker/load/messages/sent/15min 1.66
$SYS/broker/load/publish/dropped/1min 0.00
$SYS/broker/load/publish/dropped/5min 0.00
$SYS/broker/load/publish/dropped/15min 0.00
$SYS/broker/load/publish/received/1min 1137.54
$SYS/broker/load/publish/received/5min 244.49
$SYS/broker/load/publish/received/15min 82.49
$SYS/broker/load/publish/sent/1min 0.00
$SYS/broker/load/publish/sent/5min 0.00
$SYS/broker/load/publish/sent/15min 0.00
$SYS/broker/load/bytes/received/1min 72328.42
$SYS/broker/load/bytes/received/5min 15545.46
$SYS/broker/load/bytes/received/15min 5245.28
$SYS/broker/load/bytes/sent/1min 1619.97
$SYS/broker/load/bytes/sent/5min 348.18
$SYS/broker/load/bytes/sent/15min 117.48
$SYS/broker/load/sockets/1min 3.65
$SYS/broker/load/sockets/5min 0.79
$SYS/broker/load/sockets/15min 0.27
$SYS/broker/load/connections/1min 3.65
$SYS/broker/load/connections/5min 0.79
$SYS/broker/load/connections/15min 0.27
$SYS/broker/messages/stored 53
$SYS/broker/messages/received 1268
$SYS/broker/messages/sent 25
$SYS/broker/store/messages/count 53
$SYS/broker/store/messages/bytes 210
$SYS/broker/subscriptions/count 37
$SYS/broker/retained messages/count 53
$SYS/broker/heap/current 53500
$SYS/broker/heap/maximum 55388
$SYS/broker/publish/messages/dropped 0
$SYS/broker/publish/messages/received 1245
$SYS/broker/publish/messages/sent 0
$SYS/broker/publish/bytes/received 29130
$SYS/broker/publish/bytes/sent 1514
$SYS/broker/bytes/received 79161
$SYS/broker/bytes/sent 1773
$SYS/broker/uptime 22 seconds
$SYS/broker/clients/total 10
$SYS/broker/clients/maximum 10
$SYS/broker/clients/inactive 2
$SYS/broker/clients/disconnected 2
$SYS/broker/clients/active 8
$SYS/broker/clients/connected 8
$SYS/broker/load/messages/received/1min 2377.05
$SYS/broker/load/messages/sent/1min 263.88
$SYS/broker/load/publish/received/1min 2249.91
$SYS/broker/load/publish/sent/1min 47.51
$SYS/broker/load/bytes/received/1min 161556.22
$SYS/broker/load/bytes/sent/1min 28460.46
$SYS/broker/load/sockets/1min 8.52
$SYS/broker/load/connections/1min 8.52
$SYS/broker/load/messages/received/5min 543.64
$SYS/broker/load/messages/sent/5min 57.36
$SYS/broker/load/publish/received/5min 515.72
$SYS/broker/load/publish/sent/5min 10.21
$SYS/broker/load/bytes/received/5min 36767.41
$SYS/broker/load/bytes/sent/5min 6162.76
$SYS/broker/load/sockets/5min 1.94
$SYS/broker/load/connections/5min 1.94
$SYS/broker/load/messages/received/15min 185.44
$SYS/broker/load/messages/sent/15min 19.39
$SYS/broker/load/publish/received/15min 175.98
$SYS/broker/load/publish/sent/15min 3.45
$SYS/broker/load/bytes/received/15min 12531.02
$SYS/broker/load/bytes/sent/15min 2082.21
$SYS/broker/load/sockets/15min 0.66
$SYS/broker/load/connections/15min 0.66
$SYS/broker/store/messages/bytes 245
$SYS/broker/subscriptions/count 39
$SYS/broker/heap/current 56844
$SYS/broker/heap/maximum 57032
$SYS/broker/messages/received 2814
$SYS/broker/messages/sent 293
$SYS/broker/publish/messages/received 2671
$SYS/broker/publish/messages/sent 52
$SYS/broker/bytes/received 190078
$SYS/broker/bytes/sent 31446
$SYS/broker/publish/bytes/received 82219
$SYS/broker/publish/bytes/sent 25865
$SYS/broker/uptime 33 seconds
$SYS/broker/load/messages/received/1min 3607.97
$SYS/broker/load/messages/sent/1min 660.99
$SYS/broker/load/publish/received/1min 3302.04
$SYS/broker/load/publish/sent/1min 78.84
$SYS/broker/load/bytes/received/1min 265529.62
$SYS/broker/load/bytes/sent/1min 79248.01
$SYS/broker/load/sockets/1min 7.10
$SYS/broker/load/connections/1min 7.10
$SYS/broker/load/messages/received/5min 874.21
$SYS/broker/load/messages/sent/5min 150.15
$SYS/broker/load/publish/received/5min 804.29
$SYS/broker/load/publish/sent/5min 18.29
$SYS/broker/load/bytes/received/5min 63607.01
$SYS/broker/load/bytes/sent/5min 17881.24
$SYS/broker/load/sockets/5min 1.87
$SYS/broker/load/connections/5min 1.87
$SYS/broker/load/messages/received/15min 301.33
$SYS/broker/load/messages/sent/15min 51.16
$SYS/broker/load/publish/received/15min 277.48
$SYS/broker/load/publish/sent/15min 6.25
$SYS/broker/load/bytes/received/15min 21881.54
$SYS/broker/load/bytes/sent/15min 6085.78
$SYS/broker/messages/stored 54
$SYS/broker/store/messages/count 54
$SYS/broker/store/messages/bytes 567
$SYS/broker/heap/current 57532
$SYS/broker/heap/maximum 57736
$SYS/broker/messages/received 4597
$SYS/broker/messages/sent 776
$SYS/broker/publish/messages/received 4235
$SYS/broker/publish/messages/sent 95
$SYS/broker/bytes/received 333492
$SYS/broker/bytes/sent 92249
$SYS/broker/publish/bytes/received 163178
$SYS/broker/publish/bytes/sent 77318
$SYS/broker/uptime 44 seconds
$SYS/broker/load/messages/received/1min 4630.88
$SYS/broker/load/messages/sent/1min 981.53
$SYS/broker/load/publish/received/1min 4176.09
$SYS/broker/load/publish/sent/1min 98.53
$SYS/broker/load/bytes/received/1min 351702.76
$SYS/broker/load/bytes/sent/1min 120817.32
$SYS/broker/load/sockets/1min 5.91
$SYS/broker/load/connections/1min 5.91
$SYS/broker/load/messages/received/5min 1192.49
$SYS/broker/load/messages/sent/5min 237.43
$SYS/broker/load/publish/received/5min 1082.08
$SYS/broker/load/publish/sent/5min 24.70
$SYS/broker/load/bytes/received/5min 89397.83
$SYS/broker/load/bytes/sent/5min 29025.04
$SYS/broker/load/sockets/5min 1.80
$SYS/broker/load/connections/5min 1.80
$SYS/broker/load/messages/received/15min 415.68
$SYS/broker/load/messages/sent/15min 81.82
$SYS/broker/load/publish/received/15min 377.60
$SYS/broker/load/publish/sent/15min 8.56
$SYS/broker/load/bytes/received/15min 31090.64
$SYS/broker/load/bytes/sent/15min 9989.16
$SYS/broker/messages/stored 53
$SYS/broker/store/messages/count 53
$SYS/broker/store/messages/bytes 256
$SYS/broker/heap/current 57100
$SYS/broker/heap/maximum 58024
$SYS/broker/messages/received 6378
$SYS/broker/messages/sent 1248
$SYS/broker/publish/messages/received 5797
$SYS/broker/publish/messages/sent 131
$SYS/broker/bytes/received 476486
$SYS/broker/bytes/sent 152274
$SYS/broker/publish/bytes/received 243784
$SYS/broker/publish/bytes/sent 128295
$SYS/broker/uptime 55 seconds
$SYS/broker/load/messages/received/1min 5481.53
$SYS/broker/load/messages/sent/1min 1248.38
$SYS/broker/load/publish/received/1min 4903.74
$SYS/broker/load/publish/sent/1min 114.92
$SYS/broker/load/bytes/received/1min 423456.62
$SYS/broker/load/bytes/sent/1min 155426.12
$SYS/broker/load/sockets/1min 4.92
$SYS/broker/load/connections/1min 4.92
$SYS/broker/load/messages/received/5min 1499.11
$SYS/broker/load/messages/sent/5min 321.57
$SYS/broker/load/publish/received/5min 1349.86
$SYS/broker/load/publish/sent/5min 30.88
$SYS/broker/load/bytes/received/5min 114263.45
$SYS/broker/load/bytes/sent/5min 39768.23
$SYS/broker/load/sockets/5min 1.73
$SYS/broker/load/connections/5min 1.73
$SYS/broker/load/messages/received/15min 528.57
$SYS/broker/load/messages/sent/15min 112.10
$SYS/broker/load/publish/received/15min 476.52
$SYS/broker/load/publish/sent/15min 10.84
$SYS/broker/load/bytes/received/15min 40189.00
$SYS/broker/load/bytes/sent/15min 13845.33
$SYS/broker/store/messages/bytes 266
$SYS/broker/heap/current 57008
$SYS/broker/messages/received 8158
$SYS/broker/messages/sent 1720
$SYS/broker/publish/messages/received 7359
$SYS/broker/publish/messages/sent 167
$SYS/broker/bytes/received 619497
$SYS/broker/bytes/sent 212302
$SYS/broker/publish/bytes/received 324411
$SYS/broker/publish/bytes/sent 179275
$SYS/broker/uptime 66 seconds
$SYS/broker/load/messages/received/1min 6192.43
$SYS/broker/load/messages/sent/1min 1471.43
$SYS/broker/load/publish/received/1min 5511.32
$SYS/broker/load/publish/sent/1min 125.82
$SYS/broker/load/bytes/received/1min 483668.89
$SYS/broker/load/bytes/sent/1min 184639.65
$SYS/broker/load/sockets/1min 4.09
$SYS/broker/load/connections/1min 4.09
$SYS/broker/load/messages/received/5min 1795.28
$SYS/broker/load/messages/sent/5min 402.88
$SYS/broker/load/publish/received/5min 1608.40
$SYS/broker/load/publish/sent/5min 36.25
$SYS/broker/load/bytes/received/5min 138336.56
$SYS/broker/load/bytes/sent/5min 50211.04
$SYS/broker/load/sockets/5min 1.67
$SYS/broker/load/connections/5min 1.67
$SYS/broker/load/messages/received/15min 640.30
$SYS/broker/load/messages/sent/15min 142.08
$SYS/broker/load/publish/received/15min 574.36
$SYS/broker/load/publish/sent/15min 12.90
$SYS/broker/load/bytes/received/15min 49211.48
$SYS/broker/load/bytes/sent/15min 17683.80
$SYS/broker/messages/stored 54
$SYS/broker/store/messages/count 54
$SYS/broker/store/messages/bytes 581
$SYS/broker/heap/current 57556
$SYS/broker/messages/received 9941
$SYS/broker/messages/sent 2193
$SYS/broker/publish/messages/received 8923
$SYS/broker/publish/messages/sent 200
$SYS/broker/bytes/received 763031
$SYS/broker/bytes/sent 272770
$SYS/broker/publish/bytes/received 405490
$SYS/broker/publish/bytes/sent 230719
$SYS/broker/uptime 77 seconds
$SYS/broker/load/messages/received/1min 6786.07
$SYS/broker/load/messages/sent/1min 1658.96
$SYS/broker/load/publish/received/1min 6015.31
$SYS/broker/load/publish/sent/1min 136.72
$SYS/broker/load/bytes/received/1min 533259.62
$SYS/broker/load/bytes/sent/1min 208543.91
$SYS/broker/load/sockets/1min 3.41
$SYS/broker/load/connections/1min 3.41
$SYS/broker/load/messages/received/5min 2081.18
$SYS/broker/load/messages/sent/5min 481.66
$SYS/broker/load/publish/received/5min 1857.23
$SYS/broker/load/publish/sent/5min 41.82
$SYS/broker/load/bytes/received/5min 161427.89
$SYS/broker/load/bytes/sent/5min 60188.53
$SYS/broker/load/sockets/5min 1.61
$SYS/broker/load/connections/5min 1.61
$SYS/broker/load/messages/received/15min 750.79
$SYS/broker/load/messages/sent/15min 171.83
$SYS/broker/load/publish/received/15min 670.88
$SYS/broker/load/publish/sent/15min 15.06
$SYS/broker/load/bytes/received/15min 58085.53
$SYS/broker/load/bytes/sent/15min 21445.50
$SYS/broker/messages/stored 53
$SYS/broker/store/messages/count 53
$SYS/broker/store/messages/bytes 266
$SYS/broker/heap/current 57080
$SYS/broker/messages/received 11726
$SYS/broker/messages/sent 2668
$SYS/broker/publish/messages/received 10485
$SYS/broker/publish/messages/sent 235
$SYS/broker/bytes/received 905979
$SYS/broker/bytes/sent 332783
$SYS/broker/publish/bytes/received 486042
$SYS/broker/publish/bytes/sent 281704
$SYS/broker/version mosquitto version 1.5.7
$SYS/broker/uptime 0 seconds
$SYS/broker/clients/total 6
$SYS/broker/clients/maximum 6
$SYS/broker/clients/inactive 6
$SYS/broker/clients/disconnected 6
$SYS/broker/clients/active 0
$SYS/broker/clients/connected 0
$SYS/broker/clients/expired 0
$SYS/broker/load/messages/received/1min 0.00
$SYS/broker/load/messages/received/5min 0.00
$SYS/broker/load/messages/received/15min 0.00
$SYS/broker/load/messages/sent/1min 0.00
$SYS/broker/load/messages/sent/5min 0.00
$SYS/broker/load/messages/sent/15min 0.00
$SYS/broker/load/publish/dropped/1min 0.00
$SYS/broker/load/publish/dropped/5min 0.00
$SYS/broker/load/publish/dropped/15min 0.00
$SYS/broker/load/publish/received/1min 0.00
$SYS/broker/load/publish/received/5min 0.00
$SYS/broker/load/publish/received/15min 0.00
$SYS/broker/load/publish/sent/1min 0.00
$SYS/broker/load/publish/sent/5min 0.00
$SYS/broker/load/publish/sent/15min 0.00
$SYS/broker/load/bytes/received/1min 0.00
$SYS/broker/load/bytes/received/5min 0.00
$SYS/broker/load/bytes/received/15min 0.00
$SYS/broker/load/bytes/sent/1min 0.00
$SYS/broker/load/bytes/sent/5min 0.00
$SYS/broker/load/bytes/sent/15min 0.00
$SYS/broker/load/sockets/1min 0.00
$SYS/broker/load/sockets/5min 0.00
$SYS/broker/load/sockets/15min 0.00
$SYS/broker/load/connections/1min 0.00
$SYS/broker/load/connections/5min 0.00
$SYS/broker/load/connections/15min 0.00
$SYS/broker/messages/stored 37
$SYS/broker/messages/received 0
$SYS/broker/messages/sent 0
$SYS/broker/store/messages/count 37
$SYS/broker/store/messages/bytes 152
$SYS/broker/subscriptions/count 35
$SYS/broker/retained messages/count 41
$SYS/broker/heap/current 45032
$SYS/broker/heap/maximum 45772
$SYS/broker/publish/messages/dropped 0
$SYS/broker/publish/messages/received 0
$SYS/broker/publish/messages/sent 0
$SYS/broker/publish/bytes/received 0
$SYS/broker/publish/bytes/sent 0
$SYS/broker/bytes/received 0
$SYS/broker/bytes/sent 0
