2022-04-07 17:56:35,547 INFO  ==============================================================
2022-04-07 17:56:35,548 INFO  Id:    publish_sawmill_record_statistics
2022-04-07 17:56:35,551 INFO  Title: Publish sawmill and record process statistics
2022-04-07 17:56:35,552 DEBUG Execution order hint: 0.0
2022-04-07 17:56:35,553 INFO  ==============================================================
2022-04-07 17:56:36,847 DEBUG EnvironmentC8y Setup
2022-04-07 17:56:36,848 INFO  EnvironmentC8y Setup
2022-04-07 17:56:36,850 DEBUG Process parameters for executable systemctl
2022-04-07 17:56:36,850 DEBUG   command      : /usr/bin/systemctl
2022-04-07 17:56:36,851 DEBUG   argument     : status
2022-04-07 17:56:36,852 DEBUG   argument     : tedge-mapper-c8y
2022-04-07 17:56:36,853 DEBUG   working dir  : /home/pi/actions-runner/_work/thin-edge.io/thin-edge.io/tests/PySys/analytics/publish_sawmill_record_statistics/Output/linux/
2022-04-07 17:56:36,854 DEBUG   stdout       : /home/pi/actions-runner/_work/thin-edge.io/thin-edge.io/tests/PySys/analytics/publish_sawmill_record_statistics/Output/linux/serv_mapper1.out
2022-04-07 17:56:36,856 DEBUG   stderr       : /home/pi/actions-runner/_work/thin-edge.io/thin-edge.io/tests/PySys/analytics/publish_sawmill_record_statistics/Output/linux/serv_mapper1.err
2022-04-07 17:56:36,857 DEBUG   environment  : LD_LIBRARY_PATH=/usr/lib
2022-04-07 17:56:36,858 DEBUG   environment  : PATH=/bin:/usr/bin:/usr/sbin:/usr/local/bin
2022-04-07 17:56:36,869 DEBUG Waiting up to 600 secs for process systemctl<serv_mapper1> (pid 5919)
2022-04-07 17:56:37,763 INFO  Executed systemctl<serv_mapper1>, exit status 3
2022-04-07 17:56:37,999 DEBUG Process parameters for executable sudo
2022-04-07 17:56:38,001 DEBUG   command      : /usr/bin/sudo
2022-04-07 17:56:38,003 DEBUG   argument     : /usr/bin/tedge
2022-04-07 17:56:38,004 DEBUG   argument     : connect
2022-04-07 17:56:38,005 DEBUG   argument     : c8y
2022-04-07 17:56:38,006 DEBUG   working dir  : /home/pi/actions-runner/_work/thin-edge.io/thin-edge.io/tests/PySys/analytics/publish_sawmill_record_statistics/Output/linux/
2022-04-07 17:56:38,008 DEBUG   stdout       : /home/pi/actions-runner/_work/thin-edge.io/thin-edge.io/tests/PySys/analytics/publish_sawmill_record_statistics/Output/linux/tedge_connect_c8y.out
2022-04-07 17:56:38,009 DEBUG   stderr       : /home/pi/actions-runner/_work/thin-edge.io/thin-edge.io/tests/PySys/analytics/publish_sawmill_record_statistics/Output/linux/tedge_connect_c8y.err
2022-04-07 17:56:38,010 DEBUG   environment  : LD_LIBRARY_PATH=/usr/lib
2022-04-07 17:56:38,012 DEBUG   environment  : PATH=/bin:/usr/bin:/usr/sbin:/usr/local/bin
2022-04-07 17:56:38,022 DEBUG Waiting up to 600 secs for process sudo<tedge_connect_c8y> (pid 5929)
2022-04-07 17:56:54,345 INFO  Executed sudo<tedge_connect_c8y>, exit status 0, duration 16 secs
2022-04-07 17:56:54,352 DEBUG Process parameters for executable sudo
2022-04-07 17:56:54,354 DEBUG   command      : /usr/bin/sudo
2022-04-07 17:56:54,355 DEBUG   argument     : /usr/bin/tedge
2022-04-07 17:56:54,356 DEBUG   argument     : connect
2022-04-07 17:56:54,358 DEBUG   argument     : c8y
2022-04-07 17:56:54,360 DEBUG   argument     : --test
2022-04-07 17:56:54,363 DEBUG   working dir  : /home/pi/actions-runner/_work/thin-edge.io/thin-edge.io/tests/PySys/analytics/publish_sawmill_record_statistics/Output/linux/
2022-04-07 17:56:54,365 DEBUG   stdout       : /home/pi/actions-runner/_work/thin-edge.io/thin-edge.io/tests/PySys/analytics/publish_sawmill_record_statistics/Output/linux/tedge_connect_c8y_test.out
2022-04-07 17:56:54,366 DEBUG   stderr       : /home/pi/actions-runner/_work/thin-edge.io/thin-edge.io/tests/PySys/analytics/publish_sawmill_record_statistics/Output/linux/tedge_connect_c8y_test.err
2022-04-07 17:56:54,368 DEBUG   environment  : LD_LIBRARY_PATH=/usr/lib
2022-04-07 17:56:54,369 DEBUG   environment  : PATH=/bin:/usr/bin:/usr/sbin:/usr/local/bin
2022-04-07 17:56:54,379 DEBUG Waiting up to 600 secs for process sudo<tedge_connect_c8y_test> (pid 6114)
2022-04-07 17:56:54,988 INFO  Executed sudo<tedge_connect_c8y_test>, exit status 0
2022-04-07 17:56:54,990 DEBUG Process parameters for executable systemctl
2022-04-07 17:56:54,991 DEBUG   command      : /usr/bin/systemctl
2022-04-07 17:56:54,993 DEBUG   argument     : status
2022-04-07 17:56:54,994 DEBUG   argument     : mosquitto
2022-04-07 17:56:54,995 DEBUG   working dir  : /home/pi/actions-runner/_work/thin-edge.io/thin-edge.io/tests/PySys/analytics/publish_sawmill_record_statistics/Output/linux/
2022-04-07 17:56:54,996 DEBUG   stdout       : /home/pi/actions-runner/_work/thin-edge.io/thin-edge.io/tests/PySys/analytics/publish_sawmill_record_statistics/Output/linux/serv_mosq2.out
2022-04-07 17:56:54,997 DEBUG   stderr       : /home/pi/actions-runner/_work/thin-edge.io/thin-edge.io/tests/PySys/analytics/publish_sawmill_record_statistics/Output/linux/serv_mosq2.err
2022-04-07 17:56:54,998 DEBUG   environment  : LD_LIBRARY_PATH=/usr/lib
2022-04-07 17:56:54,999 DEBUG   environment  : PATH=/bin:/usr/bin:/usr/sbin:/usr/local/bin
2022-04-07 17:56:55,016 DEBUG Waiting up to 600 secs for process systemctl<serv_mosq2> (pid 6123)
2022-04-07 17:56:55,594 INFO  Executed systemctl<serv_mosq2>, exit status 0
2022-04-07 17:56:55,596 DEBUG Process parameters for executable systemctl
2022-04-07 17:56:55,598 DEBUG   command      : /usr/bin/systemctl
2022-04-07 17:56:55,599 DEBUG   argument     : status
2022-04-07 17:56:55,600 DEBUG   argument     : tedge-mapper-c8y
2022-04-07 17:56:55,601 DEBUG   working dir  : /home/pi/actions-runner/_work/thin-edge.io/thin-edge.io/tests/PySys/analytics/publish_sawmill_record_statistics/Output/linux/
2022-04-07 17:56:55,602 DEBUG   stdout       : /home/pi/actions-runner/_work/thin-edge.io/thin-edge.io/tests/PySys/analytics/publish_sawmill_record_statistics/Output/linux/serv_mapper3.out
2022-04-07 17:56:55,606 DEBUG   stderr       : /home/pi/actions-runner/_work/thin-edge.io/thin-edge.io/tests/PySys/analytics/publish_sawmill_record_statistics/Output/linux/serv_mapper3.err
2022-04-07 17:56:55,608 DEBUG   environment  : LD_LIBRARY_PATH=/usr/lib
2022-04-07 17:56:55,609 DEBUG   environment  : PATH=/bin:/usr/bin:/usr/sbin:/usr/local/bin
2022-04-07 17:56:55,629 DEBUG Waiting up to 600 secs for process systemctl<serv_mapper3> (pid 6128)
2022-04-07 17:56:56,290 INFO  Executed systemctl<serv_mapper3>, exit status 0
2022-04-07 17:56:56,291 INFO  Setup
2022-04-07 17:56:56,293 INFO  /home/pi/actions-runner/_work/thin-edge.io/thin-edge.io/tests/PySys/analytics/publish_sawmill_record_statistics/Output/linux
2022-04-07 17:56:56,294 DEBUG --- test execute
2022-04-07 17:56:56,295 DEBUG EnvironmentC8y Execute
2022-04-07 17:56:56,297 INFO  Execute
2022-04-07 17:56:56,299 DEBUG Process parameters for executable sudo
2022-04-07 17:56:56,300 DEBUG   command      : /usr/bin/sudo
2022-04-07 17:56:56,302 DEBUG   argument     : /usr/bin/systemctl
2022-04-07 17:56:56,303 DEBUG   argument     : start
2022-04-07 17:56:56,305 DEBUG   argument     : collectd
2022-04-07 17:56:56,306 DEBUG   working dir  : /home/pi/actions-runner/_work/thin-edge.io/thin-edge.io/tests/PySys/analytics/publish_sawmill_record_statistics/Output/linux/
2022-04-07 17:56:56,307 DEBUG   stdout       : /home/pi/actions-runner/_work/thin-edge.io/thin-edge.io/tests/PySys/analytics/publish_sawmill_record_statistics/Output/linux/collectd_out.out
2022-04-07 17:56:56,309 DEBUG   stderr       : /home/pi/actions-runner/_work/thin-edge.io/thin-edge.io/tests/PySys/analytics/publish_sawmill_record_statistics/Output/linux/collectd_out.err
2022-04-07 17:56:56,310 DEBUG   environment  : LD_LIBRARY_PATH=/usr/lib
2022-04-07 17:56:56,312 DEBUG   environment  : PATH=/bin:/usr/bin:/usr/sbin:/usr/local/bin
2022-04-07 17:56:56,322 DEBUG Waiting up to 600 secs for process sudo<collectd_out> (pid 6133)
2022-04-07 17:56:56,881 INFO  Executed sudo<collectd_out>, exit status 0
2022-04-07 17:56:56,890 DEBUG Process parameters for executable mosquitto_sub
2022-04-07 17:56:56,892 DEBUG   command      : /usr/bin/mosquitto_sub
2022-04-07 17:56:56,895 DEBUG   argument     : -v
2022-04-07 17:56:56,896 DEBUG   argument     : -h
2022-04-07 17:56:56,902 DEBUG   argument     : localhost
2022-04-07 17:56:56,907 DEBUG   argument     : -t
2022-04-07 17:56:56,915 DEBUG   argument     : $SYS/#
2022-04-07 17:56:56,917 DEBUG   working dir  : /home/pi/actions-runner/_work/thin-edge.io/thin-edge.io/tests/PySys/analytics/publish_sawmill_record_statistics/Output/linux/
2022-04-07 17:56:56,919 DEBUG   stdout       : /home/pi/actions-runner/_work/thin-edge.io/thin-edge.io/tests/PySys/analytics/publish_sawmill_record_statistics/Output/linux/mosquitto_sub_stdout.out
2022-04-07 17:56:56,920 DEBUG   stderr       : /home/pi/actions-runner/_work/thin-edge.io/thin-edge.io/tests/PySys/analytics/publish_sawmill_record_statistics/Output/linux/mosquitto_sub_stdout.err
2022-04-07 17:56:56,922 DEBUG   environment  : LD_LIBRARY_PATH=/usr/lib
2022-04-07 17:56:56,924 DEBUG   environment  : PATH=/bin:/usr/bin:/usr/sbin:/usr/local/bin
2022-04-07 17:56:56,936 INFO  Started mosquitto_sub_stdout with process id 6137
2022-04-07 17:56:56,947 DEBUG Process parameters for executable sawtooth_publisher
2022-04-07 17:56:56,952 DEBUG   command      : /home/pi/examples/sawtooth_publisher
2022-04-07 17:56:56,954 DEBUG   argument     : 100
2022-04-07 17:56:56,955 DEBUG   argument     : 100
2022-04-07 17:56:56,957 DEBUG   argument     : 6
2022-04-07 17:56:56,959 DEBUG   argument     : sawmill
2022-04-07 17:56:56,961 DEBUG   working dir  : /home/pi/actions-runner/_work/thin-edge.io/thin-edge.io/tests/PySys/analytics/publish_sawmill_record_statistics/Output/linux/
2022-04-07 17:56:56,964 DEBUG   stdout       : /home/pi/actions-runner/_work/thin-edge.io/thin-edge.io/tests/PySys/analytics/publish_sawmill_record_statistics/Output/linux/stdout_sawmill.out
2022-04-07 17:56:56,967 DEBUG   stderr       : /home/pi/actions-runner/_work/thin-edge.io/thin-edge.io/tests/PySys/analytics/publish_sawmill_record_statistics/Output/linux/stdout_sawmill.err
2022-04-07 17:56:56,969 DEBUG   environment  : LD_LIBRARY_PATH=/usr/lib
2022-04-07 17:56:56,971 DEBUG   environment  : PATH=/bin:/usr/bin:/usr/sbin:/usr/local/bin
2022-04-07 17:56:56,981 DEBUG Waiting up to 600 secs for process sawtooth_publisher<stdout_sawmill> (pid 6138)
2022-04-07 17:57:57,942 INFO  Executed sawtooth_publisher<stdout_sawmill>, exit status 0, duration 60 secs
2022-04-07 17:57:57,944 DEBUG --- test validate
2022-04-07 17:57:57,946 DEBUG EnvironmentC8y Validate
2022-04-07 17:57:57,956 DEBUG Process parameters for executable systemctl
2022-04-07 17:57:57,958 DEBUG   command      : /usr/bin/systemctl
2022-04-07 17:57:57,959 DEBUG   argument     : status
2022-04-07 17:57:57,959 DEBUG   argument     : mosquitto
2022-04-07 17:57:57,960 DEBUG   working dir  : /home/pi/actions-runner/_work/thin-edge.io/thin-edge.io/tests/PySys/analytics/publish_sawmill_record_statistics/Output/linux/
2022-04-07 17:57:57,961 DEBUG   stdout       : /home/pi/actions-runner/_work/thin-edge.io/thin-edge.io/tests/PySys/analytics/publish_sawmill_record_statistics/Output/linux/serv_mosq.out
2022-04-07 17:57:57,962 DEBUG   stderr       : /home/pi/actions-runner/_work/thin-edge.io/thin-edge.io/tests/PySys/analytics/publish_sawmill_record_statistics/Output/linux/serv_mosq.err
2022-04-07 17:57:57,964 DEBUG   environment  : LD_LIBRARY_PATH=/usr/lib
2022-04-07 17:57:57,965 DEBUG   environment  : PATH=/bin:/usr/bin:/usr/sbin:/usr/local/bin
2022-04-07 17:57:57,975 DEBUG Waiting up to 600 secs for process systemctl<serv_mosq> (pid 6537)
2022-04-07 17:57:58,635 INFO  Executed systemctl<serv_mosq>, exit status 0
2022-04-07 17:57:58,637 DEBUG Process parameters for executable systemctl
2022-04-07 17:57:58,638 DEBUG   command      : /usr/bin/systemctl
2022-04-07 17:57:58,639 DEBUG   argument     : status
2022-04-07 17:57:58,641 DEBUG   argument     : tedge-mapper-c8y
2022-04-07 17:57:58,642 DEBUG   working dir  : /home/pi/actions-runner/_work/thin-edge.io/thin-edge.io/tests/PySys/analytics/publish_sawmill_record_statistics/Output/linux/
2022-04-07 17:57:58,643 DEBUG   stdout       : /home/pi/actions-runner/_work/thin-edge.io/thin-edge.io/tests/PySys/analytics/publish_sawmill_record_statistics/Output/linux/serv_mapper4.out
2022-04-07 17:57:58,643 DEBUG   stderr       : /home/pi/actions-runner/_work/thin-edge.io/thin-edge.io/tests/PySys/analytics/publish_sawmill_record_statistics/Output/linux/serv_mapper4.err
2022-04-07 17:57:58,644 DEBUG   environment  : LD_LIBRARY_PATH=/usr/lib
2022-04-07 17:57:58,645 DEBUG   environment  : PATH=/bin:/usr/bin:/usr/sbin:/usr/local/bin
2022-04-07 17:57:58,653 DEBUG Waiting up to 600 secs for process systemctl<serv_mapper4> (pid 6546)
2022-04-07 17:57:59,211 INFO  Executed systemctl<serv_mapper4>, exit status 0
2022-04-07 17:57:59,213 DEBUG Performing regex contains=True grep on file: /home/pi/actions-runner/_work/thin-edge.io/thin-edge.io/tests/PySys/analytics/publish_sawmill_record_statistics/Output/linux/mosquitto_sub_stdout.out
2022-04-07 17:57:59,224 DEBUG Grep on input file mosquitto_sub_stdout.out successfully matched expression "mosquitto" with line: '$SYS/broker/version mosquitto version 1.5.7\n'
2022-04-07 17:58:00,028 INFO  Grep on input file mosquitto_sub_stdout.out ... passed
2022-04-07 17:58:00,038 DEBUG --- test cleanup
2022-04-07 17:58:00,039 INFO  
2022-04-07 17:58:00,040 INFO  cleanup:
2022-04-07 17:58:00,041 DEBUG Running registered cleanup function: <bound method PublishSawmillRecordStatistics.mycleanup of <PublishSawmillRecordStatistics object at 0x76145cb0>>
2022-04-07 17:58:00,043 INFO  My Cleanup
2022-04-07 17:58:00,045 DEBUG Process parameters for executable sudo
2022-04-07 17:58:00,047 DEBUG   command      : /usr/bin/sudo
2022-04-07 17:58:00,048 DEBUG   argument     : /usr/bin/systemctl
2022-04-07 17:58:00,049 DEBUG   argument     : stop
2022-04-07 17:58:00,050 DEBUG   argument     : collectd
2022-04-07 17:58:00,051 DEBUG   working dir  : /home/pi/actions-runner/_work/thin-edge.io/thin-edge.io/tests/PySys/analytics/publish_sawmill_record_statistics/Output/linux/
2022-04-07 17:58:00,052 DEBUG   stdout       : /home/pi/actions-runner/_work/thin-edge.io/thin-edge.io/tests/PySys/analytics/publish_sawmill_record_statistics/Output/linux/collectd_out.out
2022-04-07 17:58:00,054 DEBUG   stderr       : /home/pi/actions-runner/_work/thin-edge.io/thin-edge.io/tests/PySys/analytics/publish_sawmill_record_statistics/Output/linux/collectd_out.err
2022-04-07 17:58:00,056 DEBUG   environment  : LD_LIBRARY_PATH=/usr/lib
2022-04-07 17:58:00,057 DEBUG   environment  : PATH=/bin:/usr/bin:/usr/sbin:/usr/local/bin
2022-04-07 17:58:00,067 DEBUG Waiting up to 600 secs for process sudo<collectd_out> (pid 6555)
2022-04-07 17:58:01,533 INFO  Executed sudo<collectd_out>, exit status 0
2022-04-07 17:58:01,541 INFO  Exporting data from /var/lib/collectd/rrd/mythicc/exec/gauge-mapper-c8y-size.rrd
2022-04-07 17:58:01,703 INFO  Exporting data from /var/lib/collectd/rrd/mythicc/exec/gauge-mosquitto-data.rrd
2022-04-07 17:58:01,819 INFO  Exporting data from /var/lib/collectd/rrd/mythicc/exec/gauge-mosquitto-resident.rrd
2022-04-07 17:58:01,938 INFO  Exporting data from /var/lib/collectd/rrd/mythicc/exec/gauge-mapper-c8y-resident.rrd
2022-04-07 17:58:02,050 INFO  Exporting data from /var/lib/collectd/rrd/mythicc/exec/gauge-mosquitto-utime.rrd
2022-04-07 17:58:02,164 INFO  Exporting data from /var/lib/collectd/rrd/mythicc/exec/gauge-mosquitto-shared.rrd
2022-04-07 17:58:02,273 INFO  Exporting data from /var/lib/collectd/rrd/mythicc/exec/gauge-mosquitto-size.rrd
2022-04-07 17:58:02,402 INFO  Exporting data from /var/lib/collectd/rrd/mythicc/exec/gauge-mapper-c8y-utime.rrd
2022-04-07 17:58:02,512 INFO  Exporting data from /var/lib/collectd/rrd/mythicc/exec/gauge-mapper-c8y-stime.rrd
2022-04-07 17:58:02,619 INFO  Exporting data from /var/lib/collectd/rrd/mythicc/exec/gauge-mosquitto-text.rrd
2022-04-07 17:58:02,727 INFO  Exporting data from /var/lib/collectd/rrd/mythicc/exec/gauge-mosquitto-stime.rrd
2022-04-07 17:58:02,836 INFO  Exporting data from /var/lib/collectd/rrd/mythicc/exec/gauge-mapper-c8y-data.rrd
2022-04-07 17:58:02,944 INFO  Exporting data from /var/lib/collectd/rrd/mythicc/exec/gauge-mapper-c8y-text.rrd
2022-04-07 17:58:03,051 INFO  Exporting data from /var/lib/collectd/rrd/mythicc/exec/gauge-mapper-c8y-shared.rrd
2022-04-07 17:58:03,182 DEBUG Running registered cleanup function: <bound method EnvironmentC8y.myenvcleanup of <PublishSawmillRecordStatistics object at 0x76145cb0>>
2022-04-07 17:58:03,184 DEBUG EnvironmentC8y Cleanup
2022-04-07 17:58:03,302 DEBUG Process parameters for executable sudo
2022-04-07 17:58:03,304 DEBUG   command      : /usr/bin/sudo
2022-04-07 17:58:03,305 DEBUG   argument     : /usr/bin/tedge
2022-04-07 17:58:03,305 DEBUG   argument     : disconnect
2022-04-07 17:58:03,306 DEBUG   argument     : c8y
2022-04-07 17:58:03,307 DEBUG   working dir  : /home/pi/actions-runner/_work/thin-edge.io/thin-edge.io/tests/PySys/analytics/publish_sawmill_record_statistics/Output/linux/
2022-04-07 17:58:03,308 DEBUG   stdout       : /home/pi/actions-runner/_work/thin-edge.io/thin-edge.io/tests/PySys/analytics/publish_sawmill_record_statistics/Output/linux/tedge_disconnect_c8y.out
2022-04-07 17:58:03,308 DEBUG   stderr       : /home/pi/actions-runner/_work/thin-edge.io/thin-edge.io/tests/PySys/analytics/publish_sawmill_record_statistics/Output/linux/tedge_disconnect_c8y.err
2022-04-07 17:58:03,309 DEBUG   environment  : LD_LIBRARY_PATH=/usr/lib
2022-04-07 17:58:03,310 DEBUG   environment  : PATH=/bin:/usr/bin:/usr/sbin:/usr/local/bin
2022-04-07 17:58:03,318 DEBUG Waiting up to 600 secs for process sudo<tedge_disconnect_c8y> (pid 6560)
2022-04-07 17:58:07,209 INFO  Executed sudo<tedge_disconnect_c8y>, exit status 0
2022-04-07 17:58:07,211 DEBUG Process parameters for executable systemctl
2022-04-07 17:58:07,212 DEBUG   command      : /usr/bin/systemctl
2022-04-07 17:58:07,213 DEBUG   argument     : status
2022-04-07 17:58:07,214 DEBUG   argument     : tedge-mapper-c8y
2022-04-07 17:58:07,215 DEBUG   working dir  : /home/pi/actions-runner/_work/thin-edge.io/thin-edge.io/tests/PySys/analytics/publish_sawmill_record_statistics/Output/linux/
2022-04-07 17:58:07,215 DEBUG   stdout       : /home/pi/actions-runner/_work/thin-edge.io/thin-edge.io/tests/PySys/analytics/publish_sawmill_record_statistics/Output/linux/serv_mapper5.out
2022-04-07 17:58:07,216 DEBUG   stderr       : /home/pi/actions-runner/_work/thin-edge.io/thin-edge.io/tests/PySys/analytics/publish_sawmill_record_statistics/Output/linux/serv_mapper5.err
2022-04-07 17:58:07,217 DEBUG   environment  : LD_LIBRARY_PATH=/usr/lib
2022-04-07 17:58:07,218 DEBUG   environment  : PATH=/bin:/usr/bin:/usr/sbin:/usr/local/bin
2022-04-07 17:58:07,226 DEBUG Waiting up to 600 secs for process systemctl<serv_mapper5> (pid 6603)
2022-04-07 17:58:07,833 INFO  Executed systemctl<serv_mapper5>, exit status 3
2022-04-07 17:58:07,835 DEBUG Waiting up to 30 secs for process mosquitto_sub_stdout (pid 6137)
2022-04-07 17:58:07,887 DEBUG ProcessUser cleanup function done.
2022-04-07 17:58:07,891 INFO  
2022-04-07 17:58:07,891 INFO  Test duration: 92.35 secs
2022-04-07 17:58:07,893 INFO  Test final outcome:  PASSED
2022-04-07 17:58:07,894 INFO  
