2022-04-08 10:09:00,181 INFO  ==============================================================
2022-04-08 10:09:00,182 INFO  Id:    apt_install_local_file_with_version_fail
2022-04-08 10:09:00,183 INFO  Dir:   plugin_apt/
2022-04-08 10:09:00,184 INFO  Title: Validate apt plugin install from local file AND with a version - FAIL case
2022-04-08 10:09:00,185 DEBUG Execution order hint: 0.0
2022-04-08 10:09:00,186 INFO  ==============================================================
2022-04-08 10:09:02,169 INFO  URL of rolldice is b"'http://mirror.mythic-beasts.com/raspbian/pool/main/r/rolldice/rolldice_1.16-1+b1_armhf.deb'"
2022-04-08 10:09:04,256 INFO  Downloaded rolldcice in version 1.16-1+b1
2022-04-08 10:09:04,257 INFO  Filename is rolldice_1.16-1+b1_armhf.deb
2022-04-08 10:09:04,259 DEBUG Process parameters for sudo
  command line : /usr/bin/sudo /usr/bin/apt-get remove -y rolldice
    arg #1     : /usr/bin/apt-get
    arg #2     : remove
    arg #3     : -y
    arg #4     : rolldice
  working dir  : /home/pi/actions-runner/_work/thin-edge.io/thin-edge.io/tests/PySys/plugin_apt/apt_install_local_file_with_version_fail/Output/linux
  stdout       : None
  stderr       : None
  environment  : LD_LIBRARY_PATH=/usr/lib
  environment  : PATH=/bin:/usr/bin:/usr/sbin:/usr/local/bin
                   #1  /bin
                   #2  /usr/bin
                   #3  /usr/sbin
                   #4  /usr/local/bin
2022-04-08 10:09:04,266 DEBUG Waiting up to 600 secs for process sudo (pid 10178)
2022-04-08 10:09:17,657 INFO  Executed sudo, exit status 0, duration 13 secs
2022-04-08 10:09:17,661 DEBUG Process parameters for sudo<outp_check_0>
  command line : /usr/bin/sudo /etc/tedge/sm-plugins/apt list
    arg #1     : /etc/tedge/sm-plugins/apt
    arg #2     : list
  working dir  : /home/pi/actions-runner/_work/thin-edge.io/thin-edge.io/tests/PySys/plugin_apt/apt_install_local_file_with_version_fail/Output/linux
  stdout       : /home/pi/actions-runner/_work/thin-edge.io/thin-edge.io/tests/PySys/plugin_apt/apt_install_local_file_with_version_fail/Output/linux/outp_check_0.out
  stderr       : /home/pi/actions-runner/_work/thin-edge.io/thin-edge.io/tests/PySys/plugin_apt/apt_install_local_file_with_version_fail/Output/linux/outp_check_0.err
  environment  : LD_LIBRARY_PATH=/usr/lib
  environment  : PATH=/bin:/usr/bin:/usr/sbin:/usr/local/bin
                   #1  /bin
                   #2  /usr/bin
                   #3  /usr/sbin
                   #4  /usr/local/bin
2022-04-08 10:09:17,668 DEBUG Waiting up to 600 secs for process sudo<outp_check_0> (pid 10207)
2022-04-08 10:09:22,934 INFO  Executed sudo<outp_check_0>, exit status 0
2022-04-08 10:09:22,935 INFO  Assert that (value==0) with value=0 ... passed
2022-04-08 10:09:22,937 DEBUG Performing regex contains=False grep on file: /home/pi/actions-runner/_work/thin-edge.io/thin-edge.io/tests/PySys/plugin_apt/apt_install_local_file_with_version_fail/Output/linux/outp_check_0.out
2022-04-08 10:09:22,942 INFO  Grep on file outp_check_0.out ... passed
2022-04-08 10:09:22,943 DEBUG --- test execute
2022-04-08 10:09:22,945 DEBUG Process parameters for sudo<outp_install>
  command line : /usr/bin/sudo /etc/tedge/sm-plugins/apt install rolldice --module-version 1.16-1+b1 --file None
    arg #1     : /etc/tedge/sm-plugins/apt
    arg #2     : install
    arg #3     : rolldice
    arg #4     : --module-version
    arg #5     : 1.16-1+b1
    arg #6     : --file
    arg #7     : None
  working dir  : /home/pi/actions-runner/_work/thin-edge.io/thin-edge.io/tests/PySys/plugin_apt/apt_install_local_file_with_version_fail/Output/linux
  stdout       : /home/pi/actions-runner/_work/thin-edge.io/thin-edge.io/tests/PySys/plugin_apt/apt_install_local_file_with_version_fail/Output/linux/outp_install.out
  stderr       : /home/pi/actions-runner/_work/thin-edge.io/thin-edge.io/tests/PySys/plugin_apt/apt_install_local_file_with_version_fail/Output/linux/outp_install.err
  environment  : LD_LIBRARY_PATH=/usr/lib
  environment  : PATH=/bin:/usr/bin:/usr/sbin:/usr/local/bin
                   #1  /bin
                   #2  /usr/bin
                   #3  /usr/sbin
                   #4  /usr/local/bin
2022-04-08 10:09:22,952 DEBUG Waiting up to 600 secs for process sudo<outp_install> (pid 10213)
2022-04-08 10:09:23,509 INFO  Executed sudo<outp_install>, exit status 5
2022-04-08 10:09:23,511 INFO  Assert that (value==5) with value=5 ... passed
2022-04-08 10:09:23,512 DEBUG --- test validate
2022-04-08 10:09:23,514 DEBUG Process parameters for sudo<outp_check_1>
  command line : /usr/bin/sudo /etc/tedge/sm-plugins/apt list
    arg #1     : /etc/tedge/sm-plugins/apt
    arg #2     : list
  working dir  : /home/pi/actions-runner/_work/thin-edge.io/thin-edge.io/tests/PySys/plugin_apt/apt_install_local_file_with_version_fail/Output/linux
  stdout       : /home/pi/actions-runner/_work/thin-edge.io/thin-edge.io/tests/PySys/plugin_apt/apt_install_local_file_with_version_fail/Output/linux/outp_check_1.out
  stderr       : /home/pi/actions-runner/_work/thin-edge.io/thin-edge.io/tests/PySys/plugin_apt/apt_install_local_file_with_version_fail/Output/linux/outp_check_1.err
  environment  : LD_LIBRARY_PATH=/usr/lib
  environment  : PATH=/bin:/usr/bin:/usr/sbin:/usr/local/bin
                   #1  /bin
                   #2  /usr/bin
                   #3  /usr/sbin
                   #4  /usr/local/bin
2022-04-08 10:09:23,521 DEBUG Waiting up to 600 secs for process sudo<outp_check_1> (pid 10216)
2022-04-08 10:09:26,089 INFO  Executed sudo<outp_check_1>, exit status 0
2022-04-08 10:09:26,091 INFO  Assert that (value==0) with value=0 ... passed
2022-04-08 10:09:26,092 DEBUG Performing regex contains=False grep on file: /home/pi/actions-runner/_work/thin-edge.io/thin-edge.io/tests/PySys/plugin_apt/apt_install_local_file_with_version_fail/Output/linux/outp_check_1.out
2022-04-08 10:09:26,097 INFO  Grep on file outp_check_1.out ... passed
2022-04-08 10:09:26,102 DEBUG --- test cleanup
2022-04-08 10:09:26,103 INFO  
2022-04-08 10:09:26,104 INFO  cleanup:
2022-04-08 10:09:26,105 DEBUG Running registered cleanup function: <bound method AptPluginInstallFromLocalFileWithVersionFail.cleanup_remove_rolldice_binary of <AptPluginInstallFromLocalFileWithVersionFail object at 0x75d9e730>>
2022-04-08 10:09:26,105 DEBUG ProcessUser cleanup function done.
2022-04-08 10:09:26,108 INFO  
2022-04-08 10:09:26,109 INFO  Test duration: 25.93 secs
2022-04-08 10:09:26,110 INFO  Test final outcome:  PASSED
2022-04-08 10:09:26,111 INFO  
