2022-05-10 19:47:15,674 INFO  ==============================================================
2022-05-10 19:47:15,674 INFO  Id:    SoftwareManagement.Plugin.apama_plugin_remove
2022-05-10 19:47:15,674 INFO  Dir:   plugin_apama/
2022-05-10 19:47:15,674 INFO  Title: Validate apama plugin remove
2022-05-10 19:47:15,674 INFO  ==============================================================
2022-05-10 19:47:15,675 INFO  Assertion that path exists=False for "/etc/tedge/apama/project" ... passed
2022-05-10 19:47:15,777 INFO  Executed sudo<create_project_dir>, exit status 0
2022-05-10 19:47:15,879 INFO  Executed sudo<unzip_apama_project>, exit status 0
2022-05-10 19:47:15,982 INFO  Executed sudo<move_apama_project>, exit status 0
2022-05-10 19:47:16,134 INFO  Executed sudo<restart_apama_service>, exit status 0
2022-05-10 19:47:16,135 INFO  Assertion that path exists=True for "/etc/tedge/apama/project" ... passed
2022-05-10 19:47:17,339 INFO  Executed sudo<plugin_remove>, exit status 0
2022-05-10 19:47:17,340 INFO  Assertion that path exists=False for "/etc/tedge/apama/project" ... passed
2022-05-10 19:47:17,340 INFO  
2022-05-10 19:47:17,340 INFO  cleanup:
2022-05-10 19:47:17,442 INFO  Executed sudo<remove_apama_tmp_dir>, exit status 0
2022-05-10 19:47:17,443 INFO  
2022-05-10 19:47:17,443 INFO  Test duration: 1.76 secs
2022-05-10 19:47:17,444 INFO  Test final outcome:  PASSED
2022-05-10 19:47:17,444 INFO  
