2022-04-28 15:43:06,993 INFO  ==============================================================
2022-04-28 15:43:06,994 INFO  Id:    apt_finalize
2022-04-28 15:43:06,995 INFO  Dir:   plugin_apt/
2022-04-28 15:43:06,996 INFO  Title: Validate apt plugin finalize - dense version
2022-04-28 15:43:06,996 INFO  ==============================================================
2022-04-28 15:43:48,911 INFO  Executed sudo<outp_remove>, exit status 0, duration 41 secs
2022-04-28 15:43:48,914 INFO  Assert that (value==0) with value=0 ... passed
2022-04-28 15:44:05,474 INFO  Executed sudo<outp_remove>, exit status 0, duration 16 secs
2022-04-28 15:44:05,478 INFO  Assert that (value==0) with value=0 ... passed
2022-04-28 15:44:10,766 INFO  Executed sudo<outp_check_0>, exit status 0
2022-04-28 15:44:10,768 INFO  Assert that (value==0) with value=0 ... passed
2022-04-28 15:44:10,778 INFO  Grep on file outp_check_0.out ... passed
2022-04-28 15:44:11,239 INFO  Executed dpkg-query<outp_check_0>, exit status 1
2022-04-28 15:44:52,510 INFO  Executed sudo<outp_install>, exit status 0, duration 41 secs
2022-04-28 15:44:52,514 INFO  Assert that (value==0) with value=0 ... passed
2022-04-28 15:44:57,890 INFO  Executed sudo<outp_check_1>, exit status 0
2022-04-28 15:44:57,893 INFO  Assert that (value==0) with value=0 ... passed
2022-04-28 15:44:57,898 INFO  Grep on file outp_check_1.out ... passed
2022-04-28 15:44:58,360 INFO  Executed dpkg-query<outp_check_1>, exit status 0
2022-04-28 15:45:13,965 INFO  Executed sudo<outp_remove>, exit status 0, duration 15 secs
2022-04-28 15:45:13,967 INFO  Assert that (value==0) with value=0 ... passed
2022-04-28 15:45:19,369 INFO  Executed sudo<outp_check_2>, exit status 0
2022-04-28 15:45:19,371 INFO  Assert that (value==0) with value=0 ... passed
2022-04-28 15:45:19,376 INFO  Grep on file outp_check_2.out ... passed
2022-04-28 15:45:19,872 INFO  Executed dpkg-query<outp_check_2>, exit status 0
2022-04-28 15:45:33,272 INFO  Executed sudo<outp_finalize>, exit status 0, duration 13 secs
2022-04-28 15:45:33,275 INFO  Assert that (value==0) with value=0 ... passed
2022-04-28 15:45:38,964 INFO  Executed sudo<outp_check_3>, exit status 0
2022-04-28 15:45:38,967 INFO  Assert that (value==0) with value=0 ... passed
2022-04-28 15:45:38,972 INFO  Grep on file outp_check_3.out ... passed
2022-04-28 15:45:39,434 INFO  Executed dpkg-query<outp_check_3>, exit status 1
2022-04-28 15:45:39,441 INFO  
2022-04-28 15:45:39,442 INFO  cleanup:
2022-04-28 15:45:39,445 INFO  
2022-04-28 15:45:39,446 INFO  Test duration: 152.46 secs
2022-04-28 15:45:39,447 INFO  Test final outcome:  PASSED
2022-04-28 15:45:39,448 INFO  
