2022-04-29 10:02:04,585 INFO  ==============================================================
2022-04-29 10:02:04,586 INFO  Id:    docker_plugin_remove
2022-04-29 10:02:04,587 INFO  Dir:   plugin_docker/
2022-04-29 10:02:04,588 INFO  Title: Validate docker plugin remove
2022-04-29 10:02:04,589 INFO  ==============================================================
2022-04-29 10:02:05,613 INFO  Executed sudo<docker_images>, exit status 0
2022-04-29 10:02:05,621 INFO  Grep on file /home/pi/actions-runner/_work/thin-edge.io/thin-edge.io/tests/PySys/plugin_docker/docker_plugin_remove/Output/linux/docker_images.out ... passed
2022-04-29 10:02:27,988 INFO  Executed sudo<docker_run>, exit status 0, duration 22 secs
2022-04-29 10:02:28,807 INFO  Executed sudo<docker_ps>, exit status 0
2022-04-29 10:02:28,812 INFO  Grep on file /home/pi/actions-runner/_work/thin-edge.io/thin-edge.io/tests/PySys/plugin_docker/docker_plugin_remove/Output/linux/docker_ps.out ... passed
2022-04-29 10:02:32,387 INFO  Executed sudo<plugin_remove>, exit status 0
2022-04-29 10:02:33,200 INFO  Executed sudo<docker_ps_latest>, exit status 0
2022-04-29 10:02:34,015 INFO  Executed sudo<docker_ps>, exit status 0
2022-04-29 10:02:34,019 INFO  Grep on file /home/pi/actions-runner/_work/thin-edge.io/thin-edge.io/tests/PySys/plugin_docker/docker_plugin_remove/Output/linux/docker_ps.out ... passed
2022-04-29 10:02:34,025 INFO  
2022-04-29 10:02:34,026 INFO  cleanup:
2022-04-29 10:02:34,027 INFO  Removing containers scheduled to be cleaned up: ['aba215499f2a', '632139b66bfd', 'cd29fe99c9412fd40d2699632f1c4422382d661e44b554f1099cefa900de6865\n']
2022-04-29 10:02:34,890 WARN  Executed sudo<containers_for_cleanup>, exit status 1
2022-04-29 10:02:34,892 INFO  Removing images scheduled to be cleaned up: ['registry', 'registry', 'registry:2.7.1', 'registry']
2022-04-29 10:02:38,596 INFO  Executed sudo<containers_for_cleanup>, exit status 0
2022-04-29 10:02:38,600 INFO  
2022-04-29 10:02:38,601 INFO  Test duration: 34.02 secs
2022-04-29 10:02:38,602 INFO  Test final outcome:  PASSED
2022-04-29 10:02:38,603 INFO  
