2022-04-15 09:55:18,619 INFO  ==============================================================
2022-04-15 09:55:18,620 INFO  Id:    SoftwareManagement.Plugin.apama_plugin_remove
2022-04-15 09:55:18,621 INFO  Dir:   plugin_apama/
2022-04-15 09:55:18,622 INFO  Title: Validate apama plugin remove
2022-04-15 09:55:18,623 INFO  ==============================================================
2022-04-15 09:55:18,628 INFO  Assertion that path exists=False for "/etc/tedge/apama/project" ... passed
2022-04-15 09:55:19,139 INFO  Executed sudo<create_project_dir>, exit status 0
2022-04-15 09:55:19,701 INFO  Executed sudo<unzip_apama_project>, exit status 0
2022-04-15 09:55:20,212 INFO  Executed sudo<move_apama_project>, exit status 0
2022-04-15 09:55:21,026 INFO  Executed sudo<restart_apama_service>, exit status 0
2022-04-15 09:55:21,028 INFO  Assertion that path exists=True for "/etc/tedge/apama/project" ... passed
2022-04-15 09:55:36,984 INFO  Executed sudo<plugin_remove>, exit status 0, duration 15 secs
2022-04-15 09:55:36,987 INFO  Assertion that path exists=False for "/etc/tedge/apama/project" ... passed
2022-04-15 09:55:36,997 INFO  
2022-04-15 09:55:36,998 INFO  cleanup:
2022-04-15 09:55:37,565 INFO  Executed sudo<remove_apama_tmp_dir>, exit status 0
2022-04-15 09:55:37,569 INFO  
2022-04-15 09:55:37,570 INFO  Test duration: 18.96 secs
2022-04-15 09:55:37,571 INFO  Test final outcome:  PASSED
2022-04-15 09:55:37,572 INFO  
