2022-04-15 09:19:25,148 INFO  ==============================================================
2022-04-15 09:19:25,149 INFO  Id:    apt_install_local_file_with_version_fail
2022-04-15 09:19:25,150 INFO  Dir:   plugin_apt/
2022-04-15 09:19:25,151 INFO  Title: Validate apt plugin install from local file AND with a version - FAIL case
2022-04-15 09:19:25,152 INFO  ==============================================================
2022-04-15 09:19:27,151 INFO  URL of rolldice is b"'http://mirror.mythic-beasts.com/raspbian/pool/main/r/rolldice/rolldice_1.16-1+b1_armhf.deb'"
2022-04-15 09:19:29,230 INFO  Downloaded rolldcice in version 1.16-1+b1
2022-04-15 09:19:29,231 INFO  Filename is rolldice_1.16-1+b1_armhf.deb
2022-04-15 09:19:43,699 INFO  Executed sudo, exit status 0, duration 14 secs
2022-04-15 09:19:49,123 INFO  Executed sudo<outp_check_0>, exit status 0
2022-04-15 09:19:49,125 INFO  Assert that (value==0) with value=0 ... passed
2022-04-15 09:19:49,131 INFO  Grep on file outp_check_0.out ... passed
2022-04-15 09:19:49,693 INFO  Executed sudo<outp_install>, exit status 5
2022-04-15 09:19:49,695 INFO  Assert that (value==5) with value=5 ... passed
2022-04-15 09:19:52,397 INFO  Executed sudo<outp_check_1>, exit status 0
2022-04-15 09:19:52,400 INFO  Assert that (value==0) with value=0 ... passed
2022-04-15 09:19:52,408 INFO  Grep on file outp_check_1.out ... passed
2022-04-15 09:19:52,414 INFO  
2022-04-15 09:19:52,416 INFO  cleanup:
2022-04-15 09:19:52,420 INFO  
2022-04-15 09:19:52,421 INFO  Test duration: 27.28 secs
2022-04-15 09:19:52,423 INFO  Test final outcome:  PASSED
2022-04-15 09:19:52,424 INFO  
