2022-05-11 12:52:34,906 INFO  ==============================================================
2022-05-11 12:52:34,907 INFO  Id:    SoftwareManagement.sm_fake_install_remove
2022-05-11 12:52:34,909 INFO  Dir:   software_management_end_to_end/
2022-05-11 12:52:34,910 INFO  Title: Validate end to end behaviour for the dummy plugin for installation and removal of packages
2022-05-11 12:52:34,910 INFO  ==============================================================
2022-05-11 12:52:34,926 INFO  Using sw id database: {'asciijump': '5475369', 'robotfindskitten': '5474869', 'squirrel3': '5475279', 'rolldice': '5152439', 'moon-buggy': '5439204', 'apple': '5495053', 'banana': '5494888', 'cherry': '5495382', 'watermelon': '5494510', 'registry': '8018911', 'hello-world': '8021526', 'docker/getting-started': '8021973', 'alpine': '7991792'}
2022-05-11 12:52:34,927 INFO  EnvironmentC8y Setup
2022-05-11 12:52:35,547 INFO  Executed systemctl<serv_mapper1>, exit status 3
2022-05-11 12:52:35,752 INFO  Restarting mosquitto too frequently in the last 10 seconds. It was only up for 5 seconds
2022-05-11 12:52:35,754 INFO  Delaying execution by 6 seconds
2022-05-11 12:52:55,811 INFO  Executed sudo<tedge_connect_c8y>, exit status 0, duration 14 secs
2022-05-11 12:52:56,434 INFO  Executed sudo<tedge_connect_c8y_test>, exit status 0
2022-05-11 12:52:56,899 INFO  Executed systemctl<serv_mosq2>, exit status 0
2022-05-11 12:52:57,364 INFO  Executed systemctl<serv_mapper3>, exit status 0
2022-05-11 12:52:59,596 INFO  State of current operation: SUCCESSFUL
2022-05-11 12:52:59,862 INFO  Assert that (False == value) with value=False ... passed
2022-05-11 12:53:00,102 INFO  Response status: 201
2022-05-11 12:53:00,104 INFO  Response to action: {
    "delivery": {
        "time": "2022-05-11T12:53:00.075Z",
        "log": [],
        "status": "PENDING"
    },
    "creationTime": "2022-05-11T12:53:00.059Z",
    "deviceName": "mythicb",
    "deviceId": "18811612",
    "self": "https://t493319102.eu-latest.cumulocity.com/devicecontrol/operations/18857236",
    "id": "18857236",
    "status": "PENDING",
    "description": "Apply software changes, triggered from PySys: [{'name': 'watermelon', 'id': '5494510', 'version': '::fruits', 'url': '', 'action': 'install'}]",
    "c8y_SoftwareUpdate": [
        {
            "name": "watermelon",
            "action": "install",
            "id": "5494510",
            "version": "::fruits",
            "url": ""
        }
    ]
}
2022-05-11 12:53:00,105 INFO  Started operation: {'delivery': {'time': '2022-05-11T12:53:00.075Z', 'log': [], 'status': 'PENDING'}, 'creationTime': '2022-05-11T12:53:00.059Z', 'deviceName': 'mythicb', 'deviceId': '18811612', 'self': 'https://t493319102.eu-latest.cumulocity.com/devicecontrol/operations/18857236', 'id': '18857236', 'status': 'PENDING', 'description': "Apply software changes, triggered from PySys: [{'name': 'watermelon', 'id': '5494510', 'version': '::fruits', 'url': '', 'action': 'install'}]", 'c8y_SoftwareUpdate': [{'name': 'watermelon', 'action': 'install', 'id': '5494510', 'version': '::fruits', 'url': ''}]}
2022-05-11 12:53:02,320 INFO  State of operation 18857236 : PENDING
2022-05-11 12:53:04,545 INFO  State of operation 18857236 : EXECUTING
2022-05-11 12:53:06,793 INFO  State of operation 18857236 : EXECUTING
2022-05-11 12:53:09,006 INFO  State of operation 18857236 : SUCCESSFUL
2022-05-11 12:53:09,238 INFO  Package vanilla is installed
2022-05-11 12:53:09,241 INFO  Assert that (True == value) with value=True ... passed
2022-05-11 12:53:09,460 INFO  Response status: 201
2022-05-11 12:53:09,462 INFO  Response to action: {
    "delivery": {
        "time": "2022-05-11T12:53:09.437Z",
        "log": [],
        "status": "PENDING"
    },
    "creationTime": "2022-05-11T12:53:09.421Z",
    "deviceName": "mythicb",
    "deviceId": "18811612",
    "self": "https://t493319102.eu-latest.cumulocity.com/devicecontrol/operations/18857244",
    "id": "18857244",
    "status": "PENDING",
    "description": "Apply software changes, triggered from PySys: [{'name': 'watermelon', 'id': '5494510', 'version': '::fruits', 'url': '', 'action': 'delete'}]",
    "c8y_SoftwareUpdate": [
        {
            "name": "watermelon",
            "action": "delete",
            "id": "5494510",
            "version": "::fruits",
            "url": ""
        }
    ]
}
2022-05-11 12:53:09,463 INFO  Started operation: {'delivery': {'time': '2022-05-11T12:53:09.437Z', 'log': [], 'status': 'PENDING'}, 'creationTime': '2022-05-11T12:53:09.421Z', 'deviceName': 'mythicb', 'deviceId': '18811612', 'self': 'https://t493319102.eu-latest.cumulocity.com/devicecontrol/operations/18857244', 'id': '18857244', 'status': 'PENDING', 'description': "Apply software changes, triggered from PySys: [{'name': 'watermelon', 'id': '5494510', 'version': '::fruits', 'url': '', 'action': 'delete'}]", 'c8y_SoftwareUpdate': [{'name': 'watermelon', 'action': 'delete', 'id': '5494510', 'version': '::fruits', 'url': ''}]}
2022-05-11 12:53:11,673 INFO  State of operation 18857244 : PENDING
2022-05-11 12:53:13,950 INFO  State of operation 18857244 : EXECUTING
2022-05-11 12:53:16,174 INFO  State of operation 18857244 : EXECUTING
2022-05-11 12:53:18,385 INFO  State of operation 18857244 : SUCCESSFUL
2022-05-11 12:53:18,624 INFO  Assert that (False == value) with value=False ... passed
2022-05-11 12:53:18,636 INFO  
2022-05-11 12:53:18,637 INFO  cleanup:
2022-05-11 12:53:22,852 INFO  Executed sudo<tedge_disconnect_c8y>, exit status 0
2022-05-11 12:53:23,415 INFO  Executed systemctl<serv_mapper5>, exit status 3
2022-05-11 12:53:23,419 INFO  
2022-05-11 12:53:23,420 INFO  Test duration: 48.52 secs
2022-05-11 12:53:23,421 INFO  Test final outcome:  PASSED
2022-05-11 12:53:23,422 INFO  
