2022-04-07 16:11:59,208 INFO  ==============================================================
2022-04-07 16:11:59,209 INFO  Id:    local_mqtt_pub_sub
2022-04-07 16:11:59,211 INFO  Dir:   local_mqtt/
2022-04-07 16:11:59,213 INFO  Title: Validate local publishing and subscribing
2022-04-07 16:11:59,216 DEBUG Execution order hint: 0.0
2022-04-07 16:11:59,226 INFO  ==============================================================
2022-04-07 16:11:59,254 DEBUG --- test execute
2022-04-07 16:11:59,257 DEBUG Process parameters for tedge_sub
  command line : /usr/bin/tedge mqtt sub atopic
    arg #1     : mqtt
    arg #2     : sub
    arg #3     : atopic
  working dir  : /home/pi/actions-runner/_work/thin-edge.io/thin-edge.io/tests/PySys/local_mqtt/local_mqtt_pub_sub/Output/linux
  stdout       : /home/pi/actions-runner/_work/thin-edge.io/thin-edge.io/tests/PySys/local_mqtt/local_mqtt_pub_sub/Output/linux/tedge_sub.out
  stderr       : /home/pi/actions-runner/_work/thin-edge.io/thin-edge.io/tests/PySys/local_mqtt/local_mqtt_pub_sub/Output/linux/tedge_sub.err
  environment  : HOME=/home/pi
2022-04-07 16:11:59,266 INFO  Started tedge_sub with process id 4867
2022-04-07 16:11:59,272 DEBUG Process parameters for tedge_sub_no_topic
  command line : /usr/bin/tedge mqtt sub --no-topic atopic
    arg #1     : mqtt
    arg #2     : sub
    arg #3     : --no-topic
    arg #4     : atopic
  working dir  : /home/pi/actions-runner/_work/thin-edge.io/thin-edge.io/tests/PySys/local_mqtt/local_mqtt_pub_sub/Output/linux
  stdout       : /home/pi/actions-runner/_work/thin-edge.io/thin-edge.io/tests/PySys/local_mqtt/local_mqtt_pub_sub/Output/linux/tedge_sub_no_topic.out
  stderr       : /home/pi/actions-runner/_work/thin-edge.io/thin-edge.io/tests/PySys/local_mqtt/local_mqtt_pub_sub/Output/linux/tedge_sub_no_topic.err
  environment  : HOME=/home/pi
2022-04-07 16:11:59,282 INFO  Started tedge_sub_no_topic with process id 4868
2022-04-07 16:11:59,388 DEBUG Process parameters for tedge_pub2
  command line : /usr/bin/tedge mqtt pub atopic amessage
    arg #1     : mqtt
    arg #2     : pub
    arg #3     : atopic
    arg #4     : amessage
  working dir  : /home/pi/actions-runner/_work/thin-edge.io/thin-edge.io/tests/PySys/local_mqtt/local_mqtt_pub_sub/Output/linux
  stdout       : /home/pi/actions-runner/_work/thin-edge.io/thin-edge.io/tests/PySys/local_mqtt/local_mqtt_pub_sub/Output/linux/tedge_pub2.out
  stderr       : /home/pi/actions-runner/_work/thin-edge.io/thin-edge.io/tests/PySys/local_mqtt/local_mqtt_pub_sub/Output/linux/tedge_pub2.err
  environment  : HOME=/home/pi
2022-04-07 16:11:59,396 DEBUG Waiting up to 600 secs for process tedge_pub2 (pid 4869)
2022-04-07 16:11:59,854 INFO  Executed tedge_pub2, exit status 0
2022-04-07 16:11:59,857 DEBUG Process parameters for tedge_pub3
  command line : /usr/bin/tedge mqtt pub atopic 'the message'
    arg #1     : mqtt
    arg #2     : pub
    arg #3     : atopic
    arg #4     : the message
  working dir  : /home/pi/actions-runner/_work/thin-edge.io/thin-edge.io/tests/PySys/local_mqtt/local_mqtt_pub_sub/Output/linux
  stdout       : /home/pi/actions-runner/_work/thin-edge.io/thin-edge.io/tests/PySys/local_mqtt/local_mqtt_pub_sub/Output/linux/tedge_pub3.out
  stderr       : /home/pi/actions-runner/_work/thin-edge.io/thin-edge.io/tests/PySys/local_mqtt/local_mqtt_pub_sub/Output/linux/tedge_pub3.err
  environment  : HOME=/home/pi
2022-04-07 16:11:59,865 DEBUG Waiting up to 600 secs for process tedge_pub3 (pid 4870)
2022-04-07 16:12:00,474 INFO  Executed tedge_pub3, exit status 0
2022-04-07 16:12:00,476 DEBUG Process parameters for sudo<kill_out>
  command line : /usr/bin/sudo kill -9 4867
    arg #1     : kill
    arg #2     : -9
    arg #3     : 4867
  working dir  : /home/pi/actions-runner/_work/thin-edge.io/thin-edge.io/tests/PySys/local_mqtt/local_mqtt_pub_sub/Output/linux
  stdout       : /home/pi/actions-runner/_work/thin-edge.io/thin-edge.io/tests/PySys/local_mqtt/local_mqtt_pub_sub/Output/linux/kill_out.out
  stderr       : /home/pi/actions-runner/_work/thin-edge.io/thin-edge.io/tests/PySys/local_mqtt/local_mqtt_pub_sub/Output/linux/kill_out.err
  environment  : LD_LIBRARY_PATH=/usr/lib
  environment  : PATH=/bin:/usr/bin:/usr/sbin:/usr/local/bin
                   #1  /bin
                   #2  /usr/bin
                   #3  /usr/sbin
                   #4  /usr/local/bin
2022-04-07 16:12:00,483 DEBUG Waiting up to 600 secs for process sudo<kill_out> (pid 4871)
2022-04-07 16:12:00,989 INFO  Executed sudo<kill_out>, exit status 0
2022-04-07 16:12:00,991 DEBUG Process parameters for sudo<kill_out>
  command line : /usr/bin/sudo kill -9 4868
    arg #1     : kill
    arg #2     : -9
    arg #3     : 4868
  working dir  : /home/pi/actions-runner/_work/thin-edge.io/thin-edge.io/tests/PySys/local_mqtt/local_mqtt_pub_sub/Output/linux
  stdout       : /home/pi/actions-runner/_work/thin-edge.io/thin-edge.io/tests/PySys/local_mqtt/local_mqtt_pub_sub/Output/linux/kill_out.out
  stderr       : /home/pi/actions-runner/_work/thin-edge.io/thin-edge.io/tests/PySys/local_mqtt/local_mqtt_pub_sub/Output/linux/kill_out.err
  environment  : LD_LIBRARY_PATH=/usr/lib
  environment  : PATH=/bin:/usr/bin:/usr/sbin:/usr/local/bin
                   #1  /bin
                   #2  /usr/bin
                   #3  /usr/sbin
                   #4  /usr/local/bin
2022-04-07 16:12:00,998 DEBUG Waiting up to 600 secs for process sudo<kill_out> (pid 4873)
2022-04-07 16:12:01,505 INFO  Executed sudo<kill_out>, exit status 0
2022-04-07 16:12:01,506 DEBUG --- test validate
2022-04-07 16:12:01,507 DEBUG Performing regex contains=True grep on file: /home/pi/actions-runner/_work/thin-edge.io/thin-edge.io/tests/PySys/local_mqtt/local_mqtt_pub_sub/Output/linux/tedge_sub.out
2022-04-07 16:12:01,512 DEBUG Grep on file tedge_sub.out successfully matched expression "\[atopic\] amessage" with line: '[atopic] amessage\n'
2022-04-07 16:12:01,513 INFO  Grep on file tedge_sub.out ... passed
2022-04-07 16:12:01,514 DEBUG Performing regex contains=True grep on file: /home/pi/actions-runner/_work/thin-edge.io/thin-edge.io/tests/PySys/local_mqtt/local_mqtt_pub_sub/Output/linux/tedge_sub.out
2022-04-07 16:12:01,518 DEBUG Grep on file tedge_sub.out successfully matched expression "\[atopic\] the message" with line: '[atopic] the message\n'
2022-04-07 16:12:01,519 INFO  Grep on file tedge_sub.out ... passed
2022-04-07 16:12:01,520 DEBUG Performing regex contains=False grep on file: /home/pi/actions-runner/_work/thin-edge.io/thin-edge.io/tests/PySys/local_mqtt/local_mqtt_pub_sub/Output/linux/tedge_sub_no_topic.out
2022-04-07 16:12:01,524 INFO  Grep on file tedge_sub_no_topic.out ... passed
2022-04-07 16:12:01,530 DEBUG --- test cleanup
2022-04-07 16:12:01,532 DEBUG ProcessUser cleanup function done.
2022-04-07 16:12:01,535 INFO  
2022-04-07 16:12:01,535 INFO  Test duration: 2.34 secs
2022-04-07 16:12:01,536 INFO  Test final outcome:  PASSED
2022-04-07 16:12:01,537 INFO  
