2022-05-30 09:23:50,566 INFO  ==============================================================
2022-05-30 09:23:50,567 INFO  Id:    tedge_mapper_c8y_packet_threshold_size
2022-05-30 09:23:50,568 INFO  Dir:   tedge_mapper_c8y/
2022-05-30 09:23:50,569 INFO  Title: Validate the Cumulocity Mapper accepted threshold packet size when it receives a message on tedge/measurements
2022-05-30 09:23:50,570 INFO  ==============================================================
2022-05-30 09:23:50,583 INFO  EnvironmentC8y Setup
2022-05-30 09:23:51,146 INFO  Executed systemctl<serv_mapper1>, exit status 3
2022-05-30 09:23:51,250 INFO  Restarting mosquitto too frequently in the last 10 seconds. It was only up for 5 seconds
2022-05-30 09:23:51,251 INFO  Delaying execution by 6 seconds
2022-05-30 09:24:11,478 INFO  Executed sudo<tedge_connect_c8y>, exit status 0, duration 14 secs
2022-05-30 09:24:12,146 INFO  Executed sudo<tedge_connect_c8y_test>, exit status 0
2022-05-30 09:24:12,617 INFO  Executed systemctl<serv_mosq2>, exit status 0
2022-05-30 09:24:13,081 INFO  Executed systemctl<serv_mapper3>, exit status 0
2022-05-30 09:24:13,646 INFO  Executed sudo<tedge_mapper_c8y>, exit status 0
2022-05-30 09:24:13,656 INFO  Started sudo<tedge_sub> with process id 3812
2022-05-30 09:24:14,578 INFO  Executed sudo<tedge_msg>, exit status 0
2022-05-30 09:24:15,246 INFO  Executed sudo<tedge_pub>, exit status 0
2022-05-30 09:24:15,758 INFO  Executed sudo<kill_out>, exit status 0
2022-05-30 09:24:15,768 INFO  Grep on file tedge_sub.out ... passed
2022-05-30 09:24:15,776 INFO  
2022-05-30 09:24:15,777 INFO  cleanup:
2022-05-30 09:24:15,778 INFO  mapper_cleanup
2022-05-30 09:24:16,340 INFO  Executed sudo<tedge_mapper_c8y>, exit status 0
2022-05-30 09:24:20,292 INFO  Executed sudo<tedge_disconnect_c8y>, exit status 0
2022-05-30 09:24:20,855 INFO  Executed systemctl<serv_mapper5>, exit status 3
2022-05-30 09:24:20,860 INFO  
2022-05-30 09:24:20,861 INFO  Test duration: 30.30 secs
2022-05-30 09:24:20,862 INFO  Test final outcome:  PASSED
2022-05-30 09:24:20,863 INFO  
