2022-05-30 09:39:34,931 INFO  ==============================================================
2022-05-30 09:39:34,932 INFO  Id:    apt_sequence_remove
2022-05-30 09:39:34,933 INFO  Dir:   plugin_apt/
2022-05-30 09:39:34,934 INFO  Title: Validate apt plugin prepare install remove finalize use case
2022-05-30 09:39:34,935 INFO  ==============================================================
2022-05-30 09:40:20,017 INFO  Executed sudo, exit status 0, duration 45 secs
2022-05-30 09:40:25,681 INFO  Executed sudo<outp_check_0>, exit status 0
2022-05-30 09:40:25,684 INFO  Assert that (value==0) with value=0 ... passed
2022-05-30 09:40:25,689 INFO  Grep on file outp_check_0.out ... passed
2022-05-30 09:40:46,430 INFO  Executed sudo<outp_prepare>, exit status 0, duration 20 secs
2022-05-30 09:40:46,433 INFO  Assert that (value==0) with value=0 ... passed
2022-05-30 09:41:08,893 INFO  Executed sudo<outp_remove>, exit status 0, duration 22 secs
2022-05-30 09:41:08,897 INFO  Assert that (value==0) with value=0 ... passed
2022-05-30 09:41:16,920 INFO  Executed sudo<outp_finalize>, exit status 0
2022-05-30 09:41:16,922 INFO  Assert that (value==0) with value=0 ... passed
2022-05-30 09:41:20,299 INFO  Executed sudo<outp_check_1>, exit status 0
2022-05-30 09:41:20,301 INFO  Assert that (value==0) with value=0 ... passed
2022-05-30 09:41:20,312 INFO  Grep on file outp_check_1.out ... passed
2022-05-30 09:41:20,318 INFO  
2022-05-30 09:41:20,319 INFO  cleanup:
2022-05-30 09:41:25,353 INFO  Executed sudo, exit status 0
2022-05-30 09:41:25,357 INFO  
2022-05-30 09:41:25,358 INFO  Test duration: 110.43 secs
2022-05-30 09:41:25,359 INFO  Test final outcome:  PASSED
2022-05-30 09:41:25,360 INFO  
