2022-04-11 10:07:42,578 INFO  ==============================================================
2022-04-11 10:07:42,579 INFO  Id:    apt_prepare_install_finalize
2022-04-11 10:07:42,580 INFO  Dir:   plugin_apt/
2022-04-11 10:07:42,581 INFO  Title: Validate apt plugin install use case
2022-04-11 10:07:42,582 DEBUG Execution order hint: 0.0
2022-04-11 10:07:42,583 INFO  ==============================================================
2022-04-11 10:07:42,589 DEBUG Process parameters for sudo
  command line : /usr/bin/sudo /usr/bin/apt-get remove -y rolldice
    arg #1     : /usr/bin/apt-get
    arg #2     : remove
    arg #3     : -y
    arg #4     : rolldice
  working dir  : /home/pi/actions-runner/_work/thin-edge.io/thin-edge.io/tests/PySys/plugin_apt/apt_prepare_install_finalize/Output/linux
  stdout       : None
  stderr       : None
  environment  : LD_LIBRARY_PATH=/usr/lib
  environment  : PATH=/bin:/usr/bin:/usr/sbin:/usr/local/bin
                   #1  /bin
                   #2  /usr/bin
                   #3  /usr/sbin
                   #4  /usr/local/bin
2022-04-11 10:07:42,596 DEBUG Waiting up to 600 secs for process sudo (pid 20124)
2022-04-11 10:07:49,981 INFO  Executed sudo, exit status 0
2022-04-11 10:07:49,985 DEBUG Process parameters for sudo<outp_check_0>
  command line : /usr/bin/sudo /etc/tedge/sm-plugins/apt list
    arg #1     : /etc/tedge/sm-plugins/apt
    arg #2     : list
  working dir  : /home/pi/actions-runner/_work/thin-edge.io/thin-edge.io/tests/PySys/plugin_apt/apt_prepare_install_finalize/Output/linux
  stdout       : /home/pi/actions-runner/_work/thin-edge.io/thin-edge.io/tests/PySys/plugin_apt/apt_prepare_install_finalize/Output/linux/outp_check_0.out
  stderr       : /home/pi/actions-runner/_work/thin-edge.io/thin-edge.io/tests/PySys/plugin_apt/apt_prepare_install_finalize/Output/linux/outp_check_0.err
  environment  : LD_LIBRARY_PATH=/usr/lib
  environment  : PATH=/bin:/usr/bin:/usr/sbin:/usr/local/bin
                   #1  /bin
                   #2  /usr/bin
                   #3  /usr/sbin
                   #4  /usr/local/bin
2022-04-11 10:07:49,992 DEBUG Waiting up to 600 secs for process sudo<outp_check_0> (pid 20128)
2022-04-11 10:07:52,583 INFO  Executed sudo<outp_check_0>, exit status 0
2022-04-11 10:07:52,585 INFO  Assert that (value==0) with value=0 ... passed
2022-04-11 10:07:52,586 DEBUG Performing regex contains=False grep on file: /home/pi/actions-runner/_work/thin-edge.io/thin-edge.io/tests/PySys/plugin_apt/apt_prepare_install_finalize/Output/linux/outp_check_0.out
2022-04-11 10:07:52,592 INFO  Grep on file outp_check_0.out ... passed
2022-04-11 10:07:52,593 DEBUG --- test execute
2022-04-11 10:07:52,595 DEBUG Process parameters for sudo<outp_prepare>
  command line : /usr/bin/sudo /etc/tedge/sm-plugins/apt prepare
    arg #1     : /etc/tedge/sm-plugins/apt
    arg #2     : prepare
  working dir  : /home/pi/actions-runner/_work/thin-edge.io/thin-edge.io/tests/PySys/plugin_apt/apt_prepare_install_finalize/Output/linux
  stdout       : /home/pi/actions-runner/_work/thin-edge.io/thin-edge.io/tests/PySys/plugin_apt/apt_prepare_install_finalize/Output/linux/outp_prepare.out
  stderr       : /home/pi/actions-runner/_work/thin-edge.io/thin-edge.io/tests/PySys/plugin_apt/apt_prepare_install_finalize/Output/linux/outp_prepare.err
  environment  : LD_LIBRARY_PATH=/usr/lib
  environment  : PATH=/bin:/usr/bin:/usr/sbin:/usr/local/bin
                   #1  /bin
                   #2  /usr/bin
                   #3  /usr/sbin
                   #4  /usr/local/bin
2022-04-11 10:07:52,603 DEBUG Waiting up to 600 secs for process sudo<outp_prepare> (pid 20134)
2022-04-11 10:08:10,605 INFO  Executed sudo<outp_prepare>, exit status 0, duration 18 secs
2022-04-11 10:08:10,608 INFO  Assert that (value==0) with value=0 ... passed
2022-04-11 10:08:10,615 DEBUG Process parameters for sudo<outp_install>
  command line : /usr/bin/sudo /etc/tedge/sm-plugins/apt install rolldice
    arg #1     : /etc/tedge/sm-plugins/apt
    arg #2     : install
    arg #3     : rolldice
  working dir  : /home/pi/actions-runner/_work/thin-edge.io/thin-edge.io/tests/PySys/plugin_apt/apt_prepare_install_finalize/Output/linux
  stdout       : /home/pi/actions-runner/_work/thin-edge.io/thin-edge.io/tests/PySys/plugin_apt/apt_prepare_install_finalize/Output/linux/outp_install.out
  stderr       : /home/pi/actions-runner/_work/thin-edge.io/thin-edge.io/tests/PySys/plugin_apt/apt_prepare_install_finalize/Output/linux/outp_install.err
  environment  : LD_LIBRARY_PATH=/usr/lib
  environment  : PATH=/bin:/usr/bin:/usr/sbin:/usr/local/bin
                   #1  /bin
                   #2  /usr/bin
                   #3  /usr/sbin
                   #4  /usr/local/bin
2022-04-11 10:08:10,622 DEBUG Waiting up to 600 secs for process sudo<outp_install> (pid 20247)
2022-04-11 10:08:54,550 INFO  Executed sudo<outp_install>, exit status 0, duration 43 secs
2022-04-11 10:08:54,553 INFO  Assert that (value==0) with value=0 ... passed
2022-04-11 10:08:54,556 DEBUG Process parameters for sudo<outp_finalize>
  command line : /usr/bin/sudo /etc/tedge/sm-plugins/apt finalize
    arg #1     : /etc/tedge/sm-plugins/apt
    arg #2     : finalize
  working dir  : /home/pi/actions-runner/_work/thin-edge.io/thin-edge.io/tests/PySys/plugin_apt/apt_prepare_install_finalize/Output/linux
  stdout       : /home/pi/actions-runner/_work/thin-edge.io/thin-edge.io/tests/PySys/plugin_apt/apt_prepare_install_finalize/Output/linux/outp_finalize.out
  stderr       : /home/pi/actions-runner/_work/thin-edge.io/thin-edge.io/tests/PySys/plugin_apt/apt_prepare_install_finalize/Output/linux/outp_finalize.err
  environment  : LD_LIBRARY_PATH=/usr/lib
  environment  : PATH=/bin:/usr/bin:/usr/sbin:/usr/local/bin
                   #1  /bin
                   #2  /usr/bin
                   #3  /usr/sbin
                   #4  /usr/local/bin
2022-04-11 10:08:54,564 DEBUG Waiting up to 600 secs for process sudo<outp_finalize> (pid 20381)
2022-04-11 10:09:01,970 INFO  Executed sudo<outp_finalize>, exit status 0
2022-04-11 10:09:01,972 INFO  Assert that (value==0) with value=0 ... passed
2022-04-11 10:09:01,973 DEBUG --- test validate
2022-04-11 10:09:01,975 DEBUG Process parameters for sudo<outp_check_1>
  command line : /usr/bin/sudo /etc/tedge/sm-plugins/apt list
    arg #1     : /etc/tedge/sm-plugins/apt
    arg #2     : list
  working dir  : /home/pi/actions-runner/_work/thin-edge.io/thin-edge.io/tests/PySys/plugin_apt/apt_prepare_install_finalize/Output/linux
  stdout       : /home/pi/actions-runner/_work/thin-edge.io/thin-edge.io/tests/PySys/plugin_apt/apt_prepare_install_finalize/Output/linux/outp_check_1.out
  stderr       : /home/pi/actions-runner/_work/thin-edge.io/thin-edge.io/tests/PySys/plugin_apt/apt_prepare_install_finalize/Output/linux/outp_check_1.err
  environment  : LD_LIBRARY_PATH=/usr/lib
  environment  : PATH=/bin:/usr/bin:/usr/sbin:/usr/local/bin
                   #1  /bin
                   #2  /usr/bin
                   #3  /usr/sbin
                   #4  /usr/local/bin
2022-04-11 10:09:01,982 DEBUG Waiting up to 600 secs for process sudo<outp_check_1> (pid 20386)
2022-04-11 10:09:04,600 INFO  Executed sudo<outp_check_1>, exit status 0
2022-04-11 10:09:04,602 INFO  Assert that (value==0) with value=0 ... passed
2022-04-11 10:09:04,603 DEBUG Performing regex contains=True grep on file: /home/pi/actions-runner/_work/thin-edge.io/thin-edge.io/tests/PySys/plugin_apt/apt_prepare_install_finalize/Output/linux/outp_check_1.out
2022-04-11 10:09:04,608 DEBUG Grep on file outp_check_1.out successfully matched expression "rolldice" with line: 'rolldice\t1.16-1+b1\n'
2022-04-11 10:09:04,609 INFO  Grep on file outp_check_1.out ... passed
2022-04-11 10:09:04,615 DEBUG --- test cleanup
2022-04-11 10:09:04,616 INFO  
2022-04-11 10:09:04,617 INFO  cleanup:
2022-04-11 10:09:04,617 DEBUG Running registered cleanup function: <bound method AptPluginPrepareInstallFinalize.cleanup_prepare of <AptPluginPrepareInstallFinalize object at 0x75e70e10>>
2022-04-11 10:09:04,619 DEBUG Process parameters for sudo
  command line : /usr/bin/sudo /usr/bin/apt-get remove -y rolldice
    arg #1     : /usr/bin/apt-get
    arg #2     : remove
    arg #3     : -y
    arg #4     : rolldice
  working dir  : /home/pi/actions-runner/_work/thin-edge.io/thin-edge.io/tests/PySys/plugin_apt/apt_prepare_install_finalize/Output/linux
  stdout       : None
  stderr       : None
  environment  : LD_LIBRARY_PATH=/usr/lib
  environment  : PATH=/bin:/usr/bin:/usr/sbin:/usr/local/bin
                   #1  /bin
                   #2  /usr/bin
                   #3  /usr/sbin
                   #4  /usr/local/bin
2022-04-11 10:09:04,626 DEBUG Waiting up to 600 secs for process sudo (pid 20392)
2022-04-11 10:09:18,562 INFO  Executed sudo, exit status 0, duration 13 secs
2022-04-11 10:09:18,563 DEBUG ProcessUser cleanup function done.
2022-04-11 10:09:18,567 INFO  
2022-04-11 10:09:18,567 INFO  Test duration: 95.99 secs
2022-04-11 10:09:18,568 INFO  Test final outcome:  PASSED
2022-04-11 10:09:18,569 INFO  
