2022-05-02 15:25:00,783 INFO  ==============================================================
2022-05-02 15:25:00,784 INFO  Id:    apt_fail_noarg
2022-05-02 15:25:00,787 INFO  Dir:   plugin_apt/
2022-05-02 15:25:00,788 INFO  Title: Validate apt plugin fetures(prepare, list, install, remove finalize) without arguments
2022-05-02 15:25:00,789 INFO  ==============================================================
2022-05-02 15:25:02,289 INFO  Executed sudo<outp_install>, exit status 1
2022-05-02 15:25:02,294 INFO  Assert that (value==1) with value=1 ... passed
2022-05-02 15:25:03,058 INFO  Executed sudo<outp_install>, exit status 1
2022-05-02 15:25:03,061 INFO  Assert that (value==1) with value=1 ... passed
2022-05-02 15:25:03,623 INFO  Executed sudo<outp_install>, exit status 1
2022-05-02 15:25:03,626 INFO  Assert that (value==1) with value=1 ... passed
2022-05-02 15:25:04,138 INFO  Executed sudo<outp_install>, exit status 1
2022-05-02 15:25:04,141 INFO  Assert that (value==1) with value=1 ... passed
2022-05-02 15:25:04,751 INFO  Executed sudo<outp_install>, exit status 1
2022-05-02 15:25:04,753 INFO  Assert that (value==1) with value=1 ... passed
2022-05-02 15:25:05,264 INFO  Executed sudo<outp_install>, exit status 1
2022-05-02 15:25:05,266 INFO  Assert that (value==1) with value=1 ... passed
2022-05-02 15:25:05,776 INFO  Executed sudo<outp_install>, exit status 1
2022-05-02 15:25:05,778 INFO  Assert that (value==1) with value=1 ... passed
2022-05-02 15:25:06,289 INFO  Executed sudo<outp_install>, exit status 1
2022-05-02 15:25:06,291 INFO  Assert that (value==1) with value=1 ... passed
2022-05-02 15:25:06,803 INFO  Executed sudo<outp_install>, exit status 1
2022-05-02 15:25:06,805 INFO  Assert that (value==1) with value=1 ... passed
2022-05-02 15:25:07,366 INFO  Executed sudo<outp_install>, exit status 1
2022-05-02 15:25:07,368 INFO  Assert that (value==1) with value=1 ... passed
2022-05-02 15:25:07,377 INFO  
2022-05-02 15:25:07,377 INFO  Test duration: 6.60 secs
2022-05-02 15:25:07,378 INFO  Test final outcome:  PASSED
2022-05-02 15:25:07,379 INFO  
