2022-04-12 16:02:15,742 INFO  ==============================================================
2022-04-12 16:02:15,744 INFO  Id:    log_request_num_lines
2022-04-12 16:02:15,746 INFO  Dir:   log_request_end_to_end/
2022-04-12 16:02:15,747 INFO  Title: Validate end to end behaviour for the log request operation check for number of lines
2022-04-12 16:02:15,748 INFO  ==============================================================
2022-04-12 16:02:15,758 INFO  EnvironmentC8y Setup
2022-04-12 16:02:16,322 INFO  Executed systemctl<serv_mapper1>, exit status 3
2022-04-12 16:02:16,453 INFO  Restarting mosquitto too frequently in the last 10 seconds. It was only up for 5 seconds
2022-04-12 16:02:16,455 INFO  Delaying execution by 6 seconds
2022-04-12 16:02:36,900 INFO  Executed sudo<tedge_connect_c8y>, exit status 0, duration 14 secs
2022-04-12 16:02:37,532 INFO  Executed sudo<tedge_connect_c8y_test>, exit status 0
2022-04-12 16:02:38,001 INFO  Executed systemctl<serv_mosq2>, exit status 0
2022-04-12 16:02:38,469 INFO  Executed systemctl<serv_mapper3>, exit status 0
2022-04-12 16:02:38,982 INFO  Executed sudo<rm_logs>, exit status 0
2022-04-12 16:02:39,569 INFO  Executed sudo<move_logs>, exit status 0
2022-04-12 16:02:40,028 INFO  log response None
2022-04-12 16:02:40,029 WARN  retry, retrying in 1 seconds...
2022-04-12 16:02:41,254 INFO  log response https://thin-edge-io.eu-latest.cumulocity.com/event/events/17243100/binaries
2022-04-12 16:02:41,469 INFO  nlines 303
2022-04-12 16:02:41,471 INFO  Assert that (True == value) with value=True ... passed
2022-04-12 16:02:41,478 INFO  
2022-04-12 16:02:41,479 INFO  cleanup:
2022-04-12 16:02:41,990 INFO  Executed sudo<rm_logs>, exit status 0
2022-04-12 16:02:42,502 INFO  Executed sudo<rm_tmp_logs>, exit status 0
2022-04-12 16:02:46,753 INFO  Executed sudo<tedge_disconnect_c8y>, exit status 0
2022-04-12 16:02:47,318 INFO  Executed systemctl<serv_mapper5>, exit status 3
2022-04-12 16:02:47,322 INFO  
2022-04-12 16:02:47,323 INFO  Test duration: 31.59 secs
2022-04-12 16:02:47,324 INFO  Test final outcome:  PASSED
2022-04-12 16:02:47,325 INFO  
