2022-05-03 14:13:14,855 INFO  ==============================================================
2022-05-03 14:13:14,855 INFO  Id:    SoftwareManagement.sm_apt_install_remove
2022-05-03 14:13:14,855 INFO  Dir:   software_management_end_to_end/
2022-05-03 14:13:14,855 INFO  Title: Validate end to end behaviour for the apt plugin for installation and removal of packages
2022-05-03 14:13:14,855 INFO  ==============================================================
2022-05-03 14:13:14,856 INFO  Using sw id database: {'asciijump': '5475369', 'robotfindskitten': '5474869', 'squirrel3': '5475279', 'rolldice': '5152439', 'moon-buggy': '5439204', 'apple': '5495053', 'banana': '5494888', 'cherry': '5495382', 'watermelon': '5494510', 'registry': '8018911', 'hello-world': '8021526', 'docker/getting-started': '8021973', 'alpine': '7991792'}
2022-05-03 14:13:14,856 INFO  EnvironmentC8y Setup
2022-05-03 14:13:14,907 INFO  Executed systemctl<serv_mapper1>, exit status 3
2022-05-03 14:13:14,919 INFO  Restarting mosquitto too frequently in the last 10 seconds. It was only up for 1 seconds
2022-05-03 14:13:14,919 INFO  Delaying execution by 10 seconds
2022-05-03 14:13:42,347 INFO  Executed sudo<tedge_connect_c8y>, exit status 0, duration 17 secs
2022-05-03 14:13:42,499 INFO  Executed sudo<tedge_connect_c8y_test>, exit status 0
2022-05-03 14:13:42,601 INFO  Executed systemctl<serv_mosq2>, exit status 0
2022-05-03 14:13:42,653 INFO  Executed systemctl<serv_mapper3>, exit status 0
2022-05-03 14:13:44,788 INFO  State of current operation: FAILED
2022-05-03 14:13:45,051 INFO  Assert that (False == value) with value=False ... passed
2022-05-03 14:13:45,179 INFO  Response status: 201
2022-05-03 14:13:45,179 INFO  Response to action: {
    "creationTime": "2022-05-03T14:13:45.136Z",
    "deviceName": "ubuntu-2gb-hel1-2-thin-edge-b",
    "deviceId": "18278713",
    "self": "https://t493319102.eu-latest.cumulocity.com/devicecontrol/operations/18310202",
    "id": "18310202",
    "status": "PENDING",
    "description": "Apply software changes, triggered from PySys: [{'name': 'rolldice', 'id': '5152439', 'version': '::apt', 'url': '', 'action': 'install'}]",
    "c8y_SoftwareUpdate": [
        {
            "name": "rolldice",
            "action": "install",
            "id": "5152439",
            "version": "::apt",
            "url": ""
        }
    ]
}
2022-05-03 14:13:45,180 INFO  Started operation: {'creationTime': '2022-05-03T14:13:45.136Z', 'deviceName': 'ubuntu-2gb-hel1-2-thin-edge-b', 'deviceId': '18278713', 'self': 'https://t493319102.eu-latest.cumulocity.com/devicecontrol/operations/18310202', 'id': '18310202', 'status': 'PENDING', 'description': "Apply software changes, triggered from PySys: [{'name': 'rolldice', 'id': '5152439', 'version': '::apt', 'url': '', 'action': 'install'}]", 'c8y_SoftwareUpdate': [{'name': 'rolldice', 'action': 'install', 'id': '5152439', 'version': '::apt', 'url': ''}]}
2022-05-03 14:13:47,285 INFO  State of operation 18310202 : EXECUTING
2022-05-03 14:13:49,402 INFO  State of operation 18310202 : EXECUTING
2022-05-03 14:13:51,512 INFO  State of operation 18310202 : EXECUTING
2022-05-03 14:13:53,654 INFO  State of operation 18310202 : SUCCESSFUL
2022-05-03 14:13:53,788 INFO  Package rolldice is installed
2022-05-03 14:13:53,789 INFO  Assert that (True == value) with value=True ... passed
2022-05-03 14:13:53,918 INFO  Response status: 201
2022-05-03 14:13:53,918 INFO  Response to action: {
    "creationTime": "2022-05-03T14:13:53.878Z",
    "deviceName": "ubuntu-2gb-hel1-2-thin-edge-b",
    "deviceId": "18278713",
    "self": "https://t493319102.eu-latest.cumulocity.com/devicecontrol/operations/18310224",
    "id": "18310224",
    "status": "PENDING",
    "description": "Apply software changes, triggered from PySys: [{'name': 'rolldice', 'id': '5152439', 'version': '::apt', 'url': '', 'action': 'delete'}]",
    "c8y_SoftwareUpdate": [
        {
            "name": "rolldice",
            "action": "delete",
            "id": "5152439",
            "version": "::apt",
            "url": ""
        }
    ]
}
2022-05-03 14:13:53,918 INFO  Started operation: {'creationTime': '2022-05-03T14:13:53.878Z', 'deviceName': 'ubuntu-2gb-hel1-2-thin-edge-b', 'deviceId': '18278713', 'self': 'https://t493319102.eu-latest.cumulocity.com/devicecontrol/operations/18310224', 'id': '18310224', 'status': 'PENDING', 'description': "Apply software changes, triggered from PySys: [{'name': 'rolldice', 'id': '5152439', 'version': '::apt', 'url': '', 'action': 'delete'}]", 'c8y_SoftwareUpdate': [{'name': 'rolldice', 'action': 'delete', 'id': '5152439', 'version': '::apt', 'url': ''}]}
2022-05-03 14:13:56,055 INFO  State of operation 18310224 : EXECUTING
2022-05-03 14:13:58,179 INFO  State of operation 18310224 : EXECUTING
2022-05-03 14:14:00,290 INFO  State of operation 18310224 : SUCCESSFUL
2022-05-03 14:14:00,423 INFO  Assert that (False == value) with value=False ... passed
2022-05-03 14:14:00,423 INFO  
2022-05-03 14:14:00,424 INFO  cleanup:
2022-05-03 14:14:11,326 INFO  Executed sudo<tedge_disconnect_c8y>, exit status 0
2022-05-03 14:14:11,378 INFO  Executed systemctl<serv_mapper5>, exit status 3
2022-05-03 14:14:11,378 INFO  
2022-05-03 14:14:11,378 INFO  Test duration: 56.52 secs
2022-05-03 14:14:11,378 INFO  Test final outcome:  PASSED
2022-05-03 14:14:11,378 INFO  
