2022-05-16 07:35:19,626 INFO  ==============================================================
2022-05-16 07:35:19,626 INFO  Id:    docker_plugin_remove_with_version
2022-05-16 07:35:19,626 INFO  Dir:   plugin_docker/
2022-05-16 07:35:19,627 INFO  Title: Validate docker plugin remove with version
2022-05-16 07:35:19,627 INFO  ==============================================================
2022-05-16 07:35:19,729 INFO  Executed sudo<docker_images>, exit status 0
2022-05-16 07:35:19,730 INFO  Grep on file /home/pi/actions-runner/_work/thin-edge.io/thin-edge.io/tests/PySys/plugin_docker/docker_plugin_remove_with_version/Output/linux/docker_images.out ... passed
2022-05-16 07:35:23,995 INFO  Executed sudo<docker_run>, exit status 0
2022-05-16 07:35:24,097 INFO  Executed sudo<docker_ps>, exit status 0
2022-05-16 07:35:24,098 INFO  Grep on file /home/pi/actions-runner/_work/thin-edge.io/thin-edge.io/tests/PySys/plugin_docker/docker_plugin_remove_with_version/Output/linux/docker_ps.out ... passed
2022-05-16 07:35:24,451 INFO  Executed sudo<plugin_remove>, exit status 0
2022-05-16 07:35:24,604 INFO  Executed sudo<docker_ps_latest>, exit status 0
2022-05-16 07:35:24,706 INFO  Executed sudo<docker_ps>, exit status 0
2022-05-16 07:35:24,707 INFO  Grep on file /home/pi/actions-runner/_work/thin-edge.io/thin-edge.io/tests/PySys/plugin_docker/docker_plugin_remove_with_version/Output/linux/docker_ps.out ... passed
2022-05-16 07:35:24,707 INFO  
2022-05-16 07:35:24,707 INFO  cleanup:
2022-05-16 07:35:24,707 INFO  Removing containers scheduled to be cleaned up: ['63dc8561b46a', '2c51efa17d88', 'b92b47ac4f45da820573e45a6f7bfafe0d68f10ddf28beeefcea2b3242c14489\n', '7c733a8cb4a13fd3ed76d84685690ce8256dce3d1ff996617112339abf117418\n']
2022-05-16 07:35:24,809 INFO  Executed sudo<containers_for_cleanup>, exit status 0
2022-05-16 07:35:24,809 INFO  Removing images scheduled to be cleaned up: ['registry', 'registry', 'registry:2.7.1', 'registry', 'registry:2.7.1']
2022-05-16 07:35:24,961 INFO  Executed sudo<containers_for_cleanup>, exit status 0
2022-05-16 07:35:24,962 INFO  
2022-05-16 07:35:24,962 INFO  Test duration: 5.33 secs
2022-05-16 07:35:24,962 INFO  Test final outcome:  PASSED
2022-05-16 07:35:24,962 INFO  
