2022-04-11 09:38:43,584 INFO  ==============================================================
2022-04-11 09:38:43,585 INFO  Id:    local_mqtt_pub_sub_with_sudo
2022-04-11 09:38:43,587 INFO  Dir:   local_mqtt/
2022-04-11 09:38:43,588 INFO  Title: Validate local publishing and subscribing
2022-04-11 09:38:43,589 DEBUG Execution order hint: 0.0
2022-04-11 09:38:43,590 INFO  ==============================================================
2022-04-11 09:38:43,613 DEBUG --- test execute
2022-04-11 09:38:43,615 DEBUG Process parameters for sudo<tedge_sub>
  command line : /usr/bin/sudo /usr/bin/tedge mqtt sub atopic
    arg #1     : /usr/bin/tedge
    arg #2     : mqtt
    arg #3     : sub
    arg #4     : atopic
  working dir  : /home/pi/actions-runner/_work/thin-edge.io/thin-edge.io/tests/PySys/local_mqtt/local_mqtt_pub_sub_with_sudo/Output/linux
  stdout       : /home/pi/actions-runner/_work/thin-edge.io/thin-edge.io/tests/PySys/local_mqtt/local_mqtt_pub_sub_with_sudo/Output/linux/tedge_sub.out
  stderr       : /home/pi/actions-runner/_work/thin-edge.io/thin-edge.io/tests/PySys/local_mqtt/local_mqtt_pub_sub_with_sudo/Output/linux/tedge_sub.err
  environment  : LD_LIBRARY_PATH=/usr/lib
  environment  : PATH=/bin:/usr/bin:/usr/sbin:/usr/local/bin
                   #1  /bin
                   #2  /usr/bin
                   #3  /usr/sbin
                   #4  /usr/local/bin
2022-04-11 09:38:43,622 INFO  Started sudo<tedge_sub> with process id 17947
2022-04-11 09:38:43,727 DEBUG Process parameters for sudo<tedge_pub2>
  command line : /usr/bin/sudo /usr/bin/tedge mqtt pub atopic amessage
    arg #1     : /usr/bin/tedge
    arg #2     : mqtt
    arg #3     : pub
    arg #4     : atopic
    arg #5     : amessage
  working dir  : /home/pi/actions-runner/_work/thin-edge.io/thin-edge.io/tests/PySys/local_mqtt/local_mqtt_pub_sub_with_sudo/Output/linux
  stdout       : /home/pi/actions-runner/_work/thin-edge.io/thin-edge.io/tests/PySys/local_mqtt/local_mqtt_pub_sub_with_sudo/Output/linux/tedge_pub2.out
  stderr       : /home/pi/actions-runner/_work/thin-edge.io/thin-edge.io/tests/PySys/local_mqtt/local_mqtt_pub_sub_with_sudo/Output/linux/tedge_pub2.err
  environment  : LD_LIBRARY_PATH=/usr/lib
  environment  : PATH=/bin:/usr/bin:/usr/sbin:/usr/local/bin
                   #1  /bin
                   #2  /usr/bin
                   #3  /usr/sbin
                   #4  /usr/local/bin
2022-04-11 09:38:43,737 DEBUG Waiting up to 600 secs for process sudo<tedge_pub2> (pid 17948)
2022-04-11 09:38:44,297 INFO  Executed sudo<tedge_pub2>, exit status 0
2022-04-11 09:38:44,300 DEBUG Process parameters for sudo<tedge_pub3>
  command line : /usr/bin/sudo /usr/bin/tedge mqtt pub atopic 'the message'
    arg #1     : /usr/bin/tedge
    arg #2     : mqtt
    arg #3     : pub
    arg #4     : atopic
    arg #5     : the message
  working dir  : /home/pi/actions-runner/_work/thin-edge.io/thin-edge.io/tests/PySys/local_mqtt/local_mqtt_pub_sub_with_sudo/Output/linux
  stdout       : /home/pi/actions-runner/_work/thin-edge.io/thin-edge.io/tests/PySys/local_mqtt/local_mqtt_pub_sub_with_sudo/Output/linux/tedge_pub3.out
  stderr       : /home/pi/actions-runner/_work/thin-edge.io/thin-edge.io/tests/PySys/local_mqtt/local_mqtt_pub_sub_with_sudo/Output/linux/tedge_pub3.err
  environment  : LD_LIBRARY_PATH=/usr/lib
  environment  : PATH=/bin:/usr/bin:/usr/sbin:/usr/local/bin
                   #1  /bin
                   #2  /usr/bin
                   #3  /usr/sbin
                   #4  /usr/local/bin
2022-04-11 09:38:44,308 DEBUG Waiting up to 600 secs for process sudo<tedge_pub3> (pid 17951)
2022-04-11 09:38:44,814 INFO  Executed sudo<tedge_pub3>, exit status 0
2022-04-11 09:38:45,817 DEBUG Process parameters for sudo<kill_out>
  command line : /usr/bin/sudo killall tedge
    arg #1     : killall
    arg #2     : tedge
  working dir  : /home/pi/actions-runner/_work/thin-edge.io/thin-edge.io/tests/PySys/local_mqtt/local_mqtt_pub_sub_with_sudo/Output/linux
  stdout       : /home/pi/actions-runner/_work/thin-edge.io/thin-edge.io/tests/PySys/local_mqtt/local_mqtt_pub_sub_with_sudo/Output/linux/kill_out.out
  stderr       : /home/pi/actions-runner/_work/thin-edge.io/thin-edge.io/tests/PySys/local_mqtt/local_mqtt_pub_sub_with_sudo/Output/linux/kill_out.err
  environment  : LD_LIBRARY_PATH=/usr/lib
  environment  : PATH=/bin:/usr/bin:/usr/sbin:/usr/local/bin
                   #1  /bin
                   #2  /usr/bin
                   #3  /usr/sbin
                   #4  /usr/local/bin
2022-04-11 09:38:45,824 DEBUG Waiting up to 600 secs for process sudo<kill_out> (pid 17953)
2022-04-11 09:38:46,331 INFO  Executed sudo<kill_out>, exit status 0
2022-04-11 09:38:46,332 DEBUG --- test validate
2022-04-11 09:38:46,333 DEBUG Performing regex contains=True grep on file: /home/pi/actions-runner/_work/thin-edge.io/thin-edge.io/tests/PySys/local_mqtt/local_mqtt_pub_sub_with_sudo/Output/linux/tedge_sub.out
2022-04-11 09:38:46,337 DEBUG Grep on file tedge_sub.out successfully matched expression "amessage" with line: '[atopic] amessage\n'
2022-04-11 09:38:46,339 INFO  Grep on file tedge_sub.out ... passed
2022-04-11 09:38:46,340 DEBUG Performing regex contains=True grep on file: /home/pi/actions-runner/_work/thin-edge.io/thin-edge.io/tests/PySys/local_mqtt/local_mqtt_pub_sub_with_sudo/Output/linux/tedge_sub.out
2022-04-11 09:38:46,343 DEBUG Grep on file tedge_sub.out successfully matched expression "the message" with line: '[atopic] the message\n'
2022-04-11 09:38:46,346 INFO  Grep on file tedge_sub.out ... passed
2022-04-11 09:38:46,351 DEBUG --- test cleanup
2022-04-11 09:38:46,353 DEBUG ProcessUser cleanup function done.
2022-04-11 09:38:46,356 INFO  
2022-04-11 09:38:46,356 INFO  Test duration: 2.78 secs
2022-04-11 09:38:46,357 INFO  Test final outcome:  PASSED
2022-04-11 09:38:46,358 INFO  
