2022-05-09 08:23:48,490 INFO  ==============================================================
2022-05-09 08:23:48,490 INFO  Id:    SoftwareManagement.sm_fake_install_remove
2022-05-09 08:23:48,492 INFO  Dir:   software_management_end_to_end/
2022-05-09 08:23:48,493 INFO  Title: Validate end to end behaviour for the dummy plugin for installation and removal of packages
2022-05-09 08:23:48,493 INFO  ==============================================================
2022-05-09 08:23:48,545 INFO  Using sw id database: {'asciijump': '5475369', 'robotfindskitten': '5474869', 'squirrel3': '5475279', 'rolldice': '5152439', 'moon-buggy': '5439204', 'apple': '5495053', 'banana': '5494888', 'cherry': '5495382', 'watermelon': '5494510', 'registry': '8018911', 'hello-world': '8021526', 'docker/getting-started': '8021973', 'alpine': '7991792'}
2022-05-09 08:23:48,546 INFO  EnvironmentC8y Setup
2022-05-09 08:23:49,107 INFO  Executed systemctl<serv_mapper1>, exit status 3
2022-05-09 08:23:49,221 INFO  Restarting mosquitto too frequently in the last 10 seconds. It was only up for 6 seconds
2022-05-09 08:23:49,222 INFO  Delaying execution by 5 seconds
2022-05-09 08:24:11,402 INFO  Executed sudo<tedge_connect_c8y>, exit status 0, duration 17 secs
2022-05-09 08:24:11,967 INFO  Executed sudo<tedge_connect_c8y_test>, exit status 0
2022-05-09 08:24:12,483 INFO  Executed systemctl<serv_mosq2>, exit status 0
2022-05-09 08:24:12,995 INFO  Executed systemctl<serv_mapper3>, exit status 0
2022-05-09 08:24:15,353 INFO  State of current operation: SUCCESSFUL
2022-05-09 08:24:15,719 INFO  Assert that (False == value) with value=False ... passed
2022-05-09 08:24:16,036 INFO  Response status: 201
2022-05-09 08:24:16,037 INFO  Response to action: {
    "creationTime": "2022-05-09T08:24:15.969Z",
    "deviceName": "m32sd11f",
    "deviceId": "18457340",
    "self": "https://t493319102.eu-latest.cumulocity.com/devicecontrol/operations/18523773",
    "id": "18523773",
    "status": "PENDING",
    "description": "Apply software changes, triggered from PySys: [{'name': 'watermelon', 'id': '5494510', 'version': '::fruits', 'url': '', 'action': 'install'}]",
    "c8y_SoftwareUpdate": [
        {
            "name": "watermelon",
            "action": "install",
            "id": "5494510",
            "version": "::fruits",
            "url": ""
        }
    ]
}
2022-05-09 08:24:16,039 INFO  Started operation: {'creationTime': '2022-05-09T08:24:15.969Z', 'deviceName': 'm32sd11f', 'deviceId': '18457340', 'self': 'https://t493319102.eu-latest.cumulocity.com/devicecontrol/operations/18523773', 'id': '18523773', 'status': 'PENDING', 'description': "Apply software changes, triggered from PySys: [{'name': 'watermelon', 'id': '5494510', 'version': '::fruits', 'url': '', 'action': 'install'}]", 'c8y_SoftwareUpdate': [{'name': 'watermelon', 'action': 'install', 'id': '5494510', 'version': '::fruits', 'url': ''}]}
2022-05-09 08:24:18,253 INFO  State of operation 18523773 : PENDING
2022-05-09 08:24:20,484 INFO  State of operation 18523773 : EXECUTING
2022-05-09 08:24:22,705 INFO  State of operation 18523773 : EXECUTING
2022-05-09 08:24:24,919 INFO  State of operation 18523773 : SUCCESSFUL
2022-05-09 08:24:25,162 INFO  Package vanilla is installed
2022-05-09 08:24:25,165 INFO  Assert that (True == value) with value=True ... passed
2022-05-09 08:24:25,439 INFO  Response status: 201
2022-05-09 08:24:25,441 INFO  Response to action: {
    "creationTime": "2022-05-09T08:24:25.375Z",
    "deviceName": "m32sd11f",
    "deviceId": "18457340",
    "self": "https://t493319102.eu-latest.cumulocity.com/devicecontrol/operations/18523775",
    "id": "18523775",
    "status": "PENDING",
    "description": "Apply software changes, triggered from PySys: [{'name': 'watermelon', 'id': '5494510', 'version': '::fruits', 'url': '', 'action': 'delete'}]",
    "c8y_SoftwareUpdate": [
        {
            "name": "watermelon",
            "action": "delete",
            "id": "5494510",
            "version": "::fruits",
            "url": ""
        }
    ]
}
2022-05-09 08:24:25,443 INFO  Started operation: {'creationTime': '2022-05-09T08:24:25.375Z', 'deviceName': 'm32sd11f', 'deviceId': '18457340', 'self': 'https://t493319102.eu-latest.cumulocity.com/devicecontrol/operations/18523775', 'id': '18523775', 'status': 'PENDING', 'description': "Apply software changes, triggered from PySys: [{'name': 'watermelon', 'id': '5494510', 'version': '::fruits', 'url': '', 'action': 'delete'}]", 'c8y_SoftwareUpdate': [{'name': 'watermelon', 'action': 'delete', 'id': '5494510', 'version': '::fruits', 'url': ''}]}
2022-05-09 08:24:27,669 INFO  State of operation 18523775 : PENDING
2022-05-09 08:24:29,900 INFO  State of operation 18523775 : EXECUTING
2022-05-09 08:24:32,125 INFO  State of operation 18523775 : EXECUTING
2022-05-09 08:24:34,340 INFO  State of operation 18523775 : SUCCESSFUL
2022-05-09 08:24:34,593 INFO  Assert that (False == value) with value=False ... passed
2022-05-09 08:24:34,599 INFO  
2022-05-09 08:24:34,600 INFO  cleanup:
2022-05-09 08:24:39,998 INFO  Executed sudo<tedge_disconnect_c8y>, exit status 0
2022-05-09 08:24:40,560 INFO  Executed systemctl<serv_mapper5>, exit status 3
2022-05-09 08:24:40,564 INFO  
2022-05-09 08:24:40,565 INFO  Test duration: 52.08 secs
2022-05-09 08:24:40,566 INFO  Test final outcome:  PASSED
2022-05-09 08:24:40,567 INFO  
