2022-04-21 14:02:28,690 INFO  ==============================================================
2022-04-21 14:02:28,693 INFO  Id:    apt_prepare_install_finalize
2022-04-21 14:02:28,696 INFO  Dir:   plugin_apt/
2022-04-21 14:02:28,698 INFO  Title: Validate apt plugin install use case
2022-04-21 14:02:28,699 INFO  ==============================================================
2022-04-21 14:02:36,565 INFO  Executed sudo, exit status 0
2022-04-21 14:02:39,133 INFO  Executed sudo<outp_check_0>, exit status 0
2022-04-21 14:02:39,135 INFO  Assert that (value==0) with value=0 ... passed
2022-04-21 14:02:39,141 INFO  Grep on file outp_check_0.out ... passed
2022-04-21 14:02:58,856 INFO  Executed sudo<outp_prepare>, exit status 0, duration 19 secs
2022-04-21 14:02:58,859 INFO  Assert that (value==0) with value=0 ... passed
2022-04-21 14:03:47,595 INFO  Executed sudo<outp_install>, exit status 0, duration 48 secs
2022-04-21 14:03:47,598 INFO  Assert that (value==0) with value=0 ... passed
2022-04-21 14:03:55,602 INFO  Executed sudo<outp_finalize>, exit status 0
2022-04-21 14:03:55,604 INFO  Assert that (value==0) with value=0 ... passed
2022-04-21 14:03:58,327 INFO  Executed sudo<outp_check_1>, exit status 0
2022-04-21 14:03:58,329 INFO  Assert that (value==0) with value=0 ... passed
2022-04-21 14:03:58,335 INFO  Grep on file outp_check_1.out ... passed
2022-04-21 14:03:58,341 INFO  
2022-04-21 14:03:58,341 INFO  cleanup:
2022-04-21 14:04:12,307 INFO  Executed sudo, exit status 0, duration 13 secs
2022-04-21 14:04:12,311 INFO  
2022-04-21 14:04:12,312 INFO  Test duration: 103.63 secs
2022-04-21 14:04:12,313 INFO  Test final outcome:  PASSED
2022-04-21 14:04:12,314 INFO  
