2022-05-23 10:12:43,403 INFO  ==============================================================
2022-05-23 10:12:43,404 INFO  Id:    docker_plugin_install
2022-05-23 10:12:43,405 INFO  Dir:   plugin_docker/
2022-05-23 10:12:43,406 INFO  Title: Validate docker plugin install
2022-05-23 10:12:43,406 INFO  ==============================================================
2022-05-23 10:12:44,172 INFO  Executed sudo<docker_images>, exit status 0
2022-05-23 10:12:44,177 INFO  Grep on file /home/pi/actions-runner/_work/thin-edge.io/thin-edge.io/tests/PySys/plugin_docker/docker_plugin_install/Output/linux/docker_images.out ... passed
2022-05-23 10:13:09,891 INFO  Executed sudo<plugin_install>, exit status 0, duration 25 secs
2022-05-23 10:13:10,814 INFO  Executed sudo<docker_ps_latest>, exit status 0
2022-05-23 10:13:11,578 INFO  Executed sudo<docker_ps>, exit status 0
2022-05-23 10:13:11,583 INFO  Grep on file /home/pi/actions-runner/_work/thin-edge.io/thin-edge.io/tests/PySys/plugin_docker/docker_plugin_install/Output/linux/docker_ps.out ... passed
2022-05-23 10:13:11,589 INFO  
2022-05-23 10:13:11,590 INFO  cleanup:
2022-05-23 10:13:11,590 INFO  Removing containers scheduled to be cleaned up: ['1ba83f71e92c']
2022-05-23 10:13:14,162 INFO  Executed sudo<containers_for_cleanup>, exit status 0
2022-05-23 10:13:14,163 INFO  Removing images scheduled to be cleaned up: ['registry', 'registry']
2022-05-23 10:13:17,491 INFO  Executed sudo<containers_for_cleanup>, exit status 0
2022-05-23 10:13:17,495 INFO  
2022-05-23 10:13:17,495 INFO  Test duration: 34.10 secs
2022-05-23 10:13:17,496 INFO  Test final outcome:  PASSED
2022-05-23 10:13:17,497 INFO  
