2022-05-03 08:55:11,842 INFO  ==============================================================
2022-05-03 08:55:11,843 INFO  Id:    SoftwareManagement.Plugin.apama_plugin_update
2022-05-03 08:55:11,845 INFO  Dir:   plugin_apama/
2022-05-03 08:55:11,845 INFO  Title: Validate apama plugin updating one project with another
2022-05-03 08:55:11,846 INFO  ==============================================================
2022-05-03 08:55:11,871 INFO  Assertion that path exists=False for "/etc/tedge/apama/project" ... passed
2022-05-03 08:55:12,382 INFO  Executed sudo<create_project_dir>, exit status 0
2022-05-03 08:55:12,993 INFO  Executed sudo<unzip_apama_project>, exit status 0
2022-05-03 08:55:13,505 INFO  Executed sudo<move_apama_project>, exit status 0
2022-05-03 08:55:14,317 INFO  Executed sudo<restart_apama_service>, exit status 0
2022-05-03 08:55:15,185 INFO  Executed sudo<apama_correlator_wait>, exit status 0
2022-05-03 08:55:15,187 INFO  Assertion that path exists=True for "/etc/tedge/apama/project" ... passed
2022-05-03 08:55:15,907 INFO  Executed sudo<apama_list_monitors>, exit status 0
2022-05-03 08:55:15,911 INFO  Grep on file /home/pi/actions-runner/_work/thin-edge.io/thin-edge.io/tests/PySys/plugin_apama/apama_plugin_update/Output/linux/apama_list_monitors.out ... passed
2022-05-03 08:55:16,525 WARN  Executed sudo<plugin_install>, exit status 2
2022-05-03 08:55:16,530 INFO  Contents of plugin_install.err: 
2022-05-03 08:55:16,531 INFO    ERROR: Directory not empty (os error 39)
2022-05-03 08:55:16,532 INFO    -----
2022-05-03 08:55:16,532 INFO  
2022-05-03 08:55:16,820 WARN  sudo<plugin_install> returned non-zero exit code 2 ... blocked [run.py:35]
2022-05-03 08:55:16,821 WARN  Aborted test due to BLOCKED outcome
2022-05-03 08:55:16,828 INFO  
2022-05-03 08:55:16,828 INFO  cleanup:
2022-05-03 08:55:16,829 INFO  Removing apama project
2022-05-03 08:55:33,125 INFO  Executed sudo<stop_apama_service>, exit status 0, duration 16 secs
2022-05-03 08:55:33,638 INFO  Executed sudo<remove_apama_project>, exit status 0
2022-05-03 08:55:34,199 INFO  Executed sudo<remove_apama_tmp_dir>, exit status 0
2022-05-03 08:55:34,203 INFO  
2022-05-03 08:55:34,204 INFO  Test duration: 22.37 secs
2022-05-03 08:55:34,206 INFO  Test final outcome:  BLOCKED
2022-05-03 08:55:34,208 INFO  Test outcome reason: sudo<plugin_install> returned non-zero exit code 2
2022-05-03 08:55:34,209 INFO  
