2022-04-19 14:24:29,504 INFO  ==============================================================
2022-04-19 14:24:29,505 INFO  Id:    SoftwareManagement.Plugin.apama_plugin_remove
2022-04-19 14:24:29,506 INFO  Dir:   plugin_apama/
2022-04-19 14:24:29,507 INFO  Title: Validate apama plugin remove
2022-04-19 14:24:29,508 INFO  ==============================================================
2022-04-19 14:24:29,513 INFO  Assertion that path exists=False for "/etc/tedge/apama/project" ... passed
2022-04-19 14:24:30,023 INFO  Executed sudo<create_project_dir>, exit status 0
2022-04-19 14:24:30,635 INFO  Executed sudo<unzip_apama_project>, exit status 0
2022-04-19 14:24:31,198 INFO  Executed sudo<move_apama_project>, exit status 0
2022-04-19 14:24:32,165 INFO  Executed sudo<restart_apama_service>, exit status 0
2022-04-19 14:24:32,168 INFO  Assertion that path exists=True for "/etc/tedge/apama/project" ... passed
2022-04-19 14:24:48,571 INFO  Executed sudo<plugin_remove>, exit status 0, duration 16 secs
2022-04-19 14:24:48,574 INFO  Assertion that path exists=False for "/etc/tedge/apama/project" ... passed
2022-04-19 14:24:48,583 INFO  
2022-04-19 14:24:48,584 INFO  cleanup:
2022-04-19 14:24:49,096 INFO  Executed sudo<remove_apama_tmp_dir>, exit status 0
2022-04-19 14:24:49,100 INFO  
2022-04-19 14:24:49,101 INFO  Test duration: 19.60 secs
2022-04-19 14:24:49,102 INFO  Test final outcome:  PASSED
2022-04-19 14:24:49,103 INFO  
