2022-04-12 08:37:11,067 INFO  ==============================================================
2022-04-12 08:37:11,068 INFO  Id:    monitoring_smaller_interval
2022-04-12 08:37:11,069 INFO  Dir:   monitoring/
2022-04-12 08:37:11,070 INFO  Title: Validate the tedge dm agent messages that are produced with smaller sampling interval than the batching window. Here the simulated collectd messages are used
2022-04-12 08:37:11,071 INFO  ==============================================================
2022-04-12 08:37:11,642 INFO  Executed sudo<collectd>, exit status 0
2022-04-12 08:37:12,205 INFO  Executed sudo<collectd_mapper>, exit status 0
2022-04-12 08:37:12,216 INFO  Started sudo<tedge_sub> with process id 3609
2022-04-12 08:37:12,833 INFO  Executed sudo<tedge_temp>, exit status 0
2022-04-12 08:37:13,346 INFO  Executed sudo<tedge_pres>, exit status 0
2022-04-12 08:37:13,959 INFO  Executed sudo<tedge_temp>, exit status 0
2022-04-12 08:37:14,472 INFO  Executed sudo<tedge_pres>, exit status 0
2022-04-12 08:37:15,085 INFO  Executed sudo<tedge_temp>, exit status 0
2022-04-12 08:37:15,597 INFO  Executed sudo<tedge_pres>, exit status 0
2022-04-12 08:37:16,211 INFO  Executed sudo<tedge_temp>, exit status 0
2022-04-12 08:37:16,724 INFO  Executed sudo<tedge_pres>, exit status 0
2022-04-12 08:37:17,337 INFO  Executed sudo<tedge_temp>, exit status 0
2022-04-12 08:37:17,850 INFO  Executed sudo<tedge_pres>, exit status 0
2022-04-12 08:37:18,463 INFO  Executed sudo<tedge_temp>, exit status 0
2022-04-12 08:37:18,976 INFO  Executed sudo<tedge_pres>, exit status 0
2022-04-12 08:37:19,589 INFO  Executed sudo<tedge_temp>, exit status 0
2022-04-12 08:37:20,101 INFO  Executed sudo<tedge_pres>, exit status 0
2022-04-12 08:37:20,766 INFO  Executed sudo<tedge_temp>, exit status 0
2022-04-12 08:37:21,280 INFO  Executed sudo<tedge_pres>, exit status 0
2022-04-12 08:37:21,944 INFO  Executed sudo<tedge_temp>, exit status 0
2022-04-12 08:37:22,457 INFO  Executed sudo<tedge_pres>, exit status 0
2022-04-12 08:37:23,074 INFO  Executed sudo<tedge_temp>, exit status 0
2022-04-12 08:37:23,587 INFO  Executed sudo<tedge_pres>, exit status 0
2022-04-12 08:37:25,201 INFO  Executed sudo<kill_out>, exit status 0
2022-04-12 08:37:25,205 INFO  0

2022-04-12 08:37:25,206 WARN  TypeError occurred while running test - 'int' object is not subscriptable
Traceback (most recent call last):
  File "/home/pi/env-pysys/lib/python3.7/site-packages/pysys/baserunner.py", line 1296, in __call__
    self.testObj.validate()
  File "/home/pi/actions-runner/_work/thin-edge.io/thin-edge.io/tests/PySys/monitoring/monitoring_smaller_interval/run.py", line 104, in validate
    collectd_msg_validation_result=self.validate_json(),
  File "/home/pi/actions-runner/_work/thin-edge.io/thin-edge.io/tests/PySys/monitoring/monitoring_smaller_interval/run.py", line 114, in validate_json
    if not self.validate_time():
  File "/home/pi/actions-runner/_work/thin-edge.io/thin-edge.io/tests/PySys/monitoring/monitoring_smaller_interval/run.py", line 134, in validate_time
    if self.js_msg["time"]:
TypeError: 'int' object is not subscriptable
2022-04-12 08:37:25,230 WARN  TypeError: 'int' object is not subscriptable ... blocked 
2022-04-12 08:37:25,232 INFO  
2022-04-12 08:37:25,233 INFO  cleanup:
2022-04-12 08:37:25,233 INFO  monitoring_cleanup
2022-04-12 08:37:25,795 INFO  Executed sudo<collectd_mapper>, exit status 0
2022-04-12 08:37:25,800 INFO  
2022-04-12 08:37:25,801 INFO  Test duration: 14.74 secs
2022-04-12 08:37:25,802 INFO  Test final outcome:  BLOCKED
2022-04-12 08:37:25,803 INFO  Test outcome reason: TypeError: 'int' object is not subscriptable
2022-04-12 08:37:25,804 INFO  
