2022-04-12 16:01:29,838 INFO  ==============================================================
2022-04-12 16:01:29,839 INFO  Id:    local_mqtt_pub_sub_retain
2022-04-12 16:01:29,840 INFO  Dir:   local_mqtt/
2022-04-12 16:01:29,841 INFO  Title: Validate local publishing with retain flag
2022-04-12 16:01:29,842 INFO  ==============================================================
2022-04-12 16:01:30,262 INFO  Executed tedge<pub_to_set_alarm>, exit status 0
2022-04-12 16:01:30,672 INFO  Executed tedge<pub_to_set_alarm>, exit status 0
2022-04-12 16:01:31,681 INFO  Started tedge<temp_sensor_sub> with process id 24380
2022-04-12 16:01:32,094 INFO  Executed tedge<pub_to_clear_alarm>, exit status 0
2022-04-12 16:01:33,606 INFO  Executed sudo<kill_out>, exit status 0
2022-04-12 16:01:34,016 INFO  Executed tedge<pub_to_clear_alarm>, exit status 0
2022-04-12 16:01:34,024 INFO  Started tedge<temp_sensor_empty_message> with process id 24385
2022-04-12 16:01:35,689 INFO  Executed sudo<kill_out>, exit status 0
2022-04-12 16:01:35,697 INFO  Grep on file temp_sensor_sub.out ... passed
2022-04-12 16:01:35,702 INFO  Grep on file temp_sensor_sub.out ... passed
2022-04-12 16:01:35,706 INFO  Grep on file temp_sensor_empty_message.out ... passed
2022-04-12 16:01:35,715 INFO  
2022-04-12 16:01:35,716 INFO  Test duration: 5.88 secs
2022-04-12 16:01:35,717 INFO  Test final outcome:  PASSED
2022-04-12 16:01:35,718 INFO  
