2022-04-11 09:38:29,553 INFO  ==============================================================
2022-04-11 09:38:29,554 INFO  Id:    local_mqtt_pub_sub
2022-04-11 09:38:29,555 INFO  Dir:   local_mqtt/
2022-04-11 09:38:29,555 INFO  Title: Validate local publishing and subscribing
2022-04-11 09:38:29,556 DEBUG Execution order hint: 0.0
2022-04-11 09:38:29,557 INFO  ==============================================================
2022-04-11 09:38:29,564 DEBUG --- test execute
2022-04-11 09:38:29,566 DEBUG Process parameters for tedge_sub
  command line : /usr/bin/tedge mqtt sub atopic
    arg #1     : mqtt
    arg #2     : sub
    arg #3     : atopic
  working dir  : /home/pi/actions-runner/_work/thin-edge.io/thin-edge.io/tests/PySys/local_mqtt/local_mqtt_pub_sub/Output/linux
  stdout       : /home/pi/actions-runner/_work/thin-edge.io/thin-edge.io/tests/PySys/local_mqtt/local_mqtt_pub_sub/Output/linux/tedge_sub.out
  stderr       : /home/pi/actions-runner/_work/thin-edge.io/thin-edge.io/tests/PySys/local_mqtt/local_mqtt_pub_sub/Output/linux/tedge_sub.err
  environment  : HOME=/home/pi
2022-04-11 09:38:29,572 INFO  Started tedge_sub with process id 11473
2022-04-11 09:38:29,577 DEBUG Process parameters for tedge_sub_no_topic
  command line : /usr/bin/tedge mqtt sub --no-topic atopic
    arg #1     : mqtt
    arg #2     : sub
    arg #3     : --no-topic
    arg #4     : atopic
  working dir  : /home/pi/actions-runner/_work/thin-edge.io/thin-edge.io/tests/PySys/local_mqtt/local_mqtt_pub_sub/Output/linux
  stdout       : /home/pi/actions-runner/_work/thin-edge.io/thin-edge.io/tests/PySys/local_mqtt/local_mqtt_pub_sub/Output/linux/tedge_sub_no_topic.out
  stderr       : /home/pi/actions-runner/_work/thin-edge.io/thin-edge.io/tests/PySys/local_mqtt/local_mqtt_pub_sub/Output/linux/tedge_sub_no_topic.err
  environment  : HOME=/home/pi
2022-04-11 09:38:29,585 INFO  Started tedge_sub_no_topic with process id 11474
2022-04-11 09:38:29,689 DEBUG Process parameters for tedge_pub2
  command line : /usr/bin/tedge mqtt pub atopic amessage
    arg #1     : mqtt
    arg #2     : pub
    arg #3     : atopic
    arg #4     : amessage
  working dir  : /home/pi/actions-runner/_work/thin-edge.io/thin-edge.io/tests/PySys/local_mqtt/local_mqtt_pub_sub/Output/linux
  stdout       : /home/pi/actions-runner/_work/thin-edge.io/thin-edge.io/tests/PySys/local_mqtt/local_mqtt_pub_sub/Output/linux/tedge_pub2.out
  stderr       : /home/pi/actions-runner/_work/thin-edge.io/thin-edge.io/tests/PySys/local_mqtt/local_mqtt_pub_sub/Output/linux/tedge_pub2.err
  environment  : HOME=/home/pi
2022-04-11 09:38:29,696 DEBUG Waiting up to 600 secs for process tedge_pub2 (pid 11475)
2022-04-11 09:38:30,102 INFO  Executed tedge_pub2, exit status 0
2022-04-11 09:38:30,104 DEBUG Process parameters for tedge_pub3
  command line : /usr/bin/tedge mqtt pub atopic 'the message'
    arg #1     : mqtt
    arg #2     : pub
    arg #3     : atopic
    arg #4     : the message
  working dir  : /home/pi/actions-runner/_work/thin-edge.io/thin-edge.io/tests/PySys/local_mqtt/local_mqtt_pub_sub/Output/linux
  stdout       : /home/pi/actions-runner/_work/thin-edge.io/thin-edge.io/tests/PySys/local_mqtt/local_mqtt_pub_sub/Output/linux/tedge_pub3.out
  stderr       : /home/pi/actions-runner/_work/thin-edge.io/thin-edge.io/tests/PySys/local_mqtt/local_mqtt_pub_sub/Output/linux/tedge_pub3.err
  environment  : HOME=/home/pi
2022-04-11 09:38:30,111 DEBUG Waiting up to 600 secs for process tedge_pub3 (pid 11476)
2022-04-11 09:38:30,518 INFO  Executed tedge_pub3, exit status 0
2022-04-11 09:38:30,520 DEBUG Process parameters for sudo<kill_out>
  command line : /usr/bin/sudo kill -9 11473
    arg #1     : kill
    arg #2     : -9
    arg #3     : 11473
  working dir  : /home/pi/actions-runner/_work/thin-edge.io/thin-edge.io/tests/PySys/local_mqtt/local_mqtt_pub_sub/Output/linux
  stdout       : /home/pi/actions-runner/_work/thin-edge.io/thin-edge.io/tests/PySys/local_mqtt/local_mqtt_pub_sub/Output/linux/kill_out.out
  stderr       : /home/pi/actions-runner/_work/thin-edge.io/thin-edge.io/tests/PySys/local_mqtt/local_mqtt_pub_sub/Output/linux/kill_out.err
  environment  : LD_LIBRARY_PATH=/usr/lib
  environment  : PATH=/bin:/usr/bin:/usr/sbin:/usr/local/bin
                   #1  /bin
                   #2  /usr/bin
                   #3  /usr/sbin
                   #4  /usr/local/bin
2022-04-11 09:38:30,529 DEBUG Waiting up to 600 secs for process sudo<kill_out> (pid 11477)
2022-04-11 09:38:31,036 INFO  Executed sudo<kill_out>, exit status 0
2022-04-11 09:38:31,038 DEBUG Process parameters for sudo<kill_out>
  command line : /usr/bin/sudo kill -9 11474
    arg #1     : kill
    arg #2     : -9
    arg #3     : 11474
  working dir  : /home/pi/actions-runner/_work/thin-edge.io/thin-edge.io/tests/PySys/local_mqtt/local_mqtt_pub_sub/Output/linux
  stdout       : /home/pi/actions-runner/_work/thin-edge.io/thin-edge.io/tests/PySys/local_mqtt/local_mqtt_pub_sub/Output/linux/kill_out.out
  stderr       : /home/pi/actions-runner/_work/thin-edge.io/thin-edge.io/tests/PySys/local_mqtt/local_mqtt_pub_sub/Output/linux/kill_out.err
  environment  : LD_LIBRARY_PATH=/usr/lib
  environment  : PATH=/bin:/usr/bin:/usr/sbin:/usr/local/bin
                   #1  /bin
                   #2  /usr/bin
                   #3  /usr/sbin
                   #4  /usr/local/bin
2022-04-11 09:38:31,044 DEBUG Waiting up to 600 secs for process sudo<kill_out> (pid 11479)
2022-04-11 09:38:31,551 INFO  Executed sudo<kill_out>, exit status 0
2022-04-11 09:38:31,552 DEBUG --- test validate
2022-04-11 09:38:31,553 DEBUG Performing regex contains=True grep on file: /home/pi/actions-runner/_work/thin-edge.io/thin-edge.io/tests/PySys/local_mqtt/local_mqtt_pub_sub/Output/linux/tedge_sub.out
2022-04-11 09:38:31,558 DEBUG Grep on file tedge_sub.out successfully matched expression "\[atopic\] amessage" with line: '[atopic] amessage\n'
2022-04-11 09:38:31,559 INFO  Grep on file tedge_sub.out ... passed
2022-04-11 09:38:31,560 DEBUG Performing regex contains=True grep on file: /home/pi/actions-runner/_work/thin-edge.io/thin-edge.io/tests/PySys/local_mqtt/local_mqtt_pub_sub/Output/linux/tedge_sub.out
2022-04-11 09:38:31,564 DEBUG Grep on file tedge_sub.out successfully matched expression "\[atopic\] the message" with line: '[atopic] the message\n'
2022-04-11 09:38:31,566 INFO  Grep on file tedge_sub.out ... passed
2022-04-11 09:38:31,567 DEBUG Performing regex contains=False grep on file: /home/pi/actions-runner/_work/thin-edge.io/thin-edge.io/tests/PySys/local_mqtt/local_mqtt_pub_sub/Output/linux/tedge_sub_no_topic.out
2022-04-11 09:38:31,571 INFO  Grep on file tedge_sub_no_topic.out ... passed
2022-04-11 09:38:31,576 DEBUG --- test cleanup
2022-04-11 09:38:31,578 DEBUG ProcessUser cleanup function done.
2022-04-11 09:38:31,581 INFO  
2022-04-11 09:38:31,582 INFO  Test duration: 2.03 secs
2022-04-11 09:38:31,583 INFO  Test final outcome:  PASSED
2022-04-11 09:38:31,584 INFO  
