2022-04-12 09:43:33,678 INFO  ==============================================================
2022-04-12 09:43:33,679 INFO  Id:    SoftwareManagement.sm_apt_install_remove
2022-04-12 09:43:33,680 INFO  Dir:   software_management_end_to_end/
2022-04-12 09:43:33,681 INFO  Title: Validate end to end behaviour for the apt plugin for installation and removal of packages
2022-04-12 09:43:33,682 INFO  ==============================================================
2022-04-12 09:43:33,687 INFO  Using sw id database: {'asciijump': '5475369', 'robotfindskitten': '5474869', 'squirrel3': '5475279', 'rolldice': '5152439', 'moon-buggy': '5439204', 'apple': '5495053', 'banana': '5494888', 'cherry': '5495382', 'watermelon': '5494510', 'registry': '8018911', 'hello-world': '8021526', 'docker/getting-started': '8021973', 'alpine': '7991792'}
2022-04-12 09:43:33,688 INFO  EnvironmentC8y Setup
2022-04-12 09:43:34,250 INFO  Executed systemctl<serv_mapper1>, exit status 3
2022-04-12 09:43:34,355 INFO  Restarting mosquitto too frequently in the last 10 seconds. It was only up for 5 seconds
2022-04-12 09:43:34,356 INFO  Delaying execution by 6 seconds
2022-04-12 09:43:54,603 INFO  Executed sudo<tedge_connect_c8y>, exit status 0, duration 14 secs
2022-04-12 09:43:55,236 INFO  Executed sudo<tedge_connect_c8y_test>, exit status 0
2022-04-12 09:43:55,703 INFO  Executed systemctl<serv_mosq2>, exit status 0
2022-04-12 09:43:56,168 INFO  Executed systemctl<serv_mapper3>, exit status 0
2022-04-12 09:43:58,390 INFO  State of current operation: PENDING
2022-04-12 09:44:00,620 INFO  State of current operation: PENDING
2022-04-12 09:44:02,834 INFO  State of current operation: PENDING
2022-04-12 09:44:05,051 INFO  State of current operation: PENDING
2022-04-12 09:44:07,273 INFO  State of current operation: PENDING
2022-04-12 09:44:09,504 INFO  State of current operation: PENDING
2022-04-12 09:44:11,725 INFO  State of current operation: PENDING
2022-04-12 09:44:13,952 INFO  State of current operation: PENDING
2022-04-12 09:44:16,174 INFO  State of current operation: PENDING
2022-04-12 09:44:18,390 INFO  State of current operation: PENDING
2022-04-12 09:44:20,614 INFO  State of current operation: PENDING
2022-04-12 09:44:22,835 INFO  State of current operation: PENDING
2022-04-12 09:44:25,050 INFO  State of current operation: PENDING
2022-04-12 09:44:27,274 INFO  State of current operation: PENDING
2022-04-12 09:44:29,493 INFO  State of current operation: PENDING
2022-04-12 09:44:31,712 INFO  State of current operation: PENDING
2022-04-12 09:44:33,927 INFO  State of current operation: PENDING
2022-04-12 09:44:36,146 INFO  State of current operation: PENDING
2022-04-12 09:44:38,367 INFO  State of current operation: PENDING
2022-04-12 09:44:40,592 INFO  State of current operation: PENDING
2022-04-12 09:44:42,820 INFO  State of current operation: PENDING
2022-04-12 09:44:45,045 INFO  State of current operation: PENDING
2022-04-12 09:44:47,267 INFO  State of current operation: PENDING
2022-04-12 09:44:49,499 INFO  State of current operation: PENDING
2022-04-12 09:44:51,728 INFO  State of current operation: PENDING
2022-04-12 09:44:53,948 INFO  State of current operation: PENDING
2022-04-12 09:44:56,170 INFO  State of current operation: PENDING
2022-04-12 09:44:58,396 INFO  State of current operation: PENDING
2022-04-12 09:45:00,620 INFO  State of current operation: PENDING
2022-04-12 09:45:02,832 INFO  State of current operation: PENDING
2022-04-12 09:45:05,061 INFO  State of current operation: PENDING
2022-04-12 09:45:07,284 INFO  State of current operation: PENDING
2022-04-12 09:45:09,512 INFO  State of current operation: PENDING
2022-04-12 09:45:11,737 INFO  State of current operation: PENDING
2022-04-12 09:45:13,977 INFO  State of current operation: PENDING
2022-04-12 09:45:16,199 INFO  State of current operation: PENDING
2022-04-12 09:45:18,423 INFO  State of current operation: PENDING
2022-04-12 09:45:20,647 INFO  State of current operation: PENDING
2022-04-12 09:45:22,867 INFO  State of current operation: PENDING
2022-04-12 09:45:25,089 INFO  State of current operation: PENDING
2022-04-12 09:45:27,309 INFO  State of current operation: PENDING
2022-04-12 09:45:29,525 INFO  State of current operation: PENDING
2022-04-12 09:45:31,744 INFO  State of current operation: PENDING
2022-04-12 09:45:33,965 INFO  State of current operation: PENDING
2022-04-12 09:45:36,186 INFO  State of current operation: PENDING
2022-04-12 09:45:38,406 INFO  State of current operation: PENDING
2022-04-12 09:45:40,665 INFO  State of current operation: PENDING
2022-04-12 09:45:42,887 INFO  State of current operation: PENDING
2022-04-12 09:45:45,108 INFO  State of current operation: PENDING
2022-04-12 09:45:47,325 INFO  State of current operation: PENDING
2022-04-12 09:45:49,544 INFO  State of current operation: PENDING
2022-04-12 09:45:51,767 INFO  State of current operation: PENDING
2022-04-12 09:45:53,986 INFO  State of current operation: PENDING
2022-04-12 09:45:56,209 INFO  State of current operation: PENDING
2022-04-12 09:45:58,430 INFO  State of current operation: PENDING
2022-04-12 09:46:00,650 INFO  State of current operation: PENDING
2022-04-12 09:46:02,871 INFO  State of current operation: PENDING
2022-04-12 09:46:05,091 INFO  State of current operation: PENDING
2022-04-12 09:46:07,323 INFO  State of current operation: PENDING
2022-04-12 09:46:09,538 INFO  State of current operation: PENDING
2022-04-12 09:46:11,759 INFO  State of current operation: PENDING
2022-04-12 09:46:13,764 WARN  SystemError occurred while running test - Timeout while waiting for status FAILED or SUCCESSFUL
Traceback (most recent call last):
  File "/home/pi/env-pysys/lib/python3.7/site-packages/pysys/baserunner.py", line 1292, in __call__
    self.testObj.setup()
  File "/home/pi/actions-runner/_work/thin-edge.io/thin-edge.io/tests/PySys/software_management_end_to_end/sm_apt_install_remove/run.py", line 27, in setup
    super().setup()
  File "/home/pi/actions-runner/_work/thin-edge.io/thin-edge.io/tests/PySys/software_management_end_to_end/environment_sm_management.py", line 151, in setup
    self.wait_until_end()
  File "/home/pi/actions-runner/_work/thin-edge.io/thin-edge.io/tests/PySys/software_management_end_to_end/environment_sm_management.py", line 332, in wait_until_end
    self.wait_until_status("FAILED", "SUCCESSFUL")
  File "/home/pi/actions-runner/_work/thin-edge.io/thin-edge.io/tests/PySys/software_management_end_to_end/environment_sm_management.py", line 381, in wait_until_status
    "Timeout while waiting for status %s or %s" % (status, status2)
SystemError: Timeout while waiting for status FAILED or SUCCESSFUL
2022-04-12 09:46:13,797 WARN  SystemError: Timeout while waiting for status FAILED or SUCCESSFUL ... blocked 
2022-04-12 09:46:13,798 INFO  
2022-04-12 09:46:13,799 INFO  cleanup:
2022-04-12 09:46:18,028 INFO  Executed sudo<tedge_disconnect_c8y>, exit status 0
2022-04-12 09:46:18,591 INFO  Executed systemctl<serv_mapper5>, exit status 3
2022-04-12 09:46:18,596 INFO  
2022-04-12 09:46:18,596 INFO  Test duration: 164.93 secs
2022-04-12 09:46:18,597 INFO  Test final outcome:  BLOCKED
2022-04-12 09:46:18,598 INFO  Test outcome reason: SystemError: Timeout while waiting for status FAILED or SUCCESSFUL
2022-04-12 09:46:18,599 INFO  
