2022-05-09 07:16:49,038 INFO  ==============================================================
2022-05-09 07:16:49,039 INFO  Id:    apt_fail_noarg
2022-05-09 07:16:49,042 INFO  Dir:   plugin_apt/
2022-05-09 07:16:49,043 INFO  Title: Validate apt plugin fetures(prepare, list, install, remove finalize) without arguments
2022-05-09 07:16:49,044 INFO  ==============================================================
2022-05-09 07:16:50,505 INFO  Executed sudo<outp_install>, exit status 1
2022-05-09 07:16:50,510 INFO  Assert that (value==1) with value=1 ... passed
2022-05-09 07:16:51,022 INFO  Executed sudo<outp_install>, exit status 1
2022-05-09 07:16:51,026 INFO  Assert that (value==1) with value=1 ... passed
2022-05-09 07:16:51,548 INFO  Executed sudo<outp_install>, exit status 1
2022-05-09 07:16:51,550 INFO  Assert that (value==1) with value=1 ... passed
2022-05-09 07:16:52,114 INFO  Executed sudo<outp_install>, exit status 1
2022-05-09 07:16:52,116 INFO  Assert that (value==1) with value=1 ... passed
2022-05-09 07:16:52,628 INFO  Executed sudo<outp_install>, exit status 1
2022-05-09 07:16:52,630 INFO  Assert that (value==1) with value=1 ... passed
2022-05-09 07:16:53,141 INFO  Executed sudo<outp_install>, exit status 1
2022-05-09 07:16:53,144 INFO  Assert that (value==1) with value=1 ... passed
2022-05-09 07:16:53,656 INFO  Executed sudo<outp_install>, exit status 1
2022-05-09 07:16:53,658 INFO  Assert that (value==1) with value=1 ... passed
2022-05-09 07:16:54,170 INFO  Executed sudo<outp_install>, exit status 1
2022-05-09 07:16:54,172 INFO  Assert that (value==1) with value=1 ... passed
2022-05-09 07:16:54,734 INFO  Executed sudo<outp_install>, exit status 1
2022-05-09 07:16:54,737 INFO  Assert that (value==1) with value=1 ... passed
2022-05-09 07:16:55,248 INFO  Executed sudo<outp_install>, exit status 1
2022-05-09 07:16:55,250 INFO  Assert that (value==1) with value=1 ... passed
2022-05-09 07:16:55,260 INFO  
2022-05-09 07:16:55,261 INFO  Test duration: 6.23 secs
2022-05-09 07:16:55,262 INFO  Test final outcome:  PASSED
2022-05-09 07:16:55,263 INFO  
