2022-05-02 15:04:38,831 INFO  ==============================================================
2022-05-02 15:04:38,832 INFO  Id:    log_request_num_lines
2022-05-02 15:04:38,833 INFO  Dir:   log_request_end_to_end/
2022-05-02 15:04:38,833 INFO  Title: Validate end to end behaviour for the log request operation check for number of lines
2022-05-02 15:04:38,834 INFO  ==============================================================
2022-05-02 15:04:38,864 INFO  EnvironmentC8y Setup
2022-05-02 15:04:39,425 INFO  Executed systemctl<serv_mapper1>, exit status 3
2022-05-02 15:04:39,540 INFO  Restarting mosquitto too frequently in the last 10 seconds. It was only up for 6 seconds
2022-05-02 15:04:39,541 INFO  Delaying execution by 5 seconds
2022-05-02 15:05:02,117 INFO  Executed sudo<tedge_connect_c8y>, exit status 0, duration 17 secs
2022-05-02 15:05:03,344 INFO  Executed sudo<tedge_connect_c8y_test>, exit status 0
2022-05-02 15:05:03,911 INFO  Executed systemctl<serv_mosq2>, exit status 0
2022-05-02 15:05:04,428 INFO  Executed systemctl<serv_mapper3>, exit status 0
2022-05-02 15:05:04,940 INFO  Executed sudo<rm_logs>, exit status 0
2022-05-02 15:05:05,520 INFO  Executed sudo<move_logs>, exit status 0
2022-05-02 15:05:06,081 INFO  log response None
2022-05-02 15:05:06,082 WARN  retry, retrying in 1 seconds...
2022-05-02 15:05:07,303 INFO  log response https://thin-edge-io.eu-latest.cumulocity.com/event/events/18176935/binaries
2022-05-02 15:05:07,521 INFO  nlines 0
2022-05-02 15:05:07,544 WARN  Assert that (True == value) with value=False ... failed [run.py:44]
2022-05-02 15:05:07,551 INFO  
2022-05-02 15:05:07,552 INFO  cleanup:
2022-05-02 15:05:08,062 INFO  Executed sudo<rm_logs>, exit status 0
2022-05-02 15:05:08,679 INFO  Executed sudo<rm_tmp_logs>, exit status 0
2022-05-02 15:05:09,240 INFO  Executed sudo<send_failed>, exit status 0
2022-05-02 15:05:14,962 INFO  Executed sudo<tedge_disconnect_c8y>, exit status 0
2022-05-02 15:05:15,574 INFO  Executed systemctl<serv_mapper5>, exit status 3
2022-05-02 15:05:15,578 INFO  
2022-05-02 15:05:15,578 INFO  Test duration: 36.75 secs
2022-05-02 15:05:15,580 INFO  Test final outcome:  FAILED
2022-05-02 15:05:15,580 INFO  Test outcome reason: Assert that (True == value) with value=False
2022-05-02 15:05:15,581 INFO  
