2022-04-14 07:24:10,289 INFO  ==============================================================
2022-04-14 07:24:10,290 INFO  Id:    SoftwareManagement.sm_docker_install_remove_multiple
2022-04-14 07:24:10,291 INFO  Dir:   software_management_end_to_end/
2022-04-14 07:24:10,292 INFO  Title: Validate end to end behaviour for the docker plugin for multiple docker images with mixed versions
2022-04-14 07:24:10,293 INFO  ==============================================================
2022-04-14 07:24:11,571 INFO  Using sw id database: {'asciijump': '5475369', 'robotfindskitten': '5474869', 'squirrel3': '5475279', 'rolldice': '5152439', 'moon-buggy': '5439204', 'apple': '5495053', 'banana': '5494888', 'cherry': '5495382', 'watermelon': '5494510', 'registry': '8018911', 'hello-world': '8021526', 'docker/getting-started': '8021973', 'alpine': '7991792'}
2022-04-14 07:24:11,572 INFO  EnvironmentC8y Setup
2022-04-14 07:24:12,136 INFO  Executed systemctl<serv_mapper1>, exit status 3
2022-04-14 07:24:26,836 INFO  Executed sudo<tedge_connect_c8y>, exit status 0, duration 14 secs
2022-04-14 07:24:27,458 INFO  Executed sudo<tedge_connect_c8y_test>, exit status 0
2022-04-14 07:24:27,942 INFO  Executed systemctl<serv_mosq2>, exit status 0
2022-04-14 07:24:28,393 INFO  Executed systemctl<serv_mapper3>, exit status 0
2022-04-14 07:24:30,663 INFO  State of current operation: PENDING
2022-04-14 07:24:32,882 INFO  State of current operation: PENDING
2022-04-14 07:24:35,188 INFO  State of current operation: PENDING
2022-04-14 07:24:37,416 INFO  State of current operation: PENDING
2022-04-14 07:24:39,634 INFO  State of current operation: PENDING
2022-04-14 07:24:41,862 INFO  State of current operation: PENDING
2022-04-14 07:24:44,085 INFO  State of current operation: PENDING
2022-04-14 07:24:46,300 INFO  State of current operation: PENDING
2022-04-14 07:24:48,524 INFO  State of current operation: PENDING
2022-04-14 07:24:50,743 INFO  State of current operation: PENDING
2022-04-14 07:24:52,960 INFO  State of current operation: PENDING
2022-04-14 07:24:55,243 INFO  State of current operation: PENDING
2022-04-14 07:24:57,465 INFO  State of current operation: PENDING
2022-04-14 07:24:59,703 INFO  State of current operation: PENDING
2022-04-14 07:25:01,959 INFO  State of current operation: PENDING
2022-04-14 07:25:04,175 INFO  State of current operation: PENDING
2022-04-14 07:25:06,402 INFO  State of current operation: PENDING
2022-04-14 07:25:08,621 INFO  State of current operation: PENDING
2022-04-14 07:25:10,841 INFO  State of current operation: PENDING
2022-04-14 07:25:13,086 INFO  State of current operation: PENDING
2022-04-14 07:25:15,330 INFO  State of current operation: PENDING
2022-04-14 07:25:17,549 INFO  State of current operation: PENDING
2022-04-14 07:25:19,782 INFO  State of current operation: PENDING
2022-04-14 07:25:21,996 INFO  State of current operation: PENDING
2022-04-14 07:25:24,213 INFO  State of current operation: PENDING
2022-04-14 07:25:26,430 INFO  State of current operation: PENDING
2022-04-14 07:25:28,647 INFO  State of current operation: PENDING
2022-04-14 07:25:30,866 INFO  State of current operation: PENDING
2022-04-14 07:25:33,082 INFO  State of current operation: PENDING
2022-04-14 07:25:35,329 INFO  State of current operation: PENDING
2022-04-14 07:25:37,559 INFO  State of current operation: PENDING
2022-04-14 07:25:39,780 INFO  State of current operation: PENDING
2022-04-14 07:25:41,996 INFO  State of current operation: PENDING
2022-04-14 07:25:44,212 INFO  State of current operation: PENDING
2022-04-14 07:25:46,450 INFO  State of current operation: PENDING
2022-04-14 07:25:48,666 INFO  State of current operation: PENDING
2022-04-14 07:25:50,986 INFO  State of current operation: PENDING
2022-04-14 07:25:53,201 INFO  State of current operation: PENDING
2022-04-14 07:25:55,436 INFO  State of current operation: PENDING
2022-04-14 07:25:57,654 INFO  State of current operation: PENDING
2022-04-14 07:25:59,869 INFO  State of current operation: PENDING
2022-04-14 07:26:02,106 INFO  State of current operation: PENDING
2022-04-14 07:26:04,325 INFO  State of current operation: PENDING
2022-04-14 07:26:06,547 INFO  State of current operation: PENDING
2022-04-14 07:26:08,783 INFO  State of current operation: PENDING
2022-04-14 07:26:10,996 INFO  State of current operation: PENDING
2022-04-14 07:26:13,230 INFO  State of current operation: PENDING
2022-04-14 07:26:15,524 INFO  State of current operation: PENDING
2022-04-14 07:26:17,744 INFO  State of current operation: PENDING
2022-04-14 07:26:19,961 INFO  State of current operation: PENDING
2022-04-14 07:26:22,179 INFO  State of current operation: PENDING
2022-04-14 07:26:24,393 INFO  State of current operation: PENDING
2022-04-14 07:26:26,607 INFO  State of current operation: PENDING
2022-04-14 07:26:28,824 INFO  State of current operation: PENDING
2022-04-14 07:26:31,042 INFO  State of current operation: PENDING
2022-04-14 07:26:33,282 INFO  State of current operation: PENDING
2022-04-14 07:26:35,526 INFO  State of current operation: PENDING
2022-04-14 07:26:37,738 INFO  State of current operation: PENDING
2022-04-14 07:26:39,952 INFO  State of current operation: PENDING
2022-04-14 07:26:42,168 INFO  State of current operation: PENDING
2022-04-14 07:26:44,382 INFO  State of current operation: PENDING
2022-04-14 07:26:46,388 WARN  SystemError occurred while running test - Timeout while waiting for status FAILED or SUCCESSFUL
Traceback (most recent call last):
  File "/home/pi/env-pysys/lib/python3.7/site-packages/pysys/baserunner.py", line 1292, in __call__
    self.testObj.setup()
  File "/home/pi/actions-runner/_work/thin-edge.io/thin-edge.io/tests/PySys/software_management_end_to_end/sm_docker_install_remove_multiple/run.py", line 29, in setup
    super().setup()
  File "/home/pi/actions-runner/_work/thin-edge.io/thin-edge.io/tests/PySys/software_management_end_to_end/environment_sm_management.py", line 151, in setup
    self.wait_until_end()
  File "/home/pi/actions-runner/_work/thin-edge.io/thin-edge.io/tests/PySys/software_management_end_to_end/environment_sm_management.py", line 332, in wait_until_end
    self.wait_until_status("FAILED", "SUCCESSFUL")
  File "/home/pi/actions-runner/_work/thin-edge.io/thin-edge.io/tests/PySys/software_management_end_to_end/environment_sm_management.py", line 381, in wait_until_status
    "Timeout while waiting for status %s or %s" % (status, status2)
SystemError: Timeout while waiting for status FAILED or SUCCESSFUL
2022-04-14 07:26:46,419 WARN  SystemError: Timeout while waiting for status FAILED or SUCCESSFUL ... blocked 
2022-04-14 07:26:46,420 INFO  
2022-04-14 07:26:46,421 INFO  cleanup:
2022-04-14 07:26:50,585 INFO  Executed sudo<tedge_disconnect_c8y>, exit status 0
2022-04-14 07:26:51,156 INFO  Executed systemctl<serv_mapper5>, exit status 3
2022-04-14 07:26:51,160 INFO  
2022-04-14 07:26:51,161 INFO  Test duration: 160.87 secs
2022-04-14 07:26:51,162 INFO  Test final outcome:  BLOCKED
2022-04-14 07:26:51,163 INFO  Test outcome reason: SystemError: Timeout while waiting for status FAILED or SUCCESSFUL
2022-04-14 07:26:51,164 INFO  
