2022-04-08 09:42:37,516 INFO  ==============================================================
2022-04-08 09:42:37,517 INFO  Id:    mqtt_port_set
2022-04-08 09:42:37,518 INFO  Dir:   misc_features/
2022-04-08 09:42:37,519 INFO  Title: mqtt port set
2022-04-08 09:42:37,519 DEBUG Execution order hint: 0.0
2022-04-08 09:42:37,520 INFO  ==============================================================
2022-04-08 09:42:37,525 DEBUG --- test execute
2022-04-08 09:42:37,527 DEBUG Process parameters for sudo<mqtt_port_set>
  command line : /usr/bin/sudo /usr/bin/tedge config set mqtt.port 8880
    arg #1     : /usr/bin/tedge
    arg #2     : config
    arg #3     : set
    arg #4     : mqtt.port
    arg #5     : 8880
  working dir  : /home/pi/actions-runner/_work/thin-edge.io/thin-edge.io/tests/PySys/misc_features/mqtt_port_set/Output/linux
  stdout       : /home/pi/actions-runner/_work/thin-edge.io/thin-edge.io/tests/PySys/misc_features/mqtt_port_set/Output/linux/mqtt_port_set.out
  stderr       : /home/pi/actions-runner/_work/thin-edge.io/thin-edge.io/tests/PySys/misc_features/mqtt_port_set/Output/linux/mqtt_port_set.err
  environment  : LD_LIBRARY_PATH=/usr/lib
  environment  : PATH=/bin:/usr/bin:/usr/sbin:/usr/local/bin
                   #1  /bin
                   #2  /usr/bin
                   #3  /usr/sbin
                   #4  /usr/local/bin
2022-04-08 09:42:37,535 DEBUG Waiting up to 600 secs for process sudo<mqtt_port_set> (pid 23720)
2022-04-08 09:42:38,092 INFO  Executed sudo<mqtt_port_set>, exit status 0
2022-04-08 09:42:38,094 DEBUG --- test validate
2022-04-08 09:42:38,096 DEBUG Process parameters for sudo<tedge_get>
  command line : /usr/bin/sudo /usr/bin/tedge config list
    arg #1     : /usr/bin/tedge
    arg #2     : config
    arg #3     : list
  working dir  : /home/pi/actions-runner/_work/thin-edge.io/thin-edge.io/tests/PySys/misc_features/mqtt_port_set/Output/linux
  stdout       : /home/pi/actions-runner/_work/thin-edge.io/thin-edge.io/tests/PySys/misc_features/mqtt_port_set/Output/linux/tedge_get.out
  stderr       : /home/pi/actions-runner/_work/thin-edge.io/thin-edge.io/tests/PySys/misc_features/mqtt_port_set/Output/linux/tedge_get.err
  environment  : LD_LIBRARY_PATH=/usr/lib
  environment  : PATH=/bin:/usr/bin:/usr/sbin:/usr/local/bin
                   #1  /bin
                   #2  /usr/bin
                   #3  /usr/sbin
                   #4  /usr/local/bin
2022-04-08 09:42:38,103 DEBUG Waiting up to 600 secs for process sudo<tedge_get> (pid 23723)
2022-04-08 09:42:38,610 INFO  Executed sudo<tedge_get>, exit status 0
2022-04-08 09:42:38,611 DEBUG Performing regex contains=True grep on file: /home/pi/actions-runner/_work/thin-edge.io/thin-edge.io/tests/PySys/misc_features/mqtt_port_set/Output/linux/tedge_get.out
2022-04-08 09:42:38,616 DEBUG Grep on file tedge_get.out successfully matched expression "mqtt.port=8880" with line: 'mqtt.port=8880\n'
2022-04-08 09:42:38,618 INFO  Grep on file tedge_get.out ... passed
2022-04-08 09:42:38,619 DEBUG Performing regex contains=True grep on file: /etc/tedge/tedge.toml
2022-04-08 09:42:38,623 DEBUG Grep on file /etc/tedge/tedge.toml successfully matched expression "port = 8880" with line: 'port = 8880\n'
2022-04-08 09:42:38,624 INFO  Grep on file /etc/tedge/tedge.toml ... passed
2022-04-08 09:42:38,629 DEBUG --- test cleanup
2022-04-08 09:42:38,631 INFO  
2022-04-08 09:42:38,631 INFO  cleanup:
2022-04-08 09:42:38,632 DEBUG Running registered cleanup function: <bound method MqttPortSet.mqtt_cleanup of <MqttPortSet object at 0x75d32770>>
2022-04-08 09:42:38,634 DEBUG Process parameters for sudo<mqtt_port_unset>
  command line : /usr/bin/sudo /usr/bin/tedge config unset mqtt.port
    arg #1     : /usr/bin/tedge
    arg #2     : config
    arg #3     : unset
    arg #4     : mqtt.port
  working dir  : /home/pi/actions-runner/_work/thin-edge.io/thin-edge.io/tests/PySys/misc_features/mqtt_port_set/Output/linux
  stdout       : /home/pi/actions-runner/_work/thin-edge.io/thin-edge.io/tests/PySys/misc_features/mqtt_port_set/Output/linux/mqtt_port_unset.out
  stderr       : /home/pi/actions-runner/_work/thin-edge.io/thin-edge.io/tests/PySys/misc_features/mqtt_port_set/Output/linux/mqtt_port_unset.err
  environment  : LD_LIBRARY_PATH=/usr/lib
  environment  : PATH=/bin:/usr/bin:/usr/sbin:/usr/local/bin
                   #1  /bin
                   #2  /usr/bin
                   #3  /usr/sbin
                   #4  /usr/local/bin
2022-04-08 09:42:38,641 DEBUG Waiting up to 600 secs for process sudo<mqtt_port_unset> (pid 23725)
2022-04-08 09:42:39,149 INFO  Executed sudo<mqtt_port_unset>, exit status 0
2022-04-08 09:42:39,271 DEBUG Process parameters for sudo<tedge_connect_c8y>
  command line : /usr/bin/sudo /usr/bin/tedge connect c8y
    arg #1     : /usr/bin/tedge
    arg #2     : connect
    arg #3     : c8y
  working dir  : /home/pi/actions-runner/_work/thin-edge.io/thin-edge.io/tests/PySys/misc_features/mqtt_port_set/Output/linux
  stdout       : /home/pi/actions-runner/_work/thin-edge.io/thin-edge.io/tests/PySys/misc_features/mqtt_port_set/Output/linux/tedge_connect_c8y.out
  stderr       : /home/pi/actions-runner/_work/thin-edge.io/thin-edge.io/tests/PySys/misc_features/mqtt_port_set/Output/linux/tedge_connect_c8y.err
  environment  : LD_LIBRARY_PATH=/usr/lib
  environment  : PATH=/bin:/usr/bin:/usr/sbin:/usr/local/bin
                   #1  /bin
                   #2  /usr/bin
                   #3  /usr/sbin
                   #4  /usr/local/bin
2022-04-08 09:42:39,279 DEBUG Waiting up to 600 secs for process sudo<tedge_connect_c8y> (pid 23730)
2022-04-08 09:42:53,264 INFO  Executed sudo<tedge_connect_c8y>, exit status 0, duration 13 secs
2022-04-08 09:42:53,438 DEBUG Process parameters for sudo<tedge_disconnect_c8y>
  command line : /usr/bin/sudo /usr/bin/tedge disconnect c8y
    arg #1     : /usr/bin/tedge
    arg #2     : disconnect
    arg #3     : c8y
  working dir  : /home/pi/actions-runner/_work/thin-edge.io/thin-edge.io/tests/PySys/misc_features/mqtt_port_set/Output/linux
  stdout       : /home/pi/actions-runner/_work/thin-edge.io/thin-edge.io/tests/PySys/misc_features/mqtt_port_set/Output/linux/tedge_disconnect_c8y.out
  stderr       : /home/pi/actions-runner/_work/thin-edge.io/thin-edge.io/tests/PySys/misc_features/mqtt_port_set/Output/linux/tedge_disconnect_c8y.err
  environment  : LD_LIBRARY_PATH=/usr/lib
  environment  : PATH=/bin:/usr/bin:/usr/sbin:/usr/local/bin
                   #1  /bin
                   #2  /usr/bin
                   #3  /usr/sbin
                   #4  /usr/local/bin
2022-04-08 09:42:53,449 DEBUG Waiting up to 600 secs for process sudo<tedge_disconnect_c8y> (pid 23845)
2022-04-08 09:42:57,535 INFO  Executed sudo<tedge_disconnect_c8y>, exit status 0
2022-04-08 09:42:57,537 DEBUG ProcessUser cleanup function done.
2022-04-08 09:42:57,540 INFO  
2022-04-08 09:42:57,541 INFO  Test duration: 20.03 secs
2022-04-08 09:42:57,542 INFO  Test final outcome:  PASSED
2022-04-08 09:42:57,543 INFO  
