$SYS/broker/version mosquitto version 1.6.9
$SYS/broker/uptime 0 seconds
$SYS/broker/clients/total 5
$SYS/broker/clients/maximum 5
$SYS/broker/clients/inactive 5
$SYS/broker/clients/disconnected 5
$SYS/broker/clients/active 0
$SYS/broker/clients/connected 0
$SYS/broker/clients/expired 0
$SYS/broker/load/messages/received/1min 0.00
$SYS/broker/load/messages/received/5min 0.00
$SYS/broker/load/messages/received/15min 0.00
$SYS/broker/load/messages/sent/1min 0.00
$SYS/broker/load/messages/sent/5min 0.00
$SYS/broker/load/messages/sent/15min 0.00
$SYS/broker/load/publish/dropped/1min 0.00
$SYS/broker/load/publish/dropped/5min 0.00
$SYS/broker/load/publish/dropped/15min 0.00
$SYS/broker/load/publish/received/1min 0.00
$SYS/broker/load/publish/received/5min 0.00
$SYS/broker/load/publish/received/15min 0.00
$SYS/broker/load/publish/sent/1min 0.00
$SYS/broker/load/publish/sent/5min 0.00
$SYS/broker/load/publish/sent/15min 0.00
$SYS/broker/load/bytes/received/1min 0.00
$SYS/broker/load/bytes/received/5min 0.00
$SYS/broker/load/bytes/received/15min 0.00
$SYS/broker/load/bytes/sent/1min 0.00
$SYS/broker/load/bytes/sent/5min 0.00
$SYS/broker/load/bytes/sent/15min 0.00
$SYS/broker/load/sockets/1min 0.00
$SYS/broker/load/sockets/5min 0.00
$SYS/broker/load/sockets/15min 0.00
$SYS/broker/load/connections/1min 0.00
$SYS/broker/load/connections/5min 0.00
$SYS/broker/load/connections/15min 0.00
$SYS/broker/messages/stored 37
$SYS/broker/messages/received 0
$SYS/broker/messages/sent 0
$SYS/broker/store/messages/count 37
$SYS/broker/store/messages/bytes 152
$SYS/broker/subscriptions/count 32
$SYS/broker/shared_subscriptions/count 0
$SYS/broker/retained messages/count 42
$SYS/broker/heap/current 84176
$SYS/broker/heap/maximum 85432
$SYS/broker/publish/messages/dropped 0
$SYS/broker/publish/messages/received 0
$SYS/broker/publish/messages/sent 0
$SYS/broker/publish/bytes/received 0
$SYS/broker/publish/bytes/sent 0
$SYS/broker/bytes/received 0
$SYS/broker/bytes/sent 0
$SYS/broker/uptime 11 seconds
$SYS/broker/clients/total 8
$SYS/broker/clients/maximum 8
$SYS/broker/clients/inactive 1
$SYS/broker/clients/disconnected 1
$SYS/broker/clients/active 7
$SYS/broker/clients/connected 7
$SYS/broker/load/messages/received/1min 903.64
$SYS/broker/load/messages/sent/1min 595.72
$SYS/broker/load/publish/received/1min 615.83
$SYS/broker/load/publish/sent/1min 48.43
$SYS/broker/load/bytes/received/1min 100605.22
$SYS/broker/load/bytes/sent/1min 73529.01
$SYS/broker/load/sockets/1min 8.22
$SYS/broker/load/connections/1min 8.22
$SYS/broker/load/messages/received/5min 194.22
$SYS/broker/load/messages/sent/5min 128.04
$SYS/broker/load/publish/received/5min 132.36
$SYS/broker/load/publish/sent/5min 10.41
$SYS/broker/load/bytes/received/5min 21622.96
$SYS/broker/load/bytes/sent/5min 15803.50
$SYS/broker/load/sockets/5min 1.77
$SYS/broker/load/connections/5min 1.77
$SYS/broker/load/messages/received/15min 65.53
$SYS/broker/load/messages/sent/15min 43.20
$SYS/broker/load/publish/received/15min 44.66
$SYS/broker/load/publish/sent/15min 3.51
$SYS/broker/load/bytes/received/15min 7295.92
$SYS/broker/load/bytes/sent/15min 5332.35
$SYS/broker/load/sockets/15min 0.60
$SYS/broker/load/connections/15min 0.60
$SYS/broker/messages/stored 58
$SYS/broker/store/messages/count 58
$SYS/broker/store/messages/bytes 1316
$SYS/broker/subscriptions/count 35
$SYS/broker/retained messages/count 54
$SYS/broker/heap/current 100800
$SYS/broker/heap/maximum 121248
$SYS/broker/messages/received 989
$SYS/broker/messages/sent 652
$SYS/broker/publish/messages/received 674
$SYS/broker/publish/messages/sent 53
$SYS/broker/bytes/received 110109
$SYS/broker/bytes/sent 80475
$SYS/broker/publish/bytes/received 74929
$SYS/broker/publish/bytes/sent 68335
$SYS/broker/uptime 22 seconds
$SYS/broker/load/messages/received/1min 4220.63
$SYS/broker/load/messages/sent/1min 2528.89
$SYS/broker/load/publish/received/1min 2985.11
$SYS/broker/load/publish/sent/1min 82.34
$SYS/broker/load/bytes/received/1min 474030.89
$SYS/broker/load/bytes/sent/1min 330251.17
$SYS/broker/load/sockets/1min 6.85
$SYS/broker/load/connections/1min 6.85
$SYS/broker/load/messages/received/5min 932.68
$SYS/broker/load/messages/sent/5min 560.37
$SYS/broker/load/publish/received/5min 658.99
$SYS/broker/load/publish/sent/5min 19.07
$SYS/broker/load/bytes/received/5min 104726.44
$SYS/broker/load/bytes/sent/5min 73058.74
$SYS/broker/load/sockets/5min 1.70
$SYS/broker/load/connections/5min 1.70
$SYS/broker/load/messages/received/15min 316.26
$SYS/broker/load/messages/sent/15min 190.11
$SYS/broker/load/publish/received/15min 223.42
$SYS/broker/load/publish/sent/15min 6.52
$SYS/broker/load/bytes/received/15min 35510.38
$SYS/broker/load/bytes/sent/15min 24778.36
$SYS/broker/messages/stored 57
$SYS/broker/store/messages/count 57
$SYS/broker/store/messages/bytes 1202
$SYS/broker/heap/current 100344
$SYS/broker/messages/received 4785
$SYS/broker/messages/sent 2877
$SYS/broker/publish/messages/received 3380
$SYS/broker/publish/messages/sent 99
$SYS/broker/bytes/received 537255
$SYS/broker/bytes/sent 374929
$SYS/broker/publish/bytes/received 362720
$SYS/broker/publish/bytes/sent 322452
$SYS/broker/uptime 33 seconds
$SYS/broker/load/messages/received/1min 6979.25
$SYS/broker/load/messages/sent/1min 4125.44
$SYS/broker/load/publish/received/1min 4956.60
$SYS/broker/load/publish/sent/1min 100.53
$SYS/broker/load/bytes/received/1min 784454.73
$SYS/broker/load/bytes/sent/1min 543142.15
$SYS/broker/load/sockets/1min 5.70
$SYS/broker/load/connections/1min 5.70
$SYS/broker/load/messages/received/5min 1643.96
$SYS/broker/load/messages/sent/5min 974.39
$SYS/broker/load/publish/received/5min 1166.47
$SYS/broker/load/publish/sent/5min 25.25
$SYS/broker/load/bytes/received/5min 184741.37
$SYS/broker/load/bytes/sent/5min 128074.73
$SYS/broker/load/sockets/5min 1.64
$SYS/broker/load/connections/5min 1.64
$SYS/broker/load/messages/received/15min 563.75
$SYS/broker/load/messages/sent/15min 334.30
$SYS/broker/load/publish/received/15min 399.94
$SYS/broker/load/publish/sent/15min 8.76
$SYS/broker/load/bytes/received/15min 63349.49
$SYS/broker/load/bytes/sent/15min 43928.12
$SYS/broker/store/messages/bytes 1211
$SYS/broker/heap/current 100256
$SYS/broker/messages/received 8578
$SYS/broker/messages/sent 5088
$SYS/broker/publish/messages/received 6085
$SYS/broker/publish/messages/sent 134
$SYS/broker/bytes/received 963909
$SYS/broker/bytes/sent 668477
$SYS/broker/publish/bytes/received 650069
$SYS/broker/publish/bytes/sent 576095
$SYS/broker/uptime 44 seconds
$SYS/broker/load/messages/received/1min 9258.42
$SYS/broker/load/messages/sent/1min 5456.38
$SYS/broker/load/publish/received/1min 6589.62
$SYS/broker/load/publish/sent/1min 113.84
$SYS/broker/load/bytes/received/1min 1042719.75
$SYS/broker/load/bytes/sent/1min 720804.08
$SYS/broker/load/sockets/1min 4.74
$SYS/broker/load/connections/1min 4.74
$SYS/broker/load/messages/received/5min 2325.90
$SYS/broker/load/messages/sent/5min 1373.89
$SYS/broker/load/publish/received/5min 1653.91
$SYS/broker/load/publish/sent/5min 30.82
$SYS/broker/load/bytes/received/5min 261841.18
$SYS/broker/load/bytes/sent/5min 181202.89
$SYS/broker/load/sockets/5min 1.58
$SYS/broker/load/connections/5min 1.58
$SYS/broker/load/messages/received/15min 806.97
$SYS/broker/load/messages/sent/15min 476.88
$SYS/broker/load/publish/received/15min 573.72
$SYS/broker/load/publish/sent/15min 10.84
$SYS/broker/load/bytes/received/15min 90838.82
$SYS/broker/load/bytes/sent/15min 62876.59
$SYS/broker/messages/stored 69
$SYS/broker/store/messages/count 69
$SYS/broker/store/messages/bytes 4995
$SYS/broker/heap/current 107760
$SYS/broker/messages/received 12352
$SYS/broker/messages/sent 7301
$SYS/broker/publish/messages/received 8781
$SYS/broker/publish/messages/sent 167
$SYS/broker/bytes/received 1390388
$SYS/broker/bytes/sent 962498
$SYS/broker/publish/bytes/received 937978
$SYS/broker/publish/bytes/sent 830207
$SYS/broker/uptime 55 seconds
$SYS/broker/load/messages/received/1min 11194.18
$SYS/broker/load/messages/sent/1min 6562.55
$SYS/broker/load/publish/received/1min 7967.38
$SYS/broker/load/publish/sent/1min 126.75
$SYS/broker/load/bytes/received/1min 1258756.35
$SYS/broker/load/bytes/sent/1min 868274.70
$SYS/broker/load/sockets/1min 3.95
$SYS/broker/load/connections/1min 3.95
$SYS/broker/load/messages/received/5min 2991.54
$SYS/broker/load/messages/sent/5min 1758.62
$SYS/broker/load/publish/received/5min 2127.72
$SYS/broker/load/publish/sent/5min 36.59
$SYS/broker/load/bytes/received/5min 336387.31
$SYS/broker/load/bytes/sent/5min 232325.61
$SYS/broker/load/sockets/5min 1.53
$SYS/broker/load/connections/5min 1.53
$SYS/broker/load/messages/received/15min 1050.02
$SYS/broker/load/messages/sent/15min 617.59
$SYS/broker/load/publish/received/15min 746.72
$SYS/broker/load/publish/sent/15min 13.02
$SYS/broker/load/bytes/received/15min 118069.15
$SYS/broker/load/bytes/sent/15min 81563.60
$SYS/broker/messages/stored 57
$SYS/broker/store/messages/count 57
$SYS/broker/store/messages/bytes 1221
$SYS/broker/heap/current 100376
$SYS/broker/messages/received 16168
$SYS/broker/messages/sent 9512
$SYS/broker/publish/messages/received 11497
$SYS/broker/publish/messages/sent 202
$SYS/broker/bytes/received 1817998
$SYS/broker/bytes/sent 1256047
$SYS/broker/publish/bytes/received 1225454
$SYS/broker/publish/bytes/sent 1083851
$SYS/broker/uptime 66 seconds
$SYS/broker/load/messages/received/1min 12795.63
$SYS/broker/load/messages/sent/1min 7484.34
$SYS/broker/load/publish/received/1min 9115.25
$SYS/broker/load/publish/sent/1min 137.50
$SYS/broker/load/bytes/received/1min 1438945.59
$SYS/broker/load/bytes/sent/1min 991054.49
$SYS/broker/load/sockets/1min 3.29
$SYS/broker/load/connections/1min 3.29
$SYS/broker/load/messages/received/5min 3631.05
$SYS/broker/load/messages/sent/5min 2129.69
$SYS/broker/load/publish/received/5min 2584.68
$SYS/broker/load/publish/sent/5min 42.14
$SYS/broker/load/bytes/received/5min 408322.83
$SYS/broker/load/bytes/sent/5min 281610.33
$SYS/broker/load/sockets/5min 1.47
$SYS/broker/load/connections/5min 1.47
$SYS/broker/load/messages/received/15min 1289.38
$SYS/broker/load/messages/sent/15min 756.65
$SYS/broker/load/publish/received/15min 917.68
$SYS/broker/load/publish/sent/15min 15.19
$SYS/broker/load/bytes/received/15min 144993.41
$SYS/broker/load/bytes/sent/15min 100024.46
$SYS/broker/messages/stored 58
$SYS/broker/store/messages/count 58
$SYS/broker/store/messages/bytes 1376
$SYS/broker/heap/current 100872
$SYS/broker/messages/received 19973
$SYS/broker/messages/sent 11724
$SYS/broker/publish/messages/received 14214
$SYS/broker/publish/messages/sent 237
$SYS/broker/bytes/received 2245981
$SYS/broker/bytes/sent 1549609
$SYS/broker/publish/bytes/received 1513326
$SYS/broker/publish/bytes/sent 1337504
$SYS/broker/uptime 77 seconds
$SYS/broker/load/messages/received/1min 14117.86
$SYS/broker/load/messages/sent/1min 8255.37
$SYS/broker/load/publish/received/1min 10057.15
$SYS/broker/load/publish/sent/1min 146.44
$SYS/broker/load/bytes/received/1min 1587561.72
$SYS/broker/load/bytes/sent/1min 1093283.04
$SYS/broker/load/sockets/1min 2.74
$SYS/broker/load/connections/1min 2.74
$SYS/broker/load/messages/received/5min 4245.19
$SYS/broker/load/messages/sent/5min 2488.19
$SYS/broker/load/publish/received/5min 3022.24
$SYS/broker/load/publish/sent/5min 47.50
$SYS/broker/load/bytes/received/5min 477369.80
$SYS/broker/load/bytes/sent/5min 329124.01
$SYS/broker/load/sockets/5min 1.42
$SYS/broker/load/connections/5min 1.42
$SYS/broker/load/messages/received/15min 1525.05
$SYS/broker/load/messages/sent/15min 894.29
$SYS/broker/load/publish/received/15min 1085.57
$SYS/broker/load/publish/sent/15min 17.32
$SYS/broker/load/bytes/received/15min 171489.82
$SYS/broker/load/bytes/sent/15min 118262.19
$SYS/broker/messages/stored 60
$SYS/broker/store/messages/count 60
$SYS/broker/store/messages/bytes 2011
$SYS/broker/heap/current 102104
$SYS/broker/messages/received 23766
$SYS/broker/messages/sent 13940
$SYS/broker/publish/messages/received 16916
$SYS/broker/publish/messages/sent 272
$SYS/broker/bytes/received 2672443
$SYS/broker/bytes/sent 1843188
$SYS/broker/publish/bytes/received 1800675
$SYS/broker/publish/bytes/sent 1591168
$SYS/broker/uptime 88 seconds
$SYS/broker/load/messages/received/1min 15234.13
$SYS/broker/load/messages/sent/1min 8896.34
$SYS/broker/load/publish/received/1min 10855.88
$SYS/broker/load/publish/sent/1min 153.89
$SYS/broker/load/bytes/received/1min 1712814.60
$SYS/broker/load/bytes/sent/1min 1178878.91
$SYS/broker/load/sockets/1min 2.28
$SYS/broker/load/connections/1min 2.28
$SYS/broker/load/messages/received/5min 4840.55
$SYS/broker/load/messages/sent/5min 2833.58
$SYS/broker/load/publish/received/5min 3447.18
$SYS/broker/load/publish/sent/5min 52.66
$SYS/broker/load/bytes/received/5min 544260.02
$SYS/broker/load/bytes/sent/5min 375032.72
$SYS/broker/load/sockets/5min 1.37
$SYS/broker/load/connections/5min 1.37
$SYS/broker/load/messages/received/15min 1758.98
$SYS/broker/load/messages/sent/15min 1030.20
$SYS/broker/load/publish/received/15min 1252.48
$SYS/broker/load/publish/sent/15min 19.43
$SYS/broker/load/bytes/received/15min 197775.40
$SYS/broker/load/bytes/sent/15min 136314.03
$SYS/broker/messages/stored 58
$SYS/broker/store/messages/count 58
$SYS/broker/store/messages/bytes 1381
$SYS/broker/heap/current 100856
$SYS/broker/messages/received 27576
$SYS/broker/messages/sent 16155
$SYS/broker/publish/messages/received 19634
$SYS/broker/publish/messages/sent 307
$SYS/broker/bytes/received 3100581
$SYS/broker/bytes/sent 2137305
$SYS/broker/publish/bytes/received 2088644
$SYS/broker/publish/bytes/sent 1845309
$SYS/broker/uptime 99 seconds
$SYS/broker/load/messages/received/1min 16159.77
$SYS/broker/load/messages/sent/1min 9429.02
$SYS/broker/load/publish/received/1min 11519.91
$SYS/broker/load/publish/sent/1min 160.09
$SYS/broker/load/bytes/received/1min 1816903.71
$SYS/broker/load/bytes/sent/1min 1250127.54
$SYS/broker/load/sockets/1min 1.90
$SYS/broker/load/connections/1min 1.90
$SYS/broker/load/messages/received/5min 5413.69
$SYS/broker/load/messages/sent/5min 3166.35
$SYS/broker/load/publish/received/5min 3856.63
$SYS/broker/load/publish/sent/5min 57.64
$SYS/broker/load/bytes/received/5min 608702.75
$SYS/broker/load/bytes/sent/5min 419286.64
$SYS/broker/load/sockets/5min 1.32
$SYS/broker/load/connections/5min 1.32
$SYS/broker/load/messages/received/15min 1989.80
$SYS/broker/load/messages/sent/15min 1164.39
$SYS/broker/load/publish/received/15min 1417.29
$SYS/broker/load/publish/sent/15min 21.51
$SYS/broker/load/bytes/received/15min 223728.42
$SYS/broker/load/bytes/sent/15min 154145.90
$SYS/broker/store/messages/bytes 1546
$SYS/broker/heap/current 100952
$SYS/broker/messages/received 31382
$SYS/broker/messages/sent 18369
$SYS/broker/publish/messages/received 22351
$SYS/broker/publish/messages/sent 342
$SYS/broker/bytes/received 3528519
$SYS/broker/bytes/sent 2431412
$SYS/broker/publish/bytes/received 2376450
$SYS/broker/publish/bytes/sent 2099444
$SYS/broker/uptime 110 seconds
$SYS/broker/load/messages/received/1min 16933.09
$SYS/broker/load/messages/sent/1min 9872.48
$SYS/broker/load/publish/received/1min 12074.53
$SYS/broker/load/publish/sent/1min 163.43
$SYS/broker/load/bytes/received/1min 1904054.87
$SYS/broker/load/bytes/sent/1min 1309382.87
$SYS/broker/load/sockets/1min 1.58
$SYS/broker/load/connections/1min 1.58
$SYS/broker/load/messages/received/5min 5966.79
$SYS/broker/load/messages/sent/5min 3487.13
$SYS/broker/load/publish/received/5min 4251.74
$SYS/broker/load/publish/sent/5min 62.05
$SYS/broker/load/bytes/received/5min 670932.40
$SYS/broker/load/bytes/sent/5min 461934.74
$SYS/broker/load/sockets/5min 1.27
$SYS/broker/load/connections/5min 1.27
$SYS/broker/load/messages/received/15min 2218.01
$SYS/broker/load/messages/sent/15min 1296.94
$SYS/broker/load/publish/received/15min 1580.24
$SYS/broker/load/publish/sent/15min 23.44
$SYS/broker/load/bytes/received/15min 249402.28
$SYS/broker/load/bytes/sent/15min 171756.92
$SYS/broker/messages/stored 59
$SYS/broker/store/messages/count 59
$SYS/broker/store/messages/bytes 1698
$SYS/broker/heap/current 101472
$SYS/broker/messages/received 35191
$SYS/broker/messages/sent 20583
$SYS/broker/publish/messages/received 25070
$SYS/broker/publish/messages/sent 375
$SYS/broker/bytes/received 3957002
$SYS/broker/bytes/sent 2725455
$SYS/broker/publish/bytes/received 2664747
$SYS/broker/publish/bytes/sent 2353574
$SYS/broker/uptime 121 seconds
$SYS/broker/load/messages/received/1min 17554.03
$SYS/broker/load/messages/sent/1min 10241.65
$SYS/broker/load/publish/received/1min 12521.63
$SYS/broker/load/publish/sent/1min 168.03
$SYS/broker/load/bytes/received/1min 1975069.66
$SYS/broker/load/bytes/sent/1min 1358769.95
$SYS/broker/load/sockets/1min 1.31
$SYS/broker/load/connections/1min 1.31
$SYS/broker/load/messages/received/5min 6495.06
$SYS/broker/load/messages/sent/5min 3796.37
$SYS/broker/load/publish/received/5min 4629.47
$SYS/broker/load/publish/sent/5min 66.69
$SYS/broker/load/bytes/received/5min 730591.12
$SYS/broker/load/bytes/sent/5min 503059.77
$SYS/broker/load/sockets/5min 1.22
$SYS/broker/load/connections/5min 1.22
$SYS/broker/load/messages/received/15min 2441.80
$SYS/broker/load/messages/sent/15min 1427.89
$SYS/broker/load/publish/received/15min 1740.15
$SYS/broker/load/publish/sent/15min 25.47
$SYS/broker/load/bytes/received/15min 274652.74
$SYS/broker/load/bytes/sent/15min 189158.18
$SYS/broker/messages/stored 67
$SYS/broker/store/messages/count 67
$SYS/broker/store/messages/bytes 4381
$SYS/broker/heap/current 106656
$SYS/broker/messages/received 38975
$SYS/broker/messages/sent 22797
$SYS/broker/publish/messages/received 27773
$SYS/broker/publish/messages/sent 410
$SYS/broker/bytes/received 4383802
$SYS/broker/bytes/sent 3019561
$SYS/broker/publish/bytes/received 2952422
$SYS/broker/publish/bytes/sent 2607708
