2022-05-03 08:24:38,047 INFO  ==============================================================
2022-05-03 08:24:38,047 INFO  Id:    publish_sawmill_record_statistics_long
2022-05-03 08:24:38,047 INFO  Title: Publish sawmill and record process statistics long version
2022-05-03 08:24:38,047 INFO  ==============================================================
2022-05-03 08:24:38,049 INFO  EnvironmentC8y Setup
2022-05-03 08:24:38,151 INFO  Executed systemctl<serv_mapper1>, exit status 3
2022-05-03 08:24:38,167 INFO  Restarting mosquitto too frequently in the last 10 seconds. It was only up for 1 seconds
2022-05-03 08:24:38,167 INFO  Delaying execution by 10 seconds
2022-05-03 08:25:05,678 INFO  Executed sudo<tedge_connect_c8y>, exit status 0, duration 17 secs
2022-05-03 08:25:05,830 INFO  Executed sudo<tedge_connect_c8y_test>, exit status 0
2022-05-03 08:25:05,882 INFO  Executed systemctl<serv_mosq2>, exit status 0
2022-05-03 08:25:05,934 INFO  Executed systemctl<serv_mapper3>, exit status 0
2022-05-03 08:25:05,934 INFO  Setup
2022-05-03 08:25:05,935 INFO  Execute
2022-05-03 08:25:06,037 INFO  Executed sudo<collectd_out>, exit status 0
2022-05-03 08:25:06,038 INFO  Started mosquitto_sub_stdout with process id 303963
2022-05-03 08:27:07,011 INFO  Executed sawtooth_publisher<stdout_sawmill>, exit status 0, duration 120 secs
2022-05-03 08:27:07,063 INFO  Executed systemctl<serv_mosq>, exit status 0
2022-05-03 08:27:07,114 INFO  Executed systemctl<serv_mapper4>, exit status 0
2022-05-03 08:27:07,117 INFO  Grep on input file mosquitto_sub_stdout.out ... passed
2022-05-03 08:27:07,118 INFO  
2022-05-03 08:27:07,118 INFO  cleanup:
2022-05-03 08:27:07,118 INFO  My Cleanup
2022-05-03 08:27:07,220 INFO  Executed sudo<collectd_out>, exit status 0
2022-05-03 08:27:07,220 INFO  Exporting data from /var/lib/collectd/rrd/ubuntu-2gb-hel1-4-thin-edge-a/exec/gauge-mosquitto-size.rrd
2022-05-03 08:27:07,227 INFO  Exporting data from /var/lib/collectd/rrd/ubuntu-2gb-hel1-4-thin-edge-a/exec/gauge-mapper-c8y-resident.rrd
2022-05-03 08:27:07,234 INFO  Exporting data from /var/lib/collectd/rrd/ubuntu-2gb-hel1-4-thin-edge-a/exec/gauge-mapper-c8y-utime.rrd
2022-05-03 08:27:07,240 INFO  Exporting data from /var/lib/collectd/rrd/ubuntu-2gb-hel1-4-thin-edge-a/exec/gauge-mapper-c8y-shared.rrd
2022-05-03 08:27:07,246 INFO  Exporting data from /var/lib/collectd/rrd/ubuntu-2gb-hel1-4-thin-edge-a/exec/gauge-mosquitto-shared.rrd
2022-05-03 08:27:07,252 INFO  Exporting data from /var/lib/collectd/rrd/ubuntu-2gb-hel1-4-thin-edge-a/exec/gauge-mapper-c8y-data.rrd
2022-05-03 08:27:07,258 INFO  Exporting data from /var/lib/collectd/rrd/ubuntu-2gb-hel1-4-thin-edge-a/exec/gauge-mapper-c8y-size.rrd
2022-05-03 08:27:07,263 INFO  Exporting data from /var/lib/collectd/rrd/ubuntu-2gb-hel1-4-thin-edge-a/exec/gauge-mosquitto-utime.rrd
2022-05-03 08:27:07,269 INFO  Exporting data from /var/lib/collectd/rrd/ubuntu-2gb-hel1-4-thin-edge-a/exec/gauge-mapper-c8y-text.rrd
2022-05-03 08:27:07,275 INFO  Exporting data from /var/lib/collectd/rrd/ubuntu-2gb-hel1-4-thin-edge-a/exec/gauge-mosquitto-stime.rrd
2022-05-03 08:27:07,281 INFO  Exporting data from /var/lib/collectd/rrd/ubuntu-2gb-hel1-4-thin-edge-a/exec/gauge-mapper-c8y-stime.rrd
2022-05-03 08:27:07,286 INFO  Exporting data from /var/lib/collectd/rrd/ubuntu-2gb-hel1-4-thin-edge-a/exec/gauge-mosquitto-data.rrd
2022-05-03 08:27:07,292 INFO  Exporting data from /var/lib/collectd/rrd/ubuntu-2gb-hel1-4-thin-edge-a/exec/gauge-mosquitto-text.rrd
2022-05-03 08:27:07,297 INFO  Exporting data from /var/lib/collectd/rrd/ubuntu-2gb-hel1-4-thin-edge-a/exec/gauge-mosquitto-resident.rrd
2022-05-03 08:27:18,252 INFO  Executed sudo<tedge_disconnect_c8y>, exit status 0
2022-05-03 08:27:18,304 INFO  Executed systemctl<serv_mapper5>, exit status 3
2022-05-03 08:27:18,505 INFO  
2022-05-03 08:27:18,506 INFO  Test duration: 160.45 secs
2022-05-03 08:27:18,506 INFO  Test final outcome:  PASSED
2022-05-03 08:27:18,506 INFO  
