2022-05-30 09:39:17,776 INFO  ==============================================================
2022-05-30 09:39:17,778 INFO  Id:    apt_sequence_remove
2022-05-30 09:39:17,780 INFO  Dir:   plugin_apt/
2022-05-30 09:39:17,781 INFO  Title: Validate apt plugin prepare install remove finalize use case
2022-05-30 09:39:17,782 INFO  ==============================================================
2022-05-30 09:40:02,303 INFO  Executed sudo, exit status 0, duration 44 secs
2022-05-30 09:40:08,040 INFO  Executed sudo<outp_check_0>, exit status 0
2022-05-30 09:40:08,043 INFO  Assert that (value==0) with value=0 ... passed
2022-05-30 09:40:08,048 INFO  Grep on file outp_check_0.out ... passed
2022-05-30 09:40:28,921 INFO  Executed sudo<outp_prepare>, exit status 0, duration 20 secs
2022-05-30 09:40:28,924 INFO  Assert that (value==0) with value=0 ... passed
2022-05-30 09:40:51,134 INFO  Executed sudo<outp_remove>, exit status 0, duration 22 secs
2022-05-30 09:40:51,138 INFO  Assert that (value==0) with value=0 ... passed
2022-05-30 09:40:59,232 INFO  Executed sudo<outp_finalize>, exit status 0
2022-05-30 09:40:59,234 INFO  Assert that (value==0) with value=0 ... passed
2022-05-30 09:41:02,077 INFO  Executed sudo<outp_check_1>, exit status 0
2022-05-30 09:41:02,079 INFO  Assert that (value==0) with value=0 ... passed
2022-05-30 09:41:02,085 INFO  Grep on file outp_check_1.out ... passed
2022-05-30 09:41:02,091 INFO  
2022-05-30 09:41:02,092 INFO  cleanup:
2022-05-30 09:41:07,396 INFO  Executed sudo, exit status 0
2022-05-30 09:41:07,401 INFO  
2022-05-30 09:41:07,403 INFO  Test duration: 109.63 secs
2022-05-30 09:41:07,407 INFO  Test final outcome:  PASSED
2022-05-30 09:41:07,409 INFO  
