$SYS/broker/version mosquitto version 1.5.7
$SYS/broker/uptime 11 seconds
$SYS/broker/clients/total 5
$SYS/broker/clients/maximum 5
$SYS/broker/clients/inactive 3
$SYS/broker/clients/disconnected 3
$SYS/broker/clients/active 2
$SYS/broker/clients/connected 2
$SYS/broker/clients/expired 0
$SYS/broker/load/messages/received/1min 1075.41
$SYS/broker/load/messages/received/5min 231.14
$SYS/broker/load/messages/received/15min 77.99
$SYS/broker/load/messages/sent/1min 8.22
$SYS/broker/load/messages/sent/5min 1.77
$SYS/broker/load/messages/sent/15min 0.60
$SYS/broker/load/publish/dropped/1min 0.00
$SYS/broker/load/publish/dropped/5min 0.00
$SYS/broker/load/publish/dropped/15min 0.00
$SYS/broker/load/publish/received/1min 1067.19
$SYS/broker/load/publish/received/5min 229.37
$SYS/broker/load/publish/received/15min 77.39
$SYS/broker/load/publish/sent/1min 0.00
$SYS/broker/load/publish/sent/5min 0.00
$SYS/broker/load/publish/sent/15min 0.00
$SYS/broker/load/bytes/received/1min 66375.75
$SYS/broker/load/bytes/received/5min 14266.06
$SYS/broker/load/bytes/received/15min 4813.59
$SYS/broker/load/bytes/sent/1min 133.40
$SYS/broker/load/bytes/sent/5min 28.67
$SYS/broker/load/bytes/sent/15min 9.67
$SYS/broker/load/sockets/1min 0.91
$SYS/broker/load/sockets/5min 0.20
$SYS/broker/load/sockets/15min 0.07
$SYS/broker/load/connections/1min 0.91
$SYS/broker/load/connections/5min 0.20
$SYS/broker/load/connections/15min 0.07
$SYS/broker/messages/stored 53
$SYS/broker/messages/received 1177
$SYS/broker/messages/sent 9
$SYS/broker/store/messages/count 53
$SYS/broker/store/messages/bytes 205
$SYS/broker/subscriptions/count 32
$SYS/broker/retained messages/count 53
$SYS/broker/heap/current 51172
$SYS/broker/heap/maximum 51604
$SYS/broker/publish/messages/dropped 0
$SYS/broker/publish/messages/received 1168
$SYS/broker/publish/messages/sent 0
$SYS/broker/publish/bytes/received 25960
$SYS/broker/publish/bytes/sent 0
$SYS/broker/bytes/received 72646
$SYS/broker/bytes/sent 146
$SYS/broker/uptime 22 seconds
$SYS/broker/clients/total 8
$SYS/broker/clients/maximum 8
$SYS/broker/clients/inactive 1
$SYS/broker/clients/disconnected 1
$SYS/broker/clients/active 7
$SYS/broker/clients/connected 7
$SYS/broker/load/messages/received/1min 2273.11
$SYS/broker/load/messages/sent/1min 223.39
$SYS/broker/load/publish/received/1min 2168.50
$SYS/broker/load/publish/sent/1min 47.51
$SYS/broker/load/bytes/received/1min 151462.09
$SYS/broker/load/bytes/sent/1min 23394.55
$SYS/broker/load/sockets/1min 8.07
$SYS/broker/load/connections/1min 8.07
$SYS/broker/load/messages/received/5min 518.95
$SYS/broker/load/messages/sent/5min 48.25
$SYS/broker/load/publish/received/5min 496.24
$SYS/broker/load/publish/sent/5min 10.21
$SYS/broker/load/bytes/received/5min 34429.64
$SYS/broker/load/bytes/sent/5min 5031.93
$SYS/broker/load/sockets/5min 1.76
$SYS/broker/load/connections/5min 1.76
$SYS/broker/load/messages/received/15min 176.96
$SYS/broker/load/messages/sent/15min 16.29
$SYS/broker/load/publish/received/15min 169.28
$SYS/broker/load/publish/sent/15min 3.45
$SYS/broker/load/bytes/received/15min 11731.93
$SYS/broker/load/bytes/sent/15min 1698.08
$SYS/broker/load/sockets/15min 0.60
$SYS/broker/load/connections/15min 0.60
$SYS/broker/store/messages/bytes 238
$SYS/broker/subscriptions/count 35
$SYS/broker/heap/current 54940
$SYS/broker/heap/maximum 55128
$SYS/broker/messages/received 2685
$SYS/broker/messages/sent 246
$SYS/broker/publish/messages/received 2569
$SYS/broker/publish/messages/sent 52
$SYS/broker/bytes/received 177939
$SYS/broker/bytes/sent 25629
$SYS/broker/publish/bytes/received 74381
$SYS/broker/publish/bytes/sent 20787
$SYS/broker/uptime 33 seconds
$SYS/broker/load/messages/received/1min 3521.45
$SYS/broker/load/messages/sent/1min 627.28
$SYS/broker/load/publish/received/1min 3234.26
$SYS/broker/load/publish/sent/1min 78.84
$SYS/broker/load/bytes/received/1min 257204.02
$SYS/broker/load/bytes/sent/1min 75031.60
$SYS/broker/load/sockets/1min 6.72
$SYS/broker/load/connections/1min 6.72
$SYS/broker/load/messages/received/5min 850.41
$SYS/broker/load/messages/sent/5min 141.36
$SYS/broker/load/publish/received/5min 785.51
$SYS/broker/load/publish/sent/5min 18.29
$SYS/broker/load/bytes/received/5min 61370.10
$SYS/broker/load/bytes/sent/5min 16791.32
$SYS/broker/load/sockets/5min 1.70
$SYS/broker/load/connections/5min 1.70
$SYS/broker/load/messages/received/15min 292.96
$SYS/broker/load/messages/sent/15min 48.10
$SYS/broker/load/publish/received/15min 270.86
$SYS/broker/load/publish/sent/15min 6.25
$SYS/broker/load/bytes/received/15min 21097.78
$SYS/broker/load/bytes/sent/15min 5706.38
$SYS/broker/messages/stored 54
$SYS/broker/store/messages/count 54
$SYS/broker/store/messages/bytes 565
$SYS/broker/heap/current 55636
$SYS/broker/heap/maximum 55880
$SYS/broker/messages/received 4468
$SYS/broker/messages/sent 729
$SYS/broker/publish/messages/received 4133
$SYS/broker/publish/messages/sent 95
$SYS/broker/bytes/received 321438
$SYS/broker/bytes/sent 86433
$SYS/broker/publish/bytes/received 155425
$SYS/broker/publish/bytes/sent 72241
$SYS/broker/uptime 44 seconds
$SYS/broker/load/messages/received/1min 4571.64
$SYS/broker/load/messages/sent/1min 953.47
$SYS/broker/load/publish/received/1min 4132.47
$SYS/broker/load/publish/sent/1min 98.53
$SYS/broker/load/bytes/received/1min 345577.65
$SYS/broker/load/bytes/sent/1min 117298.98
$SYS/broker/load/sockets/1min 5.59
$SYS/broker/load/connections/1min 5.59
$SYS/broker/load/messages/received/5min 1172.29
$SYS/broker/load/messages/sent/5min 228.96
$SYS/broker/load/publish/received/5min 1066.72
$SYS/broker/load/publish/sent/5min 24.70
$SYS/broker/load/bytes/received/5min 87414.66
$SYS/broker/load/bytes/sent/5min 27972.60
$SYS/broker/load/sockets/5min 1.64
$SYS/broker/load/connections/5min 1.64
$SYS/broker/load/messages/received/15min 408.34
$SYS/broker/load/messages/sent/15min 78.79
$SYS/broker/load/publish/received/15min 372.00
$SYS/broker/load/publish/sent/15min 8.56
$SYS/broker/load/bytes/received/15min 30374.85
$SYS/broker/load/bytes/sent/15min 9613.78
$SYS/broker/messages/stored 53
$SYS/broker/store/messages/count 53
$SYS/broker/store/messages/bytes 254
$SYS/broker/heap/current 55188
$SYS/broker/heap/maximum 56120
$SYS/broker/messages/received 6263
$SYS/broker/messages/sent 1201
$SYS/broker/publish/messages/received 5709
$SYS/broker/publish/messages/sent 131
$SYS/broker/bytes/received 465314
$SYS/broker/bytes/sent 146449
$SYS/broker/publish/bytes/received 236246
$SYS/broker/publish/bytes/sent 123209
$SYS/broker/uptime 55 seconds
$SYS/broker/load/messages/received/1min 5431.30
$SYS/broker/load/messages/sent/1min 1225.01
$SYS/broker/load/publish/received/1min 4866.50
$SYS/broker/load/publish/sent/1min 114.92
$SYS/broker/load/bytes/received/1min 418281.68
$SYS/broker/load/bytes/sent/1min 152501.71
$SYS/broker/load/sockets/1min 4.66
$SYS/broker/load/connections/1min 4.66
$SYS/broker/load/messages/received/5min 1479.44
$SYS/broker/load/messages/sent/5min 313.41
$SYS/broker/load/publish/received/5min 1334.86
$SYS/broker/load/publish/sent/5min 30.88
$SYS/broker/load/bytes/received/5min 112335.38
$SYS/broker/load/bytes/sent/5min 38754.66
$SYS/broker/load/sockets/5min 1.58
$SYS/broker/load/connections/5min 1.58
$SYS/broker/load/messages/received/15min 521.25
$SYS/broker/load/messages/sent/15min 109.11
$SYS/broker/load/publish/received/15min 470.91
$SYS/broker/load/publish/sent/15min 10.84
$SYS/broker/load/bytes/received/15min 39476.40
$SYS/broker/load/bytes/sent/15min 13474.83
$SYS/broker/store/messages/bytes 264
$SYS/broker/heap/current 55080
$SYS/broker/messages/received 8042
$SYS/broker/messages/sent 1673
$SYS/broker/publish/messages/received 7270
$SYS/broker/publish/messages/sent 167
$SYS/broker/bytes/received 608242
$SYS/broker/bytes/sent 206482
$SYS/broker/publish/bytes/received 316824
$SYS/broker/publish/bytes/sent 174194
$SYS/broker/uptime 66 seconds
$SYS/broker/load/messages/received/1min 6148.78
$SYS/broker/load/messages/sent/1min 1448.33
$SYS/broker/load/publish/received/1min 5479.41
$SYS/broker/load/publish/sent/1min 125.82
$SYS/broker/load/bytes/received/1min 479005.38
$SYS/broker/load/bytes/sent/1min 181723.58
$SYS/broker/load/sockets/1min 3.88
$SYS/broker/load/connections/1min 3.88
$SYS/broker/load/messages/received/5min 1775.93
$SYS/broker/load/messages/sent/5min 394.22
$SYS/broker/load/publish/received/5min 1593.74
$SYS/broker/load/publish/sent/5min 36.25
$SYS/broker/load/bytes/received/5min 136401.51
$SYS/broker/load/bytes/sent/5min 49130.47
$SYS/broker/load/sockets/5min 1.52
$SYS/broker/load/connections/5min 1.52
$SYS/broker/load/messages/received/15min 632.93
$SYS/broker/load/messages/sent/15min 138.86
$SYS/broker/load/publish/received/15min 568.76
$SYS/broker/load/publish/sent/15min 12.90
$SYS/broker/load/bytes/received/15min 48481.76
$SYS/broker/load/bytes/sent/15min 17282.89
$SYS/broker/heap/current 55084
$SYS/broker/heap/maximum 56388
$SYS/broker/messages/received 9823
$SYS/broker/messages/sent 2142
$SYS/broker/publish/messages/received 8833
$SYS/broker/publish/messages/sent 200
$SYS/broker/bytes/received 751387
$SYS/broker/bytes/sent 266423
$SYS/broker/publish/bytes/received 397551
$SYS/broker/publish/bytes/sent 225182
$SYS/broker/uptime 77 seconds
$SYS/broker/load/messages/received/1min 6749.74
$SYS/broker/load/messages/sent/1min 1640.64
$SYS/broker/load/publish/received/1min 5990.57
$SYS/broker/load/publish/sent/1min 134.89
$SYS/broker/load/bytes/received/1min 529988.55
$SYS/broker/load/bytes/sent/1min 206542.09
$SYS/broker/load/sockets/1min 3.23
$SYS/broker/load/connections/1min 3.23
$SYS/broker/load/messages/received/5min 2062.52
$SYS/broker/load/messages/sent/5min 473.51
$SYS/broker/load/publish/received/5min 1843.49
$SYS/broker/load/publish/sent/5min 41.42
$SYS/broker/load/bytes/received/5min 159693.88
$SYS/broker/load/bytes/sent/5min 59238.37
$SYS/broker/load/sockets/5min 1.47
$SYS/broker/load/connections/5min 1.47
$SYS/broker/load/messages/received/15min 743.52
$SYS/broker/load/messages/sent/15min 168.71
$SYS/broker/load/publish/received/15min 665.48
$SYS/broker/load/publish/sent/15min 14.93
$SYS/broker/load/bytes/received/15min 57409.01
$SYS/broker/load/bytes/sent/15min 21080.33
$SYS/broker/messages/stored 55
$SYS/broker/store/messages/count 55
$SYS/broker/store/messages/bytes 894
$SYS/broker/heap/current 56168
$SYS/broker/messages/received 11608
$SYS/broker/messages/sent 2618
$SYS/broker/publish/messages/received 10397
$SYS/broker/publish/messages/sent 233
$SYS/broker/bytes/received 895004
$SYS/broker/bytes/sent 326902
$SYS/broker/publish/bytes/received 478711
$SYS/broker/publish/bytes/sent 276639
$SYS/broker/version mosquitto version 1.5.7
$SYS/broker/uptime 0 seconds
$SYS/broker/clients/total 5
$SYS/broker/clients/maximum 5
$SYS/broker/clients/inactive 5
$SYS/broker/clients/disconnected 5
$SYS/broker/clients/active 0
$SYS/broker/clients/connected 0
$SYS/broker/clients/expired 0
$SYS/broker/load/messages/received/1min 0.00
$SYS/broker/load/messages/received/5min 0.00
$SYS/broker/load/messages/received/15min 0.00
$SYS/broker/load/messages/sent/1min 0.00
$SYS/broker/load/messages/sent/5min 0.00
$SYS/broker/load/messages/sent/15min 0.00
$SYS/broker/load/publish/dropped/1min 0.00
$SYS/broker/load/publish/dropped/5min 0.00
$SYS/broker/load/publish/dropped/15min 0.00
$SYS/broker/load/publish/received/1min 0.00
$SYS/broker/load/publish/received/5min 0.00
$SYS/broker/load/publish/received/15min 0.00
$SYS/broker/load/publish/sent/1min 0.00
$SYS/broker/load/publish/sent/5min 0.00
$SYS/broker/load/publish/sent/15min 0.00
$SYS/broker/load/bytes/received/1min 0.00
$SYS/broker/load/bytes/received/5min 0.00
$SYS/broker/load/bytes/received/15min 0.00
$SYS/broker/load/bytes/sent/1min 0.00
$SYS/broker/load/bytes/sent/5min 0.00
$SYS/broker/load/bytes/sent/15min 0.00
$SYS/broker/load/sockets/1min 0.00
$SYS/broker/load/sockets/5min 0.00
$SYS/broker/load/sockets/15min 0.00
$SYS/broker/load/connections/1min 0.00
$SYS/broker/load/connections/5min 0.00
$SYS/broker/load/connections/15min 0.00
$SYS/broker/messages/stored 37
$SYS/broker/messages/received 0
$SYS/broker/messages/sent 0
$SYS/broker/store/messages/count 37
$SYS/broker/store/messages/bytes 152
$SYS/broker/subscriptions/count 32
$SYS/broker/retained messages/count 41
$SYS/broker/heap/current 43996
$SYS/broker/heap/maximum 44736
$SYS/broker/publish/messages/dropped 0
$SYS/broker/publish/messages/received 0
$SYS/broker/publish/messages/sent 0
$SYS/broker/publish/bytes/received 0
$SYS/broker/publish/bytes/sent 0
$SYS/broker/bytes/received 0
$SYS/broker/bytes/sent 0
