2022-05-04 09:23:42,159 INFO  ==============================================================
2022-05-04 09:23:42,161 INFO  Id:    publish_sawmill_record_statistics
2022-05-04 09:23:42,164 INFO  Title: Publish sawmill and record process statistics
2022-05-04 09:23:42,166 INFO  ==============================================================
2022-05-04 09:23:44,021 INFO  EnvironmentC8y Setup
2022-05-04 09:23:44,593 INFO  Executed systemctl<serv_mapper1>, exit status 3
2022-05-04 09:24:01,072 INFO  Executed sudo<tedge_connect_c8y>, exit status 0, duration 16 secs
2022-05-04 09:24:01,945 INFO  Executed sudo<tedge_connect_c8y_test>, exit status 0
2022-05-04 09:24:02,562 INFO  Executed systemctl<serv_mosq2>, exit status 0
2022-05-04 09:24:03,080 INFO  Executed systemctl<serv_mapper3>, exit status 0
2022-05-04 09:24:03,082 INFO  Setup
2022-05-04 09:24:03,083 INFO  /home/pi/actions-runner/_work/thin-edge.io/thin-edge.io/tests/PySys/analytics/publish_sawmill_record_statistics/Output/linux
2022-05-04 09:24:03,083 INFO  Execute
2022-05-04 09:24:03,648 INFO  Executed sudo<collectd_out>, exit status 0
2022-05-04 09:24:03,660 INFO  Started mosquitto_sub_stdout with process id 26215
2022-05-04 09:25:04,722 INFO  Executed sawtooth_publisher<stdout_sawmill>, exit status 0, duration 61 secs
2022-05-04 09:25:05,197 INFO  Executed systemctl<serv_mosq>, exit status 0
2022-05-04 09:25:05,661 INFO  Executed systemctl<serv_mapper4>, exit status 0
2022-05-04 09:25:06,380 INFO  Grep on input file mosquitto_sub_stdout.out ... passed
2022-05-04 09:25:06,390 INFO  
2022-05-04 09:25:06,391 INFO  cleanup:
2022-05-04 09:25:06,393 INFO  My Cleanup
2022-05-04 09:25:07,110 INFO  Executed sudo<collectd_out>, exit status 0
2022-05-04 09:25:07,119 INFO  Exporting data from /var/lib/collectd/rrd/mythicd/exec/gauge-mosquitto-size.rrd
2022-05-04 09:25:07,283 INFO  Exporting data from /var/lib/collectd/rrd/mythicd/exec/gauge-mapper-c8y-shared.rrd
2022-05-04 09:25:07,406 INFO  Exporting data from /var/lib/collectd/rrd/mythicd/exec/gauge-mapper-c8y-text.rrd
2022-05-04 09:25:07,523 INFO  Exporting data from /var/lib/collectd/rrd/mythicd/exec/gauge-mapper-c8y-stime.rrd
2022-05-04 09:25:07,633 INFO  Exporting data from /var/lib/collectd/rrd/mythicd/exec/gauge-mapper-c8y-utime.rrd
2022-05-04 09:25:07,742 INFO  Exporting data from /var/lib/collectd/rrd/mythicd/exec/gauge-mosquitto-text.rrd
2022-05-04 09:25:07,850 INFO  Exporting data from /var/lib/collectd/rrd/mythicd/exec/gauge-mosquitto-stime.rrd
2022-05-04 09:25:07,956 INFO  Exporting data from /var/lib/collectd/rrd/mythicd/exec/gauge-mapper-c8y-data.rrd
2022-05-04 09:25:08,063 INFO  Exporting data from /var/lib/collectd/rrd/mythicd/exec/gauge-mosquitto-data.rrd
2022-05-04 09:25:08,172 INFO  Exporting data from /var/lib/collectd/rrd/mythicd/exec/gauge-mosquitto-shared.rrd
2022-05-04 09:25:08,279 INFO  Exporting data from /var/lib/collectd/rrd/mythicd/exec/gauge-mapper-c8y-resident.rrd
2022-05-04 09:25:08,384 INFO  Exporting data from /var/lib/collectd/rrd/mythicd/exec/gauge-mosquitto-utime.rrd
2022-05-04 09:25:08,489 INFO  Exporting data from /var/lib/collectd/rrd/mythicd/exec/gauge-mapper-c8y-size.rrd
2022-05-04 09:25:08,594 INFO  Exporting data from /var/lib/collectd/rrd/mythicd/exec/gauge-mosquitto-resident.rrd
2022-05-04 09:25:12,740 INFO  Executed sudo<tedge_disconnect_c8y>, exit status 0
2022-05-04 09:25:13,311 INFO  Executed systemctl<serv_mapper5>, exit status 3
2022-05-04 09:25:13,368 INFO  
2022-05-04 09:25:13,369 INFO  Test duration: 91.22 secs
2022-05-04 09:25:13,371 INFO  Test final outcome:  PASSED
2022-05-04 09:25:13,371 INFO  
