2022-04-07 16:12:10,870 INFO  ==============================================================
2022-04-07 16:12:10,871 INFO  Id:    log_request_error_messages
2022-04-07 16:12:10,873 INFO  Dir:   log_request_end_to_end/
2022-04-07 16:12:10,873 INFO  Title: Validate end to end behaviour for the log request operation check for error messages
2022-04-07 16:12:10,874 DEBUG Execution order hint: 0.0
2022-04-07 16:12:10,875 INFO  ==============================================================
2022-04-07 16:12:12,067 DEBUG EnvironmentC8y Setup
2022-04-07 16:12:12,068 INFO  EnvironmentC8y Setup
2022-04-07 16:12:12,070 DEBUG Process parameters for systemctl<serv_mapper1>
  command line : /usr/bin/systemctl status tedge-mapper-c8y
    arg #1     : status
    arg #2     : tedge-mapper-c8y
  working dir  : /home/pi/actions-runner/_work/thin-edge.io/thin-edge.io/tests/PySys/log_request_end_to_end/log_request_error_messages/Output/linux
  stdout       : /home/pi/actions-runner/_work/thin-edge.io/thin-edge.io/tests/PySys/log_request_end_to_end/log_request_error_messages/Output/linux/serv_mapper1.out
  stderr       : /home/pi/actions-runner/_work/thin-edge.io/thin-edge.io/tests/PySys/log_request_end_to_end/log_request_error_messages/Output/linux/serv_mapper1.err
  environment  : LD_LIBRARY_PATH=/usr/lib
  environment  : PATH=/bin:/usr/bin:/usr/sbin:/usr/local/bin
                   #1  /bin
                   #2  /usr/bin
                   #3  /usr/sbin
                   #4  /usr/local/bin
2022-04-07 16:12:12,078 DEBUG Waiting up to 600 secs for process systemctl<serv_mapper1> (pid 22259)
2022-04-07 16:12:12,685 INFO  Executed systemctl<serv_mapper1>, exit status 3
2022-04-07 16:12:12,793 INFO  Restarting mosquitto too frequently in the last 10 seconds. It was only up for 2 seconds
2022-04-07 16:12:12,794 INFO  Delaying execution by 9 seconds
2022-04-07 16:12:21,807 DEBUG Process parameters for sudo<tedge_connect_c8y>
  command line : /usr/bin/sudo /usr/bin/tedge connect c8y
    arg #1     : /usr/bin/tedge
    arg #2     : connect
    arg #3     : c8y
  working dir  : /home/pi/actions-runner/_work/thin-edge.io/thin-edge.io/tests/PySys/log_request_end_to_end/log_request_error_messages/Output/linux
  stdout       : /home/pi/actions-runner/_work/thin-edge.io/thin-edge.io/tests/PySys/log_request_end_to_end/log_request_error_messages/Output/linux/tedge_connect_c8y.out
  stderr       : /home/pi/actions-runner/_work/thin-edge.io/thin-edge.io/tests/PySys/log_request_end_to_end/log_request_error_messages/Output/linux/tedge_connect_c8y.err
  environment  : LD_LIBRARY_PATH=/usr/lib
  environment  : PATH=/bin:/usr/bin:/usr/sbin:/usr/local/bin
                   #1  /bin
                   #2  /usr/bin
                   #3  /usr/sbin
                   #4  /usr/local/bin
2022-04-07 16:12:21,815 DEBUG Waiting up to 600 secs for process sudo<tedge_connect_c8y> (pid 22264)
2022-04-07 16:12:35,815 INFO  Executed sudo<tedge_connect_c8y>, exit status 0, duration 14 secs
2022-04-07 16:12:35,819 DEBUG Process parameters for sudo<tedge_connect_c8y_test>
  command line : /usr/bin/sudo /usr/bin/tedge connect c8y --test
    arg #1     : /usr/bin/tedge
    arg #2     : connect
    arg #3     : c8y
    arg #4     : --test
  working dir  : /home/pi/actions-runner/_work/thin-edge.io/thin-edge.io/tests/PySys/log_request_end_to_end/log_request_error_messages/Output/linux
  stdout       : /home/pi/actions-runner/_work/thin-edge.io/thin-edge.io/tests/PySys/log_request_end_to_end/log_request_error_messages/Output/linux/tedge_connect_c8y_test.out
  stderr       : /home/pi/actions-runner/_work/thin-edge.io/thin-edge.io/tests/PySys/log_request_end_to_end/log_request_error_messages/Output/linux/tedge_connect_c8y_test.err
  environment  : LD_LIBRARY_PATH=/usr/lib
  environment  : PATH=/bin:/usr/bin:/usr/sbin:/usr/local/bin
                   #1  /bin
                   #2  /usr/bin
                   #3  /usr/sbin
                   #4  /usr/local/bin
2022-04-07 16:12:35,827 DEBUG Waiting up to 600 secs for process sudo<tedge_connect_c8y_test> (pid 22371)
2022-04-07 16:12:36,436 INFO  Executed sudo<tedge_connect_c8y_test>, exit status 0
2022-04-07 16:12:36,439 DEBUG Process parameters for systemctl<serv_mosq2>
  command line : /usr/bin/systemctl status mosquitto
    arg #1     : status
    arg #2     : mosquitto
  working dir  : /home/pi/actions-runner/_work/thin-edge.io/thin-edge.io/tests/PySys/log_request_end_to_end/log_request_error_messages/Output/linux
  stdout       : /home/pi/actions-runner/_work/thin-edge.io/thin-edge.io/tests/PySys/log_request_end_to_end/log_request_error_messages/Output/linux/serv_mosq2.out
  stderr       : /home/pi/actions-runner/_work/thin-edge.io/thin-edge.io/tests/PySys/log_request_end_to_end/log_request_error_messages/Output/linux/serv_mosq2.err
  environment  : LD_LIBRARY_PATH=/usr/lib
  environment  : PATH=/bin:/usr/bin:/usr/sbin:/usr/local/bin
                   #1  /bin
                   #2  /usr/bin
                   #3  /usr/sbin
                   #4  /usr/local/bin
2022-04-07 16:12:36,446 DEBUG Waiting up to 600 secs for process systemctl<serv_mosq2> (pid 22378)
2022-04-07 16:12:36,913 INFO  Executed systemctl<serv_mosq2>, exit status 0
2022-04-07 16:12:36,916 DEBUG Process parameters for systemctl<serv_mapper3>
  command line : /usr/bin/systemctl status tedge-mapper-c8y
    arg #1     : status
    arg #2     : tedge-mapper-c8y
  working dir  : /home/pi/actions-runner/_work/thin-edge.io/thin-edge.io/tests/PySys/log_request_end_to_end/log_request_error_messages/Output/linux
  stdout       : /home/pi/actions-runner/_work/thin-edge.io/thin-edge.io/tests/PySys/log_request_end_to_end/log_request_error_messages/Output/linux/serv_mapper3.out
  stderr       : /home/pi/actions-runner/_work/thin-edge.io/thin-edge.io/tests/PySys/log_request_end_to_end/log_request_error_messages/Output/linux/serv_mapper3.err
  environment  : LD_LIBRARY_PATH=/usr/lib
  environment  : PATH=/bin:/usr/bin:/usr/sbin:/usr/local/bin
                   #1  /bin
                   #2  /usr/bin
                   #3  /usr/sbin
                   #4  /usr/local/bin
2022-04-07 16:12:36,924 DEBUG Waiting up to 600 secs for process systemctl<serv_mapper3> (pid 22379)
2022-04-07 16:12:37,381 INFO  Executed systemctl<serv_mapper3>, exit status 0
2022-04-07 16:12:37,384 DEBUG Process parameters for sudo<rm_logs>
  command line : /usr/bin/sudo rm -rf /tmp/sw_logs
    arg #1     : rm
    arg #2     : -rf
    arg #3     : /tmp/sw_logs
  working dir  : /home/pi/actions-runner/_work/thin-edge.io/thin-edge.io/tests/PySys/log_request_end_to_end/log_request_error_messages/Output/linux
  stdout       : /home/pi/actions-runner/_work/thin-edge.io/thin-edge.io/tests/PySys/log_request_end_to_end/log_request_error_messages/Output/linux/rm_logs.out
  stderr       : /home/pi/actions-runner/_work/thin-edge.io/thin-edge.io/tests/PySys/log_request_end_to_end/log_request_error_messages/Output/linux/rm_logs.err
  environment  : LD_LIBRARY_PATH=/usr/lib
  environment  : PATH=/bin:/usr/bin:/usr/sbin:/usr/local/bin
                   #1  /bin
                   #2  /usr/bin
                   #3  /usr/sbin
                   #4  /usr/local/bin
2022-04-07 16:12:37,392 DEBUG Waiting up to 600 secs for process sudo<rm_logs> (pid 22380)
2022-04-07 16:12:37,924 INFO  Executed sudo<rm_logs>, exit status 0
2022-04-07 16:12:37,954 DEBUG Process parameters for sudo<move_logs>
  command line : /usr/bin/sudo sh -c 'mv /tmp/sw_logs/* /var/log/tedge/agent/'
    arg #1     : sh
    arg #2     : -c
    arg #3     : mv /tmp/sw_logs/* /var/log/tedge/agent/
  working dir  : /home/pi/actions-runner/_work/thin-edge.io/thin-edge.io/tests/PySys/log_request_end_to_end/log_request_error_messages/Output/linux
  stdout       : /home/pi/actions-runner/_work/thin-edge.io/thin-edge.io/tests/PySys/log_request_end_to_end/log_request_error_messages/Output/linux/move_logs.out
  stderr       : /home/pi/actions-runner/_work/thin-edge.io/thin-edge.io/tests/PySys/log_request_end_to_end/log_request_error_messages/Output/linux/move_logs.err
  environment  : LD_LIBRARY_PATH=/usr/lib
  environment  : PATH=/bin:/usr/bin:/usr/sbin:/usr/local/bin
                   #1  /bin
                   #2  /usr/bin
                   #3  /usr/sbin
                   #4  /usr/local/bin
2022-04-07 16:12:37,962 DEBUG Waiting up to 600 secs for process sudo<move_logs> (pid 22382)
2022-04-07 16:12:38,526 INFO  Executed sudo<move_logs>, exit status 0
2022-04-07 16:12:38,527 DEBUG --- test execute
2022-04-07 16:12:38,555 DEBUG Starting new HTTPS connection (1): thin-edge-io.eu-latest.cumulocity.com:443
2022-04-07 16:12:38,798 DEBUG https://thin-edge-io.eu-latest.cumulocity.com:443 "POST /devicecontrol/operations HTTP/1.1" 201 419
2022-04-07 16:12:38,814 DEBUG --- test validate
2022-04-07 16:12:38,831 DEBUG Starting new HTTPS connection (1): thin-edge-io.eu-latest.cumulocity.com:443
2022-04-07 16:12:39,015 DEBUG https://thin-edge-io.eu-latest.cumulocity.com:443 "GET /devicecontrol/operations/16994071 HTTP/1.1" 200 571
2022-04-07 16:12:39,030 INFO  log response None
2022-04-07 16:12:39,031 WARN  retry, retrying in 1 seconds...
2022-04-07 16:12:40,050 DEBUG Starting new HTTPS connection (1): thin-edge-io.eu-latest.cumulocity.com:443
2022-04-07 16:12:40,235 DEBUG https://thin-edge-io.eu-latest.cumulocity.com:443 "GET /devicecontrol/operations/16994071 HTTP/1.1" 200 660
2022-04-07 16:12:40,251 INFO  log response https://thin-edge-io.eu-latest.cumulocity.com/event/events/16980720/binaries
2022-04-07 16:12:40,267 DEBUG Starting new HTTPS connection (1): thin-edge-io.eu-latest.cumulocity.com:443
2022-04-07 16:12:40,610 DEBUG https://thin-edge-io.eu-latest.cumulocity.com:443 "GET /event/events/16980720/binaries HTTP/1.1" 200 0
2022-04-07 16:12:41,182 WARN  Assert that (True == value) with value=False ... failed [run.py:43]
2022-04-07 16:12:41,192 DEBUG --- test cleanup
2022-04-07 16:12:41,194 INFO  
2022-04-07 16:12:41,194 INFO  cleanup:
2022-04-07 16:12:41,195 DEBUG Running registered cleanup function: <bound method LogRequestVerifySearchTextError.cleanup_logs of <LogRequestVerifySearchTextError object at 0x75e655d0>>
2022-04-07 16:12:41,197 DEBUG Process parameters for sudo<rm_logs>
  command line : /usr/bin/sudo sh -c 'rm -rf /var/log/tedge/agent/example-*'
    arg #1     : sh
    arg #2     : -c
    arg #3     : rm -rf /var/log/tedge/agent/example-*
  working dir  : /home/pi/actions-runner/_work/thin-edge.io/thin-edge.io/tests/PySys/log_request_end_to_end/log_request_error_messages/Output/linux
  stdout       : /home/pi/actions-runner/_work/thin-edge.io/thin-edge.io/tests/PySys/log_request_end_to_end/log_request_error_messages/Output/linux/rm_logs.out
  stderr       : /home/pi/actions-runner/_work/thin-edge.io/thin-edge.io/tests/PySys/log_request_end_to_end/log_request_error_messages/Output/linux/rm_logs.err
  environment  : LD_LIBRARY_PATH=/usr/lib
  environment  : PATH=/bin:/usr/bin:/usr/sbin:/usr/local/bin
                   #1  /bin
                   #2  /usr/bin
                   #3  /usr/sbin
                   #4  /usr/local/bin
2022-04-07 16:12:41,204 DEBUG Waiting up to 600 secs for process sudo<rm_logs> (pid 22394)
2022-04-07 16:12:41,711 INFO  Executed sudo<rm_logs>, exit status 0
2022-04-07 16:12:41,715 DEBUG Process parameters for sudo<rm_tmp_logs>
  command line : /usr/bin/sudo rm -rf /tmp/sw_logs
    arg #1     : rm
    arg #2     : -rf
    arg #3     : /tmp/sw_logs
  working dir  : /home/pi/actions-runner/_work/thin-edge.io/thin-edge.io/tests/PySys/log_request_end_to_end/log_request_error_messages/Output/linux
  stdout       : /home/pi/actions-runner/_work/thin-edge.io/thin-edge.io/tests/PySys/log_request_end_to_end/log_request_error_messages/Output/linux/rm_tmp_logs.out
  stderr       : /home/pi/actions-runner/_work/thin-edge.io/thin-edge.io/tests/PySys/log_request_end_to_end/log_request_error_messages/Output/linux/rm_tmp_logs.err
  environment  : LD_LIBRARY_PATH=/usr/lib
  environment  : PATH=/bin:/usr/bin:/usr/sbin:/usr/local/bin
                   #1  /bin
                   #2  /usr/bin
                   #3  /usr/sbin
                   #4  /usr/local/bin
2022-04-07 16:12:41,723 DEBUG Waiting up to 600 secs for process sudo<rm_tmp_logs> (pid 22397)
2022-04-07 16:12:42,230 INFO  Executed sudo<rm_tmp_logs>, exit status 0
2022-04-07 16:12:42,233 DEBUG Process parameters for sudo<send_failed>
  command line : /usr/bin/sudo /usr/bin/tedge mqtt pub c8y/s/us 502,c8y_LogfileRequest
    arg #1     : /usr/bin/tedge
    arg #2     : mqtt
    arg #3     : pub
    arg #4     : c8y/s/us
    arg #5     : 502,c8y_LogfileRequest
  working dir  : /home/pi/actions-runner/_work/thin-edge.io/thin-edge.io/tests/PySys/log_request_end_to_end/log_request_error_messages/Output/linux
  stdout       : /home/pi/actions-runner/_work/thin-edge.io/thin-edge.io/tests/PySys/log_request_end_to_end/log_request_error_messages/Output/linux/send_failed.out
  stderr       : /home/pi/actions-runner/_work/thin-edge.io/thin-edge.io/tests/PySys/log_request_end_to_end/log_request_error_messages/Output/linux/send_failed.err
  environment  : LD_LIBRARY_PATH=/usr/lib
  environment  : PATH=/bin:/usr/bin:/usr/sbin:/usr/local/bin
                   #1  /bin
                   #2  /usr/bin
                   #3  /usr/sbin
                   #4  /usr/local/bin
2022-04-07 16:12:42,241 DEBUG Waiting up to 600 secs for process sudo<send_failed> (pid 22399)
2022-04-07 16:12:42,751 INFO  Executed sudo<send_failed>, exit status 0
2022-04-07 16:12:42,754 DEBUG Running registered cleanup function: <bound method EnvironmentC8y.myenvcleanup of <LogRequestVerifySearchTextError object at 0x75e655d0>>
2022-04-07 16:12:42,755 DEBUG EnvironmentC8y Cleanup
2022-04-07 16:12:42,870 DEBUG Process parameters for sudo<tedge_disconnect_c8y>
  command line : /usr/bin/sudo /usr/bin/tedge disconnect c8y
    arg #1     : /usr/bin/tedge
    arg #2     : disconnect
    arg #3     : c8y
  working dir  : /home/pi/actions-runner/_work/thin-edge.io/thin-edge.io/tests/PySys/log_request_end_to_end/log_request_error_messages/Output/linux
  stdout       : /home/pi/actions-runner/_work/thin-edge.io/thin-edge.io/tests/PySys/log_request_end_to_end/log_request_error_messages/Output/linux/tedge_disconnect_c8y.out
  stderr       : /home/pi/actions-runner/_work/thin-edge.io/thin-edge.io/tests/PySys/log_request_end_to_end/log_request_error_messages/Output/linux/tedge_disconnect_c8y.err
  environment  : LD_LIBRARY_PATH=/usr/lib
  environment  : PATH=/bin:/usr/bin:/usr/sbin:/usr/local/bin
                   #1  /bin
                   #2  /usr/bin
                   #3  /usr/sbin
                   #4  /usr/local/bin
2022-04-07 16:12:42,878 DEBUG Waiting up to 600 secs for process sudo<tedge_disconnect_c8y> (pid 22404)
2022-04-07 16:12:46,684 INFO  Executed sudo<tedge_disconnect_c8y>, exit status 0
2022-04-07 16:12:46,687 DEBUG Process parameters for systemctl<serv_mapper5>
  command line : /usr/bin/systemctl status tedge-mapper-c8y
    arg #1     : status
    arg #2     : tedge-mapper-c8y
  working dir  : /home/pi/actions-runner/_work/thin-edge.io/thin-edge.io/tests/PySys/log_request_end_to_end/log_request_error_messages/Output/linux
  stdout       : /home/pi/actions-runner/_work/thin-edge.io/thin-edge.io/tests/PySys/log_request_end_to_end/log_request_error_messages/Output/linux/serv_mapper5.out
  stderr       : /home/pi/actions-runner/_work/thin-edge.io/thin-edge.io/tests/PySys/log_request_end_to_end/log_request_error_messages/Output/linux/serv_mapper5.err
  environment  : LD_LIBRARY_PATH=/usr/lib
  environment  : PATH=/bin:/usr/bin:/usr/sbin:/usr/local/bin
                   #1  /bin
                   #2  /usr/bin
                   #3  /usr/sbin
                   #4  /usr/local/bin
2022-04-07 16:12:46,695 DEBUG Waiting up to 600 secs for process systemctl<serv_mapper5> (pid 22444)
2022-04-07 16:12:47,251 INFO  Executed systemctl<serv_mapper5>, exit status 3
2022-04-07 16:12:47,253 DEBUG ProcessUser cleanup function done.
2022-04-07 16:12:47,256 INFO  
2022-04-07 16:12:47,257 INFO  Test duration: 36.39 secs
2022-04-07 16:12:47,258 INFO  Test final outcome:  FAILED
2022-04-07 16:12:47,259 INFO  Test outcome reason: Assert that (True == value) with value=False
2022-04-07 16:12:47,260 INFO  
