2022-05-09 07:11:42,210 INFO  ==============================================================
2022-05-09 07:11:42,211 INFO  Id:    tedge_mapper_c8y_alarms
2022-05-09 07:11:42,212 INFO  Dir:   tedge_mapper_c8y/
2022-05-09 07:11:42,213 INFO  Title: Validate that alarms sent to tedge/alarms topic \ gets mapped as alarms in Cumulocity
2022-05-09 07:11:42,213 INFO  ==============================================================
2022-05-09 07:11:42,228 INFO  EnvironmentC8y Setup
2022-05-09 07:11:42,789 INFO  Executed systemctl<serv_mapper1>, exit status 3
2022-05-09 07:11:59,824 INFO  Executed sudo<tedge_connect_c8y>, exit status 0, duration 16 secs
2022-05-09 07:12:00,438 INFO  Executed sudo<tedge_connect_c8y_test>, exit status 0
2022-05-09 07:12:00,950 INFO  Executed systemctl<serv_mosq2>, exit status 0
2022-05-09 07:12:01,513 INFO  Executed systemctl<serv_mapper3>, exit status 0
2022-05-09 07:12:06,934 INFO  Executed tedge, exit status 0
2022-05-09 07:12:07,344 INFO  Executed tedge, exit status 0
2022-05-09 07:12:07,754 INFO  Executed tedge, exit status 0
2022-05-09 07:12:08,215 INFO  Executed tedge, exit status 0
2022-05-09 07:12:08,626 INFO  Executed tedge, exit status 0
2022-05-09 07:12:09,849 INFO  {
    "severity": "CRITICAL",
    "creationTime": "2022-05-09T07:12:07.754Z",
    "count": 1,
    "history": {
        "auditRecords": [],
        "self": "https://t493319102.eu-latest.cumulocity.com/audit/auditRecords"
    },
    "source": {
        "name": "m32sd11f",
        "self": "https://t493319102.eu-latest.cumulocity.com/inventory/managedObjects/18457340",
        "id": "18457340"
    },
    "type": "temperature_dangerous",
    "lastUpdated": "2022-05-09T07:12:07.754Z",
    "self": "https://t493319102.eu-latest.cumulocity.com/alarm/alarms/18520434",
    "time": "2022-05-09T07:12:07.735Z",
    "id": "18520434",
    "text": "temperature is dangerously high",
    "status": "ACTIVE"
}
2022-05-09 07:12:09,851 INFO  Assert that (actual == expected) with actual="temperature_dangerous", expected="temperature_dangerous" ... passed
2022-05-09 07:12:09,853 INFO  Assert that (actual == expected) with actual="CRITICAL", expected="CRITICAL" ... passed
2022-05-09 07:12:09,855 INFO  Assert that (actual == expected) with actual="temperature is dangerously high", expected="temperature is dangerously high" ... passed
2022-05-09 07:12:09,856 INFO  {
    "severity": "MAJOR",
    "creationTime": "2022-05-09T07:12:07.346Z",
    "count": 1,
    "history": {
        "auditRecords": [],
        "self": "https://t493319102.eu-latest.cumulocity.com/audit/auditRecords"
    },
    "source": {
        "name": "m32sd11f",
        "self": "https://t493319102.eu-latest.cumulocity.com/inventory/managedObjects/18457340",
        "id": "18457340"
    },
    "type": "temperature_very_high",
    "lastUpdated": "2022-05-09T07:12:07.346Z",
    "self": "https://t493319102.eu-latest.cumulocity.com/alarm/alarms/18520432",
    "time": "2022-05-09T07:12:07.327Z",
    "id": "18520432",
    "text": "temperature is very high",
    "status": "ACTIVE"
}
2022-05-09 07:12:09,857 INFO  Assert that (actual == expected) with actual="temperature_very_high", expected="temperature_very_high" ... passed
2022-05-09 07:12:09,859 INFO  Assert that (actual == expected) with actual="MAJOR", expected="MAJOR" ... passed
2022-05-09 07:12:09,860 INFO  Assert that (actual == expected) with actual="temperature is very high", expected="temperature is very high" ... passed
2022-05-09 07:12:09,862 INFO  {
    "severity": "WARNING",
    "creationTime": "2022-05-09T07:12:06.937Z",
    "count": 1,
    "history": {
        "auditRecords": [],
        "self": "https://t493319102.eu-latest.cumulocity.com/audit/auditRecords"
    },
    "source": {
        "name": "m32sd11f",
        "self": "https://t493319102.eu-latest.cumulocity.com/inventory/managedObjects/18457340",
        "id": "18457340"
    },
    "type": "temperature_high",
    "lastUpdated": "2022-05-09T07:12:06.937Z",
    "self": "https://t493319102.eu-latest.cumulocity.com/alarm/alarms/18520430",
    "time": "2021-12-15T15:22:06.464+05:30",
    "id": "18520430",
    "text": "temperature is high",
    "status": "ACTIVE"
}
2022-05-09 07:12:09,863 INFO  Assert that (actual == expected) with actual="temperature_high", expected="temperature_high" ... passed
2022-05-09 07:12:09,865 INFO  Assert that (actual == expected) with actual="WARNING", expected="WARNING" ... passed
2022-05-09 07:12:09,866 INFO  Assert that (actual == expected) with actual="temperature is high", expected="temperature is high" ... passed
2022-05-09 07:12:09,867 INFO  Assert that (actual == expected) with actual="temperature_high", expected="temperature_high" ... passed
2022-05-09 07:12:09,874 INFO  
2022-05-09 07:12:09,875 INFO  cleanup:
2022-05-09 07:12:10,285 INFO  Executed tedge, exit status 0
2022-05-09 07:12:10,696 INFO  Executed tedge, exit status 0
2022-05-09 07:12:11,107 INFO  Executed tedge, exit status 0
2022-05-09 07:12:16,943 INFO  Executed sudo<tedge_disconnect_c8y>, exit status 0
2022-05-09 07:12:17,506 INFO  Executed systemctl<serv_mapper5>, exit status 3
2022-05-09 07:12:17,510 INFO  
2022-05-09 07:12:17,511 INFO  Test duration: 35.31 secs
2022-05-09 07:12:17,512 INFO  Test final outcome:  PASSED
2022-05-09 07:12:17,513 INFO  
