2022-04-12 09:40:48,825 INFO  ==============================================================
2022-04-12 09:40:48,826 INFO  Id:    SoftwareManagement.sm_apt_install_fail
2022-04-12 09:40:48,827 INFO  Dir:   software_management_end_to_end/
2022-04-12 09:40:48,828 INFO  Title: Validate end to end behaviour for a failing installation
2022-04-12 09:40:48,829 INFO  ==============================================================
2022-04-12 09:40:48,834 INFO  Using sw id database: {'asciijump': '5475369', 'robotfindskitten': '5474869', 'squirrel3': '5475279', 'rolldice': '5152439', 'moon-buggy': '5439204', 'apple': '5495053', 'banana': '5494888', 'cherry': '5495382', 'watermelon': '5494510', 'registry': '8018911', 'hello-world': '8021526', 'docker/getting-started': '8021973', 'alpine': '7991792'}
2022-04-12 09:40:48,835 INFO  EnvironmentC8y Setup
2022-04-12 09:40:49,448 INFO  Executed systemctl<serv_mapper1>, exit status 3
2022-04-12 09:40:49,570 INFO  Restarting mosquitto too frequently in the last 10 seconds. It was only up for 5 seconds
2022-04-12 09:40:49,572 INFO  Delaying execution by 6 seconds
2022-04-12 09:41:09,487 INFO  Executed sudo<tedge_connect_c8y>, exit status 0, duration 13 secs
2022-04-12 09:41:10,103 INFO  Executed sudo<tedge_connect_c8y_test>, exit status 0
2022-04-12 09:41:10,617 INFO  Executed systemctl<serv_mosq2>, exit status 0
2022-04-12 09:41:11,079 INFO  Executed systemctl<serv_mapper3>, exit status 0
2022-04-12 09:41:13,347 INFO  State of current operation: PENDING
2022-04-12 09:41:15,568 INFO  State of current operation: PENDING
2022-04-12 09:41:17,793 INFO  State of current operation: PENDING
2022-04-12 09:41:20,027 INFO  State of current operation: PENDING
2022-04-12 09:41:22,243 INFO  State of current operation: PENDING
2022-04-12 09:41:24,463 INFO  State of current operation: PENDING
2022-04-12 09:41:26,684 INFO  State of current operation: PENDING
2022-04-12 09:41:28,903 INFO  State of current operation: PENDING
2022-04-12 09:41:31,136 INFO  State of current operation: PENDING
2022-04-12 09:41:33,355 INFO  State of current operation: PENDING
2022-04-12 09:41:35,580 INFO  State of current operation: PENDING
2022-04-12 09:41:37,807 INFO  State of current operation: PENDING
2022-04-12 09:41:40,030 INFO  State of current operation: PENDING
2022-04-12 09:41:42,252 INFO  State of current operation: PENDING
2022-04-12 09:41:44,480 INFO  State of current operation: PENDING
2022-04-12 09:41:46,703 INFO  State of current operation: PENDING
2022-04-12 09:41:48,925 INFO  State of current operation: PENDING
2022-04-12 09:41:51,147 INFO  State of current operation: PENDING
2022-04-12 09:41:53,369 INFO  State of current operation: PENDING
2022-04-12 09:41:55,603 INFO  State of current operation: PENDING
2022-04-12 09:41:57,831 INFO  State of current operation: PENDING
2022-04-12 09:42:00,050 INFO  State of current operation: PENDING
2022-04-12 09:42:02,270 INFO  State of current operation: PENDING
2022-04-12 09:42:04,494 INFO  State of current operation: PENDING
2022-04-12 09:42:06,716 INFO  State of current operation: PENDING
2022-04-12 09:42:08,955 INFO  State of current operation: PENDING
2022-04-12 09:42:11,180 INFO  State of current operation: PENDING
2022-04-12 09:42:13,428 INFO  State of current operation: PENDING
2022-04-12 09:42:15,650 INFO  State of current operation: PENDING
2022-04-12 09:42:17,872 INFO  State of current operation: PENDING
2022-04-12 09:42:20,096 INFO  State of current operation: PENDING
2022-04-12 09:42:22,317 INFO  State of current operation: PENDING
2022-04-12 09:42:24,531 INFO  State of current operation: PENDING
2022-04-12 09:42:26,751 INFO  State of current operation: PENDING
2022-04-12 09:42:28,969 INFO  State of current operation: PENDING
2022-04-12 09:42:31,190 INFO  State of current operation: PENDING
2022-04-12 09:42:33,412 INFO  State of current operation: PENDING
2022-04-12 09:42:35,635 INFO  State of current operation: PENDING
2022-04-12 09:42:37,855 INFO  State of current operation: PENDING
2022-04-12 09:42:40,077 INFO  State of current operation: PENDING
2022-04-12 09:42:42,300 INFO  State of current operation: PENDING
2022-04-12 09:42:44,575 INFO  State of current operation: PENDING
2022-04-12 09:42:46,798 INFO  State of current operation: PENDING
2022-04-12 09:42:49,036 INFO  State of current operation: PENDING
2022-04-12 09:42:51,256 INFO  State of current operation: PENDING
2022-04-12 09:42:53,475 INFO  State of current operation: PENDING
2022-04-12 09:42:55,695 INFO  State of current operation: PENDING
2022-04-12 09:42:57,922 INFO  State of current operation: PENDING
2022-04-12 09:43:00,153 INFO  State of current operation: PENDING
2022-04-12 09:43:02,373 INFO  State of current operation: PENDING
2022-04-12 09:43:04,596 INFO  State of current operation: PENDING
2022-04-12 09:43:06,829 INFO  State of current operation: PENDING
2022-04-12 09:43:09,049 INFO  State of current operation: PENDING
2022-04-12 09:43:11,270 INFO  State of current operation: PENDING
2022-04-12 09:43:13,494 INFO  State of current operation: PENDING
2022-04-12 09:43:15,715 INFO  State of current operation: PENDING
2022-04-12 09:43:17,931 INFO  State of current operation: PENDING
2022-04-12 09:43:20,152 INFO  State of current operation: PENDING
2022-04-12 09:43:22,369 INFO  State of current operation: PENDING
2022-04-12 09:43:24,590 INFO  State of current operation: PENDING
2022-04-12 09:43:26,807 INFO  State of current operation: PENDING
2022-04-12 09:43:28,813 WARN  SystemError occurred while running test - Timeout while waiting for status FAILED or SUCCESSFUL
Traceback (most recent call last):
  File "/home/pi/env-pysys/lib/python3.7/site-packages/pysys/baserunner.py", line 1292, in __call__
    self.testObj.setup()
  File "/home/pi/actions-runner/_work/thin-edge.io/thin-edge.io/tests/PySys/software_management_end_to_end/sm_apt_install_fail/run.py", line 20, in setup
    super().setup()
  File "/home/pi/actions-runner/_work/thin-edge.io/thin-edge.io/tests/PySys/software_management_end_to_end/environment_sm_management.py", line 151, in setup
    self.wait_until_end()
  File "/home/pi/actions-runner/_work/thin-edge.io/thin-edge.io/tests/PySys/software_management_end_to_end/environment_sm_management.py", line 332, in wait_until_end
    self.wait_until_status("FAILED", "SUCCESSFUL")
  File "/home/pi/actions-runner/_work/thin-edge.io/thin-edge.io/tests/PySys/software_management_end_to_end/environment_sm_management.py", line 381, in wait_until_status
    "Timeout while waiting for status %s or %s" % (status, status2)
SystemError: Timeout while waiting for status FAILED or SUCCESSFUL
2022-04-12 09:43:28,843 WARN  SystemError: Timeout while waiting for status FAILED or SUCCESSFUL ... blocked 
2022-04-12 09:43:28,844 INFO  
2022-04-12 09:43:28,845 INFO  cleanup:
2022-04-12 09:43:33,009 INFO  Executed sudo<tedge_disconnect_c8y>, exit status 0
2022-04-12 09:43:33,625 INFO  Executed systemctl<serv_mapper5>, exit status 3
2022-04-12 09:43:33,629 INFO  
2022-04-12 09:43:33,630 INFO  Test duration: 164.82 secs
2022-04-12 09:43:33,631 INFO  Test final outcome:  BLOCKED
2022-04-12 09:43:33,632 INFO  Test outcome reason: SystemError: Timeout while waiting for status FAILED or SUCCESSFUL
2022-04-12 09:43:33,633 INFO  
