2022-04-11 10:07:25,259 INFO  ==============================================================
2022-04-11 10:07:25,260 INFO  Id:    apt_list_format
2022-04-11 10:07:25,261 INFO  Dir:   plugin_apt/
2022-04-11 10:07:25,262 INFO  Title: Validate apt plugin list output format
2022-04-11 10:07:25,262 DEBUG Execution order hint: 0.0
2022-04-11 10:07:25,263 INFO  ==============================================================
2022-04-11 10:07:25,268 DEBUG --- test execute
2022-04-11 10:07:25,270 DEBUG Process parameters for apt_plugin
  command line : /etc/tedge/sm-plugins/apt list
    arg #1     : list
  working dir  : /home/pi/actions-runner/_work/thin-edge.io/thin-edge.io/tests/PySys/plugin_apt/apt_list_format/Output/linux
  stdout       : /home/pi/actions-runner/_work/thin-edge.io/thin-edge.io/tests/PySys/plugin_apt/apt_list_format/Output/linux/apt_plugin.out
  stderr       : /home/pi/actions-runner/_work/thin-edge.io/thin-edge.io/tests/PySys/plugin_apt/apt_list_format/Output/linux/apt_plugin.err
  environment  : LD_LIBRARY_PATH=/usr/lib
  environment  : PATH=/bin:/usr/bin:/usr/sbin:/usr/local/bin
                   #1  /bin
                   #2  /usr/bin
                   #3  /usr/sbin
                   #4  /usr/local/bin
2022-04-11 10:07:25,277 DEBUG Waiting up to 600 secs for process apt_plugin (pid 26488)
2022-04-11 10:07:27,745 INFO  Executed apt_plugin, exit status 0
2022-04-11 10:07:27,748 DEBUG Process parameters for dpkg-query<dpkg_query>
  command line : /usr/bin/dpkg-query '--showformat=${Package}\t${Version}\n' --show dash
    arg #1     : --showformat=${Package}\t${Version}\n
    arg #2     : --show
    arg #3     : dash
  working dir  : /home/pi/actions-runner/_work/thin-edge.io/thin-edge.io/tests/PySys/plugin_apt/apt_list_format/Output/linux
  stdout       : /home/pi/actions-runner/_work/thin-edge.io/thin-edge.io/tests/PySys/plugin_apt/apt_list_format/Output/linux/dpkg_query.out
  stderr       : /home/pi/actions-runner/_work/thin-edge.io/thin-edge.io/tests/PySys/plugin_apt/apt_list_format/Output/linux/dpkg_query.err
  environment  : LD_LIBRARY_PATH=/usr/lib
  environment  : PATH=/bin:/usr/bin:/usr/sbin:/usr/local/bin
                   #1  /bin
                   #2  /usr/bin
                   #3  /usr/sbin
                   #4  /usr/local/bin
2022-04-11 10:07:27,755 DEBUG Waiting up to 600 secs for process dpkg-query<dpkg_query> (pid 26493)
2022-04-11 10:07:28,262 INFO  Executed dpkg-query<dpkg_query>, exit status 0
2022-04-11 10:07:28,263 DEBUG --- test validate
2022-04-11 10:07:28,266 DEBUG Performing regex contains=True grep on file: /home/pi/actions-runner/_work/thin-edge.io/thin-edge.io/tests/PySys/plugin_apt/apt_list_format/Output/linux/apt_plugin.out
2022-04-11 10:07:28,272 DEBUG Grep on file apt_plugin.out successfully matched expression 'dash\t0.5.10.2-5' with line: 'dash\t0.5.10.2-5\n'
2022-04-11 10:07:28,273 INFO  Grep on file apt_plugin.out ... passed
2022-04-11 10:07:28,278 DEBUG --- test cleanup
2022-04-11 10:07:28,279 DEBUG ProcessUser cleanup function done.
2022-04-11 10:07:28,282 INFO  
2022-04-11 10:07:28,283 INFO  Test duration: 3.03 secs
2022-04-11 10:07:28,284 INFO  Test final outcome:  PASSED
2022-04-11 10:07:28,285 INFO  
