2022-05-03 08:56:00,610 INFO  ==============================================================
2022-05-03 08:56:00,611 INFO  Id:    SoftwareManagement.sm_apt_install_download_path
2022-05-03 08:56:00,612 INFO  Dir:   software_management_end_to_end/
2022-05-03 08:56:00,613 INFO  Title: Install package to directory specified in tedge config set tmp.path
2022-05-03 08:56:00,614 INFO  ==============================================================
2022-05-03 08:56:01,951 INFO  Using sw id database: {'asciijump': '5475369', 'robotfindskitten': '5474869', 'squirrel3': '5475279', 'rolldice': '5152439', 'moon-buggy': '5439204', 'apple': '5495053', 'banana': '5494888', 'cherry': '5495382', 'watermelon': '5494510', 'registry': '8018911', 'hello-world': '8021526', 'docker/getting-started': '8021973', 'alpine': '7991792'}
2022-05-03 08:56:01,952 INFO  EnvironmentC8y Setup
2022-05-03 08:56:02,518 INFO  Executed systemctl<serv_mapper1>, exit status 3
2022-05-03 08:56:17,535 INFO  Executed sudo<tedge_connect_c8y>, exit status 0, duration 14 secs
2022-05-03 08:56:18,202 INFO  Executed sudo<tedge_connect_c8y_test>, exit status 0
2022-05-03 08:56:18,666 INFO  Executed systemctl<serv_mosq2>, exit status 0
2022-05-03 08:56:19,141 INFO  Executed systemctl<serv_mapper3>, exit status 0
2022-05-03 08:56:21,387 INFO  State of current operation: SUCCESSFUL
2022-05-03 08:56:21,625 INFO  Assert that (False == value) with value=False ... passed
2022-05-03 08:56:22,138 INFO  Executed sudo, exit status 0
2022-05-03 08:56:22,650 INFO  Executed sudo, exit status 0
2022-05-03 08:56:23,375 INFO  Executed sudo, exit status 0
2022-05-03 08:56:27,383 INFO  Executed sudo<tedge_disconnect_c8y>, exit status 0
2022-05-03 08:56:27,494 INFO  Restarting mosquitto too frequently in the last 10 seconds. It was only up for 3 seconds
2022-05-03 08:56:27,495 INFO  Delaying execution by 8 seconds
2022-05-03 08:56:49,527 INFO  Executed sudo<tedge_connect_c8y>, exit status 0, duration 14 secs
2022-05-03 08:56:49,785 INFO  Response status: 201
2022-05-03 08:56:49,787 INFO  Response to action: {
    "creationTime": "2022-05-03T08:56:49.742Z",
    "deviceName": "mythicd",
    "deviceId": "18233697",
    "self": "https://t493319102.eu-latest.cumulocity.com/devicecontrol/operations/18273286",
    "id": "18273286",
    "status": "PENDING",
    "description": "Apply software changes, triggered from PySys: [{'name': 'rolldice', 'id': '5152439', 'version': '::apt', 'url': 'https://thin-edge-io.eu-latest.cumulocity.com/inventory/binaries/12435463', 'action': 'install'}]",
    "c8y_SoftwareUpdate": [
        {
            "name": "rolldice",
            "action": "install",
            "id": "5152439",
            "version": "::apt",
            "url": "https://thin-edge-io.eu-latest.cumulocity.com/inventory/binaries/12435463"
        }
    ]
}
2022-05-03 08:56:49,788 INFO  Started operation: {'creationTime': '2022-05-03T08:56:49.742Z', 'deviceName': 'mythicd', 'deviceId': '18233697', 'self': 'https://t493319102.eu-latest.cumulocity.com/devicecontrol/operations/18273286', 'id': '18273286', 'status': 'PENDING', 'description': "Apply software changes, triggered from PySys: [{'name': 'rolldice', 'id': '5152439', 'version': '::apt', 'url': 'https://thin-edge-io.eu-latest.cumulocity.com/inventory/binaries/12435463', 'action': 'install'}]", 'c8y_SoftwareUpdate': [{'name': 'rolldice', 'action': 'install', 'id': '5152439', 'version': '::apt', 'url': 'https://thin-edge-io.eu-latest.cumulocity.com/inventory/binaries/12435463'}]}
2022-05-03 08:56:49,792 WARN  , retrying in 0.5 seconds...
2022-05-03 08:56:50,296 WARN  , retrying in 0.5 seconds...
2022-05-03 08:56:50,800 WARN  , retrying in 0.5 seconds...
2022-05-03 08:56:51,303 WARN  , retrying in 0.5 seconds...
2022-05-03 08:56:51,806 WARN  , retrying in 0.5 seconds...
2022-05-03 08:56:52,310 WARN  , retrying in 0.5 seconds...
2022-05-03 08:56:52,813 WARN  , retrying in 0.5 seconds...
2022-05-03 08:56:53,316 WARN  , retrying in 0.5 seconds...
2022-05-03 08:56:53,819 WARN  , retrying in 0.5 seconds...
2022-05-03 08:56:54,324 WARN  AssertionError occurred while running test - 
Traceback (most recent call last):
  File "/home/pi/env-pysys/lib/python3.7/site-packages/pysys/baserunner.py", line 1294, in __call__
    self.testObj.execute()
  File "/home/pi/actions-runner/_work/thin-edge.io/thin-edge.io/tests/PySys/software_management_end_to_end/sm_apt_install_download_path/run.py", line 83, in execute
    assert_install_in_download_path(install_directory=self.DOWNLOAD_DIR)
  File "/home/pi/env-pysys/lib/python3.7/site-packages/decorator.py", line 232, in fun
    return caller(func, *(extras + args), **kw)
  File "/home/pi/env-pysys/lib/python3.7/site-packages/retry/api.py", line 74, in retry_decorator
    logger)
  File "/home/pi/env-pysys/lib/python3.7/site-packages/retry/api.py", line 33, in __retry_internal
    return f()
  File "/home/pi/actions-runner/_work/thin-edge.io/thin-edge.io/tests/PySys/software_management_end_to_end/sm_apt_install_download_path/run.py", line 28, in assert_install_in_download_path
    assert "rolldice" in os.listdir(f"{install_directory}")
AssertionError
2022-05-03 08:56:54,397 WARN  AssertionError: ... blocked 
2022-05-03 08:56:54,399 INFO  
2022-05-03 08:56:54,399 INFO  cleanup:
2022-05-03 08:56:54,913 INFO  Executed sudo, exit status 0
2022-05-03 08:56:55,476 INFO  Executed sudo, exit status 0
2022-05-03 08:56:59,772 INFO  Executed sudo<tedge_disconnect_c8y>, exit status 0
2022-05-03 08:56:59,888 INFO  Restarting mosquitto too frequently in the last 10 seconds. It was only up for 4 seconds
2022-05-03 08:56:59,889 INFO  Delaying execution by 7 seconds
2022-05-03 08:57:20,988 INFO  Executed sudo<tedge_connect_c8y>, exit status 0, duration 14 secs
2022-05-03 08:57:25,378 INFO  Executed sudo<tedge_disconnect_c8y>, exit status 0
2022-05-03 08:57:25,944 INFO  Executed systemctl<serv_mapper5>, exit status 3
2022-05-03 08:57:25,949 INFO  
2022-05-03 08:57:25,949 INFO  Test duration: 85.35 secs
2022-05-03 08:57:25,951 INFO  Test final outcome:  BLOCKED
2022-05-03 08:57:25,951 INFO  Test outcome reason: AssertionError:
2022-05-03 08:57:25,952 INFO  
