2022-04-14 07:05:24,285 INFO  ==============================================================
2022-04-14 07:05:24,287 INFO  Id:    apt_finalize
2022-04-14 07:05:24,290 INFO  Dir:   plugin_apt/
2022-04-14 07:05:24,291 INFO  Title: Validate apt plugin finalize - dense version
2022-04-14 07:05:24,294 INFO  ==============================================================
2022-04-14 07:06:13,064 INFO  Executed sudo<outp_remove>, exit status 0, duration 48 secs
2022-04-14 07:06:13,067 INFO  Assert that (value==0) with value=0 ... passed
2022-04-14 07:06:29,351 INFO  Executed sudo<outp_remove>, exit status 0, duration 16 secs
2022-04-14 07:06:29,354 INFO  Assert that (value==0) with value=0 ... passed
2022-04-14 07:06:35,132 INFO  Executed sudo<outp_check_0>, exit status 0
2022-04-14 07:06:35,134 INFO  Assert that (value==0) with value=0 ... passed
2022-04-14 07:06:35,144 INFO  Grep on file outp_check_0.out ... passed
2022-04-14 07:06:35,605 INFO  Executed dpkg-query<outp_check_0>, exit status 1
2022-04-14 07:07:18,360 INFO  Executed sudo<outp_install>, exit status 0, duration 42 secs
2022-04-14 07:07:18,364 INFO  Assert that (value==0) with value=0 ... passed
2022-04-14 07:07:23,739 INFO  Executed sudo<outp_check_1>, exit status 0
2022-04-14 07:07:23,741 INFO  Assert that (value==0) with value=0 ... passed
2022-04-14 07:07:23,747 INFO  Grep on file outp_check_1.out ... passed
2022-04-14 07:07:24,262 INFO  Executed dpkg-query<outp_check_1>, exit status 0
2022-04-14 07:07:39,861 INFO  Executed sudo<outp_remove>, exit status 0, duration 15 secs
2022-04-14 07:07:39,863 INFO  Assert that (value==0) with value=0 ... passed
2022-04-14 07:07:45,419 INFO  Executed sudo<outp_check_2>, exit status 0
2022-04-14 07:07:45,421 INFO  Assert that (value==0) with value=0 ... passed
2022-04-14 07:07:45,427 INFO  Grep on file outp_check_2.out ... passed
2022-04-14 07:07:45,888 INFO  Executed dpkg-query<outp_check_2>, exit status 0
2022-04-14 07:07:59,097 INFO  Executed sudo<outp_finalize>, exit status 0, duration 13 secs
2022-04-14 07:07:59,099 INFO  Assert that (value==0) with value=0 ... passed
2022-04-14 07:08:04,842 INFO  Executed sudo<outp_check_3>, exit status 0
2022-04-14 07:08:04,844 INFO  Assert that (value==0) with value=0 ... passed
2022-04-14 07:08:04,850 INFO  Grep on file outp_check_3.out ... passed
2022-04-14 07:08:05,311 INFO  Executed dpkg-query<outp_check_3>, exit status 1
2022-04-14 07:08:05,318 INFO  
2022-04-14 07:08:05,319 INFO  cleanup:
2022-04-14 07:08:05,322 INFO  
2022-04-14 07:08:05,323 INFO  Test duration: 161.05 secs
2022-04-14 07:08:05,324 INFO  Test final outcome:  PASSED
2022-04-14 07:08:05,325 INFO  
