2022-04-11 10:38:23,687 INFO  ==============================================================
2022-04-11 10:38:23,688 INFO  Id:    docker_plugin_install
2022-04-11 10:38:23,689 INFO  Dir:   plugin_docker/
2022-04-11 10:38:23,689 INFO  Title: Validate docker plugin install
2022-04-11 10:38:23,690 DEBUG Execution order hint: 0.0
2022-04-11 10:38:23,691 INFO  ==============================================================
2022-04-11 10:38:23,697 DEBUG Process parameters for sudo<docker_images>
  command line : /usr/bin/sudo docker images
    arg #1     : docker
    arg #2     : images
  working dir  : /home/pi/actions-runner/_work/thin-edge.io/thin-edge.io/tests/PySys/plugin_docker/docker_plugin_install/Output/linux
  stdout       : /home/pi/actions-runner/_work/thin-edge.io/thin-edge.io/tests/PySys/plugin_docker/docker_plugin_install/Output/linux/docker_images.out
  stderr       : /home/pi/actions-runner/_work/thin-edge.io/thin-edge.io/tests/PySys/plugin_docker/docker_plugin_install/Output/linux/docker_images.err
  environment  : LD_LIBRARY_PATH=/usr/lib
  environment  : PATH=/bin:/usr/bin:/usr/sbin:/usr/local/bin
                   #1  /bin
                   #2  /usr/bin
                   #3  /usr/sbin
                   #4  /usr/local/bin
2022-04-11 10:38:23,704 DEBUG Waiting up to 600 secs for process sudo<docker_images> (pid 8213)
2022-04-11 10:38:24,512 INFO  Executed sudo<docker_images>, exit status 0
2022-04-11 10:38:24,514 DEBUG Performing regex contains=False grep on file: /home/pi/actions-runner/_work/thin-edge.io/thin-edge.io/tests/PySys/plugin_docker/docker_plugin_install/Output/linux/docker_images.out
2022-04-11 10:38:24,518 INFO  Grep on file /home/pi/actions-runner/_work/thin-edge.io/thin-edge.io/tests/PySys/plugin_docker/docker_plugin_install/Output/linux/docker_images.out ... passed
2022-04-11 10:38:24,519 DEBUG --- test execute
2022-04-11 10:38:24,521 DEBUG Process parameters for sudo<plugin_install>
  command line : /usr/bin/sudo /etc/tedge/sm-plugins/docker install registry
    arg #1     : /etc/tedge/sm-plugins/docker
    arg #2     : install
    arg #3     : registry
  working dir  : /home/pi/actions-runner/_work/thin-edge.io/thin-edge.io/tests/PySys/plugin_docker/docker_plugin_install/Output/linux
  stdout       : /home/pi/actions-runner/_work/thin-edge.io/thin-edge.io/tests/PySys/plugin_docker/docker_plugin_install/Output/linux/plugin_install.out
  stderr       : /home/pi/actions-runner/_work/thin-edge.io/thin-edge.io/tests/PySys/plugin_docker/docker_plugin_install/Output/linux/plugin_install.err
  environment  : LD_LIBRARY_PATH=/usr/lib
  environment  : PATH=/bin:/usr/bin:/usr/sbin:/usr/local/bin
                   #1  /bin
                   #2  /usr/bin
                   #3  /usr/sbin
                   #4  /usr/local/bin
2022-04-11 10:38:24,527 DEBUG Waiting up to 600 secs for process sudo<plugin_install> (pid 8224)
2022-04-11 10:38:48,146 INFO  Executed sudo<plugin_install>, exit status 0, duration 23 secs
2022-04-11 10:38:48,151 DEBUG Process parameters for sudo<docker_ps_latest>
  command line : /usr/bin/sudo docker ps -q --latest
    arg #1     : docker
    arg #2     : ps
    arg #3     : -q
    arg #4     : --latest
  working dir  : /home/pi/actions-runner/_work/thin-edge.io/thin-edge.io/tests/PySys/plugin_docker/docker_plugin_install/Output/linux
  stdout       : /home/pi/actions-runner/_work/thin-edge.io/thin-edge.io/tests/PySys/plugin_docker/docker_plugin_install/Output/linux/docker_ps_latest.out
  stderr       : /home/pi/actions-runner/_work/thin-edge.io/thin-edge.io/tests/PySys/plugin_docker/docker_plugin_install/Output/linux/docker_ps_latest.err
  environment  : LD_LIBRARY_PATH=/usr/lib
  environment  : PATH=/bin:/usr/bin:/usr/sbin:/usr/local/bin
                   #1  /bin
                   #2  /usr/bin
                   #3  /usr/sbin
                   #4  /usr/local/bin
2022-04-11 10:38:48,159 DEBUG Waiting up to 600 secs for process sudo<docker_ps_latest> (pid 8422)
2022-04-11 10:38:48,967 INFO  Executed sudo<docker_ps_latest>, exit status 0
2022-04-11 10:38:48,971 DEBUG --- test validate
2022-04-11 10:38:48,973 DEBUG Process parameters for sudo<docker_ps>
  command line : /usr/bin/sudo docker ps
    arg #1     : docker
    arg #2     : ps
  working dir  : /home/pi/actions-runner/_work/thin-edge.io/thin-edge.io/tests/PySys/plugin_docker/docker_plugin_install/Output/linux
  stdout       : /home/pi/actions-runner/_work/thin-edge.io/thin-edge.io/tests/PySys/plugin_docker/docker_plugin_install/Output/linux/docker_ps.out
  stderr       : /home/pi/actions-runner/_work/thin-edge.io/thin-edge.io/tests/PySys/plugin_docker/docker_plugin_install/Output/linux/docker_ps.err
  environment  : LD_LIBRARY_PATH=/usr/lib
  environment  : PATH=/bin:/usr/bin:/usr/sbin:/usr/local/bin
                   #1  /bin
                   #2  /usr/bin
                   #3  /usr/sbin
                   #4  /usr/local/bin
2022-04-11 10:38:48,979 DEBUG Waiting up to 600 secs for process sudo<docker_ps> (pid 8432)
2022-04-11 10:38:49,790 INFO  Executed sudo<docker_ps>, exit status 0
2022-04-11 10:38:49,791 DEBUG Performing regex contains=True grep on file: /home/pi/actions-runner/_work/thin-edge.io/thin-edge.io/tests/PySys/plugin_docker/docker_plugin_install/Output/linux/docker_ps.out
2022-04-11 10:38:49,795 DEBUG Grep on file /home/pi/actions-runner/_work/thin-edge.io/thin-edge.io/tests/PySys/plugin_docker/docker_plugin_install/Output/linux/docker_ps.out successfully matched expression "registry" with line: 'ad640b14c238        registry            "/entrypoint.sh /etc…"   6 seconds ago       Up 1 second         5000/tcp            relaxed_lovelace\n'
2022-04-11 10:38:49,797 INFO  Grep on file /home/pi/actions-runner/_work/thin-edge.io/thin-edge.io/tests/PySys/plugin_docker/docker_plugin_install/Output/linux/docker_ps.out ... passed
2022-04-11 10:38:49,802 DEBUG --- test cleanup
2022-04-11 10:38:49,804 INFO  
2022-04-11 10:38:49,804 INFO  cleanup:
2022-04-11 10:38:49,805 DEBUG Running registered cleanup function: <bound method DockerPlugin.cleanup_containers of <DockerPluginInstallTest object at 0x7601a510>>
2022-04-11 10:38:49,806 INFO  Removing containers scheduled to be cleaned up: ['ad640b14c238']
2022-04-11 10:38:49,807 DEBUG Process parameters for sudo<containers_for_cleanup>
  command line : /usr/bin/sudo docker rm -f ad640b14c238
    arg #1     : docker
    arg #2     : rm
    arg #3     : -f
    arg #4     : ad640b14c238
  working dir  : /home/pi/actions-runner/_work/thin-edge.io/thin-edge.io/tests/PySys/plugin_docker/docker_plugin_install/Output/linux
  stdout       : /home/pi/actions-runner/_work/thin-edge.io/thin-edge.io/tests/PySys/plugin_docker/docker_plugin_install/Output/linux/containers_for_cleanup.out
  stderr       : /home/pi/actions-runner/_work/thin-edge.io/thin-edge.io/tests/PySys/plugin_docker/docker_plugin_install/Output/linux/containers_for_cleanup.err
  environment  : LD_LIBRARY_PATH=/usr/lib
  environment  : PATH=/bin:/usr/bin:/usr/sbin:/usr/local/bin
                   #1  /bin
                   #2  /usr/bin
                   #3  /usr/sbin
                   #4  /usr/local/bin
2022-04-11 10:38:49,814 DEBUG Waiting up to 600 secs for process sudo<containers_for_cleanup> (pid 8442)
2022-04-11 10:38:53,763 INFO  Executed sudo<containers_for_cleanup>, exit status 0
2022-04-11 10:38:53,764 DEBUG Running registered cleanup function: <bound method DockerPlugin.cleanup_images of <DockerPluginInstallTest object at 0x7601a510>>
2022-04-11 10:38:53,765 INFO  Removing images scheduled to be cleaned up: ['registry', 'registry']
2022-04-11 10:38:53,768 DEBUG Process parameters for sudo<containers_for_cleanup>
  command line : /usr/bin/sudo docker rmi -f registry registry
    arg #1     : docker
    arg #2     : rmi
    arg #3     : -f
    arg #4     : registry
    arg #5     : registry
  working dir  : /home/pi/actions-runner/_work/thin-edge.io/thin-edge.io/tests/PySys/plugin_docker/docker_plugin_install/Output/linux
  stdout       : /home/pi/actions-runner/_work/thin-edge.io/thin-edge.io/tests/PySys/plugin_docker/docker_plugin_install/Output/linux/containers_for_cleanup.out
  stderr       : /home/pi/actions-runner/_work/thin-edge.io/thin-edge.io/tests/PySys/plugin_docker/docker_plugin_install/Output/linux/containers_for_cleanup.err
  environment  : LD_LIBRARY_PATH=/usr/lib
  environment  : PATH=/bin:/usr/bin:/usr/sbin:/usr/local/bin
                   #1  /bin
                   #2  /usr/bin
                   #3  /usr/sbin
                   #4  /usr/local/bin
2022-04-11 10:38:53,775 DEBUG Waiting up to 600 secs for process sudo<containers_for_cleanup> (pid 8501)
2022-04-11 10:38:57,357 INFO  Executed sudo<containers_for_cleanup>, exit status 0
2022-04-11 10:38:57,358 DEBUG ProcessUser cleanup function done.
2022-04-11 10:38:57,361 INFO  
2022-04-11 10:38:57,362 INFO  Test duration: 33.68 secs
2022-04-11 10:38:57,364 INFO  Test final outcome:  PASSED
2022-04-11 10:38:57,365 INFO  
