2022-04-12 08:51:18,011 INFO  ==============================================================
2022-04-12 08:51:18,012 INFO  Id:    mapper_awaits_before_reconnect
2022-04-12 08:51:18,013 INFO  Dir:   tedge_mapper_c8y/
2022-04-12 08:51:18,014 INFO  Title: Validate mapper doesn't reconnect too often
2022-04-12 08:51:18,015 INFO  ==============================================================
2022-04-12 08:51:18,022 INFO  EnvironmentC8y Setup
2022-04-12 08:51:18,635 INFO  Executed systemctl<serv_mapper1>, exit status 3
2022-04-12 08:51:32,330 INFO  Executed sudo<tedge_connect_c8y>, exit status 0, duration 13 secs
2022-04-12 08:51:32,946 INFO  Executed sudo<tedge_connect_c8y_test>, exit status 0
2022-04-12 08:51:33,414 INFO  Executed systemctl<serv_mosq2>, exit status 0
2022-04-12 08:51:33,877 INFO  Executed systemctl<serv_mapper3>, exit status 0
2022-04-12 08:51:33,888 INFO  Started mosquitto_sub with process id 28620
2022-04-12 08:51:33,891 INFO  Waiting for 0.1 seconds
2022-04-12 08:51:34,560 INFO  Executed sudo<tedge_mapper>, exit status 0
2022-04-12 08:51:34,561 INFO  Waiting for 5.0 seconds
2022-04-12 08:51:40,124 INFO  Executed sudo<tedge_mapper>, exit status 0
2022-04-12 08:51:41,858 INFO  Executed sudo<tedge_mapper_journal>, exit status 0
2022-04-12 08:51:41,864 INFO  Grep on file tedge_mapper_journal.out ... passed
2022-04-12 08:51:41,870 INFO  Line count on file tedge_mapper_journal.out ... passed
2022-04-12 08:51:41,874 INFO  Line count on file tedge_mapper_journal.out ... passed
2022-04-12 08:51:41,881 INFO  
2022-04-12 08:51:41,882 INFO  cleanup:
2022-04-12 08:51:45,728 INFO  Executed sudo<tedge_disconnect_c8y>, exit status 0
2022-04-12 08:51:46,292 INFO  Executed systemctl<serv_mapper5>, exit status 3
2022-04-12 08:51:46,347 INFO  
2022-04-12 08:51:46,348 INFO  Test duration: 28.34 secs
2022-04-12 08:51:46,349 INFO  Test final outcome:  PASSED
2022-04-12 08:51:46,350 INFO  
