2022-05-03 08:04:58,821 INFO  ==============================================================
2022-05-03 08:04:58,821 INFO  Id:    tedge_software_update
2022-05-03 08:04:58,823 INFO  Dir:   tedge/
2022-05-03 08:04:58,823 INFO  Title: Software install from download path
2022-05-03 08:04:58,824 INFO  ==============================================================
2022-05-03 08:04:58,833 INFO  EnvironmentC8y Setup
2022-05-03 08:04:59,394 INFO  Executed systemctl<serv_mapper1>, exit status 3
2022-05-03 08:05:16,440 INFO  Executed sudo<tedge_connect_c8y>, exit status 0, duration 16 secs
2022-05-03 08:05:17,004 INFO  Executed sudo<tedge_connect_c8y_test>, exit status 0
2022-05-03 08:05:17,466 INFO  Executed systemctl<serv_mosq2>, exit status 0
2022-05-03 08:05:17,979 INFO  Executed systemctl<serv_mapper3>, exit status 0
2022-05-03 08:05:17,981 INFO  Setup
2022-05-03 08:05:18,593 INFO  Executed sudo<mkdir>, exit status 0
2022-05-03 08:05:19,113 INFO  Executed sudo<chmod>, exit status 0
2022-05-03 08:05:19,678 INFO  Executed sudo<tedge_config_get_original>, exit status 0
2022-05-03 08:05:20,240 INFO  Executed sudo, exit status 0
2022-05-03 08:05:20,803 INFO  Executed sudo<tedge_config_get_new_value>, exit status 0
2022-05-03 08:05:21,366 INFO  Executed sudo<rolldice_download>, exit status 0
2022-05-03 08:05:21,374 INFO  Grep on file tedge_config_get_new_value.out ... passed
2022-05-03 08:05:21,384 INFO  
2022-05-03 08:05:21,385 INFO  cleanup:
2022-05-03 08:05:21,953 INFO  Executed sudo, exit status 0
2022-05-03 08:05:22,492 INFO  Executed sudo<tedge_config_get_cleanup>, exit status 0
2022-05-03 08:05:22,498 INFO  Grep on file tedge_config_get_cleanup.out ... passed
2022-05-03 08:05:23,010 INFO  Executed sudo<rmdir>, exit status 0
2022-05-03 08:05:28,947 INFO  Executed sudo<tedge_disconnect_c8y>, exit status 0
2022-05-03 08:05:29,509 INFO  Executed systemctl<serv_mapper5>, exit status 3
2022-05-03 08:05:29,514 INFO  
2022-05-03 08:05:29,515 INFO  Test duration: 30.70 secs
2022-05-03 08:05:29,516 INFO  Test final outcome:  PASSED
2022-05-03 08:05:29,517 INFO  
