2022-04-11 10:38:13,786 INFO  ==============================================================
2022-04-11 10:38:13,787 INFO  Id:    docker_plugin_update
2022-04-11 10:38:13,788 INFO  Dir:   plugin_docker/
2022-04-11 10:38:13,789 INFO  Title: Validate docker plugin install updates existing containers
2022-04-11 10:38:13,790 DEBUG Execution order hint: 0.0
2022-04-11 10:38:13,791 INFO  ==============================================================
2022-04-11 10:38:13,798 DEBUG Process parameters for sudo<docker_images>
  command line : /usr/bin/sudo docker images
    arg #1     : docker
    arg #2     : images
  working dir  : /home/pi/actions-runner/_work/thin-edge.io/thin-edge.io/tests/PySys/plugin_docker/docker_plugin_update/Output/linux
  stdout       : /home/pi/actions-runner/_work/thin-edge.io/thin-edge.io/tests/PySys/plugin_docker/docker_plugin_update/Output/linux/docker_images.out
  stderr       : /home/pi/actions-runner/_work/thin-edge.io/thin-edge.io/tests/PySys/plugin_docker/docker_plugin_update/Output/linux/docker_images.err
  environment  : LD_LIBRARY_PATH=/usr/lib
  environment  : PATH=/bin:/usr/bin:/usr/sbin:/usr/local/bin
                   #1  /bin
                   #2  /usr/bin
                   #3  /usr/sbin
                   #4  /usr/local/bin
2022-04-11 10:38:13,804 DEBUG Waiting up to 600 secs for process sudo<docker_images> (pid 22607)
2022-04-11 10:38:14,613 INFO  Executed sudo<docker_images>, exit status 0
2022-04-11 10:38:14,614 DEBUG Performing regex contains=False grep on file: /home/pi/actions-runner/_work/thin-edge.io/thin-edge.io/tests/PySys/plugin_docker/docker_plugin_update/Output/linux/docker_images.out
2022-04-11 10:38:14,666 WARN  Grep on /home/pi/actions-runner/_work/thin-edge.io/thin-edge.io/tests/PySys/plugin_docker/docker_plugin_update/Output/linux/docker_images.out does not contain "registry" failed with 2 matches, first is: "registry            2.7.1               e8a56425636e        4 months ago        22.2MB" ... failed 
2022-04-11 10:38:14,667 WARN  Aborted test due to FAILED outcome
2022-04-11 10:38:14,671 DEBUG --- test cleanup
2022-04-11 10:38:14,673 INFO  
2022-04-11 10:38:14,673 INFO  cleanup:
2022-04-11 10:38:14,674 DEBUG Running registered cleanup function: <bound method DockerPlugin.cleanup_containers of <DockerPluginUpdateTest object at 0x760b4ef0>>
2022-04-11 10:38:14,675 DEBUG Running registered cleanup function: <bound method DockerPlugin.cleanup_images of <DockerPluginUpdateTest object at 0x760b4ef0>>
2022-04-11 10:38:14,676 DEBUG ProcessUser cleanup function done.
2022-04-11 10:38:14,679 INFO  
2022-04-11 10:38:14,679 INFO  Test duration: 0.90 secs
2022-04-11 10:38:14,680 INFO  Test final outcome:  FAILED
2022-04-11 10:38:14,681 INFO  Test outcome reason: Grep on /home/pi/actions-runner/_work/thin-edge.io/thin-edge.io/tests/PySys/plugin_docker/docker_plugin_update/Output/linux/docker_images.out does not contain "registry" failed with 2 matches, first is: "registry            2.7.1               e8a56425636e        4 months ago        22.2MB"
2022-04-11 10:38:14,682 INFO  
