2022-04-11 10:18:58,112 INFO  ==============================================================
2022-04-11 10:18:58,113 INFO  Id:    apt_wrong_option
2022-04-11 10:18:58,114 INFO  Dir:   plugin_apt/
2022-04-11 10:18:58,115 INFO  Title: Validate apt plugin install
2022-04-11 10:18:58,115 DEBUG Execution order hint: 0.0
2022-04-11 10:18:58,116 INFO  ==============================================================
2022-04-11 10:18:58,120 DEBUG --- test execute
2022-04-11 10:18:58,122 DEBUG Process parameters for sudo<outp>
  command line : /usr/bin/sudo /etc/tedge/sm-plugins/apt nonsense
    arg #1     : /etc/tedge/sm-plugins/apt
    arg #2     : nonsense
  working dir  : /home/pi/actions-runner/_work/thin-edge.io/thin-edge.io/tests/PySys/plugin_apt/apt_wrong_option/Output/linux
  stdout       : /home/pi/actions-runner/_work/thin-edge.io/thin-edge.io/tests/PySys/plugin_apt/apt_wrong_option/Output/linux/outp.out
  stderr       : /home/pi/actions-runner/_work/thin-edge.io/thin-edge.io/tests/PySys/plugin_apt/apt_wrong_option/Output/linux/outp.err
  environment  : LD_LIBRARY_PATH=/usr/lib
  environment  : PATH=/bin:/usr/bin:/usr/sbin:/usr/local/bin
                   #1  /bin
                   #2  /usr/bin
                   #3  /usr/sbin
                   #4  /usr/local/bin
2022-04-11 10:18:58,130 DEBUG Waiting up to 600 secs for process sudo<outp> (pid 28736)
2022-04-11 10:18:58,636 INFO  Executed sudo<outp>, exit status 1
2022-04-11 10:18:58,638 INFO  Assert that (value==1) with value=1 ... passed
2022-04-11 10:18:58,639 DEBUG --- test validate
2022-04-11 10:18:58,644 DEBUG --- test cleanup
2022-04-11 10:18:58,646 DEBUG ProcessUser cleanup function done.
2022-04-11 10:18:58,649 INFO  
2022-04-11 10:18:58,649 INFO  Test duration: 0.54 secs
2022-04-11 10:18:58,651 INFO  Test final outcome:  PASSED
2022-04-11 10:18:58,651 INFO  
