2022-04-13 08:01:08,154 INFO  ==============================================================
2022-04-13 08:01:08,155 INFO  Id:    tedge_mapper_c8y_packet_threshold_size
2022-04-13 08:01:08,156 INFO  Dir:   tedge_mapper_c8y/
2022-04-13 08:01:08,158 INFO  Title: Validate the Cumulocity Mapper accepted threshold packet size when it receives a message on tedge/measurements
2022-04-13 08:01:08,159 INFO  ==============================================================
2022-04-13 08:01:08,166 INFO  EnvironmentC8y Setup
2022-04-13 08:01:09,081 INFO  Executed systemctl<serv_mapper1>, exit status 3
2022-04-13 08:01:09,211 INFO  Restarting mosquitto too frequently in the last 10 seconds. It was only up for 5 seconds
2022-04-13 08:01:09,212 INFO  Delaying execution by 6 seconds
2022-04-13 08:01:29,441 INFO  Executed sudo<tedge_connect_c8y>, exit status 0, duration 14 secs
2022-04-13 08:01:30,058 INFO  Executed sudo<tedge_connect_c8y_test>, exit status 0
2022-04-13 08:01:30,573 INFO  Executed systemctl<serv_mosq2>, exit status 0
2022-04-13 08:01:31,086 INFO  Executed systemctl<serv_mapper3>, exit status 0
2022-04-13 08:01:31,651 INFO  Executed sudo<tedge_mapper_c8y>, exit status 0
2022-04-13 08:01:31,661 INFO  Started sudo<tedge_sub> with process id 27276
2022-04-13 08:01:32,379 INFO  Executed sudo<tedge_msg>, exit status 0
2022-04-13 08:01:32,942 INFO  Executed sudo<tedge_pub>, exit status 0
2022-04-13 08:01:33,455 INFO  Executed sudo<kill_out>, exit status 0
2022-04-13 08:01:33,465 INFO  Grep on file tedge_sub.out ... passed
2022-04-13 08:01:33,473 INFO  
2022-04-13 08:01:33,474 INFO  cleanup:
2022-04-13 08:01:33,474 INFO  mapper_cleanup
2022-04-13 08:01:34,037 INFO  Executed sudo<tedge_mapper_c8y>, exit status 0
2022-04-13 08:01:38,061 INFO  Executed sudo<tedge_disconnect_c8y>, exit status 0
2022-04-13 08:01:38,726 INFO  Executed systemctl<serv_mapper5>, exit status 3
2022-04-13 08:01:38,733 INFO  
2022-04-13 08:01:38,734 INFO  Test duration: 30.58 secs
2022-04-13 08:01:38,736 INFO  Test final outcome:  PASSED
2022-04-13 08:01:38,737 INFO  
