2022-05-10 14:24:35,505 INFO  ==============================================================
2022-05-10 14:24:35,506 INFO  Id:    SoftwareManagement.sm_apt_install_remove_with_version
2022-05-10 14:24:35,507 INFO  Dir:   software_management_end_to_end/
2022-05-10 14:24:35,508 INFO  Title: Validate end to end behaviour for the apt plugin for packages with version
2022-05-10 14:24:35,509 INFO  ==============================================================
2022-05-10 14:24:35,531 INFO  Using sw id database: {'asciijump': '5475369', 'robotfindskitten': '5474869', 'squirrel3': '5475279', 'rolldice': '5152439', 'moon-buggy': '5439204', 'apple': '5495053', 'banana': '5494888', 'cherry': '5495382', 'watermelon': '5494510', 'registry': '8018911', 'hello-world': '8021526', 'docker/getting-started': '8021973', 'alpine': '7991792'}
2022-05-10 14:24:35,532 INFO  EnvironmentC8y Setup
2022-05-10 14:24:36,094 INFO  Executed systemctl<serv_mapper1>, exit status 3
2022-05-10 14:24:36,199 INFO  Restarting mosquitto too frequently in the last 10 seconds. It was only up for 7 seconds
2022-05-10 14:24:36,201 INFO  Delaying execution by 4 seconds
2022-05-10 14:24:54,481 INFO  Executed sudo<tedge_connect_c8y>, exit status 0, duration 14 secs
2022-05-10 14:24:55,148 INFO  Executed sudo<tedge_connect_c8y_test>, exit status 0
2022-05-10 14:24:55,662 INFO  Executed systemctl<serv_mosq2>, exit status 0
2022-05-10 14:24:56,176 INFO  Executed systemctl<serv_mapper3>, exit status 0
2022-05-10 14:24:58,401 INFO  State of current operation: FAILED
2022-05-10 14:24:58,634 INFO  Assert that (False == value) with value=False ... passed
2022-05-10 14:24:59,199 INFO  Response status: 201
2022-05-10 14:24:59,201 INFO  Response to action: {
    "creationTime": "2022-05-10T14:24:59.153Z",
    "deviceName": "mythica",
    "deviceId": "18671276",
    "self": "https://t493319102.eu-latest.cumulocity.com/devicecontrol/operations/18685717",
    "id": "18685717",
    "status": "PENDING",
    "description": "Apply software changes, triggered from PySys: [{'name': 'rolldice', 'id': '5152439', 'version': '1.16-1+b1', 'url': '', 'action': 'install'}]",
    "c8y_SoftwareUpdate": [
        {
            "name": "rolldice",
            "action": "install",
            "id": "5152439",
            "version": "1.16-1+b1",
            "url": ""
        }
    ]
}
2022-05-10 14:24:59,202 INFO  Started operation: {'creationTime': '2022-05-10T14:24:59.153Z', 'deviceName': 'mythica', 'deviceId': '18671276', 'self': 'https://t493319102.eu-latest.cumulocity.com/devicecontrol/operations/18685717', 'id': '18685717', 'status': 'PENDING', 'description': "Apply software changes, triggered from PySys: [{'name': 'rolldice', 'id': '5152439', 'version': '1.16-1+b1', 'url': '', 'action': 'install'}]", 'c8y_SoftwareUpdate': [{'name': 'rolldice', 'action': 'install', 'id': '5152439', 'version': '1.16-1+b1', 'url': ''}]}
2022-05-10 14:25:01,420 INFO  State of operation 18685717 : PENDING
2022-05-10 14:25:03,645 INFO  State of operation 18685717 : EXECUTING
2022-05-10 14:25:05,861 INFO  State of operation 18685717 : EXECUTING
2022-05-10 14:25:08,078 INFO  State of operation 18685717 : EXECUTING
2022-05-10 14:25:10,292 INFO  State of operation 18685717 : EXECUTING
2022-05-10 14:25:12,507 INFO  State of operation 18685717 : EXECUTING
2022-05-10 14:25:15,208 INFO  State of operation 18685717 : EXECUTING
2022-05-10 14:25:17,522 INFO  State of operation 18685717 : EXECUTING
2022-05-10 14:25:20,232 INFO  State of operation 18685717 : EXECUTING
2022-05-10 14:25:22,661 INFO  State of operation 18685717 : EXECUTING
2022-05-10 14:25:24,925 INFO  State of operation 18685717 : EXECUTING
2022-05-10 14:25:27,142 INFO  State of operation 18685717 : EXECUTING
2022-05-10 14:25:29,366 INFO  State of operation 18685717 : EXECUTING
2022-05-10 14:25:31,584 INFO  State of operation 18685717 : EXECUTING
2022-05-10 14:25:33,801 INFO  State of operation 18685717 : EXECUTING
2022-05-10 14:25:36,031 INFO  State of operation 18685717 : EXECUTING
2022-05-10 14:25:38,240 INFO  State of operation 18685717 : SUCCESSFUL
2022-05-10 14:25:38,475 INFO  Package rolldice is installed
2022-05-10 14:25:38,478 INFO  Assert that (True == value) with value=True ... passed
2022-05-10 14:25:38,699 INFO  Response status: 201
2022-05-10 14:25:38,701 INFO  Response to action: {
    "creationTime": "2022-05-10T14:25:38.655Z",
    "deviceName": "mythica",
    "deviceId": "18671276",
    "self": "https://t493319102.eu-latest.cumulocity.com/devicecontrol/operations/18685730",
    "id": "18685730",
    "status": "PENDING",
    "description": "Apply software changes, triggered from PySys: [{'name': 'rolldice', 'id': '5152439', 'version': '88::apt', 'url': '', 'action': 'delete'}]",
    "c8y_SoftwareUpdate": [
        {
            "name": "rolldice",
            "action": "delete",
            "id": "5152439",
            "version": "88::apt",
            "url": ""
        }
    ]
}
2022-05-10 14:25:38,702 INFO  Started operation: {'creationTime': '2022-05-10T14:25:38.655Z', 'deviceName': 'mythica', 'deviceId': '18671276', 'self': 'https://t493319102.eu-latest.cumulocity.com/devicecontrol/operations/18685730', 'id': '18685730', 'status': 'PENDING', 'description': "Apply software changes, triggered from PySys: [{'name': 'rolldice', 'id': '5152439', 'version': '88::apt', 'url': '', 'action': 'delete'}]", 'c8y_SoftwareUpdate': [{'name': 'rolldice', 'action': 'delete', 'id': '5152439', 'version': '88::apt', 'url': ''}]}
2022-05-10 14:25:40,913 INFO  State of operation 18685730 : PENDING
2022-05-10 14:25:43,143 INFO  State of operation 18685730 : EXECUTING
2022-05-10 14:25:45,355 INFO  State of operation 18685730 : EXECUTING
2022-05-10 14:25:47,573 INFO  State of operation 18685730 : EXECUTING
2022-05-10 14:25:49,783 INFO  State of operation 18685730 : EXECUTING
2022-05-10 14:25:51,999 INFO  State of operation 18685730 : EXECUTING
2022-05-10 14:25:54,777 INFO  State of operation 18685730 : EXECUTING
2022-05-10 14:25:57,484 INFO  State of operation 18685730 : EXECUTING
2022-05-10 14:25:59,889 INFO  State of operation 18685730 : EXECUTING
2022-05-10 14:26:02,454 INFO  State of operation 18685730 : EXECUTING
2022-05-10 14:26:04,720 INFO  State of operation 18685730 : EXECUTING
2022-05-10 14:26:06,943 INFO  State of operation 18685730 : EXECUTING
2022-05-10 14:26:09,175 INFO  State of operation 18685730 : EXECUTING
2022-05-10 14:26:11,387 INFO  State of operation 18685730 : EXECUTING
2022-05-10 14:26:13,599 INFO  State of operation 18685730 : FAILED
2022-05-10 14:26:13,833 INFO  Package rolldice is installed
2022-05-10 14:26:13,835 INFO  Assert that (True == value) with value=True ... passed
2022-05-10 14:26:14,512 INFO  Response status: 201
2022-05-10 14:26:14,515 INFO  Response to action: {
    "creationTime": "2022-05-10T14:26:14.450Z",
    "deviceName": "mythica",
    "deviceId": "18671276",
    "self": "https://t493319102.eu-latest.cumulocity.com/devicecontrol/operations/18685738",
    "id": "18685738",
    "status": "PENDING",
    "description": "Apply software changes, triggered from PySys: [{'name': 'rolldice', 'id': '5152439', 'version': '1.16-1+b1', 'url': '', 'action': 'delete'}]",
    "c8y_SoftwareUpdate": [
        {
            "name": "rolldice",
            "action": "delete",
            "id": "5152439",
            "version": "1.16-1+b1",
            "url": ""
        }
    ]
}
2022-05-10 14:26:14,517 INFO  Started operation: {'creationTime': '2022-05-10T14:26:14.450Z', 'deviceName': 'mythica', 'deviceId': '18671276', 'self': 'https://t493319102.eu-latest.cumulocity.com/devicecontrol/operations/18685738', 'id': '18685738', 'status': 'PENDING', 'description': "Apply software changes, triggered from PySys: [{'name': 'rolldice', 'id': '5152439', 'version': '1.16-1+b1', 'url': '', 'action': 'delete'}]", 'c8y_SoftwareUpdate': [{'name': 'rolldice', 'action': 'delete', 'id': '5152439', 'version': '1.16-1+b1', 'url': ''}]}
2022-05-10 14:26:16,734 INFO  State of operation 18685738 : PENDING
2022-05-10 14:26:18,961 INFO  State of operation 18685738 : EXECUTING
2022-05-10 14:26:21,175 INFO  State of operation 18685738 : EXECUTING
2022-05-10 14:26:23,384 INFO  State of operation 18685738 : EXECUTING
2022-05-10 14:26:25,619 INFO  State of operation 18685738 : EXECUTING
2022-05-10 14:26:27,832 INFO  State of operation 18685738 : EXECUTING
2022-05-10 14:26:30,508 INFO  State of operation 18685738 : EXECUTING
2022-05-10 14:26:32,799 INFO  State of operation 18685738 : EXECUTING
2022-05-10 14:26:35,549 INFO  State of operation 18685738 : EXECUTING
2022-05-10 14:26:37,922 INFO  State of operation 18685738 : EXECUTING
2022-05-10 14:26:40,139 INFO  State of operation 18685738 : EXECUTING
2022-05-10 14:26:42,352 INFO  State of operation 18685738 : EXECUTING
2022-05-10 14:26:44,582 INFO  State of operation 18685738 : EXECUTING
2022-05-10 14:26:46,794 INFO  State of operation 18685738 : EXECUTING
2022-05-10 14:26:49,010 INFO  State of operation 18685738 : EXECUTING
2022-05-10 14:26:51,373 INFO  State of operation 18685738 : EXECUTING
2022-05-10 14:26:53,683 INFO  State of operation 18685738 : EXECUTING
2022-05-10 14:26:56,302 INFO  State of operation 18685738 : EXECUTING
2022-05-10 14:26:58,542 INFO  State of operation 18685738 : EXECUTING
2022-05-10 14:27:00,975 INFO  State of operation 18685738 : EXECUTING
2022-05-10 14:27:03,192 INFO  State of operation 18685738 : EXECUTING
2022-05-10 14:27:05,436 INFO  State of operation 18685738 : EXECUTING
2022-05-10 14:27:07,651 INFO  State of operation 18685738 : EXECUTING
2022-05-10 14:27:09,861 INFO  State of operation 18685738 : SUCCESSFUL
2022-05-10 14:27:10,484 INFO  Assert that (False == value) with value=False ... passed
2022-05-10 14:27:10,495 INFO  
2022-05-10 14:27:10,496 INFO  cleanup:
2022-05-10 14:27:14,620 INFO  Executed sudo<tedge_disconnect_c8y>, exit status 0
2022-05-10 14:27:15,237 INFO  Executed systemctl<serv_mapper5>, exit status 3
2022-05-10 14:27:15,241 INFO  
2022-05-10 14:27:15,242 INFO  Test duration: 159.75 secs
2022-05-10 14:27:15,243 INFO  Test final outcome:  PASSED
2022-05-10 14:27:15,244 INFO  
