2022-05-30 09:39:07,986 INFO  ==============================================================
2022-05-30 09:39:07,986 INFO  Id:    SoftwareManagement.sm_fake_install_remove
2022-05-30 09:39:07,986 INFO  Dir:   software_management_end_to_end/
2022-05-30 09:39:07,986 INFO  Title: Validate end to end behaviour for the dummy plugin for installation and removal of packages
2022-05-30 09:39:07,986 INFO  ==============================================================
2022-05-30 09:39:07,988 INFO  Using sw id database: {'asciijump': '5475369', 'robotfindskitten': '5474869', 'squirrel3': '5475279', 'rolldice': '5152439', 'moon-buggy': '5439204', 'apple': '5495053', 'banana': '5494888', 'cherry': '5495382', 'watermelon': '5494510', 'registry': '8018911', 'hello-world': '8021526', 'docker/getting-started': '8021973', 'alpine': '7991792'}
2022-05-30 09:39:07,988 INFO  EnvironmentC8y Setup
2022-05-30 09:39:08,040 INFO  Executed systemctl<serv_mapper1>, exit status 3
2022-05-30 09:39:08,056 INFO  Restarting mosquitto too frequently in the last 10 seconds. It was only up for 1 seconds
2022-05-30 09:39:08,056 INFO  Delaying execution by 10 seconds
2022-05-30 09:39:36,339 INFO  Executed sudo<tedge_connect_c8y>, exit status 0, duration 18 secs
2022-05-30 09:39:36,492 INFO  Executed sudo<tedge_connect_c8y_test>, exit status 0
2022-05-30 09:39:36,595 INFO  Executed systemctl<serv_mosq2>, exit status 0
2022-05-30 09:39:36,699 INFO  Executed systemctl<serv_mapper3>, exit status 0
2022-05-30 09:39:38,826 INFO  State of current operation: SUCCESSFUL
2022-05-30 09:39:38,960 INFO  Assert that (False == value) with value=False ... passed
2022-05-30 09:39:39,286 INFO  Response status: 201
2022-05-30 09:39:39,286 INFO  Response to action: {
    "creationTime": "2022-05-30T09:39:39.048Z",
    "deviceId": "19784101",
    "deviceName": "ubuntu-2gb-hel1-2-thin-edge-b",
    "self": "https://t493319102.eu-latest.cumulocity.com/devicecontrol/operations/19797705",
    "id": "19797705",
    "status": "PENDING",
    "description": "Apply software changes, triggered from PySys: [{'name': 'watermelon', 'id': '5494510', 'version': '::fruits', 'url': '', 'action': 'install'}]",
    "c8y_SoftwareUpdate": [
        {
            "name": "watermelon",
            "action": "install",
            "id": "5494510",
            "version": "::fruits",
            "url": ""
        }
    ]
}
2022-05-30 09:39:39,286 INFO  Started operation: {'creationTime': '2022-05-30T09:39:39.048Z', 'deviceId': '19784101', 'deviceName': 'ubuntu-2gb-hel1-2-thin-edge-b', 'self': 'https://t493319102.eu-latest.cumulocity.com/devicecontrol/operations/19797705', 'id': '19797705', 'status': 'PENDING', 'description': "Apply software changes, triggered from PySys: [{'name': 'watermelon', 'id': '5494510', 'version': '::fruits', 'url': '', 'action': 'install'}]", 'c8y_SoftwareUpdate': [{'name': 'watermelon', 'action': 'install', 'id': '5494510', 'version': '::fruits', 'url': ''}]}
2022-05-30 09:39:41,397 INFO  State of operation 19797705 : SUCCESSFUL
2022-05-30 09:39:41,537 INFO  Package vanilla is installed
2022-05-30 09:39:41,537 INFO  Assert that (True == value) with value=True ... passed
2022-05-30 09:39:41,662 INFO  Response status: 201
2022-05-30 09:39:41,663 INFO  Response to action: {
    "creationTime": "2022-05-30T09:39:41.623Z",
    "deviceId": "19784101",
    "deviceName": "ubuntu-2gb-hel1-2-thin-edge-b",
    "self": "https://t493319102.eu-latest.cumulocity.com/devicecontrol/operations/19797707",
    "id": "19797707",
    "status": "PENDING",
    "description": "Apply software changes, triggered from PySys: [{'name': 'watermelon', 'id': '5494510', 'version': '::fruits', 'url': '', 'action': 'delete'}]",
    "c8y_SoftwareUpdate": [
        {
            "name": "watermelon",
            "action": "delete",
            "id": "5494510",
            "version": "::fruits",
            "url": ""
        }
    ]
}
2022-05-30 09:39:41,663 INFO  Started operation: {'creationTime': '2022-05-30T09:39:41.623Z', 'deviceId': '19784101', 'deviceName': 'ubuntu-2gb-hel1-2-thin-edge-b', 'self': 'https://t493319102.eu-latest.cumulocity.com/devicecontrol/operations/19797707', 'id': '19797707', 'status': 'PENDING', 'description': "Apply software changes, triggered from PySys: [{'name': 'watermelon', 'id': '5494510', 'version': '::fruits', 'url': '', 'action': 'delete'}]", 'c8y_SoftwareUpdate': [{'name': 'watermelon', 'action': 'delete', 'id': '5494510', 'version': '::fruits', 'url': ''}]}
2022-05-30 09:39:43,774 INFO  State of operation 19797707 : SUCCESSFUL
2022-05-30 09:39:43,911 INFO  Assert that (False == value) with value=False ... passed
2022-05-30 09:39:43,911 INFO  
2022-05-30 09:39:43,911 INFO  cleanup:
2022-05-30 09:39:55,126 INFO  Executed sudo<tedge_disconnect_c8y>, exit status 0, duration 11 secs
2022-05-30 09:39:55,230 INFO  Executed systemctl<serv_mapper5>, exit status 3
2022-05-30 09:39:55,231 INFO  
2022-05-30 09:39:55,231 INFO  Test duration: 47.24 secs
2022-05-30 09:39:55,231 INFO  Test final outcome:  PASSED
2022-05-30 09:39:55,231 INFO  
