2022-05-10 20:37:02,485 INFO  ==============================================================
2022-05-10 20:37:02,486 INFO  Id:    SoftwareManagement.sm_apt_install_fail
2022-05-10 20:37:02,487 INFO  Dir:   software_management_end_to_end/
2022-05-10 20:37:02,488 INFO  Title: Validate end to end behaviour for a failing installation
2022-05-10 20:37:02,489 INFO  ==============================================================
2022-05-10 20:37:02,495 INFO  Using sw id database: {'asciijump': '5475369', 'robotfindskitten': '5474869', 'squirrel3': '5475279', 'rolldice': '5152439', 'moon-buggy': '5439204', 'apple': '5495053', 'banana': '5494888', 'cherry': '5495382', 'watermelon': '5494510', 'registry': '8018911', 'hello-world': '8021526', 'docker/getting-started': '8021973', 'alpine': '7991792'}
2022-05-10 20:37:02,496 INFO  EnvironmentC8y Setup
2022-05-10 20:37:03,056 INFO  Executed systemctl<serv_mapper1>, exit status 3
2022-05-10 20:37:03,168 INFO  Restarting mosquitto too frequently in the last 10 seconds. It was only up for 5 seconds
2022-05-10 20:37:03,169 INFO  Delaying execution by 6 seconds
2022-05-10 20:37:26,023 INFO  Executed sudo<tedge_connect_c8y>, exit status 0, duration 16 secs
2022-05-10 20:37:26,694 INFO  Executed sudo<tedge_connect_c8y_test>, exit status 0
2022-05-10 20:37:27,264 INFO  Executed systemctl<serv_mosq2>, exit status 0
2022-05-10 20:37:27,776 INFO  Executed systemctl<serv_mapper3>, exit status 0
2022-05-10 20:37:30,041 INFO  State of current operation: PENDING
2022-05-10 20:37:32,277 INFO  State of current operation: PENDING
2022-05-10 20:37:34,530 INFO  State of current operation: EXECUTING
2022-05-10 20:37:36,779 INFO  State of current operation: EXECUTING
2022-05-10 20:37:39,057 INFO  State of current operation: EXECUTING
2022-05-10 20:37:41,325 INFO  State of current operation: EXECUTING
2022-05-10 20:37:43,578 INFO  State of current operation: EXECUTING
2022-05-10 20:37:45,802 INFO  State of current operation: EXECUTING
2022-05-10 20:37:48,143 INFO  State of current operation: EXECUTING
2022-05-10 20:37:50,469 INFO  State of current operation: EXECUTING
2022-05-10 20:37:54,682 INFO  State of current operation: EXECUTING
2022-05-10 20:37:57,923 INFO  State of current operation: EXECUTING
2022-05-10 20:38:00,181 INFO  State of current operation: EXECUTING
2022-05-10 20:38:02,585 INFO  State of current operation: EXECUTING
2022-05-10 20:38:04,811 INFO  State of current operation: EXECUTING
2022-05-10 20:38:07,092 INFO  State of current operation: EXECUTING
2022-05-10 20:38:09,317 INFO  State of current operation: EXECUTING
2022-05-10 20:38:11,549 INFO  State of current operation: EXECUTING
2022-05-10 20:38:13,784 INFO  State of current operation: EXECUTING
2022-05-10 20:38:16,009 INFO  State of current operation: EXECUTING
2022-05-10 20:38:18,227 INFO  State of current operation: FAILED
2022-05-10 20:38:18,455 INFO  Response status: 201
2022-05-10 20:38:18,457 INFO  Response to action: {
    "creationTime": "2022-05-10T20:38:18.410Z",
    "deviceName": "m32sd11f",
    "deviceId": "18733333",
    "self": "https://t493319102.eu-latest.cumulocity.com/devicecontrol/operations/18751845",
    "id": "18751845",
    "status": "PENDING",
    "description": "Apply software changes, triggered from PySys: [{'name': 'does_not_exist', 'id': '5446165', 'version': '::apt', 'url': '', 'action': 'install'}]",
    "c8y_SoftwareUpdate": [
        {
            "name": "does_not_exist",
            "action": "install",
            "id": "5446165",
            "version": "::apt",
            "url": ""
        }
    ]
}
2022-05-10 20:38:18,458 INFO  Started operation: {'creationTime': '2022-05-10T20:38:18.410Z', 'deviceName': 'm32sd11f', 'deviceId': '18733333', 'self': 'https://t493319102.eu-latest.cumulocity.com/devicecontrol/operations/18751845', 'id': '18751845', 'status': 'PENDING', 'description': "Apply software changes, triggered from PySys: [{'name': 'does_not_exist', 'id': '5446165', 'version': '::apt', 'url': '', 'action': 'install'}]", 'c8y_SoftwareUpdate': [{'name': 'does_not_exist', 'action': 'install', 'id': '5446165', 'version': '::apt', 'url': ''}]}
2022-05-10 20:38:20,670 INFO  State of operation 18751845 : PENDING
2022-05-10 20:38:22,889 INFO  State of operation 18751845 : EXECUTING
2022-05-10 20:38:25,107 INFO  State of operation 18751845 : EXECUTING
2022-05-10 20:38:27,350 INFO  State of operation 18751845 : EXECUTING
2022-05-10 20:38:29,568 INFO  State of operation 18751845 : EXECUTING
2022-05-10 20:38:31,788 INFO  State of operation 18751845 : EXECUTING
2022-05-10 20:38:34,005 INFO  State of operation 18751845 : EXECUTING
2022-05-10 20:38:36,806 INFO  State of operation 18751845 : EXECUTING
2022-05-10 20:38:41,020 INFO  State of operation 18751845 : EXECUTING
2022-05-10 20:38:43,437 INFO  State of operation 18751845 : EXECUTING
2022-05-10 20:38:45,847 INFO  State of operation 18751845 : EXECUTING
2022-05-10 20:38:48,064 INFO  State of operation 18751845 : EXECUTING
2022-05-10 20:38:50,275 INFO  State of operation 18751845 : EXECUTING
2022-05-10 20:38:52,490 INFO  State of operation 18751845 : EXECUTING
2022-05-10 20:38:54,704 INFO  State of operation 18751845 : EXECUTING
2022-05-10 20:38:56,965 INFO  State of operation 18751845 : EXECUTING
2022-05-10 20:38:59,173 INFO  State of operation 18751845 : FAILED
2022-05-10 20:38:59,457 INFO  Assert that (False == value) with value=False ... passed
2022-05-10 20:38:59,469 INFO  
2022-05-10 20:38:59,469 INFO  cleanup:
2022-05-10 20:39:05,071 INFO  Executed sudo<tedge_disconnect_c8y>, exit status 0
2022-05-10 20:39:05,635 INFO  Executed systemctl<serv_mapper5>, exit status 3
2022-05-10 20:39:05,639 INFO  
2022-05-10 20:39:05,640 INFO  Test duration: 123.17 secs
2022-05-10 20:39:05,641 INFO  Test final outcome:  PASSED
2022-05-10 20:39:05,642 INFO  
