2022-05-10 19:34:24,932 INFO  ==============================================================
2022-05-10 19:34:24,932 INFO  Id:    apt_sequence_remove_with_version_fail
2022-05-10 19:34:24,932 INFO  Dir:   plugin_apt/
2022-05-10 19:34:24,933 INFO  Title: Validate apt plugin remove with version fails when the version not found
2022-05-10 19:34:24,933 INFO  ==============================================================
2022-05-10 19:34:29,549 INFO  Executed sudo<outp_install>, exit status 0
2022-05-10 19:34:29,550 INFO  Assert that (value==0) with value=0 ... passed
2022-05-10 19:34:30,003 INFO  Executed sudo<outp_remove>, exit status 2
2022-05-10 19:34:30,004 INFO  Assert that (value==2) with value=2 ... passed
2022-05-10 19:34:30,005 INFO  Grep on file outp_remove.err ... passed
2022-05-10 19:34:30,458 INFO  Executed sudo<outp_check_0>, exit status 0
2022-05-10 19:34:30,459 INFO  Assert that (value==0) with value=0 ... passed
2022-05-10 19:34:30,460 INFO  Grep on file outp_check_0.out ... passed
2022-05-10 19:34:30,460 INFO  
2022-05-10 19:34:30,460 INFO  cleanup:
2022-05-10 19:34:35,277 INFO  Executed sudo, exit status 0
2022-05-10 19:34:35,278 INFO  
2022-05-10 19:34:35,278 INFO  Test duration: 10.34 secs
2022-05-10 19:34:35,278 INFO  Test final outcome:  PASSED
2022-05-10 19:34:35,278 INFO  
