2022-05-09 08:00:16,389 INFO  ==============================================================
2022-05-09 08:00:16,390 INFO  Id:    SoftwareManagement.Plugin.apama_plugin_install
2022-05-09 08:00:16,393 INFO  Dir:   plugin_apama/
2022-05-09 08:00:16,394 INFO  Title: Validate apama plugin install
2022-05-09 08:00:16,395 INFO  ==============================================================
2022-05-09 08:00:16,427 INFO  Assertion that path exists=False for "/etc/tedge/apama/project" ... passed
2022-05-09 08:00:18,678 INFO  Executed sudo<plugin_install>, exit status 0
2022-05-09 08:00:19,391 INFO  Executed sudo<apama_correlator_wait>, exit status 0
2022-05-09 08:00:20,116 INFO  Executed sudo<plugin_list_after_install>, exit status 0
2022-05-09 08:00:20,118 INFO  Assertion that path exists=True for "/etc/tedge/apama/project" ... passed
2022-05-09 08:00:20,832 INFO  Executed sudo<apama_list_monitors>, exit status 0
2022-05-09 08:00:20,842 INFO  Grep on file /home/pi/actions-runner/_work/thin-edge.io/thin-edge.io/tests/PySys/plugin_apama/apama_plugin_install/Output/linux/apama_list_monitors.out ... passed
2022-05-09 08:00:20,848 INFO  Grep on file plugin_list_after_install.out ... passed
2022-05-09 08:00:20,853 INFO  Grep on file plugin_list_after_install.out ... passed
2022-05-09 08:00:20,860 INFO  
2022-05-09 08:00:20,860 INFO  cleanup:
2022-05-09 08:00:20,861 INFO  Removing apama project
2022-05-09 08:00:38,028 INFO  Executed sudo<stop_apama_service>, exit status 0, duration 17 secs
2022-05-09 08:00:38,647 INFO  Executed sudo<remove_apama_project>, exit status 0
2022-05-09 08:00:39,161 INFO  Executed sudo<remove_apama_tmp_dir>, exit status 0
2022-05-09 08:00:39,165 INFO  
2022-05-09 08:00:39,166 INFO  Test duration: 22.79 secs
2022-05-09 08:00:39,167 INFO  Test final outcome:  PASSED
2022-05-09 08:00:39,168 INFO  
