2022-04-12 16:22:11,663 INFO  ==============================================================
2022-04-12 16:22:11,664 INFO  Id:    tedge_mapper_c8y_positive
2022-04-12 16:22:11,665 INFO  Dir:   tedge_mapper_c8y/
2022-04-12 16:22:11,666 INFO  Title: Validate the Cumulocity Mapper that publishes a Thin Edge JSON message on c8y/measurement/measurements/create when it receives a valid JSON message on tedge/measurements
2022-04-12 16:22:11,666 INFO  ==============================================================
2022-04-12 16:22:11,674 INFO  EnvironmentC8y Setup
2022-04-12 16:22:12,287 INFO  Executed systemctl<serv_mapper1>, exit status 3
2022-04-12 16:22:12,411 INFO  Restarting mosquitto too frequently in the last 10 seconds. It was only up for 4 seconds
2022-04-12 16:22:12,412 INFO  Delaying execution by 7 seconds
2022-04-12 16:22:33,266 INFO  Executed sudo<tedge_connect_c8y>, exit status 0, duration 13 secs
2022-04-12 16:22:33,883 INFO  Executed sudo<tedge_connect_c8y_test>, exit status 0
2022-04-12 16:22:34,396 INFO  Executed systemctl<serv_mosq2>, exit status 0
2022-04-12 16:22:34,911 INFO  Executed systemctl<serv_mapper3>, exit status 0
2022-04-12 16:22:35,477 INFO  Executed sudo<tedge_mapper_c8y>, exit status 0
2022-04-12 16:22:35,487 INFO  Started sudo<tedge_sub> with process id 15427
2022-04-12 16:22:36,157 INFO  Executed sudo<tedge_temp>, exit status 0
2022-04-12 16:22:36,670 INFO  Executed sudo<kill_out>, exit status 0
2022-04-12 16:22:36,675 INFO  Assert that (actual == expected) with actual="ThinEdgeMeasurement", expected="ThinEdgeMeasurement" ... passed
2022-04-12 16:22:36,677 INFO  Assert that (actual == expected) with actual=12.0, expected=12 ... passed
2022-04-12 16:22:36,678 INFO  Assert that (actual == expected) with actual="2021-06-15T17:01:15.806181503+02:00", expected="2021-06-15T17:01:15.806181503+02:00" ... passed
2022-04-12 16:22:36,685 INFO  
2022-04-12 16:22:36,686 INFO  cleanup:
2022-04-12 16:22:36,687 INFO  mapper_cleanup
2022-04-12 16:22:37,260 INFO  Executed sudo<tedge_mapper_c8y>, exit status 0
2022-04-12 16:22:41,221 INFO  Executed sudo<tedge_disconnect_c8y>, exit status 0
2022-04-12 16:22:41,787 INFO  Executed systemctl<serv_mapper5>, exit status 3
2022-04-12 16:22:41,792 INFO  
2022-04-12 16:22:41,792 INFO  Test duration: 30.13 secs
2022-04-12 16:22:41,794 INFO  Test final outcome:  PASSED
2022-04-12 16:22:41,794 INFO  
