2022-04-29 09:39:36,427 INFO  ==============================================================
2022-04-29 09:39:36,428 INFO  Id:    apt_update_list
2022-04-29 09:39:36,429 INFO  Dir:   plugin_apt/
2022-04-29 09:39:36,430 INFO  Title: Validate apt plugin update-list command use case
2022-04-29 09:39:36,430 INFO  ==============================================================
2022-04-29 09:39:44,490 INFO  Executed sudo, exit status 0
2022-04-29 09:39:49,125 INFO  Executed sudo, exit status 0
2022-04-29 09:40:03,545 INFO  Executed sudo, exit status 0, duration 14 secs
2022-04-29 09:40:08,828 INFO  Executed sudo<outp_check_0>, exit status 0
2022-04-29 09:40:08,830 INFO  Assert that (value==0) with value=0 ... passed
2022-04-29 09:40:08,836 INFO  Grep on file outp_check_0.out ... passed
2022-04-29 09:40:11,852 INFO  Executed sudo<outp_check_1>, exit status 0
2022-04-29 09:40:11,855 INFO  Assert that (value==0) with value=0 ... passed
2022-04-29 09:40:11,860 INFO  Grep on file outp_check_1.out ... passed
2022-04-29 09:40:14,466 INFO  Executed sudo<outp_check_2>, exit status 0
2022-04-29 09:40:14,468 INFO  Assert that (value==0) with value=0 ... passed
2022-04-29 09:40:14,480 INFO  Grep on file outp_check_2.out ... passed
2022-04-29 09:41:05,172 INFO  Executed sudo<outp_check_3>, exit status 0
2022-04-29 09:41:05,175 INFO  Assert that (value==0) with value=0 ... passed
2022-04-29 09:41:05,181 INFO  Grep on file outp_check_3.out ... passed
2022-04-29 09:41:07,754 INFO  Executed sudo<outp_check_4>, exit status 0
2022-04-29 09:41:07,756 INFO  Assert that (value==0) with value=0 ... passed
2022-04-29 09:41:07,761 INFO  Grep on file outp_check_4.out ... passed
2022-04-29 09:41:10,284 INFO  Executed sudo<outp_check_5>, exit status 0
2022-04-29 09:41:10,286 INFO  Assert that (value==0) with value=0 ... passed
2022-04-29 09:41:10,292 INFO  Grep on file outp_check_5.out ... passed
2022-04-29 09:41:10,298 INFO  
2022-04-29 09:41:10,299 INFO  cleanup:
2022-04-29 09:41:24,029 INFO  Executed sudo, exit status 0, duration 13 secs
2022-04-29 09:41:31,583 INFO  Executed sudo, exit status 0
2022-04-29 09:41:45,957 INFO  Executed sudo, exit status 0, duration 14 secs
2022-04-29 09:41:45,961 INFO  
2022-04-29 09:41:45,962 INFO  Test duration: 129.54 secs
2022-04-29 09:41:45,963 INFO  Test final outcome:  PASSED
2022-04-29 09:41:45,964 INFO  
