2022-05-10 14:11:03,128 INFO  ==============================================================
2022-05-10 14:11:03,129 INFO  Id:    SoftwareManagement.sm_apt_install_download_path
2022-05-10 14:11:03,130 INFO  Dir:   software_management_end_to_end/
2022-05-10 14:11:03,131 INFO  Title: Install package to directory specified in tedge config set tmp.path
2022-05-10 14:11:03,132 INFO  ==============================================================
2022-05-10 14:11:04,605 INFO  Using sw id database: {'asciijump': '5475369', 'robotfindskitten': '5474869', 'squirrel3': '5475279', 'rolldice': '5152439', 'moon-buggy': '5439204', 'apple': '5495053', 'banana': '5494888', 'cherry': '5495382', 'watermelon': '5494510', 'registry': '8018911', 'hello-world': '8021526', 'docker/getting-started': '8021973', 'alpine': '7991792'}
2022-05-10 14:11:04,607 INFO  EnvironmentC8y Setup
2022-05-10 14:11:05,222 INFO  Executed systemctl<serv_mapper1>, exit status 3
2022-05-10 14:11:19,944 INFO  Executed sudo<tedge_connect_c8y>, exit status 0, duration 14 secs
2022-05-10 14:11:20,561 INFO  Executed sudo<tedge_connect_c8y_test>, exit status 0
2022-05-10 14:11:21,074 INFO  Executed systemctl<serv_mosq2>, exit status 0
2022-05-10 14:11:21,587 INFO  Executed systemctl<serv_mapper3>, exit status 0
2022-05-10 14:11:23,829 INFO  State of current operation: SUCCESSFUL
2022-05-10 14:11:24,195 INFO  Assert that (False == value) with value=False ... passed
2022-05-10 14:11:24,769 INFO  Executed sudo, exit status 0
2022-05-10 14:11:25,332 INFO  Executed sudo, exit status 0
2022-05-10 14:11:25,991 INFO  Executed sudo, exit status 0
2022-05-10 14:11:30,004 INFO  Executed sudo<tedge_disconnect_c8y>, exit status 0
2022-05-10 14:11:30,114 INFO  Restarting mosquitto too frequently in the last 10 seconds. It was only up for 3 seconds
2022-05-10 14:11:30,116 INFO  Delaying execution by 8 seconds
2022-05-10 14:11:52,104 INFO  Executed sudo<tedge_connect_c8y>, exit status 0, duration 13 secs
2022-05-10 14:11:52,363 INFO  Response status: 201
2022-05-10 14:11:52,365 INFO  Response to action: {
    "delivery": {
        "time": "2022-05-10T14:11:52.333Z",
        "log": [],
        "status": "PENDING"
    },
    "creationTime": "2022-05-10T14:11:52.314Z",
    "deviceName": "mythica",
    "deviceId": "18671276",
    "self": "https://t493319102.eu-latest.cumulocity.com/devicecontrol/operations/18685589",
    "id": "18685589",
    "status": "PENDING",
    "description": "Apply software changes, triggered from PySys: [{'name': 'rolldice', 'id': '5152439', 'version': '::apt', 'url': 'https://thin-edge-io.eu-latest.cumulocity.com/inventory/binaries/12435463', 'action': 'install'}]",
    "c8y_SoftwareUpdate": [
        {
            "name": "rolldice",
            "action": "install",
            "id": "5152439",
            "version": "::apt",
            "url": "https://thin-edge-io.eu-latest.cumulocity.com/inventory/binaries/12435463"
        }
    ]
}
2022-05-10 14:11:52,366 INFO  Started operation: {'delivery': {'time': '2022-05-10T14:11:52.333Z', 'log': [], 'status': 'PENDING'}, 'creationTime': '2022-05-10T14:11:52.314Z', 'deviceName': 'mythica', 'deviceId': '18671276', 'self': 'https://t493319102.eu-latest.cumulocity.com/devicecontrol/operations/18685589', 'id': '18685589', 'status': 'PENDING', 'description': "Apply software changes, triggered from PySys: [{'name': 'rolldice', 'id': '5152439', 'version': '::apt', 'url': 'https://thin-edge-io.eu-latest.cumulocity.com/inventory/binaries/12435463', 'action': 'install'}]", 'c8y_SoftwareUpdate': [{'name': 'rolldice', 'action': 'install', 'id': '5152439', 'version': '::apt', 'url': 'https://thin-edge-io.eu-latest.cumulocity.com/inventory/binaries/12435463'}]}
2022-05-10 14:11:52,370 WARN  , retrying in 0.5 seconds...
2022-05-10 14:11:52,874 WARN  , retrying in 0.5 seconds...
2022-05-10 14:11:53,377 WARN  , retrying in 0.5 seconds...
2022-05-10 14:11:53,880 WARN  , retrying in 0.5 seconds...
2022-05-10 14:11:54,388 WARN  , retrying in 0.5 seconds...
2022-05-10 14:11:54,891 WARN  , retrying in 0.5 seconds...
2022-05-10 14:11:55,396 WARN  , retrying in 0.5 seconds...
2022-05-10 14:11:55,900 WARN  , retrying in 0.5 seconds...
2022-05-10 14:11:56,403 WARN  , retrying in 0.5 seconds...
2022-05-10 14:11:56,906 WARN  AssertionError occurred while running test - 
Traceback (most recent call last):
  File "/home/pi/env-pysys/lib/python3.7/site-packages/pysys/baserunner.py", line 1294, in __call__
    self.testObj.execute()
  File "/home/pi/actions-runner/_work/thin-edge.io/thin-edge.io/tests/PySys/software_management_end_to_end/sm_apt_install_download_path/run.py", line 83, in execute
    assert_install_in_download_path(install_directory=self.DOWNLOAD_DIR)
  File "/home/pi/env-pysys/lib/python3.7/site-packages/decorator.py", line 232, in fun
    return caller(func, *(extras + args), **kw)
  File "/home/pi/env-pysys/lib/python3.7/site-packages/retry/api.py", line 74, in retry_decorator
    logger)
  File "/home/pi/env-pysys/lib/python3.7/site-packages/retry/api.py", line 33, in __retry_internal
    return f()
  File "/home/pi/actions-runner/_work/thin-edge.io/thin-edge.io/tests/PySys/software_management_end_to_end/sm_apt_install_download_path/run.py", line 28, in assert_install_in_download_path
    assert "rolldice" in os.listdir(f"{install_directory}")
AssertionError
2022-05-10 14:11:57,549 WARN  AssertionError: ... blocked 
2022-05-10 14:11:57,550 INFO  
2022-05-10 14:11:57,551 INFO  cleanup:
2022-05-10 14:11:58,066 INFO  Executed sudo, exit status 0
2022-05-10 14:11:58,632 INFO  Executed sudo, exit status 0
2022-05-10 14:12:03,181 INFO  Executed sudo<tedge_disconnect_c8y>, exit status 0
2022-05-10 14:12:03,297 INFO  Restarting mosquitto too frequently in the last 10 seconds. It was only up for 4 seconds
2022-05-10 14:12:03,298 INFO  Delaying execution by 7 seconds
2022-05-10 14:12:24,517 INFO  Executed sudo<tedge_connect_c8y>, exit status 0, duration 14 secs
2022-05-10 14:12:28,832 INFO  Executed sudo<tedge_disconnect_c8y>, exit status 0
2022-05-10 14:12:29,451 INFO  Executed systemctl<serv_mapper5>, exit status 3
2022-05-10 14:12:29,456 INFO  
2022-05-10 14:12:29,456 INFO  Test duration: 86.34 secs
2022-05-10 14:12:29,458 INFO  Test final outcome:  BLOCKED
2022-05-10 14:12:29,459 INFO  Test outcome reason: AssertionError:
2022-05-10 14:12:29,460 INFO  
