2022-05-02 15:27:04,243 INFO  ==============================================================
2022-05-02 15:27:04,244 INFO  Id:    SoftwareManagement.sm_apt_install_remove_default
2022-05-02 15:27:04,244 INFO  Dir:   software_management_end_to_end/
2022-05-02 15:27:04,244 INFO  Title: Validate end to end behaviour for the default plugin for installation and removal of packages
2022-05-02 15:27:04,244 INFO  ==============================================================
2022-05-02 15:27:04,245 INFO  Using sw id database: {'asciijump': '5475369', 'robotfindskitten': '5474869', 'squirrel3': '5475279', 'rolldice': '5152439', 'moon-buggy': '5439204', 'apple': '5495053', 'banana': '5494888', 'cherry': '5495382', 'watermelon': '5494510', 'registry': '8018911', 'hello-world': '8021526', 'docker/getting-started': '8021973', 'alpine': '7991792'}
2022-05-02 15:27:04,245 INFO  EnvironmentC8y Setup
2022-05-02 15:27:04,296 INFO  Executed systemctl<serv_mapper1>, exit status 3
2022-05-02 15:27:04,309 INFO  Restarting mosquitto too frequently in the last 10 seconds. It was only up for 1 seconds
2022-05-02 15:27:04,310 INFO  Delaying execution by 10 seconds
2022-05-02 15:27:31,679 INFO  Executed sudo<tedge_connect_c8y>, exit status 0, duration 17 secs
2022-05-02 15:27:31,830 INFO  Executed sudo<tedge_connect_c8y_test>, exit status 0
2022-05-02 15:27:31,882 INFO  Executed systemctl<serv_mosq2>, exit status 0
2022-05-02 15:27:31,933 INFO  Executed systemctl<serv_mapper3>, exit status 0
2022-05-02 15:27:34,060 INFO  State of current operation: SUCCESSFUL
2022-05-02 15:27:34,236 INFO  Assert that (False == value) with value=False ... passed
2022-05-02 15:27:34,427 INFO  Response status: 201
2022-05-02 15:27:34,428 INFO  Response to action: {
    "creationTime": "2022-05-02T15:27:34.325Z",
    "deviceName": "ubuntu-2gb-hel1-2-thin-edge-b",
    "deviceId": "18168279",
    "self": "https://t493319102.eu-latest.cumulocity.com/devicecontrol/operations/18197121",
    "id": "18197121",
    "status": "PENDING",
    "description": "Apply software changes, triggered from PySys: [{'name': 'rolldice', 'id': '5152439', 'version': ' ', 'url': '', 'action': 'install'}]",
    "c8y_SoftwareUpdate": [
        {
            "name": "rolldice",
            "action": "install",
            "id": "5152439",
            "version": " ",
            "url": ""
        }
    ]
}
2022-05-02 15:27:34,428 INFO  Started operation: {'creationTime': '2022-05-02T15:27:34.325Z', 'deviceName': 'ubuntu-2gb-hel1-2-thin-edge-b', 'deviceId': '18168279', 'self': 'https://t493319102.eu-latest.cumulocity.com/devicecontrol/operations/18197121', 'id': '18197121', 'status': 'PENDING', 'description': "Apply software changes, triggered from PySys: [{'name': 'rolldice', 'id': '5152439', 'version': ' ', 'url': '', 'action': 'install'}]", 'c8y_SoftwareUpdate': [{'name': 'rolldice', 'action': 'install', 'id': '5152439', 'version': ' ', 'url': ''}]}
2022-05-02 15:27:36,542 INFO  State of operation 18197121 : EXECUTING
2022-05-02 15:27:38,716 INFO  State of operation 18197121 : EXECUTING
2022-05-02 15:27:40,831 INFO  State of operation 18197121 : SUCCESSFUL
2022-05-02 15:27:40,974 INFO  Package rolldice is installed
2022-05-02 15:27:40,974 INFO  Assert that (True == value) with value=True ... passed
2022-05-02 15:27:41,103 INFO  Response status: 201
2022-05-02 15:27:41,103 INFO  Response to action: {
    "creationTime": "2022-05-02T15:27:41.064Z",
    "deviceName": "ubuntu-2gb-hel1-2-thin-edge-b",
    "deviceId": "18168279",
    "self": "https://t493319102.eu-latest.cumulocity.com/devicecontrol/operations/18197125",
    "id": "18197125",
    "status": "PENDING",
    "description": "Apply software changes, triggered from PySys: [{'name': 'rolldice', 'id': '5152439', 'version': ' ', 'url': '', 'action': 'delete'}]",
    "c8y_SoftwareUpdate": [
        {
            "name": "rolldice",
            "action": "delete",
            "id": "5152439",
            "version": " ",
            "url": ""
        }
    ]
}
2022-05-02 15:27:41,104 INFO  Started operation: {'creationTime': '2022-05-02T15:27:41.064Z', 'deviceName': 'ubuntu-2gb-hel1-2-thin-edge-b', 'deviceId': '18168279', 'self': 'https://t493319102.eu-latest.cumulocity.com/devicecontrol/operations/18197125', 'id': '18197125', 'status': 'PENDING', 'description': "Apply software changes, triggered from PySys: [{'name': 'rolldice', 'id': '5152439', 'version': ' ', 'url': '', 'action': 'delete'}]", 'c8y_SoftwareUpdate': [{'name': 'rolldice', 'action': 'delete', 'id': '5152439', 'version': ' ', 'url': ''}]}
2022-05-02 15:27:43,220 INFO  State of operation 18197125 : EXECUTING
2022-05-02 15:27:45,334 INFO  State of operation 18197125 : EXECUTING
2022-05-02 15:27:47,454 INFO  State of operation 18197125 : SUCCESSFUL
2022-05-02 15:27:47,599 INFO  Assert that (False == value) with value=False ... passed
2022-05-02 15:27:47,600 INFO  
2022-05-02 15:27:47,600 INFO  cleanup:
2022-05-02 15:27:58,505 INFO  Executed sudo<tedge_disconnect_c8y>, exit status 0
2022-05-02 15:27:58,607 INFO  Executed systemctl<serv_mapper5>, exit status 3
2022-05-02 15:27:58,608 INFO  
2022-05-02 15:27:58,608 INFO  Test duration: 54.36 secs
2022-05-02 15:27:58,608 INFO  Test final outcome:  PASSED
2022-05-02 15:27:58,608 INFO  
