2022-04-14 07:26:23,346 INFO  ==============================================================
2022-04-14 07:26:23,347 INFO  Id:    docker_plugin_remove_with_version
2022-04-14 07:26:23,349 INFO  Dir:   plugin_docker/
2022-04-14 07:26:23,349 INFO  Title: Validate docker plugin remove with version
2022-04-14 07:26:23,350 INFO  ==============================================================
2022-04-14 07:26:24,237 INFO  Executed sudo<docker_images>, exit status 0
2022-04-14 07:26:24,243 INFO  Grep on file /home/pi/actions-runner/_work/thin-edge.io/thin-edge.io/tests/PySys/plugin_docker/docker_plugin_remove_with_version/Output/linux/docker_images.out ... passed
2022-04-14 07:26:47,785 INFO  Executed sudo<docker_run>, exit status 0, duration 23 secs
2022-04-14 07:26:48,657 INFO  Executed sudo<docker_ps>, exit status 0
2022-04-14 07:26:48,661 INFO  Grep on file /home/pi/actions-runner/_work/thin-edge.io/thin-edge.io/tests/PySys/plugin_docker/docker_plugin_remove_with_version/Output/linux/docker_ps.out ... passed
2022-04-14 07:26:52,262 INFO  Executed sudo<plugin_remove>, exit status 0
2022-04-14 07:26:53,080 INFO  Executed sudo<docker_ps_latest>, exit status 0
2022-04-14 07:26:54,005 INFO  Executed sudo<docker_ps>, exit status 0
2022-04-14 07:26:54,012 INFO  Grep on file /home/pi/actions-runner/_work/thin-edge.io/thin-edge.io/tests/PySys/plugin_docker/docker_plugin_remove_with_version/Output/linux/docker_ps.out ... passed
2022-04-14 07:26:54,020 INFO  
2022-04-14 07:26:54,021 INFO  cleanup:
2022-04-14 07:26:54,023 INFO  Removing containers scheduled to be cleaned up: ['7757715e4381', '26587cc7a1df', '47196754dfee0cb003cd7dd3b6f971206f6a3239ccbc4eddf479f28628521f8b\n', '74a0ad672e07c11e5a6ba00d72eb0c056c1f95de7e16c78796f176c11ad5f5aa\n']
2022-04-14 07:26:54,965 WARN  Executed sudo<containers_for_cleanup>, exit status 1
2022-04-14 07:26:54,967 INFO  Removing images scheduled to be cleaned up: ['registry', 'registry', 'registry:2.7.1', 'registry', 'registry:2.7.1']
2022-04-14 07:26:58,773 INFO  Executed sudo<containers_for_cleanup>, exit status 0
2022-04-14 07:26:58,777 INFO  
2022-04-14 07:26:58,778 INFO  Test duration: 35.44 secs
2022-04-14 07:26:58,779 INFO  Test final outcome:  PASSED
2022-04-14 07:26:58,780 INFO  
