2022-05-10 19:56:21,388 INFO  ==============================================================
2022-05-10 19:56:21,389 INFO  Id:    apt_sequence_remove
2022-05-10 19:56:21,390 INFO  Dir:   plugin_apt/
2022-05-10 19:56:21,391 INFO  Title: Validate apt plugin prepare install remove finalize use case
2022-05-10 19:56:21,392 INFO  ==============================================================
2022-05-10 19:57:00,586 INFO  Executed sudo, exit status 0, duration 39 secs
2022-05-10 19:57:06,393 INFO  Executed sudo<outp_check_0>, exit status 0
2022-05-10 19:57:06,395 INFO  Assert that (value==0) with value=0 ... passed
2022-05-10 19:57:06,401 INFO  Grep on file outp_check_0.out ... passed
2022-05-10 19:57:24,424 INFO  Executed sudo<outp_prepare>, exit status 0, duration 18 secs
2022-05-10 19:57:24,427 INFO  Assert that (value==0) with value=0 ... passed
2022-05-10 19:57:43,924 INFO  Executed sudo<outp_remove>, exit status 0, duration 19 secs
2022-05-10 19:57:43,927 INFO  Assert that (value==0) with value=0 ... passed
2022-05-10 19:57:51,841 INFO  Executed sudo<outp_finalize>, exit status 0
2022-05-10 19:57:51,843 INFO  Assert that (value==0) with value=0 ... passed
2022-05-10 19:57:54,393 INFO  Executed sudo<outp_check_1>, exit status 0
2022-05-10 19:57:54,396 INFO  Assert that (value==0) with value=0 ... passed
2022-05-10 19:57:54,401 INFO  Grep on file outp_check_1.out ... passed
2022-05-10 19:57:54,407 INFO  
2022-05-10 19:57:54,408 INFO  cleanup:
2022-05-10 19:57:59,154 INFO  Executed sudo, exit status 0
2022-05-10 19:57:59,158 INFO  
2022-05-10 19:57:59,159 INFO  Test duration: 97.78 secs
2022-05-10 19:57:59,160 INFO  Test final outcome:  PASSED
2022-05-10 19:57:59,161 INFO  
