2022-05-11 11:50:29,328 INFO  ==============================================================
2022-05-11 11:50:29,329 INFO  Id:    apt_finalize
2022-05-11 11:50:29,330 INFO  Dir:   plugin_apt/
2022-05-11 11:50:29,331 INFO  Title: Validate apt plugin finalize - dense version
2022-05-11 11:50:29,332 INFO  ==============================================================
2022-05-11 11:50:34,538 INFO  Executed sudo<outp_remove>, exit status 0
2022-05-11 11:50:34,541 INFO  Assert that (value==0) with value=0 ... passed
2022-05-11 11:51:20,300 INFO  Executed sudo<outp_remove>, exit status 0, duration 45 secs
2022-05-11 11:51:20,303 INFO  Assert that (value==0) with value=0 ... passed
2022-05-11 11:51:26,353 INFO  Executed sudo<outp_check_0>, exit status 0
2022-05-11 11:51:26,356 INFO  Assert that (value==0) with value=0 ... passed
2022-05-11 11:51:26,373 INFO  Grep on file outp_check_0.out ... passed
2022-05-11 11:51:26,833 INFO  Executed dpkg-query<outp_check_0>, exit status 1
2022-05-11 11:52:15,857 INFO  Executed sudo<outp_install>, exit status 0, duration 49 secs
2022-05-11 11:52:15,860 INFO  Assert that (value==0) with value=0 ... passed
2022-05-11 11:52:21,974 INFO  Executed sudo<outp_check_1>, exit status 0
2022-05-11 11:52:21,976 INFO  Assert that (value==0) with value=0 ... passed
2022-05-11 11:52:21,982 INFO  Grep on file outp_check_1.out ... passed
2022-05-11 11:52:22,441 INFO  Executed dpkg-query<outp_check_1>, exit status 0
2022-05-11 11:52:41,279 INFO  Executed sudo<outp_remove>, exit status 0, duration 18 secs
2022-05-11 11:52:41,281 INFO  Assert that (value==0) with value=0 ... passed
2022-05-11 11:52:47,026 INFO  Executed sudo<outp_check_2>, exit status 0
2022-05-11 11:52:47,028 INFO  Assert that (value==0) with value=0 ... passed
2022-05-11 11:52:47,035 INFO  Grep on file outp_check_2.out ... passed
2022-05-11 11:52:47,545 INFO  Executed dpkg-query<outp_check_2>, exit status 0
2022-05-11 11:53:03,561 INFO  Executed sudo<outp_finalize>, exit status 0, duration 16 secs
2022-05-11 11:53:03,564 INFO  Assert that (value==0) with value=0 ... passed
2022-05-11 11:53:09,153 INFO  Executed sudo<outp_check_3>, exit status 0
2022-05-11 11:53:09,155 INFO  Assert that (value==0) with value=0 ... passed
2022-05-11 11:53:09,161 INFO  Grep on file outp_check_3.out ... passed
2022-05-11 11:53:09,620 INFO  Executed dpkg-query<outp_check_3>, exit status 1
2022-05-11 11:53:09,629 INFO  
2022-05-11 11:53:09,629 INFO  cleanup:
2022-05-11 11:53:09,633 INFO  
2022-05-11 11:53:09,633 INFO  Test duration: 160.31 secs
2022-05-11 11:53:09,635 INFO  Test final outcome:  PASSED
2022-05-11 11:53:09,636 INFO  
