2022-04-15 09:17:26,863 INFO  ==============================================================
2022-04-15 09:17:26,864 INFO  Id:    apt_install_local_file
2022-04-15 09:17:26,865 INFO  Dir:   plugin_apt/
2022-04-15 09:17:26,866 INFO  Title: Validate apt plugin install from local file - SUCCESS case
2022-04-15 09:17:26,867 INFO  ==============================================================
2022-04-15 09:17:28,918 INFO  URL of rolldice is b"'http://mirror.mythic-beasts.com/raspbian/pool/main/r/rolldice/rolldice_1.16-1+b1_armhf.deb'"
2022-04-15 09:17:31,174 INFO  Downloaded rolldcice in version 1.16-1+b1
2022-04-15 09:17:31,176 INFO  Filename is rolldice_1.16-1+b1_armhf.deb
2022-04-15 09:17:35,812 INFO  Executed sudo, exit status 0
2022-04-15 09:17:38,436 INFO  Executed sudo<outp_check_0>, exit status 0
2022-04-15 09:17:38,439 INFO  Assert that (value==0) with value=0 ... passed
2022-04-15 09:17:38,444 INFO  Grep on file outp_check_0.out ... passed
2022-04-15 09:18:18,184 INFO  Executed sudo<outp_install>, exit status 0, duration 39 secs
2022-04-15 09:18:18,187 INFO  Assert that (value==0) with value=0 ... passed
2022-04-15 09:18:23,638 INFO  Executed sudo<outp_check_1>, exit status 0
2022-04-15 09:18:23,640 INFO  Assert that (value==0) with value=0 ... passed
2022-04-15 09:18:23,646 INFO  Grep on file outp_check_1.out ... passed
2022-04-15 09:18:23,651 INFO  
2022-04-15 09:18:23,652 INFO  cleanup:
2022-04-15 09:18:23,656 INFO  
2022-04-15 09:18:23,657 INFO  Test duration: 56.80 secs
2022-04-15 09:18:23,658 INFO  Test final outcome:  PASSED
2022-04-15 09:18:23,659 INFO  
