2022-04-13 08:01:12,535 INFO  ==============================================================
2022-04-13 08:01:12,536 INFO  Id:    tedge_mapper_c8y_positive
2022-04-13 08:01:12,537 INFO  Dir:   tedge_mapper_c8y/
2022-04-13 08:01:12,538 INFO  Title: Validate the Cumulocity Mapper that publishes a Thin Edge JSON message on c8y/measurement/measurements/create when it receives a valid JSON message on tedge/measurements
2022-04-13 08:01:12,539 INFO  ==============================================================
2022-04-13 08:01:12,547 INFO  EnvironmentC8y Setup
2022-04-13 08:01:13,109 INFO  Executed systemctl<serv_mapper1>, exit status 3
2022-04-13 08:01:13,218 INFO  Restarting mosquitto too frequently in the last 10 seconds. It was only up for 5 seconds
2022-04-13 08:01:13,220 INFO  Delaying execution by 6 seconds
2022-04-13 08:01:33,773 INFO  Executed sudo<tedge_connect_c8y>, exit status 0, duration 14 secs
2022-04-13 08:01:34,391 INFO  Executed sudo<tedge_connect_c8y_test>, exit status 0
2022-04-13 08:01:34,855 INFO  Executed systemctl<serv_mosq2>, exit status 0
2022-04-13 08:01:35,358 INFO  Executed systemctl<serv_mapper3>, exit status 0
2022-04-13 08:01:35,924 INFO  Executed sudo<tedge_mapper_c8y>, exit status 0
2022-04-13 08:01:35,934 INFO  Started sudo<tedge_sub> with process id 11119
2022-04-13 08:01:36,611 INFO  Executed sudo<tedge_temp>, exit status 0
2022-04-13 08:01:37,124 INFO  Executed sudo<kill_out>, exit status 0
2022-04-13 08:01:37,129 INFO  Assert that (actual == expected) with actual="ThinEdgeMeasurement", expected="ThinEdgeMeasurement" ... passed
2022-04-13 08:01:37,131 INFO  Assert that (actual == expected) with actual=12.0, expected=12 ... passed
2022-04-13 08:01:37,133 INFO  Assert that (actual == expected) with actual="2021-06-15T17:01:15.806181503+02:00", expected="2021-06-15T17:01:15.806181503+02:00" ... passed
2022-04-13 08:01:37,140 INFO  
2022-04-13 08:01:37,141 INFO  cleanup:
2022-04-13 08:01:37,142 INFO  mapper_cleanup
2022-04-13 08:01:37,705 INFO  Executed sudo<tedge_mapper_c8y>, exit status 0
2022-04-13 08:01:41,925 INFO  Executed sudo<tedge_disconnect_c8y>, exit status 0
2022-04-13 08:01:42,489 INFO  Executed systemctl<serv_mapper5>, exit status 3
2022-04-13 08:01:42,494 INFO  
2022-04-13 08:01:42,494 INFO  Test duration: 29.96 secs
2022-04-13 08:01:42,495 INFO  Test final outcome:  PASSED
2022-04-13 08:01:42,496 INFO  
