2022-05-10 19:26:57,500 INFO  ==============================================================
2022-05-10 19:26:57,501 INFO  Id:    local_mqtt_pub_sub_retain
2022-05-10 19:26:57,502 INFO  Dir:   local_mqtt/
2022-05-10 19:26:57,503 INFO  Title: Validate local publishing with retain flag
2022-05-10 19:26:57,503 INFO  ==============================================================
2022-05-10 19:26:57,981 INFO  Executed tedge<pub_to_set_alarm>, exit status 0
2022-05-10 19:26:58,389 INFO  Executed tedge<pub_to_set_alarm>, exit status 0
2022-05-10 19:26:59,397 INFO  Started tedge<temp_sensor_sub> with process id 4774
2022-05-10 19:26:59,809 INFO  Executed tedge<pub_to_clear_alarm>, exit status 0
2022-05-10 19:27:01,320 INFO  Executed sudo<kill_out>, exit status 0
2022-05-10 19:27:01,779 INFO  Executed tedge<pub_to_clear_alarm>, exit status 0
2022-05-10 19:27:01,786 INFO  Started tedge<temp_sensor_empty_message> with process id 4779
2022-05-10 19:27:03,351 INFO  Executed sudo<kill_out>, exit status 0
2022-05-10 19:27:03,379 INFO  Grep on file temp_sensor_sub.out ... passed
2022-05-10 19:27:03,384 INFO  Grep on file temp_sensor_sub.out ... passed
2022-05-10 19:27:03,388 INFO  Grep on file temp_sensor_empty_message.out ... passed
2022-05-10 19:27:03,400 INFO  
2022-05-10 19:27:03,401 INFO  Test duration: 5.90 secs
2022-05-10 19:27:03,402 INFO  Test final outcome:  PASSED
2022-05-10 19:27:03,403 INFO  
