2022-04-29 10:10:35,987 INFO  ==============================================================
2022-04-29 10:10:35,988 INFO  Id:    SoftwareManagement.sm_apt_install_fail
2022-04-29 10:10:35,990 INFO  Dir:   software_management_end_to_end/
2022-04-29 10:10:35,990 INFO  Title: Validate end to end behaviour for a failing installation
2022-04-29 10:10:35,991 INFO  ==============================================================
2022-04-29 10:10:35,997 INFO  Using sw id database: {'asciijump': '5475369', 'robotfindskitten': '5474869', 'squirrel3': '5475279', 'rolldice': '5152439', 'moon-buggy': '5439204', 'apple': '5495053', 'banana': '5494888', 'cherry': '5495382', 'watermelon': '5494510', 'registry': '8018911', 'hello-world': '8021526', 'docker/getting-started': '8021973', 'alpine': '7991792'}
2022-04-29 10:10:35,998 INFO  EnvironmentC8y Setup
2022-04-29 10:10:36,560 INFO  Executed systemctl<serv_mapper1>, exit status 3
2022-04-29 10:10:36,664 INFO  Restarting mosquitto too frequently in the last 10 seconds. It was only up for 4 seconds
2022-04-29 10:10:36,666 INFO  Delaying execution by 7 seconds
2022-04-29 10:10:58,495 INFO  Executed sudo<tedge_connect_c8y>, exit status 0, duration 14 secs
2022-04-29 10:10:59,161 INFO  Executed sudo<tedge_connect_c8y_test>, exit status 0
2022-04-29 10:10:59,626 INFO  Executed systemctl<serv_mosq2>, exit status 0
2022-04-29 10:11:00,095 INFO  Executed systemctl<serv_mapper3>, exit status 0
2022-04-29 10:11:02,322 INFO  State of current operation: FAILED
2022-04-29 10:11:02,543 INFO  Response status: 201
2022-04-29 10:11:02,544 INFO  Response to action: {
    "delivery": {
        "time": "2022-04-29T10:11:02.517Z",
        "log": [],
        "status": "PENDING"
    },
    "creationTime": "2022-04-29T10:11:02.503Z",
    "deviceName": "mythicd",
    "deviceId": "17920057",
    "self": "https://t493319102.eu-latest.cumulocity.com/devicecontrol/operations/17962920",
    "id": "17962920",
    "status": "PENDING",
    "description": "Apply software changes, triggered from PySys: [{'name': 'does_not_exist', 'id': '5446165', 'version': '::apt', 'url': '', 'action': 'install'}]",
    "c8y_SoftwareUpdate": [
        {
            "name": "does_not_exist",
            "action": "install",
            "id": "5446165",
            "version": "::apt",
            "url": ""
        }
    ]
}
2022-04-29 10:11:02,545 INFO  Started operation: {'delivery': {'time': '2022-04-29T10:11:02.517Z', 'log': [], 'status': 'PENDING'}, 'creationTime': '2022-04-29T10:11:02.503Z', 'deviceName': 'mythicd', 'deviceId': '17920057', 'self': 'https://t493319102.eu-latest.cumulocity.com/devicecontrol/operations/17962920', 'id': '17962920', 'status': 'PENDING', 'description': "Apply software changes, triggered from PySys: [{'name': 'does_not_exist', 'id': '5446165', 'version': '::apt', 'url': '', 'action': 'install'}]", 'c8y_SoftwareUpdate': [{'name': 'does_not_exist', 'action': 'install', 'id': '5446165', 'version': '::apt', 'url': ''}]}
2022-04-29 10:11:04,811 INFO  State of operation 17962920 : PENDING
2022-04-29 10:11:07,065 INFO  State of operation 17962920 : EXECUTING
2022-04-29 10:11:09,289 INFO  State of operation 17962920 : EXECUTING
2022-04-29 10:11:11,793 INFO  State of operation 17962920 : EXECUTING
2022-04-29 10:11:14,003 INFO  State of operation 17962920 : EXECUTING
2022-04-29 10:11:16,215 INFO  State of operation 17962920 : EXECUTING
2022-04-29 10:11:18,441 INFO  State of operation 17962920 : EXECUTING
2022-04-29 10:11:20,659 INFO  State of operation 17962920 : EXECUTING
2022-04-29 10:11:22,873 INFO  State of operation 17962920 : EXECUTING
2022-04-29 10:11:25,119 INFO  State of operation 17962920 : EXECUTING
2022-04-29 10:11:27,531 INFO  State of operation 17962920 : EXECUTING
2022-04-29 10:11:30,257 INFO  State of operation 17962920 : EXECUTING
2022-04-29 10:11:33,171 INFO  State of operation 17962920 : EXECUTING
2022-04-29 10:11:35,434 INFO  State of operation 17962920 : EXECUTING
2022-04-29 10:11:37,757 INFO  State of operation 17962920 : EXECUTING
2022-04-29 10:11:40,023 INFO  State of operation 17962920 : EXECUTING
2022-04-29 10:11:42,341 INFO  State of operation 17962920 : EXECUTING
2022-04-29 10:11:44,968 INFO  State of operation 17962920 : EXECUTING
2022-04-29 10:11:47,209 INFO  State of operation 17962920 : EXECUTING
2022-04-29 10:11:50,021 INFO  State of operation 17962920 : EXECUTING
2022-04-29 10:11:52,407 INFO  State of operation 17962920 : EXECUTING
2022-04-29 10:11:54,630 INFO  State of operation 17962920 : EXECUTING
2022-04-29 10:11:56,854 INFO  State of operation 17962920 : EXECUTING
2022-04-29 10:11:59,087 INFO  State of operation 17962920 : EXECUTING
2022-04-29 10:12:01,308 INFO  State of operation 17962920 : EXECUTING
2022-04-29 10:12:03,546 INFO  State of operation 17962920 : EXECUTING
2022-04-29 10:12:05,796 INFO  State of operation 17962920 : FAILED
2022-04-29 10:12:06,037 INFO  Assert that (False == value) with value=False ... passed
2022-04-29 10:12:06,049 INFO  
2022-04-29 10:12:06,050 INFO  cleanup:
2022-04-29 10:12:10,220 INFO  Executed sudo<tedge_disconnect_c8y>, exit status 0
2022-04-29 10:12:10,832 INFO  Executed systemctl<serv_mapper5>, exit status 3
2022-04-29 10:12:10,837 INFO  
2022-04-29 10:12:10,837 INFO  Test duration: 94.86 secs
2022-04-29 10:12:10,838 INFO  Test final outcome:  PASSED
2022-04-29 10:12:10,839 INFO  
