2022-05-16 07:24:12,125 INFO  ==============================================================
2022-05-16 07:24:12,125 INFO  Id:    apt_finalize
2022-05-16 07:24:12,126 INFO  Dir:   plugin_apt/
2022-05-16 07:24:12,126 INFO  Title: Validate apt plugin finalize - dense version
2022-05-16 07:24:12,126 INFO  ==============================================================
2022-05-16 07:24:12,931 INFO  Executed sudo<outp_remove>, exit status 0
2022-05-16 07:24:12,932 INFO  Assert that (value==0) with value=0 ... passed
2022-05-16 07:24:13,787 INFO  Executed sudo<outp_remove>, exit status 0
2022-05-16 07:24:13,788 INFO  Assert that (value==0) with value=0 ... passed
2022-05-16 07:24:14,342 INFO  Executed sudo<outp_check_0>, exit status 0
2022-05-16 07:24:14,342 INFO  Assert that (value==0) with value=0 ... passed
2022-05-16 07:24:14,344 INFO  Grep on file outp_check_0.out ... passed
2022-05-16 07:24:14,447 INFO  Executed dpkg-query<outp_check_0>, exit status 1
2022-05-16 07:24:20,572 INFO  Executed sudo<outp_install>, exit status 0
2022-05-16 07:24:20,572 INFO  Assert that (value==0) with value=0 ... passed
2022-05-16 07:24:21,126 INFO  Executed sudo<outp_check_1>, exit status 0
2022-05-16 07:24:21,126 INFO  Assert that (value==0) with value=0 ... passed
2022-05-16 07:24:21,127 INFO  Grep on file outp_check_1.out ... passed
2022-05-16 07:24:21,230 INFO  Executed dpkg-query<outp_check_1>, exit status 0
2022-05-16 07:24:27,250 INFO  Executed sudo<outp_remove>, exit status 0
2022-05-16 07:24:27,250 INFO  Assert that (value==0) with value=0 ... passed
2022-05-16 07:24:27,804 INFO  Executed sudo<outp_check_2>, exit status 0
2022-05-16 07:24:27,805 INFO  Assert that (value==0) with value=0 ... passed
2022-05-16 07:24:27,805 INFO  Grep on file outp_check_2.out ... passed
2022-05-16 07:24:27,908 INFO  Executed dpkg-query<outp_check_2>, exit status 0
2022-05-16 07:24:33,528 INFO  Executed sudo<outp_finalize>, exit status 0
2022-05-16 07:24:33,528 INFO  Assert that (value==0) with value=0 ... passed
2022-05-16 07:24:34,134 INFO  Executed sudo<outp_check_3>, exit status 0
2022-05-16 07:24:34,134 INFO  Assert that (value==0) with value=0 ... passed
2022-05-16 07:24:34,135 INFO  Grep on file outp_check_3.out ... passed
2022-05-16 07:24:34,237 INFO  Executed dpkg-query<outp_check_3>, exit status 1
2022-05-16 07:24:34,238 INFO  
2022-05-16 07:24:34,238 INFO  cleanup:
2022-05-16 07:24:34,239 INFO  
2022-05-16 07:24:34,239 INFO  Test duration: 22.11 secs
2022-05-16 07:24:34,239 INFO  Test final outcome:  PASSED
2022-05-16 07:24:34,239 INFO  
