2022-05-11 13:00:21,602 INFO  ==============================================================
2022-05-11 13:00:21,603 INFO  Id:    SoftwareManagement.sm_fake_install_remove
2022-05-11 13:00:21,604 INFO  Dir:   software_management_end_to_end/
2022-05-11 13:00:21,605 INFO  Title: Validate end to end behaviour for the dummy plugin for installation and removal of packages
2022-05-11 13:00:21,606 INFO  ==============================================================
2022-05-11 13:00:21,625 INFO  Using sw id database: {'asciijump': '5475369', 'robotfindskitten': '5474869', 'squirrel3': '5475279', 'rolldice': '5152439', 'moon-buggy': '5439204', 'apple': '5495053', 'banana': '5494888', 'cherry': '5495382', 'watermelon': '5494510', 'registry': '8018911', 'hello-world': '8021526', 'docker/getting-started': '8021973', 'alpine': '7991792'}
2022-05-11 13:00:21,626 INFO  EnvironmentC8y Setup
2022-05-11 13:00:22,188 INFO  Executed systemctl<serv_mapper1>, exit status 3
2022-05-11 13:00:22,300 INFO  Restarting mosquitto too frequently in the last 10 seconds. It was only up for 6 seconds
2022-05-11 13:00:22,302 INFO  Delaying execution by 5 seconds
2022-05-11 13:00:44,911 INFO  Executed sudo<tedge_connect_c8y>, exit status 0, duration 17 secs
2022-05-11 13:00:45,526 INFO  Executed sudo<tedge_connect_c8y_test>, exit status 0
2022-05-11 13:00:46,089 INFO  Executed systemctl<serv_mosq2>, exit status 0
2022-05-11 13:00:46,601 INFO  Executed systemctl<serv_mapper3>, exit status 0
2022-05-11 13:00:49,114 INFO  State of current operation: FAILED
2022-05-11 13:00:49,433 INFO  Assert that (False == value) with value=False ... passed
2022-05-11 13:00:49,826 INFO  Response status: 201
2022-05-11 13:00:49,829 INFO  Response to action: {
    "creationTime": "2022-05-11T13:00:49.695Z",
    "deviceName": "m32sd11e",
    "deviceId": "18811625",
    "self": "https://t493319102.eu-latest.cumulocity.com/devicecontrol/operations/18858035",
    "id": "18858035",
    "status": "PENDING",
    "description": "Apply software changes, triggered from PySys: [{'name': 'watermelon', 'id': '5494510', 'version': '::fruits', 'url': '', 'action': 'install'}]",
    "c8y_SoftwareUpdate": [
        {
            "name": "watermelon",
            "action": "install",
            "id": "5494510",
            "version": "::fruits",
            "url": ""
        }
    ]
}
2022-05-11 13:00:49,830 INFO  Started operation: {'creationTime': '2022-05-11T13:00:49.695Z', 'deviceName': 'm32sd11e', 'deviceId': '18811625', 'self': 'https://t493319102.eu-latest.cumulocity.com/devicecontrol/operations/18858035', 'id': '18858035', 'status': 'PENDING', 'description': "Apply software changes, triggered from PySys: [{'name': 'watermelon', 'id': '5494510', 'version': '::fruits', 'url': '', 'action': 'install'}]", 'c8y_SoftwareUpdate': [{'name': 'watermelon', 'action': 'install', 'id': '5494510', 'version': '::fruits', 'url': ''}]}
2022-05-11 13:00:52,040 INFO  State of operation 18858035 : PENDING
2022-05-11 13:00:54,273 INFO  State of operation 18858035 : EXECUTING
2022-05-11 13:00:56,507 INFO  State of operation 18858035 : EXECUTING
2022-05-11 13:00:58,715 INFO  State of operation 18858035 : SUCCESSFUL
2022-05-11 13:00:58,937 INFO  Package vanilla is installed
2022-05-11 13:00:58,939 INFO  Assert that (True == value) with value=True ... passed
2022-05-11 13:00:59,160 INFO  Response status: 201
2022-05-11 13:00:59,162 INFO  Response to action: {
    "creationTime": "2022-05-11T13:00:59.118Z",
    "deviceName": "m32sd11e",
    "deviceId": "18811625",
    "self": "https://t493319102.eu-latest.cumulocity.com/devicecontrol/operations/18858037",
    "id": "18858037",
    "status": "PENDING",
    "description": "Apply software changes, triggered from PySys: [{'name': 'watermelon', 'id': '5494510', 'version': '::fruits', 'url': '', 'action': 'delete'}]",
    "c8y_SoftwareUpdate": [
        {
            "name": "watermelon",
            "action": "delete",
            "id": "5494510",
            "version": "::fruits",
            "url": ""
        }
    ]
}
2022-05-11 13:00:59,162 INFO  Started operation: {'creationTime': '2022-05-11T13:00:59.118Z', 'deviceName': 'm32sd11e', 'deviceId': '18811625', 'self': 'https://t493319102.eu-latest.cumulocity.com/devicecontrol/operations/18858037', 'id': '18858037', 'status': 'PENDING', 'description': "Apply software changes, triggered from PySys: [{'name': 'watermelon', 'id': '5494510', 'version': '::fruits', 'url': '', 'action': 'delete'}]", 'c8y_SoftwareUpdate': [{'name': 'watermelon', 'action': 'delete', 'id': '5494510', 'version': '::fruits', 'url': ''}]}
2022-05-11 13:01:01,392 INFO  State of operation 18858037 : PENDING
2022-05-11 13:01:03,655 INFO  State of operation 18858037 : EXECUTING
2022-05-11 13:01:05,871 INFO  State of operation 18858037 : EXECUTING
2022-05-11 13:01:08,080 INFO  State of operation 18858037 : SUCCESSFUL
2022-05-11 13:01:08,303 INFO  Assert that (False == value) with value=False ... passed
2022-05-11 13:01:08,310 INFO  
2022-05-11 13:01:08,311 INFO  cleanup:
2022-05-11 13:01:13,820 INFO  Executed sudo<tedge_disconnect_c8y>, exit status 0
2022-05-11 13:01:14,433 INFO  Executed systemctl<serv_mapper5>, exit status 3
2022-05-11 13:01:14,436 INFO  
2022-05-11 13:01:14,437 INFO  Test duration: 52.84 secs
2022-05-11 13:01:14,438 INFO  Test final outcome:  PASSED
2022-05-11 13:01:14,439 INFO  
