2022-05-02 15:10:16,311 INFO  ==============================================================
2022-05-02 15:10:16,312 INFO  Id:    tedge_mapper_c8y_child_device_measurement
2022-05-02 15:10:16,312 INFO  Dir:   tedge_mapper_c8y/
2022-05-02 15:10:16,312 INFO  Title: Validate that measurements sent to tedge/measurements/child topic gets mapped as the child device's measurement in Cumulocity
2022-05-02 15:10:16,312 INFO  ==============================================================
2022-05-02 15:10:16,314 INFO  EnvironmentC8y Setup
2022-05-02 15:10:16,416 INFO  Executed systemctl<serv_mapper1>, exit status 3
2022-05-02 15:10:16,435 INFO  Restarting mosquitto too frequently in the last 10 seconds. It was only up for 1 seconds
2022-05-02 15:10:16,435 INFO  Delaying execution by 10 seconds
2022-05-02 15:10:43,816 INFO  Executed sudo<tedge_connect_c8y>, exit status 0, duration 17 secs
2022-05-02 15:10:43,968 INFO  Executed sudo<tedge_connect_c8y_test>, exit status 0
2022-05-02 15:10:44,070 INFO  Executed systemctl<serv_mosq2>, exit status 0
2022-05-02 15:10:44,172 INFO  Executed systemctl<serv_mapper3>, exit status 0
2022-05-02 15:10:44,617 INFO  Assert that (actual == expected) with actual=None, expected=None ... passed
2022-05-02 15:10:44,719 INFO  Executed tedge_pub, exit status 0
2022-05-02 15:10:44,821 INFO  Executed tedge_pub, exit status 0
2022-05-02 15:10:44,923 INFO  Executed tedge_pub, exit status 0
2022-05-02 15:10:45,026 INFO  Executed tedge_pub, exit status 0
2022-05-02 15:10:45,128 INFO  Executed tedge_pub, exit status 0
2022-05-02 15:10:47,231 INFO  {
    "self": "https://t493319102.eu-latest.cumulocity.com/measurement/measurements/18189542",
    "time": "2022-05-02T15:10:45.082Z",
    "id": "18189542",
    "source": {
        "self": "https://t493319102.eu-latest.cumulocity.com/inventory/managedObjects/18189494",
        "id": "18189494"
    },
    "type": "ThinEdgeMeasurement",
    "temperature": {
        "temperature": {
            "value": 10.0
        }
    }
}
2022-05-02 15:10:47,231 INFO  Assert that (actual == expected) with actual="ThinEdgeMeasurement", expected="ThinEdgeMeasurement" ... passed
2022-05-02 15:10:47,231 INFO  Assert that (actual == expected) with actual=10.0, expected=10 ... passed
2022-05-02 15:10:47,231 INFO  {
    "self": "https://t493319102.eu-latest.cumulocity.com/measurement/measurements/18189506",
    "time": "2022-05-02T15:10:44.775Z",
    "id": "18189506",
    "source": {
        "self": "https://t493319102.eu-latest.cumulocity.com/inventory/managedObjects/18189494",
        "id": "18189494"
    },
    "type": "ThinEdgeMeasurement",
    "temperature": {
        "temperature": {
            "value": 11.0
        }
    }
}
2022-05-02 15:10:47,231 INFO  Assert that (actual == expected) with actual="ThinEdgeMeasurement", expected="ThinEdgeMeasurement" ... passed
2022-05-02 15:10:47,231 INFO  Assert that (actual == expected) with actual=11.0, expected=11 ... passed
2022-05-02 15:10:47,232 INFO  {
    "self": "https://t493319102.eu-latest.cumulocity.com/measurement/measurements/18189499",
    "time": "2021-01-01T10:10:10.100+02:00",
    "id": "18189499",
    "source": {
        "self": "https://t493319102.eu-latest.cumulocity.com/inventory/managedObjects/18189494",
        "id": "18189494"
    },
    "type": "ThinEdgeMeasurement",
    "temperature": {
        "temperature": {
            "value": 12.0
        }
    }
}
2022-05-02 15:10:47,232 INFO  Assert that (actual == expected) with actual="ThinEdgeMeasurement", expected="ThinEdgeMeasurement" ... passed
2022-05-02 15:10:47,232 INFO  Assert that (actual == expected) with actual=12.0, expected=12 ... passed
2022-05-02 15:10:47,232 INFO  Assert that (actual == expected) with actual="2021-01-01T10:10:10.100+02:00", expected="2021-01-01T10:10:10.100+02:00" ... passed
2022-05-02 15:10:47,341 INFO  {
    "self": "https://t493319102.eu-latest.cumulocity.com/measurement/measurements/18189537",
    "time": "2022-05-02T15:10:44.987Z",
    "id": "18189537",
    "source": {
        "self": "https://t493319102.eu-latest.cumulocity.com/inventory/managedObjects/18189529",
        "id": "18189529"
    },
    "type": "ThinEdgeMeasurement",
    "temperature": {
        "temperature": {
            "value": 6.0
        }
    }
}
2022-05-02 15:10:47,341 INFO  Assert that (actual == expected) with actual="ThinEdgeMeasurement", expected="ThinEdgeMeasurement" ... passed
2022-05-02 15:10:47,341 INFO  Assert that (actual == expected) with actual=6.0, expected=6 ... passed
2022-05-02 15:10:47,468 INFO  {
    "self": "https://t493319102.eu-latest.cumulocity.com/measurement/measurements/18189516",
    "time": "2022-05-02T15:10:44.876Z",
    "id": "18189516",
    "source": {
        "self": "https://t493319102.eu-latest.cumulocity.com/inventory/managedObjects/18178893",
        "id": "18178893"
    },
    "type": "ThinEdgeMeasurement",
    "temperature": {
        "temperature": {
            "value": 5.0
        }
    }
}
2022-05-02 15:10:47,469 INFO  Assert that (actual == expected) with actual="ThinEdgeMeasurement", expected="ThinEdgeMeasurement" ... passed
2022-05-02 15:10:47,469 INFO  Assert that (actual == expected) with actual=5.0, expected=5 ... passed
2022-05-02 15:10:47,469 INFO  
2022-05-02 15:10:47,469 INFO  cleanup:
2022-05-02 15:10:58,687 INFO  Executed sudo<tedge_disconnect_c8y>, exit status 0
2022-05-02 15:10:58,790 INFO  Executed systemctl<serv_mapper5>, exit status 3
2022-05-02 15:10:58,791 INFO  
2022-05-02 15:10:58,791 INFO  Test duration: 42.47 secs
2022-05-02 15:10:58,791 INFO  Test final outcome:  PASSED
2022-05-02 15:10:58,791 INFO  
