2022-05-30 10:26:18,490 INFO  ==============================================================
2022-05-30 10:26:18,491 INFO  Id:    SoftwareManagement.sm_docker_install_remove_multiple
2022-05-30 10:26:18,493 INFO  Dir:   software_management_end_to_end/
2022-05-30 10:26:18,494 INFO  Title: Validate end to end behaviour for the docker plugin for multiple docker images with mixed versions
2022-05-30 10:26:18,495 INFO  ==============================================================
2022-05-30 10:26:18,504 INFO  Using sw id database: {'asciijump': '5475369', 'robotfindskitten': '5474869', 'squirrel3': '5475279', 'rolldice': '5152439', 'moon-buggy': '5439204', 'apple': '5495053', 'banana': '5494888', 'cherry': '5495382', 'watermelon': '5494510', 'registry': '8018911', 'hello-world': '8021526', 'docker/getting-started': '8021973', 'alpine': '7991792'}
2022-05-30 10:26:18,505 INFO  EnvironmentC8y Setup
2022-05-30 10:26:19,070 INFO  Executed systemctl<serv_mapper1>, exit status 3
2022-05-30 10:26:19,175 INFO  Restarting mosquitto too frequently in the last 10 seconds. It was only up for 5 seconds
2022-05-30 10:26:19,176 INFO  Delaying execution by 6 seconds
2022-05-30 10:26:39,337 INFO  Executed sudo<tedge_connect_c8y>, exit status 0, duration 14 secs
2022-05-30 10:26:39,923 INFO  Executed sudo<tedge_connect_c8y_test>, exit status 0
2022-05-30 10:26:40,393 INFO  Executed systemctl<serv_mosq2>, exit status 0
2022-05-30 10:26:40,856 INFO  Executed systemctl<serv_mapper3>, exit status 0
2022-05-30 10:26:43,084 INFO  State of current operation: SUCCESSFUL
2022-05-30 10:26:43,323 INFO  Response status: 201
2022-05-30 10:26:43,325 INFO  Response to action: {
    "creationTime": "2022-05-30T10:26:43.269Z",
    "deviceId": "19786603",
    "deviceName": "mythicd",
    "self": "https://t493319102.eu-latest.cumulocity.com/devicecontrol/operations/19820146",
    "id": "19820146",
    "status": "PENDING",
    "description": "Apply software changes, triggered from PySys: [{'action': 'install', 'id': '8021526', 'name': 'hello-world', 'url': '', 'version': '::docker'}, {'action': 'install', 'id': '8018911', 'name': 'registry', 'url': '', 'version': '2.6.2::docker'}]",
    "c8y_SoftwareUpdate": [
        {
            "name": "hello-world",
            "action": "install",
            "id": "8021526",
            "version": "::docker",
            "url": ""
        },
        {
            "name": "registry",
            "action": "install",
            "id": "8018911",
            "version": "2.6.2::docker",
            "url": ""
        }
    ]
}
2022-05-30 10:26:43,325 INFO  Started operation: {'creationTime': '2022-05-30T10:26:43.269Z', 'deviceId': '19786603', 'deviceName': 'mythicd', 'self': 'https://t493319102.eu-latest.cumulocity.com/devicecontrol/operations/19820146', 'id': '19820146', 'status': 'PENDING', 'description': "Apply software changes, triggered from PySys: [{'action': 'install', 'id': '8021526', 'name': 'hello-world', 'url': '', 'version': '::docker'}, {'action': 'install', 'id': '8018911', 'name': 'registry', 'url': '', 'version': '2.6.2::docker'}]", 'c8y_SoftwareUpdate': [{'name': 'hello-world', 'action': 'install', 'id': '8021526', 'version': '::docker', 'url': ''}, {'name': 'registry', 'action': 'install', 'id': '8018911', 'version': '2.6.2::docker', 'url': ''}]}
2022-05-30 10:26:45,564 INFO  State of operation 19820146 : PENDING
2022-05-30 10:26:47,788 INFO  State of operation 19820146 : EXECUTING
2022-05-30 10:26:50,024 INFO  State of operation 19820146 : EXECUTING
2022-05-30 10:26:52,249 INFO  State of operation 19820146 : EXECUTING
2022-05-30 10:26:54,681 INFO  State of operation 19820146 : EXECUTING
2022-05-30 10:26:56,910 INFO  State of operation 19820146 : EXECUTING
2022-05-30 10:26:59,290 INFO  State of operation 19820146 : EXECUTING
2022-05-30 10:27:01,728 INFO  State of operation 19820146 : EXECUTING
2022-05-30 10:27:04,012 INFO  State of operation 19820146 : EXECUTING
2022-05-30 10:27:06,352 INFO  State of operation 19820146 : EXECUTING
2022-05-30 10:27:08,573 INFO  State of operation 19820146 : EXECUTING
2022-05-30 10:27:12,022 INFO  State of operation 19820146 : EXECUTING
2022-05-30 10:27:14,299 INFO  State of operation 19820146 : EXECUTING
2022-05-30 10:27:16,540 INFO  State of operation 19820146 : EXECUTING
2022-05-30 10:27:18,904 INFO  State of operation 19820146 : EXECUTING
2022-05-30 10:27:21,124 INFO  State of operation 19820146 : EXECUTING
2022-05-30 10:27:23,327 INFO  State of operation 19820146 : SUCCESSFUL
2022-05-30 10:27:24,618 INFO  Package hello-world is installed
2022-05-30 10:27:24,932 INFO  Package hello-world is installed
2022-05-30 10:27:24,937 INFO  Assert that (True == value) with value=True ... passed
2022-05-30 10:27:25,266 INFO  Package registry is installed
2022-05-30 10:27:25,271 INFO  Assert that (True == value) with value=True ... passed
2022-05-30 10:27:25,495 INFO  Assert that (False == value) with value=False ... passed
2022-05-30 10:27:25,724 INFO  Response status: 201
2022-05-30 10:27:25,726 INFO  Response to action: {
    "creationTime": "2022-05-30T10:27:25.681Z",
    "deviceId": "19786603",
    "deviceName": "mythicd",
    "self": "https://t493319102.eu-latest.cumulocity.com/devicecontrol/operations/19820164",
    "id": "19820164",
    "status": "PENDING",
    "description": "Apply software changes, triggered from PySys: [{'action': 'install', 'id': '8018911', 'name': 'registry', 'url': '', 'version': '2.7.1::docker'}, {'action': 'install', 'id': '7991792', 'name': 'alpine', 'url': '', 'version': '::docker'}]",
    "c8y_SoftwareUpdate": [
        {
            "name": "registry",
            "action": "install",
            "id": "8018911",
            "version": "2.7.1::docker",
            "url": ""
        },
        {
            "name": "alpine",
            "action": "install",
            "id": "7991792",
            "version": "::docker",
            "url": ""
        }
    ]
}
2022-05-30 10:27:25,727 INFO  Started operation: {'creationTime': '2022-05-30T10:27:25.681Z', 'deviceId': '19786603', 'deviceName': 'mythicd', 'self': 'https://t493319102.eu-latest.cumulocity.com/devicecontrol/operations/19820164', 'id': '19820164', 'status': 'PENDING', 'description': "Apply software changes, triggered from PySys: [{'action': 'install', 'id': '8018911', 'name': 'registry', 'url': '', 'version': '2.7.1::docker'}, {'action': 'install', 'id': '7991792', 'name': 'alpine', 'url': '', 'version': '::docker'}]", 'c8y_SoftwareUpdate': [{'name': 'registry', 'action': 'install', 'id': '8018911', 'version': '2.7.1::docker', 'url': ''}, {'name': 'alpine', 'action': 'install', 'id': '7991792', 'version': '::docker', 'url': ''}]}
2022-05-30 10:27:27,944 INFO  State of operation 19820164 : PENDING
2022-05-30 10:27:30,176 INFO  State of operation 19820164 : EXECUTING
2022-05-30 10:27:32,417 INFO  State of operation 19820164 : EXECUTING
2022-05-30 10:27:34,670 INFO  State of operation 19820164 : EXECUTING
2022-05-30 10:27:36,962 INFO  State of operation 19820164 : EXECUTING
2022-05-30 10:27:39,182 INFO  State of operation 19820164 : EXECUTING
2022-05-30 10:27:41,401 INFO  State of operation 19820164 : EXECUTING
2022-05-30 10:27:43,618 INFO  State of operation 19820164 : EXECUTING
2022-05-30 10:27:45,843 INFO  State of operation 19820164 : EXECUTING
2022-05-30 10:27:48,178 INFO  State of operation 19820164 : EXECUTING
2022-05-30 10:27:50,445 INFO  State of operation 19820164 : EXECUTING
2022-05-30 10:27:52,684 INFO  State of operation 19820164 : EXECUTING
2022-05-30 10:27:54,958 INFO  State of operation 19820164 : EXECUTING
2022-05-30 10:27:57,186 INFO  State of operation 19820164 : EXECUTING
2022-05-30 10:27:59,409 INFO  State of operation 19820164 : EXECUTING
2022-05-30 10:28:01,804 INFO  State of operation 19820164 : EXECUTING
2022-05-30 10:28:04,515 INFO  State of operation 19820164 : EXECUTING
2022-05-30 10:28:06,754 INFO  State of operation 19820164 : EXECUTING
2022-05-30 10:28:08,986 INFO  State of operation 19820164 : EXECUTING
2022-05-30 10:28:11,212 INFO  State of operation 19820164 : EXECUTING
2022-05-30 10:28:13,427 INFO  State of operation 19820164 : EXECUTING
2022-05-30 10:28:15,633 INFO  State of operation 19820164 : SUCCESSFUL
2022-05-30 10:28:16,849 INFO  Package hello-world is installed
2022-05-30 10:28:17,082 INFO  Package hello-world is installed
2022-05-30 10:28:17,084 INFO  Assert that (True == value) with value=True ... passed
2022-05-30 10:28:17,432 INFO  Package registry is installed
2022-05-30 10:28:17,435 INFO  Assert that (True == value) with value=True ... passed
2022-05-30 10:28:17,660 INFO  Package alpine is installed
2022-05-30 10:28:17,663 INFO  Assert that (True == value) with value=True ... passed
2022-05-30 10:28:17,674 INFO  
2022-05-30 10:28:17,675 INFO  cleanup:
2022-05-30 10:28:17,912 INFO  Response status: 201
2022-05-30 10:28:17,914 INFO  Response to action: {
    "creationTime": "2022-05-30T10:28:17.857Z",
    "deviceId": "19786603",
    "deviceName": "mythicd",
    "self": "https://t493319102.eu-latest.cumulocity.com/devicecontrol/operations/19820176",
    "id": "19820176",
    "status": "PENDING",
    "description": "Apply software changes, triggered from PySys: [{'action': 'delete', 'id': '8018911', 'name': 'registry', 'url': '', 'version': '2.7.1::docker'}, {'action': 'delete', 'id': '7991792', 'name': 'alpine', 'url': '', 'version': '::docker'}, {'action': 'delete', 'id': '8021526', 'name': 'hello-world', 'url': '', 'version': '::docker'}]",
    "c8y_SoftwareUpdate": [
        {
            "name": "registry",
            "action": "delete",
            "id": "8018911",
            "version": "2.7.1::docker",
            "url": ""
        },
        {
            "name": "alpine",
            "action": "delete",
            "id": "7991792",
            "version": "::docker",
            "url": ""
        },
        {
            "name": "hello-world",
            "action": "delete",
            "id": "8021526",
            "version": "::docker",
            "url": ""
        }
    ]
}
2022-05-30 10:28:17,915 INFO  Started operation: {'creationTime': '2022-05-30T10:28:17.857Z', 'deviceId': '19786603', 'deviceName': 'mythicd', 'self': 'https://t493319102.eu-latest.cumulocity.com/devicecontrol/operations/19820176', 'id': '19820176', 'status': 'PENDING', 'description': "Apply software changes, triggered from PySys: [{'action': 'delete', 'id': '8018911', 'name': 'registry', 'url': '', 'version': '2.7.1::docker'}, {'action': 'delete', 'id': '7991792', 'name': 'alpine', 'url': '', 'version': '::docker'}, {'action': 'delete', 'id': '8021526', 'name': 'hello-world', 'url': '', 'version': '::docker'}]", 'c8y_SoftwareUpdate': [{'name': 'registry', 'action': 'delete', 'id': '8018911', 'version': '2.7.1::docker', 'url': ''}, {'name': 'alpine', 'action': 'delete', 'id': '7991792', 'version': '::docker', 'url': ''}, {'name': 'hello-world', 'action': 'delete', 'id': '8021526', 'version': '::docker', 'url': ''}]}
2022-05-30 10:28:20,142 INFO  State of operation 19820176 : PENDING
2022-05-30 10:28:22,367 INFO  State of operation 19820176 : EXECUTING
2022-05-30 10:28:24,648 INFO  State of operation 19820176 : EXECUTING
2022-05-30 10:28:26,859 INFO  State of operation 19820176 : EXECUTING
2022-05-30 10:28:29,067 INFO  State of operation 19820176 : EXECUTING
2022-05-30 10:28:31,275 INFO  State of operation 19820176 : EXECUTING
2022-05-30 10:28:33,493 INFO  State of operation 19820176 : EXECUTING
2022-05-30 10:28:35,710 INFO  State of operation 19820176 : EXECUTING
2022-05-30 10:28:37,923 INFO  State of operation 19820176 : SUCCESSFUL
2022-05-30 10:28:49,357 INFO  Assert that (False == value) with value=False ... passed
2022-05-30 10:28:49,572 INFO  Assert that (False == value) with value=False ... passed
2022-05-30 10:28:49,802 INFO  Assert that (False == value) with value=False ... passed
2022-05-30 10:28:54,234 INFO  Executed sudo<tedge_disconnect_c8y>, exit status 0
2022-05-30 10:28:54,950 INFO  Executed systemctl<serv_mapper5>, exit status 3
2022-05-30 10:28:54,955 INFO  
2022-05-30 10:28:54,956 INFO  Test duration: 156.48 secs
2022-05-30 10:28:54,958 INFO  Test final outcome:  PASSED
2022-05-30 10:28:54,959 INFO  
