2022-05-16 08:25:59,393 INFO  ==============================================================
2022-05-16 08:25:59,394 INFO  Id:    SoftwareManagement.sm_apt_install_remove
2022-05-16 08:25:59,395 INFO  Dir:   software_management_end_to_end/
2022-05-16 08:25:59,396 INFO  Title: Validate end to end behaviour for the apt plugin for installation and removal of packages
2022-05-16 08:25:59,397 INFO  ==============================================================
2022-05-16 08:25:59,421 INFO  Using sw id database: {'asciijump': '5475369', 'robotfindskitten': '5474869', 'squirrel3': '5475279', 'rolldice': '5152439', 'moon-buggy': '5439204', 'apple': '5495053', 'banana': '5494888', 'cherry': '5495382', 'watermelon': '5494510', 'registry': '8018911', 'hello-world': '8021526', 'docker/getting-started': '8021973', 'alpine': '7991792'}
2022-05-16 08:25:59,423 INFO  EnvironmentC8y Setup
2022-05-16 08:25:59,985 INFO  Executed systemctl<serv_mapper1>, exit status 3
2022-05-16 08:26:00,092 INFO  Restarting mosquitto too frequently in the last 10 seconds. It was only up for 5 seconds
2022-05-16 08:26:00,094 INFO  Delaying execution by 6 seconds
2022-05-16 08:26:20,449 INFO  Executed sudo<tedge_connect_c8y>, exit status 0, duration 14 secs
2022-05-16 08:26:21,068 INFO  Executed sudo<tedge_connect_c8y_test>, exit status 0
2022-05-16 08:26:21,532 INFO  Executed systemctl<serv_mosq2>, exit status 0
2022-05-16 08:26:21,999 INFO  Executed systemctl<serv_mapper3>, exit status 0
2022-05-16 08:26:24,222 INFO  State of current operation: FAILED
2022-05-16 08:26:24,680 INFO  Assert that (False == value) with value=False ... passed
2022-05-16 08:26:24,909 INFO  Response status: 201
2022-05-16 08:26:24,911 INFO  Response to action: {
    "creationTime": "2022-05-16T08:26:24.869Z",
    "deviceId": "19103173",
    "deviceName": "mythicc",
    "self": "https://t493319102.eu-latest.cumulocity.com/devicecontrol/operations/19133144",
    "id": "19133144",
    "status": "PENDING",
    "description": "Apply software changes, triggered from PySys: [{'name': 'rolldice', 'id': '5152439', 'version': '::apt', 'url': '', 'action': 'install'}]",
    "c8y_SoftwareUpdate": [
        {
            "name": "rolldice",
            "action": "install",
            "id": "5152439",
            "version": "::apt",
            "url": ""
        }
    ]
}
2022-05-16 08:26:24,912 INFO  Started operation: {'creationTime': '2022-05-16T08:26:24.869Z', 'deviceId': '19103173', 'deviceName': 'mythicc', 'self': 'https://t493319102.eu-latest.cumulocity.com/devicecontrol/operations/19133144', 'id': '19133144', 'status': 'PENDING', 'description': "Apply software changes, triggered from PySys: [{'name': 'rolldice', 'id': '5152439', 'version': '::apt', 'url': '', 'action': 'install'}]", 'c8y_SoftwareUpdate': [{'name': 'rolldice', 'action': 'install', 'id': '5152439', 'version': '::apt', 'url': ''}]}
2022-05-16 08:26:27,125 INFO  State of operation 19133144 : PENDING
2022-05-16 08:26:29,353 INFO  State of operation 19133144 : EXECUTING
2022-05-16 08:26:31,576 INFO  State of operation 19133144 : EXECUTING
2022-05-16 08:26:33,790 INFO  State of operation 19133144 : EXECUTING
2022-05-16 08:26:36,070 INFO  State of operation 19133144 : EXECUTING
2022-05-16 08:26:38,290 INFO  State of operation 19133144 : EXECUTING
2022-05-16 08:26:41,006 INFO  State of operation 19133144 : EXECUTING
2022-05-16 08:26:43,810 INFO  State of operation 19133144 : EXECUTING
2022-05-16 08:26:46,192 INFO  State of operation 19133144 : EXECUTING
2022-05-16 08:26:48,530 INFO  State of operation 19133144 : EXECUTING
2022-05-16 08:26:50,767 INFO  State of operation 19133144 : EXECUTING
2022-05-16 08:26:52,981 INFO  State of operation 19133144 : EXECUTING
2022-05-16 08:26:55,199 INFO  State of operation 19133144 : EXECUTING
2022-05-16 08:26:57,434 INFO  State of operation 19133144 : EXECUTING
2022-05-16 08:26:59,646 INFO  State of operation 19133144 : EXECUTING
2022-05-16 08:27:01,866 INFO  State of operation 19133144 : EXECUTING
2022-05-16 08:27:04,104 INFO  State of operation 19133144 : EXECUTING
2022-05-16 08:27:06,474 INFO  State of operation 19133144 : EXECUTING
2022-05-16 08:27:09,208 INFO  State of operation 19133144 : EXECUTING
2022-05-16 08:27:11,431 INFO  State of operation 19133144 : EXECUTING
2022-05-16 08:27:13,658 INFO  State of operation 19133144 : EXECUTING
2022-05-16 08:27:15,967 INFO  State of operation 19133144 : EXECUTING
2022-05-16 08:27:18,614 INFO  State of operation 19133144 : EXECUTING
2022-05-16 08:27:20,955 INFO  State of operation 19133144 : EXECUTING
2022-05-16 08:27:23,165 INFO  State of operation 19133144 : EXECUTING
2022-05-16 08:27:25,500 INFO  State of operation 19133144 : EXECUTING
2022-05-16 08:27:27,830 INFO  State of operation 19133144 : EXECUTING
2022-05-16 08:27:30,466 INFO  State of operation 19133144 : EXECUTING
2022-05-16 08:27:32,751 INFO  State of operation 19133144 : EXECUTING
2022-05-16 08:27:35,389 INFO  State of operation 19133144 : EXECUTING
2022-05-16 08:27:37,625 INFO  State of operation 19133144 : EXECUTING
2022-05-16 08:27:40,198 INFO  State of operation 19133144 : EXECUTING
2022-05-16 08:27:42,412 INFO  State of operation 19133144 : EXECUTING
2022-05-16 08:27:44,627 INFO  State of operation 19133144 : EXECUTING
2022-05-16 08:27:46,871 INFO  State of operation 19133144 : EXECUTING
2022-05-16 08:27:49,093 INFO  State of operation 19133144 : SUCCESSFUL
2022-05-16 08:27:49,317 INFO  Package rolldice is installed
2022-05-16 08:27:49,320 INFO  Assert that (True == value) with value=True ... passed
2022-05-16 08:27:49,548 INFO  Response status: 201
2022-05-16 08:27:49,549 INFO  Response to action: {
    "creationTime": "2022-05-16T08:27:49.503Z",
    "deviceId": "19103173",
    "deviceName": "mythicc",
    "self": "https://t493319102.eu-latest.cumulocity.com/devicecontrol/operations/19133166",
    "id": "19133166",
    "status": "PENDING",
    "description": "Apply software changes, triggered from PySys: [{'name': 'rolldice', 'id': '5152439', 'version': '::apt', 'url': '', 'action': 'delete'}]",
    "c8y_SoftwareUpdate": [
        {
            "name": "rolldice",
            "action": "delete",
            "id": "5152439",
            "version": "::apt",
            "url": ""
        }
    ]
}
2022-05-16 08:27:49,550 INFO  Started operation: {'creationTime': '2022-05-16T08:27:49.503Z', 'deviceId': '19103173', 'deviceName': 'mythicc', 'self': 'https://t493319102.eu-latest.cumulocity.com/devicecontrol/operations/19133166', 'id': '19133166', 'status': 'PENDING', 'description': "Apply software changes, triggered from PySys: [{'name': 'rolldice', 'id': '5152439', 'version': '::apt', 'url': '', 'action': 'delete'}]", 'c8y_SoftwareUpdate': [{'name': 'rolldice', 'action': 'delete', 'id': '5152439', 'version': '::apt', 'url': ''}]}
2022-05-16 08:27:51,764 INFO  State of operation 19133166 : PENDING
2022-05-16 08:27:54,006 INFO  State of operation 19133166 : EXECUTING
2022-05-16 08:27:56,234 INFO  State of operation 19133166 : EXECUTING
2022-05-16 08:27:58,455 INFO  State of operation 19133166 : EXECUTING
2022-05-16 08:28:00,670 INFO  State of operation 19133166 : EXECUTING
2022-05-16 08:28:02,899 INFO  State of operation 19133166 : EXECUTING
2022-05-16 08:28:05,588 INFO  State of operation 19133166 : EXECUTING
2022-05-16 08:28:08,262 INFO  State of operation 19133166 : EXECUTING
2022-05-16 08:28:10,506 INFO  State of operation 19133166 : EXECUTING
2022-05-16 08:28:12,906 INFO  State of operation 19133166 : EXECUTING
2022-05-16 08:28:15,120 INFO  State of operation 19133166 : EXECUTING
2022-05-16 08:28:17,339 INFO  State of operation 19133166 : EXECUTING
2022-05-16 08:28:19,562 INFO  State of operation 19133166 : EXECUTING
2022-05-16 08:28:21,848 INFO  State of operation 19133166 : EXECUTING
2022-05-16 08:28:24,233 INFO  State of operation 19133166 : EXECUTING
2022-05-16 08:28:26,492 INFO  State of operation 19133166 : EXECUTING
2022-05-16 08:28:29,605 INFO  State of operation 19133166 : EXECUTING
2022-05-16 08:28:32,019 INFO  State of operation 19133166 : EXECUTING
2022-05-16 08:28:34,237 INFO  State of operation 19133166 : EXECUTING
2022-05-16 08:28:36,564 INFO  State of operation 19133166 : EXECUTING
2022-05-16 08:28:38,778 INFO  State of operation 19133166 : EXECUTING
2022-05-16 08:28:41,014 INFO  State of operation 19133166 : SUCCESSFUL
2022-05-16 08:28:41,240 INFO  Assert that (False == value) with value=False ... passed
2022-05-16 08:28:41,251 INFO  
2022-05-16 08:28:41,252 INFO  cleanup:
2022-05-16 08:28:45,433 INFO  Executed sudo<tedge_disconnect_c8y>, exit status 0
2022-05-16 08:28:46,102 INFO  Executed systemctl<serv_mapper5>, exit status 3
2022-05-16 08:28:46,109 INFO  
2022-05-16 08:28:46,110 INFO  Test duration: 166.73 secs
2022-05-16 08:28:46,112 INFO  Test final outcome:  PASSED
2022-05-16 08:28:46,114 INFO  
