2022-05-04 08:42:23,226 INFO  ==============================================================
2022-05-04 08:42:23,227 INFO  Id:    docker_plugin_remove
2022-05-04 08:42:23,228 INFO  Dir:   plugin_docker/
2022-05-04 08:42:23,229 INFO  Title: Validate docker plugin remove
2022-05-04 08:42:23,230 INFO  ==============================================================
2022-05-04 08:42:24,051 INFO  Executed sudo<docker_images>, exit status 0
2022-05-04 08:42:24,056 INFO  Grep on file /home/pi/actions-runner/_work/thin-edge.io/thin-edge.io/tests/PySys/plugin_docker/docker_plugin_remove/Output/linux/docker_images.out ... passed
2022-05-04 08:42:46,472 INFO  Executed sudo<docker_run>, exit status 0, duration 22 secs
2022-05-04 08:42:47,291 INFO  Executed sudo<docker_ps>, exit status 0
2022-05-04 08:42:47,297 INFO  Grep on file /home/pi/actions-runner/_work/thin-edge.io/thin-edge.io/tests/PySys/plugin_docker/docker_plugin_remove/Output/linux/docker_ps.out ... passed
2022-05-04 08:42:51,189 INFO  Executed sudo<plugin_remove>, exit status 0
2022-05-04 08:42:52,056 INFO  Executed sudo<docker_ps_latest>, exit status 0
2022-05-04 08:42:52,872 INFO  Executed sudo<docker_ps>, exit status 0
2022-05-04 08:42:52,876 INFO  Grep on file /home/pi/actions-runner/_work/thin-edge.io/thin-edge.io/tests/PySys/plugin_docker/docker_plugin_remove/Output/linux/docker_ps.out ... passed
2022-05-04 08:42:52,883 INFO  
2022-05-04 08:42:52,883 INFO  cleanup:
2022-05-04 08:42:52,884 INFO  Removing containers scheduled to be cleaned up: ['467e23d1f86b', '9f62766422f2', '980c9afebfc14f9092126a6c964fd913bb46f5f4e3e22659a08c6a3ea1f2e7cb\n']
2022-05-04 08:42:53,650 WARN  Executed sudo<containers_for_cleanup>, exit status 1
2022-05-04 08:42:53,654 INFO  Removing images scheduled to be cleaned up: ['registry', 'registry', 'registry:2.7.1', 'registry']
2022-05-04 08:42:57,329 INFO  Executed sudo<containers_for_cleanup>, exit status 0
2022-05-04 08:42:57,333 INFO  
2022-05-04 08:42:57,334 INFO  Test duration: 34.11 secs
2022-05-04 08:42:57,335 INFO  Test final outcome:  PASSED
2022-05-04 08:42:57,336 INFO  
