2022-05-11 12:44:34,108 INFO  ==============================================================
2022-05-11 12:44:34,112 INFO  Id:    SoftwareManagement.sm_apt_install_remove_multiple_mixed
2022-05-11 12:44:34,115 INFO  Dir:   software_management_end_to_end/
2022-05-11 12:44:34,118 INFO  Title: Validate end to end behaviour for the apt plugin for multiple packages with mixed versions
2022-05-11 12:44:34,121 INFO  ==============================================================
2022-05-11 12:44:34,157 INFO  Using sw id database: {'asciijump': '5475369', 'robotfindskitten': '5474869', 'squirrel3': '5475279', 'rolldice': '5152439', 'moon-buggy': '5439204', 'apple': '5495053', 'banana': '5494888', 'cherry': '5495382', 'watermelon': '5494510', 'registry': '8018911', 'hello-world': '8021526', 'docker/getting-started': '8021973', 'alpine': '7991792'}
2022-05-11 12:44:34,158 INFO  EnvironmentC8y Setup
2022-05-11 12:44:34,885 INFO  Executed systemctl<serv_mapper1>, exit status 3
2022-05-11 12:44:35,037 INFO  Restarting mosquitto too frequently in the last 10 seconds. It was only up for 6 seconds
2022-05-11 12:44:35,040 INFO  Delaying execution by 5 seconds
2022-05-11 12:44:53,943 INFO  Executed sudo<tedge_connect_c8y>, exit status 0, duration 13 secs
2022-05-11 12:44:54,610 INFO  Executed sudo<tedge_connect_c8y_test>, exit status 0
2022-05-11 12:44:55,177 INFO  Executed systemctl<serv_mosq2>, exit status 0
2022-05-11 12:44:55,641 INFO  Executed systemctl<serv_mapper3>, exit status 0
2022-05-11 12:44:57,860 INFO  State of current operation: SUCCESSFUL
2022-05-11 12:44:58,080 INFO  Assert that (False == value) with value=False ... passed
2022-05-11 12:44:58,309 INFO  Assert that (False == value) with value=False ... passed
2022-05-11 12:44:58,530 INFO  Assert that (False == value) with value=False ... passed
2022-05-11 12:44:58,757 INFO  Assert that (False == value) with value=False ... passed
2022-05-11 12:44:58,991 INFO  Package moon-buggy is installed
2022-05-11 12:44:59,031 WARN  Assert that (False == value) with value=True ... failed 
2022-05-11 12:45:00,631 INFO  Response status: 201
2022-05-11 12:45:00,634 INFO  Response to action: {
    "creationTime": "2022-05-11T12:45:00.581Z",
    "deviceName": "mythicd",
    "deviceId": "18813522",
    "self": "https://t493319102.eu-latest.cumulocity.com/devicecontrol/operations/18841080",
    "id": "18841080",
    "status": "PENDING",
    "description": "Apply software changes, triggered from PySys: [{'action': 'install', 'id': '5475369', 'name': 'asciijump', 'url': ' ', 'version': '::apt'}, {'action': 'install', 'id': '5474869', 'name': 'robotfindskitten', 'url': ' ', 'version': ' '}, {'action': 'install', 'id': '5475279', 'name': 'squirrel3', 'url': ' ', 'version': '3.1-7::apt'}, {'action': 'install', 'id': '5152439', 'name': 'rolldice', 'url': ' ', 'version': '1.16-1+b1'}, {'action': 'install', 'id': '5439204', 'name': 'moon-buggy', 'url': ' ', 'version': '1:1.0.51-12'}, {'action': 'install', 'id': '5475369', 'name': 'asciijump', 'url': ' ', 'version': '::apt'}]",
    "c8y_SoftwareUpdate": [
        {
            "name": "asciijump",
            "action": "install",
            "id": "5475369",
            "version": "::apt",
            "url": " "
        },
        {
            "name": "robotfindskitten",
            "action": "install",
            "id": "5474869",
            "version": " ",
            "url": " "
        },
        {
            "name": "squirrel3",
            "action": "install",
            "id": "5475279",
            "version": "3.1-7::apt",
            "url": " "
        },
        {
            "name": "rolldice",
            "action": "install",
            "id": "5152439",
            "version": "1.16-1+b1",
            "url": " "
        },
        {
            "name": "moon-buggy",
            "action": "install",
            "id": "5439204",
            "version": "1:1.0.51-12",
            "url": " "
        },
        {
            "name": "asciijump",
            "action": "install",
            "id": "5475369",
            "version": "::apt",
            "url": " "
        }
    ]
}
2022-05-11 12:45:00,634 INFO  Started operation: {'creationTime': '2022-05-11T12:45:00.581Z', 'deviceName': 'mythicd', 'deviceId': '18813522', 'self': 'https://t493319102.eu-latest.cumulocity.com/devicecontrol/operations/18841080', 'id': '18841080', 'status': 'PENDING', 'description': "Apply software changes, triggered from PySys: [{'action': 'install', 'id': '5475369', 'name': 'asciijump', 'url': ' ', 'version': '::apt'}, {'action': 'install', 'id': '5474869', 'name': 'robotfindskitten', 'url': ' ', 'version': ' '}, {'action': 'install', 'id': '5475279', 'name': 'squirrel3', 'url': ' ', 'version': '3.1-7::apt'}, {'action': 'install', 'id': '5152439', 'name': 'rolldice', 'url': ' ', 'version': '1.16-1+b1'}, {'action': 'install', 'id': '5439204', 'name': 'moon-buggy', 'url': ' ', 'version': '1:1.0.51-12'}, {'action': 'install', 'id': '5475369', 'name': 'asciijump', 'url': ' ', 'version': '::apt'}]", 'c8y_SoftwareUpdate': [{'name': 'asciijump', 'action': 'install', 'id': '5475369', 'version': '::apt', 'url': ' '}, {'name': 'robotfindskitten', 'action': 'install', 'id': '5474869', 'version': ' ', 'url': ' '}, {'name': 'squirrel3', 'action': 'install', 'id': '5475279', 'version': '3.1-7::apt', 'url': ' '}, {'name': 'rolldice', 'action': 'install', 'id': '5152439', 'version': '1.16-1+b1', 'url': ' '}, {'name': 'moon-buggy', 'action': 'install', 'id': '5439204', 'version': '1:1.0.51-12', 'url': ' '}, {'name': 'asciijump', 'action': 'install', 'id': '5475369', 'version': '::apt', 'url': ' '}]}
2022-05-11 12:45:02,854 INFO  State of operation 18841080 : PENDING
2022-05-11 12:45:05,094 INFO  State of operation 18841080 : EXECUTING
2022-05-11 12:45:07,312 INFO  State of operation 18841080 : EXECUTING
2022-05-11 12:45:09,531 INFO  State of operation 18841080 : EXECUTING
2022-05-11 12:45:11,750 INFO  State of operation 18841080 : EXECUTING
2022-05-11 12:45:13,998 INFO  State of operation 18841080 : EXECUTING
2022-05-11 12:45:16,785 INFO  State of operation 18841080 : EXECUTING
2022-05-11 12:45:19,239 INFO  State of operation 18841080 : EXECUTING
2022-05-11 12:45:22,224 INFO  State of operation 18841080 : EXECUTING
2022-05-11 12:45:24,584 INFO  State of operation 18841080 : EXECUTING
2022-05-11 12:45:26,818 INFO  State of operation 18841080 : EXECUTING
2022-05-11 12:45:29,041 INFO  State of operation 18841080 : EXECUTING
2022-05-11 12:45:31,266 INFO  State of operation 18841080 : EXECUTING
2022-05-11 12:45:33,515 INFO  State of operation 18841080 : EXECUTING
2022-05-11 12:45:35,741 INFO  State of operation 18841080 : EXECUTING
2022-05-11 12:45:38,049 INFO  State of operation 18841080 : EXECUTING
2022-05-11 12:45:40,405 INFO  State of operation 18841080 : EXECUTING
2022-05-11 12:45:42,781 INFO  State of operation 18841080 : EXECUTING
2022-05-11 12:45:45,024 INFO  State of operation 18841080 : EXECUTING
2022-05-11 12:45:47,740 INFO  State of operation 18841080 : EXECUTING
2022-05-11 12:45:49,972 INFO  State of operation 18841080 : EXECUTING
2022-05-11 12:45:52,178 INFO  State of operation 18841080 : EXECUTING
2022-05-11 12:45:54,494 INFO  State of operation 18841080 : EXECUTING
2022-05-11 12:45:56,721 INFO  State of operation 18841080 : EXECUTING
2022-05-11 12:45:58,940 INFO  State of operation 18841080 : EXECUTING
2022-05-11 12:46:01,756 INFO  State of operation 18841080 : EXECUTING
2022-05-11 12:46:04,029 INFO  State of operation 18841080 : EXECUTING
2022-05-11 12:46:07,251 INFO  State of operation 18841080 : EXECUTING
2022-05-11 12:46:09,475 INFO  State of operation 18841080 : EXECUTING
2022-05-11 12:46:11,738 INFO  State of operation 18841080 : EXECUTING
2022-05-11 12:46:14,097 INFO  State of operation 18841080 : EXECUTING
2022-05-11 12:46:16,445 INFO  State of operation 18841080 : EXECUTING
2022-05-11 12:46:18,660 INFO  State of operation 18841080 : EXECUTING
2022-05-11 12:46:20,874 INFO  State of operation 18841080 : EXECUTING
2022-05-11 12:46:23,133 INFO  State of operation 18841080 : EXECUTING
2022-05-11 12:46:25,343 INFO  State of operation 18841080 : EXECUTING
2022-05-11 12:46:27,554 INFO  State of operation 18841080 : EXECUTING
2022-05-11 12:46:29,771 INFO  State of operation 18841080 : EXECUTING
2022-05-11 12:46:31,978 INFO  State of operation 18841080 : EXECUTING
2022-05-11 12:46:34,702 INFO  State of operation 18841080 : EXECUTING
2022-05-11 12:46:37,019 INFO  State of operation 18841080 : EXECUTING
2022-05-11 12:46:39,652 INFO  State of operation 18841080 : EXECUTING
2022-05-11 12:46:42,137 INFO  State of operation 18841080 : EXECUTING
2022-05-11 12:46:44,384 INFO  State of operation 18841080 : EXECUTING
2022-05-11 12:46:46,623 INFO  State of operation 18841080 : EXECUTING
2022-05-11 12:46:48,850 INFO  State of operation 18841080 : EXECUTING
2022-05-11 12:46:51,100 INFO  State of operation 18841080 : EXECUTING
2022-05-11 12:46:53,397 INFO  State of operation 18841080 : EXECUTING
2022-05-11 12:46:55,692 INFO  State of operation 18841080 : EXECUTING
2022-05-11 12:46:58,060 INFO  State of operation 18841080 : EXECUTING
2022-05-11 12:47:00,973 INFO  State of operation 18841080 : EXECUTING
2022-05-11 12:47:03,198 INFO  State of operation 18841080 : EXECUTING
2022-05-11 12:47:05,429 INFO  State of operation 18841080 : EXECUTING
2022-05-11 12:47:07,646 INFO  State of operation 18841080 : EXECUTING
2022-05-11 12:47:10,365 INFO  State of operation 18841080 : EXECUTING
2022-05-11 12:47:12,570 INFO  State of operation 18841080 : EXECUTING
2022-05-11 12:47:15,377 INFO  State of operation 18841080 : EXECUTING
2022-05-11 12:47:17,609 INFO  State of operation 18841080 : EXECUTING
2022-05-11 12:47:19,829 INFO  State of operation 18841080 : EXECUTING
2022-05-11 12:47:22,048 INFO  State of operation 18841080 : EXECUTING
2022-05-11 12:47:24,371 INFO  State of operation 18841080 : EXECUTING
2022-05-11 12:47:26,375 WARN  SystemError occurred while running test - Timeout while waiting for status SUCCESSFUL or False
Traceback (most recent call last):
  File "/home/pi/env-pysys/lib/python3.7/site-packages/pysys/baserunner.py", line 1294, in __call__
    self.testObj.execute()
  File "/home/pi/actions-runner/_work/thin-edge.io/thin-edge.io/tests/PySys/software_management_end_to_end/sm_apt_install_remove_multiple_mixed/run.py", line 89, in execute
    self.wait_until_succcess()
  File "/home/pi/actions-runner/_work/thin-edge.io/thin-edge.io/tests/PySys/software_management_end_to_end/environment_sm_management.py", line 324, in wait_until_succcess
    self.wait_until_status("SUCCESSFUL")
  File "/home/pi/actions-runner/_work/thin-edge.io/thin-edge.io/tests/PySys/software_management_end_to_end/environment_sm_management.py", line 381, in wait_until_status
    "Timeout while waiting for status %s or %s" % (status, status2)
SystemError: Timeout while waiting for status SUCCESSFUL or False
2022-05-11 12:47:26,429 WARN  SystemError: Timeout while waiting for status SUCCESSFUL or False ... blocked 
2022-05-11 12:47:26,430 INFO  
2022-05-11 12:47:26,431 INFO  cleanup:
2022-05-11 12:47:30,701 INFO  Executed sudo<tedge_disconnect_c8y>, exit status 0
2022-05-11 12:47:31,315 INFO  Executed systemctl<serv_mapper5>, exit status 3
2022-05-11 12:47:31,319 INFO  
2022-05-11 12:47:31,320 INFO  Test duration: 177.24 secs
2022-05-11 12:47:31,321 INFO  Test final outcome:  BLOCKED
2022-05-11 12:47:31,322 INFO  Test outcome reason: SystemError: Timeout while waiting for status SUCCESSFUL or False (+1 other failures)
2022-05-11 12:47:31,323 INFO  
