2022-04-28 07:45:54,752 INFO  ==============================================================
2022-04-28 07:45:54,753 INFO  Id:    apt_install_local_file_with_version_fail
2022-04-28 07:45:54,754 INFO  Dir:   plugin_apt/
2022-04-28 07:45:54,755 INFO  Title: Validate apt plugin install from local file AND with a version - FAIL case
2022-04-28 07:45:54,755 INFO  ==============================================================
2022-04-28 07:45:56,810 INFO  URL of rolldice is b"'http://mirror.mythic-beasts.com/raspbian/pool/main/r/rolldice/rolldice_1.16-1+b1_armhf.deb'"
2022-04-28 07:45:58,927 INFO  Downloaded rolldcice in version 1.16-1+b1
2022-04-28 07:45:58,928 INFO  Filename is rolldice_1.16-1+b1_armhf.deb
2022-04-28 07:46:12,891 INFO  Executed sudo, exit status 0, duration 13 secs
2022-04-28 07:46:18,281 INFO  Executed sudo<outp_check_0>, exit status 0
2022-04-28 07:46:18,283 INFO  Assert that (value==0) with value=0 ... passed
2022-04-28 07:46:18,288 INFO  Grep on file outp_check_0.out ... passed
2022-04-28 07:46:18,800 INFO  Executed sudo<outp_install>, exit status 5
2022-04-28 07:46:18,802 INFO  Assert that (value==5) with value=5 ... passed
2022-04-28 07:46:21,381 INFO  Executed sudo<outp_check_1>, exit status 0
2022-04-28 07:46:21,383 INFO  Assert that (value==0) with value=0 ... passed
2022-04-28 07:46:21,389 INFO  Grep on file outp_check_1.out ... passed
2022-04-28 07:46:21,394 INFO  
2022-04-28 07:46:21,395 INFO  cleanup:
2022-04-28 07:46:21,398 INFO  
2022-04-28 07:46:21,399 INFO  Test duration: 26.65 secs
2022-04-28 07:46:21,400 INFO  Test final outcome:  PASSED
2022-04-28 07:46:21,401 INFO  
