2022-04-27 14:20:04,202 INFO  ==============================================================
2022-04-27 14:20:04,203 INFO  Id:    log_request_num_lines
2022-04-27 14:20:04,204 INFO  Dir:   log_request_end_to_end/
2022-04-27 14:20:04,205 INFO  Title: Validate end to end behaviour for the log request operation check for number of lines
2022-04-27 14:20:04,205 INFO  ==============================================================
2022-04-27 14:20:04,228 INFO  EnvironmentC8y Setup
2022-04-27 14:20:04,842 INFO  Executed systemctl<serv_mapper1>, exit status 3
2022-04-27 14:20:04,975 INFO  Restarting mosquitto too frequently in the last 10 seconds. It was only up for 5 seconds
2022-04-27 14:20:04,977 INFO  Delaying execution by 6 seconds
2022-04-27 14:20:24,971 INFO  Executed sudo<tedge_connect_c8y>, exit status 0, duration 13 secs
2022-04-27 14:20:25,653 INFO  Executed sudo<tedge_connect_c8y_test>, exit status 0
2022-04-27 14:20:26,136 INFO  Executed systemctl<serv_mosq2>, exit status 0
2022-04-27 14:20:26,599 INFO  Executed systemctl<serv_mapper3>, exit status 0
2022-04-27 14:20:27,082 INFO  Executed sudo<rm_logs>, exit status 0
2022-04-27 14:20:27,632 INFO  Executed sudo<move_logs>, exit status 0
2022-04-27 14:20:28,084 INFO  log response None
2022-04-27 14:20:28,085 WARN  retry, retrying in 1 seconds...
2022-04-27 14:20:29,296 INFO  log response https://thin-edge-io.eu-latest.cumulocity.com/event/events/17789159/binaries
2022-04-27 14:20:29,530 INFO  nlines 0
2022-04-27 14:20:29,561 WARN  Assert that (True == value) with value=False ... failed [run.py:44]
2022-04-27 14:20:29,567 INFO  
2022-04-27 14:20:29,568 INFO  cleanup:
2022-04-27 14:20:30,080 INFO  Executed sudo<rm_logs>, exit status 0
2022-04-27 14:20:30,593 INFO  Executed sudo<rm_tmp_logs>, exit status 0
2022-04-27 14:20:31,155 INFO  Executed sudo<send_failed>, exit status 0
2022-04-27 14:20:35,547 INFO  Executed sudo<tedge_disconnect_c8y>, exit status 0
2022-04-27 14:20:36,111 INFO  Executed systemctl<serv_mapper5>, exit status 3
2022-04-27 14:20:36,116 INFO  
2022-04-27 14:20:36,116 INFO  Test duration: 31.92 secs
2022-04-27 14:20:36,118 INFO  Test final outcome:  FAILED
2022-04-27 14:20:36,118 INFO  Test outcome reason: Assert that (True == value) with value=False
2022-04-27 14:20:36,119 INFO  
