2022-04-19 14:25:11,249 INFO  ==============================================================
2022-04-19 14:25:11,250 INFO  Id:    SoftwareManagement.sm_apt_install_download_path
2022-04-19 14:25:11,252 INFO  Dir:   software_management_end_to_end/
2022-04-19 14:25:11,253 INFO  Title: Install package to directory specified in tedge config set tmp.path
2022-04-19 14:25:11,255 INFO  ==============================================================
2022-04-19 14:25:12,726 INFO  Using sw id database: {'asciijump': '5475369', 'robotfindskitten': '5474869', 'squirrel3': '5475279', 'rolldice': '5152439', 'moon-buggy': '5439204', 'apple': '5495053', 'banana': '5494888', 'cherry': '5495382', 'watermelon': '5494510', 'registry': '8018911', 'hello-world': '8021526', 'docker/getting-started': '8021973', 'alpine': '7991792'}
2022-04-19 14:25:12,727 INFO  EnvironmentC8y Setup
2022-04-19 14:25:13,340 INFO  Executed systemctl<serv_mapper1>, exit status 3
2022-04-19 14:25:27,867 INFO  Executed sudo<tedge_connect_c8y>, exit status 0, duration 14 secs
2022-04-19 14:25:28,483 INFO  Executed sudo<tedge_connect_c8y_test>, exit status 0
2022-04-19 14:25:28,946 INFO  Executed systemctl<serv_mosq2>, exit status 0
2022-04-19 14:25:29,416 INFO  Executed systemctl<serv_mapper3>, exit status 0
2022-04-19 14:25:31,709 INFO  State of current operation: PENDING
2022-04-19 14:25:33,934 INFO  State of current operation: PENDING
2022-04-19 14:25:36,160 INFO  State of current operation: PENDING
2022-04-19 14:25:38,426 INFO  State of current operation: PENDING
2022-04-19 14:25:40,638 INFO  State of current operation: PENDING
2022-04-19 14:25:42,863 INFO  State of current operation: PENDING
2022-04-19 14:25:45,092 INFO  State of current operation: PENDING
2022-04-19 14:25:47,313 INFO  State of current operation: PENDING
2022-04-19 14:25:49,534 INFO  State of current operation: PENDING
2022-04-19 14:25:51,778 INFO  State of current operation: PENDING
2022-04-19 14:25:54,003 INFO  State of current operation: PENDING
2022-04-19 14:25:56,228 INFO  State of current operation: PENDING
2022-04-19 14:25:58,517 INFO  State of current operation: PENDING
2022-04-19 14:26:00,735 INFO  State of current operation: PENDING
2022-04-19 14:26:02,954 INFO  State of current operation: PENDING
2022-04-19 14:26:05,176 INFO  State of current operation: PENDING
2022-04-19 14:26:07,393 INFO  State of current operation: PENDING
2022-04-19 14:26:09,611 INFO  State of current operation: PENDING
2022-04-19 14:26:11,853 INFO  State of current operation: PENDING
2022-04-19 14:26:14,080 INFO  State of current operation: PENDING
2022-04-19 14:26:16,299 INFO  State of current operation: PENDING
2022-04-19 14:26:18,528 INFO  State of current operation: PENDING
2022-04-19 14:26:20,748 INFO  State of current operation: PENDING
2022-04-19 14:26:22,967 INFO  State of current operation: PENDING
2022-04-19 14:26:25,184 INFO  State of current operation: PENDING
2022-04-19 14:26:27,405 INFO  State of current operation: PENDING
2022-04-19 14:26:29,631 INFO  State of current operation: PENDING
2022-04-19 14:26:31,978 INFO  State of current operation: PENDING
2022-04-19 14:26:34,204 INFO  State of current operation: PENDING
2022-04-19 14:26:36,431 INFO  State of current operation: PENDING
2022-04-19 14:26:38,655 INFO  State of current operation: PENDING
2022-04-19 14:26:40,871 INFO  State of current operation: PENDING
2022-04-19 14:26:43,088 INFO  State of current operation: PENDING
2022-04-19 14:26:45,314 INFO  State of current operation: PENDING
2022-04-19 14:26:47,541 INFO  State of current operation: PENDING
2022-04-19 14:26:49,763 INFO  State of current operation: PENDING
2022-04-19 14:26:52,002 INFO  State of current operation: PENDING
2022-04-19 14:26:54,217 INFO  State of current operation: PENDING
2022-04-19 14:26:56,441 INFO  State of current operation: PENDING
2022-04-19 14:26:58,661 INFO  State of current operation: PENDING
2022-04-19 14:27:01,002 INFO  State of current operation: PENDING
2022-04-19 14:27:03,219 INFO  State of current operation: PENDING
2022-04-19 14:27:05,463 INFO  State of current operation: PENDING
2022-04-19 14:27:07,687 INFO  State of current operation: PENDING
2022-04-19 14:27:09,912 INFO  State of current operation: PENDING
2022-04-19 14:27:12,147 INFO  State of current operation: PENDING
2022-04-19 14:27:14,381 INFO  State of current operation: PENDING
2022-04-19 14:27:16,640 INFO  State of current operation: PENDING
2022-04-19 14:27:18,866 INFO  State of current operation: PENDING
2022-04-19 14:27:21,106 INFO  State of current operation: PENDING
2022-04-19 14:27:23,328 INFO  State of current operation: PENDING
2022-04-19 14:27:25,547 INFO  State of current operation: PENDING
2022-04-19 14:27:27,765 INFO  State of current operation: PENDING
2022-04-19 14:27:29,993 INFO  State of current operation: PENDING
2022-04-19 14:27:32,227 INFO  State of current operation: PENDING
2022-04-19 14:27:34,464 INFO  State of current operation: PENDING
2022-04-19 14:27:36,690 INFO  State of current operation: PENDING
2022-04-19 14:27:38,911 INFO  State of current operation: PENDING
2022-04-19 14:27:41,149 INFO  State of current operation: PENDING
2022-04-19 14:27:43,370 INFO  State of current operation: PENDING
2022-04-19 14:27:45,591 INFO  State of current operation: PENDING
2022-04-19 14:27:47,597 WARN  SystemError occurred while running test - Timeout while waiting for status FAILED or SUCCESSFUL
Traceback (most recent call last):
  File "/home/pi/env-pysys/lib/python3.7/site-packages/pysys/baserunner.py", line 1292, in __call__
    self.testObj.setup()
  File "/home/pi/actions-runner/_work/thin-edge.io/thin-edge.io/tests/PySys/software_management_end_to_end/sm_apt_install_download_path/run.py", line 48, in setup
    super().setup()
  File "/home/pi/actions-runner/_work/thin-edge.io/thin-edge.io/tests/PySys/software_management_end_to_end/environment_sm_management.py", line 151, in setup
    self.wait_until_end()
  File "/home/pi/actions-runner/_work/thin-edge.io/thin-edge.io/tests/PySys/software_management_end_to_end/environment_sm_management.py", line 332, in wait_until_end
    self.wait_until_status("FAILED", "SUCCESSFUL")
  File "/home/pi/actions-runner/_work/thin-edge.io/thin-edge.io/tests/PySys/software_management_end_to_end/environment_sm_management.py", line 381, in wait_until_status
    "Timeout while waiting for status %s or %s" % (status, status2)
SystemError: Timeout while waiting for status FAILED or SUCCESSFUL
2022-04-19 14:27:47,629 WARN  SystemError: Timeout while waiting for status FAILED or SUCCESSFUL ... blocked 
2022-04-19 14:27:47,630 INFO  
2022-04-19 14:27:47,631 INFO  cleanup:
2022-04-19 14:27:48,145 INFO  Executed sudo, exit status 0
2022-04-19 14:27:48,657 INFO  Executed sudo, exit status 0
2022-04-19 14:27:53,130 INFO  Executed sudo<tedge_disconnect_c8y>, exit status 0
2022-04-19 14:27:53,238 INFO  Restarting mosquitto too frequently in the last 10 seconds. It was only up for 4 seconds
2022-04-19 14:27:53,239 INFO  Delaying execution by 7 seconds
2022-04-19 14:28:14,947 INFO  Executed sudo<tedge_connect_c8y>, exit status 0, duration 14 secs
2022-04-19 14:28:19,234 INFO  Executed sudo<tedge_disconnect_c8y>, exit status 0
2022-04-19 14:28:19,798 INFO  Executed systemctl<serv_mapper5>, exit status 3
2022-04-19 14:28:19,802 INFO  
2022-04-19 14:28:19,803 INFO  Test duration: 188.57 secs
2022-04-19 14:28:19,804 INFO  Test final outcome:  BLOCKED
2022-04-19 14:28:19,805 INFO  Test outcome reason: SystemError: Timeout while waiting for status FAILED or SUCCESSFUL
2022-04-19 14:28:19,806 INFO  
