2022-05-23 10:35:11,370 INFO  ==============================================================
2022-05-23 10:35:11,372 INFO  Id:    SoftwareManagement.sm_fake_install_remove_multiple
2022-05-23 10:35:11,373 INFO  Dir:   software_management_end_to_end/
2022-05-23 10:35:11,375 INFO  Title: Validate end to end behaviour for the dummy-plugin for multiple packages
2022-05-23 10:35:11,376 INFO  ==============================================================
2022-05-23 10:35:11,400 INFO  Using sw id database: {'asciijump': '5475369', 'robotfindskitten': '5474869', 'squirrel3': '5475279', 'rolldice': '5152439', 'moon-buggy': '5439204', 'apple': '5495053', 'banana': '5494888', 'cherry': '5495382', 'watermelon': '5494510', 'registry': '8018911', 'hello-world': '8021526', 'docker/getting-started': '8021973', 'alpine': '7991792'}
2022-05-23 10:35:11,401 INFO  EnvironmentC8y Setup
2022-05-23 10:35:11,965 INFO  Executed systemctl<serv_mapper1>, exit status 3
2022-05-23 10:35:12,070 INFO  Restarting mosquitto too frequently in the last 10 seconds. It was only up for 5 seconds
2022-05-23 10:35:12,074 INFO  Delaying execution by 6 seconds
2022-05-23 10:35:32,107 INFO  Executed sudo<tedge_connect_c8y>, exit status 0, duration 14 secs
2022-05-23 10:35:32,786 INFO  Executed sudo<tedge_connect_c8y_test>, exit status 0
2022-05-23 10:35:33,255 INFO  Executed systemctl<serv_mosq2>, exit status 0
2022-05-23 10:35:33,718 INFO  Executed systemctl<serv_mapper3>, exit status 0
2022-05-23 10:35:35,939 INFO  State of current operation: SUCCESSFUL
2022-05-23 10:35:36,179 INFO  Package apple is installed
2022-05-23 10:35:36,181 INFO  Assert that (True == value) with value=True ... passed
2022-05-23 10:35:36,413 INFO  Package banana is installed
2022-05-23 10:35:36,416 INFO  Assert that (True == value) with value=True ... passed
2022-05-23 10:35:36,646 INFO  Package cherry is installed
2022-05-23 10:35:36,649 INFO  Assert that (True == value) with value=True ... passed
2022-05-23 10:35:36,877 INFO  Response status: 201
2022-05-23 10:35:36,879 INFO  Response to action: {
    "creationTime": "2022-05-23T10:35:36.843Z",
    "deviceId": "19484864",
    "deviceName": "mythicc",
    "self": "https://t493319102.eu-latest.cumulocity.com/devicecontrol/operations/19512966",
    "id": "19512966",
    "status": "PENDING",
    "description": "Apply software changes, triggered from PySys: [{'action': 'install', 'id': '5495053', 'name': 'apple', 'url': ' ', 'version': '::fruits'}, {'action': 'install', 'id': '5494888', 'name': 'banana', 'url': ' ', 'version': '::fruits'}, {'action': 'install', 'id': '5495382', 'name': 'cherry', 'url': ' ', 'version': '::fruits'}]",
    "c8y_SoftwareUpdate": [
        {
            "name": "apple",
            "action": "install",
            "id": "5495053",
            "version": "::fruits",
            "url": " "
        },
        {
            "name": "banana",
            "action": "install",
            "id": "5494888",
            "version": "::fruits",
            "url": " "
        },
        {
            "name": "cherry",
            "action": "install",
            "id": "5495382",
            "version": "::fruits",
            "url": " "
        }
    ]
}
2022-05-23 10:35:36,880 INFO  Started operation: {'creationTime': '2022-05-23T10:35:36.843Z', 'deviceId': '19484864', 'deviceName': 'mythicc', 'self': 'https://t493319102.eu-latest.cumulocity.com/devicecontrol/operations/19512966', 'id': '19512966', 'status': 'PENDING', 'description': "Apply software changes, triggered from PySys: [{'action': 'install', 'id': '5495053', 'name': 'apple', 'url': ' ', 'version': '::fruits'}, {'action': 'install', 'id': '5494888', 'name': 'banana', 'url': ' ', 'version': '::fruits'}, {'action': 'install', 'id': '5495382', 'name': 'cherry', 'url': ' ', 'version': '::fruits'}]", 'c8y_SoftwareUpdate': [{'name': 'apple', 'action': 'install', 'id': '5495053', 'version': '::fruits', 'url': ' '}, {'name': 'banana', 'action': 'install', 'id': '5494888', 'version': '::fruits', 'url': ' '}, {'name': 'cherry', 'action': 'install', 'id': '5495382', 'version': '::fruits', 'url': ' '}]}
2022-05-23 10:35:39,094 INFO  State of operation 19512966 : PENDING
2022-05-23 10:35:41,355 INFO  State of operation 19512966 : EXECUTING
2022-05-23 10:35:43,588 INFO  State of operation 19512966 : EXECUTING
2022-05-23 10:35:45,799 INFO  State of operation 19512966 : SUCCESSFUL
2022-05-23 10:35:46,063 INFO  Package apple is installed
2022-05-23 10:35:46,066 INFO  Assert that (True == value) with value=True ... passed
2022-05-23 10:35:46,287 INFO  Package banana is installed
2022-05-23 10:35:46,290 INFO  Assert that (True == value) with value=True ... passed
2022-05-23 10:35:46,511 INFO  Package cherry is installed
2022-05-23 10:35:46,513 INFO  Assert that (True == value) with value=True ... passed
2022-05-23 10:35:46,740 INFO  Response status: 201
2022-05-23 10:35:46,741 INFO  Response to action: {
    "creationTime": "2022-05-23T10:35:46.703Z",
    "deviceId": "19484864",
    "deviceName": "mythicc",
    "self": "https://t493319102.eu-latest.cumulocity.com/devicecontrol/operations/19512973",
    "id": "19512973",
    "status": "PENDING",
    "description": "Apply software changes, triggered from PySys: [{'action': 'install', 'id': '5495053', 'name': 'apple', 'url': ' ', 'version': '::fruits'}, {'action': 'install', 'id': '5494888', 'name': 'banana', 'url': ' ', 'version': '::fruits'}, {'action': 'install', 'id': '5495382', 'name': 'cherry', 'url': ' ', 'version': '::fruits'}]",
    "c8y_SoftwareUpdate": [
        {
            "name": "apple",
            "action": "install",
            "id": "5495053",
            "version": "::fruits",
            "url": " "
        },
        {
            "name": "banana",
            "action": "install",
            "id": "5494888",
            "version": "::fruits",
            "url": " "
        },
        {
            "name": "cherry",
            "action": "install",
            "id": "5495382",
            "version": "::fruits",
            "url": " "
        }
    ]
}
2022-05-23 10:35:46,742 INFO  Started operation: {'creationTime': '2022-05-23T10:35:46.703Z', 'deviceId': '19484864', 'deviceName': 'mythicc', 'self': 'https://t493319102.eu-latest.cumulocity.com/devicecontrol/operations/19512973', 'id': '19512973', 'status': 'PENDING', 'description': "Apply software changes, triggered from PySys: [{'action': 'install', 'id': '5495053', 'name': 'apple', 'url': ' ', 'version': '::fruits'}, {'action': 'install', 'id': '5494888', 'name': 'banana', 'url': ' ', 'version': '::fruits'}, {'action': 'install', 'id': '5495382', 'name': 'cherry', 'url': ' ', 'version': '::fruits'}]", 'c8y_SoftwareUpdate': [{'name': 'apple', 'action': 'install', 'id': '5495053', 'version': '::fruits', 'url': ' '}, {'name': 'banana', 'action': 'install', 'id': '5494888', 'version': '::fruits', 'url': ' '}, {'name': 'cherry', 'action': 'install', 'id': '5495382', 'version': '::fruits', 'url': ' '}]}
2022-05-23 10:35:48,995 INFO  State of operation 19512973 : PENDING
2022-05-23 10:35:51,261 INFO  State of operation 19512973 : EXECUTING
2022-05-23 10:35:53,505 INFO  State of operation 19512973 : EXECUTING
2022-05-23 10:35:55,714 INFO  State of operation 19512973 : SUCCESSFUL
2022-05-23 10:35:55,977 INFO  Package apple is installed
2022-05-23 10:35:55,980 INFO  Assert that (True == value) with value=True ... passed
2022-05-23 10:35:56,208 INFO  Package banana is installed
2022-05-23 10:35:56,210 INFO  Assert that (True == value) with value=True ... passed
2022-05-23 10:35:56,445 INFO  Package cherry is installed
2022-05-23 10:35:56,447 INFO  Assert that (True == value) with value=True ... passed
2022-05-23 10:35:56,454 INFO  
2022-05-23 10:35:56,455 INFO  cleanup:
2022-05-23 10:36:00,313 INFO  Executed sudo<tedge_disconnect_c8y>, exit status 0
2022-05-23 10:36:00,928 INFO  Executed systemctl<serv_mapper5>, exit status 3
2022-05-23 10:36:00,934 INFO  
2022-05-23 10:36:00,936 INFO  Test duration: 49.58 secs
2022-05-23 10:36:00,938 INFO  Test final outcome:  PASSED
2022-05-23 10:36:00,940 INFO  
