2022-04-08 10:11:23,971 INFO  ==============================================================
2022-04-08 10:11:23,971 INFO  Id:    apt_remove
2022-04-08 10:11:23,973 INFO  Dir:   plugin_apt/
2022-04-08 10:11:23,974 INFO  Title: Validate apt plugin prepare - dense version
2022-04-08 10:11:23,974 DEBUG Execution order hint: 0.0
2022-04-08 10:11:23,975 INFO  ==============================================================
2022-04-08 10:11:23,981 DEBUG Process parameters for sudo<outp_install>
  command line : /usr/bin/sudo /etc/tedge/sm-plugins/apt install rolldice
    arg #1     : /etc/tedge/sm-plugins/apt
    arg #2     : install
    arg #3     : rolldice
  working dir  : /home/pi/actions-runner/_work/thin-edge.io/thin-edge.io/tests/PySys/plugin_apt/apt_remove/Output/linux
  stdout       : /home/pi/actions-runner/_work/thin-edge.io/thin-edge.io/tests/PySys/plugin_apt/apt_remove/Output/linux/outp_install.out
  stderr       : /home/pi/actions-runner/_work/thin-edge.io/thin-edge.io/tests/PySys/plugin_apt/apt_remove/Output/linux/outp_install.err
  environment  : LD_LIBRARY_PATH=/usr/lib
  environment  : PATH=/bin:/usr/bin:/usr/sbin:/usr/local/bin
                   #1  /bin
                   #2  /usr/bin
                   #3  /usr/sbin
                   #4  /usr/local/bin
2022-04-08 10:11:23,988 DEBUG Waiting up to 600 secs for process sudo<outp_install> (pid 10638)
2022-04-08 10:12:05,131 INFO  Executed sudo<outp_install>, exit status 0, duration 41 secs
2022-04-08 10:12:05,134 INFO  Assert that (value==0) with value=0 ... passed
2022-04-08 10:12:05,140 DEBUG Process parameters for sudo<outp_check_0>
  command line : /usr/bin/sudo /etc/tedge/sm-plugins/apt list
    arg #1     : /etc/tedge/sm-plugins/apt
    arg #2     : list
  working dir  : /home/pi/actions-runner/_work/thin-edge.io/thin-edge.io/tests/PySys/plugin_apt/apt_remove/Output/linux
  stdout       : /home/pi/actions-runner/_work/thin-edge.io/thin-edge.io/tests/PySys/plugin_apt/apt_remove/Output/linux/outp_check_0.out
  stderr       : /home/pi/actions-runner/_work/thin-edge.io/thin-edge.io/tests/PySys/plugin_apt/apt_remove/Output/linux/outp_check_0.err
  environment  : LD_LIBRARY_PATH=/usr/lib
  environment  : PATH=/bin:/usr/bin:/usr/sbin:/usr/local/bin
                   #1  /bin
                   #2  /usr/bin
                   #3  /usr/sbin
                   #4  /usr/local/bin
2022-04-08 10:12:05,149 DEBUG Waiting up to 600 secs for process sudo<outp_check_0> (pid 10769)
2022-04-08 10:12:10,441 INFO  Executed sudo<outp_check_0>, exit status 0
2022-04-08 10:12:10,443 INFO  Assert that (value==0) with value=0 ... passed
2022-04-08 10:12:10,444 DEBUG Performing regex contains=True grep on file: /home/pi/actions-runner/_work/thin-edge.io/thin-edge.io/tests/PySys/plugin_apt/apt_remove/Output/linux/outp_check_0.out
2022-04-08 10:12:10,448 DEBUG Grep on file outp_check_0.out successfully matched expression "rolldice" with line: 'rolldice\t1.16-1+b1\n'
2022-04-08 10:12:10,450 INFO  Grep on file outp_check_0.out ... passed
2022-04-08 10:12:10,451 DEBUG --- test execute
2022-04-08 10:12:10,453 DEBUG Process parameters for sudo<outp_remove>
  command line : /usr/bin/sudo /etc/tedge/sm-plugins/apt remove rolldice
    arg #1     : /etc/tedge/sm-plugins/apt
    arg #2     : remove
    arg #3     : rolldice
  working dir  : /home/pi/actions-runner/_work/thin-edge.io/thin-edge.io/tests/PySys/plugin_apt/apt_remove/Output/linux
  stdout       : /home/pi/actions-runner/_work/thin-edge.io/thin-edge.io/tests/PySys/plugin_apt/apt_remove/Output/linux/outp_remove.out
  stderr       : /home/pi/actions-runner/_work/thin-edge.io/thin-edge.io/tests/PySys/plugin_apt/apt_remove/Output/linux/outp_remove.err
  environment  : LD_LIBRARY_PATH=/usr/lib
  environment  : PATH=/bin:/usr/bin:/usr/sbin:/usr/local/bin
                   #1  /bin
                   #2  /usr/bin
                   #3  /usr/sbin
                   #4  /usr/local/bin
2022-04-08 10:12:10,460 DEBUG Waiting up to 600 secs for process sudo<outp_remove> (pid 10775)
2022-04-08 10:12:24,017 INFO  Executed sudo<outp_remove>, exit status 0, duration 13 secs
2022-04-08 10:12:24,020 INFO  Assert that (value==0) with value=0 ... passed
2022-04-08 10:12:24,021 DEBUG --- test validate
2022-04-08 10:12:24,025 DEBUG Process parameters for sudo<outp_check_1>
  command line : /usr/bin/sudo /etc/tedge/sm-plugins/apt list
    arg #1     : /etc/tedge/sm-plugins/apt
    arg #2     : list
  working dir  : /home/pi/actions-runner/_work/thin-edge.io/thin-edge.io/tests/PySys/plugin_apt/apt_remove/Output/linux
  stdout       : /home/pi/actions-runner/_work/thin-edge.io/thin-edge.io/tests/PySys/plugin_apt/apt_remove/Output/linux/outp_check_1.out
  stderr       : /home/pi/actions-runner/_work/thin-edge.io/thin-edge.io/tests/PySys/plugin_apt/apt_remove/Output/linux/outp_check_1.err
  environment  : LD_LIBRARY_PATH=/usr/lib
  environment  : PATH=/bin:/usr/bin:/usr/sbin:/usr/local/bin
                   #1  /bin
                   #2  /usr/bin
                   #3  /usr/sbin
                   #4  /usr/local/bin
2022-04-08 10:12:24,033 DEBUG Waiting up to 600 secs for process sudo<outp_check_1> (pid 10804)
2022-04-08 10:12:29,323 INFO  Executed sudo<outp_check_1>, exit status 0
2022-04-08 10:12:29,326 INFO  Assert that (value==0) with value=0 ... passed
2022-04-08 10:12:29,327 DEBUG Performing regex contains=False grep on file: /home/pi/actions-runner/_work/thin-edge.io/thin-edge.io/tests/PySys/plugin_apt/apt_remove/Output/linux/outp_check_1.out
2022-04-08 10:12:29,332 INFO  Grep on file outp_check_1.out ... passed
2022-04-08 10:12:29,338 DEBUG --- test cleanup
2022-04-08 10:12:29,339 DEBUG ProcessUser cleanup function done.
2022-04-08 10:12:29,342 INFO  
2022-04-08 10:12:29,343 INFO  Test duration: 65.38 secs
2022-04-08 10:12:29,344 INFO  Test final outcome:  PASSED
2022-04-08 10:12:29,345 INFO  
