$SYS/broker/version mosquitto version 1.5.7
$SYS/broker/uptime 11 seconds
$SYS/broker/clients/total 6
$SYS/broker/clients/maximum 6
$SYS/broker/clients/inactive 3
$SYS/broker/clients/disconnected 3
$SYS/broker/clients/active 3
$SYS/broker/clients/connected 3
$SYS/broker/clients/expired 0
$SYS/broker/load/messages/received/1min 30.15
$SYS/broker/load/messages/received/5min 6.48
$SYS/broker/load/messages/received/15min 2.19
$SYS/broker/load/messages/sent/1min 30.15
$SYS/broker/load/messages/sent/5min 6.48
$SYS/broker/load/messages/sent/15min 2.19
$SYS/broker/load/publish/dropped/1min 0.00
$SYS/broker/load/publish/dropped/5min 0.00
$SYS/broker/load/publish/dropped/15min 0.00
$SYS/broker/load/publish/received/1min 6.40
$SYS/broker/load/publish/received/5min 1.37
$SYS/broker/load/publish/received/15min 0.46
$SYS/broker/load/publish/sent/1min 0.00
$SYS/broker/load/publish/sent/5min 0.00
$SYS/broker/load/publish/sent/15min 0.00
$SYS/broker/load/bytes/received/1min 2310.72
$SYS/broker/load/bytes/received/5min 496.64
$SYS/broker/load/bytes/received/15min 167.57
$SYS/broker/load/bytes/sent/1min 1990.01
$SYS/broker/load/bytes/sent/5min 427.71
$SYS/broker/load/bytes/sent/15min 144.32
$SYS/broker/load/sockets/1min 2.74
$SYS/broker/load/sockets/5min 0.59
$SYS/broker/load/sockets/15min 0.20
$SYS/broker/load/connections/1min 2.74
$SYS/broker/load/connections/5min 0.59
$SYS/broker/load/connections/15min 0.20
$SYS/broker/messages/stored 53
$SYS/broker/messages/received 33
$SYS/broker/messages/sent 33
$SYS/broker/store/messages/count 53
$SYS/broker/store/messages/bytes 195
$SYS/broker/subscriptions/count 33
$SYS/broker/retained messages/count 53
$SYS/broker/heap/current 51580
$SYS/broker/heap/maximum 53520
$SYS/broker/publish/messages/dropped 0
$SYS/broker/publish/messages/received 7
$SYS/broker/publish/messages/sent 0
$SYS/broker/publish/bytes/received 1821
$SYS/broker/publish/bytes/sent 1791
$SYS/broker/bytes/received 2529
$SYS/broker/bytes/sent 2178
$SYS/broker/uptime 22 seconds
$SYS/broker/clients/total 8
$SYS/broker/clients/maximum 8
$SYS/broker/clients/inactive 1
$SYS/broker/clients/disconnected 1
$SYS/broker/clients/active 7
$SYS/broker/clients/connected 7
$SYS/broker/load/messages/received/1min 1845.17
$SYS/broker/load/messages/sent/1min 1177.26
$SYS/broker/load/publish/received/1min 1265.30
$SYS/broker/load/publish/sent/1min 47.51
$SYS/broker/load/bytes/received/1min 194920.05
$SYS/broker/load/bytes/sent/1min 151951.87
$SYS/broker/load/sockets/1min 7.76
$SYS/broker/load/connections/1min 7.76
$SYS/broker/load/messages/received/5min 397.43
$SYS/broker/load/messages/sent/5min 253.88
$SYS/broker/load/publish/received/5min 272.13
$SYS/broker/load/publish/sent/5min 10.21
$SYS/broker/load/bytes/received/5min 41959.24
$SYS/broker/load/bytes/sent/5min 32715.08
$SYS/broker/load/sockets/5min 1.75
$SYS/broker/load/connections/5min 1.75
$SYS/broker/load/messages/received/15min 134.15
$SYS/broker/load/messages/sent/15min 85.72
$SYS/broker/load/publish/received/15min 91.83
$SYS/broker/load/publish/sent/15min 3.45
$SYS/broker/load/bytes/received/15min 14161.70
$SYS/broker/load/bytes/sent/15min 11042.02
$SYS/broker/load/sockets/15min 0.59
$SYS/broker/load/connections/15min 0.59
$SYS/broker/messages/stored 54
$SYS/broker/store/messages/count 54
$SYS/broker/store/messages/bytes 555
$SYS/broker/subscriptions/count 35
$SYS/broker/heap/current 55588
$SYS/broker/heap/maximum 59160
$SYS/broker/messages/received 2025
$SYS/broker/messages/sent 1294
$SYS/broker/publish/messages/received 1386
$SYS/broker/publish/messages/sent 52
$SYS/broker/bytes/received 213757
$SYS/broker/bytes/sent 166671
$SYS/broker/publish/bytes/received 158777
$SYS/broker/publish/bytes/sent 143213
$SYS/broker/uptime 33 seconds
$SYS/broker/load/messages/received/1min 4712.06
$SYS/broker/load/messages/sent/1min 2970.07
$SYS/broker/load/publish/received/1min 3256.25
$SYS/broker/load/publish/sent/1min 80.67
$SYS/broker/load/bytes/received/1min 502805.03
$SYS/broker/load/bytes/sent/1min 389634.13
$SYS/broker/load/sockets/1min 6.46
$SYS/broker/load/connections/1min 6.46
$SYS/broker/load/messages/received/5min 1065.73
$SYS/broker/load/messages/sent/5min 672.45
$SYS/broker/load/publish/received/5min 735.80
$SYS/broker/load/publish/sent/5min 18.68
$SYS/broker/load/bytes/received/5min 113639.56
$SYS/broker/load/bytes/sent/5min 88092.66
$SYS/broker/load/sockets/5min 1.68
$SYS/broker/load/connections/5min 1.68
$SYS/broker/load/messages/received/15min 362.85
$SYS/broker/load/messages/sent/15min 228.99
$SYS/broker/load/publish/received/15min 250.47
$SYS/broker/load/publish/sent/15min 6.39
$SYS/broker/load/bytes/received/15min 38685.44
$SYS/broker/load/bytes/sent/15min 29990.56
$SYS/broker/messages/stored 56
$SYS/broker/store/messages/count 56
$SYS/broker/store/messages/bytes 1041
$SYS/broker/heap/current 56508
$SYS/broker/heap/maximum 65232
$SYS/broker/messages/received 5501
$SYS/broker/messages/sent 3472
$SYS/broker/publish/messages/received 3797
$SYS/broker/publish/messages/sent 97
$SYS/broker/bytes/received 586462
$SYS/broker/bytes/sent 454664
$SYS/broker/publish/bytes/received 437277
$SYS/broker/publish/bytes/sent 391752
$SYS/broker/uptime 44 seconds
$SYS/broker/load/messages/received/1min 7113.34
$SYS/broker/load/messages/sent/1min 4467.14
$SYS/broker/load/publish/received/1min 4919.18
$SYS/broker/load/publish/sent/1min 100.05
$SYS/broker/load/bytes/received/1min 760650.48
$SYS/broker/load/bytes/sent/1min 589161.64
$SYS/broker/load/sockets/1min 5.38
$SYS/broker/load/connections/1min 5.38
$SYS/broker/load/messages/received/5min 1713.11
$SYS/broker/load/messages/sent/5min 1076.93
$SYS/broker/load/publish/received/5min 1183.95
$SYS/broker/load/publish/sent/5min 25.08
$SYS/broker/load/bytes/received/5min 183068.93
$SYS/broker/load/bytes/sent/5min 141833.14
$SYS/broker/load/sockets/5min 1.62
$SYS/broker/load/connections/5min 1.62
$SYS/broker/load/messages/received/15min 589.82
$SYS/broker/load/messages/sent/15min 370.86
$SYS/broker/load/publish/received/15min 407.58
$SYS/broker/load/publish/sent/15min 8.69
$SYS/broker/load/bytes/received/15min 63022.52
$SYS/broker/load/bytes/sent/15min 48829.25
$SYS/broker/messages/stored 54
$SYS/broker/store/messages/count 54
$SYS/broker/store/messages/bytes 579
$SYS/broker/heap/current 55672
$SYS/broker/messages/received 8993
$SYS/broker/messages/sent 5655
$SYS/broker/publish/messages/received 6214
$SYS/broker/publish/messages/sent 133
$SYS/broker/bytes/received 960846
$SYS/broker/bytes/sent 744473
$SYS/broker/publish/bytes/received 717198
$SYS/broker/publish/bytes/sent 642129
$SYS/broker/uptime 55 seconds
$SYS/broker/load/messages/received/1min 9079.50
$SYS/broker/load/messages/sent/1min 5680.54
$SYS/broker/load/publish/received/1min 6288.02
$SYS/broker/load/publish/sent/1min 115.27
$SYS/broker/load/bytes/received/1min 971084.98
$SYS/broker/load/bytes/sent/1min 750841.42
$SYS/broker/load/sockets/1min 4.48
$SYS/broker/load/connections/1min 4.48
$SYS/broker/load/messages/received/5min 2330.12
$SYS/broker/load/messages/sent/5min 1459.78
$SYS/broker/load/publish/received/5min 1612.63
$SYS/broker/load/publish/sent/5min 31.05
$SYS/broker/load/bytes/received/5min 249091.78
$SYS/broker/load/bytes/sent/5min 192687.76
$SYS/broker/load/sockets/5min 1.56
$SYS/broker/load/connections/5min 1.56
$SYS/broker/load/messages/received/15min 811.65
$SYS/broker/load/messages/sent/15min 508.61
$SYS/broker/load/publish/received/15min 561.66
$SYS/broker/load/publish/sent/15min 10.91
$SYS/broker/load/bytes/received/15min 86757.97
$SYS/broker/load/bytes/sent/15min 67118.19
$SYS/broker/store/messages/bytes 581
$SYS/broker/heap/current 55648
$SYS/broker/messages/received 12449
$SYS/broker/messages/sent 7802
$SYS/broker/publish/messages/received 8614
$SYS/broker/publish/messages/sent 168
$SYS/broker/bytes/received 1330612
$SYS/broker/bytes/sent 1029439
$SYS/broker/publish/bytes/received 993155
$SYS/broker/publish/bytes/sent 888326
$SYS/broker/uptime 66 seconds
$SYS/broker/load/messages/received/1min 10719.04
$SYS/broker/load/messages/sent/1min 6699.82
$SYS/broker/load/publish/received/1min 7433.05
$SYS/broker/load/publish/sent/1min 126.11
$SYS/broker/load/bytes/received/1min 1147736.19
$SYS/broker/load/bytes/sent/1min 886837.18
$SYS/broker/load/sockets/1min 3.73
$SYS/broker/load/connections/1min 3.73
$SYS/broker/load/messages/received/5min 2925.50
$SYS/broker/load/messages/sent/5min 1830.81
$SYS/broker/load/publish/received/5min 2027.06
$SYS/broker/load/publish/sent/5min 36.41
$SYS/broker/load/bytes/received/5min 313052.83
$SYS/broker/load/bytes/sent/5min 242012.13
$SYS/broker/load/sockets/5min 1.51
$SYS/broker/load/connections/5min 1.51
$SYS/broker/load/messages/received/15min 1030.99
$SYS/broker/load/messages/sent/15min 645.36
$SYS/broker/load/publish/received/15min 714.26
$SYS/broker/load/publish/sent/15min 12.96
$SYS/broker/load/bytes/received/15min 110311.43
$SYS/broker/load/bytes/sent/15min 85286.40
$SYS/broker/messages/stored 63
$SYS/broker/store/messages/count 63
$SYS/broker/store/messages/bytes 3422
$SYS/broker/heap/current 60152
$SYS/broker/heap/maximum 67088
$SYS/broker/messages/received 15908
$SYS/broker/messages/sent 9959
$SYS/broker/publish/messages/received 11020
$SYS/broker/publish/messages/sent 201
$SYS/broker/bytes/received 1701983
$SYS/broker/bytes/sent 1315936
$SYS/broker/publish/bytes/received 1270528
$SYS/broker/publish/bytes/sent 1135908
$SYS/broker/uptime 77 seconds
$SYS/broker/load/messages/received/1min 12121.41
$SYS/broker/load/messages/sent/1min 7559.32
$SYS/broker/load/publish/received/1min 8400.90
$SYS/broker/load/publish/sent/1min 137.88
$SYS/broker/load/bytes/received/1min 1296190.96
$SYS/broker/load/bytes/sent/1min 1000663.64
$SYS/broker/load/sockets/1min 3.10
$SYS/broker/load/connections/1min 3.10
$SYS/broker/load/messages/received/5min 3507.50
$SYS/broker/load/messages/sent/5min 2190.84
$SYS/broker/load/publish/received/5min 2429.71
$SYS/broker/load/publish/sent/5min 42.17
$SYS/broker/load/bytes/received/5min 375010.79
$SYS/broker/load/bytes/sent/5min 289692.08
$SYS/broker/load/sockets/5min 1.45
$SYS/broker/load/connections/5min 1.45
$SYS/broker/load/messages/received/15min 1250.38
$SYS/broker/load/messages/sent/15min 781.24
$SYS/broker/load/publish/received/15min 866.06
$SYS/broker/load/publish/sent/15min 15.19
$SYS/broker/load/bytes/received/15min 133679.88
$SYS/broker/load/bytes/sent/15min 103278.24
$SYS/broker/messages/stored 54
$SYS/broker/store/messages/count 54
$SYS/broker/store/messages/bytes 594
$SYS/broker/heap/current 55704
$SYS/broker/messages/received 19408
$SYS/broker/messages/sent 12128
$SYS/broker/publish/messages/received 13442
$SYS/broker/publish/messages/sent 237
$SYS/broker/bytes/received 2074880
$SYS/broker/bytes/sent 1603102
$SYS/broker/publish/bytes/received 1548603
$SYS/broker/publish/bytes/sent 1383983
$SYS/broker/uptime 88 seconds
$SYS/broker/load/messages/received/1min 13280.64
$SYS/broker/load/messages/sent/1min 8287.65
$SYS/broker/load/publish/received/1min 9202.96
$SYS/broker/load/publish/sent/1min 146.76
$SYS/broker/load/bytes/received/1min 1421468.48
$SYS/broker/load/bytes/sent/1min 1097836.14
$SYS/broker/load/sockets/1min 2.58
$SYS/broker/load/connections/1min 2.58
$SYS/broker/load/messages/received/5min 4066.77
$SYS/broker/load/messages/sent/5min 2540.66
$SYS/broker/load/publish/received/5min 2817.07
$SYS/broker/load/publish/sent/5min 47.52
$SYS/broker/load/bytes/received/5min 435101.40
$SYS/broker/load/bytes/sent/5min 336174.06
$SYS/broker/load/sockets/5min 1.40
$SYS/broker/load/connections/5min 1.40
$SYS/broker/load/messages/received/15min 1466.51
$SYS/broker/load/messages/sent/15min 916.40
$SYS/broker/load/publish/received/15min 1015.76
$SYS/broker/load/publish/sent/15min 17.32
$SYS/broker/load/bytes/received/15min 156887.04
$SYS/broker/load/bytes/sent/15min 121226.51
$SYS/broker/messages/stored 55
$SYS/broker/store/messages/count 55
$SYS/broker/store/messages/bytes 910
$SYS/broker/heap/current 56196
$SYS/broker/messages/received 22899
$SYS/broker/messages/sent 14311
$SYS/broker/publish/messages/received 15860
$SYS/broker/publish/messages/sent 272
$SYS/broker/bytes/received 2449627
$SYS/broker/bytes/sent 1892909
$SYS/broker/publish/bytes/received 1828870
$SYS/broker/publish/bytes/sent 1634382
$SYS/broker/uptime 99 seconds
$SYS/broker/load/messages/received/1min 14225.59
$SYS/broker/load/messages/sent/1min 8880.26
$SYS/broker/load/publish/received/1min 9864.28
$SYS/broker/load/publish/sent/1min 154.16
$SYS/broker/load/bytes/received/1min 1523779.97
$SYS/broker/load/bytes/sent/1min 1176770.56
$SYS/broker/load/sockets/1min 2.15
$SYS/broker/load/connections/1min 2.15
$SYS/broker/load/messages/received/5min 4601.59
$SYS/broker/load/messages/sent/5min 2874.94
$SYS/broker/load/publish/received/5min 3189.12
$SYS/broker/load/publish/sent/5min 52.69
$SYS/broker/load/bytes/received/5min 492602.85
$SYS/broker/load/bytes/sent/5min 380561.14
$SYS/broker/load/sockets/5min 1.35
$SYS/broker/load/connections/5min 1.35
$SYS/broker/load/messages/received/15min 1678.55
$SYS/broker/load/messages/sent/15min 1048.92
$SYS/broker/load/publish/received/15min 1163.18
$SYS/broker/load/publish/sent/15min 19.43
$SYS/broker/load/bytes/received/15min 179668.62
$SYS/broker/load/bytes/sent/15min 138814.55
$SYS/broker/messages/stored 64
$SYS/broker/store/messages/count 64
$SYS/broker/store/messages/bytes 3582
$SYS/broker/heap/current 60488
$SYS/broker/heap/maximum 69556
$SYS/broker/messages/received 26368
$SYS/broker/messages/sent 16479
$SYS/broker/publish/messages/received 18271
$SYS/broker/publish/messages/sent 307
$SYS/broker/bytes/received 2822206
$SYS/broker/bytes/sent 2180570
$SYS/broker/publish/bytes/received 2107272
$SYS/broker/publish/bytes/sent 1882915
$SYS/broker/uptime 110 seconds
$SYS/broker/load/messages/received/1min 15026.87
$SYS/broker/load/messages/sent/1min 9373.61
$SYS/broker/load/publish/received/1min 10413.91
$SYS/broker/load/publish/sent/1min 161.23
$SYS/broker/load/bytes/received/1min 1608850.99
$SYS/broker/load/bytes/sent/1min 1242518.35
$SYS/broker/load/sockets/1min 1.79
$SYS/broker/load/connections/1min 1.79
$SYS/broker/load/messages/received/5min 5120.30
$SYS/broker/load/messages/sent/5min 3197.18
$SYS/broker/load/publish/received/5min 3547.57
$SYS/broker/load/publish/sent/5min 57.86
$SYS/broker/load/bytes/received/5min 548012.10
$SYS/broker/load/bytes/sent/5min 423357.83
$SYS/broker/load/sockets/5min 1.30
$SYS/broker/load/connections/5min 1.30
$SYS/broker/load/messages/received/15min 1889.08
$SYS/broker/load/messages/sent/15min 1179.83
$SYS/broker/load/publish/received/15min 1308.74
$SYS/broker/load/publish/sent/15min 21.58
$SYS/broker/load/bytes/received/15min 202166.04
$SYS/broker/load/bytes/sent/15min 156191.52
$SYS/broker/messages/stored 55
$SYS/broker/store/messages/count 55
$SYS/broker/store/messages/bytes 749
$SYS/broker/heap/current 56068
$SYS/broker/messages/received 29853
$SYS/broker/messages/sent 18647
$SYS/broker/publish/messages/received 20681
$SYS/broker/publish/messages/sent 343
$SYS/broker/bytes/received 3194673
$SYS/broker/bytes/sent 2468270
$SYS/broker/publish/bytes/received 2385519
$SYS/broker/publish/bytes/sent 2131463
$SYS/broker/uptime 121 seconds
$SYS/broker/load/messages/received/1min 15710.38
$SYS/broker/load/messages/sent/1min 9808.99
$SYS/broker/load/publish/received/1min 10884.26
$SYS/broker/load/publish/sent/1min 166.20
$SYS/broker/load/bytes/received/1min 1683172.15
$SYS/broker/load/bytes/sent/1min 1300649.87
$SYS/broker/load/sockets/1min 1.49
$SYS/broker/load/connections/1min 1.49
$SYS/broker/load/messages/received/5min 5623.87
$SYS/broker/load/messages/sent/5min 3513.12
$SYS/broker/load/publish/received/5min 3895.87
$SYS/broker/load/publish/sent/5min 62.65
$SYS/broker/load/bytes/received/5min 602178.80
$SYS/broker/load/bytes/sent/5min 465343.86
$SYS/broker/load/sockets/5min 1.26
$SYS/broker/load/connections/5min 1.26
$SYS/broker/load/messages/received/15min 2098.24
$SYS/broker/load/messages/sent/15min 1310.94
$SYS/broker/load/publish/received/15min 1453.46
$SYS/broker/load/publish/sent/15min 23.64
$SYS/broker/load/bytes/received/15min 224644.01
$SYS/broker/load/bytes/sent/15min 173603.75
$SYS/broker/messages/stored 56
$SYS/broker/store/messages/count 56
$SYS/broker/store/messages/bytes 1062
$SYS/broker/heap/current 56520
$SYS/broker/heap/maximum 77428
$SYS/broker/messages/received 33356
$SYS/broker/messages/sent 20842
$SYS/broker/publish/messages/received 23105
$SYS/broker/publish/messages/sent 378
$SYS/broker/bytes/received 3570971
$SYS/broker/bytes/sent 2759688
$SYS/broker/publish/bytes/received 2667112
$SYS/broker/publish/bytes/sent 2383260
$SYS/broker/uptime 132 seconds
$SYS/broker/load/messages/received/1min 16269.34
$SYS/broker/load/messages/sent/1min 10160.47
$SYS/broker/load/publish/received/1min 11268.51
$SYS/broker/load/publish/sent/1min 171.25
$SYS/broker/load/bytes/received/1min 1743041.01
$SYS/broker/load/bytes/sent/1min 1347119.58
$SYS/broker/load/sockets/1min 1.24
$SYS/broker/load/connections/1min 1.24
$SYS/broker/load/messages/received/5min 6107.14
$SYS/broker/load/messages/sent/5min 3815.33
$SYS/broker/load/publish/received/5min 4230.06
$SYS/broker/load/publish/sent/5min 67.46
$SYS/broker/load/bytes/received/5min 653964.90
$SYS/broker/load/bytes/sent/5min 505404.72
$SYS/broker/load/sockets/5min 1.21
$SYS/broker/load/connections/5min 1.21
$SYS/broker/load/messages/received/15min 2304.14
$SYS/broker/load/messages/sent/15min 1439.66
$SYS/broker/load/publish/received/15min 1595.89
$SYS/broker/load/publish/sent/15min 25.74
$SYS/broker/load/bytes/received/15min 246703.68
$SYS/broker/load/bytes/sent/15min 190664.92
$SYS/broker/messages/stored 55
$SYS/broker/store/messages/count 55
$SYS/broker/store/messages/bytes 751
$SYS/broker/heap/current 56036
$SYS/broker/messages/received 36848
$SYS/broker/messages/sent 23025
$SYS/broker/publish/messages/received 25521
$SYS/broker/publish/messages/sent 414
$SYS/broker/bytes/received 3945077
$SYS/broker/bytes/sent 3049000
$SYS/broker/publish/bytes/received 2946799
$SYS/broker/publish/bytes/sent 2633201
$SYS/broker/uptime 143 seconds
$SYS/broker/clients/total 7
$SYS/broker/clients/inactive 2
$SYS/broker/clients/disconnected 2
$SYS/broker/clients/active 5
$SYS/broker/clients/connected 5
$SYS/broker/load/messages/received/1min 15981.79
$SYS/broker/load/messages/sent/1min 9819.89
$SYS/broker/load/publish/received/1min 11150.74
$SYS/broker/load/publish/sent/1min 174.54
$SYS/broker/load/bytes/received/1min 1700034.18
$SYS/broker/load/bytes/sent/1min 1301231.52
$SYS/broker/load/sockets/1min 1.03
$SYS/broker/load/connections/1min 1.03
$SYS/broker/load/messages/received/5min 6411.21
$SYS/broker/load/messages/sent/5min 3970.57
$SYS/broker/load/publish/received/5min 4458.15
$SYS/broker/load/publish/sent/5min 71.91
$SYS/broker/load/bytes/received/5min 683931.05
$SYS/broker/load/bytes/sent/5min 525845.97
$SYS/broker/load/sockets/5min 1.17
$SYS/broker/load/connections/5min 1.17
$SYS/broker/load/messages/received/15min 2452.93
$SYS/broker/load/messages/sent/15min 1520.90
$SYS/broker/load/publish/received/15min 1704.85
$SYS/broker/load/publish/sent/15min 27.74
$SYS/broker/load/bytes/received/15min 261762.07
$SYS/broker/load/bytes/sent/15min 201385.52
$SYS/broker/messages/stored 53
$SYS/broker/store/messages/count 53
$SYS/broker/store/messages/bytes 283
$SYS/broker/subscriptions/count 34
$SYS/broker/heap/current 54932
$SYS/broker/messages/received 39516
$SYS/broker/messages/sent 24515
$SYS/broker/publish/messages/received 27458
$SYS/broker/publish/messages/sent 449
$SYS/broker/bytes/received 4217565
$SYS/broker/bytes/sent 3245749
$SYS/broker/publish/bytes/received 3143178
$SYS/broker/publish/bytes/sent 2802854
$SYS/broker/version mosquitto version 1.5.7
$SYS/broker/uptime 0 seconds
$SYS/broker/clients/total 5
$SYS/broker/clients/maximum 5
$SYS/broker/clients/inactive 5
$SYS/broker/clients/disconnected 5
$SYS/broker/clients/active 0
$SYS/broker/clients/connected 0
$SYS/broker/clients/expired 0
$SYS/broker/load/messages/received/1min 0.00
$SYS/broker/load/messages/received/5min 0.00
$SYS/broker/load/messages/received/15min 0.00
$SYS/broker/load/messages/sent/1min 0.00
$SYS/broker/load/messages/sent/5min 0.00
$SYS/broker/load/messages/sent/15min 0.00
$SYS/broker/load/publish/dropped/1min 0.00
$SYS/broker/load/publish/dropped/5min 0.00
$SYS/broker/load/publish/dropped/15min 0.00
$SYS/broker/load/publish/received/1min 0.00
$SYS/broker/load/publish/received/5min 0.00
$SYS/broker/load/publish/received/15min 0.00
$SYS/broker/load/publish/sent/1min 0.00
$SYS/broker/load/publish/sent/5min 0.00
$SYS/broker/load/publish/sent/15min 0.00
$SYS/broker/load/bytes/received/1min 0.00
$SYS/broker/load/bytes/received/5min 0.00
$SYS/broker/load/bytes/received/15min 0.00
$SYS/broker/load/bytes/sent/1min 0.00
$SYS/broker/load/bytes/sent/5min 0.00
$SYS/broker/load/bytes/sent/15min 0.00
$SYS/broker/load/sockets/1min 0.00
$SYS/broker/load/sockets/5min 0.00
$SYS/broker/load/sockets/15min 0.00
$SYS/broker/load/connections/1min 0.00
$SYS/broker/load/connections/5min 0.00
$SYS/broker/load/connections/15min 0.00
$SYS/broker/messages/stored 37
$SYS/broker/messages/received 0
$SYS/broker/messages/sent 0
$SYS/broker/store/messages/count 37
$SYS/broker/store/messages/bytes 152
$SYS/broker/subscriptions/count 32
$SYS/broker/retained messages/count 41
$SYS/broker/heap/current 44012
$SYS/broker/heap/maximum 44752
$SYS/broker/publish/messages/dropped 0
$SYS/broker/publish/messages/received 0
$SYS/broker/publish/messages/sent 0
$SYS/broker/publish/bytes/received 0
$SYS/broker/publish/bytes/sent 0
$SYS/broker/bytes/received 0
$SYS/broker/bytes/sent 0
