2022-05-02 16:26:28,591 INFO  ==============================================================
2022-05-02 16:26:28,592 INFO  Id:    publish_sawmill_record_statistics_long
2022-05-02 16:26:28,593 INFO  Title: Publish sawmill and record process statistics long version
2022-05-02 16:26:28,594 INFO  ==============================================================
2022-05-02 16:26:28,616 INFO  EnvironmentC8y Setup
2022-05-02 16:26:29,182 INFO  Executed systemctl<serv_mapper1>, exit status 3
2022-05-02 16:26:29,289 INFO  Restarting mosquitto too frequently in the last 10 seconds. It was only up for 5 seconds
2022-05-02 16:26:29,290 INFO  Delaying execution by 6 seconds
2022-05-02 16:26:49,543 INFO  Executed sudo<tedge_connect_c8y>, exit status 0, duration 14 secs
2022-05-02 16:26:50,211 INFO  Executed sudo<tedge_connect_c8y_test>, exit status 0
2022-05-02 16:26:50,675 INFO  Executed systemctl<serv_mosq2>, exit status 0
2022-05-02 16:26:51,138 INFO  Executed systemctl<serv_mapper3>, exit status 0
2022-05-02 16:26:51,139 INFO  Setup
2022-05-02 16:26:51,140 INFO  Execute
2022-05-02 16:26:51,964 INFO  Executed sudo<collectd_out>, exit status 0
2022-05-02 16:26:51,978 INFO  Started mosquitto_sub_stdout with process id 23702
2022-05-02 16:28:56,392 INFO  Executed sawtooth_publisher<stdout_sawmill>, exit status 0, duration 124 secs
2022-05-02 16:28:56,933 INFO  Executed systemctl<serv_mosq>, exit status 0
2022-05-02 16:28:57,554 INFO  Executed systemctl<serv_mapper4>, exit status 0
2022-05-02 16:28:57,590 INFO  Grep on input file mosquitto_sub_stdout.out ... passed
2022-05-02 16:28:57,597 INFO  
2022-05-02 16:28:57,598 INFO  cleanup:
2022-05-02 16:28:57,599 INFO  My Cleanup
2022-05-02 16:28:58,526 INFO  Executed sudo<collectd_out>, exit status 0
2022-05-02 16:28:58,530 INFO  Exporting data from /var/lib/collectd/rrd/mythicd/exec/gauge-mosquitto-size.rrd
2022-05-02 16:28:58,619 INFO  Exporting data from /var/lib/collectd/rrd/mythicd/exec/gauge-mapper-c8y-shared.rrd
2022-05-02 16:28:58,735 INFO  Exporting data from /var/lib/collectd/rrd/mythicd/exec/gauge-mapper-c8y-text.rrd
2022-05-02 16:28:58,847 INFO  Exporting data from /var/lib/collectd/rrd/mythicd/exec/gauge-mapper-c8y-stime.rrd
2022-05-02 16:28:58,978 INFO  Exporting data from /var/lib/collectd/rrd/mythicd/exec/gauge-mapper-c8y-utime.rrd
2022-05-02 16:28:59,088 INFO  Exporting data from /var/lib/collectd/rrd/mythicd/exec/gauge-mosquitto-text.rrd
2022-05-02 16:28:59,198 INFO  Exporting data from /var/lib/collectd/rrd/mythicd/exec/gauge-mosquitto-stime.rrd
2022-05-02 16:28:59,323 INFO  Exporting data from /var/lib/collectd/rrd/mythicd/exec/gauge-mapper-c8y-data.rrd
2022-05-02 16:28:59,431 INFO  Exporting data from /var/lib/collectd/rrd/mythicd/exec/gauge-mosquitto-data.rrd
2022-05-02 16:28:59,538 INFO  Exporting data from /var/lib/collectd/rrd/mythicd/exec/gauge-mosquitto-shared.rrd
2022-05-02 16:28:59,646 INFO  Exporting data from /var/lib/collectd/rrd/mythicd/exec/gauge-mapper-c8y-resident.rrd
2022-05-02 16:28:59,752 INFO  Exporting data from /var/lib/collectd/rrd/mythicd/exec/gauge-mosquitto-utime.rrd
2022-05-02 16:28:59,858 INFO  Exporting data from /var/lib/collectd/rrd/mythicd/exec/gauge-mapper-c8y-size.rrd
2022-05-02 16:28:59,963 INFO  Exporting data from /var/lib/collectd/rrd/mythicd/exec/gauge-mosquitto-resident.rrd
2022-05-02 16:29:04,105 INFO  Executed sudo<tedge_disconnect_c8y>, exit status 0
2022-05-02 16:29:04,692 INFO  Executed systemctl<serv_mapper5>, exit status 3
2022-05-02 16:29:04,765 INFO  
2022-05-02 16:29:04,766 INFO  Test duration: 156.18 secs
2022-05-02 16:29:04,768 INFO  Test final outcome:  PASSED
2022-05-02 16:29:04,768 INFO  
