2022-05-16 07:49:27,041 INFO  ==============================================================
2022-05-16 07:49:27,041 INFO  Id:    apt_sequence_remove
2022-05-16 07:49:27,043 INFO  Dir:   plugin_apt/
2022-05-16 07:49:27,044 INFO  Title: Validate apt plugin prepare install remove finalize use case
2022-05-16 07:49:27,045 INFO  ==============================================================
2022-05-16 07:50:06,615 INFO  Executed sudo, exit status 0, duration 39 secs
2022-05-16 07:50:11,945 INFO  Executed sudo<outp_check_0>, exit status 0
2022-05-16 07:50:11,948 INFO  Assert that (value==0) with value=0 ... passed
2022-05-16 07:50:11,953 INFO  Grep on file outp_check_0.out ... passed
2022-05-16 07:50:30,872 INFO  Executed sudo<outp_prepare>, exit status 0, duration 18 secs
2022-05-16 07:50:30,876 INFO  Assert that (value==0) with value=0 ... passed
2022-05-16 07:50:50,711 INFO  Executed sudo<outp_remove>, exit status 0, duration 19 secs
2022-05-16 07:50:50,714 INFO  Assert that (value==0) with value=0 ... passed
2022-05-16 07:50:58,234 INFO  Executed sudo<outp_finalize>, exit status 0
2022-05-16 07:50:58,236 INFO  Assert that (value==0) with value=0 ... passed
2022-05-16 07:51:00,811 INFO  Executed sudo<outp_check_1>, exit status 0
2022-05-16 07:51:00,813 INFO  Assert that (value==0) with value=0 ... passed
2022-05-16 07:51:00,819 INFO  Grep on file outp_check_1.out ... passed
2022-05-16 07:51:00,825 INFO  
2022-05-16 07:51:00,826 INFO  cleanup:
2022-05-16 07:51:05,460 INFO  Executed sudo, exit status 0
2022-05-16 07:51:05,464 INFO  
2022-05-16 07:51:05,464 INFO  Test duration: 98.43 secs
2022-05-16 07:51:05,466 INFO  Test final outcome:  PASSED
2022-05-16 07:51:05,466 INFO  
