2022-04-13 07:43:05,643 INFO  ==============================================================
2022-04-13 07:43:05,644 INFO  Id:    log_request_num_lines
2022-04-13 07:43:05,646 INFO  Dir:   log_request_end_to_end/
2022-04-13 07:43:05,647 INFO  Title: Validate end to end behaviour for the log request operation check for number of lines
2022-04-13 07:43:05,647 INFO  ==============================================================
2022-04-13 07:43:05,658 INFO  EnvironmentC8y Setup
2022-04-13 07:43:06,220 INFO  Executed systemctl<serv_mapper1>, exit status 3
2022-04-13 07:43:06,327 INFO  Restarting mosquitto too frequently in the last 10 seconds. It was only up for 4 seconds
2022-04-13 07:43:06,329 INFO  Delaying execution by 7 seconds
2022-04-13 07:43:27,538 INFO  Executed sudo<tedge_connect_c8y>, exit status 0, duration 14 secs
2022-04-13 07:43:28,242 INFO  Executed sudo<tedge_connect_c8y_test>, exit status 0
2022-04-13 07:43:28,705 INFO  Executed systemctl<serv_mosq2>, exit status 0
2022-04-13 07:43:29,168 INFO  Executed systemctl<serv_mapper3>, exit status 0
2022-04-13 07:43:29,682 INFO  Executed sudo<rm_logs>, exit status 0
2022-04-13 07:43:30,264 INFO  Executed sudo<move_logs>, exit status 0
2022-04-13 07:43:30,747 INFO  log response None
2022-04-13 07:43:30,748 WARN  retry, retrying in 1 seconds...
2022-04-13 07:43:31,960 INFO  log response https://thin-edge-io.eu-latest.cumulocity.com/event/events/17268465/binaries
2022-04-13 07:43:32,196 INFO  nlines 303
2022-04-13 07:43:32,199 INFO  Assert that (True == value) with value=True ... passed
2022-04-13 07:43:32,206 INFO  
2022-04-13 07:43:32,207 INFO  cleanup:
2022-04-13 07:43:32,718 INFO  Executed sudo<rm_logs>, exit status 0
2022-04-13 07:43:33,233 INFO  Executed sudo<rm_tmp_logs>, exit status 0
2022-04-13 07:43:37,198 INFO  Executed sudo<tedge_disconnect_c8y>, exit status 0
2022-04-13 07:43:38,070 INFO  Executed systemctl<serv_mapper5>, exit status 3
2022-04-13 07:43:38,076 INFO  
2022-04-13 07:43:38,077 INFO  Test duration: 32.44 secs
2022-04-13 07:43:38,079 INFO  Test final outcome:  PASSED
2022-04-13 07:43:38,080 INFO  
