2022-04-12 16:21:08,279 INFO  ==============================================================
2022-04-12 16:21:08,280 INFO  Id:    tedge_mapper_c8y_negative
2022-04-12 16:21:08,282 INFO  Dir:   tedge_mapper_c8y/
2022-04-12 16:21:08,283 INFO  Title: Validate the Cumulocity Mapper that publishes an error message on tedge/errors when it receives an invalid JSON message on tedge/measurements
2022-04-12 16:21:08,283 INFO  ==============================================================
2022-04-12 16:21:08,290 INFO  EnvironmentC8y Setup
2022-04-12 16:21:08,853 INFO  Executed systemctl<serv_mapper1>, exit status 3
2022-04-12 16:21:08,970 INFO  Restarting mosquitto too frequently in the last 10 seconds. It was only up for 4 seconds
2022-04-12 16:21:08,972 INFO  Delaying execution by 7 seconds
2022-04-12 16:21:30,063 INFO  Executed sudo<tedge_connect_c8y>, exit status 0, duration 14 secs
2022-04-12 16:21:30,732 INFO  Executed sudo<tedge_connect_c8y_test>, exit status 0
2022-04-12 16:21:31,195 INFO  Executed systemctl<serv_mosq2>, exit status 0
2022-04-12 16:21:31,709 INFO  Executed systemctl<serv_mapper3>, exit status 0
2022-04-12 16:21:32,273 INFO  Executed sudo<tedge_mapper_c8y>, exit status 0
2022-04-12 16:21:32,283 INFO  Started sudo<tedge_sub> with process id 9324
2022-04-12 16:21:33,000 INFO  Executed sudo<tedge_temp>, exit status 0
2022-04-12 16:21:33,513 INFO  Executed sudo<kill_out>, exit status 0
2022-04-12 16:21:33,518 INFO  Grep on file tedge_sub.out ... passed
2022-04-12 16:21:33,525 INFO  
2022-04-12 16:21:33,526 INFO  cleanup:
2022-04-12 16:21:33,526 INFO  mapper_cleanup
2022-04-12 16:21:34,090 INFO  Executed sudo<tedge_mapper_c8y>, exit status 0
2022-04-12 16:21:38,045 INFO  Executed sudo<tedge_disconnect_c8y>, exit status 0
2022-04-12 16:21:38,608 INFO  Executed systemctl<serv_mapper5>, exit status 3
2022-04-12 16:21:38,612 INFO  
2022-04-12 16:21:38,613 INFO  Test duration: 30.34 secs
2022-04-12 16:21:38,614 INFO  Test final outcome:  PASSED
2022-04-12 16:21:38,615 INFO  
