2022-05-03 08:09:46,478 INFO  ==============================================================
2022-05-03 08:09:46,479 INFO  Id:    tedge_mapper_c8y_child_device_measurement
2022-05-03 08:09:46,480 INFO  Dir:   tedge_mapper_c8y/
2022-05-03 08:09:46,481 INFO  Title: Validate that measurements sent to tedge/measurements/child topic gets mapped as the child device's measurement in Cumulocity
2022-05-03 08:09:46,482 INFO  ==============================================================
2022-05-03 08:09:46,724 INFO  EnvironmentC8y Setup
2022-05-03 08:09:47,291 INFO  Executed systemctl<serv_mapper1>, exit status 3
2022-05-03 08:09:47,404 INFO  Restarting mosquitto too frequently in the last 10 seconds. It was only up for 6 seconds
2022-05-03 08:09:47,406 INFO  Delaying execution by 5 seconds
2022-05-03 08:10:09,318 INFO  Executed sudo<tedge_connect_c8y>, exit status 0, duration 16 secs
2022-05-03 08:10:09,904 INFO  Executed sudo<tedge_connect_c8y_test>, exit status 0
2022-05-03 08:10:10,416 INFO  Executed systemctl<serv_mosq2>, exit status 0
2022-05-03 08:10:10,944 INFO  Executed systemctl<serv_mapper3>, exit status 0
2022-05-03 08:10:11,667 INFO  Assert that (actual == expected) with actual=None, expected=None ... passed
2022-05-03 08:10:12,078 INFO  Executed tedge_pub, exit status 0
2022-05-03 08:10:12,490 INFO  Executed tedge_pub, exit status 0
2022-05-03 08:10:12,902 INFO  Executed tedge_pub, exit status 0
2022-05-03 08:10:13,314 INFO  Executed tedge_pub, exit status 0
2022-05-03 08:10:13,776 INFO  Executed tedge_pub, exit status 0
2022-05-03 08:10:16,528 INFO  {
    "self": "https://t493319102.eu-latest.cumulocity.com/measurement/measurements/18260273",
    "time": "2022-05-03T08:10:13.726Z",
    "id": "18260273",
    "source": {
        "self": "https://t493319102.eu-latest.cumulocity.com/inventory/managedObjects/18260267",
        "id": "18260267"
    },
    "type": "ThinEdgeMeasurement",
    "temperature": {
        "temperature": {
            "value": 10.0
        }
    }
}
2022-05-03 08:10:16,529 INFO  Assert that (actual == expected) with actual="ThinEdgeMeasurement", expected="ThinEdgeMeasurement" ... passed
2022-05-03 08:10:16,531 INFO  Assert that (actual == expected) with actual=10.0, expected=10 ... passed
2022-05-03 08:10:16,532 INFO  {
    "self": "https://t493319102.eu-latest.cumulocity.com/measurement/measurements/18260269",
    "time": "2022-05-03T08:10:12.482Z",
    "id": "18260269",
    "source": {
        "self": "https://t493319102.eu-latest.cumulocity.com/inventory/managedObjects/18260267",
        "id": "18260267"
    },
    "type": "ThinEdgeMeasurement",
    "temperature": {
        "temperature": {
            "value": 11.0
        }
    }
}
2022-05-03 08:10:16,534 INFO  Assert that (actual == expected) with actual="ThinEdgeMeasurement", expected="ThinEdgeMeasurement" ... passed
2022-05-03 08:10:16,535 INFO  Assert that (actual == expected) with actual=11.0, expected=11 ... passed
2022-05-03 08:10:16,537 INFO  {
    "self": "https://t493319102.eu-latest.cumulocity.com/measurement/measurements/18260268",
    "time": "2021-01-01T10:10:10.100+02:00",
    "id": "18260268",
    "source": {
        "self": "https://t493319102.eu-latest.cumulocity.com/inventory/managedObjects/18260267",
        "id": "18260267"
    },
    "type": "ThinEdgeMeasurement",
    "temperature": {
        "temperature": {
            "value": 12.0
        }
    }
}
2022-05-03 08:10:16,538 INFO  Assert that (actual == expected) with actual="ThinEdgeMeasurement", expected="ThinEdgeMeasurement" ... passed
2022-05-03 08:10:16,539 INFO  Assert that (actual == expected) with actual=12.0, expected=12 ... passed
2022-05-03 08:10:16,541 INFO  Assert that (actual == expected) with actual="2021-01-01T10:10:10.100+02:00", expected="2021-01-01T10:10:10.100+02:00" ... passed
2022-05-03 08:10:16,747 INFO  {
    "self": "https://t493319102.eu-latest.cumulocity.com/measurement/measurements/18260272",
    "time": "2022-05-03T08:10:13.304Z",
    "id": "18260272",
    "source": {
        "self": "https://t493319102.eu-latest.cumulocity.com/inventory/managedObjects/18260271",
        "id": "18260271"
    },
    "type": "ThinEdgeMeasurement",
    "temperature": {
        "temperature": {
            "value": 6.0
        }
    }
}
2022-05-03 08:10:16,748 INFO  Assert that (actual == expected) with actual="ThinEdgeMeasurement", expected="ThinEdgeMeasurement" ... passed
2022-05-03 08:10:16,750 INFO  Assert that (actual == expected) with actual=6.0, expected=6 ... passed
2022-05-03 08:10:16,960 INFO  {
    "self": "https://t493319102.eu-latest.cumulocity.com/measurement/measurements/18260270",
    "time": "2022-05-03T08:10:12.893Z",
    "id": "18260270",
    "source": {
        "self": "https://t493319102.eu-latest.cumulocity.com/inventory/managedObjects/18247100",
        "id": "18247100"
    },
    "type": "ThinEdgeMeasurement",
    "temperature": {
        "temperature": {
            "value": 5.0
        }
    }
}
2022-05-03 08:10:16,962 INFO  Assert that (actual == expected) with actual="ThinEdgeMeasurement", expected="ThinEdgeMeasurement" ... passed
2022-05-03 08:10:16,964 INFO  Assert that (actual == expected) with actual=5.0, expected=5 ... passed
2022-05-03 08:10:16,971 INFO  
2022-05-03 08:10:16,972 INFO  cleanup:
2022-05-03 08:10:22,582 INFO  Executed sudo<tedge_disconnect_c8y>, exit status 0
2022-05-03 08:10:23,144 INFO  Executed systemctl<serv_mapper5>, exit status 3
2022-05-03 08:10:23,148 INFO  
2022-05-03 08:10:23,149 INFO  Test duration: 36.67 secs
2022-05-03 08:10:23,150 INFO  Test final outcome:  PASSED
2022-05-03 08:10:23,151 INFO  
