2022-05-10 13:11:25,589 INFO  ==============================================================
2022-05-10 13:11:25,589 INFO  Id:    sm_tedge_mapper_init_session
2022-05-10 13:11:25,589 INFO  Dir:   tedge_mapper_c8y/
2022-05-10 13:11:25,589 INFO  Title: Validate tedge_mapper_sm_c8y init session feature
2022-05-10 13:11:25,589 INFO  ==============================================================
2022-05-10 13:11:25,590 INFO  EnvironmentC8y Setup
2022-05-10 13:11:25,692 INFO  Executed systemctl<serv_mapper1>, exit status 3
2022-05-10 13:11:25,711 INFO  Restarting mosquitto too frequently in the last 10 seconds. It was only up for 2 seconds
2022-05-10 13:11:25,711 INFO  Delaying execution by 9 seconds
2022-05-10 13:11:52,894 INFO  Executed sudo<tedge_connect_c8y>, exit status 0, duration 18 secs
2022-05-10 13:11:53,048 INFO  Executed sudo<tedge_connect_c8y_test>, exit status 0
2022-05-10 13:11:53,151 INFO  Executed systemctl<serv_mosq2>, exit status 0
2022-05-10 13:11:53,254 INFO  Executed systemctl<serv_mapper3>, exit status 0
2022-05-10 13:11:53,357 INFO  Executed sudo<stop_tedge_mapper>, exit status 0
2022-05-10 13:11:53,460 INFO  Executed sudo<remove_lock>, exit status 0
2022-05-10 13:11:53,563 INFO  Executed sudo<mapper_drop>, exit status 0
2022-05-10 13:11:53,666 INFO  Executed sudo<mapper_init>, exit status 0
2022-05-10 13:11:53,769 INFO  Executed sudo<pub_req>, exit status 0
2022-05-10 13:11:53,772 INFO  Started sudo<sub_resp> with process id 640851
2022-05-10 13:11:53,874 INFO  Executed sudo<start_mapper>, exit status 0
2022-05-10 13:11:53,875 INFO  Waiting for 2.0 seconds
2022-05-10 13:11:55,980 INFO  Executed sudo<sub_stop>, exit status 0
2022-05-10 13:11:55,981 INFO  Grep on file sub_resp.out ... passed
2022-05-10 13:11:55,982 INFO  
2022-05-10 13:11:55,982 INFO  cleanup:
2022-05-10 13:12:07,249 INFO  Executed sudo<tedge_disconnect_c8y>, exit status 0, duration 11 secs
2022-05-10 13:12:07,353 INFO  Executed systemctl<serv_mapper5>, exit status 3
2022-05-10 13:12:07,371 INFO  Restarting mosquitto too frequently in the last 10 seconds. It was only up for 1 seconds
2022-05-10 13:12:07,371 INFO  Delaying execution by 10 seconds
2022-05-10 13:12:17,485 INFO  Executed sudo<tedge_disconnect_c8y>, exit status 0
2022-05-10 13:12:17,588 INFO  Executed systemctl<serv_mapper5>, exit status 3
2022-05-10 13:12:17,589 INFO  
2022-05-10 13:12:17,589 INFO  Test duration: 52.00 secs
2022-05-10 13:12:17,589 INFO  Test final outcome:  PASSED
2022-05-10 13:12:17,590 INFO  
