2022-04-28 15:26:46,067 INFO  ==============================================================
2022-04-28 15:26:46,068 INFO  Id:    custom_init_system
2022-04-28 15:26:46,069 INFO  Dir:   misc_features/
2022-04-28 15:26:46,070 INFO  Title: Custom init system test
2022-04-28 15:26:46,070 INFO  ==============================================================
2022-04-28 15:26:46,589 INFO  Executed sudo<copy_system_config>, exit status 0
2022-04-28 15:26:47,103 INFO  Executed sudo<copy_dummy_init>, exit status 0
2022-04-28 15:27:13,283 INFO  Executed sudo<tedge_connect>, exit status 0, duration 26 secs
2022-04-28 15:27:13,899 INFO  Executed sudo<tedge_disconnect>, exit status 0
2022-04-28 15:27:13,906 INFO  Grep on file tedge_connect.out ... passed
2022-04-28 15:27:13,910 INFO  Grep on file tedge_disconnect.out ... passed
2022-04-28 15:27:13,915 INFO  Grep on file /tmp/dummy_init/dummy_init.out ... passed
2022-04-28 15:27:13,921 INFO  Grep on file /tmp/dummy_init/dummy_init.out ... passed
2022-04-28 15:27:13,925 INFO  Grep on file /tmp/dummy_init/dummy_init.out ... passed
2022-04-28 15:27:13,929 INFO  Grep on file /tmp/dummy_init/dummy_init.out ... passed
2022-04-28 15:27:13,934 INFO  Grep on file /tmp/dummy_init/dummy_init.out ... passed
2022-04-28 15:27:13,938 INFO  Grep on file /tmp/dummy_init/dummy_init.out ... passed
2022-04-28 15:27:13,943 INFO  Grep on file /tmp/dummy_init/dummy_init.out ... passed
2022-04-28 15:27:13,948 INFO  Grep on file /tmp/dummy_init/dummy_init.out ... passed
2022-04-28 15:27:13,953 INFO  Grep on file /tmp/dummy_init/dummy_init.out ... passed
2022-04-28 15:27:13,957 INFO  Grep on file /tmp/dummy_init/dummy_init.out ... passed
2022-04-28 15:27:13,962 INFO  Grep on file /tmp/dummy_init/dummy_init.out ... passed
2022-04-28 15:27:13,967 INFO  Grep on file /tmp/dummy_init/dummy_init.out ... passed
2022-04-28 15:27:13,971 INFO  Grep on file /tmp/dummy_init/dummy_init.out ... passed
2022-04-28 15:27:13,976 INFO  Grep on file /tmp/dummy_init/dummy_init.out ... passed
2022-04-28 15:27:13,982 INFO  
2022-04-28 15:27:13,983 INFO  cleanup:
2022-04-28 15:27:14,494 INFO  Executed sudo<remove_system_config>, exit status 0
2022-04-28 15:27:15,058 INFO  Executed sudo<remove_dummy_init>, exit status 0
2022-04-28 15:27:15,063 INFO  
2022-04-28 15:27:15,064 INFO  Test duration: 29.00 secs
2022-04-28 15:27:15,065 INFO  Test final outcome:  PASSED
2022-04-28 15:27:15,067 INFO  
