2022-04-08 09:40:51,724 INFO  ==============================================================
2022-04-08 09:40:51,725 INFO  Id:    local_mqtt_sub_fail
2022-04-08 09:40:51,726 INFO  Dir:   local_mqtt/
2022-04-08 09:40:51,727 INFO  Title: Validate local publishing when mosquitto is stopped
2022-04-08 09:40:51,728 DEBUG Execution order hint: 0.0
2022-04-08 09:40:51,729 INFO  ==============================================================
2022-04-08 09:40:51,736 DEBUG Process parameters for sudo<stop>
  command line : /usr/bin/sudo /usr/bin/systemctl stop mosquitto
    arg #1     : /usr/bin/systemctl
    arg #2     : stop
    arg #3     : mosquitto
  working dir  : /home/pi/actions-runner/_work/thin-edge.io/thin-edge.io/tests/PySys/local_mqtt/local_mqtt_sub_fail/Output/linux
  stdout       : /home/pi/actions-runner/_work/thin-edge.io/thin-edge.io/tests/PySys/local_mqtt/local_mqtt_sub_fail/Output/linux/stop.out
  stderr       : /home/pi/actions-runner/_work/thin-edge.io/thin-edge.io/tests/PySys/local_mqtt/local_mqtt_sub_fail/Output/linux/stop.err
  environment  : LD_LIBRARY_PATH=/usr/lib
  environment  : PATH=/bin:/usr/bin:/usr/sbin:/usr/local/bin
                   #1  /bin
                   #2  /usr/bin
                   #3  /usr/sbin
                   #4  /usr/local/bin
2022-04-08 09:40:51,742 DEBUG Waiting up to 600 secs for process sudo<stop> (pid 5463)
2022-04-08 09:40:52,300 INFO  Executed sudo<stop>, exit status 0
2022-04-08 09:40:52,301 DEBUG --- test execute
2022-04-08 09:40:52,302 DEBUG Process parameters for tedge_sub_fail
  command line : /usr/bin/tedge mqtt sub atopic
    arg #1     : mqtt
    arg #2     : sub
    arg #3     : atopic
  working dir  : /home/pi/actions-runner/_work/thin-edge.io/thin-edge.io/tests/PySys/local_mqtt/local_mqtt_sub_fail/Output/linux
  stdout       : /home/pi/actions-runner/_work/thin-edge.io/thin-edge.io/tests/PySys/local_mqtt/local_mqtt_sub_fail/Output/linux/tedge_sub_fail.out
  stderr       : /home/pi/actions-runner/_work/thin-edge.io/thin-edge.io/tests/PySys/local_mqtt/local_mqtt_sub_fail/Output/linux/tedge_sub_fail.err
  environment  : HOME=/home/pi
2022-04-08 09:40:52,309 DEBUG Waiting up to 600 secs for process tedge_sub_fail (pid 5465)
2022-04-08 09:40:52,715 INFO  Executed tedge_sub_fail, exit status 1
2022-04-08 09:40:52,716 INFO  Assert that (value==1) with value=1 ... passed
2022-04-08 09:40:52,717 DEBUG --- test validate
2022-04-08 09:40:52,722 DEBUG --- test cleanup
2022-04-08 09:40:52,723 INFO  
2022-04-08 09:40:52,724 INFO  cleanup:
2022-04-08 09:40:52,725 DEBUG Running registered cleanup function: <bound method PySysTest.mycleanup of <PySysTest object at 0x760e4230>>
2022-04-08 09:40:52,726 DEBUG Process parameters for sudo<start>
  command line : /usr/bin/sudo /usr/bin/systemctl start mosquitto
    arg #1     : /usr/bin/systemctl
    arg #2     : start
    arg #3     : mosquitto
  working dir  : /home/pi/actions-runner/_work/thin-edge.io/thin-edge.io/tests/PySys/local_mqtt/local_mqtt_sub_fail/Output/linux
  stdout       : /home/pi/actions-runner/_work/thin-edge.io/thin-edge.io/tests/PySys/local_mqtt/local_mqtt_sub_fail/Output/linux/start.out
  stderr       : /home/pi/actions-runner/_work/thin-edge.io/thin-edge.io/tests/PySys/local_mqtt/local_mqtt_sub_fail/Output/linux/start.err
  environment  : LD_LIBRARY_PATH=/usr/lib
  environment  : PATH=/bin:/usr/bin:/usr/sbin:/usr/local/bin
                   #1  /bin
                   #2  /usr/bin
                   #3  /usr/sbin
                   #4  /usr/local/bin
2022-04-08 09:40:52,733 DEBUG Waiting up to 600 secs for process sudo<start> (pid 5466)
2022-04-08 09:40:53,340 INFO  Executed sudo<start>, exit status 0
2022-04-08 09:40:53,341 DEBUG ProcessUser cleanup function done.
2022-04-08 09:40:53,344 INFO  
2022-04-08 09:40:53,345 INFO  Test duration: 1.62 secs
2022-04-08 09:40:53,346 INFO  Test final outcome:  PASSED
2022-04-08 09:40:53,346 INFO  
