2022-04-12 08:57:26,271 INFO  ==============================================================
2022-04-12 08:57:26,272 INFO  Id:    apt_install
2022-04-12 08:57:26,273 INFO  Dir:   plugin_apt/
2022-04-12 08:57:26,274 INFO  Title: Validate apt plugin prepare - dense version
2022-04-12 08:57:26,275 INFO  ==============================================================
2022-04-12 08:57:30,913 INFO  Executed sudo, exit status 0
2022-04-12 08:57:33,487 INFO  Executed sudo<outp_check_0>, exit status 0
2022-04-12 08:57:33,489 INFO  Assert that (value==0) with value=0 ... passed
2022-04-12 08:57:33,496 INFO  Grep on file outp_check_0.out ... passed
2022-04-12 08:58:11,828 INFO  Executed sudo<outp_install>, exit status 0, duration 38 secs
2022-04-12 08:58:11,831 INFO  Assert that (value==0) with value=0 ... passed
2022-04-12 08:58:17,177 INFO  Executed sudo<outp_check_1>, exit status 0
2022-04-12 08:58:17,179 INFO  Assert that (value==0) with value=0 ... passed
2022-04-12 08:58:17,184 INFO  Grep on file outp_check_1.out ... passed
2022-04-12 08:58:17,189 INFO  
2022-04-12 08:58:17,190 INFO  cleanup:
2022-04-12 08:58:30,751 INFO  Executed sudo, exit status 0, duration 13 secs
2022-04-12 08:58:30,757 INFO  
2022-04-12 08:58:30,757 INFO  Test duration: 64.49 secs
2022-04-12 08:58:30,759 INFO  Test final outcome:  PASSED
2022-04-12 08:58:30,759 INFO  
