2022-05-02 15:25:23,472 INFO  ==============================================================
2022-05-02 15:25:23,472 INFO  Id:    SoftwareManagement.sm_apt_install_fail
2022-05-02 15:25:23,472 INFO  Dir:   software_management_end_to_end/
2022-05-02 15:25:23,472 INFO  Title: Validate end to end behaviour for a failing installation
2022-05-02 15:25:23,472 INFO  ==============================================================
2022-05-02 15:25:23,473 INFO  Using sw id database: {'asciijump': '5475369', 'robotfindskitten': '5474869', 'squirrel3': '5475279', 'rolldice': '5152439', 'moon-buggy': '5439204', 'apple': '5495053', 'banana': '5494888', 'cherry': '5495382', 'watermelon': '5494510', 'registry': '8018911', 'hello-world': '8021526', 'docker/getting-started': '8021973', 'alpine': '7991792'}
2022-05-02 15:25:23,473 INFO  EnvironmentC8y Setup
2022-05-02 15:25:23,524 INFO  Executed systemctl<serv_mapper1>, exit status 3
2022-05-02 15:25:23,538 INFO  Restarting mosquitto too frequently in the last 10 seconds. It was only up for 0 seconds
2022-05-02 15:25:23,538 INFO  Delaying execution by 11 seconds
2022-05-02 15:25:51,962 INFO  Executed sudo<tedge_connect_c8y>, exit status 0, duration 17 secs
2022-05-02 15:25:52,114 INFO  Executed sudo<tedge_connect_c8y_test>, exit status 0
2022-05-02 15:25:52,166 INFO  Executed systemctl<serv_mosq2>, exit status 0
2022-05-02 15:25:52,218 INFO  Executed systemctl<serv_mapper3>, exit status 0
2022-05-02 15:25:54,356 INFO  State of current operation: SUCCESSFUL
2022-05-02 15:25:54,530 INFO  Response status: 201
2022-05-02 15:25:54,531 INFO  Response to action: {
    "creationTime": "2022-05-02T15:25:54.444Z",
    "deviceName": "ubuntu-2gb-hel1-2-thin-edge-b",
    "deviceId": "18168279",
    "self": "https://t493319102.eu-latest.cumulocity.com/devicecontrol/operations/18197101",
    "id": "18197101",
    "status": "PENDING",
    "description": "Apply software changes, triggered from PySys: [{'name': 'does_not_exist', 'id': '5446165', 'version': '::apt', 'url': '', 'action': 'install'}]",
    "c8y_SoftwareUpdate": [
        {
            "name": "does_not_exist",
            "action": "install",
            "id": "5446165",
            "version": "::apt",
            "url": ""
        }
    ]
}
2022-05-02 15:25:54,531 INFO  Started operation: {'creationTime': '2022-05-02T15:25:54.444Z', 'deviceName': 'ubuntu-2gb-hel1-2-thin-edge-b', 'deviceId': '18168279', 'self': 'https://t493319102.eu-latest.cumulocity.com/devicecontrol/operations/18197101', 'id': '18197101', 'status': 'PENDING', 'description': "Apply software changes, triggered from PySys: [{'name': 'does_not_exist', 'id': '5446165', 'version': '::apt', 'url': '', 'action': 'install'}]", 'c8y_SoftwareUpdate': [{'name': 'does_not_exist', 'action': 'install', 'id': '5446165', 'version': '::apt', 'url': ''}]}
2022-05-02 15:25:56,648 INFO  State of operation 18197101 : EXECUTING
2022-05-02 15:25:58,772 INFO  State of operation 18197101 : FAILED
2022-05-02 15:25:58,910 INFO  Assert that (False == value) with value=False ... passed
2022-05-02 15:25:58,910 INFO  
2022-05-02 15:25:58,911 INFO  cleanup:
2022-05-02 15:26:09,821 INFO  Executed sudo<tedge_disconnect_c8y>, exit status 0
2022-05-02 15:26:09,872 INFO  Executed systemctl<serv_mapper5>, exit status 3
2022-05-02 15:26:09,873 INFO  
2022-05-02 15:26:09,873 INFO  Test duration: 46.40 secs
2022-05-02 15:26:09,873 INFO  Test final outcome:  PASSED
2022-05-02 15:26:09,873 INFO  
