2022-05-02 15:27:58,611 INFO  ==============================================================
2022-05-02 15:27:58,611 INFO  Id:    SoftwareManagement.sm_apt_install_remove_multiple
2022-05-02 15:27:58,611 INFO  Dir:   software_management_end_to_end/
2022-05-02 15:27:58,611 INFO  Title: Validate end to end behaviour for the apt plugin for multiple packages
2022-05-02 15:27:58,611 INFO  ==============================================================
2022-05-02 15:27:58,612 INFO  Using sw id database: {'asciijump': '5475369', 'robotfindskitten': '5474869', 'squirrel3': '5475279', 'rolldice': '5152439', 'moon-buggy': '5439204', 'apple': '5495053', 'banana': '5494888', 'cherry': '5495382', 'watermelon': '5494510', 'registry': '8018911', 'hello-world': '8021526', 'docker/getting-started': '8021973', 'alpine': '7991792'}
2022-05-02 15:27:58,612 INFO  EnvironmentC8y Setup
2022-05-02 15:27:58,664 INFO  Executed systemctl<serv_mapper1>, exit status 3
2022-05-02 15:27:58,678 INFO  Restarting mosquitto too frequently in the last 10 seconds. It was only up for 1 seconds
2022-05-02 15:27:58,678 INFO  Delaying execution by 10 seconds
2022-05-02 15:28:26,111 INFO  Executed sudo<tedge_connect_c8y>, exit status 0, duration 17 secs
2022-05-02 15:28:26,263 INFO  Executed sudo<tedge_connect_c8y_test>, exit status 0
2022-05-02 15:28:26,315 INFO  Executed systemctl<serv_mosq2>, exit status 0
2022-05-02 15:28:26,367 INFO  Executed systemctl<serv_mapper3>, exit status 0
2022-05-02 15:28:28,504 INFO  State of current operation: SUCCESSFUL
2022-05-02 15:28:28,640 INFO  Assert that (False == value) with value=False ... passed
2022-05-02 15:28:28,780 INFO  Assert that (False == value) with value=False ... passed
2022-05-02 15:28:28,918 INFO  Assert that (False == value) with value=False ... passed
2022-05-02 15:28:29,059 INFO  Assert that (False == value) with value=False ... passed
2022-05-02 15:28:29,186 INFO  Response status: 201
2022-05-02 15:28:29,186 INFO  Response to action: {
    "creationTime": "2022-05-02T15:28:29.148Z",
    "deviceName": "ubuntu-2gb-hel1-2-thin-edge-b",
    "deviceId": "18168279",
    "self": "https://t493319102.eu-latest.cumulocity.com/devicecontrol/operations/18197129",
    "id": "18197129",
    "status": "PENDING",
    "description": "Apply software changes, triggered from PySys: [{'action': 'install', 'id': '5475369', 'name': 'asciijump', 'url': ' ', 'version': '::apt'}, {'action': 'install', 'id': '5474869', 'name': 'robotfindskitten', 'url': ' ', 'version': '::apt'}, {'action': 'install', 'id': '5475279', 'name': 'squirrel3', 'url': ' ', 'version': '::apt'}]",
    "c8y_SoftwareUpdate": [
        {
            "name": "asciijump",
            "action": "install",
            "id": "5475369",
            "version": "::apt",
            "url": " "
        },
        {
            "name": "robotfindskitten",
            "action": "install",
            "id": "5474869",
            "version": "::apt",
            "url": " "
        },
        {
            "name": "squirrel3",
            "action": "install",
            "id": "5475279",
            "version": "::apt",
            "url": " "
        }
    ]
}
2022-05-02 15:28:29,186 INFO  Started operation: {'creationTime': '2022-05-02T15:28:29.148Z', 'deviceName': 'ubuntu-2gb-hel1-2-thin-edge-b', 'deviceId': '18168279', 'self': 'https://t493319102.eu-latest.cumulocity.com/devicecontrol/operations/18197129', 'id': '18197129', 'status': 'PENDING', 'description': "Apply software changes, triggered from PySys: [{'action': 'install', 'id': '5475369', 'name': 'asciijump', 'url': ' ', 'version': '::apt'}, {'action': 'install', 'id': '5474869', 'name': 'robotfindskitten', 'url': ' ', 'version': '::apt'}, {'action': 'install', 'id': '5475279', 'name': 'squirrel3', 'url': ' ', 'version': '::apt'}]", 'c8y_SoftwareUpdate': [{'name': 'asciijump', 'action': 'install', 'id': '5475369', 'version': '::apt', 'url': ' '}, {'name': 'robotfindskitten', 'action': 'install', 'id': '5474869', 'version': '::apt', 'url': ' '}, {'name': 'squirrel3', 'action': 'install', 'id': '5475279', 'version': '::apt', 'url': ' '}]}
2022-05-02 15:28:31,304 INFO  State of operation 18197129 : EXECUTING
2022-05-02 15:28:33,422 INFO  State of operation 18197129 : EXECUTING
2022-05-02 15:28:35,537 INFO  State of operation 18197129 : EXECUTING
2022-05-02 15:28:37,684 INFO  State of operation 18197129 : SUCCESSFUL
2022-05-02 15:28:37,821 INFO  Assert that (False == value) with value=False ... passed
2022-05-02 15:28:37,959 INFO  Package asciijump is installed
2022-05-02 15:28:37,959 INFO  Assert that (True == value) with value=True ... passed
2022-05-02 15:28:38,095 INFO  Package squirrel3 is installed
2022-05-02 15:28:38,095 INFO  Assert that (True == value) with value=True ... passed
2022-05-02 15:28:38,232 INFO  Package robotfindskitten is installed
2022-05-02 15:28:38,232 INFO  Assert that (True == value) with value=True ... passed
2022-05-02 15:28:38,366 INFO  Response status: 201
2022-05-02 15:28:38,366 INFO  Response to action: {
    "creationTime": "2022-05-02T15:28:38.322Z",
    "deviceName": "ubuntu-2gb-hel1-2-thin-edge-b",
    "deviceId": "18168279",
    "self": "https://t493319102.eu-latest.cumulocity.com/devicecontrol/operations/18197135",
    "id": "18197135",
    "status": "PENDING",
    "description": "Apply software changes, triggered from PySys: [{'action': 'delete', 'id': '5475369', 'name': 'asciijump', 'url': ' ', 'version': '::apt'}, {'action': 'delete', 'id': '5474869', 'name': 'robotfindskitten', 'url': ' ', 'version': '::apt'}, {'action': 'delete', 'id': '5475279', 'name': 'squirrel3', 'url': ' ', 'version': '::apt'}]",
    "c8y_SoftwareUpdate": [
        {
            "name": "asciijump",
            "action": "delete",
            "id": "5475369",
            "version": "::apt",
            "url": " "
        },
        {
            "name": "robotfindskitten",
            "action": "delete",
            "id": "5474869",
            "version": "::apt",
            "url": " "
        },
        {
            "name": "squirrel3",
            "action": "delete",
            "id": "5475279",
            "version": "::apt",
            "url": " "
        }
    ]
}
2022-05-02 15:28:38,366 INFO  Started operation: {'creationTime': '2022-05-02T15:28:38.322Z', 'deviceName': 'ubuntu-2gb-hel1-2-thin-edge-b', 'deviceId': '18168279', 'self': 'https://t493319102.eu-latest.cumulocity.com/devicecontrol/operations/18197135', 'id': '18197135', 'status': 'PENDING', 'description': "Apply software changes, triggered from PySys: [{'action': 'delete', 'id': '5475369', 'name': 'asciijump', 'url': ' ', 'version': '::apt'}, {'action': 'delete', 'id': '5474869', 'name': 'robotfindskitten', 'url': ' ', 'version': '::apt'}, {'action': 'delete', 'id': '5475279', 'name': 'squirrel3', 'url': ' ', 'version': '::apt'}]", 'c8y_SoftwareUpdate': [{'name': 'asciijump', 'action': 'delete', 'id': '5475369', 'version': '::apt', 'url': ' '}, {'name': 'robotfindskitten', 'action': 'delete', 'id': '5474869', 'version': '::apt', 'url': ' '}, {'name': 'squirrel3', 'action': 'delete', 'id': '5475279', 'version': '::apt', 'url': ' '}]}
2022-05-02 15:28:40,569 INFO  State of operation 18197135 : EXECUTING
2022-05-02 15:28:42,684 INFO  State of operation 18197135 : EXECUTING
2022-05-02 15:28:44,830 INFO  State of operation 18197135 : EXECUTING
2022-05-02 15:28:46,943 INFO  State of operation 18197135 : EXECUTING
2022-05-02 15:28:49,060 INFO  State of operation 18197135 : SUCCESSFUL
2022-05-02 15:28:49,197 INFO  Assert that (False == value) with value=False ... passed
2022-05-02 15:28:49,338 INFO  Assert that (False == value) with value=False ... passed
2022-05-02 15:28:49,473 INFO  Assert that (False == value) with value=False ... passed
2022-05-02 15:28:49,606 INFO  Assert that (False == value) with value=False ... passed
2022-05-02 15:28:49,606 INFO  
2022-05-02 15:28:49,606 INFO  cleanup:
2022-05-02 15:29:00,405 INFO  Executed sudo<tedge_disconnect_c8y>, exit status 0
2022-05-02 15:29:00,457 INFO  Executed systemctl<serv_mapper5>, exit status 3
2022-05-02 15:29:00,457 INFO  
2022-05-02 15:29:00,458 INFO  Test duration: 61.84 secs
2022-05-02 15:29:00,458 INFO  Test final outcome:  PASSED
2022-05-02 15:29:00,458 INFO  
