2022-05-04 08:25:14,476 INFO  ==============================================================
2022-05-04 08:25:14,477 INFO  Id:    apt_sequence_install_with_version
2022-05-04 08:25:14,478 INFO  Dir:   plugin_apt/
2022-05-04 08:25:14,479 INFO  Title: Validate apt plugin install with version use case
2022-05-04 08:25:14,480 INFO  ==============================================================
2022-05-04 08:25:19,516 INFO  Executed sudo, exit status 0
2022-05-04 08:25:22,089 INFO  Executed sudo<outp_check_0>, exit status 0
2022-05-04 08:25:22,092 INFO  Assert that (value==0) with value=0 ... passed
2022-05-04 08:25:22,097 INFO  Grep on file outp_check_0.out ... passed
2022-05-04 08:25:40,928 INFO  Executed sudo<outp_prepare>, exit status 0, duration 18 secs
2022-05-04 08:25:40,932 INFO  Assert that (value==0) with value=0 ... passed
2022-05-04 08:26:25,962 INFO  Executed sudo<outp_install>, exit status 0, duration 45 secs
2022-05-04 08:26:25,965 INFO  Assert that (value==0) with value=0 ... passed
2022-05-04 08:26:33,531 INFO  Executed sudo<outp_finalize>, exit status 0
2022-05-04 08:26:33,533 INFO  Assert that (value==0) with value=0 ... passed
2022-05-04 08:26:36,110 INFO  Executed sudo<outp_check_1>, exit status 0
2022-05-04 08:26:36,112 INFO  Assert that (value==0) with value=0 ... passed
2022-05-04 08:26:36,118 INFO  Grep on file outp_check_1.out ... passed
2022-05-04 08:26:36,125 INFO  Grep on file outp_check_1.out ... passed
2022-05-04 08:26:36,131 INFO  
2022-05-04 08:26:36,132 INFO  cleanup:
2022-05-04 08:26:49,928 INFO  Executed sudo, exit status 0, duration 13 secs
2022-05-04 08:26:49,934 INFO  
2022-05-04 08:26:49,935 INFO  Test duration: 95.46 secs
2022-05-04 08:26:49,937 INFO  Test final outcome:  PASSED
2022-05-04 08:26:49,939 INFO  
