2022-05-03 08:28:10,255 INFO  ==============================================================
2022-05-03 08:28:10,256 INFO  Id:    apt_sequence_remove_with_version_fail
2022-05-03 08:28:10,257 INFO  Dir:   plugin_apt/
2022-05-03 08:28:10,258 INFO  Title: Validate apt plugin remove with version fails when the version not found
2022-05-03 08:28:10,259 INFO  ==============================================================
2022-05-03 08:28:53,744 INFO  Executed sudo<outp_install>, exit status 0, duration 43 secs
2022-05-03 08:28:53,747 INFO  Assert that (value==0) with value=0 ... passed
2022-05-03 08:29:00,303 INFO  Executed sudo<outp_remove>, exit status 2
2022-05-03 08:29:00,307 INFO  Assert that (value==2) with value=2 ... passed
2022-05-03 08:29:00,316 INFO  Grep on file outp_remove.err ... passed
2022-05-03 08:29:03,139 INFO  Executed sudo<outp_check_0>, exit status 0
2022-05-03 08:29:03,142 INFO  Assert that (value==0) with value=0 ... passed
2022-05-03 08:29:03,147 INFO  Grep on file outp_check_0.out ... passed
2022-05-03 08:29:03,153 INFO  
2022-05-03 08:29:03,154 INFO  cleanup:
2022-05-03 08:29:19,281 INFO  Executed sudo, exit status 0, duration 16 secs
2022-05-03 08:29:19,286 INFO  
2022-05-03 08:29:19,287 INFO  Test duration: 69.04 secs
2022-05-03 08:29:19,288 INFO  Test final outcome:  PASSED
2022-05-03 08:29:19,289 INFO  
