2022-05-02 15:05:01,948 INFO  ==============================================================
2022-05-02 15:05:01,949 INFO  Id:    custom_init_system
2022-05-02 15:05:01,950 INFO  Dir:   misc_features/
2022-05-02 15:05:01,950 INFO  Title: Custom init system test
2022-05-02 15:05:01,951 INFO  ==============================================================
2022-05-02 15:05:03,122 INFO  Executed sudo<copy_system_config>, exit status 0
2022-05-02 15:05:03,634 INFO  Executed sudo<copy_dummy_init>, exit status 0
2022-05-02 15:05:29,828 INFO  Executed sudo<tedge_connect>, exit status 0, duration 26 secs
2022-05-02 15:05:30,446 INFO  Executed sudo<tedge_disconnect>, exit status 0
2022-05-02 15:05:30,453 INFO  Grep on file tedge_connect.out ... passed
2022-05-02 15:05:30,457 INFO  Grep on file tedge_disconnect.out ... passed
2022-05-02 15:05:30,472 INFO  Grep on file /tmp/dummy_init/dummy_init.out ... passed
2022-05-02 15:05:30,478 INFO  Grep on file /tmp/dummy_init/dummy_init.out ... passed
2022-05-02 15:05:30,493 INFO  Grep on file /tmp/dummy_init/dummy_init.out ... passed
2022-05-02 15:05:30,497 INFO  Grep on file /tmp/dummy_init/dummy_init.out ... passed
2022-05-02 15:05:30,502 INFO  Grep on file /tmp/dummy_init/dummy_init.out ... passed
2022-05-02 15:05:30,507 INFO  Grep on file /tmp/dummy_init/dummy_init.out ... passed
2022-05-02 15:05:30,513 INFO  Grep on file /tmp/dummy_init/dummy_init.out ... passed
2022-05-02 15:05:30,518 INFO  Grep on file /tmp/dummy_init/dummy_init.out ... passed
2022-05-02 15:05:30,523 INFO  Grep on file /tmp/dummy_init/dummy_init.out ... passed
2022-05-02 15:05:30,528 INFO  Grep on file /tmp/dummy_init/dummy_init.out ... passed
2022-05-02 15:05:30,533 INFO  Grep on file /tmp/dummy_init/dummy_init.out ... passed
2022-05-02 15:05:30,537 INFO  Grep on file /tmp/dummy_init/dummy_init.out ... passed
2022-05-02 15:05:30,542 INFO  Grep on file /tmp/dummy_init/dummy_init.out ... passed
2022-05-02 15:05:30,546 INFO  Grep on file /tmp/dummy_init/dummy_init.out ... passed
2022-05-02 15:05:30,552 INFO  
2022-05-02 15:05:30,553 INFO  cleanup:
2022-05-02 15:05:31,082 INFO  Executed sudo<remove_system_config>, exit status 0
2022-05-02 15:05:31,593 INFO  Executed sudo<remove_dummy_init>, exit status 0
2022-05-02 15:05:31,597 INFO  
2022-05-02 15:05:31,597 INFO  Test duration: 29.65 secs
2022-05-02 15:05:31,598 INFO  Test final outcome:  PASSED
2022-05-02 15:05:31,599 INFO  
