2022-05-02 15:03:45,782 INFO  ==============================================================
2022-05-02 15:03:45,783 INFO  Id:    local_mqtt_pub_sub_retain
2022-05-02 15:03:45,784 INFO  Dir:   local_mqtt/
2022-05-02 15:03:45,785 INFO  Title: Validate local publishing with retain flag
2022-05-02 15:03:45,785 INFO  ==============================================================
2022-05-02 15:03:46,207 INFO  Executed tedge<pub_to_set_alarm>, exit status 0
2022-05-02 15:03:46,616 INFO  Executed tedge<pub_to_set_alarm>, exit status 0
2022-05-02 15:03:47,623 INFO  Started tedge<temp_sensor_sub> with process id 29277
2022-05-02 15:03:48,035 INFO  Executed tedge<pub_to_clear_alarm>, exit status 0
2022-05-02 15:03:49,596 INFO  Executed sudo<kill_out>, exit status 0
2022-05-02 15:03:50,056 INFO  Executed tedge<pub_to_clear_alarm>, exit status 0
2022-05-02 15:03:50,062 INFO  Started tedge<temp_sensor_empty_message> with process id 29282
2022-05-02 15:03:51,575 INFO  Executed sudo<kill_out>, exit status 0
2022-05-02 15:03:51,582 INFO  Grep on file temp_sensor_sub.out ... passed
2022-05-02 15:03:51,586 INFO  Grep on file temp_sensor_sub.out ... passed
2022-05-02 15:03:51,590 INFO  Grep on file temp_sensor_empty_message.out ... passed
2022-05-02 15:03:51,599 INFO  
2022-05-02 15:03:51,601 INFO  Test duration: 5.82 secs
2022-05-02 15:03:51,602 INFO  Test final outcome:  PASSED
2022-05-02 15:03:51,602 INFO  
