2022-05-30 09:42:49,485 INFO  ==============================================================
2022-05-30 09:42:49,486 INFO  Id:    apt_sequence_remove_with_version_fail
2022-05-30 09:42:49,487 INFO  Dir:   plugin_apt/
2022-05-30 09:42:49,488 INFO  Title: Validate apt plugin remove with version fails when the version not found
2022-05-30 09:42:49,490 INFO  ==============================================================
2022-05-30 09:43:34,412 INFO  Executed sudo<outp_install>, exit status 0, duration 44 secs
2022-05-30 09:43:34,415 INFO  Assert that (value==0) with value=0 ... passed
2022-05-30 09:43:41,075 INFO  Executed sudo<outp_remove>, exit status 2
2022-05-30 09:43:41,078 INFO  Assert that (value==2) with value=2 ... passed
2022-05-30 09:43:41,084 INFO  Grep on file outp_remove.err ... passed
2022-05-30 09:43:43,857 INFO  Executed sudo<outp_check_0>, exit status 0
2022-05-30 09:43:43,859 INFO  Assert that (value==0) with value=0 ... passed
2022-05-30 09:43:43,865 INFO  Grep on file outp_check_0.out ... passed
2022-05-30 09:43:43,871 INFO  
2022-05-30 09:43:43,871 INFO  cleanup:
2022-05-30 09:44:00,133 INFO  Executed sudo, exit status 0, duration 16 secs
2022-05-30 09:44:00,140 INFO  
2022-05-30 09:44:00,141 INFO  Test duration: 70.66 secs
2022-05-30 09:44:00,143 INFO  Test final outcome:  PASSED
2022-05-30 09:44:00,144 INFO  
