2022-05-30 09:41:25,397 INFO  ==============================================================
2022-05-30 09:41:25,398 INFO  Id:    apt_sequence_remove_with_version
2022-05-30 09:41:25,399 INFO  Dir:   plugin_apt/
2022-05-30 09:41:25,400 INFO  Title: Validate apt plugin remove with version use case
2022-05-30 09:41:25,401 INFO  ==============================================================
2022-05-30 09:41:31,242 INFO  Executed sudo, exit status 0
2022-05-30 09:42:16,108 INFO  Executed sudo<outp_install>, exit status 0, duration 44 secs
2022-05-30 09:42:16,113 INFO  Assert that (value==0) with value=0 ... passed
2022-05-30 09:42:21,806 INFO  Executed sudo<outp_check_0>, exit status 0
2022-05-30 09:42:21,808 INFO  Assert that (value==0) with value=0 ... passed
2022-05-30 09:42:21,819 INFO  Grep on file outp_check_0.out ... passed
2022-05-30 09:42:38,344 INFO  Executed sudo<outp_install>, exit status 0, duration 16 secs
2022-05-30 09:42:38,347 INFO  Assert that (value==0) with value=0 ... passed
2022-05-30 09:42:44,240 INFO  Executed sudo<outp_check_1>, exit status 0
2022-05-30 09:42:44,242 INFO  Assert that (value==0) with value=0 ... passed
2022-05-30 09:42:44,248 INFO  Grep on file outp_check_1.out ... passed
2022-05-30 09:42:44,253 INFO  
2022-05-30 09:42:44,254 INFO  cleanup:
2022-05-30 09:42:49,438 INFO  Executed sudo, exit status 0
2022-05-30 09:42:49,442 INFO  
2022-05-30 09:42:49,443 INFO  Test duration: 84.05 secs
2022-05-30 09:42:49,445 INFO  Test final outcome:  PASSED
2022-05-30 09:42:49,446 INFO  
