2022-04-12 08:53:54,777 INFO  ==============================================================
2022-04-12 08:53:54,778 INFO  Id:    tedge_mapper_c8y_negative
2022-04-12 08:53:54,779 INFO  Dir:   tedge_mapper_c8y/
2022-04-12 08:53:54,780 INFO  Title: Validate the Cumulocity Mapper that publishes an error message on tedge/errors when it receives an invalid JSON message on tedge/measurements
2022-04-12 08:53:54,781 INFO  ==============================================================
2022-04-12 08:53:54,787 INFO  EnvironmentC8y Setup
2022-04-12 08:53:55,356 INFO  Executed systemctl<serv_mapper1>, exit status 3
2022-04-12 08:53:55,461 INFO  Restarting mosquitto too frequently in the last 10 seconds. It was only up for 4 seconds
2022-04-12 08:53:55,463 INFO  Delaying execution by 7 seconds
2022-04-12 08:54:16,505 INFO  Executed sudo<tedge_connect_c8y>, exit status 0, duration 14 secs
2022-04-12 08:54:17,092 INFO  Executed sudo<tedge_connect_c8y_test>, exit status 0
2022-04-12 08:54:17,556 INFO  Executed systemctl<serv_mosq2>, exit status 0
2022-04-12 08:54:18,020 INFO  Executed systemctl<serv_mapper3>, exit status 0
2022-04-12 08:54:18,585 INFO  Executed sudo<tedge_mapper_c8y>, exit status 0
2022-04-12 08:54:18,596 INFO  Started sudo<tedge_sub> with process id 22935
2022-04-12 08:54:19,213 INFO  Executed sudo<tedge_temp>, exit status 0
2022-04-12 08:54:19,780 INFO  Executed sudo<kill_out>, exit status 0
2022-04-12 08:54:19,785 INFO  Grep on file tedge_sub.out ... passed
2022-04-12 08:54:19,793 INFO  
2022-04-12 08:54:19,794 INFO  cleanup:
2022-04-12 08:54:19,794 INFO  mapper_cleanup
2022-04-12 08:54:20,357 INFO  Executed sudo<tedge_mapper_c8y>, exit status 0
2022-04-12 08:54:24,274 INFO  Executed sudo<tedge_disconnect_c8y>, exit status 0
2022-04-12 08:54:24,839 INFO  Executed systemctl<serv_mapper5>, exit status 3
2022-04-12 08:54:24,843 INFO  
2022-04-12 08:54:24,844 INFO  Test duration: 30.07 secs
2022-04-12 08:54:24,845 INFO  Test final outcome:  PASSED
2022-04-12 08:54:24,846 INFO  
