2022-05-10 13:21:09,290 INFO  ==============================================================
2022-05-10 13:21:09,291 INFO  Id:    c8y_restart_bridge
2022-05-10 13:21:09,292 INFO  Dir:   tedge_connect/
2022-05-10 13:21:09,293 INFO  Title: Bridge restart
2022-05-10 13:21:09,294 INFO  ==============================================================
2022-05-10 13:21:09,299 INFO  EnvironmentC8y Setup
2022-05-10 13:21:09,912 INFO  Executed systemctl<serv_mapper1>, exit status 3
2022-05-10 13:21:24,151 INFO  Executed sudo<tedge_connect_c8y>, exit status 0, duration 14 secs
2022-05-10 13:21:25,099 INFO  Executed sudo<tedge_connect_c8y_test>, exit status 0
2022-05-10 13:21:25,612 INFO  Executed systemctl<serv_mosq2>, exit status 0
2022-05-10 13:21:26,125 INFO  Executed systemctl<serv_mapper3>, exit status 0
2022-05-10 13:21:26,127 INFO  Setup
2022-05-10 13:21:26,128 INFO  Execute (empty in this case as we test the c8y enviroment)
2022-05-10 13:21:26,590 INFO  Executed systemctl<serv_mosq>, exit status 0
2022-05-10 13:21:27,103 INFO  Executed systemctl<serv_mapper4>, exit status 0
2022-05-10 13:21:27,105 INFO  Validate
2022-05-10 13:21:27,111 INFO  Grep on file tedge_connect_c8y.out ... passed
2022-05-10 13:21:27,118 INFO  Grep on file tedge_connect_c8y.out ... passed
2022-05-10 13:21:27,125 INFO  
2022-05-10 13:21:27,125 INFO  cleanup:
2022-05-10 13:21:27,126 INFO  MyCleanup
2022-05-10 13:21:31,128 INFO  Executed sudo<tedge_disconnect_c8y>, exit status 0
2022-05-10 13:21:31,693 INFO  Executed systemctl<serv_mapper5>, exit status 3
2022-05-10 13:21:31,697 INFO  
2022-05-10 13:21:31,698 INFO  Test duration: 22.41 secs
2022-05-10 13:21:31,699 INFO  Test final outcome:  PASSED
2022-05-10 13:21:31,701 INFO  
