2022-04-11 09:56:07,553 INFO  ==============================================================
2022-04-11 09:56:07,554 INFO  Id:    tedge_mapper_az_with_timestamp
2022-04-11 09:56:07,555 INFO  Dir:   tedge_mapper_az/
2022-04-11 09:56:07,556 INFO  Title: Validate the Azure Mapper that publishes a Thin Edge JSON message with timestamp on az/messages/events/ when it receives a valid JSON message on tedge/measurements
2022-04-11 09:56:07,557 DEBUG Execution order hint: 0.0
2022-04-11 09:56:07,558 INFO  ==============================================================
2022-04-11 09:56:07,567 DEBUG Process parameters for sudo<tedge_mapper_az>
  command line : /usr/bin/sudo systemctl start tedge-mapper-az
    arg #1     : systemctl
    arg #2     : start
    arg #3     : tedge-mapper-az
  working dir  : /home/pi/actions-runner/_work/thin-edge.io/thin-edge.io/tests/PySys/tedge_mapper_az/tedge_mapper_az_with_timestamp/Output/linux
  stdout       : /home/pi/actions-runner/_work/thin-edge.io/thin-edge.io/tests/PySys/tedge_mapper_az/tedge_mapper_az_with_timestamp/Output/linux/tedge_mapper_az.out
  stderr       : /home/pi/actions-runner/_work/thin-edge.io/thin-edge.io/tests/PySys/tedge_mapper_az/tedge_mapper_az_with_timestamp/Output/linux/tedge_mapper_az.err
  environment  : LD_LIBRARY_PATH=/usr/lib
  environment  : PATH=/bin:/usr/bin:/usr/sbin:/usr/local/bin
                   #1  /bin
                   #2  /usr/bin
                   #3  /usr/sbin
                   #4  /usr/local/bin
2022-04-11 09:56:07,575 DEBUG Waiting up to 600 secs for process sudo<tedge_mapper_az> (pid 23823)
2022-04-11 09:56:08,188 INFO  Executed sudo<tedge_mapper_az>, exit status 0
2022-04-11 09:56:08,189 DEBUG --- test execute
2022-04-11 09:56:08,191 DEBUG Process parameters for sudo<tedge_sub>
  command line : /usr/bin/sudo /usr/bin/tedge mqtt sub --no-topic az/messages/events/
    arg #1     : /usr/bin/tedge
    arg #2     : mqtt
    arg #3     : sub
    arg #4     : --no-topic
    arg #5     : az/messages/events/
  working dir  : /home/pi/actions-runner/_work/thin-edge.io/thin-edge.io/tests/PySys/tedge_mapper_az/tedge_mapper_az_with_timestamp/Output/linux
  stdout       : /home/pi/actions-runner/_work/thin-edge.io/thin-edge.io/tests/PySys/tedge_mapper_az/tedge_mapper_az_with_timestamp/Output/linux/tedge_sub.out
  stderr       : /home/pi/actions-runner/_work/thin-edge.io/thin-edge.io/tests/PySys/tedge_mapper_az/tedge_mapper_az_with_timestamp/Output/linux/tedge_sub.err
  environment  : LD_LIBRARY_PATH=/usr/lib
  environment  : PATH=/bin:/usr/bin:/usr/sbin:/usr/local/bin
                   #1  /bin
                   #2  /usr/bin
                   #3  /usr/sbin
                   #4  /usr/local/bin
2022-04-11 09:56:08,199 INFO  Started sudo<tedge_sub> with process id 23830
2022-04-11 09:56:08,305 DEBUG Process parameters for sudo<tedge_temp>
  command line : /usr/bin/sudo /usr/bin/tedge mqtt pub tedge/measurements '{"temperature": 12, "time": "2021-06-15T17:01:15.806181503+02:00"}'
    arg #1     : /usr/bin/tedge
    arg #2     : mqtt
    arg #3     : pub
    arg #4     : tedge/measurements
    arg #5     : {"temperature": 12, "time": "2021-06-15T17:01:15.806181503+02:00"}
  working dir  : /home/pi/actions-runner/_work/thin-edge.io/thin-edge.io/tests/PySys/tedge_mapper_az/tedge_mapper_az_with_timestamp/Output/linux
  stdout       : /home/pi/actions-runner/_work/thin-edge.io/thin-edge.io/tests/PySys/tedge_mapper_az/tedge_mapper_az_with_timestamp/Output/linux/tedge_temp.out
  stderr       : /home/pi/actions-runner/_work/thin-edge.io/thin-edge.io/tests/PySys/tedge_mapper_az/tedge_mapper_az_with_timestamp/Output/linux/tedge_temp.err
  environment  : LD_LIBRARY_PATH=/usr/lib
  environment  : PATH=/bin:/usr/bin:/usr/sbin:/usr/local/bin
                   #1  /bin
                   #2  /usr/bin
                   #3  /usr/sbin
                   #4  /usr/local/bin
2022-04-11 09:56:08,313 DEBUG Waiting up to 600 secs for process sudo<tedge_temp> (pid 23831)
2022-04-11 09:56:08,871 INFO  Executed sudo<tedge_temp>, exit status 0
2022-04-11 09:56:08,873 DEBUG Process parameters for sudo<kill_out>
  command line : /usr/bin/sudo killall tedge
    arg #1     : killall
    arg #2     : tedge
  working dir  : /home/pi/actions-runner/_work/thin-edge.io/thin-edge.io/tests/PySys/tedge_mapper_az/tedge_mapper_az_with_timestamp/Output/linux
  stdout       : /home/pi/actions-runner/_work/thin-edge.io/thin-edge.io/tests/PySys/tedge_mapper_az/tedge_mapper_az_with_timestamp/Output/linux/kill_out.out
  stderr       : /home/pi/actions-runner/_work/thin-edge.io/thin-edge.io/tests/PySys/tedge_mapper_az/tedge_mapper_az_with_timestamp/Output/linux/kill_out.err
  environment  : LD_LIBRARY_PATH=/usr/lib
  environment  : PATH=/bin:/usr/bin:/usr/sbin:/usr/local/bin
                   #1  /bin
                   #2  /usr/bin
                   #3  /usr/sbin
                   #4  /usr/local/bin
2022-04-11 09:56:08,881 DEBUG Waiting up to 600 secs for process sudo<kill_out> (pid 23834)
2022-04-11 09:56:09,388 INFO  Executed sudo<kill_out>, exit status 0
2022-04-11 09:56:09,389 DEBUG --- test validate
2022-04-11 09:56:09,393 INFO  Assert that (actual == expected) with actual=12.0, expected=12 ... passed
2022-04-11 09:56:09,395 INFO  Assert that (actual == expected) with actual="2021-06-15T17:01:15.806181503+02:00", expected="2021-06-15T17:01:15.806181503+02:00" ... passed
2022-04-11 09:56:09,409 DEBUG --- test cleanup
2022-04-11 09:56:09,410 INFO  
2022-04-11 09:56:09,411 INFO  cleanup:
2022-04-11 09:56:09,411 DEBUG Running registered cleanup function: <bound method TedgeMapperAzWithTimestamp.mapper_cleanup of <TedgeMapperAzWithTimestamp object at 0x75ba0ed0>>
2022-04-11 09:56:09,412 INFO  mapper_cleanup
2022-04-11 09:56:09,414 DEBUG Process parameters for sudo<tedge_mapper_az>
  command line : /usr/bin/sudo systemctl stop tedge-mapper-az
    arg #1     : systemctl
    arg #2     : stop
    arg #3     : tedge-mapper-az
  working dir  : /home/pi/actions-runner/_work/thin-edge.io/thin-edge.io/tests/PySys/tedge_mapper_az/tedge_mapper_az_with_timestamp/Output/linux
  stdout       : /home/pi/actions-runner/_work/thin-edge.io/thin-edge.io/tests/PySys/tedge_mapper_az/tedge_mapper_az_with_timestamp/Output/linux/tedge_mapper_az.out
  stderr       : /home/pi/actions-runner/_work/thin-edge.io/thin-edge.io/tests/PySys/tedge_mapper_az/tedge_mapper_az_with_timestamp/Output/linux/tedge_mapper_az.err
  environment  : LD_LIBRARY_PATH=/usr/lib
  environment  : PATH=/bin:/usr/bin:/usr/sbin:/usr/local/bin
                   #1  /bin
                   #2  /usr/bin
                   #3  /usr/sbin
                   #4  /usr/local/bin
2022-04-11 09:56:09,422 DEBUG Waiting up to 600 secs for process sudo<tedge_mapper_az> (pid 23836)
2022-04-11 09:56:09,980 INFO  Executed sudo<tedge_mapper_az>, exit status 0
2022-04-11 09:56:09,981 DEBUG ProcessUser cleanup function done.
2022-04-11 09:56:09,984 INFO  
2022-04-11 09:56:09,985 INFO  Test duration: 2.44 secs
2022-04-11 09:56:09,986 INFO  Test final outcome:  PASSED
2022-04-11 09:56:09,987 INFO  
