2022-05-04 08:07:06,662 INFO  ==============================================================
2022-05-04 08:07:06,662 INFO  Id:    apt_install_local_file_with_version
2022-05-04 08:07:06,662 INFO  Dir:   plugin_apt/
2022-05-04 08:07:06,662 INFO  Title: Validate apt plugin install from local file AND with a version - SUCCESS case
2022-05-04 08:07:06,662 INFO  ==============================================================
2022-05-04 08:07:07,018 INFO  URL of rolldice is b"'https://mirror.hetzner.com/ubuntu/packages/pool/universe/r/rolldice/rolldice_1.16-1build1_amd64.deb'"
2022-05-04 08:07:07,516 INFO  Downloaded rolldcice in version 1.16-1build1
2022-05-04 08:07:07,517 INFO  Filename is rolldice_1.16-1build1_amd64.deb
2022-05-04 08:07:08,120 INFO  Executed sudo, exit status 0
2022-05-04 08:07:08,573 INFO  Executed sudo<outp_check_0>, exit status 0
2022-05-04 08:07:08,574 INFO  Assert that (value==0) with value=0 ... passed
2022-05-04 08:07:08,574 INFO  Grep on file outp_check_0.out ... passed
2022-05-04 08:07:12,487 INFO  Executed sudo<outp_install>, exit status 0
2022-05-04 08:07:12,487 INFO  Assert that (value==0) with value=0 ... passed
2022-05-04 08:07:12,890 INFO  Executed sudo<outp_check_1>, exit status 0
2022-05-04 08:07:12,890 INFO  Assert that (value==0) with value=0 ... passed
2022-05-04 08:07:12,891 INFO  Grep on file outp_check_1.out ... passed
2022-05-04 08:07:12,891 INFO  
2022-05-04 08:07:12,891 INFO  cleanup:
2022-05-04 08:07:12,891 INFO  
2022-05-04 08:07:12,891 INFO  Test duration: 6.22 secs
2022-05-04 08:07:12,891 INFO  Test final outcome:  PASSED
2022-05-04 08:07:12,892 INFO  
