2022-04-12 08:49:02,016 INFO  ==============================================================
2022-04-12 08:49:02,017 INFO  Id:    tedge_software_update
2022-04-12 08:49:02,018 INFO  Dir:   tedge/
2022-04-12 08:49:02,019 INFO  Title: Software install from download path
2022-04-12 08:49:02,020 INFO  ==============================================================
2022-04-12 08:49:02,029 INFO  EnvironmentC8y Setup
2022-04-12 08:49:02,649 INFO  Executed systemctl<serv_mapper1>, exit status 3
2022-04-12 08:49:16,906 INFO  Executed sudo<tedge_connect_c8y>, exit status 0, duration 14 secs
2022-04-12 08:49:17,522 INFO  Executed sudo<tedge_connect_c8y_test>, exit status 0
2022-04-12 08:49:18,041 INFO  Executed systemctl<serv_mosq2>, exit status 0
2022-04-12 08:49:18,555 INFO  Executed systemctl<serv_mapper3>, exit status 0
2022-04-12 08:49:18,556 INFO  Setup
2022-04-12 08:49:19,119 INFO  Executed sudo<mkdir>, exit status 0
2022-04-12 08:49:19,688 INFO  Executed sudo<chmod>, exit status 0
2022-04-12 08:49:20,207 INFO  Executed sudo<tedge_config_get_original>, exit status 0
2022-04-12 08:49:20,720 INFO  Executed sudo, exit status 0
2022-04-12 08:49:21,233 INFO  Executed sudo<tedge_config_get_new_value>, exit status 0
2022-04-12 08:49:21,790 INFO  Executed sudo<rolldice_download>, exit status 0
2022-04-12 08:49:21,797 INFO  Grep on file tedge_config_get_new_value.out ... passed
2022-04-12 08:49:21,805 INFO  
2022-04-12 08:49:21,806 INFO  cleanup:
2022-04-12 08:49:22,373 INFO  Executed sudo, exit status 0
2022-04-12 08:49:22,977 INFO  Executed sudo<tedge_config_get_cleanup>, exit status 0
2022-04-12 08:49:22,983 INFO  Grep on file tedge_config_get_cleanup.out ... passed
2022-04-12 08:49:23,496 INFO  Executed sudo<rmdir>, exit status 0
2022-04-12 08:49:27,712 INFO  Executed sudo<tedge_disconnect_c8y>, exit status 0
2022-04-12 08:49:28,290 INFO  Executed systemctl<serv_mapper5>, exit status 3
2022-04-12 08:49:28,294 INFO  
2022-04-12 08:49:28,295 INFO  Test duration: 26.28 secs
2022-04-12 08:49:28,296 INFO  Test final outcome:  PASSED
2022-04-12 08:49:28,297 INFO  
