2022-04-27 14:34:54,880 INFO  ==============================================================
2022-04-27 14:34:54,881 INFO  Id:    tedge_mapper_az_without_timestamp
2022-04-27 14:34:54,883 INFO  Dir:   tedge_mapper_az/
2022-04-27 14:34:54,884 INFO  Title: Validate the Azure Mapper that publishes a Thin Edge JSON message without timestamp on az/messages/events/ when it receives a valid JSON message on tedge/measurements and az.mapper.timestamp is configured false
2022-04-27 14:34:54,884 INFO  ==============================================================
2022-04-27 14:34:55,405 INFO  Executed sudo<tedge_temp>, exit status 0
2022-04-27 14:34:55,974 INFO  Executed sudo<tedge_mapper_az>, exit status 0
2022-04-27 14:34:55,988 INFO  Started sudo<tedge_sub> with process id 7628
2022-04-27 14:34:56,680 INFO  Executed sudo<tedge_temp>, exit status 0
2022-04-27 14:34:57,198 INFO  Executed sudo<kill_out>, exit status 0
2022-04-27 14:34:57,202 INFO  Assert that (actual == expected) with actual=12.0, expected=12 ... passed
2022-04-27 14:34:57,207 INFO  Grep on file tedge_sub.out ... passed
2022-04-27 14:34:57,213 INFO  
2022-04-27 14:34:57,214 INFO  cleanup:
2022-04-27 14:34:57,215 INFO  mapper_cleanup
2022-04-27 14:34:57,827 INFO  Executed sudo<tedge_mapper_az>, exit status 0
2022-04-27 14:34:58,340 INFO  Executed sudo<tedge_temp>, exit status 0
2022-04-27 14:34:58,345 INFO  
2022-04-27 14:34:58,346 INFO  Test duration: 3.47 secs
2022-04-27 14:34:58,347 INFO  Test final outcome:  PASSED
2022-04-27 14:34:58,348 INFO  
