2022-04-29 09:06:29,550 INFO  ==============================================================
2022-04-29 09:06:29,550 INFO  Id:    log_request_error_messages
2022-04-29 09:06:29,552 INFO  Dir:   log_request_end_to_end/
2022-04-29 09:06:29,552 INFO  Title: Validate end to end behaviour for the log request operation check for error messages
2022-04-29 09:06:29,553 INFO  ==============================================================
2022-04-29 09:06:30,945 INFO  EnvironmentC8y Setup
2022-04-29 09:06:31,565 INFO  Executed systemctl<serv_mapper1>, exit status 3
2022-04-29 09:06:31,693 INFO  Restarting mosquitto too frequently in the last 10 seconds. It was only up for 2 seconds
2022-04-29 09:06:31,695 INFO  Delaying execution by 9 seconds
2022-04-29 09:06:55,116 INFO  Executed sudo<tedge_connect_c8y>, exit status 0, duration 14 secs
2022-04-29 09:06:55,733 INFO  Executed sudo<tedge_connect_c8y_test>, exit status 0
2022-04-29 09:06:56,223 INFO  Executed systemctl<serv_mosq2>, exit status 0
2022-04-29 09:06:56,686 INFO  Executed systemctl<serv_mapper3>, exit status 0
2022-04-29 09:06:57,200 INFO  Executed sudo<rm_logs>, exit status 0
2022-04-29 09:06:57,763 INFO  Executed sudo<move_logs>, exit status 0
2022-04-29 09:06:58,297 INFO  log response None
2022-04-29 09:06:58,299 WARN  retry, retrying in 1 seconds...
2022-04-29 09:06:59,511 INFO  log response https://thin-edge-io.eu-latest.cumulocity.com/event/events/17944109/binaries
2022-04-29 09:07:00,036 WARN  Assert that (True == value) with value=False ... failed [run.py:43]
2022-04-29 09:07:00,046 INFO  
2022-04-29 09:07:00,047 INFO  cleanup:
2022-04-29 09:07:00,660 INFO  Executed sudo<rm_logs>, exit status 0
2022-04-29 09:07:01,225 INFO  Executed sudo<rm_tmp_logs>, exit status 0
2022-04-29 09:07:01,741 INFO  Executed sudo<send_failed>, exit status 0
2022-04-29 09:07:05,754 INFO  Executed sudo<tedge_disconnect_c8y>, exit status 0
2022-04-29 09:07:06,334 INFO  Executed systemctl<serv_mapper5>, exit status 3
2022-04-29 09:07:06,338 INFO  
2022-04-29 09:07:06,339 INFO  Test duration: 36.79 secs
2022-04-29 09:07:06,340 INFO  Test final outcome:  FAILED
2022-04-29 09:07:06,341 INFO  Test outcome reason: Assert that (True == value) with value=False
2022-04-29 09:07:06,342 INFO  
