2022-04-28 16:20:50,278 INFO  ==============================================================
2022-04-28 16:20:50,279 INFO  Id:    docker_plugin_install
2022-04-28 16:20:50,280 INFO  Dir:   plugin_docker/
2022-04-28 16:20:50,281 INFO  Title: Validate docker plugin install
2022-04-28 16:20:50,282 INFO  ==============================================================
2022-04-28 16:20:51,149 INFO  Executed sudo<docker_images>, exit status 0
2022-04-28 16:20:51,164 INFO  Grep on file /home/pi/actions-runner/_work/thin-edge.io/thin-edge.io/tests/PySys/plugin_docker/docker_plugin_install/Output/linux/docker_images.out ... passed
2022-04-28 16:21:14,446 INFO  Executed sudo<plugin_install>, exit status 0, duration 23 secs
2022-04-28 16:21:16,131 INFO  Executed sudo<docker_ps_latest>, exit status 0
2022-04-28 16:21:17,064 INFO  Executed sudo<docker_ps>, exit status 0
2022-04-28 16:21:17,088 INFO  Grep on file /home/pi/actions-runner/_work/thin-edge.io/thin-edge.io/tests/PySys/plugin_docker/docker_plugin_install/Output/linux/docker_ps.out ... passed
2022-04-28 16:21:17,094 INFO  
2022-04-28 16:21:17,095 INFO  cleanup:
2022-04-28 16:21:17,096 INFO  Removing containers scheduled to be cleaned up: ['500839e1e3de']
2022-04-28 16:21:21,865 INFO  Executed sudo<containers_for_cleanup>, exit status 0
2022-04-28 16:21:21,866 INFO  Removing images scheduled to be cleaned up: ['registry', 'registry']
2022-04-28 16:21:25,673 INFO  Executed sudo<containers_for_cleanup>, exit status 0
2022-04-28 16:21:25,682 INFO  
2022-04-28 16:21:25,684 INFO  Test duration: 35.41 secs
2022-04-28 16:21:25,689 INFO  Test final outcome:  PASSED
2022-04-28 16:21:25,691 INFO  
