2022-05-02 16:03:42,310 INFO  ==============================================================
2022-05-02 16:03:42,310 INFO  Id:    SoftwareManagement.Plugin.apama_plugin_update
2022-05-02 16:03:42,312 INFO  Dir:   plugin_apama/
2022-05-02 16:03:42,313 INFO  Title: Validate apama plugin updating one project with another
2022-05-02 16:03:42,313 INFO  ==============================================================
2022-05-02 16:03:42,319 INFO  Assertion that path exists=False for "/etc/tedge/apama/project" ... passed
2022-05-02 16:03:42,830 INFO  Executed sudo<create_project_dir>, exit status 0
2022-05-02 16:03:43,442 INFO  Executed sudo<unzip_apama_project>, exit status 0
2022-05-02 16:03:43,957 INFO  Executed sudo<move_apama_project>, exit status 0
2022-05-02 16:03:44,823 INFO  Executed sudo<restart_apama_service>, exit status 0
2022-05-02 16:03:45,593 INFO  Executed sudo<apama_correlator_wait>, exit status 0
2022-05-02 16:03:45,595 INFO  Assertion that path exists=True for "/etc/tedge/apama/project" ... passed
2022-05-02 16:03:46,308 INFO  Executed sudo<apama_list_monitors>, exit status 0
2022-05-02 16:03:46,313 INFO  Grep on file /home/pi/actions-runner/_work/thin-edge.io/thin-edge.io/tests/PySys/plugin_apama/apama_plugin_update/Output/linux/apama_list_monitors.out ... passed
2022-05-02 16:03:46,874 WARN  Executed sudo<plugin_install>, exit status 2
2022-05-02 16:03:46,879 INFO  Contents of plugin_install.err: 
2022-05-02 16:03:46,880 INFO    ERROR: Directory not empty (os error 39)
2022-05-02 16:03:46,881 INFO    -----
2022-05-02 16:03:46,881 INFO  
2022-05-02 16:03:47,175 WARN  sudo<plugin_install> returned non-zero exit code 2 ... blocked [run.py:35]
2022-05-02 16:03:47,176 WARN  Aborted test due to BLOCKED outcome
2022-05-02 16:03:47,182 INFO  
2022-05-02 16:03:47,183 INFO  cleanup:
2022-05-02 16:03:47,184 INFO  Removing apama project
2022-05-02 16:04:04,137 INFO  Executed sudo<stop_apama_service>, exit status 0, duration 16 secs
2022-05-02 16:04:04,703 INFO  Executed sudo<remove_apama_project>, exit status 0
2022-05-02 16:04:05,265 INFO  Executed sudo<remove_apama_tmp_dir>, exit status 0
2022-05-02 16:04:05,268 INFO  
2022-05-02 16:04:05,269 INFO  Test duration: 22.97 secs
2022-05-02 16:04:05,270 INFO  Test final outcome:  BLOCKED
2022-05-02 16:04:05,271 INFO  Test outcome reason: sudo<plugin_install> returned non-zero exit code 2
2022-05-02 16:04:05,272 INFO  
