2022-05-10 13:26:21,671 INFO  ==============================================================
2022-05-10 13:26:21,671 INFO  Id:    docker_plugin_remove
2022-05-10 13:26:21,671 INFO  Dir:   plugin_docker/
2022-05-10 13:26:21,672 INFO  Title: Validate docker plugin remove
2022-05-10 13:26:21,672 INFO  ==============================================================
2022-05-10 13:26:21,824 INFO  Executed sudo<docker_images>, exit status 0
2022-05-10 13:26:21,825 INFO  Grep on file /home/pi/actions-runner/_work/thin-edge.io/thin-edge.io/tests/PySys/plugin_docker/docker_plugin_remove/Output/linux/docker_images.out ... passed
2022-05-10 13:26:26,241 INFO  Executed sudo<docker_run>, exit status 0
2022-05-10 13:26:26,342 INFO  Executed sudo<docker_ps>, exit status 0
2022-05-10 13:26:26,343 INFO  Grep on file /home/pi/actions-runner/_work/thin-edge.io/thin-edge.io/tests/PySys/plugin_docker/docker_plugin_remove/Output/linux/docker_ps.out ... passed
2022-05-10 13:26:26,697 INFO  Executed sudo<plugin_remove>, exit status 0
2022-05-10 13:26:26,849 INFO  Executed sudo<docker_ps_latest>, exit status 0
2022-05-10 13:26:27,002 INFO  Executed sudo<docker_ps>, exit status 0
2022-05-10 13:26:27,002 INFO  Grep on file /home/pi/actions-runner/_work/thin-edge.io/thin-edge.io/tests/PySys/plugin_docker/docker_plugin_remove/Output/linux/docker_ps.out ... passed
2022-05-10 13:26:27,003 INFO  
2022-05-10 13:26:27,003 INFO  cleanup:
2022-05-10 13:26:27,003 INFO  Removing containers scheduled to be cleaned up: ['3f86ddf3a1b4', '5f5e382ff095', '3bea03f9af767609faac8263a3d80c1608b8f4f25dd13875bb426699c114aa3b\n']
2022-05-10 13:26:27,155 INFO  Executed sudo<containers_for_cleanup>, exit status 0
2022-05-10 13:26:27,155 INFO  Removing images scheduled to be cleaned up: ['registry', 'registry', 'registry:2.7.1', 'registry']
2022-05-10 13:26:27,312 INFO  Executed sudo<containers_for_cleanup>, exit status 0
2022-05-10 13:26:27,313 INFO  
2022-05-10 13:26:27,313 INFO  Test duration: 5.64 secs
2022-05-10 13:26:27,313 INFO  Test final outcome:  PASSED
2022-05-10 13:26:27,314 INFO  
