2022-05-23 09:02:44,604 INFO  ==============================================================
2022-05-23 09:02:44,604 INFO  Id:    custom_init_system
2022-05-23 09:02:44,604 INFO  Dir:   misc_features/
2022-05-23 09:02:44,604 INFO  Title: Custom init system test
2022-05-23 09:02:44,604 INFO  ==============================================================
2022-05-23 09:02:44,708 INFO  Executed sudo<copy_system_config>, exit status 0
2022-05-23 09:02:44,811 INFO  Executed sudo<copy_dummy_init>, exit status 0
2022-05-23 09:03:10,347 INFO  Executed sudo<tedge_connect>, exit status 0, duration 25 secs
2022-05-23 09:03:10,450 INFO  Executed sudo<tedge_disconnect>, exit status 0
2022-05-23 09:03:10,451 INFO  Grep on file tedge_connect.out ... passed
2022-05-23 09:03:10,451 INFO  Grep on file tedge_disconnect.out ... passed
2022-05-23 09:03:10,452 INFO  Grep on file /tmp/dummy_init/dummy_init.out ... passed
2022-05-23 09:03:10,452 INFO  Grep on file /tmp/dummy_init/dummy_init.out ... passed
2022-05-23 09:03:10,453 INFO  Grep on file /tmp/dummy_init/dummy_init.out ... passed
2022-05-23 09:03:10,453 INFO  Grep on file /tmp/dummy_init/dummy_init.out ... passed
2022-05-23 09:03:10,454 INFO  Grep on file /tmp/dummy_init/dummy_init.out ... passed
2022-05-23 09:03:10,454 INFO  Grep on file /tmp/dummy_init/dummy_init.out ... passed
2022-05-23 09:03:10,455 INFO  Grep on file /tmp/dummy_init/dummy_init.out ... passed
2022-05-23 09:03:10,455 INFO  Grep on file /tmp/dummy_init/dummy_init.out ... passed
2022-05-23 09:03:10,456 INFO  Grep on file /tmp/dummy_init/dummy_init.out ... passed
2022-05-23 09:03:10,456 INFO  Grep on file /tmp/dummy_init/dummy_init.out ... passed
2022-05-23 09:03:10,457 INFO  Grep on file /tmp/dummy_init/dummy_init.out ... passed
2022-05-23 09:03:10,457 INFO  Grep on file /tmp/dummy_init/dummy_init.out ... passed
2022-05-23 09:03:10,458 INFO  Grep on file /tmp/dummy_init/dummy_init.out ... passed
2022-05-23 09:03:10,458 INFO  Grep on file /tmp/dummy_init/dummy_init.out ... passed
2022-05-23 09:03:10,458 INFO  
2022-05-23 09:03:10,458 INFO  cleanup:
2022-05-23 09:03:10,561 INFO  Executed sudo<remove_system_config>, exit status 0
2022-05-23 09:03:10,663 INFO  Executed sudo<remove_dummy_init>, exit status 0
2022-05-23 09:03:10,664 INFO  
2022-05-23 09:03:10,664 INFO  Test duration: 26.06 secs
2022-05-23 09:03:10,665 INFO  Test final outcome:  PASSED
2022-05-23 09:03:10,665 INFO  
