2022-04-14 07:11:29,218 INFO  ==============================================================
2022-04-14 07:11:29,219 INFO  Id:    SoftwareManagement.sm_apt_install_remove_default
2022-04-14 07:11:29,220 INFO  Dir:   software_management_end_to_end/
2022-04-14 07:11:29,221 INFO  Title: Validate end to end behaviour for the default plugin for installation and removal of packages
2022-04-14 07:11:29,222 INFO  ==============================================================
2022-04-14 07:11:29,228 INFO  Using sw id database: {'asciijump': '5475369', 'robotfindskitten': '5474869', 'squirrel3': '5475279', 'rolldice': '5152439', 'moon-buggy': '5439204', 'apple': '5495053', 'banana': '5494888', 'cherry': '5495382', 'watermelon': '5494510', 'registry': '8018911', 'hello-world': '8021526', 'docker/getting-started': '8021973', 'alpine': '7991792'}
2022-04-14 07:11:29,229 INFO  EnvironmentC8y Setup
2022-04-14 07:11:29,795 INFO  Executed systemctl<serv_mapper1>, exit status 3
2022-04-14 07:11:29,900 INFO  Restarting mosquitto too frequently in the last 10 seconds. It was only up for 5 seconds
2022-04-14 07:11:29,901 INFO  Delaying execution by 6 seconds
2022-04-14 07:11:50,323 INFO  Executed sudo<tedge_connect_c8y>, exit status 0, duration 14 secs
2022-04-14 07:11:50,941 INFO  Executed sudo<tedge_connect_c8y_test>, exit status 0
2022-04-14 07:11:51,406 INFO  Executed systemctl<serv_mosq2>, exit status 0
2022-04-14 07:11:51,871 INFO  Executed systemctl<serv_mapper3>, exit status 0
2022-04-14 07:11:54,154 INFO  State of current operation: PENDING
2022-04-14 07:11:56,368 INFO  State of current operation: PENDING
2022-04-14 07:11:58,588 INFO  State of current operation: PENDING
2022-04-14 07:12:00,808 INFO  State of current operation: PENDING
2022-04-14 07:12:03,023 INFO  State of current operation: PENDING
2022-04-14 07:12:05,239 INFO  State of current operation: PENDING
2022-04-14 07:12:07,463 INFO  State of current operation: PENDING
2022-04-14 07:12:09,675 INFO  State of current operation: PENDING
2022-04-14 07:12:11,889 INFO  State of current operation: PENDING
2022-04-14 07:12:14,117 INFO  State of current operation: PENDING
2022-04-14 07:12:16,344 INFO  State of current operation: PENDING
2022-04-14 07:12:18,564 INFO  State of current operation: PENDING
2022-04-14 07:12:20,783 INFO  State of current operation: PENDING
2022-04-14 07:12:23,003 INFO  State of current operation: PENDING
2022-04-14 07:12:25,218 INFO  State of current operation: PENDING
2022-04-14 07:12:27,429 INFO  State of current operation: PENDING
2022-04-14 07:12:29,644 INFO  State of current operation: PENDING
2022-04-14 07:12:31,863 INFO  State of current operation: PENDING
2022-04-14 07:12:34,127 INFO  State of current operation: PENDING
2022-04-14 07:12:36,349 INFO  State of current operation: PENDING
2022-04-14 07:12:38,569 INFO  State of current operation: PENDING
2022-04-14 07:12:40,786 INFO  State of current operation: PENDING
2022-04-14 07:12:43,003 INFO  State of current operation: PENDING
2022-04-14 07:12:45,212 INFO  State of current operation: PENDING
2022-04-14 07:12:47,424 INFO  State of current operation: PENDING
2022-04-14 07:12:49,636 INFO  State of current operation: PENDING
2022-04-14 07:12:51,853 INFO  State of current operation: PENDING
2022-04-14 07:12:54,212 INFO  State of current operation: PENDING
2022-04-14 07:12:56,425 INFO  State of current operation: PENDING
2022-04-14 07:12:58,644 INFO  State of current operation: PENDING
2022-04-14 07:13:00,861 INFO  State of current operation: PENDING
2022-04-14 07:13:03,078 INFO  State of current operation: PENDING
2022-04-14 07:13:05,294 INFO  State of current operation: PENDING
2022-04-14 07:13:07,515 INFO  State of current operation: PENDING
2022-04-14 07:13:09,779 INFO  State of current operation: PENDING
2022-04-14 07:13:11,995 INFO  State of current operation: PENDING
2022-04-14 07:13:14,259 INFO  State of current operation: PENDING
2022-04-14 07:13:16,483 INFO  State of current operation: PENDING
2022-04-14 07:13:18,693 INFO  State of current operation: PENDING
2022-04-14 07:13:20,910 INFO  State of current operation: PENDING
2022-04-14 07:13:23,132 INFO  State of current operation: PENDING
2022-04-14 07:13:25,349 INFO  State of current operation: PENDING
2022-04-14 07:13:27,564 INFO  State of current operation: PENDING
2022-04-14 07:13:29,782 INFO  State of current operation: PENDING
2022-04-14 07:13:32,000 INFO  State of current operation: PENDING
2022-04-14 07:13:34,245 INFO  State of current operation: PENDING
2022-04-14 07:13:36,463 INFO  State of current operation: PENDING
2022-04-14 07:13:38,679 INFO  State of current operation: PENDING
2022-04-14 07:13:40,896 INFO  State of current operation: PENDING
2022-04-14 07:13:43,107 INFO  State of current operation: PENDING
2022-04-14 07:13:45,324 INFO  State of current operation: PENDING
2022-04-14 07:13:47,541 INFO  State of current operation: PENDING
2022-04-14 07:13:49,758 INFO  State of current operation: PENDING
2022-04-14 07:13:51,975 INFO  State of current operation: PENDING
2022-04-14 07:13:54,206 INFO  State of current operation: PENDING
2022-04-14 07:13:56,421 INFO  State of current operation: PENDING
2022-04-14 07:13:58,638 INFO  State of current operation: PENDING
2022-04-14 07:14:00,858 INFO  State of current operation: PENDING
2022-04-14 07:14:03,069 INFO  State of current operation: PENDING
2022-04-14 07:14:05,281 INFO  State of current operation: PENDING
2022-04-14 07:14:07,499 INFO  State of current operation: PENDING
2022-04-14 07:14:09,506 WARN  SystemError occurred while running test - Timeout while waiting for status FAILED or SUCCESSFUL
Traceback (most recent call last):
  File "/home/pi/env-pysys/lib/python3.7/site-packages/pysys/baserunner.py", line 1292, in __call__
    self.testObj.setup()
  File "/home/pi/actions-runner/_work/thin-edge.io/thin-edge.io/tests/PySys/software_management_end_to_end/sm_apt_install_remove_default/run.py", line 26, in setup
    super().setup()
  File "/home/pi/actions-runner/_work/thin-edge.io/thin-edge.io/tests/PySys/software_management_end_to_end/environment_sm_management.py", line 151, in setup
    self.wait_until_end()
  File "/home/pi/actions-runner/_work/thin-edge.io/thin-edge.io/tests/PySys/software_management_end_to_end/environment_sm_management.py", line 332, in wait_until_end
    self.wait_until_status("FAILED", "SUCCESSFUL")
  File "/home/pi/actions-runner/_work/thin-edge.io/thin-edge.io/tests/PySys/software_management_end_to_end/environment_sm_management.py", line 381, in wait_until_status
    "Timeout while waiting for status %s or %s" % (status, status2)
SystemError: Timeout while waiting for status FAILED or SUCCESSFUL
2022-04-14 07:14:09,535 WARN  SystemError: Timeout while waiting for status FAILED or SUCCESSFUL ... blocked 
2022-04-14 07:14:09,537 INFO  
2022-04-14 07:14:09,537 INFO  cleanup:
2022-04-14 07:14:13,602 INFO  Executed sudo<tedge_disconnect_c8y>, exit status 0
2022-04-14 07:14:14,371 INFO  Executed systemctl<serv_mapper5>, exit status 3
2022-04-14 07:14:14,378 INFO  
2022-04-14 07:14:14,381 INFO  Test duration: 165.16 secs
2022-04-14 07:14:14,383 INFO  Test final outcome:  BLOCKED
2022-04-14 07:14:14,386 INFO  Test outcome reason: SystemError: Timeout while waiting for status FAILED or SUCCESSFUL
2022-04-14 07:14:14,390 INFO  
