2022-04-29 10:28:21,228 INFO  ==============================================================
2022-04-29 10:28:21,229 INFO  Id:    SoftwareManagement.sm_fake_install_remove
2022-04-29 10:28:21,230 INFO  Dir:   software_management_end_to_end/
2022-04-29 10:28:21,231 INFO  Title: Validate end to end behaviour for the dummy plugin for installation and removal of packages
2022-04-29 10:28:21,231 INFO  ==============================================================
2022-04-29 10:28:21,248 INFO  Using sw id database: {'asciijump': '5475369', 'robotfindskitten': '5474869', 'squirrel3': '5475279', 'rolldice': '5152439', 'moon-buggy': '5439204', 'apple': '5495053', 'banana': '5494888', 'cherry': '5495382', 'watermelon': '5494510', 'registry': '8018911', 'hello-world': '8021526', 'docker/getting-started': '8021973', 'alpine': '7991792'}
2022-04-29 10:28:21,249 INFO  EnvironmentC8y Setup
2022-04-29 10:28:21,811 INFO  Executed systemctl<serv_mapper1>, exit status 3
2022-04-29 10:28:21,918 INFO  Restarting mosquitto too frequently in the last 10 seconds. It was only up for 5 seconds
2022-04-29 10:28:21,919 INFO  Delaying execution by 6 seconds
2022-04-29 10:28:42,277 INFO  Executed sudo<tedge_connect_c8y>, exit status 0, duration 14 secs
2022-04-29 10:28:42,898 INFO  Executed sudo<tedge_connect_c8y_test>, exit status 0
2022-04-29 10:28:43,413 INFO  Executed systemctl<serv_mosq2>, exit status 0
2022-04-29 10:28:43,876 INFO  Executed systemctl<serv_mapper3>, exit status 0
2022-04-29 10:28:46,104 INFO  State of current operation: SUCCESSFUL
2022-04-29 10:28:46,328 INFO  Assert that (False == value) with value=False ... passed
2022-04-29 10:28:46,550 INFO  Response status: 201
2022-04-29 10:28:46,552 INFO  Response to action: {
    "creationTime": "2022-04-29T10:28:46.508Z",
    "deviceName": "mythicd",
    "deviceId": "17920057",
    "self": "https://t493319102.eu-latest.cumulocity.com/devicecontrol/operations/17963083",
    "id": "17963083",
    "status": "PENDING",
    "description": "Apply software changes, triggered from PySys: [{'name': 'watermelon', 'id': '5494510', 'version': '::fruits', 'url': '', 'action': 'install'}]",
    "c8y_SoftwareUpdate": [
        {
            "name": "watermelon",
            "action": "install",
            "id": "5494510",
            "version": "::fruits",
            "url": ""
        }
    ]
}
2022-04-29 10:28:46,553 INFO  Started operation: {'creationTime': '2022-04-29T10:28:46.508Z', 'deviceName': 'mythicd', 'deviceId': '17920057', 'self': 'https://t493319102.eu-latest.cumulocity.com/devicecontrol/operations/17963083', 'id': '17963083', 'status': 'PENDING', 'description': "Apply software changes, triggered from PySys: [{'name': 'watermelon', 'id': '5494510', 'version': '::fruits', 'url': '', 'action': 'install'}]", 'c8y_SoftwareUpdate': [{'name': 'watermelon', 'action': 'install', 'id': '5494510', 'version': '::fruits', 'url': ''}]}
2022-04-29 10:28:48,761 INFO  State of operation 17963083 : PENDING
2022-04-29 10:28:50,990 INFO  State of operation 17963083 : EXECUTING
2022-04-29 10:28:53,209 INFO  State of operation 17963083 : SUCCESSFUL
2022-04-29 10:28:53,450 INFO  Package vanilla is installed
2022-04-29 10:28:53,452 INFO  Assert that (True == value) with value=True ... passed
2022-04-29 10:28:53,676 INFO  Response status: 201
2022-04-29 10:28:53,677 INFO  Response to action: {
    "creationTime": "2022-04-29T10:28:53.637Z",
    "deviceName": "mythicd",
    "deviceId": "17920057",
    "self": "https://t493319102.eu-latest.cumulocity.com/devicecontrol/operations/17963087",
    "id": "17963087",
    "status": "PENDING",
    "description": "Apply software changes, triggered from PySys: [{'name': 'watermelon', 'id': '5494510', 'version': '::fruits', 'url': '', 'action': 'delete'}]",
    "c8y_SoftwareUpdate": [
        {
            "name": "watermelon",
            "action": "delete",
            "id": "5494510",
            "version": "::fruits",
            "url": ""
        }
    ]
}
2022-04-29 10:28:53,678 INFO  Started operation: {'creationTime': '2022-04-29T10:28:53.637Z', 'deviceName': 'mythicd', 'deviceId': '17920057', 'self': 'https://t493319102.eu-latest.cumulocity.com/devicecontrol/operations/17963087', 'id': '17963087', 'status': 'PENDING', 'description': "Apply software changes, triggered from PySys: [{'name': 'watermelon', 'id': '5494510', 'version': '::fruits', 'url': '', 'action': 'delete'}]", 'c8y_SoftwareUpdate': [{'name': 'watermelon', 'action': 'delete', 'id': '5494510', 'version': '::fruits', 'url': ''}]}
2022-04-29 10:28:55,892 INFO  State of operation 17963087 : PENDING
2022-04-29 10:28:58,124 INFO  State of operation 17963087 : EXECUTING
2022-04-29 10:29:00,348 INFO  State of operation 17963087 : EXECUTING
2022-04-29 10:29:02,562 INFO  State of operation 17963087 : SUCCESSFUL
2022-04-29 10:29:02,800 INFO  Assert that (False == value) with value=False ... passed
2022-04-29 10:29:02,810 INFO  
2022-04-29 10:29:02,811 INFO  cleanup:
2022-04-29 10:29:06,979 INFO  Executed sudo<tedge_disconnect_c8y>, exit status 0
2022-04-29 10:29:07,542 INFO  Executed systemctl<serv_mapper5>, exit status 3
2022-04-29 10:29:07,547 INFO  
2022-04-29 10:29:07,547 INFO  Test duration: 46.33 secs
2022-04-29 10:29:07,549 INFO  Test final outcome:  PASSED
2022-04-29 10:29:07,549 INFO  
