acl	2.2.53-6
acpid	1:2.0.32-1ubuntu1
adduser	3.118ubuntu2
apparmor	2.13.3-7ubuntu5.1
apport	2.20.11-0ubuntu27.23
apt-utils	2.0.6
apt	2.0.6
asciijump	1.0.2~beta-10
at	3.1.23-1ubuntu1
base-files	11ubuntu5.5
base-passwd	3.5.47
bash-completion	1:2.10-1ubuntu1
bash	5.0-6ubuntu1.2
bcache-tools	1.0.8-3ubuntu0.1
bind9-dnsutils	1:9.16.1-0ubuntu2.10
btrfs-progs	5.4.1-2
busybox-static	1:1.30.1-4ubuntu6.4
byobu	5.133-0ubuntu1
bzip2	1.0.8-2
c8y_configuration_plugin	0.6.4
cloud-guest-utils	0.31-7-gd99b2d76-0ubuntu1
cloud-init	22.1-14-g2e17a0d6-0ubuntu1~20.04.3
cloud-initramfs-copymods	0.45ubuntu2
cloud-initramfs-dyn-netconf	0.45ubuntu2
collectd-core	5.9.2.g-1ubuntu5
collectd	5.9.2.g-1ubuntu5
command-not-found	20.04.6
console-setup	1.194ubuntu3
cpio	2.13+dfsg-2ubuntu0.3
cron	3.0pl1-136ubuntu1
cryptsetup-initramfs	2:2.2.2-3ubuntu2.4
cryptsetup	2:2.2.2-3ubuntu2.4
curl	7.68.0-1ubuntu2.11
dash	0.5.10.2-6
debconf-i18n	1.5.73
debconf	1.5.73
diffutils	1:3.7-3
dirmngr	2.2.19-3ubuntu2.1
dmidecode	3.2-3
docker.io	20.10.12-0ubuntu2~20.04.1
dosfstools	4.1-2
e2fsprogs	1.45.5-2ubuntu1
eatmydata	105-7
ed	1.16-1
efibootmgr	17-1
ethtool	1:5.4-1
findutils	4.7.0-1ubuntu1
fonts-ubuntu-console	0.83-4ubuntu1
friendly-recovery	0.2.41ubuntu0.20.04.1
ftp	0.17-34.1
fwupd	1.7.5-3~20.04.1
gcc	4:9.3.0-1ubuntu2
gdisk	1.0.5-1
git	1:2.25.1-1ubuntu3.4
gnupg2	2.2.19-3ubuntu2.1
gnupg	2.2.19-3ubuntu2.1
grep	3.4-1
grub-efi-amd64-bin	2.04-1ubuntu44.2
grub-efi-amd64-signed	1.167.2+2.04-1ubuntu44.2
grub-efi-amd64	2.04-1ubuntu44.2
grub-pc-bin	2.04-1ubuntu26.15
gzip	1.10-0ubuntu4.1
hc-utils	0.0.3-1
hdparm	9.58+ds-4
hostname	3.23
htop	2.2.0-2build1
info	6.7.0.dfsg.2-5
init	1.57
iproute2	5.5.0-1ubuntu1
iptables	1.8.4-3ubuntu2
iputils-ping	3:20190709-3
iputils-tracepath	3:20190709-3
irqbalance	1.6.0-3ubuntu1
isc-dhcp-client	4.4.1-2.1ubuntu5.20.04.2
kbd	2.0.4-4ubuntu2
kmod	27-1ubuntu2
landscape-common	19.12-0ubuntu4.3
less	551-1ubuntu0.1
libdebconfclient0	0.251ubuntu1
libmosquitto1	1.6.9-1
libpam-systemd	245.4-4ubuntu3.17
librrd-dev	1.7.2-3build2
libsodium23	1.0.18-1
linux-image-virtual	5.4.0.110.114
locales	2.31-0ubuntu9.9
logrotate	3.14.0-4ubuntu3
lsb-release	11.1.0ubuntu2
lshw	02.18.85-0.3ubuntu2.20.04.1
lsof	4.93.2+dfsg-1ubuntu0.20.04.1
ltrace	0.7.3-6.1ubuntu1
lvm2	2.03.07-1ubuntu1
lxd-agent-loader	0.4
make	4.2.1-1.2
man-db	2.9.1-1
manpages	5.05-1
mawk	1.3.4.20200120-2
mdadm	4.1-5ubuntu1.2
mime-support	3.64ubuntu1
mosquitto-clients	1.6.9-1
mosquitto	1.6.9-1
motd-news-config	11ubuntu5.5
mount	2.34-0.1ubuntu9.3
mtr-tiny	0.93-1
multipath-tools	0.8.3-1ubuntu2
nano	4.8-1ubuntu1
ncurses-base	6.2-0ubuntu2
ncurses-bin	6.2-0ubuntu2
net-tools	1.60+git20180626.aebd88e-1ubuntu1
netbase	6.1
netcat-openbsd	1.206-1ubuntu1
netplan.io	0.104-0ubuntu2~20.04.1
open-iscsi	2.0.874-7.1ubuntu6.2
open-vm-tools	2:11.3.0-2ubuntu0~ubuntu20.04.2
openssh-client	1:8.2p1-4ubuntu0.5
openssh-server	1:8.2p1-4ubuntu0.5
overlayroot	0.45ubuntu2
parted	3.3-4ubuntu0.20.04.1
passwd	1:4.8.1-1ubuntu5.20.04.1
patch	2.7.6-6
pciutils	1:3.6.4-1ubuntu0.20.04.1
plymouth-theme-ubuntu-text	0.9.4git20200323-0ubuntu6.2
plymouth	0.9.4git20200323-0ubuntu6.2
pollinate	4.33-3ubuntu1.20.04.1
popularity-contest	1.69ubuntu1
procps	2:3.3.16-1ubuntu2.3
psmisc	23.3-1
python3-nacl	1.3.0-5
python3-pymacaroons	0.13.0-3
python3-requests	2.22.0-2ubuntu1
python3-setuptools	45.2.0-1
python3-venv	3.8.2-0ubuntu2
python3.8-dev	3.8.10-0ubuntu1~20.04.4
python3	3.8.2-0ubuntu2
qemu-guest-agent	1:4.2-3ubuntu6.21
rsync	3.1.3-8ubuntu0.3
rsyslog	8.2001.0-1ubuntu1.3
screen	4.8.0-1ubuntu0.1
sensible-utils	0.0.12+nmu1
shim-signed	1.40.7+15.4-0ubuntu9
software-properties-common	0.99.9.8
sosreport	4.3-1ubuntu0.20.04.1
strace	5.5-3ubuntu1
sudo	1.8.31-1ubuntu1.2
sysvinit-utils	2.96-2.1ubuntu1
tcpdump	4.9.3-4ubuntu0.1
tedge	0.6.4
tedge_agent	0.6.4
tedge_apama_plugin	0.6.4
tedge_apt_plugin	0.6.4
tedge_logfile_request_plugin	0.6.4
tedge_mapper	0.6.4
time	1.7-25.1build1
tmux	3.0a-2ubuntu0.3
tzdata	2022a-0ubuntu0.20.04
ubuntu-advantage-tools	27.7~20.04.1
ubuntu-keyring	2020.02.11.4
udev	245.4-4ubuntu3.17
ufw	0.36-6ubuntu1
unattended-upgrades	2.3ubuntu0.1
update-manager-core	1:20.04.10.10
update-notifier-common	3.192.30.10
usbutils	1:012-2
uuid-runtime	2.34-0.1ubuntu9.3
vim-tiny	2:8.1.2269-1ubuntu5.7
vim	2:8.1.2269-1ubuntu5.7
wget	1.20.3-1ubuntu2
whiptail	0.52.21-4ubuntu2
xfsprogs	5.3.0-1ubuntu2
xz-utils	5.2.4-1ubuntu1.1
