2022-05-10 13:16:23,156 INFO  ==============================================================
2022-05-10 13:16:23,156 INFO  Id:    apt_update_list
2022-05-10 13:16:23,157 INFO  Dir:   plugin_apt/
2022-05-10 13:16:23,157 INFO  Title: Validate apt plugin update-list command use case
2022-05-10 13:16:23,157 INFO  ==============================================================
2022-05-10 13:16:23,962 INFO  Executed sudo, exit status 0
2022-05-10 13:16:30,187 INFO  Executed sudo, exit status 0
2022-05-10 13:16:30,992 INFO  Executed sudo, exit status 0
2022-05-10 13:16:31,545 INFO  Executed sudo<outp_check_0>, exit status 0
2022-05-10 13:16:31,546 INFO  Assert that (value==0) with value=0 ... passed
2022-05-10 13:16:31,547 INFO  Grep on file outp_check_0.out ... passed
2022-05-10 13:16:32,100 INFO  Executed sudo<outp_check_1>, exit status 0
2022-05-10 13:16:32,101 INFO  Assert that (value==0) with value=0 ... passed
2022-05-10 13:16:32,102 INFO  Grep on file outp_check_1.out ... passed
2022-05-10 13:16:32,655 INFO  Executed sudo<outp_check_2>, exit status 0
2022-05-10 13:16:32,656 INFO  Assert that (value==0) with value=0 ... passed
2022-05-10 13:16:32,657 INFO  Grep on file outp_check_2.out ... passed
2022-05-10 13:16:39,495 INFO  Executed sudo<outp_check_3>, exit status 0
2022-05-10 13:16:39,495 INFO  Assert that (value==0) with value=0 ... passed
2022-05-10 13:16:39,496 INFO  Grep on file outp_check_3.out ... passed
2022-05-10 13:16:40,051 INFO  Executed sudo<outp_check_4>, exit status 0
2022-05-10 13:16:40,051 INFO  Assert that (value==0) with value=0 ... passed
2022-05-10 13:16:40,052 INFO  Grep on file outp_check_4.out ... passed
2022-05-10 13:16:40,656 INFO  Executed sudo<outp_check_5>, exit status 0
2022-05-10 13:16:40,657 INFO  Assert that (value==0) with value=0 ... passed
2022-05-10 13:16:40,658 INFO  Grep on file outp_check_5.out ... passed
2022-05-10 13:16:40,658 INFO  
2022-05-10 13:16:40,658 INFO  cleanup:
2022-05-10 13:16:46,480 INFO  Executed sudo, exit status 0
2022-05-10 13:16:47,134 INFO  Executed sudo, exit status 0
2022-05-10 13:16:52,854 INFO  Executed sudo, exit status 0
2022-05-10 13:16:52,855 INFO  
2022-05-10 13:16:52,855 INFO  Test duration: 29.69 secs
2022-05-10 13:16:52,856 INFO  Test final outcome:  PASSED
2022-05-10 13:16:52,856 INFO  
