2022-04-11 09:38:31,614 INFO  ==============================================================
2022-04-11 09:38:31,615 INFO  Id:    local_mqtt_pub_sub_retain
2022-04-11 09:38:31,616 INFO  Dir:   local_mqtt/
2022-04-11 09:38:31,617 INFO  Title: Validate local publishing with retain flag
2022-04-11 09:38:31,618 DEBUG Execution order hint: 0.0
2022-04-11 09:38:31,619 INFO  ==============================================================
2022-04-11 09:38:31,628 DEBUG --- test execute
2022-04-11 09:38:31,630 DEBUG Process parameters for tedge<pub_to_set_alarm>
  command line : /usr/bin/tedge mqtt pub --retain --qos 1 test/alarms/temp_sensor 'alarm msg 1'
    arg #1     : mqtt
    arg #2     : pub
    arg #3     : --retain
    arg #4     : --qos
    arg #5     : 1
    arg #6     : test/alarms/temp_sensor
    arg #7     : alarm msg 1
  working dir  : /home/pi/actions-runner/_work/thin-edge.io/thin-edge.io/tests/PySys/local_mqtt/local_mqtt_pub_sub_retain/Output/linux
  stdout       : /home/pi/actions-runner/_work/thin-edge.io/thin-edge.io/tests/PySys/local_mqtt/local_mqtt_pub_sub_retain/Output/linux/pub_to_set_alarm.out
  stderr       : /home/pi/actions-runner/_work/thin-edge.io/thin-edge.io/tests/PySys/local_mqtt/local_mqtt_pub_sub_retain/Output/linux/pub_to_set_alarm.err
  environment  : HOME=/home/pi
2022-04-11 09:38:31,636 DEBUG Waiting up to 600 secs for process tedge<pub_to_set_alarm> (pid 11481)
2022-04-11 09:38:32,042 INFO  Executed tedge<pub_to_set_alarm>, exit status 0
2022-04-11 09:38:32,044 DEBUG Process parameters for tedge<pub_to_set_alarm>
  command line : /usr/bin/tedge mqtt pub --retain --qos 1 test/alarms/temp_sensor 'alarm msg 2'
    arg #1     : mqtt
    arg #2     : pub
    arg #3     : --retain
    arg #4     : --qos
    arg #5     : 1
    arg #6     : test/alarms/temp_sensor
    arg #7     : alarm msg 2
  working dir  : /home/pi/actions-runner/_work/thin-edge.io/thin-edge.io/tests/PySys/local_mqtt/local_mqtt_pub_sub_retain/Output/linux
  stdout       : /home/pi/actions-runner/_work/thin-edge.io/thin-edge.io/tests/PySys/local_mqtt/local_mqtt_pub_sub_retain/Output/linux/pub_to_set_alarm.out
  stderr       : /home/pi/actions-runner/_work/thin-edge.io/thin-edge.io/tests/PySys/local_mqtt/local_mqtt_pub_sub_retain/Output/linux/pub_to_set_alarm.err
  environment  : HOME=/home/pi
2022-04-11 09:38:32,050 DEBUG Waiting up to 600 secs for process tedge<pub_to_set_alarm> (pid 11482)
2022-04-11 09:38:32,456 INFO  Executed tedge<pub_to_set_alarm>, exit status 0
2022-04-11 09:38:33,460 DEBUG Process parameters for tedge<temp_sensor_sub>
  command line : /usr/bin/tedge mqtt sub 'test/alarms/#'
    arg #1     : mqtt
    arg #2     : sub
    arg #3     : test/alarms/#
  working dir  : /home/pi/actions-runner/_work/thin-edge.io/thin-edge.io/tests/PySys/local_mqtt/local_mqtt_pub_sub_retain/Output/linux
  stdout       : /home/pi/actions-runner/_work/thin-edge.io/thin-edge.io/tests/PySys/local_mqtt/local_mqtt_pub_sub_retain/Output/linux/temp_sensor_sub.out
  stderr       : /home/pi/actions-runner/_work/thin-edge.io/thin-edge.io/tests/PySys/local_mqtt/local_mqtt_pub_sub_retain/Output/linux/temp_sensor_sub.err
  environment  : HOME=/home/pi
2022-04-11 09:38:33,466 INFO  Started tedge<temp_sensor_sub> with process id 11483
2022-04-11 09:38:33,471 DEBUG Process parameters for tedge<pub_to_clear_alarm>
  command line : /usr/bin/tedge mqtt pub --retain --qos 1 test/alarms/temp_sensor ''
    arg #1     : mqtt
    arg #2     : pub
    arg #3     : --retain
    arg #4     : --qos
    arg #5     : 1
    arg #6     : test/alarms/temp_sensor
    arg #7     : 
  working dir  : /home/pi/actions-runner/_work/thin-edge.io/thin-edge.io/tests/PySys/local_mqtt/local_mqtt_pub_sub_retain/Output/linux
  stdout       : /home/pi/actions-runner/_work/thin-edge.io/thin-edge.io/tests/PySys/local_mqtt/local_mqtt_pub_sub_retain/Output/linux/pub_to_clear_alarm.out
  stderr       : /home/pi/actions-runner/_work/thin-edge.io/thin-edge.io/tests/PySys/local_mqtt/local_mqtt_pub_sub_retain/Output/linux/pub_to_clear_alarm.err
  environment  : HOME=/home/pi
2022-04-11 09:38:33,478 DEBUG Waiting up to 600 secs for process tedge<pub_to_clear_alarm> (pid 11484)
2022-04-11 09:38:33,884 INFO  Executed tedge<pub_to_clear_alarm>, exit status 0
2022-04-11 09:38:34,888 DEBUG Process parameters for sudo<kill_out>
  command line : /usr/bin/sudo killall tedge
    arg #1     : killall
    arg #2     : tedge
  working dir  : /home/pi/actions-runner/_work/thin-edge.io/thin-edge.io/tests/PySys/local_mqtt/local_mqtt_pub_sub_retain/Output/linux
  stdout       : /home/pi/actions-runner/_work/thin-edge.io/thin-edge.io/tests/PySys/local_mqtt/local_mqtt_pub_sub_retain/Output/linux/kill_out.out
  stderr       : /home/pi/actions-runner/_work/thin-edge.io/thin-edge.io/tests/PySys/local_mqtt/local_mqtt_pub_sub_retain/Output/linux/kill_out.err
  environment  : LD_LIBRARY_PATH=/usr/lib
  environment  : PATH=/bin:/usr/bin:/usr/sbin:/usr/local/bin
                   #1  /bin
                   #2  /usr/bin
                   #3  /usr/sbin
                   #4  /usr/local/bin
2022-04-11 09:38:34,894 DEBUG Waiting up to 600 secs for process sudo<kill_out> (pid 11485)
2022-04-11 09:38:35,401 INFO  Executed sudo<kill_out>, exit status 0
2022-04-11 09:38:35,403 DEBUG Process parameters for tedge<pub_to_clear_alarm>
  command line : /usr/bin/tedge mqtt pub --retain --qos 1 test/alarms/temp_sensor ''
    arg #1     : mqtt
    arg #2     : pub
    arg #3     : --retain
    arg #4     : --qos
    arg #5     : 1
    arg #6     : test/alarms/temp_sensor
    arg #7     : 
  working dir  : /home/pi/actions-runner/_work/thin-edge.io/thin-edge.io/tests/PySys/local_mqtt/local_mqtt_pub_sub_retain/Output/linux
  stdout       : /home/pi/actions-runner/_work/thin-edge.io/thin-edge.io/tests/PySys/local_mqtt/local_mqtt_pub_sub_retain/Output/linux/pub_to_clear_alarm.out
  stderr       : /home/pi/actions-runner/_work/thin-edge.io/thin-edge.io/tests/PySys/local_mqtt/local_mqtt_pub_sub_retain/Output/linux/pub_to_clear_alarm.err
  environment  : HOME=/home/pi
2022-04-11 09:38:35,409 DEBUG Waiting up to 600 secs for process tedge<pub_to_clear_alarm> (pid 11487)
2022-04-11 09:38:35,815 INFO  Executed tedge<pub_to_clear_alarm>, exit status 0
2022-04-11 09:38:35,817 DEBUG Process parameters for tedge<temp_sensor_empty_message>
  command line : /usr/bin/tedge mqtt sub 'test/alarms/#'
    arg #1     : mqtt
    arg #2     : sub
    arg #3     : test/alarms/#
  working dir  : /home/pi/actions-runner/_work/thin-edge.io/thin-edge.io/tests/PySys/local_mqtt/local_mqtt_pub_sub_retain/Output/linux
  stdout       : /home/pi/actions-runner/_work/thin-edge.io/thin-edge.io/tests/PySys/local_mqtt/local_mqtt_pub_sub_retain/Output/linux/temp_sensor_empty_message.out
  stderr       : /home/pi/actions-runner/_work/thin-edge.io/thin-edge.io/tests/PySys/local_mqtt/local_mqtt_pub_sub_retain/Output/linux/temp_sensor_empty_message.err
  environment  : HOME=/home/pi
2022-04-11 09:38:35,825 INFO  Started tedge<temp_sensor_empty_message> with process id 11488
2022-04-11 09:38:36,830 DEBUG Process parameters for sudo<kill_out>
  command line : /usr/bin/sudo killall tedge
    arg #1     : killall
    arg #2     : tedge
  working dir  : /home/pi/actions-runner/_work/thin-edge.io/thin-edge.io/tests/PySys/local_mqtt/local_mqtt_pub_sub_retain/Output/linux
  stdout       : /home/pi/actions-runner/_work/thin-edge.io/thin-edge.io/tests/PySys/local_mqtt/local_mqtt_pub_sub_retain/Output/linux/kill_out.out
  stderr       : /home/pi/actions-runner/_work/thin-edge.io/thin-edge.io/tests/PySys/local_mqtt/local_mqtt_pub_sub_retain/Output/linux/kill_out.err
  environment  : HOME=/home/pi
2022-04-11 09:38:36,837 DEBUG Waiting up to 600 secs for process sudo<kill_out> (pid 11489)
2022-04-11 09:38:37,494 INFO  Executed sudo<kill_out>, exit status 0
2022-04-11 09:38:37,495 DEBUG --- test validate
2022-04-11 09:38:37,496 DEBUG Performing regex contains=True grep on file: /home/pi/actions-runner/_work/thin-edge.io/thin-edge.io/tests/PySys/local_mqtt/local_mqtt_pub_sub_retain/Output/linux/temp_sensor_sub.out
2022-04-11 09:38:37,554 DEBUG Grep on file temp_sensor_sub.out successfully matched expression "\[test/alarms/temp_sensor\] alarm msg 2" with line: '[test/alarms/temp_sensor] alarm msg 2\n'
2022-04-11 09:38:37,556 INFO  Grep on file temp_sensor_sub.out ... passed
2022-04-11 09:38:37,557 DEBUG Performing regex contains=True grep on file: /home/pi/actions-runner/_work/thin-edge.io/thin-edge.io/tests/PySys/local_mqtt/local_mqtt_pub_sub_retain/Output/linux/temp_sensor_sub.out
2022-04-11 09:38:37,561 DEBUG Grep on file temp_sensor_sub.out successfully matched expression "\[test/alarms/temp_sensor\] " with line: '[test/alarms/temp_sensor] alarm msg 2\n'
2022-04-11 09:38:37,562 INFO  Grep on file temp_sensor_sub.out ... passed
2022-04-11 09:38:37,563 DEBUG Performing regex contains=False grep on file: /home/pi/actions-runner/_work/thin-edge.io/thin-edge.io/tests/PySys/local_mqtt/local_mqtt_pub_sub_retain/Output/linux/temp_sensor_empty_message.out
2022-04-11 09:38:37,567 INFO  Grep on file temp_sensor_empty_message.out ... passed
2022-04-11 09:38:37,580 DEBUG --- test cleanup
2022-04-11 09:38:37,582 DEBUG ProcessUser cleanup function done.
2022-04-11 09:38:37,585 INFO  
2022-04-11 09:38:37,586 INFO  Test duration: 5.97 secs
2022-04-11 09:38:37,587 INFO  Test final outcome:  PASSED
2022-04-11 09:38:37,587 INFO  
