2022-04-11 11:00:04,507 INFO  ==============================================================
2022-04-11 11:00:04,508 INFO  Id:    SoftwareManagement.sm_apt_install_remove_with_version
2022-04-11 11:00:04,509 INFO  Dir:   software_management_end_to_end/
2022-04-11 11:00:04,510 INFO  Title: Validate end to end behaviour for the apt plugin for packages with version
2022-04-11 11:00:04,511 DEBUG Execution order hint: 0.0
2022-04-11 11:00:04,512 INFO  ==============================================================
2022-04-11 11:00:04,528 INFO  Using sw id database: {'asciijump': '5475369', 'robotfindskitten': '5474869', 'squirrel3': '5475279', 'rolldice': '5152439', 'moon-buggy': '5439204', 'apple': '5495053', 'banana': '5494888', 'cherry': '5495382', 'watermelon': '5494510', 'registry': '8018911', 'hello-world': '8021526', 'docker/getting-started': '8021973', 'alpine': '7991792'}
2022-04-11 11:00:04,529 DEBUG EnvironmentC8y Setup
2022-04-11 11:00:04,529 INFO  EnvironmentC8y Setup
2022-04-11 11:00:04,531 DEBUG Process parameters for systemctl<serv_mapper1>
  command line : /usr/bin/systemctl status tedge-mapper-c8y
    arg #1     : status
    arg #2     : tedge-mapper-c8y
  working dir  : /home/pi/actions-runner/_work/thin-edge.io/thin-edge.io/tests/PySys/software_management_end_to_end/sm_apt_install_remove_with_version/Output/linux
  stdout       : /home/pi/actions-runner/_work/thin-edge.io/thin-edge.io/tests/PySys/software_management_end_to_end/sm_apt_install_remove_with_version/Output/linux/serv_mapper1.out
  stderr       : /home/pi/actions-runner/_work/thin-edge.io/thin-edge.io/tests/PySys/software_management_end_to_end/sm_apt_install_remove_with_version/Output/linux/serv_mapper1.err
  environment  : LD_LIBRARY_PATH=/usr/lib
  environment  : PATH=/bin:/usr/bin:/usr/sbin:/usr/local/bin
                   #1  /bin
                   #2  /usr/bin
                   #3  /usr/sbin
                   #4  /usr/local/bin
2022-04-11 11:00:04,539 DEBUG Waiting up to 600 secs for process systemctl<serv_mapper1> (pid 3254)
2022-04-11 11:00:05,097 INFO  Executed systemctl<serv_mapper1>, exit status 3
2022-04-11 11:00:05,203 INFO  Restarting mosquitto too frequently in the last 10 seconds. It was only up for 5 seconds
2022-04-11 11:00:05,204 INFO  Delaying execution by 6 seconds
2022-04-11 11:00:11,212 DEBUG Process parameters for sudo<tedge_connect_c8y>
  command line : /usr/bin/sudo /usr/bin/tedge connect c8y
    arg #1     : /usr/bin/tedge
    arg #2     : connect
    arg #3     : c8y
  working dir  : /home/pi/actions-runner/_work/thin-edge.io/thin-edge.io/tests/PySys/software_management_end_to_end/sm_apt_install_remove_with_version/Output/linux
  stdout       : /home/pi/actions-runner/_work/thin-edge.io/thin-edge.io/tests/PySys/software_management_end_to_end/sm_apt_install_remove_with_version/Output/linux/tedge_connect_c8y.out
  stderr       : /home/pi/actions-runner/_work/thin-edge.io/thin-edge.io/tests/PySys/software_management_end_to_end/sm_apt_install_remove_with_version/Output/linux/tedge_connect_c8y.err
  environment  : LD_LIBRARY_PATH=/usr/lib
  environment  : PATH=/bin:/usr/bin:/usr/sbin:/usr/local/bin
                   #1  /bin
                   #2  /usr/bin
                   #3  /usr/sbin
                   #4  /usr/local/bin
2022-04-11 11:00:11,222 DEBUG Waiting up to 600 secs for process sudo<tedge_connect_c8y> (pid 3263)
2022-04-11 11:00:25,374 INFO  Executed sudo<tedge_connect_c8y>, exit status 0, duration 14 secs
2022-04-11 11:00:25,378 DEBUG Process parameters for sudo<tedge_connect_c8y_test>
  command line : /usr/bin/sudo /usr/bin/tedge connect c8y --test
    arg #1     : /usr/bin/tedge
    arg #2     : connect
    arg #3     : c8y
    arg #4     : --test
  working dir  : /home/pi/actions-runner/_work/thin-edge.io/thin-edge.io/tests/PySys/software_management_end_to_end/sm_apt_install_remove_with_version/Output/linux
  stdout       : /home/pi/actions-runner/_work/thin-edge.io/thin-edge.io/tests/PySys/software_management_end_to_end/sm_apt_install_remove_with_version/Output/linux/tedge_connect_c8y_test.out
  stderr       : /home/pi/actions-runner/_work/thin-edge.io/thin-edge.io/tests/PySys/software_management_end_to_end/sm_apt_install_remove_with_version/Output/linux/tedge_connect_c8y_test.err
  environment  : LD_LIBRARY_PATH=/usr/lib
  environment  : PATH=/bin:/usr/bin:/usr/sbin:/usr/local/bin
                   #1  /bin
                   #2  /usr/bin
                   #3  /usr/sbin
                   #4  /usr/local/bin
2022-04-11 11:00:25,388 DEBUG Waiting up to 600 secs for process sudo<tedge_connect_c8y_test> (pid 3381)
2022-04-11 11:00:26,048 INFO  Executed sudo<tedge_connect_c8y_test>, exit status 0
2022-04-11 11:00:26,050 DEBUG Process parameters for systemctl<serv_mosq2>
  command line : /usr/bin/systemctl status mosquitto
    arg #1     : status
    arg #2     : mosquitto
  working dir  : /home/pi/actions-runner/_work/thin-edge.io/thin-edge.io/tests/PySys/software_management_end_to_end/sm_apt_install_remove_with_version/Output/linux
  stdout       : /home/pi/actions-runner/_work/thin-edge.io/thin-edge.io/tests/PySys/software_management_end_to_end/sm_apt_install_remove_with_version/Output/linux/serv_mosq2.out
  stderr       : /home/pi/actions-runner/_work/thin-edge.io/thin-edge.io/tests/PySys/software_management_end_to_end/sm_apt_install_remove_with_version/Output/linux/serv_mosq2.err
  environment  : LD_LIBRARY_PATH=/usr/lib
  environment  : PATH=/bin:/usr/bin:/usr/sbin:/usr/local/bin
                   #1  /bin
                   #2  /usr/bin
                   #3  /usr/sbin
                   #4  /usr/local/bin
2022-04-11 11:00:26,058 DEBUG Waiting up to 600 secs for process systemctl<serv_mosq2> (pid 3399)
2022-04-11 11:00:26,566 INFO  Executed systemctl<serv_mosq2>, exit status 0
2022-04-11 11:00:26,569 DEBUG Process parameters for systemctl<serv_mapper3>
  command line : /usr/bin/systemctl status tedge-mapper-c8y
    arg #1     : status
    arg #2     : tedge-mapper-c8y
  working dir  : /home/pi/actions-runner/_work/thin-edge.io/thin-edge.io/tests/PySys/software_management_end_to_end/sm_apt_install_remove_with_version/Output/linux
  stdout       : /home/pi/actions-runner/_work/thin-edge.io/thin-edge.io/tests/PySys/software_management_end_to_end/sm_apt_install_remove_with_version/Output/linux/serv_mapper3.out
  stderr       : /home/pi/actions-runner/_work/thin-edge.io/thin-edge.io/tests/PySys/software_management_end_to_end/sm_apt_install_remove_with_version/Output/linux/serv_mapper3.err
  environment  : LD_LIBRARY_PATH=/usr/lib
  environment  : PATH=/bin:/usr/bin:/usr/sbin:/usr/local/bin
                   #1  /bin
                   #2  /usr/bin
                   #3  /usr/sbin
                   #4  /usr/local/bin
2022-04-11 11:00:26,577 DEBUG Waiting up to 600 secs for process systemctl<serv_mapper3> (pid 3401)
2022-04-11 11:00:27,084 INFO  Executed systemctl<serv_mapper3>, exit status 0
2022-04-11 11:00:29,108 DEBUG Starting new HTTPS connection (1): thin-edge-io.eu-latest.cumulocity.com:443
2022-04-11 11:00:29,297 DEBUG https://thin-edge-io.eu-latest.cumulocity.com:443 "GET /devicecontrol/operations?deviceId=17060782&pageSize=1&revert=true&dateFrom=1970-01-01T00%3A00%3A00.000Z HTTP/1.1" 200 1965
2022-04-11 11:00:29,311 DEBUG Final URL of the request: https://thin-edge-io.eu-latest.cumulocity.com/devicecontrol/operations?deviceId=17060782&pageSize=1&revert=true&dateFrom=1970-01-01T00%3A00%3A00.000Z
2022-04-11 11:00:29,315 INFO  State of current operation: FAILED
2022-04-11 11:00:29,315 DEBUG Final URL of the request: https://thin-edge-io.eu-latest.cumulocity.com/devicecontrol/operations?deviceId=17060782&pageSize=1&revert=true&dateFrom=1970-01-01T00%3A00%3A00.000Z
2022-04-11 11:00:29,318 DEBUG State of current operation: {
    "delivery": {
        "time": "2022-04-11T10:57:33.020Z",
        "log": [
            {
                "time": "2022-04-11T10:57:32.968Z",
                "status": "PENDING"
            },
            {
                "time": "2022-04-11T10:57:32.984Z",
                "status": "SEND"
            }
        ],
        "status": "DELIVERED"
    },
    "creationTime": "2022-04-11T10:57:32.955Z",
    "deviceId": "17060782",
    "deviceName": "mythicd",
    "self": "https://t493319102.eu-latest.cumulocity.com/devicecontrol/operations/17153150",
    "id": "17153150",
    "status": "FAILED",
    "description": "Apply software changes, triggered from PySys: [{'action': 'install', 'id': '5475369', 'name': 'asciijump', 'url': ' ', 'version': '::apt'}, {'action': 'install', 'id': '5474869', 'name': 'robotfindskitten', 'url': ' ', 'version': ' '}, {'action': 'install', 'id': '5475279', 'name': 'squirrel3', 'url': ' ', 'version': '3.1-7::apt'}, {'action': 'install', 'id': '5152439', 'name': 'rolldice', 'url': ' ', 'version': '1.16-1+b1'}, {'action': 'install', 'id': '5439204', 'name': 'moon-buggy', 'url': ' ', 'version': '1:1.0.51-12'}, {'action': 'install', 'id': '5475369', 'name': 'asciijump', 'url': ' ', 'version': '::apt'}]",
    "c8y_SoftwareUpdate": [
        {
            "name": "asciijump",
            "action": "install",
            "id": "5475369",
            "version": "::apt",
            "url": " "
        },
        {
            "name": "robotfindskitten",
            "action": "install",
            "id": "5474869",
            "version": " ",
            "url": " "
        },
        {
            "name": "squirrel3",
            "action": "install",
            "id": "5475279",
            "version": "3.1-7::apt",
            "url": " "
        },
        {
            "name": "rolldice",
            "action": "install",
            "id": "5152439",
            "version": "1.16-1+b1",
            "url": " "
        },
        {
            "name": "moon-buggy",
            "action": "install",
            "id": "5439204",
            "version": "1:1.0.51-12",
            "url": " "
        },
        {
            "name": "asciijump",
            "action": "install",
            "id": "5475369",
            "version": "::apt",
            "url": " "
        }
    ]
}
2022-04-11 11:00:29,334 DEBUG Starting new HTTPS connection (1): thin-edge-io.eu-latest.cumulocity.com:443
2022-04-11 11:00:29,543 DEBUG https://thin-edge-io.eu-latest.cumulocity.com:443 "GET /inventory/managedObjects/17060782 HTTP/1.1" 200 None
2022-04-11 11:00:29,562 INFO  Assert that (False == value) with value=False ... passed
2022-04-11 11:00:29,564 DEBUG --- test execute
2022-04-11 11:00:29,911 DEBUG Starting new HTTPS connection (1): thin-edge-io.eu-latest.cumulocity.com:443
2022-04-11 11:00:30,122 DEBUG https://thin-edge-io.eu-latest.cumulocity.com:443 "POST /devicecontrol/operations HTTP/1.1" 201 476
2022-04-11 11:00:30,138 INFO  Response status: 201
2022-04-11 11:00:30,139 INFO  Response to action: {
    "creationTime": "2022-04-11T11:00:30.082Z",
    "deviceId": "17060782",
    "deviceName": "mythicd",
    "self": "https://t493319102.eu-latest.cumulocity.com/devicecontrol/operations/17153157",
    "id": "17153157",
    "status": "PENDING",
    "description": "Apply software changes, triggered from PySys: [{'name': 'rolldice', 'id': '5152439', 'version': '1.16-1+b1', 'url': '', 'action': 'install'}]",
    "c8y_SoftwareUpdate": [
        {
            "name": "rolldice",
            "action": "install",
            "id": "5152439",
            "version": "1.16-1+b1",
            "url": ""
        }
    ]
}
2022-04-11 11:00:30,140 INFO  Started operation: {'creationTime': '2022-04-11T11:00:30.082Z', 'deviceId': '17060782', 'deviceName': 'mythicd', 'self': 'https://t493319102.eu-latest.cumulocity.com/devicecontrol/operations/17153157', 'id': '17153157', 'status': 'PENDING', 'description': "Apply software changes, triggered from PySys: [{'name': 'rolldice', 'id': '5152439', 'version': '1.16-1+b1', 'url': '', 'action': 'install'}]", 'c8y_SoftwareUpdate': [{'name': 'rolldice', 'action': 'install', 'id': '5152439', 'version': '1.16-1+b1', 'url': ''}]}
2022-04-11 11:00:32,159 DEBUG Starting new HTTPS connection (1): thin-edge-io.eu-latest.cumulocity.com:443
2022-04-11 11:00:32,432 DEBUG https://thin-edge-io.eu-latest.cumulocity.com:443 "GET /devicecontrol/operations/17153157 HTTP/1.1" 200 636
2022-04-11 11:00:32,449 INFO  State of operation 17153157 : PENDING
2022-04-11 11:00:34,470 DEBUG Starting new HTTPS connection (1): thin-edge-io.eu-latest.cumulocity.com:443
2022-04-11 11:00:34,657 DEBUG https://thin-edge-io.eu-latest.cumulocity.com:443 "GET /devicecontrol/operations/17153157 HTTP/1.1" 200 638
2022-04-11 11:00:34,674 INFO  State of operation 17153157 : EXECUTING
2022-04-11 11:00:36,694 DEBUG Starting new HTTPS connection (1): thin-edge-io.eu-latest.cumulocity.com:443
2022-04-11 11:00:36,878 DEBUG https://thin-edge-io.eu-latest.cumulocity.com:443 "GET /devicecontrol/operations/17153157 HTTP/1.1" 200 638
2022-04-11 11:00:36,894 INFO  State of operation 17153157 : EXECUTING
2022-04-11 11:00:38,913 DEBUG Starting new HTTPS connection (1): thin-edge-io.eu-latest.cumulocity.com:443
2022-04-11 11:00:39,099 DEBUG https://thin-edge-io.eu-latest.cumulocity.com:443 "GET /devicecontrol/operations/17153157 HTTP/1.1" 200 638
2022-04-11 11:00:39,115 INFO  State of operation 17153157 : EXECUTING
2022-04-11 11:00:41,134 DEBUG Starting new HTTPS connection (1): thin-edge-io.eu-latest.cumulocity.com:443
2022-04-11 11:00:41,316 DEBUG https://thin-edge-io.eu-latest.cumulocity.com:443 "GET /devicecontrol/operations/17153157 HTTP/1.1" 200 638
2022-04-11 11:00:41,333 INFO  State of operation 17153157 : EXECUTING
2022-04-11 11:00:43,357 DEBUG Starting new HTTPS connection (1): thin-edge-io.eu-latest.cumulocity.com:443
2022-04-11 11:00:43,541 DEBUG https://thin-edge-io.eu-latest.cumulocity.com:443 "GET /devicecontrol/operations/17153157 HTTP/1.1" 200 638
2022-04-11 11:00:43,557 INFO  State of operation 17153157 : EXECUTING
2022-04-11 11:00:45,756 DEBUG Starting new HTTPS connection (1): thin-edge-io.eu-latest.cumulocity.com:443
2022-04-11 11:00:46,540 DEBUG https://thin-edge-io.eu-latest.cumulocity.com:443 "GET /devicecontrol/operations/17153157 HTTP/1.1" 200 638
2022-04-11 11:00:46,557 INFO  State of operation 17153157 : EXECUTING
2022-04-11 11:00:48,581 DEBUG Starting new HTTPS connection (1): thin-edge-io.eu-latest.cumulocity.com:443
2022-04-11 11:00:49,559 DEBUG https://thin-edge-io.eu-latest.cumulocity.com:443 "GET /devicecontrol/operations/17153157 HTTP/1.1" 200 638
2022-04-11 11:00:49,577 INFO  State of operation 17153157 : EXECUTING
2022-04-11 11:00:51,597 DEBUG Starting new HTTPS connection (1): thin-edge-io.eu-latest.cumulocity.com:443
2022-04-11 11:00:51,904 DEBUG https://thin-edge-io.eu-latest.cumulocity.com:443 "GET /devicecontrol/operations/17153157 HTTP/1.1" 200 638
2022-04-11 11:00:51,928 INFO  State of operation 17153157 : EXECUTING
2022-04-11 11:00:53,977 DEBUG Starting new HTTPS connection (1): thin-edge-io.eu-latest.cumulocity.com:443
2022-04-11 11:00:54,205 DEBUG https://thin-edge-io.eu-latest.cumulocity.com:443 "GET /devicecontrol/operations/17153157 HTTP/1.1" 200 638
2022-04-11 11:00:54,221 INFO  State of operation 17153157 : EXECUTING
2022-04-11 11:00:56,240 DEBUG Starting new HTTPS connection (1): thin-edge-io.eu-latest.cumulocity.com:443
2022-04-11 11:00:56,418 DEBUG https://thin-edge-io.eu-latest.cumulocity.com:443 "GET /devicecontrol/operations/17153157 HTTP/1.1" 200 638
2022-04-11 11:00:56,435 INFO  State of operation 17153157 : EXECUTING
2022-04-11 11:00:58,454 DEBUG Starting new HTTPS connection (1): thin-edge-io.eu-latest.cumulocity.com:443
2022-04-11 11:00:58,639 DEBUG https://thin-edge-io.eu-latest.cumulocity.com:443 "GET /devicecontrol/operations/17153157 HTTP/1.1" 200 638
2022-04-11 11:00:58,656 INFO  State of operation 17153157 : EXECUTING
2022-04-11 11:01:00,675 DEBUG Starting new HTTPS connection (1): thin-edge-io.eu-latest.cumulocity.com:443
2022-04-11 11:01:00,856 DEBUG https://thin-edge-io.eu-latest.cumulocity.com:443 "GET /devicecontrol/operations/17153157 HTTP/1.1" 200 638
2022-04-11 11:01:00,873 INFO  State of operation 17153157 : EXECUTING
2022-04-11 11:01:02,897 DEBUG Starting new HTTPS connection (1): thin-edge-io.eu-latest.cumulocity.com:443
2022-04-11 11:01:03,088 DEBUG https://thin-edge-io.eu-latest.cumulocity.com:443 "GET /devicecontrol/operations/17153157 HTTP/1.1" 200 638
2022-04-11 11:01:03,111 INFO  State of operation 17153157 : EXECUTING
2022-04-11 11:01:05,130 DEBUG Starting new HTTPS connection (1): thin-edge-io.eu-latest.cumulocity.com:443
2022-04-11 11:01:05,310 DEBUG https://thin-edge-io.eu-latest.cumulocity.com:443 "GET /devicecontrol/operations/17153157 HTTP/1.1" 200 638
2022-04-11 11:01:05,328 INFO  State of operation 17153157 : EXECUTING
2022-04-11 11:01:07,347 DEBUG Starting new HTTPS connection (1): thin-edge-io.eu-latest.cumulocity.com:443
2022-04-11 11:01:07,529 DEBUG https://thin-edge-io.eu-latest.cumulocity.com:443 "GET /devicecontrol/operations/17153157 HTTP/1.1" 200 639
2022-04-11 11:01:07,544 INFO  State of operation 17153157 : SUCCESSFUL
2022-04-11 11:01:07,560 DEBUG Starting new HTTPS connection (1): thin-edge-io.eu-latest.cumulocity.com:443
2022-04-11 11:01:07,744 DEBUG https://thin-edge-io.eu-latest.cumulocity.com:443 "GET /inventory/managedObjects/17060782 HTTP/1.1" 200 None
2022-04-11 11:01:07,767 INFO  Package rolldice is installed
2022-04-11 11:01:07,770 INFO  Assert that (True == value) with value=True ... passed
2022-04-11 11:01:07,786 DEBUG Starting new HTTPS connection (1): thin-edge-io.eu-latest.cumulocity.com:443
2022-04-11 11:01:08,312 DEBUG https://thin-edge-io.eu-latest.cumulocity.com:443 "POST /devicecontrol/operations HTTP/1.1" 201 470
2022-04-11 11:01:08,328 INFO  Response status: 201
2022-04-11 11:01:08,329 INFO  Response to action: {
    "creationTime": "2022-04-11T11:01:08.284Z",
    "deviceId": "17060782",
    "deviceName": "mythicd",
    "self": "https://t493319102.eu-latest.cumulocity.com/devicecontrol/operations/17153165",
    "id": "17153165",
    "status": "PENDING",
    "description": "Apply software changes, triggered from PySys: [{'name': 'rolldice', 'id': '5152439', 'version': '88::apt', 'url': '', 'action': 'delete'}]",
    "c8y_SoftwareUpdate": [
        {
            "name": "rolldice",
            "action": "delete",
            "id": "5152439",
            "version": "88::apt",
            "url": ""
        }
    ]
}
2022-04-11 11:01:08,330 INFO  Started operation: {'creationTime': '2022-04-11T11:01:08.284Z', 'deviceId': '17060782', 'deviceName': 'mythicd', 'self': 'https://t493319102.eu-latest.cumulocity.com/devicecontrol/operations/17153165', 'id': '17153165', 'status': 'PENDING', 'description': "Apply software changes, triggered from PySys: [{'name': 'rolldice', 'id': '5152439', 'version': '88::apt', 'url': '', 'action': 'delete'}]", 'c8y_SoftwareUpdate': [{'name': 'rolldice', 'action': 'delete', 'id': '5152439', 'version': '88::apt', 'url': ''}]}
2022-04-11 11:01:10,358 DEBUG Starting new HTTPS connection (1): thin-edge-io.eu-latest.cumulocity.com:443
2022-04-11 11:01:10,538 DEBUG https://thin-edge-io.eu-latest.cumulocity.com:443 "GET /devicecontrol/operations/17153165 HTTP/1.1" 200 630
2022-04-11 11:01:10,554 INFO  State of operation 17153165 : PENDING
2022-04-11 11:01:12,575 DEBUG Starting new HTTPS connection (1): thin-edge-io.eu-latest.cumulocity.com:443
2022-04-11 11:01:12,769 DEBUG https://thin-edge-io.eu-latest.cumulocity.com:443 "GET /devicecontrol/operations/17153165 HTTP/1.1" 200 632
2022-04-11 11:01:12,788 INFO  State of operation 17153165 : EXECUTING
2022-04-11 11:01:14,808 DEBUG Starting new HTTPS connection (1): thin-edge-io.eu-latest.cumulocity.com:443
2022-04-11 11:01:14,991 DEBUG https://thin-edge-io.eu-latest.cumulocity.com:443 "GET /devicecontrol/operations/17153165 HTTP/1.1" 200 632
2022-04-11 11:01:15,007 INFO  State of operation 17153165 : EXECUTING
2022-04-11 11:01:17,026 DEBUG Starting new HTTPS connection (1): thin-edge-io.eu-latest.cumulocity.com:443
2022-04-11 11:01:17,208 DEBUG https://thin-edge-io.eu-latest.cumulocity.com:443 "GET /devicecontrol/operations/17153165 HTTP/1.1" 200 632
2022-04-11 11:01:17,224 INFO  State of operation 17153165 : EXECUTING
2022-04-11 11:01:19,243 DEBUG Starting new HTTPS connection (1): thin-edge-io.eu-latest.cumulocity.com:443
2022-04-11 11:01:19,424 DEBUG https://thin-edge-io.eu-latest.cumulocity.com:443 "GET /devicecontrol/operations/17153165 HTTP/1.1" 200 632
2022-04-11 11:01:19,441 INFO  State of operation 17153165 : EXECUTING
2022-04-11 11:01:21,460 DEBUG Starting new HTTPS connection (1): thin-edge-io.eu-latest.cumulocity.com:443
2022-04-11 11:01:21,642 DEBUG https://thin-edge-io.eu-latest.cumulocity.com:443 "GET /devicecontrol/operations/17153165 HTTP/1.1" 200 632
2022-04-11 11:01:21,659 INFO  State of operation 17153165 : EXECUTING
2022-04-11 11:01:23,681 DEBUG Starting new HTTPS connection (1): thin-edge-io.eu-latest.cumulocity.com:443
2022-04-11 11:01:24,267 DEBUG https://thin-edge-io.eu-latest.cumulocity.com:443 "GET /devicecontrol/operations/17153165 HTTP/1.1" 200 632
2022-04-11 11:01:24,284 INFO  State of operation 17153165 : EXECUTING
2022-04-11 11:01:26,324 DEBUG Starting new HTTPS connection (1): thin-edge-io.eu-latest.cumulocity.com:443
2022-04-11 11:01:27,006 DEBUG https://thin-edge-io.eu-latest.cumulocity.com:443 "GET /devicecontrol/operations/17153165 HTTP/1.1" 200 632
2022-04-11 11:01:27,027 INFO  State of operation 17153165 : EXECUTING
2022-04-11 11:01:29,048 DEBUG Starting new HTTPS connection (1): thin-edge-io.eu-latest.cumulocity.com:443
2022-04-11 11:01:29,259 DEBUG https://thin-edge-io.eu-latest.cumulocity.com:443 "GET /devicecontrol/operations/17153165 HTTP/1.1" 200 632
2022-04-11 11:01:29,277 INFO  State of operation 17153165 : EXECUTING
2022-04-11 11:01:31,295 DEBUG Starting new HTTPS connection (1): thin-edge-io.eu-latest.cumulocity.com:443
2022-04-11 11:01:31,772 DEBUG https://thin-edge-io.eu-latest.cumulocity.com:443 "GET /devicecontrol/operations/17153165 HTTP/1.1" 200 632
2022-04-11 11:01:31,801 INFO  State of operation 17153165 : EXECUTING
2022-04-11 11:01:33,820 DEBUG Starting new HTTPS connection (1): thin-edge-io.eu-latest.cumulocity.com:443
2022-04-11 11:01:34,001 DEBUG https://thin-edge-io.eu-latest.cumulocity.com:443 "GET /devicecontrol/operations/17153165 HTTP/1.1" 200 632
2022-04-11 11:01:34,017 INFO  State of operation 17153165 : EXECUTING
2022-04-11 11:01:36,038 DEBUG Starting new HTTPS connection (1): thin-edge-io.eu-latest.cumulocity.com:443
2022-04-11 11:01:36,218 DEBUG https://thin-edge-io.eu-latest.cumulocity.com:443 "GET /devicecontrol/operations/17153165 HTTP/1.1" 200 632
2022-04-11 11:01:36,234 INFO  State of operation 17153165 : EXECUTING
2022-04-11 11:01:38,254 DEBUG Starting new HTTPS connection (1): thin-edge-io.eu-latest.cumulocity.com:443
2022-04-11 11:01:38,438 DEBUG https://thin-edge-io.eu-latest.cumulocity.com:443 "GET /devicecontrol/operations/17153165 HTTP/1.1" 200 632
2022-04-11 11:01:38,455 INFO  State of operation 17153165 : EXECUTING
2022-04-11 11:01:40,474 DEBUG Starting new HTTPS connection (1): thin-edge-io.eu-latest.cumulocity.com:443
2022-04-11 11:01:40,655 DEBUG https://thin-edge-io.eu-latest.cumulocity.com:443 "GET /devicecontrol/operations/17153165 HTTP/1.1" 200 632
2022-04-11 11:01:40,671 INFO  State of operation 17153165 : EXECUTING
2022-04-11 11:01:42,690 DEBUG Starting new HTTPS connection (1): thin-edge-io.eu-latest.cumulocity.com:443
2022-04-11 11:01:42,870 DEBUG https://thin-edge-io.eu-latest.cumulocity.com:443 "GET /devicecontrol/operations/17153165 HTTP/1.1" 200 748
2022-04-11 11:01:42,885 INFO  State of operation 17153165 : FAILED
2022-04-11 11:01:42,902 DEBUG Starting new HTTPS connection (1): thin-edge-io.eu-latest.cumulocity.com:443
2022-04-11 11:01:43,117 DEBUG https://thin-edge-io.eu-latest.cumulocity.com:443 "GET /inventory/managedObjects/17060782 HTTP/1.1" 200 None
2022-04-11 11:01:43,136 INFO  Package rolldice is installed
2022-04-11 11:01:43,138 INFO  Assert that (True == value) with value=True ... passed
2022-04-11 11:01:43,490 DEBUG Starting new HTTPS connection (1): thin-edge-io.eu-latest.cumulocity.com:443
2022-04-11 11:01:43,690 DEBUG https://thin-edge-io.eu-latest.cumulocity.com:443 "POST /devicecontrol/operations HTTP/1.1" 201 474
2022-04-11 11:01:43,706 INFO  Response status: 201
2022-04-11 11:01:43,708 INFO  Response to action: {
    "creationTime": "2022-04-11T11:01:43.659Z",
    "deviceId": "17060782",
    "deviceName": "mythicd",
    "self": "https://t493319102.eu-latest.cumulocity.com/devicecontrol/operations/17153173",
    "id": "17153173",
    "status": "PENDING",
    "description": "Apply software changes, triggered from PySys: [{'name': 'rolldice', 'id': '5152439', 'version': '1.16-1+b1', 'url': '', 'action': 'delete'}]",
    "c8y_SoftwareUpdate": [
        {
            "name": "rolldice",
            "action": "delete",
            "id": "5152439",
            "version": "1.16-1+b1",
            "url": ""
        }
    ]
}
2022-04-11 11:01:43,709 INFO  Started operation: {'creationTime': '2022-04-11T11:01:43.659Z', 'deviceId': '17060782', 'deviceName': 'mythicd', 'self': 'https://t493319102.eu-latest.cumulocity.com/devicecontrol/operations/17153173', 'id': '17153173', 'status': 'PENDING', 'description': "Apply software changes, triggered from PySys: [{'name': 'rolldice', 'id': '5152439', 'version': '1.16-1+b1', 'url': '', 'action': 'delete'}]", 'c8y_SoftwareUpdate': [{'name': 'rolldice', 'action': 'delete', 'id': '5152439', 'version': '1.16-1+b1', 'url': ''}]}
2022-04-11 11:01:45,729 DEBUG Starting new HTTPS connection (1): thin-edge-io.eu-latest.cumulocity.com:443
2022-04-11 11:01:45,911 DEBUG https://thin-edge-io.eu-latest.cumulocity.com:443 "GET /devicecontrol/operations/17153173 HTTP/1.1" 200 634
2022-04-11 11:01:45,927 INFO  State of operation 17153173 : PENDING
2022-04-11 11:01:47,948 DEBUG Starting new HTTPS connection (1): thin-edge-io.eu-latest.cumulocity.com:443
2022-04-11 11:01:48,140 DEBUG https://thin-edge-io.eu-latest.cumulocity.com:443 "GET /devicecontrol/operations/17153173 HTTP/1.1" 200 636
2022-04-11 11:01:48,158 INFO  State of operation 17153173 : EXECUTING
2022-04-11 11:01:50,177 DEBUG Starting new HTTPS connection (1): thin-edge-io.eu-latest.cumulocity.com:443
2022-04-11 11:01:50,362 DEBUG https://thin-edge-io.eu-latest.cumulocity.com:443 "GET /devicecontrol/operations/17153173 HTTP/1.1" 200 636
2022-04-11 11:01:50,378 INFO  State of operation 17153173 : EXECUTING
2022-04-11 11:01:52,400 DEBUG Starting new HTTPS connection (1): thin-edge-io.eu-latest.cumulocity.com:443
2022-04-11 11:01:52,580 DEBUG https://thin-edge-io.eu-latest.cumulocity.com:443 "GET /devicecontrol/operations/17153173 HTTP/1.1" 200 636
2022-04-11 11:01:52,596 INFO  State of operation 17153173 : EXECUTING
2022-04-11 11:01:54,617 DEBUG Starting new HTTPS connection (1): thin-edge-io.eu-latest.cumulocity.com:443
2022-04-11 11:01:54,806 DEBUG https://thin-edge-io.eu-latest.cumulocity.com:443 "GET /devicecontrol/operations/17153173 HTTP/1.1" 200 636
2022-04-11 11:01:54,823 INFO  State of operation 17153173 : EXECUTING
2022-04-11 11:01:56,844 DEBUG Starting new HTTPS connection (1): thin-edge-io.eu-latest.cumulocity.com:443
2022-04-11 11:01:57,025 DEBUG https://thin-edge-io.eu-latest.cumulocity.com:443 "GET /devicecontrol/operations/17153173 HTTP/1.1" 200 636
2022-04-11 11:01:57,041 INFO  State of operation 17153173 : EXECUTING
2022-04-11 11:01:59,066 DEBUG Starting new HTTPS connection (1): thin-edge-io.eu-latest.cumulocity.com:443
2022-04-11 11:01:59,808 DEBUG https://thin-edge-io.eu-latest.cumulocity.com:443 "GET /devicecontrol/operations/17153173 HTTP/1.1" 200 636
2022-04-11 11:01:59,834 INFO  State of operation 17153173 : EXECUTING
2022-04-11 11:02:01,856 DEBUG Starting new HTTPS connection (1): thin-edge-io.eu-latest.cumulocity.com:443
2022-04-11 11:02:02,534 DEBUG https://thin-edge-io.eu-latest.cumulocity.com:443 "GET /devicecontrol/operations/17153173 HTTP/1.1" 200 636
2022-04-11 11:02:02,556 INFO  State of operation 17153173 : EXECUTING
2022-04-11 11:02:04,576 DEBUG Starting new HTTPS connection (1): thin-edge-io.eu-latest.cumulocity.com:443
2022-04-11 11:02:04,787 DEBUG https://thin-edge-io.eu-latest.cumulocity.com:443 "GET /devicecontrol/operations/17153173 HTTP/1.1" 200 636
2022-04-11 11:02:04,807 INFO  State of operation 17153173 : EXECUTING
2022-04-11 11:02:06,831 DEBUG Starting new HTTPS connection (1): thin-edge-io.eu-latest.cumulocity.com:443
2022-04-11 11:02:07,107 DEBUG https://thin-edge-io.eu-latest.cumulocity.com:443 "GET /devicecontrol/operations/17153173 HTTP/1.1" 200 636
2022-04-11 11:02:07,126 INFO  State of operation 17153173 : EXECUTING
2022-04-11 11:02:09,145 DEBUG Starting new HTTPS connection (1): thin-edge-io.eu-latest.cumulocity.com:443
2022-04-11 11:02:09,324 DEBUG https://thin-edge-io.eu-latest.cumulocity.com:443 "GET /devicecontrol/operations/17153173 HTTP/1.1" 200 636
2022-04-11 11:02:09,340 INFO  State of operation 17153173 : EXECUTING
2022-04-11 11:02:11,368 DEBUG Starting new HTTPS connection (1): thin-edge-io.eu-latest.cumulocity.com:443
2022-04-11 11:02:11,578 DEBUG https://thin-edge-io.eu-latest.cumulocity.com:443 "GET /devicecontrol/operations/17153173 HTTP/1.1" 200 636
2022-04-11 11:02:11,596 INFO  State of operation 17153173 : EXECUTING
2022-04-11 11:02:13,616 DEBUG Starting new HTTPS connection (1): thin-edge-io.eu-latest.cumulocity.com:443
2022-04-11 11:02:13,799 DEBUG https://thin-edge-io.eu-latest.cumulocity.com:443 "GET /devicecontrol/operations/17153173 HTTP/1.1" 200 636
2022-04-11 11:02:13,817 INFO  State of operation 17153173 : EXECUTING
2022-04-11 11:02:15,836 DEBUG Starting new HTTPS connection (1): thin-edge-io.eu-latest.cumulocity.com:443
2022-04-11 11:02:16,016 DEBUG https://thin-edge-io.eu-latest.cumulocity.com:443 "GET /devicecontrol/operations/17153173 HTTP/1.1" 200 636
2022-04-11 11:02:16,033 INFO  State of operation 17153173 : EXECUTING
2022-04-11 11:02:18,084 DEBUG Starting new HTTPS connection (1): thin-edge-io.eu-latest.cumulocity.com:443
2022-04-11 11:02:18,400 DEBUG https://thin-edge-io.eu-latest.cumulocity.com:443 "GET /devicecontrol/operations/17153173 HTTP/1.1" 200 636
2022-04-11 11:02:18,421 INFO  State of operation 17153173 : EXECUTING
2022-04-11 11:02:20,460 DEBUG Starting new HTTPS connection (1): thin-edge-io.eu-latest.cumulocity.com:443
2022-04-11 11:02:20,794 DEBUG https://thin-edge-io.eu-latest.cumulocity.com:443 "GET /devicecontrol/operations/17153173 HTTP/1.1" 200 636
2022-04-11 11:02:20,824 INFO  State of operation 17153173 : EXECUTING
2022-04-11 11:02:23,121 DEBUG Starting new HTTPS connection (1): thin-edge-io.eu-latest.cumulocity.com:443
2022-04-11 11:02:23,971 DEBUG https://thin-edge-io.eu-latest.cumulocity.com:443 "GET /devicecontrol/operations/17153173 HTTP/1.1" 200 636
2022-04-11 11:02:23,989 INFO  State of operation 17153173 : EXECUTING
2022-04-11 11:02:26,008 DEBUG Starting new HTTPS connection (1): thin-edge-io.eu-latest.cumulocity.com:443
2022-04-11 11:02:26,210 DEBUG https://thin-edge-io.eu-latest.cumulocity.com:443 "GET /devicecontrol/operations/17153173 HTTP/1.1" 200 636
2022-04-11 11:02:26,244 INFO  State of operation 17153173 : EXECUTING
2022-04-11 11:02:28,281 DEBUG Starting new HTTPS connection (1): thin-edge-io.eu-latest.cumulocity.com:443
2022-04-11 11:02:28,575 DEBUG https://thin-edge-io.eu-latest.cumulocity.com:443 "GET /devicecontrol/operations/17153173 HTTP/1.1" 200 636
2022-04-11 11:02:28,595 INFO  State of operation 17153173 : EXECUTING
2022-04-11 11:02:30,616 DEBUG Starting new HTTPS connection (1): thin-edge-io.eu-latest.cumulocity.com:443
2022-04-11 11:02:30,801 DEBUG https://thin-edge-io.eu-latest.cumulocity.com:443 "GET /devicecontrol/operations/17153173 HTTP/1.1" 200 636
2022-04-11 11:02:30,818 INFO  State of operation 17153173 : EXECUTING
2022-04-11 11:02:32,839 DEBUG Starting new HTTPS connection (1): thin-edge-io.eu-latest.cumulocity.com:443
2022-04-11 11:02:33,027 DEBUG https://thin-edge-io.eu-latest.cumulocity.com:443 "GET /devicecontrol/operations/17153173 HTTP/1.1" 200 636
2022-04-11 11:02:33,047 INFO  State of operation 17153173 : EXECUTING
2022-04-11 11:02:35,066 DEBUG Starting new HTTPS connection (1): thin-edge-io.eu-latest.cumulocity.com:443
2022-04-11 11:02:35,246 DEBUG https://thin-edge-io.eu-latest.cumulocity.com:443 "GET /devicecontrol/operations/17153173 HTTP/1.1" 200 636
2022-04-11 11:02:35,262 INFO  State of operation 17153173 : EXECUTING
2022-04-11 11:02:37,281 DEBUG Starting new HTTPS connection (1): thin-edge-io.eu-latest.cumulocity.com:443
2022-04-11 11:02:37,460 DEBUG https://thin-edge-io.eu-latest.cumulocity.com:443 "GET /devicecontrol/operations/17153173 HTTP/1.1" 200 637
2022-04-11 11:02:37,475 INFO  State of operation 17153173 : SUCCESSFUL
2022-04-11 11:02:37,477 DEBUG --- test validate
2022-04-11 11:02:37,837 DEBUG Starting new HTTPS connection (1): thin-edge-io.eu-latest.cumulocity.com:443
2022-04-11 11:02:38,039 DEBUG https://thin-edge-io.eu-latest.cumulocity.com:443 "GET /inventory/managedObjects/17060782 HTTP/1.1" 200 None
2022-04-11 11:02:38,062 INFO  Assert that (False == value) with value=False ... passed
2022-04-11 11:02:38,073 DEBUG --- test cleanup
2022-04-11 11:02:38,074 INFO  
2022-04-11 11:02:38,075 INFO  cleanup:
2022-04-11 11:02:38,075 DEBUG Running registered cleanup function: <bound method SoftwareManagement.mysmcleanup of <PySysTest object at 0x7604ba10>>
2022-04-11 11:02:38,076 DEBUG Running registered cleanup function: <bound method EnvironmentC8y.myenvcleanup of <PySysTest object at 0x7604ba10>>
2022-04-11 11:02:38,077 DEBUG EnvironmentC8y Cleanup
2022-04-11 11:02:38,202 DEBUG Process parameters for sudo<tedge_disconnect_c8y>
  command line : /usr/bin/sudo /usr/bin/tedge disconnect c8y
    arg #1     : /usr/bin/tedge
    arg #2     : disconnect
    arg #3     : c8y
  working dir  : /home/pi/actions-runner/_work/thin-edge.io/thin-edge.io/tests/PySys/software_management_end_to_end/sm_apt_install_remove_with_version/Output/linux
  stdout       : /home/pi/actions-runner/_work/thin-edge.io/thin-edge.io/tests/PySys/software_management_end_to_end/sm_apt_install_remove_with_version/Output/linux/tedge_disconnect_c8y.out
  stderr       : /home/pi/actions-runner/_work/thin-edge.io/thin-edge.io/tests/PySys/software_management_end_to_end/sm_apt_install_remove_with_version/Output/linux/tedge_disconnect_c8y.err
  environment  : LD_LIBRARY_PATH=/usr/lib
  environment  : PATH=/bin:/usr/bin:/usr/sbin:/usr/local/bin
                   #1  /bin
                   #2  /usr/bin
                   #3  /usr/sbin
                   #4  /usr/local/bin
2022-04-11 11:02:38,210 DEBUG Waiting up to 600 secs for process sudo<tedge_disconnect_c8y> (pid 3957)
2022-04-11 11:02:42,091 INFO  Executed sudo<tedge_disconnect_c8y>, exit status 0
2022-04-11 11:02:42,094 DEBUG Process parameters for systemctl<serv_mapper5>
  command line : /usr/bin/systemctl status tedge-mapper-c8y
    arg #1     : status
    arg #2     : tedge-mapper-c8y
  working dir  : /home/pi/actions-runner/_work/thin-edge.io/thin-edge.io/tests/PySys/software_management_end_to_end/sm_apt_install_remove_with_version/Output/linux
  stdout       : /home/pi/actions-runner/_work/thin-edge.io/thin-edge.io/tests/PySys/software_management_end_to_end/sm_apt_install_remove_with_version/Output/linux/serv_mapper5.out
  stderr       : /home/pi/actions-runner/_work/thin-edge.io/thin-edge.io/tests/PySys/software_management_end_to_end/sm_apt_install_remove_with_version/Output/linux/serv_mapper5.err
  environment  : LD_LIBRARY_PATH=/usr/lib
  environment  : PATH=/bin:/usr/bin:/usr/sbin:/usr/local/bin
                   #1  /bin
                   #2  /usr/bin
                   #3  /usr/sbin
                   #4  /usr/local/bin
2022-04-11 11:02:42,101 DEBUG Waiting up to 600 secs for process systemctl<serv_mapper5> (pid 3997)
2022-04-11 11:02:42,658 INFO  Executed systemctl<serv_mapper5>, exit status 3
2022-04-11 11:02:42,660 DEBUG ProcessUser cleanup function done.
2022-04-11 11:02:42,663 INFO  
2022-04-11 11:02:42,664 INFO  Test duration: 158.17 secs
2022-04-11 11:02:42,665 INFO  Test final outcome:  PASSED
2022-04-11 11:02:42,666 INFO  
