2022-05-23 09:32:02,081 INFO  ==============================================================
2022-05-23 09:32:02,082 INFO  Id:    apt_finalize
2022-05-23 09:32:02,083 INFO  Dir:   plugin_apt/
2022-05-23 09:32:02,084 INFO  Title: Validate apt plugin finalize - dense version
2022-05-23 09:32:02,084 INFO  ==============================================================
2022-05-23 09:32:07,432 INFO  Executed sudo<outp_remove>, exit status 0
2022-05-23 09:32:07,435 INFO  Assert that (value==0) with value=0 ... passed
2022-05-23 09:32:51,738 INFO  Executed sudo<outp_remove>, exit status 0, duration 44 secs
2022-05-23 09:32:51,741 INFO  Assert that (value==0) with value=0 ... passed
2022-05-23 09:32:57,654 INFO  Executed sudo<outp_check_0>, exit status 0
2022-05-23 09:32:57,656 INFO  Assert that (value==0) with value=0 ... passed
2022-05-23 09:32:57,667 INFO  Grep on file outp_check_0.out ... passed
2022-05-23 09:32:58,127 INFO  Executed dpkg-query<outp_check_0>, exit status 1
2022-05-23 09:33:45,127 INFO  Executed sudo<outp_install>, exit status 0, duration 46 secs
2022-05-23 09:33:45,130 INFO  Assert that (value==0) with value=0 ... passed
2022-05-23 09:33:50,792 INFO  Executed sudo<outp_check_1>, exit status 0
2022-05-23 09:33:50,794 INFO  Assert that (value==0) with value=0 ... passed
2022-05-23 09:33:50,800 INFO  Grep on file outp_check_1.out ... passed
2022-05-23 09:33:51,259 INFO  Executed dpkg-query<outp_check_1>, exit status 0
2022-05-23 09:34:09,731 INFO  Executed sudo<outp_remove>, exit status 0, duration 18 secs
2022-05-23 09:34:09,733 INFO  Assert that (value==0) with value=0 ... passed
2022-05-23 09:34:15,399 INFO  Executed sudo<outp_check_2>, exit status 0
2022-05-23 09:34:15,402 INFO  Assert that (value==0) with value=0 ... passed
2022-05-23 09:34:15,409 INFO  Grep on file outp_check_2.out ... passed
2022-05-23 09:34:15,872 INFO  Executed dpkg-query<outp_check_2>, exit status 0
2022-05-23 09:34:31,159 INFO  Executed sudo<outp_finalize>, exit status 0, duration 15 secs
2022-05-23 09:34:31,161 INFO  Assert that (value==0) with value=0 ... passed
2022-05-23 09:34:36,858 INFO  Executed sudo<outp_check_3>, exit status 0
2022-05-23 09:34:36,860 INFO  Assert that (value==0) with value=0 ... passed
2022-05-23 09:34:36,865 INFO  Grep on file outp_check_3.out ... passed
2022-05-23 09:34:37,326 INFO  Executed dpkg-query<outp_check_3>, exit status 1
2022-05-23 09:34:37,333 INFO  
2022-05-23 09:34:37,334 INFO  cleanup:
2022-05-23 09:34:37,337 INFO  
2022-05-23 09:34:37,337 INFO  Test duration: 155.26 secs
2022-05-23 09:34:37,339 INFO  Test final outcome:  PASSED
2022-05-23 09:34:37,339 INFO  
