2022-05-10 20:29:33,637 INFO  ==============================================================
2022-05-10 20:29:33,638 INFO  Id:    docker_plugin_update
2022-05-10 20:29:33,640 INFO  Dir:   plugin_docker/
2022-05-10 20:29:33,640 INFO  Title: Validate docker plugin install updates existing containers
2022-05-10 20:29:33,641 INFO  ==============================================================
2022-05-10 20:29:34,429 INFO  Executed sudo<docker_images>, exit status 0
2022-05-10 20:29:34,444 INFO  Grep on file /home/pi/actions-runner/_work/thin-edge.io/thin-edge.io/tests/PySys/plugin_docker/docker_plugin_update/Output/linux/docker_images.out ... passed
2022-05-10 20:29:59,419 INFO  Executed sudo<docker_run>, exit status 0, duration 24 secs
2022-05-10 20:30:00,189 INFO  Executed sudo<docker_ps>, exit status 0
2022-05-10 20:30:00,195 INFO  Grep on file /home/pi/actions-runner/_work/thin-edge.io/thin-edge.io/tests/PySys/plugin_docker/docker_plugin_update/Output/linux/docker_ps.out ... passed
2022-05-10 20:30:28,760 INFO  Executed sudo<plugin_install>, exit status 0, duration 28 secs
2022-05-10 20:30:29,537 INFO  Executed sudo<docker_ps_latest>, exit status 0
2022-05-10 20:30:30,302 INFO  Executed sudo<docker_ps>, exit status 0
2022-05-10 20:30:30,307 INFO  Grep on file /home/pi/actions-runner/_work/thin-edge.io/thin-edge.io/tests/PySys/plugin_docker/docker_plugin_update/Output/linux/docker_ps.out ... passed
2022-05-10 20:30:31,101 INFO  Executed sudo<docker_ps>, exit status 0
2022-05-10 20:30:31,105 INFO  Grep on file /home/pi/actions-runner/_work/thin-edge.io/thin-edge.io/tests/PySys/plugin_docker/docker_plugin_update/Output/linux/docker_ps.out ... passed
2022-05-10 20:30:31,111 INFO  
2022-05-10 20:30:31,112 INFO  cleanup:
2022-05-10 20:30:31,113 INFO  Removing containers scheduled to be cleaned up: ['8e098ba5cab1', '5f4d0976d61d', '6178c984ff591f374ec359cad51371bae5ee6f69fc8e2fcee9b2ca3d9854d31a\n', '3aae13586f8a6a82b031cbcdee3ccce802b28d5ba3189f9833b88399233d14ef\n', '69b9a3041081eb243c4a8dda0a5ba4ef3632cb42e9a870d6be34b3da6116ef99\n', '8a26974725e6']
2022-05-10 20:30:33,699 INFO  Executed sudo<containers_for_cleanup>, exit status 0
2022-05-10 20:30:33,701 INFO  Removing images scheduled to be cleaned up: ['registry', 'registry', 'registry:2.7.1', 'registry', 'registry:2.7.1', 'registry:2.6.2', 'registry:2.7.1']
2022-05-10 20:30:39,068 INFO  Executed sudo<containers_for_cleanup>, exit status 0
2022-05-10 20:30:39,072 INFO  
2022-05-10 20:30:39,073 INFO  Test duration: 65.44 secs
2022-05-10 20:30:39,074 INFO  Test final outcome:  PASSED
2022-05-10 20:30:39,075 INFO  
