2022-04-11 09:38:37,620 INFO  ==============================================================
2022-04-11 09:38:37,621 INFO  Id:    local_mqtt_pub_sub_with_sudo
2022-04-11 09:38:37,622 INFO  Dir:   local_mqtt/
2022-04-11 09:38:37,623 INFO  Title: Validate local publishing and subscribing
2022-04-11 09:38:37,624 DEBUG Execution order hint: 0.0
2022-04-11 09:38:37,625 INFO  ==============================================================
2022-04-11 09:38:37,630 DEBUG --- test execute
2022-04-11 09:38:37,633 DEBUG Process parameters for sudo<tedge_sub>
  command line : /usr/bin/sudo /usr/bin/tedge mqtt sub atopic
    arg #1     : /usr/bin/tedge
    arg #2     : mqtt
    arg #3     : sub
    arg #4     : atopic
  working dir  : /home/pi/actions-runner/_work/thin-edge.io/thin-edge.io/tests/PySys/local_mqtt/local_mqtt_pub_sub_with_sudo/Output/linux
  stdout       : /home/pi/actions-runner/_work/thin-edge.io/thin-edge.io/tests/PySys/local_mqtt/local_mqtt_pub_sub_with_sudo/Output/linux/tedge_sub.out
  stderr       : /home/pi/actions-runner/_work/thin-edge.io/thin-edge.io/tests/PySys/local_mqtt/local_mqtt_pub_sub_with_sudo/Output/linux/tedge_sub.err
  environment  : LD_LIBRARY_PATH=/usr/lib
  environment  : PATH=/bin:/usr/bin:/usr/sbin:/usr/local/bin
                   #1  /bin
                   #2  /usr/bin
                   #3  /usr/sbin
                   #4  /usr/local/bin
2022-04-11 09:38:37,639 INFO  Started sudo<tedge_sub> with process id 11491
2022-04-11 09:38:37,744 DEBUG Process parameters for sudo<tedge_pub2>
  command line : /usr/bin/sudo /usr/bin/tedge mqtt pub atopic amessage
    arg #1     : /usr/bin/tedge
    arg #2     : mqtt
    arg #3     : pub
    arg #4     : atopic
    arg #5     : amessage
  working dir  : /home/pi/actions-runner/_work/thin-edge.io/thin-edge.io/tests/PySys/local_mqtt/local_mqtt_pub_sub_with_sudo/Output/linux
  stdout       : /home/pi/actions-runner/_work/thin-edge.io/thin-edge.io/tests/PySys/local_mqtt/local_mqtt_pub_sub_with_sudo/Output/linux/tedge_pub2.out
  stderr       : /home/pi/actions-runner/_work/thin-edge.io/thin-edge.io/tests/PySys/local_mqtt/local_mqtt_pub_sub_with_sudo/Output/linux/tedge_pub2.err
  environment  : LD_LIBRARY_PATH=/usr/lib
  environment  : PATH=/bin:/usr/bin:/usr/sbin:/usr/local/bin
                   #1  /bin
                   #2  /usr/bin
                   #3  /usr/sbin
                   #4  /usr/local/bin
2022-04-11 09:38:37,751 DEBUG Waiting up to 600 secs for process sudo<tedge_pub2> (pid 11492)
2022-04-11 09:38:38,359 INFO  Executed sudo<tedge_pub2>, exit status 0
2022-04-11 09:38:38,361 DEBUG Process parameters for sudo<tedge_pub3>
  command line : /usr/bin/sudo /usr/bin/tedge mqtt pub atopic 'the message'
    arg #1     : /usr/bin/tedge
    arg #2     : mqtt
    arg #3     : pub
    arg #4     : atopic
    arg #5     : the message
  working dir  : /home/pi/actions-runner/_work/thin-edge.io/thin-edge.io/tests/PySys/local_mqtt/local_mqtt_pub_sub_with_sudo/Output/linux
  stdout       : /home/pi/actions-runner/_work/thin-edge.io/thin-edge.io/tests/PySys/local_mqtt/local_mqtt_pub_sub_with_sudo/Output/linux/tedge_pub3.out
  stderr       : /home/pi/actions-runner/_work/thin-edge.io/thin-edge.io/tests/PySys/local_mqtt/local_mqtt_pub_sub_with_sudo/Output/linux/tedge_pub3.err
  environment  : LD_LIBRARY_PATH=/usr/lib
  environment  : PATH=/bin:/usr/bin:/usr/sbin:/usr/local/bin
                   #1  /bin
                   #2  /usr/bin
                   #3  /usr/sbin
                   #4  /usr/local/bin
2022-04-11 09:38:38,368 DEBUG Waiting up to 600 secs for process sudo<tedge_pub3> (pid 11495)
2022-04-11 09:38:38,976 INFO  Executed sudo<tedge_pub3>, exit status 0
2022-04-11 09:38:39,980 DEBUG Process parameters for sudo<kill_out>
  command line : /usr/bin/sudo killall tedge
    arg #1     : killall
    arg #2     : tedge
  working dir  : /home/pi/actions-runner/_work/thin-edge.io/thin-edge.io/tests/PySys/local_mqtt/local_mqtt_pub_sub_with_sudo/Output/linux
  stdout       : /home/pi/actions-runner/_work/thin-edge.io/thin-edge.io/tests/PySys/local_mqtt/local_mqtt_pub_sub_with_sudo/Output/linux/kill_out.out
  stderr       : /home/pi/actions-runner/_work/thin-edge.io/thin-edge.io/tests/PySys/local_mqtt/local_mqtt_pub_sub_with_sudo/Output/linux/kill_out.err
  environment  : LD_LIBRARY_PATH=/usr/lib
  environment  : PATH=/bin:/usr/bin:/usr/sbin:/usr/local/bin
                   #1  /bin
                   #2  /usr/bin
                   #3  /usr/sbin
                   #4  /usr/local/bin
2022-04-11 09:38:39,987 DEBUG Waiting up to 600 secs for process sudo<kill_out> (pid 11497)
2022-04-11 09:38:40,494 INFO  Executed sudo<kill_out>, exit status 0
2022-04-11 09:38:40,495 DEBUG --- test validate
2022-04-11 09:38:40,496 DEBUG Performing regex contains=True grep on file: /home/pi/actions-runner/_work/thin-edge.io/thin-edge.io/tests/PySys/local_mqtt/local_mqtt_pub_sub_with_sudo/Output/linux/tedge_sub.out
2022-04-11 09:38:40,501 DEBUG Grep on file tedge_sub.out successfully matched expression "amessage" with line: '[atopic] amessage\n'
2022-04-11 09:38:40,502 INFO  Grep on file tedge_sub.out ... passed
2022-04-11 09:38:40,503 DEBUG Performing regex contains=True grep on file: /home/pi/actions-runner/_work/thin-edge.io/thin-edge.io/tests/PySys/local_mqtt/local_mqtt_pub_sub_with_sudo/Output/linux/tedge_sub.out
2022-04-11 09:38:40,512 DEBUG Grep on file tedge_sub.out successfully matched expression "the message" with line: '[atopic] the message\n'
2022-04-11 09:38:40,513 INFO  Grep on file tedge_sub.out ... passed
2022-04-11 09:38:40,519 DEBUG --- test cleanup
2022-04-11 09:38:40,520 DEBUG ProcessUser cleanup function done.
2022-04-11 09:38:40,523 INFO  
2022-04-11 09:38:40,524 INFO  Test duration: 2.91 secs
2022-04-11 09:38:40,525 INFO  Test final outcome:  PASSED
2022-04-11 09:38:40,526 INFO  
