2022-04-28 08:31:29,109 INFO  ==============================================================
2022-04-28 08:31:29,110 INFO  Id:    SoftwareManagement.sm_apt_install_remove_default
2022-04-28 08:31:29,111 INFO  Dir:   software_management_end_to_end/
2022-04-28 08:31:29,112 INFO  Title: Validate end to end behaviour for the default plugin for installation and removal of packages
2022-04-28 08:31:29,113 INFO  ==============================================================
2022-04-28 08:31:29,134 INFO  Using sw id database: {'asciijump': '5475369', 'robotfindskitten': '5474869', 'squirrel3': '5475279', 'rolldice': '5152439', 'moon-buggy': '5439204', 'apple': '5495053', 'banana': '5494888', 'cherry': '5495382', 'watermelon': '5494510', 'registry': '8018911', 'hello-world': '8021526', 'docker/getting-started': '8021973', 'alpine': '7991792'}
2022-04-28 08:31:29,135 INFO  EnvironmentC8y Setup
2022-04-28 08:31:29,696 INFO  Executed systemctl<serv_mapper1>, exit status 3
2022-04-28 08:31:29,804 INFO  Restarting mosquitto too frequently in the last 10 seconds. It was only up for 4 seconds
2022-04-28 08:31:29,805 INFO  Delaying execution by 7 seconds
2022-04-28 08:31:51,179 INFO  Executed sudo<tedge_connect_c8y>, exit status 0, duration 14 secs
2022-04-28 08:31:51,845 INFO  Executed sudo<tedge_connect_c8y_test>, exit status 0
2022-04-28 08:31:52,358 INFO  Executed systemctl<serv_mosq2>, exit status 0
2022-04-28 08:31:52,822 INFO  Executed systemctl<serv_mapper3>, exit status 0
2022-04-28 08:31:55,042 INFO  State of current operation: SUCCESSFUL
2022-04-28 08:31:55,290 INFO  Assert that (False == value) with value=False ... passed
2022-04-28 08:31:55,523 INFO  Response status: 201
2022-04-28 08:31:55,524 INFO  Response to action: {
    "creationTime": "2022-04-28T08:31:55.481Z",
    "deviceName": "mythicc",
    "deviceId": "17845532",
    "self": "https://t493319102.eu-latest.cumulocity.com/devicecontrol/operations/17862766",
    "id": "17862766",
    "status": "PENDING",
    "description": "Apply software changes, triggered from PySys: [{'name': 'rolldice', 'id': '5152439', 'version': ' ', 'url': '', 'action': 'install'}]",
    "c8y_SoftwareUpdate": [
        {
            "name": "rolldice",
            "action": "install",
            "id": "5152439",
            "version": " ",
            "url": ""
        }
    ]
}
2022-04-28 08:31:55,525 INFO  Started operation: {'creationTime': '2022-04-28T08:31:55.481Z', 'deviceName': 'mythicc', 'deviceId': '17845532', 'self': 'https://t493319102.eu-latest.cumulocity.com/devicecontrol/operations/17862766', 'id': '17862766', 'status': 'PENDING', 'description': "Apply software changes, triggered from PySys: [{'name': 'rolldice', 'id': '5152439', 'version': ' ', 'url': '', 'action': 'install'}]", 'c8y_SoftwareUpdate': [{'name': 'rolldice', 'action': 'install', 'id': '5152439', 'version': ' ', 'url': ''}]}
2022-04-28 08:31:57,740 INFO  State of operation 17862766 : PENDING
2022-04-28 08:31:59,967 INFO  State of operation 17862766 : EXECUTING
2022-04-28 08:32:02,186 INFO  State of operation 17862766 : EXECUTING
2022-04-28 08:32:04,455 INFO  State of operation 17862766 : EXECUTING
2022-04-28 08:32:06,672 INFO  State of operation 17862766 : EXECUTING
2022-04-28 08:32:08,949 INFO  State of operation 17862766 : EXECUTING
2022-04-28 08:32:11,856 INFO  State of operation 17862766 : EXECUTING
2022-04-28 08:32:14,681 INFO  State of operation 17862766 : EXECUTING
2022-04-28 08:32:17,299 INFO  State of operation 17862766 : EXECUTING
2022-04-28 08:32:19,705 INFO  State of operation 17862766 : EXECUTING
2022-04-28 08:32:21,919 INFO  State of operation 17862766 : EXECUTING
2022-04-28 08:32:24,129 INFO  State of operation 17862766 : EXECUTING
2022-04-28 08:32:26,360 INFO  State of operation 17862766 : EXECUTING
2022-04-28 08:32:28,664 INFO  State of operation 17862766 : EXECUTING
2022-04-28 08:32:31,035 INFO  State of operation 17862766 : EXECUTING
2022-04-28 08:32:33,352 INFO  State of operation 17862766 : EXECUTING
2022-04-28 08:32:36,047 INFO  State of operation 17862766 : EXECUTING
2022-04-28 08:32:38,300 INFO  State of operation 17862766 : EXECUTING
2022-04-28 08:32:40,507 INFO  State of operation 17862766 : EXECUTING
2022-04-28 08:32:43,236 INFO  State of operation 17862766 : EXECUTING
2022-04-28 08:32:45,449 INFO  State of operation 17862766 : EXECUTING
2022-04-28 08:32:47,667 INFO  State of operation 17862766 : EXECUTING
2022-04-28 08:32:50,009 INFO  State of operation 17862766 : EXECUTING
2022-04-28 08:32:52,218 INFO  State of operation 17862766 : EXECUTING
2022-04-28 08:32:54,900 INFO  State of operation 17862766 : EXECUTING
2022-04-28 08:32:57,319 INFO  State of operation 17862766 : EXECUTING
2022-04-28 08:33:00,049 INFO  State of operation 17862766 : EXECUTING
2022-04-28 08:33:02,272 INFO  State of operation 17862766 : EXECUTING
2022-04-28 08:33:04,639 INFO  State of operation 17862766 : EXECUTING
2022-04-28 08:33:06,920 INFO  State of operation 17862766 : EXECUTING
2022-04-28 08:33:09,135 INFO  State of operation 17862766 : EXECUTING
2022-04-28 08:33:11,409 INFO  State of operation 17862766 : EXECUTING
2022-04-28 08:33:13,629 INFO  State of operation 17862766 : SUCCESSFUL
2022-04-28 08:33:13,875 INFO  Package rolldice is installed
2022-04-28 08:33:13,877 INFO  Assert that (True == value) with value=True ... passed
2022-04-28 08:33:14,103 INFO  Response status: 201
2022-04-28 08:33:14,105 INFO  Response to action: {
    "creationTime": "2022-04-28T08:33:14.065Z",
    "deviceName": "mythicc",
    "deviceId": "17845532",
    "self": "https://t493319102.eu-latest.cumulocity.com/devicecontrol/operations/17862788",
    "id": "17862788",
    "status": "PENDING",
    "description": "Apply software changes, triggered from PySys: [{'name': 'rolldice', 'id': '5152439', 'version': ' ', 'url': '', 'action': 'delete'}]",
    "c8y_SoftwareUpdate": [
        {
            "name": "rolldice",
            "action": "delete",
            "id": "5152439",
            "version": " ",
            "url": ""
        }
    ]
}
2022-04-28 08:33:14,106 INFO  Started operation: {'creationTime': '2022-04-28T08:33:14.065Z', 'deviceName': 'mythicc', 'deviceId': '17845532', 'self': 'https://t493319102.eu-latest.cumulocity.com/devicecontrol/operations/17862788', 'id': '17862788', 'status': 'PENDING', 'description': "Apply software changes, triggered from PySys: [{'name': 'rolldice', 'id': '5152439', 'version': ' ', 'url': '', 'action': 'delete'}]", 'c8y_SoftwareUpdate': [{'name': 'rolldice', 'action': 'delete', 'id': '5152439', 'version': ' ', 'url': ''}]}
2022-04-28 08:33:16,328 INFO  State of operation 17862788 : PENDING
2022-04-28 08:33:18,560 INFO  State of operation 17862788 : EXECUTING
2022-04-28 08:33:20,780 INFO  State of operation 17862788 : EXECUTING
2022-04-28 08:33:22,991 INFO  State of operation 17862788 : EXECUTING
2022-04-28 08:33:25,206 INFO  State of operation 17862788 : EXECUTING
2022-04-28 08:33:27,418 INFO  State of operation 17862788 : EXECUTING
2022-04-28 08:33:30,269 INFO  State of operation 17862788 : EXECUTING
2022-04-28 08:33:32,968 INFO  State of operation 17862788 : EXECUTING
2022-04-28 08:33:35,225 INFO  State of operation 17862788 : EXECUTING
2022-04-28 08:33:37,589 INFO  State of operation 17862788 : EXECUTING
2022-04-28 08:33:39,805 INFO  State of operation 17862788 : EXECUTING
2022-04-28 08:33:42,020 INFO  State of operation 17862788 : EXECUTING
2022-04-28 08:33:44,300 INFO  State of operation 17862788 : EXECUTING
2022-04-28 08:33:46,564 INFO  State of operation 17862788 : EXECUTING
2022-04-28 08:33:48,905 INFO  State of operation 17862788 : EXECUTING
2022-04-28 08:33:51,183 INFO  State of operation 17862788 : EXECUTING
2022-04-28 08:33:53,868 INFO  State of operation 17862788 : EXECUTING
2022-04-28 08:33:56,190 INFO  State of operation 17862788 : EXECUTING
2022-04-28 08:33:58,441 INFO  State of operation 17862788 : EXECUTING
2022-04-28 08:34:00,659 INFO  State of operation 17862788 : EXECUTING
2022-04-28 08:34:02,901 INFO  State of operation 17862788 : EXECUTING
2022-04-28 08:34:05,126 INFO  State of operation 17862788 : EXECUTING
2022-04-28 08:34:07,336 INFO  State of operation 17862788 : SUCCESSFUL
2022-04-28 08:34:07,568 INFO  Assert that (False == value) with value=False ... passed
2022-04-28 08:34:07,580 INFO  
2022-04-28 08:34:07,581 INFO  cleanup:
2022-04-28 08:34:11,795 INFO  Executed sudo<tedge_disconnect_c8y>, exit status 0
2022-04-28 08:34:12,358 INFO  Executed systemctl<serv_mapper5>, exit status 3
2022-04-28 08:34:12,362 INFO  
2022-04-28 08:34:12,363 INFO  Test duration: 163.26 secs
2022-04-28 08:34:12,364 INFO  Test final outcome:  PASSED
2022-04-28 08:34:12,365 INFO  
