2022-04-08 10:09:03,557 INFO  ==============================================================
2022-04-08 10:09:03,558 INFO  Id:    apt_prepare_install_finalize
2022-04-08 10:09:03,559 INFO  Dir:   plugin_apt/
2022-04-08 10:09:03,560 INFO  Title: Validate apt plugin install use case
2022-04-08 10:09:03,561 DEBUG Execution order hint: 0.0
2022-04-08 10:09:03,561 INFO  ==============================================================
2022-04-08 10:09:03,568 DEBUG Process parameters for sudo
  command line : /usr/bin/sudo /usr/bin/apt-get remove -y rolldice
    arg #1     : /usr/bin/apt-get
    arg #2     : remove
    arg #3     : -y
    arg #4     : rolldice
  working dir  : /home/pi/actions-runner/_work/thin-edge.io/thin-edge.io/tests/PySys/plugin_apt/apt_prepare_install_finalize/Output/linux
  stdout       : None
  stderr       : None
  environment  : LD_LIBRARY_PATH=/usr/lib
  environment  : PATH=/bin:/usr/bin:/usr/sbin:/usr/local/bin
                   #1  /bin
                   #2  /usr/bin
                   #3  /usr/sbin
                   #4  /usr/local/bin
2022-04-08 10:09:03,576 DEBUG Waiting up to 600 secs for process sudo (pid 13906)
2022-04-08 10:09:10,940 INFO  Executed sudo, exit status 0
2022-04-08 10:09:10,943 DEBUG Process parameters for sudo<outp_check_0>
  command line : /usr/bin/sudo /etc/tedge/sm-plugins/apt list
    arg #1     : /etc/tedge/sm-plugins/apt
    arg #2     : list
  working dir  : /home/pi/actions-runner/_work/thin-edge.io/thin-edge.io/tests/PySys/plugin_apt/apt_prepare_install_finalize/Output/linux
  stdout       : /home/pi/actions-runner/_work/thin-edge.io/thin-edge.io/tests/PySys/plugin_apt/apt_prepare_install_finalize/Output/linux/outp_check_0.out
  stderr       : /home/pi/actions-runner/_work/thin-edge.io/thin-edge.io/tests/PySys/plugin_apt/apt_prepare_install_finalize/Output/linux/outp_check_0.err
  environment  : LD_LIBRARY_PATH=/usr/lib
  environment  : PATH=/bin:/usr/bin:/usr/sbin:/usr/local/bin
                   #1  /bin
                   #2  /usr/bin
                   #3  /usr/sbin
                   #4  /usr/local/bin
2022-04-08 10:09:10,951 DEBUG Waiting up to 600 secs for process sudo<outp_check_0> (pid 13912)
2022-04-08 10:09:13,619 INFO  Executed sudo<outp_check_0>, exit status 0
2022-04-08 10:09:13,621 INFO  Assert that (value==0) with value=0 ... passed
2022-04-08 10:09:13,622 DEBUG Performing regex contains=False grep on file: /home/pi/actions-runner/_work/thin-edge.io/thin-edge.io/tests/PySys/plugin_apt/apt_prepare_install_finalize/Output/linux/outp_check_0.out
2022-04-08 10:09:13,627 INFO  Grep on file outp_check_0.out ... passed
2022-04-08 10:09:13,628 DEBUG --- test execute
2022-04-08 10:09:13,630 DEBUG Process parameters for sudo<outp_prepare>
  command line : /usr/bin/sudo /etc/tedge/sm-plugins/apt prepare
    arg #1     : /etc/tedge/sm-plugins/apt
    arg #2     : prepare
  working dir  : /home/pi/actions-runner/_work/thin-edge.io/thin-edge.io/tests/PySys/plugin_apt/apt_prepare_install_finalize/Output/linux
  stdout       : /home/pi/actions-runner/_work/thin-edge.io/thin-edge.io/tests/PySys/plugin_apt/apt_prepare_install_finalize/Output/linux/outp_prepare.out
  stderr       : /home/pi/actions-runner/_work/thin-edge.io/thin-edge.io/tests/PySys/plugin_apt/apt_prepare_install_finalize/Output/linux/outp_prepare.err
  environment  : LD_LIBRARY_PATH=/usr/lib
  environment  : PATH=/bin:/usr/bin:/usr/sbin:/usr/local/bin
                   #1  /bin
                   #2  /usr/bin
                   #3  /usr/sbin
                   #4  /usr/local/bin
2022-04-08 10:09:13,637 DEBUG Waiting up to 600 secs for process sudo<outp_prepare> (pid 13918)
2022-04-08 10:09:31,851 INFO  Executed sudo<outp_prepare>, exit status 0, duration 18 secs
2022-04-08 10:09:31,853 INFO  Assert that (value==0) with value=0 ... passed
2022-04-08 10:09:31,856 DEBUG Process parameters for sudo<outp_install>
  command line : /usr/bin/sudo /etc/tedge/sm-plugins/apt install rolldice
    arg #1     : /etc/tedge/sm-plugins/apt
    arg #2     : install
    arg #3     : rolldice
  working dir  : /home/pi/actions-runner/_work/thin-edge.io/thin-edge.io/tests/PySys/plugin_apt/apt_prepare_install_finalize/Output/linux
  stdout       : /home/pi/actions-runner/_work/thin-edge.io/thin-edge.io/tests/PySys/plugin_apt/apt_prepare_install_finalize/Output/linux/outp_install.out
  stderr       : /home/pi/actions-runner/_work/thin-edge.io/thin-edge.io/tests/PySys/plugin_apt/apt_prepare_install_finalize/Output/linux/outp_install.err
  environment  : LD_LIBRARY_PATH=/usr/lib
  environment  : PATH=/bin:/usr/bin:/usr/sbin:/usr/local/bin
                   #1  /bin
                   #2  /usr/bin
                   #3  /usr/sbin
                   #4  /usr/local/bin
2022-04-08 10:09:31,863 DEBUG Waiting up to 600 secs for process sudo<outp_install> (pid 14033)
2022-04-08 10:10:16,899 INFO  Executed sudo<outp_install>, exit status 0, duration 45 secs
2022-04-08 10:10:16,901 INFO  Assert that (value==0) with value=0 ... passed
2022-04-08 10:10:16,908 DEBUG Process parameters for sudo<outp_finalize>
  command line : /usr/bin/sudo /etc/tedge/sm-plugins/apt finalize
    arg #1     : /etc/tedge/sm-plugins/apt
    arg #2     : finalize
  working dir  : /home/pi/actions-runner/_work/thin-edge.io/thin-edge.io/tests/PySys/plugin_apt/apt_prepare_install_finalize/Output/linux
  stdout       : /home/pi/actions-runner/_work/thin-edge.io/thin-edge.io/tests/PySys/plugin_apt/apt_prepare_install_finalize/Output/linux/outp_finalize.out
  stderr       : /home/pi/actions-runner/_work/thin-edge.io/thin-edge.io/tests/PySys/plugin_apt/apt_prepare_install_finalize/Output/linux/outp_finalize.err
  environment  : LD_LIBRARY_PATH=/usr/lib
  environment  : PATH=/bin:/usr/bin:/usr/sbin:/usr/local/bin
                   #1  /bin
                   #2  /usr/bin
                   #3  /usr/sbin
                   #4  /usr/local/bin
2022-04-08 10:10:16,915 DEBUG Waiting up to 600 secs for process sudo<outp_finalize> (pid 14161)
2022-04-08 10:10:24,300 INFO  Executed sudo<outp_finalize>, exit status 0
2022-04-08 10:10:24,301 INFO  Assert that (value==0) with value=0 ... passed
2022-04-08 10:10:24,302 DEBUG --- test validate
2022-04-08 10:10:24,304 DEBUG Process parameters for sudo<outp_check_1>
  command line : /usr/bin/sudo /etc/tedge/sm-plugins/apt list
    arg #1     : /etc/tedge/sm-plugins/apt
    arg #2     : list
  working dir  : /home/pi/actions-runner/_work/thin-edge.io/thin-edge.io/tests/PySys/plugin_apt/apt_prepare_install_finalize/Output/linux
  stdout       : /home/pi/actions-runner/_work/thin-edge.io/thin-edge.io/tests/PySys/plugin_apt/apt_prepare_install_finalize/Output/linux/outp_check_1.out
  stderr       : /home/pi/actions-runner/_work/thin-edge.io/thin-edge.io/tests/PySys/plugin_apt/apt_prepare_install_finalize/Output/linux/outp_check_1.err
  environment  : LD_LIBRARY_PATH=/usr/lib
  environment  : PATH=/bin:/usr/bin:/usr/sbin:/usr/local/bin
                   #1  /bin
                   #2  /usr/bin
                   #3  /usr/sbin
                   #4  /usr/local/bin
2022-04-08 10:10:24,312 DEBUG Waiting up to 600 secs for process sudo<outp_check_1> (pid 14166)
2022-04-08 10:10:26,929 INFO  Executed sudo<outp_check_1>, exit status 0
2022-04-08 10:10:26,931 INFO  Assert that (value==0) with value=0 ... passed
2022-04-08 10:10:26,932 DEBUG Performing regex contains=True grep on file: /home/pi/actions-runner/_work/thin-edge.io/thin-edge.io/tests/PySys/plugin_apt/apt_prepare_install_finalize/Output/linux/outp_check_1.out
2022-04-08 10:10:26,937 DEBUG Grep on file outp_check_1.out successfully matched expression "rolldice" with line: 'rolldice\t1.16-1+b1\n'
2022-04-08 10:10:26,939 INFO  Grep on file outp_check_1.out ... passed
2022-04-08 10:10:26,945 DEBUG --- test cleanup
2022-04-08 10:10:26,946 INFO  
2022-04-08 10:10:26,946 INFO  cleanup:
2022-04-08 10:10:26,947 DEBUG Running registered cleanup function: <bound method AptPluginPrepareInstallFinalize.cleanup_prepare of <AptPluginPrepareInstallFinalize object at 0x760deb10>>
2022-04-08 10:10:26,949 DEBUG Process parameters for sudo
  command line : /usr/bin/sudo /usr/bin/apt-get remove -y rolldice
    arg #1     : /usr/bin/apt-get
    arg #2     : remove
    arg #3     : -y
    arg #4     : rolldice
  working dir  : /home/pi/actions-runner/_work/thin-edge.io/thin-edge.io/tests/PySys/plugin_apt/apt_prepare_install_finalize/Output/linux
  stdout       : None
  stderr       : None
  environment  : LD_LIBRARY_PATH=/usr/lib
  environment  : PATH=/bin:/usr/bin:/usr/sbin:/usr/local/bin
                   #1  /bin
                   #2  /usr/bin
                   #3  /usr/sbin
                   #4  /usr/local/bin
2022-04-08 10:10:26,956 DEBUG Waiting up to 600 secs for process sudo (pid 14173)
2022-04-08 10:10:40,403 INFO  Executed sudo, exit status 0, duration 13 secs
2022-04-08 10:10:40,404 DEBUG ProcessUser cleanup function done.
2022-04-08 10:10:40,407 INFO  
2022-04-08 10:10:40,408 INFO  Test duration: 96.86 secs
2022-04-08 10:10:40,409 INFO  Test final outcome:  PASSED
2022-04-08 10:10:40,410 INFO  
