2022-05-03 07:38:21,059 INFO  ==============================================================
2022-05-03 07:38:21,060 INFO  Id:    log_request_error_messages
2022-05-03 07:38:21,060 INFO  Dir:   log_request_end_to_end/
2022-05-03 07:38:21,060 INFO  Title: Validate end to end behaviour for the log request operation check for error messages
2022-05-03 07:38:21,060 INFO  ==============================================================
2022-05-03 07:38:21,150 INFO  EnvironmentC8y Setup
2022-05-03 07:38:21,251 INFO  Executed systemctl<serv_mapper1>, exit status 3
2022-05-03 07:38:21,265 INFO  Restarting mosquitto too frequently in the last 10 seconds. It was only up for 0 seconds
2022-05-03 07:38:21,265 INFO  Delaying execution by 11 seconds
2022-05-03 07:38:49,879 INFO  Executed sudo<tedge_connect_c8y>, exit status 0, duration 17 secs
2022-05-03 07:38:50,032 INFO  Executed sudo<tedge_connect_c8y_test>, exit status 0
2022-05-03 07:38:50,134 INFO  Executed systemctl<serv_mosq2>, exit status 0
2022-05-03 07:38:50,236 INFO  Executed systemctl<serv_mapper3>, exit status 0
2022-05-03 07:38:50,339 INFO  Executed sudo<rm_logs>, exit status 0
2022-05-03 07:38:50,442 INFO  Executed sudo<move_logs>, exit status 0
2022-05-03 07:38:50,696 INFO  log response None
2022-05-03 07:38:50,696 WARN  retry, retrying in 1 seconds...
2022-05-03 07:38:51,810 INFO  log response https://thin-edge-io.eu-latest.cumulocity.com/event/events/18214386/binaries
2022-05-03 07:38:51,972 WARN  Assert that (True == value) with value=False ... failed [run.py:43]
2022-05-03 07:38:51,973 INFO  
2022-05-03 07:38:51,973 INFO  cleanup:
2022-05-03 07:38:52,075 INFO  Executed sudo<rm_logs>, exit status 0
2022-05-03 07:38:52,177 INFO  Executed sudo<rm_tmp_logs>, exit status 0
2022-05-03 07:38:52,280 INFO  Executed sudo<send_failed>, exit status 0
2022-05-03 07:38:52,293 INFO  Restarting mosquitto too frequently in the last 10 seconds. It was only up for 9 seconds
2022-05-03 07:38:52,294 INFO  Delaying execution by 2 seconds
2022-05-03 07:39:05,279 INFO  Executed sudo<tedge_disconnect_c8y>, exit status 0
2022-05-03 07:39:05,381 INFO  Executed systemctl<serv_mapper5>, exit status 3
2022-05-03 07:39:05,382 INFO  
2022-05-03 07:39:05,382 INFO  Test duration: 44.32 secs
2022-05-03 07:39:05,382 INFO  Test final outcome:  FAILED
2022-05-03 07:39:05,382 INFO  Test outcome reason: Assert that (True == value) with value=False
2022-05-03 07:39:05,382 INFO  
