2022-05-09 07:13:43,299 INFO  ==============================================================
2022-05-09 07:13:43,300 INFO  Id:    mapper_awaits_before_reconnect
2022-05-09 07:13:43,301 INFO  Dir:   tedge_mapper_c8y/
2022-05-09 07:13:43,302 INFO  Title: Validate mapper doesn't reconnect too often
2022-05-09 07:13:43,305 INFO  ==============================================================
2022-05-09 07:13:43,314 INFO  EnvironmentC8y Setup
2022-05-09 07:13:43,878 INFO  Executed systemctl<serv_mapper1>, exit status 3
2022-05-09 07:13:57,907 INFO  Executed sudo<tedge_connect_c8y>, exit status 0, duration 13 secs
2022-05-09 07:13:58,888 INFO  Executed sudo<tedge_connect_c8y_test>, exit status 0
2022-05-09 07:13:59,356 INFO  Executed systemctl<serv_mosq2>, exit status 0
2022-05-09 07:13:59,819 INFO  Executed systemctl<serv_mapper3>, exit status 0
2022-05-09 07:13:59,829 INFO  Started mosquitto_sub with process id 1557
2022-05-09 07:13:59,832 INFO  Waiting for 0.1 seconds
2022-05-09 07:14:00,497 INFO  Executed sudo<tedge_mapper>, exit status 0
2022-05-09 07:14:00,498 INFO  Waiting for 5.0 seconds
2022-05-09 07:14:06,065 INFO  Executed sudo<tedge_mapper>, exit status 0
2022-05-09 07:14:07,937 INFO  Executed sudo<tedge_mapper_journal>, exit status 0
2022-05-09 07:14:07,944 INFO  Grep on file tedge_mapper_journal.out ... passed
2022-05-09 07:14:07,953 INFO  Line count on file tedge_mapper_journal.out ... passed
2022-05-09 07:14:07,958 INFO  Line count on file tedge_mapper_journal.out ... passed
2022-05-09 07:14:07,967 INFO  
2022-05-09 07:14:07,968 INFO  cleanup:
2022-05-09 07:14:11,897 INFO  Executed sudo<tedge_disconnect_c8y>, exit status 0
2022-05-09 07:14:12,460 INFO  Executed systemctl<serv_mapper5>, exit status 3
2022-05-09 07:14:12,467 INFO  
2022-05-09 07:14:12,468 INFO  Test duration: 29.17 secs
2022-05-09 07:14:12,469 INFO  Test final outcome:  PASSED
2022-05-09 07:14:12,470 INFO  
