2022-04-12 08:49:04,597 INFO  ==============================================================
2022-04-12 08:49:04,598 INFO  Id:    tedge_software_update
2022-04-12 08:49:04,599 INFO  Dir:   tedge/
2022-04-12 08:49:04,600 INFO  Title: Software install from download path
2022-04-12 08:49:04,601 INFO  ==============================================================
2022-04-12 08:49:04,609 INFO  EnvironmentC8y Setup
2022-04-12 08:49:05,186 INFO  Executed systemctl<serv_mapper1>, exit status 3
2022-04-12 08:49:18,839 INFO  Executed sudo<tedge_connect_c8y>, exit status 0, duration 13 secs
2022-04-12 08:49:19,407 INFO  Executed sudo<tedge_connect_c8y_test>, exit status 0
2022-04-12 08:49:19,881 INFO  Executed systemctl<serv_mosq2>, exit status 0
2022-04-12 08:49:20,344 INFO  Executed systemctl<serv_mapper3>, exit status 0
2022-04-12 08:49:20,346 INFO  Setup
2022-04-12 08:49:20,860 INFO  Executed sudo<mkdir>, exit status 0
2022-04-12 08:49:21,354 INFO  Executed sudo<chmod>, exit status 0
2022-04-12 08:49:21,870 INFO  Executed sudo<tedge_config_get_original>, exit status 0
2022-04-12 08:49:22,382 INFO  Executed sudo, exit status 0
2022-04-12 08:49:22,895 INFO  Executed sudo<tedge_config_get_new_value>, exit status 0
2022-04-12 08:49:23,458 INFO  Executed sudo<rolldice_download>, exit status 0
2022-04-12 08:49:23,465 INFO  Grep on file tedge_config_get_new_value.out ... passed
2022-04-12 08:49:23,474 INFO  
2022-04-12 08:49:23,475 INFO  cleanup:
2022-04-12 08:49:24,143 INFO  Executed sudo, exit status 0
2022-04-12 08:49:24,707 INFO  Executed sudo<tedge_config_get_cleanup>, exit status 0
2022-04-12 08:49:24,713 INFO  Grep on file tedge_config_get_cleanup.out ... passed
2022-04-12 08:49:25,253 INFO  Executed sudo<rmdir>, exit status 0
2022-04-12 08:49:29,260 INFO  Executed sudo<tedge_disconnect_c8y>, exit status 0
2022-04-12 08:49:29,839 INFO  Executed systemctl<serv_mapper5>, exit status 3
2022-04-12 08:49:29,844 INFO  
2022-04-12 08:49:29,845 INFO  Test duration: 25.25 secs
2022-04-12 08:49:29,846 INFO  Test final outcome:  PASSED
2022-04-12 08:49:29,847 INFO  
