2022-05-02 14:52:08,443 INFO  ==============================================================
2022-05-02 14:52:08,443 INFO  Id:    log_request_num_lines
2022-05-02 14:52:08,443 INFO  Dir:   log_request_end_to_end/
2022-05-02 14:52:08,443 INFO  Title: Validate end to end behaviour for the log request operation check for number of lines
2022-05-02 14:52:08,443 INFO  ==============================================================
2022-05-02 14:52:08,444 INFO  EnvironmentC8y Setup
2022-05-02 14:52:08,546 INFO  Executed systemctl<serv_mapper1>, exit status 3
2022-05-02 14:52:08,558 INFO  Restarting mosquitto too frequently in the last 10 seconds. It was only up for 1 seconds
2022-05-02 14:52:08,558 INFO  Delaying execution by 10 seconds
2022-05-02 14:52:35,894 INFO  Executed sudo<tedge_connect_c8y>, exit status 0, duration 17 secs
2022-05-02 14:52:36,046 INFO  Executed sudo<tedge_connect_c8y_test>, exit status 0
2022-05-02 14:52:36,098 INFO  Executed systemctl<serv_mosq2>, exit status 0
2022-05-02 14:52:36,150 INFO  Executed systemctl<serv_mapper3>, exit status 0
2022-05-02 14:52:36,202 INFO  Executed sudo<rm_logs>, exit status 0
2022-05-02 14:52:36,305 INFO  Executed sudo<move_logs>, exit status 0
2022-05-02 14:52:36,568 INFO  log response None
2022-05-02 14:52:36,568 WARN  retry, retrying in 1 seconds...
2022-05-02 14:52:37,680 INFO  log response https://thin-edge-io.eu-latest.cumulocity.com/event/events/18176180/binaries
2022-05-02 14:52:37,819 INFO  nlines 0
2022-05-02 14:52:37,821 WARN  Assert that (True == value) with value=False ... failed [run.py:44]
2022-05-02 14:52:37,821 INFO  
2022-05-02 14:52:37,821 INFO  cleanup:
2022-05-02 14:52:37,923 INFO  Executed sudo<rm_logs>, exit status 0
2022-05-02 14:52:38,025 INFO  Executed sudo<rm_tmp_logs>, exit status 0
2022-05-02 14:52:38,128 INFO  Executed sudo<send_failed>, exit status 0
2022-05-02 14:52:38,142 INFO  Restarting mosquitto too frequently in the last 10 seconds. It was only up for 9 seconds
2022-05-02 14:52:38,142 INFO  Delaying execution by 2 seconds
2022-05-02 14:52:51,032 INFO  Executed sudo<tedge_disconnect_c8y>, exit status 0
2022-05-02 14:52:51,135 INFO  Executed systemctl<serv_mapper5>, exit status 3
2022-05-02 14:52:51,135 INFO  
2022-05-02 14:52:51,135 INFO  Test duration: 42.69 secs
2022-05-02 14:52:51,136 INFO  Test final outcome:  FAILED
2022-05-02 14:52:51,136 INFO  Test outcome reason: Assert that (True == value) with value=False
2022-05-02 14:52:51,136 INFO  
