2022-04-15 10:07:44,704 INFO  ==============================================================
2022-04-15 10:07:44,705 INFO  Id:    SoftwareManagement.sm_apt_install_remove_multiple
2022-04-15 10:07:44,707 INFO  Dir:   software_management_end_to_end/
2022-04-15 10:07:44,707 INFO  Title: Validate end to end behaviour for the apt plugin for multiple packages
2022-04-15 10:07:44,708 INFO  ==============================================================
2022-04-15 10:07:44,717 INFO  Using sw id database: {'asciijump': '5475369', 'robotfindskitten': '5474869', 'squirrel3': '5475279', 'rolldice': '5152439', 'moon-buggy': '5439204', 'apple': '5495053', 'banana': '5494888', 'cherry': '5495382', 'watermelon': '5494510', 'registry': '8018911', 'hello-world': '8021526', 'docker/getting-started': '8021973', 'alpine': '7991792'}
2022-04-15 10:07:44,718 INFO  EnvironmentC8y Setup
2022-04-15 10:07:45,280 INFO  Executed systemctl<serv_mapper1>, exit status 3
2022-04-15 10:07:45,384 INFO  Restarting mosquitto too frequently in the last 10 seconds. It was only up for 5 seconds
2022-04-15 10:07:45,385 INFO  Delaying execution by 6 seconds
2022-04-15 10:08:05,585 INFO  Executed sudo<tedge_connect_c8y>, exit status 0, duration 14 secs
2022-04-15 10:08:06,181 INFO  Executed sudo<tedge_connect_c8y_test>, exit status 0
2022-04-15 10:08:06,695 INFO  Executed systemctl<serv_mosq2>, exit status 0
2022-04-15 10:08:07,163 INFO  Executed systemctl<serv_mapper3>, exit status 0
2022-04-15 10:08:09,388 INFO  State of current operation: SUCCESSFUL
2022-04-15 10:08:09,619 INFO  Assert that (False == value) with value=False ... passed
2022-04-15 10:08:09,866 INFO  Package asciijump is installed
2022-04-15 10:08:10,203 WARN  Assert that (False == value) with value=True ... failed 
2022-04-15 10:08:10,463 INFO  Package squirrel3 is installed
2022-04-15 10:08:10,497 WARN  Assert that (False == value) with value=True ... failed 
2022-04-15 10:08:10,735 INFO  Package robotfindskitten is installed
2022-04-15 10:08:10,761 WARN  Assert that (False == value) with value=True ... failed 
2022-04-15 10:08:11,107 INFO  Response status: 201
2022-04-15 10:08:11,111 INFO  Response to action: {
    "creationTime": "2022-04-15T10:08:11.033Z",
    "deviceName": "mythicd",
    "deviceId": "17361610",
    "self": "https://t493319102.eu-latest.cumulocity.com/devicecontrol/operations/17372163",
    "id": "17372163",
    "status": "PENDING",
    "description": "Apply software changes, triggered from PySys: [{'action': 'install', 'id': '5475369', 'name': 'asciijump', 'url': ' ', 'version': '::apt'}, {'action': 'install', 'id': '5474869', 'name': 'robotfindskitten', 'url': ' ', 'version': '::apt'}, {'action': 'install', 'id': '5475279', 'name': 'squirrel3', 'url': ' ', 'version': '::apt'}]",
    "c8y_SoftwareUpdate": [
        {
            "name": "asciijump",
            "action": "install",
            "id": "5475369",
            "version": "::apt",
            "url": " "
        },
        {
            "name": "robotfindskitten",
            "action": "install",
            "id": "5474869",
            "version": "::apt",
            "url": " "
        },
        {
            "name": "squirrel3",
            "action": "install",
            "id": "5475279",
            "version": "::apt",
            "url": " "
        }
    ]
}
2022-04-15 10:08:11,113 INFO  Started operation: {'creationTime': '2022-04-15T10:08:11.033Z', 'deviceName': 'mythicd', 'deviceId': '17361610', 'self': 'https://t493319102.eu-latest.cumulocity.com/devicecontrol/operations/17372163', 'id': '17372163', 'status': 'PENDING', 'description': "Apply software changes, triggered from PySys: [{'action': 'install', 'id': '5475369', 'name': 'asciijump', 'url': ' ', 'version': '::apt'}, {'action': 'install', 'id': '5474869', 'name': 'robotfindskitten', 'url': ' ', 'version': '::apt'}, {'action': 'install', 'id': '5475279', 'name': 'squirrel3', 'url': ' ', 'version': '::apt'}]", 'c8y_SoftwareUpdate': [{'name': 'asciijump', 'action': 'install', 'id': '5475369', 'version': '::apt', 'url': ' '}, {'name': 'robotfindskitten', 'action': 'install', 'id': '5474869', 'version': '::apt', 'url': ' '}, {'name': 'squirrel3', 'action': 'install', 'id': '5475279', 'version': '::apt', 'url': ' '}]}
2022-04-15 10:08:13,332 INFO  State of operation 17372163 : PENDING
2022-04-15 10:08:15,581 INFO  State of operation 17372163 : EXECUTING
2022-04-15 10:08:17,797 INFO  State of operation 17372163 : EXECUTING
2022-04-15 10:08:20,015 INFO  State of operation 17372163 : EXECUTING
2022-04-15 10:08:22,249 INFO  State of operation 17372163 : EXECUTING
2022-04-15 10:08:24,466 INFO  State of operation 17372163 : EXECUTING
2022-04-15 10:08:27,237 INFO  State of operation 17372163 : EXECUTING
2022-04-15 10:08:29,963 INFO  State of operation 17372163 : EXECUTING
2022-04-15 10:08:32,489 INFO  State of operation 17372163 : EXECUTING
2022-04-15 10:08:34,965 INFO  State of operation 17372163 : EXECUTING
2022-04-15 10:08:37,208 INFO  State of operation 17372163 : EXECUTING
2022-04-15 10:08:39,435 INFO  State of operation 17372163 : EXECUTING
2022-04-15 10:08:41,734 INFO  State of operation 17372163 : EXECUTING
2022-04-15 10:08:43,975 INFO  State of operation 17372163 : EXECUTING
2022-04-15 10:08:46,190 INFO  State of operation 17372163 : EXECUTING
2022-04-15 10:08:48,398 INFO  State of operation 17372163 : SUCCESSFUL
2022-04-15 10:08:48,631 INFO  Assert that (False == value) with value=False ... passed
2022-04-15 10:08:48,858 INFO  Package asciijump is installed
2022-04-15 10:08:48,860 INFO  Assert that (True == value) with value=True ... passed
2022-04-15 10:08:49,089 INFO  Package squirrel3 is installed
2022-04-15 10:08:49,091 INFO  Assert that (True == value) with value=True ... passed
2022-04-15 10:08:49,321 INFO  Package robotfindskitten is installed
2022-04-15 10:08:49,324 INFO  Assert that (True == value) with value=True ... passed
2022-04-15 10:08:49,543 INFO  Response status: 201
2022-04-15 10:08:49,544 INFO  Response to action: {
    "creationTime": "2022-04-15T10:08:49.502Z",
    "deviceName": "mythicd",
    "deviceId": "17361610",
    "self": "https://t493319102.eu-latest.cumulocity.com/devicecontrol/operations/17372165",
    "id": "17372165",
    "status": "PENDING",
    "description": "Apply software changes, triggered from PySys: [{'action': 'delete', 'id': '5475369', 'name': 'asciijump', 'url': ' ', 'version': '::apt'}, {'action': 'delete', 'id': '5474869', 'name': 'robotfindskitten', 'url': ' ', 'version': '::apt'}, {'action': 'delete', 'id': '5475279', 'name': 'squirrel3', 'url': ' ', 'version': '::apt'}]",
    "c8y_SoftwareUpdate": [
        {
            "name": "asciijump",
            "action": "delete",
            "id": "5475369",
            "version": "::apt",
            "url": " "
        },
        {
            "name": "robotfindskitten",
            "action": "delete",
            "id": "5474869",
            "version": "::apt",
            "url": " "
        },
        {
            "name": "squirrel3",
            "action": "delete",
            "id": "5475279",
            "version": "::apt",
            "url": " "
        }
    ]
}
2022-04-15 10:08:49,545 INFO  Started operation: {'creationTime': '2022-04-15T10:08:49.502Z', 'deviceName': 'mythicd', 'deviceId': '17361610', 'self': 'https://t493319102.eu-latest.cumulocity.com/devicecontrol/operations/17372165', 'id': '17372165', 'status': 'PENDING', 'description': "Apply software changes, triggered from PySys: [{'action': 'delete', 'id': '5475369', 'name': 'asciijump', 'url': ' ', 'version': '::apt'}, {'action': 'delete', 'id': '5474869', 'name': 'robotfindskitten', 'url': ' ', 'version': '::apt'}, {'action': 'delete', 'id': '5475279', 'name': 'squirrel3', 'url': ' ', 'version': '::apt'}]", 'c8y_SoftwareUpdate': [{'name': 'asciijump', 'action': 'delete', 'id': '5475369', 'version': '::apt', 'url': ' '}, {'name': 'robotfindskitten', 'action': 'delete', 'id': '5474869', 'version': '::apt', 'url': ' '}, {'name': 'squirrel3', 'action': 'delete', 'id': '5475279', 'version': '::apt', 'url': ' '}]}
2022-04-15 10:08:51,760 INFO  State of operation 17372165 : PENDING
2022-04-15 10:08:53,976 INFO  State of operation 17372165 : EXECUTING
2022-04-15 10:08:56,192 INFO  State of operation 17372165 : EXECUTING
2022-04-15 10:08:58,409 INFO  State of operation 17372165 : EXECUTING
2022-04-15 10:09:00,699 INFO  State of operation 17372165 : EXECUTING
2022-04-15 10:09:02,913 INFO  State of operation 17372165 : EXECUTING
2022-04-15 10:09:05,718 INFO  State of operation 17372165 : EXECUTING
2022-04-15 10:09:08,461 INFO  State of operation 17372165 : EXECUTING
2022-04-15 10:09:10,782 INFO  State of operation 17372165 : EXECUTING
2022-04-15 10:09:13,259 INFO  State of operation 17372165 : EXECUTING
2022-04-15 10:09:15,490 INFO  State of operation 17372165 : EXECUTING
2022-04-15 10:09:17,711 INFO  State of operation 17372165 : EXECUTING
2022-04-15 10:09:19,930 INFO  State of operation 17372165 : EXECUTING
2022-04-15 10:09:22,177 INFO  State of operation 17372165 : EXECUTING
2022-04-15 10:09:24,388 INFO  State of operation 17372165 : EXECUTING
2022-04-15 10:09:26,698 INFO  State of operation 17372165 : EXECUTING
2022-04-15 10:09:29,083 INFO  State of operation 17372165 : EXECUTING
2022-04-15 10:09:31,316 INFO  State of operation 17372165 : EXECUTING
2022-04-15 10:09:34,103 INFO  State of operation 17372165 : EXECUTING
2022-04-15 10:09:36,368 INFO  State of operation 17372165 : EXECUTING
2022-04-15 10:09:38,689 INFO  State of operation 17372165 : EXECUTING
2022-04-15 10:09:40,994 INFO  State of operation 17372165 : EXECUTING
2022-04-15 10:09:43,212 INFO  State of operation 17372165 : EXECUTING
2022-04-15 10:09:45,501 INFO  State of operation 17372165 : EXECUTING
2022-04-15 10:09:47,769 INFO  State of operation 17372165 : EXECUTING
2022-04-15 10:09:50,417 INFO  State of operation 17372165 : EXECUTING
2022-04-15 10:09:52,684 INFO  State of operation 17372165 : EXECUTING
2022-04-15 10:09:55,075 INFO  State of operation 17372165 : EXECUTING
2022-04-15 10:09:57,343 INFO  State of operation 17372165 : EXECUTING
2022-04-15 10:09:59,555 INFO  State of operation 17372165 : SUCCESSFUL
2022-04-15 10:09:59,777 INFO  Assert that (False == value) with value=False ... passed
2022-04-15 10:10:00,026 INFO  Assert that (False == value) with value=False ... passed
2022-04-15 10:10:00,280 INFO  Assert that (False == value) with value=False ... passed
2022-04-15 10:10:00,598 INFO  Assert that (False == value) with value=False ... passed
2022-04-15 10:10:00,612 INFO  
2022-04-15 10:10:00,613 INFO  cleanup:
2022-04-15 10:10:04,941 INFO  Executed sudo<tedge_disconnect_c8y>, exit status 0
2022-04-15 10:10:05,503 INFO  Executed systemctl<serv_mapper5>, exit status 3
2022-04-15 10:10:05,508 INFO  
2022-04-15 10:10:05,508 INFO  Test duration: 140.82 secs
2022-04-15 10:10:05,510 INFO  Test final outcome:  FAILED
2022-04-15 10:10:05,511 INFO  Test outcome reason: Assert that (False == value) with value=True (+2 other failures)
2022-04-15 10:10:05,511 INFO  
