2022-05-02 15:22:43,583 INFO  ==============================================================
2022-05-02 15:22:43,584 INFO  Id:    docker_plugin_update
2022-05-02 15:22:43,584 INFO  Dir:   plugin_docker/
2022-05-02 15:22:43,584 INFO  Title: Validate docker plugin install updates existing containers
2022-05-02 15:22:43,584 INFO  ==============================================================
2022-05-02 15:22:43,686 INFO  Executed sudo<docker_images>, exit status 0
2022-05-02 15:22:43,687 INFO  Grep on file /home/pi/actions-runner/_work/thin-edge.io/thin-edge.io/tests/PySys/plugin_docker/docker_plugin_update/Output/linux/docker_images.out ... passed
2022-05-02 15:22:47,958 INFO  Executed sudo<docker_run>, exit status 0
2022-05-02 15:22:48,111 INFO  Executed sudo<docker_ps>, exit status 0
2022-05-02 15:22:48,112 INFO  Grep on file /home/pi/actions-runner/_work/thin-edge.io/thin-edge.io/tests/PySys/plugin_docker/docker_plugin_update/Output/linux/docker_ps.out ... passed
2022-05-02 15:22:52,176 INFO  Executed sudo<plugin_install>, exit status 0
2022-05-02 15:22:52,278 INFO  Executed sudo<docker_ps_latest>, exit status 0
2022-05-02 15:22:52,379 INFO  Executed sudo<docker_ps>, exit status 0
2022-05-02 15:22:52,380 INFO  Grep on file /home/pi/actions-runner/_work/thin-edge.io/thin-edge.io/tests/PySys/plugin_docker/docker_plugin_update/Output/linux/docker_ps.out ... passed
2022-05-02 15:22:52,481 INFO  Executed sudo<docker_ps>, exit status 0
2022-05-02 15:22:52,482 INFO  Grep on file /home/pi/actions-runner/_work/thin-edge.io/thin-edge.io/tests/PySys/plugin_docker/docker_plugin_update/Output/linux/docker_ps.out ... passed
2022-05-02 15:22:52,482 INFO  
2022-05-02 15:22:52,482 INFO  cleanup:
2022-05-02 15:22:52,482 INFO  Removing containers scheduled to be cleaned up: ['8db3b56ef34b', '42e1f921dcf0', '4697fe5ca1a42d3c5ff108054bcde8421a1b0b52315c5687c0b09c559199c31e\n', '023314d955848e589d41a335afbf5b816120e6e1148d92fac75fafc2cbea87e2\n', '28f7021fcb7315a9ed5a3a01cfc1c3b62706e6aff5bf934e749a3c480416a016\n', '3f8bc88e1862']
2022-05-02 15:22:52,836 INFO  Executed sudo<containers_for_cleanup>, exit status 0
2022-05-02 15:22:52,836 INFO  Removing images scheduled to be cleaned up: ['registry', 'registry', 'registry:2.7.1', 'registry', 'registry:2.7.1', 'registry:2.6.2', 'registry:2.7.1']
2022-05-02 15:22:52,988 INFO  Executed sudo<containers_for_cleanup>, exit status 0
2022-05-02 15:22:52,988 INFO  
2022-05-02 15:22:52,988 INFO  Test duration: 9.40 secs
2022-05-02 15:22:52,989 INFO  Test final outcome:  PASSED
2022-05-02 15:22:52,989 INFO  
