2022-05-16 07:42:26,425 INFO  ==============================================================
2022-05-16 07:42:26,426 INFO  Id:    apt_install
2022-05-16 07:42:26,427 INFO  Dir:   plugin_apt/
2022-05-16 07:42:26,428 INFO  Title: Validate apt plugin prepare - dense version
2022-05-16 07:42:26,429 INFO  ==============================================================
2022-05-16 07:42:31,970 INFO  Executed sudo, exit status 0
2022-05-16 07:42:34,793 INFO  Executed sudo<outp_check_0>, exit status 0
2022-05-16 07:42:34,796 INFO  Assert that (value==0) with value=0 ... passed
2022-05-16 07:42:34,806 INFO  Grep on file outp_check_0.out ... passed
2022-05-16 07:43:20,418 INFO  Executed sudo<outp_install>, exit status 0, duration 45 secs
2022-05-16 07:43:20,421 INFO  Assert that (value==0) with value=0 ... passed
2022-05-16 07:43:26,174 INFO  Executed sudo<outp_check_1>, exit status 0
2022-05-16 07:43:26,176 INFO  Assert that (value==0) with value=0 ... passed
2022-05-16 07:43:26,181 INFO  Grep on file outp_check_1.out ... passed
2022-05-16 07:43:26,187 INFO  
2022-05-16 07:43:26,188 INFO  cleanup:
2022-05-16 07:43:42,593 INFO  Executed sudo, exit status 0, duration 16 secs
2022-05-16 07:43:42,597 INFO  
2022-05-16 07:43:42,598 INFO  Test duration: 76.18 secs
2022-05-16 07:43:42,600 INFO  Test final outcome:  PASSED
2022-05-16 07:43:42,601 INFO  
