2022-05-23 09:13:32,753 INFO  ==============================================================
2022-05-23 09:13:32,754 INFO  Id:    invalid_device_id
2022-05-23 09:13:32,755 INFO  Dir:   misc_features/
2022-05-23 09:13:32,756 INFO  Title: Invalid Device ID
2022-05-23 09:13:32,757 INFO  ==============================================================
2022-05-23 09:13:33,277 INFO  Executed sudo<create_cert_dir>, exit status 0
2022-05-23 09:13:33,788 INFO  Executed sudo<create_cert_dir>, exit status 0
2022-05-23 09:13:34,348 INFO  Executed sudo<set_cert_path>, exit status 0
2022-05-23 09:13:34,963 INFO  Executed sudo<set_key_path>, exit status 0
2022-05-23 09:13:35,729 INFO  Executed sudo<cert_create>, exit status 1
2022-05-23 09:13:35,735 INFO  Grep on file cert_create.err ... passed
2022-05-23 09:13:35,741 INFO  
2022-05-23 09:13:35,742 INFO  cleanup:
2022-05-23 09:13:36,271 INFO  Executed sudo<unset_cert_path>, exit status 0
2022-05-23 09:13:36,832 INFO  Executed sudo<unset_key_path>, exit status 0
2022-05-23 09:13:37,381 INFO  Executed sudo<remove_cert_dir>, exit status 0
2022-05-23 09:13:37,385 INFO  
2022-05-23 09:13:37,385 INFO  Test duration: 4.64 secs
2022-05-23 09:13:37,387 INFO  Test final outcome:  PASSED
2022-05-23 09:13:37,387 INFO  
