2022-05-09 08:01:35,482 INFO  ==============================================================
2022-05-09 08:01:35,483 INFO  Id:    SoftwareManagement.Plugin.apama_plugin_install
2022-05-09 08:01:35,487 INFO  Dir:   plugin_apama/
2022-05-09 08:01:35,489 INFO  Title: Validate apama plugin install
2022-05-09 08:01:35,490 INFO  ==============================================================
2022-05-09 08:01:35,547 INFO  Assertion that path exists=False for "/etc/tedge/apama/project" ... passed
2022-05-09 08:01:36,820 WARN  Executed sudo<plugin_install>, exit status 2
2022-05-09 08:01:36,830 INFO  Contents of plugin_install.err: 
2022-05-09 08:01:36,832 INFO    /opt/softwareag/Apama/bin/apama_env: line 142: /opt/softwareag/Apama/bin/engine_management: cannot execute binary file: Exec format error
2022-05-09 08:01:36,833 INFO    ERROR: Execution of `/opt/softwareag/Apama/bin/apama_env` failed with exit status exit status: 126
2022-05-09 08:01:36,834 INFO    -----
2022-05-09 08:01:36,835 INFO  
2022-05-09 08:01:37,000 WARN  sudo<plugin_install> returned non-zero exit code 2 ... blocked [run.py:20]
2022-05-09 08:01:37,001 WARN  Aborted test due to BLOCKED outcome
2022-05-09 08:01:37,006 INFO  
2022-05-09 08:01:37,007 INFO  cleanup:
2022-05-09 08:01:37,008 INFO  Removing apama project
2022-05-09 08:01:52,885 INFO  Executed sudo<stop_apama_service>, exit status 0, duration 15 secs
2022-05-09 08:01:53,447 INFO  Executed sudo<remove_apama_project>, exit status 0
2022-05-09 08:01:53,957 INFO  Executed sudo<remove_apama_tmp_dir>, exit status 0
2022-05-09 08:01:53,961 INFO  
2022-05-09 08:01:53,961 INFO  Test duration: 18.49 secs
2022-05-09 08:01:53,963 INFO  Test final outcome:  BLOCKED
2022-05-09 08:01:53,963 INFO  Test outcome reason: sudo<plugin_install> returned non-zero exit code 2
2022-05-09 08:01:53,964 INFO  
