2022-04-12 09:33:29,605 INFO  ==============================================================
2022-04-12 09:33:29,606 INFO  Id:    docker_plugin_install_with_version
2022-04-12 09:33:29,607 INFO  Dir:   plugin_docker/
2022-04-12 09:33:29,608 INFO  Title: Validate docker plugin install
2022-04-12 09:33:29,608 INFO  ==============================================================
2022-04-12 09:33:30,408 INFO  Executed sudo<docker_images>, exit status 0
2022-04-12 09:33:30,413 INFO  Grep on file /home/pi/actions-runner/_work/thin-edge.io/thin-edge.io/tests/PySys/plugin_docker/docker_plugin_install_with_version/Output/linux/docker_images.out ... passed
2022-04-12 09:33:54,068 INFO  Executed sudo<plugin_install>, exit status 0, duration 23 secs
2022-04-12 09:33:54,936 INFO  Executed sudo<docker_ps_latest>, exit status 0
2022-04-12 09:33:55,754 INFO  Executed sudo<docker_ps>, exit status 0
2022-04-12 09:33:55,762 INFO  Grep on file /home/pi/actions-runner/_work/thin-edge.io/thin-edge.io/tests/PySys/plugin_docker/docker_plugin_install_with_version/Output/linux/docker_ps.out ... passed
2022-04-12 09:33:55,782 INFO  
2022-04-12 09:33:55,783 INFO  cleanup:
2022-04-12 09:33:55,784 INFO  Removing containers scheduled to be cleaned up: ['d213be0e7e43', 'f39204770494']
2022-04-12 09:33:58,704 WARN  Executed sudo<containers_for_cleanup>, exit status 1
2022-04-12 09:33:58,706 INFO  Removing images scheduled to be cleaned up: ['registry', 'registry', 'registry:2.7.1']
2022-04-12 09:34:02,391 INFO  Executed sudo<containers_for_cleanup>, exit status 0
2022-04-12 09:34:02,395 INFO  
2022-04-12 09:34:02,395 INFO  Test duration: 32.80 secs
2022-04-12 09:34:02,397 INFO  Test final outcome:  PASSED
2022-04-12 09:34:02,398 INFO  
