2022-05-09 07:13:56,847 INFO  ==============================================================
2022-05-09 07:13:56,850 INFO  Id:    mapper_awaits_before_reconnect
2022-05-09 07:13:56,852 INFO  Dir:   tedge_mapper_c8y/
2022-05-09 07:13:56,854 INFO  Title: Validate mapper doesn't reconnect too often
2022-05-09 07:13:56,858 INFO  ==============================================================
2022-05-09 07:13:56,867 INFO  EnvironmentC8y Setup
2022-05-09 07:13:57,430 INFO  Executed systemctl<serv_mapper1>, exit status 3
2022-05-09 07:14:11,844 INFO  Executed sudo<tedge_connect_c8y>, exit status 0, duration 14 secs
2022-05-09 07:14:12,465 INFO  Executed sudo<tedge_connect_c8y_test>, exit status 0
2022-05-09 07:14:12,929 INFO  Executed systemctl<serv_mosq2>, exit status 0
2022-05-09 07:14:13,392 INFO  Executed systemctl<serv_mapper3>, exit status 0
2022-05-09 07:14:13,402 INFO  Started mosquitto_sub with process id 13523
2022-05-09 07:14:13,406 INFO  Waiting for 0.1 seconds
2022-05-09 07:14:14,070 INFO  Executed sudo<tedge_mapper>, exit status 0
2022-05-09 07:14:14,072 INFO  Waiting for 5.0 seconds
2022-05-09 07:14:19,644 INFO  Executed sudo<tedge_mapper>, exit status 0
2022-05-09 07:14:21,469 INFO  Executed sudo<tedge_mapper_journal>, exit status 0
2022-05-09 07:14:21,475 INFO  Grep on file tedge_mapper_journal.out ... passed
2022-05-09 07:14:21,482 INFO  Line count on file tedge_mapper_journal.out ... passed
2022-05-09 07:14:21,486 INFO  Line count on file tedge_mapper_journal.out ... passed
2022-05-09 07:14:21,493 INFO  
2022-05-09 07:14:21,494 INFO  cleanup:
2022-05-09 07:14:25,493 INFO  Executed sudo<tedge_disconnect_c8y>, exit status 0
2022-05-09 07:14:26,161 INFO  Executed systemctl<serv_mapper5>, exit status 3
2022-05-09 07:14:26,219 INFO  
2022-05-09 07:14:26,220 INFO  Test duration: 29.38 secs
2022-05-09 07:14:26,221 INFO  Test final outcome:  PASSED
2022-05-09 07:14:26,223 INFO  
