2022-04-08 10:12:30,619 INFO  ==============================================================
2022-04-08 10:12:30,620 INFO  Id:    apt_remove_fail
2022-04-08 10:12:30,621 INFO  Dir:   plugin_apt/
2022-04-08 10:12:30,622 INFO  Title: Validate apt plugin prepare - failing
2022-04-08 10:12:30,623 DEBUG Execution order hint: 0.0
2022-04-08 10:12:30,623 INFO  ==============================================================
2022-04-08 10:12:30,629 DEBUG Process parameters for sudo<outp_check_0>
  command line : /usr/bin/sudo /etc/tedge/sm-plugins/apt list
    arg #1     : /etc/tedge/sm-plugins/apt
    arg #2     : list
  working dir  : /home/pi/actions-runner/_work/thin-edge.io/thin-edge.io/tests/PySys/plugin_apt/apt_remove_fail/Output/linux
  stdout       : /home/pi/actions-runner/_work/thin-edge.io/thin-edge.io/tests/PySys/plugin_apt/apt_remove_fail/Output/linux/outp_check_0.out
  stderr       : /home/pi/actions-runner/_work/thin-edge.io/thin-edge.io/tests/PySys/plugin_apt/apt_remove_fail/Output/linux/outp_check_0.err
  environment  : LD_LIBRARY_PATH=/usr/lib
  environment  : PATH=/bin:/usr/bin:/usr/sbin:/usr/local/bin
                   #1  /bin
                   #2  /usr/bin
                   #3  /usr/sbin
                   #4  /usr/local/bin
2022-04-08 10:12:30,637 DEBUG Waiting up to 600 secs for process sudo<outp_check_0> (pid 22578)
2022-04-08 10:12:33,205 INFO  Executed sudo<outp_check_0>, exit status 0
2022-04-08 10:12:33,206 INFO  Assert that (value==0) with value=0 ... passed
2022-04-08 10:12:33,208 DEBUG Performing regex contains=False grep on file: /home/pi/actions-runner/_work/thin-edge.io/thin-edge.io/tests/PySys/plugin_apt/apt_remove_fail/Output/linux/outp_check_0.out
2022-04-08 10:12:33,213 INFO  Grep on file outp_check_0.out ... passed
2022-04-08 10:12:33,214 DEBUG --- test execute
2022-04-08 10:12:33,216 DEBUG Process parameters for sudo<outp_remove>
  command line : /usr/bin/sudo /etc/tedge/sm-plugins/apt remove notapackage
    arg #1     : /etc/tedge/sm-plugins/apt
    arg #2     : remove
    arg #3     : notapackage
  working dir  : /home/pi/actions-runner/_work/thin-edge.io/thin-edge.io/tests/PySys/plugin_apt/apt_remove_fail/Output/linux
  stdout       : /home/pi/actions-runner/_work/thin-edge.io/thin-edge.io/tests/PySys/plugin_apt/apt_remove_fail/Output/linux/outp_remove.out
  stderr       : /home/pi/actions-runner/_work/thin-edge.io/thin-edge.io/tests/PySys/plugin_apt/apt_remove_fail/Output/linux/outp_remove.err
  environment  : LD_LIBRARY_PATH=/usr/lib
  environment  : PATH=/bin:/usr/bin:/usr/sbin:/usr/local/bin
                   #1  /bin
                   #2  /usr/bin
                   #3  /usr/sbin
                   #4  /usr/local/bin
2022-04-08 10:12:33,223 DEBUG Waiting up to 600 secs for process sudo<outp_remove> (pid 22584)
2022-04-08 10:12:36,598 INFO  Executed sudo<outp_remove>, exit status 2
2022-04-08 10:12:36,601 INFO  Assert that (value==2) with value=2 ... passed
2022-04-08 10:12:36,602 DEBUG --- test validate
2022-04-08 10:12:36,608 DEBUG Process parameters for sudo<outp_check_1>
  command line : /usr/bin/sudo /etc/tedge/sm-plugins/apt list
    arg #1     : /etc/tedge/sm-plugins/apt
    arg #2     : list
  working dir  : /home/pi/actions-runner/_work/thin-edge.io/thin-edge.io/tests/PySys/plugin_apt/apt_remove_fail/Output/linux
  stdout       : /home/pi/actions-runner/_work/thin-edge.io/thin-edge.io/tests/PySys/plugin_apt/apt_remove_fail/Output/linux/outp_check_1.out
  stderr       : /home/pi/actions-runner/_work/thin-edge.io/thin-edge.io/tests/PySys/plugin_apt/apt_remove_fail/Output/linux/outp_check_1.err
  environment  : LD_LIBRARY_PATH=/usr/lib
  environment  : PATH=/bin:/usr/bin:/usr/sbin:/usr/local/bin
                   #1  /bin
                   #2  /usr/bin
                   #3  /usr/sbin
                   #4  /usr/local/bin
2022-04-08 10:12:36,616 DEBUG Waiting up to 600 secs for process sudo<outp_check_1> (pid 22589)
2022-04-08 10:12:39,183 INFO  Executed sudo<outp_check_1>, exit status 0
2022-04-08 10:12:39,185 INFO  Assert that (value==0) with value=0 ... passed
2022-04-08 10:12:39,186 DEBUG Performing regex contains=False grep on file: /home/pi/actions-runner/_work/thin-edge.io/thin-edge.io/tests/PySys/plugin_apt/apt_remove_fail/Output/linux/outp_check_1.out
2022-04-08 10:12:39,191 INFO  Grep on file outp_check_1.out ... passed
2022-04-08 10:12:39,197 DEBUG --- test cleanup
2022-04-08 10:12:39,199 DEBUG ProcessUser cleanup function done.
2022-04-08 10:12:39,202 INFO  
2022-04-08 10:12:39,203 INFO  Test duration: 8.59 secs
2022-04-08 10:12:39,204 INFO  Test final outcome:  PASSED
2022-04-08 10:12:39,205 INFO  
