2022-04-14 11:05:20,095 INFO  ==============================================================
2022-04-14 11:05:20,096 INFO  Id:    docker_plugin_update
2022-04-14 11:05:20,097 INFO  Dir:   plugin_docker/
2022-04-14 11:05:20,098 INFO  Title: Validate docker plugin install updates existing containers
2022-04-14 11:05:20,098 INFO  ==============================================================
2022-04-14 11:05:20,917 INFO  Executed sudo<docker_images>, exit status 0
2022-04-14 11:05:20,922 INFO  Grep on file /home/pi/actions-runner/_work/thin-edge.io/thin-edge.io/tests/PySys/plugin_docker/docker_plugin_update/Output/linux/docker_images.out ... passed
2022-04-14 11:05:44,926 INFO  Executed sudo<docker_run>, exit status 0, duration 24 secs
2022-04-14 11:05:45,747 INFO  Executed sudo<docker_ps>, exit status 0
2022-04-14 11:05:45,753 INFO  Grep on file /home/pi/actions-runner/_work/thin-edge.io/thin-edge.io/tests/PySys/plugin_docker/docker_plugin_update/Output/linux/docker_ps.out ... passed
2022-04-14 11:06:12,528 INFO  Executed sudo<plugin_install>, exit status 0, duration 26 secs
2022-04-14 11:06:13,348 INFO  Executed sudo<docker_ps_latest>, exit status 0
2022-04-14 11:06:14,163 INFO  Executed sudo<docker_ps>, exit status 0
2022-04-14 11:06:14,168 INFO  Grep on file /home/pi/actions-runner/_work/thin-edge.io/thin-edge.io/tests/PySys/plugin_docker/docker_plugin_update/Output/linux/docker_ps.out ... passed
2022-04-14 11:06:14,981 INFO  Executed sudo<docker_ps>, exit status 0
2022-04-14 11:06:14,988 INFO  Grep on file /home/pi/actions-runner/_work/thin-edge.io/thin-edge.io/tests/PySys/plugin_docker/docker_plugin_update/Output/linux/docker_ps.out ... passed
2022-04-14 11:06:14,994 INFO  
2022-04-14 11:06:14,995 INFO  cleanup:
2022-04-14 11:06:14,996 INFO  Removing containers scheduled to be cleaned up: ['33aac6d221c7', '7f95ad909c2f', '01760b0a9fcc84c89e7b3cd16ec3f63442481e76fa56f74f4ad89ccc011d02b2\n', '288c7fb2fb37ae357a0d7ad79f8125e1acead5d2864836435c6fde3f236b824e\n', 'a7200bd217c5b89cf62f2b12bd2ac8643cc09eabb75d90075329de7257a58d83\n', '58cdde009ab9']
2022-04-14 11:06:18,078 WARN  Executed sudo<containers_for_cleanup>, exit status 1
2022-04-14 11:06:18,080 INFO  Removing images scheduled to be cleaned up: ['registry', 'registry', 'registry:2.7.1', 'registry', 'registry:2.7.1', 'registry:2.6.2', 'registry:2.7.1']
2022-04-14 11:06:24,898 INFO  Executed sudo<containers_for_cleanup>, exit status 0
2022-04-14 11:06:24,902 INFO  
2022-04-14 11:06:24,902 INFO  Test duration: 64.81 secs
2022-04-14 11:06:24,904 INFO  Test final outcome:  PASSED
2022-04-14 11:06:24,905 INFO  
