2022-05-10 19:27:31,978 INFO  ==============================================================
2022-05-10 19:27:31,978 INFO  Id:    invalid_device_id
2022-05-10 19:27:31,980 INFO  Dir:   misc_features/
2022-05-10 19:27:31,980 INFO  Title: Invalid Device ID
2022-05-10 19:27:31,981 INFO  ==============================================================
2022-05-10 19:27:32,499 INFO  Executed sudo<create_cert_dir>, exit status 0
2022-05-10 19:27:33,011 INFO  Executed sudo<create_cert_dir>, exit status 0
2022-05-10 19:27:33,574 INFO  Executed sudo<set_cert_path>, exit status 0
2022-05-10 19:27:34,086 INFO  Executed sudo<set_key_path>, exit status 0
2022-05-10 19:27:34,650 INFO  Executed sudo<cert_create>, exit status 1
2022-05-10 19:27:34,656 INFO  Grep on file cert_create.err ... passed
2022-05-10 19:27:34,662 INFO  
2022-05-10 19:27:34,663 INFO  cleanup:
2022-05-10 19:27:35,174 INFO  Executed sudo<unset_cert_path>, exit status 0
2022-05-10 19:27:35,686 INFO  Executed sudo<unset_key_path>, exit status 0
2022-05-10 19:27:36,248 INFO  Executed sudo<remove_cert_dir>, exit status 0
2022-05-10 19:27:36,252 INFO  
2022-05-10 19:27:36,253 INFO  Test duration: 4.28 secs
2022-05-10 19:27:36,254 INFO  Test final outcome:  PASSED
2022-05-10 19:27:36,255 INFO  
