2022-05-30 08:54:25,420 INFO  ==============================================================
2022-05-30 08:54:25,420 INFO  Id:    c8y_jwt_token_retrieval
2022-05-30 08:54:25,420 INFO  Dir:   cloud_c8y/
2022-05-30 08:54:25,420 INFO  Title: Validate the Cumulocity JWT Token Retrieval feature
2022-05-30 08:54:25,421 INFO  ==============================================================
2022-05-30 08:54:25,549 INFO  Executed sudo<tedge_disconnect_c8y>, exit status 0
2022-05-30 08:54:43,803 INFO  Executed sudo<tedge_connect_c8y>, exit status 0, duration 18 secs
2022-05-30 08:54:43,805 INFO  Started sudo<resp_jwt> with process id 1402014
2022-05-30 08:54:43,907 INFO  Executed sudo<req_jwt>, exit status 0
2022-05-30 08:54:45,011 INFO  Executed sudo<kill_out>, exit status 0
2022-05-30 08:54:45,013 INFO  Grep on file resp_jwt.out ... passed
2022-05-30 08:54:45,014 INFO  
2022-05-30 08:54:45,014 INFO  cleanup:
2022-05-30 08:54:45,032 INFO  Restarting mosquitto too frequently in the last 10 seconds. It was only up for 9 seconds
2022-05-30 08:54:45,032 INFO  Delaying execution by 2 seconds
2022-05-30 08:54:58,282 INFO  Executed sudo<tedge_disconnect_c8y>, exit status 0, duration 11 secs
2022-05-30 08:54:58,283 INFO  
2022-05-30 08:54:58,283 INFO  Test duration: 32.86 secs
2022-05-30 08:54:58,283 INFO  Test final outcome:  PASSED
2022-05-30 08:54:58,284 INFO  
