2022-05-10 20:42:39,341 INFO  ==============================================================
2022-05-10 20:42:39,342 INFO  Id:    SoftwareManagement.sm_apt_install_remove_default
2022-05-10 20:42:39,343 INFO  Dir:   software_management_end_to_end/
2022-05-10 20:42:39,344 INFO  Title: Validate end to end behaviour for the default plugin for installation and removal of packages
2022-05-10 20:42:39,345 INFO  ==============================================================
2022-05-10 20:42:39,370 INFO  Using sw id database: {'asciijump': '5475369', 'robotfindskitten': '5474869', 'squirrel3': '5475279', 'rolldice': '5152439', 'moon-buggy': '5439204', 'apple': '5495053', 'banana': '5494888', 'cherry': '5495382', 'watermelon': '5494510', 'registry': '8018911', 'hello-world': '8021526', 'docker/getting-started': '8021973', 'alpine': '7991792'}
2022-05-10 20:42:39,371 INFO  EnvironmentC8y Setup
2022-05-10 20:42:39,931 INFO  Executed systemctl<serv_mapper1>, exit status 3
2022-05-10 20:42:40,041 INFO  Restarting mosquitto too frequently in the last 10 seconds. It was only up for 6 seconds
2022-05-10 20:42:40,043 INFO  Delaying execution by 5 seconds
2022-05-10 20:43:02,324 INFO  Executed sudo<tedge_connect_c8y>, exit status 0, duration 17 secs
2022-05-10 20:43:02,939 INFO  Executed sudo<tedge_connect_c8y_test>, exit status 0
2022-05-10 20:43:03,451 INFO  Executed systemctl<serv_mosq2>, exit status 0
2022-05-10 20:43:03,964 INFO  Executed systemctl<serv_mapper3>, exit status 0
2022-05-10 20:43:06,210 INFO  State of current operation: SUCCESSFUL
2022-05-10 20:43:06,471 INFO  Assert that (False == value) with value=False ... passed
2022-05-10 20:43:06,706 INFO  Response status: 201
2022-05-10 20:43:06,707 INFO  Response to action: {
    "creationTime": "2022-05-10T20:43:06.661Z",
    "deviceName": "m32sd11e",
    "deviceId": "18731567",
    "self": "https://t493319102.eu-latest.cumulocity.com/devicecontrol/operations/18751910",
    "id": "18751910",
    "status": "PENDING",
    "description": "Apply software changes, triggered from PySys: [{'name': 'rolldice', 'id': '5152439', 'version': ' ', 'url': '', 'action': 'install'}]",
    "c8y_SoftwareUpdate": [
        {
            "name": "rolldice",
            "action": "install",
            "id": "5152439",
            "version": " ",
            "url": ""
        }
    ]
}
2022-05-10 20:43:06,708 INFO  Started operation: {'creationTime': '2022-05-10T20:43:06.661Z', 'deviceName': 'm32sd11e', 'deviceId': '18731567', 'self': 'https://t493319102.eu-latest.cumulocity.com/devicecontrol/operations/18751910', 'id': '18751910', 'status': 'PENDING', 'description': "Apply software changes, triggered from PySys: [{'name': 'rolldice', 'id': '5152439', 'version': ' ', 'url': '', 'action': 'install'}]", 'c8y_SoftwareUpdate': [{'name': 'rolldice', 'action': 'install', 'id': '5152439', 'version': ' ', 'url': ''}]}
2022-05-10 20:43:08,960 INFO  State of operation 18751910 : PENDING
2022-05-10 20:43:11,178 INFO  State of operation 18751910 : EXECUTING
2022-05-10 20:43:13,415 INFO  State of operation 18751910 : EXECUTING
2022-05-10 20:43:15,629 INFO  State of operation 18751910 : EXECUTING
2022-05-10 20:43:17,846 INFO  State of operation 18751910 : EXECUTING
2022-05-10 20:43:20,069 INFO  State of operation 18751910 : EXECUTING
2022-05-10 20:43:22,283 INFO  State of operation 18751910 : EXECUTING
2022-05-10 20:43:25,262 INFO  State of operation 18751910 : EXECUTING
2022-05-10 20:43:28,301 INFO  State of operation 18751910 : EXECUTING
2022-05-10 20:43:30,652 INFO  State of operation 18751910 : EXECUTING
2022-05-10 20:43:33,119 INFO  State of operation 18751910 : EXECUTING
2022-05-10 20:43:35,338 INFO  State of operation 18751910 : EXECUTING
2022-05-10 20:43:37,557 INFO  State of operation 18751910 : EXECUTING
2022-05-10 20:43:39,777 INFO  State of operation 18751910 : EXECUTING
2022-05-10 20:43:41,996 INFO  State of operation 18751910 : EXECUTING
2022-05-10 20:43:44,305 INFO  State of operation 18751910 : EXECUTING
2022-05-10 20:43:46,624 INFO  State of operation 18751910 : EXECUTING
2022-05-10 20:43:48,884 INFO  State of operation 18751910 : EXECUTING
2022-05-10 20:43:51,660 INFO  State of operation 18751910 : EXECUTING
2022-05-10 20:43:53,884 INFO  State of operation 18751910 : EXECUTING
2022-05-10 20:43:56,106 INFO  State of operation 18751910 : EXECUTING
2022-05-10 20:43:58,409 INFO  State of operation 18751910 : EXECUTING
2022-05-10 20:44:00,630 INFO  State of operation 18751910 : EXECUTING
2022-05-10 20:44:03,480 INFO  State of operation 18751910 : EXECUTING
2022-05-10 20:44:05,700 INFO  State of operation 18751910 : EXECUTING
2022-05-10 20:44:07,979 INFO  State of operation 18751910 : EXECUTING
2022-05-10 20:44:10,227 INFO  State of operation 18751910 : EXECUTING
2022-05-10 20:44:12,452 INFO  State of operation 18751910 : EXECUTING
2022-05-10 20:44:15,220 INFO  State of operation 18751910 : EXECUTING
2022-05-10 20:44:17,440 INFO  State of operation 18751910 : EXECUTING
2022-05-10 20:44:20,364 INFO  State of operation 18751910 : EXECUTING
2022-05-10 20:44:22,600 INFO  State of operation 18751910 : EXECUTING
2022-05-10 20:44:25,137 INFO  State of operation 18751910 : EXECUTING
2022-05-10 20:44:27,354 INFO  State of operation 18751910 : EXECUTING
2022-05-10 20:44:29,655 INFO  State of operation 18751910 : EXECUTING
2022-05-10 20:44:31,880 INFO  State of operation 18751910 : EXECUTING
2022-05-10 20:44:34,100 INFO  State of operation 18751910 : SUCCESSFUL
2022-05-10 20:44:34,331 INFO  Package rolldice is installed
2022-05-10 20:44:34,333 INFO  Assert that (True == value) with value=True ... passed
2022-05-10 20:44:34,561 INFO  Response status: 201
2022-05-10 20:44:34,563 INFO  Response to action: {
    "creationTime": "2022-05-10T20:44:34.515Z",
    "deviceName": "m32sd11e",
    "deviceId": "18731567",
    "self": "https://t493319102.eu-latest.cumulocity.com/devicecontrol/operations/18751924",
    "id": "18751924",
    "status": "PENDING",
    "description": "Apply software changes, triggered from PySys: [{'name': 'rolldice', 'id': '5152439', 'version': ' ', 'url': '', 'action': 'delete'}]",
    "c8y_SoftwareUpdate": [
        {
            "name": "rolldice",
            "action": "delete",
            "id": "5152439",
            "version": " ",
            "url": ""
        }
    ]
}
2022-05-10 20:44:34,563 INFO  Started operation: {'creationTime': '2022-05-10T20:44:34.515Z', 'deviceName': 'm32sd11e', 'deviceId': '18731567', 'self': 'https://t493319102.eu-latest.cumulocity.com/devicecontrol/operations/18751924', 'id': '18751924', 'status': 'PENDING', 'description': "Apply software changes, triggered from PySys: [{'name': 'rolldice', 'id': '5152439', 'version': ' ', 'url': '', 'action': 'delete'}]", 'c8y_SoftwareUpdate': [{'name': 'rolldice', 'action': 'delete', 'id': '5152439', 'version': ' ', 'url': ''}]}
2022-05-10 20:44:36,781 INFO  State of operation 18751924 : PENDING
2022-05-10 20:44:39,065 INFO  State of operation 18751924 : EXECUTING
2022-05-10 20:44:41,285 INFO  State of operation 18751924 : EXECUTING
2022-05-10 20:44:43,522 INFO  State of operation 18751924 : EXECUTING
2022-05-10 20:44:45,754 INFO  State of operation 18751924 : EXECUTING
2022-05-10 20:44:47,985 INFO  State of operation 18751924 : EXECUTING
2022-05-10 20:44:50,213 INFO  State of operation 18751924 : EXECUTING
2022-05-10 20:44:52,990 INFO  State of operation 18751924 : EXECUTING
2022-05-10 20:44:55,902 INFO  State of operation 18751924 : EXECUTING
2022-05-10 20:44:58,198 INFO  State of operation 18751924 : EXECUTING
2022-05-10 20:45:00,550 INFO  State of operation 18751924 : EXECUTING
2022-05-10 20:45:02,791 INFO  State of operation 18751924 : EXECUTING
2022-05-10 20:45:05,013 INFO  State of operation 18751924 : EXECUTING
2022-05-10 20:45:07,242 INFO  State of operation 18751924 : EXECUTING
2022-05-10 20:45:09,533 INFO  State of operation 18751924 : EXECUTING
2022-05-10 20:45:11,842 INFO  State of operation 18751924 : EXECUTING
2022-05-10 20:45:14,472 INFO  State of operation 18751924 : EXECUTING
2022-05-10 20:45:16,727 INFO  State of operation 18751924 : EXECUTING
2022-05-10 20:45:19,411 INFO  State of operation 18751924 : EXECUTING
2022-05-10 20:45:21,652 INFO  State of operation 18751924 : EXECUTING
2022-05-10 20:45:24,142 INFO  State of operation 18751924 : EXECUTING
2022-05-10 20:45:26,362 INFO  State of operation 18751924 : EXECUTING
2022-05-10 20:45:28,619 INFO  State of operation 18751924 : EXECUTING
2022-05-10 20:45:30,837 INFO  State of operation 18751924 : EXECUTING
2022-05-10 20:45:33,065 INFO  State of operation 18751924 : SUCCESSFUL
2022-05-10 20:45:33,352 INFO  Assert that (False == value) with value=False ... passed
2022-05-10 20:45:33,363 INFO  
2022-05-10 20:45:33,364 INFO  cleanup:
2022-05-10 20:45:39,178 INFO  Executed sudo<tedge_disconnect_c8y>, exit status 0
2022-05-10 20:45:39,891 INFO  Executed systemctl<serv_mapper5>, exit status 3
2022-05-10 20:45:39,895 INFO  
2022-05-10 20:45:39,896 INFO  Test duration: 180.57 secs
2022-05-10 20:45:39,897 INFO  Test final outcome:  PASSED
2022-05-10 20:45:39,898 INFO  
