2022-05-09 07:58:53,865 INFO  ==============================================================
2022-05-09 07:58:53,866 INFO  Id:    SoftwareManagement.Plugin.apama_plugin_remove
2022-05-09 07:58:53,867 INFO  Dir:   plugin_apama/
2022-05-09 07:58:53,868 INFO  Title: Validate apama plugin remove
2022-05-09 07:58:53,868 INFO  ==============================================================
2022-05-09 07:58:53,874 INFO  Assertion that path exists=False for "/etc/tedge/apama/project" ... passed
2022-05-09 07:58:54,385 INFO  Executed sudo<create_project_dir>, exit status 0
2022-05-09 07:58:54,997 INFO  Executed sudo<unzip_apama_project>, exit status 0
2022-05-09 07:58:55,509 INFO  Executed sudo<move_apama_project>, exit status 0
2022-05-09 07:58:56,322 INFO  Executed sudo<restart_apama_service>, exit status 0
2022-05-09 07:58:56,325 INFO  Assertion that path exists=True for "/etc/tedge/apama/project" ... passed
2022-05-09 07:59:12,189 INFO  Executed sudo<plugin_remove>, exit status 0, duration 15 secs
2022-05-09 07:59:12,192 INFO  Assertion that path exists=False for "/etc/tedge/apama/project" ... passed
2022-05-09 07:59:12,204 INFO  
2022-05-09 07:59:12,205 INFO  cleanup:
2022-05-09 07:59:12,851 INFO  Executed sudo<remove_apama_tmp_dir>, exit status 0
2022-05-09 07:59:12,856 INFO  
2022-05-09 07:59:12,858 INFO  Test duration: 19.00 secs
2022-05-09 07:59:12,860 INFO  Test final outcome:  PASSED
2022-05-09 07:59:12,862 INFO  
