2022-05-11 11:52:38,608 INFO  ==============================================================
2022-05-11 11:52:38,608 INFO  Id:    SoftwareManagement.sm_apt_install_remove
2022-05-11 11:52:38,608 INFO  Dir:   software_management_end_to_end/
2022-05-11 11:52:38,608 INFO  Title: Validate end to end behaviour for the apt plugin for installation and removal of packages
2022-05-11 11:52:38,608 INFO  ==============================================================
2022-05-11 11:52:38,609 INFO  Using sw id database: {'asciijump': '5475369', 'robotfindskitten': '5474869', 'squirrel3': '5475279', 'rolldice': '5152439', 'moon-buggy': '5439204', 'apple': '5495053', 'banana': '5494888', 'cherry': '5495382', 'watermelon': '5494510', 'registry': '8018911', 'hello-world': '8021526', 'docker/getting-started': '8021973', 'alpine': '7991792'}
2022-05-11 11:52:38,609 INFO  EnvironmentC8y Setup
2022-05-11 11:52:38,711 INFO  Executed systemctl<serv_mapper1>, exit status 3
2022-05-11 11:52:38,730 INFO  Restarting mosquitto too frequently in the last 10 seconds. It was only up for 2 seconds
2022-05-11 11:52:38,730 INFO  Delaying execution by 9 seconds
2022-05-11 11:53:05,207 INFO  Executed sudo<tedge_connect_c8y>, exit status 0, duration 17 secs
2022-05-11 11:53:05,360 INFO  Executed sudo<tedge_connect_c8y_test>, exit status 0
2022-05-11 11:53:05,462 INFO  Executed systemctl<serv_mosq2>, exit status 0
2022-05-11 11:53:05,565 INFO  Executed systemctl<serv_mapper3>, exit status 0
2022-05-11 11:53:07,734 INFO  State of current operation: FAILED
2022-05-11 11:53:08,024 INFO  Assert that (False == value) with value=False ... passed
2022-05-11 11:53:08,150 INFO  Response status: 201
2022-05-11 11:53:08,151 INFO  Response to action: {
    "creationTime": "2022-05-11T11:53:08.110Z",
    "deviceName": "ubuntu-2gb-hel1-4-thin-edge-a",
    "deviceId": "18805035",
    "self": "https://t493319102.eu-latest.cumulocity.com/devicecontrol/operations/18840270",
    "id": "18840270",
    "status": "PENDING",
    "description": "Apply software changes, triggered from PySys: [{'name': 'rolldice', 'id': '5152439', 'version': '::apt', 'url': '', 'action': 'install'}]",
    "c8y_SoftwareUpdate": [
        {
            "name": "rolldice",
            "action": "install",
            "id": "5152439",
            "version": "::apt",
            "url": ""
        }
    ]
}
2022-05-11 11:53:08,151 INFO  Started operation: {'creationTime': '2022-05-11T11:53:08.110Z', 'deviceName': 'ubuntu-2gb-hel1-4-thin-edge-a', 'deviceId': '18805035', 'self': 'https://t493319102.eu-latest.cumulocity.com/devicecontrol/operations/18840270', 'id': '18840270', 'status': 'PENDING', 'description': "Apply software changes, triggered from PySys: [{'name': 'rolldice', 'id': '5152439', 'version': '::apt', 'url': '', 'action': 'install'}]", 'c8y_SoftwareUpdate': [{'name': 'rolldice', 'action': 'install', 'id': '5152439', 'version': '::apt', 'url': ''}]}
2022-05-11 11:53:10,263 INFO  State of operation 18840270 : EXECUTING
2022-05-11 11:53:12,376 INFO  State of operation 18840270 : EXECUTING
2022-05-11 11:53:14,480 INFO  State of operation 18840270 : EXECUTING
2022-05-11 11:53:16,618 INFO  State of operation 18840270 : SUCCESSFUL
2022-05-11 11:53:16,748 INFO  Package rolldice is installed
2022-05-11 11:53:16,748 INFO  Assert that (True == value) with value=True ... passed
2022-05-11 11:53:16,874 INFO  Response status: 201
2022-05-11 11:53:16,874 INFO  Response to action: {
    "creationTime": "2022-05-11T11:53:16.835Z",
    "deviceName": "ubuntu-2gb-hel1-4-thin-edge-a",
    "deviceId": "18805035",
    "self": "https://t493319102.eu-latest.cumulocity.com/devicecontrol/operations/18840272",
    "id": "18840272",
    "status": "PENDING",
    "description": "Apply software changes, triggered from PySys: [{'name': 'rolldice', 'id': '5152439', 'version': '::apt', 'url': '', 'action': 'delete'}]",
    "c8y_SoftwareUpdate": [
        {
            "name": "rolldice",
            "action": "delete",
            "id": "5152439",
            "version": "::apt",
            "url": ""
        }
    ]
}
2022-05-11 11:53:16,875 INFO  Started operation: {'creationTime': '2022-05-11T11:53:16.835Z', 'deviceName': 'ubuntu-2gb-hel1-4-thin-edge-a', 'deviceId': '18805035', 'self': 'https://t493319102.eu-latest.cumulocity.com/devicecontrol/operations/18840272', 'id': '18840272', 'status': 'PENDING', 'description': "Apply software changes, triggered from PySys: [{'name': 'rolldice', 'id': '5152439', 'version': '::apt', 'url': '', 'action': 'delete'}]", 'c8y_SoftwareUpdate': [{'name': 'rolldice', 'action': 'delete', 'id': '5152439', 'version': '::apt', 'url': ''}]}
2022-05-11 11:53:18,989 INFO  State of operation 18840272 : EXECUTING
2022-05-11 11:53:21,099 INFO  State of operation 18840272 : EXECUTING
2022-05-11 11:53:23,205 INFO  State of operation 18840272 : EXECUTING
2022-05-11 11:53:25,311 INFO  State of operation 18840272 : EXECUTING
2022-05-11 11:53:27,419 INFO  State of operation 18840272 : SUCCESSFUL
2022-05-11 11:53:27,550 INFO  Assert that (False == value) with value=False ... passed
2022-05-11 11:53:27,551 INFO  
2022-05-11 11:53:27,551 INFO  cleanup:
2022-05-11 11:53:38,564 INFO  Executed sudo<tedge_disconnect_c8y>, exit status 0
2022-05-11 11:53:38,666 INFO  Executed systemctl<serv_mapper5>, exit status 3
2022-05-11 11:53:38,667 INFO  
2022-05-11 11:53:38,667 INFO  Test duration: 60.05 secs
2022-05-11 11:53:38,667 INFO  Test final outcome:  PASSED
2022-05-11 11:53:38,668 INFO  
