2022-05-04 09:21:09,155 INFO  ==============================================================
2022-05-04 09:21:09,156 INFO  Id:    SoftwareManagement.sm_mixed_install_remove_multiple
2022-05-04 09:21:09,157 INFO  Dir:   software_management_end_to_end/
2022-05-04 09:21:09,158 INFO  Title: Validate end to end behaviour for the dummy-plugin for multiple packages with mixed versions
2022-05-04 09:21:09,159 INFO  ==============================================================
2022-05-04 09:21:09,173 INFO  Using sw id database: {'asciijump': '5475369', 'robotfindskitten': '5474869', 'squirrel3': '5475279', 'rolldice': '5152439', 'moon-buggy': '5439204', 'apple': '5495053', 'banana': '5494888', 'cherry': '5495382', 'watermelon': '5494510', 'registry': '8018911', 'hello-world': '8021526', 'docker/getting-started': '8021973', 'alpine': '7991792'}
2022-05-04 09:21:09,174 INFO  EnvironmentC8y Setup
2022-05-04 09:21:09,735 INFO  Executed systemctl<serv_mapper1>, exit status 3
2022-05-04 09:21:09,846 INFO  Restarting mosquitto too frequently in the last 10 seconds. It was only up for 4 seconds
2022-05-04 09:21:09,848 INFO  Delaying execution by 7 seconds
2022-05-04 09:21:30,852 INFO  Executed sudo<tedge_connect_c8y>, exit status 0, duration 13 secs
2022-05-04 09:21:31,468 INFO  Executed sudo<tedge_connect_c8y_test>, exit status 0
2022-05-04 09:21:31,983 INFO  Executed systemctl<serv_mosq2>, exit status 0
2022-05-04 09:21:32,446 INFO  Executed systemctl<serv_mapper3>, exit status 0
2022-05-04 09:21:34,663 INFO  State of current operation: SUCCESSFUL
2022-05-04 09:21:34,889 INFO  Package apple is installed
2022-05-04 09:21:34,891 INFO  Assert that (True == value) with value=True ... passed
2022-05-04 09:21:35,112 INFO  Package banana is installed
2022-05-04 09:21:35,115 INFO  Assert that (True == value) with value=True ... passed
2022-05-04 09:21:35,333 INFO  Package cherry is installed
2022-05-04 09:21:35,335 INFO  Assert that (True == value) with value=True ... passed
2022-05-04 09:21:35,559 INFO  Package asciijump is installed
2022-05-04 09:21:35,594 WARN  Assert that (False == value) with value=True ... failed 
2022-05-04 09:21:35,816 INFO  Assert that (False == value) with value=False ... passed
2022-05-04 09:21:36,045 INFO  Response status: 201
2022-05-04 09:21:36,047 INFO  Response to action: {
    "creationTime": "2022-05-04T09:21:35.994Z",
    "deviceName": "mythicb",
    "deviceId": "18347006",
    "self": "https://t493319102.eu-latest.cumulocity.com/devicecontrol/operations/18389508",
    "id": "18389508",
    "status": "PENDING",
    "description": "Apply software changes, triggered from PySys: [{'action': 'install', 'id': '5495053', 'name': 'apple', 'url': ' ', 'version': '::fruits'}, {'action': 'install', 'id': '5494888', 'name': 'banana', 'url': ' ', 'version': '::fruits'}, {'action': 'install', 'id': '5475369', 'name': 'asciijump', 'url': ' ', 'version': '::apt'}, {'action': 'install', 'id': '5495382', 'name': 'cherry', 'url': ' ', 'version': '::fruits'}, {'action': 'install', 'id': '8018911', 'name': 'registry', 'url': ' ', 'version': '::docker'}]",
    "c8y_SoftwareUpdate": [
        {
            "name": "apple",
            "action": "install",
            "id": "5495053",
            "version": "::fruits",
            "url": " "
        },
        {
            "name": "banana",
            "action": "install",
            "id": "5494888",
            "version": "::fruits",
            "url": " "
        },
        {
            "name": "asciijump",
            "action": "install",
            "id": "5475369",
            "version": "::apt",
            "url": " "
        },
        {
            "name": "cherry",
            "action": "install",
            "id": "5495382",
            "version": "::fruits",
            "url": " "
        },
        {
            "name": "registry",
            "action": "install",
            "id": "8018911",
            "version": "::docker",
            "url": " "
        }
    ]
}
2022-05-04 09:21:36,047 INFO  Started operation: {'creationTime': '2022-05-04T09:21:35.994Z', 'deviceName': 'mythicb', 'deviceId': '18347006', 'self': 'https://t493319102.eu-latest.cumulocity.com/devicecontrol/operations/18389508', 'id': '18389508', 'status': 'PENDING', 'description': "Apply software changes, triggered from PySys: [{'action': 'install', 'id': '5495053', 'name': 'apple', 'url': ' ', 'version': '::fruits'}, {'action': 'install', 'id': '5494888', 'name': 'banana', 'url': ' ', 'version': '::fruits'}, {'action': 'install', 'id': '5475369', 'name': 'asciijump', 'url': ' ', 'version': '::apt'}, {'action': 'install', 'id': '5495382', 'name': 'cherry', 'url': ' ', 'version': '::fruits'}, {'action': 'install', 'id': '8018911', 'name': 'registry', 'url': ' ', 'version': '::docker'}]", 'c8y_SoftwareUpdate': [{'name': 'apple', 'action': 'install', 'id': '5495053', 'version': '::fruits', 'url': ' '}, {'name': 'banana', 'action': 'install', 'id': '5494888', 'version': '::fruits', 'url': ' '}, {'name': 'asciijump', 'action': 'install', 'id': '5475369', 'version': '::apt', 'url': ' '}, {'name': 'cherry', 'action': 'install', 'id': '5495382', 'version': '::fruits', 'url': ' '}, {'name': 'registry', 'action': 'install', 'id': '8018911', 'version': '::docker', 'url': ' '}]}
2022-05-04 09:21:38,266 INFO  State of operation 18389508 : PENDING
2022-05-04 09:21:40,515 INFO  State of operation 18389508 : EXECUTING
2022-05-04 09:21:42,738 INFO  State of operation 18389508 : EXECUTING
2022-05-04 09:21:44,956 INFO  State of operation 18389508 : EXECUTING
2022-05-04 09:21:47,228 INFO  State of operation 18389508 : EXECUTING
2022-05-04 09:21:49,441 INFO  State of operation 18389508 : EXECUTING
2022-05-04 09:21:51,975 INFO  State of operation 18389508 : EXECUTING
2022-05-04 09:21:54,194 INFO  State of operation 18389508 : EXECUTING
2022-05-04 09:21:57,163 INFO  State of operation 18389508 : EXECUTING
2022-05-04 09:21:59,660 INFO  State of operation 18389508 : EXECUTING
2022-05-04 09:22:01,906 INFO  State of operation 18389508 : EXECUTING
2022-05-04 09:22:04,123 INFO  State of operation 18389508 : EXECUTING
2022-05-04 09:22:06,403 INFO  State of operation 18389508 : EXECUTING
2022-05-04 09:22:08,620 INFO  State of operation 18389508 : EXECUTING
2022-05-04 09:22:10,835 INFO  State of operation 18389508 : EXECUTING
2022-05-04 09:22:13,047 INFO  State of operation 18389508 : EXECUTING
2022-05-04 09:22:15,259 INFO  State of operation 18389508 : FAILED
2022-05-04 09:22:15,260 ERROR Stopping as the operation has failed
2022-05-04 09:22:15,261 WARN  SystemError occurred while running test - The operation has failed
Traceback (most recent call last):
  File "/home/pi/env-pysys/lib/python3.7/site-packages/pysys/baserunner.py", line 1294, in __call__
    self.testObj.execute()
  File "/home/pi/actions-runner/_work/thin-edge.io/thin-edge.io/tests/PySys/software_management_end_to_end/sm_mixed_install_remove_multiple/run.py", line 95, in execute
    self.wait_until_succcess()
  File "/home/pi/actions-runner/_work/thin-edge.io/thin-edge.io/tests/PySys/software_management_end_to_end/environment_sm_management.py", line 324, in wait_until_succcess
    self.wait_until_status("SUCCESSFUL")
  File "/home/pi/actions-runner/_work/thin-edge.io/thin-edge.io/tests/PySys/software_management_end_to_end/environment_sm_management.py", line 361, in wait_until_status
    raise SystemError("The operation has failed")
SystemError: The operation has failed
2022-05-04 09:22:15,276 WARN  SystemError: The operation has failed ... blocked 
2022-05-04 09:22:15,277 INFO  
2022-05-04 09:22:15,278 INFO  cleanup:
2022-05-04 09:22:19,538 INFO  Executed sudo<tedge_disconnect_c8y>, exit status 0
2022-05-04 09:22:20,105 INFO  Executed systemctl<serv_mapper5>, exit status 3
2022-05-04 09:22:20,109 INFO  
2022-05-04 09:22:20,110 INFO  Test duration: 70.96 secs
2022-05-04 09:22:20,111 INFO  Test final outcome:  BLOCKED
2022-05-04 09:22:20,112 INFO  Test outcome reason: SystemError: The operation has failed (+1 other failures)
2022-05-04 09:22:20,113 INFO  
