2022-04-14 07:11:19,547 INFO  ==============================================================
2022-04-14 07:11:19,548 INFO  Id:    SoftwareManagement.sm_apt_install_remove_default
2022-04-14 07:11:19,550 INFO  Dir:   software_management_end_to_end/
2022-04-14 07:11:19,551 INFO  Title: Validate end to end behaviour for the default plugin for installation and removal of packages
2022-04-14 07:11:19,552 INFO  ==============================================================
2022-04-14 07:11:19,559 INFO  Using sw id database: {'asciijump': '5475369', 'robotfindskitten': '5474869', 'squirrel3': '5475279', 'rolldice': '5152439', 'moon-buggy': '5439204', 'apple': '5495053', 'banana': '5494888', 'cherry': '5495382', 'watermelon': '5494510', 'registry': '8018911', 'hello-world': '8021526', 'docker/getting-started': '8021973', 'alpine': '7991792'}
2022-04-14 07:11:19,560 INFO  EnvironmentC8y Setup
2022-04-14 07:11:20,123 INFO  Executed systemctl<serv_mapper1>, exit status 3
2022-04-14 07:11:20,237 INFO  Restarting mosquitto too frequently in the last 10 seconds. It was only up for 5 seconds
2022-04-14 07:11:20,239 INFO  Delaying execution by 6 seconds
2022-04-14 07:11:40,693 INFO  Executed sudo<tedge_connect_c8y>, exit status 0, duration 14 secs
2022-04-14 07:11:41,309 INFO  Executed sudo<tedge_connect_c8y_test>, exit status 0
2022-04-14 07:11:41,823 INFO  Executed systemctl<serv_mosq2>, exit status 0
2022-04-14 07:11:42,336 INFO  Executed systemctl<serv_mapper3>, exit status 0
2022-04-14 07:11:44,557 INFO  State of current operation: PENDING
2022-04-14 07:11:46,775 INFO  State of current operation: PENDING
2022-04-14 07:11:48,991 INFO  State of current operation: PENDING
2022-04-14 07:11:51,209 INFO  State of current operation: PENDING
2022-04-14 07:11:53,425 INFO  State of current operation: PENDING
2022-04-14 07:11:55,762 INFO  State of current operation: PENDING
2022-04-14 07:11:57,981 INFO  State of current operation: PENDING
2022-04-14 07:12:00,197 INFO  State of current operation: PENDING
2022-04-14 07:12:02,411 INFO  State of current operation: PENDING
2022-04-14 07:12:04,632 INFO  State of current operation: PENDING
2022-04-14 07:12:06,848 INFO  State of current operation: PENDING
2022-04-14 07:12:09,065 INFO  State of current operation: PENDING
2022-04-14 07:12:11,282 INFO  State of current operation: PENDING
2022-04-14 07:12:13,495 INFO  State of current operation: PENDING
2022-04-14 07:12:15,745 INFO  State of current operation: PENDING
2022-04-14 07:12:17,997 INFO  State of current operation: PENDING
2022-04-14 07:12:20,220 INFO  State of current operation: PENDING
2022-04-14 07:12:22,434 INFO  State of current operation: PENDING
2022-04-14 07:12:24,650 INFO  State of current operation: PENDING
2022-04-14 07:12:26,867 INFO  State of current operation: PENDING
2022-04-14 07:12:29,086 INFO  State of current operation: PENDING
2022-04-14 07:12:31,309 INFO  State of current operation: PENDING
2022-04-14 07:12:33,531 INFO  State of current operation: PENDING
2022-04-14 07:12:35,787 INFO  State of current operation: PENDING
2022-04-14 07:12:37,998 INFO  State of current operation: PENDING
2022-04-14 07:12:40,217 INFO  State of current operation: PENDING
2022-04-14 07:12:42,440 INFO  State of current operation: PENDING
2022-04-14 07:12:44,653 INFO  State of current operation: PENDING
2022-04-14 07:12:46,876 INFO  State of current operation: PENDING
2022-04-14 07:12:49,110 INFO  State of current operation: PENDING
2022-04-14 07:12:51,326 INFO  State of current operation: PENDING
2022-04-14 07:12:53,541 INFO  State of current operation: PENDING
2022-04-14 07:12:55,796 INFO  State of current operation: PENDING
2022-04-14 07:12:58,013 INFO  State of current operation: PENDING
2022-04-14 07:13:00,243 INFO  State of current operation: PENDING
2022-04-14 07:13:02,465 INFO  State of current operation: PENDING
2022-04-14 07:13:04,676 INFO  State of current operation: PENDING
2022-04-14 07:13:06,896 INFO  State of current operation: PENDING
2022-04-14 07:13:09,113 INFO  State of current operation: PENDING
2022-04-14 07:13:11,327 INFO  State of current operation: PENDING
2022-04-14 07:13:13,546 INFO  State of current operation: PENDING
2022-04-14 07:13:15,806 INFO  State of current operation: PENDING
2022-04-14 07:13:18,023 INFO  State of current operation: PENDING
2022-04-14 07:13:20,237 INFO  State of current operation: PENDING
2022-04-14 07:13:22,455 INFO  State of current operation: PENDING
2022-04-14 07:13:24,673 INFO  State of current operation: PENDING
2022-04-14 07:13:26,885 INFO  State of current operation: PENDING
2022-04-14 07:13:29,099 INFO  State of current operation: PENDING
2022-04-14 07:13:31,315 INFO  State of current operation: PENDING
2022-04-14 07:13:33,535 INFO  State of current operation: PENDING
2022-04-14 07:13:35,767 INFO  State of current operation: PENDING
2022-04-14 07:13:37,984 INFO  State of current operation: PENDING
2022-04-14 07:13:40,206 INFO  State of current operation: PENDING
2022-04-14 07:13:42,421 INFO  State of current operation: PENDING
2022-04-14 07:13:44,634 INFO  State of current operation: PENDING
2022-04-14 07:13:46,852 INFO  State of current operation: PENDING
2022-04-14 07:13:49,068 INFO  State of current operation: PENDING
2022-04-14 07:13:51,286 INFO  State of current operation: PENDING
2022-04-14 07:13:53,502 INFO  State of current operation: PENDING
2022-04-14 07:13:55,766 INFO  State of current operation: PENDING
2022-04-14 07:13:57,980 INFO  State of current operation: PENDING
2022-04-14 07:13:59,986 WARN  SystemError occurred while running test - Timeout while waiting for status FAILED or SUCCESSFUL
Traceback (most recent call last):
  File "/home/pi/env-pysys/lib/python3.7/site-packages/pysys/baserunner.py", line 1292, in __call__
    self.testObj.setup()
  File "/home/pi/actions-runner/_work/thin-edge.io/thin-edge.io/tests/PySys/software_management_end_to_end/sm_apt_install_remove_default/run.py", line 26, in setup
    super().setup()
  File "/home/pi/actions-runner/_work/thin-edge.io/thin-edge.io/tests/PySys/software_management_end_to_end/environment_sm_management.py", line 151, in setup
    self.wait_until_end()
  File "/home/pi/actions-runner/_work/thin-edge.io/thin-edge.io/tests/PySys/software_management_end_to_end/environment_sm_management.py", line 332, in wait_until_end
    self.wait_until_status("FAILED", "SUCCESSFUL")
  File "/home/pi/actions-runner/_work/thin-edge.io/thin-edge.io/tests/PySys/software_management_end_to_end/environment_sm_management.py", line 381, in wait_until_status
    "Timeout while waiting for status %s or %s" % (status, status2)
SystemError: Timeout while waiting for status FAILED or SUCCESSFUL
2022-04-14 07:14:00,015 WARN  SystemError: Timeout while waiting for status FAILED or SUCCESSFUL ... blocked 
2022-04-14 07:14:00,017 INFO  
2022-04-14 07:14:00,017 INFO  cleanup:
2022-04-14 07:14:04,343 INFO  Executed sudo<tedge_disconnect_c8y>, exit status 0
2022-04-14 07:14:04,958 INFO  Executed systemctl<serv_mapper5>, exit status 3
2022-04-14 07:14:04,963 INFO  
2022-04-14 07:14:04,963 INFO  Test duration: 165.42 secs
2022-04-14 07:14:04,965 INFO  Test final outcome:  BLOCKED
2022-04-14 07:14:04,969 INFO  Test outcome reason: SystemError: Timeout while waiting for status FAILED or SUCCESSFUL
2022-04-14 07:14:04,973 INFO  
