2022-05-04 09:19:58,749 INFO  ==============================================================
2022-05-04 09:19:58,750 INFO  Id:    SoftwareManagement.sm_apt_install_remove_multiple_mixed
2022-05-04 09:19:58,751 INFO  Dir:   software_management_end_to_end/
2022-05-04 09:19:58,752 INFO  Title: Validate end to end behaviour for the apt plugin for multiple packages with mixed versions
2022-05-04 09:19:58,753 INFO  ==============================================================
2022-05-04 09:19:58,806 INFO  Using sw id database: {'asciijump': '5475369', 'robotfindskitten': '5474869', 'squirrel3': '5475279', 'rolldice': '5152439', 'moon-buggy': '5439204', 'apple': '5495053', 'banana': '5494888', 'cherry': '5495382', 'watermelon': '5494510', 'registry': '8018911', 'hello-world': '8021526', 'docker/getting-started': '8021973', 'alpine': '7991792'}
2022-05-04 09:19:58,807 INFO  EnvironmentC8y Setup
2022-05-04 09:19:59,421 INFO  Executed systemctl<serv_mapper1>, exit status 3
2022-05-04 09:19:59,538 INFO  Restarting mosquitto too frequently in the last 10 seconds. It was only up for 6 seconds
2022-05-04 09:19:59,539 INFO  Delaying execution by 5 seconds
2022-05-04 09:20:21,652 INFO  Executed sudo<tedge_connect_c8y>, exit status 0, duration 17 secs
2022-05-04 09:20:22,279 INFO  Executed sudo<tedge_connect_c8y_test>, exit status 0
2022-05-04 09:20:22,741 INFO  Executed systemctl<serv_mosq2>, exit status 0
2022-05-04 09:20:23,253 INFO  Executed systemctl<serv_mapper3>, exit status 0
2022-05-04 09:20:25,489 INFO  State of current operation: SUCCESSFUL
2022-05-04 09:20:25,777 INFO  Assert that (False == value) with value=False ... passed
2022-05-04 09:20:26,062 INFO  Assert that (False == value) with value=False ... passed
2022-05-04 09:20:26,299 INFO  Assert that (False == value) with value=False ... passed
2022-05-04 09:20:26,616 INFO  Assert that (False == value) with value=False ... passed
2022-05-04 09:20:26,848 INFO  Package moon-buggy is installed
2022-05-04 09:20:26,883 WARN  Assert that (False == value) with value=True ... failed 
2022-05-04 09:20:29,044 INFO  Response status: 201
2022-05-04 09:20:29,046 INFO  Response to action: {
    "creationTime": "2022-05-04T09:20:28.996Z",
    "deviceName": "m32sd11e",
    "deviceId": "18334601",
    "self": "https://t493319102.eu-latest.cumulocity.com/devicecontrol/operations/18389494",
    "id": "18389494",
    "status": "PENDING",
    "description": "Apply software changes, triggered from PySys: [{'action': 'install', 'id': '5475369', 'name': 'asciijump', 'url': ' ', 'version': '::apt'}, {'action': 'install', 'id': '5474869', 'name': 'robotfindskitten', 'url': ' ', 'version': ' '}, {'action': 'install', 'id': '5475279', 'name': 'squirrel3', 'url': ' ', 'version': '3.1-8::apt'}, {'action': 'install', 'id': '5152439', 'name': 'rolldice', 'url': ' ', 'version': '1.16-1+b2'}, {'action': 'install', 'id': '5439204', 'name': 'moon-buggy', 'url': ' ', 'version': '1:1.0.51-13'}, {'action': 'install', 'id': '5475369', 'name': 'asciijump', 'url': ' ', 'version': '::apt'}]",
    "c8y_SoftwareUpdate": [
        {
            "name": "asciijump",
            "action": "install",
            "id": "5475369",
            "version": "::apt",
            "url": " "
        },
        {
            "name": "robotfindskitten",
            "action": "install",
            "id": "5474869",
            "version": " ",
            "url": " "
        },
        {
            "name": "squirrel3",
            "action": "install",
            "id": "5475279",
            "version": "3.1-8::apt",
            "url": " "
        },
        {
            "name": "rolldice",
            "action": "install",
            "id": "5152439",
            "version": "1.16-1+b2",
            "url": " "
        },
        {
            "name": "moon-buggy",
            "action": "install",
            "id": "5439204",
            "version": "1:1.0.51-13",
            "url": " "
        },
        {
            "name": "asciijump",
            "action": "install",
            "id": "5475369",
            "version": "::apt",
            "url": " "
        }
    ]
}
2022-05-04 09:20:29,047 INFO  Started operation: {'creationTime': '2022-05-04T09:20:28.996Z', 'deviceName': 'm32sd11e', 'deviceId': '18334601', 'self': 'https://t493319102.eu-latest.cumulocity.com/devicecontrol/operations/18389494', 'id': '18389494', 'status': 'PENDING', 'description': "Apply software changes, triggered from PySys: [{'action': 'install', 'id': '5475369', 'name': 'asciijump', 'url': ' ', 'version': '::apt'}, {'action': 'install', 'id': '5474869', 'name': 'robotfindskitten', 'url': ' ', 'version': ' '}, {'action': 'install', 'id': '5475279', 'name': 'squirrel3', 'url': ' ', 'version': '3.1-8::apt'}, {'action': 'install', 'id': '5152439', 'name': 'rolldice', 'url': ' ', 'version': '1.16-1+b2'}, {'action': 'install', 'id': '5439204', 'name': 'moon-buggy', 'url': ' ', 'version': '1:1.0.51-13'}, {'action': 'install', 'id': '5475369', 'name': 'asciijump', 'url': ' ', 'version': '::apt'}]", 'c8y_SoftwareUpdate': [{'name': 'asciijump', 'action': 'install', 'id': '5475369', 'version': '::apt', 'url': ' '}, {'name': 'robotfindskitten', 'action': 'install', 'id': '5474869', 'version': ' ', 'url': ' '}, {'name': 'squirrel3', 'action': 'install', 'id': '5475279', 'version': '3.1-8::apt', 'url': ' '}, {'name': 'rolldice', 'action': 'install', 'id': '5152439', 'version': '1.16-1+b2', 'url': ' '}, {'name': 'moon-buggy', 'action': 'install', 'id': '5439204', 'version': '1:1.0.51-13', 'url': ' '}, {'name': 'asciijump', 'action': 'install', 'id': '5475369', 'version': '::apt', 'url': ' '}]}
2022-05-04 09:20:31,327 INFO  State of operation 18389494 : PENDING
2022-05-04 09:20:33,554 INFO  State of operation 18389494 : EXECUTING
2022-05-04 09:20:35,781 INFO  State of operation 18389494 : EXECUTING
2022-05-04 09:20:38,007 INFO  State of operation 18389494 : EXECUTING
2022-05-04 09:20:40,221 INFO  State of operation 18389494 : EXECUTING
2022-05-04 09:20:42,441 INFO  State of operation 18389494 : EXECUTING
2022-05-04 09:20:44,659 INFO  State of operation 18389494 : EXECUTING
2022-05-04 09:20:47,688 INFO  State of operation 18389494 : EXECUTING
2022-05-04 09:20:51,636 INFO  State of operation 18389494 : EXECUTING
2022-05-04 09:20:53,908 INFO  State of operation 18389494 : EXECUTING
2022-05-04 09:20:56,243 INFO  State of operation 18389494 : EXECUTING
2022-05-04 09:20:58,458 INFO  State of operation 18389494 : EXECUTING
2022-05-04 09:21:00,691 INFO  State of operation 18389494 : EXECUTING
2022-05-04 09:21:02,918 INFO  State of operation 18389494 : EXECUTING
2022-05-04 09:21:05,155 INFO  State of operation 18389494 : EXECUTING
2022-05-04 09:21:07,371 INFO  State of operation 18389494 : EXECUTING
2022-05-04 09:21:09,610 INFO  State of operation 18389494 : EXECUTING
2022-05-04 09:21:11,939 INFO  State of operation 18389494 : EXECUTING
2022-05-04 09:21:14,206 INFO  State of operation 18389494 : EXECUTING
2022-05-04 09:21:16,563 INFO  State of operation 18389494 : EXECUTING
2022-05-04 09:21:19,318 INFO  State of operation 18389494 : EXECUTING
2022-05-04 09:21:21,647 INFO  State of operation 18389494 : EXECUTING
2022-05-04 09:21:23,867 INFO  State of operation 18389494 : EXECUTING
2022-05-04 09:21:26,104 INFO  State of operation 18389494 : EXECUTING
2022-05-04 09:21:28,317 INFO  State of operation 18389494 : EXECUTING
2022-05-04 09:21:31,059 INFO  State of operation 18389494 : EXECUTING
2022-05-04 09:21:33,295 INFO  State of operation 18389494 : EXECUTING
2022-05-04 09:21:35,526 INFO  State of operation 18389494 : EXECUTING
2022-05-04 09:21:38,159 INFO  State of operation 18389494 : EXECUTING
2022-05-04 09:21:40,433 INFO  State of operation 18389494 : EXECUTING
2022-05-04 09:21:43,214 INFO  State of operation 18389494 : EXECUTING
2022-05-04 09:21:45,473 INFO  State of operation 18389494 : EXECUTING
2022-05-04 09:21:47,698 INFO  State of operation 18389494 : EXECUTING
2022-05-04 09:21:49,941 INFO  State of operation 18389494 : EXECUTING
2022-05-04 09:21:52,200 INFO  State of operation 18389494 : EXECUTING
2022-05-04 09:21:54,564 INFO  State of operation 18389494 : EXECUTING
2022-05-04 09:21:56,779 INFO  State of operation 18389494 : EXECUTING
2022-05-04 09:21:58,995 INFO  State of operation 18389494 : EXECUTING
2022-05-04 09:22:01,259 INFO  State of operation 18389494 : EXECUTING
2022-05-04 09:22:03,483 INFO  State of operation 18389494 : EXECUTING
2022-05-04 09:22:05,706 INFO  State of operation 18389494 : EXECUTING
2022-05-04 09:22:07,944 INFO  State of operation 18389494 : EXECUTING
2022-05-04 09:22:10,162 INFO  State of operation 18389494 : EXECUTING
2022-05-04 09:22:12,385 INFO  State of operation 18389494 : EXECUTING
2022-05-04 09:22:15,385 INFO  State of operation 18389494 : EXECUTING
2022-05-04 09:22:18,130 INFO  State of operation 18389494 : EXECUTING
2022-05-04 09:22:20,371 INFO  State of operation 18389494 : EXECUTING
2022-05-04 09:22:22,709 INFO  State of operation 18389494 : EXECUTING
2022-05-04 09:22:24,923 INFO  State of operation 18389494 : EXECUTING
2022-05-04 09:22:27,140 INFO  State of operation 18389494 : EXECUTING
2022-05-04 09:22:29,362 INFO  State of operation 18389494 : EXECUTING
2022-05-04 09:22:31,611 INFO  State of operation 18389494 : EXECUTING
2022-05-04 09:22:33,837 INFO  State of operation 18389494 : EXECUTING
2022-05-04 09:22:36,073 INFO  State of operation 18389494 : EXECUTING
2022-05-04 09:22:38,507 INFO  State of operation 18389494 : EXECUTING
2022-05-04 09:22:40,765 INFO  State of operation 18389494 : EXECUTING
2022-05-04 09:22:43,509 INFO  State of operation 18389494 : EXECUTING
2022-05-04 09:22:45,731 INFO  State of operation 18389494 : EXECUTING
2022-05-04 09:22:47,955 INFO  State of operation 18389494 : EXECUTING
2022-05-04 09:22:50,206 INFO  State of operation 18389494 : EXECUTING
2022-05-04 09:22:52,431 INFO  State of operation 18389494 : EXECUTING
2022-05-04 09:22:54,434 WARN  SystemError occurred while running test - Timeout while waiting for status SUCCESSFUL or False
Traceback (most recent call last):
  File "/home/pi/env-pysys/lib/python3.9/site-packages/pysys/baserunner.py", line 1294, in __call__
    self.testObj.execute()
  File "/home/pi/actions-runner/_work/thin-edge.io/thin-edge.io/tests/PySys/software_management_end_to_end/sm_apt_install_remove_multiple_mixed/run.py", line 89, in execute
    self.wait_until_succcess()
  File "/home/pi/actions-runner/_work/thin-edge.io/thin-edge.io/tests/PySys/software_management_end_to_end/environment_sm_management.py", line 324, in wait_until_succcess
    self.wait_until_status("SUCCESSFUL")
  File "/home/pi/actions-runner/_work/thin-edge.io/thin-edge.io/tests/PySys/software_management_end_to_end/environment_sm_management.py", line 380, in wait_until_status
    raise SystemError(
SystemError: Timeout while waiting for status SUCCESSFUL or False
2022-05-04 09:22:55,840 WARN  SystemError: Timeout while waiting for status SUCCESSFUL or False ... blocked 
2022-05-04 09:22:55,841 INFO  
2022-05-04 09:22:55,841 INFO  cleanup:
2022-05-04 09:23:03,454 INFO  Executed sudo<tedge_disconnect_c8y>, exit status 0
2022-05-04 09:23:04,020 INFO  Executed systemctl<serv_mapper5>, exit status 3
2022-05-04 09:23:04,024 INFO  
2022-05-04 09:23:04,024 INFO  Test duration: 185.29 secs
2022-05-04 09:23:04,025 INFO  Test final outcome:  BLOCKED
2022-05-04 09:23:04,026 INFO  Test outcome reason: SystemError: Timeout while waiting for status SUCCESSFUL or False (+1 other failures)
2022-05-04 09:23:04,027 INFO  
