2022-05-30 08:54:11,397 INFO  ==============================================================
2022-05-30 08:54:11,397 INFO  Id:    c8y_jwt_token_retrieval
2022-05-30 08:54:11,397 INFO  Dir:   cloud_c8y/
2022-05-30 08:54:11,397 INFO  Title: Validate the Cumulocity JWT Token Retrieval feature
2022-05-30 08:54:11,398 INFO  ==============================================================
2022-05-30 08:54:11,517 INFO  Executed sudo<tedge_disconnect_c8y>, exit status 0
2022-05-30 08:54:29,062 INFO  Executed sudo<tedge_connect_c8y>, exit status 0, duration 17 secs
2022-05-30 08:54:29,064 INFO  Started sudo<resp_jwt> with process id 1451846
2022-05-30 08:54:29,166 INFO  Executed sudo<req_jwt>, exit status 0
2022-05-30 08:54:30,269 INFO  Executed sudo<kill_out>, exit status 0
2022-05-30 08:54:30,271 INFO  Grep on file resp_jwt.out ... passed
2022-05-30 08:54:30,271 INFO  
2022-05-30 08:54:30,271 INFO  cleanup:
2022-05-30 08:54:30,285 INFO  Restarting mosquitto too frequently in the last 10 seconds. It was only up for 8 seconds
2022-05-30 08:54:30,286 INFO  Delaying execution by 3 seconds
2022-05-30 08:54:44,224 INFO  Executed sudo<tedge_disconnect_c8y>, exit status 0
2022-05-30 08:54:44,225 INFO  
2022-05-30 08:54:44,225 INFO  Test duration: 32.82 secs
2022-05-30 08:54:44,225 INFO  Test final outcome:  PASSED
2022-05-30 08:54:44,225 INFO  
