2022-04-21 09:41:16,272 INFO  ==============================================================
2022-04-21 09:41:16,273 INFO  Id:    SoftwareManagement.sm_docker_install_remove_multiple
2022-04-21 09:41:16,275 INFO  Dir:   software_management_end_to_end/
2022-04-21 09:41:16,275 INFO  Title: Validate end to end behaviour for the docker plugin for multiple docker images with mixed versions
2022-04-21 09:41:16,276 INFO  ==============================================================
2022-04-21 09:41:16,289 INFO  Using sw id database: {'asciijump': '5475369', 'robotfindskitten': '5474869', 'squirrel3': '5475279', 'rolldice': '5152439', 'moon-buggy': '5439204', 'apple': '5495053', 'banana': '5494888', 'cherry': '5495382', 'watermelon': '5494510', 'registry': '8018911', 'hello-world': '8021526', 'docker/getting-started': '8021973', 'alpine': '7991792'}
2022-04-21 09:41:16,290 INFO  EnvironmentC8y Setup
2022-04-21 09:41:16,903 INFO  Executed systemctl<serv_mapper1>, exit status 3
2022-04-21 09:41:17,059 INFO  Restarting mosquitto too frequently in the last 10 seconds. It was only up for 5 seconds
2022-04-21 09:41:17,061 INFO  Delaying execution by 6 seconds
2022-04-21 09:41:37,626 INFO  Executed sudo<tedge_connect_c8y>, exit status 0, duration 14 secs
2022-04-21 09:41:38,292 INFO  Executed sudo<tedge_connect_c8y_test>, exit status 0
2022-04-21 09:41:38,806 INFO  Executed systemctl<serv_mosq2>, exit status 0
2022-04-21 09:41:39,274 INFO  Executed systemctl<serv_mapper3>, exit status 0
2022-04-21 09:41:41,497 INFO  State of current operation: SUCCESSFUL
2022-04-21 09:41:41,726 INFO  Response status: 201
2022-04-21 09:41:41,727 INFO  Response to action: {
    "creationTime": "2022-04-21T09:41:41.678Z",
    "deviceName": "mythicc",
    "deviceId": "17501604",
    "self": "https://t493319102.eu-latest.cumulocity.com/devicecontrol/operations/17537751",
    "id": "17537751",
    "status": "PENDING",
    "description": "Apply software changes, triggered from PySys: [{'action': 'install', 'id': '8021526', 'name': 'hello-world', 'url': '', 'version': '::docker'}, {'action': 'install', 'id': '8018911', 'name': 'registry', 'url': '', 'version': '2.6.2::docker'}]",
    "c8y_SoftwareUpdate": [
        {
            "name": "hello-world",
            "action": "install",
            "id": "8021526",
            "version": "::docker",
            "url": ""
        },
        {
            "name": "registry",
            "action": "install",
            "id": "8018911",
            "version": "2.6.2::docker",
            "url": ""
        }
    ]
}
2022-04-21 09:41:41,728 INFO  Started operation: {'creationTime': '2022-04-21T09:41:41.678Z', 'deviceName': 'mythicc', 'deviceId': '17501604', 'self': 'https://t493319102.eu-latest.cumulocity.com/devicecontrol/operations/17537751', 'id': '17537751', 'status': 'PENDING', 'description': "Apply software changes, triggered from PySys: [{'action': 'install', 'id': '8021526', 'name': 'hello-world', 'url': '', 'version': '::docker'}, {'action': 'install', 'id': '8018911', 'name': 'registry', 'url': '', 'version': '2.6.2::docker'}]", 'c8y_SoftwareUpdate': [{'name': 'hello-world', 'action': 'install', 'id': '8021526', 'version': '::docker', 'url': ''}, {'name': 'registry', 'action': 'install', 'id': '8018911', 'version': '2.6.2::docker', 'url': ''}]}
2022-04-21 09:41:43,946 INFO  State of operation 17537751 : PENDING
2022-04-21 09:41:46,163 INFO  State of operation 17537751 : EXECUTING
2022-04-21 09:41:48,417 INFO  State of operation 17537751 : EXECUTING
2022-04-21 09:41:50,648 INFO  State of operation 17537751 : EXECUTING
2022-04-21 09:41:52,874 INFO  State of operation 17537751 : EXECUTING
2022-04-21 09:41:55,094 INFO  State of operation 17537751 : EXECUTING
2022-04-21 09:41:57,396 INFO  State of operation 17537751 : EXECUTING
2022-04-21 09:41:59,618 INFO  State of operation 17537751 : EXECUTING
2022-04-21 09:42:01,888 INFO  State of operation 17537751 : EXECUTING
2022-04-21 09:42:04,166 INFO  State of operation 17537751 : EXECUTING
2022-04-21 09:42:06,388 INFO  State of operation 17537751 : EXECUTING
2022-04-21 09:42:08,605 INFO  State of operation 17537751 : EXECUTING
2022-04-21 09:42:11,440 INFO  State of operation 17537751 : EXECUTING
2022-04-21 09:42:13,678 INFO  State of operation 17537751 : EXECUTING
2022-04-21 09:42:15,930 INFO  State of operation 17537751 : EXECUTING
2022-04-21 09:42:18,224 INFO  State of operation 17537751 : EXECUTING
2022-04-21 09:42:20,437 INFO  State of operation 17537751 : EXECUTING
2022-04-21 09:42:22,663 INFO  State of operation 17537751 : SUCCESSFUL
2022-04-21 09:42:23,896 INFO  Package hello-world is installed
2022-04-21 09:42:24,127 INFO  Package hello-world is installed
2022-04-21 09:42:24,130 INFO  Assert that (True == value) with value=True ... passed
2022-04-21 09:42:24,363 INFO  Package registry is installed
2022-04-21 09:42:24,365 INFO  Assert that (True == value) with value=True ... passed
2022-04-21 09:42:24,595 INFO  Assert that (False == value) with value=False ... passed
2022-04-21 09:42:24,812 INFO  Response status: 201
2022-04-21 09:42:24,813 INFO  Response to action: {
    "creationTime": "2022-04-21T09:42:24.771Z",
    "deviceName": "mythicc",
    "deviceId": "17501604",
    "self": "https://t493319102.eu-latest.cumulocity.com/devicecontrol/operations/17537755",
    "id": "17537755",
    "status": "PENDING",
    "description": "Apply software changes, triggered from PySys: [{'action': 'install', 'id': '8018911', 'name': 'registry', 'url': '', 'version': '2.7.1::docker'}, {'action': 'install', 'id': '7991792', 'name': 'alpine', 'url': '', 'version': '::docker'}]",
    "c8y_SoftwareUpdate": [
        {
            "name": "registry",
            "action": "install",
            "id": "8018911",
            "version": "2.7.1::docker",
            "url": ""
        },
        {
            "name": "alpine",
            "action": "install",
            "id": "7991792",
            "version": "::docker",
            "url": ""
        }
    ]
}
2022-04-21 09:42:24,814 INFO  Started operation: {'creationTime': '2022-04-21T09:42:24.771Z', 'deviceName': 'mythicc', 'deviceId': '17501604', 'self': 'https://t493319102.eu-latest.cumulocity.com/devicecontrol/operations/17537755', 'id': '17537755', 'status': 'PENDING', 'description': "Apply software changes, triggered from PySys: [{'action': 'install', 'id': '8018911', 'name': 'registry', 'url': '', 'version': '2.7.1::docker'}, {'action': 'install', 'id': '7991792', 'name': 'alpine', 'url': '', 'version': '::docker'}]", 'c8y_SoftwareUpdate': [{'name': 'registry', 'action': 'install', 'id': '8018911', 'version': '2.7.1::docker', 'url': ''}, {'name': 'alpine', 'action': 'install', 'id': '7991792', 'version': '::docker', 'url': ''}]}
2022-04-21 09:42:27,058 INFO  State of operation 17537755 : PENDING
2022-04-21 09:42:29,285 INFO  State of operation 17537755 : EXECUTING
2022-04-21 09:42:31,524 INFO  State of operation 17537755 : EXECUTING
2022-04-21 09:42:33,739 INFO  State of operation 17537755 : EXECUTING
2022-04-21 09:42:35,983 INFO  State of operation 17537755 : EXECUTING
2022-04-21 09:42:38,228 INFO  State of operation 17537755 : EXECUTING
2022-04-21 09:42:40,526 INFO  State of operation 17537755 : EXECUTING
2022-04-21 09:42:42,800 INFO  State of operation 17537755 : EXECUTING
2022-04-21 09:42:45,049 INFO  State of operation 17537755 : EXECUTING
2022-04-21 09:42:47,310 INFO  State of operation 17537755 : EXECUTING
2022-04-21 09:42:49,739 INFO  State of operation 17537755 : EXECUTING
2022-04-21 09:42:51,982 INFO  State of operation 17537755 : EXECUTING
2022-04-21 09:42:54,221 INFO  State of operation 17537755 : EXECUTING
2022-04-21 09:42:56,439 INFO  State of operation 17537755 : EXECUTING
2022-04-21 09:42:58,659 INFO  State of operation 17537755 : EXECUTING
2022-04-21 09:43:00,880 INFO  State of operation 17537755 : EXECUTING
2022-04-21 09:43:03,102 INFO  State of operation 17537755 : EXECUTING
2022-04-21 09:43:05,325 INFO  State of operation 17537755 : EXECUTING
2022-04-21 09:43:07,730 INFO  State of operation 17537755 : EXECUTING
2022-04-21 09:43:09,944 INFO  State of operation 17537755 : EXECUTING
2022-04-21 09:43:12,163 INFO  State of operation 17537755 : EXECUTING
2022-04-21 09:43:14,374 INFO  State of operation 17537755 : SUCCESSFUL
2022-04-21 09:43:15,623 INFO  Package hello-world is installed
2022-04-21 09:43:15,874 INFO  Package hello-world is installed
2022-04-21 09:43:15,877 INFO  Assert that (True == value) with value=True ... passed
2022-04-21 09:43:16,112 INFO  Package registry is installed
2022-04-21 09:43:16,114 INFO  Assert that (True == value) with value=True ... passed
2022-04-21 09:43:16,354 INFO  Package alpine is installed
2022-04-21 09:43:16,356 INFO  Assert that (True == value) with value=True ... passed
2022-04-21 09:43:16,369 INFO  
2022-04-21 09:43:16,370 INFO  cleanup:
2022-04-21 09:43:16,594 INFO  Response status: 201
2022-04-21 09:43:16,596 INFO  Response to action: {
    "creationTime": "2022-04-21T09:43:16.549Z",
    "deviceName": "mythicc",
    "deviceId": "17501604",
    "self": "https://t493319102.eu-latest.cumulocity.com/devicecontrol/operations/17537764",
    "id": "17537764",
    "status": "PENDING",
    "description": "Apply software changes, triggered from PySys: [{'action': 'delete', 'id': '8018911', 'name': 'registry', 'url': '', 'version': '2.7.1::docker'}, {'action': 'delete', 'id': '7991792', 'name': 'alpine', 'url': '', 'version': '::docker'}, {'action': 'delete', 'id': '8021526', 'name': 'hello-world', 'url': '', 'version': '::docker'}]",
    "c8y_SoftwareUpdate": [
        {
            "name": "registry",
            "action": "delete",
            "id": "8018911",
            "version": "2.7.1::docker",
            "url": ""
        },
        {
            "name": "alpine",
            "action": "delete",
            "id": "7991792",
            "version": "::docker",
            "url": ""
        },
        {
            "name": "hello-world",
            "action": "delete",
            "id": "8021526",
            "version": "::docker",
            "url": ""
        }
    ]
}
2022-04-21 09:43:16,597 INFO  Started operation: {'creationTime': '2022-04-21T09:43:16.549Z', 'deviceName': 'mythicc', 'deviceId': '17501604', 'self': 'https://t493319102.eu-latest.cumulocity.com/devicecontrol/operations/17537764', 'id': '17537764', 'status': 'PENDING', 'description': "Apply software changes, triggered from PySys: [{'action': 'delete', 'id': '8018911', 'name': 'registry', 'url': '', 'version': '2.7.1::docker'}, {'action': 'delete', 'id': '7991792', 'name': 'alpine', 'url': '', 'version': '::docker'}, {'action': 'delete', 'id': '8021526', 'name': 'hello-world', 'url': '', 'version': '::docker'}]", 'c8y_SoftwareUpdate': [{'name': 'registry', 'action': 'delete', 'id': '8018911', 'version': '2.7.1::docker', 'url': ''}, {'name': 'alpine', 'action': 'delete', 'id': '7991792', 'version': '::docker', 'url': ''}, {'name': 'hello-world', 'action': 'delete', 'id': '8021526', 'version': '::docker', 'url': ''}]}
2022-04-21 09:43:18,813 INFO  State of operation 17537764 : PENDING
2022-04-21 09:43:21,054 INFO  State of operation 17537764 : EXECUTING
2022-04-21 09:43:23,311 INFO  State of operation 17537764 : EXECUTING
2022-04-21 09:43:25,595 INFO  State of operation 17537764 : EXECUTING
2022-04-21 09:43:27,890 INFO  State of operation 17537764 : EXECUTING
2022-04-21 09:43:30,194 INFO  State of operation 17537764 : EXECUTING
2022-04-21 09:43:32,425 INFO  State of operation 17537764 : EXECUTING
2022-04-21 09:43:34,639 INFO  State of operation 17537764 : EXECUTING
2022-04-21 09:43:36,851 INFO  State of operation 17537764 : SUCCESSFUL
2022-04-21 09:43:48,257 INFO  Assert that (False == value) with value=False ... passed
2022-04-21 09:43:48,492 INFO  Assert that (False == value) with value=False ... passed
2022-04-21 09:43:48,730 INFO  Assert that (False == value) with value=False ... passed
2022-04-21 09:43:53,172 INFO  Executed sudo<tedge_disconnect_c8y>, exit status 0
2022-04-21 09:43:53,785 INFO  Executed systemctl<serv_mapper5>, exit status 3
2022-04-21 09:43:53,790 INFO  
2022-04-21 09:43:53,790 INFO  Test duration: 157.53 secs
2022-04-21 09:43:53,792 INFO  Test final outcome:  PASSED
2022-04-21 09:43:53,793 INFO  
