2022-04-15 09:11:05,225 INFO  ==============================================================
2022-04-15 09:11:05,226 INFO  Id:    sm_tedge_mapper_init_session
2022-04-15 09:11:05,228 INFO  Dir:   tedge_mapper_c8y/
2022-04-15 09:11:05,228 INFO  Title: Validate tedge_mapper_sm_c8y init session feature
2022-04-15 09:11:05,229 INFO  ==============================================================
2022-04-15 09:11:05,238 INFO  EnvironmentC8y Setup
2022-04-15 09:11:05,850 INFO  Executed systemctl<serv_mapper1>, exit status 3
2022-04-15 09:11:05,961 INFO  Restarting mosquitto too frequently in the last 10 seconds. It was only up for 7 seconds
2022-04-15 09:11:05,963 INFO  Delaying execution by 4 seconds
2022-04-15 09:11:23,776 INFO  Executed sudo<tedge_connect_c8y>, exit status 0, duration 13 secs
2022-04-15 09:11:24,394 INFO  Executed sudo<tedge_connect_c8y_test>, exit status 0
2022-04-15 09:11:24,865 INFO  Executed systemctl<serv_mosq2>, exit status 0
2022-04-15 09:11:25,329 INFO  Executed systemctl<serv_mapper3>, exit status 0
2022-04-15 09:11:25,893 INFO  Executed sudo<stop_tedge_mapper>, exit status 0
2022-04-15 09:11:26,461 INFO  Executed sudo<remove_lock>, exit status 0
2022-04-15 09:11:26,973 INFO  Executed sudo<mapper_drop>, exit status 0
2022-04-15 09:11:27,536 INFO  Executed sudo<mapper_init>, exit status 0
2022-04-15 09:11:28,062 INFO  Executed sudo<pub_req>, exit status 0
2022-04-15 09:11:28,071 INFO  Started sudo<sub_resp> with process id 1198
2022-04-15 09:11:28,644 INFO  Executed sudo<start_mapper>, exit status 0
2022-04-15 09:11:28,646 INFO  Waiting for 2.0 seconds
2022-04-15 09:11:31,162 INFO  Executed sudo<sub_stop>, exit status 0
2022-04-15 09:11:31,169 INFO  Grep on file sub_resp.out ... passed
2022-04-15 09:11:31,178 INFO  
2022-04-15 09:11:31,179 INFO  cleanup:
2022-04-15 09:11:35,451 INFO  Executed sudo<tedge_disconnect_c8y>, exit status 0
2022-04-15 09:11:36,023 INFO  Executed systemctl<serv_mapper5>, exit status 3
2022-04-15 09:11:36,133 INFO  Restarting mosquitto too frequently in the last 10 seconds. It was only up for 4 seconds
2022-04-15 09:11:36,135 INFO  Delaying execution by 7 seconds
2022-04-15 09:11:43,654 INFO  Executed sudo<tedge_disconnect_c8y>, exit status 0
2022-04-15 09:11:44,268 INFO  Executed systemctl<serv_mapper5>, exit status 3
2022-04-15 09:11:44,273 INFO  
2022-04-15 09:11:44,274 INFO  Test duration: 39.05 secs
2022-04-15 09:11:44,275 INFO  Test final outcome:  PASSED
2022-04-15 09:11:44,276 INFO  
