2022-05-11 11:37:00,250 INFO  ==============================================================
2022-05-11 11:37:00,251 INFO  Id:    apt_install_local_file
2022-05-11 11:37:00,251 INFO  Dir:   plugin_apt/
2022-05-11 11:37:00,251 INFO  Title: Validate apt plugin install from local file - SUCCESS case
2022-05-11 11:37:00,251 INFO  ==============================================================
2022-05-11 11:37:00,664 INFO  URL of rolldice is b"'https://mirror.hetzner.com/ubuntu/packages/pool/universe/r/rolldice/rolldice_1.16-1build1_amd64.deb'"
2022-05-11 11:37:01,245 INFO  Downloaded rolldcice in version 1.16-1build1
2022-05-11 11:37:01,246 INFO  Filename is rolldice_1.16-1build1_amd64.deb
2022-05-11 11:37:02,100 INFO  Executed sudo, exit status 0
2022-05-11 11:37:02,604 INFO  Executed sudo<outp_check_0>, exit status 0
2022-05-11 11:37:02,604 INFO  Assert that (value==0) with value=0 ... passed
2022-05-11 11:37:02,605 INFO  Grep on file outp_check_0.out ... passed
2022-05-11 11:37:08,829 INFO  Executed sudo<outp_install>, exit status 0
2022-05-11 11:37:08,829 INFO  Assert that (value==0) with value=0 ... passed
2022-05-11 11:37:09,334 INFO  Executed sudo<outp_check_1>, exit status 0
2022-05-11 11:37:09,334 INFO  Assert that (value==0) with value=0 ... passed
2022-05-11 11:37:09,335 INFO  Grep on file outp_check_1.out ... passed
2022-05-11 11:37:09,336 INFO  
2022-05-11 11:37:09,336 INFO  cleanup:
2022-05-11 11:37:09,337 INFO  
2022-05-11 11:37:09,337 INFO  Test duration: 9.08 secs
2022-05-11 11:37:09,337 INFO  Test final outcome:  PASSED
2022-05-11 11:37:09,337 INFO  
