2022-05-03 09:01:51,698 INFO  ==============================================================
2022-05-03 09:01:51,699 INFO  Id:    SoftwareManagement.Plugin.apama_plugin_update
2022-05-03 09:01:51,700 INFO  Dir:   plugin_apama/
2022-05-03 09:01:51,701 INFO  Title: Validate apama plugin updating one project with another
2022-05-03 09:01:51,702 INFO  ==============================================================
2022-05-03 09:01:51,709 INFO  Assertion that path exists=False for "/etc/tedge/apama/project" ... passed
2022-05-03 09:01:52,219 INFO  Executed sudo<create_project_dir>, exit status 0
2022-05-03 09:01:52,880 INFO  Executed sudo<unzip_apama_project>, exit status 0
2022-05-03 09:01:53,390 INFO  Executed sudo<move_apama_project>, exit status 0
2022-05-03 09:01:54,302 INFO  Executed sudo<restart_apama_service>, exit status 0
2022-05-03 09:01:55,167 INFO  Executed sudo<apama_correlator_wait>, exit status 0
2022-05-03 09:01:55,169 INFO  Assertion that path exists=True for "/etc/tedge/apama/project" ... passed
2022-05-03 09:01:56,032 INFO  Executed sudo<apama_list_monitors>, exit status 0
2022-05-03 09:01:56,037 INFO  Grep on file /home/pi/actions-runner/_work/thin-edge.io/thin-edge.io/tests/PySys/plugin_apama/apama_plugin_update/Output/linux/apama_list_monitors.out ... passed
2022-05-03 09:01:56,647 WARN  Executed sudo<plugin_install>, exit status 2
2022-05-03 09:01:56,651 INFO  Contents of plugin_install.err: 
2022-05-03 09:01:56,652 INFO    ERROR: Directory not empty (os error 39)
2022-05-03 09:01:56,653 INFO    -----
2022-05-03 09:01:56,654 INFO  
2022-05-03 09:01:57,084 WARN  sudo<plugin_install> returned non-zero exit code 2 ... blocked [run.py:26]
2022-05-03 09:01:57,085 WARN  Aborted test due to BLOCKED outcome
2022-05-03 09:01:57,091 INFO  
2022-05-03 09:01:57,092 INFO  cleanup:
2022-05-03 09:01:57,093 INFO  Removing apama project
2022-05-03 09:02:12,985 INFO  Executed sudo<stop_apama_service>, exit status 0, duration 15 secs
2022-05-03 09:02:13,497 INFO  Executed sudo<remove_apama_project>, exit status 0
2022-05-03 09:02:14,057 INFO  Executed sudo<remove_apama_tmp_dir>, exit status 0
2022-05-03 09:02:14,060 INFO  
2022-05-03 09:02:14,061 INFO  Test duration: 22.37 secs
2022-05-03 09:02:14,062 INFO  Test final outcome:  BLOCKED
2022-05-03 09:02:14,063 INFO  Test outcome reason: sudo<plugin_install> returned non-zero exit code 2
2022-05-03 09:02:14,064 INFO  
