2022-04-11 10:45:46,248 INFO  ==============================================================
2022-04-11 10:45:46,248 INFO  Id:    SoftwareManagement.Plugin.apama_plugin_mon_support
2022-04-11 10:45:46,250 INFO  Dir:   plugin_apama/
2022-04-11 10:45:46,251 INFO  Title: Validate mon file support of apama plugin
2022-04-11 10:45:46,251 DEBUG Execution order hint: 0.0
2022-04-11 10:45:46,252 INFO  ==============================================================
2022-04-11 10:45:46,275 INFO  Assertion that path exists=False for "/etc/tedge/apama/project" ... passed
2022-04-11 10:45:46,277 DEBUG Process parameters for sudo<create_project_dir>
  command line : /usr/bin/sudo mkdir -p /etc/tedge/apama
    arg #1     : mkdir
    arg #2     : -p
    arg #3     : /etc/tedge/apama
  working dir  : /home/pi/actions-runner/_work/thin-edge.io/thin-edge.io/tests/PySys/plugin_apama/apama_plugin_mon_support/Output/linux
  stdout       : /home/pi/actions-runner/_work/thin-edge.io/thin-edge.io/tests/PySys/plugin_apama/apama_plugin_mon_support/Output/linux/create_project_dir.out
  stderr       : /home/pi/actions-runner/_work/thin-edge.io/thin-edge.io/tests/PySys/plugin_apama/apama_plugin_mon_support/Output/linux/create_project_dir.err
  environment  : LD_LIBRARY_PATH=/usr/lib
  environment  : PATH=/bin:/usr/bin:/usr/sbin:/usr/local/bin
                   #1  /bin
                   #2  /usr/bin
                   #3  /usr/sbin
                   #4  /usr/local/bin
2022-04-11 10:45:46,284 DEBUG Waiting up to 600 secs for process sudo<create_project_dir> (pid 5373)
2022-04-11 10:45:46,790 INFO  Executed sudo<create_project_dir>, exit status 0
2022-04-11 10:45:46,792 DEBUG Process parameters for sudo<unzip_apama_project>
  command line : /usr/bin/sudo unzip /home/pi/actions-runner/_work/thin-edge.io/thin-edge.io/tests/PySys/plugin_apama/Input/quickstart.zip -d /tmp/tedge_apama_project
    arg #1     : unzip
    arg #2     : /home/pi/actions-runner/_work/thin-edge.io/thin-edge.io/tests/PySys/plugin_apama/Input/quickstart.zip
    arg #3     : -d
    arg #4     : /tmp/tedge_apama_project
  working dir  : /home/pi/actions-runner/_work/thin-edge.io/thin-edge.io/tests/PySys/plugin_apama/apama_plugin_mon_support/Output/linux
  stdout       : /home/pi/actions-runner/_work/thin-edge.io/thin-edge.io/tests/PySys/plugin_apama/apama_plugin_mon_support/Output/linux/unzip_apama_project.out
  stderr       : /home/pi/actions-runner/_work/thin-edge.io/thin-edge.io/tests/PySys/plugin_apama/apama_plugin_mon_support/Output/linux/unzip_apama_project.err
  environment  : LD_LIBRARY_PATH=/usr/lib
  environment  : PATH=/bin:/usr/bin:/usr/sbin:/usr/local/bin
                   #1  /bin
                   #2  /usr/bin
                   #3  /usr/sbin
                   #4  /usr/local/bin
2022-04-11 10:45:46,799 DEBUG Waiting up to 600 secs for process sudo<unzip_apama_project> (pid 5375)
2022-04-11 10:45:47,406 INFO  Executed sudo<unzip_apama_project>, exit status 0
2022-04-11 10:45:47,408 DEBUG Process parameters for sudo<move_apama_project>
  command line : /usr/bin/sudo mv /tmp/tedge_apama_project/project /etc/tedge/apama/project
    arg #1     : mv
    arg #2     : /tmp/tedge_apama_project/project
    arg #3     : /etc/tedge/apama/project
  working dir  : /home/pi/actions-runner/_work/thin-edge.io/thin-edge.io/tests/PySys/plugin_apama/apama_plugin_mon_support/Output/linux
  stdout       : /home/pi/actions-runner/_work/thin-edge.io/thin-edge.io/tests/PySys/plugin_apama/apama_plugin_mon_support/Output/linux/move_apama_project.out
  stderr       : /home/pi/actions-runner/_work/thin-edge.io/thin-edge.io/tests/PySys/plugin_apama/apama_plugin_mon_support/Output/linux/move_apama_project.err
  environment  : LD_LIBRARY_PATH=/usr/lib
  environment  : PATH=/bin:/usr/bin:/usr/sbin:/usr/local/bin
                   #1  /bin
                   #2  /usr/bin
                   #3  /usr/sbin
                   #4  /usr/local/bin
2022-04-11 10:45:47,416 DEBUG Waiting up to 600 secs for process sudo<move_apama_project> (pid 5377)
2022-04-11 10:45:47,922 INFO  Executed sudo<move_apama_project>, exit status 0
2022-04-11 10:45:47,925 DEBUG Process parameters for sudo<restart_apama_service>
  command line : /usr/bin/sudo service apama restart
    arg #1     : service
    arg #2     : apama
    arg #3     : restart
  working dir  : /home/pi/actions-runner/_work/thin-edge.io/thin-edge.io/tests/PySys/plugin_apama/apama_plugin_mon_support/Output/linux
  stdout       : /home/pi/actions-runner/_work/thin-edge.io/thin-edge.io/tests/PySys/plugin_apama/apama_plugin_mon_support/Output/linux/restart_apama_service.out
  stderr       : /home/pi/actions-runner/_work/thin-edge.io/thin-edge.io/tests/PySys/plugin_apama/apama_plugin_mon_support/Output/linux/restart_apama_service.err
  environment  : LD_LIBRARY_PATH=/usr/lib
  environment  : PATH=/bin:/usr/bin:/usr/sbin:/usr/local/bin
                   #1  /bin
                   #2  /usr/bin
                   #3  /usr/sbin
                   #4  /usr/local/bin
2022-04-11 10:45:47,931 DEBUG Waiting up to 600 secs for process sudo<restart_apama_service> (pid 5379)
2022-04-11 10:45:48,893 INFO  Executed sudo<restart_apama_service>, exit status 0
2022-04-11 10:45:48,896 DEBUG Process parameters for sudo<apama_correlator_wait>
  command line : /usr/bin/sudo /opt/softwareag/Apama/bin/apama_env component_management --port 15903 --waitFor 5
    arg #1     : /opt/softwareag/Apama/bin/apama_env
    arg #2     : component_management
    arg #3     : --port
    arg #4     : 15903
    arg #5     : --waitFor
    arg #6     : 5
  working dir  : /home/pi/actions-runner/_work/thin-edge.io/thin-edge.io/tests/PySys/plugin_apama/apama_plugin_mon_support/Output/linux
  stdout       : /home/pi/actions-runner/_work/thin-edge.io/thin-edge.io/tests/PySys/plugin_apama/apama_plugin_mon_support/Output/linux/apama_correlator_wait.out
  stderr       : /home/pi/actions-runner/_work/thin-edge.io/thin-edge.io/tests/PySys/plugin_apama/apama_plugin_mon_support/Output/linux/apama_correlator_wait.err
  environment  : LD_LIBRARY_PATH=/usr/lib
  environment  : PATH=/bin:/usr/bin:/usr/sbin:/usr/local/bin
                   #1  /bin
                   #2  /usr/bin
                   #3  /usr/sbin
                   #4  /usr/local/bin
2022-04-11 10:45:48,904 DEBUG Waiting up to 600 secs for process sudo<apama_correlator_wait> (pid 5398)
2022-04-11 10:45:49,714 INFO  Executed sudo<apama_correlator_wait>, exit status 0
2022-04-11 10:45:49,717 DEBUG Process parameters for sudo<apama_list_monitors>
  command line : /usr/bin/sudo /opt/softwareag/Apama/bin/apama_env engine_inspect -m -r
    arg #1     : /opt/softwareag/Apama/bin/apama_env
    arg #2     : engine_inspect
    arg #3     : -m
    arg #4     : -r
  working dir  : /home/pi/actions-runner/_work/thin-edge.io/thin-edge.io/tests/PySys/plugin_apama/apama_plugin_mon_support/Output/linux
  stdout       : /home/pi/actions-runner/_work/thin-edge.io/thin-edge.io/tests/PySys/plugin_apama/apama_plugin_mon_support/Output/linux/apama_list_monitors.out
  stderr       : /home/pi/actions-runner/_work/thin-edge.io/thin-edge.io/tests/PySys/plugin_apama/apama_plugin_mon_support/Output/linux/apama_list_monitors.err
  environment  : LD_LIBRARY_PATH=/usr/lib
  environment  : PATH=/bin:/usr/bin:/usr/sbin:/usr/local/bin
                   #1  /bin
                   #2  /usr/bin
                   #3  /usr/sbin
                   #4  /usr/local/bin
2022-04-11 10:45:49,723 DEBUG Waiting up to 600 secs for process sudo<apama_list_monitors> (pid 5439)
2022-04-11 10:45:50,432 INFO  Executed sudo<apama_list_monitors>, exit status 0
2022-04-11 10:45:50,433 DEBUG Performing regex contains=False grep on file: /home/pi/actions-runner/_work/thin-edge.io/thin-edge.io/tests/PySys/plugin_apama/apama_plugin_mon_support/Output/linux/apama_list_monitors.out
2022-04-11 10:45:50,440 INFO  Grep on file /home/pi/actions-runner/_work/thin-edge.io/thin-edge.io/tests/PySys/plugin_apama/apama_plugin_mon_support/Output/linux/apama_list_monitors.out ... passed
2022-04-11 10:45:50,442 DEBUG --- test execute
2022-04-11 10:45:50,444 DEBUG Process parameters for sudo<plugin_list_before_install>
  command line : /usr/bin/sudo /etc/tedge/sm-plugins/apama list
    arg #1     : /etc/tedge/sm-plugins/apama
    arg #2     : list
  working dir  : /home/pi/actions-runner/_work/thin-edge.io/thin-edge.io/tests/PySys/plugin_apama/apama_plugin_mon_support/Output/linux
  stdout       : /home/pi/actions-runner/_work/thin-edge.io/thin-edge.io/tests/PySys/plugin_apama/apama_plugin_mon_support/Output/linux/plugin_list_before_install.out
  stderr       : /home/pi/actions-runner/_work/thin-edge.io/thin-edge.io/tests/PySys/plugin_apama/apama_plugin_mon_support/Output/linux/plugin_list_before_install.err
  environment  : LD_LIBRARY_PATH=/usr/lib
  environment  : PATH=/bin:/usr/bin:/usr/sbin:/usr/local/bin
                   #1  /bin
                   #2  /usr/bin
                   #3  /usr/sbin
                   #4  /usr/local/bin
2022-04-11 10:45:50,450 DEBUG Waiting up to 600 secs for process sudo<plugin_list_before_install> (pid 5459)
2022-04-11 10:45:51,359 INFO  Executed sudo<plugin_list_before_install>, exit status 0
2022-04-11 10:45:51,361 DEBUG Process parameters for sudo<plugin_install>
  command line : /usr/bin/sudo /etc/tedge/sm-plugins/apama install TedgeTestMonitor::mon --file /home/pi/actions-runner/_work/thin-edge.io/thin-edge.io/tests/PySys/plugin_apama/Input/TedgeTestMonitor.mon
    arg #1     : /etc/tedge/sm-plugins/apama
    arg #2     : install
    arg #3     : TedgeTestMonitor::mon
    arg #4     : --file
    arg #5     : /home/pi/actions-runner/_work/thin-edge.io/thin-edge.io/tests/PySys/plugin_apama/Input/TedgeTestMonitor.mon
  working dir  : /home/pi/actions-runner/_work/thin-edge.io/thin-edge.io/tests/PySys/plugin_apama/apama_plugin_mon_support/Output/linux
  stdout       : /home/pi/actions-runner/_work/thin-edge.io/thin-edge.io/tests/PySys/plugin_apama/apama_plugin_mon_support/Output/linux/plugin_install.out
  stderr       : /home/pi/actions-runner/_work/thin-edge.io/thin-edge.io/tests/PySys/plugin_apama/apama_plugin_mon_support/Output/linux/plugin_install.err
  environment  : LD_LIBRARY_PATH=/usr/lib
  environment  : PATH=/bin:/usr/bin:/usr/sbin:/usr/local/bin
                   #1  /bin
                   #2  /usr/bin
                   #3  /usr/sbin
                   #4  /usr/local/bin
2022-04-11 10:45:51,368 DEBUG Waiting up to 600 secs for process sudo<plugin_install> (pid 5478)
2022-04-11 10:45:52,327 INFO  Executed sudo<plugin_install>, exit status 0
2022-04-11 10:45:52,330 DEBUG Process parameters for sudo<apama_correlator_wait>
  command line : /usr/bin/sudo /opt/softwareag/Apama/bin/apama_env component_management --port 15903 --waitFor 5
    arg #1     : /opt/softwareag/Apama/bin/apama_env
    arg #2     : component_management
    arg #3     : --port
    arg #4     : 15903
    arg #5     : --waitFor
    arg #6     : 5
  working dir  : /home/pi/actions-runner/_work/thin-edge.io/thin-edge.io/tests/PySys/plugin_apama/apama_plugin_mon_support/Output/linux
  stdout       : /home/pi/actions-runner/_work/thin-edge.io/thin-edge.io/tests/PySys/plugin_apama/apama_plugin_mon_support/Output/linux/apama_correlator_wait.out
  stderr       : /home/pi/actions-runner/_work/thin-edge.io/thin-edge.io/tests/PySys/plugin_apama/apama_plugin_mon_support/Output/linux/apama_correlator_wait.err
  environment  : LD_LIBRARY_PATH=/usr/lib
  environment  : PATH=/bin:/usr/bin:/usr/sbin:/usr/local/bin
                   #1  /bin
                   #2  /usr/bin
                   #3  /usr/sbin
                   #4  /usr/local/bin
2022-04-11 10:45:52,336 DEBUG Waiting up to 600 secs for process sudo<apama_correlator_wait> (pid 5518)
2022-04-11 10:45:52,994 INFO  Executed sudo<apama_correlator_wait>, exit status 0
2022-04-11 10:45:52,996 DEBUG Process parameters for sudo<plugin_list_after_install>
  command line : /usr/bin/sudo /etc/tedge/sm-plugins/apama list
    arg #1     : /etc/tedge/sm-plugins/apama
    arg #2     : list
  working dir  : /home/pi/actions-runner/_work/thin-edge.io/thin-edge.io/tests/PySys/plugin_apama/apama_plugin_mon_support/Output/linux
  stdout       : /home/pi/actions-runner/_work/thin-edge.io/thin-edge.io/tests/PySys/plugin_apama/apama_plugin_mon_support/Output/linux/plugin_list_after_install.out
  stderr       : /home/pi/actions-runner/_work/thin-edge.io/thin-edge.io/tests/PySys/plugin_apama/apama_plugin_mon_support/Output/linux/plugin_list_after_install.err
  environment  : LD_LIBRARY_PATH=/usr/lib
  environment  : PATH=/bin:/usr/bin:/usr/sbin:/usr/local/bin
                   #1  /bin
                   #2  /usr/bin
                   #3  /usr/sbin
                   #4  /usr/local/bin
2022-04-11 10:45:53,003 DEBUG Waiting up to 600 secs for process sudo<plugin_list_after_install> (pid 5534)
2022-04-11 10:45:53,761 INFO  Executed sudo<plugin_list_after_install>, exit status 0
2022-04-11 10:45:53,764 DEBUG Process parameters for sudo<plugin_update>
  command line : /usr/bin/sudo /etc/tedge/sm-plugins/apama install TedgeTestMonitor::mon --file /home/pi/actions-runner/_work/thin-edge.io/thin-edge.io/tests/PySys/plugin_apama/Input/TedgeTestMonitorV2.mon
    arg #1     : /etc/tedge/sm-plugins/apama
    arg #2     : install
    arg #3     : TedgeTestMonitor::mon
    arg #4     : --file
    arg #5     : /home/pi/actions-runner/_work/thin-edge.io/thin-edge.io/tests/PySys/plugin_apama/Input/TedgeTestMonitorV2.mon
  working dir  : /home/pi/actions-runner/_work/thin-edge.io/thin-edge.io/tests/PySys/plugin_apama/apama_plugin_mon_support/Output/linux
  stdout       : /home/pi/actions-runner/_work/thin-edge.io/thin-edge.io/tests/PySys/plugin_apama/apama_plugin_mon_support/Output/linux/plugin_update.out
  stderr       : /home/pi/actions-runner/_work/thin-edge.io/thin-edge.io/tests/PySys/plugin_apama/apama_plugin_mon_support/Output/linux/plugin_update.err
  environment  : LD_LIBRARY_PATH=/usr/lib
  environment  : PATH=/bin:/usr/bin:/usr/sbin:/usr/local/bin
                   #1  /bin
                   #2  /usr/bin
                   #3  /usr/sbin
                   #4  /usr/local/bin
2022-04-11 10:45:53,776 DEBUG Waiting up to 600 secs for process sudo<plugin_update> (pid 5555)
2022-04-11 10:45:55,844 INFO  Executed sudo<plugin_update>, exit status 0
2022-04-11 10:45:55,847 DEBUG Process parameters for sudo<apama_correlator_wait>
  command line : /usr/bin/sudo /opt/softwareag/Apama/bin/apama_env component_management --port 15903 --waitFor 5
    arg #1     : /opt/softwareag/Apama/bin/apama_env
    arg #2     : component_management
    arg #3     : --port
    arg #4     : 15903
    arg #5     : --waitFor
    arg #6     : 5
  working dir  : /home/pi/actions-runner/_work/thin-edge.io/thin-edge.io/tests/PySys/plugin_apama/apama_plugin_mon_support/Output/linux
  stdout       : /home/pi/actions-runner/_work/thin-edge.io/thin-edge.io/tests/PySys/plugin_apama/apama_plugin_mon_support/Output/linux/apama_correlator_wait.out
  stderr       : /home/pi/actions-runner/_work/thin-edge.io/thin-edge.io/tests/PySys/plugin_apama/apama_plugin_mon_support/Output/linux/apama_correlator_wait.err
  environment  : LD_LIBRARY_PATH=/usr/lib
  environment  : PATH=/bin:/usr/bin:/usr/sbin:/usr/local/bin
                   #1  /bin
                   #2  /usr/bin
                   #3  /usr/sbin
                   #4  /usr/local/bin
2022-04-11 10:45:55,854 DEBUG Waiting up to 600 secs for process sudo<apama_correlator_wait> (pid 5614)
2022-04-11 10:45:56,663 INFO  Executed sudo<apama_correlator_wait>, exit status 0
2022-04-11 10:45:56,666 DEBUG Process parameters for sudo<plugin_list_after_update>
  command line : /usr/bin/sudo /etc/tedge/sm-plugins/apama list
    arg #1     : /etc/tedge/sm-plugins/apama
    arg #2     : list
  working dir  : /home/pi/actions-runner/_work/thin-edge.io/thin-edge.io/tests/PySys/plugin_apama/apama_plugin_mon_support/Output/linux
  stdout       : /home/pi/actions-runner/_work/thin-edge.io/thin-edge.io/tests/PySys/plugin_apama/apama_plugin_mon_support/Output/linux/plugin_list_after_update.out
  stderr       : /home/pi/actions-runner/_work/thin-edge.io/thin-edge.io/tests/PySys/plugin_apama/apama_plugin_mon_support/Output/linux/plugin_list_after_update.err
  environment  : LD_LIBRARY_PATH=/usr/lib
  environment  : PATH=/bin:/usr/bin:/usr/sbin:/usr/local/bin
                   #1  /bin
                   #2  /usr/bin
                   #3  /usr/sbin
                   #4  /usr/local/bin
2022-04-11 10:45:56,672 DEBUG Waiting up to 600 secs for process sudo<plugin_list_after_update> (pid 5630)
2022-04-11 10:45:57,387 INFO  Executed sudo<plugin_list_after_update>, exit status 0
2022-04-11 10:45:57,389 DEBUG Process parameters for sudo<plugin_remove>
  command line : /usr/bin/sudo /etc/tedge/sm-plugins/apama remove TedgeTestMonitor::mon
    arg #1     : /etc/tedge/sm-plugins/apama
    arg #2     : remove
    arg #3     : TedgeTestMonitor::mon
  working dir  : /home/pi/actions-runner/_work/thin-edge.io/thin-edge.io/tests/PySys/plugin_apama/apama_plugin_mon_support/Output/linux
  stdout       : /home/pi/actions-runner/_work/thin-edge.io/thin-edge.io/tests/PySys/plugin_apama/apama_plugin_mon_support/Output/linux/plugin_remove.out
  stderr       : /home/pi/actions-runner/_work/thin-edge.io/thin-edge.io/tests/PySys/plugin_apama/apama_plugin_mon_support/Output/linux/plugin_remove.err
  environment  : LD_LIBRARY_PATH=/usr/lib
  environment  : PATH=/bin:/usr/bin:/usr/sbin:/usr/local/bin
                   #1  /bin
                   #2  /usr/bin
                   #3  /usr/sbin
                   #4  /usr/local/bin
2022-04-11 10:45:57,396 DEBUG Waiting up to 600 secs for process sudo<plugin_remove> (pid 5649)
2022-04-11 10:45:58,154 INFO  Executed sudo<plugin_remove>, exit status 0
2022-04-11 10:45:58,156 DEBUG Process parameters for sudo<plugin_list_after_remove>
  command line : /usr/bin/sudo /etc/tedge/sm-plugins/apama list
    arg #1     : /etc/tedge/sm-plugins/apama
    arg #2     : list
  working dir  : /home/pi/actions-runner/_work/thin-edge.io/thin-edge.io/tests/PySys/plugin_apama/apama_plugin_mon_support/Output/linux
  stdout       : /home/pi/actions-runner/_work/thin-edge.io/thin-edge.io/tests/PySys/plugin_apama/apama_plugin_mon_support/Output/linux/plugin_list_after_remove.out
  stderr       : /home/pi/actions-runner/_work/thin-edge.io/thin-edge.io/tests/PySys/plugin_apama/apama_plugin_mon_support/Output/linux/plugin_list_after_remove.err
  environment  : LD_LIBRARY_PATH=/usr/lib
  environment  : PATH=/bin:/usr/bin:/usr/sbin:/usr/local/bin
                   #1  /bin
                   #2  /usr/bin
                   #3  /usr/sbin
                   #4  /usr/local/bin
2022-04-11 10:45:58,163 DEBUG Waiting up to 600 secs for process sudo<plugin_list_after_remove> (pid 5670)
2022-04-11 10:45:58,921 INFO  Executed sudo<plugin_list_after_remove>, exit status 0
2022-04-11 10:45:58,922 DEBUG --- test validate
2022-04-11 10:45:58,923 DEBUG Performing regex contains=False grep on file: /home/pi/actions-runner/_work/thin-edge.io/thin-edge.io/tests/PySys/plugin_apama/apama_plugin_mon_support/Output/linux/plugin_list_before_install.out
2022-04-11 10:45:58,928 INFO  Grep on file plugin_list_before_install.out ... passed
2022-04-11 10:45:58,929 DEBUG Performing regex contains=True grep on file: /home/pi/actions-runner/_work/thin-edge.io/thin-edge.io/tests/PySys/plugin_apama/apama_plugin_mon_support/Output/linux/plugin_list_after_install.out
2022-04-11 10:45:58,933 DEBUG Grep on file plugin_list_after_install.out successfully matched expression "TedgeTestMonitor" with line: 'TedgeTestMonitor::mon\t\n'
2022-04-11 10:45:58,934 INFO  Grep on file plugin_list_after_install.out ... passed
2022-04-11 10:45:58,935 DEBUG Performing regex contains=True grep on file: /home/pi/actions-runner/_work/thin-edge.io/thin-edge.io/tests/PySys/plugin_apama/apama_plugin_mon_support/Output/linux/plugin_list_after_update.out
2022-04-11 10:45:58,938 DEBUG Grep on file plugin_list_after_update.out successfully matched expression "TedgeTestMonitor" with line: 'TedgeTestMonitor::mon\t\n'
2022-04-11 10:45:58,940 INFO  Grep on file plugin_list_after_update.out ... passed
2022-04-11 10:45:58,941 DEBUG Performing regex contains=False grep on file: /home/pi/actions-runner/_work/thin-edge.io/thin-edge.io/tests/PySys/plugin_apama/apama_plugin_mon_support/Output/linux/plugin_list_after_remove.out
2022-04-11 10:45:58,944 INFO  Grep on file plugin_list_after_remove.out ... passed
2022-04-11 10:45:58,954 DEBUG --- test cleanup
2022-04-11 10:45:58,955 INFO  
2022-04-11 10:45:58,956 INFO  cleanup:
2022-04-11 10:45:58,956 DEBUG Running registered cleanup function: <bound method ApamaPlugin.cleanup_project of <ApamaPluginMonSupportTest object at 0x7609e290>>
2022-04-11 10:45:58,957 INFO  Removing apama project
2022-04-11 10:45:58,959 DEBUG Process parameters for sudo<stop_apama_service>
  command line : /usr/bin/sudo service apama stop
    arg #1     : service
    arg #2     : apama
    arg #3     : stop
  working dir  : /home/pi/actions-runner/_work/thin-edge.io/thin-edge.io/tests/PySys/plugin_apama/apama_plugin_mon_support/Output/linux
  stdout       : /home/pi/actions-runner/_work/thin-edge.io/thin-edge.io/tests/PySys/plugin_apama/apama_plugin_mon_support/Output/linux/stop_apama_service.out
  stderr       : /home/pi/actions-runner/_work/thin-edge.io/thin-edge.io/tests/PySys/plugin_apama/apama_plugin_mon_support/Output/linux/stop_apama_service.err
  environment  : LD_LIBRARY_PATH=/usr/lib
  environment  : PATH=/bin:/usr/bin:/usr/sbin:/usr/local/bin
                   #1  /bin
                   #2  /usr/bin
                   #3  /usr/sbin
                   #4  /usr/local/bin
2022-04-11 10:45:58,966 DEBUG Waiting up to 600 secs for process sudo<stop_apama_service> (pid 5689)
2022-04-11 10:46:15,531 INFO  Executed sudo<stop_apama_service>, exit status 0, duration 16 secs
2022-04-11 10:46:15,536 DEBUG Process parameters for sudo<remove_apama_project>
  command line : /usr/bin/sudo rm -rf /etc/tedge/apama/project
    arg #1     : rm
    arg #2     : -rf
    arg #3     : /etc/tedge/apama/project
  working dir  : /home/pi/actions-runner/_work/thin-edge.io/thin-edge.io/tests/PySys/plugin_apama/apama_plugin_mon_support/Output/linux
  stdout       : /home/pi/actions-runner/_work/thin-edge.io/thin-edge.io/tests/PySys/plugin_apama/apama_plugin_mon_support/Output/linux/remove_apama_project.out
  stderr       : /home/pi/actions-runner/_work/thin-edge.io/thin-edge.io/tests/PySys/plugin_apama/apama_plugin_mon_support/Output/linux/remove_apama_project.err
  environment  : LD_LIBRARY_PATH=/usr/lib
  environment  : PATH=/bin:/usr/bin:/usr/sbin:/usr/local/bin
                   #1  /bin
                   #2  /usr/bin
                   #3  /usr/sbin
                   #4  /usr/local/bin
2022-04-11 10:46:15,542 DEBUG Waiting up to 600 secs for process sudo<remove_apama_project> (pid 5721)
2022-04-11 10:46:16,099 INFO  Executed sudo<remove_apama_project>, exit status 0
2022-04-11 10:46:16,102 DEBUG Process parameters for sudo<remove_apama_tmp_dir>
  command line : /usr/bin/sudo rm -rf /tmp/tedge_apama_project
    arg #1     : rm
    arg #2     : -rf
    arg #3     : /tmp/tedge_apama_project
  working dir  : /home/pi/actions-runner/_work/thin-edge.io/thin-edge.io/tests/PySys/plugin_apama/apama_plugin_mon_support/Output/linux
  stdout       : /home/pi/actions-runner/_work/thin-edge.io/thin-edge.io/tests/PySys/plugin_apama/apama_plugin_mon_support/Output/linux/remove_apama_tmp_dir.out
  stderr       : /home/pi/actions-runner/_work/thin-edge.io/thin-edge.io/tests/PySys/plugin_apama/apama_plugin_mon_support/Output/linux/remove_apama_tmp_dir.err
  environment  : LD_LIBRARY_PATH=/usr/lib
  environment  : PATH=/bin:/usr/bin:/usr/sbin:/usr/local/bin
                   #1  /bin
                   #2  /usr/bin
                   #3  /usr/sbin
                   #4  /usr/local/bin
2022-04-11 10:46:16,108 DEBUG Waiting up to 600 secs for process sudo<remove_apama_tmp_dir> (pid 5723)
2022-04-11 10:46:16,615 INFO  Executed sudo<remove_apama_tmp_dir>, exit status 0
2022-04-11 10:46:16,616 DEBUG ProcessUser cleanup function done.
2022-04-11 10:46:16,619 INFO  
2022-04-11 10:46:16,620 INFO  Test duration: 30.39 secs
2022-04-11 10:46:16,621 INFO  Test final outcome:  PASSED
2022-04-11 10:46:16,622 INFO  
