2022-05-10 16:58:37,530 INFO  ==============================================================
2022-05-10 16:58:37,530 INFO  Id:    custom_init_system
2022-05-10 16:58:37,531 INFO  Dir:   misc_features/
2022-05-10 16:58:37,531 INFO  Title: Custom init system test
2022-05-10 16:58:37,531 INFO  ==============================================================
2022-05-10 16:58:37,633 INFO  Executed sudo<copy_system_config>, exit status 0
2022-05-10 16:58:37,736 INFO  Executed sudo<copy_dummy_init>, exit status 0
2022-05-10 16:59:03,228 INFO  Executed sudo<tedge_connect>, exit status 0, duration 25 secs
2022-05-10 16:59:03,330 INFO  Executed sudo<tedge_disconnect>, exit status 0
2022-05-10 16:59:03,331 INFO  Grep on file tedge_connect.out ... passed
2022-05-10 16:59:03,332 INFO  Grep on file tedge_disconnect.out ... passed
2022-05-10 16:59:03,332 INFO  Grep on file /tmp/dummy_init/dummy_init.out ... passed
2022-05-10 16:59:03,333 INFO  Grep on file /tmp/dummy_init/dummy_init.out ... passed
2022-05-10 16:59:03,333 INFO  Grep on file /tmp/dummy_init/dummy_init.out ... passed
2022-05-10 16:59:03,333 INFO  Grep on file /tmp/dummy_init/dummy_init.out ... passed
2022-05-10 16:59:03,334 INFO  Grep on file /tmp/dummy_init/dummy_init.out ... passed
2022-05-10 16:59:03,334 INFO  Grep on file /tmp/dummy_init/dummy_init.out ... passed
2022-05-10 16:59:03,334 INFO  Grep on file /tmp/dummy_init/dummy_init.out ... passed
2022-05-10 16:59:03,335 INFO  Grep on file /tmp/dummy_init/dummy_init.out ... passed
2022-05-10 16:59:03,335 INFO  Grep on file /tmp/dummy_init/dummy_init.out ... passed
2022-05-10 16:59:03,335 INFO  Grep on file /tmp/dummy_init/dummy_init.out ... passed
2022-05-10 16:59:03,335 INFO  Grep on file /tmp/dummy_init/dummy_init.out ... passed
2022-05-10 16:59:03,336 INFO  Grep on file /tmp/dummy_init/dummy_init.out ... passed
2022-05-10 16:59:03,336 INFO  Grep on file /tmp/dummy_init/dummy_init.out ... passed
2022-05-10 16:59:03,336 INFO  Grep on file /tmp/dummy_init/dummy_init.out ... passed
2022-05-10 16:59:03,337 INFO  
2022-05-10 16:59:03,337 INFO  cleanup:
2022-05-10 16:59:03,439 INFO  Executed sudo<remove_system_config>, exit status 0
2022-05-10 16:59:03,541 INFO  Executed sudo<remove_dummy_init>, exit status 0
2022-05-10 16:59:03,542 INFO  
2022-05-10 16:59:03,542 INFO  Test duration: 26.01 secs
2022-05-10 16:59:03,542 INFO  Test final outcome:  PASSED
2022-05-10 16:59:03,542 INFO  
