2022-05-11 11:55:29,226 INFO  ==============================================================
2022-05-11 11:55:29,227 INFO  Id:    apt_prepare_install_finalize
2022-05-11 11:55:29,229 INFO  Dir:   plugin_apt/
2022-05-11 11:55:29,231 INFO  Title: Validate apt plugin install use case
2022-05-11 11:55:29,232 INFO  ==============================================================
2022-05-11 11:55:36,763 INFO  Executed sudo, exit status 0
2022-05-11 11:55:39,344 INFO  Executed sudo<outp_check_0>, exit status 0
2022-05-11 11:55:39,346 INFO  Assert that (value==0) with value=0 ... passed
2022-05-11 11:55:39,351 INFO  Grep on file outp_check_0.out ... passed
2022-05-11 11:55:57,380 INFO  Executed sudo<outp_prepare>, exit status 0, duration 18 secs
2022-05-11 11:55:57,385 INFO  Assert that (value==0) with value=0 ... passed
2022-05-11 11:56:42,144 INFO  Executed sudo<outp_install>, exit status 0, duration 44 secs
2022-05-11 11:56:42,147 INFO  Assert that (value==0) with value=0 ... passed
2022-05-11 11:56:49,770 INFO  Executed sudo<outp_finalize>, exit status 0
2022-05-11 11:56:49,773 INFO  Assert that (value==0) with value=0 ... passed
2022-05-11 11:56:52,395 INFO  Executed sudo<outp_check_1>, exit status 0
2022-05-11 11:56:52,397 INFO  Assert that (value==0) with value=0 ... passed
2022-05-11 11:56:52,403 INFO  Grep on file outp_check_1.out ... passed
2022-05-11 11:56:52,409 INFO  
2022-05-11 11:56:52,410 INFO  cleanup:
2022-05-11 11:57:06,496 INFO  Executed sudo, exit status 0, duration 14 secs
2022-05-11 11:57:06,504 INFO  
2022-05-11 11:57:06,505 INFO  Test duration: 97.29 secs
2022-05-11 11:57:06,507 INFO  Test final outcome:  PASSED
2022-05-11 11:57:06,509 INFO  
