2022-05-02 16:17:29,089 INFO  ==============================================================
2022-05-02 16:17:29,090 INFO  Id:    SoftwareManagement.sm_apt_install_remove_with_version
2022-05-02 16:17:29,091 INFO  Dir:   software_management_end_to_end/
2022-05-02 16:17:29,092 INFO  Title: Validate end to end behaviour for the apt plugin for packages with version
2022-05-02 16:17:29,093 INFO  ==============================================================
2022-05-02 16:17:29,100 INFO  Using sw id database: {'asciijump': '5475369', 'robotfindskitten': '5474869', 'squirrel3': '5475279', 'rolldice': '5152439', 'moon-buggy': '5439204', 'apple': '5495053', 'banana': '5494888', 'cherry': '5495382', 'watermelon': '5494510', 'registry': '8018911', 'hello-world': '8021526', 'docker/getting-started': '8021973', 'alpine': '7991792'}
2022-05-02 16:17:29,101 INFO  EnvironmentC8y Setup
2022-05-02 16:17:29,714 INFO  Executed systemctl<serv_mapper1>, exit status 3
2022-05-02 16:17:29,874 INFO  Restarting mosquitto too frequently in the last 10 seconds. It was only up for 5 seconds
2022-05-02 16:17:29,876 INFO  Delaying execution by 6 seconds
2022-05-02 16:17:49,884 INFO  Executed sudo<tedge_connect_c8y>, exit status 0, duration 14 secs
2022-05-02 16:17:50,499 INFO  Executed sudo<tedge_connect_c8y_test>, exit status 0
2022-05-02 16:17:51,521 INFO  Executed systemctl<serv_mosq2>, exit status 0
2022-05-02 16:17:52,592 INFO  Executed systemctl<serv_mapper3>, exit status 0
2022-05-02 16:17:54,815 INFO  State of current operation: EXECUTING
2022-05-02 16:17:57,038 INFO  State of current operation: FAILED
2022-05-02 16:17:57,264 INFO  Assert that (False == value) with value=False ... passed
2022-05-02 16:17:57,853 INFO  Response status: 201
2022-05-02 16:17:57,855 INFO  Response to action: {
    "creationTime": "2022-05-02T16:17:57.791Z",
    "deviceName": "mythicd",
    "deviceId": "18170793",
    "self": "https://t493319102.eu-latest.cumulocity.com/devicecontrol/operations/18214176",
    "id": "18214176",
    "status": "PENDING",
    "description": "Apply software changes, triggered from PySys: [{'name': 'rolldice', 'id': '5152439', 'version': '1.16-1+b1', 'url': '', 'action': 'install'}]",
    "c8y_SoftwareUpdate": [
        {
            "name": "rolldice",
            "action": "install",
            "id": "5152439",
            "version": "1.16-1+b1",
            "url": ""
        }
    ]
}
2022-05-02 16:17:57,856 INFO  Started operation: {'creationTime': '2022-05-02T16:17:57.791Z', 'deviceName': 'mythicd', 'deviceId': '18170793', 'self': 'https://t493319102.eu-latest.cumulocity.com/devicecontrol/operations/18214176', 'id': '18214176', 'status': 'PENDING', 'description': "Apply software changes, triggered from PySys: [{'name': 'rolldice', 'id': '5152439', 'version': '1.16-1+b1', 'url': '', 'action': 'install'}]", 'c8y_SoftwareUpdate': [{'name': 'rolldice', 'action': 'install', 'id': '5152439', 'version': '1.16-1+b1', 'url': ''}]}
2022-05-02 16:18:00,073 INFO  State of operation 18214176 : PENDING
2022-05-02 16:18:02,400 INFO  State of operation 18214176 : EXECUTING
2022-05-02 16:18:04,623 INFO  State of operation 18214176 : EXECUTING
2022-05-02 16:18:06,840 INFO  State of operation 18214176 : EXECUTING
2022-05-02 16:18:09,053 INFO  State of operation 18214176 : EXECUTING
2022-05-02 16:18:11,320 INFO  State of operation 18214176 : EXECUTING
2022-05-02 16:18:13,546 INFO  State of operation 18214176 : EXECUTING
2022-05-02 16:18:16,411 INFO  State of operation 18214176 : EXECUTING
2022-05-02 16:18:19,060 INFO  State of operation 18214176 : EXECUTING
2022-05-02 16:18:21,385 INFO  State of operation 18214176 : EXECUTING
2022-05-02 16:18:23,753 INFO  State of operation 18214176 : EXECUTING
2022-05-02 16:18:25,971 INFO  State of operation 18214176 : EXECUTING
2022-05-02 16:18:28,190 INFO  State of operation 18214176 : EXECUTING
2022-05-02 16:18:30,412 INFO  State of operation 18214176 : EXECUTING
2022-05-02 16:18:32,635 INFO  State of operation 18214176 : EXECUTING
2022-05-02 16:18:34,930 INFO  State of operation 18214176 : EXECUTING
2022-05-02 16:18:37,141 INFO  State of operation 18214176 : SUCCESSFUL
2022-05-02 16:18:37,362 INFO  Package rolldice is installed
2022-05-02 16:18:37,365 INFO  Assert that (True == value) with value=True ... passed
2022-05-02 16:18:37,597 INFO  Response status: 201
2022-05-02 16:18:37,599 INFO  Response to action: {
    "creationTime": "2022-05-02T16:18:37.546Z",
    "deviceName": "mythicd",
    "deviceId": "18170793",
    "self": "https://t493319102.eu-latest.cumulocity.com/devicecontrol/operations/18214185",
    "id": "18214185",
    "status": "PENDING",
    "description": "Apply software changes, triggered from PySys: [{'name': 'rolldice', 'id': '5152439', 'version': '88::apt', 'url': '', 'action': 'delete'}]",
    "c8y_SoftwareUpdate": [
        {
            "name": "rolldice",
            "action": "delete",
            "id": "5152439",
            "version": "88::apt",
            "url": ""
        }
    ]
}
2022-05-02 16:18:37,600 INFO  Started operation: {'creationTime': '2022-05-02T16:18:37.546Z', 'deviceName': 'mythicd', 'deviceId': '18170793', 'self': 'https://t493319102.eu-latest.cumulocity.com/devicecontrol/operations/18214185', 'id': '18214185', 'status': 'PENDING', 'description': "Apply software changes, triggered from PySys: [{'name': 'rolldice', 'id': '5152439', 'version': '88::apt', 'url': '', 'action': 'delete'}]", 'c8y_SoftwareUpdate': [{'name': 'rolldice', 'action': 'delete', 'id': '5152439', 'version': '88::apt', 'url': ''}]}
2022-05-02 16:18:39,818 INFO  State of operation 18214185 : PENDING
2022-05-02 16:18:42,263 INFO  State of operation 18214185 : EXECUTING
2022-05-02 16:18:44,498 INFO  State of operation 18214185 : EXECUTING
2022-05-02 16:18:46,716 INFO  State of operation 18214185 : EXECUTING
2022-05-02 16:18:48,942 INFO  State of operation 18214185 : EXECUTING
2022-05-02 16:18:51,225 INFO  State of operation 18214185 : EXECUTING
2022-05-02 16:18:53,437 INFO  State of operation 18214185 : EXECUTING
2022-05-02 16:18:56,352 INFO  State of operation 18214185 : EXECUTING
2022-05-02 16:18:59,258 INFO  State of operation 18214185 : EXECUTING
2022-05-02 16:19:01,653 INFO  State of operation 18214185 : EXECUTING
2022-05-02 16:19:03,897 INFO  State of operation 18214185 : EXECUTING
2022-05-02 16:19:06,141 INFO  State of operation 18214185 : EXECUTING
2022-05-02 16:19:08,363 INFO  State of operation 18214185 : EXECUTING
2022-05-02 16:19:10,612 INFO  State of operation 18214185 : EXECUTING
2022-05-02 16:19:12,824 INFO  State of operation 18214185 : EXECUTING
2022-05-02 16:19:15,033 INFO  State of operation 18214185 : FAILED
2022-05-02 16:19:15,257 INFO  Package rolldice is installed
2022-05-02 16:19:15,260 INFO  Assert that (True == value) with value=True ... passed
2022-05-02 16:19:15,831 INFO  Response status: 201
2022-05-02 16:19:15,832 INFO  Response to action: {
    "creationTime": "2022-05-02T16:19:15.786Z",
    "deviceName": "mythicd",
    "deviceId": "18170793",
    "self": "https://t493319102.eu-latest.cumulocity.com/devicecontrol/operations/18214197",
    "id": "18214197",
    "status": "PENDING",
    "description": "Apply software changes, triggered from PySys: [{'name': 'rolldice', 'id': '5152439', 'version': '1.16-1+b1', 'url': '', 'action': 'delete'}]",
    "c8y_SoftwareUpdate": [
        {
            "name": "rolldice",
            "action": "delete",
            "id": "5152439",
            "version": "1.16-1+b1",
            "url": ""
        }
    ]
}
2022-05-02 16:19:15,833 INFO  Started operation: {'creationTime': '2022-05-02T16:19:15.786Z', 'deviceName': 'mythicd', 'deviceId': '18170793', 'self': 'https://t493319102.eu-latest.cumulocity.com/devicecontrol/operations/18214197', 'id': '18214197', 'status': 'PENDING', 'description': "Apply software changes, triggered from PySys: [{'name': 'rolldice', 'id': '5152439', 'version': '1.16-1+b1', 'url': '', 'action': 'delete'}]", 'c8y_SoftwareUpdate': [{'name': 'rolldice', 'action': 'delete', 'id': '5152439', 'version': '1.16-1+b1', 'url': ''}]}
2022-05-02 16:19:18,051 INFO  State of operation 18214197 : PENDING
2022-05-02 16:19:20,467 INFO  State of operation 18214197 : EXECUTING
2022-05-02 16:19:22,689 INFO  State of operation 18214197 : EXECUTING
2022-05-02 16:19:24,980 INFO  State of operation 18214197 : EXECUTING
2022-05-02 16:19:27,191 INFO  State of operation 18214197 : EXECUTING
2022-05-02 16:19:29,482 INFO  State of operation 18214197 : EXECUTING
2022-05-02 16:19:31,923 INFO  State of operation 18214197 : EXECUTING
2022-05-02 16:19:34,506 INFO  State of operation 18214197 : EXECUTING
2022-05-02 16:19:37,315 INFO  State of operation 18214197 : EXECUTING
2022-05-02 16:19:39,616 INFO  State of operation 18214197 : EXECUTING
2022-05-02 16:19:41,872 INFO  State of operation 18214197 : EXECUTING
2022-05-02 16:19:44,081 INFO  State of operation 18214197 : EXECUTING
2022-05-02 16:19:46,295 INFO  State of operation 18214197 : EXECUTING
2022-05-02 16:19:48,510 INFO  State of operation 18214197 : EXECUTING
2022-05-02 16:19:50,807 INFO  State of operation 18214197 : EXECUTING
2022-05-02 16:19:53,095 INFO  State of operation 18214197 : EXECUTING
2022-05-02 16:19:55,458 INFO  State of operation 18214197 : EXECUTING
2022-05-02 16:19:58,396 INFO  State of operation 18214197 : EXECUTING
2022-05-02 16:20:00,705 INFO  State of operation 18214197 : EXECUTING
2022-05-02 16:20:03,144 INFO  State of operation 18214197 : EXECUTING
2022-05-02 16:20:05,368 INFO  State of operation 18214197 : EXECUTING
2022-05-02 16:20:07,625 INFO  State of operation 18214197 : EXECUTING
2022-05-02 16:20:09,891 INFO  State of operation 18214197 : EXECUTING
2022-05-02 16:20:12,114 INFO  State of operation 18214197 : SUCCESSFUL
2022-05-02 16:20:12,674 INFO  Assert that (False == value) with value=False ... passed
2022-05-02 16:20:12,686 INFO  
2022-05-02 16:20:12,686 INFO  cleanup:
2022-05-02 16:20:16,791 INFO  Executed sudo<tedge_disconnect_c8y>, exit status 0
2022-05-02 16:20:17,355 INFO  Executed systemctl<serv_mapper5>, exit status 3
2022-05-02 16:20:17,359 INFO  
2022-05-02 16:20:17,359 INFO  Test duration: 168.28 secs
2022-05-02 16:20:17,361 INFO  Test final outcome:  PASSED
2022-05-02 16:20:17,361 INFO  
