2022-05-04 08:24:26,046 INFO  ==============================================================
2022-05-04 08:24:26,047 INFO  Id:    apt_install_local_file_with_version_fail
2022-05-04 08:24:26,048 INFO  Dir:   plugin_apt/
2022-05-04 08:24:26,049 INFO  Title: Validate apt plugin install from local file AND with a version - FAIL case
2022-05-04 08:24:26,050 INFO  ==============================================================
2022-05-04 08:24:28,245 INFO  URL of rolldice is b"'http://mirror.mythic-beasts.com/raspbian/pool/main/r/rolldice/rolldice_1.16-1%2bb2_armhf.deb'"
2022-05-04 08:24:30,591 INFO  Downloaded rolldcice in version 1.16-1+b2
2022-05-04 08:24:30,593 INFO  Filename is rolldice_1.16-1+b2_armhf.deb
2022-05-04 08:24:47,406 INFO  Executed sudo, exit status 0, duration 16 secs
2022-05-04 08:24:53,653 INFO  Executed sudo<outp_check_0>, exit status 0
2022-05-04 08:24:53,656 INFO  Assert that (value==0) with value=0 ... passed
2022-05-04 08:24:53,663 INFO  Grep on file outp_check_0.out ... passed
2022-05-04 08:24:54,224 INFO  Executed sudo<outp_install>, exit status 5
2022-05-04 08:24:54,226 INFO  Assert that (value==5) with value=5 ... passed
2022-05-04 08:24:57,049 INFO  Executed sudo<outp_check_1>, exit status 0
2022-05-04 08:24:57,052 INFO  Assert that (value==0) with value=0 ... passed
2022-05-04 08:24:57,057 INFO  Grep on file outp_check_1.out ... passed
2022-05-04 08:24:57,062 INFO  
2022-05-04 08:24:57,063 INFO  cleanup:
2022-05-04 08:24:57,066 INFO  
2022-05-04 08:24:57,067 INFO  Test duration: 31.03 secs
2022-05-04 08:24:57,068 INFO  Test final outcome:  PASSED
2022-05-04 08:24:57,069 INFO  
