2022-04-14 10:09:03,622 INFO  ==============================================================
2022-04-14 10:09:03,623 INFO  Id:    apt_install_local_file_with_version
2022-04-14 10:09:03,624 INFO  Dir:   plugin_apt/
2022-04-14 10:09:03,625 INFO  Title: Validate apt plugin install from local file AND with a version - SUCCESS case
2022-04-14 10:09:03,626 INFO  ==============================================================
2022-04-14 10:09:05,625 INFO  URL of rolldice is b"'http://mirror.mythic-beasts.com/raspbian/pool/main/r/rolldice/rolldice_1.16-1+b1_armhf.deb'"
2022-04-14 10:09:07,774 INFO  Downloaded rolldcice in version 1.16-1+b1
2022-04-14 10:09:07,775 INFO  Filename is rolldice_1.16-1+b1_armhf.deb
2022-04-14 10:09:13,021 INFO  Executed sudo, exit status 0
2022-04-14 10:09:15,597 INFO  Executed sudo<outp_check_0>, exit status 0
2022-04-14 10:09:15,600 INFO  Assert that (value==0) with value=0 ... passed
2022-04-14 10:09:15,605 INFO  Grep on file outp_check_0.out ... passed
2022-04-14 10:09:56,093 INFO  Executed sudo<outp_install>, exit status 0, duration 40 secs
2022-04-14 10:09:56,097 INFO  Assert that (value==0) with value=0 ... passed
2022-04-14 10:10:01,454 INFO  Executed sudo<outp_check_1>, exit status 0
2022-04-14 10:10:01,456 INFO  Assert that (value==0) with value=0 ... passed
2022-04-14 10:10:01,462 INFO  Grep on file outp_check_1.out ... passed
2022-04-14 10:10:01,468 INFO  
2022-04-14 10:10:01,469 INFO  cleanup:
2022-04-14 10:10:01,473 INFO  
2022-04-14 10:10:01,474 INFO  Test duration: 57.85 secs
2022-04-14 10:10:01,475 INFO  Test final outcome:  PASSED
2022-04-14 10:10:01,476 INFO  
