2022-05-16 07:25:58,745 INFO  ==============================================================
2022-05-16 07:25:58,745 INFO  Id:    apt_update_list
2022-05-16 07:25:58,746 INFO  Dir:   plugin_apt/
2022-05-16 07:25:58,746 INFO  Title: Validate apt plugin update-list command use case
2022-05-16 07:25:58,746 INFO  ==============================================================
2022-05-16 07:25:59,400 INFO  Executed sudo, exit status 0
2022-05-16 07:26:03,871 INFO  Executed sudo, exit status 0
2022-05-16 07:26:04,626 INFO  Executed sudo, exit status 0
2022-05-16 07:26:05,132 INFO  Executed sudo<outp_check_0>, exit status 0
2022-05-16 07:26:05,133 INFO  Assert that (value==0) with value=0 ... passed
2022-05-16 07:26:05,133 INFO  Grep on file outp_check_0.out ... passed
2022-05-16 07:26:05,538 INFO  Executed sudo<outp_check_1>, exit status 0
2022-05-16 07:26:05,539 INFO  Assert that (value==0) with value=0 ... passed
2022-05-16 07:26:05,540 INFO  Grep on file outp_check_1.out ... passed
2022-05-16 07:26:05,944 INFO  Executed sudo<outp_check_2>, exit status 0
2022-05-16 07:26:05,945 INFO  Assert that (value==0) with value=0 ... passed
2022-05-16 07:26:05,946 INFO  Grep on file outp_check_2.out ... passed
2022-05-16 07:26:11,407 INFO  Executed sudo<outp_check_3>, exit status 0
2022-05-16 07:26:11,407 INFO  Assert that (value==0) with value=0 ... passed
2022-05-16 07:26:11,408 INFO  Grep on file outp_check_3.out ... passed
2022-05-16 07:26:11,911 INFO  Executed sudo<outp_check_4>, exit status 0
2022-05-16 07:26:11,911 INFO  Assert that (value==0) with value=0 ... passed
2022-05-16 07:26:11,912 INFO  Grep on file outp_check_4.out ... passed
2022-05-16 07:26:12,417 INFO  Executed sudo<outp_check_5>, exit status 0
2022-05-16 07:26:12,417 INFO  Assert that (value==0) with value=0 ... passed
2022-05-16 07:26:12,418 INFO  Grep on file outp_check_5.out ... passed
2022-05-16 07:26:12,418 INFO  
2022-05-16 07:26:12,418 INFO  cleanup:
2022-05-16 07:26:17,134 INFO  Executed sudo, exit status 0
2022-05-16 07:26:17,788 INFO  Executed sudo, exit status 0
2022-05-16 07:26:22,605 INFO  Executed sudo, exit status 0
2022-05-16 07:26:22,606 INFO  
2022-05-16 07:26:22,606 INFO  Test duration: 23.86 secs
2022-05-16 07:26:22,606 INFO  Test final outcome:  PASSED
2022-05-16 07:26:22,606 INFO  
