2022-04-08 10:47:51,534 INFO  ==============================================================
2022-04-08 10:47:51,535 INFO  Id:    SoftwareManagement.sm_apt_install_remove_multiple_mixed
2022-04-08 10:47:51,537 INFO  Dir:   software_management_end_to_end/
2022-04-08 10:47:51,537 INFO  Title: Validate end to end behaviour for the apt plugin for multiple packages with mixed versions
2022-04-08 10:47:51,538 DEBUG Execution order hint: 0.0
2022-04-08 10:47:51,539 INFO  ==============================================================
2022-04-08 10:47:51,565 INFO  Using sw id database: {'asciijump': '5475369', 'robotfindskitten': '5474869', 'squirrel3': '5475279', 'rolldice': '5152439', 'moon-buggy': '5439204', 'apple': '5495053', 'banana': '5494888', 'cherry': '5495382', 'watermelon': '5494510', 'registry': '8018911', 'hello-world': '8021526', 'docker/getting-started': '8021973', 'alpine': '7991792'}
2022-04-08 10:47:51,566 DEBUG EnvironmentC8y Setup
2022-04-08 10:47:51,567 INFO  EnvironmentC8y Setup
2022-04-08 10:47:51,569 DEBUG Process parameters for systemctl<serv_mapper1>
  command line : /usr/bin/systemctl status tedge-mapper-c8y
    arg #1     : status
    arg #2     : tedge-mapper-c8y
  working dir  : /home/pi/actions-runner/_work/thin-edge.io/thin-edge.io/tests/PySys/software_management_end_to_end/sm_apt_install_remove_multiple_mixed/Output/linux
  stdout       : /home/pi/actions-runner/_work/thin-edge.io/thin-edge.io/tests/PySys/software_management_end_to_end/sm_apt_install_remove_multiple_mixed/Output/linux/serv_mapper1.out
  stderr       : /home/pi/actions-runner/_work/thin-edge.io/thin-edge.io/tests/PySys/software_management_end_to_end/sm_apt_install_remove_multiple_mixed/Output/linux/serv_mapper1.err
  environment  : LD_LIBRARY_PATH=/usr/lib
  environment  : PATH=/bin:/usr/bin:/usr/sbin:/usr/local/bin
                   #1  /bin
                   #2  /usr/bin
                   #3  /usr/sbin
                   #4  /usr/local/bin
2022-04-08 10:47:51,577 DEBUG Waiting up to 600 secs for process systemctl<serv_mapper1> (pid 1133)
2022-04-08 10:47:52,135 INFO  Executed systemctl<serv_mapper1>, exit status 3
2022-04-08 10:47:52,239 INFO  Restarting mosquitto too frequently in the last 10 seconds. It was only up for 4 seconds
2022-04-08 10:47:52,240 INFO  Delaying execution by 7 seconds
2022-04-08 10:47:59,250 DEBUG Process parameters for sudo<tedge_connect_c8y>
  command line : /usr/bin/sudo /usr/bin/tedge connect c8y
    arg #1     : /usr/bin/tedge
    arg #2     : connect
    arg #3     : c8y
  working dir  : /home/pi/actions-runner/_work/thin-edge.io/thin-edge.io/tests/PySys/software_management_end_to_end/sm_apt_install_remove_multiple_mixed/Output/linux
  stdout       : /home/pi/actions-runner/_work/thin-edge.io/thin-edge.io/tests/PySys/software_management_end_to_end/sm_apt_install_remove_multiple_mixed/Output/linux/tedge_connect_c8y.out
  stderr       : /home/pi/actions-runner/_work/thin-edge.io/thin-edge.io/tests/PySys/software_management_end_to_end/sm_apt_install_remove_multiple_mixed/Output/linux/tedge_connect_c8y.err
  environment  : LD_LIBRARY_PATH=/usr/lib
  environment  : PATH=/bin:/usr/bin:/usr/sbin:/usr/local/bin
                   #1  /bin
                   #2  /usr/bin
                   #3  /usr/sbin
                   #4  /usr/local/bin
2022-04-08 10:47:59,259 DEBUG Waiting up to 600 secs for process sudo<tedge_connect_c8y> (pid 1139)
2022-04-08 10:48:13,458 INFO  Executed sudo<tedge_connect_c8y>, exit status 0, duration 14 secs
2022-04-08 10:48:13,464 DEBUG Process parameters for sudo<tedge_connect_c8y_test>
  command line : /usr/bin/sudo /usr/bin/tedge connect c8y --test
    arg #1     : /usr/bin/tedge
    arg #2     : connect
    arg #3     : c8y
    arg #4     : --test
  working dir  : /home/pi/actions-runner/_work/thin-edge.io/thin-edge.io/tests/PySys/software_management_end_to_end/sm_apt_install_remove_multiple_mixed/Output/linux
  stdout       : /home/pi/actions-runner/_work/thin-edge.io/thin-edge.io/tests/PySys/software_management_end_to_end/sm_apt_install_remove_multiple_mixed/Output/linux/tedge_connect_c8y_test.out
  stderr       : /home/pi/actions-runner/_work/thin-edge.io/thin-edge.io/tests/PySys/software_management_end_to_end/sm_apt_install_remove_multiple_mixed/Output/linux/tedge_connect_c8y_test.err
  environment  : LD_LIBRARY_PATH=/usr/lib
  environment  : PATH=/bin:/usr/bin:/usr/sbin:/usr/local/bin
                   #1  /bin
                   #2  /usr/bin
                   #3  /usr/sbin
                   #4  /usr/local/bin
2022-04-08 10:48:13,483 DEBUG Waiting up to 600 secs for process sudo<tedge_connect_c8y_test> (pid 1245)
2022-04-08 10:48:14,045 INFO  Executed sudo<tedge_connect_c8y_test>, exit status 0
2022-04-08 10:48:14,047 DEBUG Process parameters for systemctl<serv_mosq2>
  command line : /usr/bin/systemctl status mosquitto
    arg #1     : status
    arg #2     : mosquitto
  working dir  : /home/pi/actions-runner/_work/thin-edge.io/thin-edge.io/tests/PySys/software_management_end_to_end/sm_apt_install_remove_multiple_mixed/Output/linux
  stdout       : /home/pi/actions-runner/_work/thin-edge.io/thin-edge.io/tests/PySys/software_management_end_to_end/sm_apt_install_remove_multiple_mixed/Output/linux/serv_mosq2.out
  stderr       : /home/pi/actions-runner/_work/thin-edge.io/thin-edge.io/tests/PySys/software_management_end_to_end/sm_apt_install_remove_multiple_mixed/Output/linux/serv_mosq2.err
  environment  : LD_LIBRARY_PATH=/usr/lib
  environment  : PATH=/bin:/usr/bin:/usr/sbin:/usr/local/bin
                   #1  /bin
                   #2  /usr/bin
                   #3  /usr/sbin
                   #4  /usr/local/bin
2022-04-08 10:48:14,055 DEBUG Waiting up to 600 secs for process systemctl<serv_mosq2> (pid 1252)
2022-04-08 10:48:14,563 INFO  Executed systemctl<serv_mosq2>, exit status 0
2022-04-08 10:48:14,565 DEBUG Process parameters for systemctl<serv_mapper3>
  command line : /usr/bin/systemctl status tedge-mapper-c8y
    arg #1     : status
    arg #2     : tedge-mapper-c8y
  working dir  : /home/pi/actions-runner/_work/thin-edge.io/thin-edge.io/tests/PySys/software_management_end_to_end/sm_apt_install_remove_multiple_mixed/Output/linux
  stdout       : /home/pi/actions-runner/_work/thin-edge.io/thin-edge.io/tests/PySys/software_management_end_to_end/sm_apt_install_remove_multiple_mixed/Output/linux/serv_mapper3.out
  stderr       : /home/pi/actions-runner/_work/thin-edge.io/thin-edge.io/tests/PySys/software_management_end_to_end/sm_apt_install_remove_multiple_mixed/Output/linux/serv_mapper3.err
  environment  : LD_LIBRARY_PATH=/usr/lib
  environment  : PATH=/bin:/usr/bin:/usr/sbin:/usr/local/bin
                   #1  /bin
                   #2  /usr/bin
                   #3  /usr/sbin
                   #4  /usr/local/bin
2022-04-08 10:48:14,573 DEBUG Waiting up to 600 secs for process systemctl<serv_mapper3> (pid 1253)
2022-04-08 10:48:15,031 INFO  Executed systemctl<serv_mapper3>, exit status 0
2022-04-08 10:48:17,058 DEBUG Starting new HTTPS connection (1): thin-edge-io.eu-latest.cumulocity.com:443
2022-04-08 10:48:17,238 DEBUG https://thin-edge-io.eu-latest.cumulocity.com:443 "GET /devicecontrol/operations?deviceId=17063047&pageSize=1&revert=true&dateFrom=1970-01-01T00%3A00%3A00.000Z HTTP/1.1" 200 1184
2022-04-08 10:48:17,253 DEBUG Final URL of the request: https://thin-edge-io.eu-latest.cumulocity.com/devicecontrol/operations?deviceId=17063047&pageSize=1&revert=true&dateFrom=1970-01-01T00%3A00%3A00.000Z
2022-04-08 10:48:17,256 INFO  State of current operation: FAILED
2022-04-08 10:48:17,257 DEBUG Final URL of the request: https://thin-edge-io.eu-latest.cumulocity.com/devicecontrol/operations?deviceId=17063047&pageSize=1&revert=true&dateFrom=1970-01-01T00%3A00%3A00.000Z
2022-04-08 10:48:17,259 DEBUG State of current operation: {
    "delivery": {
        "time": "2022-04-08T10:45:26.388Z",
        "log": [
            {
                "time": "2022-04-08T10:45:26.345Z",
                "status": "PENDING"
            },
            {
                "time": "2022-04-08T10:45:26.354Z",
                "status": "SEND"
            }
        ],
        "status": "DELIVERED"
    },
    "creationTime": "2022-04-08T10:45:26.323Z",
    "deviceId": "17063047",
    "deviceName": "offsite_mythica",
    "failureReason": "1 error, see device log file /var/log/tedge/agent/software-update-2022-04-08T10:45:45.729824363Z.log",
    "self": "https://t493319102.eu-latest.cumulocity.com/devicecontrol/operations/17065149",
    "id": "17065149",
    "status": "FAILED",
    "description": "Apply software changes, triggered from PySys: [{'name': 'does_not_exist', 'id': '5446165', 'version': '::apt', 'url': '', 'action': 'install'}]",
    "c8y_SoftwareUpdate": [
        {
            "name": "does_not_exist",
            "action": "install",
            "id": "5446165",
            "version": "::apt",
            "url": ""
        }
    ]
}
2022-04-08 10:48:17,276 DEBUG Starting new HTTPS connection (1): thin-edge-io.eu-latest.cumulocity.com:443
2022-04-08 10:48:17,452 DEBUG https://thin-edge-io.eu-latest.cumulocity.com:443 "GET /inventory/managedObjects/17063047 HTTP/1.1" 200 1336
2022-04-08 10:48:17,468 WARN  TypeError occurred while running test - 'NoneType' object is not iterable
Traceback (most recent call last):
  File "/home/pi/env-pysys/lib/python3.7/site-packages/pysys/baserunner.py", line 1292, in __call__
    self.testObj.setup()
  File "/home/pi/actions-runner/_work/thin-edge.io/thin-edge.io/tests/PySys/software_management_end_to_end/sm_apt_install_remove_multiple_mixed/run.py", line 75, in setup
    self.assertThat("False == value", value=self.check_is_installed("asciijump"))
  File "/home/pi/actions-runner/_work/thin-edge.io/thin-edge.io/tests/PySys/software_management_end_to_end/environment_sm_management.py", line 398, in check_is_installed
    for package in package_list:
TypeError: 'NoneType' object is not iterable
2022-04-08 10:48:17,483 WARN  TypeError: 'NoneType' object is not iterable ... blocked 
2022-04-08 10:48:17,485 DEBUG --- test cleanup
2022-04-08 10:48:17,485 INFO  
2022-04-08 10:48:17,486 INFO  cleanup:
2022-04-08 10:48:17,487 DEBUG Running registered cleanup function: <bound method SoftwareManagement.mysmcleanup of <PySysTest object at 0x75cd9a70>>
2022-04-08 10:48:17,487 DEBUG Running registered cleanup function: <bound method EnvironmentC8y.myenvcleanup of <PySysTest object at 0x75cd9a70>>
2022-04-08 10:48:17,488 DEBUG EnvironmentC8y Cleanup
2022-04-08 10:48:17,601 DEBUG Process parameters for sudo<tedge_disconnect_c8y>
  command line : /usr/bin/sudo /usr/bin/tedge disconnect c8y
    arg #1     : /usr/bin/tedge
    arg #2     : disconnect
    arg #3     : c8y
  working dir  : /home/pi/actions-runner/_work/thin-edge.io/thin-edge.io/tests/PySys/software_management_end_to_end/sm_apt_install_remove_multiple_mixed/Output/linux
  stdout       : /home/pi/actions-runner/_work/thin-edge.io/thin-edge.io/tests/PySys/software_management_end_to_end/sm_apt_install_remove_multiple_mixed/Output/linux/tedge_disconnect_c8y.out
  stderr       : /home/pi/actions-runner/_work/thin-edge.io/thin-edge.io/tests/PySys/software_management_end_to_end/sm_apt_install_remove_multiple_mixed/Output/linux/tedge_disconnect_c8y.err
  environment  : LD_LIBRARY_PATH=/usr/lib
  environment  : PATH=/bin:/usr/bin:/usr/sbin:/usr/local/bin
                   #1  /bin
                   #2  /usr/bin
                   #3  /usr/sbin
                   #4  /usr/local/bin
2022-04-08 10:48:17,610 DEBUG Waiting up to 600 secs for process sudo<tedge_disconnect_c8y> (pid 1273)
2022-04-08 10:48:21,451 INFO  Executed sudo<tedge_disconnect_c8y>, exit status 0
2022-04-08 10:48:21,454 DEBUG Process parameters for systemctl<serv_mapper5>
  command line : /usr/bin/systemctl status tedge-mapper-c8y
    arg #1     : status
    arg #2     : tedge-mapper-c8y
  working dir  : /home/pi/actions-runner/_work/thin-edge.io/thin-edge.io/tests/PySys/software_management_end_to_end/sm_apt_install_remove_multiple_mixed/Output/linux
  stdout       : /home/pi/actions-runner/_work/thin-edge.io/thin-edge.io/tests/PySys/software_management_end_to_end/sm_apt_install_remove_multiple_mixed/Output/linux/serv_mapper5.out
  stderr       : /home/pi/actions-runner/_work/thin-edge.io/thin-edge.io/tests/PySys/software_management_end_to_end/sm_apt_install_remove_multiple_mixed/Output/linux/serv_mapper5.err
  environment  : LD_LIBRARY_PATH=/usr/lib
  environment  : PATH=/bin:/usr/bin:/usr/sbin:/usr/local/bin
                   #1  /bin
                   #2  /usr/bin
                   #3  /usr/sbin
                   #4  /usr/local/bin
2022-04-08 10:48:21,461 DEBUG Waiting up to 600 secs for process systemctl<serv_mapper5> (pid 1313)
2022-04-08 10:48:22,069 INFO  Executed systemctl<serv_mapper5>, exit status 3
2022-04-08 10:48:22,070 DEBUG ProcessUser cleanup function done.
2022-04-08 10:48:22,073 INFO  
2022-04-08 10:48:22,074 INFO  Test duration: 30.55 secs
2022-04-08 10:48:22,075 INFO  Test final outcome:  BLOCKED
2022-04-08 10:48:22,076 INFO  Test outcome reason: TypeError: 'NoneType' object is not iterable
2022-04-08 10:48:22,077 INFO  
