2022-04-28 16:23:09,820 INFO  ==============================================================
2022-04-28 16:23:09,821 INFO  Id:    docker_plugin_update
2022-04-28 16:23:09,822 INFO  Dir:   plugin_docker/
2022-04-28 16:23:09,823 INFO  Title: Validate docker plugin install updates existing containers
2022-04-28 16:23:09,824 INFO  ==============================================================
2022-04-28 16:23:10,608 INFO  Executed sudo<docker_images>, exit status 0
2022-04-28 16:23:10,614 INFO  Grep on file /home/pi/actions-runner/_work/thin-edge.io/thin-edge.io/tests/PySys/plugin_docker/docker_plugin_update/Output/linux/docker_images.out ... passed
2022-04-28 16:23:34,757 INFO  Executed sudo<docker_run>, exit status 0, duration 24 secs
2022-04-28 16:23:35,687 INFO  Executed sudo<docker_ps>, exit status 0
2022-04-28 16:23:35,698 INFO  Grep on file /home/pi/actions-runner/_work/thin-edge.io/thin-edge.io/tests/PySys/plugin_docker/docker_plugin_update/Output/linux/docker_ps.out ... passed
2022-04-28 16:24:02,496 INFO  Executed sudo<plugin_install>, exit status 0, duration 26 secs
2022-04-28 16:24:03,314 INFO  Executed sudo<docker_ps_latest>, exit status 0
2022-04-28 16:24:04,130 INFO  Executed sudo<docker_ps>, exit status 0
2022-04-28 16:24:04,134 INFO  Grep on file /home/pi/actions-runner/_work/thin-edge.io/thin-edge.io/tests/PySys/plugin_docker/docker_plugin_update/Output/linux/docker_ps.out ... passed
2022-04-28 16:24:05,055 INFO  Executed sudo<docker_ps>, exit status 0
2022-04-28 16:24:05,059 INFO  Grep on file /home/pi/actions-runner/_work/thin-edge.io/thin-edge.io/tests/PySys/plugin_docker/docker_plugin_update/Output/linux/docker_ps.out ... passed
2022-04-28 16:24:05,066 INFO  
2022-04-28 16:24:05,067 INFO  cleanup:
2022-04-28 16:24:05,069 INFO  Removing containers scheduled to be cleaned up: ['500839e1e3de', 'ec64fd658ddc', '9af54261e7a90e9791dc6a31add14699387ad2c768968cffde047693c1457f6e\n', '6a257b701a0f294ecaf803fec1efbc2c4c10e04a5ae7b05ac199358372d840f7\n', '3177d56c1b6f2e0d84fb87520a09ebd4f6007f54ea18de8c01b9e5563bb144d3\n', '1d27c516b8e0']
2022-04-28 16:24:08,075 WARN  Executed sudo<containers_for_cleanup>, exit status 1
2022-04-28 16:24:08,077 INFO  Removing images scheduled to be cleaned up: ['registry', 'registry', 'registry:2.7.1', 'registry', 'registry:2.7.1', 'registry:2.6.2', 'registry:2.7.1']
2022-04-28 16:24:14,674 INFO  Executed sudo<containers_for_cleanup>, exit status 0
2022-04-28 16:24:14,678 INFO  
2022-04-28 16:24:14,679 INFO  Test duration: 64.88 secs
2022-04-28 16:24:14,680 INFO  Test final outcome:  PASSED
2022-04-28 16:24:14,682 INFO  
