2022-04-21 09:23:45,863 INFO  ==============================================================
2022-04-21 09:23:45,864 INFO  Id:    SoftwareManagement.sm_apt_install_remove
2022-04-21 09:23:45,865 INFO  Dir:   software_management_end_to_end/
2022-04-21 09:23:45,866 INFO  Title: Validate end to end behaviour for the apt plugin for installation and removal of packages
2022-04-21 09:23:45,867 INFO  ==============================================================
2022-04-21 09:23:45,873 INFO  Using sw id database: {'asciijump': '5475369', 'robotfindskitten': '5474869', 'squirrel3': '5475279', 'rolldice': '5152439', 'moon-buggy': '5439204', 'apple': '5495053', 'banana': '5494888', 'cherry': '5495382', 'watermelon': '5494510', 'registry': '8018911', 'hello-world': '8021526', 'docker/getting-started': '8021973', 'alpine': '7991792'}
2022-04-21 09:23:45,874 INFO  EnvironmentC8y Setup
2022-04-21 09:23:46,435 INFO  Executed systemctl<serv_mapper1>, exit status 3
2022-04-21 09:23:46,544 INFO  Restarting mosquitto too frequently in the last 10 seconds. It was only up for 4 seconds
2022-04-21 09:23:46,545 INFO  Delaying execution by 7 seconds
2022-04-21 09:24:07,856 INFO  Executed sudo<tedge_connect_c8y>, exit status 0, duration 14 secs
2022-04-21 09:24:08,487 INFO  Executed sudo<tedge_connect_c8y_test>, exit status 0
2022-04-21 09:24:08,950 INFO  Executed systemctl<serv_mosq2>, exit status 0
2022-04-21 09:24:09,413 INFO  Executed systemctl<serv_mapper3>, exit status 0
2022-04-21 09:24:11,718 INFO  State of current operation: FAILED
2022-04-21 09:24:12,192 INFO  Assert that (False == value) with value=False ... passed
2022-04-21 09:24:12,416 INFO  Response status: 201
2022-04-21 09:24:12,417 INFO  Response to action: {
    "creationTime": "2022-04-21T09:24:12.370Z",
    "deviceName": "mythicb",
    "deviceId": "17501602",
    "self": "https://t493319102.eu-latest.cumulocity.com/devicecontrol/operations/17537589",
    "id": "17537589",
    "status": "PENDING",
    "description": "Apply software changes, triggered from PySys: [{'name': 'rolldice', 'id': '5152439', 'version': '::apt', 'url': '', 'action': 'install'}]",
    "c8y_SoftwareUpdate": [
        {
            "name": "rolldice",
            "action": "install",
            "id": "5152439",
            "version": "::apt",
            "url": ""
        }
    ]
}
2022-04-21 09:24:12,418 INFO  Started operation: {'creationTime': '2022-04-21T09:24:12.370Z', 'deviceName': 'mythicb', 'deviceId': '17501602', 'self': 'https://t493319102.eu-latest.cumulocity.com/devicecontrol/operations/17537589', 'id': '17537589', 'status': 'PENDING', 'description': "Apply software changes, triggered from PySys: [{'name': 'rolldice', 'id': '5152439', 'version': '::apt', 'url': '', 'action': 'install'}]", 'c8y_SoftwareUpdate': [{'name': 'rolldice', 'action': 'install', 'id': '5152439', 'version': '::apt', 'url': ''}]}
2022-04-21 09:24:14,634 INFO  State of operation 17537589 : PENDING
2022-04-21 09:24:16,879 INFO  State of operation 17537589 : EXECUTING
2022-04-21 09:24:19,096 INFO  State of operation 17537589 : EXECUTING
2022-04-21 09:24:21,369 INFO  State of operation 17537589 : EXECUTING
2022-04-21 09:24:23,586 INFO  State of operation 17537589 : EXECUTING
2022-04-21 09:24:25,841 INFO  State of operation 17537589 : EXECUTING
2022-04-21 09:24:28,623 INFO  State of operation 17537589 : EXECUTING
2022-04-21 09:24:31,809 INFO  State of operation 17537589 : EXECUTING
2022-04-21 09:24:34,090 INFO  State of operation 17537589 : EXECUTING
2022-04-21 09:24:36,648 INFO  State of operation 17537589 : EXECUTING
2022-04-21 09:24:38,901 INFO  State of operation 17537589 : EXECUTING
2022-04-21 09:24:41,184 INFO  State of operation 17537589 : EXECUTING
2022-04-21 09:24:43,405 INFO  State of operation 17537589 : EXECUTING
2022-04-21 09:24:45,635 INFO  State of operation 17537589 : EXECUTING
2022-04-21 09:24:47,863 INFO  State of operation 17537589 : EXECUTING
2022-04-21 09:24:50,087 INFO  State of operation 17537589 : EXECUTING
2022-04-21 09:24:52,385 INFO  State of operation 17537589 : EXECUTING
2022-04-21 09:24:54,887 INFO  State of operation 17537589 : EXECUTING
2022-04-21 09:24:59,052 INFO  State of operation 17537589 : EXECUTING
2022-04-21 09:25:01,335 INFO  State of operation 17537589 : EXECUTING
2022-04-21 09:25:03,551 INFO  State of operation 17537589 : EXECUTING
2022-04-21 09:25:05,769 INFO  State of operation 17537589 : EXECUTING
2022-04-21 09:25:08,635 INFO  State of operation 17537589 : EXECUTING
2022-04-21 09:25:10,958 INFO  State of operation 17537589 : EXECUTING
2022-04-21 09:25:13,915 INFO  State of operation 17537589 : EXECUTING
2022-04-21 09:25:16,159 INFO  State of operation 17537589 : EXECUTING
2022-04-21 09:25:18,897 INFO  State of operation 17537589 : EXECUTING
2022-04-21 09:25:21,171 INFO  State of operation 17537589 : EXECUTING
2022-04-21 09:25:23,386 INFO  State of operation 17537589 : EXECUTING
2022-04-21 09:25:25,723 INFO  State of operation 17537589 : EXECUTING
2022-04-21 09:25:28,054 INFO  State of operation 17537589 : EXECUTING
2022-04-21 09:25:30,405 INFO  State of operation 17537589 : EXECUTING
2022-04-21 09:25:32,622 INFO  State of operation 17537589 : EXECUTING
2022-04-21 09:25:34,833 INFO  State of operation 17537589 : EXECUTING
2022-04-21 09:25:37,044 INFO  State of operation 17537589 : EXECUTING
2022-04-21 09:25:39,253 INFO  State of operation 17537589 : SUCCESSFUL
2022-04-21 09:25:39,493 INFO  Package rolldice is installed
2022-04-21 09:25:39,495 INFO  Assert that (True == value) with value=True ... passed
2022-04-21 09:25:39,789 INFO  Response status: 201
2022-04-21 09:25:39,790 INFO  Response to action: {
    "creationTime": "2022-04-21T09:25:39.738Z",
    "deviceName": "mythicb",
    "deviceId": "17501602",
    "self": "https://t493319102.eu-latest.cumulocity.com/devicecontrol/operations/17537591",
    "id": "17537591",
    "status": "PENDING",
    "description": "Apply software changes, triggered from PySys: [{'name': 'rolldice', 'id': '5152439', 'version': '::apt', 'url': '', 'action': 'delete'}]",
    "c8y_SoftwareUpdate": [
        {
            "name": "rolldice",
            "action": "delete",
            "id": "5152439",
            "version": "::apt",
            "url": ""
        }
    ]
}
2022-04-21 09:25:39,791 INFO  Started operation: {'creationTime': '2022-04-21T09:25:39.738Z', 'deviceName': 'mythicb', 'deviceId': '17501602', 'self': 'https://t493319102.eu-latest.cumulocity.com/devicecontrol/operations/17537591', 'id': '17537591', 'status': 'PENDING', 'description': "Apply software changes, triggered from PySys: [{'name': 'rolldice', 'id': '5152439', 'version': '::apt', 'url': '', 'action': 'delete'}]", 'c8y_SoftwareUpdate': [{'name': 'rolldice', 'action': 'delete', 'id': '5152439', 'version': '::apt', 'url': ''}]}
2022-04-21 09:25:42,002 INFO  State of operation 17537591 : PENDING
2022-04-21 09:25:44,224 INFO  State of operation 17537591 : EXECUTING
2022-04-21 09:25:46,429 INFO  State of operation 17537591 : EXECUTING
2022-04-21 09:25:48,673 INFO  State of operation 17537591 : EXECUTING
2022-04-21 09:25:50,969 INFO  State of operation 17537591 : EXECUTING
2022-04-21 09:25:53,188 INFO  State of operation 17537591 : EXECUTING
2022-04-21 09:25:56,046 INFO  State of operation 17537591 : EXECUTING
2022-04-21 09:25:59,273 INFO  State of operation 17537591 : EXECUTING
2022-04-21 09:26:01,708 INFO  State of operation 17537591 : EXECUTING
2022-04-21 09:26:04,087 INFO  State of operation 17537591 : EXECUTING
2022-04-21 09:26:06,315 INFO  State of operation 17537591 : EXECUTING
2022-04-21 09:26:08,582 INFO  State of operation 17537591 : EXECUTING
2022-04-21 09:26:10,884 INFO  State of operation 17537591 : EXECUTING
2022-04-21 09:26:13,150 INFO  State of operation 17537591 : EXECUTING
2022-04-21 09:26:15,524 INFO  State of operation 17537591 : EXECUTING
2022-04-21 09:26:18,508 INFO  State of operation 17537591 : EXECUTING
2022-04-21 09:26:20,799 INFO  State of operation 17537591 : EXECUTING
2022-04-21 09:26:23,219 INFO  State of operation 17537591 : EXECUTING
2022-04-21 09:26:25,443 INFO  State of operation 17537591 : EXECUTING
2022-04-21 09:26:27,705 INFO  State of operation 17537591 : EXECUTING
2022-04-21 09:26:29,916 INFO  State of operation 17537591 : EXECUTING
2022-04-21 09:26:32,127 INFO  State of operation 17537591 : SUCCESSFUL
2022-04-21 09:26:32,378 INFO  Assert that (False == value) with value=False ... passed
2022-04-21 09:26:32,390 INFO  
2022-04-21 09:26:32,391 INFO  cleanup:
2022-04-21 09:26:36,722 INFO  Executed sudo<tedge_disconnect_c8y>, exit status 0
2022-04-21 09:26:37,305 INFO  Executed systemctl<serv_mapper5>, exit status 3
2022-04-21 09:26:37,309 INFO  
2022-04-21 09:26:37,310 INFO  Test duration: 171.46 secs
2022-04-21 09:26:37,311 INFO  Test final outcome:  PASSED
2022-04-21 09:26:37,312 INFO  
