2022-04-14 10:28:10,313 INFO  ==============================================================
2022-04-14 10:28:10,314 INFO  Id:    SoftwareManagement.Plugin.apama_plugin_update
2022-04-14 10:28:10,315 INFO  Dir:   plugin_apama/
2022-04-14 10:28:10,316 INFO  Title: Validate apama plugin updating one project with another
2022-04-14 10:28:10,317 INFO  ==============================================================
2022-04-14 10:28:10,323 INFO  Assertion that path exists=False for "/etc/tedge/apama/project" ... passed
2022-04-14 10:28:10,834 INFO  Executed sudo<create_project_dir>, exit status 0
2022-04-14 10:28:11,446 INFO  Executed sudo<unzip_apama_project>, exit status 0
2022-04-14 10:28:11,963 INFO  Executed sudo<move_apama_project>, exit status 0
2022-04-14 10:28:12,831 INFO  Executed sudo<restart_apama_service>, exit status 0
2022-04-14 10:28:13,751 INFO  Executed sudo<apama_correlator_wait>, exit status 0
2022-04-14 10:28:13,754 INFO  Assertion that path exists=True for "/etc/tedge/apama/project" ... passed
2022-04-14 10:28:14,671 INFO  Executed sudo<apama_list_monitors>, exit status 0
2022-04-14 10:28:14,676 INFO  Grep on file /home/pi/actions-runner/_work/thin-edge.io/thin-edge.io/tests/PySys/plugin_apama/apama_plugin_update/Output/linux/apama_list_monitors.out ... passed
2022-04-14 10:28:15,237 WARN  Executed sudo<plugin_install>, exit status 2
2022-04-14 10:28:15,242 INFO  Contents of plugin_install.err: 
2022-04-14 10:28:15,243 INFO    ERROR: Directory not empty (os error 39)
2022-04-14 10:28:15,244 INFO    -----
2022-04-14 10:28:15,245 INFO  
2022-04-14 10:28:15,513 WARN  sudo<plugin_install> returned non-zero exit code 2 ... blocked [run.py:35]
2022-04-14 10:28:15,514 WARN  Aborted test due to BLOCKED outcome
2022-04-14 10:28:15,520 INFO  
2022-04-14 10:28:15,521 INFO  cleanup:
2022-04-14 10:28:15,522 INFO  Removing apama project
2022-04-14 10:28:31,177 INFO  Executed sudo<stop_apama_service>, exit status 0, duration 15 secs
2022-04-14 10:28:31,743 INFO  Executed sudo<remove_apama_project>, exit status 0
2022-04-14 10:28:32,255 INFO  Executed sudo<remove_apama_tmp_dir>, exit status 0
2022-04-14 10:28:32,258 INFO  
2022-04-14 10:28:32,259 INFO  Test duration: 21.95 secs
2022-04-14 10:28:32,260 INFO  Test final outcome:  BLOCKED
2022-04-14 10:28:32,261 INFO  Test outcome reason: sudo<plugin_install> returned non-zero exit code 2
2022-04-14 10:28:32,262 INFO  
