2022-04-11 09:38:07,834 INFO  ==============================================================
2022-04-11 09:38:07,835 INFO  Id:    c8y_jwt_token_retrieval
2022-04-11 09:38:07,838 INFO  Dir:   cloud_c8y/
2022-04-11 09:38:07,839 INFO  Title: Validate the Cumulocity JWT Token Retrieval feature
2022-04-11 09:38:07,840 DEBUG Execution order hint: 0.0
2022-04-11 09:38:07,841 INFO  ==============================================================
2022-04-11 09:38:08,022 DEBUG Process parameters for sudo<tedge_disconnect_c8y>
  command line : /usr/bin/sudo /usr/bin/tedge disconnect c8y
    arg #1     : /usr/bin/tedge
    arg #2     : disconnect
    arg #3     : c8y
  working dir  : /home/pi/actions-runner/_work/thin-edge.io/thin-edge.io/tests/PySys/cloud_c8y/c8y_jwt_token_retrieval/Output/linux
  stdout       : /home/pi/actions-runner/_work/thin-edge.io/thin-edge.io/tests/PySys/cloud_c8y/c8y_jwt_token_retrieval/Output/linux/tedge_disconnect_c8y.out
  stderr       : /home/pi/actions-runner/_work/thin-edge.io/thin-edge.io/tests/PySys/cloud_c8y/c8y_jwt_token_retrieval/Output/linux/tedge_disconnect_c8y.err
  environment  : LD_LIBRARY_PATH=/usr/lib
  environment  : PATH=/bin:/usr/bin:/usr/sbin:/usr/local/bin
                   #1  /bin
                   #2  /usr/bin
                   #3  /usr/sbin
                   #4  /usr/local/bin
2022-04-11 09:38:08,029 DEBUG Waiting up to 600 secs for process sudo<tedge_disconnect_c8y> (pid 27413)
2022-04-11 09:38:08,535 INFO  Executed sudo<tedge_disconnect_c8y>, exit status 0
2022-04-11 09:38:08,536 DEBUG --- test execute
2022-04-11 09:38:08,654 DEBUG Process parameters for sudo<tedge_connect_c8y>
  command line : /usr/bin/sudo /usr/bin/tedge connect c8y
    arg #1     : /usr/bin/tedge
    arg #2     : connect
    arg #3     : c8y
  working dir  : /home/pi/actions-runner/_work/thin-edge.io/thin-edge.io/tests/PySys/cloud_c8y/c8y_jwt_token_retrieval/Output/linux
  stdout       : /home/pi/actions-runner/_work/thin-edge.io/thin-edge.io/tests/PySys/cloud_c8y/c8y_jwt_token_retrieval/Output/linux/tedge_connect_c8y.out
  stderr       : /home/pi/actions-runner/_work/thin-edge.io/thin-edge.io/tests/PySys/cloud_c8y/c8y_jwt_token_retrieval/Output/linux/tedge_connect_c8y.err
  environment  : LD_LIBRARY_PATH=/usr/lib
  environment  : PATH=/bin:/usr/bin:/usr/sbin:/usr/local/bin
                   #1  /bin
                   #2  /usr/bin
                   #3  /usr/sbin
                   #4  /usr/local/bin
2022-04-11 09:38:08,661 DEBUG Waiting up to 600 secs for process sudo<tedge_connect_c8y> (pid 27418)
2022-04-11 09:38:23,049 INFO  Executed sudo<tedge_connect_c8y>, exit status 0, duration 14 secs
2022-04-11 09:38:23,053 DEBUG Process parameters for sudo<resp_jwt>
  command line : /usr/bin/sudo /usr/bin/tedge mqtt sub c8y/s/dat
    arg #1     : /usr/bin/tedge
    arg #2     : mqtt
    arg #3     : sub
    arg #4     : c8y/s/dat
  working dir  : /home/pi/actions-runner/_work/thin-edge.io/thin-edge.io/tests/PySys/cloud_c8y/c8y_jwt_token_retrieval/Output/linux
  stdout       : /home/pi/actions-runner/_work/thin-edge.io/thin-edge.io/tests/PySys/cloud_c8y/c8y_jwt_token_retrieval/Output/linux/resp_jwt.out
  stderr       : /home/pi/actions-runner/_work/thin-edge.io/thin-edge.io/tests/PySys/cloud_c8y/c8y_jwt_token_retrieval/Output/linux/resp_jwt.err
  environment  : LD_LIBRARY_PATH=/usr/lib
  environment  : PATH=/bin:/usr/bin:/usr/sbin:/usr/local/bin
                   #1  /bin
                   #2  /usr/bin
                   #3  /usr/sbin
                   #4  /usr/local/bin
2022-04-11 09:38:23,060 INFO  Started sudo<resp_jwt> with process id 27526
2022-04-11 09:38:23,066 DEBUG Process parameters for sudo<req_jwt>
  command line : /usr/bin/sudo /usr/bin/tedge mqtt pub c8y/s/uat ''"'"''"'"''
    arg #1     : /usr/bin/tedge
    arg #2     : mqtt
    arg #3     : pub
    arg #4     : c8y/s/uat
    arg #5     : ''
  working dir  : /home/pi/actions-runner/_work/thin-edge.io/thin-edge.io/tests/PySys/cloud_c8y/c8y_jwt_token_retrieval/Output/linux
  stdout       : /home/pi/actions-runner/_work/thin-edge.io/thin-edge.io/tests/PySys/cloud_c8y/c8y_jwt_token_retrieval/Output/linux/req_jwt.out
  stderr       : /home/pi/actions-runner/_work/thin-edge.io/thin-edge.io/tests/PySys/cloud_c8y/c8y_jwt_token_retrieval/Output/linux/req_jwt.err
  environment  : LD_LIBRARY_PATH=/usr/lib
  environment  : PATH=/bin:/usr/bin:/usr/sbin:/usr/local/bin
                   #1  /bin
                   #2  /usr/bin
                   #3  /usr/sbin
                   #4  /usr/local/bin
2022-04-11 09:38:23,073 DEBUG Waiting up to 600 secs for process sudo<req_jwt> (pid 27527)
2022-04-11 09:38:24,904 INFO  Executed sudo<req_jwt>, exit status 0
2022-04-11 09:38:25,910 DEBUG Process parameters for sudo<kill_out>
  command line : /usr/bin/sudo killall tedge
    arg #1     : killall
    arg #2     : tedge
  working dir  : /home/pi/actions-runner/_work/thin-edge.io/thin-edge.io/tests/PySys/cloud_c8y/c8y_jwt_token_retrieval/Output/linux
  stdout       : /home/pi/actions-runner/_work/thin-edge.io/thin-edge.io/tests/PySys/cloud_c8y/c8y_jwt_token_retrieval/Output/linux/kill_out.out
  stderr       : /home/pi/actions-runner/_work/thin-edge.io/thin-edge.io/tests/PySys/cloud_c8y/c8y_jwt_token_retrieval/Output/linux/kill_out.err
  environment  : LD_LIBRARY_PATH=/usr/lib
  environment  : PATH=/bin:/usr/bin:/usr/sbin:/usr/local/bin
                   #1  /bin
                   #2  /usr/bin
                   #3  /usr/sbin
                   #4  /usr/local/bin
2022-04-11 09:38:25,919 DEBUG Waiting up to 600 secs for process sudo<kill_out> (pid 27536)
2022-04-11 09:38:26,562 INFO  Executed sudo<kill_out>, exit status 0
2022-04-11 09:38:26,565 DEBUG --- test validate
2022-04-11 09:38:26,567 DEBUG Performing regex contains=True grep on file: /home/pi/actions-runner/_work/thin-edge.io/thin-edge.io/tests/PySys/cloud_c8y/c8y_jwt_token_retrieval/Output/linux/resp_jwt.out
2022-04-11 09:38:26,582 DEBUG Grep on file resp_jwt.out successfully matched expression "\[c8y/s/dat\] 71," with line: '[c8y/s/dat] 71,eyJhbGciOiJSUzI1NiIsInR5cCI6IkpXVCJ9.eyJqdGkiOm51bGwsImlzcyI6InRoaW4tZWRnZS1pby5ldS1sYXRlc3QuY3VtdWxvY2l0eS5jb20iLCJhdWQiOiJ0aGluLWVkZ2UtaW8uZXUtbGF0ZXN0LmN1bXVsb2NpdHkuY29tIiwic3ViIjoiZGV2aWNlX215dGhpY2IiLCJ0Y2kiOiJkZXZpY2VfdG9rZW5fY29uZmlnIiwiaWF0IjoxNjQ5NjY5Njc3LCJuYmYiOjE2NDk2Njk2NzcsImV4cCI6MTY0OTY3MzI3NywidGZhIjpmYWxzZSwidGVuIjoidDQ5MzMxOTEwMiIsInhzcmZUb2tlbiI6IlJtc1F1UUF2Z2FoZFhMV01jVXlrIn0.rLHRGK9qDC_lxk-tJADjC6DYnoyPeugvRVr8-9a94THM0eKAXTtk1Jb3JVbmOqs77mC-Xu0VWSPC5muiy3lZXBsm-ROgKrMVvDrn3ALuOBcnsQV0P1l5M5bWTaxxdtFTlqBdkKtNVS6q5eKXFM4ui7OAoLkrYOTDr9Gl_6ANaZe8YkH8XAfdsDssAZ60zyujQhOBOM9bfm19eAkKEU7T5fbcI71RDSZ8a3MytXQ-9rn5Q2PlNXRPyA9YY7DYCX3SLvAk46kQr2Ydon9d8BIQz8cS8CEFl1uiAniHza6ft1ikztnqqBen5FPBowKzlBB8QhTgQGFtfHhGBJ17MnxGjA\n'
2022-04-11 09:38:26,587 INFO  Grep on file resp_jwt.out ... passed
2022-04-11 09:38:26,596 DEBUG --- test cleanup
2022-04-11 09:38:26,598 INFO  
2022-04-11 09:38:26,599 INFO  cleanup:
2022-04-11 09:38:26,600 DEBUG Running registered cleanup function: <bound method ValidateJWTTokenRetrieval.jwt_token_cleanup of <ValidateJWTTokenRetrieval object at 0x76102b10>>
2022-04-11 09:38:26,735 DEBUG Process parameters for sudo<tedge_disconnect_c8y>
  command line : /usr/bin/sudo /usr/bin/tedge disconnect c8y
    arg #1     : /usr/bin/tedge
    arg #2     : disconnect
    arg #3     : c8y
  working dir  : /home/pi/actions-runner/_work/thin-edge.io/thin-edge.io/tests/PySys/cloud_c8y/c8y_jwt_token_retrieval/Output/linux
  stdout       : /home/pi/actions-runner/_work/thin-edge.io/thin-edge.io/tests/PySys/cloud_c8y/c8y_jwt_token_retrieval/Output/linux/tedge_disconnect_c8y.out
  stderr       : /home/pi/actions-runner/_work/thin-edge.io/thin-edge.io/tests/PySys/cloud_c8y/c8y_jwt_token_retrieval/Output/linux/tedge_disconnect_c8y.err
  environment  : LD_LIBRARY_PATH=/usr/lib
  environment  : PATH=/bin:/usr/bin:/usr/sbin:/usr/local/bin
                   #1  /bin
                   #2  /usr/bin
                   #3  /usr/sbin
                   #4  /usr/local/bin
2022-04-11 09:38:26,742 DEBUG Waiting up to 600 secs for process sudo<tedge_disconnect_c8y> (pid 27541)
2022-04-11 09:38:31,156 INFO  Executed sudo<tedge_disconnect_c8y>, exit status 0
2022-04-11 09:38:31,158 DEBUG ProcessUser cleanup function done.
2022-04-11 09:38:31,161 INFO  
2022-04-11 09:38:31,162 INFO  Test duration: 23.33 secs
2022-04-11 09:38:31,163 INFO  Test final outcome:  PASSED
2022-04-11 09:38:31,165 INFO  
