2022-04-11 10:38:08,690 INFO  ==============================================================
2022-04-11 10:38:08,691 INFO  Id:    docker_plugin_finalize
2022-04-11 10:38:08,694 INFO  Dir:   plugin_docker/
2022-04-11 10:38:08,695 INFO  Title: Validate docker plugin finalize command
2022-04-11 10:38:08,696 DEBUG Execution order hint: 0.0
2022-04-11 10:38:08,697 INFO  ==============================================================
2022-04-11 10:38:08,736 DEBUG Process parameters for sudo<docker_images>
  command line : /usr/bin/sudo docker images
    arg #1     : docker
    arg #2     : images
  working dir  : /home/pi/actions-runner/_work/thin-edge.io/thin-edge.io/tests/PySys/plugin_docker/docker_plugin_finalize/Output/linux
  stdout       : /home/pi/actions-runner/_work/thin-edge.io/thin-edge.io/tests/PySys/plugin_docker/docker_plugin_finalize/Output/linux/docker_images.out
  stderr       : /home/pi/actions-runner/_work/thin-edge.io/thin-edge.io/tests/PySys/plugin_docker/docker_plugin_finalize/Output/linux/docker_images.err
  environment  : LD_LIBRARY_PATH=/usr/lib
  environment  : PATH=/bin:/usr/bin:/usr/sbin:/usr/local/bin
                   #1  /bin
                   #2  /usr/bin
                   #3  /usr/sbin
                   #4  /usr/local/bin
2022-04-11 10:38:08,744 DEBUG Waiting up to 600 secs for process sudo<docker_images> (pid 22549)
2022-04-11 10:38:09,552 INFO  Executed sudo<docker_images>, exit status 0
2022-04-11 10:38:09,553 DEBUG Performing regex contains=False grep on file: /home/pi/actions-runner/_work/thin-edge.io/thin-edge.io/tests/PySys/plugin_docker/docker_plugin_finalize/Output/linux/docker_images.out
2022-04-11 10:38:09,754 WARN  Grep on /home/pi/actions-runner/_work/thin-edge.io/thin-edge.io/tests/PySys/plugin_docker/docker_plugin_finalize/Output/linux/docker_images.out does not contain "registry" failed with 2 matches, first is: "registry            2.7.1               e8a56425636e        4 months ago        22.2MB" ... failed 
2022-04-11 10:38:09,755 WARN  Aborted test due to FAILED outcome
2022-04-11 10:38:09,760 DEBUG --- test cleanup
2022-04-11 10:38:09,763 INFO  
2022-04-11 10:38:09,764 INFO  cleanup:
2022-04-11 10:38:09,765 DEBUG Running registered cleanup function: <bound method DockerPlugin.cleanup_containers of <DockerPluginFinalizeTest object at 0x76132c10>>
2022-04-11 10:38:09,766 DEBUG Running registered cleanup function: <bound method DockerPlugin.cleanup_images of <DockerPluginFinalizeTest object at 0x76132c10>>
2022-04-11 10:38:09,766 DEBUG ProcessUser cleanup function done.
2022-04-11 10:38:09,769 INFO  
2022-04-11 10:38:09,770 INFO  Test duration: 1.09 secs
2022-04-11 10:38:09,771 INFO  Test final outcome:  FAILED
2022-04-11 10:38:09,772 INFO  Test outcome reason: Grep on /home/pi/actions-runner/_work/thin-edge.io/thin-edge.io/tests/PySys/plugin_docker/docker_plugin_finalize/Output/linux/docker_images.out does not contain "registry" failed with 2 matches, first is: "registry            2.7.1               e8a56425636e        4 months ago        22.2MB"
2022-04-11 10:38:09,773 INFO  
