2022-05-10 14:02:34,418 INFO  ==============================================================
2022-05-10 14:02:34,419 INFO  Id:    docker_plugin_finalize
2022-05-10 14:02:34,422 INFO  Dir:   plugin_docker/
2022-05-10 14:02:34,423 INFO  Title: Validate docker plugin finalize command
2022-05-10 14:02:34,424 INFO  ==============================================================
2022-05-10 14:02:35,513 INFO  Executed sudo<docker_images>, exit status 0
2022-05-10 14:02:35,524 INFO  Grep on file /home/pi/actions-runner/_work/thin-edge.io/thin-edge.io/tests/PySys/plugin_docker/docker_plugin_finalize/Output/linux/docker_images.out ... passed
2022-05-10 14:02:57,488 INFO  Executed sudo<docker_pull>, exit status 0, duration 21 secs
2022-05-10 14:02:58,510 INFO  Executed sudo<docker_images>, exit status 0
2022-05-10 14:02:58,514 INFO  Grep on file /home/pi/actions-runner/_work/thin-edge.io/thin-edge.io/tests/PySys/plugin_docker/docker_plugin_finalize/Output/linux/docker_images.out ... passed
2022-05-10 14:03:02,246 INFO  Executed sudo<plugin_finalize>, exit status 0
2022-05-10 14:03:03,059 INFO  Executed sudo<docker_ps_latest>, exit status 0
2022-05-10 14:03:03,837 INFO  Executed sudo<docker_images>, exit status 0
2022-05-10 14:03:03,841 INFO  Grep on file /home/pi/actions-runner/_work/thin-edge.io/thin-edge.io/tests/PySys/plugin_docker/docker_plugin_finalize/Output/linux/docker_images.out ... passed
2022-05-10 14:03:03,848 INFO  
2022-05-10 14:03:03,849 INFO  cleanup:
2022-05-10 14:03:03,850 INFO  Removing images scheduled to be cleaned up: ['registry']
2022-05-10 14:03:04,662 INFO  Executed sudo<containers_for_cleanup>, exit status 0
2022-05-10 14:03:04,666 INFO  
2022-05-10 14:03:04,667 INFO  Test duration: 30.26 secs
2022-05-10 14:03:04,668 INFO  Test final outcome:  PASSED
2022-05-10 14:03:04,669 INFO  
