2022-04-07 17:29:19,546 INFO  ==============================================================
2022-04-07 17:29:19,547 INFO  Id:    SoftwareManagement.sm_apt_install_remove_multiple
2022-04-07 17:29:19,548 INFO  Dir:   software_management_end_to_end/
2022-04-07 17:29:19,549 INFO  Title: Validate end to end behaviour for the apt plugin for multiple packages
2022-04-07 17:29:19,550 DEBUG Execution order hint: 0.0
2022-04-07 17:29:19,551 INFO  ==============================================================
2022-04-07 17:29:19,559 INFO  Using sw id database: {'asciijump': '5475369', 'robotfindskitten': '5474869', 'squirrel3': '5475279', 'rolldice': '5152439', 'moon-buggy': '5439204', 'apple': '5495053', 'banana': '5494888', 'cherry': '5495382', 'watermelon': '5494510', 'registry': '8018911', 'hello-world': '8021526', 'docker/getting-started': '8021973', 'alpine': '7991792'}
2022-04-07 17:29:19,560 DEBUG EnvironmentC8y Setup
2022-04-07 17:29:19,561 INFO  EnvironmentC8y Setup
2022-04-07 17:29:19,563 DEBUG Process parameters for systemctl<serv_mapper1>
  command line : /usr/bin/systemctl status tedge-mapper-c8y
    arg #1     : status
    arg #2     : tedge-mapper-c8y
  working dir  : /home/pi/actions-runner/_work/thin-edge.io/thin-edge.io/tests/PySys/software_management_end_to_end/sm_apt_install_remove_multiple/Output/linux
  stdout       : /home/pi/actions-runner/_work/thin-edge.io/thin-edge.io/tests/PySys/software_management_end_to_end/sm_apt_install_remove_multiple/Output/linux/serv_mapper1.out
  stderr       : /home/pi/actions-runner/_work/thin-edge.io/thin-edge.io/tests/PySys/software_management_end_to_end/sm_apt_install_remove_multiple/Output/linux/serv_mapper1.err
  environment  : LD_LIBRARY_PATH=/usr/lib
  environment  : PATH=/bin:/usr/bin:/usr/sbin:/usr/local/bin
                   #1  /bin
                   #2  /usr/bin
                   #3  /usr/sbin
                   #4  /usr/local/bin
2022-04-07 17:29:19,571 DEBUG Waiting up to 600 secs for process systemctl<serv_mapper1> (pid 16156)
2022-04-07 17:29:20,128 INFO  Executed systemctl<serv_mapper1>, exit status 3
2022-04-07 17:29:20,237 INFO  Restarting mosquitto too frequently in the last 10 seconds. It was only up for 5 seconds
2022-04-07 17:29:20,238 INFO  Delaying execution by 6 seconds
2022-04-07 17:29:26,247 DEBUG Process parameters for sudo<tedge_connect_c8y>
  command line : /usr/bin/sudo /usr/bin/tedge connect c8y
    arg #1     : /usr/bin/tedge
    arg #2     : connect
    arg #3     : c8y
  working dir  : /home/pi/actions-runner/_work/thin-edge.io/thin-edge.io/tests/PySys/software_management_end_to_end/sm_apt_install_remove_multiple/Output/linux
  stdout       : /home/pi/actions-runner/_work/thin-edge.io/thin-edge.io/tests/PySys/software_management_end_to_end/sm_apt_install_remove_multiple/Output/linux/tedge_connect_c8y.out
  stderr       : /home/pi/actions-runner/_work/thin-edge.io/thin-edge.io/tests/PySys/software_management_end_to_end/sm_apt_install_remove_multiple/Output/linux/tedge_connect_c8y.err
  environment  : LD_LIBRARY_PATH=/usr/lib
  environment  : PATH=/bin:/usr/bin:/usr/sbin:/usr/local/bin
                   #1  /bin
                   #2  /usr/bin
                   #3  /usr/sbin
                   #4  /usr/local/bin
2022-04-07 17:29:26,256 DEBUG Waiting up to 600 secs for process sudo<tedge_connect_c8y> (pid 16160)
2022-04-07 17:29:40,318 INFO  Executed sudo<tedge_connect_c8y>, exit status 0, duration 14 secs
2022-04-07 17:29:40,323 DEBUG Process parameters for sudo<tedge_connect_c8y_test>
  command line : /usr/bin/sudo /usr/bin/tedge connect c8y --test
    arg #1     : /usr/bin/tedge
    arg #2     : connect
    arg #3     : c8y
    arg #4     : --test
  working dir  : /home/pi/actions-runner/_work/thin-edge.io/thin-edge.io/tests/PySys/software_management_end_to_end/sm_apt_install_remove_multiple/Output/linux
  stdout       : /home/pi/actions-runner/_work/thin-edge.io/thin-edge.io/tests/PySys/software_management_end_to_end/sm_apt_install_remove_multiple/Output/linux/tedge_connect_c8y_test.out
  stderr       : /home/pi/actions-runner/_work/thin-edge.io/thin-edge.io/tests/PySys/software_management_end_to_end/sm_apt_install_remove_multiple/Output/linux/tedge_connect_c8y_test.err
  environment  : LD_LIBRARY_PATH=/usr/lib
  environment  : PATH=/bin:/usr/bin:/usr/sbin:/usr/local/bin
                   #1  /bin
                   #2  /usr/bin
                   #3  /usr/sbin
                   #4  /usr/local/bin
2022-04-07 17:29:40,333 DEBUG Waiting up to 600 secs for process sudo<tedge_connect_c8y_test> (pid 16266)
2022-04-07 17:29:40,941 INFO  Executed sudo<tedge_connect_c8y_test>, exit status 0
2022-04-07 17:29:40,945 DEBUG Process parameters for systemctl<serv_mosq2>
  command line : /usr/bin/systemctl status mosquitto
    arg #1     : status
    arg #2     : mosquitto
  working dir  : /home/pi/actions-runner/_work/thin-edge.io/thin-edge.io/tests/PySys/software_management_end_to_end/sm_apt_install_remove_multiple/Output/linux
  stdout       : /home/pi/actions-runner/_work/thin-edge.io/thin-edge.io/tests/PySys/software_management_end_to_end/sm_apt_install_remove_multiple/Output/linux/serv_mosq2.out
  stderr       : /home/pi/actions-runner/_work/thin-edge.io/thin-edge.io/tests/PySys/software_management_end_to_end/sm_apt_install_remove_multiple/Output/linux/serv_mosq2.err
  environment  : LD_LIBRARY_PATH=/usr/lib
  environment  : PATH=/bin:/usr/bin:/usr/sbin:/usr/local/bin
                   #1  /bin
                   #2  /usr/bin
                   #3  /usr/sbin
                   #4  /usr/local/bin
2022-04-07 17:29:40,953 DEBUG Waiting up to 600 secs for process systemctl<serv_mosq2> (pid 16273)
2022-04-07 17:29:41,460 INFO  Executed systemctl<serv_mosq2>, exit status 0
2022-04-07 17:29:41,463 DEBUG Process parameters for systemctl<serv_mapper3>
  command line : /usr/bin/systemctl status tedge-mapper-c8y
    arg #1     : status
    arg #2     : tedge-mapper-c8y
  working dir  : /home/pi/actions-runner/_work/thin-edge.io/thin-edge.io/tests/PySys/software_management_end_to_end/sm_apt_install_remove_multiple/Output/linux
  stdout       : /home/pi/actions-runner/_work/thin-edge.io/thin-edge.io/tests/PySys/software_management_end_to_end/sm_apt_install_remove_multiple/Output/linux/serv_mapper3.out
  stderr       : /home/pi/actions-runner/_work/thin-edge.io/thin-edge.io/tests/PySys/software_management_end_to_end/sm_apt_install_remove_multiple/Output/linux/serv_mapper3.err
  environment  : LD_LIBRARY_PATH=/usr/lib
  environment  : PATH=/bin:/usr/bin:/usr/sbin:/usr/local/bin
                   #1  /bin
                   #2  /usr/bin
                   #3  /usr/sbin
                   #4  /usr/local/bin
2022-04-07 17:29:41,471 DEBUG Waiting up to 600 secs for process systemctl<serv_mapper3> (pid 16274)
2022-04-07 17:29:41,928 INFO  Executed systemctl<serv_mapper3>, exit status 0
2022-04-07 17:29:43,951 DEBUG Starting new HTTPS connection (1): thin-edge-io.eu-latest.cumulocity.com:443
2022-04-07 17:29:44,159 DEBUG https://thin-edge-io.eu-latest.cumulocity.com:443 "GET /devicecontrol/operations?deviceId=16979395&pageSize=1&revert=true&dateFrom=1970-01-01T00%3A00%3A00.000Z HTTP/1.1" 200 1047
2022-04-07 17:29:44,173 DEBUG Final URL of the request: https://thin-edge-io.eu-latest.cumulocity.com/devicecontrol/operations?deviceId=16979395&pageSize=1&revert=true&dateFrom=1970-01-01T00%3A00%3A00.000Z
2022-04-07 17:29:44,176 INFO  State of current operation: SUCCESSFUL
2022-04-07 17:29:44,193 DEBUG Starting new HTTPS connection (1): thin-edge-io.eu-latest.cumulocity.com:443
2022-04-07 17:29:44,406 DEBUG https://thin-edge-io.eu-latest.cumulocity.com:443 "GET /inventory/managedObjects/16979395 HTTP/1.1" 200 None
2022-04-07 17:29:44,428 INFO  Assert that (False == value) with value=False ... passed
2022-04-07 17:29:44,444 DEBUG Starting new HTTPS connection (1): thin-edge-io.eu-latest.cumulocity.com:443
2022-04-07 17:29:44,633 DEBUG https://thin-edge-io.eu-latest.cumulocity.com:443 "GET /inventory/managedObjects/16979395 HTTP/1.1" 200 None
2022-04-07 17:29:44,652 INFO  Package asciijump is installed
2022-04-07 17:29:44,966 WARN  Assert that (False == value) with value=True ... failed 
2022-04-07 17:29:44,985 DEBUG Starting new HTTPS connection (1): thin-edge-io.eu-latest.cumulocity.com:443
2022-04-07 17:29:45,189 DEBUG https://thin-edge-io.eu-latest.cumulocity.com:443 "GET /inventory/managedObjects/16979395 HTTP/1.1" 200 None
2022-04-07 17:29:45,208 INFO  Package squirrel3 is installed
2022-04-07 17:29:45,231 WARN  Assert that (False == value) with value=True ... failed 
2022-04-07 17:29:45,247 DEBUG Starting new HTTPS connection (1): thin-edge-io.eu-latest.cumulocity.com:443
2022-04-07 17:29:45,436 DEBUG https://thin-edge-io.eu-latest.cumulocity.com:443 "GET /inventory/managedObjects/16979395 HTTP/1.1" 200 None
2022-04-07 17:29:45,455 INFO  Package robotfindskitten is installed
2022-04-07 17:29:45,478 WARN  Assert that (False == value) with value=True ... failed 
2022-04-07 17:29:45,479 DEBUG --- test execute
2022-04-07 17:29:45,495 DEBUG Starting new HTTPS connection (1): thin-edge-io.eu-latest.cumulocity.com:443
2022-04-07 17:29:45,688 DEBUG https://thin-edge-io.eu-latest.cumulocity.com:443 "POST /devicecontrol/operations HTTP/1.1" 201 846
2022-04-07 17:29:45,704 INFO  Response status: 201
2022-04-07 17:29:45,706 INFO  Response to action: {
    "creationTime": "2022-04-07T17:29:45.659Z",
    "deviceId": "16979395",
    "deviceName": "offsite_mythica",
    "self": "https://t493319102.eu-latest.cumulocity.com/devicecontrol/operations/17009337",
    "id": "17009337",
    "status": "PENDING",
    "description": "Apply software changes, triggered from PySys: [{'action': 'install', 'id': '5475369', 'name': 'asciijump', 'url': ' ', 'version': '::apt'}, {'action': 'install', 'id': '5474869', 'name': 'robotfindskitten', 'url': ' ', 'version': '::apt'}, {'action': 'install', 'id': '5475279', 'name': 'squirrel3', 'url': ' ', 'version': '::apt'}]",
    "c8y_SoftwareUpdate": [
        {
            "name": "asciijump",
            "action": "install",
            "id": "5475369",
            "version": "::apt",
            "url": " "
        },
        {
            "name": "robotfindskitten",
            "action": "install",
            "id": "5474869",
            "version": "::apt",
            "url": " "
        },
        {
            "name": "squirrel3",
            "action": "install",
            "id": "5475279",
            "version": "::apt",
            "url": " "
        }
    ]
}
2022-04-07 17:29:45,707 INFO  Started operation: {'creationTime': '2022-04-07T17:29:45.659Z', 'deviceId': '16979395', 'deviceName': 'offsite_mythica', 'self': 'https://t493319102.eu-latest.cumulocity.com/devicecontrol/operations/17009337', 'id': '17009337', 'status': 'PENDING', 'description': "Apply software changes, triggered from PySys: [{'action': 'install', 'id': '5475369', 'name': 'asciijump', 'url': ' ', 'version': '::apt'}, {'action': 'install', 'id': '5474869', 'name': 'robotfindskitten', 'url': ' ', 'version': '::apt'}, {'action': 'install', 'id': '5475279', 'name': 'squirrel3', 'url': ' ', 'version': '::apt'}]", 'c8y_SoftwareUpdate': [{'name': 'asciijump', 'action': 'install', 'id': '5475369', 'version': '::apt', 'url': ' '}, {'name': 'robotfindskitten', 'action': 'install', 'id': '5474869', 'version': '::apt', 'url': ' '}, {'name': 'squirrel3', 'action': 'install', 'id': '5475279', 'version': '::apt', 'url': ' '}]}
2022-04-07 17:29:47,733 DEBUG Starting new HTTPS connection (1): thin-edge-io.eu-latest.cumulocity.com:443
2022-04-07 17:29:47,936 DEBUG https://thin-edge-io.eu-latest.cumulocity.com:443 "GET /devicecontrol/operations/17009337 HTTP/1.1" 200 998
2022-04-07 17:29:47,952 INFO  State of operation 17009337 : PENDING
2022-04-07 17:29:49,971 DEBUG Starting new HTTPS connection (1): thin-edge-io.eu-latest.cumulocity.com:443
2022-04-07 17:29:50,161 DEBUG https://thin-edge-io.eu-latest.cumulocity.com:443 "GET /devicecontrol/operations/17009337 HTTP/1.1" 200 1000
2022-04-07 17:29:50,178 INFO  State of operation 17009337 : EXECUTING
2022-04-07 17:29:52,196 DEBUG Starting new HTTPS connection (1): thin-edge-io.eu-latest.cumulocity.com:443
2022-04-07 17:29:52,377 DEBUG https://thin-edge-io.eu-latest.cumulocity.com:443 "GET /devicecontrol/operations/17009337 HTTP/1.1" 200 1000
2022-04-07 17:29:52,393 INFO  State of operation 17009337 : EXECUTING
2022-04-07 17:29:54,412 DEBUG Starting new HTTPS connection (1): thin-edge-io.eu-latest.cumulocity.com:443
2022-04-07 17:29:54,589 DEBUG https://thin-edge-io.eu-latest.cumulocity.com:443 "GET /devicecontrol/operations/17009337 HTTP/1.1" 200 1000
2022-04-07 17:29:54,608 INFO  State of operation 17009337 : EXECUTING
2022-04-07 17:29:56,629 DEBUG Starting new HTTPS connection (1): thin-edge-io.eu-latest.cumulocity.com:443
2022-04-07 17:29:56,814 DEBUG https://thin-edge-io.eu-latest.cumulocity.com:443 "GET /devicecontrol/operations/17009337 HTTP/1.1" 200 1000
2022-04-07 17:29:56,831 INFO  State of operation 17009337 : EXECUTING
2022-04-07 17:29:58,850 DEBUG Starting new HTTPS connection (1): thin-edge-io.eu-latest.cumulocity.com:443
2022-04-07 17:29:59,032 DEBUG https://thin-edge-io.eu-latest.cumulocity.com:443 "GET /devicecontrol/operations/17009337 HTTP/1.1" 200 1000
2022-04-07 17:29:59,048 INFO  State of operation 17009337 : EXECUTING
2022-04-07 17:30:01,067 DEBUG Starting new HTTPS connection (1): thin-edge-io.eu-latest.cumulocity.com:443
2022-04-07 17:30:01,654 DEBUG https://thin-edge-io.eu-latest.cumulocity.com:443 "GET /devicecontrol/operations/17009337 HTTP/1.1" 200 1000
2022-04-07 17:30:01,674 INFO  State of operation 17009337 : EXECUTING
2022-04-07 17:30:03,733 DEBUG Starting new HTTPS connection (1): thin-edge-io.eu-latest.cumulocity.com:443
2022-04-07 17:30:04,316 DEBUG https://thin-edge-io.eu-latest.cumulocity.com:443 "GET /devicecontrol/operations/17009337 HTTP/1.1" 200 1000
2022-04-07 17:30:04,543 INFO  State of operation 17009337 : EXECUTING
2022-04-07 17:30:06,568 DEBUG Starting new HTTPS connection (1): thin-edge-io.eu-latest.cumulocity.com:443
2022-04-07 17:30:06,754 DEBUG https://thin-edge-io.eu-latest.cumulocity.com:443 "GET /devicecontrol/operations/17009337 HTTP/1.1" 200 1000
2022-04-07 17:30:06,772 INFO  State of operation 17009337 : EXECUTING
2022-04-07 17:30:08,824 DEBUG Starting new HTTPS connection (1): thin-edge-io.eu-latest.cumulocity.com:443
2022-04-07 17:30:09,252 DEBUG https://thin-edge-io.eu-latest.cumulocity.com:443 "GET /devicecontrol/operations/17009337 HTTP/1.1" 200 1000
2022-04-07 17:30:09,298 INFO  State of operation 17009337 : EXECUTING
2022-04-07 17:30:11,318 DEBUG Starting new HTTPS connection (1): thin-edge-io.eu-latest.cumulocity.com:443
2022-04-07 17:30:11,505 DEBUG https://thin-edge-io.eu-latest.cumulocity.com:443 "GET /devicecontrol/operations/17009337 HTTP/1.1" 200 1000
2022-04-07 17:30:11,522 INFO  State of operation 17009337 : EXECUTING
2022-04-07 17:30:13,545 DEBUG Starting new HTTPS connection (1): thin-edge-io.eu-latest.cumulocity.com:443
2022-04-07 17:30:13,723 DEBUG https://thin-edge-io.eu-latest.cumulocity.com:443 "GET /devicecontrol/operations/17009337 HTTP/1.1" 200 1000
2022-04-07 17:30:13,740 INFO  State of operation 17009337 : EXECUTING
2022-04-07 17:30:15,759 DEBUG Starting new HTTPS connection (1): thin-edge-io.eu-latest.cumulocity.com:443
2022-04-07 17:30:15,941 DEBUG https://thin-edge-io.eu-latest.cumulocity.com:443 "GET /devicecontrol/operations/17009337 HTTP/1.1" 200 1000
2022-04-07 17:30:15,957 INFO  State of operation 17009337 : EXECUTING
2022-04-07 17:30:17,977 DEBUG Starting new HTTPS connection (1): thin-edge-io.eu-latest.cumulocity.com:443
2022-04-07 17:30:18,162 DEBUG https://thin-edge-io.eu-latest.cumulocity.com:443 "GET /devicecontrol/operations/17009337 HTTP/1.1" 200 1000
2022-04-07 17:30:18,179 INFO  State of operation 17009337 : EXECUTING
2022-04-07 17:30:20,198 DEBUG Starting new HTTPS connection (1): thin-edge-io.eu-latest.cumulocity.com:443
2022-04-07 17:30:20,380 DEBUG https://thin-edge-io.eu-latest.cumulocity.com:443 "GET /devicecontrol/operations/17009337 HTTP/1.1" 200 1000
2022-04-07 17:30:20,396 INFO  State of operation 17009337 : EXECUTING
2022-04-07 17:30:22,414 DEBUG Starting new HTTPS connection (1): thin-edge-io.eu-latest.cumulocity.com:443
2022-04-07 17:30:22,592 DEBUG https://thin-edge-io.eu-latest.cumulocity.com:443 "GET /devicecontrol/operations/17009337 HTTP/1.1" 200 1001
2022-04-07 17:30:22,607 INFO  State of operation 17009337 : SUCCESSFUL
2022-04-07 17:30:22,623 DEBUG Starting new HTTPS connection (1): thin-edge-io.eu-latest.cumulocity.com:443
2022-04-07 17:30:22,823 DEBUG https://thin-edge-io.eu-latest.cumulocity.com:443 "GET /inventory/managedObjects/16979395 HTTP/1.1" 200 None
2022-04-07 17:30:22,843 INFO  Assert that (False == value) with value=False ... passed
2022-04-07 17:30:22,859 DEBUG Starting new HTTPS connection (1): thin-edge-io.eu-latest.cumulocity.com:443
2022-04-07 17:30:23,051 DEBUG https://thin-edge-io.eu-latest.cumulocity.com:443 "GET /inventory/managedObjects/16979395 HTTP/1.1" 200 None
2022-04-07 17:30:23,069 INFO  Package asciijump is installed
2022-04-07 17:30:23,071 INFO  Assert that (True == value) with value=True ... passed
2022-04-07 17:30:23,087 DEBUG Starting new HTTPS connection (1): thin-edge-io.eu-latest.cumulocity.com:443
2022-04-07 17:30:23,289 DEBUG https://thin-edge-io.eu-latest.cumulocity.com:443 "GET /inventory/managedObjects/16979395 HTTP/1.1" 200 None
2022-04-07 17:30:23,309 INFO  Package squirrel3 is installed
2022-04-07 17:30:23,312 INFO  Assert that (True == value) with value=True ... passed
2022-04-07 17:30:23,328 DEBUG Starting new HTTPS connection (1): thin-edge-io.eu-latest.cumulocity.com:443
2022-04-07 17:30:23,524 DEBUG https://thin-edge-io.eu-latest.cumulocity.com:443 "GET /inventory/managedObjects/16979395 HTTP/1.1" 200 None
2022-04-07 17:30:23,542 INFO  Package robotfindskitten is installed
2022-04-07 17:30:23,545 INFO  Assert that (True == value) with value=True ... passed
2022-04-07 17:30:23,561 DEBUG Starting new HTTPS connection (1): thin-edge-io.eu-latest.cumulocity.com:443
2022-04-07 17:30:23,757 DEBUG https://thin-edge-io.eu-latest.cumulocity.com:443 "POST /devicecontrol/operations HTTP/1.1" 201 840
2022-04-07 17:30:23,772 INFO  Response status: 201
2022-04-07 17:30:23,774 INFO  Response to action: {
    "creationTime": "2022-04-07T17:30:23.729Z",
    "deviceId": "16979395",
    "deviceName": "offsite_mythica",
    "self": "https://t493319102.eu-latest.cumulocity.com/devicecontrol/operations/17009341",
    "id": "17009341",
    "status": "PENDING",
    "description": "Apply software changes, triggered from PySys: [{'action': 'delete', 'id': '5475369', 'name': 'asciijump', 'url': ' ', 'version': '::apt'}, {'action': 'delete', 'id': '5474869', 'name': 'robotfindskitten', 'url': ' ', 'version': '::apt'}, {'action': 'delete', 'id': '5475279', 'name': 'squirrel3', 'url': ' ', 'version': '::apt'}]",
    "c8y_SoftwareUpdate": [
        {
            "name": "asciijump",
            "action": "delete",
            "id": "5475369",
            "version": "::apt",
            "url": " "
        },
        {
            "name": "robotfindskitten",
            "action": "delete",
            "id": "5474869",
            "version": "::apt",
            "url": " "
        },
        {
            "name": "squirrel3",
            "action": "delete",
            "id": "5475279",
            "version": "::apt",
            "url": " "
        }
    ]
}
2022-04-07 17:30:23,775 INFO  Started operation: {'creationTime': '2022-04-07T17:30:23.729Z', 'deviceId': '16979395', 'deviceName': 'offsite_mythica', 'self': 'https://t493319102.eu-latest.cumulocity.com/devicecontrol/operations/17009341', 'id': '17009341', 'status': 'PENDING', 'description': "Apply software changes, triggered from PySys: [{'action': 'delete', 'id': '5475369', 'name': 'asciijump', 'url': ' ', 'version': '::apt'}, {'action': 'delete', 'id': '5474869', 'name': 'robotfindskitten', 'url': ' ', 'version': '::apt'}, {'action': 'delete', 'id': '5475279', 'name': 'squirrel3', 'url': ' ', 'version': '::apt'}]", 'c8y_SoftwareUpdate': [{'name': 'asciijump', 'action': 'delete', 'id': '5475369', 'version': '::apt', 'url': ' '}, {'name': 'robotfindskitten', 'action': 'delete', 'id': '5474869', 'version': '::apt', 'url': ' '}, {'name': 'squirrel3', 'action': 'delete', 'id': '5475279', 'version': '::apt', 'url': ' '}]}
2022-04-07 17:30:25,794 DEBUG Starting new HTTPS connection (1): thin-edge-io.eu-latest.cumulocity.com:443
2022-04-07 17:30:25,973 DEBUG https://thin-edge-io.eu-latest.cumulocity.com:443 "GET /devicecontrol/operations/17009341 HTTP/1.1" 200 992
2022-04-07 17:30:25,989 INFO  State of operation 17009341 : PENDING
2022-04-07 17:30:28,012 DEBUG Starting new HTTPS connection (1): thin-edge-io.eu-latest.cumulocity.com:443
2022-04-07 17:30:28,204 DEBUG https://thin-edge-io.eu-latest.cumulocity.com:443 "GET /devicecontrol/operations/17009341 HTTP/1.1" 200 994
2022-04-07 17:30:28,221 INFO  State of operation 17009341 : EXECUTING
2022-04-07 17:30:30,241 DEBUG Starting new HTTPS connection (1): thin-edge-io.eu-latest.cumulocity.com:443
2022-04-07 17:30:30,431 DEBUG https://thin-edge-io.eu-latest.cumulocity.com:443 "GET /devicecontrol/operations/17009341 HTTP/1.1" 200 994
2022-04-07 17:30:30,447 INFO  State of operation 17009341 : EXECUTING
2022-04-07 17:30:32,466 DEBUG Starting new HTTPS connection (1): thin-edge-io.eu-latest.cumulocity.com:443
2022-04-07 17:30:32,660 DEBUG https://thin-edge-io.eu-latest.cumulocity.com:443 "GET /devicecontrol/operations/17009341 HTTP/1.1" 200 994
2022-04-07 17:30:32,677 INFO  State of operation 17009341 : EXECUTING
2022-04-07 17:30:34,705 DEBUG Starting new HTTPS connection (1): thin-edge-io.eu-latest.cumulocity.com:443
2022-04-07 17:30:34,953 DEBUG https://thin-edge-io.eu-latest.cumulocity.com:443 "GET /devicecontrol/operations/17009341 HTTP/1.1" 200 994
2022-04-07 17:30:34,969 INFO  State of operation 17009341 : EXECUTING
2022-04-07 17:30:36,988 DEBUG Starting new HTTPS connection (1): thin-edge-io.eu-latest.cumulocity.com:443
2022-04-07 17:30:37,175 DEBUG https://thin-edge-io.eu-latest.cumulocity.com:443 "GET /devicecontrol/operations/17009341 HTTP/1.1" 200 994
2022-04-07 17:30:37,192 INFO  State of operation 17009341 : EXECUTING
2022-04-07 17:30:39,221 DEBUG Starting new HTTPS connection (1): thin-edge-io.eu-latest.cumulocity.com:443
2022-04-07 17:30:39,909 DEBUG https://thin-edge-io.eu-latest.cumulocity.com:443 "GET /devicecontrol/operations/17009341 HTTP/1.1" 200 994
2022-04-07 17:30:39,953 INFO  State of operation 17009341 : EXECUTING
2022-04-07 17:30:42,408 DEBUG Starting new HTTPS connection (1): thin-edge-io.eu-latest.cumulocity.com:443
2022-04-07 17:30:42,963 DEBUG https://thin-edge-io.eu-latest.cumulocity.com:443 "GET /devicecontrol/operations/17009341 HTTP/1.1" 200 994
2022-04-07 17:30:42,984 INFO  State of operation 17009341 : EXECUTING
2022-04-07 17:30:45,005 DEBUG Starting new HTTPS connection (1): thin-edge-io.eu-latest.cumulocity.com:443
2022-04-07 17:30:45,216 DEBUG https://thin-edge-io.eu-latest.cumulocity.com:443 "GET /devicecontrol/operations/17009341 HTTP/1.1" 200 994
2022-04-07 17:30:45,235 INFO  State of operation 17009341 : EXECUTING
2022-04-07 17:30:47,263 DEBUG Starting new HTTPS connection (1): thin-edge-io.eu-latest.cumulocity.com:443
2022-04-07 17:30:47,575 DEBUG https://thin-edge-io.eu-latest.cumulocity.com:443 "GET /devicecontrol/operations/17009341 HTTP/1.1" 200 994
2022-04-07 17:30:47,601 INFO  State of operation 17009341 : EXECUTING
2022-04-07 17:30:49,621 DEBUG Starting new HTTPS connection (1): thin-edge-io.eu-latest.cumulocity.com:443
2022-04-07 17:30:49,805 DEBUG https://thin-edge-io.eu-latest.cumulocity.com:443 "GET /devicecontrol/operations/17009341 HTTP/1.1" 200 994
2022-04-07 17:30:49,821 INFO  State of operation 17009341 : EXECUTING
2022-04-07 17:30:51,857 DEBUG Starting new HTTPS connection (1): thin-edge-io.eu-latest.cumulocity.com:443
2022-04-07 17:30:52,061 DEBUG https://thin-edge-io.eu-latest.cumulocity.com:443 "GET /devicecontrol/operations/17009341 HTTP/1.1" 200 994
2022-04-07 17:30:52,078 INFO  State of operation 17009341 : EXECUTING
2022-04-07 17:30:54,097 DEBUG Starting new HTTPS connection (1): thin-edge-io.eu-latest.cumulocity.com:443
2022-04-07 17:30:54,287 DEBUG https://thin-edge-io.eu-latest.cumulocity.com:443 "GET /devicecontrol/operations/17009341 HTTP/1.1" 200 994
2022-04-07 17:30:54,304 INFO  State of operation 17009341 : EXECUTING
2022-04-07 17:30:56,325 DEBUG Starting new HTTPS connection (1): thin-edge-io.eu-latest.cumulocity.com:443
2022-04-07 17:30:56,583 DEBUG https://thin-edge-io.eu-latest.cumulocity.com:443 "GET /devicecontrol/operations/17009341 HTTP/1.1" 200 994
2022-04-07 17:30:56,602 INFO  State of operation 17009341 : EXECUTING
2022-04-07 17:30:58,622 DEBUG Starting new HTTPS connection (1): thin-edge-io.eu-latest.cumulocity.com:443
2022-04-07 17:30:58,918 DEBUG https://thin-edge-io.eu-latest.cumulocity.com:443 "GET /devicecontrol/operations/17009341 HTTP/1.1" 200 994
2022-04-07 17:30:58,942 INFO  State of operation 17009341 : EXECUTING
2022-04-07 17:31:00,963 DEBUG Starting new HTTPS connection (1): thin-edge-io.eu-latest.cumulocity.com:443
2022-04-07 17:31:01,193 DEBUG https://thin-edge-io.eu-latest.cumulocity.com:443 "GET /devicecontrol/operations/17009341 HTTP/1.1" 200 994
2022-04-07 17:31:01,211 INFO  State of operation 17009341 : EXECUTING
2022-04-07 17:31:03,232 DEBUG Starting new HTTPS connection (1): thin-edge-io.eu-latest.cumulocity.com:443
2022-04-07 17:31:03,628 DEBUG https://thin-edge-io.eu-latest.cumulocity.com:443 "GET /devicecontrol/operations/17009341 HTTP/1.1" 200 994
2022-04-07 17:31:03,673 INFO  State of operation 17009341 : EXECUTING
2022-04-07 17:31:05,698 DEBUG Starting new HTTPS connection (1): thin-edge-io.eu-latest.cumulocity.com:443
2022-04-07 17:31:06,292 DEBUG https://thin-edge-io.eu-latest.cumulocity.com:443 "GET /devicecontrol/operations/17009341 HTTP/1.1" 200 994
2022-04-07 17:31:06,327 INFO  State of operation 17009341 : EXECUTING
2022-04-07 17:31:08,374 DEBUG Starting new HTTPS connection (1): thin-edge-io.eu-latest.cumulocity.com:443
2022-04-07 17:31:08,738 DEBUG https://thin-edge-io.eu-latest.cumulocity.com:443 "GET /devicecontrol/operations/17009341 HTTP/1.1" 200 994
2022-04-07 17:31:08,766 INFO  State of operation 17009341 : EXECUTING
2022-04-07 17:31:10,792 DEBUG Starting new HTTPS connection (1): thin-edge-io.eu-latest.cumulocity.com:443
2022-04-07 17:31:11,009 DEBUG https://thin-edge-io.eu-latest.cumulocity.com:443 "GET /devicecontrol/operations/17009341 HTTP/1.1" 200 994
2022-04-07 17:31:11,026 INFO  State of operation 17009341 : EXECUTING
2022-04-07 17:31:13,045 DEBUG Starting new HTTPS connection (1): thin-edge-io.eu-latest.cumulocity.com:443
2022-04-07 17:31:13,237 DEBUG https://thin-edge-io.eu-latest.cumulocity.com:443 "GET /devicecontrol/operations/17009341 HTTP/1.1" 200 994
2022-04-07 17:31:13,255 INFO  State of operation 17009341 : EXECUTING
2022-04-07 17:31:15,277 DEBUG Starting new HTTPS connection (1): thin-edge-io.eu-latest.cumulocity.com:443
2022-04-07 17:31:15,475 DEBUG https://thin-edge-io.eu-latest.cumulocity.com:443 "GET /devicecontrol/operations/17009341 HTTP/1.1" 200 994
2022-04-07 17:31:15,491 INFO  State of operation 17009341 : EXECUTING
2022-04-07 17:31:17,511 DEBUG Starting new HTTPS connection (1): thin-edge-io.eu-latest.cumulocity.com:443
2022-04-07 17:31:17,692 DEBUG https://thin-edge-io.eu-latest.cumulocity.com:443 "GET /devicecontrol/operations/17009341 HTTP/1.1" 200 994
2022-04-07 17:31:17,708 INFO  State of operation 17009341 : EXECUTING
2022-04-07 17:31:19,730 DEBUG Starting new HTTPS connection (1): thin-edge-io.eu-latest.cumulocity.com:443
2022-04-07 17:31:19,924 DEBUG https://thin-edge-io.eu-latest.cumulocity.com:443 "GET /devicecontrol/operations/17009341 HTTP/1.1" 200 994
2022-04-07 17:31:19,941 INFO  State of operation 17009341 : EXECUTING
2022-04-07 17:31:21,960 DEBUG Starting new HTTPS connection (1): thin-edge-io.eu-latest.cumulocity.com:443
2022-04-07 17:31:22,642 DEBUG https://thin-edge-io.eu-latest.cumulocity.com:443 "GET /devicecontrol/operations/17009341 HTTP/1.1" 200 994
2022-04-07 17:31:22,881 INFO  State of operation 17009341 : EXECUTING
2022-04-07 17:31:24,903 DEBUG Starting new HTTPS connection (1): thin-edge-io.eu-latest.cumulocity.com:443
2022-04-07 17:31:25,216 DEBUG https://thin-edge-io.eu-latest.cumulocity.com:443 "GET /devicecontrol/operations/17009341 HTTP/1.1" 200 994
2022-04-07 17:31:25,248 INFO  State of operation 17009341 : EXECUTING
2022-04-07 17:31:27,286 DEBUG Starting new HTTPS connection (1): thin-edge-io.eu-latest.cumulocity.com:443
2022-04-07 17:31:27,502 DEBUG https://thin-edge-io.eu-latest.cumulocity.com:443 "GET /devicecontrol/operations/17009341 HTTP/1.1" 200 994
2022-04-07 17:31:27,518 INFO  State of operation 17009341 : EXECUTING
2022-04-07 17:31:29,539 DEBUG Starting new HTTPS connection (1): thin-edge-io.eu-latest.cumulocity.com:443
2022-04-07 17:31:29,719 DEBUG https://thin-edge-io.eu-latest.cumulocity.com:443 "GET /devicecontrol/operations/17009341 HTTP/1.1" 200 995
2022-04-07 17:31:29,734 INFO  State of operation 17009341 : SUCCESSFUL
2022-04-07 17:31:29,735 DEBUG --- test validate
2022-04-07 17:31:29,751 DEBUG Starting new HTTPS connection (1): thin-edge-io.eu-latest.cumulocity.com:443
2022-04-07 17:31:29,970 DEBUG https://thin-edge-io.eu-latest.cumulocity.com:443 "GET /inventory/managedObjects/16979395 HTTP/1.1" 200 None
2022-04-07 17:31:29,989 INFO  Assert that (False == value) with value=False ... passed
2022-04-07 17:31:30,006 DEBUG Starting new HTTPS connection (1): thin-edge-io.eu-latest.cumulocity.com:443
2022-04-07 17:31:30,205 DEBUG https://thin-edge-io.eu-latest.cumulocity.com:443 "GET /inventory/managedObjects/16979395 HTTP/1.1" 200 None
2022-04-07 17:31:30,226 INFO  Assert that (False == value) with value=False ... passed
2022-04-07 17:31:30,242 DEBUG Starting new HTTPS connection (1): thin-edge-io.eu-latest.cumulocity.com:443
2022-04-07 17:31:30,442 DEBUG https://thin-edge-io.eu-latest.cumulocity.com:443 "GET /inventory/managedObjects/16979395 HTTP/1.1" 200 None
2022-04-07 17:31:30,464 INFO  Assert that (False == value) with value=False ... passed
2022-04-07 17:31:30,480 DEBUG Starting new HTTPS connection (1): thin-edge-io.eu-latest.cumulocity.com:443
2022-04-07 17:31:30,678 DEBUG https://thin-edge-io.eu-latest.cumulocity.com:443 "GET /inventory/managedObjects/16979395 HTTP/1.1" 200 None
2022-04-07 17:31:30,698 INFO  Assert that (False == value) with value=False ... passed
2022-04-07 17:31:30,709 DEBUG --- test cleanup
2022-04-07 17:31:30,711 INFO  
2022-04-07 17:31:30,712 INFO  cleanup:
2022-04-07 17:31:30,712 DEBUG Running registered cleanup function: <bound method SoftwareManagement.mysmcleanup of <PySysTest object at 0x75c5b350>>
2022-04-07 17:31:30,713 DEBUG Running registered cleanup function: <bound method EnvironmentC8y.myenvcleanup of <PySysTest object at 0x75c5b350>>
2022-04-07 17:31:30,714 DEBUG EnvironmentC8y Cleanup
2022-04-07 17:31:30,830 DEBUG Process parameters for sudo<tedge_disconnect_c8y>
  command line : /usr/bin/sudo /usr/bin/tedge disconnect c8y
    arg #1     : /usr/bin/tedge
    arg #2     : disconnect
    arg #3     : c8y
  working dir  : /home/pi/actions-runner/_work/thin-edge.io/thin-edge.io/tests/PySys/software_management_end_to_end/sm_apt_install_remove_multiple/Output/linux
  stdout       : /home/pi/actions-runner/_work/thin-edge.io/thin-edge.io/tests/PySys/software_management_end_to_end/sm_apt_install_remove_multiple/Output/linux/tedge_disconnect_c8y.out
  stderr       : /home/pi/actions-runner/_work/thin-edge.io/thin-edge.io/tests/PySys/software_management_end_to_end/sm_apt_install_remove_multiple/Output/linux/tedge_disconnect_c8y.err
  environment  : LD_LIBRARY_PATH=/usr/lib
  environment  : PATH=/bin:/usr/bin:/usr/sbin:/usr/local/bin
                   #1  /bin
                   #2  /usr/bin
                   #3  /usr/sbin
                   #4  /usr/local/bin
2022-04-07 17:31:30,839 DEBUG Waiting up to 600 secs for process sudo<tedge_disconnect_c8y> (pid 16880)
2022-04-07 17:31:34,740 INFO  Executed sudo<tedge_disconnect_c8y>, exit status 0
2022-04-07 17:31:34,743 DEBUG Process parameters for systemctl<serv_mapper5>
  command line : /usr/bin/systemctl status tedge-mapper-c8y
    arg #1     : status
    arg #2     : tedge-mapper-c8y
  working dir  : /home/pi/actions-runner/_work/thin-edge.io/thin-edge.io/tests/PySys/software_management_end_to_end/sm_apt_install_remove_multiple/Output/linux
  stdout       : /home/pi/actions-runner/_work/thin-edge.io/thin-edge.io/tests/PySys/software_management_end_to_end/sm_apt_install_remove_multiple/Output/linux/serv_mapper5.out
  stderr       : /home/pi/actions-runner/_work/thin-edge.io/thin-edge.io/tests/PySys/software_management_end_to_end/sm_apt_install_remove_multiple/Output/linux/serv_mapper5.err
  environment  : LD_LIBRARY_PATH=/usr/lib
  environment  : PATH=/bin:/usr/bin:/usr/sbin:/usr/local/bin
                   #1  /bin
                   #2  /usr/bin
                   #3  /usr/sbin
                   #4  /usr/local/bin
2022-04-07 17:31:34,751 DEBUG Waiting up to 600 secs for process systemctl<serv_mapper5> (pid 16921)
2022-04-07 17:31:35,360 INFO  Executed systemctl<serv_mapper5>, exit status 3
2022-04-07 17:31:35,361 DEBUG ProcessUser cleanup function done.
2022-04-07 17:31:35,365 INFO  
2022-04-07 17:31:35,365 INFO  Test duration: 135.83 secs
2022-04-07 17:31:35,367 INFO  Test final outcome:  FAILED
2022-04-07 17:31:35,368 INFO  Test outcome reason: Assert that (False == value) with value=True (+2 other failures)
2022-04-07 17:31:35,369 INFO  
