2022-05-09 07:30:21,583 INFO  ==============================================================
2022-05-09 07:30:21,584 INFO  Id:    apt_sequence_remove_with_version
2022-05-09 07:30:21,585 INFO  Dir:   plugin_apt/
2022-05-09 07:30:21,586 INFO  Title: Validate apt plugin remove with version use case
2022-05-09 07:30:21,587 INFO  ==============================================================
2022-05-09 07:30:26,716 INFO  Executed sudo, exit status 0
2022-05-09 07:31:05,575 INFO  Executed sudo<outp_install>, exit status 0, duration 38 secs
2022-05-09 07:31:05,580 INFO  Assert that (value==0) with value=0 ... passed
2022-05-09 07:31:11,028 INFO  Executed sudo<outp_check_0>, exit status 0
2022-05-09 07:31:11,030 INFO  Assert that (value==0) with value=0 ... passed
2022-05-09 07:31:11,035 INFO  Grep on file outp_check_0.out ... passed
2022-05-09 07:31:25,117 INFO  Executed sudo<outp_install>, exit status 0, duration 14 secs
2022-05-09 07:31:25,120 INFO  Assert that (value==0) with value=0 ... passed
2022-05-09 07:31:30,826 INFO  Executed sudo<outp_check_1>, exit status 0
2022-05-09 07:31:30,828 INFO  Assert that (value==0) with value=0 ... passed
2022-05-09 07:31:30,834 INFO  Grep on file outp_check_1.out ... passed
2022-05-09 07:31:30,839 INFO  
2022-05-09 07:31:30,840 INFO  cleanup:
2022-05-09 07:31:35,525 INFO  Executed sudo, exit status 0
2022-05-09 07:31:35,528 INFO  
2022-05-09 07:31:35,529 INFO  Test duration: 73.95 secs
2022-05-09 07:31:35,530 INFO  Test final outcome:  PASSED
2022-05-09 07:31:35,531 INFO  
