2022-05-03 07:51:26,837 INFO  ==============================================================
2022-05-03 07:51:26,838 INFO  Id:    log_request_error_messages
2022-05-03 07:51:26,839 INFO  Dir:   log_request_end_to_end/
2022-05-03 07:51:26,840 INFO  Title: Validate end to end behaviour for the log request operation check for error messages
2022-05-03 07:51:26,841 INFO  ==============================================================
2022-05-03 07:51:28,120 INFO  EnvironmentC8y Setup
2022-05-03 07:51:28,782 INFO  Executed systemctl<serv_mapper1>, exit status 3
2022-05-03 07:51:28,891 INFO  Restarting mosquitto too frequently in the last 10 seconds. It was only up for 2 seconds
2022-05-03 07:51:28,892 INFO  Delaying execution by 9 seconds
2022-05-03 07:51:55,829 INFO  Executed sudo<tedge_connect_c8y>, exit status 0, duration 17 secs
2022-05-03 07:51:56,443 INFO  Executed sudo<tedge_connect_c8y_test>, exit status 0
2022-05-03 07:51:57,106 INFO  Executed systemctl<serv_mosq2>, exit status 0
2022-05-03 07:51:57,573 INFO  Executed systemctl<serv_mapper3>, exit status 0
2022-05-03 07:51:58,085 INFO  Executed sudo<rm_logs>, exit status 0
2022-05-03 07:51:58,664 INFO  Executed sudo<move_logs>, exit status 0
2022-05-03 07:51:59,181 INFO  log response None
2022-05-03 07:51:59,182 WARN  retry, retrying in 1 seconds...
2022-05-03 07:52:00,391 INFO  log response https://thin-edge-io.eu-latest.cumulocity.com/event/events/18247306/binaries
2022-05-03 07:52:01,175 WARN  Assert that (True == value) with value=False ... failed [run.py:43]
2022-05-03 07:52:01,184 INFO  
2022-05-03 07:52:01,185 INFO  cleanup:
2022-05-03 07:52:01,696 INFO  Executed sudo<rm_logs>, exit status 0
2022-05-03 07:52:02,207 INFO  Executed sudo<rm_tmp_logs>, exit status 0
2022-05-03 07:52:02,768 INFO  Executed sudo<send_failed>, exit status 0
2022-05-03 07:52:08,785 INFO  Executed sudo<tedge_disconnect_c8y>, exit status 0
2022-05-03 07:52:09,396 INFO  Executed systemctl<serv_mapper5>, exit status 3
2022-05-03 07:52:09,401 INFO  
2022-05-03 07:52:09,402 INFO  Test duration: 42.58 secs
2022-05-03 07:52:09,403 INFO  Test final outcome:  FAILED
2022-05-03 07:52:09,404 INFO  Test outcome reason: Assert that (True == value) with value=False
2022-05-03 07:52:09,404 INFO  
