2022-04-08 10:19:35,095 INFO  ==============================================================
2022-04-08 10:19:35,096 INFO  Id:    apt_wrong_option
2022-04-08 10:19:35,097 INFO  Dir:   plugin_apt/
2022-04-08 10:19:35,098 INFO  Title: Validate apt plugin install
2022-04-08 10:19:35,099 DEBUG Execution order hint: 0.0
2022-04-08 10:19:35,100 INFO  ==============================================================
2022-04-08 10:19:35,104 DEBUG --- test execute
2022-04-08 10:19:35,106 DEBUG Process parameters for sudo<outp>
  command line : /usr/bin/sudo /etc/tedge/sm-plugins/apt nonsense
    arg #1     : /etc/tedge/sm-plugins/apt
    arg #2     : nonsense
  working dir  : /home/pi/actions-runner/_work/thin-edge.io/thin-edge.io/tests/PySys/plugin_apt/apt_wrong_option/Output/linux
  stdout       : /home/pi/actions-runner/_work/thin-edge.io/thin-edge.io/tests/PySys/plugin_apt/apt_wrong_option/Output/linux/outp.out
  stderr       : /home/pi/actions-runner/_work/thin-edge.io/thin-edge.io/tests/PySys/plugin_apt/apt_wrong_option/Output/linux/outp.err
  environment  : LD_LIBRARY_PATH=/usr/lib
  environment  : PATH=/bin:/usr/bin:/usr/sbin:/usr/local/bin
                   #1  /bin
                   #2  /usr/bin
                   #3  /usr/sbin
                   #4  /usr/local/bin
2022-04-08 10:19:35,114 DEBUG Waiting up to 600 secs for process sudo<outp> (pid 1257)
2022-04-08 10:19:35,622 INFO  Executed sudo<outp>, exit status 1
2022-04-08 10:19:35,624 INFO  Assert that (value==1) with value=1 ... passed
2022-04-08 10:19:35,625 DEBUG --- test validate
2022-04-08 10:19:35,629 DEBUG --- test cleanup
2022-04-08 10:19:35,631 DEBUG ProcessUser cleanup function done.
2022-04-08 10:19:35,634 INFO  
2022-04-08 10:19:35,634 INFO  Test duration: 0.55 secs
2022-04-08 10:19:35,635 INFO  Test final outcome:  PASSED
2022-04-08 10:19:35,636 INFO  
