2022-04-15 09:11:24,426 INFO  ==============================================================
2022-04-15 09:11:24,427 INFO  Id:    tedge_mapper_c8y_alarms
2022-04-15 09:11:24,428 INFO  Dir:   tedge_mapper_c8y/
2022-04-15 09:11:24,429 INFO  Title: Validate that alarms sent to tedge/alarms topic \ gets mapped as alarms in Cumulocity
2022-04-15 09:11:24,430 INFO  ==============================================================
2022-04-15 09:11:24,438 INFO  EnvironmentC8y Setup
2022-04-15 09:11:25,001 INFO  Executed systemctl<serv_mapper1>, exit status 3
2022-04-15 09:11:39,437 INFO  Executed sudo<tedge_connect_c8y>, exit status 0, duration 14 secs
2022-04-15 09:11:40,110 INFO  Executed sudo<tedge_connect_c8y_test>, exit status 0
2022-04-15 09:11:40,593 INFO  Executed systemctl<serv_mosq2>, exit status 0
2022-04-15 09:11:41,057 INFO  Executed systemctl<serv_mapper3>, exit status 0
2022-04-15 09:11:46,521 INFO  Executed tedge, exit status 0
2022-04-15 09:11:46,985 INFO  Executed tedge, exit status 0
2022-04-15 09:11:47,460 INFO  Executed tedge, exit status 0
2022-04-15 09:11:47,872 INFO  Executed tedge, exit status 0
2022-04-15 09:11:48,284 INFO  Executed tedge, exit status 0
2022-04-15 09:11:49,501 WARN  IndexError occurred while running test - list index out of range
Traceback (most recent call last):
  File "/home/pi/env-pysys/lib/python3.7/site-packages/pysys/baserunner.py", line 1296, in __call__
    self.testObj.validate()
  File "/home/pi/actions-runner/_work/thin-edge.io/thin-edge.io/tests/PySys/tedge_mapper_c8y/tedge_mapper_c8y_alarms/run.py", line 100, in validate
    alarms[0],
IndexError: list index out of range
2022-04-15 09:11:49,523 WARN  IndexError: list index out of range ... blocked 
2022-04-15 09:11:49,525 INFO  
2022-04-15 09:11:49,525 INFO  cleanup:
2022-04-15 09:11:49,945 INFO  Executed tedge, exit status 0
2022-04-15 09:11:50,375 INFO  Executed tedge, exit status 0
2022-04-15 09:11:50,787 INFO  Executed tedge, exit status 0
2022-04-15 09:11:55,041 INFO  Executed sudo<tedge_disconnect_c8y>, exit status 0
2022-04-15 09:11:55,656 INFO  Executed systemctl<serv_mapper5>, exit status 3
2022-04-15 09:11:55,660 INFO  
2022-04-15 09:11:55,661 INFO  Test duration: 31.24 secs
2022-04-15 09:11:55,662 INFO  Test final outcome:  BLOCKED
2022-04-15 09:11:55,663 INFO  Test outcome reason: IndexError: list index out of range
2022-04-15 09:11:55,664 INFO  
