2022-04-11 10:09:30,505 INFO  ==============================================================
2022-04-11 10:09:30,506 INFO  Id:    apt_remove_fail
2022-04-11 10:09:30,507 INFO  Dir:   plugin_apt/
2022-04-11 10:09:30,508 INFO  Title: Validate apt plugin prepare - failing
2022-04-11 10:09:30,509 DEBUG Execution order hint: 0.0
2022-04-11 10:09:30,509 INFO  ==============================================================
2022-04-11 10:09:30,515 DEBUG Process parameters for sudo<outp_check_0>
  command line : /usr/bin/sudo /etc/tedge/sm-plugins/apt list
    arg #1     : /etc/tedge/sm-plugins/apt
    arg #2     : list
  working dir  : /home/pi/actions-runner/_work/thin-edge.io/thin-edge.io/tests/PySys/plugin_apt/apt_remove_fail/Output/linux
  stdout       : /home/pi/actions-runner/_work/thin-edge.io/thin-edge.io/tests/PySys/plugin_apt/apt_remove_fail/Output/linux/outp_check_0.out
  stderr       : /home/pi/actions-runner/_work/thin-edge.io/thin-edge.io/tests/PySys/plugin_apt/apt_remove_fail/Output/linux/outp_check_0.err
  environment  : LD_LIBRARY_PATH=/usr/lib
  environment  : PATH=/bin:/usr/bin:/usr/sbin:/usr/local/bin
                   #1  /bin
                   #2  /usr/bin
                   #3  /usr/sbin
                   #4  /usr/local/bin
2022-04-11 10:09:30,522 DEBUG Waiting up to 600 secs for process sudo<outp_check_0> (pid 4155)
2022-04-11 10:09:33,139 INFO  Executed sudo<outp_check_0>, exit status 0
2022-04-11 10:09:33,141 INFO  Assert that (value==0) with value=0 ... passed
2022-04-11 10:09:33,142 DEBUG Performing regex contains=False grep on file: /home/pi/actions-runner/_work/thin-edge.io/thin-edge.io/tests/PySys/plugin_apt/apt_remove_fail/Output/linux/outp_check_0.out
2022-04-11 10:09:33,147 INFO  Grep on file outp_check_0.out ... passed
2022-04-11 10:09:33,149 DEBUG --- test execute
2022-04-11 10:09:33,150 DEBUG Process parameters for sudo<outp_remove>
  command line : /usr/bin/sudo /etc/tedge/sm-plugins/apt remove notapackage
    arg #1     : /etc/tedge/sm-plugins/apt
    arg #2     : remove
    arg #3     : notapackage
  working dir  : /home/pi/actions-runner/_work/thin-edge.io/thin-edge.io/tests/PySys/plugin_apt/apt_remove_fail/Output/linux
  stdout       : /home/pi/actions-runner/_work/thin-edge.io/thin-edge.io/tests/PySys/plugin_apt/apt_remove_fail/Output/linux/outp_remove.out
  stderr       : /home/pi/actions-runner/_work/thin-edge.io/thin-edge.io/tests/PySys/plugin_apt/apt_remove_fail/Output/linux/outp_remove.err
  environment  : LD_LIBRARY_PATH=/usr/lib
  environment  : PATH=/bin:/usr/bin:/usr/sbin:/usr/local/bin
                   #1  /bin
                   #2  /usr/bin
                   #3  /usr/sbin
                   #4  /usr/local/bin
2022-04-11 10:09:33,158 DEBUG Waiting up to 600 secs for process sudo<outp_remove> (pid 4161)
2022-04-11 10:09:36,487 INFO  Executed sudo<outp_remove>, exit status 2
2022-04-11 10:09:36,490 INFO  Assert that (value==2) with value=2 ... passed
2022-04-11 10:09:36,491 DEBUG --- test validate
2022-04-11 10:09:36,493 DEBUG Process parameters for sudo<outp_check_1>
  command line : /usr/bin/sudo /etc/tedge/sm-plugins/apt list
    arg #1     : /etc/tedge/sm-plugins/apt
    arg #2     : list
  working dir  : /home/pi/actions-runner/_work/thin-edge.io/thin-edge.io/tests/PySys/plugin_apt/apt_remove_fail/Output/linux
  stdout       : /home/pi/actions-runner/_work/thin-edge.io/thin-edge.io/tests/PySys/plugin_apt/apt_remove_fail/Output/linux/outp_check_1.out
  stderr       : /home/pi/actions-runner/_work/thin-edge.io/thin-edge.io/tests/PySys/plugin_apt/apt_remove_fail/Output/linux/outp_check_1.err
  environment  : LD_LIBRARY_PATH=/usr/lib
  environment  : PATH=/bin:/usr/bin:/usr/sbin:/usr/local/bin
                   #1  /bin
                   #2  /usr/bin
                   #3  /usr/sbin
                   #4  /usr/local/bin
2022-04-11 10:09:36,500 DEBUG Waiting up to 600 secs for process sudo<outp_check_1> (pid 4167)
2022-04-11 10:09:39,057 INFO  Executed sudo<outp_check_1>, exit status 0
2022-04-11 10:09:39,059 INFO  Assert that (value==0) with value=0 ... passed
2022-04-11 10:09:39,060 DEBUG Performing regex contains=False grep on file: /home/pi/actions-runner/_work/thin-edge.io/thin-edge.io/tests/PySys/plugin_apt/apt_remove_fail/Output/linux/outp_check_1.out
2022-04-11 10:09:39,065 INFO  Grep on file outp_check_1.out ... passed
2022-04-11 10:09:39,071 DEBUG --- test cleanup
2022-04-11 10:09:39,073 DEBUG ProcessUser cleanup function done.
2022-04-11 10:09:39,076 INFO  
2022-04-11 10:09:39,076 INFO  Test duration: 8.58 secs
2022-04-11 10:09:39,077 INFO  Test final outcome:  PASSED
2022-04-11 10:09:39,078 INFO  
