2022-05-10 19:47:09,585 INFO  ==============================================================
2022-05-10 19:47:09,586 INFO  Id:    apt_install
2022-05-10 19:47:09,587 INFO  Dir:   plugin_apt/
2022-05-10 19:47:09,588 INFO  Title: Validate apt plugin prepare - dense version
2022-05-10 19:47:09,589 INFO  ==============================================================
2022-05-10 19:47:14,176 INFO  Executed sudo, exit status 0
2022-05-10 19:47:17,159 INFO  Executed sudo<outp_check_0>, exit status 0
2022-05-10 19:47:17,161 INFO  Assert that (value==0) with value=0 ... passed
2022-05-10 19:47:17,168 INFO  Grep on file outp_check_0.out ... passed
2022-05-10 19:47:57,199 INFO  Executed sudo<outp_install>, exit status 0, duration 40 secs
2022-05-10 19:47:57,203 INFO  Assert that (value==0) with value=0 ... passed
2022-05-10 19:48:02,477 INFO  Executed sudo<outp_check_1>, exit status 0
2022-05-10 19:48:02,479 INFO  Assert that (value==0) with value=0 ... passed
2022-05-10 19:48:02,484 INFO  Grep on file outp_check_1.out ... passed
2022-05-10 19:48:02,489 INFO  
2022-05-10 19:48:02,490 INFO  cleanup:
2022-05-10 19:48:16,648 INFO  Executed sudo, exit status 0, duration 14 secs
2022-05-10 19:48:16,654 INFO  
2022-05-10 19:48:16,655 INFO  Test duration: 67.07 secs
2022-05-10 19:48:16,657 INFO  Test final outcome:  PASSED
2022-05-10 19:48:16,659 INFO  
