2022-05-23 09:19:52,007 INFO  ==============================================================
2022-05-23 09:19:52,007 INFO  Id:    tedge_mapper_c8y_alarms
2022-05-23 09:19:52,007 INFO  Dir:   tedge_mapper_c8y/
2022-05-23 09:19:52,007 INFO  Title: Validate that alarms sent to tedge/alarms topic \ gets mapped as alarms in Cumulocity
2022-05-23 09:19:52,007 INFO  ==============================================================
2022-05-23 09:19:52,009 INFO  EnvironmentC8y Setup
2022-05-23 09:19:52,112 INFO  Executed systemctl<serv_mapper1>, exit status 3
2022-05-23 09:20:10,573 INFO  Executed sudo<tedge_connect_c8y>, exit status 0, duration 18 secs
2022-05-23 09:20:10,776 INFO  Executed sudo<tedge_connect_c8y_test>, exit status 0
2022-05-23 09:20:10,879 INFO  Executed systemctl<serv_mosq2>, exit status 0
2022-05-23 09:20:10,982 INFO  Executed systemctl<serv_mapper3>, exit status 0
2022-05-23 09:20:16,090 INFO  Executed tedge, exit status 0
2022-05-23 09:20:16,193 INFO  Executed tedge, exit status 0
2022-05-23 09:20:16,296 INFO  Executed tedge, exit status 0
2022-05-23 09:20:16,399 INFO  Executed tedge, exit status 0
2022-05-23 09:20:16,503 INFO  Executed tedge, exit status 0
2022-05-23 09:20:17,620 INFO  {
    "severity": "CRITICAL",
    "creationTime": "2022-05-23T09:20:16.277Z",
    "count": 1,
    "history": {
        "auditRecords": [],
        "self": "https://t493319102.eu-latest.cumulocity.com/audit/auditRecords"
    },
    "source": {
        "name": "ubuntu-2gb-hel1-2-thin-edge-b",
        "self": "https://t493319102.eu-latest.cumulocity.com/inventory/managedObjects/19488623",
        "id": "19488623"
    },
    "type": "temperature_dangerous",
    "lastUpdated": "2022-05-23T09:20:16.277Z",
    "self": "https://t493319102.eu-latest.cumulocity.com/alarm/alarms/19503513",
    "time": "2022-05-23T09:20:16.261Z",
    "id": "19503513",
    "text": "temperature is dangerously high",
    "status": "ACTIVE"
}
2022-05-23 09:20:17,621 INFO  Assert that (actual == expected) with actual="temperature_dangerous", expected="temperature_dangerous" ... passed
2022-05-23 09:20:17,621 INFO  Assert that (actual == expected) with actual="CRITICAL", expected="CRITICAL" ... passed
2022-05-23 09:20:17,621 INFO  Assert that (actual == expected) with actual="temperature is dangerously high", expected="temperature is dangerously high" ... passed
2022-05-23 09:20:17,621 INFO  {
    "severity": "MAJOR",
    "creationTime": "2022-05-23T09:20:16.173Z",
    "count": 1,
    "history": {
        "auditRecords": [],
        "self": "https://t493319102.eu-latest.cumulocity.com/audit/auditRecords"
    },
    "source": {
        "name": "ubuntu-2gb-hel1-2-thin-edge-b",
        "self": "https://t493319102.eu-latest.cumulocity.com/inventory/managedObjects/19488623",
        "id": "19488623"
    },
    "type": "temperature_very_high",
    "lastUpdated": "2022-05-23T09:20:16.173Z",
    "self": "https://t493319102.eu-latest.cumulocity.com/alarm/alarms/19503511",
    "time": "2022-05-23T09:20:16.157Z",
    "id": "19503511",
    "text": "temperature is very high",
    "status": "ACTIVE"
}
2022-05-23 09:20:17,622 INFO  Assert that (actual == expected) with actual="temperature_very_high", expected="temperature_very_high" ... passed
2022-05-23 09:20:17,622 INFO  Assert that (actual == expected) with actual="MAJOR", expected="MAJOR" ... passed
2022-05-23 09:20:17,622 INFO  Assert that (actual == expected) with actual="temperature is very high", expected="temperature is very high" ... passed
2022-05-23 09:20:17,622 INFO  {
    "severity": "WARNING",
    "creationTime": "2022-05-23T09:20:16.071Z",
    "count": 1,
    "history": {
        "auditRecords": [],
        "self": "https://t493319102.eu-latest.cumulocity.com/audit/auditRecords"
    },
    "source": {
        "name": "ubuntu-2gb-hel1-2-thin-edge-b",
        "self": "https://t493319102.eu-latest.cumulocity.com/inventory/managedObjects/19488623",
        "id": "19488623"
    },
    "type": "temperature_high",
    "lastUpdated": "2022-05-23T09:20:16.071Z",
    "self": "https://t493319102.eu-latest.cumulocity.com/alarm/alarms/19503509",
    "time": "2021-12-15T15:22:06.464+05:30",
    "id": "19503509",
    "text": "temperature is high",
    "status": "ACTIVE"
}
2022-05-23 09:20:17,622 INFO  Assert that (actual == expected) with actual="temperature_high", expected="temperature_high" ... passed
2022-05-23 09:20:17,623 INFO  Assert that (actual == expected) with actual="WARNING", expected="WARNING" ... passed
2022-05-23 09:20:17,623 INFO  Assert that (actual == expected) with actual="temperature is high", expected="temperature is high" ... passed
2022-05-23 09:20:17,623 INFO  Assert that (actual == expected) with actual="temperature_high", expected="temperature_high" ... passed
2022-05-23 09:20:17,623 INFO  
2022-05-23 09:20:17,623 INFO  cleanup:
2022-05-23 09:20:17,726 INFO  Executed tedge, exit status 0
2022-05-23 09:20:17,828 INFO  Executed tedge, exit status 0
2022-05-23 09:20:17,930 INFO  Executed tedge, exit status 0
2022-05-23 09:20:29,257 INFO  Executed sudo<tedge_disconnect_c8y>, exit status 0, duration 11 secs
2022-05-23 09:20:29,361 INFO  Executed systemctl<serv_mapper5>, exit status 3
2022-05-23 09:20:29,362 INFO  
2022-05-23 09:20:29,362 INFO  Test duration: 37.35 secs
2022-05-23 09:20:29,362 INFO  Test final outcome:  PASSED
2022-05-23 09:20:29,362 INFO  
