2022-04-12 16:15:58,020 INFO  ==============================================================
2022-04-12 16:15:58,021 INFO  Id:    call_tedge_config_list
2022-04-12 16:15:58,023 INFO  Dir:   tedge/
2022-04-12 16:15:58,023 INFO  Title: Validate command line options config: get set unset
2022-04-12 16:15:58,024 INFO  ==============================================================
2022-04-12 16:15:58,548 INFO  Executed sudo<tedge>, exit status 0
2022-04-12 16:15:59,063 INFO  Executed sudo<tedge_get_config_key>, exit status 0
2022-04-12 16:15:59,579 INFO  Executed sudo<tedge_get_config_key>, exit status 0
2022-04-12 16:16:00,094 INFO  Executed sudo<tedge_get_config_key>, exit status 0
2022-04-12 16:16:00,609 INFO  Executed sudo<tedge_get_config_key>, exit status 0
2022-04-12 16:16:01,124 INFO  Executed sudo<tedge_get_config_key>, exit status 0
2022-04-12 16:16:01,638 INFO  Executed sudo<tedge_get_config_key>, exit status 0
2022-04-12 16:16:01,641 INFO  /etc/tedge/device-certs/tedge-private-key.pem
2022-04-12 16:16:01,642 INFO  /etc/tedge/device-certs/tedge-certificate.pem
2022-04-12 16:16:01,642 INFO  thin-edge-io.eu-latest.cumulocity.com
2022-04-12 16:16:01,643 INFO  /etc/ssl/certs
2022-04-12 16:16:01,643 INFO  thinedge-gh-ci.azure-devices.net
2022-04-12 16:16:01,644 INFO  /etc/ssl/certs/Baltimore_CyberTrust_Root.pem
2022-04-12 16:16:02,156 INFO  Executed sudo<tedge_unset_config_key>, exit status 0
2022-04-12 16:16:02,671 INFO  Executed sudo<tedge_unset_config_key>, exit status 0
2022-04-12 16:16:03,185 INFO  Executed sudo<tedge_unset_config_key>, exit status 0
2022-04-12 16:16:03,699 INFO  Executed sudo<tedge_unset_config_key>, exit status 0
2022-04-12 16:16:04,263 INFO  Executed sudo<tedge_unset_config_key>, exit status 0
2022-04-12 16:16:04,778 INFO  Executed sudo<tedge_unset_config_key>, exit status 0
2022-04-12 16:16:05,293 INFO  Executed sudo<tedge_get_config_key>, exit status 0
2022-04-12 16:16:05,297 INFO  Assert that (expect == valueread) with expect="/etc/tedge/device-certs/tedge-private-key.pem", valueread="/etc/tedge/device-certs/tedge-private-key.pem" ... passed
2022-04-12 16:16:05,810 INFO  Executed sudo<tedge_get_config_key>, exit status 0
2022-04-12 16:16:05,813 INFO  Assert that (expect == valueread) with expect="/etc/tedge/device-certs/tedge-certificate.pem", valueread="/etc/tedge/device-certs/tedge-certificate.pem" ... passed
2022-04-12 16:16:06,328 INFO  Executed sudo<tedge_get_config_key>, exit status 0
2022-04-12 16:16:06,332 INFO  Assert that (expect == valueread) with expect=None, valueread=None ... passed
2022-04-12 16:16:06,894 INFO  Executed sudo<tedge_get_config_key>, exit status 0
2022-04-12 16:16:06,898 INFO  Assert that (expect == valueread) with expect="/etc/ssl/certs", valueread="/etc/ssl/certs" ... passed
2022-04-12 16:16:07,411 INFO  Executed sudo<tedge_get_config_key>, exit status 0
2022-04-12 16:16:07,415 INFO  Assert that (expect == valueread) with expect=None, valueread=None ... passed
2022-04-12 16:16:07,929 INFO  Executed sudo<tedge_get_config_key>, exit status 0
2022-04-12 16:16:07,933 INFO  Assert that (expect == valueread) with expect="/etc/ssl/certs", valueread="/etc/ssl/certs" ... passed
2022-04-12 16:16:08,495 INFO  Executed sudo<tedge_set_config_key>, exit status 0
2022-04-12 16:16:09,009 INFO  Executed sudo<tedge_get_config_key>, exit status 0
2022-04-12 16:16:09,013 INFO  Assert that (value == vread) with value="failfailfail", vread="failfailfail" ... passed
2022-04-12 16:16:09,525 INFO  Executed sudo<tedge_set_config_key>, exit status 0
2022-04-12 16:16:10,053 INFO  Executed sudo<tedge_get_config_key>, exit status 0
2022-04-12 16:16:10,057 INFO  Assert that (value == vread) with value="failfailfail", vread="failfailfail" ... passed
2022-04-12 16:16:10,569 INFO  Executed sudo<tedge_set_config_key>, exit status 0
2022-04-12 16:16:11,084 INFO  Executed sudo<tedge_get_config_key>, exit status 0
2022-04-12 16:16:11,088 INFO  Assert that (value == vread) with value="failfailfail", vread="failfailfail" ... passed
2022-04-12 16:16:11,601 INFO  Executed sudo<tedge_set_config_key>, exit status 0
2022-04-12 16:16:12,114 INFO  Executed sudo<tedge_get_config_key>, exit status 0
2022-04-12 16:16:12,118 INFO  Assert that (value == vread) with value="failfailfail", vread="failfailfail" ... passed
2022-04-12 16:16:12,643 INFO  Executed sudo<tedge_set_config_key>, exit status 0
2022-04-12 16:16:13,155 INFO  Executed sudo<tedge_get_config_key>, exit status 0
2022-04-12 16:16:13,159 INFO  Assert that (value == vread) with value="failfailfail", vread="failfailfail" ... passed
2022-04-12 16:16:13,701 INFO  Executed sudo<tedge_set_config_key>, exit status 0
2022-04-12 16:16:14,215 INFO  Executed sudo<tedge_get_config_key>, exit status 0
2022-04-12 16:16:14,219 INFO  Assert that (value == vread) with value="failfailfail", vread="failfailfail" ... passed
2022-04-12 16:16:14,731 INFO  Executed sudo<tedge_set_config_key>, exit status 0
2022-04-12 16:16:15,244 INFO  Executed sudo<tedge_set_config_key>, exit status 0
2022-04-12 16:16:15,756 INFO  Executed sudo<tedge_set_config_key>, exit status 0
2022-04-12 16:16:16,269 INFO  Executed sudo<tedge_set_config_key>, exit status 0
2022-04-12 16:16:16,782 INFO  Executed sudo<tedge_set_config_key>, exit status 0
2022-04-12 16:16:17,296 INFO  Executed sudo<tedge_set_config_key>, exit status 0
2022-04-12 16:16:17,297 INFO  /etc/tedge/device-certs/tedge-private-key.pem
2022-04-12 16:16:17,298 INFO  /etc/tedge/device-certs/tedge-certificate.pem
2022-04-12 16:16:17,298 INFO  thin-edge-io.eu-latest.cumulocity.com
2022-04-12 16:16:17,299 INFO  /etc/ssl/certs
2022-04-12 16:16:17,300 INFO  thinedge-gh-ci.azure-devices.net
2022-04-12 16:16:17,300 INFO  /etc/ssl/certs/Baltimore_CyberTrust_Root.pem
2022-04-12 16:16:17,831 INFO  Executed sudo<tedge_get_config_key>, exit status 0
2022-04-12 16:16:17,835 INFO  Assert that (valueold == valuenew) with valueold="/etc/tedge/device-certs/tedge-private-key.pem", valuenew="/etc/tedge/device-certs/tedge-private-key.pem" ... passed
2022-04-12 16:16:18,348 INFO  Executed sudo<tedge_get_config_key>, exit status 0
2022-04-12 16:16:18,353 INFO  Assert that (valueold == valuenew) with valueold="/etc/tedge/device-certs/tedge-certificate.pem", valuenew="/etc/tedge/device-certs/tedge-certificate.pem" ... passed
2022-04-12 16:16:18,865 INFO  Executed sudo<tedge_get_config_key>, exit status 0
2022-04-12 16:16:18,869 INFO  Assert that (valueold == valuenew) with valueold="thin-edge-io.eu-latest.cumulocity.com", valuenew="thin-edge-io.eu-latest.cumulocity.com" ... passed
2022-04-12 16:16:19,392 INFO  Executed sudo<tedge_get_config_key>, exit status 0
2022-04-12 16:16:19,396 INFO  Assert that (valueold == valuenew) with valueold="/etc/ssl/certs", valuenew="/etc/ssl/certs" ... passed
2022-04-12 16:16:19,909 INFO  Executed sudo<tedge_get_config_key>, exit status 0
2022-04-12 16:16:19,913 INFO  Assert that (valueold == valuenew) with valueold="thinedge-gh-ci.azure-devices.net", valuenew="thinedge-gh-ci.azure-devices.net" ... passed
2022-04-12 16:16:20,433 INFO  Executed sudo<tedge_get_config_key>, exit status 0
2022-04-12 16:16:20,437 INFO  Assert that (valueold == valuenew) with valueold="/etc/ssl/certs/Baltimore_CyberTrust_Root.pem", valuenew="/etc/ssl/certs/Baltimore_CyberTrust_Root.pem" ... passed
2022-04-12 16:16:20,959 INFO  Executed sudo<tedge_unset_device_id>, exit status 1
2022-04-12 16:16:21,472 INFO  Executed sudo<tedge_set_device_id>, exit status 1
2022-04-12 16:16:21,483 INFO  
2022-04-12 16:16:21,484 INFO  Test duration: 23.47 secs
2022-04-12 16:16:21,485 INFO  Test final outcome:  PASSED
2022-04-12 16:16:21,486 INFO  
