2022-05-02 15:03:44,542 INFO  ==============================================================
2022-05-02 15:03:44,543 INFO  Id:    log_request_error_messages
2022-05-02 15:03:44,544 INFO  Dir:   log_request_end_to_end/
2022-05-02 15:03:44,545 INFO  Title: Validate end to end behaviour for the log request operation check for error messages
2022-05-02 15:03:44,546 INFO  ==============================================================
2022-05-02 15:03:45,825 INFO  EnvironmentC8y Setup
2022-05-02 15:03:46,454 INFO  Executed systemctl<serv_mapper1>, exit status 3
2022-05-02 15:03:46,565 INFO  Restarting mosquitto too frequently in the last 10 seconds. It was only up for 2 seconds
2022-05-02 15:03:46,567 INFO  Delaying execution by 9 seconds
2022-05-02 15:04:13,033 INFO  Executed sudo<tedge_connect_c8y>, exit status 0, duration 17 secs
2022-05-02 15:04:13,649 INFO  Executed sudo<tedge_connect_c8y_test>, exit status 0
2022-05-02 15:04:14,313 INFO  Executed systemctl<serv_mosq2>, exit status 0
2022-05-02 15:04:14,783 INFO  Executed systemctl<serv_mapper3>, exit status 0
2022-05-02 15:04:15,296 INFO  Executed sudo<rm_logs>, exit status 0
2022-05-02 15:04:15,876 INFO  Executed sudo<move_logs>, exit status 0
2022-05-02 15:04:16,450 INFO  log response None
2022-05-02 15:04:16,455 WARN  retry, retrying in 1 seconds...
2022-05-02 15:04:17,682 INFO  log response https://thin-edge-io.eu-latest.cumulocity.com/event/events/18180059/binaries
2022-05-02 15:04:18,559 WARN  Assert that (True == value) with value=False ... failed [run.py:43]
2022-05-02 15:04:18,569 INFO  
2022-05-02 15:04:18,570 INFO  cleanup:
2022-05-02 15:04:19,119 INFO  Executed sudo<rm_logs>, exit status 0
2022-05-02 15:04:19,630 INFO  Executed sudo<rm_tmp_logs>, exit status 0
2022-05-02 15:04:20,141 INFO  Executed sudo<send_failed>, exit status 0
2022-05-02 15:04:26,118 INFO  Executed sudo<tedge_disconnect_c8y>, exit status 0
2022-05-02 15:04:26,680 INFO  Executed systemctl<serv_mapper5>, exit status 3
2022-05-02 15:04:26,684 INFO  
2022-05-02 15:04:26,685 INFO  Test duration: 42.15 secs
2022-05-02 15:04:26,686 INFO  Test final outcome:  FAILED
2022-05-02 15:04:26,687 INFO  Test outcome reason: Assert that (True == value) with value=False
2022-05-02 15:04:26,688 INFO  
