2022-05-03 13:59:08,862 INFO  ==============================================================
2022-05-03 13:59:08,862 INFO  Id:    apt_install_local_file_with_version
2022-05-03 13:59:08,862 INFO  Dir:   plugin_apt/
2022-05-03 13:59:08,862 INFO  Title: Validate apt plugin install from local file AND with a version - SUCCESS case
2022-05-03 13:59:08,862 INFO  ==============================================================
2022-05-03 13:59:09,125 INFO  URL of rolldice is b"'https://mirror.hetzner.com/ubuntu/packages/pool/universe/r/rolldice/rolldice_1.16-1build1_amd64.deb'"
2022-05-03 13:59:09,501 INFO  Downloaded rolldcice in version 1.16-1build1
2022-05-03 13:59:09,501 INFO  Filename is rolldice_1.16-1build1_amd64.deb
2022-05-03 13:59:10,055 INFO  Executed sudo, exit status 0
2022-05-03 13:59:10,408 INFO  Executed sudo<outp_check_0>, exit status 0
2022-05-03 13:59:10,409 INFO  Assert that (value==0) with value=0 ... passed
2022-05-03 13:59:10,409 INFO  Grep on file outp_check_0.out ... passed
2022-05-03 13:59:13,771 INFO  Executed sudo<outp_install>, exit status 0
2022-05-03 13:59:13,771 INFO  Assert that (value==0) with value=0 ... passed
2022-05-03 13:59:14,174 INFO  Executed sudo<outp_check_1>, exit status 0
2022-05-03 13:59:14,175 INFO  Assert that (value==0) with value=0 ... passed
2022-05-03 13:59:14,176 INFO  Grep on file outp_check_1.out ... passed
2022-05-03 13:59:14,176 INFO  
2022-05-03 13:59:14,176 INFO  cleanup:
2022-05-03 13:59:14,177 INFO  
2022-05-03 13:59:14,177 INFO  Test duration: 5.31 secs
2022-05-03 13:59:14,177 INFO  Test final outcome:  PASSED
2022-05-03 13:59:14,177 INFO  
