2022-04-11 09:53:12,429 INFO  ==============================================================
2022-04-11 09:53:12,430 INFO  Id:    call_tedge_config_list
2022-04-11 09:53:12,431 INFO  Dir:   tedge/
2022-04-11 09:53:12,432 INFO  Title: Validate command line options config: get set unset
2022-04-11 09:53:12,433 DEBUG Execution order hint: 0.0
2022-04-11 09:53:12,434 INFO  ==============================================================
2022-04-11 09:53:12,450 DEBUG --- test execute
2022-04-11 09:53:12,452 DEBUG Process parameters for sudo<tedge>
  command line : /usr/bin/sudo /usr/bin/tedge config list
    arg #1     : /usr/bin/tedge
    arg #2     : config
    arg #3     : list
  working dir  : /home/pi/actions-runner/_work/thin-edge.io/thin-edge.io/tests/PySys/tedge/call_tedge_config_list/Output/linux
  stdout       : /home/pi/actions-runner/_work/thin-edge.io/thin-edge.io/tests/PySys/tedge/call_tedge_config_list/Output/linux/tedge.out
  stderr       : /home/pi/actions-runner/_work/thin-edge.io/thin-edge.io/tests/PySys/tedge/call_tedge_config_list/Output/linux/tedge.err
  environment  : LD_LIBRARY_PATH=/usr/lib
  environment  : PATH=/bin:/usr/bin:/usr/sbin:/usr/local/bin
                   #1  /bin
                   #2  /usr/bin
                   #3  /usr/sbin
                   #4  /usr/local/bin
2022-04-11 09:53:12,461 DEBUG Waiting up to 600 secs for process sudo<tedge> (pid 22741)
2022-04-11 09:53:12,987 INFO  Executed sudo<tedge>, exit status 0
2022-04-11 09:53:12,989 DEBUG Process parameters for sudo<tedge_get_config_key>
  command line : /usr/bin/sudo /usr/bin/tedge config get device.key.path
    arg #1     : /usr/bin/tedge
    arg #2     : config
    arg #3     : get
    arg #4     : device.key.path
  working dir  : /home/pi/actions-runner/_work/thin-edge.io/thin-edge.io/tests/PySys/tedge/call_tedge_config_list/Output/linux
  stdout       : /home/pi/actions-runner/_work/thin-edge.io/thin-edge.io/tests/PySys/tedge/call_tedge_config_list/Output/linux/tedge_get_config_key.out
  stderr       : /home/pi/actions-runner/_work/thin-edge.io/thin-edge.io/tests/PySys/tedge/call_tedge_config_list/Output/linux/tedge_get_config_key.err
  environment  : LD_LIBRARY_PATH=/usr/lib
  environment  : PATH=/bin:/usr/bin:/usr/sbin:/usr/local/bin
                   #1  /bin
                   #2  /usr/bin
                   #3  /usr/sbin
                   #4  /usr/local/bin
2022-04-11 09:53:12,998 DEBUG Waiting up to 600 secs for process sudo<tedge_get_config_key> (pid 22743)
2022-04-11 09:53:13,505 INFO  Executed sudo<tedge_get_config_key>, exit status 0
2022-04-11 09:53:13,509 DEBUG Process parameters for sudo<tedge_get_config_key>
  command line : /usr/bin/sudo /usr/bin/tedge config get device.cert.path
    arg #1     : /usr/bin/tedge
    arg #2     : config
    arg #3     : get
    arg #4     : device.cert.path
  working dir  : /home/pi/actions-runner/_work/thin-edge.io/thin-edge.io/tests/PySys/tedge/call_tedge_config_list/Output/linux
  stdout       : /home/pi/actions-runner/_work/thin-edge.io/thin-edge.io/tests/PySys/tedge/call_tedge_config_list/Output/linux/tedge_get_config_key.out
  stderr       : /home/pi/actions-runner/_work/thin-edge.io/thin-edge.io/tests/PySys/tedge/call_tedge_config_list/Output/linux/tedge_get_config_key.err
  environment  : LD_LIBRARY_PATH=/usr/lib
  environment  : PATH=/bin:/usr/bin:/usr/sbin:/usr/local/bin
                   #1  /bin
                   #2  /usr/bin
                   #3  /usr/sbin
                   #4  /usr/local/bin
2022-04-11 09:53:13,517 DEBUG Waiting up to 600 secs for process sudo<tedge_get_config_key> (pid 22745)
2022-04-11 09:53:14,074 INFO  Executed sudo<tedge_get_config_key>, exit status 0
2022-04-11 09:53:14,078 DEBUG Process parameters for sudo<tedge_get_config_key>
  command line : /usr/bin/sudo /usr/bin/tedge config get c8y.url
    arg #1     : /usr/bin/tedge
    arg #2     : config
    arg #3     : get
    arg #4     : c8y.url
  working dir  : /home/pi/actions-runner/_work/thin-edge.io/thin-edge.io/tests/PySys/tedge/call_tedge_config_list/Output/linux
  stdout       : /home/pi/actions-runner/_work/thin-edge.io/thin-edge.io/tests/PySys/tedge/call_tedge_config_list/Output/linux/tedge_get_config_key.out
  stderr       : /home/pi/actions-runner/_work/thin-edge.io/thin-edge.io/tests/PySys/tedge/call_tedge_config_list/Output/linux/tedge_get_config_key.err
  environment  : LD_LIBRARY_PATH=/usr/lib
  environment  : PATH=/bin:/usr/bin:/usr/sbin:/usr/local/bin
                   #1  /bin
                   #2  /usr/bin
                   #3  /usr/sbin
                   #4  /usr/local/bin
2022-04-11 09:53:14,086 DEBUG Waiting up to 600 secs for process sudo<tedge_get_config_key> (pid 22747)
2022-04-11 09:53:14,593 INFO  Executed sudo<tedge_get_config_key>, exit status 0
2022-04-11 09:53:14,597 DEBUG Process parameters for sudo<tedge_get_config_key>
  command line : /usr/bin/sudo /usr/bin/tedge config get c8y.root.cert.path
    arg #1     : /usr/bin/tedge
    arg #2     : config
    arg #3     : get
    arg #4     : c8y.root.cert.path
  working dir  : /home/pi/actions-runner/_work/thin-edge.io/thin-edge.io/tests/PySys/tedge/call_tedge_config_list/Output/linux
  stdout       : /home/pi/actions-runner/_work/thin-edge.io/thin-edge.io/tests/PySys/tedge/call_tedge_config_list/Output/linux/tedge_get_config_key.out
  stderr       : /home/pi/actions-runner/_work/thin-edge.io/thin-edge.io/tests/PySys/tedge/call_tedge_config_list/Output/linux/tedge_get_config_key.err
  environment  : LD_LIBRARY_PATH=/usr/lib
  environment  : PATH=/bin:/usr/bin:/usr/sbin:/usr/local/bin
                   #1  /bin
                   #2  /usr/bin
                   #3  /usr/sbin
                   #4  /usr/local/bin
2022-04-11 09:53:14,605 DEBUG Waiting up to 600 secs for process sudo<tedge_get_config_key> (pid 22749)
2022-04-11 09:53:15,111 INFO  Executed sudo<tedge_get_config_key>, exit status 0
2022-04-11 09:53:15,115 DEBUG Process parameters for sudo<tedge_get_config_key>
  command line : /usr/bin/sudo /usr/bin/tedge config get az.url
    arg #1     : /usr/bin/tedge
    arg #2     : config
    arg #3     : get
    arg #4     : az.url
  working dir  : /home/pi/actions-runner/_work/thin-edge.io/thin-edge.io/tests/PySys/tedge/call_tedge_config_list/Output/linux
  stdout       : /home/pi/actions-runner/_work/thin-edge.io/thin-edge.io/tests/PySys/tedge/call_tedge_config_list/Output/linux/tedge_get_config_key.out
  stderr       : /home/pi/actions-runner/_work/thin-edge.io/thin-edge.io/tests/PySys/tedge/call_tedge_config_list/Output/linux/tedge_get_config_key.err
  environment  : LD_LIBRARY_PATH=/usr/lib
  environment  : PATH=/bin:/usr/bin:/usr/sbin:/usr/local/bin
                   #1  /bin
                   #2  /usr/bin
                   #3  /usr/sbin
                   #4  /usr/local/bin
2022-04-11 09:53:15,123 DEBUG Waiting up to 600 secs for process sudo<tedge_get_config_key> (pid 22751)
2022-04-11 09:53:15,631 INFO  Executed sudo<tedge_get_config_key>, exit status 0
2022-04-11 09:53:15,635 DEBUG Process parameters for sudo<tedge_get_config_key>
  command line : /usr/bin/sudo /usr/bin/tedge config get az.root.cert.path
    arg #1     : /usr/bin/tedge
    arg #2     : config
    arg #3     : get
    arg #4     : az.root.cert.path
  working dir  : /home/pi/actions-runner/_work/thin-edge.io/thin-edge.io/tests/PySys/tedge/call_tedge_config_list/Output/linux
  stdout       : /home/pi/actions-runner/_work/thin-edge.io/thin-edge.io/tests/PySys/tedge/call_tedge_config_list/Output/linux/tedge_get_config_key.out
  stderr       : /home/pi/actions-runner/_work/thin-edge.io/thin-edge.io/tests/PySys/tedge/call_tedge_config_list/Output/linux/tedge_get_config_key.err
  environment  : LD_LIBRARY_PATH=/usr/lib
  environment  : PATH=/bin:/usr/bin:/usr/sbin:/usr/local/bin
                   #1  /bin
                   #2  /usr/bin
                   #3  /usr/sbin
                   #4  /usr/local/bin
2022-04-11 09:53:15,643 DEBUG Waiting up to 600 secs for process sudo<tedge_get_config_key> (pid 22753)
2022-04-11 09:53:16,149 INFO  Executed sudo<tedge_get_config_key>, exit status 0
2022-04-11 09:53:16,152 INFO  /etc/tedge/device-certs/tedge-private-key.pem
2022-04-11 09:53:16,153 INFO  /etc/tedge/device-certs/tedge-certificate.pem
2022-04-11 09:53:16,154 INFO  thin-edge-io.eu-latest.cumulocity.com
2022-04-11 09:53:16,155 INFO  /etc/ssl/certs
2022-04-11 09:53:16,156 INFO  thinedge-gh-ci.azure-devices.net
2022-04-11 09:53:16,156 INFO  /etc/ssl/certs/Baltimore_CyberTrust_Root.pem
2022-04-11 09:53:16,158 DEBUG Process parameters for sudo<tedge_unset_config_key>
  command line : /usr/bin/sudo /usr/bin/tedge config unset device.key.path
    arg #1     : /usr/bin/tedge
    arg #2     : config
    arg #3     : unset
    arg #4     : device.key.path
  working dir  : /home/pi/actions-runner/_work/thin-edge.io/thin-edge.io/tests/PySys/tedge/call_tedge_config_list/Output/linux
  stdout       : /home/pi/actions-runner/_work/thin-edge.io/thin-edge.io/tests/PySys/tedge/call_tedge_config_list/Output/linux/tedge_unset_config_key.out
  stderr       : /home/pi/actions-runner/_work/thin-edge.io/thin-edge.io/tests/PySys/tedge/call_tedge_config_list/Output/linux/tedge_unset_config_key.err
  environment  : LD_LIBRARY_PATH=/usr/lib
  environment  : PATH=/bin:/usr/bin:/usr/sbin:/usr/local/bin
                   #1  /bin
                   #2  /usr/bin
                   #3  /usr/sbin
                   #4  /usr/local/bin
2022-04-11 09:53:16,166 DEBUG Waiting up to 600 secs for process sudo<tedge_unset_config_key> (pid 22755)
2022-04-11 09:53:16,723 INFO  Executed sudo<tedge_unset_config_key>, exit status 0
2022-04-11 09:53:16,727 DEBUG Process parameters for sudo<tedge_unset_config_key>
  command line : /usr/bin/sudo /usr/bin/tedge config unset device.cert.path
    arg #1     : /usr/bin/tedge
    arg #2     : config
    arg #3     : unset
    arg #4     : device.cert.path
  working dir  : /home/pi/actions-runner/_work/thin-edge.io/thin-edge.io/tests/PySys/tedge/call_tedge_config_list/Output/linux
  stdout       : /home/pi/actions-runner/_work/thin-edge.io/thin-edge.io/tests/PySys/tedge/call_tedge_config_list/Output/linux/tedge_unset_config_key.out
  stderr       : /home/pi/actions-runner/_work/thin-edge.io/thin-edge.io/tests/PySys/tedge/call_tedge_config_list/Output/linux/tedge_unset_config_key.err
  environment  : LD_LIBRARY_PATH=/usr/lib
  environment  : PATH=/bin:/usr/bin:/usr/sbin:/usr/local/bin
                   #1  /bin
                   #2  /usr/bin
                   #3  /usr/sbin
                   #4  /usr/local/bin
2022-04-11 09:53:16,736 DEBUG Waiting up to 600 secs for process sudo<tedge_unset_config_key> (pid 22757)
2022-04-11 09:53:17,243 INFO  Executed sudo<tedge_unset_config_key>, exit status 0
2022-04-11 09:53:17,247 DEBUG Process parameters for sudo<tedge_unset_config_key>
  command line : /usr/bin/sudo /usr/bin/tedge config unset c8y.url
    arg #1     : /usr/bin/tedge
    arg #2     : config
    arg #3     : unset
    arg #4     : c8y.url
  working dir  : /home/pi/actions-runner/_work/thin-edge.io/thin-edge.io/tests/PySys/tedge/call_tedge_config_list/Output/linux
  stdout       : /home/pi/actions-runner/_work/thin-edge.io/thin-edge.io/tests/PySys/tedge/call_tedge_config_list/Output/linux/tedge_unset_config_key.out
  stderr       : /home/pi/actions-runner/_work/thin-edge.io/thin-edge.io/tests/PySys/tedge/call_tedge_config_list/Output/linux/tedge_unset_config_key.err
  environment  : LD_LIBRARY_PATH=/usr/lib
  environment  : PATH=/bin:/usr/bin:/usr/sbin:/usr/local/bin
                   #1  /bin
                   #2  /usr/bin
                   #3  /usr/sbin
                   #4  /usr/local/bin
2022-04-11 09:53:17,255 DEBUG Waiting up to 600 secs for process sudo<tedge_unset_config_key> (pid 22759)
2022-04-11 09:53:17,762 INFO  Executed sudo<tedge_unset_config_key>, exit status 0
2022-04-11 09:53:17,766 DEBUG Process parameters for sudo<tedge_unset_config_key>
  command line : /usr/bin/sudo /usr/bin/tedge config unset c8y.root.cert.path
    arg #1     : /usr/bin/tedge
    arg #2     : config
    arg #3     : unset
    arg #4     : c8y.root.cert.path
  working dir  : /home/pi/actions-runner/_work/thin-edge.io/thin-edge.io/tests/PySys/tedge/call_tedge_config_list/Output/linux
  stdout       : /home/pi/actions-runner/_work/thin-edge.io/thin-edge.io/tests/PySys/tedge/call_tedge_config_list/Output/linux/tedge_unset_config_key.out
  stderr       : /home/pi/actions-runner/_work/thin-edge.io/thin-edge.io/tests/PySys/tedge/call_tedge_config_list/Output/linux/tedge_unset_config_key.err
  environment  : LD_LIBRARY_PATH=/usr/lib
  environment  : PATH=/bin:/usr/bin:/usr/sbin:/usr/local/bin
                   #1  /bin
                   #2  /usr/bin
                   #3  /usr/sbin
                   #4  /usr/local/bin
2022-04-11 09:53:17,774 DEBUG Waiting up to 600 secs for process sudo<tedge_unset_config_key> (pid 22761)
2022-04-11 09:53:18,281 INFO  Executed sudo<tedge_unset_config_key>, exit status 0
2022-04-11 09:53:18,284 DEBUG Process parameters for sudo<tedge_unset_config_key>
  command line : /usr/bin/sudo /usr/bin/tedge config unset az.url
    arg #1     : /usr/bin/tedge
    arg #2     : config
    arg #3     : unset
    arg #4     : az.url
  working dir  : /home/pi/actions-runner/_work/thin-edge.io/thin-edge.io/tests/PySys/tedge/call_tedge_config_list/Output/linux
  stdout       : /home/pi/actions-runner/_work/thin-edge.io/thin-edge.io/tests/PySys/tedge/call_tedge_config_list/Output/linux/tedge_unset_config_key.out
  stderr       : /home/pi/actions-runner/_work/thin-edge.io/thin-edge.io/tests/PySys/tedge/call_tedge_config_list/Output/linux/tedge_unset_config_key.err
  environment  : LD_LIBRARY_PATH=/usr/lib
  environment  : PATH=/bin:/usr/bin:/usr/sbin:/usr/local/bin
                   #1  /bin
                   #2  /usr/bin
                   #3  /usr/sbin
                   #4  /usr/local/bin
2022-04-11 09:53:18,292 DEBUG Waiting up to 600 secs for process sudo<tedge_unset_config_key> (pid 22763)
2022-04-11 09:53:18,799 INFO  Executed sudo<tedge_unset_config_key>, exit status 0
2022-04-11 09:53:18,803 DEBUG Process parameters for sudo<tedge_unset_config_key>
  command line : /usr/bin/sudo /usr/bin/tedge config unset az.root.cert.path
    arg #1     : /usr/bin/tedge
    arg #2     : config
    arg #3     : unset
    arg #4     : az.root.cert.path
  working dir  : /home/pi/actions-runner/_work/thin-edge.io/thin-edge.io/tests/PySys/tedge/call_tedge_config_list/Output/linux
  stdout       : /home/pi/actions-runner/_work/thin-edge.io/thin-edge.io/tests/PySys/tedge/call_tedge_config_list/Output/linux/tedge_unset_config_key.out
  stderr       : /home/pi/actions-runner/_work/thin-edge.io/thin-edge.io/tests/PySys/tedge/call_tedge_config_list/Output/linux/tedge_unset_config_key.err
  environment  : LD_LIBRARY_PATH=/usr/lib
  environment  : PATH=/bin:/usr/bin:/usr/sbin:/usr/local/bin
                   #1  /bin
                   #2  /usr/bin
                   #3  /usr/sbin
                   #4  /usr/local/bin
2022-04-11 09:53:18,811 DEBUG Waiting up to 600 secs for process sudo<tedge_unset_config_key> (pid 22765)
2022-04-11 09:53:19,317 INFO  Executed sudo<tedge_unset_config_key>, exit status 0
2022-04-11 09:53:19,321 DEBUG Process parameters for sudo<tedge_get_config_key>
  command line : /usr/bin/sudo /usr/bin/tedge config get device.key.path
    arg #1     : /usr/bin/tedge
    arg #2     : config
    arg #3     : get
    arg #4     : device.key.path
  working dir  : /home/pi/actions-runner/_work/thin-edge.io/thin-edge.io/tests/PySys/tedge/call_tedge_config_list/Output/linux
  stdout       : /home/pi/actions-runner/_work/thin-edge.io/thin-edge.io/tests/PySys/tedge/call_tedge_config_list/Output/linux/tedge_get_config_key.out
  stderr       : /home/pi/actions-runner/_work/thin-edge.io/thin-edge.io/tests/PySys/tedge/call_tedge_config_list/Output/linux/tedge_get_config_key.err
  environment  : LD_LIBRARY_PATH=/usr/lib
  environment  : PATH=/bin:/usr/bin:/usr/sbin:/usr/local/bin
                   #1  /bin
                   #2  /usr/bin
                   #3  /usr/sbin
                   #4  /usr/local/bin
2022-04-11 09:53:19,329 DEBUG Waiting up to 600 secs for process sudo<tedge_get_config_key> (pid 22767)
2022-04-11 09:53:19,836 INFO  Executed sudo<tedge_get_config_key>, exit status 0
2022-04-11 09:53:19,839 DEBUG Key: device.key.path Value: /etc/tedge/device-certs/tedge-private-key.pem
2022-04-11 09:53:19,841 INFO  Assert that (expect == valueread) with expect="/etc/tedge/device-certs/tedge-private-key.pem", valueread="/etc/tedge/device-certs/tedge-private-key.pem" ... passed
2022-04-11 09:53:19,843 DEBUG Process parameters for sudo<tedge_get_config_key>
  command line : /usr/bin/sudo /usr/bin/tedge config get device.cert.path
    arg #1     : /usr/bin/tedge
    arg #2     : config
    arg #3     : get
    arg #4     : device.cert.path
  working dir  : /home/pi/actions-runner/_work/thin-edge.io/thin-edge.io/tests/PySys/tedge/call_tedge_config_list/Output/linux
  stdout       : /home/pi/actions-runner/_work/thin-edge.io/thin-edge.io/tests/PySys/tedge/call_tedge_config_list/Output/linux/tedge_get_config_key.out
  stderr       : /home/pi/actions-runner/_work/thin-edge.io/thin-edge.io/tests/PySys/tedge/call_tedge_config_list/Output/linux/tedge_get_config_key.err
  environment  : LD_LIBRARY_PATH=/usr/lib
  environment  : PATH=/bin:/usr/bin:/usr/sbin:/usr/local/bin
                   #1  /bin
                   #2  /usr/bin
                   #3  /usr/sbin
                   #4  /usr/local/bin
2022-04-11 09:53:19,852 DEBUG Waiting up to 600 secs for process sudo<tedge_get_config_key> (pid 22769)
2022-04-11 09:53:20,358 INFO  Executed sudo<tedge_get_config_key>, exit status 0
2022-04-11 09:53:20,361 DEBUG Key: device.cert.path Value: /etc/tedge/device-certs/tedge-certificate.pem
2022-04-11 09:53:20,363 INFO  Assert that (expect == valueread) with expect="/etc/tedge/device-certs/tedge-certificate.pem", valueread="/etc/tedge/device-certs/tedge-certificate.pem" ... passed
2022-04-11 09:53:20,365 DEBUG Process parameters for sudo<tedge_get_config_key>
  command line : /usr/bin/sudo /usr/bin/tedge config get c8y.url
    arg #1     : /usr/bin/tedge
    arg #2     : config
    arg #3     : get
    arg #4     : c8y.url
  working dir  : /home/pi/actions-runner/_work/thin-edge.io/thin-edge.io/tests/PySys/tedge/call_tedge_config_list/Output/linux
  stdout       : /home/pi/actions-runner/_work/thin-edge.io/thin-edge.io/tests/PySys/tedge/call_tedge_config_list/Output/linux/tedge_get_config_key.out
  stderr       : /home/pi/actions-runner/_work/thin-edge.io/thin-edge.io/tests/PySys/tedge/call_tedge_config_list/Output/linux/tedge_get_config_key.err
  environment  : LD_LIBRARY_PATH=/usr/lib
  environment  : PATH=/bin:/usr/bin:/usr/sbin:/usr/local/bin
                   #1  /bin
                   #2  /usr/bin
                   #3  /usr/sbin
                   #4  /usr/local/bin
2022-04-11 09:53:20,373 DEBUG Waiting up to 600 secs for process sudo<tedge_get_config_key> (pid 22771)
2022-04-11 09:53:20,880 INFO  Executed sudo<tedge_get_config_key>, exit status 0
2022-04-11 09:53:20,883 DEBUG Key: c8y.url Value: None
2022-04-11 09:53:20,885 INFO  Assert that (expect == valueread) with expect=None, valueread=None ... passed
2022-04-11 09:53:20,887 DEBUG Process parameters for sudo<tedge_get_config_key>
  command line : /usr/bin/sudo /usr/bin/tedge config get c8y.root.cert.path
    arg #1     : /usr/bin/tedge
    arg #2     : config
    arg #3     : get
    arg #4     : c8y.root.cert.path
  working dir  : /home/pi/actions-runner/_work/thin-edge.io/thin-edge.io/tests/PySys/tedge/call_tedge_config_list/Output/linux
  stdout       : /home/pi/actions-runner/_work/thin-edge.io/thin-edge.io/tests/PySys/tedge/call_tedge_config_list/Output/linux/tedge_get_config_key.out
  stderr       : /home/pi/actions-runner/_work/thin-edge.io/thin-edge.io/tests/PySys/tedge/call_tedge_config_list/Output/linux/tedge_get_config_key.err
  environment  : LD_LIBRARY_PATH=/usr/lib
  environment  : PATH=/bin:/usr/bin:/usr/sbin:/usr/local/bin
                   #1  /bin
                   #2  /usr/bin
                   #3  /usr/sbin
                   #4  /usr/local/bin
2022-04-11 09:53:20,894 DEBUG Waiting up to 600 secs for process sudo<tedge_get_config_key> (pid 22773)
2022-04-11 09:53:21,403 INFO  Executed sudo<tedge_get_config_key>, exit status 0
2022-04-11 09:53:21,405 DEBUG Key: c8y.root.cert.path Value: /etc/ssl/certs
2022-04-11 09:53:21,407 INFO  Assert that (expect == valueread) with expect="/etc/ssl/certs", valueread="/etc/ssl/certs" ... passed
2022-04-11 09:53:21,409 DEBUG Process parameters for sudo<tedge_get_config_key>
  command line : /usr/bin/sudo /usr/bin/tedge config get az.url
    arg #1     : /usr/bin/tedge
    arg #2     : config
    arg #3     : get
    arg #4     : az.url
  working dir  : /home/pi/actions-runner/_work/thin-edge.io/thin-edge.io/tests/PySys/tedge/call_tedge_config_list/Output/linux
  stdout       : /home/pi/actions-runner/_work/thin-edge.io/thin-edge.io/tests/PySys/tedge/call_tedge_config_list/Output/linux/tedge_get_config_key.out
  stderr       : /home/pi/actions-runner/_work/thin-edge.io/thin-edge.io/tests/PySys/tedge/call_tedge_config_list/Output/linux/tedge_get_config_key.err
  environment  : LD_LIBRARY_PATH=/usr/lib
  environment  : PATH=/bin:/usr/bin:/usr/sbin:/usr/local/bin
                   #1  /bin
                   #2  /usr/bin
                   #3  /usr/sbin
                   #4  /usr/local/bin
2022-04-11 09:53:21,417 DEBUG Waiting up to 600 secs for process sudo<tedge_get_config_key> (pid 22775)
2022-04-11 09:53:21,924 INFO  Executed sudo<tedge_get_config_key>, exit status 0
2022-04-11 09:53:21,927 DEBUG Key: az.url Value: None
2022-04-11 09:53:21,929 INFO  Assert that (expect == valueread) with expect=None, valueread=None ... passed
2022-04-11 09:53:21,931 DEBUG Process parameters for sudo<tedge_get_config_key>
  command line : /usr/bin/sudo /usr/bin/tedge config get az.root.cert.path
    arg #1     : /usr/bin/tedge
    arg #2     : config
    arg #3     : get
    arg #4     : az.root.cert.path
  working dir  : /home/pi/actions-runner/_work/thin-edge.io/thin-edge.io/tests/PySys/tedge/call_tedge_config_list/Output/linux
  stdout       : /home/pi/actions-runner/_work/thin-edge.io/thin-edge.io/tests/PySys/tedge/call_tedge_config_list/Output/linux/tedge_get_config_key.out
  stderr       : /home/pi/actions-runner/_work/thin-edge.io/thin-edge.io/tests/PySys/tedge/call_tedge_config_list/Output/linux/tedge_get_config_key.err
  environment  : LD_LIBRARY_PATH=/usr/lib
  environment  : PATH=/bin:/usr/bin:/usr/sbin:/usr/local/bin
                   #1  /bin
                   #2  /usr/bin
                   #3  /usr/sbin
                   #4  /usr/local/bin
2022-04-11 09:53:21,939 DEBUG Waiting up to 600 secs for process sudo<tedge_get_config_key> (pid 22777)
2022-04-11 09:53:22,446 INFO  Executed sudo<tedge_get_config_key>, exit status 0
2022-04-11 09:53:22,448 DEBUG Key: az.root.cert.path Value: /etc/ssl/certs
2022-04-11 09:53:22,450 INFO  Assert that (expect == valueread) with expect="/etc/ssl/certs", valueread="/etc/ssl/certs" ... passed
2022-04-11 09:53:22,452 DEBUG Process parameters for sudo<tedge_set_config_key>
  command line : /usr/bin/sudo /usr/bin/tedge config set device.key.path failfailfail
    arg #1     : /usr/bin/tedge
    arg #2     : config
    arg #3     : set
    arg #4     : device.key.path
    arg #5     : failfailfail
  working dir  : /home/pi/actions-runner/_work/thin-edge.io/thin-edge.io/tests/PySys/tedge/call_tedge_config_list/Output/linux
  stdout       : /home/pi/actions-runner/_work/thin-edge.io/thin-edge.io/tests/PySys/tedge/call_tedge_config_list/Output/linux/tedge_set_config_key.out
  stderr       : /home/pi/actions-runner/_work/thin-edge.io/thin-edge.io/tests/PySys/tedge/call_tedge_config_list/Output/linux/tedge_set_config_key.err
  environment  : LD_LIBRARY_PATH=/usr/lib
  environment  : PATH=/bin:/usr/bin:/usr/sbin:/usr/local/bin
                   #1  /bin
                   #2  /usr/bin
                   #3  /usr/sbin
                   #4  /usr/local/bin
2022-04-11 09:53:22,460 DEBUG Waiting up to 600 secs for process sudo<tedge_set_config_key> (pid 22779)
2022-04-11 09:53:22,967 INFO  Executed sudo<tedge_set_config_key>, exit status 0
2022-04-11 09:53:22,969 DEBUG Process parameters for sudo<tedge_get_config_key>
  command line : /usr/bin/sudo /usr/bin/tedge config get device.key.path
    arg #1     : /usr/bin/tedge
    arg #2     : config
    arg #3     : get
    arg #4     : device.key.path
  working dir  : /home/pi/actions-runner/_work/thin-edge.io/thin-edge.io/tests/PySys/tedge/call_tedge_config_list/Output/linux
  stdout       : /home/pi/actions-runner/_work/thin-edge.io/thin-edge.io/tests/PySys/tedge/call_tedge_config_list/Output/linux/tedge_get_config_key.out
  stderr       : /home/pi/actions-runner/_work/thin-edge.io/thin-edge.io/tests/PySys/tedge/call_tedge_config_list/Output/linux/tedge_get_config_key.err
  environment  : LD_LIBRARY_PATH=/usr/lib
  environment  : PATH=/bin:/usr/bin:/usr/sbin:/usr/local/bin
                   #1  /bin
                   #2  /usr/bin
                   #3  /usr/sbin
                   #4  /usr/local/bin
2022-04-11 09:53:22,977 DEBUG Waiting up to 600 secs for process sudo<tedge_get_config_key> (pid 22781)
2022-04-11 09:53:23,485 INFO  Executed sudo<tedge_get_config_key>, exit status 0
2022-04-11 09:53:23,488 INFO  Assert that (value == vread) with value="failfailfail", vread="failfailfail" ... passed
2022-04-11 09:53:23,491 DEBUG Process parameters for sudo<tedge_set_config_key>
  command line : /usr/bin/sudo /usr/bin/tedge config set device.cert.path failfailfail
    arg #1     : /usr/bin/tedge
    arg #2     : config
    arg #3     : set
    arg #4     : device.cert.path
    arg #5     : failfailfail
  working dir  : /home/pi/actions-runner/_work/thin-edge.io/thin-edge.io/tests/PySys/tedge/call_tedge_config_list/Output/linux
  stdout       : /home/pi/actions-runner/_work/thin-edge.io/thin-edge.io/tests/PySys/tedge/call_tedge_config_list/Output/linux/tedge_set_config_key.out
  stderr       : /home/pi/actions-runner/_work/thin-edge.io/thin-edge.io/tests/PySys/tedge/call_tedge_config_list/Output/linux/tedge_set_config_key.err
  environment  : LD_LIBRARY_PATH=/usr/lib
  environment  : PATH=/bin:/usr/bin:/usr/sbin:/usr/local/bin
                   #1  /bin
                   #2  /usr/bin
                   #3  /usr/sbin
                   #4  /usr/local/bin
2022-04-11 09:53:23,499 DEBUG Waiting up to 600 secs for process sudo<tedge_set_config_key> (pid 22783)
2022-04-11 09:53:24,006 INFO  Executed sudo<tedge_set_config_key>, exit status 0
2022-04-11 09:53:24,008 DEBUG Process parameters for sudo<tedge_get_config_key>
  command line : /usr/bin/sudo /usr/bin/tedge config get device.cert.path
    arg #1     : /usr/bin/tedge
    arg #2     : config
    arg #3     : get
    arg #4     : device.cert.path
  working dir  : /home/pi/actions-runner/_work/thin-edge.io/thin-edge.io/tests/PySys/tedge/call_tedge_config_list/Output/linux
  stdout       : /home/pi/actions-runner/_work/thin-edge.io/thin-edge.io/tests/PySys/tedge/call_tedge_config_list/Output/linux/tedge_get_config_key.out
  stderr       : /home/pi/actions-runner/_work/thin-edge.io/thin-edge.io/tests/PySys/tedge/call_tedge_config_list/Output/linux/tedge_get_config_key.err
  environment  : LD_LIBRARY_PATH=/usr/lib
  environment  : PATH=/bin:/usr/bin:/usr/sbin:/usr/local/bin
                   #1  /bin
                   #2  /usr/bin
                   #3  /usr/sbin
                   #4  /usr/local/bin
2022-04-11 09:53:24,017 DEBUG Waiting up to 600 secs for process sudo<tedge_get_config_key> (pid 22785)
2022-04-11 09:53:24,524 INFO  Executed sudo<tedge_get_config_key>, exit status 0
2022-04-11 09:53:24,527 INFO  Assert that (value == vread) with value="failfailfail", vread="failfailfail" ... passed
2022-04-11 09:53:24,529 DEBUG Process parameters for sudo<tedge_set_config_key>
  command line : /usr/bin/sudo /usr/bin/tedge config set c8y.url failfailfail
    arg #1     : /usr/bin/tedge
    arg #2     : config
    arg #3     : set
    arg #4     : c8y.url
    arg #5     : failfailfail
  working dir  : /home/pi/actions-runner/_work/thin-edge.io/thin-edge.io/tests/PySys/tedge/call_tedge_config_list/Output/linux
  stdout       : /home/pi/actions-runner/_work/thin-edge.io/thin-edge.io/tests/PySys/tedge/call_tedge_config_list/Output/linux/tedge_set_config_key.out
  stderr       : /home/pi/actions-runner/_work/thin-edge.io/thin-edge.io/tests/PySys/tedge/call_tedge_config_list/Output/linux/tedge_set_config_key.err
  environment  : LD_LIBRARY_PATH=/usr/lib
  environment  : PATH=/bin:/usr/bin:/usr/sbin:/usr/local/bin
                   #1  /bin
                   #2  /usr/bin
                   #3  /usr/sbin
                   #4  /usr/local/bin
2022-04-11 09:53:24,538 DEBUG Waiting up to 600 secs for process sudo<tedge_set_config_key> (pid 22787)
2022-04-11 09:53:25,095 INFO  Executed sudo<tedge_set_config_key>, exit status 0
2022-04-11 09:53:25,097 DEBUG Process parameters for sudo<tedge_get_config_key>
  command line : /usr/bin/sudo /usr/bin/tedge config get c8y.url
    arg #1     : /usr/bin/tedge
    arg #2     : config
    arg #3     : get
    arg #4     : c8y.url
  working dir  : /home/pi/actions-runner/_work/thin-edge.io/thin-edge.io/tests/PySys/tedge/call_tedge_config_list/Output/linux
  stdout       : /home/pi/actions-runner/_work/thin-edge.io/thin-edge.io/tests/PySys/tedge/call_tedge_config_list/Output/linux/tedge_get_config_key.out
  stderr       : /home/pi/actions-runner/_work/thin-edge.io/thin-edge.io/tests/PySys/tedge/call_tedge_config_list/Output/linux/tedge_get_config_key.err
  environment  : LD_LIBRARY_PATH=/usr/lib
  environment  : PATH=/bin:/usr/bin:/usr/sbin:/usr/local/bin
                   #1  /bin
                   #2  /usr/bin
                   #3  /usr/sbin
                   #4  /usr/local/bin
2022-04-11 09:53:25,105 DEBUG Waiting up to 600 secs for process sudo<tedge_get_config_key> (pid 22789)
2022-04-11 09:53:25,613 INFO  Executed sudo<tedge_get_config_key>, exit status 0
2022-04-11 09:53:25,616 INFO  Assert that (value == vread) with value="failfailfail", vread="failfailfail" ... passed
2022-04-11 09:53:25,619 DEBUG Process parameters for sudo<tedge_set_config_key>
  command line : /usr/bin/sudo /usr/bin/tedge config set c8y.root.cert.path failfailfail
    arg #1     : /usr/bin/tedge
    arg #2     : config
    arg #3     : set
    arg #4     : c8y.root.cert.path
    arg #5     : failfailfail
  working dir  : /home/pi/actions-runner/_work/thin-edge.io/thin-edge.io/tests/PySys/tedge/call_tedge_config_list/Output/linux
  stdout       : /home/pi/actions-runner/_work/thin-edge.io/thin-edge.io/tests/PySys/tedge/call_tedge_config_list/Output/linux/tedge_set_config_key.out
  stderr       : /home/pi/actions-runner/_work/thin-edge.io/thin-edge.io/tests/PySys/tedge/call_tedge_config_list/Output/linux/tedge_set_config_key.err
  environment  : LD_LIBRARY_PATH=/usr/lib
  environment  : PATH=/bin:/usr/bin:/usr/sbin:/usr/local/bin
                   #1  /bin
                   #2  /usr/bin
                   #3  /usr/sbin
                   #4  /usr/local/bin
2022-04-11 09:53:25,627 DEBUG Waiting up to 600 secs for process sudo<tedge_set_config_key> (pid 22791)
2022-04-11 09:53:26,133 INFO  Executed sudo<tedge_set_config_key>, exit status 0
2022-04-11 09:53:26,136 DEBUG Process parameters for sudo<tedge_get_config_key>
  command line : /usr/bin/sudo /usr/bin/tedge config get c8y.root.cert.path
    arg #1     : /usr/bin/tedge
    arg #2     : config
    arg #3     : get
    arg #4     : c8y.root.cert.path
  working dir  : /home/pi/actions-runner/_work/thin-edge.io/thin-edge.io/tests/PySys/tedge/call_tedge_config_list/Output/linux
  stdout       : /home/pi/actions-runner/_work/thin-edge.io/thin-edge.io/tests/PySys/tedge/call_tedge_config_list/Output/linux/tedge_get_config_key.out
  stderr       : /home/pi/actions-runner/_work/thin-edge.io/thin-edge.io/tests/PySys/tedge/call_tedge_config_list/Output/linux/tedge_get_config_key.err
  environment  : LD_LIBRARY_PATH=/usr/lib
  environment  : PATH=/bin:/usr/bin:/usr/sbin:/usr/local/bin
                   #1  /bin
                   #2  /usr/bin
                   #3  /usr/sbin
                   #4  /usr/local/bin
2022-04-11 09:53:26,144 DEBUG Waiting up to 600 secs for process sudo<tedge_get_config_key> (pid 22793)
2022-04-11 09:53:26,651 INFO  Executed sudo<tedge_get_config_key>, exit status 0
2022-04-11 09:53:26,654 INFO  Assert that (value == vread) with value="failfailfail", vread="failfailfail" ... passed
2022-04-11 09:53:26,657 DEBUG Process parameters for sudo<tedge_set_config_key>
  command line : /usr/bin/sudo /usr/bin/tedge config set az.url failfailfail
    arg #1     : /usr/bin/tedge
    arg #2     : config
    arg #3     : set
    arg #4     : az.url
    arg #5     : failfailfail
  working dir  : /home/pi/actions-runner/_work/thin-edge.io/thin-edge.io/tests/PySys/tedge/call_tedge_config_list/Output/linux
  stdout       : /home/pi/actions-runner/_work/thin-edge.io/thin-edge.io/tests/PySys/tedge/call_tedge_config_list/Output/linux/tedge_set_config_key.out
  stderr       : /home/pi/actions-runner/_work/thin-edge.io/thin-edge.io/tests/PySys/tedge/call_tedge_config_list/Output/linux/tedge_set_config_key.err
  environment  : LD_LIBRARY_PATH=/usr/lib
  environment  : PATH=/bin:/usr/bin:/usr/sbin:/usr/local/bin
                   #1  /bin
                   #2  /usr/bin
                   #3  /usr/sbin
                   #4  /usr/local/bin
2022-04-11 09:53:26,665 DEBUG Waiting up to 600 secs for process sudo<tedge_set_config_key> (pid 22795)
2022-04-11 09:53:27,171 INFO  Executed sudo<tedge_set_config_key>, exit status 0
2022-04-11 09:53:27,174 DEBUG Process parameters for sudo<tedge_get_config_key>
  command line : /usr/bin/sudo /usr/bin/tedge config get az.url
    arg #1     : /usr/bin/tedge
    arg #2     : config
    arg #3     : get
    arg #4     : az.url
  working dir  : /home/pi/actions-runner/_work/thin-edge.io/thin-edge.io/tests/PySys/tedge/call_tedge_config_list/Output/linux
  stdout       : /home/pi/actions-runner/_work/thin-edge.io/thin-edge.io/tests/PySys/tedge/call_tedge_config_list/Output/linux/tedge_get_config_key.out
  stderr       : /home/pi/actions-runner/_work/thin-edge.io/thin-edge.io/tests/PySys/tedge/call_tedge_config_list/Output/linux/tedge_get_config_key.err
  environment  : LD_LIBRARY_PATH=/usr/lib
  environment  : PATH=/bin:/usr/bin:/usr/sbin:/usr/local/bin
                   #1  /bin
                   #2  /usr/bin
                   #3  /usr/sbin
                   #4  /usr/local/bin
2022-04-11 09:53:27,182 DEBUG Waiting up to 600 secs for process sudo<tedge_get_config_key> (pid 22797)
2022-04-11 09:53:27,688 INFO  Executed sudo<tedge_get_config_key>, exit status 0
2022-04-11 09:53:27,692 INFO  Assert that (value == vread) with value="failfailfail", vread="failfailfail" ... passed
2022-04-11 09:53:27,695 DEBUG Process parameters for sudo<tedge_set_config_key>
  command line : /usr/bin/sudo /usr/bin/tedge config set az.root.cert.path failfailfail
    arg #1     : /usr/bin/tedge
    arg #2     : config
    arg #3     : set
    arg #4     : az.root.cert.path
    arg #5     : failfailfail
  working dir  : /home/pi/actions-runner/_work/thin-edge.io/thin-edge.io/tests/PySys/tedge/call_tedge_config_list/Output/linux
  stdout       : /home/pi/actions-runner/_work/thin-edge.io/thin-edge.io/tests/PySys/tedge/call_tedge_config_list/Output/linux/tedge_set_config_key.out
  stderr       : /home/pi/actions-runner/_work/thin-edge.io/thin-edge.io/tests/PySys/tedge/call_tedge_config_list/Output/linux/tedge_set_config_key.err
  environment  : LD_LIBRARY_PATH=/usr/lib
  environment  : PATH=/bin:/usr/bin:/usr/sbin:/usr/local/bin
                   #1  /bin
                   #2  /usr/bin
                   #3  /usr/sbin
                   #4  /usr/local/bin
2022-04-11 09:53:27,703 DEBUG Waiting up to 600 secs for process sudo<tedge_set_config_key> (pid 22799)
2022-04-11 09:53:28,209 INFO  Executed sudo<tedge_set_config_key>, exit status 0
2022-04-11 09:53:28,212 DEBUG Process parameters for sudo<tedge_get_config_key>
  command line : /usr/bin/sudo /usr/bin/tedge config get az.root.cert.path
    arg #1     : /usr/bin/tedge
    arg #2     : config
    arg #3     : get
    arg #4     : az.root.cert.path
  working dir  : /home/pi/actions-runner/_work/thin-edge.io/thin-edge.io/tests/PySys/tedge/call_tedge_config_list/Output/linux
  stdout       : /home/pi/actions-runner/_work/thin-edge.io/thin-edge.io/tests/PySys/tedge/call_tedge_config_list/Output/linux/tedge_get_config_key.out
  stderr       : /home/pi/actions-runner/_work/thin-edge.io/thin-edge.io/tests/PySys/tedge/call_tedge_config_list/Output/linux/tedge_get_config_key.err
  environment  : LD_LIBRARY_PATH=/usr/lib
  environment  : PATH=/bin:/usr/bin:/usr/sbin:/usr/local/bin
                   #1  /bin
                   #2  /usr/bin
                   #3  /usr/sbin
                   #4  /usr/local/bin
2022-04-11 09:53:28,220 DEBUG Waiting up to 600 secs for process sudo<tedge_get_config_key> (pid 22801)
2022-04-11 09:53:28,727 INFO  Executed sudo<tedge_get_config_key>, exit status 0
2022-04-11 09:53:28,731 INFO  Assert that (value == vread) with value="failfailfail", vread="failfailfail" ... passed
2022-04-11 09:53:28,733 DEBUG Process parameters for sudo<tedge_set_config_key>
  command line : /usr/bin/sudo /usr/bin/tedge config set device.key.path /etc/tedge/device-certs/tedge-private-key.pem
    arg #1     : /usr/bin/tedge
    arg #2     : config
    arg #3     : set
    arg #4     : device.key.path
    arg #5     : /etc/tedge/device-certs/tedge-private-key.pem
  working dir  : /home/pi/actions-runner/_work/thin-edge.io/thin-edge.io/tests/PySys/tedge/call_tedge_config_list/Output/linux
  stdout       : /home/pi/actions-runner/_work/thin-edge.io/thin-edge.io/tests/PySys/tedge/call_tedge_config_list/Output/linux/tedge_set_config_key.out
  stderr       : /home/pi/actions-runner/_work/thin-edge.io/thin-edge.io/tests/PySys/tedge/call_tedge_config_list/Output/linux/tedge_set_config_key.err
  environment  : LD_LIBRARY_PATH=/usr/lib
  environment  : PATH=/bin:/usr/bin:/usr/sbin:/usr/local/bin
                   #1  /bin
                   #2  /usr/bin
                   #3  /usr/sbin
                   #4  /usr/local/bin
2022-04-11 09:53:28,741 DEBUG Waiting up to 600 secs for process sudo<tedge_set_config_key> (pid 22803)
2022-04-11 09:53:29,248 INFO  Executed sudo<tedge_set_config_key>, exit status 0
2022-04-11 09:53:29,250 DEBUG Process parameters for sudo<tedge_set_config_key>
  command line : /usr/bin/sudo /usr/bin/tedge config set device.cert.path /etc/tedge/device-certs/tedge-certificate.pem
    arg #1     : /usr/bin/tedge
    arg #2     : config
    arg #3     : set
    arg #4     : device.cert.path
    arg #5     : /etc/tedge/device-certs/tedge-certificate.pem
  working dir  : /home/pi/actions-runner/_work/thin-edge.io/thin-edge.io/tests/PySys/tedge/call_tedge_config_list/Output/linux
  stdout       : /home/pi/actions-runner/_work/thin-edge.io/thin-edge.io/tests/PySys/tedge/call_tedge_config_list/Output/linux/tedge_set_config_key.out
  stderr       : /home/pi/actions-runner/_work/thin-edge.io/thin-edge.io/tests/PySys/tedge/call_tedge_config_list/Output/linux/tedge_set_config_key.err
  environment  : LD_LIBRARY_PATH=/usr/lib
  environment  : PATH=/bin:/usr/bin:/usr/sbin:/usr/local/bin
                   #1  /bin
                   #2  /usr/bin
                   #3  /usr/sbin
                   #4  /usr/local/bin
2022-04-11 09:53:29,258 DEBUG Waiting up to 600 secs for process sudo<tedge_set_config_key> (pid 22805)
2022-04-11 09:53:29,765 INFO  Executed sudo<tedge_set_config_key>, exit status 0
2022-04-11 09:53:29,767 DEBUG Process parameters for sudo<tedge_set_config_key>
  command line : /usr/bin/sudo /usr/bin/tedge config set c8y.url thin-edge-io.eu-latest.cumulocity.com
    arg #1     : /usr/bin/tedge
    arg #2     : config
    arg #3     : set
    arg #4     : c8y.url
    arg #5     : thin-edge-io.eu-latest.cumulocity.com
  working dir  : /home/pi/actions-runner/_work/thin-edge.io/thin-edge.io/tests/PySys/tedge/call_tedge_config_list/Output/linux
  stdout       : /home/pi/actions-runner/_work/thin-edge.io/thin-edge.io/tests/PySys/tedge/call_tedge_config_list/Output/linux/tedge_set_config_key.out
  stderr       : /home/pi/actions-runner/_work/thin-edge.io/thin-edge.io/tests/PySys/tedge/call_tedge_config_list/Output/linux/tedge_set_config_key.err
  environment  : LD_LIBRARY_PATH=/usr/lib
  environment  : PATH=/bin:/usr/bin:/usr/sbin:/usr/local/bin
                   #1  /bin
                   #2  /usr/bin
                   #3  /usr/sbin
                   #4  /usr/local/bin
2022-04-11 09:53:29,775 DEBUG Waiting up to 600 secs for process sudo<tedge_set_config_key> (pid 22807)
2022-04-11 09:53:30,282 INFO  Executed sudo<tedge_set_config_key>, exit status 0
2022-04-11 09:53:30,284 DEBUG Process parameters for sudo<tedge_set_config_key>
  command line : /usr/bin/sudo /usr/bin/tedge config set c8y.root.cert.path /etc/ssl/certs
    arg #1     : /usr/bin/tedge
    arg #2     : config
    arg #3     : set
    arg #4     : c8y.root.cert.path
    arg #5     : /etc/ssl/certs
  working dir  : /home/pi/actions-runner/_work/thin-edge.io/thin-edge.io/tests/PySys/tedge/call_tedge_config_list/Output/linux
  stdout       : /home/pi/actions-runner/_work/thin-edge.io/thin-edge.io/tests/PySys/tedge/call_tedge_config_list/Output/linux/tedge_set_config_key.out
  stderr       : /home/pi/actions-runner/_work/thin-edge.io/thin-edge.io/tests/PySys/tedge/call_tedge_config_list/Output/linux/tedge_set_config_key.err
  environment  : LD_LIBRARY_PATH=/usr/lib
  environment  : PATH=/bin:/usr/bin:/usr/sbin:/usr/local/bin
                   #1  /bin
                   #2  /usr/bin
                   #3  /usr/sbin
                   #4  /usr/local/bin
2022-04-11 09:53:30,292 DEBUG Waiting up to 600 secs for process sudo<tedge_set_config_key> (pid 22809)
2022-04-11 09:53:30,799 INFO  Executed sudo<tedge_set_config_key>, exit status 0
2022-04-11 09:53:30,802 DEBUG Process parameters for sudo<tedge_set_config_key>
  command line : /usr/bin/sudo /usr/bin/tedge config set az.url thinedge-gh-ci.azure-devices.net
    arg #1     : /usr/bin/tedge
    arg #2     : config
    arg #3     : set
    arg #4     : az.url
    arg #5     : thinedge-gh-ci.azure-devices.net
  working dir  : /home/pi/actions-runner/_work/thin-edge.io/thin-edge.io/tests/PySys/tedge/call_tedge_config_list/Output/linux
  stdout       : /home/pi/actions-runner/_work/thin-edge.io/thin-edge.io/tests/PySys/tedge/call_tedge_config_list/Output/linux/tedge_set_config_key.out
  stderr       : /home/pi/actions-runner/_work/thin-edge.io/thin-edge.io/tests/PySys/tedge/call_tedge_config_list/Output/linux/tedge_set_config_key.err
  environment  : LD_LIBRARY_PATH=/usr/lib
  environment  : PATH=/bin:/usr/bin:/usr/sbin:/usr/local/bin
                   #1  /bin
                   #2  /usr/bin
                   #3  /usr/sbin
                   #4  /usr/local/bin
2022-04-11 09:53:30,809 DEBUG Waiting up to 600 secs for process sudo<tedge_set_config_key> (pid 22811)
2022-04-11 09:53:31,316 INFO  Executed sudo<tedge_set_config_key>, exit status 0
2022-04-11 09:53:31,319 DEBUG Process parameters for sudo<tedge_set_config_key>
  command line : /usr/bin/sudo /usr/bin/tedge config set az.root.cert.path /etc/ssl/certs/Baltimore_CyberTrust_Root.pem
    arg #1     : /usr/bin/tedge
    arg #2     : config
    arg #3     : set
    arg #4     : az.root.cert.path
    arg #5     : /etc/ssl/certs/Baltimore_CyberTrust_Root.pem
  working dir  : /home/pi/actions-runner/_work/thin-edge.io/thin-edge.io/tests/PySys/tedge/call_tedge_config_list/Output/linux
  stdout       : /home/pi/actions-runner/_work/thin-edge.io/thin-edge.io/tests/PySys/tedge/call_tedge_config_list/Output/linux/tedge_set_config_key.out
  stderr       : /home/pi/actions-runner/_work/thin-edge.io/thin-edge.io/tests/PySys/tedge/call_tedge_config_list/Output/linux/tedge_set_config_key.err
  environment  : LD_LIBRARY_PATH=/usr/lib
  environment  : PATH=/bin:/usr/bin:/usr/sbin:/usr/local/bin
                   #1  /bin
                   #2  /usr/bin
                   #3  /usr/sbin
                   #4  /usr/local/bin
2022-04-11 09:53:31,327 DEBUG Waiting up to 600 secs for process sudo<tedge_set_config_key> (pid 22813)
2022-04-11 09:53:31,833 INFO  Executed sudo<tedge_set_config_key>, exit status 0
2022-04-11 09:53:31,835 INFO  /etc/tedge/device-certs/tedge-private-key.pem
2022-04-11 09:53:31,835 INFO  /etc/tedge/device-certs/tedge-certificate.pem
2022-04-11 09:53:31,836 INFO  thin-edge-io.eu-latest.cumulocity.com
2022-04-11 09:53:31,836 INFO  /etc/ssl/certs
2022-04-11 09:53:31,837 INFO  thinedge-gh-ci.azure-devices.net
2022-04-11 09:53:31,838 INFO  /etc/ssl/certs/Baltimore_CyberTrust_Root.pem
2022-04-11 09:53:31,840 DEBUG Process parameters for sudo<tedge_get_config_key>
  command line : /usr/bin/sudo /usr/bin/tedge config get device.key.path
    arg #1     : /usr/bin/tedge
    arg #2     : config
    arg #3     : get
    arg #4     : device.key.path
  working dir  : /home/pi/actions-runner/_work/thin-edge.io/thin-edge.io/tests/PySys/tedge/call_tedge_config_list/Output/linux
  stdout       : /home/pi/actions-runner/_work/thin-edge.io/thin-edge.io/tests/PySys/tedge/call_tedge_config_list/Output/linux/tedge_get_config_key.out
  stderr       : /home/pi/actions-runner/_work/thin-edge.io/thin-edge.io/tests/PySys/tedge/call_tedge_config_list/Output/linux/tedge_get_config_key.err
  environment  : LD_LIBRARY_PATH=/usr/lib
  environment  : PATH=/bin:/usr/bin:/usr/sbin:/usr/local/bin
                   #1  /bin
                   #2  /usr/bin
                   #3  /usr/sbin
                   #4  /usr/local/bin
2022-04-11 09:53:31,848 DEBUG Waiting up to 600 secs for process sudo<tedge_get_config_key> (pid 22815)
2022-04-11 09:53:32,354 INFO  Executed sudo<tedge_get_config_key>, exit status 0
2022-04-11 09:53:32,358 INFO  Assert that (valueold == valuenew) with valueold="/etc/tedge/device-certs/tedge-private-key.pem", valuenew="/etc/tedge/device-certs/tedge-private-key.pem" ... passed
2022-04-11 09:53:32,361 DEBUG Process parameters for sudo<tedge_get_config_key>
  command line : /usr/bin/sudo /usr/bin/tedge config get device.cert.path
    arg #1     : /usr/bin/tedge
    arg #2     : config
    arg #3     : get
    arg #4     : device.cert.path
  working dir  : /home/pi/actions-runner/_work/thin-edge.io/thin-edge.io/tests/PySys/tedge/call_tedge_config_list/Output/linux
  stdout       : /home/pi/actions-runner/_work/thin-edge.io/thin-edge.io/tests/PySys/tedge/call_tedge_config_list/Output/linux/tedge_get_config_key.out
  stderr       : /home/pi/actions-runner/_work/thin-edge.io/thin-edge.io/tests/PySys/tedge/call_tedge_config_list/Output/linux/tedge_get_config_key.err
  environment  : LD_LIBRARY_PATH=/usr/lib
  environment  : PATH=/bin:/usr/bin:/usr/sbin:/usr/local/bin
                   #1  /bin
                   #2  /usr/bin
                   #3  /usr/sbin
                   #4  /usr/local/bin
2022-04-11 09:53:32,369 DEBUG Waiting up to 600 secs for process sudo<tedge_get_config_key> (pid 22817)
2022-04-11 09:53:32,875 INFO  Executed sudo<tedge_get_config_key>, exit status 0
2022-04-11 09:53:32,879 INFO  Assert that (valueold == valuenew) with valueold="/etc/tedge/device-certs/tedge-certificate.pem", valuenew="/etc/tedge/device-certs/tedge-certificate.pem" ... passed
2022-04-11 09:53:32,881 DEBUG Process parameters for sudo<tedge_get_config_key>
  command line : /usr/bin/sudo /usr/bin/tedge config get c8y.url
    arg #1     : /usr/bin/tedge
    arg #2     : config
    arg #3     : get
    arg #4     : c8y.url
  working dir  : /home/pi/actions-runner/_work/thin-edge.io/thin-edge.io/tests/PySys/tedge/call_tedge_config_list/Output/linux
  stdout       : /home/pi/actions-runner/_work/thin-edge.io/thin-edge.io/tests/PySys/tedge/call_tedge_config_list/Output/linux/tedge_get_config_key.out
  stderr       : /home/pi/actions-runner/_work/thin-edge.io/thin-edge.io/tests/PySys/tedge/call_tedge_config_list/Output/linux/tedge_get_config_key.err
  environment  : LD_LIBRARY_PATH=/usr/lib
  environment  : PATH=/bin:/usr/bin:/usr/sbin:/usr/local/bin
                   #1  /bin
                   #2  /usr/bin
                   #3  /usr/sbin
                   #4  /usr/local/bin
2022-04-11 09:53:32,889 DEBUG Waiting up to 600 secs for process sudo<tedge_get_config_key> (pid 22819)
2022-04-11 09:53:33,396 INFO  Executed sudo<tedge_get_config_key>, exit status 0
2022-04-11 09:53:33,400 INFO  Assert that (valueold == valuenew) with valueold="thin-edge-io.eu-latest.cumulocity.com", valuenew="thin-edge-io.eu-latest.cumulocity.com" ... passed
2022-04-11 09:53:33,402 DEBUG Process parameters for sudo<tedge_get_config_key>
  command line : /usr/bin/sudo /usr/bin/tedge config get c8y.root.cert.path
    arg #1     : /usr/bin/tedge
    arg #2     : config
    arg #3     : get
    arg #4     : c8y.root.cert.path
  working dir  : /home/pi/actions-runner/_work/thin-edge.io/thin-edge.io/tests/PySys/tedge/call_tedge_config_list/Output/linux
  stdout       : /home/pi/actions-runner/_work/thin-edge.io/thin-edge.io/tests/PySys/tedge/call_tedge_config_list/Output/linux/tedge_get_config_key.out
  stderr       : /home/pi/actions-runner/_work/thin-edge.io/thin-edge.io/tests/PySys/tedge/call_tedge_config_list/Output/linux/tedge_get_config_key.err
  environment  : LD_LIBRARY_PATH=/usr/lib
  environment  : PATH=/bin:/usr/bin:/usr/sbin:/usr/local/bin
                   #1  /bin
                   #2  /usr/bin
                   #3  /usr/sbin
                   #4  /usr/local/bin
2022-04-11 09:53:33,410 DEBUG Waiting up to 600 secs for process sudo<tedge_get_config_key> (pid 22821)
2022-04-11 09:53:33,917 INFO  Executed sudo<tedge_get_config_key>, exit status 0
2022-04-11 09:53:33,921 INFO  Assert that (valueold == valuenew) with valueold="/etc/ssl/certs", valuenew="/etc/ssl/certs" ... passed
2022-04-11 09:53:33,923 DEBUG Process parameters for sudo<tedge_get_config_key>
  command line : /usr/bin/sudo /usr/bin/tedge config get az.url
    arg #1     : /usr/bin/tedge
    arg #2     : config
    arg #3     : get
    arg #4     : az.url
  working dir  : /home/pi/actions-runner/_work/thin-edge.io/thin-edge.io/tests/PySys/tedge/call_tedge_config_list/Output/linux
  stdout       : /home/pi/actions-runner/_work/thin-edge.io/thin-edge.io/tests/PySys/tedge/call_tedge_config_list/Output/linux/tedge_get_config_key.out
  stderr       : /home/pi/actions-runner/_work/thin-edge.io/thin-edge.io/tests/PySys/tedge/call_tedge_config_list/Output/linux/tedge_get_config_key.err
  environment  : LD_LIBRARY_PATH=/usr/lib
  environment  : PATH=/bin:/usr/bin:/usr/sbin:/usr/local/bin
                   #1  /bin
                   #2  /usr/bin
                   #3  /usr/sbin
                   #4  /usr/local/bin
2022-04-11 09:53:33,931 DEBUG Waiting up to 600 secs for process sudo<tedge_get_config_key> (pid 22823)
2022-04-11 09:53:34,488 INFO  Executed sudo<tedge_get_config_key>, exit status 0
2022-04-11 09:53:34,492 INFO  Assert that (valueold == valuenew) with valueold="thinedge-gh-ci.azure-devices.net", valuenew="thinedge-gh-ci.azure-devices.net" ... passed
2022-04-11 09:53:34,494 DEBUG Process parameters for sudo<tedge_get_config_key>
  command line : /usr/bin/sudo /usr/bin/tedge config get az.root.cert.path
    arg #1     : /usr/bin/tedge
    arg #2     : config
    arg #3     : get
    arg #4     : az.root.cert.path
  working dir  : /home/pi/actions-runner/_work/thin-edge.io/thin-edge.io/tests/PySys/tedge/call_tedge_config_list/Output/linux
  stdout       : /home/pi/actions-runner/_work/thin-edge.io/thin-edge.io/tests/PySys/tedge/call_tedge_config_list/Output/linux/tedge_get_config_key.out
  stderr       : /home/pi/actions-runner/_work/thin-edge.io/thin-edge.io/tests/PySys/tedge/call_tedge_config_list/Output/linux/tedge_get_config_key.err
  environment  : LD_LIBRARY_PATH=/usr/lib
  environment  : PATH=/bin:/usr/bin:/usr/sbin:/usr/local/bin
                   #1  /bin
                   #2  /usr/bin
                   #3  /usr/sbin
                   #4  /usr/local/bin
2022-04-11 09:53:34,502 DEBUG Waiting up to 600 secs for process sudo<tedge_get_config_key> (pid 22825)
2022-04-11 09:53:35,009 INFO  Executed sudo<tedge_get_config_key>, exit status 0
2022-04-11 09:53:35,012 INFO  Assert that (valueold == valuenew) with valueold="/etc/ssl/certs/Baltimore_CyberTrust_Root.pem", valuenew="/etc/ssl/certs/Baltimore_CyberTrust_Root.pem" ... passed
2022-04-11 09:53:35,015 DEBUG Process parameters for sudo<tedge_unset_device_id>
  command line : /usr/bin/sudo /usr/bin/tedge config unset device.id
    arg #1     : /usr/bin/tedge
    arg #2     : config
    arg #3     : unset
    arg #4     : device.id
  working dir  : /home/pi/actions-runner/_work/thin-edge.io/thin-edge.io/tests/PySys/tedge/call_tedge_config_list/Output/linux
  stdout       : /home/pi/actions-runner/_work/thin-edge.io/thin-edge.io/tests/PySys/tedge/call_tedge_config_list/Output/linux/tedge_unset_device_id.out
  stderr       : /home/pi/actions-runner/_work/thin-edge.io/thin-edge.io/tests/PySys/tedge/call_tedge_config_list/Output/linux/tedge_unset_device_id.err
  environment  : LD_LIBRARY_PATH=/usr/lib
  environment  : PATH=/bin:/usr/bin:/usr/sbin:/usr/local/bin
                   #1  /bin
                   #2  /usr/bin
                   #3  /usr/sbin
                   #4  /usr/local/bin
2022-04-11 09:53:35,023 DEBUG Waiting up to 600 secs for process sudo<tedge_unset_device_id> (pid 22827)
2022-04-11 09:53:35,529 INFO  Executed sudo<tedge_unset_device_id>, exit status 1
2022-04-11 09:53:35,532 DEBUG Process parameters for sudo<tedge_set_device_id>
  command line : /usr/bin/sudo /usr/bin/tedge config set device.id anotherid
    arg #1     : /usr/bin/tedge
    arg #2     : config
    arg #3     : set
    arg #4     : device.id
    arg #5     : anotherid
  working dir  : /home/pi/actions-runner/_work/thin-edge.io/thin-edge.io/tests/PySys/tedge/call_tedge_config_list/Output/linux
  stdout       : /home/pi/actions-runner/_work/thin-edge.io/thin-edge.io/tests/PySys/tedge/call_tedge_config_list/Output/linux/tedge_set_device_id.out
  stderr       : /home/pi/actions-runner/_work/thin-edge.io/thin-edge.io/tests/PySys/tedge/call_tedge_config_list/Output/linux/tedge_set_device_id.err
  environment  : LD_LIBRARY_PATH=/usr/lib
  environment  : PATH=/bin:/usr/bin:/usr/sbin:/usr/local/bin
                   #1  /bin
                   #2  /usr/bin
                   #3  /usr/sbin
                   #4  /usr/local/bin
2022-04-11 09:53:35,540 DEBUG Waiting up to 600 secs for process sudo<tedge_set_device_id> (pid 22829)
2022-04-11 09:53:36,046 INFO  Executed sudo<tedge_set_device_id>, exit status 1
2022-04-11 09:53:36,047 DEBUG --- test validate
2022-04-11 09:53:36,054 DEBUG --- test cleanup
2022-04-11 09:53:36,056 DEBUG ProcessUser cleanup function done.
2022-04-11 09:53:36,059 INFO  
2022-04-11 09:53:36,060 INFO  Test duration: 23.64 secs
2022-04-11 09:53:36,061 INFO  Test final outcome:  PASSED
2022-04-11 09:53:36,062 INFO  
