2022-05-02 15:23:12,977 INFO  ==============================================================
2022-05-02 15:23:12,977 INFO  Id:    SoftwareManagement.sm_apt_install_download_path
2022-05-02 15:23:12,977 INFO  Dir:   software_management_end_to_end/
2022-05-02 15:23:12,977 INFO  Title: Install package to directory specified in tedge config set tmp.path
2022-05-02 15:23:12,977 INFO  ==============================================================
2022-05-02 15:23:13,038 INFO  Using sw id database: {'asciijump': '5475369', 'robotfindskitten': '5474869', 'squirrel3': '5475279', 'rolldice': '5152439', 'moon-buggy': '5439204', 'apple': '5495053', 'banana': '5494888', 'cherry': '5495382', 'watermelon': '5494510', 'registry': '8018911', 'hello-world': '8021526', 'docker/getting-started': '8021973', 'alpine': '7991792'}
2022-05-02 15:23:13,038 INFO  EnvironmentC8y Setup
2022-05-02 15:23:13,089 INFO  Executed systemctl<serv_mapper1>, exit status 3
2022-05-02 15:23:13,101 INFO  Restarting mosquitto too frequently in the last 10 seconds. It was only up for 7 seconds
2022-05-02 15:23:13,102 INFO  Delaying execution by 4 seconds
2022-05-02 15:23:34,524 INFO  Executed sudo<tedge_connect_c8y>, exit status 0, duration 17 secs
2022-05-02 15:23:34,675 INFO  Executed sudo<tedge_connect_c8y_test>, exit status 0
2022-05-02 15:23:34,727 INFO  Executed systemctl<serv_mosq2>, exit status 0
2022-05-02 15:23:34,779 INFO  Executed systemctl<serv_mapper3>, exit status 0
2022-05-02 15:23:36,934 INFO  State of current operation: SUCCESSFUL
2022-05-02 15:23:37,072 INFO  Assert that (False == value) with value=False ... passed
2022-05-02 15:23:37,124 INFO  Executed sudo, exit status 0
2022-05-02 15:23:37,176 INFO  Executed sudo, exit status 0
2022-05-02 15:23:37,235 INFO  Executed sudo, exit status 0
2022-05-02 15:23:37,244 INFO  Restarting mosquitto too frequently in the last 10 seconds. It was only up for 10 seconds
2022-05-02 15:23:37,245 INFO  Delaying execution by 1 seconds
2022-05-02 15:23:49,137 INFO  Executed sudo<tedge_disconnect_c8y>, exit status 0
2022-05-02 15:23:49,150 INFO  Restarting mosquitto too frequently in the last 10 seconds. It was only up for 1 seconds
2022-05-02 15:23:49,150 INFO  Delaying execution by 10 seconds
2022-05-02 15:24:16,544 INFO  Executed sudo<tedge_connect_c8y>, exit status 0, duration 17 secs
2022-05-02 15:24:16,674 INFO  Response status: 201
2022-05-02 15:24:16,675 INFO  Response to action: {
    "creationTime": "2022-05-02T15:24:16.633Z",
    "deviceName": "ubuntu-2gb-hel1-2-thin-edge-b",
    "deviceId": "18168279",
    "self": "https://t493319102.eu-latest.cumulocity.com/devicecontrol/operations/18196093",
    "id": "18196093",
    "status": "PENDING",
    "description": "Apply software changes, triggered from PySys: [{'name': 'rolldice', 'id': '5152439', 'version': '::apt', 'url': 'https://thin-edge-io.eu-latest.cumulocity.com/inventory/binaries/12435463', 'action': 'install'}]",
    "c8y_SoftwareUpdate": [
        {
            "name": "rolldice",
            "action": "install",
            "id": "5152439",
            "version": "::apt",
            "url": "https://thin-edge-io.eu-latest.cumulocity.com/inventory/binaries/12435463"
        }
    ]
}
2022-05-02 15:24:16,675 INFO  Started operation: {'creationTime': '2022-05-02T15:24:16.633Z', 'deviceName': 'ubuntu-2gb-hel1-2-thin-edge-b', 'deviceId': '18168279', 'self': 'https://t493319102.eu-latest.cumulocity.com/devicecontrol/operations/18196093', 'id': '18196093', 'status': 'PENDING', 'description': "Apply software changes, triggered from PySys: [{'name': 'rolldice', 'id': '5152439', 'version': '::apt', 'url': 'https://thin-edge-io.eu-latest.cumulocity.com/inventory/binaries/12435463', 'action': 'install'}]", 'c8y_SoftwareUpdate': [{'name': 'rolldice', 'action': 'install', 'id': '5152439', 'version': '::apt', 'url': 'https://thin-edge-io.eu-latest.cumulocity.com/inventory/binaries/12435463'}]}
2022-05-02 15:24:16,675 WARN  , retrying in 0.5 seconds...
2022-05-02 15:24:17,176 WARN  , retrying in 0.5 seconds...
2022-05-02 15:24:17,677 WARN  , retrying in 0.5 seconds...
2022-05-02 15:24:18,178 WARN  , retrying in 0.5 seconds...
2022-05-02 15:24:18,679 WARN  , retrying in 0.5 seconds...
2022-05-02 15:24:21,295 INFO  State of operation 18196093 : EXECUTING
2022-05-02 15:24:23,407 INFO  State of operation 18196093 : SUCCESSFUL
2022-05-02 15:24:23,542 INFO  Package rolldice is installed
2022-05-02 15:24:23,542 INFO  Assert that (True == value) with value=True ... passed
2022-05-02 15:24:23,664 INFO  Response status: 201
2022-05-02 15:24:23,664 INFO  Response to action: {
    "creationTime": "2022-05-02T15:24:23.625Z",
    "deviceName": "ubuntu-2gb-hel1-2-thin-edge-b",
    "deviceId": "18168279",
    "self": "https://t493319102.eu-latest.cumulocity.com/devicecontrol/operations/18196095",
    "id": "18196095",
    "status": "PENDING",
    "description": "Apply software changes, triggered from PySys: [{'name': 'rolldice', 'id': '5152439', 'version': '', 'url': '', 'action': 'delete'}]",
    "c8y_SoftwareUpdate": [
        {
            "name": "rolldice",
            "action": "delete",
            "id": "5152439",
            "version": "",
            "url": ""
        }
    ]
}
2022-05-02 15:24:23,664 INFO  Started operation: {'creationTime': '2022-05-02T15:24:23.625Z', 'deviceName': 'ubuntu-2gb-hel1-2-thin-edge-b', 'deviceId': '18168279', 'self': 'https://t493319102.eu-latest.cumulocity.com/devicecontrol/operations/18196095', 'id': '18196095', 'status': 'PENDING', 'description': "Apply software changes, triggered from PySys: [{'name': 'rolldice', 'id': '5152439', 'version': '', 'url': '', 'action': 'delete'}]", 'c8y_SoftwareUpdate': [{'name': 'rolldice', 'action': 'delete', 'id': '5152439', 'version': '', 'url': ''}]}
2022-05-02 15:24:25,782 INFO  State of operation 18196095 : EXECUTING
2022-05-02 15:24:27,899 INFO  State of operation 18196095 : EXECUTING
2022-05-02 15:24:30,015 INFO  State of operation 18196095 : SUCCESSFUL
2022-05-02 15:24:30,155 INFO  Assert that (False == value) with value=False ... passed
2022-05-02 15:24:30,156 INFO  
2022-05-02 15:24:30,156 INFO  cleanup:
2022-05-02 15:24:30,208 INFO  Executed sudo, exit status 0
2022-05-02 15:24:30,260 INFO  Executed sudo, exit status 0
2022-05-02 15:24:41,161 INFO  Executed sudo<tedge_disconnect_c8y>, exit status 0
2022-05-02 15:24:41,179 INFO  Restarting mosquitto too frequently in the last 10 seconds. It was only up for 1 seconds
2022-05-02 15:24:41,179 INFO  Delaying execution by 10 seconds
2022-05-02 15:25:08,552 INFO  Executed sudo<tedge_connect_c8y>, exit status 0, duration 17 secs
2022-05-02 15:25:08,565 INFO  Restarting mosquitto too frequently in the last 10 seconds. It was only up for 7 seconds
2022-05-02 15:25:08,565 INFO  Delaying execution by 4 seconds
2022-05-02 15:25:23,415 INFO  Executed sudo<tedge_disconnect_c8y>, exit status 0
2022-05-02 15:25:23,468 INFO  Executed systemctl<serv_mapper5>, exit status 3
2022-05-02 15:25:23,468 INFO  
2022-05-02 15:25:23,469 INFO  Test duration: 130.49 secs
2022-05-02 15:25:23,469 INFO  Test final outcome:  PASSED
2022-05-02 15:25:23,469 INFO  
