2022-04-07 17:09:53,083 INFO  ==============================================================
2022-04-07 17:09:53,084 INFO  Id:    docker_plugin_install_with_version
2022-04-07 17:09:53,085 INFO  Dir:   plugin_docker/
2022-04-07 17:09:53,086 INFO  Title: Validate docker plugin install
2022-04-07 17:09:53,086 DEBUG Execution order hint: 0.0
2022-04-07 17:09:53,087 INFO  ==============================================================
2022-04-07 17:09:53,093 DEBUG Process parameters for sudo<docker_images>
  command line : /usr/bin/sudo docker images
    arg #1     : docker
    arg #2     : images
  working dir  : /home/pi/actions-runner/_work/thin-edge.io/thin-edge.io/tests/PySys/plugin_docker/docker_plugin_install_with_version/Output/linux
  stdout       : /home/pi/actions-runner/_work/thin-edge.io/thin-edge.io/tests/PySys/plugin_docker/docker_plugin_install_with_version/Output/linux/docker_images.out
  stderr       : /home/pi/actions-runner/_work/thin-edge.io/thin-edge.io/tests/PySys/plugin_docker/docker_plugin_install_with_version/Output/linux/docker_images.err
  environment  : LD_LIBRARY_PATH=/usr/lib
  environment  : PATH=/bin:/usr/bin:/usr/sbin:/usr/local/bin
                   #1  /bin
                   #2  /usr/bin
                   #3  /usr/sbin
                   #4  /usr/local/bin
2022-04-07 17:09:53,099 DEBUG Waiting up to 600 secs for process sudo<docker_images> (pid 17447)
2022-04-07 17:09:53,907 INFO  Executed sudo<docker_images>, exit status 0
2022-04-07 17:09:53,908 DEBUG Performing regex contains=False grep on file: /home/pi/actions-runner/_work/thin-edge.io/thin-edge.io/tests/PySys/plugin_docker/docker_plugin_install_with_version/Output/linux/docker_images.out
2022-04-07 17:09:53,960 WARN  Grep on /home/pi/actions-runner/_work/thin-edge.io/thin-edge.io/tests/PySys/plugin_docker/docker_plugin_install_with_version/Output/linux/docker_images.out does not contain "registry" failed with 2 matches, first is: "registry            2.7.1               e8a56425636e        4 months ago        22.2MB" ... failed 
2022-04-07 17:09:53,961 WARN  Aborted test due to FAILED outcome
2022-04-07 17:09:53,965 DEBUG --- test cleanup
2022-04-07 17:09:53,966 INFO  
2022-04-07 17:09:53,967 INFO  cleanup:
2022-04-07 17:09:53,967 DEBUG Running registered cleanup function: <bound method DockerPlugin.cleanup_containers of <DockerPluginInstallWithVersionTest object at 0x760ccab0>>
2022-04-07 17:09:53,968 DEBUG Running registered cleanup function: <bound method DockerPlugin.cleanup_images of <DockerPluginInstallWithVersionTest object at 0x760ccab0>>
2022-04-07 17:09:53,969 DEBUG ProcessUser cleanup function done.
2022-04-07 17:09:53,972 INFO  
2022-04-07 17:09:53,972 INFO  Test duration: 0.89 secs
2022-04-07 17:09:53,973 INFO  Test final outcome:  FAILED
2022-04-07 17:09:53,974 INFO  Test outcome reason: Grep on /home/pi/actions-runner/_work/thin-edge.io/thin-edge.io/tests/PySys/plugin_docker/docker_plugin_install_with_version/Output/linux/docker_images.out does not contain "registry" failed with 2 matches, first is: "registry            2.7.1               e8a56425636e        4 months ago        22.2MB"
2022-04-07 17:09:53,975 INFO  
