2022-04-07 16:37:58,468 INFO  ==============================================================
2022-04-07 16:37:58,469 INFO  Id:    apt_install_fail
2022-04-07 16:37:58,471 INFO  Dir:   plugin_apt/
2022-04-07 16:37:58,471 INFO  Title: Validate apt plugin prepare - failing
2022-04-07 16:37:58,472 DEBUG Execution order hint: 0.0
2022-04-07 16:37:58,473 INFO  ==============================================================
2022-04-07 16:37:58,478 DEBUG Process parameters for sudo<outp_check_0>
  command line : /usr/bin/sudo /etc/tedge/sm-plugins/apt list
    arg #1     : /etc/tedge/sm-plugins/apt
    arg #2     : list
  working dir  : /home/pi/actions-runner/_work/thin-edge.io/thin-edge.io/tests/PySys/plugin_apt/apt_install_fail/Output/linux
  stdout       : /home/pi/actions-runner/_work/thin-edge.io/thin-edge.io/tests/PySys/plugin_apt/apt_install_fail/Output/linux/outp_check_0.out
  stderr       : /home/pi/actions-runner/_work/thin-edge.io/thin-edge.io/tests/PySys/plugin_apt/apt_install_fail/Output/linux/outp_check_0.err
  environment  : LD_LIBRARY_PATH=/usr/lib
  environment  : PATH=/bin:/usr/bin:/usr/sbin:/usr/local/bin
                   #1  /bin
                   #2  /usr/bin
                   #3  /usr/sbin
                   #4  /usr/local/bin
2022-04-07 16:37:58,486 DEBUG Waiting up to 600 secs for process sudo<outp_check_0> (pid 5200)
2022-04-07 16:38:03,773 INFO  Executed sudo<outp_check_0>, exit status 0
2022-04-07 16:38:03,776 INFO  Assert that (value==0) with value=0 ... passed
2022-04-07 16:38:03,777 DEBUG Performing regex contains=False grep on file: /home/pi/actions-runner/_work/thin-edge.io/thin-edge.io/tests/PySys/plugin_apt/apt_install_fail/Output/linux/outp_check_0.out
2022-04-07 16:38:03,783 INFO  Grep on file outp_check_0.out ... passed
2022-04-07 16:38:03,784 DEBUG --- test execute
2022-04-07 16:38:03,786 DEBUG Process parameters for sudo<outp_install>
  command line : /usr/bin/sudo /etc/tedge/sm-plugins/apt install notapackage
    arg #1     : /etc/tedge/sm-plugins/apt
    arg #2     : install
    arg #3     : notapackage
  working dir  : /home/pi/actions-runner/_work/thin-edge.io/thin-edge.io/tests/PySys/plugin_apt/apt_install_fail/Output/linux
  stdout       : /home/pi/actions-runner/_work/thin-edge.io/thin-edge.io/tests/PySys/plugin_apt/apt_install_fail/Output/linux/outp_install.out
  stderr       : /home/pi/actions-runner/_work/thin-edge.io/thin-edge.io/tests/PySys/plugin_apt/apt_install_fail/Output/linux/outp_install.err
  environment  : LD_LIBRARY_PATH=/usr/lib
  environment  : PATH=/bin:/usr/bin:/usr/sbin:/usr/local/bin
                   #1  /bin
                   #2  /usr/bin
                   #3  /usr/sbin
                   #4  /usr/local/bin
2022-04-07 16:38:03,793 DEBUG Waiting up to 600 secs for process sudo<outp_install> (pid 5206)
2022-04-07 16:38:07,165 INFO  Executed sudo<outp_install>, exit status 2
2022-04-07 16:38:07,167 INFO  Assert that (value==2) with value=2 ... passed
2022-04-07 16:38:07,168 DEBUG --- test validate
2022-04-07 16:38:07,170 DEBUG Process parameters for sudo<outp_check_1>
  command line : /usr/bin/sudo /etc/tedge/sm-plugins/apt list
    arg #1     : /etc/tedge/sm-plugins/apt
    arg #2     : list
  working dir  : /home/pi/actions-runner/_work/thin-edge.io/thin-edge.io/tests/PySys/plugin_apt/apt_install_fail/Output/linux
  stdout       : /home/pi/actions-runner/_work/thin-edge.io/thin-edge.io/tests/PySys/plugin_apt/apt_install_fail/Output/linux/outp_check_1.out
  stderr       : /home/pi/actions-runner/_work/thin-edge.io/thin-edge.io/tests/PySys/plugin_apt/apt_install_fail/Output/linux/outp_check_1.err
  environment  : LD_LIBRARY_PATH=/usr/lib
  environment  : PATH=/bin:/usr/bin:/usr/sbin:/usr/local/bin
                   #1  /bin
                   #2  /usr/bin
                   #3  /usr/sbin
                   #4  /usr/local/bin
2022-04-07 16:38:07,177 DEBUG Waiting up to 600 secs for process sudo<outp_check_1> (pid 5211)
2022-04-07 16:38:09,745 INFO  Executed sudo<outp_check_1>, exit status 0
2022-04-07 16:38:09,746 INFO  Assert that (value==0) with value=0 ... passed
2022-04-07 16:38:09,748 DEBUG Performing regex contains=False grep on file: /home/pi/actions-runner/_work/thin-edge.io/thin-edge.io/tests/PySys/plugin_apt/apt_install_fail/Output/linux/outp_check_1.out
2022-04-07 16:38:09,753 INFO  Grep on file outp_check_1.out ... passed
2022-04-07 16:38:09,759 DEBUG --- test cleanup
2022-04-07 16:38:09,760 DEBUG ProcessUser cleanup function done.
2022-04-07 16:38:09,763 INFO  
2022-04-07 16:38:09,764 INFO  Test duration: 11.30 secs
2022-04-07 16:38:09,765 INFO  Test final outcome:  PASSED
2022-04-07 16:38:09,766 INFO  
