2022-04-11 09:53:11,142 INFO  ==============================================================
2022-04-11 09:53:11,143 INFO  Id:    call_tedge_-V
2022-04-11 09:53:11,145 INFO  Dir:   tedge/
2022-04-11 09:53:11,146 INFO  Title: Validate command line option -V
2022-04-11 09:53:11,147 DEBUG Execution order hint: 0.0
2022-04-11 09:53:11,148 INFO  ==============================================================
2022-04-11 09:53:11,279 DEBUG --- test execute
2022-04-11 09:53:11,282 DEBUG Process parameters for tedge
  command line : /usr/bin/tedge -V
    arg #1     : -V
  working dir  : /home/pi/actions-runner/_work/thin-edge.io/thin-edge.io/tests/PySys/tedge/call_tedge_-V/Output/linux
  stdout       : /home/pi/actions-runner/_work/thin-edge.io/thin-edge.io/tests/PySys/tedge/call_tedge_-V/Output/linux/tedge.out
  stderr       : /home/pi/actions-runner/_work/thin-edge.io/thin-edge.io/tests/PySys/tedge/call_tedge_-V/Output/linux/tedge.err
  environment  : LD_LIBRARY_PATH=/usr/lib
  environment  : PATH=/bin:/usr/bin:/usr/sbin:/usr/local/bin
                   #1  /bin
                   #2  /usr/bin
                   #3  /usr/sbin
                   #4  /usr/local/bin
2022-04-11 09:53:11,290 DEBUG Waiting up to 600 secs for process tedge (pid 32479)
2022-04-11 09:53:11,697 INFO  Executed tedge, exit status 0
2022-04-11 09:53:11,698 DEBUG --- test validate
2022-04-11 09:53:11,699 DEBUG Performing regex contains=True grep on file: /home/pi/actions-runner/_work/thin-edge.io/thin-edge.io/tests/PySys/tedge/call_tedge_-V/Output/linux/tedge.out
2022-04-11 09:53:11,704 DEBUG Grep on file tedge.out successfully matched expression "tedge 0.6.1" with line: 'tedge 0.6.1\n'
2022-04-11 09:53:11,705 INFO  Grep on file tedge.out ... passed
2022-04-11 09:53:11,709 DEBUG --- test cleanup
2022-04-11 09:53:11,711 DEBUG ProcessUser cleanup function done.
2022-04-11 09:53:11,714 INFO  
2022-04-11 09:53:11,715 INFO  Test duration: 0.58 secs
2022-04-11 09:53:11,717 INFO  Test final outcome:  PASSED
2022-04-11 09:53:11,718 INFO  
