2022-04-12 09:10:22,971 INFO  ==============================================================
2022-04-12 09:10:22,972 INFO  Id:    apt_sequence_remove_with_version_fail
2022-04-12 09:10:22,974 INFO  Dir:   plugin_apt/
2022-04-12 09:10:22,974 INFO  Title: Validate apt plugin remove with version fails when the version not found
2022-04-12 09:10:22,975 INFO  ==============================================================
2022-04-12 09:11:01,241 INFO  Executed sudo<outp_install>, exit status 0, duration 38 secs
2022-04-12 09:11:01,245 INFO  Assert that (value==0) with value=0 ... passed
2022-04-12 09:11:07,289 INFO  Executed sudo<outp_remove>, exit status 2
2022-04-12 09:11:07,292 INFO  Assert that (value==2) with value=2 ... passed
2022-04-12 09:11:07,297 INFO  Grep on file outp_remove.err ... passed
2022-04-12 09:11:09,870 INFO  Executed sudo<outp_check_0>, exit status 0
2022-04-12 09:11:09,872 INFO  Assert that (value==0) with value=0 ... passed
2022-04-12 09:11:09,878 INFO  Grep on file outp_check_0.out ... passed
2022-04-12 09:11:09,883 INFO  
2022-04-12 09:11:09,884 INFO  cleanup:
2022-04-12 09:11:23,344 INFO  Executed sudo, exit status 0, duration 13 secs
2022-04-12 09:11:23,349 INFO  
2022-04-12 09:11:23,350 INFO  Test duration: 60.38 secs
2022-04-12 09:11:23,351 INFO  Test final outcome:  PASSED
2022-04-12 09:11:23,352 INFO  
