2022-05-03 08:00:04,872 INFO  ==============================================================
2022-05-03 08:00:04,872 INFO  Id:    apt_sequence_remove
2022-05-03 08:00:04,872 INFO  Dir:   plugin_apt/
2022-05-03 08:00:04,872 INFO  Title: Validate apt plugin prepare install remove finalize use case
2022-05-03 08:00:04,872 INFO  ==============================================================
2022-05-03 08:00:08,635 INFO  Executed sudo, exit status 0
2022-05-03 08:00:09,088 INFO  Executed sudo<outp_check_0>, exit status 0
2022-05-03 08:00:09,089 INFO  Assert that (value==0) with value=0 ... passed
2022-05-03 08:00:09,090 INFO  Grep on file outp_check_0.out ... passed
2022-05-03 08:00:10,847 INFO  Executed sudo<outp_prepare>, exit status 0
2022-05-03 08:00:10,847 INFO  Assert that (value==0) with value=0 ... passed
2022-05-03 08:00:14,561 INFO  Executed sudo<outp_remove>, exit status 0
2022-05-03 08:00:14,561 INFO  Assert that (value==0) with value=0 ... passed
2022-05-03 08:00:15,165 INFO  Executed sudo<outp_finalize>, exit status 0
2022-05-03 08:00:15,165 INFO  Assert that (value==0) with value=0 ... passed
2022-05-03 08:00:15,568 INFO  Executed sudo<outp_check_1>, exit status 0
2022-05-03 08:00:15,569 INFO  Assert that (value==0) with value=0 ... passed
2022-05-03 08:00:15,570 INFO  Grep on file outp_check_1.out ... passed
2022-05-03 08:00:15,570 INFO  
2022-05-03 08:00:15,570 INFO  cleanup:
2022-05-03 08:00:16,173 INFO  Executed sudo, exit status 0
2022-05-03 08:00:16,174 INFO  
2022-05-03 08:00:16,174 INFO  Test duration: 11.30 secs
2022-05-03 08:00:16,174 INFO  Test final outcome:  PASSED
2022-05-03 08:00:16,175 INFO  
