2022-05-02 15:17:11,586 INFO  ==============================================================
2022-05-02 15:17:11,587 INFO  Id:    call_tedge_config_list
2022-05-02 15:17:11,588 INFO  Dir:   tedge/
2022-05-02 15:17:11,589 INFO  Title: Validate command line options config: get set unset
2022-05-02 15:17:11,590 INFO  ==============================================================
2022-05-02 15:17:12,112 INFO  Executed sudo<tedge>, exit status 0
2022-05-02 15:17:12,625 INFO  Executed sudo<tedge_get_config_key>, exit status 0
2022-05-02 15:17:13,189 INFO  Executed sudo<tedge_get_config_key>, exit status 0
2022-05-02 15:17:13,701 INFO  Executed sudo<tedge_get_config_key>, exit status 0
2022-05-02 15:17:14,214 INFO  Executed sudo<tedge_get_config_key>, exit status 0
2022-05-02 15:17:14,730 INFO  Executed sudo<tedge_get_config_key>, exit status 0
2022-05-02 15:17:15,242 INFO  Executed sudo<tedge_get_config_key>, exit status 0
2022-05-02 15:17:15,245 INFO  /etc/tedge/device-certs/tedge-private-key.pem
2022-05-02 15:17:15,246 INFO  /etc/tedge/device-certs/tedge-certificate.pem
2022-05-02 15:17:15,247 INFO  thin-edge-io.eu-latest.cumulocity.com
2022-05-02 15:17:15,247 INFO  /etc/ssl/certs
2022-05-02 15:17:15,248 INFO  thinedge-gh-ci.azure-devices.net
2022-05-02 15:17:15,248 INFO  /etc/ssl/certs/Baltimore_CyberTrust_Root.pem
2022-05-02 15:17:15,809 INFO  Executed sudo<tedge_unset_config_key>, exit status 0
2022-05-02 15:17:16,373 INFO  Executed sudo<tedge_unset_config_key>, exit status 0
2022-05-02 15:17:16,886 INFO  Executed sudo<tedge_unset_config_key>, exit status 0
2022-05-02 15:17:17,457 INFO  Executed sudo<tedge_unset_config_key>, exit status 0
2022-05-02 15:17:18,023 INFO  Executed sudo<tedge_unset_config_key>, exit status 0
2022-05-02 15:17:18,592 INFO  Executed sudo<tedge_unset_config_key>, exit status 0
2022-05-02 15:17:19,155 INFO  Executed sudo<tedge_get_config_key>, exit status 0
2022-05-02 15:17:19,159 INFO  Assert that (expect == valueread) with expect="/etc/tedge/device-certs/tedge-private-key.pem", valueread="/etc/tedge/device-certs/tedge-private-key.pem" ... passed
2022-05-02 15:17:19,670 INFO  Executed sudo<tedge_get_config_key>, exit status 0
2022-05-02 15:17:19,675 INFO  Assert that (expect == valueread) with expect="/etc/tedge/device-certs/tedge-certificate.pem", valueread="/etc/tedge/device-certs/tedge-certificate.pem" ... passed
2022-05-02 15:17:20,236 INFO  Executed sudo<tedge_get_config_key>, exit status 0
2022-05-02 15:17:20,240 INFO  Assert that (expect == valueread) with expect=None, valueread=None ... passed
2022-05-02 15:17:20,801 INFO  Executed sudo<tedge_get_config_key>, exit status 0
2022-05-02 15:17:20,805 INFO  Assert that (expect == valueread) with expect="/etc/ssl/certs", valueread="/etc/ssl/certs" ... passed
2022-05-02 15:17:21,366 INFO  Executed sudo<tedge_get_config_key>, exit status 0
2022-05-02 15:17:21,370 INFO  Assert that (expect == valueread) with expect=None, valueread=None ... passed
2022-05-02 15:17:21,931 INFO  Executed sudo<tedge_get_config_key>, exit status 0
2022-05-02 15:17:21,935 INFO  Assert that (expect == valueread) with expect="/etc/ssl/certs", valueread="/etc/ssl/certs" ... passed
2022-05-02 15:17:22,497 INFO  Executed sudo<tedge_set_config_key>, exit status 0
2022-05-02 15:17:23,059 INFO  Executed sudo<tedge_get_config_key>, exit status 0
2022-05-02 15:17:23,063 INFO  Assert that (value == vread) with value="failfailfail", vread="failfailfail" ... passed
2022-05-02 15:17:23,624 INFO  Executed sudo<tedge_set_config_key>, exit status 0
2022-05-02 15:17:24,186 INFO  Executed sudo<tedge_get_config_key>, exit status 0
2022-05-02 15:17:24,190 INFO  Assert that (value == vread) with value="failfailfail", vread="failfailfail" ... passed
2022-05-02 15:17:24,752 INFO  Executed sudo<tedge_set_config_key>, exit status 0
2022-05-02 15:17:25,314 INFO  Executed sudo<tedge_get_config_key>, exit status 0
2022-05-02 15:17:25,318 INFO  Assert that (value == vread) with value="failfailfail", vread="failfailfail" ... passed
2022-05-02 15:17:25,879 INFO  Executed sudo<tedge_set_config_key>, exit status 0
2022-05-02 15:17:26,441 INFO  Executed sudo<tedge_get_config_key>, exit status 0
2022-05-02 15:17:26,445 INFO  Assert that (value == vread) with value="failfailfail", vread="failfailfail" ... passed
2022-05-02 15:17:27,006 INFO  Executed sudo<tedge_set_config_key>, exit status 0
2022-05-02 15:17:27,569 INFO  Executed sudo<tedge_get_config_key>, exit status 0
2022-05-02 15:17:27,574 INFO  Assert that (value == vread) with value="failfailfail", vread="failfailfail" ... passed
2022-05-02 15:17:28,289 INFO  Executed sudo<tedge_set_config_key>, exit status 0
2022-05-02 15:17:28,851 INFO  Executed sudo<tedge_get_config_key>, exit status 0
2022-05-02 15:17:28,855 INFO  Assert that (value == vread) with value="failfailfail", vread="failfailfail" ... passed
2022-05-02 15:17:29,416 INFO  Executed sudo<tedge_set_config_key>, exit status 0
2022-05-02 15:17:29,928 INFO  Executed sudo<tedge_set_config_key>, exit status 0
2022-05-02 15:17:30,490 INFO  Executed sudo<tedge_set_config_key>, exit status 0
2022-05-02 15:17:31,001 INFO  Executed sudo<tedge_set_config_key>, exit status 0
2022-05-02 15:17:31,563 INFO  Executed sudo<tedge_set_config_key>, exit status 0
2022-05-02 15:17:32,124 INFO  Executed sudo<tedge_set_config_key>, exit status 0
2022-05-02 15:17:32,125 INFO  /etc/tedge/device-certs/tedge-private-key.pem
2022-05-02 15:17:32,126 INFO  /etc/tedge/device-certs/tedge-certificate.pem
2022-05-02 15:17:32,126 INFO  thin-edge-io.eu-latest.cumulocity.com
2022-05-02 15:17:32,127 INFO  /etc/ssl/certs
2022-05-02 15:17:32,128 INFO  thinedge-gh-ci.azure-devices.net
2022-05-02 15:17:32,128 INFO  /etc/ssl/certs/Baltimore_CyberTrust_Root.pem
2022-05-02 15:17:32,689 INFO  Executed sudo<tedge_get_config_key>, exit status 0
2022-05-02 15:17:32,693 INFO  Assert that (valueold == valuenew) with valueold="/etc/tedge/device-certs/tedge-private-key.pem", valuenew="/etc/tedge/device-certs/tedge-private-key.pem" ... passed
2022-05-02 15:17:33,203 INFO  Executed sudo<tedge_get_config_key>, exit status 0
2022-05-02 15:17:33,207 INFO  Assert that (valueold == valuenew) with valueold="/etc/tedge/device-certs/tedge-certificate.pem", valuenew="/etc/tedge/device-certs/tedge-certificate.pem" ... passed
2022-05-02 15:17:33,769 INFO  Executed sudo<tedge_get_config_key>, exit status 0
2022-05-02 15:17:33,773 INFO  Assert that (valueold == valuenew) with valueold="thin-edge-io.eu-latest.cumulocity.com", valuenew="thin-edge-io.eu-latest.cumulocity.com" ... passed
2022-05-02 15:17:34,284 INFO  Executed sudo<tedge_get_config_key>, exit status 0
2022-05-02 15:17:34,287 INFO  Assert that (valueold == valuenew) with valueold="/etc/ssl/certs", valuenew="/etc/ssl/certs" ... passed
2022-05-02 15:17:34,848 INFO  Executed sudo<tedge_get_config_key>, exit status 0
2022-05-02 15:17:34,853 INFO  Assert that (valueold == valuenew) with valueold="thinedge-gh-ci.azure-devices.net", valuenew="thinedge-gh-ci.azure-devices.net" ... passed
2022-05-02 15:17:35,413 INFO  Executed sudo<tedge_get_config_key>, exit status 0
2022-05-02 15:17:35,418 INFO  Assert that (valueold == valuenew) with valueold="/etc/ssl/certs/Baltimore_CyberTrust_Root.pem", valuenew="/etc/ssl/certs/Baltimore_CyberTrust_Root.pem" ... passed
2022-05-02 15:17:35,979 INFO  Executed sudo<tedge_unset_device_id>, exit status 1
2022-05-02 15:17:36,542 INFO  Executed sudo<tedge_set_device_id>, exit status 1
2022-05-02 15:17:36,552 INFO  
2022-05-02 15:17:36,553 INFO  Test duration: 24.97 secs
2022-05-02 15:17:36,554 INFO  Test final outcome:  PASSED
2022-05-02 15:17:36,555 INFO  
