2022-05-02 16:25:43,899 INFO  ==============================================================
2022-05-02 16:25:43,900 INFO  Id:    SoftwareManagement.sm_apt_install_remove_with_version
2022-05-02 16:25:43,902 INFO  Dir:   software_management_end_to_end/
2022-05-02 16:25:43,904 INFO  Title: Validate end to end behaviour for the apt plugin for packages with version
2022-05-02 16:25:43,905 INFO  ==============================================================
2022-05-02 16:25:43,914 INFO  Using sw id database: {'asciijump': '5475369', 'robotfindskitten': '5474869', 'squirrel3': '5475279', 'rolldice': '5152439', 'moon-buggy': '5439204', 'apple': '5495053', 'banana': '5494888', 'cherry': '5495382', 'watermelon': '5494510', 'registry': '8018911', 'hello-world': '8021526', 'docker/getting-started': '8021973', 'alpine': '7991792'}
2022-05-02 16:25:43,915 INFO  EnvironmentC8y Setup
2022-05-02 16:25:44,478 INFO  Executed systemctl<serv_mapper1>, exit status 3
2022-05-02 16:25:44,591 INFO  Restarting mosquitto too frequently in the last 10 seconds. It was only up for 7 seconds
2022-05-02 16:25:44,593 INFO  Delaying execution by 4 seconds
2022-05-02 16:26:07,070 INFO  Executed sudo<tedge_connect_c8y>, exit status 0, duration 18 secs
2022-05-02 16:26:08,917 INFO  Executed sudo<tedge_connect_c8y_test>, exit status 0
2022-05-02 16:26:09,380 INFO  Executed systemctl<serv_mosq2>, exit status 0
2022-05-02 16:26:09,892 INFO  Executed systemctl<serv_mapper3>, exit status 0
2022-05-02 16:26:12,120 INFO  State of current operation: FAILED
2022-05-02 16:26:12,377 INFO  Assert that (False == value) with value=False ... passed
2022-05-02 16:26:13,662 INFO  Response status: 201
2022-05-02 16:26:13,664 INFO  Response to action: {
    "delivery": {
        "time": "2022-05-02T16:26:13.635Z",
        "log": [],
        "status": "PENDING"
    },
    "creationTime": "2022-05-02T16:26:13.622Z",
    "deviceName": "m32sd11e",
    "deviceId": "18180747",
    "self": "https://t493319102.eu-latest.cumulocity.com/devicecontrol/operations/18214276",
    "id": "18214276",
    "status": "PENDING",
    "description": "Apply software changes, triggered from PySys: [{'name': 'rolldice', 'id': '5152439', 'version': '1.16-1+b2', 'url': '', 'action': 'install'}]",
    "c8y_SoftwareUpdate": [
        {
            "name": "rolldice",
            "action": "install",
            "id": "5152439",
            "version": "1.16-1+b2",
            "url": ""
        }
    ]
}
2022-05-02 16:26:13,665 INFO  Started operation: {'delivery': {'time': '2022-05-02T16:26:13.635Z', 'log': [], 'status': 'PENDING'}, 'creationTime': '2022-05-02T16:26:13.622Z', 'deviceName': 'm32sd11e', 'deviceId': '18180747', 'self': 'https://t493319102.eu-latest.cumulocity.com/devicecontrol/operations/18214276', 'id': '18214276', 'status': 'PENDING', 'description': "Apply software changes, triggered from PySys: [{'name': 'rolldice', 'id': '5152439', 'version': '1.16-1+b2', 'url': '', 'action': 'install'}]", 'c8y_SoftwareUpdate': [{'name': 'rolldice', 'action': 'install', 'id': '5152439', 'version': '1.16-1+b2', 'url': ''}]}
2022-05-02 16:26:15,882 INFO  State of operation 18214276 : PENDING
2022-05-02 16:26:18,133 INFO  State of operation 18214276 : EXECUTING
2022-05-02 16:26:20,373 INFO  State of operation 18214276 : EXECUTING
2022-05-02 16:26:22,668 INFO  State of operation 18214276 : EXECUTING
2022-05-02 16:26:24,904 INFO  State of operation 18214276 : EXECUTING
2022-05-02 16:26:27,123 INFO  State of operation 18214276 : EXECUTING
2022-05-02 16:26:29,342 INFO  State of operation 18214276 : EXECUTING
2022-05-02 16:26:33,193 INFO  State of operation 18214276 : EXECUTING
2022-05-02 16:26:36,252 INFO  State of operation 18214276 : EXECUTING
2022-05-02 16:26:38,773 INFO  State of operation 18214276 : EXECUTING
2022-05-02 16:26:41,206 INFO  State of operation 18214276 : EXECUTING
2022-05-02 16:26:43,478 INFO  State of operation 18214276 : EXECUTING
2022-05-02 16:26:45,695 INFO  State of operation 18214276 : EXECUTING
2022-05-02 16:26:47,909 INFO  State of operation 18214276 : EXECUTING
2022-05-02 16:26:50,127 INFO  State of operation 18214276 : EXECUTING
2022-05-02 16:26:52,343 INFO  State of operation 18214276 : EXECUTING
2022-05-02 16:26:54,577 INFO  State of operation 18214276 : EXECUTING
2022-05-02 16:26:56,791 INFO  State of operation 18214276 : SUCCESSFUL
2022-05-02 16:26:57,051 INFO  Package rolldice is installed
2022-05-02 16:26:57,054 INFO  Assert that (True == value) with value=True ... passed
2022-05-02 16:26:57,295 INFO  Response status: 201
2022-05-02 16:26:57,297 INFO  Response to action: {
    "delivery": {
        "time": "2022-05-02T16:26:57.268Z",
        "log": [],
        "status": "PENDING"
    },
    "creationTime": "2022-05-02T16:26:57.256Z",
    "deviceName": "m32sd11e",
    "deviceId": "18180747",
    "self": "https://t493319102.eu-latest.cumulocity.com/devicecontrol/operations/18214282",
    "id": "18214282",
    "status": "PENDING",
    "description": "Apply software changes, triggered from PySys: [{'name': 'rolldice', 'id': '5152439', 'version': '88::apt', 'url': '', 'action': 'delete'}]",
    "c8y_SoftwareUpdate": [
        {
            "name": "rolldice",
            "action": "delete",
            "id": "5152439",
            "version": "88::apt",
            "url": ""
        }
    ]
}
2022-05-02 16:26:57,297 INFO  Started operation: {'delivery': {'time': '2022-05-02T16:26:57.268Z', 'log': [], 'status': 'PENDING'}, 'creationTime': '2022-05-02T16:26:57.256Z', 'deviceName': 'm32sd11e', 'deviceId': '18180747', 'self': 'https://t493319102.eu-latest.cumulocity.com/devicecontrol/operations/18214282', 'id': '18214282', 'status': 'PENDING', 'description': "Apply software changes, triggered from PySys: [{'name': 'rolldice', 'id': '5152439', 'version': '88::apt', 'url': '', 'action': 'delete'}]", 'c8y_SoftwareUpdate': [{'name': 'rolldice', 'action': 'delete', 'id': '5152439', 'version': '88::apt', 'url': ''}]}
2022-05-02 16:26:59,514 INFO  State of operation 18214282 : PENDING
2022-05-02 16:27:02,147 INFO  State of operation 18214282 : EXECUTING
2022-05-02 16:27:04,401 INFO  State of operation 18214282 : EXECUTING
2022-05-02 16:27:06,644 INFO  State of operation 18214282 : EXECUTING
2022-05-02 16:27:08,867 INFO  State of operation 18214282 : EXECUTING
2022-05-02 16:27:11,086 INFO  State of operation 18214282 : EXECUTING
2022-05-02 16:27:13,367 INFO  State of operation 18214282 : EXECUTING
2022-05-02 16:27:15,990 INFO  State of operation 18214282 : EXECUTING
2022-05-02 16:27:18,206 INFO  State of operation 18214282 : EXECUTING
2022-05-02 16:27:20,868 INFO  State of operation 18214282 : EXECUTING
2022-05-02 16:27:23,172 INFO  State of operation 18214282 : EXECUTING
2022-05-02 16:27:25,590 INFO  State of operation 18214282 : EXECUTING
2022-05-02 16:27:27,835 INFO  State of operation 18214282 : EXECUTING
2022-05-02 16:27:30,064 INFO  State of operation 18214282 : EXECUTING
2022-05-02 16:27:32,291 INFO  State of operation 18214282 : EXECUTING
2022-05-02 16:27:34,523 INFO  State of operation 18214282 : EXECUTING
2022-05-02 16:27:36,754 INFO  State of operation 18214282 : FAILED
2022-05-02 16:27:36,975 INFO  Package rolldice is installed
2022-05-02 16:27:36,977 INFO  Assert that (True == value) with value=True ... passed
2022-05-02 16:27:37,802 INFO  Response status: 201
2022-05-02 16:27:37,804 INFO  Response to action: {
    "delivery": {
        "time": "2022-05-02T16:27:37.775Z",
        "log": [],
        "status": "PENDING"
    },
    "creationTime": "2022-05-02T16:27:37.763Z",
    "deviceName": "m32sd11e",
    "deviceId": "18180747",
    "self": "https://t493319102.eu-latest.cumulocity.com/devicecontrol/operations/18214288",
    "id": "18214288",
    "status": "PENDING",
    "description": "Apply software changes, triggered from PySys: [{'name': 'rolldice', 'id': '5152439', 'version': '1.16-1+b2', 'url': '', 'action': 'delete'}]",
    "c8y_SoftwareUpdate": [
        {
            "name": "rolldice",
            "action": "delete",
            "id": "5152439",
            "version": "1.16-1+b2",
            "url": ""
        }
    ]
}
2022-05-02 16:27:37,805 INFO  Started operation: {'delivery': {'time': '2022-05-02T16:27:37.775Z', 'log': [], 'status': 'PENDING'}, 'creationTime': '2022-05-02T16:27:37.763Z', 'deviceName': 'm32sd11e', 'deviceId': '18180747', 'self': 'https://t493319102.eu-latest.cumulocity.com/devicecontrol/operations/18214288', 'id': '18214288', 'status': 'PENDING', 'description': "Apply software changes, triggered from PySys: [{'name': 'rolldice', 'id': '5152439', 'version': '1.16-1+b2', 'url': '', 'action': 'delete'}]", 'c8y_SoftwareUpdate': [{'name': 'rolldice', 'action': 'delete', 'id': '5152439', 'version': '1.16-1+b2', 'url': ''}]}
2022-05-02 16:27:40,035 INFO  State of operation 18214288 : PENDING
2022-05-02 16:27:42,273 INFO  State of operation 18214288 : EXECUTING
2022-05-02 16:27:44,510 INFO  State of operation 18214288 : EXECUTING
2022-05-02 16:27:46,746 INFO  State of operation 18214288 : EXECUTING
2022-05-02 16:27:48,967 INFO  State of operation 18214288 : EXECUTING
2022-05-02 16:27:51,201 INFO  State of operation 18214288 : EXECUTING
2022-05-02 16:27:53,417 INFO  State of operation 18214288 : EXECUTING
2022-05-02 16:27:56,056 INFO  State of operation 18214288 : EXECUTING
2022-05-02 16:27:58,282 INFO  State of operation 18214288 : EXECUTING
2022-05-02 16:28:01,194 INFO  State of operation 18214288 : EXECUTING
2022-05-02 16:28:04,063 INFO  State of operation 18214288 : EXECUTING
2022-05-02 16:28:06,361 INFO  State of operation 18214288 : EXECUTING
2022-05-02 16:28:08,578 INFO  State of operation 18214288 : EXECUTING
2022-05-02 16:28:10,826 INFO  State of operation 18214288 : EXECUTING
2022-05-02 16:28:13,104 INFO  State of operation 18214288 : EXECUTING
2022-05-02 16:28:15,327 INFO  State of operation 18214288 : EXECUTING
2022-05-02 16:28:17,572 INFO  State of operation 18214288 : EXECUTING
2022-05-02 16:28:19,941 INFO  State of operation 18214288 : EXECUTING
2022-05-02 16:28:22,201 INFO  State of operation 18214288 : EXECUTING
2022-05-02 16:28:24,894 INFO  State of operation 18214288 : EXECUTING
2022-05-02 16:28:27,115 INFO  State of operation 18214288 : EXECUTING
2022-05-02 16:28:29,620 INFO  State of operation 18214288 : EXECUTING
2022-05-02 16:28:31,865 INFO  State of operation 18214288 : EXECUTING
2022-05-02 16:28:34,088 INFO  State of operation 18214288 : EXECUTING
2022-05-02 16:28:36,365 INFO  State of operation 18214288 : EXECUTING
2022-05-02 16:28:38,583 INFO  State of operation 18214288 : EXECUTING
2022-05-02 16:28:40,794 INFO  State of operation 18214288 : SUCCESSFUL
2022-05-02 16:28:41,669 INFO  Assert that (False == value) with value=False ... passed
2022-05-02 16:28:41,681 INFO  
2022-05-02 16:28:41,682 INFO  cleanup:
2022-05-02 16:28:47,649 INFO  Executed sudo<tedge_disconnect_c8y>, exit status 0
2022-05-02 16:28:48,210 INFO  Executed systemctl<serv_mapper5>, exit status 3
2022-05-02 16:28:48,214 INFO  
2022-05-02 16:28:48,215 INFO  Test duration: 184.34 secs
2022-05-02 16:28:48,216 INFO  Test final outcome:  PASSED
2022-05-02 16:28:48,217 INFO  
