2022-04-28 08:41:21,137 INFO  ==============================================================
2022-04-28 08:41:21,138 INFO  Id:    SoftwareManagement.sm_docker_install_remove_multiple
2022-04-28 08:41:21,139 INFO  Dir:   software_management_end_to_end/
2022-04-28 08:41:21,140 INFO  Title: Validate end to end behaviour for the docker plugin for multiple docker images with mixed versions
2022-04-28 08:41:21,141 INFO  ==============================================================
2022-04-28 08:41:21,151 INFO  Using sw id database: {'asciijump': '5475369', 'robotfindskitten': '5474869', 'squirrel3': '5475279', 'rolldice': '5152439', 'moon-buggy': '5439204', 'apple': '5495053', 'banana': '5494888', 'cherry': '5495382', 'watermelon': '5494510', 'registry': '8018911', 'hello-world': '8021526', 'docker/getting-started': '8021973', 'alpine': '7991792'}
2022-04-28 08:41:21,152 INFO  EnvironmentC8y Setup
2022-04-28 08:41:21,718 INFO  Executed systemctl<serv_mapper1>, exit status 3
2022-04-28 08:41:21,850 INFO  Restarting mosquitto too frequently in the last 10 seconds. It was only up for 5 seconds
2022-04-28 08:41:21,851 INFO  Delaying execution by 6 seconds
2022-04-28 08:41:42,256 INFO  Executed sudo<tedge_connect_c8y>, exit status 0, duration 14 secs
2022-04-28 08:41:42,931 INFO  Executed sudo<tedge_connect_c8y_test>, exit status 0
2022-04-28 08:41:43,396 INFO  Executed systemctl<serv_mosq2>, exit status 0
2022-04-28 08:41:43,865 INFO  Executed systemctl<serv_mapper3>, exit status 0
2022-04-28 08:41:46,113 INFO  State of current operation: SUCCESSFUL
2022-04-28 08:41:46,357 INFO  Response status: 201
2022-04-28 08:41:46,359 INFO  Response to action: {
    "creationTime": "2022-04-28T08:41:46.307Z",
    "deviceName": "mythica",
    "deviceId": "17835201",
    "self": "https://t493319102.eu-latest.cumulocity.com/devicecontrol/operations/17865755",
    "id": "17865755",
    "status": "PENDING",
    "description": "Apply software changes, triggered from PySys: [{'action': 'install', 'id': '8021526', 'name': 'hello-world', 'url': '', 'version': '::docker'}, {'action': 'install', 'id': '8018911', 'name': 'registry', 'url': '', 'version': '2.6.2::docker'}]",
    "c8y_SoftwareUpdate": [
        {
            "name": "hello-world",
            "action": "install",
            "id": "8021526",
            "version": "::docker",
            "url": ""
        },
        {
            "name": "registry",
            "action": "install",
            "id": "8018911",
            "version": "2.6.2::docker",
            "url": ""
        }
    ]
}
2022-04-28 08:41:46,359 INFO  Started operation: {'creationTime': '2022-04-28T08:41:46.307Z', 'deviceName': 'mythica', 'deviceId': '17835201', 'self': 'https://t493319102.eu-latest.cumulocity.com/devicecontrol/operations/17865755', 'id': '17865755', 'status': 'PENDING', 'description': "Apply software changes, triggered from PySys: [{'action': 'install', 'id': '8021526', 'name': 'hello-world', 'url': '', 'version': '::docker'}, {'action': 'install', 'id': '8018911', 'name': 'registry', 'url': '', 'version': '2.6.2::docker'}]", 'c8y_SoftwareUpdate': [{'name': 'hello-world', 'action': 'install', 'id': '8021526', 'version': '::docker', 'url': ''}, {'name': 'registry', 'action': 'install', 'id': '8018911', 'version': '2.6.2::docker', 'url': ''}]}
2022-04-28 08:41:48,572 INFO  State of operation 17865755 : PENDING
2022-04-28 08:41:50,783 INFO  State of operation 17865755 : EXECUTING
2022-04-28 08:41:53,092 INFO  State of operation 17865755 : EXECUTING
2022-04-28 08:41:55,325 INFO  State of operation 17865755 : EXECUTING
2022-04-28 08:41:57,590 INFO  State of operation 17865755 : EXECUTING
2022-04-28 08:41:59,806 INFO  State of operation 17865755 : EXECUTING
2022-04-28 08:42:02,136 INFO  State of operation 17865755 : EXECUTING
2022-04-28 08:42:04,354 INFO  State of operation 17865755 : EXECUTING
2022-04-28 08:42:06,581 INFO  State of operation 17865755 : EXECUTING
2022-04-28 08:42:08,804 INFO  State of operation 17865755 : EXECUTING
2022-04-28 08:42:11,046 INFO  State of operation 17865755 : EXECUTING
2022-04-28 08:42:13,289 INFO  State of operation 17865755 : EXECUTING
2022-04-28 08:42:15,808 INFO  State of operation 17865755 : EXECUTING
2022-04-28 08:42:18,087 INFO  State of operation 17865755 : EXECUTING
2022-04-28 08:42:20,310 INFO  State of operation 17865755 : EXECUTING
2022-04-28 08:42:22,629 INFO  State of operation 17865755 : EXECUTING
2022-04-28 08:42:24,854 INFO  State of operation 17865755 : SUCCESSFUL
2022-04-28 08:42:26,103 INFO  Package hello-world is installed
2022-04-28 08:42:26,336 INFO  Package hello-world is installed
2022-04-28 08:42:26,338 INFO  Assert that (True == value) with value=True ... passed
2022-04-28 08:42:26,571 INFO  Package registry is installed
2022-04-28 08:42:26,573 INFO  Assert that (True == value) with value=True ... passed
2022-04-28 08:42:26,807 INFO  Assert that (False == value) with value=False ... passed
2022-04-28 08:42:27,028 INFO  Response status: 201
2022-04-28 08:42:27,030 INFO  Response to action: {
    "creationTime": "2022-04-28T08:42:26.982Z",
    "deviceName": "mythica",
    "deviceId": "17835201",
    "self": "https://t493319102.eu-latest.cumulocity.com/devicecontrol/operations/17865761",
    "id": "17865761",
    "status": "PENDING",
    "description": "Apply software changes, triggered from PySys: [{'action': 'install', 'id': '8018911', 'name': 'registry', 'url': '', 'version': '2.7.1::docker'}, {'action': 'install', 'id': '7991792', 'name': 'alpine', 'url': '', 'version': '::docker'}]",
    "c8y_SoftwareUpdate": [
        {
            "name": "registry",
            "action": "install",
            "id": "8018911",
            "version": "2.7.1::docker",
            "url": ""
        },
        {
            "name": "alpine",
            "action": "install",
            "id": "7991792",
            "version": "::docker",
            "url": ""
        }
    ]
}
2022-04-28 08:42:27,030 INFO  Started operation: {'creationTime': '2022-04-28T08:42:26.982Z', 'deviceName': 'mythica', 'deviceId': '17835201', 'self': 'https://t493319102.eu-latest.cumulocity.com/devicecontrol/operations/17865761', 'id': '17865761', 'status': 'PENDING', 'description': "Apply software changes, triggered from PySys: [{'action': 'install', 'id': '8018911', 'name': 'registry', 'url': '', 'version': '2.7.1::docker'}, {'action': 'install', 'id': '7991792', 'name': 'alpine', 'url': '', 'version': '::docker'}]", 'c8y_SoftwareUpdate': [{'name': 'registry', 'action': 'install', 'id': '8018911', 'version': '2.7.1::docker', 'url': ''}, {'name': 'alpine', 'action': 'install', 'id': '7991792', 'version': '::docker', 'url': ''}]}
2022-04-28 08:42:29,242 INFO  State of operation 17865761 : PENDING
2022-04-28 08:42:31,465 INFO  State of operation 17865761 : EXECUTING
2022-04-28 08:42:33,676 INFO  State of operation 17865761 : EXECUTING
2022-04-28 08:42:35,891 INFO  State of operation 17865761 : EXECUTING
2022-04-28 08:42:38,146 INFO  State of operation 17865761 : EXECUTING
2022-04-28 08:42:40,357 INFO  State of operation 17865761 : EXECUTING
2022-04-28 08:42:42,621 INFO  State of operation 17865761 : EXECUTING
2022-04-28 08:42:44,859 INFO  State of operation 17865761 : EXECUTING
2022-04-28 08:42:47,074 INFO  State of operation 17865761 : EXECUTING
2022-04-28 08:42:49,304 INFO  State of operation 17865761 : EXECUTING
2022-04-28 08:42:51,933 INFO  State of operation 17865761 : EXECUTING
2022-04-28 08:42:54,186 INFO  State of operation 17865761 : EXECUTING
2022-04-28 08:42:56,413 INFO  State of operation 17865761 : EXECUTING
2022-04-28 08:42:58,626 INFO  State of operation 17865761 : EXECUTING
2022-04-28 08:43:00,853 INFO  State of operation 17865761 : EXECUTING
2022-04-28 08:43:03,094 INFO  State of operation 17865761 : EXECUTING
2022-04-28 08:43:05,401 INFO  State of operation 17865761 : EXECUTING
2022-04-28 08:43:07,651 INFO  State of operation 17865761 : EXECUTING
2022-04-28 08:43:09,882 INFO  State of operation 17865761 : EXECUTING
2022-04-28 08:43:12,193 INFO  State of operation 17865761 : EXECUTING
2022-04-28 08:43:14,409 INFO  State of operation 17865761 : EXECUTING
2022-04-28 08:43:16,618 INFO  State of operation 17865761 : SUCCESSFUL
2022-04-28 08:43:17,851 INFO  Package hello-world is installed
2022-04-28 08:43:18,084 INFO  Package hello-world is installed
2022-04-28 08:43:18,086 INFO  Assert that (True == value) with value=True ... passed
2022-04-28 08:43:18,316 INFO  Package registry is installed
2022-04-28 08:43:18,318 INFO  Assert that (True == value) with value=True ... passed
2022-04-28 08:43:18,536 INFO  Package alpine is installed
2022-04-28 08:43:18,539 INFO  Assert that (True == value) with value=True ... passed
2022-04-28 08:43:18,550 INFO  
2022-04-28 08:43:18,551 INFO  cleanup:
2022-04-28 08:43:18,770 INFO  Response status: 201
2022-04-28 08:43:18,772 INFO  Response to action: {
    "creationTime": "2022-04-28T08:43:18.724Z",
    "deviceName": "mythica",
    "deviceId": "17835201",
    "self": "https://t493319102.eu-latest.cumulocity.com/devicecontrol/operations/17865771",
    "id": "17865771",
    "status": "PENDING",
    "description": "Apply software changes, triggered from PySys: [{'action': 'delete', 'id': '8018911', 'name': 'registry', 'url': '', 'version': '2.7.1::docker'}, {'action': 'delete', 'id': '7991792', 'name': 'alpine', 'url': '', 'version': '::docker'}, {'action': 'delete', 'id': '8021526', 'name': 'hello-world', 'url': '', 'version': '::docker'}]",
    "c8y_SoftwareUpdate": [
        {
            "name": "registry",
            "action": "delete",
            "id": "8018911",
            "version": "2.7.1::docker",
            "url": ""
        },
        {
            "name": "alpine",
            "action": "delete",
            "id": "7991792",
            "version": "::docker",
            "url": ""
        },
        {
            "name": "hello-world",
            "action": "delete",
            "id": "8021526",
            "version": "::docker",
            "url": ""
        }
    ]
}
2022-04-28 08:43:18,773 INFO  Started operation: {'creationTime': '2022-04-28T08:43:18.724Z', 'deviceName': 'mythica', 'deviceId': '17835201', 'self': 'https://t493319102.eu-latest.cumulocity.com/devicecontrol/operations/17865771', 'id': '17865771', 'status': 'PENDING', 'description': "Apply software changes, triggered from PySys: [{'action': 'delete', 'id': '8018911', 'name': 'registry', 'url': '', 'version': '2.7.1::docker'}, {'action': 'delete', 'id': '7991792', 'name': 'alpine', 'url': '', 'version': '::docker'}, {'action': 'delete', 'id': '8021526', 'name': 'hello-world', 'url': '', 'version': '::docker'}]", 'c8y_SoftwareUpdate': [{'name': 'registry', 'action': 'delete', 'id': '8018911', 'version': '2.7.1::docker', 'url': ''}, {'name': 'alpine', 'action': 'delete', 'id': '7991792', 'version': '::docker', 'url': ''}, {'name': 'hello-world', 'action': 'delete', 'id': '8021526', 'version': '::docker', 'url': ''}]}
2022-04-28 08:43:20,986 INFO  State of operation 17865771 : PENDING
2022-04-28 08:43:23,260 INFO  State of operation 17865771 : EXECUTING
2022-04-28 08:43:25,471 INFO  State of operation 17865771 : EXECUTING
2022-04-28 08:43:27,681 INFO  State of operation 17865771 : EXECUTING
2022-04-28 08:43:29,927 INFO  State of operation 17865771 : EXECUTING
2022-04-28 08:43:32,187 INFO  State of operation 17865771 : EXECUTING
2022-04-28 08:43:34,417 INFO  State of operation 17865771 : EXECUTING
2022-04-28 08:43:36,634 INFO  State of operation 17865771 : EXECUTING
2022-04-28 08:43:38,846 INFO  State of operation 17865771 : SUCCESSFUL
2022-04-28 08:43:50,134 INFO  Assert that (False == value) with value=False ... passed
2022-04-28 08:43:50,379 INFO  Assert that (False == value) with value=False ... passed
2022-04-28 08:43:50,607 INFO  Assert that (False == value) with value=False ... passed
2022-04-28 08:43:55,119 INFO  Executed sudo<tedge_disconnect_c8y>, exit status 0
2022-04-28 08:43:55,784 INFO  Executed systemctl<serv_mapper5>, exit status 3
2022-04-28 08:43:55,788 INFO  
2022-04-28 08:43:55,789 INFO  Test duration: 154.66 secs
2022-04-28 08:43:55,790 INFO  Test final outcome:  PASSED
2022-04-28 08:43:55,791 INFO  
