2022-04-11 10:06:28,745 INFO  ==============================================================
2022-04-11 10:06:28,746 INFO  Id:    apt_prepare
2022-04-11 10:06:28,747 INFO  Dir:   plugin_apt/
2022-04-11 10:06:28,748 INFO  Title: Validate apt plugin install - dense version
2022-04-11 10:06:28,749 DEBUG Execution order hint: 0.0
2022-04-11 10:06:28,750 INFO  ==============================================================
2022-04-11 10:06:28,755 DEBUG --- test execute
2022-04-11 10:06:28,757 DEBUG Process parameters for sudo<outp_prepare>
  command line : /usr/bin/sudo /etc/tedge/sm-plugins/apt prepare
    arg #1     : /etc/tedge/sm-plugins/apt
    arg #2     : prepare
  working dir  : /home/pi/actions-runner/_work/thin-edge.io/thin-edge.io/tests/PySys/plugin_apt/apt_prepare/Output/linux
  stdout       : /home/pi/actions-runner/_work/thin-edge.io/thin-edge.io/tests/PySys/plugin_apt/apt_prepare/Output/linux/outp_prepare.out
  stderr       : /home/pi/actions-runner/_work/thin-edge.io/thin-edge.io/tests/PySys/plugin_apt/apt_prepare/Output/linux/outp_prepare.err
  environment  : LD_LIBRARY_PATH=/usr/lib
  environment  : PATH=/bin:/usr/bin:/usr/sbin:/usr/local/bin
                   #1  /bin
                   #2  /usr/bin
                   #3  /usr/sbin
                   #4  /usr/local/bin
2022-04-11 10:06:28,765 DEBUG Waiting up to 600 secs for process sudo<outp_prepare> (pid 3572)
2022-04-11 10:06:48,451 INFO  Executed sudo<outp_prepare>, exit status 0, duration 19 secs
2022-04-11 10:06:48,454 INFO  Assert that (value==0) with value=0 ... passed
2022-04-11 10:06:48,456 DEBUG --- test validate
2022-04-11 10:06:48,458 INFO  Assert that (old != new) with old=1649671576.2748246, new=1649671607.4394908 ... passed
2022-04-11 10:06:48,460 INFO  Assert that ((new +350) >= now) with new=1649671607.4394908, now=1649671608.4567208 ... passed
2022-04-11 10:06:48,464 DEBUG --- test cleanup
2022-04-11 10:06:48,465 INFO  
2022-04-11 10:06:48,466 INFO  cleanup:
2022-04-11 10:06:48,467 DEBUG Running registered cleanup function: <bound method AptPluginPrepare.cleanup_prepare of <AptPluginPrepare object at 0x760a5af0>>
2022-04-11 10:06:48,467 DEBUG ProcessUser cleanup function done.
2022-04-11 10:06:48,470 INFO  
2022-04-11 10:06:48,471 INFO  Test duration: 19.73 secs
2022-04-11 10:06:48,472 INFO  Test final outcome:  PASSED
2022-04-11 10:06:48,473 INFO  
