2022-04-12 16:21:10,113 INFO  ==============================================================
2022-04-12 16:21:10,114 INFO  Id:    tedge_mapper_c8y_negative
2022-04-12 16:21:10,115 INFO  Dir:   tedge_mapper_c8y/
2022-04-12 16:21:10,116 INFO  Title: Validate the Cumulocity Mapper that publishes an error message on tedge/errors when it receives an invalid JSON message on tedge/measurements
2022-04-12 16:21:10,117 INFO  ==============================================================
2022-04-12 16:21:10,124 INFO  EnvironmentC8y Setup
2022-04-12 16:21:10,688 INFO  Executed systemctl<serv_mapper1>, exit status 3
2022-04-12 16:21:10,804 INFO  Restarting mosquitto too frequently in the last 10 seconds. It was only up for 4 seconds
2022-04-12 16:21:10,805 INFO  Delaying execution by 7 seconds
2022-04-12 16:21:31,555 INFO  Executed sudo<tedge_connect_c8y>, exit status 0, duration 13 secs
2022-04-12 16:21:32,143 INFO  Executed sudo<tedge_connect_c8y_test>, exit status 0
2022-04-12 16:21:32,606 INFO  Executed systemctl<serv_mosq2>, exit status 0
2022-04-12 16:21:33,070 INFO  Executed systemctl<serv_mapper3>, exit status 0
2022-04-12 16:21:33,657 INFO  Executed sudo<tedge_mapper_c8y>, exit status 0
2022-04-12 16:21:33,668 INFO  Started sudo<tedge_sub> with process id 31154
2022-04-12 16:21:34,335 INFO  Executed sudo<tedge_temp>, exit status 0
2022-04-12 16:21:34,862 INFO  Executed sudo<kill_out>, exit status 0
2022-04-12 16:21:34,867 INFO  Grep on file tedge_sub.out ... passed
2022-04-12 16:21:34,875 INFO  
2022-04-12 16:21:34,875 INFO  cleanup:
2022-04-12 16:21:34,876 INFO  mapper_cleanup
2022-04-12 16:21:35,439 INFO  Executed sudo<tedge_mapper_c8y>, exit status 0
2022-04-12 16:21:39,215 INFO  Executed sudo<tedge_disconnect_c8y>, exit status 0
2022-04-12 16:21:39,778 INFO  Executed systemctl<serv_mapper5>, exit status 3
2022-04-12 16:21:39,782 INFO  
2022-04-12 16:21:39,783 INFO  Test duration: 29.67 secs
2022-04-12 16:21:39,784 INFO  Test final outcome:  PASSED
2022-04-12 16:21:39,785 INFO  
