2022-04-08 09:56:05,667 INFO  ==============================================================
2022-04-08 09:56:05,668 INFO  Id:    c8y_restart_bridge
2022-04-08 09:56:05,669 INFO  Dir:   tedge_connect/
2022-04-08 09:56:05,670 INFO  Title: Bridge restart
2022-04-08 09:56:05,671 DEBUG Execution order hint: 0.0
2022-04-08 09:56:05,672 INFO  ==============================================================
2022-04-08 09:56:05,676 DEBUG EnvironmentC8y Setup
2022-04-08 09:56:05,678 INFO  EnvironmentC8y Setup
2022-04-08 09:56:05,679 DEBUG Process parameters for systemctl<serv_mapper1>
  command line : /usr/bin/systemctl status tedge-mapper-c8y
    arg #1     : status
    arg #2     : tedge-mapper-c8y
  working dir  : /home/pi/actions-runner/_work/thin-edge.io/thin-edge.io/tests/PySys/tedge_connect/c8y_restart_bridge/Output/linux
  stdout       : /home/pi/actions-runner/_work/thin-edge.io/thin-edge.io/tests/PySys/tedge_connect/c8y_restart_bridge/Output/linux/serv_mapper1.out
  stderr       : /home/pi/actions-runner/_work/thin-edge.io/thin-edge.io/tests/PySys/tedge_connect/c8y_restart_bridge/Output/linux/serv_mapper1.err
  environment  : LD_LIBRARY_PATH=/usr/lib
  environment  : PATH=/bin:/usr/bin:/usr/sbin:/usr/local/bin
                   #1  /bin
                   #2  /usr/bin
                   #3  /usr/sbin
                   #4  /usr/local/bin
2022-04-08 09:56:05,687 DEBUG Waiting up to 600 secs for process systemctl<serv_mapper1> (pid 18632)
2022-04-08 09:56:06,295 INFO  Executed systemctl<serv_mapper1>, exit status 3
2022-04-08 09:56:06,405 DEBUG Process parameters for sudo<tedge_connect_c8y>
  command line : /usr/bin/sudo /usr/bin/tedge connect c8y
    arg #1     : /usr/bin/tedge
    arg #2     : connect
    arg #3     : c8y
  working dir  : /home/pi/actions-runner/_work/thin-edge.io/thin-edge.io/tests/PySys/tedge_connect/c8y_restart_bridge/Output/linux
  stdout       : /home/pi/actions-runner/_work/thin-edge.io/thin-edge.io/tests/PySys/tedge_connect/c8y_restart_bridge/Output/linux/tedge_connect_c8y.out
  stderr       : /home/pi/actions-runner/_work/thin-edge.io/thin-edge.io/tests/PySys/tedge_connect/c8y_restart_bridge/Output/linux/tedge_connect_c8y.err
  environment  : LD_LIBRARY_PATH=/usr/lib
  environment  : PATH=/bin:/usr/bin:/usr/sbin:/usr/local/bin
                   #1  /bin
                   #2  /usr/bin
                   #3  /usr/sbin
                   #4  /usr/local/bin
2022-04-08 09:56:06,414 DEBUG Waiting up to 600 secs for process sudo<tedge_connect_c8y> (pid 18636)
2022-04-08 09:56:20,256 INFO  Executed sudo<tedge_connect_c8y>, exit status 0, duration 13 secs
2022-04-08 09:56:20,260 DEBUG Process parameters for sudo<tedge_connect_c8y_test>
  command line : /usr/bin/sudo /usr/bin/tedge connect c8y --test
    arg #1     : /usr/bin/tedge
    arg #2     : connect
    arg #3     : c8y
    arg #4     : --test
  working dir  : /home/pi/actions-runner/_work/thin-edge.io/thin-edge.io/tests/PySys/tedge_connect/c8y_restart_bridge/Output/linux
  stdout       : /home/pi/actions-runner/_work/thin-edge.io/thin-edge.io/tests/PySys/tedge_connect/c8y_restart_bridge/Output/linux/tedge_connect_c8y_test.out
  stderr       : /home/pi/actions-runner/_work/thin-edge.io/thin-edge.io/tests/PySys/tedge_connect/c8y_restart_bridge/Output/linux/tedge_connect_c8y_test.err
  environment  : LD_LIBRARY_PATH=/usr/lib
  environment  : PATH=/bin:/usr/bin:/usr/sbin:/usr/local/bin
                   #1  /bin
                   #2  /usr/bin
                   #3  /usr/sbin
                   #4  /usr/local/bin
2022-04-08 09:56:20,270 DEBUG Waiting up to 600 secs for process sudo<tedge_connect_c8y_test> (pid 18745)
2022-04-08 09:56:20,832 INFO  Executed sudo<tedge_connect_c8y_test>, exit status 0
2022-04-08 09:56:20,834 DEBUG Process parameters for systemctl<serv_mosq2>
  command line : /usr/bin/systemctl status mosquitto
    arg #1     : status
    arg #2     : mosquitto
  working dir  : /home/pi/actions-runner/_work/thin-edge.io/thin-edge.io/tests/PySys/tedge_connect/c8y_restart_bridge/Output/linux
  stdout       : /home/pi/actions-runner/_work/thin-edge.io/thin-edge.io/tests/PySys/tedge_connect/c8y_restart_bridge/Output/linux/serv_mosq2.out
  stderr       : /home/pi/actions-runner/_work/thin-edge.io/thin-edge.io/tests/PySys/tedge_connect/c8y_restart_bridge/Output/linux/serv_mosq2.err
  environment  : LD_LIBRARY_PATH=/usr/lib
  environment  : PATH=/bin:/usr/bin:/usr/sbin:/usr/local/bin
                   #1  /bin
                   #2  /usr/bin
                   #3  /usr/sbin
                   #4  /usr/local/bin
2022-04-08 09:56:20,843 DEBUG Waiting up to 600 secs for process systemctl<serv_mosq2> (pid 18749)
2022-04-08 09:56:21,351 INFO  Executed systemctl<serv_mosq2>, exit status 0
2022-04-08 09:56:21,353 DEBUG Process parameters for systemctl<serv_mapper3>
  command line : /usr/bin/systemctl status tedge-mapper-c8y
    arg #1     : status
    arg #2     : tedge-mapper-c8y
  working dir  : /home/pi/actions-runner/_work/thin-edge.io/thin-edge.io/tests/PySys/tedge_connect/c8y_restart_bridge/Output/linux
  stdout       : /home/pi/actions-runner/_work/thin-edge.io/thin-edge.io/tests/PySys/tedge_connect/c8y_restart_bridge/Output/linux/serv_mapper3.out
  stderr       : /home/pi/actions-runner/_work/thin-edge.io/thin-edge.io/tests/PySys/tedge_connect/c8y_restart_bridge/Output/linux/serv_mapper3.err
  environment  : LD_LIBRARY_PATH=/usr/lib
  environment  : PATH=/bin:/usr/bin:/usr/sbin:/usr/local/bin
                   #1  /bin
                   #2  /usr/bin
                   #3  /usr/sbin
                   #4  /usr/local/bin
2022-04-08 09:56:21,367 DEBUG Waiting up to 600 secs for process systemctl<serv_mapper3> (pid 18751)
2022-04-08 09:56:21,874 INFO  Executed systemctl<serv_mapper3>, exit status 0
2022-04-08 09:56:21,875 INFO  Setup
2022-04-08 09:56:21,876 DEBUG --- test execute
2022-04-08 09:56:21,877 DEBUG EnvironmentC8y Execute
2022-04-08 09:56:21,877 INFO  Execute (empty in this case as we test the c8y enviroment)
2022-04-08 09:56:21,878 DEBUG --- test validate
2022-04-08 09:56:21,879 DEBUG EnvironmentC8y Validate
2022-04-08 09:56:21,881 DEBUG Process parameters for systemctl<serv_mosq>
  command line : /usr/bin/systemctl status mosquitto
    arg #1     : status
    arg #2     : mosquitto
  working dir  : /home/pi/actions-runner/_work/thin-edge.io/thin-edge.io/tests/PySys/tedge_connect/c8y_restart_bridge/Output/linux
  stdout       : /home/pi/actions-runner/_work/thin-edge.io/thin-edge.io/tests/PySys/tedge_connect/c8y_restart_bridge/Output/linux/serv_mosq.out
  stderr       : /home/pi/actions-runner/_work/thin-edge.io/thin-edge.io/tests/PySys/tedge_connect/c8y_restart_bridge/Output/linux/serv_mosq.err
  environment  : LD_LIBRARY_PATH=/usr/lib
  environment  : PATH=/bin:/usr/bin:/usr/sbin:/usr/local/bin
                   #1  /bin
                   #2  /usr/bin
                   #3  /usr/sbin
                   #4  /usr/local/bin
2022-04-08 09:56:21,889 DEBUG Waiting up to 600 secs for process systemctl<serv_mosq> (pid 18752)
2022-04-08 09:56:22,397 INFO  Executed systemctl<serv_mosq>, exit status 0
2022-04-08 09:56:22,399 DEBUG Process parameters for systemctl<serv_mapper4>
  command line : /usr/bin/systemctl status tedge-mapper-c8y
    arg #1     : status
    arg #2     : tedge-mapper-c8y
  working dir  : /home/pi/actions-runner/_work/thin-edge.io/thin-edge.io/tests/PySys/tedge_connect/c8y_restart_bridge/Output/linux
  stdout       : /home/pi/actions-runner/_work/thin-edge.io/thin-edge.io/tests/PySys/tedge_connect/c8y_restart_bridge/Output/linux/serv_mapper4.out
  stderr       : /home/pi/actions-runner/_work/thin-edge.io/thin-edge.io/tests/PySys/tedge_connect/c8y_restart_bridge/Output/linux/serv_mapper4.err
  environment  : LD_LIBRARY_PATH=/usr/lib
  environment  : PATH=/bin:/usr/bin:/usr/sbin:/usr/local/bin
                   #1  /bin
                   #2  /usr/bin
                   #3  /usr/sbin
                   #4  /usr/local/bin
2022-04-08 09:56:22,408 DEBUG Waiting up to 600 secs for process systemctl<serv_mapper4> (pid 18753)
2022-04-08 09:56:22,866 INFO  Executed systemctl<serv_mapper4>, exit status 0
2022-04-08 09:56:22,868 INFO  Validate
2022-04-08 09:56:22,869 DEBUG Performing regex contains=True grep on file: /home/pi/actions-runner/_work/thin-edge.io/thin-edge.io/tests/PySys/tedge_connect/c8y_restart_bridge/Output/linux/tedge_connect_c8y.out
2022-04-08 09:56:22,877 DEBUG Grep on file tedge_connect_c8y.out successfully matched expression "Connection check is successful." with line: 'Connection check is successful.\n'
2022-04-08 09:56:22,879 INFO  Grep on file tedge_connect_c8y.out ... passed
2022-04-08 09:56:22,880 DEBUG Performing regex contains=False grep on file: /home/pi/actions-runner/_work/thin-edge.io/thin-edge.io/tests/PySys/tedge_connect/c8y_restart_bridge/Output/linux/tedge_connect_c8y.out
2022-04-08 09:56:22,890 INFO  Grep on file tedge_connect_c8y.out ... passed
2022-04-08 09:56:22,901 DEBUG --- test cleanup
2022-04-08 09:56:22,912 INFO  
2022-04-08 09:56:22,915 INFO  cleanup:
2022-04-08 09:56:22,916 DEBUG Running registered cleanup function: <bound method RestartBridge.mycleanup of <RestartBridge object at 0x75cb63f0>>
2022-04-08 09:56:22,917 INFO  MyCleanup
2022-04-08 09:56:22,918 DEBUG Running registered cleanup function: <bound method EnvironmentC8y.myenvcleanup of <RestartBridge object at 0x75cb63f0>>
2022-04-08 09:56:22,919 DEBUG EnvironmentC8y Cleanup
2022-04-08 09:56:23,028 DEBUG Process parameters for sudo<tedge_disconnect_c8y>
  command line : /usr/bin/sudo /usr/bin/tedge disconnect c8y
    arg #1     : /usr/bin/tedge
    arg #2     : disconnect
    arg #3     : c8y
  working dir  : /home/pi/actions-runner/_work/thin-edge.io/thin-edge.io/tests/PySys/tedge_connect/c8y_restart_bridge/Output/linux
  stdout       : /home/pi/actions-runner/_work/thin-edge.io/thin-edge.io/tests/PySys/tedge_connect/c8y_restart_bridge/Output/linux/tedge_disconnect_c8y.out
  stderr       : /home/pi/actions-runner/_work/thin-edge.io/thin-edge.io/tests/PySys/tedge_connect/c8y_restart_bridge/Output/linux/tedge_disconnect_c8y.err
  environment  : LD_LIBRARY_PATH=/usr/lib
  environment  : PATH=/bin:/usr/bin:/usr/sbin:/usr/local/bin
                   #1  /bin
                   #2  /usr/bin
                   #3  /usr/sbin
                   #4  /usr/local/bin
2022-04-08 09:56:23,037 DEBUG Waiting up to 600 secs for process sudo<tedge_disconnect_c8y> (pid 18761)
2022-04-08 09:56:26,790 INFO  Executed sudo<tedge_disconnect_c8y>, exit status 0
2022-04-08 09:56:26,793 DEBUG Process parameters for systemctl<serv_mapper5>
  command line : /usr/bin/systemctl status tedge-mapper-c8y
    arg #1     : status
    arg #2     : tedge-mapper-c8y
  working dir  : /home/pi/actions-runner/_work/thin-edge.io/thin-edge.io/tests/PySys/tedge_connect/c8y_restart_bridge/Output/linux
  stdout       : /home/pi/actions-runner/_work/thin-edge.io/thin-edge.io/tests/PySys/tedge_connect/c8y_restart_bridge/Output/linux/serv_mapper5.out
  stderr       : /home/pi/actions-runner/_work/thin-edge.io/thin-edge.io/tests/PySys/tedge_connect/c8y_restart_bridge/Output/linux/serv_mapper5.err
  environment  : LD_LIBRARY_PATH=/usr/lib
  environment  : PATH=/bin:/usr/bin:/usr/sbin:/usr/local/bin
                   #1  /bin
                   #2  /usr/bin
                   #3  /usr/sbin
                   #4  /usr/local/bin
2022-04-08 09:56:26,801 DEBUG Waiting up to 600 secs for process systemctl<serv_mapper5> (pid 18801)
2022-04-08 09:56:27,362 INFO  Executed systemctl<serv_mapper5>, exit status 3
2022-04-08 09:56:27,363 DEBUG ProcessUser cleanup function done.
2022-04-08 09:56:27,366 INFO  
2022-04-08 09:56:27,367 INFO  Test duration: 21.71 secs
2022-04-08 09:56:27,368 INFO  Test final outcome:  PASSED
2022-04-08 09:56:27,369 INFO  
