2022-05-10 20:49:28,014 INFO  ==============================================================
2022-05-10 20:49:28,015 INFO  Id:    SoftwareManagement.sm_fake_install_remove_multiple
2022-05-10 20:49:28,016 INFO  Dir:   software_management_end_to_end/
2022-05-10 20:49:28,017 INFO  Title: Validate end to end behaviour for the dummy-plugin for multiple packages
2022-05-10 20:49:28,018 INFO  ==============================================================
2022-05-10 20:49:28,034 INFO  Using sw id database: {'asciijump': '5475369', 'robotfindskitten': '5474869', 'squirrel3': '5475279', 'rolldice': '5152439', 'moon-buggy': '5439204', 'apple': '5495053', 'banana': '5494888', 'cherry': '5495382', 'watermelon': '5494510', 'registry': '8018911', 'hello-world': '8021526', 'docker/getting-started': '8021973', 'alpine': '7991792'}
2022-05-10 20:49:28,035 INFO  EnvironmentC8y Setup
2022-05-10 20:49:28,604 INFO  Executed systemctl<serv_mapper1>, exit status 3
2022-05-10 20:49:28,723 INFO  Restarting mosquitto too frequently in the last 10 seconds. It was only up for 4 seconds
2022-05-10 20:49:28,724 INFO  Delaying execution by 7 seconds
2022-05-10 20:49:49,736 INFO  Executed sudo<tedge_connect_c8y>, exit status 0, duration 14 secs
2022-05-10 20:49:50,353 INFO  Executed sudo<tedge_connect_c8y_test>, exit status 0
2022-05-10 20:49:50,868 INFO  Executed systemctl<serv_mosq2>, exit status 0
2022-05-10 20:49:51,331 INFO  Executed systemctl<serv_mapper3>, exit status 0
2022-05-10 20:49:53,561 INFO  State of current operation: SUCCESSFUL
2022-05-10 20:49:53,792 INFO  Package apple is installed
2022-05-10 20:49:53,794 INFO  Assert that (True == value) with value=True ... passed
2022-05-10 20:49:54,007 INFO  Package banana is installed
2022-05-10 20:49:54,010 INFO  Assert that (True == value) with value=True ... passed
2022-05-10 20:49:54,226 INFO  Package cherry is installed
2022-05-10 20:49:54,228 INFO  Assert that (True == value) with value=True ... passed
2022-05-10 20:49:54,454 INFO  Response status: 201
2022-05-10 20:49:54,455 INFO  Response to action: {
    "creationTime": "2022-05-10T20:49:54.410Z",
    "deviceName": "mythicd",
    "deviceId": "18730396",
    "self": "https://t493319102.eu-latest.cumulocity.com/devicecontrol/operations/18752000",
    "id": "18752000",
    "status": "PENDING",
    "description": "Apply software changes, triggered from PySys: [{'action': 'install', 'id': '5495053', 'name': 'apple', 'url': ' ', 'version': '::fruits'}, {'action': 'install', 'id': '5494888', 'name': 'banana', 'url': ' ', 'version': '::fruits'}, {'action': 'install', 'id': '5495382', 'name': 'cherry', 'url': ' ', 'version': '::fruits'}]",
    "c8y_SoftwareUpdate": [
        {
            "name": "apple",
            "action": "install",
            "id": "5495053",
            "version": "::fruits",
            "url": " "
        },
        {
            "name": "banana",
            "action": "install",
            "id": "5494888",
            "version": "::fruits",
            "url": " "
        },
        {
            "name": "cherry",
            "action": "install",
            "id": "5495382",
            "version": "::fruits",
            "url": " "
        }
    ]
}
2022-05-10 20:49:54,456 INFO  Started operation: {'creationTime': '2022-05-10T20:49:54.410Z', 'deviceName': 'mythicd', 'deviceId': '18730396', 'self': 'https://t493319102.eu-latest.cumulocity.com/devicecontrol/operations/18752000', 'id': '18752000', 'status': 'PENDING', 'description': "Apply software changes, triggered from PySys: [{'action': 'install', 'id': '5495053', 'name': 'apple', 'url': ' ', 'version': '::fruits'}, {'action': 'install', 'id': '5494888', 'name': 'banana', 'url': ' ', 'version': '::fruits'}, {'action': 'install', 'id': '5495382', 'name': 'cherry', 'url': ' ', 'version': '::fruits'}]", 'c8y_SoftwareUpdate': [{'name': 'apple', 'action': 'install', 'id': '5495053', 'version': '::fruits', 'url': ' '}, {'name': 'banana', 'action': 'install', 'id': '5494888', 'version': '::fruits', 'url': ' '}, {'name': 'cherry', 'action': 'install', 'id': '5495382', 'version': '::fruits', 'url': ' '}]}
2022-05-10 20:49:56,670 INFO  State of operation 18752000 : PENDING
2022-05-10 20:49:58,882 INFO  State of operation 18752000 : EXECUTING
2022-05-10 20:50:01,111 INFO  State of operation 18752000 : EXECUTING
2022-05-10 20:50:03,321 INFO  State of operation 18752000 : SUCCESSFUL
2022-05-10 20:50:03,547 INFO  Package apple is installed
2022-05-10 20:50:03,550 INFO  Assert that (True == value) with value=True ... passed
2022-05-10 20:50:03,765 INFO  Package banana is installed
2022-05-10 20:50:03,768 INFO  Assert that (True == value) with value=True ... passed
2022-05-10 20:50:04,012 INFO  Package cherry is installed
2022-05-10 20:50:04,014 INFO  Assert that (True == value) with value=True ... passed
2022-05-10 20:50:04,245 INFO  Response status: 201
2022-05-10 20:50:04,248 INFO  Response to action: {
    "creationTime": "2022-05-10T20:50:04.198Z",
    "deviceName": "mythicd",
    "deviceId": "18730396",
    "self": "https://t493319102.eu-latest.cumulocity.com/devicecontrol/operations/18752010",
    "id": "18752010",
    "status": "PENDING",
    "description": "Apply software changes, triggered from PySys: [{'action': 'install', 'id': '5495053', 'name': 'apple', 'url': ' ', 'version': '::fruits'}, {'action': 'install', 'id': '5494888', 'name': 'banana', 'url': ' ', 'version': '::fruits'}, {'action': 'install', 'id': '5495382', 'name': 'cherry', 'url': ' ', 'version': '::fruits'}]",
    "c8y_SoftwareUpdate": [
        {
            "name": "apple",
            "action": "install",
            "id": "5495053",
            "version": "::fruits",
            "url": " "
        },
        {
            "name": "banana",
            "action": "install",
            "id": "5494888",
            "version": "::fruits",
            "url": " "
        },
        {
            "name": "cherry",
            "action": "install",
            "id": "5495382",
            "version": "::fruits",
            "url": " "
        }
    ]
}
2022-05-10 20:50:04,248 INFO  Started operation: {'creationTime': '2022-05-10T20:50:04.198Z', 'deviceName': 'mythicd', 'deviceId': '18730396', 'self': 'https://t493319102.eu-latest.cumulocity.com/devicecontrol/operations/18752010', 'id': '18752010', 'status': 'PENDING', 'description': "Apply software changes, triggered from PySys: [{'action': 'install', 'id': '5495053', 'name': 'apple', 'url': ' ', 'version': '::fruits'}, {'action': 'install', 'id': '5494888', 'name': 'banana', 'url': ' ', 'version': '::fruits'}, {'action': 'install', 'id': '5495382', 'name': 'cherry', 'url': ' ', 'version': '::fruits'}]", 'c8y_SoftwareUpdate': [{'name': 'apple', 'action': 'install', 'id': '5495053', 'version': '::fruits', 'url': ' '}, {'name': 'banana', 'action': 'install', 'id': '5494888', 'version': '::fruits', 'url': ' '}, {'name': 'cherry', 'action': 'install', 'id': '5495382', 'version': '::fruits', 'url': ' '}]}
2022-05-10 20:50:06,462 INFO  State of operation 18752010 : PENDING
2022-05-10 20:50:08,676 INFO  State of operation 18752010 : EXECUTING
2022-05-10 20:50:10,894 INFO  State of operation 18752010 : EXECUTING
2022-05-10 20:50:13,118 INFO  State of operation 18752010 : SUCCESSFUL
2022-05-10 20:50:13,336 INFO  Package apple is installed
2022-05-10 20:50:13,338 INFO  Assert that (True == value) with value=True ... passed
2022-05-10 20:50:13,561 INFO  Package banana is installed
2022-05-10 20:50:13,563 INFO  Assert that (True == value) with value=True ... passed
2022-05-10 20:50:13,777 INFO  Package cherry is installed
2022-05-10 20:50:13,779 INFO  Assert that (True == value) with value=True ... passed
2022-05-10 20:50:13,786 INFO  
2022-05-10 20:50:13,787 INFO  cleanup:
2022-05-10 20:50:18,280 INFO  Executed sudo<tedge_disconnect_c8y>, exit status 0
2022-05-10 20:50:18,844 INFO  Executed systemctl<serv_mapper5>, exit status 3
2022-05-10 20:50:18,848 INFO  
2022-05-10 20:50:18,848 INFO  Test duration: 50.84 secs
2022-05-10 20:50:18,850 INFO  Test final outcome:  PASSED
2022-05-10 20:50:18,850 INFO  
