2022-04-07 16:12:29,804 INFO  ==============================================================
2022-04-07 16:12:29,805 INFO  Id:    local_mqtt_sub_fail
2022-04-07 16:12:29,807 INFO  Dir:   local_mqtt/
2022-04-07 16:12:29,808 INFO  Title: Validate local publishing when mosquitto is stopped
2022-04-07 16:12:29,808 DEBUG Execution order hint: 0.0
2022-04-07 16:12:29,809 INFO  ==============================================================
2022-04-07 16:12:29,833 DEBUG Process parameters for sudo<stop>
  command line : /usr/bin/sudo /usr/bin/systemctl stop mosquitto
    arg #1     : /usr/bin/systemctl
    arg #2     : stop
    arg #3     : mosquitto
  working dir  : /home/pi/actions-runner/_work/thin-edge.io/thin-edge.io/tests/PySys/local_mqtt/local_mqtt_sub_fail/Output/linux
  stdout       : /home/pi/actions-runner/_work/thin-edge.io/thin-edge.io/tests/PySys/local_mqtt/local_mqtt_sub_fail/Output/linux/stop.out
  stderr       : /home/pi/actions-runner/_work/thin-edge.io/thin-edge.io/tests/PySys/local_mqtt/local_mqtt_sub_fail/Output/linux/stop.err
  environment  : LD_LIBRARY_PATH=/usr/lib
  environment  : PATH=/bin:/usr/bin:/usr/sbin:/usr/local/bin
                   #1  /bin
                   #2  /usr/bin
                   #3  /usr/sbin
                   #4  /usr/local/bin
2022-04-07 16:12:29,840 DEBUG Waiting up to 600 secs for process sudo<stop> (pid 29573)
2022-04-07 16:12:30,451 INFO  Executed sudo<stop>, exit status 0
2022-04-07 16:12:30,452 DEBUG --- test execute
2022-04-07 16:12:30,454 DEBUG Process parameters for tedge_sub_fail
  command line : /usr/bin/tedge mqtt sub atopic
    arg #1     : mqtt
    arg #2     : sub
    arg #3     : atopic
  working dir  : /home/pi/actions-runner/_work/thin-edge.io/thin-edge.io/tests/PySys/local_mqtt/local_mqtt_sub_fail/Output/linux
  stdout       : /home/pi/actions-runner/_work/thin-edge.io/thin-edge.io/tests/PySys/local_mqtt/local_mqtt_sub_fail/Output/linux/tedge_sub_fail.out
  stderr       : /home/pi/actions-runner/_work/thin-edge.io/thin-edge.io/tests/PySys/local_mqtt/local_mqtt_sub_fail/Output/linux/tedge_sub_fail.err
  environment  : HOME=/home/pi
2022-04-07 16:12:30,462 DEBUG Waiting up to 600 secs for process tedge_sub_fail (pid 29575)
2022-04-07 16:12:30,868 INFO  Executed tedge_sub_fail, exit status 1
2022-04-07 16:12:30,870 INFO  Assert that (value==1) with value=1 ... passed
2022-04-07 16:12:30,871 DEBUG --- test validate
2022-04-07 16:12:30,876 DEBUG --- test cleanup
2022-04-07 16:12:30,877 INFO  
2022-04-07 16:12:30,877 INFO  cleanup:
2022-04-07 16:12:30,878 DEBUG Running registered cleanup function: <bound method PySysTest.mycleanup of <PySysTest object at 0x76023550>>
2022-04-07 16:12:30,880 DEBUG Process parameters for sudo<start>
  command line : /usr/bin/sudo /usr/bin/systemctl start mosquitto
    arg #1     : /usr/bin/systemctl
    arg #2     : start
    arg #3     : mosquitto
  working dir  : /home/pi/actions-runner/_work/thin-edge.io/thin-edge.io/tests/PySys/local_mqtt/local_mqtt_sub_fail/Output/linux
  stdout       : /home/pi/actions-runner/_work/thin-edge.io/thin-edge.io/tests/PySys/local_mqtt/local_mqtt_sub_fail/Output/linux/start.out
  stderr       : /home/pi/actions-runner/_work/thin-edge.io/thin-edge.io/tests/PySys/local_mqtt/local_mqtt_sub_fail/Output/linux/start.err
  environment  : LD_LIBRARY_PATH=/usr/lib
  environment  : PATH=/bin:/usr/bin:/usr/sbin:/usr/local/bin
                   #1  /bin
                   #2  /usr/bin
                   #3  /usr/sbin
                   #4  /usr/local/bin
2022-04-07 16:12:30,887 DEBUG Waiting up to 600 secs for process sudo<start> (pid 29576)
2022-04-07 16:12:31,645 INFO  Executed sudo<start>, exit status 0
2022-04-07 16:12:31,646 DEBUG ProcessUser cleanup function done.
2022-04-07 16:12:31,649 INFO  
2022-04-07 16:12:31,650 INFO  Test duration: 1.85 secs
2022-04-07 16:12:31,651 INFO  Test final outcome:  PASSED
2022-04-07 16:12:31,652 INFO  
