2022-04-07 17:38:43,953 INFO  ==============================================================
2022-04-07 17:38:43,953 INFO  Id:    SoftwareManagement.sm_fake_install_remove_multiple
2022-04-07 17:38:43,955 INFO  Dir:   software_management_end_to_end/
2022-04-07 17:38:43,955 INFO  Title: Validate end to end behaviour for the dummy-plugin for multiple packages
2022-04-07 17:38:43,956 DEBUG Execution order hint: 0.0
2022-04-07 17:38:43,957 INFO  ==============================================================
2022-04-07 17:38:43,965 INFO  Using sw id database: {'asciijump': '5475369', 'robotfindskitten': '5474869', 'squirrel3': '5475279', 'rolldice': '5152439', 'moon-buggy': '5439204', 'apple': '5495053', 'banana': '5494888', 'cherry': '5495382', 'watermelon': '5494510', 'registry': '8018911', 'hello-world': '8021526', 'docker/getting-started': '8021973', 'alpine': '7991792'}
2022-04-07 17:38:43,966 DEBUG EnvironmentC8y Setup
2022-04-07 17:38:43,966 INFO  EnvironmentC8y Setup
2022-04-07 17:38:43,968 DEBUG Process parameters for systemctl<serv_mapper1>
  command line : /usr/bin/systemctl status tedge-mapper-c8y
    arg #1     : status
    arg #2     : tedge-mapper-c8y
  working dir  : /home/pi/actions-runner/_work/thin-edge.io/thin-edge.io/tests/PySys/software_management_end_to_end/sm_fake_install_remove_multiple/Output/linux
  stdout       : /home/pi/actions-runner/_work/thin-edge.io/thin-edge.io/tests/PySys/software_management_end_to_end/sm_fake_install_remove_multiple/Output/linux/serv_mapper1.out
  stderr       : /home/pi/actions-runner/_work/thin-edge.io/thin-edge.io/tests/PySys/software_management_end_to_end/sm_fake_install_remove_multiple/Output/linux/serv_mapper1.err
  environment  : LD_LIBRARY_PATH=/usr/lib
  environment  : PATH=/bin:/usr/bin:/usr/sbin:/usr/local/bin
                   #1  /bin
                   #2  /usr/bin
                   #3  /usr/sbin
                   #4  /usr/local/bin
2022-04-07 17:38:43,976 DEBUG Waiting up to 600 secs for process systemctl<serv_mapper1> (pid 19444)
2022-04-07 17:38:44,533 INFO  Executed systemctl<serv_mapper1>, exit status 3
2022-04-07 17:38:44,644 INFO  Restarting mosquitto too frequently in the last 10 seconds. It was only up for 4 seconds
2022-04-07 17:38:44,646 INFO  Delaying execution by 7 seconds
2022-04-07 17:38:51,655 DEBUG Process parameters for sudo<tedge_connect_c8y>
  command line : /usr/bin/sudo /usr/bin/tedge connect c8y
    arg #1     : /usr/bin/tedge
    arg #2     : connect
    arg #3     : c8y
  working dir  : /home/pi/actions-runner/_work/thin-edge.io/thin-edge.io/tests/PySys/software_management_end_to_end/sm_fake_install_remove_multiple/Output/linux
  stdout       : /home/pi/actions-runner/_work/thin-edge.io/thin-edge.io/tests/PySys/software_management_end_to_end/sm_fake_install_remove_multiple/Output/linux/tedge_connect_c8y.out
  stderr       : /home/pi/actions-runner/_work/thin-edge.io/thin-edge.io/tests/PySys/software_management_end_to_end/sm_fake_install_remove_multiple/Output/linux/tedge_connect_c8y.err
  environment  : LD_LIBRARY_PATH=/usr/lib
  environment  : PATH=/bin:/usr/bin:/usr/sbin:/usr/local/bin
                   #1  /bin
                   #2  /usr/bin
                   #3  /usr/sbin
                   #4  /usr/local/bin
2022-04-07 17:38:51,664 DEBUG Waiting up to 600 secs for process sudo<tedge_connect_c8y> (pid 19448)
2022-04-07 17:39:05,810 INFO  Executed sudo<tedge_connect_c8y>, exit status 0, duration 14 secs
2022-04-07 17:39:05,821 DEBUG Process parameters for sudo<tedge_connect_c8y_test>
  command line : /usr/bin/sudo /usr/bin/tedge connect c8y --test
    arg #1     : /usr/bin/tedge
    arg #2     : connect
    arg #3     : c8y
    arg #4     : --test
  working dir  : /home/pi/actions-runner/_work/thin-edge.io/thin-edge.io/tests/PySys/software_management_end_to_end/sm_fake_install_remove_multiple/Output/linux
  stdout       : /home/pi/actions-runner/_work/thin-edge.io/thin-edge.io/tests/PySys/software_management_end_to_end/sm_fake_install_remove_multiple/Output/linux/tedge_connect_c8y_test.out
  stderr       : /home/pi/actions-runner/_work/thin-edge.io/thin-edge.io/tests/PySys/software_management_end_to_end/sm_fake_install_remove_multiple/Output/linux/tedge_connect_c8y_test.err
  environment  : LD_LIBRARY_PATH=/usr/lib
  environment  : PATH=/bin:/usr/bin:/usr/sbin:/usr/local/bin
                   #1  /bin
                   #2  /usr/bin
                   #3  /usr/sbin
                   #4  /usr/local/bin
2022-04-07 17:39:05,831 DEBUG Waiting up to 600 secs for process sudo<tedge_connect_c8y_test> (pid 19555)
2022-04-07 17:39:06,440 INFO  Executed sudo<tedge_connect_c8y_test>, exit status 0
2022-04-07 17:39:06,442 DEBUG Process parameters for systemctl<serv_mosq2>
  command line : /usr/bin/systemctl status mosquitto
    arg #1     : status
    arg #2     : mosquitto
  working dir  : /home/pi/actions-runner/_work/thin-edge.io/thin-edge.io/tests/PySys/software_management_end_to_end/sm_fake_install_remove_multiple/Output/linux
  stdout       : /home/pi/actions-runner/_work/thin-edge.io/thin-edge.io/tests/PySys/software_management_end_to_end/sm_fake_install_remove_multiple/Output/linux/serv_mosq2.out
  stderr       : /home/pi/actions-runner/_work/thin-edge.io/thin-edge.io/tests/PySys/software_management_end_to_end/sm_fake_install_remove_multiple/Output/linux/serv_mosq2.err
  environment  : LD_LIBRARY_PATH=/usr/lib
  environment  : PATH=/bin:/usr/bin:/usr/sbin:/usr/local/bin
                   #1  /bin
                   #2  /usr/bin
                   #3  /usr/sbin
                   #4  /usr/local/bin
2022-04-07 17:39:06,451 DEBUG Waiting up to 600 secs for process systemctl<serv_mosq2> (pid 19561)
2022-04-07 17:39:06,958 INFO  Executed systemctl<serv_mosq2>, exit status 0
2022-04-07 17:39:06,961 DEBUG Process parameters for systemctl<serv_mapper3>
  command line : /usr/bin/systemctl status tedge-mapper-c8y
    arg #1     : status
    arg #2     : tedge-mapper-c8y
  working dir  : /home/pi/actions-runner/_work/thin-edge.io/thin-edge.io/tests/PySys/software_management_end_to_end/sm_fake_install_remove_multiple/Output/linux
  stdout       : /home/pi/actions-runner/_work/thin-edge.io/thin-edge.io/tests/PySys/software_management_end_to_end/sm_fake_install_remove_multiple/Output/linux/serv_mapper3.out
  stderr       : /home/pi/actions-runner/_work/thin-edge.io/thin-edge.io/tests/PySys/software_management_end_to_end/sm_fake_install_remove_multiple/Output/linux/serv_mapper3.err
  environment  : LD_LIBRARY_PATH=/usr/lib
  environment  : PATH=/bin:/usr/bin:/usr/sbin:/usr/local/bin
                   #1  /bin
                   #2  /usr/bin
                   #3  /usr/sbin
                   #4  /usr/local/bin
2022-04-07 17:39:06,969 DEBUG Waiting up to 600 secs for process systemctl<serv_mapper3> (pid 19562)
2022-04-07 17:39:07,477 INFO  Executed systemctl<serv_mapper3>, exit status 0
2022-04-07 17:39:09,500 DEBUG Starting new HTTPS connection (1): thin-edge-io.eu-latest.cumulocity.com:443
2022-04-07 17:39:09,683 DEBUG https://thin-edge-io.eu-latest.cumulocity.com:443 "GET /devicecontrol/operations?deviceId=16979395&pageSize=1&revert=true&dateFrom=1970-01-01T00%3A00%3A00.000Z HTTP/1.1" 200 1065
2022-04-07 17:39:09,697 DEBUG Final URL of the request: https://thin-edge-io.eu-latest.cumulocity.com/devicecontrol/operations?deviceId=16979395&pageSize=1&revert=true&dateFrom=1970-01-01T00%3A00%3A00.000Z
2022-04-07 17:39:09,700 INFO  State of current operation: SUCCESSFUL
2022-04-07 17:39:09,716 DEBUG Starting new HTTPS connection (1): thin-edge-io.eu-latest.cumulocity.com:443
2022-04-07 17:39:09,923 DEBUG https://thin-edge-io.eu-latest.cumulocity.com:443 "GET /inventory/managedObjects/16979395 HTTP/1.1" 200 None
2022-04-07 17:39:09,941 INFO  Package apple is installed
2022-04-07 17:39:09,944 INFO  Assert that (True == value) with value=True ... passed
2022-04-07 17:39:09,961 DEBUG Starting new HTTPS connection (1): thin-edge-io.eu-latest.cumulocity.com:443
2022-04-07 17:39:10,176 DEBUG https://thin-edge-io.eu-latest.cumulocity.com:443 "GET /inventory/managedObjects/16979395 HTTP/1.1" 200 None
2022-04-07 17:39:10,195 INFO  Package banana is installed
2022-04-07 17:39:10,197 INFO  Assert that (True == value) with value=True ... passed
2022-04-07 17:39:10,213 DEBUG Starting new HTTPS connection (1): thin-edge-io.eu-latest.cumulocity.com:443
2022-04-07 17:39:10,411 DEBUG https://thin-edge-io.eu-latest.cumulocity.com:443 "GET /inventory/managedObjects/16979395 HTTP/1.1" 200 None
2022-04-07 17:39:10,431 INFO  Package cherry is installed
2022-04-07 17:39:10,433 INFO  Assert that (True == value) with value=True ... passed
2022-04-07 17:39:10,434 DEBUG --- test execute
2022-04-07 17:39:10,450 DEBUG Starting new HTTPS connection (1): thin-edge-io.eu-latest.cumulocity.com:443
2022-04-07 17:39:10,646 DEBUG https://thin-edge-io.eu-latest.cumulocity.com:443 "POST /devicecontrol/operations HTTP/1.1" 201 830
2022-04-07 17:39:10,661 INFO  Response status: 201
2022-04-07 17:39:10,663 INFO  Response to action: {
    "creationTime": "2022-04-07T17:39:10.620Z",
    "deviceId": "16979395",
    "deviceName": "offsite_mythica",
    "self": "https://t493319102.eu-latest.cumulocity.com/devicecontrol/operations/17009401",
    "id": "17009401",
    "status": "PENDING",
    "description": "Apply software changes, triggered from PySys: [{'action': 'install', 'id': '5495053', 'name': 'apple', 'url': ' ', 'version': '::fruits'}, {'action': 'install', 'id': '5494888', 'name': 'banana', 'url': ' ', 'version': '::fruits'}, {'action': 'install', 'id': '5495382', 'name': 'cherry', 'url': ' ', 'version': '::fruits'}]",
    "c8y_SoftwareUpdate": [
        {
            "name": "apple",
            "action": "install",
            "id": "5495053",
            "version": "::fruits",
            "url": " "
        },
        {
            "name": "banana",
            "action": "install",
            "id": "5494888",
            "version": "::fruits",
            "url": " "
        },
        {
            "name": "cherry",
            "action": "install",
            "id": "5495382",
            "version": "::fruits",
            "url": " "
        }
    ]
}
2022-04-07 17:39:10,664 INFO  Started operation: {'creationTime': '2022-04-07T17:39:10.620Z', 'deviceId': '16979395', 'deviceName': 'offsite_mythica', 'self': 'https://t493319102.eu-latest.cumulocity.com/devicecontrol/operations/17009401', 'id': '17009401', 'status': 'PENDING', 'description': "Apply software changes, triggered from PySys: [{'action': 'install', 'id': '5495053', 'name': 'apple', 'url': ' ', 'version': '::fruits'}, {'action': 'install', 'id': '5494888', 'name': 'banana', 'url': ' ', 'version': '::fruits'}, {'action': 'install', 'id': '5495382', 'name': 'cherry', 'url': ' ', 'version': '::fruits'}]", 'c8y_SoftwareUpdate': [{'name': 'apple', 'action': 'install', 'id': '5495053', 'version': '::fruits', 'url': ' '}, {'name': 'banana', 'action': 'install', 'id': '5494888', 'version': '::fruits', 'url': ' '}, {'name': 'cherry', 'action': 'install', 'id': '5495382', 'version': '::fruits', 'url': ' '}]}
2022-04-07 17:39:12,683 DEBUG Starting new HTTPS connection (1): thin-edge-io.eu-latest.cumulocity.com:443
2022-04-07 17:39:12,864 DEBUG https://thin-edge-io.eu-latest.cumulocity.com:443 "GET /devicecontrol/operations/17009401 HTTP/1.1" 200 982
2022-04-07 17:39:12,880 INFO  State of operation 17009401 : PENDING
2022-04-07 17:39:14,899 DEBUG Starting new HTTPS connection (1): thin-edge-io.eu-latest.cumulocity.com:443
2022-04-07 17:39:15,099 DEBUG https://thin-edge-io.eu-latest.cumulocity.com:443 "GET /devicecontrol/operations/17009401 HTTP/1.1" 200 984
2022-04-07 17:39:15,116 INFO  State of operation 17009401 : EXECUTING
2022-04-07 17:39:17,141 DEBUG Starting new HTTPS connection (1): thin-edge-io.eu-latest.cumulocity.com:443
2022-04-07 17:39:17,339 DEBUG https://thin-edge-io.eu-latest.cumulocity.com:443 "GET /devicecontrol/operations/17009401 HTTP/1.1" 200 984
2022-04-07 17:39:17,357 INFO  State of operation 17009401 : EXECUTING
2022-04-07 17:39:19,376 DEBUG Starting new HTTPS connection (1): thin-edge-io.eu-latest.cumulocity.com:443
2022-04-07 17:39:19,554 DEBUG https://thin-edge-io.eu-latest.cumulocity.com:443 "GET /devicecontrol/operations/17009401 HTTP/1.1" 200 985
2022-04-07 17:39:19,571 INFO  State of operation 17009401 : SUCCESSFUL
2022-04-07 17:39:19,587 DEBUG Starting new HTTPS connection (1): thin-edge-io.eu-latest.cumulocity.com:443
2022-04-07 17:39:19,789 DEBUG https://thin-edge-io.eu-latest.cumulocity.com:443 "GET /inventory/managedObjects/16979395 HTTP/1.1" 200 None
2022-04-07 17:39:19,807 INFO  Package apple is installed
2022-04-07 17:39:19,809 INFO  Assert that (True == value) with value=True ... passed
2022-04-07 17:39:19,825 DEBUG Starting new HTTPS connection (1): thin-edge-io.eu-latest.cumulocity.com:443
2022-04-07 17:39:21,108 DEBUG https://thin-edge-io.eu-latest.cumulocity.com:443 "GET /inventory/managedObjects/16979395 HTTP/1.1" 200 None
2022-04-07 17:39:21,126 INFO  Package banana is installed
2022-04-07 17:39:21,129 INFO  Assert that (True == value) with value=True ... passed
2022-04-07 17:39:21,144 DEBUG Starting new HTTPS connection (1): thin-edge-io.eu-latest.cumulocity.com:443
2022-04-07 17:39:21,349 DEBUG https://thin-edge-io.eu-latest.cumulocity.com:443 "GET /inventory/managedObjects/16979395 HTTP/1.1" 200 None
2022-04-07 17:39:21,367 INFO  Package cherry is installed
2022-04-07 17:39:21,369 INFO  Assert that (True == value) with value=True ... passed
2022-04-07 17:39:21,385 DEBUG Starting new HTTPS connection (1): thin-edge-io.eu-latest.cumulocity.com:443
2022-04-07 17:39:21,574 DEBUG https://thin-edge-io.eu-latest.cumulocity.com:443 "POST /devicecontrol/operations HTTP/1.1" 201 830
2022-04-07 17:39:21,590 INFO  Response status: 201
2022-04-07 17:39:21,591 INFO  Response to action: {
    "creationTime": "2022-04-07T17:39:21.549Z",
    "deviceId": "16979395",
    "deviceName": "offsite_mythica",
    "self": "https://t493319102.eu-latest.cumulocity.com/devicecontrol/operations/17009403",
    "id": "17009403",
    "status": "PENDING",
    "description": "Apply software changes, triggered from PySys: [{'action': 'install', 'id': '5495053', 'name': 'apple', 'url': ' ', 'version': '::fruits'}, {'action': 'install', 'id': '5494888', 'name': 'banana', 'url': ' ', 'version': '::fruits'}, {'action': 'install', 'id': '5495382', 'name': 'cherry', 'url': ' ', 'version': '::fruits'}]",
    "c8y_SoftwareUpdate": [
        {
            "name": "apple",
            "action": "install",
            "id": "5495053",
            "version": "::fruits",
            "url": " "
        },
        {
            "name": "banana",
            "action": "install",
            "id": "5494888",
            "version": "::fruits",
            "url": " "
        },
        {
            "name": "cherry",
            "action": "install",
            "id": "5495382",
            "version": "::fruits",
            "url": " "
        }
    ]
}
2022-04-07 17:39:21,592 INFO  Started operation: {'creationTime': '2022-04-07T17:39:21.549Z', 'deviceId': '16979395', 'deviceName': 'offsite_mythica', 'self': 'https://t493319102.eu-latest.cumulocity.com/devicecontrol/operations/17009403', 'id': '17009403', 'status': 'PENDING', 'description': "Apply software changes, triggered from PySys: [{'action': 'install', 'id': '5495053', 'name': 'apple', 'url': ' ', 'version': '::fruits'}, {'action': 'install', 'id': '5494888', 'name': 'banana', 'url': ' ', 'version': '::fruits'}, {'action': 'install', 'id': '5495382', 'name': 'cherry', 'url': ' ', 'version': '::fruits'}]", 'c8y_SoftwareUpdate': [{'name': 'apple', 'action': 'install', 'id': '5495053', 'version': '::fruits', 'url': ' '}, {'name': 'banana', 'action': 'install', 'id': '5494888', 'version': '::fruits', 'url': ' '}, {'name': 'cherry', 'action': 'install', 'id': '5495382', 'version': '::fruits', 'url': ' '}]}
2022-04-07 17:39:23,612 DEBUG Starting new HTTPS connection (1): thin-edge-io.eu-latest.cumulocity.com:443
2022-04-07 17:39:23,808 DEBUG https://thin-edge-io.eu-latest.cumulocity.com:443 "GET /devicecontrol/operations/17009403 HTTP/1.1" 200 982
2022-04-07 17:39:23,824 INFO  State of operation 17009403 : PENDING
2022-04-07 17:39:25,844 DEBUG Starting new HTTPS connection (1): thin-edge-io.eu-latest.cumulocity.com:443
2022-04-07 17:39:26,043 DEBUG https://thin-edge-io.eu-latest.cumulocity.com:443 "GET /devicecontrol/operations/17009403 HTTP/1.1" 200 984
2022-04-07 17:39:26,060 INFO  State of operation 17009403 : EXECUTING
2022-04-07 17:39:28,080 DEBUG Starting new HTTPS connection (1): thin-edge-io.eu-latest.cumulocity.com:443
2022-04-07 17:39:28,282 DEBUG https://thin-edge-io.eu-latest.cumulocity.com:443 "GET /devicecontrol/operations/17009403 HTTP/1.1" 200 984
2022-04-07 17:39:28,303 INFO  State of operation 17009403 : EXECUTING
2022-04-07 17:39:30,322 DEBUG Starting new HTTPS connection (1): thin-edge-io.eu-latest.cumulocity.com:443
2022-04-07 17:39:30,501 DEBUG https://thin-edge-io.eu-latest.cumulocity.com:443 "GET /devicecontrol/operations/17009403 HTTP/1.1" 200 985
2022-04-07 17:39:30,516 INFO  State of operation 17009403 : SUCCESSFUL
2022-04-07 17:39:30,518 DEBUG --- test validate
2022-04-07 17:39:30,534 DEBUG Starting new HTTPS connection (1): thin-edge-io.eu-latest.cumulocity.com:443
2022-04-07 17:39:30,736 DEBUG https://thin-edge-io.eu-latest.cumulocity.com:443 "GET /inventory/managedObjects/16979395 HTTP/1.1" 200 None
2022-04-07 17:39:30,755 INFO  Package apple is installed
2022-04-07 17:39:30,758 INFO  Assert that (True == value) with value=True ... passed
2022-04-07 17:39:30,774 DEBUG Starting new HTTPS connection (1): thin-edge-io.eu-latest.cumulocity.com:443
2022-04-07 17:39:30,968 DEBUG https://thin-edge-io.eu-latest.cumulocity.com:443 "GET /inventory/managedObjects/16979395 HTTP/1.1" 200 None
2022-04-07 17:39:30,987 INFO  Package banana is installed
2022-04-07 17:39:30,989 INFO  Assert that (True == value) with value=True ... passed
2022-04-07 17:39:31,005 DEBUG Starting new HTTPS connection (1): thin-edge-io.eu-latest.cumulocity.com:443
2022-04-07 17:39:31,202 DEBUG https://thin-edge-io.eu-latest.cumulocity.com:443 "GET /inventory/managedObjects/16979395 HTTP/1.1" 200 None
2022-04-07 17:39:31,221 INFO  Package cherry is installed
2022-04-07 17:39:31,223 INFO  Assert that (True == value) with value=True ... passed
2022-04-07 17:39:31,234 DEBUG --- test cleanup
2022-04-07 17:39:31,235 INFO  
2022-04-07 17:39:31,236 INFO  cleanup:
2022-04-07 17:39:31,237 DEBUG Running registered cleanup function: <bound method SoftwareManagement.mysmcleanup of <PySysTest object at 0x75c8e830>>
2022-04-07 17:39:31,237 DEBUG Running registered cleanup function: <bound method EnvironmentC8y.myenvcleanup of <PySysTest object at 0x75c8e830>>
2022-04-07 17:39:31,238 DEBUG EnvironmentC8y Cleanup
2022-04-07 17:39:31,350 DEBUG Process parameters for sudo<tedge_disconnect_c8y>
  command line : /usr/bin/sudo /usr/bin/tedge disconnect c8y
    arg #1     : /usr/bin/tedge
    arg #2     : disconnect
    arg #3     : c8y
  working dir  : /home/pi/actions-runner/_work/thin-edge.io/thin-edge.io/tests/PySys/software_management_end_to_end/sm_fake_install_remove_multiple/Output/linux
  stdout       : /home/pi/actions-runner/_work/thin-edge.io/thin-edge.io/tests/PySys/software_management_end_to_end/sm_fake_install_remove_multiple/Output/linux/tedge_disconnect_c8y.out
  stderr       : /home/pi/actions-runner/_work/thin-edge.io/thin-edge.io/tests/PySys/software_management_end_to_end/sm_fake_install_remove_multiple/Output/linux/tedge_disconnect_c8y.err
  environment  : LD_LIBRARY_PATH=/usr/lib
  environment  : PATH=/bin:/usr/bin:/usr/sbin:/usr/local/bin
                   #1  /bin
                   #2  /usr/bin
                   #3  /usr/sbin
                   #4  /usr/local/bin
2022-04-07 17:39:31,359 DEBUG Waiting up to 600 secs for process sudo<tedge_disconnect_c8y> (pid 19770)
2022-04-07 17:39:35,301 INFO  Executed sudo<tedge_disconnect_c8y>, exit status 0
2022-04-07 17:39:35,303 DEBUG Process parameters for systemctl<serv_mapper5>
  command line : /usr/bin/systemctl status tedge-mapper-c8y
    arg #1     : status
    arg #2     : tedge-mapper-c8y
  working dir  : /home/pi/actions-runner/_work/thin-edge.io/thin-edge.io/tests/PySys/software_management_end_to_end/sm_fake_install_remove_multiple/Output/linux
  stdout       : /home/pi/actions-runner/_work/thin-edge.io/thin-edge.io/tests/PySys/software_management_end_to_end/sm_fake_install_remove_multiple/Output/linux/serv_mapper5.out
  stderr       : /home/pi/actions-runner/_work/thin-edge.io/thin-edge.io/tests/PySys/software_management_end_to_end/sm_fake_install_remove_multiple/Output/linux/serv_mapper5.err
  environment  : LD_LIBRARY_PATH=/usr/lib
  environment  : PATH=/bin:/usr/bin:/usr/sbin:/usr/local/bin
                   #1  /bin
                   #2  /usr/bin
                   #3  /usr/sbin
                   #4  /usr/local/bin
2022-04-07 17:39:35,313 DEBUG Waiting up to 600 secs for process systemctl<serv_mapper5> (pid 19810)
2022-04-07 17:39:35,872 INFO  Executed systemctl<serv_mapper5>, exit status 3
2022-04-07 17:39:35,873 DEBUG ProcessUser cleanup function done.
2022-04-07 17:39:35,876 INFO  
2022-04-07 17:39:35,877 INFO  Test duration: 51.93 secs
2022-04-07 17:39:35,878 INFO  Test final outcome:  PASSED
2022-04-07 17:39:35,879 INFO  
