2022-05-11 12:04:53,324 INFO  ==============================================================
2022-05-11 12:04:53,326 INFO  Id:    apt_update_list
2022-05-11 12:04:53,327 INFO  Dir:   plugin_apt/
2022-05-11 12:04:53,329 INFO  Title: Validate apt plugin update-list command use case
2022-05-11 12:04:53,330 INFO  ==============================================================
2022-05-11 12:05:00,899 INFO  Executed sudo, exit status 0
2022-05-11 12:05:42,266 INFO  Executed sudo, exit status 0, duration 41 secs
2022-05-11 12:06:00,085 INFO  Executed sudo, exit status 0, duration 17 secs
2022-05-11 12:06:05,773 INFO  Executed sudo<outp_check_0>, exit status 0
2022-05-11 12:06:05,775 INFO  Assert that (value==0) with value=0 ... passed
2022-05-11 12:06:05,780 INFO  Grep on file outp_check_0.out ... passed
2022-05-11 12:06:08,342 INFO  Executed sudo<outp_check_1>, exit status 0
2022-05-11 12:06:08,344 INFO  Assert that (value==0) with value=0 ... passed
2022-05-11 12:06:08,351 INFO  Grep on file outp_check_1.out ... passed
2022-05-11 12:06:10,913 INFO  Executed sudo<outp_check_2>, exit status 0
2022-05-11 12:06:10,915 INFO  Assert that (value==0) with value=0 ... passed
2022-05-11 12:06:10,921 INFO  Grep on file outp_check_2.out ... passed
2022-05-11 12:07:01,302 INFO  Executed sudo<outp_check_3>, exit status 0
2022-05-11 12:07:01,305 INFO  Assert that (value==0) with value=0 ... passed
2022-05-11 12:07:01,311 INFO  Grep on file outp_check_3.out ... passed
2022-05-11 12:07:04,054 INFO  Executed sudo<outp_check_4>, exit status 0
2022-05-11 12:07:04,056 INFO  Assert that (value==0) with value=0 ... passed
2022-05-11 12:07:04,062 INFO  Grep on file outp_check_4.out ... passed
2022-05-11 12:07:06,621 INFO  Executed sudo<outp_check_5>, exit status 0
2022-05-11 12:07:06,624 INFO  Assert that (value==0) with value=0 ... passed
2022-05-11 12:07:06,629 INFO  Grep on file outp_check_5.out ... passed
2022-05-11 12:07:06,635 INFO  
2022-05-11 12:07:06,636 INFO  cleanup:
2022-05-11 12:07:20,226 INFO  Executed sudo, exit status 0, duration 13 secs
2022-05-11 12:07:27,723 INFO  Executed sudo, exit status 0
2022-05-11 12:07:41,713 INFO  Executed sudo, exit status 0, duration 13 secs
2022-05-11 12:07:41,717 INFO  
2022-05-11 12:07:41,717 INFO  Test duration: 168.41 secs
2022-05-11 12:07:41,719 INFO  Test final outcome:  PASSED
2022-05-11 12:07:41,719 INFO  
