2022-05-16 07:36:32,787 INFO  ==============================================================
2022-05-16 07:36:32,787 INFO  Id:    docker_plugin_install
2022-05-16 07:36:32,787 INFO  Dir:   plugin_docker/
2022-05-16 07:36:32,788 INFO  Title: Validate docker plugin install
2022-05-16 07:36:32,788 INFO  ==============================================================
2022-05-16 07:36:32,941 INFO  Executed sudo<docker_images>, exit status 0
2022-05-16 07:36:32,941 INFO  Grep on file /home/pi/actions-runner/_work/thin-edge.io/thin-edge.io/tests/PySys/plugin_docker/docker_plugin_install/Output/linux/docker_images.out ... passed
2022-05-16 07:36:37,612 INFO  Executed sudo<plugin_install>, exit status 0
2022-05-16 07:36:37,764 INFO  Executed sudo<docker_ps_latest>, exit status 0
2022-05-16 07:36:37,917 INFO  Executed sudo<docker_ps>, exit status 0
2022-05-16 07:36:37,918 INFO  Grep on file /home/pi/actions-runner/_work/thin-edge.io/thin-edge.io/tests/PySys/plugin_docker/docker_plugin_install/Output/linux/docker_ps.out ... passed
2022-05-16 07:36:37,918 INFO  
2022-05-16 07:36:37,918 INFO  cleanup:
2022-05-16 07:36:37,919 INFO  Removing containers scheduled to be cleaned up: ['8b1478ed883f']
2022-05-16 07:36:38,272 INFO  Executed sudo<containers_for_cleanup>, exit status 0
2022-05-16 07:36:38,272 INFO  Removing images scheduled to be cleaned up: ['registry', 'registry']
2022-05-16 07:36:38,475 INFO  Executed sudo<containers_for_cleanup>, exit status 0
2022-05-16 07:36:38,475 INFO  
2022-05-16 07:36:38,475 INFO  Test duration: 5.68 secs
2022-05-16 07:36:38,476 INFO  Test final outcome:  PASSED
2022-05-16 07:36:38,476 INFO  
