2022-04-15 09:27:54,716 INFO  ==============================================================
2022-04-15 09:27:54,717 INFO  Id:    apt_sequence_remove_with_version_fail
2022-04-15 09:27:54,718 INFO  Dir:   plugin_apt/
2022-04-15 09:27:54,719 INFO  Title: Validate apt plugin remove with version fails when the version not found
2022-04-15 09:27:54,720 INFO  ==============================================================
2022-04-15 09:28:34,419 INFO  Executed sudo<outp_install>, exit status 0, duration 39 secs
2022-04-15 09:28:34,422 INFO  Assert that (value==0) with value=0 ... passed
2022-04-15 09:28:40,531 INFO  Executed sudo<outp_remove>, exit status 2
2022-04-15 09:28:40,555 INFO  Assert that (value==2) with value=2 ... passed
2022-04-15 09:28:40,561 INFO  Grep on file outp_remove.err ... passed
2022-04-15 09:28:43,596 INFO  Executed sudo<outp_check_0>, exit status 0
2022-04-15 09:28:43,599 INFO  Assert that (value==0) with value=0 ... passed
2022-04-15 09:28:43,604 INFO  Grep on file outp_check_0.out ... passed
2022-04-15 09:28:43,610 INFO  
2022-04-15 09:28:43,610 INFO  cleanup:
2022-04-15 09:28:57,357 INFO  Executed sudo, exit status 0, duration 13 secs
2022-04-15 09:28:57,362 INFO  
2022-04-15 09:28:57,363 INFO  Test duration: 62.65 secs
2022-04-15 09:28:57,364 INFO  Test final outcome:  PASSED
2022-04-15 09:28:57,365 INFO  
