2022-04-12 16:20:35,164 INFO  ==============================================================
2022-04-12 16:20:35,165 INFO  Id:    tedge_mapper_c8y_child_device_measurement
2022-04-12 16:20:35,166 INFO  Dir:   tedge_mapper_c8y/
2022-04-12 16:20:35,167 INFO  Title: Validate that measurements sent to tedge/measurements/child topic gets mapped as the child device's measurement in Cumulocity
2022-04-12 16:20:35,167 INFO  ==============================================================
2022-04-12 16:20:35,182 INFO  EnvironmentC8y Setup
2022-04-12 16:20:35,745 INFO  Executed systemctl<serv_mapper1>, exit status 3
2022-04-12 16:20:35,851 INFO  Restarting mosquitto too frequently in the last 10 seconds. It was only up for 4 seconds
2022-04-12 16:20:35,852 INFO  Delaying execution by 7 seconds
2022-04-12 16:20:56,719 INFO  Executed sudo<tedge_connect_c8y>, exit status 0, duration 13 secs
2022-04-12 16:20:57,314 INFO  Executed sudo<tedge_connect_c8y_test>, exit status 0
2022-04-12 16:20:57,777 INFO  Executed systemctl<serv_mosq2>, exit status 0
2022-04-12 16:20:58,240 INFO  Executed systemctl<serv_mapper3>, exit status 0
2022-04-12 16:20:59,023 INFO  Assert that (actual == expected) with actual=None, expected=None ... passed
2022-04-12 16:20:59,436 INFO  Executed tedge_pub, exit status 0
2022-04-12 16:20:59,898 INFO  Executed tedge_pub, exit status 0
2022-04-12 16:21:00,361 INFO  Executed tedge_pub, exit status 0
2022-04-12 16:21:00,773 INFO  Executed tedge_pub, exit status 0
2022-04-12 16:21:01,185 INFO  Executed tedge_pub, exit status 0
2022-04-12 16:21:03,526 WARN  TypeError occurred while running test - 'NoneType' object is not subscriptable
Traceback (most recent call last):
  File "/home/pi/env-pysys/lib/python3.7/site-packages/pysys/baserunner.py", line 1296, in __call__
    self.testObj.validate()
  File "/home/pi/actions-runner/_work/thin-edge.io/thin-edge.io/tests/PySys/tedge_mapper_c8y/tedge_mapper_c8y_child_device_measurement/run.py", line 115, in validate
    self.child_device_json["id"], 3
TypeError: 'NoneType' object is not subscriptable
2022-04-12 16:21:03,542 WARN  TypeError: 'NoneType' object is not subscriptable ... blocked 
2022-04-12 16:21:03,544 INFO  
2022-04-12 16:21:03,544 INFO  cleanup:
2022-04-12 16:21:03,545 ERROR Error while running cleanup function: 
Traceback (most recent call last):
  File "/home/pi/env-pysys/lib/python3.7/site-packages/pysys/process/user.py", line 1305, in cleanup
    fn()
  File "/home/pi/actions-runner/_work/thin-edge.io/thin-edge.io/tests/PySys/tedge_mapper_c8y/tedge_mapper_c8y_child_device_measurement/run.py", line 165, in test_cleanup
    self.child_device_json["id"]
TypeError: 'NoneType' object is not subscriptable
2022-04-12 16:21:07,568 INFO  Executed sudo<tedge_disconnect_c8y>, exit status 0
2022-04-12 16:21:08,143 INFO  Executed systemctl<serv_mapper5>, exit status 3
2022-04-12 16:21:08,166 WARN  Cleanup failed with 1 errors: Cleanup function failed: 'NoneType' object is not subscriptable (TypeError) ... blocked 
2022-04-12 16:21:08,169 INFO  
2022-04-12 16:21:08,170 INFO  Test duration: 33.01 secs
2022-04-12 16:21:08,171 INFO  Test final outcome:  BLOCKED
2022-04-12 16:21:08,172 INFO  Test outcome reason: TypeError: 'NoneType' object is not subscriptable (+1 other failures)
2022-04-12 16:21:08,173 INFO  
