2022-04-08 10:04:23,903 INFO  ==============================================================
2022-04-08 10:04:23,904 INFO  Id:    apt_install
2022-04-08 10:04:23,905 INFO  Dir:   plugin_apt/
2022-04-08 10:04:23,906 INFO  Title: Validate apt plugin prepare - dense version
2022-04-08 10:04:23,907 DEBUG Execution order hint: 0.0
2022-04-08 10:04:23,908 INFO  ==============================================================
2022-04-08 10:04:23,913 DEBUG Process parameters for sudo
  command line : /usr/bin/sudo /usr/bin/apt-get remove -y rolldice
    arg #1     : /usr/bin/apt-get
    arg #2     : remove
    arg #3     : -y
    arg #4     : rolldice
  working dir  : /home/pi/actions-runner/_work/thin-edge.io/thin-edge.io/tests/PySys/plugin_apt/apt_install/Output/linux
  stdout       : None
  stderr       : None
  environment  : LD_LIBRARY_PATH=/usr/lib
  environment  : PATH=/bin:/usr/bin:/usr/sbin:/usr/local/bin
                   #1  /bin
                   #2  /usr/bin
                   #3  /usr/sbin
                   #4  /usr/local/bin
2022-04-08 10:04:23,923 DEBUG Waiting up to 600 secs for process sudo (pid 13138)
2022-04-08 10:04:28,552 INFO  Executed sudo, exit status 0
2022-04-08 10:04:28,573 DEBUG Process parameters for sudo<outp_check_0>
  command line : /usr/bin/sudo /etc/tedge/sm-plugins/apt list
    arg #1     : /etc/tedge/sm-plugins/apt
    arg #2     : list
  working dir  : /home/pi/actions-runner/_work/thin-edge.io/thin-edge.io/tests/PySys/plugin_apt/apt_install/Output/linux
  stdout       : /home/pi/actions-runner/_work/thin-edge.io/thin-edge.io/tests/PySys/plugin_apt/apt_install/Output/linux/outp_check_0.out
  stderr       : /home/pi/actions-runner/_work/thin-edge.io/thin-edge.io/tests/PySys/plugin_apt/apt_install/Output/linux/outp_check_0.err
  environment  : LD_LIBRARY_PATH=/usr/lib
  environment  : PATH=/bin:/usr/bin:/usr/sbin:/usr/local/bin
                   #1  /bin
                   #2  /usr/bin
                   #3  /usr/sbin
                   #4  /usr/local/bin
2022-04-08 10:04:28,580 DEBUG Waiting up to 600 secs for process sudo<outp_check_0> (pid 13142)
2022-04-08 10:04:31,139 INFO  Executed sudo<outp_check_0>, exit status 0
2022-04-08 10:04:31,141 INFO  Assert that (value==0) with value=0 ... passed
2022-04-08 10:04:31,142 DEBUG Performing regex contains=False grep on file: /home/pi/actions-runner/_work/thin-edge.io/thin-edge.io/tests/PySys/plugin_apt/apt_install/Output/linux/outp_check_0.out
2022-04-08 10:04:31,148 INFO  Grep on file outp_check_0.out ... passed
2022-04-08 10:04:31,149 DEBUG --- test execute
2022-04-08 10:04:31,151 DEBUG Process parameters for sudo<outp_install>
  command line : /usr/bin/sudo /etc/tedge/sm-plugins/apt install rolldice
    arg #1     : /etc/tedge/sm-plugins/apt
    arg #2     : install
    arg #3     : rolldice
  working dir  : /home/pi/actions-runner/_work/thin-edge.io/thin-edge.io/tests/PySys/plugin_apt/apt_install/Output/linux
  stdout       : /home/pi/actions-runner/_work/thin-edge.io/thin-edge.io/tests/PySys/plugin_apt/apt_install/Output/linux/outp_install.out
  stderr       : /home/pi/actions-runner/_work/thin-edge.io/thin-edge.io/tests/PySys/plugin_apt/apt_install/Output/linux/outp_install.err
  environment  : LD_LIBRARY_PATH=/usr/lib
  environment  : PATH=/bin:/usr/bin:/usr/sbin:/usr/local/bin
                   #1  /bin
                   #2  /usr/bin
                   #3  /usr/sbin
                   #4  /usr/local/bin
2022-04-08 10:04:31,158 DEBUG Waiting up to 600 secs for process sudo<outp_install> (pid 13148)
2022-04-08 10:05:09,409 INFO  Executed sudo<outp_install>, exit status 0, duration 38 secs
2022-04-08 10:05:09,411 INFO  Assert that (value==0) with value=0 ... passed
2022-04-08 10:05:09,413 DEBUG --- test validate
2022-04-08 10:05:09,417 DEBUG Process parameters for sudo<outp_check_1>
  command line : /usr/bin/sudo /etc/tedge/sm-plugins/apt list
    arg #1     : /etc/tedge/sm-plugins/apt
    arg #2     : list
  working dir  : /home/pi/actions-runner/_work/thin-edge.io/thin-edge.io/tests/PySys/plugin_apt/apt_install/Output/linux
  stdout       : /home/pi/actions-runner/_work/thin-edge.io/thin-edge.io/tests/PySys/plugin_apt/apt_install/Output/linux/outp_check_1.out
  stderr       : /home/pi/actions-runner/_work/thin-edge.io/thin-edge.io/tests/PySys/plugin_apt/apt_install/Output/linux/outp_check_1.err
  environment  : LD_LIBRARY_PATH=/usr/lib
  environment  : PATH=/bin:/usr/bin:/usr/sbin:/usr/local/bin
                   #1  /bin
                   #2  /usr/bin
                   #3  /usr/sbin
                   #4  /usr/local/bin
2022-04-08 10:05:09,424 DEBUG Waiting up to 600 secs for process sudo<outp_check_1> (pid 13280)
2022-04-08 10:05:14,713 INFO  Executed sudo<outp_check_1>, exit status 0
2022-04-08 10:05:14,715 INFO  Assert that (value==0) with value=0 ... passed
2022-04-08 10:05:14,716 DEBUG Performing regex contains=True grep on file: /home/pi/actions-runner/_work/thin-edge.io/thin-edge.io/tests/PySys/plugin_apt/apt_install/Output/linux/outp_check_1.out
2022-04-08 10:05:14,721 DEBUG Grep on file outp_check_1.out successfully matched expression "rolldice" with line: 'rolldice\t1.16-1+b1\n'
2022-04-08 10:05:14,722 INFO  Grep on file outp_check_1.out ... passed
2022-04-08 10:05:14,746 DEBUG --- test cleanup
2022-04-08 10:05:14,747 INFO  
2022-04-08 10:05:14,748 INFO  cleanup:
2022-04-08 10:05:14,748 DEBUG Running registered cleanup function: <bound method AptPluginInstallDense.cleanup_remove_rolldice_module of <AptPluginInstallDense object at 0x75e06f50>>
2022-04-08 10:05:14,750 DEBUG Process parameters for sudo
  command line : /usr/bin/sudo /usr/bin/apt-get remove -y rolldice
    arg #1     : /usr/bin/apt-get
    arg #2     : remove
    arg #3     : -y
    arg #4     : rolldice
  working dir  : /home/pi/actions-runner/_work/thin-edge.io/thin-edge.io/tests/PySys/plugin_apt/apt_install/Output/linux
  stdout       : None
  stderr       : None
  environment  : LD_LIBRARY_PATH=/usr/lib
  environment  : PATH=/bin:/usr/bin:/usr/sbin:/usr/local/bin
                   #1  /bin
                   #2  /usr/bin
                   #3  /usr/sbin
                   #4  /usr/local/bin
2022-04-08 10:05:14,757 DEBUG Waiting up to 600 secs for process sudo (pid 13286)
2022-04-08 10:05:28,202 INFO  Executed sudo, exit status 0, duration 13 secs
2022-04-08 10:05:28,204 DEBUG ProcessUser cleanup function done.
2022-04-08 10:05:28,207 INFO  
2022-04-08 10:05:28,208 INFO  Test duration: 64.31 secs
2022-04-08 10:05:28,209 INFO  Test final outcome:  PASSED
2022-04-08 10:05:28,210 INFO  
