2022-05-02 15:35:24,534 INFO  ==============================================================
2022-05-02 15:35:24,536 INFO  Id:    apt_sequence_remove
2022-05-02 15:35:24,538 INFO  Dir:   plugin_apt/
2022-05-02 15:35:24,539 INFO  Title: Validate apt plugin prepare install remove finalize use case
2022-05-02 15:35:24,541 INFO  ==============================================================
2022-05-02 15:36:03,884 INFO  Executed sudo, exit status 0, duration 39 secs
2022-05-02 15:36:09,198 INFO  Executed sudo<outp_check_0>, exit status 0
2022-05-02 15:36:09,201 INFO  Assert that (value==0) with value=0 ... passed
2022-05-02 15:36:09,213 INFO  Grep on file outp_check_0.out ... passed
2022-05-02 15:36:27,551 INFO  Executed sudo<outp_prepare>, exit status 0, duration 18 secs
2022-05-02 15:36:27,555 INFO  Assert that (value==0) with value=0 ... passed
2022-05-02 15:36:47,357 INFO  Executed sudo<outp_remove>, exit status 0, duration 19 secs
2022-05-02 15:36:47,360 INFO  Assert that (value==0) with value=0 ... passed
2022-05-02 15:36:56,230 INFO  Executed sudo<outp_finalize>, exit status 0
2022-05-02 15:36:56,232 INFO  Assert that (value==0) with value=0 ... passed
2022-05-02 15:36:58,850 INFO  Executed sudo<outp_check_1>, exit status 0
2022-05-02 15:36:58,853 INFO  Assert that (value==0) with value=0 ... passed
2022-05-02 15:36:58,858 INFO  Grep on file outp_check_1.out ... passed
2022-05-02 15:36:58,864 INFO  
2022-05-02 15:36:58,865 INFO  cleanup:
2022-05-02 15:37:03,554 INFO  Executed sudo, exit status 0
2022-05-02 15:37:03,559 INFO  
2022-05-02 15:37:03,561 INFO  Test duration: 99.03 secs
2022-05-02 15:37:03,563 INFO  Test final outcome:  PASSED
2022-05-02 15:37:03,564 INFO  
