2022-05-30 09:19:52,882 INFO  ==============================================================
2022-05-30 09:19:52,883 INFO  Id:    tedge_software_update
2022-05-30 09:19:52,884 INFO  Dir:   tedge/
2022-05-30 09:19:52,885 INFO  Title: Software install from download path
2022-05-30 09:19:52,886 INFO  ==============================================================
2022-05-30 09:19:52,895 INFO  EnvironmentC8y Setup
2022-05-30 09:19:53,456 INFO  Executed systemctl<serv_mapper1>, exit status 3
2022-05-30 09:20:11,226 INFO  Executed sudo<tedge_connect_c8y>, exit status 0, duration 17 secs
2022-05-30 09:20:11,840 INFO  Executed sudo<tedge_connect_c8y_test>, exit status 0
2022-05-30 09:20:12,353 INFO  Executed systemctl<serv_mosq2>, exit status 0
2022-05-30 09:20:12,968 INFO  Executed systemctl<serv_mapper3>, exit status 0
2022-05-30 09:20:12,969 INFO  Setup
2022-05-30 09:20:13,531 INFO  Executed sudo<mkdir>, exit status 0
2022-05-30 09:20:14,093 INFO  Executed sudo<chmod>, exit status 0
2022-05-30 09:20:14,655 INFO  Executed sudo<tedge_config_get_original>, exit status 0
2022-05-30 09:20:15,218 INFO  Executed sudo, exit status 0
2022-05-30 09:20:15,779 INFO  Executed sudo<tedge_config_get_new_value>, exit status 0
2022-05-30 09:20:16,344 INFO  Executed sudo<rolldice_download>, exit status 0
2022-05-30 09:20:16,352 INFO  Grep on file tedge_config_get_new_value.out ... passed
2022-05-30 09:20:16,360 INFO  
2022-05-30 09:20:16,361 INFO  cleanup:
2022-05-30 09:20:16,987 INFO  Executed sudo, exit status 0
2022-05-30 09:20:17,550 INFO  Executed sudo<tedge_config_get_cleanup>, exit status 0
2022-05-30 09:20:17,556 INFO  Grep on file tedge_config_get_cleanup.out ... passed
2022-05-30 09:20:18,126 INFO  Executed sudo<rmdir>, exit status 0
2022-05-30 09:20:24,349 INFO  Executed sudo<tedge_disconnect_c8y>, exit status 0
2022-05-30 09:20:24,912 INFO  Executed systemctl<serv_mapper5>, exit status 3
2022-05-30 09:20:24,916 INFO  
2022-05-30 09:20:24,916 INFO  Test duration: 32.04 secs
2022-05-30 09:20:24,917 INFO  Test final outcome:  PASSED
2022-05-30 09:20:24,918 INFO  
