2022-04-14 10:15:40,546 INFO  ==============================================================
2022-04-14 10:15:40,547 INFO  Id:    apt_sequence_remove
2022-04-14 10:15:40,548 INFO  Dir:   plugin_apt/
2022-04-14 10:15:40,549 INFO  Title: Validate apt plugin prepare install remove finalize use case
2022-04-14 10:15:40,550 INFO  ==============================================================
2022-04-14 10:16:19,874 INFO  Executed sudo, exit status 0, duration 39 secs
2022-04-14 10:16:25,348 INFO  Executed sudo<outp_check_0>, exit status 0
2022-04-14 10:16:25,350 INFO  Assert that (value==0) with value=0 ... passed
2022-04-14 10:16:25,360 INFO  Grep on file outp_check_0.out ... passed
2022-04-14 10:16:43,420 INFO  Executed sudo<outp_prepare>, exit status 0, duration 18 secs
2022-04-14 10:16:43,423 INFO  Assert that (value==0) with value=0 ... passed
2022-04-14 10:17:02,529 INFO  Executed sudo<outp_remove>, exit status 0, duration 19 secs
2022-04-14 10:17:02,533 INFO  Assert that (value==0) with value=0 ... passed
2022-04-14 10:17:10,219 INFO  Executed sudo<outp_finalize>, exit status 0
2022-04-14 10:17:10,221 INFO  Assert that (value==0) with value=0 ... passed
2022-04-14 10:17:12,851 INFO  Executed sudo<outp_check_1>, exit status 0
2022-04-14 10:17:12,853 INFO  Assert that (value==0) with value=0 ... passed
2022-04-14 10:17:12,859 INFO  Grep on file outp_check_1.out ... passed
2022-04-14 10:17:12,865 INFO  
2022-04-14 10:17:12,866 INFO  cleanup:
2022-04-14 10:17:17,550 INFO  Executed sudo, exit status 0
2022-04-14 10:17:17,554 INFO  
2022-04-14 10:17:17,555 INFO  Test duration: 97.01 secs
2022-04-14 10:17:17,556 INFO  Test final outcome:  PASSED
2022-04-14 10:17:17,557 INFO  
