2022-04-14 08:12:07,092 INFO  ==============================================================
2022-04-14 08:12:07,093 INFO  Id:    SoftwareManagement.sm_mixed_install_remove_multiple
2022-04-14 08:12:07,094 INFO  Dir:   software_management_end_to_end/
2022-04-14 08:12:07,095 INFO  Title: Validate end to end behaviour for the dummy-plugin for multiple packages with mixed versions
2022-04-14 08:12:07,096 INFO  ==============================================================
2022-04-14 08:12:07,106 INFO  Using sw id database: {'asciijump': '5475369', 'robotfindskitten': '5474869', 'squirrel3': '5475279', 'rolldice': '5152439', 'moon-buggy': '5439204', 'apple': '5495053', 'banana': '5494888', 'cherry': '5495382', 'watermelon': '5494510', 'registry': '8018911', 'hello-world': '8021526', 'docker/getting-started': '8021973', 'alpine': '7991792'}
2022-04-14 08:12:07,107 INFO  EnvironmentC8y Setup
2022-04-14 08:12:07,669 INFO  Executed systemctl<serv_mapper1>, exit status 3
2022-04-14 08:12:07,776 INFO  Restarting mosquitto too frequently in the last 10 seconds. It was only up for 5 seconds
2022-04-14 08:12:07,778 INFO  Delaying execution by 6 seconds
2022-04-14 08:12:28,478 INFO  Executed sudo<tedge_connect_c8y>, exit status 0, duration 14 secs
2022-04-14 08:12:29,120 INFO  Executed sudo<tedge_connect_c8y_test>, exit status 0
2022-04-14 08:12:29,586 INFO  Executed systemctl<serv_mosq2>, exit status 0
2022-04-14 08:12:30,049 INFO  Executed systemctl<serv_mapper3>, exit status 0
2022-04-14 08:12:32,271 INFO  State of current operation: SUCCESSFUL
2022-04-14 08:12:32,503 INFO  Package apple is installed
2022-04-14 08:12:32,506 INFO  Assert that (True == value) with value=True ... passed
2022-04-14 08:12:32,738 INFO  Package banana is installed
2022-04-14 08:12:32,741 INFO  Assert that (True == value) with value=True ... passed
2022-04-14 08:12:32,967 INFO  Package cherry is installed
2022-04-14 08:12:32,970 INFO  Assert that (True == value) with value=True ... passed
2022-04-14 08:12:33,205 INFO  Package asciijump is installed
2022-04-14 08:12:33,240 WARN  Assert that (False == value) with value=True ... failed 
2022-04-14 08:12:33,548 INFO  Assert that (False == value) with value=False ... passed
2022-04-14 08:12:33,862 INFO  Response status: 201
2022-04-14 08:12:33,864 INFO  Response to action: {
    "delivery": {
        "time": "2022-04-14T08:12:33.834Z",
        "log": [],
        "status": "PENDING"
    },
    "creationTime": "2022-04-14T08:12:33.815Z",
    "deviceId": "17294230",
    "deviceName": "mythicd",
    "self": "https://t493319102.eu-latest.cumulocity.com/devicecontrol/operations/17317622",
    "id": "17317622",
    "status": "PENDING",
    "description": "Apply software changes, triggered from PySys: [{'action': 'install', 'id': '5495053', 'name': 'apple', 'url': ' ', 'version': '::fruits'}, {'action': 'install', 'id': '5494888', 'name': 'banana', 'url': ' ', 'version': '::fruits'}, {'action': 'install', 'id': '5475369', 'name': 'asciijump', 'url': ' ', 'version': '::apt'}, {'action': 'install', 'id': '5495382', 'name': 'cherry', 'url': ' ', 'version': '::fruits'}, {'action': 'install', 'id': '8018911', 'name': 'registry', 'url': ' ', 'version': '::docker'}]",
    "c8y_SoftwareUpdate": [
        {
            "name": "apple",
            "action": "install",
            "id": "5495053",
            "version": "::fruits",
            "url": " "
        },
        {
            "name": "banana",
            "action": "install",
            "id": "5494888",
            "version": "::fruits",
            "url": " "
        },
        {
            "name": "asciijump",
            "action": "install",
            "id": "5475369",
            "version": "::apt",
            "url": " "
        },
        {
            "name": "cherry",
            "action": "install",
            "id": "5495382",
            "version": "::fruits",
            "url": " "
        },
        {
            "name": "registry",
            "action": "install",
            "id": "8018911",
            "version": "::docker",
            "url": " "
        }
    ]
}
2022-04-14 08:12:33,866 INFO  Started operation: {'delivery': {'time': '2022-04-14T08:12:33.834Z', 'log': [], 'status': 'PENDING'}, 'creationTime': '2022-04-14T08:12:33.815Z', 'deviceId': '17294230', 'deviceName': 'mythicd', 'self': 'https://t493319102.eu-latest.cumulocity.com/devicecontrol/operations/17317622', 'id': '17317622', 'status': 'PENDING', 'description': "Apply software changes, triggered from PySys: [{'action': 'install', 'id': '5495053', 'name': 'apple', 'url': ' ', 'version': '::fruits'}, {'action': 'install', 'id': '5494888', 'name': 'banana', 'url': ' ', 'version': '::fruits'}, {'action': 'install', 'id': '5475369', 'name': 'asciijump', 'url': ' ', 'version': '::apt'}, {'action': 'install', 'id': '5495382', 'name': 'cherry', 'url': ' ', 'version': '::fruits'}, {'action': 'install', 'id': '8018911', 'name': 'registry', 'url': ' ', 'version': '::docker'}]", 'c8y_SoftwareUpdate': [{'name': 'apple', 'action': 'install', 'id': '5495053', 'version': '::fruits', 'url': ' '}, {'name': 'banana', 'action': 'install', 'id': '5494888', 'version': '::fruits', 'url': ' '}, {'name': 'asciijump', 'action': 'install', 'id': '5475369', 'version': '::apt', 'url': ' '}, {'name': 'cherry', 'action': 'install', 'id': '5495382', 'version': '::fruits', 'url': ' '}, {'name': 'registry', 'action': 'install', 'id': '8018911', 'version': '::docker', 'url': ' '}]}
2022-04-14 08:12:36,084 INFO  State of operation 17317622 : PENDING
2022-04-14 08:12:38,319 INFO  State of operation 17317622 : EXECUTING
2022-04-14 08:12:40,539 INFO  State of operation 17317622 : EXECUTING
2022-04-14 08:12:42,769 INFO  State of operation 17317622 : EXECUTING
2022-04-14 08:12:44,988 INFO  State of operation 17317622 : EXECUTING
2022-04-14 08:12:47,206 INFO  State of operation 17317622 : EXECUTING
2022-04-14 08:12:50,264 INFO  State of operation 17317622 : EXECUTING
2022-04-14 08:12:54,164 INFO  State of operation 17317622 : EXECUTING
2022-04-14 08:12:56,671 INFO  State of operation 17317622 : EXECUTING
2022-04-14 08:12:58,893 INFO  State of operation 17317622 : EXECUTING
2022-04-14 08:13:01,113 INFO  State of operation 17317622 : EXECUTING
2022-04-14 08:13:03,334 INFO  State of operation 17317622 : EXECUTING
2022-04-14 08:13:05,552 INFO  State of operation 17317622 : EXECUTING
2022-04-14 08:13:07,792 INFO  State of operation 17317622 : EXECUTING
2022-04-14 08:13:10,013 INFO  State of operation 17317622 : EXECUTING
2022-04-14 08:13:12,735 INFO  State of operation 17317622 : EXECUTING
2022-04-14 08:13:14,951 INFO  State of operation 17317622 : EXECUTING
2022-04-14 08:13:17,169 INFO  State of operation 17317622 : EXECUTING
2022-04-14 08:13:19,384 INFO  State of operation 17317622 : EXECUTING
2022-04-14 08:13:21,594 INFO  State of operation 17317622 : EXECUTING
2022-04-14 08:13:24,318 INFO  State of operation 17317622 : EXECUTING
2022-04-14 08:13:26,620 INFO  State of operation 17317622 : EXECUTING
2022-04-14 08:13:28,845 INFO  State of operation 17317622 : EXECUTING
2022-04-14 08:13:31,078 INFO  State of operation 17317622 : EXECUTING
2022-04-14 08:13:33,299 INFO  State of operation 17317622 : EXECUTING
2022-04-14 08:13:35,510 INFO  State of operation 17317622 : SUCCESSFUL
2022-04-14 08:13:35,739 INFO  Package apple is installed
2022-04-14 08:13:35,742 INFO  Assert that (True == value) with value=True ... passed
2022-04-14 08:13:35,976 INFO  Package banana is installed
2022-04-14 08:13:35,978 INFO  Assert that (True == value) with value=True ... passed
2022-04-14 08:13:36,200 INFO  Package cherry is installed
2022-04-14 08:13:36,203 INFO  Assert that (True == value) with value=True ... passed
2022-04-14 08:13:36,427 INFO  Package asciijump is installed
2022-04-14 08:13:36,429 INFO  Assert that (True == value) with value=True ... passed
2022-04-14 08:13:36,653 INFO  Package registry is installed
2022-04-14 08:13:36,655 INFO  Assert that (True == value) with value=True ... passed
2022-04-14 08:13:36,871 INFO  Response status: 201
2022-04-14 08:13:36,874 INFO  Response to action: {
    "delivery": {
        "time": "2022-04-14T08:13:36.846Z",
        "log": [],
        "status": "PENDING"
    },
    "creationTime": "2022-04-14T08:13:36.831Z",
    "deviceId": "17294230",
    "deviceName": "mythicd",
    "self": "https://t493319102.eu-latest.cumulocity.com/devicecontrol/operations/17317641",
    "id": "17317641",
    "status": "PENDING",
    "description": "Apply software changes, triggered from PySys: [{'action': 'delete', 'id': '5495053', 'name': 'apple', 'url': ' ', 'version': '::fruits'}, {'action': 'delete', 'id': '5494888', 'name': 'banana', 'url': ' ', 'version': '::fruits'}, {'action': 'delete', 'id': '5475369', 'name': 'asciijump', 'url': ' ', 'version': '::apt'}, {'action': 'delete', 'id': '5495382', 'name': 'cherry', 'url': ' ', 'version': '::fruits'}, {'action': 'delete', 'id': '8018911', 'name': 'registry', 'url': ' ', 'version': '::docker'}]",
    "c8y_SoftwareUpdate": [
        {
            "name": "apple",
            "action": "delete",
            "id": "5495053",
            "version": "::fruits",
            "url": " "
        },
        {
            "name": "banana",
            "action": "delete",
            "id": "5494888",
            "version": "::fruits",
            "url": " "
        },
        {
            "name": "asciijump",
            "action": "delete",
            "id": "5475369",
            "version": "::apt",
            "url": " "
        },
        {
            "name": "cherry",
            "action": "delete",
            "id": "5495382",
            "version": "::fruits",
            "url": " "
        },
        {
            "name": "registry",
            "action": "delete",
            "id": "8018911",
            "version": "::docker",
            "url": " "
        }
    ]
}
2022-04-14 08:13:36,875 INFO  Started operation: {'delivery': {'time': '2022-04-14T08:13:36.846Z', 'log': [], 'status': 'PENDING'}, 'creationTime': '2022-04-14T08:13:36.831Z', 'deviceId': '17294230', 'deviceName': 'mythicd', 'self': 'https://t493319102.eu-latest.cumulocity.com/devicecontrol/operations/17317641', 'id': '17317641', 'status': 'PENDING', 'description': "Apply software changes, triggered from PySys: [{'action': 'delete', 'id': '5495053', 'name': 'apple', 'url': ' ', 'version': '::fruits'}, {'action': 'delete', 'id': '5494888', 'name': 'banana', 'url': ' ', 'version': '::fruits'}, {'action': 'delete', 'id': '5475369', 'name': 'asciijump', 'url': ' ', 'version': '::apt'}, {'action': 'delete', 'id': '5495382', 'name': 'cherry', 'url': ' ', 'version': '::fruits'}, {'action': 'delete', 'id': '8018911', 'name': 'registry', 'url': ' ', 'version': '::docker'}]", 'c8y_SoftwareUpdate': [{'name': 'apple', 'action': 'delete', 'id': '5495053', 'version': '::fruits', 'url': ' '}, {'name': 'banana', 'action': 'delete', 'id': '5494888', 'version': '::fruits', 'url': ' '}, {'name': 'asciijump', 'action': 'delete', 'id': '5475369', 'version': '::apt', 'url': ' '}, {'name': 'cherry', 'action': 'delete', 'id': '5495382', 'version': '::fruits', 'url': ' '}, {'name': 'registry', 'action': 'delete', 'id': '8018911', 'version': '::docker', 'url': ' '}]}
2022-04-14 08:13:39,093 INFO  State of operation 17317641 : PENDING
2022-04-14 08:13:41,317 INFO  State of operation 17317641 : EXECUTING
2022-04-14 08:13:43,588 INFO  State of operation 17317641 : EXECUTING
2022-04-14 08:13:45,798 INFO  State of operation 17317641 : EXECUTING
2022-04-14 08:13:48,013 INFO  State of operation 17317641 : EXECUTING
2022-04-14 08:13:50,415 INFO  State of operation 17317641 : EXECUTING
2022-04-14 08:13:54,011 INFO  State of operation 17317641 : EXECUTING
2022-04-14 08:13:56,840 INFO  State of operation 17317641 : EXECUTING
2022-04-14 08:13:59,129 INFO  State of operation 17317641 : EXECUTING
2022-04-14 08:14:01,510 INFO  State of operation 17317641 : EXECUTING
2022-04-14 08:14:03,858 INFO  State of operation 17317641 : EXECUTING
2022-04-14 08:14:06,076 INFO  State of operation 17317641 : EXECUTING
2022-04-14 08:14:08,348 INFO  State of operation 17317641 : EXECUTING
2022-04-14 08:14:10,595 INFO  State of operation 17317641 : EXECUTING
2022-04-14 08:14:13,034 INFO  State of operation 17317641 : EXECUTING
2022-04-14 08:14:15,364 INFO  State of operation 17317641 : EXECUTING
2022-04-14 08:14:18,724 INFO  State of operation 17317641 : EXECUTING
2022-04-14 08:14:21,058 INFO  State of operation 17317641 : EXECUTING
2022-04-14 08:14:23,307 INFO  State of operation 17317641 : EXECUTING
2022-04-14 08:14:25,522 INFO  State of operation 17317641 : EXECUTING
2022-04-14 08:14:27,748 INFO  State of operation 17317641 : EXECUTING
2022-04-14 08:14:29,967 INFO  State of operation 17317641 : EXECUTING
2022-04-14 08:14:32,191 INFO  State of operation 17317641 : EXECUTING
2022-04-14 08:14:35,047 INFO  State of operation 17317641 : EXECUTING
2022-04-14 08:14:37,285 INFO  State of operation 17317641 : EXECUTING
2022-04-14 08:14:39,504 INFO  State of operation 17317641 : EXECUTING
2022-04-14 08:14:41,736 INFO  State of operation 17317641 : EXECUTING
2022-04-14 08:14:44,204 INFO  State of operation 17317641 : EXECUTING
2022-04-14 08:14:46,568 INFO  State of operation 17317641 : EXECUTING
2022-04-14 08:14:48,794 INFO  State of operation 17317641 : EXECUTING
2022-04-14 08:14:51,006 INFO  State of operation 17317641 : SUCCESSFUL
2022-04-14 08:14:51,259 INFO  Package apple is installed
2022-04-14 08:14:51,261 INFO  Assert that (True == value) with value=True ... passed
2022-04-14 08:14:51,489 INFO  Package banana is installed
2022-04-14 08:14:51,491 INFO  Assert that (True == value) with value=True ... passed
2022-04-14 08:14:51,751 INFO  Package cherry is installed
2022-04-14 08:14:51,754 INFO  Assert that (True == value) with value=True ... passed
2022-04-14 08:14:51,983 INFO  Assert that (False == value) with value=False ... passed
2022-04-14 08:14:52,209 INFO  Assert that (False == value) with value=False ... passed
2022-04-14 08:14:52,219 INFO  
2022-04-14 08:14:52,220 INFO  cleanup:
2022-04-14 08:14:56,763 INFO  Executed sudo<tedge_disconnect_c8y>, exit status 0
2022-04-14 08:14:57,329 INFO  Executed systemctl<serv_mapper5>, exit status 3
2022-04-14 08:14:57,334 INFO  
2022-04-14 08:14:57,335 INFO  Test duration: 170.27 secs
2022-04-14 08:14:57,336 INFO  Test final outcome:  FAILED
2022-04-14 08:14:57,337 INFO  Test outcome reason: Assert that (False == value) with value=True
2022-04-14 08:14:57,338 INFO  
