2022-05-02 15:11:44,738 INFO  ==============================================================
2022-05-02 15:11:44,738 INFO  Id:    apt_fail_noarg
2022-05-02 15:11:44,740 INFO  Dir:   plugin_apt/
2022-05-02 15:11:44,740 INFO  Title: Validate apt plugin fetures(prepare, list, install, remove finalize) without arguments
2022-05-02 15:11:44,740 INFO  ==============================================================
2022-05-02 15:11:44,904 INFO  Executed sudo<outp_install>, exit status 1
2022-05-02 15:11:44,905 INFO  Assert that (value==1) with value=1 ... passed
2022-05-02 15:11:45,007 INFO  Executed sudo<outp_install>, exit status 1
2022-05-02 15:11:45,007 INFO  Assert that (value==1) with value=1 ... passed
2022-05-02 15:11:45,109 INFO  Executed sudo<outp_install>, exit status 1
2022-05-02 15:11:45,109 INFO  Assert that (value==1) with value=1 ... passed
2022-05-02 15:11:45,211 INFO  Executed sudo<outp_install>, exit status 1
2022-05-02 15:11:45,212 INFO  Assert that (value==1) with value=1 ... passed
2022-05-02 15:11:45,314 INFO  Executed sudo<outp_install>, exit status 1
2022-05-02 15:11:45,314 INFO  Assert that (value==1) with value=1 ... passed
2022-05-02 15:11:45,416 INFO  Executed sudo<outp_install>, exit status 1
2022-05-02 15:11:45,417 INFO  Assert that (value==1) with value=1 ... passed
2022-05-02 15:11:45,519 INFO  Executed sudo<outp_install>, exit status 1
2022-05-02 15:11:45,519 INFO  Assert that (value==1) with value=1 ... passed
2022-05-02 15:11:45,621 INFO  Executed sudo<outp_install>, exit status 1
2022-05-02 15:11:45,622 INFO  Assert that (value==1) with value=1 ... passed
2022-05-02 15:11:45,724 INFO  Executed sudo<outp_install>, exit status 1
2022-05-02 15:11:45,724 INFO  Assert that (value==1) with value=1 ... passed
2022-05-02 15:11:45,826 INFO  Executed sudo<outp_install>, exit status 1
2022-05-02 15:11:45,827 INFO  Assert that (value==1) with value=1 ... passed
2022-05-02 15:11:45,828 INFO  
2022-05-02 15:11:45,828 INFO  Test duration: 1.09 secs
2022-05-02 15:11:45,828 INFO  Test final outcome:  PASSED
2022-05-02 15:11:45,828 INFO  
