2022-04-08 10:02:28,137 INFO  ==============================================================
2022-04-08 10:02:28,138 INFO  Id:    apt_fail_noarg
2022-04-08 10:02:28,141 INFO  Dir:   plugin_apt/
2022-04-08 10:02:28,142 INFO  Title: Validate apt plugin fetures(prepare, list, install, remove finalize) without arguments
2022-04-08 10:02:28,143 DEBUG Execution order hint: 0.0
2022-04-08 10:02:28,144 INFO  ==============================================================
2022-04-08 10:02:29,084 DEBUG --- test execute
2022-04-08 10:02:29,086 DEBUG Process parameters for sudo<outp_install>
  command line : /usr/bin/sudo /etc/tedge/sm-plugins/apt install
    arg #1     : /etc/tedge/sm-plugins/apt
    arg #2     : install
  working dir  : /home/pi/actions-runner/_work/thin-edge.io/thin-edge.io/tests/PySys/plugin_apt/apt_fail_noarg/Output/linux
  stdout       : /home/pi/actions-runner/_work/thin-edge.io/thin-edge.io/tests/PySys/plugin_apt/apt_fail_noarg/Output/linux/outp_install.out
  stderr       : /home/pi/actions-runner/_work/thin-edge.io/thin-edge.io/tests/PySys/plugin_apt/apt_fail_noarg/Output/linux/outp_install.err
  environment  : LD_LIBRARY_PATH=/usr/lib
  environment  : PATH=/bin:/usr/bin:/usr/sbin:/usr/local/bin
                   #1  /bin
                   #2  /usr/bin
                   #3  /usr/sbin
                   #4  /usr/local/bin
2022-04-08 10:02:29,094 DEBUG Waiting up to 600 secs for process sudo<outp_install> (pid 30556)
2022-04-08 10:02:29,601 INFO  Executed sudo<outp_install>, exit status 1
2022-04-08 10:02:29,605 INFO  Assert that (value==1) with value=1 ... passed
2022-04-08 10:02:29,607 DEBUG Process parameters for sudo<outp_install>
  command line : /usr/bin/sudo /etc/tedge/sm-plugins/apt remove
    arg #1     : /etc/tedge/sm-plugins/apt
    arg #2     : remove
  working dir  : /home/pi/actions-runner/_work/thin-edge.io/thin-edge.io/tests/PySys/plugin_apt/apt_fail_noarg/Output/linux
  stdout       : /home/pi/actions-runner/_work/thin-edge.io/thin-edge.io/tests/PySys/plugin_apt/apt_fail_noarg/Output/linux/outp_install.out
  stderr       : /home/pi/actions-runner/_work/thin-edge.io/thin-edge.io/tests/PySys/plugin_apt/apt_fail_noarg/Output/linux/outp_install.err
  environment  : LD_LIBRARY_PATH=/usr/lib
  environment  : PATH=/bin:/usr/bin:/usr/sbin:/usr/local/bin
                   #1  /bin
                   #2  /usr/bin
                   #3  /usr/sbin
                   #4  /usr/local/bin
2022-04-08 10:02:29,614 DEBUG Waiting up to 600 secs for process sudo<outp_install> (pid 30558)
2022-04-08 10:02:30,121 INFO  Executed sudo<outp_install>, exit status 1
2022-04-08 10:02:30,123 INFO  Assert that (value==1) with value=1 ... passed
2022-04-08 10:02:30,125 DEBUG Process parameters for sudo<outp_install>
  command line : /usr/bin/sudo /etc/tedge/sm-plugins/apt prepare nonsense
    arg #1     : /etc/tedge/sm-plugins/apt
    arg #2     : prepare
    arg #3     : nonsense
  working dir  : /home/pi/actions-runner/_work/thin-edge.io/thin-edge.io/tests/PySys/plugin_apt/apt_fail_noarg/Output/linux
  stdout       : /home/pi/actions-runner/_work/thin-edge.io/thin-edge.io/tests/PySys/plugin_apt/apt_fail_noarg/Output/linux/outp_install.out
  stderr       : /home/pi/actions-runner/_work/thin-edge.io/thin-edge.io/tests/PySys/plugin_apt/apt_fail_noarg/Output/linux/outp_install.err
  environment  : LD_LIBRARY_PATH=/usr/lib
  environment  : PATH=/bin:/usr/bin:/usr/sbin:/usr/local/bin
                   #1  /bin
                   #2  /usr/bin
                   #3  /usr/sbin
                   #4  /usr/local/bin
2022-04-08 10:02:30,132 DEBUG Waiting up to 600 secs for process sudo<outp_install> (pid 30560)
2022-04-08 10:02:30,639 INFO  Executed sudo<outp_install>, exit status 1
2022-04-08 10:02:30,641 INFO  Assert that (value==1) with value=1 ... passed
2022-04-08 10:02:30,643 DEBUG Process parameters for sudo<outp_install>
  command line : /usr/bin/sudo /etc/tedge/sm-plugins/apt list nonsense
    arg #1     : /etc/tedge/sm-plugins/apt
    arg #2     : list
    arg #3     : nonsense
  working dir  : /home/pi/actions-runner/_work/thin-edge.io/thin-edge.io/tests/PySys/plugin_apt/apt_fail_noarg/Output/linux
  stdout       : /home/pi/actions-runner/_work/thin-edge.io/thin-edge.io/tests/PySys/plugin_apt/apt_fail_noarg/Output/linux/outp_install.out
  stderr       : /home/pi/actions-runner/_work/thin-edge.io/thin-edge.io/tests/PySys/plugin_apt/apt_fail_noarg/Output/linux/outp_install.err
  environment  : LD_LIBRARY_PATH=/usr/lib
  environment  : PATH=/bin:/usr/bin:/usr/sbin:/usr/local/bin
                   #1  /bin
                   #2  /usr/bin
                   #3  /usr/sbin
                   #4  /usr/local/bin
2022-04-08 10:02:30,650 DEBUG Waiting up to 600 secs for process sudo<outp_install> (pid 30562)
2022-04-08 10:02:31,157 INFO  Executed sudo<outp_install>, exit status 1
2022-04-08 10:02:31,159 INFO  Assert that (value==1) with value=1 ... passed
2022-04-08 10:02:31,161 DEBUG Process parameters for sudo<outp_install>
  command line : /usr/bin/sudo /etc/tedge/sm-plugins/apt finalize nonsense
    arg #1     : /etc/tedge/sm-plugins/apt
    arg #2     : finalize
    arg #3     : nonsense
  working dir  : /home/pi/actions-runner/_work/thin-edge.io/thin-edge.io/tests/PySys/plugin_apt/apt_fail_noarg/Output/linux
  stdout       : /home/pi/actions-runner/_work/thin-edge.io/thin-edge.io/tests/PySys/plugin_apt/apt_fail_noarg/Output/linux/outp_install.out
  stderr       : /home/pi/actions-runner/_work/thin-edge.io/thin-edge.io/tests/PySys/plugin_apt/apt_fail_noarg/Output/linux/outp_install.err
  environment  : LD_LIBRARY_PATH=/usr/lib
  environment  : PATH=/bin:/usr/bin:/usr/sbin:/usr/local/bin
                   #1  /bin
                   #2  /usr/bin
                   #3  /usr/sbin
                   #4  /usr/local/bin
2022-04-08 10:02:31,168 DEBUG Waiting up to 600 secs for process sudo<outp_install> (pid 30564)
2022-04-08 10:02:31,674 INFO  Executed sudo<outp_install>, exit status 1
2022-04-08 10:02:31,676 INFO  Assert that (value==1) with value=1 ... passed
2022-04-08 10:02:31,678 DEBUG Process parameters for sudo<outp_install>
  command line : /usr/bin/sudo /etc/tedge/sm-plugins/apt install rolldice --module-version nonsense nonsense
    arg #1     : /etc/tedge/sm-plugins/apt
    arg #2     : install
    arg #3     : rolldice
    arg #4     : --module-version
    arg #5     : nonsense
    arg #6     : nonsense
  working dir  : /home/pi/actions-runner/_work/thin-edge.io/thin-edge.io/tests/PySys/plugin_apt/apt_fail_noarg/Output/linux
  stdout       : /home/pi/actions-runner/_work/thin-edge.io/thin-edge.io/tests/PySys/plugin_apt/apt_fail_noarg/Output/linux/outp_install.out
  stderr       : /home/pi/actions-runner/_work/thin-edge.io/thin-edge.io/tests/PySys/plugin_apt/apt_fail_noarg/Output/linux/outp_install.err
  environment  : LD_LIBRARY_PATH=/usr/lib
  environment  : PATH=/bin:/usr/bin:/usr/sbin:/usr/local/bin
                   #1  /bin
                   #2  /usr/bin
                   #3  /usr/sbin
                   #4  /usr/local/bin
2022-04-08 10:02:31,686 DEBUG Waiting up to 600 secs for process sudo<outp_install> (pid 30566)
2022-04-08 10:02:32,193 INFO  Executed sudo<outp_install>, exit status 1
2022-04-08 10:02:32,195 INFO  Assert that (value==1) with value=1 ... passed
2022-04-08 10:02:32,197 DEBUG Process parameters for sudo<outp_install>
  command line : /usr/bin/sudo /etc/tedge/sm-plugins/apt remove rolldice --module-version nonsense nonsense
    arg #1     : /etc/tedge/sm-plugins/apt
    arg #2     : remove
    arg #3     : rolldice
    arg #4     : --module-version
    arg #5     : nonsense
    arg #6     : nonsense
  working dir  : /home/pi/actions-runner/_work/thin-edge.io/thin-edge.io/tests/PySys/plugin_apt/apt_fail_noarg/Output/linux
  stdout       : /home/pi/actions-runner/_work/thin-edge.io/thin-edge.io/tests/PySys/plugin_apt/apt_fail_noarg/Output/linux/outp_install.out
  stderr       : /home/pi/actions-runner/_work/thin-edge.io/thin-edge.io/tests/PySys/plugin_apt/apt_fail_noarg/Output/linux/outp_install.err
  environment  : LD_LIBRARY_PATH=/usr/lib
  environment  : PATH=/bin:/usr/bin:/usr/sbin:/usr/local/bin
                   #1  /bin
                   #2  /usr/bin
                   #3  /usr/sbin
                   #4  /usr/local/bin
2022-04-08 10:02:32,204 DEBUG Waiting up to 600 secs for process sudo<outp_install> (pid 30568)
2022-04-08 10:02:32,711 INFO  Executed sudo<outp_install>, exit status 1
2022-04-08 10:02:32,713 INFO  Assert that (value==1) with value=1 ... passed
2022-04-08 10:02:32,715 DEBUG Process parameters for sudo<outp_install>
  command line : /usr/bin/sudo /etc/tedge/sm-plugins/apt prepare nonsense --module-version nonsense
    arg #1     : /etc/tedge/sm-plugins/apt
    arg #2     : prepare
    arg #3     : nonsense
    arg #4     : --module-version
    arg #5     : nonsense
  working dir  : /home/pi/actions-runner/_work/thin-edge.io/thin-edge.io/tests/PySys/plugin_apt/apt_fail_noarg/Output/linux
  stdout       : /home/pi/actions-runner/_work/thin-edge.io/thin-edge.io/tests/PySys/plugin_apt/apt_fail_noarg/Output/linux/outp_install.out
  stderr       : /home/pi/actions-runner/_work/thin-edge.io/thin-edge.io/tests/PySys/plugin_apt/apt_fail_noarg/Output/linux/outp_install.err
  environment  : LD_LIBRARY_PATH=/usr/lib
  environment  : PATH=/bin:/usr/bin:/usr/sbin:/usr/local/bin
                   #1  /bin
                   #2  /usr/bin
                   #3  /usr/sbin
                   #4  /usr/local/bin
2022-04-08 10:02:32,722 DEBUG Waiting up to 600 secs for process sudo<outp_install> (pid 30570)
2022-04-08 10:02:33,233 INFO  Executed sudo<outp_install>, exit status 1
2022-04-08 10:02:33,234 INFO  Assert that (value==1) with value=1 ... passed
2022-04-08 10:02:33,237 DEBUG Process parameters for sudo<outp_install>
  command line : /usr/bin/sudo /etc/tedge/sm-plugins/apt list nonsense --module-version nonsense
    arg #1     : /etc/tedge/sm-plugins/apt
    arg #2     : list
    arg #3     : nonsense
    arg #4     : --module-version
    arg #5     : nonsense
  working dir  : /home/pi/actions-runner/_work/thin-edge.io/thin-edge.io/tests/PySys/plugin_apt/apt_fail_noarg/Output/linux
  stdout       : /home/pi/actions-runner/_work/thin-edge.io/thin-edge.io/tests/PySys/plugin_apt/apt_fail_noarg/Output/linux/outp_install.out
  stderr       : /home/pi/actions-runner/_work/thin-edge.io/thin-edge.io/tests/PySys/plugin_apt/apt_fail_noarg/Output/linux/outp_install.err
  environment  : LD_LIBRARY_PATH=/usr/lib
  environment  : PATH=/bin:/usr/bin:/usr/sbin:/usr/local/bin
                   #1  /bin
                   #2  /usr/bin
                   #3  /usr/sbin
                   #4  /usr/local/bin
2022-04-08 10:02:33,244 DEBUG Waiting up to 600 secs for process sudo<outp_install> (pid 30572)
2022-04-08 10:02:33,761 INFO  Executed sudo<outp_install>, exit status 1
2022-04-08 10:02:33,764 INFO  Assert that (value==1) with value=1 ... passed
2022-04-08 10:02:33,766 DEBUG Process parameters for sudo<outp_install>
  command line : /usr/bin/sudo /etc/tedge/sm-plugins/apt finalize nonsense --module-version nonsense
    arg #1     : /etc/tedge/sm-plugins/apt
    arg #2     : finalize
    arg #3     : nonsense
    arg #4     : --module-version
    arg #5     : nonsense
  working dir  : /home/pi/actions-runner/_work/thin-edge.io/thin-edge.io/tests/PySys/plugin_apt/apt_fail_noarg/Output/linux
  stdout       : /home/pi/actions-runner/_work/thin-edge.io/thin-edge.io/tests/PySys/plugin_apt/apt_fail_noarg/Output/linux/outp_install.out
  stderr       : /home/pi/actions-runner/_work/thin-edge.io/thin-edge.io/tests/PySys/plugin_apt/apt_fail_noarg/Output/linux/outp_install.err
  environment  : LD_LIBRARY_PATH=/usr/lib
  environment  : PATH=/bin:/usr/bin:/usr/sbin:/usr/local/bin
                   #1  /bin
                   #2  /usr/bin
                   #3  /usr/sbin
                   #4  /usr/local/bin
2022-04-08 10:02:33,773 DEBUG Waiting up to 600 secs for process sudo<outp_install> (pid 30574)
2022-04-08 10:02:34,280 INFO  Executed sudo<outp_install>, exit status 1
2022-04-08 10:02:34,281 INFO  Assert that (value==1) with value=1 ... passed
2022-04-08 10:02:34,283 DEBUG --- test validate
2022-04-08 10:02:34,289 DEBUG --- test cleanup
2022-04-08 10:02:34,290 DEBUG ProcessUser cleanup function done.
2022-04-08 10:02:34,293 INFO  
2022-04-08 10:02:34,294 INFO  Test duration: 6.16 secs
2022-04-08 10:02:34,295 INFO  Test final outcome:  PASSED
2022-04-08 10:02:34,296 INFO  
