2022-05-30 09:14:19,834 INFO  ==============================================================
2022-05-30 09:14:19,834 INFO  Id:    apt_fail_noarg
2022-05-30 09:14:19,835 INFO  Dir:   plugin_apt/
2022-05-30 09:14:19,835 INFO  Title: Validate apt plugin fetures(prepare, list, install, remove finalize) without arguments
2022-05-30 09:14:19,835 INFO  ==============================================================
2022-05-30 09:14:20,036 INFO  Executed sudo<outp_install>, exit status 1
2022-05-30 09:14:20,037 INFO  Assert that (value==1) with value=1 ... passed
2022-05-30 09:14:20,140 INFO  Executed sudo<outp_install>, exit status 1
2022-05-30 09:14:20,140 INFO  Assert that (value==1) with value=1 ... passed
2022-05-30 09:14:20,243 INFO  Executed sudo<outp_install>, exit status 1
2022-05-30 09:14:20,244 INFO  Assert that (value==1) with value=1 ... passed
2022-05-30 09:14:20,346 INFO  Executed sudo<outp_install>, exit status 1
2022-05-30 09:14:20,347 INFO  Assert that (value==1) with value=1 ... passed
2022-05-30 09:14:20,450 INFO  Executed sudo<outp_install>, exit status 1
2022-05-30 09:14:20,450 INFO  Assert that (value==1) with value=1 ... passed
2022-05-30 09:14:20,553 INFO  Executed sudo<outp_install>, exit status 1
2022-05-30 09:14:20,554 INFO  Assert that (value==1) with value=1 ... passed
2022-05-30 09:14:20,657 INFO  Executed sudo<outp_install>, exit status 1
2022-05-30 09:14:20,657 INFO  Assert that (value==1) with value=1 ... passed
2022-05-30 09:14:20,760 INFO  Executed sudo<outp_install>, exit status 1
2022-05-30 09:14:20,760 INFO  Assert that (value==1) with value=1 ... passed
2022-05-30 09:14:20,863 INFO  Executed sudo<outp_install>, exit status 1
2022-05-30 09:14:20,863 INFO  Assert that (value==1) with value=1 ... passed
2022-05-30 09:14:20,966 INFO  Executed sudo<outp_install>, exit status 1
2022-05-30 09:14:20,967 INFO  Assert that (value==1) with value=1 ... passed
2022-05-30 09:14:20,968 INFO  
2022-05-30 09:14:20,968 INFO  Test duration: 1.13 secs
2022-05-30 09:14:20,968 INFO  Test final outcome:  PASSED
2022-05-30 09:14:20,968 INFO  
