2022-05-10 19:26:55,323 INFO  ==============================================================
2022-05-10 19:26:55,324 INFO  Id:    custom_init_system
2022-05-10 19:26:55,326 INFO  Dir:   misc_features/
2022-05-10 19:26:55,327 INFO  Title: Custom init system test
2022-05-10 19:26:55,328 INFO  ==============================================================
2022-05-10 19:26:55,847 INFO  Executed sudo<copy_system_config>, exit status 0
2022-05-10 19:26:56,364 INFO  Executed sudo<copy_dummy_init>, exit status 0
2022-05-10 19:27:22,556 INFO  Executed sudo<tedge_connect>, exit status 0, duration 26 secs
2022-05-10 19:27:23,173 INFO  Executed sudo<tedge_disconnect>, exit status 0
2022-05-10 19:27:23,179 INFO  Grep on file tedge_connect.out ... passed
2022-05-10 19:27:23,184 INFO  Grep on file tedge_disconnect.out ... passed
2022-05-10 19:27:23,188 INFO  Grep on file /tmp/dummy_init/dummy_init.out ... passed
2022-05-10 19:27:23,194 INFO  Grep on file /tmp/dummy_init/dummy_init.out ... passed
2022-05-10 19:27:23,198 INFO  Grep on file /tmp/dummy_init/dummy_init.out ... passed
2022-05-10 19:27:23,203 INFO  Grep on file /tmp/dummy_init/dummy_init.out ... passed
2022-05-10 19:27:23,207 INFO  Grep on file /tmp/dummy_init/dummy_init.out ... passed
2022-05-10 19:27:23,212 INFO  Grep on file /tmp/dummy_init/dummy_init.out ... passed
2022-05-10 19:27:23,217 INFO  Grep on file /tmp/dummy_init/dummy_init.out ... passed
2022-05-10 19:27:23,221 INFO  Grep on file /tmp/dummy_init/dummy_init.out ... passed
2022-05-10 19:27:23,226 INFO  Grep on file /tmp/dummy_init/dummy_init.out ... passed
2022-05-10 19:27:23,231 INFO  Grep on file /tmp/dummy_init/dummy_init.out ... passed
2022-05-10 19:27:23,235 INFO  Grep on file /tmp/dummy_init/dummy_init.out ... passed
2022-05-10 19:27:23,241 INFO  Grep on file /tmp/dummy_init/dummy_init.out ... passed
2022-05-10 19:27:23,246 INFO  Grep on file /tmp/dummy_init/dummy_init.out ... passed
2022-05-10 19:27:23,250 INFO  Grep on file /tmp/dummy_init/dummy_init.out ... passed
2022-05-10 19:27:23,256 INFO  
2022-05-10 19:27:23,257 INFO  cleanup:
2022-05-10 19:27:23,769 INFO  Executed sudo<remove_system_config>, exit status 0
2022-05-10 19:27:24,281 INFO  Executed sudo<remove_dummy_init>, exit status 0
2022-05-10 19:27:24,286 INFO  
2022-05-10 19:27:24,287 INFO  Test duration: 28.97 secs
2022-05-10 19:27:24,288 INFO  Test final outcome:  PASSED
2022-05-10 19:27:24,290 INFO  
