2022-05-02 15:28:05,016 INFO  ==============================================================
2022-05-02 15:28:05,017 INFO  Id:    apt_install
2022-05-02 15:28:05,018 INFO  Dir:   plugin_apt/
2022-05-02 15:28:05,019 INFO  Title: Validate apt plugin prepare - dense version
2022-05-02 15:28:05,020 INFO  ==============================================================
2022-05-02 15:28:10,059 INFO  Executed sudo, exit status 0
2022-05-02 15:28:12,884 INFO  Executed sudo<outp_check_0>, exit status 0
2022-05-02 15:28:12,887 INFO  Assert that (value==0) with value=0 ... passed
2022-05-02 15:28:12,902 INFO  Grep on file outp_check_0.out ... passed
2022-05-02 15:28:57,882 INFO  Executed sudo<outp_install>, exit status 0, duration 44 secs
2022-05-02 15:28:57,885 INFO  Assert that (value==0) with value=0 ... passed
2022-05-02 15:29:03,650 INFO  Executed sudo<outp_check_1>, exit status 0
2022-05-02 15:29:03,652 INFO  Assert that (value==0) with value=0 ... passed
2022-05-02 15:29:03,657 INFO  Grep on file outp_check_1.out ... passed
2022-05-02 15:29:03,663 INFO  
2022-05-02 15:29:03,664 INFO  cleanup:
2022-05-02 15:29:20,571 INFO  Executed sudo, exit status 0, duration 16 secs
2022-05-02 15:29:20,576 INFO  
2022-05-02 15:29:20,577 INFO  Test duration: 75.59 secs
2022-05-02 15:29:20,578 INFO  Test final outcome:  PASSED
2022-05-02 15:29:20,579 INFO  
