2022-04-12 10:05:35,565 INFO  ==============================================================
2022-04-12 10:05:35,566 INFO  Id:    SoftwareManagement.sm_mixed_install_remove_multiple
2022-04-12 10:05:35,568 INFO  Dir:   software_management_end_to_end/
2022-04-12 10:05:35,568 INFO  Title: Validate end to end behaviour for the dummy-plugin for multiple packages with mixed versions
2022-04-12 10:05:35,569 INFO  ==============================================================
2022-04-12 10:05:35,578 INFO  Using sw id database: {'asciijump': '5475369', 'robotfindskitten': '5474869', 'squirrel3': '5475279', 'rolldice': '5152439', 'moon-buggy': '5439204', 'apple': '5495053', 'banana': '5494888', 'cherry': '5495382', 'watermelon': '5494510', 'registry': '8018911', 'hello-world': '8021526', 'docker/getting-started': '8021973', 'alpine': '7991792'}
2022-04-12 10:05:35,579 INFO  EnvironmentC8y Setup
2022-04-12 10:05:36,145 INFO  Executed systemctl<serv_mapper1>, exit status 3
2022-04-12 10:05:36,251 INFO  Restarting mosquitto too frequently in the last 10 seconds. It was only up for 5 seconds
2022-04-12 10:05:36,252 INFO  Delaying execution by 6 seconds
2022-04-12 10:05:56,364 INFO  Executed sudo<tedge_connect_c8y>, exit status 0, duration 14 secs
2022-04-12 10:05:56,980 INFO  Executed sudo<tedge_connect_c8y_test>, exit status 0
2022-04-12 10:05:57,456 INFO  Executed systemctl<serv_mosq2>, exit status 0
2022-04-12 10:05:57,919 INFO  Executed systemctl<serv_mapper3>, exit status 0
2022-04-12 10:06:00,167 INFO  State of current operation: PENDING
2022-04-12 10:06:02,403 INFO  State of current operation: PENDING
2022-04-12 10:06:04,623 INFO  State of current operation: PENDING
2022-04-12 10:06:06,844 INFO  State of current operation: PENDING
2022-04-12 10:06:09,062 INFO  State of current operation: PENDING
2022-04-12 10:06:11,287 INFO  State of current operation: PENDING
2022-04-12 10:06:13,525 INFO  State of current operation: PENDING
2022-04-12 10:06:15,750 INFO  State of current operation: PENDING
2022-04-12 10:06:17,971 INFO  State of current operation: PENDING
2022-04-12 10:06:20,197 INFO  State of current operation: PENDING
2022-04-12 10:06:22,416 INFO  State of current operation: PENDING
2022-04-12 10:06:24,642 INFO  State of current operation: PENDING
2022-04-12 10:06:26,863 INFO  State of current operation: PENDING
2022-04-12 10:06:29,094 INFO  State of current operation: PENDING
2022-04-12 10:06:31,322 INFO  State of current operation: PENDING
2022-04-12 10:06:33,546 INFO  State of current operation: PENDING
2022-04-12 10:06:35,775 INFO  State of current operation: PENDING
2022-04-12 10:06:37,999 INFO  State of current operation: PENDING
2022-04-12 10:06:40,223 INFO  State of current operation: PENDING
2022-04-12 10:06:42,452 INFO  State of current operation: PENDING
2022-04-12 10:06:44,672 INFO  State of current operation: PENDING
2022-04-12 10:06:46,893 INFO  State of current operation: PENDING
2022-04-12 10:06:49,130 INFO  State of current operation: PENDING
2022-04-12 10:06:51,359 INFO  State of current operation: PENDING
2022-04-12 10:06:53,582 INFO  State of current operation: PENDING
2022-04-12 10:06:55,800 INFO  State of current operation: PENDING
2022-04-12 10:06:58,032 INFO  State of current operation: PENDING
2022-04-12 10:07:00,276 INFO  State of current operation: PENDING
2022-04-12 10:07:02,499 INFO  State of current operation: PENDING
2022-04-12 10:07:04,722 INFO  State of current operation: PENDING
2022-04-12 10:07:06,961 INFO  State of current operation: PENDING
2022-04-12 10:07:09,187 INFO  State of current operation: PENDING
2022-04-12 10:07:11,405 INFO  State of current operation: PENDING
2022-04-12 10:07:13,632 INFO  State of current operation: PENDING
2022-04-12 10:07:15,874 INFO  State of current operation: PENDING
2022-04-12 10:07:18,101 INFO  State of current operation: PENDING
2022-04-12 10:07:20,327 INFO  State of current operation: PENDING
2022-04-12 10:07:22,555 INFO  State of current operation: PENDING
2022-04-12 10:07:24,780 INFO  State of current operation: PENDING
2022-04-12 10:07:27,015 INFO  State of current operation: PENDING
2022-04-12 10:07:29,243 INFO  State of current operation: PENDING
2022-04-12 10:07:31,468 INFO  State of current operation: PENDING
2022-04-12 10:07:33,688 INFO  State of current operation: PENDING
2022-04-12 10:07:35,915 INFO  State of current operation: PENDING
2022-04-12 10:07:38,141 INFO  State of current operation: PENDING
2022-04-12 10:07:40,364 INFO  State of current operation: PENDING
2022-04-12 10:07:42,591 INFO  State of current operation: PENDING
2022-04-12 10:07:44,811 INFO  State of current operation: PENDING
2022-04-12 10:07:47,036 INFO  State of current operation: PENDING
2022-04-12 10:07:49,262 INFO  State of current operation: PENDING
2022-04-12 10:07:51,489 INFO  State of current operation: PENDING
2022-04-12 10:07:53,759 INFO  State of current operation: PENDING
2022-04-12 10:07:55,982 INFO  State of current operation: PENDING
2022-04-12 10:07:58,214 INFO  State of current operation: PENDING
2022-04-12 10:08:00,441 INFO  State of current operation: PENDING
2022-04-12 10:08:02,670 INFO  State of current operation: PENDING
2022-04-12 10:08:04,896 INFO  State of current operation: PENDING
2022-04-12 10:08:07,139 INFO  State of current operation: PENDING
2022-04-12 10:08:09,365 INFO  State of current operation: PENDING
2022-04-12 10:08:11,583 INFO  State of current operation: PENDING
2022-04-12 10:08:13,809 INFO  State of current operation: PENDING
2022-04-12 10:08:15,818 WARN  SystemError occurred while running test - Timeout while waiting for status FAILED or SUCCESSFUL
Traceback (most recent call last):
  File "/home/pi/env-pysys/lib/python3.7/site-packages/pysys/baserunner.py", line 1292, in __call__
    self.testObj.setup()
  File "/home/pi/actions-runner/_work/thin-edge.io/thin-edge.io/tests/PySys/software_management_end_to_end/sm_mixed_install_remove_multiple/run.py", line 83, in setup
    super().setup()
  File "/home/pi/actions-runner/_work/thin-edge.io/thin-edge.io/tests/PySys/software_management_end_to_end/environment_sm_management.py", line 151, in setup
    self.wait_until_end()
  File "/home/pi/actions-runner/_work/thin-edge.io/thin-edge.io/tests/PySys/software_management_end_to_end/environment_sm_management.py", line 332, in wait_until_end
    self.wait_until_status("FAILED", "SUCCESSFUL")
  File "/home/pi/actions-runner/_work/thin-edge.io/thin-edge.io/tests/PySys/software_management_end_to_end/environment_sm_management.py", line 381, in wait_until_status
    "Timeout while waiting for status %s or %s" % (status, status2)
SystemError: Timeout while waiting for status FAILED or SUCCESSFUL
2022-04-12 10:08:15,847 WARN  SystemError: Timeout while waiting for status FAILED or SUCCESSFUL ... blocked 
2022-04-12 10:08:15,849 INFO  
2022-04-12 10:08:15,849 INFO  cleanup:
2022-04-12 10:08:19,975 INFO  Executed sudo<tedge_disconnect_c8y>, exit status 0
2022-04-12 10:08:20,538 INFO  Executed systemctl<serv_mapper5>, exit status 3
2022-04-12 10:08:20,542 INFO  
2022-04-12 10:08:20,542 INFO  Test duration: 164.98 secs
2022-04-12 10:08:20,543 INFO  Test final outcome:  BLOCKED
2022-04-12 10:08:20,544 INFO  Test outcome reason: SystemError: Timeout while waiting for status FAILED or SUCCESSFUL
2022-04-12 10:08:20,545 INFO  
