2022-05-16 07:42:57,893 INFO  ==============================================================
2022-05-16 07:42:57,893 INFO  Id:    SoftwareManagement.sm_apt_install_remove_multiple_mixed
2022-05-16 07:42:57,893 INFO  Dir:   software_management_end_to_end/
2022-05-16 07:42:57,894 INFO  Title: Validate end to end behaviour for the apt plugin for multiple packages with mixed versions
2022-05-16 07:42:57,894 INFO  ==============================================================
2022-05-16 07:42:57,895 INFO  Using sw id database: {'asciijump': '5475369', 'robotfindskitten': '5474869', 'squirrel3': '5475279', 'rolldice': '5152439', 'moon-buggy': '5439204', 'apple': '5495053', 'banana': '5494888', 'cherry': '5495382', 'watermelon': '5494510', 'registry': '8018911', 'hello-world': '8021526', 'docker/getting-started': '8021973', 'alpine': '7991792'}
2022-05-16 07:42:57,895 INFO  EnvironmentC8y Setup
2022-05-16 07:42:57,996 INFO  Executed systemctl<serv_mapper1>, exit status 3
2022-05-16 07:42:58,011 INFO  Restarting mosquitto too frequently in the last 10 seconds. It was only up for 1 seconds
2022-05-16 07:42:58,012 INFO  Delaying execution by 10 seconds
2022-05-16 07:43:25,402 INFO  Executed sudo<tedge_connect_c8y>, exit status 0, duration 17 secs
2022-05-16 07:43:25,555 INFO  Executed sudo<tedge_connect_c8y_test>, exit status 0
2022-05-16 07:43:25,657 INFO  Executed systemctl<serv_mosq2>, exit status 0
2022-05-16 07:43:25,759 INFO  Executed systemctl<serv_mapper3>, exit status 0
2022-05-16 07:43:27,869 INFO  State of current operation: SUCCESSFUL
2022-05-16 07:43:27,996 INFO  Assert that (False == value) with value=False ... passed
2022-05-16 07:43:28,124 INFO  Assert that (False == value) with value=False ... passed
2022-05-16 07:43:28,253 INFO  Assert that (False == value) with value=False ... passed
2022-05-16 07:43:28,383 INFO  Assert that (False == value) with value=False ... passed
2022-05-16 07:43:28,509 INFO  Assert that (False == value) with value=False ... passed
2022-05-16 07:43:28,809 INFO  Response status: 201
2022-05-16 07:43:28,809 INFO  Response to action: {
    "creationTime": "2022-05-16T07:43:28.771Z",
    "deviceId": "19055162",
    "deviceName": "ubuntu-2gb-hel1-4-thin-edge-a",
    "self": "https://t493319102.eu-latest.cumulocity.com/devicecontrol/operations/19118789",
    "id": "19118789",
    "status": "PENDING",
    "description": "Apply software changes, triggered from PySys: [{'action': 'install', 'id': '5475369', 'name': 'asciijump', 'url': ' ', 'version': '::apt'}, {'action': 'install', 'id': '5474869', 'name': 'robotfindskitten', 'url': ' ', 'version': ' '}, {'action': 'install', 'id': '5475279', 'name': 'squirrel3', 'url': ' ', 'version': '3.1-8build1::apt'}, {'action': 'install', 'id': '5152439', 'name': 'rolldice', 'url': ' ', 'version': '1.16-1build1'}, {'action': 'install', 'id': '5439204', 'name': 'moon-buggy', 'url': ' ', 'version': '1:1.0.51-13'}, {'action': 'install', 'id': '5475369', 'name': 'asciijump', 'url': ' ', 'version': '::apt'}]",
    "c8y_SoftwareUpdate": [
        {
            "name": "asciijump",
            "action": "install",
            "id": "5475369",
            "version": "::apt",
            "url": " "
        },
        {
            "name": "robotfindskitten",
            "action": "install",
            "id": "5474869",
            "version": " ",
            "url": " "
        },
        {
            "name": "squirrel3",
            "action": "install",
            "id": "5475279",
            "version": "3.1-8build1::apt",
            "url": " "
        },
        {
            "name": "rolldice",
            "action": "install",
            "id": "5152439",
            "version": "1.16-1build1",
            "url": " "
        },
        {
            "name": "moon-buggy",
            "action": "install",
            "id": "5439204",
            "version": "1:1.0.51-13",
            "url": " "
        },
        {
            "name": "asciijump",
            "action": "install",
            "id": "5475369",
            "version": "::apt",
            "url": " "
        }
    ]
}
2022-05-16 07:43:28,809 INFO  Started operation: {'creationTime': '2022-05-16T07:43:28.771Z', 'deviceId': '19055162', 'deviceName': 'ubuntu-2gb-hel1-4-thin-edge-a', 'self': 'https://t493319102.eu-latest.cumulocity.com/devicecontrol/operations/19118789', 'id': '19118789', 'status': 'PENDING', 'description': "Apply software changes, triggered from PySys: [{'action': 'install', 'id': '5475369', 'name': 'asciijump', 'url': ' ', 'version': '::apt'}, {'action': 'install', 'id': '5474869', 'name': 'robotfindskitten', 'url': ' ', 'version': ' '}, {'action': 'install', 'id': '5475279', 'name': 'squirrel3', 'url': ' ', 'version': '3.1-8build1::apt'}, {'action': 'install', 'id': '5152439', 'name': 'rolldice', 'url': ' ', 'version': '1.16-1build1'}, {'action': 'install', 'id': '5439204', 'name': 'moon-buggy', 'url': ' ', 'version': '1:1.0.51-13'}, {'action': 'install', 'id': '5475369', 'name': 'asciijump', 'url': ' ', 'version': '::apt'}]", 'c8y_SoftwareUpdate': [{'name': 'asciijump', 'action': 'install', 'id': '5475369', 'version': '::apt', 'url': ' '}, {'name': 'robotfindskitten', 'action': 'install', 'id': '5474869', 'version': ' ', 'url': ' '}, {'name': 'squirrel3', 'action': 'install', 'id': '5475279', 'version': '3.1-8build1::apt', 'url': ' '}, {'name': 'rolldice', 'action': 'install', 'id': '5152439', 'version': '1.16-1build1', 'url': ' '}, {'name': 'moon-buggy', 'action': 'install', 'id': '5439204', 'version': '1:1.0.51-13', 'url': ' '}, {'name': 'asciijump', 'action': 'install', 'id': '5475369', 'version': '::apt', 'url': ' '}]}
2022-05-16 07:43:30,921 INFO  State of operation 19118789 : EXECUTING
2022-05-16 07:43:33,032 INFO  State of operation 19118789 : EXECUTING
2022-05-16 07:43:35,140 INFO  State of operation 19118789 : EXECUTING
2022-05-16 07:43:37,245 INFO  State of operation 19118789 : EXECUTING
2022-05-16 07:43:39,356 INFO  State of operation 19118789 : EXECUTING
2022-05-16 07:43:41,464 INFO  State of operation 19118789 : EXECUTING
2022-05-16 07:43:43,573 INFO  State of operation 19118789 : EXECUTING
2022-05-16 07:43:45,681 INFO  State of operation 19118789 : SUCCESSFUL
2022-05-16 07:43:45,809 INFO  Package asciijump is installed
2022-05-16 07:43:45,809 INFO  Assert that (True == value) with value=True ... passed
2022-05-16 07:43:45,939 INFO  Package robotfindskitten is installed
2022-05-16 07:43:45,940 INFO  Assert that (True == value) with value=True ... passed
2022-05-16 07:43:46,067 INFO  Package rolldice is installed
2022-05-16 07:43:46,068 INFO  Assert that (True == value) with value=True ... passed
2022-05-16 07:43:46,192 INFO  Package squirrel3 is installed
2022-05-16 07:43:46,192 INFO  Assert that (True == value) with value=True ... passed
2022-05-16 07:43:46,322 INFO  Package moon-buggy is installed
2022-05-16 07:43:46,322 INFO  Assert that (True == value) with value=True ... passed
2022-05-16 07:43:46,653 INFO  Response status: 201
2022-05-16 07:43:46,654 INFO  Response to action: {
    "creationTime": "2022-05-16T07:43:46.612Z",
    "deviceId": "19055162",
    "deviceName": "ubuntu-2gb-hel1-4-thin-edge-a",
    "self": "https://t493319102.eu-latest.cumulocity.com/devicecontrol/operations/19118791",
    "id": "19118791",
    "status": "PENDING",
    "description": "Apply software changes, triggered from PySys: [{'action': 'delete', 'id': '5475369', 'name': 'asciijump', 'url': ' ', 'version': '::apt'}, {'action': 'delete', 'id': '5474869', 'name': 'robotfindskitten', 'url': ' ', 'version': ' '}, {'action': 'delete', 'id': '5475279', 'name': 'squirrel3', 'url': ' ', 'version': '3.1-8build1::apt'}, {'action': 'delete', 'id': '5152439', 'name': 'rolldice', 'url': ' ', 'version': '1.16-1build1'}, {'action': 'delete', 'id': '5439204', 'name': 'moon-buggy', 'url': ' ', 'version': '1:1.0.51-13'}, {'action': 'delete', 'id': '5475369', 'name': 'asciijump', 'url': ' ', 'version': '::apt'}]",
    "c8y_SoftwareUpdate": [
        {
            "name": "asciijump",
            "action": "delete",
            "id": "5475369",
            "version": "::apt",
            "url": " "
        },
        {
            "name": "robotfindskitten",
            "action": "delete",
            "id": "5474869",
            "version": " ",
            "url": " "
        },
        {
            "name": "squirrel3",
            "action": "delete",
            "id": "5475279",
            "version": "3.1-8build1::apt",
            "url": " "
        },
        {
            "name": "rolldice",
            "action": "delete",
            "id": "5152439",
            "version": "1.16-1build1",
            "url": " "
        },
        {
            "name": "moon-buggy",
            "action": "delete",
            "id": "5439204",
            "version": "1:1.0.51-13",
            "url": " "
        },
        {
            "name": "asciijump",
            "action": "delete",
            "id": "5475369",
            "version": "::apt",
            "url": " "
        }
    ]
}
2022-05-16 07:43:46,654 INFO  Started operation: {'creationTime': '2022-05-16T07:43:46.612Z', 'deviceId': '19055162', 'deviceName': 'ubuntu-2gb-hel1-4-thin-edge-a', 'self': 'https://t493319102.eu-latest.cumulocity.com/devicecontrol/operations/19118791', 'id': '19118791', 'status': 'PENDING', 'description': "Apply software changes, triggered from PySys: [{'action': 'delete', 'id': '5475369', 'name': 'asciijump', 'url': ' ', 'version': '::apt'}, {'action': 'delete', 'id': '5474869', 'name': 'robotfindskitten', 'url': ' ', 'version': ' '}, {'action': 'delete', 'id': '5475279', 'name': 'squirrel3', 'url': ' ', 'version': '3.1-8build1::apt'}, {'action': 'delete', 'id': '5152439', 'name': 'rolldice', 'url': ' ', 'version': '1.16-1build1'}, {'action': 'delete', 'id': '5439204', 'name': 'moon-buggy', 'url': ' ', 'version': '1:1.0.51-13'}, {'action': 'delete', 'id': '5475369', 'name': 'asciijump', 'url': ' ', 'version': '::apt'}]", 'c8y_SoftwareUpdate': [{'name': 'asciijump', 'action': 'delete', 'id': '5475369', 'version': '::apt', 'url': ' '}, {'name': 'robotfindskitten', 'action': 'delete', 'id': '5474869', 'version': ' ', 'url': ' '}, {'name': 'squirrel3', 'action': 'delete', 'id': '5475279', 'version': '3.1-8build1::apt', 'url': ' '}, {'name': 'rolldice', 'action': 'delete', 'id': '5152439', 'version': '1.16-1build1', 'url': ' '}, {'name': 'moon-buggy', 'action': 'delete', 'id': '5439204', 'version': '1:1.0.51-13', 'url': ' '}, {'name': 'asciijump', 'action': 'delete', 'id': '5475369', 'version': '::apt', 'url': ' '}]}
2022-05-16 07:43:48,762 INFO  State of operation 19118791 : EXECUTING
2022-05-16 07:43:50,870 INFO  State of operation 19118791 : EXECUTING
2022-05-16 07:43:53,056 INFO  State of operation 19118791 : EXECUTING
2022-05-16 07:43:55,160 INFO  State of operation 19118791 : EXECUTING
2022-05-16 07:43:57,264 INFO  State of operation 19118791 : EXECUTING
2022-05-16 07:43:59,371 INFO  State of operation 19118791 : EXECUTING
2022-05-16 07:44:01,486 INFO  State of operation 19118791 : EXECUTING
2022-05-16 07:44:03,599 INFO  State of operation 19118791 : EXECUTING
2022-05-16 07:44:05,709 INFO  State of operation 19118791 : EXECUTING
2022-05-16 07:44:07,818 INFO  State of operation 19118791 : SUCCESSFUL
2022-05-16 07:44:07,946 INFO  Assert that (False == value) with value=False ... passed
2022-05-16 07:44:08,075 INFO  Assert that (False == value) with value=False ... passed
2022-05-16 07:44:08,202 INFO  Assert that (False == value) with value=False ... passed
2022-05-16 07:44:08,332 INFO  Assert that (False == value) with value=False ... passed
2022-05-16 07:44:08,467 INFO  Assert that (False == value) with value=False ... passed
2022-05-16 07:44:08,468 INFO  
2022-05-16 07:44:08,468 INFO  cleanup:
2022-05-16 07:44:19,422 INFO  Executed sudo<tedge_disconnect_c8y>, exit status 0
2022-05-16 07:44:19,524 INFO  Executed systemctl<serv_mapper5>, exit status 3
2022-05-16 07:44:19,525 INFO  
2022-05-16 07:44:19,526 INFO  Test duration: 81.63 secs
2022-05-16 07:44:19,526 INFO  Test final outcome:  PASSED
2022-05-16 07:44:19,526 INFO  
