2022-04-08 09:43:00,058 INFO  ==============================================================
2022-04-08 09:43:00,059 INFO  Id:    mqtt_port_unset
2022-04-08 09:43:00,061 INFO  Dir:   misc_features/
2022-04-08 09:43:00,061 INFO  Title: mqtt port unset
2022-04-08 09:43:00,062 DEBUG Execution order hint: 0.0
2022-04-08 09:43:00,063 INFO  ==============================================================
2022-04-08 09:43:00,069 DEBUG Process parameters for sudo<mqtt_port_set>
  command line : /usr/bin/sudo /usr/bin/tedge config set mqtt.port 8880
    arg #1     : /usr/bin/tedge
    arg #2     : config
    arg #3     : set
    arg #4     : mqtt.port
    arg #5     : 8880
  working dir  : /home/pi/actions-runner/_work/thin-edge.io/thin-edge.io/tests/PySys/misc_features/mqtt_port_unset/Output/linux
  stdout       : /home/pi/actions-runner/_work/thin-edge.io/thin-edge.io/tests/PySys/misc_features/mqtt_port_unset/Output/linux/mqtt_port_set.out
  stderr       : /home/pi/actions-runner/_work/thin-edge.io/thin-edge.io/tests/PySys/misc_features/mqtt_port_unset/Output/linux/mqtt_port_set.err
  environment  : LD_LIBRARY_PATH=/usr/lib
  environment  : PATH=/bin:/usr/bin:/usr/sbin:/usr/local/bin
                   #1  /bin
                   #2  /usr/bin
                   #3  /usr/sbin
                   #4  /usr/local/bin
2022-04-08 09:43:00,078 DEBUG Waiting up to 600 secs for process sudo<mqtt_port_set> (pid 2334)
2022-04-08 09:43:00,609 INFO  Executed sudo<mqtt_port_set>, exit status 0
2022-04-08 09:43:00,610 DEBUG --- test execute
2022-04-08 09:43:00,613 DEBUG Process parameters for sudo<mqtt_port_unset>
  command line : /usr/bin/sudo /usr/bin/tedge config unset mqtt.port
    arg #1     : /usr/bin/tedge
    arg #2     : config
    arg #3     : unset
    arg #4     : mqtt.port
  working dir  : /home/pi/actions-runner/_work/thin-edge.io/thin-edge.io/tests/PySys/misc_features/mqtt_port_unset/Output/linux
  stdout       : /home/pi/actions-runner/_work/thin-edge.io/thin-edge.io/tests/PySys/misc_features/mqtt_port_unset/Output/linux/mqtt_port_unset.out
  stderr       : /home/pi/actions-runner/_work/thin-edge.io/thin-edge.io/tests/PySys/misc_features/mqtt_port_unset/Output/linux/mqtt_port_unset.err
  environment  : LD_LIBRARY_PATH=/usr/lib
  environment  : PATH=/bin:/usr/bin:/usr/sbin:/usr/local/bin
                   #1  /bin
                   #2  /usr/bin
                   #3  /usr/sbin
                   #4  /usr/local/bin
2022-04-08 09:43:00,621 DEBUG Waiting up to 600 secs for process sudo<mqtt_port_unset> (pid 2336)
2022-04-08 09:43:01,128 INFO  Executed sudo<mqtt_port_unset>, exit status 0
2022-04-08 09:43:01,129 DEBUG --- test validate
2022-04-08 09:43:01,131 DEBUG Process parameters for sudo<tedge_get>
  command line : /usr/bin/sudo /usr/bin/tedge config list
    arg #1     : /usr/bin/tedge
    arg #2     : config
    arg #3     : list
  working dir  : /home/pi/actions-runner/_work/thin-edge.io/thin-edge.io/tests/PySys/misc_features/mqtt_port_unset/Output/linux
  stdout       : /home/pi/actions-runner/_work/thin-edge.io/thin-edge.io/tests/PySys/misc_features/mqtt_port_unset/Output/linux/tedge_get.out
  stderr       : /home/pi/actions-runner/_work/thin-edge.io/thin-edge.io/tests/PySys/misc_features/mqtt_port_unset/Output/linux/tedge_get.err
  environment  : LD_LIBRARY_PATH=/usr/lib
  environment  : PATH=/bin:/usr/bin:/usr/sbin:/usr/local/bin
                   #1  /bin
                   #2  /usr/bin
                   #3  /usr/sbin
                   #4  /usr/local/bin
2022-04-08 09:43:01,139 DEBUG Waiting up to 600 secs for process sudo<tedge_get> (pid 2338)
2022-04-08 09:43:01,695 INFO  Executed sudo<tedge_get>, exit status 0
2022-04-08 09:43:01,696 DEBUG Performing regex contains=True grep on file: /home/pi/actions-runner/_work/thin-edge.io/thin-edge.io/tests/PySys/misc_features/mqtt_port_unset/Output/linux/tedge_get.out
2022-04-08 09:43:01,701 DEBUG Grep on file tedge_get.out successfully matched expression "mqtt.port=1883" with line: 'mqtt.port=1883\n'
2022-04-08 09:43:01,703 INFO  Grep on file tedge_get.out ... passed
2022-04-08 09:43:01,708 DEBUG --- test cleanup
2022-04-08 09:43:01,710 DEBUG ProcessUser cleanup function done.
2022-04-08 09:43:01,713 INFO  
2022-04-08 09:43:01,714 INFO  Test duration: 1.66 secs
2022-04-08 09:43:01,715 INFO  Test final outcome:  PASSED
2022-04-08 09:43:01,716 INFO  
