2022-04-07 16:12:11,956 INFO  ==============================================================
2022-04-07 16:12:11,956 INFO  Id:    log_request_error_messages
2022-04-07 16:12:11,958 INFO  Dir:   log_request_end_to_end/
2022-04-07 16:12:11,958 INFO  Title: Validate end to end behaviour for the log request operation check for error messages
2022-04-07 16:12:11,959 DEBUG Execution order hint: 0.0
2022-04-07 16:12:11,960 INFO  ==============================================================
2022-04-07 16:12:13,120 DEBUG EnvironmentC8y Setup
2022-04-07 16:12:13,121 INFO  EnvironmentC8y Setup
2022-04-07 16:12:13,123 DEBUG Process parameters for systemctl<serv_mapper1>
  command line : /usr/bin/systemctl status tedge-mapper-c8y
    arg #1     : status
    arg #2     : tedge-mapper-c8y
  working dir  : /home/pi/actions-runner/_work/thin-edge.io/thin-edge.io/tests/PySys/log_request_end_to_end/log_request_error_messages/Output/linux
  stdout       : /home/pi/actions-runner/_work/thin-edge.io/thin-edge.io/tests/PySys/log_request_end_to_end/log_request_error_messages/Output/linux/serv_mapper1.out
  stderr       : /home/pi/actions-runner/_work/thin-edge.io/thin-edge.io/tests/PySys/log_request_end_to_end/log_request_error_messages/Output/linux/serv_mapper1.err
  environment  : LD_LIBRARY_PATH=/usr/lib
  environment  : PATH=/bin:/usr/bin:/usr/sbin:/usr/local/bin
                   #1  /bin
                   #2  /usr/bin
                   #3  /usr/sbin
                   #4  /usr/local/bin
2022-04-07 16:12:13,130 DEBUG Waiting up to 600 secs for process systemctl<serv_mapper1> (pid 4900)
2022-04-07 16:12:13,687 INFO  Executed systemctl<serv_mapper1>, exit status 3
2022-04-07 16:12:13,795 INFO  Restarting mosquitto too frequently in the last 10 seconds. It was only up for 2 seconds
2022-04-07 16:12:13,796 INFO  Delaying execution by 9 seconds
2022-04-07 16:12:22,808 DEBUG Process parameters for sudo<tedge_connect_c8y>
  command line : /usr/bin/sudo /usr/bin/tedge connect c8y
    arg #1     : /usr/bin/tedge
    arg #2     : connect
    arg #3     : c8y
  working dir  : /home/pi/actions-runner/_work/thin-edge.io/thin-edge.io/tests/PySys/log_request_end_to_end/log_request_error_messages/Output/linux
  stdout       : /home/pi/actions-runner/_work/thin-edge.io/thin-edge.io/tests/PySys/log_request_end_to_end/log_request_error_messages/Output/linux/tedge_connect_c8y.out
  stderr       : /home/pi/actions-runner/_work/thin-edge.io/thin-edge.io/tests/PySys/log_request_end_to_end/log_request_error_messages/Output/linux/tedge_connect_c8y.err
  environment  : LD_LIBRARY_PATH=/usr/lib
  environment  : PATH=/bin:/usr/bin:/usr/sbin:/usr/local/bin
                   #1  /bin
                   #2  /usr/bin
                   #3  /usr/sbin
                   #4  /usr/local/bin
2022-04-07 16:12:22,817 DEBUG Waiting up to 600 secs for process sudo<tedge_connect_c8y> (pid 4904)
2022-04-07 16:12:36,986 INFO  Executed sudo<tedge_connect_c8y>, exit status 0, duration 14 secs
2022-04-07 16:12:36,991 DEBUG Process parameters for sudo<tedge_connect_c8y_test>
  command line : /usr/bin/sudo /usr/bin/tedge connect c8y --test
    arg #1     : /usr/bin/tedge
    arg #2     : connect
    arg #3     : c8y
    arg #4     : --test
  working dir  : /home/pi/actions-runner/_work/thin-edge.io/thin-edge.io/tests/PySys/log_request_end_to_end/log_request_error_messages/Output/linux
  stdout       : /home/pi/actions-runner/_work/thin-edge.io/thin-edge.io/tests/PySys/log_request_end_to_end/log_request_error_messages/Output/linux/tedge_connect_c8y_test.out
  stderr       : /home/pi/actions-runner/_work/thin-edge.io/thin-edge.io/tests/PySys/log_request_end_to_end/log_request_error_messages/Output/linux/tedge_connect_c8y_test.err
  environment  : LD_LIBRARY_PATH=/usr/lib
  environment  : PATH=/bin:/usr/bin:/usr/sbin:/usr/local/bin
                   #1  /bin
                   #2  /usr/bin
                   #3  /usr/sbin
                   #4  /usr/local/bin
2022-04-07 16:12:37,000 DEBUG Waiting up to 600 secs for process sudo<tedge_connect_c8y_test> (pid 5012)
2022-04-07 16:12:37,560 INFO  Executed sudo<tedge_connect_c8y_test>, exit status 0
2022-04-07 16:12:37,562 DEBUG Process parameters for systemctl<serv_mosq2>
  command line : /usr/bin/systemctl status mosquitto
    arg #1     : status
    arg #2     : mosquitto
  working dir  : /home/pi/actions-runner/_work/thin-edge.io/thin-edge.io/tests/PySys/log_request_end_to_end/log_request_error_messages/Output/linux
  stdout       : /home/pi/actions-runner/_work/thin-edge.io/thin-edge.io/tests/PySys/log_request_end_to_end/log_request_error_messages/Output/linux/serv_mosq2.out
  stderr       : /home/pi/actions-runner/_work/thin-edge.io/thin-edge.io/tests/PySys/log_request_end_to_end/log_request_error_messages/Output/linux/serv_mosq2.err
  environment  : LD_LIBRARY_PATH=/usr/lib
  environment  : PATH=/bin:/usr/bin:/usr/sbin:/usr/local/bin
                   #1  /bin
                   #2  /usr/bin
                   #3  /usr/sbin
                   #4  /usr/local/bin
2022-04-07 16:12:37,570 DEBUG Waiting up to 600 secs for process systemctl<serv_mosq2> (pid 5020)
2022-04-07 16:12:38,033 INFO  Executed systemctl<serv_mosq2>, exit status 0
2022-04-07 16:12:38,036 DEBUG Process parameters for systemctl<serv_mapper3>
  command line : /usr/bin/systemctl status tedge-mapper-c8y
    arg #1     : status
    arg #2     : tedge-mapper-c8y
  working dir  : /home/pi/actions-runner/_work/thin-edge.io/thin-edge.io/tests/PySys/log_request_end_to_end/log_request_error_messages/Output/linux
  stdout       : /home/pi/actions-runner/_work/thin-edge.io/thin-edge.io/tests/PySys/log_request_end_to_end/log_request_error_messages/Output/linux/serv_mapper3.out
  stderr       : /home/pi/actions-runner/_work/thin-edge.io/thin-edge.io/tests/PySys/log_request_end_to_end/log_request_error_messages/Output/linux/serv_mapper3.err
  environment  : LD_LIBRARY_PATH=/usr/lib
  environment  : PATH=/bin:/usr/bin:/usr/sbin:/usr/local/bin
                   #1  /bin
                   #2  /usr/bin
                   #3  /usr/sbin
                   #4  /usr/local/bin
2022-04-07 16:12:38,043 DEBUG Waiting up to 600 secs for process systemctl<serv_mapper3> (pid 5021)
2022-04-07 16:12:38,500 INFO  Executed systemctl<serv_mapper3>, exit status 0
2022-04-07 16:12:38,503 DEBUG Process parameters for sudo<rm_logs>
  command line : /usr/bin/sudo rm -rf /tmp/sw_logs
    arg #1     : rm
    arg #2     : -rf
    arg #3     : /tmp/sw_logs
  working dir  : /home/pi/actions-runner/_work/thin-edge.io/thin-edge.io/tests/PySys/log_request_end_to_end/log_request_error_messages/Output/linux
  stdout       : /home/pi/actions-runner/_work/thin-edge.io/thin-edge.io/tests/PySys/log_request_end_to_end/log_request_error_messages/Output/linux/rm_logs.out
  stderr       : /home/pi/actions-runner/_work/thin-edge.io/thin-edge.io/tests/PySys/log_request_end_to_end/log_request_error_messages/Output/linux/rm_logs.err
  environment  : LD_LIBRARY_PATH=/usr/lib
  environment  : PATH=/bin:/usr/bin:/usr/sbin:/usr/local/bin
                   #1  /bin
                   #2  /usr/bin
                   #3  /usr/sbin
                   #4  /usr/local/bin
2022-04-07 16:12:38,511 DEBUG Waiting up to 600 secs for process sudo<rm_logs> (pid 5022)
2022-04-07 16:12:39,329 INFO  Executed sudo<rm_logs>, exit status 0
2022-04-07 16:12:39,353 DEBUG Process parameters for sudo<move_logs>
  command line : /usr/bin/sudo sh -c 'mv /tmp/sw_logs/* /var/log/tedge/agent/'
    arg #1     : sh
    arg #2     : -c
    arg #3     : mv /tmp/sw_logs/* /var/log/tedge/agent/
  working dir  : /home/pi/actions-runner/_work/thin-edge.io/thin-edge.io/tests/PySys/log_request_end_to_end/log_request_error_messages/Output/linux
  stdout       : /home/pi/actions-runner/_work/thin-edge.io/thin-edge.io/tests/PySys/log_request_end_to_end/log_request_error_messages/Output/linux/move_logs.out
  stderr       : /home/pi/actions-runner/_work/thin-edge.io/thin-edge.io/tests/PySys/log_request_end_to_end/log_request_error_messages/Output/linux/move_logs.err
  environment  : LD_LIBRARY_PATH=/usr/lib
  environment  : PATH=/bin:/usr/bin:/usr/sbin:/usr/local/bin
                   #1  /bin
                   #2  /usr/bin
                   #3  /usr/sbin
                   #4  /usr/local/bin
2022-04-07 16:12:39,365 DEBUG Waiting up to 600 secs for process sudo<move_logs> (pid 5030)
2022-04-07 16:12:40,024 INFO  Executed sudo<move_logs>, exit status 0
2022-04-07 16:12:40,026 DEBUG --- test execute
2022-04-07 16:12:40,062 DEBUG Starting new HTTPS connection (1): thin-edge-io.eu-latest.cumulocity.com:443
2022-04-07 16:12:40,275 DEBUG https://thin-edge-io.eu-latest.cumulocity.com:443 "POST /devicecontrol/operations HTTP/1.1" 201 419
2022-04-07 16:12:40,291 DEBUG --- test validate
2022-04-07 16:12:40,307 DEBUG Starting new HTTPS connection (1): thin-edge-io.eu-latest.cumulocity.com:443
2022-04-07 16:12:40,492 DEBUG https://thin-edge-io.eu-latest.cumulocity.com:443 "GET /devicecontrol/operations/16994075 HTTP/1.1" 200 571
2022-04-07 16:12:40,508 INFO  log response None
2022-04-07 16:12:40,509 WARN  retry, retrying in 1 seconds...
2022-04-07 16:12:41,526 DEBUG Starting new HTTPS connection (1): thin-edge-io.eu-latest.cumulocity.com:443
2022-04-07 16:12:41,701 DEBUG https://thin-edge-io.eu-latest.cumulocity.com:443 "GET /devicecontrol/operations/16994075 HTTP/1.1" 200 660
2022-04-07 16:12:41,717 INFO  log response https://thin-edge-io.eu-latest.cumulocity.com/event/events/16996064/binaries
2022-04-07 16:12:41,733 DEBUG Starting new HTTPS connection (1): thin-edge-io.eu-latest.cumulocity.com:443
2022-04-07 16:12:41,913 DEBUG https://thin-edge-io.eu-latest.cumulocity.com:443 "GET /event/events/16996064/binaries HTTP/1.1" 200 None
2022-04-07 16:12:41,930 INFO  Assert that (True == value) with value=True ... passed
2022-04-07 16:12:41,938 DEBUG --- test cleanup
2022-04-07 16:12:41,939 INFO  
2022-04-07 16:12:41,939 INFO  cleanup:
2022-04-07 16:12:41,940 DEBUG Running registered cleanup function: <bound method LogRequestVerifySearchTextError.cleanup_logs of <LogRequestVerifySearchTextError object at 0x75ea2650>>
2022-04-07 16:12:41,942 DEBUG Process parameters for sudo<rm_logs>
  command line : /usr/bin/sudo sh -c 'rm -rf /var/log/tedge/agent/example-*'
    arg #1     : sh
    arg #2     : -c
    arg #3     : rm -rf /var/log/tedge/agent/example-*
  working dir  : /home/pi/actions-runner/_work/thin-edge.io/thin-edge.io/tests/PySys/log_request_end_to_end/log_request_error_messages/Output/linux
  stdout       : /home/pi/actions-runner/_work/thin-edge.io/thin-edge.io/tests/PySys/log_request_end_to_end/log_request_error_messages/Output/linux/rm_logs.out
  stderr       : /home/pi/actions-runner/_work/thin-edge.io/thin-edge.io/tests/PySys/log_request_end_to_end/log_request_error_messages/Output/linux/rm_logs.err
  environment  : LD_LIBRARY_PATH=/usr/lib
  environment  : PATH=/bin:/usr/bin:/usr/sbin:/usr/local/bin
                   #1  /bin
                   #2  /usr/bin
                   #3  /usr/sbin
                   #4  /usr/local/bin
2022-04-07 16:12:41,950 DEBUG Waiting up to 600 secs for process sudo<rm_logs> (pid 5034)
2022-04-07 16:12:42,457 INFO  Executed sudo<rm_logs>, exit status 0
2022-04-07 16:12:42,459 DEBUG Process parameters for sudo<rm_tmp_logs>
  command line : /usr/bin/sudo rm -rf /tmp/sw_logs
    arg #1     : rm
    arg #2     : -rf
    arg #3     : /tmp/sw_logs
  working dir  : /home/pi/actions-runner/_work/thin-edge.io/thin-edge.io/tests/PySys/log_request_end_to_end/log_request_error_messages/Output/linux
  stdout       : /home/pi/actions-runner/_work/thin-edge.io/thin-edge.io/tests/PySys/log_request_end_to_end/log_request_error_messages/Output/linux/rm_tmp_logs.out
  stderr       : /home/pi/actions-runner/_work/thin-edge.io/thin-edge.io/tests/PySys/log_request_end_to_end/log_request_error_messages/Output/linux/rm_tmp_logs.err
  environment  : LD_LIBRARY_PATH=/usr/lib
  environment  : PATH=/bin:/usr/bin:/usr/sbin:/usr/local/bin
                   #1  /bin
                   #2  /usr/bin
                   #3  /usr/sbin
                   #4  /usr/local/bin
2022-04-07 16:12:42,467 DEBUG Waiting up to 600 secs for process sudo<rm_tmp_logs> (pid 5037)
2022-04-07 16:12:42,982 INFO  Executed sudo<rm_tmp_logs>, exit status 0
2022-04-07 16:12:42,983 DEBUG Running registered cleanup function: <bound method EnvironmentC8y.myenvcleanup of <LogRequestVerifySearchTextError object at 0x75ea2650>>
2022-04-07 16:12:42,984 DEBUG EnvironmentC8y Cleanup
2022-04-07 16:12:43,101 DEBUG Process parameters for sudo<tedge_disconnect_c8y>
  command line : /usr/bin/sudo /usr/bin/tedge disconnect c8y
    arg #1     : /usr/bin/tedge
    arg #2     : disconnect
    arg #3     : c8y
  working dir  : /home/pi/actions-runner/_work/thin-edge.io/thin-edge.io/tests/PySys/log_request_end_to_end/log_request_error_messages/Output/linux
  stdout       : /home/pi/actions-runner/_work/thin-edge.io/thin-edge.io/tests/PySys/log_request_end_to_end/log_request_error_messages/Output/linux/tedge_disconnect_c8y.out
  stderr       : /home/pi/actions-runner/_work/thin-edge.io/thin-edge.io/tests/PySys/log_request_end_to_end/log_request_error_messages/Output/linux/tedge_disconnect_c8y.err
  environment  : LD_LIBRARY_PATH=/usr/lib
  environment  : PATH=/bin:/usr/bin:/usr/sbin:/usr/local/bin
                   #1  /bin
                   #2  /usr/bin
                   #3  /usr/sbin
                   #4  /usr/local/bin
2022-04-07 16:12:43,110 DEBUG Waiting up to 600 secs for process sudo<tedge_disconnect_c8y> (pid 5042)
2022-04-07 16:12:46,993 INFO  Executed sudo<tedge_disconnect_c8y>, exit status 0
2022-04-07 16:12:46,997 DEBUG Process parameters for systemctl<serv_mapper5>
  command line : /usr/bin/systemctl status tedge-mapper-c8y
    arg #1     : status
    arg #2     : tedge-mapper-c8y
  working dir  : /home/pi/actions-runner/_work/thin-edge.io/thin-edge.io/tests/PySys/log_request_end_to_end/log_request_error_messages/Output/linux
  stdout       : /home/pi/actions-runner/_work/thin-edge.io/thin-edge.io/tests/PySys/log_request_end_to_end/log_request_error_messages/Output/linux/serv_mapper5.out
  stderr       : /home/pi/actions-runner/_work/thin-edge.io/thin-edge.io/tests/PySys/log_request_end_to_end/log_request_error_messages/Output/linux/serv_mapper5.err
  environment  : LD_LIBRARY_PATH=/usr/lib
  environment  : PATH=/bin:/usr/bin:/usr/sbin:/usr/local/bin
                   #1  /bin
                   #2  /usr/bin
                   #3  /usr/sbin
                   #4  /usr/local/bin
2022-04-07 16:12:47,004 DEBUG Waiting up to 600 secs for process systemctl<serv_mapper5> (pid 5082)
2022-04-07 16:12:47,561 INFO  Executed systemctl<serv_mapper5>, exit status 3
2022-04-07 16:12:47,563 DEBUG ProcessUser cleanup function done.
2022-04-07 16:12:47,566 INFO  
2022-04-07 16:12:47,567 INFO  Test duration: 35.61 secs
2022-04-07 16:12:47,568 INFO  Test final outcome:  PASSED
2022-04-07 16:12:47,569 INFO  
