2022-05-03 07:58:57,531 INFO  ==============================================================
2022-05-03 07:58:57,531 INFO  Id:    apt_install
2022-05-03 07:58:57,531 INFO  Dir:   plugin_apt/
2022-05-03 07:58:57,531 INFO  Title: Validate apt plugin prepare - dense version
2022-05-03 07:58:57,531 INFO  ==============================================================
2022-05-03 07:58:58,185 INFO  Executed sudo, exit status 0
2022-05-03 07:58:58,689 INFO  Executed sudo<outp_check_0>, exit status 0
2022-05-03 07:58:58,690 INFO  Assert that (value==0) with value=0 ... passed
2022-05-03 07:58:58,691 INFO  Grep on file outp_check_0.out ... passed
2022-05-03 07:59:02,253 INFO  Executed sudo<outp_install>, exit status 0
2022-05-03 07:59:02,253 INFO  Assert that (value==0) with value=0 ... passed
2022-05-03 07:59:02,656 INFO  Executed sudo<outp_check_1>, exit status 0
2022-05-03 07:59:02,657 INFO  Assert that (value==0) with value=0 ... passed
2022-05-03 07:59:02,657 INFO  Grep on file outp_check_1.out ... passed
2022-05-03 07:59:02,657 INFO  
2022-05-03 07:59:02,657 INFO  cleanup:
2022-05-03 07:59:06,369 INFO  Executed sudo, exit status 0
2022-05-03 07:59:06,370 INFO  
2022-05-03 07:59:06,370 INFO  Test duration: 8.83 secs
2022-05-03 07:59:06,371 INFO  Test final outcome:  PASSED
2022-05-03 07:59:06,371 INFO  
