2022-05-09 07:55:50,534 INFO  ==============================================================
2022-05-09 07:55:50,535 INFO  Id:    docker_plugin_update
2022-05-09 07:55:50,536 INFO  Dir:   plugin_docker/
2022-05-09 07:55:50,537 INFO  Title: Validate docker plugin install updates existing containers
2022-05-09 07:55:50,538 INFO  ==============================================================
2022-05-09 07:55:51,307 INFO  Executed sudo<docker_images>, exit status 0
2022-05-09 07:55:51,315 INFO  Grep on file /home/pi/actions-runner/_work/thin-edge.io/thin-edge.io/tests/PySys/plugin_docker/docker_plugin_update/Output/linux/docker_images.out ... passed
2022-05-09 07:56:15,012 INFO  Executed sudo<docker_run>, exit status 0, duration 23 secs
2022-05-09 07:56:15,833 INFO  Executed sudo<docker_ps>, exit status 0
2022-05-09 07:56:15,839 INFO  Grep on file /home/pi/actions-runner/_work/thin-edge.io/thin-edge.io/tests/PySys/plugin_docker/docker_plugin_update/Output/linux/docker_ps.out ... passed
2022-05-09 07:56:42,933 INFO  Executed sudo<plugin_install>, exit status 0, duration 27 secs
2022-05-09 07:56:43,754 INFO  Executed sudo<docker_ps_latest>, exit status 0
2022-05-09 07:56:44,575 INFO  Executed sudo<docker_ps>, exit status 0
2022-05-09 07:56:44,579 INFO  Grep on file /home/pi/actions-runner/_work/thin-edge.io/thin-edge.io/tests/PySys/plugin_docker/docker_plugin_update/Output/linux/docker_ps.out ... passed
2022-05-09 07:56:45,393 INFO  Executed sudo<docker_ps>, exit status 0
2022-05-09 07:56:45,397 INFO  Grep on file /home/pi/actions-runner/_work/thin-edge.io/thin-edge.io/tests/PySys/plugin_docker/docker_plugin_update/Output/linux/docker_ps.out ... passed
2022-05-09 07:56:45,404 INFO  
2022-05-09 07:56:45,405 INFO  cleanup:
2022-05-09 07:56:45,406 INFO  Removing containers scheduled to be cleaned up: ['861f247a7dcc', 'ad436be1c6cb', 'd676348d81fccb0504db33a874d389b66216e9f53f5462da389bb5e24f0fa489\n', 'b14a6d298698dca2ab9e1b067906dbe3f12f2a8a92ea9dbc4fef010da666677f\n', 'fb5e6c515fb8bda46ddb1b84422dec670cc3923f64003d919207083e681ba743\n', 'd76c6669166d']
2022-05-09 07:56:48,746 WARN  Executed sudo<containers_for_cleanup>, exit status 1
2022-05-09 07:56:48,751 INFO  Removing images scheduled to be cleaned up: ['registry', 'registry', 'registry:2.7.1', 'registry', 'registry:2.7.1', 'registry:2.6.2', 'registry:2.7.1']
2022-05-09 07:56:55,374 INFO  Executed sudo<containers_for_cleanup>, exit status 0
2022-05-09 07:56:55,380 INFO  
2022-05-09 07:56:55,381 INFO  Test duration: 64.85 secs
2022-05-09 07:56:55,382 INFO  Test final outcome:  PASSED
2022-05-09 07:56:55,383 INFO  
