2022-04-12 08:53:21,663 INFO  ==============================================================
2022-04-12 08:53:21,664 INFO  Id:    tedge_mapper_c8y_child_device_measurement
2022-04-12 08:53:21,665 INFO  Dir:   tedge_mapper_c8y/
2022-04-12 08:53:21,666 INFO  Title: Validate that measurements sent to tedge/measurements/child topic gets mapped as the child device's measurement in Cumulocity
2022-04-12 08:53:21,667 INFO  ==============================================================
2022-04-12 08:53:21,695 INFO  EnvironmentC8y Setup
2022-04-12 08:53:22,242 INFO  Executed systemctl<serv_mapper1>, exit status 3
2022-04-12 08:53:22,345 INFO  Restarting mosquitto too frequently in the last 10 seconds. It was only up for 4 seconds
2022-04-12 08:53:22,347 INFO  Delaying execution by 7 seconds
2022-04-12 08:53:43,203 INFO  Executed sudo<tedge_connect_c8y>, exit status 0, duration 13 secs
2022-04-12 08:53:43,928 INFO  Executed sudo<tedge_connect_c8y_test>, exit status 0
2022-04-12 08:53:44,392 INFO  Executed systemctl<serv_mosq2>, exit status 0
2022-04-12 08:53:44,855 INFO  Executed systemctl<serv_mapper3>, exit status 0
2022-04-12 08:53:45,591 INFO  Assert that (actual == expected) with actual=None, expected=None ... passed
2022-04-12 08:53:46,003 INFO  Executed tedge_pub, exit status 0
2022-04-12 08:53:46,466 INFO  Executed tedge_pub, exit status 0
2022-04-12 08:53:46,878 INFO  Executed tedge_pub, exit status 0
2022-04-12 08:53:47,290 INFO  Executed tedge_pub, exit status 0
2022-04-12 08:53:47,702 INFO  Executed tedge_pub, exit status 0
2022-04-12 08:53:50,056 WARN  TypeError occurred while running test - 'NoneType' object is not subscriptable
Traceback (most recent call last):
  File "/home/pi/env-pysys/lib/python3.7/site-packages/pysys/baserunner.py", line 1296, in __call__
    self.testObj.validate()
  File "/home/pi/actions-runner/_work/thin-edge.io/thin-edge.io/tests/PySys/tedge_mapper_c8y/tedge_mapper_c8y_child_device_measurement/run.py", line 115, in validate
    self.child_device_json["id"], 3
TypeError: 'NoneType' object is not subscriptable
2022-04-12 08:53:50,078 WARN  TypeError: 'NoneType' object is not subscriptable ... blocked 
2022-04-12 08:53:50,079 INFO  
2022-04-12 08:53:50,080 INFO  cleanup:
2022-04-12 08:53:50,081 ERROR Error while running cleanup function: 
Traceback (most recent call last):
  File "/home/pi/env-pysys/lib/python3.7/site-packages/pysys/process/user.py", line 1305, in cleanup
    fn()
  File "/home/pi/actions-runner/_work/thin-edge.io/thin-edge.io/tests/PySys/tedge_mapper_c8y/tedge_mapper_c8y_child_device_measurement/run.py", line 165, in test_cleanup
    self.child_device_json["id"]
TypeError: 'NoneType' object is not subscriptable
2022-04-12 08:53:54,072 INFO  Executed sudo<tedge_disconnect_c8y>, exit status 0
2022-04-12 08:53:54,652 INFO  Executed systemctl<serv_mapper5>, exit status 3
2022-04-12 08:53:54,675 WARN  Cleanup failed with 1 errors: Cleanup function failed: 'NoneType' object is not subscriptable (TypeError) ... blocked 
2022-04-12 08:53:54,678 INFO  
2022-04-12 08:53:54,679 INFO  Test duration: 33.02 secs
2022-04-12 08:53:54,680 INFO  Test final outcome:  BLOCKED
2022-04-12 08:53:54,681 INFO  Test outcome reason: TypeError: 'NoneType' object is not subscriptable (+1 other failures)
2022-04-12 08:53:54,682 INFO  
