Package: libsquirrel3-0
Status: install ok installed
Priority: optional
Section: libs
Installed-Size: 404
Maintainer: Ubuntu Developers <ubuntu-devel-discuss@lists.ubuntu.com>
Architecture: amd64
Multi-Arch: same
Source: squirrel3
Version: 3.1-8build1
Depends: libc6 (>= 2.27), libstdc++6 (>= 4.1.1)
Description: runtime libraries for the Squirrel programming language
 Squirrel is a high-level imperative, object-oriented programming
 language, designed to be a lightweight scripting language that fits
 in the size, memory bandwidth, and real-time requirements of
 applications like video games.
 .
 This package contains runtime libraries. You shouldn't have to
 install it manually.
Original-Maintainer: Fabian Wolff <fabi.wolff@arcor.de>
Homepage: http://squirrel-lang.org/
