2022-05-11 11:36:08,285 INFO  ==============================================================
2022-05-11 11:36:08,285 INFO  Id:    apt_finalize
2022-05-11 11:36:08,286 INFO  Dir:   plugin_apt/
2022-05-11 11:36:08,286 INFO  Title: Validate apt plugin finalize - dense version
2022-05-11 11:36:08,286 INFO  ==============================================================
2022-05-11 11:36:08,940 INFO  Executed sudo<outp_remove>, exit status 0
2022-05-11 11:36:08,941 INFO  Assert that (value==0) with value=0 ... passed
2022-05-11 11:36:09,595 INFO  Executed sudo<outp_remove>, exit status 0
2022-05-11 11:36:09,595 INFO  Assert that (value==0) with value=0 ... passed
2022-05-11 11:36:10,048 INFO  Executed sudo<outp_check_0>, exit status 0
2022-05-11 11:36:10,049 INFO  Assert that (value==0) with value=0 ... passed
2022-05-11 11:36:10,051 INFO  Grep on file outp_check_0.out ... passed
2022-05-11 11:36:10,153 INFO  Executed dpkg-query<outp_check_0>, exit status 1
2022-05-11 11:36:15,557 INFO  Executed sudo<outp_install>, exit status 0
2022-05-11 11:36:15,558 INFO  Assert that (value==0) with value=0 ... passed
2022-05-11 11:36:16,061 INFO  Executed sudo<outp_check_1>, exit status 0
2022-05-11 11:36:16,062 INFO  Assert that (value==0) with value=0 ... passed
2022-05-11 11:36:16,063 INFO  Grep on file outp_check_1.out ... passed
2022-05-11 11:36:16,165 INFO  Executed dpkg-query<outp_check_1>, exit status 0
2022-05-11 11:36:21,333 INFO  Executed sudo<outp_remove>, exit status 0
2022-05-11 11:36:21,333 INFO  Assert that (value==0) with value=0 ... passed
2022-05-11 11:36:21,786 INFO  Executed sudo<outp_check_2>, exit status 0
2022-05-11 11:36:21,787 INFO  Assert that (value==0) with value=0 ... passed
2022-05-11 11:36:21,788 INFO  Grep on file outp_check_2.out ... passed
2022-05-11 11:36:21,890 INFO  Executed dpkg-query<outp_check_2>, exit status 0
2022-05-11 11:36:26,705 INFO  Executed sudo<outp_finalize>, exit status 0
2022-05-11 11:36:26,706 INFO  Assert that (value==0) with value=0 ... passed
2022-05-11 11:36:27,159 INFO  Executed sudo<outp_check_3>, exit status 0
2022-05-11 11:36:27,159 INFO  Assert that (value==0) with value=0 ... passed
2022-05-11 11:36:27,160 INFO  Grep on file outp_check_3.out ... passed
2022-05-11 11:36:27,262 INFO  Executed dpkg-query<outp_check_3>, exit status 1
2022-05-11 11:36:27,263 INFO  
2022-05-11 11:36:27,263 INFO  cleanup:
2022-05-11 11:36:27,263 INFO  
2022-05-11 11:36:27,263 INFO  Test duration: 18.97 secs
2022-05-11 11:36:27,264 INFO  Test final outcome:  PASSED
2022-05-11 11:36:27,264 INFO  
