2022-04-08 10:14:11,342 INFO  ==============================================================
2022-04-08 10:14:11,343 INFO  Id:    apt_sequence_install_with_version_fail
2022-04-08 10:14:11,344 INFO  Dir:   plugin_apt/
2022-04-08 10:14:11,345 INFO  Title: Validate apt plugin install with version fails use case
2022-04-08 10:14:11,346 DEBUG Execution order hint: 0.0
2022-04-08 10:14:11,347 INFO  ==============================================================
2022-04-08 10:14:11,353 DEBUG Process parameters for sudo
  command line : /usr/bin/sudo /usr/bin/apt-get remove -y rolldice
    arg #1     : /usr/bin/apt-get
    arg #2     : remove
    arg #3     : -y
    arg #4     : rolldice
  working dir  : /home/pi/actions-runner/_work/thin-edge.io/thin-edge.io/tests/PySys/plugin_apt/apt_sequence_install_with_version_fail/Output/linux
  stdout       : None
  stderr       : None
  environment  : LD_LIBRARY_PATH=/usr/lib
  environment  : PATH=/bin:/usr/bin:/usr/sbin:/usr/local/bin
                   #1  /bin
                   #2  /usr/bin
                   #3  /usr/sbin
                   #4  /usr/local/bin
2022-04-08 10:14:11,360 DEBUG Waiting up to 600 secs for process sudo (pid 11121)
2022-04-08 10:14:18,728 INFO  Executed sudo, exit status 0
2022-04-08 10:14:18,734 DEBUG Process parameters for sudo<outp_check_0>
  command line : /usr/bin/sudo /etc/tedge/sm-plugins/apt list
    arg #1     : /etc/tedge/sm-plugins/apt
    arg #2     : list
  working dir  : /home/pi/actions-runner/_work/thin-edge.io/thin-edge.io/tests/PySys/plugin_apt/apt_sequence_install_with_version_fail/Output/linux
  stdout       : /home/pi/actions-runner/_work/thin-edge.io/thin-edge.io/tests/PySys/plugin_apt/apt_sequence_install_with_version_fail/Output/linux/outp_check_0.out
  stderr       : /home/pi/actions-runner/_work/thin-edge.io/thin-edge.io/tests/PySys/plugin_apt/apt_sequence_install_with_version_fail/Output/linux/outp_check_0.err
  environment  : LD_LIBRARY_PATH=/usr/lib
  environment  : PATH=/bin:/usr/bin:/usr/sbin:/usr/local/bin
                   #1  /bin
                   #2  /usr/bin
                   #3  /usr/sbin
                   #4  /usr/local/bin
2022-04-08 10:14:18,741 DEBUG Waiting up to 600 secs for process sudo<outp_check_0> (pid 11125)
2022-04-08 10:14:21,309 INFO  Executed sudo<outp_check_0>, exit status 0
2022-04-08 10:14:21,311 INFO  Assert that (value==0) with value=0 ... passed
2022-04-08 10:14:21,312 DEBUG Performing regex contains=False grep on file: /home/pi/actions-runner/_work/thin-edge.io/thin-edge.io/tests/PySys/plugin_apt/apt_sequence_install_with_version_fail/Output/linux/outp_check_0.out
2022-04-08 10:14:21,317 INFO  Grep on file outp_check_0.out ... passed
2022-04-08 10:14:21,318 DEBUG --- test execute
2022-04-08 10:14:21,320 DEBUG Process parameters for sudo<outp_install>
  command line : /usr/bin/sudo /etc/tedge/sm-plugins/apt install rolldice --module-version 1.16-1+b0
    arg #1     : /etc/tedge/sm-plugins/apt
    arg #2     : install
    arg #3     : rolldice
    arg #4     : --module-version
    arg #5     : 1.16-1+b0
  working dir  : /home/pi/actions-runner/_work/thin-edge.io/thin-edge.io/tests/PySys/plugin_apt/apt_sequence_install_with_version_fail/Output/linux
  stdout       : /home/pi/actions-runner/_work/thin-edge.io/thin-edge.io/tests/PySys/plugin_apt/apt_sequence_install_with_version_fail/Output/linux/outp_install.out
  stderr       : /home/pi/actions-runner/_work/thin-edge.io/thin-edge.io/tests/PySys/plugin_apt/apt_sequence_install_with_version_fail/Output/linux/outp_install.err
  environment  : LD_LIBRARY_PATH=/usr/lib
  environment  : PATH=/bin:/usr/bin:/usr/sbin:/usr/local/bin
                   #1  /bin
                   #2  /usr/bin
                   #3  /usr/sbin
                   #4  /usr/local/bin
2022-04-08 10:14:21,327 DEBUG Waiting up to 600 secs for process sudo<outp_install> (pid 11131)
2022-04-08 10:14:24,703 INFO  Executed sudo<outp_install>, exit status 2
2022-04-08 10:14:24,705 INFO  Assert that (value==2) with value=2 ... passed
2022-04-08 10:14:24,706 DEBUG --- test validate
2022-04-08 10:14:24,710 DEBUG Process parameters for sudo<outp_check_1>
  command line : /usr/bin/sudo /etc/tedge/sm-plugins/apt list
    arg #1     : /etc/tedge/sm-plugins/apt
    arg #2     : list
  working dir  : /home/pi/actions-runner/_work/thin-edge.io/thin-edge.io/tests/PySys/plugin_apt/apt_sequence_install_with_version_fail/Output/linux
  stdout       : /home/pi/actions-runner/_work/thin-edge.io/thin-edge.io/tests/PySys/plugin_apt/apt_sequence_install_with_version_fail/Output/linux/outp_check_1.out
  stderr       : /home/pi/actions-runner/_work/thin-edge.io/thin-edge.io/tests/PySys/plugin_apt/apt_sequence_install_with_version_fail/Output/linux/outp_check_1.err
  environment  : LD_LIBRARY_PATH=/usr/lib
  environment  : PATH=/bin:/usr/bin:/usr/sbin:/usr/local/bin
                   #1  /bin
                   #2  /usr/bin
                   #3  /usr/sbin
                   #4  /usr/local/bin
2022-04-08 10:14:24,718 DEBUG Waiting up to 600 secs for process sudo<outp_check_1> (pid 11136)
2022-04-08 10:14:27,302 INFO  Executed sudo<outp_check_1>, exit status 0
2022-04-08 10:14:27,304 INFO  Assert that (value==0) with value=0 ... passed
2022-04-08 10:14:27,305 DEBUG Performing regex contains=False grep on file: /home/pi/actions-runner/_work/thin-edge.io/thin-edge.io/tests/PySys/plugin_apt/apt_sequence_install_with_version_fail/Output/linux/outp_check_1.out
2022-04-08 10:14:27,310 INFO  Grep on file outp_check_1.out ... passed
2022-04-08 10:14:27,315 DEBUG --- test cleanup
2022-04-08 10:14:27,317 DEBUG ProcessUser cleanup function done.
2022-04-08 10:14:27,320 INFO  
2022-04-08 10:14:27,320 INFO  Test duration: 15.98 secs
2022-04-08 10:14:27,321 INFO  Test final outcome:  PASSED
2022-04-08 10:14:27,323 INFO  
