2022-04-08 10:06:35,164 INFO  ==============================================================
2022-04-08 10:06:35,165 INFO  Id:    apt_install_local_file_fail
2022-04-08 10:06:35,166 INFO  Dir:   plugin_apt/
2022-04-08 10:06:35,167 INFO  Title: Validate apt plugin install from local file - FAIL case
2022-04-08 10:06:35,168 DEBUG Execution order hint: 0.0
2022-04-08 10:06:35,169 INFO  ==============================================================
2022-04-08 10:06:35,175 DEBUG Process parameters for sudo
  command line : /usr/bin/sudo /usr/bin/apt-get remove -y rolldice
    arg #1     : /usr/bin/apt-get
    arg #2     : remove
    arg #3     : -y
    arg #4     : rolldice
  working dir  : /home/pi/actions-runner/_work/thin-edge.io/thin-edge.io/tests/PySys/plugin_apt/apt_install_local_file_fail/Output/linux
  stdout       : None
  stderr       : None
  environment  : LD_LIBRARY_PATH=/usr/lib
  environment  : PATH=/bin:/usr/bin:/usr/sbin:/usr/local/bin
                   #1  /bin
                   #2  /usr/bin
                   #3  /usr/sbin
                   #4  /usr/local/bin
2022-04-08 10:06:35,182 DEBUG Waiting up to 600 secs for process sudo (pid 13507)
2022-04-08 10:06:48,737 INFO  Executed sudo, exit status 0, duration 13 secs
2022-04-08 10:06:48,744 DEBUG Process parameters for sudo<outp_check_0>
  command line : /usr/bin/sudo /etc/tedge/sm-plugins/apt list
    arg #1     : /etc/tedge/sm-plugins/apt
    arg #2     : list
  working dir  : /home/pi/actions-runner/_work/thin-edge.io/thin-edge.io/tests/PySys/plugin_apt/apt_install_local_file_fail/Output/linux
  stdout       : /home/pi/actions-runner/_work/thin-edge.io/thin-edge.io/tests/PySys/plugin_apt/apt_install_local_file_fail/Output/linux/outp_check_0.out
  stderr       : /home/pi/actions-runner/_work/thin-edge.io/thin-edge.io/tests/PySys/plugin_apt/apt_install_local_file_fail/Output/linux/outp_check_0.err
  environment  : LD_LIBRARY_PATH=/usr/lib
  environment  : PATH=/bin:/usr/bin:/usr/sbin:/usr/local/bin
                   #1  /bin
                   #2  /usr/bin
                   #3  /usr/sbin
                   #4  /usr/local/bin
2022-04-08 10:06:48,752 DEBUG Waiting up to 600 secs for process sudo<outp_check_0> (pid 13537)
2022-04-08 10:06:53,994 INFO  Executed sudo<outp_check_0>, exit status 0
2022-04-08 10:06:53,996 INFO  Assert that (value==0) with value=0 ... passed
2022-04-08 10:06:53,997 DEBUG Performing regex contains=False grep on file: /home/pi/actions-runner/_work/thin-edge.io/thin-edge.io/tests/PySys/plugin_apt/apt_install_local_file_fail/Output/linux/outp_check_0.out
2022-04-08 10:06:54,002 INFO  Grep on file outp_check_0.out ... passed
2022-04-08 10:06:54,003 DEBUG --- test execute
2022-04-08 10:06:54,006 DEBUG Process parameters for sudo<outp_install>
  command line : /usr/bin/sudo /etc/tedge/sm-plugins/apt install rolldice --file /home/pi/actions-runner/_work/thin-edge.io/thin-edge.io/tests/PySys/notafile.deb
    arg #1     : /etc/tedge/sm-plugins/apt
    arg #2     : install
    arg #3     : rolldice
    arg #4     : --file
    arg #5     : /home/pi/actions-runner/_work/thin-edge.io/thin-edge.io/tests/PySys/notafile.deb
  working dir  : /home/pi/actions-runner/_work/thin-edge.io/thin-edge.io/tests/PySys/plugin_apt/apt_install_local_file_fail/Output/linux
  stdout       : /home/pi/actions-runner/_work/thin-edge.io/thin-edge.io/tests/PySys/plugin_apt/apt_install_local_file_fail/Output/linux/outp_install.out
  stderr       : /home/pi/actions-runner/_work/thin-edge.io/thin-edge.io/tests/PySys/plugin_apt/apt_install_local_file_fail/Output/linux/outp_install.err
  environment  : LD_LIBRARY_PATH=/usr/lib
  environment  : PATH=/bin:/usr/bin:/usr/sbin:/usr/local/bin
                   #1  /bin
                   #2  /usr/bin
                   #3  /usr/sbin
                   #4  /usr/local/bin
2022-04-08 10:06:54,013 DEBUG Waiting up to 600 secs for process sudo<outp_install> (pid 13543)
2022-04-08 10:06:54,570 INFO  Executed sudo<outp_install>, exit status 5
2022-04-08 10:06:54,571 INFO  Assert that (value==5) with value=5 ... passed
2022-04-08 10:06:54,572 DEBUG --- test validate
2022-04-08 10:06:54,574 DEBUG Process parameters for sudo<outp_check_1>
  command line : /usr/bin/sudo /etc/tedge/sm-plugins/apt list
    arg #1     : /etc/tedge/sm-plugins/apt
    arg #2     : list
  working dir  : /home/pi/actions-runner/_work/thin-edge.io/thin-edge.io/tests/PySys/plugin_apt/apt_install_local_file_fail/Output/linux
  stdout       : /home/pi/actions-runner/_work/thin-edge.io/thin-edge.io/tests/PySys/plugin_apt/apt_install_local_file_fail/Output/linux/outp_check_1.out
  stderr       : /home/pi/actions-runner/_work/thin-edge.io/thin-edge.io/tests/PySys/plugin_apt/apt_install_local_file_fail/Output/linux/outp_check_1.err
  environment  : LD_LIBRARY_PATH=/usr/lib
  environment  : PATH=/bin:/usr/bin:/usr/sbin:/usr/local/bin
                   #1  /bin
                   #2  /usr/bin
                   #3  /usr/sbin
                   #4  /usr/local/bin
2022-04-08 10:06:54,582 DEBUG Waiting up to 600 secs for process sudo<outp_check_1> (pid 13546)
2022-04-08 10:06:57,149 INFO  Executed sudo<outp_check_1>, exit status 0
2022-04-08 10:06:57,151 INFO  Assert that (value==0) with value=0 ... passed
2022-04-08 10:06:57,152 DEBUG Performing regex contains=False grep on file: /home/pi/actions-runner/_work/thin-edge.io/thin-edge.io/tests/PySys/plugin_apt/apt_install_local_file_fail/Output/linux/outp_check_1.out
2022-04-08 10:06:57,157 INFO  Grep on file outp_check_1.out ... passed
2022-04-08 10:06:57,162 DEBUG --- test cleanup
2022-04-08 10:06:57,164 DEBUG ProcessUser cleanup function done.
2022-04-08 10:06:57,167 INFO  
2022-04-08 10:06:57,168 INFO  Test duration: 22.01 secs
2022-04-08 10:06:57,168 INFO  Test final outcome:  PASSED
2022-04-08 10:06:57,169 INFO  
