2022-05-10 20:31:34,958 INFO  ==============================================================
2022-05-10 20:31:34,959 INFO  Id:    SoftwareManagement.sm_apt_install_fail
2022-05-10 20:31:34,960 INFO  Dir:   software_management_end_to_end/
2022-05-10 20:31:34,961 INFO  Title: Validate end to end behaviour for a failing installation
2022-05-10 20:31:34,962 INFO  ==============================================================
2022-05-10 20:31:34,968 INFO  Using sw id database: {'asciijump': '5475369', 'robotfindskitten': '5474869', 'squirrel3': '5475279', 'rolldice': '5152439', 'moon-buggy': '5439204', 'apple': '5495053', 'banana': '5494888', 'cherry': '5495382', 'watermelon': '5494510', 'registry': '8018911', 'hello-world': '8021526', 'docker/getting-started': '8021973', 'alpine': '7991792'}
2022-05-10 20:31:34,969 INFO  EnvironmentC8y Setup
2022-05-10 20:31:35,531 INFO  Executed systemctl<serv_mapper1>, exit status 3
2022-05-10 20:31:35,638 INFO  Restarting mosquitto too frequently in the last 10 seconds. It was only up for 5 seconds
2022-05-10 20:31:35,639 INFO  Delaying execution by 6 seconds
2022-05-10 20:31:55,923 INFO  Executed sudo<tedge_connect_c8y>, exit status 0, duration 14 secs
2022-05-10 20:31:56,540 INFO  Executed sudo<tedge_connect_c8y_test>, exit status 0
2022-05-10 20:31:57,054 INFO  Executed systemctl<serv_mosq2>, exit status 0
2022-05-10 20:31:57,567 INFO  Executed systemctl<serv_mapper3>, exit status 0
2022-05-10 20:31:59,787 INFO  State of current operation: FAILED
2022-05-10 20:32:00,016 INFO  Response status: 201
2022-05-10 20:32:00,018 INFO  Response to action: {
    "creationTime": "2022-05-10T20:31:59.968Z",
    "deviceName": "mythica",
    "deviceId": "18732228",
    "self": "https://t493319102.eu-latest.cumulocity.com/devicecontrol/operations/18751794",
    "id": "18751794",
    "status": "PENDING",
    "description": "Apply software changes, triggered from PySys: [{'name': 'does_not_exist', 'id': '5446165', 'version': '::apt', 'url': '', 'action': 'install'}]",
    "c8y_SoftwareUpdate": [
        {
            "name": "does_not_exist",
            "action": "install",
            "id": "5446165",
            "version": "::apt",
            "url": ""
        }
    ]
}
2022-05-10 20:32:00,019 INFO  Started operation: {'creationTime': '2022-05-10T20:31:59.968Z', 'deviceName': 'mythica', 'deviceId': '18732228', 'self': 'https://t493319102.eu-latest.cumulocity.com/devicecontrol/operations/18751794', 'id': '18751794', 'status': 'PENDING', 'description': "Apply software changes, triggered from PySys: [{'name': 'does_not_exist', 'id': '5446165', 'version': '::apt', 'url': '', 'action': 'install'}]", 'c8y_SoftwareUpdate': [{'name': 'does_not_exist', 'action': 'install', 'id': '5446165', 'version': '::apt', 'url': ''}]}
2022-05-10 20:32:02,259 INFO  State of operation 18751794 : PENDING
2022-05-10 20:32:04,501 INFO  State of operation 18751794 : EXECUTING
2022-05-10 20:32:06,791 INFO  State of operation 18751794 : EXECUTING
2022-05-10 20:32:09,052 INFO  State of operation 18751794 : EXECUTING
2022-05-10 20:32:11,313 INFO  State of operation 18751794 : EXECUTING
2022-05-10 20:32:13,608 INFO  State of operation 18751794 : EXECUTING
2022-05-10 20:32:15,868 INFO  State of operation 18751794 : EXECUTING
2022-05-10 20:32:18,865 INFO  State of operation 18751794 : EXECUTING
2022-05-10 20:32:21,223 INFO  State of operation 18751794 : EXECUTING
2022-05-10 20:32:23,912 INFO  State of operation 18751794 : EXECUTING
2022-05-10 20:32:26,210 INFO  State of operation 18751794 : EXECUTING
2022-05-10 20:32:28,426 INFO  State of operation 18751794 : EXECUTING
2022-05-10 20:32:30,647 INFO  State of operation 18751794 : EXECUTING
2022-05-10 20:32:33,014 INFO  State of operation 18751794 : EXECUTING
2022-05-10 20:32:35,235 INFO  State of operation 18751794 : EXECUTING
2022-05-10 20:32:37,473 INFO  State of operation 18751794 : EXECUTING
2022-05-10 20:32:39,692 INFO  State of operation 18751794 : FAILED
2022-05-10 20:32:39,947 INFO  Assert that (False == value) with value=False ... passed
2022-05-10 20:32:39,958 INFO  
2022-05-10 20:32:39,959 INFO  cleanup:
2022-05-10 20:32:44,589 INFO  Executed sudo<tedge_disconnect_c8y>, exit status 0
2022-05-10 20:32:45,203 INFO  Executed systemctl<serv_mapper5>, exit status 3
2022-05-10 20:32:45,207 INFO  
2022-05-10 20:32:45,208 INFO  Test duration: 70.26 secs
2022-05-10 20:32:45,209 INFO  Test final outcome:  PASSED
2022-05-10 20:32:45,210 INFO  
