2022-04-28 15:25:50,827 INFO  ==============================================================
2022-04-28 15:25:50,828 INFO  Id:    log_request_error_messages
2022-04-28 15:25:50,829 INFO  Dir:   log_request_end_to_end/
2022-04-28 15:25:50,830 INFO  Title: Validate end to end behaviour for the log request operation check for error messages
2022-04-28 15:25:50,831 INFO  ==============================================================
2022-04-28 15:25:52,145 INFO  EnvironmentC8y Setup
2022-04-28 15:25:52,859 INFO  Executed systemctl<serv_mapper1>, exit status 3
2022-04-28 15:25:52,965 INFO  Restarting mosquitto too frequently in the last 10 seconds. It was only up for 3 seconds
2022-04-28 15:25:52,967 INFO  Delaying execution by 8 seconds
2022-04-28 15:26:14,961 INFO  Executed sudo<tedge_connect_c8y>, exit status 0, duration 13 secs
2022-04-28 15:26:15,578 INFO  Executed sudo<tedge_connect_c8y_test>, exit status 0
2022-04-28 15:26:16,192 INFO  Executed systemctl<serv_mosq2>, exit status 0
2022-04-28 15:26:16,655 INFO  Executed systemctl<serv_mapper3>, exit status 0
2022-04-28 15:26:17,168 INFO  Executed sudo<rm_logs>, exit status 0
2022-04-28 15:26:17,750 INFO  Executed sudo<move_logs>, exit status 0
2022-04-28 15:26:18,528 INFO  log response None
2022-04-28 15:26:18,530 WARN  retry, retrying in 1 seconds...
2022-04-28 15:26:19,741 INFO  log response https://thin-edge-io.eu-latest.cumulocity.com/event/events/17915236/binaries
2022-04-28 15:26:20,567 WARN  Assert that (True == value) with value=False ... failed [run.py:43]
2022-04-28 15:26:20,577 INFO  
2022-04-28 15:26:20,578 INFO  cleanup:
2022-04-28 15:26:21,090 INFO  Executed sudo<rm_logs>, exit status 0
2022-04-28 15:26:21,604 INFO  Executed sudo<rm_tmp_logs>, exit status 0
2022-04-28 15:26:22,117 INFO  Executed sudo<send_failed>, exit status 0
2022-04-28 15:26:26,120 INFO  Executed sudo<tedge_disconnect_c8y>, exit status 0
2022-04-28 15:26:26,686 INFO  Executed systemctl<serv_mapper5>, exit status 3
2022-04-28 15:26:26,690 INFO  
2022-04-28 15:26:26,691 INFO  Test duration: 35.87 secs
2022-04-28 15:26:26,692 INFO  Test final outcome:  FAILED
2022-04-28 15:26:26,693 INFO  Test outcome reason: Assert that (True == value) with value=False
2022-04-28 15:26:26,694 INFO  
