2022-04-08 10:40:19,562 INFO  ==============================================================
2022-04-08 10:40:19,563 INFO  Id:    docker_plugin_update
2022-04-08 10:40:19,564 INFO  Dir:   plugin_docker/
2022-04-08 10:40:19,565 INFO  Title: Validate docker plugin install updates existing containers
2022-04-08 10:40:19,566 DEBUG Execution order hint: 0.0
2022-04-08 10:40:19,566 INFO  ==============================================================
2022-04-08 10:40:19,575 DEBUG Process parameters for sudo<docker_images>
  command line : /usr/bin/sudo docker images
    arg #1     : docker
    arg #2     : images
  working dir  : /home/pi/actions-runner/_work/thin-edge.io/thin-edge.io/tests/PySys/plugin_docker/docker_plugin_update/Output/linux
  stdout       : /home/pi/actions-runner/_work/thin-edge.io/thin-edge.io/tests/PySys/plugin_docker/docker_plugin_update/Output/linux/docker_images.out
  stderr       : /home/pi/actions-runner/_work/thin-edge.io/thin-edge.io/tests/PySys/plugin_docker/docker_plugin_update/Output/linux/docker_images.err
  environment  : LD_LIBRARY_PATH=/usr/lib
  environment  : PATH=/bin:/usr/bin:/usr/sbin:/usr/local/bin
                   #1  /bin
                   #2  /usr/bin
                   #3  /usr/sbin
                   #4  /usr/local/bin
2022-04-08 10:40:19,582 DEBUG Waiting up to 600 secs for process sudo<docker_images> (pid 30745)
2022-04-08 10:40:20,390 INFO  Executed sudo<docker_images>, exit status 0
2022-04-08 10:40:20,391 DEBUG Performing regex contains=False grep on file: /home/pi/actions-runner/_work/thin-edge.io/thin-edge.io/tests/PySys/plugin_docker/docker_plugin_update/Output/linux/docker_images.out
2022-04-08 10:40:20,395 INFO  Grep on file /home/pi/actions-runner/_work/thin-edge.io/thin-edge.io/tests/PySys/plugin_docker/docker_plugin_update/Output/linux/docker_images.out ... passed
2022-04-08 10:40:20,398 DEBUG Process parameters for sudo<docker_run>
  command line : /usr/bin/sudo docker run -d registry:2.6.2
    arg #1     : docker
    arg #2     : run
    arg #3     : -d
    arg #4     : registry:2.6.2
  working dir  : /home/pi/actions-runner/_work/thin-edge.io/thin-edge.io/tests/PySys/plugin_docker/docker_plugin_update/Output/linux
  stdout       : /home/pi/actions-runner/_work/thin-edge.io/thin-edge.io/tests/PySys/plugin_docker/docker_plugin_update/Output/linux/docker_run.out
  stderr       : /home/pi/actions-runner/_work/thin-edge.io/thin-edge.io/tests/PySys/plugin_docker/docker_plugin_update/Output/linux/docker_run.err
  environment  : LD_LIBRARY_PATH=/usr/lib
  environment  : PATH=/bin:/usr/bin:/usr/sbin:/usr/local/bin
                   #1  /bin
                   #2  /usr/bin
                   #3  /usr/sbin
                   #4  /usr/local/bin
2022-04-08 10:40:20,404 DEBUG Waiting up to 600 secs for process sudo<docker_run> (pid 30755)
2022-04-08 10:40:43,737 INFO  Executed sudo<docker_run>, exit status 0, duration 23 secs
2022-04-08 10:40:43,744 DEBUG Process parameters for sudo<docker_ps>
  command line : /usr/bin/sudo docker ps
    arg #1     : docker
    arg #2     : ps
  working dir  : /home/pi/actions-runner/_work/thin-edge.io/thin-edge.io/tests/PySys/plugin_docker/docker_plugin_update/Output/linux
  stdout       : /home/pi/actions-runner/_work/thin-edge.io/thin-edge.io/tests/PySys/plugin_docker/docker_plugin_update/Output/linux/docker_ps.out
  stderr       : /home/pi/actions-runner/_work/thin-edge.io/thin-edge.io/tests/PySys/plugin_docker/docker_plugin_update/Output/linux/docker_ps.err
  environment  : LD_LIBRARY_PATH=/usr/lib
  environment  : PATH=/bin:/usr/bin:/usr/sbin:/usr/local/bin
                   #1  /bin
                   #2  /usr/bin
                   #3  /usr/sbin
                   #4  /usr/local/bin
2022-04-08 10:40:43,752 DEBUG Waiting up to 600 secs for process sudo<docker_ps> (pid 30933)
2022-04-08 10:40:44,612 INFO  Executed sudo<docker_ps>, exit status 0
2022-04-08 10:40:44,613 DEBUG Performing regex contains=True grep on file: /home/pi/actions-runner/_work/thin-edge.io/thin-edge.io/tests/PySys/plugin_docker/docker_plugin_update/Output/linux/docker_ps.out
2022-04-08 10:40:44,618 DEBUG Grep on file /home/pi/actions-runner/_work/thin-edge.io/thin-edge.io/tests/PySys/plugin_docker/docker_plugin_update/Output/linux/docker_ps.out successfully matched expression "registry:2.6.2" with line: 'f9863f73fbe0        registry:2.6.2      "/entrypoint.sh /etc…"   4 seconds ago       Up Less than a second   5000/tcp            wizardly_taussig\n'
2022-04-08 10:40:44,620 INFO  Grep on file /home/pi/actions-runner/_work/thin-edge.io/thin-edge.io/tests/PySys/plugin_docker/docker_plugin_update/Output/linux/docker_ps.out ... passed
2022-04-08 10:40:44,621 DEBUG --- test execute
2022-04-08 10:40:44,623 DEBUG Process parameters for sudo<plugin_install>
  command line : /usr/bin/sudo /etc/tedge/sm-plugins/docker install registry --module-version 2.7.1
    arg #1     : /etc/tedge/sm-plugins/docker
    arg #2     : install
    arg #3     : registry
    arg #4     : --module-version
    arg #5     : 2.7.1
  working dir  : /home/pi/actions-runner/_work/thin-edge.io/thin-edge.io/tests/PySys/plugin_docker/docker_plugin_update/Output/linux
  stdout       : /home/pi/actions-runner/_work/thin-edge.io/thin-edge.io/tests/PySys/plugin_docker/docker_plugin_update/Output/linux/plugin_install.out
  stderr       : /home/pi/actions-runner/_work/thin-edge.io/thin-edge.io/tests/PySys/plugin_docker/docker_plugin_update/Output/linux/plugin_install.err
  environment  : LD_LIBRARY_PATH=/usr/lib
  environment  : PATH=/bin:/usr/bin:/usr/sbin:/usr/local/bin
                   #1  /bin
                   #2  /usr/bin
                   #3  /usr/sbin
                   #4  /usr/local/bin
2022-04-08 10:40:44,629 DEBUG Waiting up to 600 secs for process sudo<plugin_install> (pid 30945)
2022-04-08 10:41:10,742 INFO  Executed sudo<plugin_install>, exit status 0, duration 26 secs
2022-04-08 10:41:10,749 DEBUG Process parameters for sudo<docker_ps_latest>
  command line : /usr/bin/sudo docker ps -q --latest
    arg #1     : docker
    arg #2     : ps
    arg #3     : -q
    arg #4     : --latest
  working dir  : /home/pi/actions-runner/_work/thin-edge.io/thin-edge.io/tests/PySys/plugin_docker/docker_plugin_update/Output/linux
  stdout       : /home/pi/actions-runner/_work/thin-edge.io/thin-edge.io/tests/PySys/plugin_docker/docker_plugin_update/Output/linux/docker_ps_latest.out
  stderr       : /home/pi/actions-runner/_work/thin-edge.io/thin-edge.io/tests/PySys/plugin_docker/docker_plugin_update/Output/linux/docker_ps_latest.err
  environment  : LD_LIBRARY_PATH=/usr/lib
  environment  : PATH=/bin:/usr/bin:/usr/sbin:/usr/local/bin
                   #1  /bin
                   #2  /usr/bin
                   #3  /usr/sbin
                   #4  /usr/local/bin
2022-04-08 10:41:10,757 DEBUG Waiting up to 600 secs for process sudo<docker_ps_latest> (pid 31204)
2022-04-08 10:41:11,638 INFO  Executed sudo<docker_ps_latest>, exit status 0
2022-04-08 10:41:11,642 DEBUG --- test validate
2022-04-08 10:41:11,644 DEBUG Process parameters for sudo<docker_ps>
  command line : /usr/bin/sudo docker ps
    arg #1     : docker
    arg #2     : ps
  working dir  : /home/pi/actions-runner/_work/thin-edge.io/thin-edge.io/tests/PySys/plugin_docker/docker_plugin_update/Output/linux
  stdout       : /home/pi/actions-runner/_work/thin-edge.io/thin-edge.io/tests/PySys/plugin_docker/docker_plugin_update/Output/linux/docker_ps.out
  stderr       : /home/pi/actions-runner/_work/thin-edge.io/thin-edge.io/tests/PySys/plugin_docker/docker_plugin_update/Output/linux/docker_ps.err
  environment  : LD_LIBRARY_PATH=/usr/lib
  environment  : PATH=/bin:/usr/bin:/usr/sbin:/usr/local/bin
                   #1  /bin
                   #2  /usr/bin
                   #3  /usr/sbin
                   #4  /usr/local/bin
2022-04-08 10:41:11,650 DEBUG Waiting up to 600 secs for process sudo<docker_ps> (pid 31214)
2022-04-08 10:41:12,458 INFO  Executed sudo<docker_ps>, exit status 0
2022-04-08 10:41:12,459 DEBUG Performing regex contains=False grep on file: /home/pi/actions-runner/_work/thin-edge.io/thin-edge.io/tests/PySys/plugin_docker/docker_plugin_update/Output/linux/docker_ps.out
2022-04-08 10:41:12,463 INFO  Grep on file /home/pi/actions-runner/_work/thin-edge.io/thin-edge.io/tests/PySys/plugin_docker/docker_plugin_update/Output/linux/docker_ps.out ... passed
2022-04-08 10:41:12,465 DEBUG Process parameters for sudo<docker_ps>
  command line : /usr/bin/sudo docker ps
    arg #1     : docker
    arg #2     : ps
  working dir  : /home/pi/actions-runner/_work/thin-edge.io/thin-edge.io/tests/PySys/plugin_docker/docker_plugin_update/Output/linux
  stdout       : /home/pi/actions-runner/_work/thin-edge.io/thin-edge.io/tests/PySys/plugin_docker/docker_plugin_update/Output/linux/docker_ps.out
  stderr       : /home/pi/actions-runner/_work/thin-edge.io/thin-edge.io/tests/PySys/plugin_docker/docker_plugin_update/Output/linux/docker_ps.err
  environment  : LD_LIBRARY_PATH=/usr/lib
  environment  : PATH=/bin:/usr/bin:/usr/sbin:/usr/local/bin
                   #1  /bin
                   #2  /usr/bin
                   #3  /usr/sbin
                   #4  /usr/local/bin
2022-04-08 10:41:12,472 DEBUG Waiting up to 600 secs for process sudo<docker_ps> (pid 31227)
2022-04-08 10:41:13,280 INFO  Executed sudo<docker_ps>, exit status 0
2022-04-08 10:41:13,282 DEBUG Performing regex contains=True grep on file: /home/pi/actions-runner/_work/thin-edge.io/thin-edge.io/tests/PySys/plugin_docker/docker_plugin_update/Output/linux/docker_ps.out
2022-04-08 10:41:13,285 DEBUG Grep on file /home/pi/actions-runner/_work/thin-edge.io/thin-edge.io/tests/PySys/plugin_docker/docker_plugin_update/Output/linux/docker_ps.out successfully matched expression "registry:2.7.1" with line: '7de31cf98048        registry:2.7.1      "/entrypoint.sh /etc…"   6 seconds ago       Up 2 seconds        5000/tcp            infallible_mendeleev\n'
2022-04-08 10:41:13,286 INFO  Grep on file /home/pi/actions-runner/_work/thin-edge.io/thin-edge.io/tests/PySys/plugin_docker/docker_plugin_update/Output/linux/docker_ps.out ... passed
2022-04-08 10:41:13,292 DEBUG --- test cleanup
2022-04-08 10:41:13,293 INFO  
2022-04-08 10:41:13,294 INFO  cleanup:
2022-04-08 10:41:13,294 DEBUG Running registered cleanup function: <bound method DockerPlugin.cleanup_containers of <DockerPluginUpdateTest object at 0x76791d70>>
2022-04-08 10:41:13,295 INFO  Removing containers scheduled to be cleaned up: ['1812f512bf79', '8d67ec5a937c', '5c72417b3d9a3f111df1f7c3f04d6a7939d009bc30413ee979b7b71ad2ba08df\n', '3f41a171f2e7b2465a07bd8b981bbf8f6b4903b8dba74e99a3242be60ac14ba2\n', 'f9863f73fbe0e352fc7f3a5bcf1b3f51e095c66118ddb28d632f279cfb1dc184\n', '7de31cf98048']
2022-04-08 10:41:13,297 DEBUG Process parameters for sudo<containers_for_cleanup>
  command line : /usr/bin/sudo docker rm -f 1812f512bf79 8d67ec5a937c '5c72417b3d9a3f111df1f7c3f04d6a7939d009bc30413ee979b7b71ad2ba08df
' '3f41a171f2e7b2465a07bd8b981bbf8f6b4903b8dba74e99a3242be60ac14ba2
' 'f9863f73fbe0e352fc7f3a5bcf1b3f51e095c66118ddb28d632f279cfb1dc184
' 7de31cf98048
    arg #1     : docker
    arg #2     : rm
    arg #3     : -f
    arg #4     : 1812f512bf79
    arg #5     : 8d67ec5a937c
    arg #6     : 5c72417b3d9a3f111df1f7c3f04d6a7939d009bc30413ee979b7b71ad2ba08df

    arg #7     : 3f41a171f2e7b2465a07bd8b981bbf8f6b4903b8dba74e99a3242be60ac14ba2

    arg #8     : f9863f73fbe0e352fc7f3a5bcf1b3f51e095c66118ddb28d632f279cfb1dc184

    arg #9     : 7de31cf98048
  working dir  : /home/pi/actions-runner/_work/thin-edge.io/thin-edge.io/tests/PySys/plugin_docker/docker_plugin_update/Output/linux
  stdout       : /home/pi/actions-runner/_work/thin-edge.io/thin-edge.io/tests/PySys/plugin_docker/docker_plugin_update/Output/linux/containers_for_cleanup.out
  stderr       : /home/pi/actions-runner/_work/thin-edge.io/thin-edge.io/tests/PySys/plugin_docker/docker_plugin_update/Output/linux/containers_for_cleanup.err
  environment  : LD_LIBRARY_PATH=/usr/lib
  environment  : PATH=/bin:/usr/bin:/usr/sbin:/usr/local/bin
                   #1  /bin
                   #2  /usr/bin
                   #3  /usr/sbin
                   #4  /usr/local/bin
2022-04-08 10:41:13,304 DEBUG Waiting up to 600 secs for process sudo<containers_for_cleanup> (pid 31237)
2022-04-08 10:41:16,377 WARN  Executed sudo<containers_for_cleanup>, exit status 1
2022-04-08 10:41:16,378 DEBUG Running registered cleanup function: <bound method DockerPlugin.cleanup_images of <DockerPluginUpdateTest object at 0x76791d70>>
2022-04-08 10:41:16,379 INFO  Removing images scheduled to be cleaned up: ['registry', 'registry', 'registry:2.7.1', 'registry', 'registry:2.7.1', 'registry:2.6.2', 'registry:2.7.1']
2022-04-08 10:41:16,381 DEBUG Process parameters for sudo<containers_for_cleanup>
  command line : /usr/bin/sudo docker rmi -f registry registry registry:2.7.1 registry registry:2.7.1 registry:2.6.2 registry:2.7.1
    arg #1     : docker
    arg #2     : rmi
    arg #3     : -f
    arg #4     : registry
    arg #5     : registry
    arg #6     : registry:2.7.1
    arg #7     : registry
    arg #8     : registry:2.7.1
    arg #9     : registry:2.6.2
    arg #10    : registry:2.7.1
  working dir  : /home/pi/actions-runner/_work/thin-edge.io/thin-edge.io/tests/PySys/plugin_docker/docker_plugin_update/Output/linux
  stdout       : /home/pi/actions-runner/_work/thin-edge.io/thin-edge.io/tests/PySys/plugin_docker/docker_plugin_update/Output/linux/containers_for_cleanup.out
  stderr       : /home/pi/actions-runner/_work/thin-edge.io/thin-edge.io/tests/PySys/plugin_docker/docker_plugin_update/Output/linux/containers_for_cleanup.err
  environment  : LD_LIBRARY_PATH=/usr/lib
  environment  : PATH=/bin:/usr/bin:/usr/sbin:/usr/local/bin
                   #1  /bin
                   #2  /usr/bin
                   #3  /usr/sbin
                   #4  /usr/local/bin
2022-04-08 10:41:16,387 DEBUG Waiting up to 600 secs for process sudo<containers_for_cleanup> (pid 31294)
2022-04-08 10:41:22,978 INFO  Executed sudo<containers_for_cleanup>, exit status 0
2022-04-08 10:41:22,979 DEBUG ProcessUser cleanup function done.
2022-04-08 10:41:22,983 INFO  
2022-04-08 10:41:22,984 INFO  Test duration: 63.43 secs
2022-04-08 10:41:22,986 INFO  Test final outcome:  PASSED
2022-04-08 10:41:22,987 INFO  
