2022-05-10 13:25:57,857 INFO  ==============================================================
2022-05-10 13:25:57,858 INFO  Id:    sm_tedge_mapper_init_session
2022-05-10 13:25:57,859 INFO  Dir:   tedge_mapper_c8y/
2022-05-10 13:25:57,860 INFO  Title: Validate tedge_mapper_sm_c8y init session feature
2022-05-10 13:25:57,861 INFO  ==============================================================
2022-05-10 13:25:57,869 INFO  EnvironmentC8y Setup
2022-05-10 13:25:58,445 INFO  Executed systemctl<serv_mapper1>, exit status 3
2022-05-10 13:25:58,592 INFO  Restarting mosquitto too frequently in the last 10 seconds. It was only up for 6 seconds
2022-05-10 13:25:58,594 INFO  Delaying execution by 5 seconds
2022-05-10 13:26:20,725 INFO  Executed sudo<tedge_connect_c8y>, exit status 0, duration 17 secs
2022-05-10 13:26:21,339 INFO  Executed sudo<tedge_connect_c8y_test>, exit status 0
2022-05-10 13:26:21,851 INFO  Executed systemctl<serv_mosq2>, exit status 0
2022-05-10 13:26:22,364 INFO  Executed systemctl<serv_mapper3>, exit status 0
2022-05-10 13:26:23,038 INFO  Executed sudo<stop_tedge_mapper>, exit status 0
2022-05-10 13:26:23,601 INFO  Executed sudo<remove_lock>, exit status 0
2022-05-10 13:26:24,165 INFO  Executed sudo<mapper_drop>, exit status 0
2022-05-10 13:26:24,727 INFO  Executed sudo<mapper_init>, exit status 0
2022-05-10 13:26:25,292 INFO  Executed sudo<pub_req>, exit status 0
2022-05-10 13:26:25,300 INFO  Started sudo<sub_resp> with process id 21861
2022-05-10 13:26:25,919 INFO  Executed sudo<start_mapper>, exit status 0
2022-05-10 13:26:25,921 INFO  Waiting for 2.0 seconds
2022-05-10 13:26:28,552 INFO  Executed sudo<sub_stop>, exit status 0
2022-05-10 13:26:28,558 INFO  Grep on file sub_resp.out ... passed
2022-05-10 13:26:28,568 INFO  
2022-05-10 13:26:28,569 INFO  cleanup:
2022-05-10 13:26:33,885 INFO  Executed sudo<tedge_disconnect_c8y>, exit status 0
2022-05-10 13:26:34,450 INFO  Executed systemctl<serv_mapper5>, exit status 3
2022-05-10 13:26:34,559 INFO  Restarting mosquitto too frequently in the last 10 seconds. It was only up for 5 seconds
2022-05-10 13:26:34,560 INFO  Delaying execution by 6 seconds
2022-05-10 13:26:41,073 INFO  Executed sudo<tedge_disconnect_c8y>, exit status 0
2022-05-10 13:26:41,636 INFO  Executed systemctl<serv_mapper5>, exit status 3
2022-05-10 13:26:41,640 INFO  
2022-05-10 13:26:41,641 INFO  Test duration: 43.79 secs
2022-05-10 13:26:41,642 INFO  Test final outcome:  PASSED
2022-05-10 13:26:41,643 INFO  
