2022-04-28 16:29:58,739 INFO  ==============================================================
2022-04-28 16:29:58,740 INFO  Id:    SoftwareManagement.sm_apt_install_fail
2022-04-28 16:29:58,742 INFO  Dir:   software_management_end_to_end/
2022-04-28 16:29:58,743 INFO  Title: Validate end to end behaviour for a failing installation
2022-04-28 16:29:58,743 INFO  ==============================================================
2022-04-28 16:29:58,749 INFO  Using sw id database: {'asciijump': '5475369', 'robotfindskitten': '5474869', 'squirrel3': '5475279', 'rolldice': '5152439', 'moon-buggy': '5439204', 'apple': '5495053', 'banana': '5494888', 'cherry': '5495382', 'watermelon': '5494510', 'registry': '8018911', 'hello-world': '8021526', 'docker/getting-started': '8021973', 'alpine': '7991792'}
2022-04-28 16:29:58,750 INFO  EnvironmentC8y Setup
2022-04-28 16:29:59,312 INFO  Executed systemctl<serv_mapper1>, exit status 3
2022-04-28 16:29:59,420 INFO  Restarting mosquitto too frequently in the last 10 seconds. It was only up for 5 seconds
2022-04-28 16:29:59,421 INFO  Delaying execution by 6 seconds
2022-04-28 16:30:19,252 INFO  Executed sudo<tedge_connect_c8y>, exit status 0, duration 13 secs
2022-04-28 16:30:19,868 INFO  Executed sudo<tedge_connect_c8y_test>, exit status 0
2022-04-28 16:30:20,331 INFO  Executed systemctl<serv_mosq2>, exit status 0
2022-04-28 16:30:20,793 INFO  Executed systemctl<serv_mapper3>, exit status 0
2022-04-28 16:30:23,027 INFO  State of current operation: FAILED
2022-04-28 16:30:23,402 INFO  Response status: 201
2022-04-28 16:30:23,403 INFO  Response to action: {
    "creationTime": "2022-04-28T16:30:23.367Z",
    "deviceName": "mythicc",
    "deviceId": "17913167",
    "self": "https://t493319102.eu-latest.cumulocity.com/devicecontrol/operations/17923570",
    "id": "17923570",
    "status": "PENDING",
    "description": "Apply software changes, triggered from PySys: [{'name': 'does_not_exist', 'id': '5446165', 'version': '::apt', 'url': '', 'action': 'install'}]",
    "c8y_SoftwareUpdate": [
        {
            "name": "does_not_exist",
            "action": "install",
            "id": "5446165",
            "version": "::apt",
            "url": ""
        }
    ]
}
2022-04-28 16:30:23,404 INFO  Started operation: {'creationTime': '2022-04-28T16:30:23.367Z', 'deviceName': 'mythicc', 'deviceId': '17913167', 'self': 'https://t493319102.eu-latest.cumulocity.com/devicecontrol/operations/17923570', 'id': '17923570', 'status': 'PENDING', 'description': "Apply software changes, triggered from PySys: [{'name': 'does_not_exist', 'id': '5446165', 'version': '::apt', 'url': '', 'action': 'install'}]", 'c8y_SoftwareUpdate': [{'name': 'does_not_exist', 'action': 'install', 'id': '5446165', 'version': '::apt', 'url': ''}]}
2022-04-28 16:30:25,673 INFO  State of operation 17923570 : PENDING
2022-04-28 16:30:27,921 INFO  State of operation 17923570 : EXECUTING
2022-04-28 16:30:30,806 INFO  State of operation 17923570 : EXECUTING
2022-04-28 16:30:33,025 INFO  State of operation 17923570 : EXECUTING
2022-04-28 16:30:35,285 INFO  State of operation 17923570 : EXECUTING
2022-04-28 16:30:37,530 INFO  State of operation 17923570 : EXECUTING
2022-04-28 16:30:40,389 INFO  State of operation 17923570 : EXECUTING
2022-04-28 16:30:44,209 INFO  State of operation 17923570 : EXECUTING
2022-04-28 16:30:46,781 INFO  State of operation 17923570 : EXECUTING
2022-04-28 16:30:48,993 INFO  State of operation 17923570 : EXECUTING
2022-04-28 16:30:51,217 INFO  State of operation 17923570 : EXECUTING
2022-04-28 16:30:53,427 INFO  State of operation 17923570 : EXECUTING
2022-04-28 16:30:55,674 INFO  State of operation 17923570 : EXECUTING
2022-04-28 16:30:57,889 INFO  State of operation 17923570 : EXECUTING
2022-04-28 16:31:00,097 INFO  State of operation 17923570 : FAILED
2022-04-28 16:31:00,316 INFO  Assert that (False == value) with value=False ... passed
2022-04-28 16:31:00,333 INFO  
2022-04-28 16:31:00,334 INFO  cleanup:
2022-04-28 16:31:04,434 INFO  Executed sudo<tedge_disconnect_c8y>, exit status 0
2022-04-28 16:31:05,250 INFO  Executed systemctl<serv_mapper5>, exit status 3
2022-04-28 16:31:05,255 INFO  
2022-04-28 16:31:05,256 INFO  Test duration: 66.53 secs
2022-04-28 16:31:05,257 INFO  Test final outcome:  PASSED
2022-04-28 16:31:05,259 INFO  
