2022-04-11 09:56:07,458 INFO  ==============================================================
2022-04-11 09:56:07,459 INFO  Id:    tedge_mapper_az_with_timestamp
2022-04-11 09:56:07,460 INFO  Dir:   tedge_mapper_az/
2022-04-11 09:56:07,461 INFO  Title: Validate the Azure Mapper that publishes a Thin Edge JSON message with timestamp on az/messages/events/ when it receives a valid JSON message on tedge/measurements
2022-04-11 09:56:07,463 DEBUG Execution order hint: 0.0
2022-04-11 09:56:07,463 INFO  ==============================================================
2022-04-11 09:56:07,471 DEBUG Process parameters for sudo<tedge_mapper_az>
  command line : /usr/bin/sudo systemctl start tedge-mapper-az
    arg #1     : systemctl
    arg #2     : start
    arg #3     : tedge-mapper-az
  working dir  : /home/pi/actions-runner/_work/thin-edge.io/thin-edge.io/tests/PySys/tedge_mapper_az/tedge_mapper_az_with_timestamp/Output/linux
  stdout       : /home/pi/actions-runner/_work/thin-edge.io/thin-edge.io/tests/PySys/tedge_mapper_az/tedge_mapper_az_with_timestamp/Output/linux/tedge_mapper_az.out
  stderr       : /home/pi/actions-runner/_work/thin-edge.io/thin-edge.io/tests/PySys/tedge_mapper_az/tedge_mapper_az_with_timestamp/Output/linux/tedge_mapper_az.err
  environment  : LD_LIBRARY_PATH=/usr/lib
  environment  : PATH=/bin:/usr/bin:/usr/sbin:/usr/local/bin
                   #1  /bin
                   #2  /usr/bin
                   #3  /usr/sbin
                   #4  /usr/local/bin
2022-04-11 09:56:07,479 DEBUG Waiting up to 600 secs for process sudo<tedge_mapper_az> (pid 17379)
2022-04-11 09:56:08,044 INFO  Executed sudo<tedge_mapper_az>, exit status 0
2022-04-11 09:56:08,045 DEBUG --- test execute
2022-04-11 09:56:08,048 DEBUG Process parameters for sudo<tedge_sub>
  command line : /usr/bin/sudo /usr/bin/tedge mqtt sub --no-topic az/messages/events/
    arg #1     : /usr/bin/tedge
    arg #2     : mqtt
    arg #3     : sub
    arg #4     : --no-topic
    arg #5     : az/messages/events/
  working dir  : /home/pi/actions-runner/_work/thin-edge.io/thin-edge.io/tests/PySys/tedge_mapper_az/tedge_mapper_az_with_timestamp/Output/linux
  stdout       : /home/pi/actions-runner/_work/thin-edge.io/thin-edge.io/tests/PySys/tedge_mapper_az/tedge_mapper_az_with_timestamp/Output/linux/tedge_sub.out
  stderr       : /home/pi/actions-runner/_work/thin-edge.io/thin-edge.io/tests/PySys/tedge_mapper_az/tedge_mapper_az_with_timestamp/Output/linux/tedge_sub.err
  environment  : LD_LIBRARY_PATH=/usr/lib
  environment  : PATH=/bin:/usr/bin:/usr/sbin:/usr/local/bin
                   #1  /bin
                   #2  /usr/bin
                   #3  /usr/sbin
                   #4  /usr/local/bin
2022-04-11 09:56:08,058 INFO  Started sudo<tedge_sub> with process id 17382
2022-04-11 09:56:08,181 DEBUG Process parameters for sudo<tedge_temp>
  command line : /usr/bin/sudo /usr/bin/tedge mqtt pub tedge/measurements '{"temperature": 12, "time": "2021-06-15T17:01:15.806181503+02:00"}'
    arg #1     : /usr/bin/tedge
    arg #2     : mqtt
    arg #3     : pub
    arg #4     : tedge/measurements
    arg #5     : {"temperature": 12, "time": "2021-06-15T17:01:15.806181503+02:00"}
  working dir  : /home/pi/actions-runner/_work/thin-edge.io/thin-edge.io/tests/PySys/tedge_mapper_az/tedge_mapper_az_with_timestamp/Output/linux
  stdout       : /home/pi/actions-runner/_work/thin-edge.io/thin-edge.io/tests/PySys/tedge_mapper_az/tedge_mapper_az_with_timestamp/Output/linux/tedge_temp.out
  stderr       : /home/pi/actions-runner/_work/thin-edge.io/thin-edge.io/tests/PySys/tedge_mapper_az/tedge_mapper_az_with_timestamp/Output/linux/tedge_temp.err
  environment  : LD_LIBRARY_PATH=/usr/lib
  environment  : PATH=/bin:/usr/bin:/usr/sbin:/usr/local/bin
                   #1  /bin
                   #2  /usr/bin
                   #3  /usr/sbin
                   #4  /usr/local/bin
2022-04-11 09:56:08,190 DEBUG Waiting up to 600 secs for process sudo<tedge_temp> (pid 17387)
2022-04-11 09:56:08,697 INFO  Executed sudo<tedge_temp>, exit status 0
2022-04-11 09:56:08,699 DEBUG Process parameters for sudo<kill_out>
  command line : /usr/bin/sudo killall tedge
    arg #1     : killall
    arg #2     : tedge
  working dir  : /home/pi/actions-runner/_work/thin-edge.io/thin-edge.io/tests/PySys/tedge_mapper_az/tedge_mapper_az_with_timestamp/Output/linux
  stdout       : /home/pi/actions-runner/_work/thin-edge.io/thin-edge.io/tests/PySys/tedge_mapper_az/tedge_mapper_az_with_timestamp/Output/linux/kill_out.out
  stderr       : /home/pi/actions-runner/_work/thin-edge.io/thin-edge.io/tests/PySys/tedge_mapper_az/tedge_mapper_az_with_timestamp/Output/linux/kill_out.err
  environment  : LD_LIBRARY_PATH=/usr/lib
  environment  : PATH=/bin:/usr/bin:/usr/sbin:/usr/local/bin
                   #1  /bin
                   #2  /usr/bin
                   #3  /usr/sbin
                   #4  /usr/local/bin
2022-04-11 09:56:08,708 DEBUG Waiting up to 600 secs for process sudo<kill_out> (pid 17390)
2022-04-11 09:56:09,214 INFO  Executed sudo<kill_out>, exit status 0
2022-04-11 09:56:09,215 DEBUG --- test validate
2022-04-11 09:56:09,220 INFO  Assert that (actual == expected) with actual=12.0, expected=12 ... passed
2022-04-11 09:56:09,221 INFO  Assert that (actual == expected) with actual="2021-06-15T17:01:15.806181503+02:00", expected="2021-06-15T17:01:15.806181503+02:00" ... passed
2022-04-11 09:56:09,227 DEBUG --- test cleanup
2022-04-11 09:56:09,228 INFO  
2022-04-11 09:56:09,229 INFO  cleanup:
2022-04-11 09:56:09,230 DEBUG Running registered cleanup function: <bound method TedgeMapperAzWithTimestamp.mapper_cleanup of <TedgeMapperAzWithTimestamp object at 0x759f3bb0>>
2022-04-11 09:56:09,231 INFO  mapper_cleanup
2022-04-11 09:56:09,232 DEBUG Process parameters for sudo<tedge_mapper_az>
  command line : /usr/bin/sudo systemctl stop tedge-mapper-az
    arg #1     : systemctl
    arg #2     : stop
    arg #3     : tedge-mapper-az
  working dir  : /home/pi/actions-runner/_work/thin-edge.io/thin-edge.io/tests/PySys/tedge_mapper_az/tedge_mapper_az_with_timestamp/Output/linux
  stdout       : /home/pi/actions-runner/_work/thin-edge.io/thin-edge.io/tests/PySys/tedge_mapper_az/tedge_mapper_az_with_timestamp/Output/linux/tedge_mapper_az.out
  stderr       : /home/pi/actions-runner/_work/thin-edge.io/thin-edge.io/tests/PySys/tedge_mapper_az/tedge_mapper_az_with_timestamp/Output/linux/tedge_mapper_az.err
  environment  : LD_LIBRARY_PATH=/usr/lib
  environment  : PATH=/bin:/usr/bin:/usr/sbin:/usr/local/bin
                   #1  /bin
                   #2  /usr/bin
                   #3  /usr/sbin
                   #4  /usr/local/bin
2022-04-11 09:56:09,245 DEBUG Waiting up to 600 secs for process sudo<tedge_mapper_az> (pid 17392)
2022-04-11 09:56:09,854 INFO  Executed sudo<tedge_mapper_az>, exit status 0
2022-04-11 09:56:09,855 DEBUG ProcessUser cleanup function done.
2022-04-11 09:56:09,858 INFO  
2022-04-11 09:56:09,859 INFO  Test duration: 2.41 secs
2022-04-11 09:56:09,860 INFO  Test final outcome:  PASSED
2022-04-11 09:56:09,861 INFO  
