2022-05-04 08:17:05,552 INFO  ==============================================================
2022-05-04 08:17:05,552 INFO  Id:    docker_plugin_install
2022-05-04 08:17:05,552 INFO  Dir:   plugin_docker/
2022-05-04 08:17:05,552 INFO  Title: Validate docker plugin install
2022-05-04 08:17:05,552 INFO  ==============================================================
2022-05-04 08:17:05,654 INFO  Executed sudo<docker_images>, exit status 0
2022-05-04 08:17:05,655 INFO  Grep on file /home/pi/actions-runner/_work/thin-edge.io/thin-edge.io/tests/PySys/plugin_docker/docker_plugin_install/Output/linux/docker_images.out ... passed
2022-05-04 08:17:09,578 INFO  Executed sudo<plugin_install>, exit status 0
2022-05-04 08:17:09,680 INFO  Executed sudo<docker_ps_latest>, exit status 0
2022-05-04 08:17:09,782 INFO  Executed sudo<docker_ps>, exit status 0
2022-05-04 08:17:09,782 INFO  Grep on file /home/pi/actions-runner/_work/thin-edge.io/thin-edge.io/tests/PySys/plugin_docker/docker_plugin_install/Output/linux/docker_ps.out ... passed
2022-05-04 08:17:09,783 INFO  
2022-05-04 08:17:09,783 INFO  cleanup:
2022-05-04 08:17:09,783 INFO  Removing containers scheduled to be cleaned up: ['9964acfe6bb8']
2022-05-04 08:17:10,085 INFO  Executed sudo<containers_for_cleanup>, exit status 0
2022-05-04 08:17:10,086 INFO  Removing images scheduled to be cleaned up: ['registry', 'registry']
2022-05-04 08:17:10,245 INFO  Executed sudo<containers_for_cleanup>, exit status 0
2022-05-04 08:17:10,246 INFO  
2022-05-04 08:17:10,246 INFO  Test duration: 4.69 secs
2022-05-04 08:17:10,246 INFO  Test final outcome:  PASSED
2022-05-04 08:17:10,246 INFO  
