2022-04-08 09:55:04,522 INFO  ==============================================================
2022-04-08 09:55:04,523 INFO  Id:    call_tedge_-h_-V
2022-04-08 09:55:04,524 INFO  Dir:   tedge/
2022-04-08 09:55:04,525 INFO  Title: Validate command line option -h -V
2022-04-08 09:55:04,526 DEBUG Execution order hint: 0.0
2022-04-08 09:55:04,526 INFO  ==============================================================
2022-04-08 09:55:04,531 DEBUG --- test execute
2022-04-08 09:55:04,533 DEBUG Process parameters for tedge
  command line : /usr/bin/tedge -h -V
    arg #1     : -h
    arg #2     : -V
  working dir  : /home/pi/actions-runner/_work/thin-edge.io/thin-edge.io/tests/PySys/tedge/call_tedge_-h_-V/Output/linux
  stdout       : /home/pi/actions-runner/_work/thin-edge.io/thin-edge.io/tests/PySys/tedge/call_tedge_-h_-V/Output/linux/tedge.out
  stderr       : /home/pi/actions-runner/_work/thin-edge.io/thin-edge.io/tests/PySys/tedge/call_tedge_-h_-V/Output/linux/tedge.err
  environment  : LD_LIBRARY_PATH=/usr/lib
  environment  : PATH=/bin:/usr/bin:/usr/sbin:/usr/local/bin
                   #1  /bin
                   #2  /usr/bin
                   #3  /usr/sbin
                   #4  /usr/local/bin
2022-04-08 09:55:04,541 DEBUG Waiting up to 600 secs for process tedge (pid 28122)
2022-04-08 09:55:04,997 INFO  Executed tedge, exit status 0
2022-04-08 09:55:04,998 DEBUG --- test validate
2022-04-08 09:55:04,999 DEBUG Performing regex contains=True grep on file: /home/pi/actions-runner/_work/thin-edge.io/thin-edge.io/tests/PySys/tedge/call_tedge_-h_-V/Output/linux/tedge.out
2022-04-08 09:55:05,004 DEBUG Grep on file tedge.out successfully matched expression "tedge 0.6" with line: 'tedge 0.6.1\n'
2022-04-08 09:55:05,005 INFO  Grep on file tedge.out ... passed
2022-04-08 09:55:05,007 DEBUG Performing regex contains=True grep on file: /home/pi/actions-runner/_work/thin-edge.io/thin-edge.io/tests/PySys/tedge/call_tedge_-h_-V/Output/linux/tedge.out
2022-04-08 09:55:05,010 DEBUG Grep on file tedge.out successfully matched expression "USAGE:" with line: 'USAGE:\n'
2022-04-08 09:55:05,011 INFO  Grep on file tedge.out ... passed
2022-04-08 09:55:05,015 DEBUG --- test cleanup
2022-04-08 09:55:05,017 DEBUG ProcessUser cleanup function done.
2022-04-08 09:55:05,020 INFO  
2022-04-08 09:55:05,020 INFO  Test duration: 0.50 secs
2022-04-08 09:55:05,021 INFO  Test final outcome:  PASSED
2022-04-08 09:55:05,022 INFO  
