2022-04-14 10:21:49,853 INFO  ==============================================================
2022-04-14 10:21:49,854 INFO  Id:    tedge_mapper_c8y_alarms
2022-04-14 10:21:49,855 INFO  Dir:   tedge_mapper_c8y/
2022-04-14 10:21:49,856 INFO  Title: Validate that alarms sent to tedge/alarms topic \ gets mapped as alarms in Cumulocity
2022-04-14 10:21:49,864 INFO  ==============================================================
2022-04-14 10:21:49,873 INFO  EnvironmentC8y Setup
2022-04-14 10:21:50,442 INFO  Executed systemctl<serv_mapper1>, exit status 3
2022-04-14 10:22:04,948 INFO  Executed sudo<tedge_connect_c8y>, exit status 0, duration 14 secs
2022-04-14 10:22:05,582 INFO  Executed sudo<tedge_connect_c8y_test>, exit status 0
2022-04-14 10:22:06,096 INFO  Executed systemctl<serv_mosq2>, exit status 0
2022-04-14 10:22:06,560 INFO  Executed systemctl<serv_mapper3>, exit status 0
2022-04-14 10:22:11,977 INFO  Executed tedge, exit status 0
2022-04-14 10:22:12,389 INFO  Executed tedge, exit status 0
2022-04-14 10:22:12,801 INFO  Executed tedge, exit status 0
2022-04-14 10:22:13,213 INFO  Executed tedge, exit status 0
2022-04-14 10:22:13,625 INFO  Executed tedge, exit status 0
2022-04-14 10:22:14,881 INFO  {
    "severity": "CRITICAL",
    "creationTime": "2022-04-14T10:22:12.798Z",
    "count": 1,
    "history": {
        "auditRecords": [],
        "self": "https://t493319102.eu-latest.cumulocity.com/audit/auditRecords"
    },
    "source": {
        "name": "mythicd",
        "self": "https://t493319102.eu-latest.cumulocity.com/inventory/managedObjects/17331100",
        "id": "17331100"
    },
    "type": "temperature_dangerous",
    "lastUpdated": "2022-04-14T10:22:12.798Z",
    "self": "https://t493319102.eu-latest.cumulocity.com/alarm/alarms/17331606",
    "time": "2022-04-14T10:22:12.782Z",
    "id": "17331606",
    "text": "temperature is dangerously high",
    "status": "ACTIVE"
}
2022-04-14 10:22:14,883 INFO  Assert that (actual == expected) with actual="temperature_dangerous", expected="temperature_dangerous" ... passed
2022-04-14 10:22:14,884 INFO  Assert that (actual == expected) with actual="CRITICAL", expected="CRITICAL" ... passed
2022-04-14 10:22:14,886 INFO  Assert that (actual == expected) with actual="temperature is dangerously high", expected="temperature is dangerously high" ... passed
2022-04-14 10:22:14,887 INFO  {
    "severity": "MAJOR",
    "creationTime": "2022-04-14T10:22:12.385Z",
    "count": 1,
    "history": {
        "auditRecords": [],
        "self": "https://t493319102.eu-latest.cumulocity.com/audit/auditRecords"
    },
    "source": {
        "name": "mythicd",
        "self": "https://t493319102.eu-latest.cumulocity.com/inventory/managedObjects/17331100",
        "id": "17331100"
    },
    "type": "temperature_very_high",
    "lastUpdated": "2022-04-14T10:22:12.385Z",
    "self": "https://t493319102.eu-latest.cumulocity.com/alarm/alarms/17331604",
    "time": "2022-04-14T10:22:12.370Z",
    "id": "17331604",
    "text": "temperature is very high",
    "status": "ACTIVE"
}
2022-04-14 10:22:14,889 INFO  Assert that (actual == expected) with actual="temperature_very_high", expected="temperature_very_high" ... passed
2022-04-14 10:22:14,890 INFO  Assert that (actual == expected) with actual="MAJOR", expected="MAJOR" ... passed
2022-04-14 10:22:14,891 INFO  Assert that (actual == expected) with actual="temperature is very high", expected="temperature is very high" ... passed
2022-04-14 10:22:14,893 INFO  {
    "severity": "WARNING",
    "creationTime": "2022-04-14T10:22:11.977Z",
    "count": 1,
    "history": {
        "auditRecords": [],
        "self": "https://t493319102.eu-latest.cumulocity.com/audit/auditRecords"
    },
    "source": {
        "name": "mythicd",
        "self": "https://t493319102.eu-latest.cumulocity.com/inventory/managedObjects/17331100",
        "id": "17331100"
    },
    "type": "temperature_high",
    "lastUpdated": "2022-04-14T10:22:11.977Z",
    "self": "https://t493319102.eu-latest.cumulocity.com/alarm/alarms/17331602",
    "time": "2021-12-15T15:22:06.464+05:30",
    "id": "17331602",
    "text": "temperature is high",
    "status": "ACTIVE"
}
2022-04-14 10:22:14,895 INFO  Assert that (actual == expected) with actual="temperature_high", expected="temperature_high" ... passed
2022-04-14 10:22:14,896 INFO  Assert that (actual == expected) with actual="WARNING", expected="WARNING" ... passed
2022-04-14 10:22:14,898 INFO  Assert that (actual == expected) with actual="temperature is high", expected="temperature is high" ... passed
2022-04-14 10:22:14,899 INFO  Assert that (actual == expected) with actual="temperature_high", expected="temperature_high" ... passed
2022-04-14 10:22:14,906 INFO  
2022-04-14 10:22:14,907 INFO  cleanup:
2022-04-14 10:22:15,368 INFO  Executed tedge, exit status 0
2022-04-14 10:22:15,780 INFO  Executed tedge, exit status 0
2022-04-14 10:22:16,192 INFO  Executed tedge, exit status 0
2022-04-14 10:22:20,599 INFO  Executed sudo<tedge_disconnect_c8y>, exit status 0
2022-04-14 10:22:21,164 INFO  Executed systemctl<serv_mapper5>, exit status 3
2022-04-14 10:22:21,168 INFO  
2022-04-14 10:22:21,169 INFO  Test duration: 31.32 secs
2022-04-14 10:22:21,170 INFO  Test final outcome:  PASSED
2022-04-14 10:22:21,171 INFO  
