2022-05-03 08:24:04,432 INFO  ==============================================================
2022-05-03 08:24:04,433 INFO  Id:    apt_sequence_remove_with_version
2022-05-03 08:24:04,434 INFO  Dir:   plugin_apt/
2022-05-03 08:24:04,434 INFO  Title: Validate apt plugin remove with version use case
2022-05-03 08:24:04,435 INFO  ==============================================================
2022-05-03 08:24:09,352 INFO  Executed sudo, exit status 0
2022-05-03 08:24:49,033 INFO  Executed sudo<outp_install>, exit status 0, duration 39 secs
2022-05-03 08:24:49,036 INFO  Assert that (value==0) with value=0 ... passed
2022-05-03 08:24:54,648 INFO  Executed sudo<outp_check_0>, exit status 0
2022-05-03 08:24:54,650 INFO  Assert that (value==0) with value=0 ... passed
2022-05-03 08:24:54,655 INFO  Grep on file outp_check_0.out ... passed
2022-05-03 08:25:08,360 INFO  Executed sudo<outp_install>, exit status 0, duration 13 secs
2022-05-03 08:25:08,363 INFO  Assert that (value==0) with value=0 ... passed
2022-05-03 08:25:13,902 INFO  Executed sudo<outp_check_1>, exit status 0
2022-05-03 08:25:13,904 INFO  Assert that (value==0) with value=0 ... passed
2022-05-03 08:25:13,909 INFO  Grep on file outp_check_1.out ... passed
2022-05-03 08:25:13,915 INFO  
2022-05-03 08:25:13,915 INFO  cleanup:
2022-05-03 08:25:18,513 INFO  Executed sudo, exit status 0
2022-05-03 08:25:18,517 INFO  
2022-05-03 08:25:18,517 INFO  Test duration: 74.09 secs
2022-05-03 08:25:18,518 INFO  Test final outcome:  PASSED
2022-05-03 08:25:18,519 INFO  
