2022-04-07 16:44:17,326 INFO  ==============================================================
2022-04-07 16:44:17,327 INFO  Id:    apt_sequence_install_with_version_fail
2022-04-07 16:44:17,328 INFO  Dir:   plugin_apt/
2022-04-07 16:44:17,329 INFO  Title: Validate apt plugin install with version fails use case
2022-04-07 16:44:17,330 DEBUG Execution order hint: 0.0
2022-04-07 16:44:17,331 INFO  ==============================================================
2022-04-07 16:44:17,337 DEBUG Process parameters for sudo
  command line : /usr/bin/sudo /usr/bin/apt-get remove -y rolldice
    arg #1     : /usr/bin/apt-get
    arg #2     : remove
    arg #3     : -y
    arg #4     : rolldice
  working dir  : /home/pi/actions-runner/_work/thin-edge.io/thin-edge.io/tests/PySys/plugin_apt/apt_sequence_install_with_version_fail/Output/linux
  stdout       : None
  stderr       : None
  environment  : LD_LIBRARY_PATH=/usr/lib
  environment  : PATH=/bin:/usr/bin:/usr/sbin:/usr/local/bin
                   #1  /bin
                   #2  /usr/bin
                   #3  /usr/sbin
                   #4  /usr/local/bin
2022-04-07 16:44:17,344 DEBUG Waiting up to 600 secs for process sudo (pid 14159)
2022-04-07 16:44:24,694 INFO  Executed sudo, exit status 0
2022-04-07 16:44:24,698 DEBUG Process parameters for sudo<outp_check_0>
  command line : /usr/bin/sudo /etc/tedge/sm-plugins/apt list
    arg #1     : /etc/tedge/sm-plugins/apt
    arg #2     : list
  working dir  : /home/pi/actions-runner/_work/thin-edge.io/thin-edge.io/tests/PySys/plugin_apt/apt_sequence_install_with_version_fail/Output/linux
  stdout       : /home/pi/actions-runner/_work/thin-edge.io/thin-edge.io/tests/PySys/plugin_apt/apt_sequence_install_with_version_fail/Output/linux/outp_check_0.out
  stderr       : /home/pi/actions-runner/_work/thin-edge.io/thin-edge.io/tests/PySys/plugin_apt/apt_sequence_install_with_version_fail/Output/linux/outp_check_0.err
  environment  : LD_LIBRARY_PATH=/usr/lib
  environment  : PATH=/bin:/usr/bin:/usr/sbin:/usr/local/bin
                   #1  /bin
                   #2  /usr/bin
                   #3  /usr/sbin
                   #4  /usr/local/bin
2022-04-07 16:44:24,706 DEBUG Waiting up to 600 secs for process sudo<outp_check_0> (pid 14164)
2022-04-07 16:44:27,263 INFO  Executed sudo<outp_check_0>, exit status 0
2022-04-07 16:44:27,265 INFO  Assert that (value==0) with value=0 ... passed
2022-04-07 16:44:27,266 DEBUG Performing regex contains=False grep on file: /home/pi/actions-runner/_work/thin-edge.io/thin-edge.io/tests/PySys/plugin_apt/apt_sequence_install_with_version_fail/Output/linux/outp_check_0.out
2022-04-07 16:44:27,291 INFO  Grep on file outp_check_0.out ... passed
2022-04-07 16:44:27,292 DEBUG --- test execute
2022-04-07 16:44:27,294 DEBUG Process parameters for sudo<outp_install>
  command line : /usr/bin/sudo /etc/tedge/sm-plugins/apt install rolldice --module-version 1.16-1+b0
    arg #1     : /etc/tedge/sm-plugins/apt
    arg #2     : install
    arg #3     : rolldice
    arg #4     : --module-version
    arg #5     : 1.16-1+b0
  working dir  : /home/pi/actions-runner/_work/thin-edge.io/thin-edge.io/tests/PySys/plugin_apt/apt_sequence_install_with_version_fail/Output/linux
  stdout       : /home/pi/actions-runner/_work/thin-edge.io/thin-edge.io/tests/PySys/plugin_apt/apt_sequence_install_with_version_fail/Output/linux/outp_install.out
  stderr       : /home/pi/actions-runner/_work/thin-edge.io/thin-edge.io/tests/PySys/plugin_apt/apt_sequence_install_with_version_fail/Output/linux/outp_install.err
  environment  : LD_LIBRARY_PATH=/usr/lib
  environment  : PATH=/bin:/usr/bin:/usr/sbin:/usr/local/bin
                   #1  /bin
                   #2  /usr/bin
                   #3  /usr/sbin
                   #4  /usr/local/bin
2022-04-07 16:44:27,301 DEBUG Waiting up to 600 secs for process sudo<outp_install> (pid 14170)
2022-04-07 16:44:30,625 INFO  Executed sudo<outp_install>, exit status 2
2022-04-07 16:44:30,627 INFO  Assert that (value==2) with value=2 ... passed
2022-04-07 16:44:30,628 DEBUG --- test validate
2022-04-07 16:44:30,632 DEBUG Process parameters for sudo<outp_check_1>
  command line : /usr/bin/sudo /etc/tedge/sm-plugins/apt list
    arg #1     : /etc/tedge/sm-plugins/apt
    arg #2     : list
  working dir  : /home/pi/actions-runner/_work/thin-edge.io/thin-edge.io/tests/PySys/plugin_apt/apt_sequence_install_with_version_fail/Output/linux
  stdout       : /home/pi/actions-runner/_work/thin-edge.io/thin-edge.io/tests/PySys/plugin_apt/apt_sequence_install_with_version_fail/Output/linux/outp_check_1.out
  stderr       : /home/pi/actions-runner/_work/thin-edge.io/thin-edge.io/tests/PySys/plugin_apt/apt_sequence_install_with_version_fail/Output/linux/outp_check_1.err
  environment  : LD_LIBRARY_PATH=/usr/lib
  environment  : PATH=/bin:/usr/bin:/usr/sbin:/usr/local/bin
                   #1  /bin
                   #2  /usr/bin
                   #3  /usr/sbin
                   #4  /usr/local/bin
2022-04-07 16:44:30,640 DEBUG Waiting up to 600 secs for process sudo<outp_check_1> (pid 14175)
2022-04-07 16:44:33,208 INFO  Executed sudo<outp_check_1>, exit status 0
2022-04-07 16:44:33,209 INFO  Assert that (value==0) with value=0 ... passed
2022-04-07 16:44:33,210 DEBUG Performing regex contains=False grep on file: /home/pi/actions-runner/_work/thin-edge.io/thin-edge.io/tests/PySys/plugin_apt/apt_sequence_install_with_version_fail/Output/linux/outp_check_1.out
2022-04-07 16:44:33,218 INFO  Grep on file outp_check_1.out ... passed
2022-04-07 16:44:33,223 DEBUG --- test cleanup
2022-04-07 16:44:33,225 DEBUG ProcessUser cleanup function done.
2022-04-07 16:44:33,228 INFO  
2022-04-07 16:44:33,228 INFO  Test duration: 15.91 secs
2022-04-07 16:44:33,229 INFO  Test final outcome:  PASSED
2022-04-07 16:44:33,230 INFO  
