2022-05-30 09:27:33,683 INFO  ==============================================================
2022-05-30 09:27:33,684 INFO  Id:    apt_install
2022-05-30 09:27:33,685 INFO  Dir:   plugin_apt/
2022-05-30 09:27:33,686 INFO  Title: Validate apt plugin prepare - dense version
2022-05-30 09:27:33,687 INFO  ==============================================================
2022-05-30 09:27:38,326 INFO  Executed sudo, exit status 0
2022-05-30 09:27:40,900 INFO  Executed sudo<outp_check_0>, exit status 0
2022-05-30 09:27:40,902 INFO  Assert that (value==0) with value=0 ... passed
2022-05-30 09:27:40,908 INFO  Grep on file outp_check_0.out ... passed
2022-05-30 09:28:21,299 INFO  Executed sudo<outp_install>, exit status 0, duration 40 secs
2022-05-30 09:28:21,302 INFO  Assert that (value==0) with value=0 ... passed
2022-05-30 09:28:26,927 INFO  Executed sudo<outp_check_1>, exit status 0
2022-05-30 09:28:26,929 INFO  Assert that (value==0) with value=0 ... passed
2022-05-30 09:28:26,935 INFO  Grep on file outp_check_1.out ... passed
2022-05-30 09:28:26,940 INFO  
2022-05-30 09:28:26,941 INFO  cleanup:
2022-05-30 09:28:40,640 INFO  Executed sudo, exit status 0, duration 13 secs
2022-05-30 09:28:40,645 INFO  
2022-05-30 09:28:40,646 INFO  Test duration: 66.97 secs
2022-05-30 09:28:40,647 INFO  Test final outcome:  PASSED
2022-05-30 09:28:40,648 INFO  
