2022-04-28 15:25:30,382 INFO  ==============================================================
2022-04-28 15:25:30,383 INFO  Id:    local_mqtt_pub_sub_retain
2022-04-28 15:25:30,384 INFO  Dir:   local_mqtt/
2022-04-28 15:25:30,385 INFO  Title: Validate local publishing with retain flag
2022-04-28 15:25:30,386 INFO  ==============================================================
2022-04-28 15:25:30,860 INFO  Executed tedge<pub_to_set_alarm>, exit status 0
2022-04-28 15:25:31,270 INFO  Executed tedge<pub_to_set_alarm>, exit status 0
2022-04-28 15:25:32,280 INFO  Started tedge<temp_sensor_sub> with process id 27595
2022-04-28 15:25:32,693 INFO  Executed tedge<pub_to_clear_alarm>, exit status 0
2022-04-28 15:25:34,206 INFO  Executed sudo<kill_out>, exit status 0
2022-04-28 15:25:34,617 INFO  Executed tedge<pub_to_clear_alarm>, exit status 0
2022-04-28 15:25:34,625 INFO  Started tedge<temp_sensor_empty_message> with process id 27600
2022-04-28 15:25:36,138 INFO  Executed sudo<kill_out>, exit status 0
2022-04-28 15:25:36,145 INFO  Grep on file temp_sensor_sub.out ... passed
2022-04-28 15:25:36,150 INFO  Grep on file temp_sensor_sub.out ... passed
2022-04-28 15:25:36,154 INFO  Grep on file temp_sensor_empty_message.out ... passed
2022-04-28 15:25:36,163 INFO  
2022-04-28 15:25:36,164 INFO  Test duration: 5.78 secs
2022-04-28 15:25:36,165 INFO  Test final outcome:  PASSED
2022-04-28 15:25:36,166 INFO  
