2022-04-28 07:45:22,487 INFO  ==============================================================
2022-04-28 07:45:22,488 INFO  Id:    apt_install_local_file_with_version_fail
2022-04-28 07:45:22,489 INFO  Dir:   plugin_apt/
2022-04-28 07:45:22,490 INFO  Title: Validate apt plugin install from local file AND with a version - FAIL case
2022-04-28 07:45:22,491 INFO  ==============================================================
2022-04-28 07:45:24,502 INFO  URL of rolldice is b"'http://mirror.mythic-beasts.com/raspbian/pool/main/r/rolldice/rolldice_1.16-1+b1_armhf.deb'"
2022-04-28 07:45:26,601 INFO  Downloaded rolldcice in version 1.16-1+b1
2022-04-28 07:45:26,602 INFO  Filename is rolldice_1.16-1+b1_armhf.deb
2022-04-28 07:45:40,475 INFO  Executed sudo, exit status 0, duration 13 secs
2022-04-28 07:45:46,087 INFO  Executed sudo<outp_check_0>, exit status 0
2022-04-28 07:45:46,089 INFO  Assert that (value==0) with value=0 ... passed
2022-04-28 07:45:46,095 INFO  Grep on file outp_check_0.out ... passed
2022-04-28 07:45:46,606 INFO  Executed sudo<outp_install>, exit status 5
2022-04-28 07:45:46,608 INFO  Assert that (value==5) with value=5 ... passed
2022-04-28 07:45:49,181 INFO  Executed sudo<outp_check_1>, exit status 0
2022-04-28 07:45:49,183 INFO  Assert that (value==0) with value=0 ... passed
2022-04-28 07:45:49,188 INFO  Grep on file outp_check_1.out ... passed
2022-04-28 07:45:49,193 INFO  
2022-04-28 07:45:49,195 INFO  cleanup:
2022-04-28 07:45:49,198 INFO  
2022-04-28 07:45:49,198 INFO  Test duration: 26.72 secs
2022-04-28 07:45:49,199 INFO  Test final outcome:  PASSED
2022-04-28 07:45:49,200 INFO  
