2022-05-10 13:22:09,145 INFO  ==============================================================
2022-05-10 13:22:09,146 INFO  Id:    c8y_restart_bridge
2022-05-10 13:22:09,147 INFO  Dir:   tedge_connect/
2022-05-10 13:22:09,148 INFO  Title: Bridge restart
2022-05-10 13:22:09,148 INFO  ==============================================================
2022-05-10 13:22:09,155 INFO  EnvironmentC8y Setup
2022-05-10 13:22:09,718 INFO  Executed systemctl<serv_mapper1>, exit status 3
2022-05-10 13:22:27,112 INFO  Executed sudo<tedge_connect_c8y>, exit status 0, duration 17 secs
2022-05-10 13:22:27,725 INFO  Executed sudo<tedge_connect_c8y_test>, exit status 0
2022-05-10 13:22:28,289 INFO  Executed systemctl<serv_mosq2>, exit status 0
2022-05-10 13:22:28,801 INFO  Executed systemctl<serv_mapper3>, exit status 0
2022-05-10 13:22:28,803 INFO  Setup
2022-05-10 13:22:28,804 INFO  Execute (empty in this case as we test the c8y enviroment)
2022-05-10 13:22:29,324 INFO  Executed systemctl<serv_mosq>, exit status 0
2022-05-10 13:22:29,785 INFO  Executed systemctl<serv_mapper4>, exit status 0
2022-05-10 13:22:29,786 INFO  Validate
2022-05-10 13:22:29,793 INFO  Grep on file tedge_connect_c8y.out ... passed
2022-05-10 13:22:29,800 INFO  Grep on file tedge_connect_c8y.out ... passed
2022-05-10 13:22:29,825 INFO  
2022-05-10 13:22:29,825 INFO  cleanup:
2022-05-10 13:22:29,826 INFO  MyCleanup
2022-05-10 13:22:35,240 INFO  Executed sudo<tedge_disconnect_c8y>, exit status 0
2022-05-10 13:22:35,801 INFO  Executed systemctl<serv_mapper5>, exit status 3
2022-05-10 13:22:35,805 INFO  
2022-05-10 13:22:35,806 INFO  Test duration: 26.67 secs
2022-05-10 13:22:35,807 INFO  Test final outcome:  PASSED
2022-05-10 13:22:35,808 INFO  
