2022-05-16 07:58:08,669 INFO  ==============================================================
2022-05-16 07:58:08,670 INFO  Id:    apt_update_list
2022-05-16 07:58:08,671 INFO  Dir:   plugin_apt/
2022-05-16 07:58:08,672 INFO  Title: Validate apt plugin update-list command use case
2022-05-16 07:58:08,673 INFO  ==============================================================
2022-05-16 07:58:16,801 INFO  Executed sudo, exit status 0
2022-05-16 07:59:03,765 INFO  Executed sudo, exit status 0, duration 46 secs
2022-05-16 07:59:11,841 INFO  Executed sudo, exit status 0
2022-05-16 07:59:14,865 INFO  Executed sudo<outp_check_0>, exit status 0
2022-05-16 07:59:14,868 INFO  Assert that (value==0) with value=0 ... passed
2022-05-16 07:59:14,873 INFO  Grep on file outp_check_0.out ... passed
2022-05-16 07:59:17,696 INFO  Executed sudo<outp_check_1>, exit status 0
2022-05-16 07:59:17,698 INFO  Assert that (value==0) with value=0 ... passed
2022-05-16 07:59:17,704 INFO  Grep on file outp_check_1.out ... passed
2022-05-16 07:59:20,578 INFO  Executed sudo<outp_check_2>, exit status 0
2022-05-16 07:59:20,580 INFO  Assert that (value==0) with value=0 ... passed
2022-05-16 07:59:20,607 INFO  Grep on file outp_check_2.out ... passed
2022-05-16 08:00:18,884 INFO  Executed sudo<outp_check_3>, exit status 0
2022-05-16 08:00:18,888 INFO  Assert that (value==0) with value=0 ... passed
2022-05-16 08:00:18,893 INFO  Grep on file outp_check_3.out ... passed
2022-05-16 08:00:21,666 INFO  Executed sudo<outp_check_4>, exit status 0
2022-05-16 08:00:21,669 INFO  Assert that (value==0) with value=0 ... passed
2022-05-16 08:00:21,675 INFO  Grep on file outp_check_4.out ... passed
2022-05-16 08:00:25,111 INFO  Executed sudo<outp_check_5>, exit status 0
2022-05-16 08:00:25,114 INFO  Assert that (value==0) with value=0 ... passed
2022-05-16 08:00:25,119 INFO  Grep on file outp_check_5.out ... passed
2022-05-16 08:00:25,125 INFO  
2022-05-16 08:00:25,126 INFO  cleanup:
2022-05-16 08:00:41,789 INFO  Executed sudo, exit status 0, duration 16 secs
2022-05-16 08:00:49,857 INFO  Executed sudo, exit status 0
2022-05-16 08:01:07,015 INFO  Executed sudo, exit status 0, duration 17 secs
2022-05-16 08:01:07,020 INFO  
2022-05-16 08:01:07,020 INFO  Test duration: 178.36 secs
2022-05-16 08:01:07,022 INFO  Test final outcome:  PASSED
2022-05-16 08:01:07,023 INFO  
