$SYS/broker/version mosquitto version 1.5.7
$SYS/broker/uptime 11 seconds
$SYS/broker/clients/total 7
$SYS/broker/clients/maximum 7
$SYS/broker/clients/inactive 4
$SYS/broker/clients/disconnected 4
$SYS/broker/clients/active 3
$SYS/broker/clients/connected 3
$SYS/broker/clients/expired 0
$SYS/broker/load/messages/received/1min 40.20
$SYS/broker/load/messages/received/5min 8.64
$SYS/broker/load/messages/received/15min 2.92
$SYS/broker/load/messages/sent/1min 40.20
$SYS/broker/load/messages/sent/5min 8.64
$SYS/broker/load/messages/sent/15min 2.92
$SYS/broker/load/publish/dropped/1min 0.00
$SYS/broker/load/publish/dropped/5min 0.00
$SYS/broker/load/publish/dropped/15min 0.00
$SYS/broker/load/publish/received/1min 9.14
$SYS/broker/load/publish/received/5min 1.96
$SYS/broker/load/publish/received/15min 0.66
$SYS/broker/load/publish/sent/1min 0.00
$SYS/broker/load/publish/sent/5min 0.00
$SYS/broker/load/publish/sent/15min 0.00
$SYS/broker/load/bytes/received/1min 3980.94
$SYS/broker/load/bytes/received/5min 855.62
$SYS/broker/load/bytes/received/15min 288.70
$SYS/broker/load/bytes/sent/1min 2742.89
$SYS/broker/load/bytes/sent/5min 589.53
$SYS/broker/load/bytes/sent/15min 198.92
$SYS/broker/load/sockets/1min 2.74
$SYS/broker/load/sockets/5min 0.59
$SYS/broker/load/sockets/15min 0.20
$SYS/broker/load/connections/1min 2.74
$SYS/broker/load/connections/5min 0.59
$SYS/broker/load/connections/15min 0.20
$SYS/broker/messages/stored 53
$SYS/broker/messages/received 44
$SYS/broker/messages/sent 44
$SYS/broker/store/messages/count 53
$SYS/broker/store/messages/bytes 195
$SYS/broker/subscriptions/count 36
$SYS/broker/retained messages/count 53
$SYS/broker/heap/current 52592
$SYS/broker/heap/maximum 54820
$SYS/broker/publish/messages/dropped 0
$SYS/broker/publish/messages/received 10
$SYS/broker/publish/messages/sent 0
$SYS/broker/publish/bytes/received 3522
$SYS/broker/publish/bytes/sent 2535
$SYS/broker/bytes/received 4357
$SYS/broker/bytes/sent 3002
$SYS/broker/uptime 22 seconds
$SYS/broker/clients/total 9
$SYS/broker/clients/maximum 9
$SYS/broker/clients/inactive 2
$SYS/broker/clients/disconnected 2
$SYS/broker/clients/active 7
$SYS/broker/clients/connected 7
$SYS/broker/load/messages/received/1min 1922.97
$SYS/broker/load/messages/sent/1min 1173.75
$SYS/broker/load/publish/received/1min 1344.33
$SYS/broker/load/publish/sent/1min 47.51
$SYS/broker/load/bytes/received/1min 199744.13
$SYS/broker/load/bytes/sent/1min 150621.52
$SYS/broker/load/sockets/1min 7.76
$SYS/broker/load/connections/1min 7.76
$SYS/broker/load/messages/received/5min 414.44
$SYS/broker/load/messages/sent/5min 253.41
$SYS/broker/load/publish/received/5min 289.19
$SYS/broker/load/publish/sent/5min 10.21
$SYS/broker/load/bytes/received/5min 43043.28
$SYS/broker/load/bytes/sent/5min 32450.42
$SYS/broker/load/sockets/5min 1.75
$SYS/broker/load/connections/5min 1.75
$SYS/broker/load/messages/received/15min 139.91
$SYS/broker/load/messages/sent/15min 85.57
$SYS/broker/load/publish/received/15min 97.59
$SYS/broker/load/publish/sent/15min 3.45
$SYS/broker/load/bytes/received/15min 14530.36
$SYS/broker/load/bytes/sent/15min 10954.02
$SYS/broker/load/sockets/15min 0.59
$SYS/broker/load/connections/15min 0.59
$SYS/broker/messages/stored 56
$SYS/broker/store/messages/count 56
$SYS/broker/store/messages/bytes 1021
$SYS/broker/subscriptions/count 38
$SYS/broker/heap/current 57400
$SYS/broker/heap/maximum 57596
$SYS/broker/messages/received 2112
$SYS/broker/messages/sent 1292
$SYS/broker/publish/messages/received 1473
$SYS/broker/publish/messages/sent 52
$SYS/broker/bytes/received 219343
$SYS/broker/bytes/sent 165353
$SYS/broker/publish/bytes/received 161006
$SYS/broker/publish/bytes/sent 142066
$SYS/broker/uptime 33 seconds
$SYS/broker/load/messages/received/1min 4783.23
$SYS/broker/load/messages/sent/1min 2971.72
$SYS/broker/load/publish/received/1min 3323.87
$SYS/broker/load/publish/sent/1min 80.67
$SYS/broker/load/bytes/received/1min 507259.61
$SYS/broker/load/bytes/sent/1min 389333.41
$SYS/broker/load/sockets/1min 6.46
$SYS/broker/load/connections/1min 6.46
$SYS/broker/load/messages/received/5min 1083.50
$SYS/broker/load/messages/sent/5min 672.98
$SYS/broker/load/publish/received/5min 752.64
$SYS/broker/load/publish/sent/5min 18.68
$SYS/broker/load/bytes/received/5min 114778.84
$SYS/broker/load/bytes/sent/5min 88010.94
$SYS/broker/load/sockets/5min 1.68
$SYS/broker/load/connections/5min 1.68
$SYS/broker/load/messages/received/15min 368.99
$SYS/broker/load/messages/sent/15min 229.18
$SYS/broker/load/publish/received/15min 256.30
$SYS/broker/load/publish/sent/15min 6.39
$SYS/broker/load/bytes/received/15min 39081.43
$SYS/broker/load/bytes/sent/15min 29962.14
$SYS/broker/messages/stored 55
$SYS/broker/store/messages/count 55
$SYS/broker/store/messages/bytes 727
$SYS/broker/heap/current 56996
$SYS/broker/heap/maximum 59760
$SYS/broker/messages/received 5595
$SYS/broker/messages/sent 3475
$SYS/broker/publish/messages/received 3886
$SYS/broker/publish/messages/sent 97
$SYS/broker/bytes/received 592528
$SYS/broker/bytes/sent 454229
$SYS/broker/publish/bytes/received 439899
$SYS/broker/publish/bytes/sent 391379
$SYS/broker/uptime 44 seconds
$SYS/broker/load/messages/received/1min 7171.68
$SYS/broker/load/messages/sent/1min 4469.42
$SYS/broker/load/publish/received/1min 4976.39
$SYS/broker/load/publish/sent/1min 100.05
$SYS/broker/load/bytes/received/1min 764596.43
$SYS/broker/load/bytes/sent/1min 588927.74
$SYS/broker/load/sockets/1min 5.38
$SYS/broker/load/connections/1min 5.38
$SYS/broker/load/messages/received/5min 1730.05
$SYS/broker/load/messages/sent/5min 1077.64
$SYS/broker/load/publish/received/5min 1200.39
$SYS/broker/load/publish/sent/5min 25.08
$SYS/broker/load/bytes/received/5min 184218.24
$SYS/broker/load/bytes/sent/5min 141757.89
$SYS/broker/load/sockets/5min 1.62
$SYS/broker/load/connections/5min 1.62
$SYS/broker/load/messages/received/15min 595.83
$SYS/broker/load/messages/sent/15min 371.11
$SYS/broker/load/publish/received/15min 413.40
$SYS/broker/load/publish/sent/15min 8.69
$SYS/broker/load/bytes/received/15min 63430.93
$SYS/broker/load/bytes/sent/15min 48802.37
$SYS/broker/messages/stored 56
$SYS/broker/store/messages/count 56
$SYS/broker/store/messages/bytes 1045
$SYS/broker/heap/current 57524
$SYS/broker/messages/received 9086
$SYS/broker/messages/sent 5659
$SYS/broker/publish/messages/received 6304
$SYS/broker/publish/messages/sent 133
$SYS/broker/bytes/received 967172
$SYS/broker/bytes/sent 744056
$SYS/broker/publish/bytes/received 720063
$SYS/broker/publish/bytes/sent 641770
$SYS/broker/uptime 55 seconds
$SYS/broker/load/messages/received/1min 9164.61
$SYS/broker/load/messages/sent/1min 5718.07
$SYS/broker/load/publish/received/1min 6353.92
$SYS/broker/load/publish/sent/1min 115.27
$SYS/broker/load/bytes/received/1min 979211.57
$SYS/broker/load/bytes/sent/1min 755558.69
$SYS/broker/load/sockets/1min 4.48
$SYS/broker/load/connections/1min 4.48
$SYS/broker/load/messages/received/5min 2354.30
$SYS/broker/load/messages/sent/5min 1468.12
$SYS/broker/load/publish/received/5min 1632.40
$SYS/broker/load/publish/sent/5min 31.05
$SYS/broker/load/bytes/received/5min 251240.33
$SYS/broker/load/bytes/sent/5min 193670.95
$SYS/broker/load/sockets/5min 1.56
$SYS/broker/load/connections/5min 1.56
$SYS/broker/load/messages/received/15min 820.24
$SYS/broker/load/messages/sent/15min 511.45
$SYS/broker/load/publish/received/15min 568.73
$SYS/broker/load/publish/sent/15min 10.91
$SYS/broker/load/bytes/received/15min 87512.53
$SYS/broker/load/bytes/sent/15min 67447.85
$SYS/broker/messages/stored 55
$SYS/broker/store/messages/count 55
$SYS/broker/store/messages/bytes 897
$SYS/broker/heap/current 57200
$SYS/broker/messages/received 12582
$SYS/broker/messages/sent 7845
$SYS/broker/publish/messages/received 8724
$SYS/broker/publish/messages/sent 168
$SYS/broker/bytes/received 1342237
$SYS/broker/bytes/sent 1034398
$SYS/broker/publish/bytes/received 1000548
$SYS/broker/publish/bytes/sent 892637
$SYS/broker/uptime 66 seconds
$SYS/broker/load/messages/received/1min 10805.43
$SYS/broker/load/messages/sent/1min 6741.11
$SYS/broker/load/publish/received/1min 7491.57
$SYS/broker/load/publish/sent/1min 127.94
$SYS/broker/load/bytes/received/1min 1155711.23
$SYS/broker/load/bytes/sent/1min 891815.00
$SYS/broker/load/sockets/1min 3.73
$SYS/broker/load/connections/1min 3.73
$SYS/broker/load/messages/received/5min 2952.15
$SYS/broker/load/messages/sent/5min 1841.01
$SYS/broker/load/publish/received/5min 2046.90
$SYS/broker/load/publish/sent/5min 36.80
$SYS/broker/load/bytes/received/5min 315384.03
$SYS/broker/load/bytes/sent/5min 243185.76
$SYS/broker/load/sockets/5min 1.51
$SYS/broker/load/connections/5min 1.51
$SYS/broker/load/messages/received/15min 1040.60
$SYS/broker/load/messages/sent/15min 648.89
$SYS/broker/load/publish/received/15min 721.51
$SYS/broker/load/publish/sent/15min 13.09
$SYS/broker/load/bytes/received/15min 111144.55
$SYS/broker/load/bytes/sent/15min 85688.26
$SYS/broker/messages/stored 56
$SYS/broker/store/messages/count 56
$SYS/broker/store/messages/bytes 1055
$SYS/broker/heap/current 57528
$SYS/broker/messages/received 16058
$SYS/broker/messages/sent 10013
$SYS/broker/publish/messages/received 11134
$SYS/broker/publish/messages/sent 203
$SYS/broker/bytes/received 1714932
$SYS/broker/bytes/sent 1322045
$SYS/broker/publish/bytes/received 1279080
$SYS/broker/publish/bytes/sent 1141156
$SYS/broker/uptime 77 seconds
$SYS/broker/load/messages/received/1min 12166.83
$SYS/broker/load/messages/sent/1min 7573.60
$SYS/broker/load/publish/received/1min 8439.56
$SYS/broker/load/publish/sent/1min 138.49
$SYS/broker/load/bytes/received/1min 1300258.07
$SYS/broker/load/bytes/sent/1min 1002323.31
$SYS/broker/load/sockets/1min 3.10
$SYS/broker/load/connections/1min 3.10
$SYS/broker/load/messages/received/5min 3527.49
$SYS/broker/load/messages/sent/5min 2196.35
$SYS/broker/load/publish/received/5min 2446.68
$SYS/broker/load/publish/sent/5min 42.35
$SYS/broker/load/bytes/received/5min 376705.25
$SYS/broker/load/bytes/sent/5min 290289.50
$SYS/broker/load/sockets/5min 1.45
$SYS/broker/load/connections/5min 1.45
$SYS/broker/load/messages/received/15min 1257.95
$SYS/broker/load/messages/sent/15min 783.27
$SYS/broker/load/publish/received/15min 872.50
$SYS/broker/load/publish/sent/15min 15.25
$SYS/broker/load/bytes/received/15min 134316.36
$SYS/broker/load/bytes/sent/15min 103495.05
$SYS/broker/messages/stored 54
$SYS/broker/store/messages/count 54
$SYS/broker/store/messages/bytes 594
$SYS/broker/heap/current 56724
$SYS/broker/messages/received 19529
$SYS/broker/messages/sent 12160
$SYS/broker/publish/messages/received 13545
$SYS/broker/publish/messages/sent 238
$SYS/broker/bytes/received 2085014
$SYS/broker/bytes/sent 1606492
$SYS/broker/publish/bytes/received 1554772
$SYS/broker/publish/bytes/sent 1386899
$SYS/broker/uptime 88 seconds
$SYS/broker/load/messages/received/1min 13301.09
$SYS/broker/load/messages/sent/1min 8281.26
$SYS/broker/load/publish/received/1min 9226.01
$SYS/broker/load/publish/sent/1min 147.27
$SYS/broker/load/bytes/received/1min 1422313.35
$SYS/broker/load/bytes/sent/1min 1096769.11
$SYS/broker/load/sockets/1min 2.58
$SYS/broker/load/connections/1min 2.58
$SYS/broker/load/messages/received/5min 4082.31
$SYS/broker/load/messages/sent/5min 2542.05
$SYS/broker/load/publish/received/5min 2831.47
$SYS/broker/load/publish/sent/5min 47.70
$SYS/broker/load/bytes/received/5min 436188.73
$SYS/broker/load/bytes/sent/5min 336223.68
$SYS/broker/load/sockets/5min 1.40
$SYS/broker/load/connections/5min 1.40
$SYS/broker/load/messages/received/15min 1472.73
$SYS/broker/load/messages/sent/15min 917.08
$SYS/broker/load/publish/received/15min 1021.46
$SYS/broker/load/publish/sent/15min 17.39
$SYS/broker/load/bytes/received/15min 157331.51
$SYS/broker/load/bytes/sent/15min 121263.11
$SYS/broker/heap/current 56600
$SYS/broker/messages/received 23001
$SYS/broker/messages/sent 14323
$SYS/broker/publish/messages/received 15953
$SYS/broker/publish/messages/sent 273
$SYS/broker/bytes/received 2456980
$SYS/broker/bytes/sent 1893619
$SYS/broker/publish/bytes/received 1832629
$SYS/broker/publish/bytes/sent 1634973
$SYS/broker/uptime 99 seconds
$SYS/broker/load/messages/received/1min 14263.63
$SYS/broker/load/messages/sent/1min 8886.82
$SYS/broker/load/publish/received/1min 9890.78
$SYS/broker/load/publish/sent/1min 151.84
$SYS/broker/load/bytes/received/1min 1526520.84
$SYS/broker/load/bytes/sent/1min 1177749.85
$SYS/broker/load/sockets/1min 2.15
$SYS/broker/load/connections/1min 2.15
$SYS/broker/load/messages/received/5min 4621.09
$SYS/broker/load/messages/sent/5min 2878.82
$SYS/broker/load/publish/received/5min 3204.56
$SYS/broker/load/publish/sent/5min 52.27
$SYS/broker/load/bytes/received/5min 494088.96
$SYS/broker/load/bytes/sent/5min 381010.37
$SYS/broker/load/sockets/5min 1.35
$SYS/broker/load/connections/5min 1.35
$SYS/broker/load/messages/received/15min 1686.22
$SYS/broker/load/messages/sent/15min 1050.45
$SYS/broker/load/publish/received/15min 1169.34
$SYS/broker/load/publish/sent/15min 19.30
$SYS/broker/load/bytes/received/15min 180255.46
$SYS/broker/load/bytes/sent/15min 138986.14
$SYS/broker/messages/stored 56
$SYS/broker/store/messages/count 56
$SYS/broker/store/messages/bytes 1062
$SYS/broker/heap/current 57532
$SYS/broker/heap/maximum 60728
$SYS/broker/messages/received 26493
$SYS/broker/messages/sent 16504
$SYS/broker/publish/messages/received 18372
$SYS/broker/publish/messages/sent 305
$SYS/broker/bytes/received 2831789
$SYS/broker/bytes/sent 2183324
$SYS/broker/publish/bytes/received 2112933
$SYS/broker/publish/bytes/sent 1885369
$SYS/broker/uptime 110 seconds
$SYS/broker/load/messages/received/1min 15053.97
$SYS/broker/load/messages/sent/1min 9382.73
$SYS/broker/load/publish/received/1min 10437.80
$SYS/broker/load/publish/sent/1min 159.30
$SYS/broker/load/bytes/received/1min 1611756.78
$SYS/broker/load/bytes/sent/1min 1243808.72
$SYS/broker/load/sockets/1min 1.79
$SYS/broker/load/connections/1min 1.79
$SYS/broker/load/messages/received/5min 5138.11
$SYS/broker/load/messages/sent/5min 3201.71
$SYS/broker/load/publish/received/5min 3562.85
$SYS/broker/load/publish/sent/5min 57.46
$SYS/broker/load/bytes/received/5min 549578.83
$SYS/broker/load/bytes/sent/5min 423893.01
$SYS/broker/load/sockets/5min 1.30
$SYS/broker/load/connections/5min 1.30
$SYS/broker/load/messages/received/15min 1896.32
$SYS/broker/load/messages/sent/15min 1181.61
$SYS/broker/load/publish/received/15min 1314.95
$SYS/broker/load/publish/sent/15min 21.45
$SYS/broker/load/bytes/received/15min 202791.01
$SYS/broker/load/bytes/sent/15min 156395.48
$SYS/broker/store/messages/bytes 1065
$SYS/broker/heap/current 57468
$SYS/broker/messages/received 29973
$SYS/broker/messages/sent 18676
$SYS/broker/publish/messages/received 20784
$SYS/broker/publish/messages/sent 341
$SYS/broker/bytes/received 3204939
$SYS/broker/bytes/sent 2471544
$SYS/broker/publish/bytes/received 2391824
$SYS/broker/publish/bytes/sent 2134366
$SYS/broker/uptime 121 seconds
$SYS/broker/load/messages/received/1min 15708.27
$SYS/broker/load/messages/sent/1min 9789.16
$SYS/broker/load/publish/received/1min 10891.35
$SYS/broker/load/publish/sent/1min 162.76
$SYS/broker/load/bytes/received/1min 1682174.00
$SYS/broker/load/bytes/sent/1min 1298227.41
$SYS/broker/load/sockets/1min 1.49
$SYS/broker/load/connections/1min 1.49
$SYS/broker/load/messages/received/5min 5635.74
$SYS/broker/load/messages/sent/5min 3511.60
$SYS/broker/load/publish/received/5min 3907.85
$SYS/broker/load/publish/sent/5min 61.87
$SYS/broker/load/bytes/received/5min 602954.67
$SYS/broker/load/bytes/sent/5min 465108.23
$SYS/broker/load/sockets/5min 1.26
$SYS/broker/load/connections/5min 1.26
$SYS/broker/load/messages/received/15min 2103.61
$SYS/broker/load/messages/sent/15min 1310.71
$SYS/broker/load/publish/received/15min 1458.67
$SYS/broker/load/publish/sent/15min 23.37
$SYS/broker/load/bytes/received/15min 225013.57
$SYS/broker/load/bytes/sent/15min 173551.66
$SYS/broker/heap/current 57392
$SYS/broker/messages/received 33449
$SYS/broker/messages/sent 20841
$SYS/broker/publish/messages/received 23194
$SYS/broker/publish/messages/sent 374
$SYS/broker/bytes/received 3577497
$SYS/broker/bytes/sent 2759135
$SYS/broker/publish/bytes/received 2670198
$SYS/broker/publish/bytes/sent 2382900
$SYS/broker/uptime 132 seconds
$SYS/broker/load/messages/received/1min 16262.10
$SYS/broker/load/messages/sent/1min 10134.83
$SYS/broker/load/publish/received/1min 11271.68
$SYS/broker/load/publish/sent/1min 164.74
$SYS/broker/load/bytes/received/1min 1741642.67
$SYS/broker/load/bytes/sent/1min 1344161.81
$SYS/broker/load/sockets/1min 1.24
$SYS/broker/load/connections/1min 1.24
$SYS/broker/load/messages/received/5min 6117.41
$SYS/broker/load/messages/sent/5min 3811.90
$SYS/broker/load/publish/received/5min 4241.02
$SYS/broker/load/publish/sent/5min 65.92
$SYS/broker/load/bytes/received/5min 654590.88
$SYS/broker/load/bytes/sent/5min 504975.30
$SYS/broker/load/sockets/5min 1.21
$SYS/broker/load/connections/5min 1.21
$SYS/broker/load/messages/received/15min 2309.04
$SYS/broker/load/messages/sent/15min 1438.77
$SYS/broker/load/publish/received/15min 1600.83
$SYS/broker/load/publish/sent/15min 25.21
$SYS/broker/load/bytes/received/15min 247027.60
$SYS/broker/load/bytes/sent/15min 190545.21
$SYS/broker/messages/stored 55
$SYS/broker/store/messages/count 55
$SYS/broker/store/messages/bytes 751
$SYS/broker/heap/current 57016
$SYS/broker/messages/received 36935
$SYS/broker/messages/sent 23014
$SYS/broker/publish/messages/received 25607
$SYS/broker/publish/messages/sent 406
$SYS/broker/bytes/received 3950982
$SYS/broker/bytes/sent 3047417
$SYS/broker/publish/bytes/received 2949368
$SYS/broker/publish/bytes/sent 2632055
$SYS/broker/uptime 143 seconds
$SYS/broker/clients/total 8
$SYS/broker/clients/inactive 3
$SYS/broker/clients/disconnected 3
$SYS/broker/clients/active 5
$SYS/broker/clients/connected 5
$SYS/broker/load/messages/received/1min 15912.72
$SYS/broker/load/messages/sent/1min 9811.34
$SYS/broker/load/publish/received/1min 11083.94
$SYS/broker/load/publish/sent/1min 169.12
$SYS/broker/load/bytes/received/1min 1695720.59
$SYS/broker/load/bytes/sent/1min 1300560.03
$SYS/broker/load/sockets/1min 1.03
$SYS/broker/load/connections/1min 1.03
$SYS/broker/load/messages/received/5min 6407.55
$SYS/broker/load/messages/sent/5min 3970.02
$SYS/broker/load/publish/received/5min 4453.79
$SYS/broker/load/publish/sent/5min 70.42
$SYS/broker/load/bytes/received/5min 683857.58
$SYS/broker/load/bytes/sent/5min 525816.91
$SYS/broker/load/sockets/5min 1.17
$SYS/broker/load/connections/5min 1.17
$SYS/broker/load/messages/received/15min 2453.20
$SYS/broker/load/messages/sent/15min 1520.95
$SYS/broker/load/publish/received/15min 1704.70
$SYS/broker/load/publish/sent/15min 27.22
$SYS/broker/load/bytes/received/15min 261853.65
$SYS/broker/load/bytes/sent/15min 201397.14
$SYS/broker/messages/stored 53
$SYS/broker/store/messages/count 53
$SYS/broker/store/messages/bytes 283
$SYS/broker/subscriptions/count 37
$SYS/broker/heap/current 55952
$SYS/broker/messages/received 39534
$SYS/broker/messages/sent 24518
$SYS/broker/publish/messages/received 27468
$SYS/broker/publish/messages/sent 441
$SYS/broker/bytes/received 4220023
$SYS/broker/bytes/sent 3246126
$SYS/broker/publish/bytes/received 3145263
$SYS/broker/publish/bytes/sent 2803413
$SYS/broker/version mosquitto version 1.5.7
$SYS/broker/uptime 0 seconds
$SYS/broker/clients/total 6
$SYS/broker/clients/maximum 6
$SYS/broker/clients/inactive 6
$SYS/broker/clients/disconnected 6
$SYS/broker/clients/active 0
$SYS/broker/clients/connected 0
$SYS/broker/clients/expired 0
$SYS/broker/load/messages/received/1min 0.00
$SYS/broker/load/messages/received/5min 0.00
$SYS/broker/load/messages/received/15min 0.00
$SYS/broker/load/messages/sent/1min 0.00
$SYS/broker/load/messages/sent/5min 0.00
$SYS/broker/load/messages/sent/15min 0.00
$SYS/broker/load/publish/dropped/1min 0.00
$SYS/broker/load/publish/dropped/5min 0.00
$SYS/broker/load/publish/dropped/15min 0.00
$SYS/broker/load/publish/received/1min 0.00
$SYS/broker/load/publish/received/5min 0.00
$SYS/broker/load/publish/received/15min 0.00
$SYS/broker/load/publish/sent/1min 0.00
$SYS/broker/load/publish/sent/5min 0.00
$SYS/broker/load/publish/sent/15min 0.00
$SYS/broker/load/bytes/received/1min 0.00
$SYS/broker/load/bytes/received/5min 0.00
$SYS/broker/load/bytes/received/15min 0.00
$SYS/broker/load/bytes/sent/1min 0.00
$SYS/broker/load/bytes/sent/5min 0.00
$SYS/broker/load/bytes/sent/15min 0.00
$SYS/broker/load/sockets/1min 0.00
$SYS/broker/load/sockets/5min 0.00
$SYS/broker/load/sockets/15min 0.00
$SYS/broker/load/connections/1min 0.00
$SYS/broker/load/connections/5min 0.00
$SYS/broker/load/connections/15min 0.00
$SYS/broker/messages/stored 37
$SYS/broker/messages/received 0
$SYS/broker/messages/sent 0
$SYS/broker/store/messages/count 37
$SYS/broker/store/messages/bytes 152
$SYS/broker/subscriptions/count 35
$SYS/broker/retained messages/count 41
$SYS/broker/heap/current 45048
$SYS/broker/heap/maximum 45788
$SYS/broker/publish/messages/dropped 0
$SYS/broker/publish/messages/received 0
$SYS/broker/publish/messages/sent 0
$SYS/broker/publish/bytes/received 0
$SYS/broker/publish/bytes/sent 0
$SYS/broker/bytes/received 0
$SYS/broker/bytes/sent 0
