2022-04-12 10:14:20,717 INFO  ==============================================================
2022-04-12 10:14:20,718 INFO  Id:    publish_sawmill_record_statistics_long
2022-04-12 10:14:20,719 INFO  Title: Publish sawmill and record process statistics long version
2022-04-12 10:14:20,720 INFO  ==============================================================
2022-04-12 10:14:20,753 INFO  EnvironmentC8y Setup
2022-04-12 10:14:21,317 INFO  Executed systemctl<serv_mapper1>, exit status 3
2022-04-12 10:14:21,424 INFO  Restarting mosquitto too frequently in the last 10 seconds. It was only up for 4 seconds
2022-04-12 10:14:21,425 INFO  Delaying execution by 7 seconds
2022-04-12 10:14:42,440 INFO  Executed sudo<tedge_connect_c8y>, exit status 0, duration 14 secs
2022-04-12 10:14:43,069 INFO  Executed sudo<tedge_connect_c8y_test>, exit status 0
2022-04-12 10:14:43,533 INFO  Executed systemctl<serv_mosq2>, exit status 0
2022-04-12 10:14:43,996 INFO  Executed systemctl<serv_mapper3>, exit status 0
2022-04-12 10:14:43,998 INFO  Setup
2022-04-12 10:14:43,999 INFO  Execute
2022-04-12 10:14:44,927 INFO  Executed sudo<collectd_out>, exit status 0
2022-04-12 10:14:44,957 INFO  Started mosquitto_sub_stdout with process id 9408
2022-04-12 10:16:49,222 INFO  Executed sawtooth_publisher<stdout_sawmill>, exit status 0, duration 124 secs
2022-04-12 10:16:49,744 INFO  Executed systemctl<serv_mosq>, exit status 0
2022-04-12 10:16:50,264 INFO  Executed systemctl<serv_mapper4>, exit status 0
2022-04-12 10:16:50,306 INFO  Grep on input file mosquitto_sub_stdout.out ... passed
2022-04-12 10:16:50,315 INFO  
2022-04-12 10:16:50,316 INFO  cleanup:
2022-04-12 10:16:50,316 INFO  My Cleanup
2022-04-12 10:16:51,584 INFO  Executed sudo<collectd_out>, exit status 0
2022-04-12 10:16:51,588 INFO  Exporting data from /var/lib/collectd/rrd/mythicc/exec/gauge-mapper-c8y-size.rrd
2022-04-12 10:16:51,676 INFO  Exporting data from /var/lib/collectd/rrd/mythicc/exec/gauge-mosquitto-data.rrd
2022-04-12 10:16:51,789 INFO  Exporting data from /var/lib/collectd/rrd/mythicc/exec/gauge-mosquitto-resident.rrd
2022-04-12 10:16:51,906 INFO  Exporting data from /var/lib/collectd/rrd/mythicc/exec/gauge-mapper-c8y-resident.rrd
2022-04-12 10:16:52,016 INFO  Exporting data from /var/lib/collectd/rrd/mythicc/exec/gauge-mosquitto-utime.rrd
2022-04-12 10:16:52,127 INFO  Exporting data from /var/lib/collectd/rrd/mythicc/exec/gauge-mosquitto-shared.rrd
2022-04-12 10:16:52,236 INFO  Exporting data from /var/lib/collectd/rrd/mythicc/exec/gauge-mosquitto-size.rrd
2022-04-12 10:16:52,344 INFO  Exporting data from /var/lib/collectd/rrd/mythicc/exec/gauge-mapper-c8y-utime.rrd
2022-04-12 10:16:52,454 INFO  Exporting data from /var/lib/collectd/rrd/mythicc/exec/gauge-mapper-c8y-stime.rrd
2022-04-12 10:16:52,562 INFO  Exporting data from /var/lib/collectd/rrd/mythicc/exec/gauge-mosquitto-text.rrd
2022-04-12 10:16:52,675 INFO  Exporting data from /var/lib/collectd/rrd/mythicc/exec/gauge-mosquitto-stime.rrd
2022-04-12 10:16:52,782 INFO  Exporting data from /var/lib/collectd/rrd/mythicc/exec/gauge-mapper-c8y-data.rrd
2022-04-12 10:16:52,890 INFO  Exporting data from /var/lib/collectd/rrd/mythicc/exec/gauge-mapper-c8y-text.rrd
2022-04-12 10:16:52,995 INFO  Exporting data from /var/lib/collectd/rrd/mythicc/exec/gauge-mapper-c8y-shared.rrd
2022-04-12 10:16:57,235 INFO  Executed sudo<tedge_disconnect_c8y>, exit status 0
2022-04-12 10:16:57,804 INFO  Executed systemctl<serv_mapper5>, exit status 3
2022-04-12 10:16:57,859 INFO  
2022-04-12 10:16:57,860 INFO  Test duration: 157.15 secs
2022-04-12 10:16:57,861 INFO  Test final outcome:  PASSED
2022-04-12 10:16:57,862 INFO  
