2022-05-10 19:47:53,059 INFO  ==============================================================
2022-05-10 19:47:53,059 INFO  Id:    SoftwareManagement.sm_apt_install_fail
2022-05-10 19:47:53,059 INFO  Dir:   software_management_end_to_end/
2022-05-10 19:47:53,059 INFO  Title: Validate end to end behaviour for a failing installation
2022-05-10 19:47:53,060 INFO  ==============================================================
2022-05-10 19:47:53,060 INFO  Using sw id database: {'asciijump': '5475369', 'robotfindskitten': '5474869', 'squirrel3': '5475279', 'rolldice': '5152439', 'moon-buggy': '5439204', 'apple': '5495053', 'banana': '5494888', 'cherry': '5495382', 'watermelon': '5494510', 'registry': '8018911', 'hello-world': '8021526', 'docker/getting-started': '8021973', 'alpine': '7991792'}
2022-05-10 19:47:53,060 INFO  EnvironmentC8y Setup
2022-05-10 19:47:53,163 INFO  Executed systemctl<serv_mapper1>, exit status 3
2022-05-10 19:47:53,177 INFO  Restarting mosquitto too frequently in the last 10 seconds. It was only up for 1 seconds
2022-05-10 19:47:53,177 INFO  Delaying execution by 10 seconds
2022-05-10 19:48:20,759 INFO  Executed sudo<tedge_connect_c8y>, exit status 0, duration 17 secs
2022-05-10 19:48:20,912 INFO  Executed sudo<tedge_connect_c8y_test>, exit status 0
2022-05-10 19:48:21,015 INFO  Executed systemctl<serv_mosq2>, exit status 0
2022-05-10 19:48:21,118 INFO  Executed systemctl<serv_mapper3>, exit status 0
2022-05-10 19:48:23,238 INFO  State of current operation: SUCCESSFUL
2022-05-10 19:48:23,364 INFO  Response status: 201
2022-05-10 19:48:23,365 INFO  Response to action: {
    "creationTime": "2022-05-10T19:48:23.324Z",
    "deviceName": "ubuntu-2gb-hel1-4-thin-edge-a",
    "deviceId": "18719823",
    "self": "https://t493319102.eu-latest.cumulocity.com/devicecontrol/operations/18745834",
    "id": "18745834",
    "status": "PENDING",
    "description": "Apply software changes, triggered from PySys: [{'name': 'does_not_exist', 'id': '5446165', 'version': '::apt', 'url': '', 'action': 'install'}]",
    "c8y_SoftwareUpdate": [
        {
            "name": "does_not_exist",
            "action": "install",
            "id": "5446165",
            "version": "::apt",
            "url": ""
        }
    ]
}
2022-05-10 19:48:23,365 INFO  Started operation: {'creationTime': '2022-05-10T19:48:23.324Z', 'deviceName': 'ubuntu-2gb-hel1-4-thin-edge-a', 'deviceId': '18719823', 'self': 'https://t493319102.eu-latest.cumulocity.com/devicecontrol/operations/18745834', 'id': '18745834', 'status': 'PENDING', 'description': "Apply software changes, triggered from PySys: [{'name': 'does_not_exist', 'id': '5446165', 'version': '::apt', 'url': '', 'action': 'install'}]", 'c8y_SoftwareUpdate': [{'name': 'does_not_exist', 'action': 'install', 'id': '5446165', 'version': '::apt', 'url': ''}]}
2022-05-10 19:48:25,475 INFO  State of operation 18745834 : EXECUTING
2022-05-10 19:48:27,585 INFO  State of operation 18745834 : FAILED
2022-05-10 19:48:27,719 INFO  Assert that (False == value) with value=False ... passed
2022-05-10 19:48:27,720 INFO  
2022-05-10 19:48:27,720 INFO  cleanup:
2022-05-10 19:48:38,674 INFO  Executed sudo<tedge_disconnect_c8y>, exit status 0
2022-05-10 19:48:38,776 INFO  Executed systemctl<serv_mapper5>, exit status 3
2022-05-10 19:48:38,777 INFO  
2022-05-10 19:48:38,777 INFO  Test duration: 45.71 secs
2022-05-10 19:48:38,777 INFO  Test final outcome:  PASSED
2022-05-10 19:48:38,777 INFO  
