2022-04-28 16:21:41,333 INFO  ==============================================================
2022-04-28 16:21:41,334 INFO  Id:    docker_plugin_remove
2022-04-28 16:21:41,335 INFO  Dir:   plugin_docker/
2022-04-28 16:21:41,336 INFO  Title: Validate docker plugin remove
2022-04-28 16:21:41,337 INFO  ==============================================================
2022-04-28 16:21:42,155 INFO  Executed sudo<docker_images>, exit status 0
2022-04-28 16:21:42,161 INFO  Grep on file /home/pi/actions-runner/_work/thin-edge.io/thin-edge.io/tests/PySys/plugin_docker/docker_plugin_remove/Output/linux/docker_images.out ... passed
2022-04-28 16:22:04,313 INFO  Executed sudo<docker_run>, exit status 0, duration 22 secs
2022-04-28 16:22:05,536 INFO  Executed sudo<docker_ps>, exit status 0
2022-04-28 16:22:05,541 INFO  Grep on file /home/pi/actions-runner/_work/thin-edge.io/thin-edge.io/tests/PySys/plugin_docker/docker_plugin_remove/Output/linux/docker_ps.out ... passed
2022-04-28 16:22:09,239 INFO  Executed sudo<plugin_remove>, exit status 0
2022-04-28 16:22:10,066 INFO  Executed sudo<docker_ps_latest>, exit status 0
2022-04-28 16:22:10,882 INFO  Executed sudo<docker_ps>, exit status 0
2022-04-28 16:22:10,886 INFO  Grep on file /home/pi/actions-runner/_work/thin-edge.io/thin-edge.io/tests/PySys/plugin_docker/docker_plugin_remove/Output/linux/docker_ps.out ... passed
2022-04-28 16:22:10,892 INFO  
2022-04-28 16:22:10,893 INFO  cleanup:
2022-04-28 16:22:10,894 INFO  Removing containers scheduled to be cleaned up: ['aa52c7854265', '4ff096ce92b8', 'e6d9ee92efa20b207d9617ae0e4c18bbf13463193740b46443c6423b48c60f46\n']
2022-04-28 16:22:11,707 WARN  Executed sudo<containers_for_cleanup>, exit status 1
2022-04-28 16:22:11,708 INFO  Removing images scheduled to be cleaned up: ['registry', 'registry', 'registry:2.7.1', 'registry']
2022-04-28 16:22:15,549 INFO  Executed sudo<containers_for_cleanup>, exit status 0
2022-04-28 16:22:15,555 INFO  
2022-04-28 16:22:15,557 INFO  Test duration: 34.23 secs
2022-04-28 16:22:15,560 INFO  Test final outcome:  PASSED
2022-04-28 16:22:15,563 INFO  
