2022-05-23 09:34:11,020 INFO  ==============================================================
2022-05-23 09:34:11,022 INFO  Id:    apt_install_local_file
2022-05-23 09:34:11,025 INFO  Dir:   plugin_apt/
2022-05-23 09:34:11,026 INFO  Title: Validate apt plugin install from local file - SUCCESS case
2022-05-23 09:34:11,028 INFO  ==============================================================
2022-05-23 09:34:13,070 INFO  URL of rolldice is b"'http://mirror.mythic-beasts.com/raspbian/pool/main/r/rolldice/rolldice_1.16-1+b1_armhf.deb'"
2022-05-23 09:34:15,160 INFO  Downloaded rolldcice in version 1.16-1+b1
2022-05-23 09:34:15,161 INFO  Filename is rolldice_1.16-1+b1_armhf.deb
2022-05-23 09:34:19,795 INFO  Executed sudo, exit status 0
2022-05-23 09:34:22,621 INFO  Executed sudo<outp_check_0>, exit status 0
2022-05-23 09:34:22,624 INFO  Assert that (value==0) with value=0 ... passed
2022-05-23 09:34:22,629 INFO  Grep on file outp_check_0.out ... passed
2022-05-23 09:35:02,823 INFO  Executed sudo<outp_install>, exit status 0, duration 40 secs
2022-05-23 09:35:02,826 INFO  Assert that (value==0) with value=0 ... passed
2022-05-23 09:35:08,125 INFO  Executed sudo<outp_check_1>, exit status 0
2022-05-23 09:35:08,127 INFO  Assert that (value==0) with value=0 ... passed
2022-05-23 09:35:08,134 INFO  Grep on file outp_check_1.out ... passed
2022-05-23 09:35:08,143 INFO  
2022-05-23 09:35:08,145 INFO  cleanup:
2022-05-23 09:35:08,149 INFO  
2022-05-23 09:35:08,150 INFO  Test duration: 57.14 secs
2022-05-23 09:35:08,151 INFO  Test final outcome:  PASSED
2022-05-23 09:35:08,152 INFO  
