2022-05-09 07:54:36,466 INFO  ==============================================================
2022-05-09 07:54:36,467 INFO  Id:    docker_plugin_install_with_version
2022-05-09 07:54:36,468 INFO  Dir:   plugin_docker/
2022-05-09 07:54:36,468 INFO  Title: Validate docker plugin install
2022-05-09 07:54:36,469 INFO  ==============================================================
2022-05-09 07:54:37,289 INFO  Executed sudo<docker_images>, exit status 0
2022-05-09 07:54:37,295 INFO  Grep on file /home/pi/actions-runner/_work/thin-edge.io/thin-edge.io/tests/PySys/plugin_docker/docker_plugin_install_with_version/Output/linux/docker_images.out ... passed
2022-05-09 07:55:01,220 INFO  Executed sudo<plugin_install>, exit status 0, duration 23 secs
2022-05-09 07:55:02,042 INFO  Executed sudo<docker_ps_latest>, exit status 0
2022-05-09 07:55:02,874 INFO  Executed sudo<docker_ps>, exit status 0
2022-05-09 07:55:02,880 INFO  Grep on file /home/pi/actions-runner/_work/thin-edge.io/thin-edge.io/tests/PySys/plugin_docker/docker_plugin_install_with_version/Output/linux/docker_ps.out ... passed
2022-05-09 07:55:02,886 INFO  
2022-05-09 07:55:02,887 INFO  cleanup:
2022-05-09 07:55:02,888 INFO  Removing containers scheduled to be cleaned up: ['32542742d32c', '6634feafe485']
2022-05-09 07:55:05,890 WARN  Executed sudo<containers_for_cleanup>, exit status 1
2022-05-09 07:55:05,893 INFO  Removing images scheduled to be cleaned up: ['registry', 'registry', 'registry:2.7.1']
2022-05-09 07:55:09,674 INFO  Executed sudo<containers_for_cleanup>, exit status 0
2022-05-09 07:55:09,678 INFO  
2022-05-09 07:55:09,679 INFO  Test duration: 33.22 secs
2022-05-09 07:55:09,680 INFO  Test final outcome:  PASSED
2022-05-09 07:55:09,681 INFO  
