2022-04-08 09:40:48,942 INFO  ==============================================================
2022-04-08 09:40:48,944 INFO  Id:    local_mqtt_pub_sub_with_sudo
2022-04-08 09:40:48,945 INFO  Dir:   local_mqtt/
2022-04-08 09:40:48,946 INFO  Title: Validate local publishing and subscribing
2022-04-08 09:40:48,947 DEBUG Execution order hint: 0.0
2022-04-08 09:40:48,948 INFO  ==============================================================
2022-04-08 09:40:48,954 DEBUG --- test execute
2022-04-08 09:40:48,958 DEBUG Process parameters for sudo<tedge_sub>
  command line : /usr/bin/sudo /usr/bin/tedge mqtt sub atopic
    arg #1     : /usr/bin/tedge
    arg #2     : mqtt
    arg #3     : sub
    arg #4     : atopic
  working dir  : /home/pi/actions-runner/_work/thin-edge.io/thin-edge.io/tests/PySys/local_mqtt/local_mqtt_pub_sub_with_sudo/Output/linux
  stdout       : /home/pi/actions-runner/_work/thin-edge.io/thin-edge.io/tests/PySys/local_mqtt/local_mqtt_pub_sub_with_sudo/Output/linux/tedge_sub.out
  stderr       : /home/pi/actions-runner/_work/thin-edge.io/thin-edge.io/tests/PySys/local_mqtt/local_mqtt_pub_sub_with_sudo/Output/linux/tedge_sub.err
  environment  : LD_LIBRARY_PATH=/usr/lib
  environment  : PATH=/bin:/usr/bin:/usr/sbin:/usr/local/bin
                   #1  /bin
                   #2  /usr/bin
                   #3  /usr/sbin
                   #4  /usr/local/bin
2022-04-08 09:40:48,964 INFO  Started sudo<tedge_sub> with process id 5454
2022-04-08 09:40:49,069 DEBUG Process parameters for sudo<tedge_pub2>
  command line : /usr/bin/sudo /usr/bin/tedge mqtt pub atopic amessage
    arg #1     : /usr/bin/tedge
    arg #2     : mqtt
    arg #3     : pub
    arg #4     : atopic
    arg #5     : amessage
  working dir  : /home/pi/actions-runner/_work/thin-edge.io/thin-edge.io/tests/PySys/local_mqtt/local_mqtt_pub_sub_with_sudo/Output/linux
  stdout       : /home/pi/actions-runner/_work/thin-edge.io/thin-edge.io/tests/PySys/local_mqtt/local_mqtt_pub_sub_with_sudo/Output/linux/tedge_pub2.out
  stderr       : /home/pi/actions-runner/_work/thin-edge.io/thin-edge.io/tests/PySys/local_mqtt/local_mqtt_pub_sub_with_sudo/Output/linux/tedge_pub2.err
  environment  : LD_LIBRARY_PATH=/usr/lib
  environment  : PATH=/bin:/usr/bin:/usr/sbin:/usr/local/bin
                   #1  /bin
                   #2  /usr/bin
                   #3  /usr/sbin
                   #4  /usr/local/bin
2022-04-08 09:40:49,077 DEBUG Waiting up to 600 secs for process sudo<tedge_pub2> (pid 5455)
2022-04-08 09:40:49,634 INFO  Executed sudo<tedge_pub2>, exit status 0
2022-04-08 09:40:49,636 DEBUG Process parameters for sudo<tedge_pub3>
  command line : /usr/bin/sudo /usr/bin/tedge mqtt pub atopic 'the message'
    arg #1     : /usr/bin/tedge
    arg #2     : mqtt
    arg #3     : pub
    arg #4     : atopic
    arg #5     : the message
  working dir  : /home/pi/actions-runner/_work/thin-edge.io/thin-edge.io/tests/PySys/local_mqtt/local_mqtt_pub_sub_with_sudo/Output/linux
  stdout       : /home/pi/actions-runner/_work/thin-edge.io/thin-edge.io/tests/PySys/local_mqtt/local_mqtt_pub_sub_with_sudo/Output/linux/tedge_pub3.out
  stderr       : /home/pi/actions-runner/_work/thin-edge.io/thin-edge.io/tests/PySys/local_mqtt/local_mqtt_pub_sub_with_sudo/Output/linux/tedge_pub3.err
  environment  : LD_LIBRARY_PATH=/usr/lib
  environment  : PATH=/bin:/usr/bin:/usr/sbin:/usr/local/bin
                   #1  /bin
                   #2  /usr/bin
                   #3  /usr/sbin
                   #4  /usr/local/bin
2022-04-08 09:40:49,643 DEBUG Waiting up to 600 secs for process sudo<tedge_pub3> (pid 5458)
2022-04-08 09:40:50,149 INFO  Executed sudo<tedge_pub3>, exit status 0
2022-04-08 09:40:51,153 DEBUG Process parameters for sudo<kill_out>
  command line : /usr/bin/sudo killall tedge
    arg #1     : killall
    arg #2     : tedge
  working dir  : /home/pi/actions-runner/_work/thin-edge.io/thin-edge.io/tests/PySys/local_mqtt/local_mqtt_pub_sub_with_sudo/Output/linux
  stdout       : /home/pi/actions-runner/_work/thin-edge.io/thin-edge.io/tests/PySys/local_mqtt/local_mqtt_pub_sub_with_sudo/Output/linux/kill_out.out
  stderr       : /home/pi/actions-runner/_work/thin-edge.io/thin-edge.io/tests/PySys/local_mqtt/local_mqtt_pub_sub_with_sudo/Output/linux/kill_out.err
  environment  : LD_LIBRARY_PATH=/usr/lib
  environment  : PATH=/bin:/usr/bin:/usr/sbin:/usr/local/bin
                   #1  /bin
                   #2  /usr/bin
                   #3  /usr/sbin
                   #4  /usr/local/bin
2022-04-08 09:40:51,160 DEBUG Waiting up to 600 secs for process sudo<kill_out> (pid 5461)
2022-04-08 09:40:51,666 INFO  Executed sudo<kill_out>, exit status 0
2022-04-08 09:40:51,667 DEBUG --- test validate
2022-04-08 09:40:51,668 DEBUG Performing regex contains=True grep on file: /home/pi/actions-runner/_work/thin-edge.io/thin-edge.io/tests/PySys/local_mqtt/local_mqtt_pub_sub_with_sudo/Output/linux/tedge_sub.out
2022-04-08 09:40:51,673 DEBUG Grep on file tedge_sub.out successfully matched expression "amessage" with line: '[atopic] amessage\n'
2022-04-08 09:40:51,674 INFO  Grep on file tedge_sub.out ... passed
2022-04-08 09:40:51,675 DEBUG Performing regex contains=True grep on file: /home/pi/actions-runner/_work/thin-edge.io/thin-edge.io/tests/PySys/local_mqtt/local_mqtt_pub_sub_with_sudo/Output/linux/tedge_sub.out
2022-04-08 09:40:51,679 DEBUG Grep on file tedge_sub.out successfully matched expression "the message" with line: '[atopic] the message\n'
2022-04-08 09:40:51,680 INFO  Grep on file tedge_sub.out ... passed
2022-04-08 09:40:51,685 DEBUG --- test cleanup
2022-04-08 09:40:51,687 DEBUG ProcessUser cleanup function done.
2022-04-08 09:40:51,690 INFO  
2022-04-08 09:40:51,691 INFO  Test duration: 2.75 secs
2022-04-08 09:40:51,692 INFO  Test final outcome:  PASSED
2022-04-08 09:40:51,692 INFO  
