2022-05-04 08:05:07,394 INFO  ==============================================================
2022-05-04 08:05:07,394 INFO  Id:    tedge_mapper_c8y_alarms
2022-05-04 08:05:07,394 INFO  Dir:   tedge_mapper_c8y/
2022-05-04 08:05:07,394 INFO  Title: Validate that alarms sent to tedge/alarms topic \ gets mapped as alarms in Cumulocity
2022-05-04 08:05:07,394 INFO  ==============================================================
2022-05-04 08:05:07,395 INFO  EnvironmentC8y Setup
2022-05-04 08:05:07,497 INFO  Executed systemctl<serv_mapper1>, exit status 3
2022-05-04 08:05:24,857 INFO  Executed sudo<tedge_connect_c8y>, exit status 0, duration 17 secs
2022-05-04 08:05:25,009 INFO  Executed sudo<tedge_connect_c8y_test>, exit status 0
2022-05-04 08:05:25,111 INFO  Executed systemctl<serv_mosq2>, exit status 0
2022-05-04 08:05:25,213 INFO  Executed systemctl<serv_mapper3>, exit status 0
2022-05-04 08:05:30,270 INFO  Executed tedge, exit status 0
2022-05-04 08:05:30,321 INFO  Executed tedge, exit status 0
2022-05-04 08:05:30,372 INFO  Executed tedge, exit status 0
2022-05-04 08:05:30,424 INFO  Executed tedge, exit status 0
2022-05-04 08:05:30,475 INFO  Executed tedge, exit status 0
2022-05-04 08:05:31,584 INFO  {
    "severity": "CRITICAL",
    "creationTime": "2022-05-04T08:05:30.383Z",
    "count": 1,
    "history": {
        "auditRecords": [],
        "self": "https://t493319102.eu-latest.cumulocity.com/audit/auditRecords"
    },
    "source": {
        "name": "ubuntu-2gb-hel1-4-thin-edge-a",
        "self": "https://t493319102.eu-latest.cumulocity.com/inventory/managedObjects/18330805",
        "id": "18330805"
    },
    "type": "temperature_dangerous",
    "lastUpdated": "2022-05-04T08:05:30.383Z",
    "self": "https://t493319102.eu-latest.cumulocity.com/alarm/alarms/18353713",
    "time": "2022-05-04T08:05:30.369Z",
    "id": "18353713",
    "text": "temperature is dangerously high",
    "status": "ACTIVE"
}
2022-05-04 08:05:31,584 INFO  Assert that (actual == expected) with actual="temperature_dangerous", expected="temperature_dangerous" ... passed
2022-05-04 08:05:31,584 INFO  Assert that (actual == expected) with actual="CRITICAL", expected="CRITICAL" ... passed
2022-05-04 08:05:31,584 INFO  Assert that (actual == expected) with actual="temperature is dangerously high", expected="temperature is dangerously high" ... passed
2022-05-04 08:05:31,584 INFO  {
    "severity": "MAJOR",
    "creationTime": "2022-05-04T08:05:30.329Z",
    "count": 1,
    "history": {
        "auditRecords": [],
        "self": "https://t493319102.eu-latest.cumulocity.com/audit/auditRecords"
    },
    "source": {
        "name": "ubuntu-2gb-hel1-4-thin-edge-a",
        "self": "https://t493319102.eu-latest.cumulocity.com/inventory/managedObjects/18330805",
        "id": "18330805"
    },
    "type": "temperature_very_high",
    "lastUpdated": "2022-05-04T08:05:30.329Z",
    "self": "https://t493319102.eu-latest.cumulocity.com/alarm/alarms/18353711",
    "time": "2022-05-04T08:05:30.315Z",
    "id": "18353711",
    "text": "temperature is very high",
    "status": "ACTIVE"
}
2022-05-04 08:05:31,584 INFO  Assert that (actual == expected) with actual="temperature_very_high", expected="temperature_very_high" ... passed
2022-05-04 08:05:31,585 INFO  Assert that (actual == expected) with actual="MAJOR", expected="MAJOR" ... passed
2022-05-04 08:05:31,585 INFO  Assert that (actual == expected) with actual="temperature is very high", expected="temperature is very high" ... passed
2022-05-04 08:05:31,585 INFO  {
    "severity": "WARNING",
    "creationTime": "2022-05-04T08:05:30.279Z",
    "count": 1,
    "history": {
        "auditRecords": [],
        "self": "https://t493319102.eu-latest.cumulocity.com/audit/auditRecords"
    },
    "source": {
        "name": "ubuntu-2gb-hel1-4-thin-edge-a",
        "self": "https://t493319102.eu-latest.cumulocity.com/inventory/managedObjects/18330805",
        "id": "18330805"
    },
    "type": "temperature_high",
    "lastUpdated": "2022-05-04T08:05:30.279Z",
    "self": "https://t493319102.eu-latest.cumulocity.com/alarm/alarms/18353709",
    "time": "2021-12-15T15:22:06.464+05:30",
    "id": "18353709",
    "text": "temperature is high",
    "status": "ACTIVE"
}
2022-05-04 08:05:31,585 INFO  Assert that (actual == expected) with actual="temperature_high", expected="temperature_high" ... passed
2022-05-04 08:05:31,585 INFO  Assert that (actual == expected) with actual="WARNING", expected="WARNING" ... passed
2022-05-04 08:05:31,585 INFO  Assert that (actual == expected) with actual="temperature is high", expected="temperature is high" ... passed
2022-05-04 08:05:31,585 INFO  Assert that (actual == expected) with actual="temperature_high", expected="temperature_high" ... passed
2022-05-04 08:05:31,586 INFO  
2022-05-04 08:05:31,586 INFO  cleanup:
2022-05-04 08:05:31,637 INFO  Executed tedge, exit status 0
2022-05-04 08:05:31,689 INFO  Executed tedge, exit status 0
2022-05-04 08:05:31,740 INFO  Executed tedge, exit status 0
2022-05-04 08:05:42,828 INFO  Executed sudo<tedge_disconnect_c8y>, exit status 0
2022-05-04 08:05:42,931 INFO  Executed systemctl<serv_mapper5>, exit status 3
2022-05-04 08:05:42,932 INFO  
2022-05-04 08:05:42,932 INFO  Test duration: 35.53 secs
2022-05-04 08:05:42,932 INFO  Test final outcome:  PASSED
2022-05-04 08:05:42,932 INFO  
