2022-04-11 10:04:30,147 INFO  ==============================================================
2022-04-11 10:04:30,148 INFO  Id:    apt_install_fail
2022-04-11 10:04:30,149 INFO  Dir:   plugin_apt/
2022-04-11 10:04:30,150 INFO  Title: Validate apt plugin prepare - failing
2022-04-11 10:04:30,151 DEBUG Execution order hint: 0.0
2022-04-11 10:04:30,152 INFO  ==============================================================
2022-04-11 10:04:30,157 DEBUG Process parameters for sudo<outp_check_0>
  command line : /usr/bin/sudo /etc/tedge/sm-plugins/apt list
    arg #1     : /etc/tedge/sm-plugins/apt
    arg #2     : list
  working dir  : /home/pi/actions-runner/_work/thin-edge.io/thin-edge.io/tests/PySys/plugin_apt/apt_install_fail/Output/linux
  stdout       : /home/pi/actions-runner/_work/thin-edge.io/thin-edge.io/tests/PySys/plugin_apt/apt_install_fail/Output/linux/outp_check_0.out
  stderr       : /home/pi/actions-runner/_work/thin-edge.io/thin-edge.io/tests/PySys/plugin_apt/apt_install_fail/Output/linux/outp_check_0.err
  environment  : LD_LIBRARY_PATH=/usr/lib
  environment  : PATH=/bin:/usr/bin:/usr/sbin:/usr/local/bin
                   #1  /bin
                   #2  /usr/bin
                   #3  /usr/sbin
                   #4  /usr/local/bin
2022-04-11 10:04:30,166 DEBUG Waiting up to 600 secs for process sudo<outp_check_0> (pid 17709)
2022-04-11 10:04:35,401 INFO  Executed sudo<outp_check_0>, exit status 0
2022-04-11 10:04:35,404 INFO  Assert that (value==0) with value=0 ... passed
2022-04-11 10:04:35,406 DEBUG Performing regex contains=False grep on file: /home/pi/actions-runner/_work/thin-edge.io/thin-edge.io/tests/PySys/plugin_apt/apt_install_fail/Output/linux/outp_check_0.out
2022-04-11 10:04:35,413 INFO  Grep on file outp_check_0.out ... passed
2022-04-11 10:04:35,415 DEBUG --- test execute
2022-04-11 10:04:35,417 DEBUG Process parameters for sudo<outp_install>
  command line : /usr/bin/sudo /etc/tedge/sm-plugins/apt install notapackage
    arg #1     : /etc/tedge/sm-plugins/apt
    arg #2     : install
    arg #3     : notapackage
  working dir  : /home/pi/actions-runner/_work/thin-edge.io/thin-edge.io/tests/PySys/plugin_apt/apt_install_fail/Output/linux
  stdout       : /home/pi/actions-runner/_work/thin-edge.io/thin-edge.io/tests/PySys/plugin_apt/apt_install_fail/Output/linux/outp_install.out
  stderr       : /home/pi/actions-runner/_work/thin-edge.io/thin-edge.io/tests/PySys/plugin_apt/apt_install_fail/Output/linux/outp_install.err
  environment  : LD_LIBRARY_PATH=/usr/lib
  environment  : PATH=/bin:/usr/bin:/usr/sbin:/usr/local/bin
                   #1  /bin
                   #2  /usr/bin
                   #3  /usr/sbin
                   #4  /usr/local/bin
2022-04-11 10:04:35,424 DEBUG Waiting up to 600 secs for process sudo<outp_install> (pid 17715)
2022-04-11 10:04:38,776 INFO  Executed sudo<outp_install>, exit status 2
2022-04-11 10:04:38,778 INFO  Assert that (value==2) with value=2 ... passed
2022-04-11 10:04:38,779 DEBUG --- test validate
2022-04-11 10:04:38,781 DEBUG Process parameters for sudo<outp_check_1>
  command line : /usr/bin/sudo /etc/tedge/sm-plugins/apt list
    arg #1     : /etc/tedge/sm-plugins/apt
    arg #2     : list
  working dir  : /home/pi/actions-runner/_work/thin-edge.io/thin-edge.io/tests/PySys/plugin_apt/apt_install_fail/Output/linux
  stdout       : /home/pi/actions-runner/_work/thin-edge.io/thin-edge.io/tests/PySys/plugin_apt/apt_install_fail/Output/linux/outp_check_1.out
  stderr       : /home/pi/actions-runner/_work/thin-edge.io/thin-edge.io/tests/PySys/plugin_apt/apt_install_fail/Output/linux/outp_check_1.err
  environment  : LD_LIBRARY_PATH=/usr/lib
  environment  : PATH=/bin:/usr/bin:/usr/sbin:/usr/local/bin
                   #1  /bin
                   #2  /usr/bin
                   #3  /usr/sbin
                   #4  /usr/local/bin
2022-04-11 10:04:38,788 DEBUG Waiting up to 600 secs for process sudo<outp_check_1> (pid 17720)
2022-04-11 10:04:41,345 INFO  Executed sudo<outp_check_1>, exit status 0
2022-04-11 10:04:41,346 INFO  Assert that (value==0) with value=0 ... passed
2022-04-11 10:04:41,348 DEBUG Performing regex contains=False grep on file: /home/pi/actions-runner/_work/thin-edge.io/thin-edge.io/tests/PySys/plugin_apt/apt_install_fail/Output/linux/outp_check_1.out
2022-04-11 10:04:41,353 INFO  Grep on file outp_check_1.out ... passed
2022-04-11 10:04:41,359 DEBUG --- test cleanup
2022-04-11 10:04:41,360 DEBUG ProcessUser cleanup function done.
2022-04-11 10:04:41,363 INFO  
2022-04-11 10:04:41,364 INFO  Test duration: 11.22 secs
2022-04-11 10:04:41,365 INFO  Test final outcome:  PASSED
2022-04-11 10:04:41,366 INFO  
