2022-05-10 20:34:37,423 INFO  ==============================================================
2022-05-10 20:34:37,424 INFO  Id:    SoftwareManagement.Plugin.apama_plugin_mon_support
2022-05-10 20:34:37,425 INFO  Dir:   plugin_apama/
2022-05-10 20:34:37,425 INFO  Title: Validate mon file support of apama plugin
2022-05-10 20:34:37,426 INFO  ==============================================================
2022-05-10 20:34:37,435 INFO  Assertion that path exists=False for "/etc/tedge/apama/project" ... passed
2022-05-10 20:34:37,944 INFO  Executed sudo<create_project_dir>, exit status 0
2022-05-10 20:34:38,554 INFO  Executed sudo<unzip_apama_project>, exit status 0
2022-05-10 20:34:39,064 INFO  Executed sudo<move_apama_project>, exit status 0
2022-05-10 20:34:39,926 INFO  Executed sudo<restart_apama_service>, exit status 0
2022-05-10 20:34:40,690 INFO  Executed sudo<apama_correlator_wait>, exit status 0
2022-05-10 20:34:41,452 INFO  Executed sudo<apama_list_monitors>, exit status 0
2022-05-10 20:34:41,458 INFO  Grep on file /home/pi/actions-runner/_work/thin-edge.io/thin-edge.io/tests/PySys/plugin_apama/apama_plugin_mon_support/Output/linux/apama_list_monitors.out ... passed
2022-05-10 20:34:42,242 INFO  Executed sudo<plugin_list_before_install>, exit status 0
2022-05-10 20:34:43,255 INFO  Executed sudo<plugin_install>, exit status 0
2022-05-10 20:34:43,971 INFO  Executed sudo<apama_correlator_wait>, exit status 0
2022-05-10 20:34:44,732 INFO  Executed sudo<plugin_list_after_install>, exit status 0
2022-05-10 20:34:45,947 INFO  Executed sudo<plugin_update>, exit status 0
2022-05-10 20:34:46,862 INFO  Executed sudo<apama_correlator_wait>, exit status 0
2022-05-10 20:34:47,626 INFO  Executed sudo<plugin_list_after_update>, exit status 0
2022-05-10 20:34:48,388 INFO  Executed sudo<plugin_remove>, exit status 0
2022-05-10 20:34:49,152 INFO  Executed sudo<plugin_list_after_remove>, exit status 0
2022-05-10 20:34:49,157 INFO  Grep on file plugin_list_before_install.out ... passed
2022-05-10 20:34:49,162 INFO  Grep on file plugin_list_after_install.out ... passed
2022-05-10 20:34:49,166 INFO  Grep on file plugin_list_after_update.out ... passed
2022-05-10 20:34:49,170 INFO  Grep on file plugin_list_after_remove.out ... passed
2022-05-10 20:34:49,179 INFO  
2022-05-10 20:34:49,180 INFO  cleanup:
2022-05-10 20:34:49,181 INFO  Removing apama project
2022-05-10 20:35:05,630 INFO  Executed sudo<stop_apama_service>, exit status 0, duration 16 secs
2022-05-10 20:35:06,192 INFO  Executed sudo<remove_apama_project>, exit status 0
2022-05-10 20:35:06,755 INFO  Executed sudo<remove_apama_tmp_dir>, exit status 0
2022-05-10 20:35:06,761 INFO  
2022-05-10 20:35:06,763 INFO  Test duration: 29.35 secs
2022-05-10 20:35:06,765 INFO  Test final outcome:  PASSED
2022-05-10 20:35:06,767 INFO  
