2022-04-07 16:26:31,243 INFO  ==============================================================
2022-04-07 16:26:31,244 INFO  Id:    call_tedge_config_list
2022-04-07 16:26:31,245 INFO  Dir:   tedge/
2022-04-07 16:26:31,246 INFO  Title: Validate command line options config: get set unset
2022-04-07 16:26:31,246 DEBUG Execution order hint: 0.0
2022-04-07 16:26:31,247 INFO  ==============================================================
2022-04-07 16:26:31,260 DEBUG --- test execute
2022-04-07 16:26:31,262 DEBUG Process parameters for sudo<tedge>
  command line : /usr/bin/sudo /usr/bin/tedge config list
    arg #1     : /usr/bin/tedge
    arg #2     : config
    arg #3     : list
  working dir  : /home/pi/actions-runner/_work/thin-edge.io/thin-edge.io/tests/PySys/tedge/call_tedge_config_list/Output/linux
  stdout       : /home/pi/actions-runner/_work/thin-edge.io/thin-edge.io/tests/PySys/tedge/call_tedge_config_list/Output/linux/tedge.out
  stderr       : /home/pi/actions-runner/_work/thin-edge.io/thin-edge.io/tests/PySys/tedge/call_tedge_config_list/Output/linux/tedge.err
  environment  : LD_LIBRARY_PATH=/usr/lib
  environment  : PATH=/bin:/usr/bin:/usr/sbin:/usr/local/bin
                   #1  /bin
                   #2  /usr/bin
                   #3  /usr/sbin
                   #4  /usr/local/bin
2022-04-07 16:26:31,271 DEBUG Waiting up to 600 secs for process sudo<tedge> (pid 30630)
2022-04-07 16:26:31,777 INFO  Executed sudo<tedge>, exit status 0
2022-04-07 16:26:31,780 DEBUG Process parameters for sudo<tedge_get_config_key>
  command line : /usr/bin/sudo /usr/bin/tedge config get device.key.path
    arg #1     : /usr/bin/tedge
    arg #2     : config
    arg #3     : get
    arg #4     : device.key.path
  working dir  : /home/pi/actions-runner/_work/thin-edge.io/thin-edge.io/tests/PySys/tedge/call_tedge_config_list/Output/linux
  stdout       : /home/pi/actions-runner/_work/thin-edge.io/thin-edge.io/tests/PySys/tedge/call_tedge_config_list/Output/linux/tedge_get_config_key.out
  stderr       : /home/pi/actions-runner/_work/thin-edge.io/thin-edge.io/tests/PySys/tedge/call_tedge_config_list/Output/linux/tedge_get_config_key.err
  environment  : LD_LIBRARY_PATH=/usr/lib
  environment  : PATH=/bin:/usr/bin:/usr/sbin:/usr/local/bin
                   #1  /bin
                   #2  /usr/bin
                   #3  /usr/sbin
                   #4  /usr/local/bin
2022-04-07 16:26:31,789 DEBUG Waiting up to 600 secs for process sudo<tedge_get_config_key> (pid 30632)
2022-04-07 16:26:32,296 INFO  Executed sudo<tedge_get_config_key>, exit status 0
2022-04-07 16:26:32,301 DEBUG Process parameters for sudo<tedge_get_config_key>
  command line : /usr/bin/sudo /usr/bin/tedge config get device.cert.path
    arg #1     : /usr/bin/tedge
    arg #2     : config
    arg #3     : get
    arg #4     : device.cert.path
  working dir  : /home/pi/actions-runner/_work/thin-edge.io/thin-edge.io/tests/PySys/tedge/call_tedge_config_list/Output/linux
  stdout       : /home/pi/actions-runner/_work/thin-edge.io/thin-edge.io/tests/PySys/tedge/call_tedge_config_list/Output/linux/tedge_get_config_key.out
  stderr       : /home/pi/actions-runner/_work/thin-edge.io/thin-edge.io/tests/PySys/tedge/call_tedge_config_list/Output/linux/tedge_get_config_key.err
  environment  : LD_LIBRARY_PATH=/usr/lib
  environment  : PATH=/bin:/usr/bin:/usr/sbin:/usr/local/bin
                   #1  /bin
                   #2  /usr/bin
                   #3  /usr/sbin
                   #4  /usr/local/bin
2022-04-07 16:26:32,309 DEBUG Waiting up to 600 secs for process sudo<tedge_get_config_key> (pid 30634)
2022-04-07 16:26:32,816 INFO  Executed sudo<tedge_get_config_key>, exit status 0
2022-04-07 16:26:32,820 DEBUG Process parameters for sudo<tedge_get_config_key>
  command line : /usr/bin/sudo /usr/bin/tedge config get c8y.url
    arg #1     : /usr/bin/tedge
    arg #2     : config
    arg #3     : get
    arg #4     : c8y.url
  working dir  : /home/pi/actions-runner/_work/thin-edge.io/thin-edge.io/tests/PySys/tedge/call_tedge_config_list/Output/linux
  stdout       : /home/pi/actions-runner/_work/thin-edge.io/thin-edge.io/tests/PySys/tedge/call_tedge_config_list/Output/linux/tedge_get_config_key.out
  stderr       : /home/pi/actions-runner/_work/thin-edge.io/thin-edge.io/tests/PySys/tedge/call_tedge_config_list/Output/linux/tedge_get_config_key.err
  environment  : LD_LIBRARY_PATH=/usr/lib
  environment  : PATH=/bin:/usr/bin:/usr/sbin:/usr/local/bin
                   #1  /bin
                   #2  /usr/bin
                   #3  /usr/sbin
                   #4  /usr/local/bin
2022-04-07 16:26:32,828 DEBUG Waiting up to 600 secs for process sudo<tedge_get_config_key> (pid 30636)
2022-04-07 16:26:33,385 INFO  Executed sudo<tedge_get_config_key>, exit status 0
2022-04-07 16:26:33,404 DEBUG Process parameters for sudo<tedge_get_config_key>
  command line : /usr/bin/sudo /usr/bin/tedge config get c8y.root.cert.path
    arg #1     : /usr/bin/tedge
    arg #2     : config
    arg #3     : get
    arg #4     : c8y.root.cert.path
  working dir  : /home/pi/actions-runner/_work/thin-edge.io/thin-edge.io/tests/PySys/tedge/call_tedge_config_list/Output/linux
  stdout       : /home/pi/actions-runner/_work/thin-edge.io/thin-edge.io/tests/PySys/tedge/call_tedge_config_list/Output/linux/tedge_get_config_key.out
  stderr       : /home/pi/actions-runner/_work/thin-edge.io/thin-edge.io/tests/PySys/tedge/call_tedge_config_list/Output/linux/tedge_get_config_key.err
  environment  : LD_LIBRARY_PATH=/usr/lib
  environment  : PATH=/bin:/usr/bin:/usr/sbin:/usr/local/bin
                   #1  /bin
                   #2  /usr/bin
                   #3  /usr/sbin
                   #4  /usr/local/bin
2022-04-07 16:26:33,413 DEBUG Waiting up to 600 secs for process sudo<tedge_get_config_key> (pid 30638)
2022-04-07 16:26:33,920 INFO  Executed sudo<tedge_get_config_key>, exit status 0
2022-04-07 16:26:33,924 DEBUG Process parameters for sudo<tedge_get_config_key>
  command line : /usr/bin/sudo /usr/bin/tedge config get az.url
    arg #1     : /usr/bin/tedge
    arg #2     : config
    arg #3     : get
    arg #4     : az.url
  working dir  : /home/pi/actions-runner/_work/thin-edge.io/thin-edge.io/tests/PySys/tedge/call_tedge_config_list/Output/linux
  stdout       : /home/pi/actions-runner/_work/thin-edge.io/thin-edge.io/tests/PySys/tedge/call_tedge_config_list/Output/linux/tedge_get_config_key.out
  stderr       : /home/pi/actions-runner/_work/thin-edge.io/thin-edge.io/tests/PySys/tedge/call_tedge_config_list/Output/linux/tedge_get_config_key.err
  environment  : LD_LIBRARY_PATH=/usr/lib
  environment  : PATH=/bin:/usr/bin:/usr/sbin:/usr/local/bin
                   #1  /bin
                   #2  /usr/bin
                   #3  /usr/sbin
                   #4  /usr/local/bin
2022-04-07 16:26:33,932 DEBUG Waiting up to 600 secs for process sudo<tedge_get_config_key> (pid 30641)
2022-04-07 16:26:34,439 INFO  Executed sudo<tedge_get_config_key>, exit status 0
2022-04-07 16:26:34,443 DEBUG Process parameters for sudo<tedge_get_config_key>
  command line : /usr/bin/sudo /usr/bin/tedge config get az.root.cert.path
    arg #1     : /usr/bin/tedge
    arg #2     : config
    arg #3     : get
    arg #4     : az.root.cert.path
  working dir  : /home/pi/actions-runner/_work/thin-edge.io/thin-edge.io/tests/PySys/tedge/call_tedge_config_list/Output/linux
  stdout       : /home/pi/actions-runner/_work/thin-edge.io/thin-edge.io/tests/PySys/tedge/call_tedge_config_list/Output/linux/tedge_get_config_key.out
  stderr       : /home/pi/actions-runner/_work/thin-edge.io/thin-edge.io/tests/PySys/tedge/call_tedge_config_list/Output/linux/tedge_get_config_key.err
  environment  : LD_LIBRARY_PATH=/usr/lib
  environment  : PATH=/bin:/usr/bin:/usr/sbin:/usr/local/bin
                   #1  /bin
                   #2  /usr/bin
                   #3  /usr/sbin
                   #4  /usr/local/bin
2022-04-07 16:26:34,451 DEBUG Waiting up to 600 secs for process sudo<tedge_get_config_key> (pid 30643)
2022-04-07 16:26:35,008 INFO  Executed sudo<tedge_get_config_key>, exit status 0
2022-04-07 16:26:35,011 INFO  /etc/tedge/device-certs/tedge-private-key.pem
2022-04-07 16:26:35,012 INFO  /etc/tedge/device-certs/tedge-certificate.pem
2022-04-07 16:26:35,013 INFO  thin-edge-io.eu-latest.cumulocity.com
2022-04-07 16:26:35,013 INFO  /etc/ssl/certs
2022-04-07 16:26:35,014 INFO  thinedge-gh-ci.azure-devices.net
2022-04-07 16:26:35,014 INFO  /etc/ssl/certs/Baltimore_CyberTrust_Root.pem
2022-04-07 16:26:35,016 DEBUG Process parameters for sudo<tedge_unset_config_key>
  command line : /usr/bin/sudo /usr/bin/tedge config unset device.key.path
    arg #1     : /usr/bin/tedge
    arg #2     : config
    arg #3     : unset
    arg #4     : device.key.path
  working dir  : /home/pi/actions-runner/_work/thin-edge.io/thin-edge.io/tests/PySys/tedge/call_tedge_config_list/Output/linux
  stdout       : /home/pi/actions-runner/_work/thin-edge.io/thin-edge.io/tests/PySys/tedge/call_tedge_config_list/Output/linux/tedge_unset_config_key.out
  stderr       : /home/pi/actions-runner/_work/thin-edge.io/thin-edge.io/tests/PySys/tedge/call_tedge_config_list/Output/linux/tedge_unset_config_key.err
  environment  : LD_LIBRARY_PATH=/usr/lib
  environment  : PATH=/bin:/usr/bin:/usr/sbin:/usr/local/bin
                   #1  /bin
                   #2  /usr/bin
                   #3  /usr/sbin
                   #4  /usr/local/bin
2022-04-07 16:26:35,024 DEBUG Waiting up to 600 secs for process sudo<tedge_unset_config_key> (pid 30645)
2022-04-07 16:26:35,531 INFO  Executed sudo<tedge_unset_config_key>, exit status 0
2022-04-07 16:26:35,536 DEBUG Process parameters for sudo<tedge_unset_config_key>
  command line : /usr/bin/sudo /usr/bin/tedge config unset device.cert.path
    arg #1     : /usr/bin/tedge
    arg #2     : config
    arg #3     : unset
    arg #4     : device.cert.path
  working dir  : /home/pi/actions-runner/_work/thin-edge.io/thin-edge.io/tests/PySys/tedge/call_tedge_config_list/Output/linux
  stdout       : /home/pi/actions-runner/_work/thin-edge.io/thin-edge.io/tests/PySys/tedge/call_tedge_config_list/Output/linux/tedge_unset_config_key.out
  stderr       : /home/pi/actions-runner/_work/thin-edge.io/thin-edge.io/tests/PySys/tedge/call_tedge_config_list/Output/linux/tedge_unset_config_key.err
  environment  : LD_LIBRARY_PATH=/usr/lib
  environment  : PATH=/bin:/usr/bin:/usr/sbin:/usr/local/bin
                   #1  /bin
                   #2  /usr/bin
                   #3  /usr/sbin
                   #4  /usr/local/bin
2022-04-07 16:26:35,544 DEBUG Waiting up to 600 secs for process sudo<tedge_unset_config_key> (pid 30647)
2022-04-07 16:26:36,101 INFO  Executed sudo<tedge_unset_config_key>, exit status 0
2022-04-07 16:26:36,123 DEBUG Process parameters for sudo<tedge_unset_config_key>
  command line : /usr/bin/sudo /usr/bin/tedge config unset c8y.url
    arg #1     : /usr/bin/tedge
    arg #2     : config
    arg #3     : unset
    arg #4     : c8y.url
  working dir  : /home/pi/actions-runner/_work/thin-edge.io/thin-edge.io/tests/PySys/tedge/call_tedge_config_list/Output/linux
  stdout       : /home/pi/actions-runner/_work/thin-edge.io/thin-edge.io/tests/PySys/tedge/call_tedge_config_list/Output/linux/tedge_unset_config_key.out
  stderr       : /home/pi/actions-runner/_work/thin-edge.io/thin-edge.io/tests/PySys/tedge/call_tedge_config_list/Output/linux/tedge_unset_config_key.err
  environment  : LD_LIBRARY_PATH=/usr/lib
  environment  : PATH=/bin:/usr/bin:/usr/sbin:/usr/local/bin
                   #1  /bin
                   #2  /usr/bin
                   #3  /usr/sbin
                   #4  /usr/local/bin
2022-04-07 16:26:36,131 DEBUG Waiting up to 600 secs for process sudo<tedge_unset_config_key> (pid 30649)
2022-04-07 16:26:36,638 INFO  Executed sudo<tedge_unset_config_key>, exit status 0
2022-04-07 16:26:36,642 DEBUG Process parameters for sudo<tedge_unset_config_key>
  command line : /usr/bin/sudo /usr/bin/tedge config unset c8y.root.cert.path
    arg #1     : /usr/bin/tedge
    arg #2     : config
    arg #3     : unset
    arg #4     : c8y.root.cert.path
  working dir  : /home/pi/actions-runner/_work/thin-edge.io/thin-edge.io/tests/PySys/tedge/call_tedge_config_list/Output/linux
  stdout       : /home/pi/actions-runner/_work/thin-edge.io/thin-edge.io/tests/PySys/tedge/call_tedge_config_list/Output/linux/tedge_unset_config_key.out
  stderr       : /home/pi/actions-runner/_work/thin-edge.io/thin-edge.io/tests/PySys/tedge/call_tedge_config_list/Output/linux/tedge_unset_config_key.err
  environment  : LD_LIBRARY_PATH=/usr/lib
  environment  : PATH=/bin:/usr/bin:/usr/sbin:/usr/local/bin
                   #1  /bin
                   #2  /usr/bin
                   #3  /usr/sbin
                   #4  /usr/local/bin
2022-04-07 16:26:36,651 DEBUG Waiting up to 600 secs for process sudo<tedge_unset_config_key> (pid 30651)
2022-04-07 16:26:37,158 INFO  Executed sudo<tedge_unset_config_key>, exit status 0
2022-04-07 16:26:37,162 DEBUG Process parameters for sudo<tedge_unset_config_key>
  command line : /usr/bin/sudo /usr/bin/tedge config unset az.url
    arg #1     : /usr/bin/tedge
    arg #2     : config
    arg #3     : unset
    arg #4     : az.url
  working dir  : /home/pi/actions-runner/_work/thin-edge.io/thin-edge.io/tests/PySys/tedge/call_tedge_config_list/Output/linux
  stdout       : /home/pi/actions-runner/_work/thin-edge.io/thin-edge.io/tests/PySys/tedge/call_tedge_config_list/Output/linux/tedge_unset_config_key.out
  stderr       : /home/pi/actions-runner/_work/thin-edge.io/thin-edge.io/tests/PySys/tedge/call_tedge_config_list/Output/linux/tedge_unset_config_key.err
  environment  : LD_LIBRARY_PATH=/usr/lib
  environment  : PATH=/bin:/usr/bin:/usr/sbin:/usr/local/bin
                   #1  /bin
                   #2  /usr/bin
                   #3  /usr/sbin
                   #4  /usr/local/bin
2022-04-07 16:26:37,170 DEBUG Waiting up to 600 secs for process sudo<tedge_unset_config_key> (pid 30653)
2022-04-07 16:26:37,678 INFO  Executed sudo<tedge_unset_config_key>, exit status 0
2022-04-07 16:26:37,682 DEBUG Process parameters for sudo<tedge_unset_config_key>
  command line : /usr/bin/sudo /usr/bin/tedge config unset az.root.cert.path
    arg #1     : /usr/bin/tedge
    arg #2     : config
    arg #3     : unset
    arg #4     : az.root.cert.path
  working dir  : /home/pi/actions-runner/_work/thin-edge.io/thin-edge.io/tests/PySys/tedge/call_tedge_config_list/Output/linux
  stdout       : /home/pi/actions-runner/_work/thin-edge.io/thin-edge.io/tests/PySys/tedge/call_tedge_config_list/Output/linux/tedge_unset_config_key.out
  stderr       : /home/pi/actions-runner/_work/thin-edge.io/thin-edge.io/tests/PySys/tedge/call_tedge_config_list/Output/linux/tedge_unset_config_key.err
  environment  : LD_LIBRARY_PATH=/usr/lib
  environment  : PATH=/bin:/usr/bin:/usr/sbin:/usr/local/bin
                   #1  /bin
                   #2  /usr/bin
                   #3  /usr/sbin
                   #4  /usr/local/bin
2022-04-07 16:26:37,690 DEBUG Waiting up to 600 secs for process sudo<tedge_unset_config_key> (pid 30655)
2022-04-07 16:26:38,197 INFO  Executed sudo<tedge_unset_config_key>, exit status 0
2022-04-07 16:26:38,201 DEBUG Process parameters for sudo<tedge_get_config_key>
  command line : /usr/bin/sudo /usr/bin/tedge config get device.key.path
    arg #1     : /usr/bin/tedge
    arg #2     : config
    arg #3     : get
    arg #4     : device.key.path
  working dir  : /home/pi/actions-runner/_work/thin-edge.io/thin-edge.io/tests/PySys/tedge/call_tedge_config_list/Output/linux
  stdout       : /home/pi/actions-runner/_work/thin-edge.io/thin-edge.io/tests/PySys/tedge/call_tedge_config_list/Output/linux/tedge_get_config_key.out
  stderr       : /home/pi/actions-runner/_work/thin-edge.io/thin-edge.io/tests/PySys/tedge/call_tedge_config_list/Output/linux/tedge_get_config_key.err
  environment  : LD_LIBRARY_PATH=/usr/lib
  environment  : PATH=/bin:/usr/bin:/usr/sbin:/usr/local/bin
                   #1  /bin
                   #2  /usr/bin
                   #3  /usr/sbin
                   #4  /usr/local/bin
2022-04-07 16:26:38,209 DEBUG Waiting up to 600 secs for process sudo<tedge_get_config_key> (pid 30657)
2022-04-07 16:26:38,766 INFO  Executed sudo<tedge_get_config_key>, exit status 0
2022-04-07 16:26:38,773 DEBUG Key: device.key.path Value: /etc/tedge/device-certs/tedge-private-key.pem
2022-04-07 16:26:38,776 INFO  Assert that (expect == valueread) with expect="/etc/tedge/device-certs/tedge-private-key.pem", valueread="/etc/tedge/device-certs/tedge-private-key.pem" ... passed
2022-04-07 16:26:38,778 DEBUG Process parameters for sudo<tedge_get_config_key>
  command line : /usr/bin/sudo /usr/bin/tedge config get device.cert.path
    arg #1     : /usr/bin/tedge
    arg #2     : config
    arg #3     : get
    arg #4     : device.cert.path
  working dir  : /home/pi/actions-runner/_work/thin-edge.io/thin-edge.io/tests/PySys/tedge/call_tedge_config_list/Output/linux
  stdout       : /home/pi/actions-runner/_work/thin-edge.io/thin-edge.io/tests/PySys/tedge/call_tedge_config_list/Output/linux/tedge_get_config_key.out
  stderr       : /home/pi/actions-runner/_work/thin-edge.io/thin-edge.io/tests/PySys/tedge/call_tedge_config_list/Output/linux/tedge_get_config_key.err
  environment  : LD_LIBRARY_PATH=/usr/lib
  environment  : PATH=/bin:/usr/bin:/usr/sbin:/usr/local/bin
                   #1  /bin
                   #2  /usr/bin
                   #3  /usr/sbin
                   #4  /usr/local/bin
2022-04-07 16:26:38,786 DEBUG Waiting up to 600 secs for process sudo<tedge_get_config_key> (pid 30659)
2022-04-07 16:26:39,293 INFO  Executed sudo<tedge_get_config_key>, exit status 0
2022-04-07 16:26:39,295 DEBUG Key: device.cert.path Value: /etc/tedge/device-certs/tedge-certificate.pem
2022-04-07 16:26:39,297 INFO  Assert that (expect == valueread) with expect="/etc/tedge/device-certs/tedge-certificate.pem", valueread="/etc/tedge/device-certs/tedge-certificate.pem" ... passed
2022-04-07 16:26:39,299 DEBUG Process parameters for sudo<tedge_get_config_key>
  command line : /usr/bin/sudo /usr/bin/tedge config get c8y.url
    arg #1     : /usr/bin/tedge
    arg #2     : config
    arg #3     : get
    arg #4     : c8y.url
  working dir  : /home/pi/actions-runner/_work/thin-edge.io/thin-edge.io/tests/PySys/tedge/call_tedge_config_list/Output/linux
  stdout       : /home/pi/actions-runner/_work/thin-edge.io/thin-edge.io/tests/PySys/tedge/call_tedge_config_list/Output/linux/tedge_get_config_key.out
  stderr       : /home/pi/actions-runner/_work/thin-edge.io/thin-edge.io/tests/PySys/tedge/call_tedge_config_list/Output/linux/tedge_get_config_key.err
  environment  : LD_LIBRARY_PATH=/usr/lib
  environment  : PATH=/bin:/usr/bin:/usr/sbin:/usr/local/bin
                   #1  /bin
                   #2  /usr/bin
                   #3  /usr/sbin
                   #4  /usr/local/bin
2022-04-07 16:26:39,307 DEBUG Waiting up to 600 secs for process sudo<tedge_get_config_key> (pid 30661)
2022-04-07 16:26:39,814 INFO  Executed sudo<tedge_get_config_key>, exit status 0
2022-04-07 16:26:39,817 DEBUG Key: c8y.url Value: None
2022-04-07 16:26:39,819 INFO  Assert that (expect == valueread) with expect=None, valueread=None ... passed
2022-04-07 16:26:39,821 DEBUG Process parameters for sudo<tedge_get_config_key>
  command line : /usr/bin/sudo /usr/bin/tedge config get c8y.root.cert.path
    arg #1     : /usr/bin/tedge
    arg #2     : config
    arg #3     : get
    arg #4     : c8y.root.cert.path
  working dir  : /home/pi/actions-runner/_work/thin-edge.io/thin-edge.io/tests/PySys/tedge/call_tedge_config_list/Output/linux
  stdout       : /home/pi/actions-runner/_work/thin-edge.io/thin-edge.io/tests/PySys/tedge/call_tedge_config_list/Output/linux/tedge_get_config_key.out
  stderr       : /home/pi/actions-runner/_work/thin-edge.io/thin-edge.io/tests/PySys/tedge/call_tedge_config_list/Output/linux/tedge_get_config_key.err
  environment  : LD_LIBRARY_PATH=/usr/lib
  environment  : PATH=/bin:/usr/bin:/usr/sbin:/usr/local/bin
                   #1  /bin
                   #2  /usr/bin
                   #3  /usr/sbin
                   #4  /usr/local/bin
2022-04-07 16:26:39,830 DEBUG Waiting up to 600 secs for process sudo<tedge_get_config_key> (pid 30663)
2022-04-07 16:26:40,387 INFO  Executed sudo<tedge_get_config_key>, exit status 0
2022-04-07 16:26:40,390 DEBUG Key: c8y.root.cert.path Value: /etc/ssl/certs
2022-04-07 16:26:40,392 INFO  Assert that (expect == valueread) with expect="/etc/ssl/certs", valueread="/etc/ssl/certs" ... passed
2022-04-07 16:26:40,394 DEBUG Process parameters for sudo<tedge_get_config_key>
  command line : /usr/bin/sudo /usr/bin/tedge config get az.url
    arg #1     : /usr/bin/tedge
    arg #2     : config
    arg #3     : get
    arg #4     : az.url
  working dir  : /home/pi/actions-runner/_work/thin-edge.io/thin-edge.io/tests/PySys/tedge/call_tedge_config_list/Output/linux
  stdout       : /home/pi/actions-runner/_work/thin-edge.io/thin-edge.io/tests/PySys/tedge/call_tedge_config_list/Output/linux/tedge_get_config_key.out
  stderr       : /home/pi/actions-runner/_work/thin-edge.io/thin-edge.io/tests/PySys/tedge/call_tedge_config_list/Output/linux/tedge_get_config_key.err
  environment  : LD_LIBRARY_PATH=/usr/lib
  environment  : PATH=/bin:/usr/bin:/usr/sbin:/usr/local/bin
                   #1  /bin
                   #2  /usr/bin
                   #3  /usr/sbin
                   #4  /usr/local/bin
2022-04-07 16:26:40,402 DEBUG Waiting up to 600 secs for process sudo<tedge_get_config_key> (pid 30665)
2022-04-07 16:26:40,909 INFO  Executed sudo<tedge_get_config_key>, exit status 0
2022-04-07 16:26:40,911 DEBUG Key: az.url Value: None
2022-04-07 16:26:40,914 INFO  Assert that (expect == valueread) with expect=None, valueread=None ... passed
2022-04-07 16:26:40,916 DEBUG Process parameters for sudo<tedge_get_config_key>
  command line : /usr/bin/sudo /usr/bin/tedge config get az.root.cert.path
    arg #1     : /usr/bin/tedge
    arg #2     : config
    arg #3     : get
    arg #4     : az.root.cert.path
  working dir  : /home/pi/actions-runner/_work/thin-edge.io/thin-edge.io/tests/PySys/tedge/call_tedge_config_list/Output/linux
  stdout       : /home/pi/actions-runner/_work/thin-edge.io/thin-edge.io/tests/PySys/tedge/call_tedge_config_list/Output/linux/tedge_get_config_key.out
  stderr       : /home/pi/actions-runner/_work/thin-edge.io/thin-edge.io/tests/PySys/tedge/call_tedge_config_list/Output/linux/tedge_get_config_key.err
  environment  : LD_LIBRARY_PATH=/usr/lib
  environment  : PATH=/bin:/usr/bin:/usr/sbin:/usr/local/bin
                   #1  /bin
                   #2  /usr/bin
                   #3  /usr/sbin
                   #4  /usr/local/bin
2022-04-07 16:26:40,924 DEBUG Waiting up to 600 secs for process sudo<tedge_get_config_key> (pid 30667)
2022-04-07 16:26:41,431 INFO  Executed sudo<tedge_get_config_key>, exit status 0
2022-04-07 16:26:41,433 DEBUG Key: az.root.cert.path Value: /etc/ssl/certs
2022-04-07 16:26:41,435 INFO  Assert that (expect == valueread) with expect="/etc/ssl/certs", valueread="/etc/ssl/certs" ... passed
2022-04-07 16:26:41,437 DEBUG Process parameters for sudo<tedge_set_config_key>
  command line : /usr/bin/sudo /usr/bin/tedge config set device.key.path failfailfail
    arg #1     : /usr/bin/tedge
    arg #2     : config
    arg #3     : set
    arg #4     : device.key.path
    arg #5     : failfailfail
  working dir  : /home/pi/actions-runner/_work/thin-edge.io/thin-edge.io/tests/PySys/tedge/call_tedge_config_list/Output/linux
  stdout       : /home/pi/actions-runner/_work/thin-edge.io/thin-edge.io/tests/PySys/tedge/call_tedge_config_list/Output/linux/tedge_set_config_key.out
  stderr       : /home/pi/actions-runner/_work/thin-edge.io/thin-edge.io/tests/PySys/tedge/call_tedge_config_list/Output/linux/tedge_set_config_key.err
  environment  : LD_LIBRARY_PATH=/usr/lib
  environment  : PATH=/bin:/usr/bin:/usr/sbin:/usr/local/bin
                   #1  /bin
                   #2  /usr/bin
                   #3  /usr/sbin
                   #4  /usr/local/bin
2022-04-07 16:26:41,446 DEBUG Waiting up to 600 secs for process sudo<tedge_set_config_key> (pid 30669)
2022-04-07 16:26:41,953 INFO  Executed sudo<tedge_set_config_key>, exit status 0
2022-04-07 16:26:41,955 DEBUG Process parameters for sudo<tedge_get_config_key>
  command line : /usr/bin/sudo /usr/bin/tedge config get device.key.path
    arg #1     : /usr/bin/tedge
    arg #2     : config
    arg #3     : get
    arg #4     : device.key.path
  working dir  : /home/pi/actions-runner/_work/thin-edge.io/thin-edge.io/tests/PySys/tedge/call_tedge_config_list/Output/linux
  stdout       : /home/pi/actions-runner/_work/thin-edge.io/thin-edge.io/tests/PySys/tedge/call_tedge_config_list/Output/linux/tedge_get_config_key.out
  stderr       : /home/pi/actions-runner/_work/thin-edge.io/thin-edge.io/tests/PySys/tedge/call_tedge_config_list/Output/linux/tedge_get_config_key.err
  environment  : LD_LIBRARY_PATH=/usr/lib
  environment  : PATH=/bin:/usr/bin:/usr/sbin:/usr/local/bin
                   #1  /bin
                   #2  /usr/bin
                   #3  /usr/sbin
                   #4  /usr/local/bin
2022-04-07 16:26:41,963 DEBUG Waiting up to 600 secs for process sudo<tedge_get_config_key> (pid 30671)
2022-04-07 16:26:42,469 INFO  Executed sudo<tedge_get_config_key>, exit status 0
2022-04-07 16:26:42,473 INFO  Assert that (value == vread) with value="failfailfail", vread="failfailfail" ... passed
2022-04-07 16:26:42,476 DEBUG Process parameters for sudo<tedge_set_config_key>
  command line : /usr/bin/sudo /usr/bin/tedge config set device.cert.path failfailfail
    arg #1     : /usr/bin/tedge
    arg #2     : config
    arg #3     : set
    arg #4     : device.cert.path
    arg #5     : failfailfail
  working dir  : /home/pi/actions-runner/_work/thin-edge.io/thin-edge.io/tests/PySys/tedge/call_tedge_config_list/Output/linux
  stdout       : /home/pi/actions-runner/_work/thin-edge.io/thin-edge.io/tests/PySys/tedge/call_tedge_config_list/Output/linux/tedge_set_config_key.out
  stderr       : /home/pi/actions-runner/_work/thin-edge.io/thin-edge.io/tests/PySys/tedge/call_tedge_config_list/Output/linux/tedge_set_config_key.err
  environment  : LD_LIBRARY_PATH=/usr/lib
  environment  : PATH=/bin:/usr/bin:/usr/sbin:/usr/local/bin
                   #1  /bin
                   #2  /usr/bin
                   #3  /usr/sbin
                   #4  /usr/local/bin
2022-04-07 16:26:42,484 DEBUG Waiting up to 600 secs for process sudo<tedge_set_config_key> (pid 30673)
2022-04-07 16:26:42,990 INFO  Executed sudo<tedge_set_config_key>, exit status 0
2022-04-07 16:26:42,993 DEBUG Process parameters for sudo<tedge_get_config_key>
  command line : /usr/bin/sudo /usr/bin/tedge config get device.cert.path
    arg #1     : /usr/bin/tedge
    arg #2     : config
    arg #3     : get
    arg #4     : device.cert.path
  working dir  : /home/pi/actions-runner/_work/thin-edge.io/thin-edge.io/tests/PySys/tedge/call_tedge_config_list/Output/linux
  stdout       : /home/pi/actions-runner/_work/thin-edge.io/thin-edge.io/tests/PySys/tedge/call_tedge_config_list/Output/linux/tedge_get_config_key.out
  stderr       : /home/pi/actions-runner/_work/thin-edge.io/thin-edge.io/tests/PySys/tedge/call_tedge_config_list/Output/linux/tedge_get_config_key.err
  environment  : LD_LIBRARY_PATH=/usr/lib
  environment  : PATH=/bin:/usr/bin:/usr/sbin:/usr/local/bin
                   #1  /bin
                   #2  /usr/bin
                   #3  /usr/sbin
                   #4  /usr/local/bin
2022-04-07 16:26:43,001 DEBUG Waiting up to 600 secs for process sudo<tedge_get_config_key> (pid 30676)
2022-04-07 16:26:43,507 INFO  Executed sudo<tedge_get_config_key>, exit status 0
2022-04-07 16:26:43,511 INFO  Assert that (value == vread) with value="failfailfail", vread="failfailfail" ... passed
2022-04-07 16:26:43,513 DEBUG Process parameters for sudo<tedge_set_config_key>
  command line : /usr/bin/sudo /usr/bin/tedge config set c8y.url failfailfail
    arg #1     : /usr/bin/tedge
    arg #2     : config
    arg #3     : set
    arg #4     : c8y.url
    arg #5     : failfailfail
  working dir  : /home/pi/actions-runner/_work/thin-edge.io/thin-edge.io/tests/PySys/tedge/call_tedge_config_list/Output/linux
  stdout       : /home/pi/actions-runner/_work/thin-edge.io/thin-edge.io/tests/PySys/tedge/call_tedge_config_list/Output/linux/tedge_set_config_key.out
  stderr       : /home/pi/actions-runner/_work/thin-edge.io/thin-edge.io/tests/PySys/tedge/call_tedge_config_list/Output/linux/tedge_set_config_key.err
  environment  : LD_LIBRARY_PATH=/usr/lib
  environment  : PATH=/bin:/usr/bin:/usr/sbin:/usr/local/bin
                   #1  /bin
                   #2  /usr/bin
                   #3  /usr/sbin
                   #4  /usr/local/bin
2022-04-07 16:26:43,521 DEBUG Waiting up to 600 secs for process sudo<tedge_set_config_key> (pid 30678)
2022-04-07 16:26:44,028 INFO  Executed sudo<tedge_set_config_key>, exit status 0
2022-04-07 16:26:44,030 DEBUG Process parameters for sudo<tedge_get_config_key>
  command line : /usr/bin/sudo /usr/bin/tedge config get c8y.url
    arg #1     : /usr/bin/tedge
    arg #2     : config
    arg #3     : get
    arg #4     : c8y.url
  working dir  : /home/pi/actions-runner/_work/thin-edge.io/thin-edge.io/tests/PySys/tedge/call_tedge_config_list/Output/linux
  stdout       : /home/pi/actions-runner/_work/thin-edge.io/thin-edge.io/tests/PySys/tedge/call_tedge_config_list/Output/linux/tedge_get_config_key.out
  stderr       : /home/pi/actions-runner/_work/thin-edge.io/thin-edge.io/tests/PySys/tedge/call_tedge_config_list/Output/linux/tedge_get_config_key.err
  environment  : LD_LIBRARY_PATH=/usr/lib
  environment  : PATH=/bin:/usr/bin:/usr/sbin:/usr/local/bin
                   #1  /bin
                   #2  /usr/bin
                   #3  /usr/sbin
                   #4  /usr/local/bin
2022-04-07 16:26:44,038 DEBUG Waiting up to 600 secs for process sudo<tedge_get_config_key> (pid 30680)
2022-04-07 16:26:44,545 INFO  Executed sudo<tedge_get_config_key>, exit status 0
2022-04-07 16:26:44,549 INFO  Assert that (value == vread) with value="failfailfail", vread="failfailfail" ... passed
2022-04-07 16:26:44,551 DEBUG Process parameters for sudo<tedge_set_config_key>
  command line : /usr/bin/sudo /usr/bin/tedge config set c8y.root.cert.path failfailfail
    arg #1     : /usr/bin/tedge
    arg #2     : config
    arg #3     : set
    arg #4     : c8y.root.cert.path
    arg #5     : failfailfail
  working dir  : /home/pi/actions-runner/_work/thin-edge.io/thin-edge.io/tests/PySys/tedge/call_tedge_config_list/Output/linux
  stdout       : /home/pi/actions-runner/_work/thin-edge.io/thin-edge.io/tests/PySys/tedge/call_tedge_config_list/Output/linux/tedge_set_config_key.out
  stderr       : /home/pi/actions-runner/_work/thin-edge.io/thin-edge.io/tests/PySys/tedge/call_tedge_config_list/Output/linux/tedge_set_config_key.err
  environment  : LD_LIBRARY_PATH=/usr/lib
  environment  : PATH=/bin:/usr/bin:/usr/sbin:/usr/local/bin
                   #1  /bin
                   #2  /usr/bin
                   #3  /usr/sbin
                   #4  /usr/local/bin
2022-04-07 16:26:44,559 DEBUG Waiting up to 600 secs for process sudo<tedge_set_config_key> (pid 30682)
2022-04-07 16:26:45,066 INFO  Executed sudo<tedge_set_config_key>, exit status 0
2022-04-07 16:26:45,068 DEBUG Process parameters for sudo<tedge_get_config_key>
  command line : /usr/bin/sudo /usr/bin/tedge config get c8y.root.cert.path
    arg #1     : /usr/bin/tedge
    arg #2     : config
    arg #3     : get
    arg #4     : c8y.root.cert.path
  working dir  : /home/pi/actions-runner/_work/thin-edge.io/thin-edge.io/tests/PySys/tedge/call_tedge_config_list/Output/linux
  stdout       : /home/pi/actions-runner/_work/thin-edge.io/thin-edge.io/tests/PySys/tedge/call_tedge_config_list/Output/linux/tedge_get_config_key.out
  stderr       : /home/pi/actions-runner/_work/thin-edge.io/thin-edge.io/tests/PySys/tedge/call_tedge_config_list/Output/linux/tedge_get_config_key.err
  environment  : LD_LIBRARY_PATH=/usr/lib
  environment  : PATH=/bin:/usr/bin:/usr/sbin:/usr/local/bin
                   #1  /bin
                   #2  /usr/bin
                   #3  /usr/sbin
                   #4  /usr/local/bin
2022-04-07 16:26:45,077 DEBUG Waiting up to 600 secs for process sudo<tedge_get_config_key> (pid 30684)
2022-04-07 16:26:45,584 INFO  Executed sudo<tedge_get_config_key>, exit status 0
2022-04-07 16:26:45,587 INFO  Assert that (value == vread) with value="failfailfail", vread="failfailfail" ... passed
2022-04-07 16:26:45,589 DEBUG Process parameters for sudo<tedge_set_config_key>
  command line : /usr/bin/sudo /usr/bin/tedge config set az.url failfailfail
    arg #1     : /usr/bin/tedge
    arg #2     : config
    arg #3     : set
    arg #4     : az.url
    arg #5     : failfailfail
  working dir  : /home/pi/actions-runner/_work/thin-edge.io/thin-edge.io/tests/PySys/tedge/call_tedge_config_list/Output/linux
  stdout       : /home/pi/actions-runner/_work/thin-edge.io/thin-edge.io/tests/PySys/tedge/call_tedge_config_list/Output/linux/tedge_set_config_key.out
  stderr       : /home/pi/actions-runner/_work/thin-edge.io/thin-edge.io/tests/PySys/tedge/call_tedge_config_list/Output/linux/tedge_set_config_key.err
  environment  : LD_LIBRARY_PATH=/usr/lib
  environment  : PATH=/bin:/usr/bin:/usr/sbin:/usr/local/bin
                   #1  /bin
                   #2  /usr/bin
                   #3  /usr/sbin
                   #4  /usr/local/bin
2022-04-07 16:26:45,598 DEBUG Waiting up to 600 secs for process sudo<tedge_set_config_key> (pid 30686)
2022-04-07 16:26:46,104 INFO  Executed sudo<tedge_set_config_key>, exit status 0
2022-04-07 16:26:46,107 DEBUG Process parameters for sudo<tedge_get_config_key>
  command line : /usr/bin/sudo /usr/bin/tedge config get az.url
    arg #1     : /usr/bin/tedge
    arg #2     : config
    arg #3     : get
    arg #4     : az.url
  working dir  : /home/pi/actions-runner/_work/thin-edge.io/thin-edge.io/tests/PySys/tedge/call_tedge_config_list/Output/linux
  stdout       : /home/pi/actions-runner/_work/thin-edge.io/thin-edge.io/tests/PySys/tedge/call_tedge_config_list/Output/linux/tedge_get_config_key.out
  stderr       : /home/pi/actions-runner/_work/thin-edge.io/thin-edge.io/tests/PySys/tedge/call_tedge_config_list/Output/linux/tedge_get_config_key.err
  environment  : LD_LIBRARY_PATH=/usr/lib
  environment  : PATH=/bin:/usr/bin:/usr/sbin:/usr/local/bin
                   #1  /bin
                   #2  /usr/bin
                   #3  /usr/sbin
                   #4  /usr/local/bin
2022-04-07 16:26:46,115 DEBUG Waiting up to 600 secs for process sudo<tedge_get_config_key> (pid 30688)
2022-04-07 16:26:46,624 INFO  Executed sudo<tedge_get_config_key>, exit status 0
2022-04-07 16:26:46,627 INFO  Assert that (value == vread) with value="failfailfail", vread="failfailfail" ... passed
2022-04-07 16:26:46,630 DEBUG Process parameters for sudo<tedge_set_config_key>
  command line : /usr/bin/sudo /usr/bin/tedge config set az.root.cert.path failfailfail
    arg #1     : /usr/bin/tedge
    arg #2     : config
    arg #3     : set
    arg #4     : az.root.cert.path
    arg #5     : failfailfail
  working dir  : /home/pi/actions-runner/_work/thin-edge.io/thin-edge.io/tests/PySys/tedge/call_tedge_config_list/Output/linux
  stdout       : /home/pi/actions-runner/_work/thin-edge.io/thin-edge.io/tests/PySys/tedge/call_tedge_config_list/Output/linux/tedge_set_config_key.out
  stderr       : /home/pi/actions-runner/_work/thin-edge.io/thin-edge.io/tests/PySys/tedge/call_tedge_config_list/Output/linux/tedge_set_config_key.err
  environment  : LD_LIBRARY_PATH=/usr/lib
  environment  : PATH=/bin:/usr/bin:/usr/sbin:/usr/local/bin
                   #1  /bin
                   #2  /usr/bin
                   #3  /usr/sbin
                   #4  /usr/local/bin
2022-04-07 16:26:46,638 DEBUG Waiting up to 600 secs for process sudo<tedge_set_config_key> (pid 30690)
2022-04-07 16:26:47,144 INFO  Executed sudo<tedge_set_config_key>, exit status 0
2022-04-07 16:26:47,147 DEBUG Process parameters for sudo<tedge_get_config_key>
  command line : /usr/bin/sudo /usr/bin/tedge config get az.root.cert.path
    arg #1     : /usr/bin/tedge
    arg #2     : config
    arg #3     : get
    arg #4     : az.root.cert.path
  working dir  : /home/pi/actions-runner/_work/thin-edge.io/thin-edge.io/tests/PySys/tedge/call_tedge_config_list/Output/linux
  stdout       : /home/pi/actions-runner/_work/thin-edge.io/thin-edge.io/tests/PySys/tedge/call_tedge_config_list/Output/linux/tedge_get_config_key.out
  stderr       : /home/pi/actions-runner/_work/thin-edge.io/thin-edge.io/tests/PySys/tedge/call_tedge_config_list/Output/linux/tedge_get_config_key.err
  environment  : LD_LIBRARY_PATH=/usr/lib
  environment  : PATH=/bin:/usr/bin:/usr/sbin:/usr/local/bin
                   #1  /bin
                   #2  /usr/bin
                   #3  /usr/sbin
                   #4  /usr/local/bin
2022-04-07 16:26:47,155 DEBUG Waiting up to 600 secs for process sudo<tedge_get_config_key> (pid 30692)
2022-04-07 16:26:47,662 INFO  Executed sudo<tedge_get_config_key>, exit status 0
2022-04-07 16:26:47,665 INFO  Assert that (value == vread) with value="failfailfail", vread="failfailfail" ... passed
2022-04-07 16:26:47,667 DEBUG Process parameters for sudo<tedge_set_config_key>
  command line : /usr/bin/sudo /usr/bin/tedge config set device.key.path /etc/tedge/device-certs/tedge-private-key.pem
    arg #1     : /usr/bin/tedge
    arg #2     : config
    arg #3     : set
    arg #4     : device.key.path
    arg #5     : /etc/tedge/device-certs/tedge-private-key.pem
  working dir  : /home/pi/actions-runner/_work/thin-edge.io/thin-edge.io/tests/PySys/tedge/call_tedge_config_list/Output/linux
  stdout       : /home/pi/actions-runner/_work/thin-edge.io/thin-edge.io/tests/PySys/tedge/call_tedge_config_list/Output/linux/tedge_set_config_key.out
  stderr       : /home/pi/actions-runner/_work/thin-edge.io/thin-edge.io/tests/PySys/tedge/call_tedge_config_list/Output/linux/tedge_set_config_key.err
  environment  : LD_LIBRARY_PATH=/usr/lib
  environment  : PATH=/bin:/usr/bin:/usr/sbin:/usr/local/bin
                   #1  /bin
                   #2  /usr/bin
                   #3  /usr/sbin
                   #4  /usr/local/bin
2022-04-07 16:26:47,675 DEBUG Waiting up to 600 secs for process sudo<tedge_set_config_key> (pid 30694)
2022-04-07 16:26:48,186 INFO  Executed sudo<tedge_set_config_key>, exit status 0
2022-04-07 16:26:48,189 DEBUG Process parameters for sudo<tedge_set_config_key>
  command line : /usr/bin/sudo /usr/bin/tedge config set device.cert.path /etc/tedge/device-certs/tedge-certificate.pem
    arg #1     : /usr/bin/tedge
    arg #2     : config
    arg #3     : set
    arg #4     : device.cert.path
    arg #5     : /etc/tedge/device-certs/tedge-certificate.pem
  working dir  : /home/pi/actions-runner/_work/thin-edge.io/thin-edge.io/tests/PySys/tedge/call_tedge_config_list/Output/linux
  stdout       : /home/pi/actions-runner/_work/thin-edge.io/thin-edge.io/tests/PySys/tedge/call_tedge_config_list/Output/linux/tedge_set_config_key.out
  stderr       : /home/pi/actions-runner/_work/thin-edge.io/thin-edge.io/tests/PySys/tedge/call_tedge_config_list/Output/linux/tedge_set_config_key.err
  environment  : LD_LIBRARY_PATH=/usr/lib
  environment  : PATH=/bin:/usr/bin:/usr/sbin:/usr/local/bin
                   #1  /bin
                   #2  /usr/bin
                   #3  /usr/sbin
                   #4  /usr/local/bin
2022-04-07 16:26:48,197 DEBUG Waiting up to 600 secs for process sudo<tedge_set_config_key> (pid 30696)
2022-04-07 16:26:48,705 INFO  Executed sudo<tedge_set_config_key>, exit status 0
2022-04-07 16:26:48,708 DEBUG Process parameters for sudo<tedge_set_config_key>
  command line : /usr/bin/sudo /usr/bin/tedge config set c8y.url thin-edge-io.eu-latest.cumulocity.com
    arg #1     : /usr/bin/tedge
    arg #2     : config
    arg #3     : set
    arg #4     : c8y.url
    arg #5     : thin-edge-io.eu-latest.cumulocity.com
  working dir  : /home/pi/actions-runner/_work/thin-edge.io/thin-edge.io/tests/PySys/tedge/call_tedge_config_list/Output/linux
  stdout       : /home/pi/actions-runner/_work/thin-edge.io/thin-edge.io/tests/PySys/tedge/call_tedge_config_list/Output/linux/tedge_set_config_key.out
  stderr       : /home/pi/actions-runner/_work/thin-edge.io/thin-edge.io/tests/PySys/tedge/call_tedge_config_list/Output/linux/tedge_set_config_key.err
  environment  : LD_LIBRARY_PATH=/usr/lib
  environment  : PATH=/bin:/usr/bin:/usr/sbin:/usr/local/bin
                   #1  /bin
                   #2  /usr/bin
                   #3  /usr/sbin
                   #4  /usr/local/bin
2022-04-07 16:26:48,716 DEBUG Waiting up to 600 secs for process sudo<tedge_set_config_key> (pid 30698)
2022-04-07 16:26:49,224 INFO  Executed sudo<tedge_set_config_key>, exit status 0
2022-04-07 16:26:49,226 DEBUG Process parameters for sudo<tedge_set_config_key>
  command line : /usr/bin/sudo /usr/bin/tedge config set c8y.root.cert.path /etc/ssl/certs
    arg #1     : /usr/bin/tedge
    arg #2     : config
    arg #3     : set
    arg #4     : c8y.root.cert.path
    arg #5     : /etc/ssl/certs
  working dir  : /home/pi/actions-runner/_work/thin-edge.io/thin-edge.io/tests/PySys/tedge/call_tedge_config_list/Output/linux
  stdout       : /home/pi/actions-runner/_work/thin-edge.io/thin-edge.io/tests/PySys/tedge/call_tedge_config_list/Output/linux/tedge_set_config_key.out
  stderr       : /home/pi/actions-runner/_work/thin-edge.io/thin-edge.io/tests/PySys/tedge/call_tedge_config_list/Output/linux/tedge_set_config_key.err
  environment  : LD_LIBRARY_PATH=/usr/lib
  environment  : PATH=/bin:/usr/bin:/usr/sbin:/usr/local/bin
                   #1  /bin
                   #2  /usr/bin
                   #3  /usr/sbin
                   #4  /usr/local/bin
2022-04-07 16:26:49,234 DEBUG Waiting up to 600 secs for process sudo<tedge_set_config_key> (pid 30700)
2022-04-07 16:26:49,792 INFO  Executed sudo<tedge_set_config_key>, exit status 0
2022-04-07 16:26:49,795 DEBUG Process parameters for sudo<tedge_set_config_key>
  command line : /usr/bin/sudo /usr/bin/tedge config set az.url thinedge-gh-ci.azure-devices.net
    arg #1     : /usr/bin/tedge
    arg #2     : config
    arg #3     : set
    arg #4     : az.url
    arg #5     : thinedge-gh-ci.azure-devices.net
  working dir  : /home/pi/actions-runner/_work/thin-edge.io/thin-edge.io/tests/PySys/tedge/call_tedge_config_list/Output/linux
  stdout       : /home/pi/actions-runner/_work/thin-edge.io/thin-edge.io/tests/PySys/tedge/call_tedge_config_list/Output/linux/tedge_set_config_key.out
  stderr       : /home/pi/actions-runner/_work/thin-edge.io/thin-edge.io/tests/PySys/tedge/call_tedge_config_list/Output/linux/tedge_set_config_key.err
  environment  : LD_LIBRARY_PATH=/usr/lib
  environment  : PATH=/bin:/usr/bin:/usr/sbin:/usr/local/bin
                   #1  /bin
                   #2  /usr/bin
                   #3  /usr/sbin
                   #4  /usr/local/bin
2022-04-07 16:26:49,803 DEBUG Waiting up to 600 secs for process sudo<tedge_set_config_key> (pid 30702)
2022-04-07 16:26:50,309 INFO  Executed sudo<tedge_set_config_key>, exit status 0
2022-04-07 16:26:50,312 DEBUG Process parameters for sudo<tedge_set_config_key>
  command line : /usr/bin/sudo /usr/bin/tedge config set az.root.cert.path /etc/ssl/certs/Baltimore_CyberTrust_Root.pem
    arg #1     : /usr/bin/tedge
    arg #2     : config
    arg #3     : set
    arg #4     : az.root.cert.path
    arg #5     : /etc/ssl/certs/Baltimore_CyberTrust_Root.pem
  working dir  : /home/pi/actions-runner/_work/thin-edge.io/thin-edge.io/tests/PySys/tedge/call_tedge_config_list/Output/linux
  stdout       : /home/pi/actions-runner/_work/thin-edge.io/thin-edge.io/tests/PySys/tedge/call_tedge_config_list/Output/linux/tedge_set_config_key.out
  stderr       : /home/pi/actions-runner/_work/thin-edge.io/thin-edge.io/tests/PySys/tedge/call_tedge_config_list/Output/linux/tedge_set_config_key.err
  environment  : LD_LIBRARY_PATH=/usr/lib
  environment  : PATH=/bin:/usr/bin:/usr/sbin:/usr/local/bin
                   #1  /bin
                   #2  /usr/bin
                   #3  /usr/sbin
                   #4  /usr/local/bin
2022-04-07 16:26:50,320 DEBUG Waiting up to 600 secs for process sudo<tedge_set_config_key> (pid 30704)
2022-04-07 16:26:50,827 INFO  Executed sudo<tedge_set_config_key>, exit status 0
2022-04-07 16:26:50,828 INFO  /etc/tedge/device-certs/tedge-private-key.pem
2022-04-07 16:26:50,829 INFO  /etc/tedge/device-certs/tedge-certificate.pem
2022-04-07 16:26:50,829 INFO  thin-edge-io.eu-latest.cumulocity.com
2022-04-07 16:26:50,830 INFO  /etc/ssl/certs
2022-04-07 16:26:50,830 INFO  thinedge-gh-ci.azure-devices.net
2022-04-07 16:26:50,831 INFO  /etc/ssl/certs/Baltimore_CyberTrust_Root.pem
2022-04-07 16:26:50,833 DEBUG Process parameters for sudo<tedge_get_config_key>
  command line : /usr/bin/sudo /usr/bin/tedge config get device.key.path
    arg #1     : /usr/bin/tedge
    arg #2     : config
    arg #3     : get
    arg #4     : device.key.path
  working dir  : /home/pi/actions-runner/_work/thin-edge.io/thin-edge.io/tests/PySys/tedge/call_tedge_config_list/Output/linux
  stdout       : /home/pi/actions-runner/_work/thin-edge.io/thin-edge.io/tests/PySys/tedge/call_tedge_config_list/Output/linux/tedge_get_config_key.out
  stderr       : /home/pi/actions-runner/_work/thin-edge.io/thin-edge.io/tests/PySys/tedge/call_tedge_config_list/Output/linux/tedge_get_config_key.err
  environment  : LD_LIBRARY_PATH=/usr/lib
  environment  : PATH=/bin:/usr/bin:/usr/sbin:/usr/local/bin
                   #1  /bin
                   #2  /usr/bin
                   #3  /usr/sbin
                   #4  /usr/local/bin
2022-04-07 16:26:50,841 DEBUG Waiting up to 600 secs for process sudo<tedge_get_config_key> (pid 30706)
2022-04-07 16:26:51,348 INFO  Executed sudo<tedge_get_config_key>, exit status 0
2022-04-07 16:26:51,352 INFO  Assert that (valueold == valuenew) with valueold="/etc/tedge/device-certs/tedge-private-key.pem", valuenew="/etc/tedge/device-certs/tedge-private-key.pem" ... passed
2022-04-07 16:26:51,354 DEBUG Process parameters for sudo<tedge_get_config_key>
  command line : /usr/bin/sudo /usr/bin/tedge config get device.cert.path
    arg #1     : /usr/bin/tedge
    arg #2     : config
    arg #3     : get
    arg #4     : device.cert.path
  working dir  : /home/pi/actions-runner/_work/thin-edge.io/thin-edge.io/tests/PySys/tedge/call_tedge_config_list/Output/linux
  stdout       : /home/pi/actions-runner/_work/thin-edge.io/thin-edge.io/tests/PySys/tedge/call_tedge_config_list/Output/linux/tedge_get_config_key.out
  stderr       : /home/pi/actions-runner/_work/thin-edge.io/thin-edge.io/tests/PySys/tedge/call_tedge_config_list/Output/linux/tedge_get_config_key.err
  environment  : LD_LIBRARY_PATH=/usr/lib
  environment  : PATH=/bin:/usr/bin:/usr/sbin:/usr/local/bin
                   #1  /bin
                   #2  /usr/bin
                   #3  /usr/sbin
                   #4  /usr/local/bin
2022-04-07 16:26:51,362 DEBUG Waiting up to 600 secs for process sudo<tedge_get_config_key> (pid 30708)
2022-04-07 16:26:51,870 INFO  Executed sudo<tedge_get_config_key>, exit status 0
2022-04-07 16:26:51,874 INFO  Assert that (valueold == valuenew) with valueold="/etc/tedge/device-certs/tedge-certificate.pem", valuenew="/etc/tedge/device-certs/tedge-certificate.pem" ... passed
2022-04-07 16:26:51,877 DEBUG Process parameters for sudo<tedge_get_config_key>
  command line : /usr/bin/sudo /usr/bin/tedge config get c8y.url
    arg #1     : /usr/bin/tedge
    arg #2     : config
    arg #3     : get
    arg #4     : c8y.url
  working dir  : /home/pi/actions-runner/_work/thin-edge.io/thin-edge.io/tests/PySys/tedge/call_tedge_config_list/Output/linux
  stdout       : /home/pi/actions-runner/_work/thin-edge.io/thin-edge.io/tests/PySys/tedge/call_tedge_config_list/Output/linux/tedge_get_config_key.out
  stderr       : /home/pi/actions-runner/_work/thin-edge.io/thin-edge.io/tests/PySys/tedge/call_tedge_config_list/Output/linux/tedge_get_config_key.err
  environment  : LD_LIBRARY_PATH=/usr/lib
  environment  : PATH=/bin:/usr/bin:/usr/sbin:/usr/local/bin
                   #1  /bin
                   #2  /usr/bin
                   #3  /usr/sbin
                   #4  /usr/local/bin
2022-04-07 16:26:51,885 DEBUG Waiting up to 600 secs for process sudo<tedge_get_config_key> (pid 30710)
2022-04-07 16:26:52,391 INFO  Executed sudo<tedge_get_config_key>, exit status 0
2022-04-07 16:26:52,395 INFO  Assert that (valueold == valuenew) with valueold="thin-edge-io.eu-latest.cumulocity.com", valuenew="thin-edge-io.eu-latest.cumulocity.com" ... passed
2022-04-07 16:26:52,398 DEBUG Process parameters for sudo<tedge_get_config_key>
  command line : /usr/bin/sudo /usr/bin/tedge config get c8y.root.cert.path
    arg #1     : /usr/bin/tedge
    arg #2     : config
    arg #3     : get
    arg #4     : c8y.root.cert.path
  working dir  : /home/pi/actions-runner/_work/thin-edge.io/thin-edge.io/tests/PySys/tedge/call_tedge_config_list/Output/linux
  stdout       : /home/pi/actions-runner/_work/thin-edge.io/thin-edge.io/tests/PySys/tedge/call_tedge_config_list/Output/linux/tedge_get_config_key.out
  stderr       : /home/pi/actions-runner/_work/thin-edge.io/thin-edge.io/tests/PySys/tedge/call_tedge_config_list/Output/linux/tedge_get_config_key.err
  environment  : LD_LIBRARY_PATH=/usr/lib
  environment  : PATH=/bin:/usr/bin:/usr/sbin:/usr/local/bin
                   #1  /bin
                   #2  /usr/bin
                   #3  /usr/sbin
                   #4  /usr/local/bin
2022-04-07 16:26:52,407 DEBUG Waiting up to 600 secs for process sudo<tedge_get_config_key> (pid 30712)
2022-04-07 16:26:52,920 INFO  Executed sudo<tedge_get_config_key>, exit status 0
2022-04-07 16:26:52,924 INFO  Assert that (valueold == valuenew) with valueold="/etc/ssl/certs", valuenew="/etc/ssl/certs" ... passed
2022-04-07 16:26:52,926 DEBUG Process parameters for sudo<tedge_get_config_key>
  command line : /usr/bin/sudo /usr/bin/tedge config get az.url
    arg #1     : /usr/bin/tedge
    arg #2     : config
    arg #3     : get
    arg #4     : az.url
  working dir  : /home/pi/actions-runner/_work/thin-edge.io/thin-edge.io/tests/PySys/tedge/call_tedge_config_list/Output/linux
  stdout       : /home/pi/actions-runner/_work/thin-edge.io/thin-edge.io/tests/PySys/tedge/call_tedge_config_list/Output/linux/tedge_get_config_key.out
  stderr       : /home/pi/actions-runner/_work/thin-edge.io/thin-edge.io/tests/PySys/tedge/call_tedge_config_list/Output/linux/tedge_get_config_key.err
  environment  : LD_LIBRARY_PATH=/usr/lib
  environment  : PATH=/bin:/usr/bin:/usr/sbin:/usr/local/bin
                   #1  /bin
                   #2  /usr/bin
                   #3  /usr/sbin
                   #4  /usr/local/bin
2022-04-07 16:26:52,934 DEBUG Waiting up to 600 secs for process sudo<tedge_get_config_key> (pid 30714)
2022-04-07 16:26:53,441 INFO  Executed sudo<tedge_get_config_key>, exit status 0
2022-04-07 16:26:53,445 INFO  Assert that (valueold == valuenew) with valueold="thinedge-gh-ci.azure-devices.net", valuenew="thinedge-gh-ci.azure-devices.net" ... passed
2022-04-07 16:26:53,447 DEBUG Process parameters for sudo<tedge_get_config_key>
  command line : /usr/bin/sudo /usr/bin/tedge config get az.root.cert.path
    arg #1     : /usr/bin/tedge
    arg #2     : config
    arg #3     : get
    arg #4     : az.root.cert.path
  working dir  : /home/pi/actions-runner/_work/thin-edge.io/thin-edge.io/tests/PySys/tedge/call_tedge_config_list/Output/linux
  stdout       : /home/pi/actions-runner/_work/thin-edge.io/thin-edge.io/tests/PySys/tedge/call_tedge_config_list/Output/linux/tedge_get_config_key.out
  stderr       : /home/pi/actions-runner/_work/thin-edge.io/thin-edge.io/tests/PySys/tedge/call_tedge_config_list/Output/linux/tedge_get_config_key.err
  environment  : LD_LIBRARY_PATH=/usr/lib
  environment  : PATH=/bin:/usr/bin:/usr/sbin:/usr/local/bin
                   #1  /bin
                   #2  /usr/bin
                   #3  /usr/sbin
                   #4  /usr/local/bin
2022-04-07 16:26:53,455 DEBUG Waiting up to 600 secs for process sudo<tedge_get_config_key> (pid 30716)
2022-04-07 16:26:53,981 INFO  Executed sudo<tedge_get_config_key>, exit status 0
2022-04-07 16:26:53,985 INFO  Assert that (valueold == valuenew) with valueold="/etc/ssl/certs/Baltimore_CyberTrust_Root.pem", valuenew="/etc/ssl/certs/Baltimore_CyberTrust_Root.pem" ... passed
2022-04-07 16:26:53,987 DEBUG Process parameters for sudo<tedge_unset_device_id>
  command line : /usr/bin/sudo /usr/bin/tedge config unset device.id
    arg #1     : /usr/bin/tedge
    arg #2     : config
    arg #3     : unset
    arg #4     : device.id
  working dir  : /home/pi/actions-runner/_work/thin-edge.io/thin-edge.io/tests/PySys/tedge/call_tedge_config_list/Output/linux
  stdout       : /home/pi/actions-runner/_work/thin-edge.io/thin-edge.io/tests/PySys/tedge/call_tedge_config_list/Output/linux/tedge_unset_device_id.out
  stderr       : /home/pi/actions-runner/_work/thin-edge.io/thin-edge.io/tests/PySys/tedge/call_tedge_config_list/Output/linux/tedge_unset_device_id.err
  environment  : LD_LIBRARY_PATH=/usr/lib
  environment  : PATH=/bin:/usr/bin:/usr/sbin:/usr/local/bin
                   #1  /bin
                   #2  /usr/bin
                   #3  /usr/sbin
                   #4  /usr/local/bin
2022-04-07 16:26:53,996 DEBUG Waiting up to 600 secs for process sudo<tedge_unset_device_id> (pid 30718)
2022-04-07 16:26:54,502 INFO  Executed sudo<tedge_unset_device_id>, exit status 1
2022-04-07 16:26:54,504 DEBUG Process parameters for sudo<tedge_set_device_id>
  command line : /usr/bin/sudo /usr/bin/tedge config set device.id anotherid
    arg #1     : /usr/bin/tedge
    arg #2     : config
    arg #3     : set
    arg #4     : device.id
    arg #5     : anotherid
  working dir  : /home/pi/actions-runner/_work/thin-edge.io/thin-edge.io/tests/PySys/tedge/call_tedge_config_list/Output/linux
  stdout       : /home/pi/actions-runner/_work/thin-edge.io/thin-edge.io/tests/PySys/tedge/call_tedge_config_list/Output/linux/tedge_set_device_id.out
  stderr       : /home/pi/actions-runner/_work/thin-edge.io/thin-edge.io/tests/PySys/tedge/call_tedge_config_list/Output/linux/tedge_set_device_id.err
  environment  : LD_LIBRARY_PATH=/usr/lib
  environment  : PATH=/bin:/usr/bin:/usr/sbin:/usr/local/bin
                   #1  /bin
                   #2  /usr/bin
                   #3  /usr/sbin
                   #4  /usr/local/bin
2022-04-07 16:26:54,513 DEBUG Waiting up to 600 secs for process sudo<tedge_set_device_id> (pid 30720)
2022-04-07 16:26:55,021 INFO  Executed sudo<tedge_set_device_id>, exit status 1
2022-04-07 16:26:55,023 DEBUG --- test validate
2022-04-07 16:26:55,029 DEBUG --- test cleanup
2022-04-07 16:26:55,031 DEBUG ProcessUser cleanup function done.
2022-04-07 16:26:55,035 INFO  
2022-04-07 16:26:55,036 INFO  Test duration: 23.80 secs
2022-04-07 16:26:55,037 INFO  Test final outcome:  PASSED
2022-04-07 16:26:55,038 INFO  
