2022-04-07 16:11:52,621 INFO  ==============================================================
2022-04-07 16:11:52,622 INFO  Id:    local_mqtt_pub_fail_qos0
2022-04-07 16:11:52,623 INFO  Dir:   local_mqtt/
2022-04-07 16:11:52,624 INFO  Title: Check error code when mosquitto is not running with QoS set to 0
2022-04-07 16:11:52,625 DEBUG Execution order hint: 0.0
2022-04-07 16:11:52,625 INFO  ==============================================================
2022-04-07 16:11:52,632 DEBUG Process parameters for sudo<stop>
  command line : /usr/bin/sudo /usr/bin/systemctl stop mosquitto
    arg #1     : /usr/bin/systemctl
    arg #2     : stop
    arg #3     : mosquitto
  working dir  : /home/pi/actions-runner/_work/thin-edge.io/thin-edge.io/tests/PySys/local_mqtt/local_mqtt_pub_fail_qos0/Output/linux
  stdout       : /home/pi/actions-runner/_work/thin-edge.io/thin-edge.io/tests/PySys/local_mqtt/local_mqtt_pub_fail_qos0/Output/linux/stop.out
  stderr       : /home/pi/actions-runner/_work/thin-edge.io/thin-edge.io/tests/PySys/local_mqtt/local_mqtt_pub_fail_qos0/Output/linux/stop.err
  environment  : LD_LIBRARY_PATH=/usr/lib
  environment  : PATH=/bin:/usr/bin:/usr/sbin:/usr/local/bin
                   #1  /bin
                   #2  /usr/bin
                   #3  /usr/sbin
                   #4  /usr/local/bin
2022-04-07 16:11:52,639 DEBUG Waiting up to 600 secs for process sudo<stop> (pid 22207)
2022-04-07 16:11:53,314 INFO  Executed sudo<stop>, exit status 0
2022-04-07 16:11:53,315 DEBUG --- test execute
2022-04-07 16:11:53,317 DEBUG Process parameters for tedge_pub_fail
  command line : /usr/bin/tedge mqtt pub --qos 0 atopic amessage
    arg #1     : mqtt
    arg #2     : pub
    arg #3     : --qos
    arg #4     : 0
    arg #5     : atopic
    arg #6     : amessage
  working dir  : /home/pi/actions-runner/_work/thin-edge.io/thin-edge.io/tests/PySys/local_mqtt/local_mqtt_pub_fail_qos0/Output/linux
  stdout       : /home/pi/actions-runner/_work/thin-edge.io/thin-edge.io/tests/PySys/local_mqtt/local_mqtt_pub_fail_qos0/Output/linux/tedge_pub_fail.out
  stderr       : /home/pi/actions-runner/_work/thin-edge.io/thin-edge.io/tests/PySys/local_mqtt/local_mqtt_pub_fail_qos0/Output/linux/tedge_pub_fail.err
  environment  : HOME=/home/pi
2022-04-07 16:11:53,323 DEBUG Waiting up to 600 secs for process tedge_pub_fail (pid 22209)
2022-04-07 16:11:53,780 INFO  Executed tedge_pub_fail, exit status 1
2022-04-07 16:11:53,782 INFO  Assert that (value==1) with value=1 ... passed
2022-04-07 16:11:53,783 DEBUG --- test validate
2022-04-07 16:11:53,788 DEBUG --- test cleanup
2022-04-07 16:11:53,789 INFO  
2022-04-07 16:11:53,790 INFO  cleanup:
2022-04-07 16:11:53,790 DEBUG Running registered cleanup function: <bound method PySysTest.mycleanup of <PySysTest object at 0x760a8630>>
2022-04-07 16:11:53,792 DEBUG Process parameters for sudo<start>
  command line : /usr/bin/sudo /usr/bin/systemctl start mosquitto
    arg #1     : /usr/bin/systemctl
    arg #2     : start
    arg #3     : mosquitto
  working dir  : /home/pi/actions-runner/_work/thin-edge.io/thin-edge.io/tests/PySys/local_mqtt/local_mqtt_pub_fail_qos0/Output/linux
  stdout       : /home/pi/actions-runner/_work/thin-edge.io/thin-edge.io/tests/PySys/local_mqtt/local_mqtt_pub_fail_qos0/Output/linux/start.out
  stderr       : /home/pi/actions-runner/_work/thin-edge.io/thin-edge.io/tests/PySys/local_mqtt/local_mqtt_pub_fail_qos0/Output/linux/start.err
  environment  : LD_LIBRARY_PATH=/usr/lib
  environment  : PATH=/bin:/usr/bin:/usr/sbin:/usr/local/bin
                   #1  /bin
                   #2  /usr/bin
                   #3  /usr/sbin
                   #4  /usr/local/bin
2022-04-07 16:11:53,799 DEBUG Waiting up to 600 secs for process sudo<start> (pid 22210)
2022-04-07 16:11:54,405 INFO  Executed sudo<start>, exit status 0
2022-04-07 16:11:54,407 DEBUG ProcessUser cleanup function done.
2022-04-07 16:11:54,410 INFO  
2022-04-07 16:11:54,410 INFO  Test duration: 1.79 secs
2022-04-07 16:11:54,411 INFO  Test final outcome:  PASSED
2022-04-07 16:11:54,412 INFO  
