2022-04-08 09:40:11,169 INFO  ==============================================================
2022-04-08 09:40:11,170 INFO  Id:    c8y_jwt_token_retrieval
2022-04-08 09:40:11,173 INFO  Dir:   cloud_c8y/
2022-04-08 09:40:11,174 INFO  Title: Validate the Cumulocity JWT Token Retrieval feature
2022-04-08 09:40:11,175 DEBUG Execution order hint: 0.0
2022-04-08 09:40:11,176 INFO  ==============================================================
2022-04-08 09:40:11,326 DEBUG Process parameters for sudo<tedge_disconnect_c8y>
  command line : /usr/bin/sudo /usr/bin/tedge disconnect c8y
    arg #1     : /usr/bin/tedge
    arg #2     : disconnect
    arg #3     : c8y
  working dir  : /home/pi/actions-runner/_work/thin-edge.io/thin-edge.io/tests/PySys/cloud_c8y/c8y_jwt_token_retrieval/Output/linux
  stdout       : /home/pi/actions-runner/_work/thin-edge.io/thin-edge.io/tests/PySys/cloud_c8y/c8y_jwt_token_retrieval/Output/linux/tedge_disconnect_c8y.out
  stderr       : /home/pi/actions-runner/_work/thin-edge.io/thin-edge.io/tests/PySys/cloud_c8y/c8y_jwt_token_retrieval/Output/linux/tedge_disconnect_c8y.err
  environment  : LD_LIBRARY_PATH=/usr/lib
  environment  : PATH=/bin:/usr/bin:/usr/sbin:/usr/local/bin
                   #1  /bin
                   #2  /usr/bin
                   #3  /usr/sbin
                   #4  /usr/local/bin
2022-04-08 09:40:11,333 DEBUG Waiting up to 600 secs for process sudo<tedge_disconnect_c8y> (pid 1502)
2022-04-08 09:40:11,839 INFO  Executed sudo<tedge_disconnect_c8y>, exit status 0
2022-04-08 09:40:11,841 DEBUG --- test execute
2022-04-08 09:40:11,943 DEBUG Process parameters for sudo<tedge_connect_c8y>
  command line : /usr/bin/sudo /usr/bin/tedge connect c8y
    arg #1     : /usr/bin/tedge
    arg #2     : connect
    arg #3     : c8y
  working dir  : /home/pi/actions-runner/_work/thin-edge.io/thin-edge.io/tests/PySys/cloud_c8y/c8y_jwt_token_retrieval/Output/linux
  stdout       : /home/pi/actions-runner/_work/thin-edge.io/thin-edge.io/tests/PySys/cloud_c8y/c8y_jwt_token_retrieval/Output/linux/tedge_connect_c8y.out
  stderr       : /home/pi/actions-runner/_work/thin-edge.io/thin-edge.io/tests/PySys/cloud_c8y/c8y_jwt_token_retrieval/Output/linux/tedge_connect_c8y.err
  environment  : LD_LIBRARY_PATH=/usr/lib
  environment  : PATH=/bin:/usr/bin:/usr/sbin:/usr/local/bin
                   #1  /bin
                   #2  /usr/bin
                   #3  /usr/sbin
                   #4  /usr/local/bin
2022-04-08 09:40:11,950 DEBUG Waiting up to 600 secs for process sudo<tedge_connect_c8y> (pid 1507)
2022-04-08 09:40:28,585 INFO  Executed sudo<tedge_connect_c8y>, exit status 0, duration 16 secs
2022-04-08 09:40:28,590 DEBUG Process parameters for sudo<resp_jwt>
  command line : /usr/bin/sudo /usr/bin/tedge mqtt sub c8y/s/dat
    arg #1     : /usr/bin/tedge
    arg #2     : mqtt
    arg #3     : sub
    arg #4     : c8y/s/dat
  working dir  : /home/pi/actions-runner/_work/thin-edge.io/thin-edge.io/tests/PySys/cloud_c8y/c8y_jwt_token_retrieval/Output/linux
  stdout       : /home/pi/actions-runner/_work/thin-edge.io/thin-edge.io/tests/PySys/cloud_c8y/c8y_jwt_token_retrieval/Output/linux/resp_jwt.out
  stderr       : /home/pi/actions-runner/_work/thin-edge.io/thin-edge.io/tests/PySys/cloud_c8y/c8y_jwt_token_retrieval/Output/linux/resp_jwt.err
  environment  : LD_LIBRARY_PATH=/usr/lib
  environment  : PATH=/bin:/usr/bin:/usr/sbin:/usr/local/bin
                   #1  /bin
                   #2  /usr/bin
                   #3  /usr/sbin
                   #4  /usr/local/bin
2022-04-08 09:40:28,598 INFO  Started sudo<resp_jwt> with process id 1613
2022-04-08 09:40:28,606 DEBUG Process parameters for sudo<req_jwt>
  command line : /usr/bin/sudo /usr/bin/tedge mqtt pub c8y/s/uat ''"'"''"'"''
    arg #1     : /usr/bin/tedge
    arg #2     : mqtt
    arg #3     : pub
    arg #4     : c8y/s/uat
    arg #5     : ''
  working dir  : /home/pi/actions-runner/_work/thin-edge.io/thin-edge.io/tests/PySys/cloud_c8y/c8y_jwt_token_retrieval/Output/linux
  stdout       : /home/pi/actions-runner/_work/thin-edge.io/thin-edge.io/tests/PySys/cloud_c8y/c8y_jwt_token_retrieval/Output/linux/req_jwt.out
  stderr       : /home/pi/actions-runner/_work/thin-edge.io/thin-edge.io/tests/PySys/cloud_c8y/c8y_jwt_token_retrieval/Output/linux/req_jwt.err
  environment  : LD_LIBRARY_PATH=/usr/lib
  environment  : PATH=/bin:/usr/bin:/usr/sbin:/usr/local/bin
                   #1  /bin
                   #2  /usr/bin
                   #3  /usr/sbin
                   #4  /usr/local/bin
2022-04-08 09:40:28,613 DEBUG Waiting up to 600 secs for process sudo<req_jwt> (pid 1614)
2022-04-08 09:40:29,591 INFO  Executed sudo<req_jwt>, exit status 0
2022-04-08 09:40:30,599 DEBUG Process parameters for sudo<kill_out>
  command line : /usr/bin/sudo killall tedge
    arg #1     : killall
    arg #2     : tedge
  working dir  : /home/pi/actions-runner/_work/thin-edge.io/thin-edge.io/tests/PySys/cloud_c8y/c8y_jwt_token_retrieval/Output/linux
  stdout       : /home/pi/actions-runner/_work/thin-edge.io/thin-edge.io/tests/PySys/cloud_c8y/c8y_jwt_token_retrieval/Output/linux/kill_out.out
  stderr       : /home/pi/actions-runner/_work/thin-edge.io/thin-edge.io/tests/PySys/cloud_c8y/c8y_jwt_token_retrieval/Output/linux/kill_out.err
  environment  : LD_LIBRARY_PATH=/usr/lib
  environment  : PATH=/bin:/usr/bin:/usr/sbin:/usr/local/bin
                   #1  /bin
                   #2  /usr/bin
                   #3  /usr/sbin
                   #4  /usr/local/bin
2022-04-08 09:40:30,606 DEBUG Waiting up to 600 secs for process sudo<kill_out> (pid 1625)
2022-04-08 09:40:31,970 INFO  Executed sudo<kill_out>, exit status 0
2022-04-08 09:40:31,972 DEBUG --- test validate
2022-04-08 09:40:31,973 DEBUG Performing regex contains=True grep on file: /home/pi/actions-runner/_work/thin-edge.io/thin-edge.io/tests/PySys/cloud_c8y/c8y_jwt_token_retrieval/Output/linux/resp_jwt.out
2022-04-08 09:40:32,219 WARN  Grep on resp_jwt.out contains "\[c8y/s/dat\] 71," ... failed [run.py:60]
2022-04-08 09:40:32,229 DEBUG --- test cleanup
2022-04-08 09:40:32,230 INFO  
2022-04-08 09:40:32,232 INFO  cleanup:
2022-04-08 09:40:32,234 DEBUG Running registered cleanup function: <bound method ValidateJWTTokenRetrieval.jwt_token_cleanup of <ValidateJWTTokenRetrieval object at 0x760ffb10>>
2022-04-08 09:40:32,395 DEBUG Process parameters for sudo<tedge_disconnect_c8y>
  command line : /usr/bin/sudo /usr/bin/tedge disconnect c8y
    arg #1     : /usr/bin/tedge
    arg #2     : disconnect
    arg #3     : c8y
  working dir  : /home/pi/actions-runner/_work/thin-edge.io/thin-edge.io/tests/PySys/cloud_c8y/c8y_jwt_token_retrieval/Output/linux
  stdout       : /home/pi/actions-runner/_work/thin-edge.io/thin-edge.io/tests/PySys/cloud_c8y/c8y_jwt_token_retrieval/Output/linux/tedge_disconnect_c8y.out
  stderr       : /home/pi/actions-runner/_work/thin-edge.io/thin-edge.io/tests/PySys/cloud_c8y/c8y_jwt_token_retrieval/Output/linux/tedge_disconnect_c8y.err
  environment  : LD_LIBRARY_PATH=/usr/lib
  environment  : PATH=/bin:/usr/bin:/usr/sbin:/usr/local/bin
                   #1  /bin
                   #2  /usr/bin
                   #3  /usr/sbin
                   #4  /usr/local/bin
2022-04-08 09:40:32,404 DEBUG Waiting up to 600 secs for process sudo<tedge_disconnect_c8y> (pid 1630)
2022-04-08 09:40:36,574 INFO  Executed sudo<tedge_disconnect_c8y>, exit status 0
2022-04-08 09:40:36,576 DEBUG ProcessUser cleanup function done.
2022-04-08 09:40:36,579 INFO  
2022-04-08 09:40:36,580 INFO  Test duration: 25.42 secs
2022-04-08 09:40:36,581 INFO  Test final outcome:  FAILED
2022-04-08 09:40:36,582 INFO  Test outcome reason: Grep on resp_jwt.out contains "\[c8y/s/dat\] 71,"
2022-04-08 09:40:36,584 INFO  
