2022-05-10 13:25:52,133 INFO  ==============================================================
2022-05-10 13:25:52,134 INFO  Id:    tedge_mapper_c8y_alarms
2022-05-10 13:25:52,135 INFO  Dir:   tedge_mapper_c8y/
2022-05-10 13:25:52,136 INFO  Title: Validate that alarms sent to tedge/alarms topic \ gets mapped as alarms in Cumulocity
2022-05-10 13:25:52,136 INFO  ==============================================================
2022-05-10 13:25:52,149 INFO  EnvironmentC8y Setup
2022-05-10 13:25:52,762 INFO  Executed systemctl<serv_mapper1>, exit status 3
2022-05-10 13:26:10,353 INFO  Executed sudo<tedge_connect_c8y>, exit status 0, duration 17 secs
2022-05-10 13:26:10,993 INFO  Executed sudo<tedge_connect_c8y_test>, exit status 0
2022-05-10 13:26:11,505 INFO  Executed systemctl<serv_mosq2>, exit status 0
2022-05-10 13:26:12,017 INFO  Executed systemctl<serv_mapper3>, exit status 0
2022-05-10 13:26:17,483 INFO  Executed tedge, exit status 0
2022-05-10 13:26:17,893 INFO  Executed tedge, exit status 0
2022-05-10 13:26:18,506 INFO  Executed tedge, exit status 0
2022-05-10 13:26:18,972 INFO  Executed tedge, exit status 0
2022-05-10 13:26:19,383 INFO  Executed tedge, exit status 0
2022-05-10 13:26:20,620 INFO  {
    "severity": "CRITICAL",
    "creationTime": "2022-05-10T13:26:18.513Z",
    "count": 1,
    "history": {
        "auditRecords": [],
        "self": "https://t493319102.eu-latest.cumulocity.com/audit/auditRecords"
    },
    "source": {
        "name": "m32sd11e",
        "self": "https://t493319102.eu-latest.cumulocity.com/inventory/managedObjects/18671277",
        "id": "18671277"
    },
    "type": "temperature_dangerous",
    "lastUpdated": "2022-05-10T13:26:18.513Z",
    "self": "https://t493319102.eu-latest.cumulocity.com/alarm/alarms/18681700",
    "time": "2022-05-10T13:26:18.501Z",
    "id": "18681700",
    "text": "temperature is dangerously high",
    "status": "ACTIVE"
}
2022-05-10 13:26:20,622 INFO  Assert that (actual == expected) with actual="temperature_dangerous", expected="temperature_dangerous" ... passed
2022-05-10 13:26:20,623 INFO  Assert that (actual == expected) with actual="CRITICAL", expected="CRITICAL" ... passed
2022-05-10 13:26:20,625 INFO  Assert that (actual == expected) with actual="temperature is dangerously high", expected="temperature is dangerously high" ... passed
2022-05-10 13:26:20,626 INFO  {
    "severity": "MAJOR",
    "creationTime": "2022-05-10T13:26:17.886Z",
    "count": 1,
    "history": {
        "auditRecords": [],
        "self": "https://t493319102.eu-latest.cumulocity.com/audit/auditRecords"
    },
    "source": {
        "name": "m32sd11e",
        "self": "https://t493319102.eu-latest.cumulocity.com/inventory/managedObjects/18671277",
        "id": "18671277"
    },
    "type": "temperature_very_high",
    "lastUpdated": "2022-05-10T13:26:17.886Z",
    "self": "https://t493319102.eu-latest.cumulocity.com/alarm/alarms/18681698",
    "time": "2022-05-10T13:26:17.875Z",
    "id": "18681698",
    "text": "temperature is very high",
    "status": "ACTIVE"
}
2022-05-10 13:26:20,628 INFO  Assert that (actual == expected) with actual="temperature_very_high", expected="temperature_very_high" ... passed
2022-05-10 13:26:20,629 INFO  Assert that (actual == expected) with actual="MAJOR", expected="MAJOR" ... passed
2022-05-10 13:26:20,631 INFO  Assert that (actual == expected) with actual="temperature is very high", expected="temperature is very high" ... passed
2022-05-10 13:26:20,632 INFO  {
    "severity": "WARNING",
    "creationTime": "2022-05-10T13:26:17.445Z",
    "count": 1,
    "history": {
        "auditRecords": [],
        "self": "https://t493319102.eu-latest.cumulocity.com/audit/auditRecords"
    },
    "source": {
        "name": "m32sd11e",
        "self": "https://t493319102.eu-latest.cumulocity.com/inventory/managedObjects/18671277",
        "id": "18671277"
    },
    "type": "temperature_high",
    "lastUpdated": "2022-05-10T13:26:17.445Z",
    "self": "https://t493319102.eu-latest.cumulocity.com/alarm/alarms/18681696",
    "time": "2021-12-15T15:22:06.464+05:30",
    "id": "18681696",
    "text": "temperature is high",
    "status": "ACTIVE"
}
2022-05-10 13:26:20,633 INFO  Assert that (actual == expected) with actual="temperature_high", expected="temperature_high" ... passed
2022-05-10 13:26:20,635 INFO  Assert that (actual == expected) with actual="WARNING", expected="WARNING" ... passed
2022-05-10 13:26:20,636 INFO  Assert that (actual == expected) with actual="temperature is high", expected="temperature is high" ... passed
2022-05-10 13:26:20,638 INFO  Assert that (actual == expected) with actual="temperature_high", expected="temperature_high" ... passed
2022-05-10 13:26:20,644 INFO  
2022-05-10 13:26:20,645 INFO  cleanup:
2022-05-10 13:26:21,055 INFO  Executed tedge, exit status 0
2022-05-10 13:26:21,465 INFO  Executed tedge, exit status 0
2022-05-10 13:26:21,875 INFO  Executed tedge, exit status 0
2022-05-10 13:26:27,451 INFO  Executed sudo<tedge_disconnect_c8y>, exit status 0
2022-05-10 13:26:28,063 INFO  Executed systemctl<serv_mapper5>, exit status 3
2022-05-10 13:26:28,067 INFO  
2022-05-10 13:26:28,068 INFO  Test duration: 35.94 secs
2022-05-10 13:26:28,069 INFO  Test final outcome:  PASSED
2022-05-10 13:26:28,070 INFO  
