2022-05-02 14:52:04,154 INFO  ==============================================================
2022-05-02 14:52:04,154 INFO  Id:    log_request_num_lines
2022-05-02 14:52:04,154 INFO  Dir:   log_request_end_to_end/
2022-05-02 14:52:04,155 INFO  Title: Validate end to end behaviour for the log request operation check for number of lines
2022-05-02 14:52:04,155 INFO  ==============================================================
2022-05-02 14:52:04,156 INFO  EnvironmentC8y Setup
2022-05-02 14:52:04,208 INFO  Executed systemctl<serv_mapper1>, exit status 3
2022-05-02 14:52:04,220 INFO  Restarting mosquitto too frequently in the last 10 seconds. It was only up for 1 seconds
2022-05-02 14:52:04,220 INFO  Delaying execution by 10 seconds
2022-05-02 14:52:31,661 INFO  Executed sudo<tedge_connect_c8y>, exit status 0, duration 17 secs
2022-05-02 14:52:31,813 INFO  Executed sudo<tedge_connect_c8y_test>, exit status 0
2022-05-02 14:52:31,865 INFO  Executed systemctl<serv_mosq2>, exit status 0
2022-05-02 14:52:31,917 INFO  Executed systemctl<serv_mapper3>, exit status 0
2022-05-02 14:52:31,969 INFO  Executed sudo<rm_logs>, exit status 0
2022-05-02 14:52:32,021 INFO  Executed sudo<move_logs>, exit status 0
2022-05-02 14:52:32,340 INFO  log response None
2022-05-02 14:52:32,341 WARN  retry, retrying in 1 seconds...
2022-05-02 14:52:33,458 INFO  log response https://thin-edge-io.eu-latest.cumulocity.com/event/events/18178953/binaries
2022-05-02 14:52:33,698 INFO  nlines 0
2022-05-02 14:52:33,701 WARN  Assert that (True == value) with value=False ... failed [run.py:44]
2022-05-02 14:52:33,701 INFO  
2022-05-02 14:52:33,701 INFO  cleanup:
2022-05-02 14:52:33,753 INFO  Executed sudo<rm_logs>, exit status 0
2022-05-02 14:52:33,805 INFO  Executed sudo<rm_tmp_logs>, exit status 0
2022-05-02 14:52:33,857 INFO  Executed sudo<send_failed>, exit status 0
2022-05-02 14:52:33,870 INFO  Restarting mosquitto too frequently in the last 10 seconds. It was only up for 9 seconds
2022-05-02 14:52:33,870 INFO  Delaying execution by 2 seconds
2022-05-02 14:52:46,712 INFO  Executed sudo<tedge_disconnect_c8y>, exit status 0
2022-05-02 14:52:46,814 INFO  Executed systemctl<serv_mapper5>, exit status 3
2022-05-02 14:52:46,815 INFO  
2022-05-02 14:52:46,815 INFO  Test duration: 42.66 secs
2022-05-02 14:52:46,815 INFO  Test final outcome:  FAILED
2022-05-02 14:52:46,816 INFO  Test outcome reason: Assert that (True == value) with value=False
2022-05-02 14:52:46,816 INFO  
