2022-04-15 10:18:30,951 INFO  ==============================================================
2022-04-15 10:18:30,952 INFO  Id:    SoftwareManagement.sm_fake_install_remove
2022-04-15 10:18:30,953 INFO  Dir:   software_management_end_to_end/
2022-04-15 10:18:30,954 INFO  Title: Validate end to end behaviour for the dummy plugin for installation and removal of packages
2022-04-15 10:18:30,955 INFO  ==============================================================
2022-04-15 10:18:30,961 INFO  Using sw id database: {'asciijump': '5475369', 'robotfindskitten': '5474869', 'squirrel3': '5475279', 'rolldice': '5152439', 'moon-buggy': '5439204', 'apple': '5495053', 'banana': '5494888', 'cherry': '5495382', 'watermelon': '5494510', 'registry': '8018911', 'hello-world': '8021526', 'docker/getting-started': '8021973', 'alpine': '7991792'}
2022-04-15 10:18:30,962 INFO  EnvironmentC8y Setup
2022-04-15 10:18:31,523 INFO  Executed systemctl<serv_mapper1>, exit status 3
2022-04-15 10:18:31,630 INFO  Restarting mosquitto too frequently in the last 10 seconds. It was only up for 5 seconds
2022-04-15 10:18:31,631 INFO  Delaying execution by 6 seconds
2022-04-15 10:18:52,499 INFO  Executed sudo<tedge_connect_c8y>, exit status 0, duration 14 secs
2022-04-15 10:18:53,174 INFO  Executed sudo<tedge_connect_c8y_test>, exit status 0
2022-04-15 10:18:53,638 INFO  Executed systemctl<serv_mosq2>, exit status 0
2022-04-15 10:18:54,101 INFO  Executed systemctl<serv_mapper3>, exit status 0
2022-04-15 10:18:56,325 INFO  State of current operation: PENDING
2022-04-15 10:18:58,547 INFO  State of current operation: PENDING
2022-04-15 10:19:00,766 INFO  State of current operation: PENDING
2022-04-15 10:19:02,991 INFO  State of current operation: PENDING
2022-04-15 10:19:05,211 INFO  State of current operation: PENDING
2022-04-15 10:19:07,461 INFO  State of current operation: PENDING
2022-04-15 10:19:09,690 INFO  State of current operation: PENDING
2022-04-15 10:19:11,918 INFO  State of current operation: PENDING
2022-04-15 10:19:14,134 INFO  State of current operation: PENDING
2022-04-15 10:19:16,357 INFO  State of current operation: PENDING
2022-04-15 10:19:18,582 INFO  State of current operation: PENDING
2022-04-15 10:19:20,802 INFO  State of current operation: PENDING
2022-04-15 10:19:23,079 INFO  State of current operation: PENDING
2022-04-15 10:19:25,330 INFO  State of current operation: PENDING
2022-04-15 10:19:27,570 INFO  State of current operation: PENDING
2022-04-15 10:19:29,797 INFO  State of current operation: PENDING
2022-04-15 10:19:32,033 INFO  State of current operation: PENDING
2022-04-15 10:19:34,261 INFO  State of current operation: PENDING
2022-04-15 10:19:36,502 INFO  State of current operation: PENDING
2022-04-15 10:19:38,728 INFO  State of current operation: PENDING
2022-04-15 10:19:40,953 INFO  State of current operation: PENDING
2022-04-15 10:19:43,173 INFO  State of current operation: PENDING
2022-04-15 10:19:45,399 INFO  State of current operation: PENDING
2022-04-15 10:19:47,638 INFO  State of current operation: PENDING
2022-04-15 10:19:49,862 INFO  State of current operation: PENDING
2022-04-15 10:19:52,089 INFO  State of current operation: PENDING
2022-04-15 10:19:54,308 INFO  State of current operation: PENDING
2022-04-15 10:19:56,583 INFO  State of current operation: PENDING
2022-04-15 10:19:58,805 INFO  State of current operation: PENDING
2022-04-15 10:20:01,028 INFO  State of current operation: PENDING
2022-04-15 10:20:03,254 INFO  State of current operation: PENDING
2022-04-15 10:20:05,472 INFO  State of current operation: PENDING
2022-04-15 10:20:07,723 INFO  State of current operation: PENDING
2022-04-15 10:20:09,949 INFO  State of current operation: PENDING
2022-04-15 10:20:12,171 INFO  State of current operation: PENDING
2022-04-15 10:20:14,389 INFO  State of current operation: PENDING
2022-04-15 10:20:16,653 INFO  State of current operation: PENDING
2022-04-15 10:20:18,885 INFO  State of current operation: PENDING
2022-04-15 10:20:21,104 INFO  State of current operation: PENDING
2022-04-15 10:20:23,339 INFO  State of current operation: PENDING
2022-04-15 10:20:25,567 INFO  State of current operation: PENDING
2022-04-15 10:20:27,851 INFO  State of current operation: PENDING
2022-04-15 10:20:30,081 INFO  State of current operation: PENDING
2022-04-15 10:20:32,321 INFO  State of current operation: PENDING
2022-04-15 10:20:34,546 INFO  State of current operation: PENDING
2022-04-15 10:20:36,789 INFO  State of current operation: PENDING
2022-04-15 10:20:39,017 INFO  State of current operation: PENDING
2022-04-15 10:20:41,238 INFO  State of current operation: PENDING
2022-04-15 10:20:43,461 INFO  State of current operation: PENDING
2022-04-15 10:20:45,687 INFO  State of current operation: PENDING
2022-04-15 10:20:47,910 INFO  State of current operation: PENDING
2022-04-15 10:20:50,133 INFO  State of current operation: PENDING
2022-04-15 10:20:52,360 INFO  State of current operation: PENDING
2022-04-15 10:20:54,583 INFO  State of current operation: PENDING
2022-04-15 10:20:56,820 INFO  State of current operation: PENDING
2022-04-15 10:20:59,044 INFO  State of current operation: PENDING
2022-04-15 10:21:01,267 INFO  State of current operation: PENDING
2022-04-15 10:21:03,486 INFO  State of current operation: PENDING
2022-04-15 10:21:05,714 INFO  State of current operation: PENDING
2022-04-15 10:21:07,944 INFO  State of current operation: PENDING
2022-04-15 10:21:10,170 INFO  State of current operation: PENDING
2022-04-15 10:21:12,178 WARN  SystemError occurred while running test - Timeout while waiting for status FAILED or SUCCESSFUL
Traceback (most recent call last):
  File "/home/pi/env-pysys/lib/python3.7/site-packages/pysys/baserunner.py", line 1292, in __call__
    self.testObj.setup()
  File "/home/pi/actions-runner/_work/thin-edge.io/thin-edge.io/tests/PySys/software_management_end_to_end/sm_fake_install_remove/run.py", line 38, in setup
    super().setup()
  File "/home/pi/actions-runner/_work/thin-edge.io/thin-edge.io/tests/PySys/software_management_end_to_end/environment_sm_management.py", line 151, in setup
    self.wait_until_end()
  File "/home/pi/actions-runner/_work/thin-edge.io/thin-edge.io/tests/PySys/software_management_end_to_end/environment_sm_management.py", line 332, in wait_until_end
    self.wait_until_status("FAILED", "SUCCESSFUL")
  File "/home/pi/actions-runner/_work/thin-edge.io/thin-edge.io/tests/PySys/software_management_end_to_end/environment_sm_management.py", line 381, in wait_until_status
    "Timeout while waiting for status %s or %s" % (status, status2)
SystemError: Timeout while waiting for status FAILED or SUCCESSFUL
2022-04-15 10:21:12,209 WARN  SystemError: Timeout while waiting for status FAILED or SUCCESSFUL ... blocked 
2022-04-15 10:21:12,210 INFO  
2022-04-15 10:21:12,211 INFO  cleanup:
2022-04-15 10:21:16,326 INFO  Executed sudo<tedge_disconnect_c8y>, exit status 0
2022-04-15 10:21:16,940 INFO  Executed systemctl<serv_mapper5>, exit status 3
2022-04-15 10:21:16,946 INFO  
2022-04-15 10:21:16,947 INFO  Test duration: 166.00 secs
2022-04-15 10:21:16,949 INFO  Test final outcome:  BLOCKED
2022-04-15 10:21:16,951 INFO  Test outcome reason: SystemError: Timeout while waiting for status FAILED or SUCCESSFUL
2022-04-15 10:21:16,953 INFO  
