2022-05-30 09:07:27,404 INFO  ==============================================================
2022-05-30 09:07:27,404 INFO  Id:    call_tedge_config_list
2022-05-30 09:07:27,404 INFO  Dir:   tedge/
2022-05-30 09:07:27,404 INFO  Title: Validate command line options config: get set unset
2022-05-30 09:07:27,405 INFO  ==============================================================
2022-05-30 09:07:27,508 INFO  Executed sudo<tedge>, exit status 0
2022-05-30 09:07:27,610 INFO  Executed sudo<tedge_get_config_key>, exit status 0
2022-05-30 09:07:27,712 INFO  Executed sudo<tedge_get_config_key>, exit status 0
2022-05-30 09:07:27,815 INFO  Executed sudo<tedge_get_config_key>, exit status 0
2022-05-30 09:07:27,917 INFO  Executed sudo<tedge_get_config_key>, exit status 0
2022-05-30 09:07:28,019 INFO  Executed sudo<tedge_get_config_key>, exit status 0
2022-05-30 09:07:28,127 INFO  Executed sudo<tedge_get_config_key>, exit status 0
2022-05-30 09:07:28,128 INFO  /etc/tedge/device-certs/tedge-private-key.pem
2022-05-30 09:07:28,128 INFO  /etc/tedge/device-certs/tedge-certificate.pem
2022-05-30 09:07:28,128 INFO  thin-edge-io.eu-latest.cumulocity.com
2022-05-30 09:07:28,128 INFO  /etc/ssl/certs
2022-05-30 09:07:28,128 INFO  MichaelsHub.azure-devices.net
2022-05-30 09:07:28,128 INFO  /etc/ssl/certs/Baltimore_CyberTrust_Root.pem
2022-05-30 09:07:28,230 INFO  Executed sudo<tedge_unset_config_key>, exit status 0
2022-05-30 09:07:28,334 INFO  Executed sudo<tedge_unset_config_key>, exit status 0
2022-05-30 09:07:28,437 INFO  Executed sudo<tedge_unset_config_key>, exit status 0
2022-05-30 09:07:28,540 INFO  Executed sudo<tedge_unset_config_key>, exit status 0
2022-05-30 09:07:28,643 INFO  Executed sudo<tedge_unset_config_key>, exit status 0
2022-05-30 09:07:28,745 INFO  Executed sudo<tedge_unset_config_key>, exit status 0
2022-05-30 09:07:28,847 INFO  Executed sudo<tedge_get_config_key>, exit status 0
2022-05-30 09:07:28,848 INFO  Assert that (expect == valueread) with expect="/etc/tedge/device-certs/tedge-private-key.pem", valueread="/etc/tedge/device-certs/tedge-private-key.pem" ... passed
2022-05-30 09:07:28,950 INFO  Executed sudo<tedge_get_config_key>, exit status 0
2022-05-30 09:07:28,951 INFO  Assert that (expect == valueread) with expect="/etc/tedge/device-certs/tedge-certificate.pem", valueread="/etc/tedge/device-certs/tedge-certificate.pem" ... passed
2022-05-30 09:07:29,053 INFO  Executed sudo<tedge_get_config_key>, exit status 0
2022-05-30 09:07:29,054 INFO  Assert that (expect == valueread) with expect=None, valueread=None ... passed
2022-05-30 09:07:29,156 INFO  Executed sudo<tedge_get_config_key>, exit status 0
2022-05-30 09:07:29,157 INFO  Assert that (expect == valueread) with expect="/etc/ssl/certs", valueread="/etc/ssl/certs" ... passed
2022-05-30 09:07:29,258 INFO  Executed sudo<tedge_get_config_key>, exit status 0
2022-05-30 09:07:29,259 INFO  Assert that (expect == valueread) with expect=None, valueread=None ... passed
2022-05-30 09:07:29,361 INFO  Executed sudo<tedge_get_config_key>, exit status 0
2022-05-30 09:07:29,362 INFO  Assert that (expect == valueread) with expect="/etc/ssl/certs", valueread="/etc/ssl/certs" ... passed
2022-05-30 09:07:29,464 INFO  Executed sudo<tedge_set_config_key>, exit status 0
2022-05-30 09:07:29,566 INFO  Executed sudo<tedge_get_config_key>, exit status 0
2022-05-30 09:07:29,567 INFO  Assert that (value == vread) with value="failfailfail", vread="failfailfail" ... passed
2022-05-30 09:07:29,669 INFO  Executed sudo<tedge_set_config_key>, exit status 0
2022-05-30 09:07:29,772 INFO  Executed sudo<tedge_get_config_key>, exit status 0
2022-05-30 09:07:29,772 INFO  Assert that (value == vread) with value="failfailfail", vread="failfailfail" ... passed
2022-05-30 09:07:29,874 INFO  Executed sudo<tedge_set_config_key>, exit status 0
2022-05-30 09:07:29,977 INFO  Executed sudo<tedge_get_config_key>, exit status 0
2022-05-30 09:07:29,977 INFO  Assert that (value == vread) with value="failfailfail", vread="failfailfail" ... passed
2022-05-30 09:07:30,029 INFO  Executed sudo<tedge_set_config_key>, exit status 0
2022-05-30 09:07:30,132 INFO  Executed sudo<tedge_get_config_key>, exit status 0
2022-05-30 09:07:30,133 INFO  Assert that (value == vread) with value="failfailfail", vread="failfailfail" ... passed
2022-05-30 09:07:30,235 INFO  Executed sudo<tedge_set_config_key>, exit status 0
2022-05-30 09:07:30,337 INFO  Executed sudo<tedge_get_config_key>, exit status 0
2022-05-30 09:07:30,338 INFO  Assert that (value == vread) with value="failfailfail", vread="failfailfail" ... passed
2022-05-30 09:07:30,389 INFO  Executed sudo<tedge_set_config_key>, exit status 0
2022-05-30 09:07:30,491 INFO  Executed sudo<tedge_get_config_key>, exit status 0
2022-05-30 09:07:30,491 INFO  Assert that (value == vread) with value="failfailfail", vread="failfailfail" ... passed
2022-05-30 09:07:30,594 INFO  Executed sudo<tedge_set_config_key>, exit status 0
2022-05-30 09:07:30,696 INFO  Executed sudo<tedge_set_config_key>, exit status 0
2022-05-30 09:07:30,798 INFO  Executed sudo<tedge_set_config_key>, exit status 0
2022-05-30 09:07:30,901 INFO  Executed sudo<tedge_set_config_key>, exit status 0
2022-05-30 09:07:31,003 INFO  Executed sudo<tedge_set_config_key>, exit status 0
2022-05-30 09:07:31,106 INFO  Executed sudo<tedge_set_config_key>, exit status 0
2022-05-30 09:07:31,106 INFO  /etc/tedge/device-certs/tedge-private-key.pem
2022-05-30 09:07:31,106 INFO  /etc/tedge/device-certs/tedge-certificate.pem
2022-05-30 09:07:31,106 INFO  thin-edge-io.eu-latest.cumulocity.com
2022-05-30 09:07:31,107 INFO  /etc/ssl/certs
2022-05-30 09:07:31,107 INFO  MichaelsHub.azure-devices.net
2022-05-30 09:07:31,107 INFO  /etc/ssl/certs/Baltimore_CyberTrust_Root.pem
2022-05-30 09:07:31,209 INFO  Executed sudo<tedge_get_config_key>, exit status 0
2022-05-30 09:07:31,210 INFO  Assert that (valueold == valuenew) with valueold="/etc/tedge/device-certs/tedge-private-key.pem", valuenew="/etc/tedge/device-certs/tedge-private-key.pem" ... passed
2022-05-30 09:07:31,312 INFO  Executed sudo<tedge_get_config_key>, exit status 0
2022-05-30 09:07:31,312 INFO  Assert that (valueold == valuenew) with valueold="/etc/tedge/device-certs/tedge-certificate.pem", valuenew="/etc/tedge/device-certs/tedge-certificate.pem" ... passed
2022-05-30 09:07:31,414 INFO  Executed sudo<tedge_get_config_key>, exit status 0
2022-05-30 09:07:31,415 INFO  Assert that (valueold == valuenew) with valueold="thin-edge-io.eu-latest.cumulocity.com", valuenew="thin-edge-io.eu-latest.cumulocity.com" ... passed
2022-05-30 09:07:31,517 INFO  Executed sudo<tedge_get_config_key>, exit status 0
2022-05-30 09:07:31,518 INFO  Assert that (valueold == valuenew) with valueold="/etc/ssl/certs", valuenew="/etc/ssl/certs" ... passed
2022-05-30 09:07:31,620 INFO  Executed sudo<tedge_get_config_key>, exit status 0
2022-05-30 09:07:31,621 INFO  Assert that (valueold == valuenew) with valueold="MichaelsHub.azure-devices.net", valuenew="MichaelsHub.azure-devices.net" ... passed
2022-05-30 09:07:31,722 INFO  Executed sudo<tedge_get_config_key>, exit status 0
2022-05-30 09:07:31,723 INFO  Assert that (valueold == valuenew) with valueold="/etc/ssl/certs/Baltimore_CyberTrust_Root.pem", valuenew="/etc/ssl/certs/Baltimore_CyberTrust_Root.pem" ... passed
2022-05-30 09:07:31,825 INFO  Executed sudo<tedge_unset_device_id>, exit status 1
2022-05-30 09:07:31,927 INFO  Executed sudo<tedge_set_device_id>, exit status 1
2022-05-30 09:07:31,929 INFO  
2022-05-30 09:07:31,929 INFO  Test duration: 4.52 secs
2022-05-30 09:07:31,929 INFO  Test final outcome:  PASSED
2022-05-30 09:07:31,929 INFO  
