2022-04-14 10:06:40,079 INFO  ==============================================================
2022-04-14 10:06:40,080 INFO  Id:    invalid_device_id
2022-04-14 10:06:40,081 INFO  Dir:   misc_features/
2022-04-14 10:06:40,082 INFO  Title: Invalid Device ID
2022-04-14 10:06:40,083 INFO  ==============================================================
2022-04-14 10:06:40,604 INFO  Executed sudo<create_cert_dir>, exit status 0
2022-04-14 10:06:41,117 INFO  Executed sudo<create_cert_dir>, exit status 0
2022-04-14 10:06:41,629 INFO  Executed sudo<set_cert_path>, exit status 0
2022-04-14 10:06:42,191 INFO  Executed sudo<set_key_path>, exit status 0
2022-04-14 10:06:42,755 INFO  Executed sudo<cert_create>, exit status 1
2022-04-14 10:06:42,761 INFO  Grep on file cert_create.err ... passed
2022-04-14 10:06:42,767 INFO  
2022-04-14 10:06:42,768 INFO  cleanup:
2022-04-14 10:06:43,280 INFO  Executed sudo<unset_cert_path>, exit status 0
2022-04-14 10:06:43,842 INFO  Executed sudo<unset_key_path>, exit status 0
2022-04-14 10:06:44,355 INFO  Executed sudo<remove_cert_dir>, exit status 0
2022-04-14 10:06:44,359 INFO  
2022-04-14 10:06:44,359 INFO  Test duration: 4.28 secs
2022-04-14 10:06:44,360 INFO  Test final outcome:  PASSED
2022-04-14 10:06:44,361 INFO  
