2022-04-14 10:25:53,237 INFO  ==============================================================
2022-04-14 10:25:53,238 INFO  Id:    SoftwareManagement.sm_apt_install_remove_multiple_mixed
2022-04-14 10:25:53,239 INFO  Dir:   software_management_end_to_end/
2022-04-14 10:25:53,240 INFO  Title: Validate end to end behaviour for the apt plugin for multiple packages with mixed versions
2022-04-14 10:25:53,241 INFO  ==============================================================
2022-04-14 10:25:53,250 INFO  Using sw id database: {'asciijump': '5475369', 'robotfindskitten': '5474869', 'squirrel3': '5475279', 'rolldice': '5152439', 'moon-buggy': '5439204', 'apple': '5495053', 'banana': '5494888', 'cherry': '5495382', 'watermelon': '5494510', 'registry': '8018911', 'hello-world': '8021526', 'docker/getting-started': '8021973', 'alpine': '7991792'}
2022-04-14 10:25:53,251 INFO  EnvironmentC8y Setup
2022-04-14 10:25:53,806 INFO  Executed systemctl<serv_mapper1>, exit status 3
2022-04-14 10:25:53,916 INFO  Restarting mosquitto too frequently in the last 10 seconds. It was only up for 4 seconds
2022-04-14 10:25:53,917 INFO  Delaying execution by 7 seconds
2022-04-14 10:26:15,302 INFO  Executed sudo<tedge_connect_c8y>, exit status 0, duration 14 secs
2022-04-14 10:26:15,972 INFO  Executed sudo<tedge_connect_c8y_test>, exit status 0
2022-04-14 10:26:16,436 INFO  Executed systemctl<serv_mosq2>, exit status 0
2022-04-14 10:26:16,899 INFO  Executed systemctl<serv_mapper3>, exit status 0
2022-04-14 10:26:19,150 INFO  State of current operation: FAILED
2022-04-14 10:26:19,413 WARN  TypeError occurred while running test - 'NoneType' object is not iterable
Traceback (most recent call last):
  File "/home/pi/env-pysys/lib/python3.7/site-packages/pysys/baserunner.py", line 1292, in __call__
    self.testObj.setup()
  File "/home/pi/actions-runner/_work/thin-edge.io/thin-edge.io/tests/PySys/software_management_end_to_end/sm_apt_install_remove_multiple_mixed/run.py", line 75, in setup
    self.assertThat("False == value", value=self.check_is_installed("asciijump"))
  File "/home/pi/actions-runner/_work/thin-edge.io/thin-edge.io/tests/PySys/software_management_end_to_end/environment_sm_management.py", line 398, in check_is_installed
    for package in package_list:
TypeError: 'NoneType' object is not iterable
2022-04-14 10:26:19,429 WARN  TypeError: 'NoneType' object is not iterable ... blocked 
2022-04-14 10:26:19,430 INFO  
2022-04-14 10:26:19,431 INFO  cleanup:
2022-04-14 10:26:23,626 INFO  Executed sudo<tedge_disconnect_c8y>, exit status 0
2022-04-14 10:26:24,197 INFO  Executed systemctl<serv_mapper5>, exit status 3
2022-04-14 10:26:24,201 INFO  
2022-04-14 10:26:24,202 INFO  Test duration: 30.97 secs
2022-04-14 10:26:24,203 INFO  Test final outcome:  BLOCKED
2022-04-14 10:26:24,204 INFO  Test outcome reason: TypeError: 'NoneType' object is not iterable
2022-04-14 10:26:24,205 INFO  
