2022-05-10 12:55:47,417 INFO  ==============================================================
2022-05-10 12:55:47,417 INFO  Id:    mqtt_port_set
2022-05-10 12:55:47,417 INFO  Dir:   misc_features/
2022-05-10 12:55:47,418 INFO  Title: mqtt port set
2022-05-10 12:55:47,418 INFO  ==============================================================
2022-05-10 12:55:47,520 INFO  Executed sudo<mqtt_port_set>, exit status 0
2022-05-10 12:55:47,623 INFO  Executed sudo<tedge_get>, exit status 0
2022-05-10 12:55:47,624 INFO  Grep on file tedge_get.out ... passed
2022-05-10 12:55:47,625 INFO  Grep on file /etc/tedge/tedge.toml ... passed
2022-05-10 12:55:47,625 INFO  
2022-05-10 12:55:47,625 INFO  cleanup:
2022-05-10 12:55:47,727 INFO  Executed sudo<mqtt_port_unset>, exit status 0
2022-05-10 12:56:05,961 INFO  Executed sudo<tedge_connect_c8y>, exit status 0, duration 18 secs
2022-05-10 12:56:05,978 INFO  Restarting mosquitto too frequently in the last 10 seconds. It was only up for 8 seconds
2022-05-10 12:56:05,979 INFO  Delaying execution by 3 seconds
2022-05-10 12:56:20,284 INFO  Executed sudo<tedge_disconnect_c8y>, exit status 0, duration 11 secs
2022-05-10 12:56:20,284 INFO  
2022-05-10 12:56:20,285 INFO  Test duration: 32.86 secs
2022-05-10 12:56:20,285 INFO  Test final outcome:  PASSED
2022-05-10 12:56:20,285 INFO  
