2022-04-08 10:06:26,264 INFO  ==============================================================
2022-04-08 10:06:26,265 INFO  Id:    apt_install_local_file
2022-04-08 10:06:26,266 INFO  Dir:   plugin_apt/
2022-04-08 10:06:26,267 INFO  Title: Validate apt plugin install from local file - SUCCESS case
2022-04-08 10:06:26,268 DEBUG Execution order hint: 0.0
2022-04-08 10:06:26,269 INFO  ==============================================================
2022-04-08 10:06:28,286 INFO  URL of rolldice is b"'http://mirror.mythic-beasts.com/raspbian/pool/main/r/rolldice/rolldice_1.16-1+b1_armhf.deb'"
2022-04-08 10:06:30,420 INFO  Downloaded rolldcice in version 1.16-1+b1
2022-04-08 10:06:30,422 INFO  Filename is rolldice_1.16-1+b1_armhf.deb
2022-04-08 10:06:30,424 DEBUG Process parameters for sudo
  command line : /usr/bin/sudo /usr/bin/apt-get remove -y rolldice
    arg #1     : /usr/bin/apt-get
    arg #2     : remove
    arg #3     : -y
    arg #4     : rolldice
  working dir  : /home/pi/actions-runner/_work/thin-edge.io/thin-edge.io/tests/PySys/plugin_apt/apt_install_local_file/Output/linux
  stdout       : None
  stderr       : None
  environment  : LD_LIBRARY_PATH=/usr/lib
  environment  : PATH=/bin:/usr/bin:/usr/sbin:/usr/local/bin
                   #1  /bin
                   #2  /usr/bin
                   #3  /usr/sbin
                   #4  /usr/local/bin
2022-04-08 10:06:30,431 DEBUG Waiting up to 600 secs for process sudo (pid 21510)
2022-04-08 10:06:35,062 INFO  Executed sudo, exit status 0
2022-04-08 10:06:35,067 DEBUG Process parameters for sudo<outp_check_0>
  command line : /usr/bin/sudo /etc/tedge/sm-plugins/apt list
    arg #1     : /etc/tedge/sm-plugins/apt
    arg #2     : list
  working dir  : /home/pi/actions-runner/_work/thin-edge.io/thin-edge.io/tests/PySys/plugin_apt/apt_install_local_file/Output/linux
  stdout       : /home/pi/actions-runner/_work/thin-edge.io/thin-edge.io/tests/PySys/plugin_apt/apt_install_local_file/Output/linux/outp_check_0.out
  stderr       : /home/pi/actions-runner/_work/thin-edge.io/thin-edge.io/tests/PySys/plugin_apt/apt_install_local_file/Output/linux/outp_check_0.err
  environment  : LD_LIBRARY_PATH=/usr/lib
  environment  : PATH=/bin:/usr/bin:/usr/sbin:/usr/local/bin
                   #1  /bin
                   #2  /usr/bin
                   #3  /usr/sbin
                   #4  /usr/local/bin
2022-04-08 10:06:35,074 DEBUG Waiting up to 600 secs for process sudo<outp_check_0> (pid 21515)
2022-04-08 10:06:37,699 INFO  Executed sudo<outp_check_0>, exit status 0
2022-04-08 10:06:37,701 INFO  Assert that (value==0) with value=0 ... passed
2022-04-08 10:06:37,702 DEBUG Performing regex contains=False grep on file: /home/pi/actions-runner/_work/thin-edge.io/thin-edge.io/tests/PySys/plugin_apt/apt_install_local_file/Output/linux/outp_check_0.out
2022-04-08 10:06:37,707 INFO  Grep on file outp_check_0.out ... passed
2022-04-08 10:06:37,709 DEBUG --- test execute
2022-04-08 10:06:37,711 DEBUG Process parameters for sudo<outp_install>
  command line : /usr/bin/sudo /etc/tedge/sm-plugins/apt install rolldice --file /home/pi/actions-runner/_work/thin-edge.io/thin-edge.io/tests/PySys/rolldice_1.16-1+b1_armhf.deb
    arg #1     : /etc/tedge/sm-plugins/apt
    arg #2     : install
    arg #3     : rolldice
    arg #4     : --file
    arg #5     : /home/pi/actions-runner/_work/thin-edge.io/thin-edge.io/tests/PySys/rolldice_1.16-1+b1_armhf.deb
  working dir  : /home/pi/actions-runner/_work/thin-edge.io/thin-edge.io/tests/PySys/plugin_apt/apt_install_local_file/Output/linux
  stdout       : /home/pi/actions-runner/_work/thin-edge.io/thin-edge.io/tests/PySys/plugin_apt/apt_install_local_file/Output/linux/outp_install.out
  stderr       : /home/pi/actions-runner/_work/thin-edge.io/thin-edge.io/tests/PySys/plugin_apt/apt_install_local_file/Output/linux/outp_install.err
  environment  : LD_LIBRARY_PATH=/usr/lib
  environment  : PATH=/bin:/usr/bin:/usr/sbin:/usr/local/bin
                   #1  /bin
                   #2  /usr/bin
                   #3  /usr/sbin
                   #4  /usr/local/bin
2022-04-08 10:06:37,718 DEBUG Waiting up to 600 secs for process sudo<outp_install> (pid 21521)
2022-04-08 10:07:16,593 INFO  Executed sudo<outp_install>, exit status 0, duration 38 secs
2022-04-08 10:07:16,612 INFO  Assert that (value==0) with value=0 ... passed
2022-04-08 10:07:16,613 DEBUG --- test validate
2022-04-08 10:07:16,620 DEBUG Process parameters for sudo<outp_check_1>
  command line : /usr/bin/sudo /etc/tedge/sm-plugins/apt list
    arg #1     : /etc/tedge/sm-plugins/apt
    arg #2     : list
  working dir  : /home/pi/actions-runner/_work/thin-edge.io/thin-edge.io/tests/PySys/plugin_apt/apt_install_local_file/Output/linux
  stdout       : /home/pi/actions-runner/_work/thin-edge.io/thin-edge.io/tests/PySys/plugin_apt/apt_install_local_file/Output/linux/outp_check_1.out
  stderr       : /home/pi/actions-runner/_work/thin-edge.io/thin-edge.io/tests/PySys/plugin_apt/apt_install_local_file/Output/linux/outp_check_1.err
  environment  : LD_LIBRARY_PATH=/usr/lib
  environment  : PATH=/bin:/usr/bin:/usr/sbin:/usr/local/bin
                   #1  /bin
                   #2  /usr/bin
                   #3  /usr/sbin
                   #4  /usr/local/bin
2022-04-08 10:07:16,628 DEBUG Waiting up to 600 secs for process sudo<outp_check_1> (pid 21679)
2022-04-08 10:07:21,918 INFO  Executed sudo<outp_check_1>, exit status 0
2022-04-08 10:07:21,919 INFO  Assert that (value==0) with value=0 ... passed
2022-04-08 10:07:21,921 DEBUG Performing regex contains=True grep on file: /home/pi/actions-runner/_work/thin-edge.io/thin-edge.io/tests/PySys/plugin_apt/apt_install_local_file/Output/linux/outp_check_1.out
2022-04-08 10:07:21,925 DEBUG Grep on file outp_check_1.out successfully matched expression "rolldice" with line: 'rolldice\t1.16-1+b1\n'
2022-04-08 10:07:21,927 INFO  Grep on file outp_check_1.out ... passed
2022-04-08 10:07:21,932 DEBUG --- test cleanup
2022-04-08 10:07:21,933 INFO  
2022-04-08 10:07:21,934 INFO  cleanup:
2022-04-08 10:07:21,934 DEBUG Running registered cleanup function: <bound method AptPluginInstallFromLocalFile.cleanup_remove_rolldice_binary of <AptPluginInstallFromLocalFile object at 0x760ecd70>>
2022-04-08 10:07:21,936 DEBUG ProcessUser cleanup function done.
2022-04-08 10:07:21,940 INFO  
2022-04-08 10:07:21,940 INFO  Test duration: 55.68 secs
2022-04-08 10:07:21,941 INFO  Test final outcome:  PASSED
2022-04-08 10:07:21,942 INFO  
