2022-05-16 08:15:12,597 INFO  ==============================================================
2022-05-16 08:15:12,598 INFO  Id:    docker_plugin_install
2022-05-16 08:15:12,599 INFO  Dir:   plugin_docker/
2022-05-16 08:15:12,600 INFO  Title: Validate docker plugin install
2022-05-16 08:15:12,601 INFO  ==============================================================
2022-05-16 08:15:13,417 INFO  Executed sudo<docker_images>, exit status 0
2022-05-16 08:15:13,422 INFO  Grep on file /home/pi/actions-runner/_work/thin-edge.io/thin-edge.io/tests/PySys/plugin_docker/docker_plugin_install/Output/linux/docker_images.out ... passed
2022-05-16 08:15:37,042 INFO  Executed sudo<plugin_install>, exit status 0, duration 23 secs
2022-05-16 08:15:39,029 INFO  Executed sudo<docker_ps_latest>, exit status 0
2022-05-16 08:15:40,096 INFO  Executed sudo<docker_ps>, exit status 0
2022-05-16 08:15:40,103 INFO  Grep on file /home/pi/actions-runner/_work/thin-edge.io/thin-edge.io/tests/PySys/plugin_docker/docker_plugin_install/Output/linux/docker_ps.out ... passed
2022-05-16 08:15:40,110 INFO  
2022-05-16 08:15:40,111 INFO  cleanup:
2022-05-16 08:15:40,112 INFO  Removing containers scheduled to be cleaned up: ['4063d37ff795']
2022-05-16 08:15:44,581 INFO  Executed sudo<containers_for_cleanup>, exit status 0
2022-05-16 08:15:44,583 INFO  Removing images scheduled to be cleaned up: ['registry', 'registry']
2022-05-16 08:15:48,261 INFO  Executed sudo<containers_for_cleanup>, exit status 0
2022-05-16 08:15:48,267 INFO  
2022-05-16 08:15:48,268 INFO  Test duration: 35.68 secs
2022-05-16 08:15:48,270 INFO  Test final outcome:  PASSED
2022-05-16 08:15:48,270 INFO  
