2022-05-09 07:55:11,677 INFO  ==============================================================
2022-05-09 07:55:11,678 INFO  Id:    docker_plugin_install_with_version
2022-05-09 07:55:11,679 INFO  Dir:   plugin_docker/
2022-05-09 07:55:11,680 INFO  Title: Validate docker plugin install
2022-05-09 07:55:11,681 INFO  ==============================================================
2022-05-09 07:55:12,473 INFO  Executed sudo<docker_images>, exit status 0
2022-05-09 07:55:12,478 INFO  Grep on file /home/pi/actions-runner/_work/thin-edge.io/thin-edge.io/tests/PySys/plugin_docker/docker_plugin_install_with_version/Output/linux/docker_images.out ... passed
2022-05-09 07:55:37,504 INFO  Executed sudo<plugin_install>, exit status 0, duration 25 secs
2022-05-09 07:55:38,321 INFO  Executed sudo<docker_ps_latest>, exit status 0
2022-05-09 07:55:39,084 INFO  Executed sudo<docker_ps>, exit status 0
2022-05-09 07:55:39,090 INFO  Grep on file /home/pi/actions-runner/_work/thin-edge.io/thin-edge.io/tests/PySys/plugin_docker/docker_plugin_install_with_version/Output/linux/docker_ps.out ... passed
2022-05-09 07:55:39,096 INFO  
2022-05-09 07:55:39,097 INFO  cleanup:
2022-05-09 07:55:39,098 INFO  Removing containers scheduled to be cleaned up: ['a07775ca3944', '8a368fafe508']
2022-05-09 07:55:41,626 INFO  Executed sudo<containers_for_cleanup>, exit status 0
2022-05-09 07:55:41,627 INFO  Removing images scheduled to be cleaned up: ['registry', 'registry', 'registry:2.7.1']
2022-05-09 07:55:44,750 INFO  Executed sudo<containers_for_cleanup>, exit status 0
2022-05-09 07:55:44,754 INFO  
2022-05-09 07:55:44,755 INFO  Test duration: 33.08 secs
2022-05-09 07:55:44,756 INFO  Test final outcome:  PASSED
2022-05-09 07:55:44,757 INFO  
