2022-05-30 10:06:21,677 INFO  ==============================================================
2022-05-30 10:06:21,678 INFO  Id:    docker_plugin_finalize
2022-05-30 10:06:21,681 INFO  Dir:   plugin_docker/
2022-05-30 10:06:21,682 INFO  Title: Validate docker plugin finalize command
2022-05-30 10:06:21,683 INFO  ==============================================================
2022-05-30 10:06:25,852 INFO  Executed sudo<docker_images>, exit status 0
2022-05-30 10:06:25,864 INFO  Grep on file /home/pi/actions-runner/_work/thin-edge.io/thin-edge.io/tests/PySys/plugin_docker/docker_plugin_finalize/Output/linux/docker_images.out ... passed
2022-05-30 10:06:54,478 INFO  Executed sudo<docker_pull>, exit status 0, duration 28 secs
2022-05-30 10:06:55,461 INFO  Executed sudo<docker_images>, exit status 0
2022-05-30 10:06:55,466 INFO  Grep on file /home/pi/actions-runner/_work/thin-edge.io/thin-edge.io/tests/PySys/plugin_docker/docker_plugin_finalize/Output/linux/docker_images.out ... passed
2022-05-30 10:06:58,743 INFO  Executed sudo<plugin_finalize>, exit status 0
2022-05-30 10:06:59,507 INFO  Executed sudo<docker_ps_latest>, exit status 0
2022-05-30 10:07:00,305 INFO  Executed sudo<docker_images>, exit status 0
2022-05-30 10:07:00,309 INFO  Grep on file /home/pi/actions-runner/_work/thin-edge.io/thin-edge.io/tests/PySys/plugin_docker/docker_plugin_finalize/Output/linux/docker_images.out ... passed
2022-05-30 10:07:00,316 INFO  
2022-05-30 10:07:00,317 INFO  cleanup:
2022-05-30 10:07:00,317 INFO  Removing images scheduled to be cleaned up: ['registry']
2022-05-30 10:07:01,081 INFO  Executed sudo<containers_for_cleanup>, exit status 0
2022-05-30 10:07:01,085 INFO  
2022-05-30 10:07:01,086 INFO  Test duration: 39.42 secs
2022-05-30 10:07:01,087 INFO  Test final outcome:  PASSED
2022-05-30 10:07:01,088 INFO  
