2022-04-27 14:20:05,003 INFO  ==============================================================
2022-04-27 14:20:05,004 INFO  Id:    log_request_num_lines
2022-04-27 14:20:05,005 INFO  Dir:   log_request_end_to_end/
2022-04-27 14:20:05,006 INFO  Title: Validate end to end behaviour for the log request operation check for number of lines
2022-04-27 14:20:05,007 INFO  ==============================================================
2022-04-27 14:20:05,033 INFO  EnvironmentC8y Setup
2022-04-27 14:20:05,597 INFO  Executed systemctl<serv_mapper1>, exit status 3
2022-04-27 14:20:05,703 INFO  Restarting mosquitto too frequently in the last 10 seconds. It was only up for 4 seconds
2022-04-27 14:20:05,705 INFO  Delaying execution by 7 seconds
2022-04-27 14:20:27,128 INFO  Executed sudo<tedge_connect_c8y>, exit status 0, duration 14 secs
2022-04-27 14:20:27,696 INFO  Executed sudo<tedge_connect_c8y_test>, exit status 0
2022-04-27 14:20:28,159 INFO  Executed systemctl<serv_mosq2>, exit status 0
2022-04-27 14:20:28,622 INFO  Executed systemctl<serv_mapper3>, exit status 0
2022-04-27 14:20:29,136 INFO  Executed sudo<rm_logs>, exit status 0
2022-04-27 14:20:29,724 INFO  Executed sudo<move_logs>, exit status 0
2022-04-27 14:20:30,159 INFO  log response None
2022-04-27 14:20:30,161 WARN  retry, retrying in 1 seconds...
2022-04-27 14:20:31,376 INFO  log response https://thin-edge-io.eu-latest.cumulocity.com/event/events/17788226/binaries
2022-04-27 14:20:31,598 INFO  nlines 0
2022-04-27 14:20:31,630 WARN  Assert that (True == value) with value=False ... failed [run.py:44]
2022-04-27 14:20:31,637 INFO  
2022-04-27 14:20:31,638 INFO  cleanup:
2022-04-27 14:20:32,150 INFO  Executed sudo<rm_logs>, exit status 0
2022-04-27 14:20:32,715 INFO  Executed sudo<rm_tmp_logs>, exit status 0
2022-04-27 14:20:33,335 INFO  Executed sudo<send_failed>, exit status 0
2022-04-27 14:20:37,292 INFO  Executed sudo<tedge_disconnect_c8y>, exit status 0
2022-04-27 14:20:37,906 INFO  Executed systemctl<serv_mapper5>, exit status 3
2022-04-27 14:20:37,910 INFO  
2022-04-27 14:20:37,911 INFO  Test duration: 32.91 secs
2022-04-27 14:20:37,912 INFO  Test final outcome:  FAILED
2022-04-27 14:20:37,913 INFO  Test outcome reason: Assert that (True == value) with value=False
2022-04-27 14:20:37,914 INFO  
