2022-05-02 15:36:26,941 INFO  ==============================================================
2022-05-02 15:36:26,942 INFO  Id:    apt_sequence_install_with_version
2022-05-02 15:36:26,943 INFO  Dir:   plugin_apt/
2022-05-02 15:36:26,943 INFO  Title: Validate apt plugin install with version use case
2022-05-02 15:36:26,944 INFO  ==============================================================
2022-05-02 15:36:32,584 INFO  Executed sudo, exit status 0
2022-05-02 15:36:35,461 INFO  Executed sudo<outp_check_0>, exit status 0
2022-05-02 15:36:35,463 INFO  Assert that (value==0) with value=0 ... passed
2022-05-02 15:36:35,468 INFO  Grep on file outp_check_0.out ... passed
2022-05-02 15:36:57,189 INFO  Executed sudo<outp_prepare>, exit status 0, duration 21 secs
2022-05-02 15:36:57,193 INFO  Assert that (value==0) with value=0 ... passed
2022-05-02 15:37:49,776 INFO  Executed sudo<outp_install>, exit status 0, duration 52 secs
2022-05-02 15:37:49,779 INFO  Assert that (value==0) with value=0 ... passed
2022-05-02 15:37:57,724 INFO  Executed sudo<outp_finalize>, exit status 0
2022-05-02 15:37:57,726 INFO  Assert that (value==0) with value=0 ... passed
2022-05-02 15:38:00,559 INFO  Executed sudo<outp_check_1>, exit status 0
2022-05-02 15:38:00,563 INFO  Assert that (value==0) with value=0 ... passed
2022-05-02 15:38:00,568 INFO  Grep on file outp_check_1.out ... passed
2022-05-02 15:38:01,177 WARN  Grep on outp_check_1.out contains 'rolldice\t1.16-1(\\+b|build)(1|3)' ... failed [run.py:61]
2022-05-02 15:38:01,183 INFO  
2022-05-02 15:38:01,184 INFO  cleanup:
2022-05-02 15:38:17,601 INFO  Executed sudo, exit status 0, duration 16 secs
2022-05-02 15:38:17,605 INFO  
2022-05-02 15:38:17,606 INFO  Test duration: 110.67 secs
2022-05-02 15:38:17,607 INFO  Test final outcome:  FAILED
2022-05-02 15:38:17,608 INFO  Test outcome reason: Grep on outp_check_1.out contains 'rolldice\t1.16-1(\\+b|build)(1|3)'
2022-05-02 15:38:17,609 INFO  
