2022-05-10 19:27:15,080 INFO  ==============================================================
2022-05-10 19:27:15,081 INFO  Id:    custom_init_system
2022-05-10 19:27:15,082 INFO  Dir:   misc_features/
2022-05-10 19:27:15,083 INFO  Title: Custom init system test
2022-05-10 19:27:15,084 INFO  ==============================================================
2022-05-10 19:27:15,652 INFO  Executed sudo<copy_system_config>, exit status 0
2022-05-10 19:27:16,213 INFO  Executed sudo<copy_dummy_init>, exit status 0
2022-05-10 19:27:42,511 INFO  Executed sudo<tedge_connect>, exit status 0, duration 26 secs
2022-05-10 19:27:43,125 INFO  Executed sudo<tedge_disconnect>, exit status 0
2022-05-10 19:27:43,131 INFO  Grep on file tedge_connect.out ... passed
2022-05-10 19:27:43,135 INFO  Grep on file tedge_disconnect.out ... passed
2022-05-10 19:27:43,139 INFO  Grep on file /tmp/dummy_init/dummy_init.out ... passed
2022-05-10 19:27:43,145 INFO  Grep on file /tmp/dummy_init/dummy_init.out ... passed
2022-05-10 19:27:43,149 INFO  Grep on file /tmp/dummy_init/dummy_init.out ... passed
2022-05-10 19:27:43,154 INFO  Grep on file /tmp/dummy_init/dummy_init.out ... passed
2022-05-10 19:27:43,158 INFO  Grep on file /tmp/dummy_init/dummy_init.out ... passed
2022-05-10 19:27:43,163 INFO  Grep on file /tmp/dummy_init/dummy_init.out ... passed
2022-05-10 19:27:43,167 INFO  Grep on file /tmp/dummy_init/dummy_init.out ... passed
2022-05-10 19:27:43,172 INFO  Grep on file /tmp/dummy_init/dummy_init.out ... passed
2022-05-10 19:27:43,176 INFO  Grep on file /tmp/dummy_init/dummy_init.out ... passed
2022-05-10 19:27:43,180 INFO  Grep on file /tmp/dummy_init/dummy_init.out ... passed
2022-05-10 19:27:43,185 INFO  Grep on file /tmp/dummy_init/dummy_init.out ... passed
2022-05-10 19:27:43,189 INFO  Grep on file /tmp/dummy_init/dummy_init.out ... passed
2022-05-10 19:27:43,194 INFO  Grep on file /tmp/dummy_init/dummy_init.out ... passed
2022-05-10 19:27:43,198 INFO  Grep on file /tmp/dummy_init/dummy_init.out ... passed
2022-05-10 19:27:43,204 INFO  
2022-05-10 19:27:43,205 INFO  cleanup:
2022-05-10 19:27:43,724 INFO  Executed sudo<remove_system_config>, exit status 0
2022-05-10 19:27:44,235 INFO  Executed sudo<remove_dummy_init>, exit status 0
2022-05-10 19:27:44,238 INFO  
2022-05-10 19:27:44,239 INFO  Test duration: 29.16 secs
2022-05-10 19:27:44,240 INFO  Test final outcome:  PASSED
2022-05-10 19:27:44,241 INFO  
