2022-04-07 16:51:11,964 INFO  ==============================================================
2022-04-07 16:51:11,965 INFO  Id:    apt_wrong_option
2022-04-07 16:51:11,966 INFO  Dir:   plugin_apt/
2022-04-07 16:51:11,967 INFO  Title: Validate apt plugin install
2022-04-07 16:51:11,967 DEBUG Execution order hint: 0.0
2022-04-07 16:51:11,968 INFO  ==============================================================
2022-04-07 16:51:11,972 DEBUG --- test execute
2022-04-07 16:51:11,974 DEBUG Process parameters for sudo<outp>
  command line : /usr/bin/sudo /etc/tedge/sm-plugins/apt nonsense
    arg #1     : /etc/tedge/sm-plugins/apt
    arg #2     : nonsense
  working dir  : /home/pi/actions-runner/_work/thin-edge.io/thin-edge.io/tests/PySys/plugin_apt/apt_wrong_option/Output/linux
  stdout       : /home/pi/actions-runner/_work/thin-edge.io/thin-edge.io/tests/PySys/plugin_apt/apt_wrong_option/Output/linux/outp.out
  stderr       : /home/pi/actions-runner/_work/thin-edge.io/thin-edge.io/tests/PySys/plugin_apt/apt_wrong_option/Output/linux/outp.err
  environment  : LD_LIBRARY_PATH=/usr/lib
  environment  : PATH=/bin:/usr/bin:/usr/sbin:/usr/local/bin
                   #1  /bin
                   #2  /usr/bin
                   #3  /usr/sbin
                   #4  /usr/local/bin
2022-04-07 16:51:11,981 DEBUG Waiting up to 600 secs for process sudo<outp> (pid 3770)
2022-04-07 16:51:12,488 INFO  Executed sudo<outp>, exit status 1
2022-04-07 16:51:12,490 INFO  Assert that (value==1) with value=1 ... passed
2022-04-07 16:51:12,491 DEBUG --- test validate
2022-04-07 16:51:12,495 DEBUG --- test cleanup
2022-04-07 16:51:12,497 DEBUG ProcessUser cleanup function done.
2022-04-07 16:51:12,500 INFO  
2022-04-07 16:51:12,500 INFO  Test duration: 0.56 secs
2022-04-07 16:51:12,501 INFO  Test final outcome:  PASSED
2022-04-07 16:51:12,502 INFO  
