2022-04-28 07:21:50,016 INFO  ==============================================================
2022-04-28 07:21:50,017 INFO  Id:    local_mqtt_pub_sub_retain
2022-04-28 07:21:50,018 INFO  Dir:   local_mqtt/
2022-04-28 07:21:50,019 INFO  Title: Validate local publishing with retain flag
2022-04-28 07:21:50,020 INFO  ==============================================================
2022-04-28 07:21:50,438 INFO  Executed tedge<pub_to_set_alarm>, exit status 0
2022-04-28 07:21:50,861 INFO  Executed tedge<pub_to_set_alarm>, exit status 0
2022-04-28 07:21:51,871 INFO  Started tedge<temp_sensor_sub> with process id 19495
2022-04-28 07:21:52,291 INFO  Executed tedge<pub_to_clear_alarm>, exit status 0
2022-04-28 07:21:53,907 INFO  Executed sudo<kill_out>, exit status 0
2022-04-28 07:21:54,329 INFO  Executed tedge<pub_to_clear_alarm>, exit status 0
2022-04-28 07:21:54,337 INFO  Started tedge<temp_sensor_empty_message> with process id 19500
2022-04-28 07:21:55,851 INFO  Executed sudo<kill_out>, exit status 0
2022-04-28 07:21:55,858 INFO  Grep on file temp_sensor_sub.out ... passed
2022-04-28 07:21:55,863 INFO  Grep on file temp_sensor_sub.out ... passed
2022-04-28 07:21:55,867 INFO  Grep on file temp_sensor_empty_message.out ... passed
2022-04-28 07:21:55,875 INFO  
2022-04-28 07:21:55,876 INFO  Test duration: 5.86 secs
2022-04-28 07:21:55,877 INFO  Test final outcome:  PASSED
2022-04-28 07:21:55,878 INFO  
