2022-05-02 14:51:20,298 INFO  ==============================================================
2022-05-02 14:51:20,298 INFO  Id:    log_request_error_messages
2022-05-02 14:51:20,298 INFO  Dir:   log_request_end_to_end/
2022-05-02 14:51:20,298 INFO  Title: Validate end to end behaviour for the log request operation check for error messages
2022-05-02 14:51:20,298 INFO  ==============================================================
2022-05-02 14:51:20,364 INFO  EnvironmentC8y Setup
2022-05-02 14:51:20,465 INFO  Executed systemctl<serv_mapper1>, exit status 3
2022-05-02 14:51:20,484 INFO  Restarting mosquitto too frequently in the last 10 seconds. It was only up for 0 seconds
2022-05-02 14:51:20,485 INFO  Delaying execution by 11 seconds
2022-05-02 14:51:48,958 INFO  Executed sudo<tedge_connect_c8y>, exit status 0, duration 17 secs
2022-05-02 14:51:49,110 INFO  Executed sudo<tedge_connect_c8y_test>, exit status 0
2022-05-02 14:51:49,212 INFO  Executed systemctl<serv_mosq2>, exit status 0
2022-05-02 14:51:49,314 INFO  Executed systemctl<serv_mapper3>, exit status 0
2022-05-02 14:51:49,366 INFO  Executed sudo<rm_logs>, exit status 0
2022-05-02 14:51:49,418 INFO  Executed sudo<move_logs>, exit status 0
2022-05-02 14:51:49,684 INFO  log response None
2022-05-02 14:51:49,684 WARN  retry, retrying in 1 seconds...
2022-05-02 14:51:50,833 INFO  log response https://thin-edge-io.eu-latest.cumulocity.com/event/events/18154421/binaries
2022-05-02 14:51:50,989 WARN  Assert that (True == value) with value=False ... failed [run.py:43]
2022-05-02 14:51:50,990 INFO  
2022-05-02 14:51:50,990 INFO  cleanup:
2022-05-02 14:51:51,091 INFO  Executed sudo<rm_logs>, exit status 0
2022-05-02 14:51:51,143 INFO  Executed sudo<rm_tmp_logs>, exit status 0
2022-05-02 14:51:51,195 INFO  Executed sudo<send_failed>, exit status 0
2022-05-02 14:51:51,208 INFO  Restarting mosquitto too frequently in the last 10 seconds. It was only up for 9 seconds
2022-05-02 14:51:51,208 INFO  Delaying execution by 2 seconds
2022-05-02 14:52:04,047 INFO  Executed sudo<tedge_disconnect_c8y>, exit status 0
2022-05-02 14:52:04,149 INFO  Executed systemctl<serv_mapper5>, exit status 3
2022-05-02 14:52:04,150 INFO  
2022-05-02 14:52:04,150 INFO  Test duration: 43.85 secs
2022-05-02 14:52:04,151 INFO  Test final outcome:  FAILED
2022-05-02 14:52:04,151 INFO  Test outcome reason: Assert that (True == value) with value=False
2022-05-02 14:52:04,151 INFO  
