$SYS/broker/version mosquitto version 1.5.7
$SYS/broker/uptime 11 seconds
$SYS/broker/clients/total 6
$SYS/broker/clients/maximum 6
$SYS/broker/clients/inactive 2
$SYS/broker/clients/disconnected 2
$SYS/broker/clients/active 4
$SYS/broker/clients/connected 4
$SYS/broker/clients/expired 0
$SYS/broker/load/messages/received/1min 41.12
$SYS/broker/load/messages/received/5min 8.84
$SYS/broker/load/messages/received/15min 2.98
$SYS/broker/load/messages/sent/1min 41.12
$SYS/broker/load/messages/sent/5min 8.84
$SYS/broker/load/messages/sent/15min 2.98
$SYS/broker/load/publish/dropped/1min 0.00
$SYS/broker/load/publish/dropped/5min 0.00
$SYS/broker/load/publish/dropped/15min 0.00
$SYS/broker/load/publish/received/1min 8.22
$SYS/broker/load/publish/received/5min 1.77
$SYS/broker/load/publish/received/15min 0.60
$SYS/broker/load/publish/sent/1min 0.00
$SYS/broker/load/publish/sent/5min 0.00
$SYS/broker/load/publish/sent/15min 0.00
$SYS/broker/load/bytes/received/1min 3174.15
$SYS/broker/load/bytes/received/5min 682.22
$SYS/broker/load/bytes/received/15min 230.19
$SYS/broker/load/bytes/sent/1min 3376.08
$SYS/broker/load/bytes/sent/5min 725.62
$SYS/broker/load/bytes/sent/15min 244.83
$SYS/broker/load/sockets/1min 4.57
$SYS/broker/load/sockets/5min 0.98
$SYS/broker/load/sockets/15min 0.33
$SYS/broker/load/connections/1min 4.57
$SYS/broker/load/connections/5min 0.98
$SYS/broker/load/connections/15min 0.33
$SYS/broker/messages/stored 53
$SYS/broker/messages/received 45
$SYS/broker/messages/sent 45
$SYS/broker/store/messages/count 53
$SYS/broker/store/messages/bytes 195
$SYS/broker/subscriptions/count 33
$SYS/broker/retained messages/count 53
$SYS/broker/heap/current 51600
$SYS/broker/heap/maximum 53776
$SYS/broker/publish/messages/dropped 0
$SYS/broker/publish/messages/received 9
$SYS/broker/publish/messages/sent 0
$SYS/broker/publish/bytes/received 2501
$SYS/broker/publish/bytes/sent 3217
$SYS/broker/bytes/received 3474
$SYS/broker/bytes/sent 3695
$SYS/broker/uptime 22 seconds
$SYS/broker/clients/total 8
$SYS/broker/clients/maximum 8
$SYS/broker/clients/inactive 1
$SYS/broker/clients/disconnected 1
$SYS/broker/clients/active 7
$SYS/broker/clients/connected 7
$SYS/broker/load/messages/received/1min 2048.00
$SYS/broker/load/messages/sent/1min 1264.97
$SYS/broker/load/publish/received/1min 1424.89
$SYS/broker/load/publish/sent/1min 47.51
$SYS/broker/load/bytes/received/1min 213691.49
$SYS/broker/load/bytes/sent/1min 163284.24
$SYS/broker/load/sockets/1min 7.46
$SYS/broker/load/connections/1min 7.46
$SYS/broker/load/messages/received/5min 441.34
$SYS/broker/load/messages/sent/5min 273.04
$SYS/broker/load/publish/received/5min 306.48
$SYS/broker/load/publish/sent/5min 10.21
$SYS/broker/load/bytes/received/5min 46018.16
$SYS/broker/load/bytes/sent/5min 35189.90
$SYS/broker/load/sockets/5min 1.73
$SYS/broker/load/connections/5min 1.73
$SYS/broker/load/messages/received/15min 148.98
$SYS/broker/load/messages/sent/15min 92.20
$SYS/broker/load/publish/received/15min 103.43
$SYS/broker/load/publish/sent/15min 3.45
$SYS/broker/load/bytes/received/15min 15532.74
$SYS/broker/load/bytes/sent/15min 11879.46
$SYS/broker/load/sockets/15min 0.59
$SYS/broker/load/connections/15min 0.59
$SYS/broker/messages/stored 54
$SYS/broker/store/messages/count 54
$SYS/broker/store/messages/bytes 556
$SYS/broker/subscriptions/count 35
$SYS/broker/heap/current 55596
$SYS/broker/heap/maximum 56216
$SYS/broker/messages/received 2249
$SYS/broker/messages/sent 1392
$SYS/broker/publish/messages/received 1561
$SYS/broker/publish/messages/sent 52
$SYS/broker/bytes/received 234460
$SYS/broker/bytes/sent 179328
$SYS/broker/publish/bytes/received 172541
$SYS/broker/publish/bytes/sent 154151
$SYS/broker/uptime 33 seconds
$SYS/broker/load/messages/received/1min 4881.83
$SYS/broker/load/messages/sent/1min 3043.08
$SYS/broker/load/publish/received/1min 3389.11
$SYS/broker/load/publish/sent/1min 80.67
$SYS/broker/load/bytes/received/1min 518354.42
$SYS/broker/load/bytes/sent/1min 399054.52
$SYS/broker/load/sockets/1min 6.21
$SYS/broker/load/connections/1min 6.21
$SYS/broker/load/messages/received/5min 1108.25
$SYS/broker/load/messages/sent/5min 690.92
$SYS/broker/load/publish/received/5min 768.91
$SYS/broker/load/publish/sent/5min 18.68
$SYS/broker/load/bytes/received/5min 117535.66
$SYS/broker/load/bytes/sent/5min 90475.44
$SYS/broker/load/sockets/5min 1.67
$SYS/broker/load/connections/5min 1.67
$SYS/broker/load/messages/received/15min 377.56
$SYS/broker/load/messages/sent/15min 235.40
$SYS/broker/load/publish/received/15min 261.92
$SYS/broker/load/publish/sent/15min 6.39
$SYS/broker/load/bytes/received/15min 40034.19
$SYS/broker/load/bytes/sent/15min 30816.84
$SYS/broker/messages/stored 55
$SYS/broker/store/messages/count 55
$SYS/broker/store/messages/bytes 726
$SYS/broker/heap/current 56016
$SYS/broker/heap/maximum 57788
$SYS/broker/messages/received 5726
$SYS/broker/messages/sent 3570
$SYS/broker/publish/messages/received 3972
$SYS/broker/publish/messages/sent 97
$SYS/broker/bytes/received 607080
$SYS/broker/bytes/sent 467306
$SYS/broker/publish/bytes/received 450952
$SYS/broker/publish/bytes/sent 402675
$SYS/broker/uptime 44 seconds
$SYS/broker/load/messages/received/1min 7228.18
$SYS/broker/load/messages/sent/1min 4516.95
$SYS/broker/load/publish/received/1min 5011.51
$SYS/broker/load/publish/sent/1min 100.05
$SYS/broker/load/bytes/received/1min 771426.10
$SYS/broker/load/bytes/sent/1min 595548.51
$SYS/broker/load/sockets/1min 5.17
$SYS/broker/load/connections/1min 5.17
$SYS/broker/load/messages/received/5min 1748.41
$SYS/broker/load/messages/sent/5min 1092.38
$SYS/broker/load/publish/received/5min 1211.95
$SYS/broker/load/publish/sent/5min 25.08
$SYS/broker/load/bytes/received/5min 186358.56
$SYS/broker/load/bytes/sent/5min 143817.30
$SYS/broker/load/sockets/5min 1.61
$SYS/broker/load/connections/5min 1.61
$SYS/broker/load/messages/received/15min 602.44
$SYS/broker/load/messages/sent/15min 376.39
$SYS/broker/load/publish/received/15min 417.57
$SYS/broker/load/publish/sent/15min 8.69
$SYS/broker/load/bytes/received/15min 64197.58
$SYS/broker/load/bytes/sent/15min 49539.94
$SYS/broker/messages/stored 56
$SYS/broker/store/messages/count 56
$SYS/broker/store/messages/bytes 1208
$SYS/broker/heap/current 56680
$SYS/broker/heap/maximum 58680
$SYS/broker/messages/received 9189
$SYS/broker/messages/sent 5741
$SYS/broker/publish/messages/received 6369
$SYS/broker/publish/messages/sent 133
$SYS/broker/bytes/received 979090
$SYS/broker/bytes/sent 755522
$SYS/broker/publish/bytes/received 729403
$SYS/broker/publish/bytes/sent 651672
$SYS/broker/uptime 55 seconds
$SYS/broker/load/messages/received/1min 9191.54
$SYS/broker/load/messages/sent/1min 5738.46
$SYS/broker/load/publish/received/1min 6373.11
$SYS/broker/load/publish/sent/1min 116.18
$SYS/broker/load/bytes/received/1min 982299.60
$SYS/broker/load/bytes/sent/1min 758141.14
$SYS/broker/load/sockets/1min 4.30
$SYS/broker/load/connections/1min 4.30
$SYS/broker/load/messages/received/5min 2367.68
$SYS/broker/load/messages/sent/5min 1478.21
$SYS/broker/load/publish/received/5min 1641.39
$SYS/broker/load/publish/sent/5min 31.24
$SYS/broker/load/bytes/received/5min 252745.28
$SYS/broker/load/bytes/sent/5min 195026.63
$SYS/broker/load/sockets/5min 1.55
$SYS/broker/load/connections/5min 1.55
$SYS/broker/load/messages/received/15min 825.31
$SYS/broker/load/messages/sent/15min 515.27
$SYS/broker/load/publish/received/15min 572.12
$SYS/broker/load/publish/sent/15min 10.97
$SYS/broker/load/bytes/received/15min 88081.49
$SYS/broker/load/bytes/sent/15min 67964.03
$SYS/broker/store/messages/bytes 1047
$SYS/broker/heap/current 56456
$SYS/broker/heap/maximum 59716
$SYS/broker/messages/received 12663
$SYS/broker/messages/sent 7906
$SYS/broker/publish/messages/received 8778
$SYS/broker/publish/messages/sent 169
$SYS/broker/bytes/received 1351312
$SYS/broker/bytes/sent 1042658
$SYS/broker/publish/bytes/received 1007487
$SYS/broker/publish/bytes/sent 899723
$SYS/broker/uptime 66 seconds
$SYS/broker/load/messages/received/1min 10847.95
$SYS/broker/load/messages/sent/1min 6763.57
$SYS/broker/load/publish/received/1min 7523.99
$SYS/broker/load/publish/sent/1min 127.79
$SYS/broker/load/bytes/received/1min 1159982.36
$SYS/broker/load/bytes/sent/1min 894915.11
$SYS/broker/load/sockets/1min 3.58
$SYS/broker/load/connections/1min 3.58
$SYS/broker/load/messages/received/5min 2969.36
$SYS/broker/load/messages/sent/5min 1851.92
$SYS/broker/load/publish/received/5min 2059.10
$SYS/broker/load/publish/sent/5min 36.80
$SYS/broker/load/bytes/received/5min 317200.26
$SYS/broker/load/bytes/sent/5min 244696.86
$SYS/broker/load/sockets/5min 1.50
$SYS/broker/load/connections/5min 1.50
$SYS/broker/load/messages/received/15min 1047.07
$SYS/broker/load/messages/sent/15min 653.06
$SYS/broker/load/publish/received/15min 726.05
$SYS/broker/load/publish/sent/15min 13.09
$SYS/broker/load/bytes/received/15min 111829.92
$SYS/broker/load/bytes/sent/15min 86267.08
$SYS/broker/store/messages/bytes 1056
$SYS/broker/heap/current 56476
$SYS/broker/messages/received 16161
$SYS/broker/messages/sent 10080
$SYS/broker/publish/messages/received 11206
$SYS/broker/publish/messages/sent 203
$SYS/broker/bytes/received 1725868
$SYS/broker/bytes/sent 1331345
$SYS/broker/publish/bytes/received 1287042
$SYS/broker/publish/bytes/sent 1149183
$SYS/broker/uptime 77 seconds
$SYS/broker/load/messages/received/1min 12222.33
$SYS/broker/load/messages/sent/1min 7624.27
$SYS/broker/load/publish/received/1min 8471.12
$SYS/broker/load/publish/sent/1min 136.53
$SYS/broker/load/bytes/received/1min 1307501.39
$SYS/broker/load/bytes/sent/1min 1009256.92
$SYS/broker/load/sockets/1min 2.98
$SYS/broker/load/connections/1min 2.98
$SYS/broker/load/messages/received/5min 3548.41
$SYS/broker/load/messages/sent/5min 2213.74
$SYS/broker/load/publish/received/5min 2459.42
$SYS/broker/load/publish/sent/5min 41.95
$SYS/broker/load/bytes/received/5min 379248.68
$SYS/broker/load/bytes/sent/5min 292681.75
$SYS/broker/load/sockets/5min 1.44
$SYS/broker/load/connections/5min 1.44
$SYS/broker/load/messages/received/15min 1265.80
$SYS/broker/load/messages/sent/15min 789.71
$SYS/broker/load/publish/received/15min 877.32
$SYS/broker/load/publish/sent/15min 15.12
$SYS/broker/load/bytes/received/15min 135260.83
$SYS/broker/load/bytes/sent/15min 104382.50
$SYS/broker/store/messages/bytes 1061
$SYS/broker/heap/current 56504
$SYS/broker/messages/received 19654
$SYS/broker/messages/sent 12262
$SYS/broker/publish/messages/received 13622
$SYS/broker/publish/messages/sent 236
$SYS/broker/bytes/received 2099986
$SYS/broker/bytes/sent 1620556
$SYS/broker/publish/bytes/received 1566741
$SYS/broker/publish/bytes/sent 1399114
$SYS/broker/uptime 88 seconds
$SYS/broker/load/messages/received/1min 13359.17
$SYS/broker/load/messages/sent/1min 8332.58
$SYS/broker/load/publish/received/1min 9257.77
$SYS/broker/load/publish/sent/1min 143.81
$SYS/broker/load/bytes/received/1min 1429907.57
$SYS/broker/load/bytes/sent/1min 1103941.96
$SYS/broker/load/sockets/1min 2.48
$SYS/broker/load/connections/1min 2.48
$SYS/broker/load/messages/received/5min 4105.03
$SYS/broker/load/messages/sent/5min 2560.77
$SYS/broker/load/publish/received/5min 2844.93
$SYS/broker/load/publish/sent/5min 46.92
$SYS/broker/load/bytes/received/5min 438976.79
$SYS/broker/load/bytes/sent/5min 338830.85
$SYS/broker/load/sockets/5min 1.39
$SYS/broker/load/connections/5min 1.39
$SYS/broker/load/messages/received/15min 1481.34
$SYS/broker/load/messages/sent/15min 924.10
$SYS/broker/load/publish/received/15min 1026.61
$SYS/broker/load/publish/sent/15min 17.12
$SYS/broker/load/bytes/received/15min 158377.95
$SYS/broker/load/bytes/sent/15min 122241.36
$SYS/broker/messages/stored 55
$SYS/broker/store/messages/count 55
$SYS/broker/store/messages/bytes 747
$SYS/broker/heap/current 55996
$SYS/broker/messages/received 23139
$SYS/broker/messages/sent 14435
$SYS/broker/publish/messages/received 16036
$SYS/broker/publish/messages/sent 269
$SYS/broker/bytes/received 2473664
$SYS/broker/bytes/sent 1909216
$SYS/broker/publish/bytes/received 1846081
$SYS/broker/publish/bytes/sent 1648575
$SYS/broker/uptime 99 seconds
$SYS/broker/load/messages/received/1min 14292.80
$SYS/broker/load/messages/sent/1min 8912.19
$SYS/broker/load/publish/received/1min 9906.25
$SYS/broker/load/publish/sent/1min 151.70
$SYS/broker/load/bytes/received/1min 1530157.63
$SYS/broker/load/bytes/sent/1min 1181358.38
$SYS/broker/load/sockets/1min 2.07
$SYS/broker/load/connections/1min 2.07
$SYS/broker/load/messages/received/5min 4638.87
$SYS/broker/load/messages/sent/5min 2893.14
$SYS/broker/load/publish/received/5min 3215.18
$SYS/broker/load/publish/sent/5min 52.11
$SYS/broker/load/bytes/received/5min 496199.48
$SYS/broker/load/bytes/sent/5min 383015.84
$SYS/broker/load/sockets/5min 1.34
$SYS/broker/load/connections/5min 1.34
$SYS/broker/load/messages/received/15min 1693.33
$SYS/broker/load/messages/sent/15min 1056.13
$SYS/broker/load/publish/received/15min 1173.63
$SYS/broker/load/publish/sent/15min 19.23
$SYS/broker/load/bytes/received/15min 181094.44
$SYS/broker/load/bytes/sent/15min 139781.16
$SYS/broker/messages/stored 54
$SYS/broker/store/messages/count 54
$SYS/broker/store/messages/bytes 596
$SYS/broker/heap/current 55688
$SYS/broker/heap/maximum 61168
$SYS/broker/messages/received 26610
$SYS/broker/messages/sent 16597
$SYS/broker/publish/messages/received 18443
$SYS/broker/publish/messages/sent 304
$SYS/broker/bytes/received 2845534
$SYS/broker/bytes/sent 2196335
$SYS/broker/publish/bytes/received 2123867
$SYS/broker/publish/bytes/sent 1896645
$SYS/broker/uptime 110 seconds
$SYS/broker/load/messages/received/1min 15070.94
$SYS/broker/load/messages/sent/1min 9397.44
$SYS/broker/load/publish/received/1min 10447.93
$SYS/broker/load/publish/sent/1min 159.18
$SYS/broker/load/bytes/received/1min 1613911.81
$SYS/broker/load/bytes/sent/1min 1245837.89
$SYS/broker/load/sockets/1min 1.72
$SYS/broker/load/connections/1min 1.72
$SYS/broker/load/messages/received/5min 5153.68
$SYS/broker/load/messages/sent/5min 3214.14
$SYS/broker/load/publish/received/5min 3572.50
$SYS/broker/load/publish/sent/5min 57.30
$SYS/broker/load/bytes/received/5min 551425.83
$SYS/broker/load/bytes/sent/5min 425616.74
$SYS/broker/load/sockets/5min 1.29
$SYS/broker/load/connections/5min 1.29
$SYS/broker/load/messages/received/15min 1902.82
$SYS/broker/load/messages/sent/15min 1186.76
$SYS/broker/load/publish/received/15min 1319.00
$SYS/broker/load/publish/sent/15min 21.39
$SYS/broker/load/bytes/received/15min 203556.52
$SYS/broker/load/bytes/sent/15min 157110.14
$SYS/broker/messages/stored 56
$SYS/broker/store/messages/count 56
$SYS/broker/store/messages/bytes 1064
$SYS/broker/heap/current 56520
$SYS/broker/messages/received 30082
$SYS/broker/messages/sent 18762
$SYS/broker/publish/messages/received 20852
$SYS/broker/publish/messages/sent 340
$SYS/broker/bytes/received 3217729
$SYS/broker/bytes/sent 2483488
$SYS/broker/publish/bytes/received 2401932
$SYS/broker/publish/bytes/sent 2144713
$SYS/broker/uptime 121 seconds
$SYS/broker/load/messages/received/1min 15726.96
$SYS/broker/load/messages/sent/1min 9806.90
$SYS/broker/load/publish/received/1min 10901.62
$SYS/broker/load/publish/sent/1min 164.50
$SYS/broker/load/bytes/received/1min 1684424.88
$SYS/broker/load/bytes/sent/1min 1300470.36
$SYS/broker/load/sockets/1min 1.43
$SYS/broker/load/connections/1min 1.43
$SYS/broker/load/messages/received/5min 5651.72
$SYS/broker/load/messages/sent/5min 3524.76
$SYS/broker/load/publish/received/5min 3917.55
$SYS/broker/load/publish/sent/5min 62.11
$SYS/broker/load/bytes/received/5min 604833.36
$SYS/broker/load/bytes/sent/5min 466888.91
$SYS/broker/load/sockets/5min 1.25
$SYS/broker/load/connections/5min 1.25
$SYS/broker/load/messages/received/15min 2110.36
$SYS/broker/load/messages/sent/15min 1316.19
$SYS/broker/load/publish/received/15min 1462.80
$SYS/broker/load/publish/sent/15min 23.45
$SYS/broker/load/bytes/received/15min 225802.91
$SYS/broker/load/bytes/sent/15min 174297.79
$SYS/broker/messages/stored 55
$SYS/broker/store/messages/count 55
$SYS/broker/store/messages/bytes 749
$SYS/broker/heap/current 56028
$SYS/broker/messages/received 33563
$SYS/broker/messages/sent 20933
$SYS/broker/publish/messages/received 23264
$SYS/broker/publish/messages/sent 375
$SYS/broker/bytes/received 3590787
$SYS/broker/bytes/sent 2771685
$SYS/broker/publish/bytes/received 2680727
$SYS/broker/publish/bytes/sent 2393715
$SYS/broker/uptime 132 seconds
$SYS/broker/load/messages/received/1min 16281.32
$SYS/broker/load/messages/sent/1min 10156.90
$SYS/broker/load/publish/received/1min 11282.05
$SYS/broker/load/publish/sent/1min 168.92
$SYS/broker/load/bytes/received/1min 1743932.23
$SYS/broker/load/bytes/sent/1min 1346940.91
$SYS/broker/load/sockets/1min 1.19
$SYS/broker/load/connections/1min 1.19
$SYS/broker/load/messages/received/5min 6133.61
$SYS/broker/load/messages/sent/5min 3826.16
$SYS/broker/load/publish/received/5min 4250.76
$SYS/broker/load/publish/sent/5min 66.75
$SYS/broker/load/bytes/received/5min 656491.29
$SYS/broker/load/bytes/sent/5min 506887.85
$SYS/broker/load/sockets/5min 1.20
$SYS/broker/load/connections/5min 1.20
$SYS/broker/load/messages/received/15min 2315.98
$SYS/broker/load/messages/sent/15min 1444.72
$SYS/broker/load/publish/received/15min 1605.05
$SYS/broker/load/publish/sent/15min 25.48
$SYS/broker/load/bytes/received/15min 247837.50
$SYS/broker/load/bytes/sent/15min 191348.40
$SYS/broker/messages/stored 54
$SYS/broker/store/messages/count 54
$SYS/broker/store/messages/bytes 599
$SYS/broker/heap/current 55672
$SYS/broker/messages/received 37053
$SYS/broker/messages/sent 23114
$SYS/broker/publish/messages/received 25679
$SYS/broker/publish/messages/sent 410
$SYS/broker/bytes/received 3964727
$SYS/broker/bytes/sent 3060965
$SYS/broker/publish/bytes/received 2960277
$SYS/broker/publish/bytes/sent 2643656
$SYS/broker/uptime 143 seconds
$SYS/broker/clients/total 7
$SYS/broker/clients/inactive 2
$SYS/broker/clients/disconnected 2
$SYS/broker/clients/active 5
$SYS/broker/clients/connected 5
$SYS/broker/load/messages/received/1min 15806.29
$SYS/broker/load/messages/sent/1min 9733.78
$SYS/broker/load/publish/received/1min 11018.57
$SYS/broker/load/publish/sent/1min 172.61
$SYS/broker/load/bytes/received/1min 1683164.78
$SYS/broker/load/bytes/sent/1min 1289790.51
$SYS/broker/load/sockets/1min 0.99
$SYS/broker/load/connections/1min 0.99
$SYS/broker/load/messages/received/5min 6396.85
$SYS/broker/load/messages/sent/5min 3963.14
$SYS/broker/load/publish/received/5min 4447.27
$SYS/broker/load/publish/sent/5min 71.22
$SYS/broker/load/bytes/received/5min 682581.30
$SYS/broker/load/bytes/sent/5min 524848.67
$SYS/broker/load/sockets/5min 1.16
$SYS/broker/load/connections/5min 1.16
$SYS/broker/load/messages/received/15min 2451.17
$SYS/broker/load/messages/sent/15min 1519.87
$SYS/broker/load/publish/received/15min 1703.49
$SYS/broker/load/publish/sent/15min 27.49
$SYS/broker/load/bytes/received/15min 261604.94
$SYS/broker/load/bytes/sent/15min 201241.79
$SYS/broker/messages/stored 53
$SYS/broker/store/messages/count 53
$SYS/broker/store/messages/bytes 283
$SYS/broker/subscriptions/count 34
$SYS/broker/heap/current 54932
$SYS/broker/messages/received 39518
$SYS/broker/messages/sent 24513
$SYS/broker/publish/messages/received 27459
$SYS/broker/publish/messages/sent 445
$SYS/broker/bytes/received 4217940
$SYS/broker/bytes/sent 3245355
$SYS/broker/publish/bytes/received 3143524
$SYS/broker/publish/bytes/sent 2802579
$SYS/broker/version mosquitto version 1.5.7
$SYS/broker/uptime 0 seconds
$SYS/broker/clients/total 5
$SYS/broker/clients/maximum 5
$SYS/broker/clients/inactive 5
$SYS/broker/clients/disconnected 5
$SYS/broker/clients/active 0
$SYS/broker/clients/connected 0
$SYS/broker/clients/expired 0
$SYS/broker/load/messages/received/1min 0.00
$SYS/broker/load/messages/received/5min 0.00
$SYS/broker/load/messages/received/15min 0.00
$SYS/broker/load/messages/sent/1min 0.00
$SYS/broker/load/messages/sent/5min 0.00
$SYS/broker/load/messages/sent/15min 0.00
$SYS/broker/load/publish/dropped/1min 0.00
$SYS/broker/load/publish/dropped/5min 0.00
$SYS/broker/load/publish/dropped/15min 0.00
$SYS/broker/load/publish/received/1min 0.00
$SYS/broker/load/publish/received/5min 0.00
$SYS/broker/load/publish/received/15min 0.00
$SYS/broker/load/publish/sent/1min 0.00
$SYS/broker/load/publish/sent/5min 0.00
$SYS/broker/load/publish/sent/15min 0.00
$SYS/broker/load/bytes/received/1min 0.00
$SYS/broker/load/bytes/received/5min 0.00
$SYS/broker/load/bytes/received/15min 0.00
$SYS/broker/load/bytes/sent/1min 0.00
$SYS/broker/load/bytes/sent/5min 0.00
$SYS/broker/load/bytes/sent/15min 0.00
$SYS/broker/load/sockets/1min 0.00
$SYS/broker/load/sockets/5min 0.00
$SYS/broker/load/sockets/15min 0.00
$SYS/broker/load/connections/1min 0.00
$SYS/broker/load/connections/5min 0.00
$SYS/broker/load/connections/15min 0.00
$SYS/broker/messages/stored 37
$SYS/broker/messages/received 0
$SYS/broker/messages/sent 0
$SYS/broker/store/messages/count 37
$SYS/broker/store/messages/bytes 152
$SYS/broker/subscriptions/count 32
$SYS/broker/retained messages/count 41
$SYS/broker/heap/current 44012
$SYS/broker/heap/maximum 44752
$SYS/broker/publish/messages/dropped 0
$SYS/broker/publish/messages/received 0
$SYS/broker/publish/messages/sent 0
$SYS/broker/publish/bytes/received 0
$SYS/broker/publish/bytes/sent 0
$SYS/broker/bytes/received 0
$SYS/broker/bytes/sent 0
