2022-04-21 09:47:01,981 INFO  ==============================================================
2022-04-21 09:47:01,982 INFO  Id:    publish_sawmill_record_statistics_long
2022-04-21 09:47:01,983 INFO  Title: Publish sawmill and record process statistics long version
2022-04-21 09:47:01,983 INFO  ==============================================================
2022-04-21 09:47:02,005 INFO  EnvironmentC8y Setup
2022-04-21 09:47:02,567 INFO  Executed systemctl<serv_mapper1>, exit status 3
2022-04-21 09:47:02,684 INFO  Restarting mosquitto too frequently in the last 10 seconds. It was only up for 4 seconds
2022-04-21 09:47:02,685 INFO  Delaying execution by 7 seconds
2022-04-21 09:47:23,658 INFO  Executed sudo<tedge_connect_c8y>, exit status 0, duration 13 secs
2022-04-21 09:47:24,236 INFO  Executed sudo<tedge_connect_c8y_test>, exit status 0
2022-04-21 09:47:24,700 INFO  Executed systemctl<serv_mosq2>, exit status 0
2022-04-21 09:47:25,163 INFO  Executed systemctl<serv_mapper3>, exit status 0
2022-04-21 09:47:25,165 INFO  Setup
2022-04-21 09:47:25,166 INFO  Execute
2022-04-21 09:47:26,093 INFO  Executed sudo<collectd_out>, exit status 0
2022-04-21 09:47:26,110 INFO  Started mosquitto_sub_stdout with process id 305
2022-04-21 09:49:30,301 INFO  Executed sawtooth_publisher<stdout_sawmill>, exit status 0, duration 124 secs
2022-04-21 09:49:30,848 INFO  Executed systemctl<serv_mosq>, exit status 0
2022-04-21 09:49:31,371 INFO  Executed systemctl<serv_mapper4>, exit status 0
2022-04-21 09:49:31,429 INFO  Grep on input file mosquitto_sub_stdout.out ... passed
2022-04-21 09:49:31,440 INFO  
2022-04-21 09:49:31,441 INFO  cleanup:
2022-04-21 09:49:31,443 INFO  My Cleanup
2022-04-21 09:49:32,487 INFO  Executed sudo<collectd_out>, exit status 0
2022-04-21 09:49:32,491 INFO  Exporting data from /var/lib/collectd/rrd/mythicb/exec/gauge-mosquitto-shared.rrd
2022-04-21 09:49:32,579 INFO  Exporting data from /var/lib/collectd/rrd/mythicb/exec/gauge-mosquitto-stime.rrd
2022-04-21 09:49:32,693 INFO  Exporting data from /var/lib/collectd/rrd/mythicb/exec/gauge-mosquitto-data.rrd
2022-04-21 09:49:32,810 INFO  Exporting data from /var/lib/collectd/rrd/mythicb/exec/gauge-mosquitto-text.rrd
2022-04-21 09:49:32,923 INFO  Exporting data from /var/lib/collectd/rrd/mythicb/exec/gauge-mosquitto-size.rrd
2022-04-21 09:49:33,032 INFO  Exporting data from /var/lib/collectd/rrd/mythicb/exec/gauge-mapper-c8y-text.rrd
2022-04-21 09:49:33,143 INFO  Exporting data from /var/lib/collectd/rrd/mythicb/exec/gauge-mosquitto-resident.rrd
2022-04-21 09:49:33,251 INFO  Exporting data from /var/lib/collectd/rrd/mythicb/exec/gauge-mapper-c8y-size.rrd
2022-04-21 09:49:33,360 INFO  Exporting data from /var/lib/collectd/rrd/mythicb/exec/gauge-mapper-c8y-resident.rrd
2022-04-21 09:49:33,468 INFO  Exporting data from /var/lib/collectd/rrd/mythicb/exec/gauge-mosquitto-utime.rrd
2022-04-21 09:49:33,577 INFO  Exporting data from /var/lib/collectd/rrd/mythicb/exec/gauge-mapper-c8y-stime.rrd
2022-04-21 09:49:33,696 INFO  Exporting data from /var/lib/collectd/rrd/mythicb/exec/gauge-mapper-c8y-data.rrd
2022-04-21 09:49:33,803 INFO  Exporting data from /var/lib/collectd/rrd/mythicb/exec/gauge-mapper-c8y-utime.rrd
2022-04-21 09:49:33,930 INFO  Exporting data from /var/lib/collectd/rrd/mythicb/exec/gauge-mapper-c8y-shared.rrd
2022-04-21 09:49:38,074 INFO  Executed sudo<tedge_disconnect_c8y>, exit status 0
2022-04-21 09:49:38,637 INFO  Executed systemctl<serv_mapper5>, exit status 3
2022-04-21 09:49:38,692 INFO  
2022-04-21 09:49:38,693 INFO  Test duration: 156.72 secs
2022-04-21 09:49:38,694 INFO  Test final outcome:  PASSED
2022-04-21 09:49:38,695 INFO  
