2022-04-11 10:48:08,550 INFO  ==============================================================
2022-04-11 10:48:08,551 INFO  Id:    SoftwareManagement.sm_apt_install_fail
2022-04-11 10:48:08,553 INFO  Dir:   software_management_end_to_end/
2022-04-11 10:48:08,554 INFO  Title: Validate end to end behaviour for a failing installation
2022-04-11 10:48:08,555 DEBUG Execution order hint: 0.0
2022-04-11 10:48:08,556 INFO  ==============================================================
2022-04-11 10:48:08,574 INFO  Using sw id database: {'asciijump': '5475369', 'robotfindskitten': '5474869', 'squirrel3': '5475279', 'rolldice': '5152439', 'moon-buggy': '5439204', 'apple': '5495053', 'banana': '5494888', 'cherry': '5495382', 'watermelon': '5494510', 'registry': '8018911', 'hello-world': '8021526', 'docker/getting-started': '8021973', 'alpine': '7991792'}
2022-04-11 10:48:08,575 DEBUG EnvironmentC8y Setup
2022-04-11 10:48:08,577 INFO  EnvironmentC8y Setup
2022-04-11 10:48:08,580 DEBUG Process parameters for systemctl<serv_mapper1>
  command line : /usr/bin/systemctl status tedge-mapper-c8y
    arg #1     : status
    arg #2     : tedge-mapper-c8y
  working dir  : /home/pi/actions-runner/_work/thin-edge.io/thin-edge.io/tests/PySys/software_management_end_to_end/sm_apt_install_fail/Output/linux
  stdout       : /home/pi/actions-runner/_work/thin-edge.io/thin-edge.io/tests/PySys/software_management_end_to_end/sm_apt_install_fail/Output/linux/serv_mapper1.out
  stderr       : /home/pi/actions-runner/_work/thin-edge.io/thin-edge.io/tests/PySys/software_management_end_to_end/sm_apt_install_fail/Output/linux/serv_mapper1.err
  environment  : LD_LIBRARY_PATH=/usr/lib
  environment  : PATH=/bin:/usr/bin:/usr/sbin:/usr/local/bin
                   #1  /bin
                   #2  /usr/bin
                   #3  /usr/sbin
                   #4  /usr/local/bin
2022-04-11 10:48:08,589 DEBUG Waiting up to 600 secs for process systemctl<serv_mapper1> (pid 32417)
2022-04-11 10:48:09,147 INFO  Executed systemctl<serv_mapper1>, exit status 3
2022-04-11 10:48:09,253 INFO  Restarting mosquitto too frequently in the last 10 seconds. It was only up for 6 seconds
2022-04-11 10:48:09,254 INFO  Delaying execution by 5 seconds
2022-04-11 10:48:14,262 DEBUG Process parameters for sudo<tedge_connect_c8y>
  command line : /usr/bin/sudo /usr/bin/tedge connect c8y
    arg #1     : /usr/bin/tedge
    arg #2     : connect
    arg #3     : c8y
  working dir  : /home/pi/actions-runner/_work/thin-edge.io/thin-edge.io/tests/PySys/software_management_end_to_end/sm_apt_install_fail/Output/linux
  stdout       : /home/pi/actions-runner/_work/thin-edge.io/thin-edge.io/tests/PySys/software_management_end_to_end/sm_apt_install_fail/Output/linux/tedge_connect_c8y.out
  stderr       : /home/pi/actions-runner/_work/thin-edge.io/thin-edge.io/tests/PySys/software_management_end_to_end/sm_apt_install_fail/Output/linux/tedge_connect_c8y.err
  environment  : LD_LIBRARY_PATH=/usr/lib
  environment  : PATH=/bin:/usr/bin:/usr/sbin:/usr/local/bin
                   #1  /bin
                   #2  /usr/bin
                   #3  /usr/sbin
                   #4  /usr/local/bin
2022-04-11 10:48:14,271 DEBUG Waiting up to 600 secs for process sudo<tedge_connect_c8y> (pid 32421)
2022-04-11 10:48:28,054 INFO  Executed sudo<tedge_connect_c8y>, exit status 0, duration 13 secs
2022-04-11 10:48:28,057 DEBUG Process parameters for sudo<tedge_connect_c8y_test>
  command line : /usr/bin/sudo /usr/bin/tedge connect c8y --test
    arg #1     : /usr/bin/tedge
    arg #2     : connect
    arg #3     : c8y
    arg #4     : --test
  working dir  : /home/pi/actions-runner/_work/thin-edge.io/thin-edge.io/tests/PySys/software_management_end_to_end/sm_apt_install_fail/Output/linux
  stdout       : /home/pi/actions-runner/_work/thin-edge.io/thin-edge.io/tests/PySys/software_management_end_to_end/sm_apt_install_fail/Output/linux/tedge_connect_c8y_test.out
  stderr       : /home/pi/actions-runner/_work/thin-edge.io/thin-edge.io/tests/PySys/software_management_end_to_end/sm_apt_install_fail/Output/linux/tedge_connect_c8y_test.err
  environment  : LD_LIBRARY_PATH=/usr/lib
  environment  : PATH=/bin:/usr/bin:/usr/sbin:/usr/local/bin
                   #1  /bin
                   #2  /usr/bin
                   #3  /usr/sbin
                   #4  /usr/local/bin
2022-04-11 10:48:28,066 DEBUG Waiting up to 600 secs for process sudo<tedge_connect_c8y_test> (pid 32529)
2022-04-11 10:48:28,739 INFO  Executed sudo<tedge_connect_c8y_test>, exit status 0
2022-04-11 10:48:28,742 DEBUG Process parameters for systemctl<serv_mosq2>
  command line : /usr/bin/systemctl status mosquitto
    arg #1     : status
    arg #2     : mosquitto
  working dir  : /home/pi/actions-runner/_work/thin-edge.io/thin-edge.io/tests/PySys/software_management_end_to_end/sm_apt_install_fail/Output/linux
  stdout       : /home/pi/actions-runner/_work/thin-edge.io/thin-edge.io/tests/PySys/software_management_end_to_end/sm_apt_install_fail/Output/linux/serv_mosq2.out
  stderr       : /home/pi/actions-runner/_work/thin-edge.io/thin-edge.io/tests/PySys/software_management_end_to_end/sm_apt_install_fail/Output/linux/serv_mosq2.err
  environment  : LD_LIBRARY_PATH=/usr/lib
  environment  : PATH=/bin:/usr/bin:/usr/sbin:/usr/local/bin
                   #1  /bin
                   #2  /usr/bin
                   #3  /usr/sbin
                   #4  /usr/local/bin
2022-04-11 10:48:28,750 DEBUG Waiting up to 600 secs for process systemctl<serv_mosq2> (pid 32546)
2022-04-11 10:48:29,208 INFO  Executed systemctl<serv_mosq2>, exit status 0
2022-04-11 10:48:29,210 DEBUG Process parameters for systemctl<serv_mapper3>
  command line : /usr/bin/systemctl status tedge-mapper-c8y
    arg #1     : status
    arg #2     : tedge-mapper-c8y
  working dir  : /home/pi/actions-runner/_work/thin-edge.io/thin-edge.io/tests/PySys/software_management_end_to_end/sm_apt_install_fail/Output/linux
  stdout       : /home/pi/actions-runner/_work/thin-edge.io/thin-edge.io/tests/PySys/software_management_end_to_end/sm_apt_install_fail/Output/linux/serv_mapper3.out
  stderr       : /home/pi/actions-runner/_work/thin-edge.io/thin-edge.io/tests/PySys/software_management_end_to_end/sm_apt_install_fail/Output/linux/serv_mapper3.err
  environment  : LD_LIBRARY_PATH=/usr/lib
  environment  : PATH=/bin:/usr/bin:/usr/sbin:/usr/local/bin
                   #1  /bin
                   #2  /usr/bin
                   #3  /usr/sbin
                   #4  /usr/local/bin
2022-04-11 10:48:29,218 DEBUG Waiting up to 600 secs for process systemctl<serv_mapper3> (pid 32548)
2022-04-11 10:48:29,677 INFO  Executed systemctl<serv_mapper3>, exit status 0
2022-04-11 10:48:31,705 DEBUG Starting new HTTPS connection (1): thin-edge-io.eu-latest.cumulocity.com:443
2022-04-11 10:48:31,915 DEBUG https://thin-edge-io.eu-latest.cumulocity.com:443 "GET /devicecontrol/operations?deviceId=17060782&pageSize=1&revert=true&dateFrom=1970-01-01T00%3A00%3A00.000Z HTTP/1.1" 200 1191
2022-04-11 10:48:31,928 DEBUG Final URL of the request: https://thin-edge-io.eu-latest.cumulocity.com/devicecontrol/operations?deviceId=17060782&pageSize=1&revert=true&dateFrom=1970-01-01T00%3A00%3A00.000Z
2022-04-11 10:48:31,932 INFO  State of current operation: FAILED
2022-04-11 10:48:31,933 DEBUG Final URL of the request: https://thin-edge-io.eu-latest.cumulocity.com/devicecontrol/operations?deviceId=17060782&pageSize=1&revert=true&dateFrom=1970-01-01T00%3A00%3A00.000Z
2022-04-11 10:48:31,934 DEBUG State of current operation: {
    "delivery": {
        "time": "2022-04-11T10:47:29.565Z",
        "log": [
            {
                "time": "2022-04-11T10:47:29.510Z",
                "status": "PENDING"
            },
            {
                "time": "2022-04-11T10:47:29.528Z",
                "status": "SEND"
            }
        ],
        "status": "DELIVERED"
    },
    "creationTime": "2022-04-11T10:47:29.482Z",
    "deviceId": "17060782",
    "deviceName": "mythicd",
    "self": "https://t493319102.eu-latest.cumulocity.com/devicecontrol/operations/17153106",
    "id": "17153106",
    "status": "FAILED",
    "description": "Apply software changes, triggered from PySys: [{'name': 'rolldice', 'id': '5152439', 'version': '::apt', 'url': 'https://thin-edge-io.eu-latest.cumulocity.com/inventory/binaries/12435463', 'action': 'install'}]",
    "c8y_SoftwareUpdate": [
        {
            "name": "rolldice",
            "action": "install",
            "id": "5152439",
            "version": "::apt",
            "url": "https://thin-edge-io.eu-latest.cumulocity.com/inventory/binaries/12435463"
        }
    ]
}
2022-04-11 10:48:31,936 DEBUG --- test execute
2022-04-11 10:48:31,952 DEBUG Starting new HTTPS connection (1): thin-edge-io.eu-latest.cumulocity.com:443
2022-04-11 10:48:32,145 DEBUG https://thin-edge-io.eu-latest.cumulocity.com:443 "POST /devicecontrol/operations HTTP/1.1" 201 480
2022-04-11 10:48:32,160 INFO  Response status: 201
2022-04-11 10:48:32,162 INFO  Response to action: {
    "creationTime": "2022-04-11T10:48:32.114Z",
    "deviceId": "17060782",
    "deviceName": "mythicd",
    "self": "https://t493319102.eu-latest.cumulocity.com/devicecontrol/operations/17153110",
    "id": "17153110",
    "status": "PENDING",
    "description": "Apply software changes, triggered from PySys: [{'name': 'does_not_exist', 'id': '5446165', 'version': '::apt', 'url': '', 'action': 'install'}]",
    "c8y_SoftwareUpdate": [
        {
            "name": "does_not_exist",
            "action": "install",
            "id": "5446165",
            "version": "::apt",
            "url": ""
        }
    ]
}
2022-04-11 10:48:32,162 INFO  Started operation: {'creationTime': '2022-04-11T10:48:32.114Z', 'deviceId': '17060782', 'deviceName': 'mythicd', 'self': 'https://t493319102.eu-latest.cumulocity.com/devicecontrol/operations/17153110', 'id': '17153110', 'status': 'PENDING', 'description': "Apply software changes, triggered from PySys: [{'name': 'does_not_exist', 'id': '5446165', 'version': '::apt', 'url': '', 'action': 'install'}]", 'c8y_SoftwareUpdate': [{'name': 'does_not_exist', 'action': 'install', 'id': '5446165', 'version': '::apt', 'url': ''}]}
2022-04-11 10:48:34,181 DEBUG Starting new HTTPS connection (1): thin-edge-io.eu-latest.cumulocity.com:443
2022-04-11 10:48:34,366 DEBUG https://thin-edge-io.eu-latest.cumulocity.com:443 "GET /devicecontrol/operations/17153110 HTTP/1.1" 200 640
2022-04-11 10:48:34,384 INFO  State of operation 17153110 : PENDING
2022-04-11 10:48:36,406 DEBUG Starting new HTTPS connection (1): thin-edge-io.eu-latest.cumulocity.com:443
2022-04-11 10:48:36,585 DEBUG https://thin-edge-io.eu-latest.cumulocity.com:443 "GET /devicecontrol/operations/17153110 HTTP/1.1" 200 642
2022-04-11 10:48:36,603 INFO  State of operation 17153110 : EXECUTING
2022-04-11 10:48:38,636 DEBUG Starting new HTTPS connection (1): thin-edge-io.eu-latest.cumulocity.com:443
2022-04-11 10:48:38,836 DEBUG https://thin-edge-io.eu-latest.cumulocity.com:443 "GET /devicecontrol/operations/17153110 HTTP/1.1" 200 642
2022-04-11 10:48:38,853 INFO  State of operation 17153110 : EXECUTING
2022-04-11 10:48:40,876 DEBUG Starting new HTTPS connection (1): thin-edge-io.eu-latest.cumulocity.com:443
2022-04-11 10:48:41,105 DEBUG https://thin-edge-io.eu-latest.cumulocity.com:443 "GET /devicecontrol/operations/17153110 HTTP/1.1" 200 642
2022-04-11 10:48:41,128 INFO  State of operation 17153110 : EXECUTING
2022-04-11 10:48:43,157 DEBUG Starting new HTTPS connection (1): thin-edge-io.eu-latest.cumulocity.com:443
2022-04-11 10:48:43,353 DEBUG https://thin-edge-io.eu-latest.cumulocity.com:443 "GET /devicecontrol/operations/17153110 HTTP/1.1" 200 642
2022-04-11 10:48:43,370 INFO  State of operation 17153110 : EXECUTING
2022-04-11 10:48:45,389 DEBUG Starting new HTTPS connection (1): thin-edge-io.eu-latest.cumulocity.com:443
2022-04-11 10:48:45,572 DEBUG https://thin-edge-io.eu-latest.cumulocity.com:443 "GET /devicecontrol/operations/17153110 HTTP/1.1" 200 642
2022-04-11 10:48:45,588 INFO  State of operation 17153110 : EXECUTING
2022-04-11 10:48:47,612 DEBUG Starting new HTTPS connection (1): thin-edge-io.eu-latest.cumulocity.com:443
2022-04-11 10:48:47,863 DEBUG https://thin-edge-io.eu-latest.cumulocity.com:443 "GET /devicecontrol/operations/17153110 HTTP/1.1" 200 642
2022-04-11 10:48:47,884 INFO  State of operation 17153110 : EXECUTING
2022-04-11 10:48:49,904 DEBUG Starting new HTTPS connection (1): thin-edge-io.eu-latest.cumulocity.com:443
2022-04-11 10:48:50,201 DEBUG https://thin-edge-io.eu-latest.cumulocity.com:443 "GET /devicecontrol/operations/17153110 HTTP/1.1" 200 642
2022-04-11 10:48:50,227 INFO  State of operation 17153110 : EXECUTING
2022-04-11 10:48:52,732 DEBUG Starting new HTTPS connection (1): thin-edge-io.eu-latest.cumulocity.com:443
2022-04-11 10:48:52,923 DEBUG https://thin-edge-io.eu-latest.cumulocity.com:443 "GET /devicecontrol/operations/17153110 HTTP/1.1" 200 642
2022-04-11 10:48:52,940 INFO  State of operation 17153110 : EXECUTING
2022-04-11 10:48:55,171 DEBUG Starting new HTTPS connection (1): thin-edge-io.eu-latest.cumulocity.com:443
2022-04-11 10:48:55,838 DEBUG https://thin-edge-io.eu-latest.cumulocity.com:443 "GET /devicecontrol/operations/17153110 HTTP/1.1" 200 642
2022-04-11 10:48:55,853 INFO  State of operation 17153110 : EXECUTING
2022-04-11 10:48:57,873 DEBUG Starting new HTTPS connection (1): thin-edge-io.eu-latest.cumulocity.com:443
2022-04-11 10:48:58,185 DEBUG https://thin-edge-io.eu-latest.cumulocity.com:443 "GET /devicecontrol/operations/17153110 HTTP/1.1" 200 642
2022-04-11 10:48:58,206 INFO  State of operation 17153110 : EXECUTING
2022-04-11 10:49:00,226 DEBUG Starting new HTTPS connection (1): thin-edge-io.eu-latest.cumulocity.com:443
2022-04-11 10:49:00,410 DEBUG https://thin-edge-io.eu-latest.cumulocity.com:443 "GET /devicecontrol/operations/17153110 HTTP/1.1" 200 642
2022-04-11 10:49:00,426 INFO  State of operation 17153110 : EXECUTING
2022-04-11 10:49:02,461 DEBUG Starting new HTTPS connection (1): thin-edge-io.eu-latest.cumulocity.com:443
2022-04-11 10:49:02,672 DEBUG https://thin-edge-io.eu-latest.cumulocity.com:443 "GET /devicecontrol/operations/17153110 HTTP/1.1" 200 642
2022-04-11 10:49:02,693 INFO  State of operation 17153110 : EXECUTING
2022-04-11 10:49:04,713 DEBUG Starting new HTTPS connection (1): thin-edge-io.eu-latest.cumulocity.com:443
2022-04-11 10:49:04,892 DEBUG https://thin-edge-io.eu-latest.cumulocity.com:443 "GET /devicecontrol/operations/17153110 HTTP/1.1" 200 642
2022-04-11 10:49:04,908 INFO  State of operation 17153110 : EXECUTING
2022-04-11 10:49:06,930 DEBUG Starting new HTTPS connection (1): thin-edge-io.eu-latest.cumulocity.com:443
2022-04-11 10:49:07,124 DEBUG https://thin-edge-io.eu-latest.cumulocity.com:443 "GET /devicecontrol/operations/17153110 HTTP/1.1" 200 642
2022-04-11 10:49:07,142 INFO  State of operation 17153110 : EXECUTING
2022-04-11 10:49:09,161 DEBUG Starting new HTTPS connection (1): thin-edge-io.eu-latest.cumulocity.com:443
2022-04-11 10:49:09,344 DEBUG https://thin-edge-io.eu-latest.cumulocity.com:443 "GET /devicecontrol/operations/17153110 HTTP/1.1" 200 642
2022-04-11 10:49:09,360 INFO  State of operation 17153110 : EXECUTING
2022-04-11 10:49:11,379 DEBUG Starting new HTTPS connection (1): thin-edge-io.eu-latest.cumulocity.com:443
2022-04-11 10:49:11,702 DEBUG https://thin-edge-io.eu-latest.cumulocity.com:443 "GET /devicecontrol/operations/17153110 HTTP/1.1" 200 758
2022-04-11 10:49:11,717 INFO  State of operation 17153110 : FAILED
2022-04-11 10:49:11,718 DEBUG --- test validate
2022-04-11 10:49:11,735 DEBUG Starting new HTTPS connection (1): thin-edge-io.eu-latest.cumulocity.com:443
2022-04-11 10:49:11,954 DEBUG https://thin-edge-io.eu-latest.cumulocity.com:443 "GET /inventory/managedObjects/17060782 HTTP/1.1" 200 None
2022-04-11 10:49:11,973 INFO  Assert that (False == value) with value=False ... passed
2022-04-11 10:49:12,194 DEBUG --- test cleanup
2022-04-11 10:49:12,195 INFO  
2022-04-11 10:49:12,196 INFO  cleanup:
2022-04-11 10:49:12,196 DEBUG Running registered cleanup function: <bound method SoftwareManagement.mysmcleanup of <PySysTest object at 0x75d25f10>>
2022-04-11 10:49:12,197 DEBUG Running registered cleanup function: <bound method EnvironmentC8y.myenvcleanup of <PySysTest object at 0x75d25f10>>
2022-04-11 10:49:12,198 DEBUG EnvironmentC8y Cleanup
2022-04-11 10:49:13,028 DEBUG Process parameters for sudo<tedge_disconnect_c8y>
  command line : /usr/bin/sudo /usr/bin/tedge disconnect c8y
    arg #1     : /usr/bin/tedge
    arg #2     : disconnect
    arg #3     : c8y
  working dir  : /home/pi/actions-runner/_work/thin-edge.io/thin-edge.io/tests/PySys/software_management_end_to_end/sm_apt_install_fail/Output/linux
  stdout       : /home/pi/actions-runner/_work/thin-edge.io/thin-edge.io/tests/PySys/software_management_end_to_end/sm_apt_install_fail/Output/linux/tedge_disconnect_c8y.out
  stderr       : /home/pi/actions-runner/_work/thin-edge.io/thin-edge.io/tests/PySys/software_management_end_to_end/sm_apt_install_fail/Output/linux/tedge_disconnect_c8y.err
  environment  : LD_LIBRARY_PATH=/usr/lib
  environment  : PATH=/bin:/usr/bin:/usr/sbin:/usr/local/bin
                   #1  /bin
                   #2  /usr/bin
                   #3  /usr/sbin
                   #4  /usr/local/bin
2022-04-11 10:49:13,037 DEBUG Waiting up to 600 secs for process sudo<tedge_disconnect_c8y> (pid 32732)
2022-04-11 10:49:17,537 INFO  Executed sudo<tedge_disconnect_c8y>, exit status 0
2022-04-11 10:49:17,539 DEBUG Process parameters for systemctl<serv_mapper5>
  command line : /usr/bin/systemctl status tedge-mapper-c8y
    arg #1     : status
    arg #2     : tedge-mapper-c8y
  working dir  : /home/pi/actions-runner/_work/thin-edge.io/thin-edge.io/tests/PySys/software_management_end_to_end/sm_apt_install_fail/Output/linux
  stdout       : /home/pi/actions-runner/_work/thin-edge.io/thin-edge.io/tests/PySys/software_management_end_to_end/sm_apt_install_fail/Output/linux/serv_mapper5.out
  stderr       : /home/pi/actions-runner/_work/thin-edge.io/thin-edge.io/tests/PySys/software_management_end_to_end/sm_apt_install_fail/Output/linux/serv_mapper5.err
  environment  : LD_LIBRARY_PATH=/usr/lib
  environment  : PATH=/bin:/usr/bin:/usr/sbin:/usr/local/bin
                   #1  /bin
                   #2  /usr/bin
                   #3  /usr/sbin
                   #4  /usr/local/bin
2022-04-11 10:49:17,547 DEBUG Waiting up to 600 secs for process systemctl<serv_mapper5> (pid 306)
2022-04-11 10:49:18,103 INFO  Executed systemctl<serv_mapper5>, exit status 3
2022-04-11 10:49:18,105 DEBUG ProcessUser cleanup function done.
2022-04-11 10:49:18,108 INFO  
2022-04-11 10:49:18,109 INFO  Test duration: 69.57 secs
2022-04-11 10:49:18,110 INFO  Test final outcome:  PASSED
2022-04-11 10:49:18,111 INFO  
