2022-04-15 08:54:26,661 INFO  ==============================================================
2022-04-15 08:54:26,662 INFO  Id:    log_request_error_messages
2022-04-15 08:54:26,663 INFO  Dir:   log_request_end_to_end/
2022-04-15 08:54:26,664 INFO  Title: Validate end to end behaviour for the log request operation check for error messages
2022-04-15 08:54:26,665 INFO  ==============================================================
2022-04-15 08:54:28,445 INFO  EnvironmentC8y Setup
2022-04-15 08:54:29,057 INFO  Executed systemctl<serv_mapper1>, exit status 3
2022-04-15 08:54:29,161 INFO  Restarting mosquitto too frequently in the last 10 seconds. It was only up for 3 seconds
2022-04-15 08:54:29,162 INFO  Delaying execution by 8 seconds
2022-04-15 08:54:51,092 INFO  Executed sudo<tedge_connect_c8y>, exit status 0, duration 13 secs
2022-04-15 08:54:51,712 INFO  Executed sudo<tedge_connect_c8y_test>, exit status 0
2022-04-15 08:54:52,226 INFO  Executed systemctl<serv_mosq2>, exit status 0
2022-04-15 08:54:52,739 INFO  Executed systemctl<serv_mapper3>, exit status 0
2022-04-15 08:54:53,305 INFO  Executed sudo<rm_logs>, exit status 0
2022-04-15 08:54:54,007 INFO  Executed sudo<move_logs>, exit status 0
2022-04-15 08:54:54,584 INFO  log response None
2022-04-15 08:54:54,589 WARN  retry, retrying in 1 seconds...
2022-04-15 08:54:55,796 INFO  log response https://thin-edge-io.eu-latest.cumulocity.com/event/events/17361715/binaries
2022-04-15 08:54:56,016 INFO  Assert that (True == value) with value=True ... passed
2022-04-15 08:54:56,023 INFO  
2022-04-15 08:54:56,024 INFO  cleanup:
2022-04-15 08:54:56,535 INFO  Executed sudo<rm_logs>, exit status 0
2022-04-15 08:54:57,047 INFO  Executed sudo<rm_tmp_logs>, exit status 0
2022-04-15 08:55:01,124 INFO  Executed sudo<tedge_disconnect_c8y>, exit status 0
2022-04-15 08:55:01,689 INFO  Executed systemctl<serv_mapper5>, exit status 3
2022-04-15 08:55:01,693 INFO  
2022-04-15 08:55:01,694 INFO  Test duration: 35.04 secs
2022-04-15 08:55:01,695 INFO  Test final outcome:  PASSED
2022-04-15 08:55:01,696 INFO  
