2022-04-19 14:01:11,409 INFO  ==============================================================
2022-04-19 14:01:11,410 INFO  Id:    apt_sequence_remove_with_version_fail
2022-04-19 14:01:11,411 INFO  Dir:   plugin_apt/
2022-04-19 14:01:11,412 INFO  Title: Validate apt plugin remove with version fails when the version not found
2022-04-19 14:01:11,413 INFO  ==============================================================
2022-04-19 14:01:51,410 INFO  Executed sudo<outp_install>, exit status 0, duration 39 secs
2022-04-19 14:01:51,414 INFO  Assert that (value==0) with value=0 ... passed
2022-04-19 14:01:58,146 INFO  Executed sudo<outp_remove>, exit status 2
2022-04-19 14:01:58,149 INFO  Assert that (value==2) with value=2 ... passed
2022-04-19 14:01:58,156 INFO  Grep on file outp_remove.err ... passed
2022-04-19 14:02:00,731 INFO  Executed sudo<outp_check_0>, exit status 0
2022-04-19 14:02:00,733 INFO  Assert that (value==0) with value=0 ... passed
2022-04-19 14:02:00,739 INFO  Grep on file outp_check_0.out ... passed
2022-04-19 14:02:00,744 INFO  
2022-04-19 14:02:00,745 INFO  cleanup:
2022-04-19 14:02:14,286 INFO  Executed sudo, exit status 0, duration 13 secs
2022-04-19 14:02:14,291 INFO  
2022-04-19 14:02:14,292 INFO  Test duration: 62.89 secs
2022-04-19 14:02:14,294 INFO  Test final outcome:  PASSED
2022-04-19 14:02:14,295 INFO  
