2022-05-11 12:04:09,213 INFO  ==============================================================
2022-05-11 12:04:09,214 INFO  Id:    apt_update_list
2022-05-11 12:04:09,215 INFO  Dir:   plugin_apt/
2022-05-11 12:04:09,216 INFO  Title: Validate apt plugin update-list command use case
2022-05-11 12:04:09,217 INFO  ==============================================================
2022-05-11 12:04:16,798 INFO  Executed sudo, exit status 0
2022-05-11 12:04:57,903 INFO  Executed sudo, exit status 0, duration 41 secs
2022-05-11 12:05:14,990 INFO  Executed sudo, exit status 0, duration 17 secs
2022-05-11 12:05:20,427 INFO  Executed sudo<outp_check_0>, exit status 0
2022-05-11 12:05:20,430 INFO  Assert that (value==0) with value=0 ... passed
2022-05-11 12:05:20,435 INFO  Grep on file outp_check_0.out ... passed
2022-05-11 12:05:23,007 INFO  Executed sudo<outp_check_1>, exit status 0
2022-05-11 12:05:23,009 INFO  Assert that (value==0) with value=0 ... passed
2022-05-11 12:05:23,015 INFO  Grep on file outp_check_1.out ... passed
2022-05-11 12:05:25,789 INFO  Executed sudo<outp_check_2>, exit status 0
2022-05-11 12:05:25,791 INFO  Assert that (value==0) with value=0 ... passed
2022-05-11 12:05:25,799 INFO  Grep on file outp_check_2.out ... passed
2022-05-11 12:06:15,749 INFO  Executed sudo<outp_check_3>, exit status 0
2022-05-11 12:06:15,753 INFO  Assert that (value==0) with value=0 ... passed
2022-05-11 12:06:15,758 INFO  Grep on file outp_check_3.out ... passed
2022-05-11 12:06:18,336 INFO  Executed sudo<outp_check_4>, exit status 0
2022-05-11 12:06:18,338 INFO  Assert that (value==0) with value=0 ... passed
2022-05-11 12:06:18,343 INFO  Grep on file outp_check_4.out ... passed
2022-05-11 12:06:20,916 INFO  Executed sudo<outp_check_5>, exit status 0
2022-05-11 12:06:20,918 INFO  Assert that (value==0) with value=0 ... passed
2022-05-11 12:06:20,924 INFO  Grep on file outp_check_5.out ... passed
2022-05-11 12:06:20,930 INFO  
2022-05-11 12:06:20,931 INFO  cleanup:
2022-05-11 12:06:34,718 INFO  Executed sudo, exit status 0, duration 13 secs
2022-05-11 12:06:42,303 INFO  Executed sudo, exit status 0
2022-05-11 12:06:56,782 INFO  Executed sudo, exit status 0, duration 14 secs
2022-05-11 12:06:56,786 INFO  
2022-05-11 12:06:56,787 INFO  Test duration: 167.58 secs
2022-05-11 12:06:56,789 INFO  Test final outcome:  PASSED
2022-05-11 12:06:56,790 INFO  
