2022-04-27 14:53:46,365 INFO  ==============================================================
2022-04-27 14:53:46,366 INFO  Id:    apt_sequence_remove_with_version_fail
2022-04-27 14:53:46,367 INFO  Dir:   plugin_apt/
2022-04-27 14:53:46,368 INFO  Title: Validate apt plugin remove with version fails when the version not found
2022-04-27 14:53:46,369 INFO  ==============================================================
2022-04-27 14:54:25,762 INFO  Executed sudo<outp_install>, exit status 0, duration 39 secs
2022-04-27 14:54:25,765 INFO  Assert that (value==0) with value=0 ... passed
2022-04-27 14:54:31,974 INFO  Executed sudo<outp_remove>, exit status 2
2022-04-27 14:54:31,977 INFO  Assert that (value==2) with value=2 ... passed
2022-04-27 14:54:31,983 INFO  Grep on file outp_remove.err ... passed
2022-04-27 14:54:34,589 INFO  Executed sudo<outp_check_0>, exit status 0
2022-04-27 14:54:34,592 INFO  Assert that (value==0) with value=0 ... passed
2022-04-27 14:54:34,597 INFO  Grep on file outp_check_0.out ... passed
2022-04-27 14:54:34,603 INFO  
2022-04-27 14:54:34,604 INFO  cleanup:
2022-04-27 14:54:48,143 INFO  Executed sudo, exit status 0, duration 13 secs
2022-04-27 14:54:48,147 INFO  
2022-04-27 14:54:48,148 INFO  Test duration: 61.79 secs
2022-04-27 14:54:48,149 INFO  Test final outcome:  PASSED
2022-04-27 14:54:48,151 INFO  
