2022-05-16 08:43:24,599 INFO  ==============================================================
2022-05-16 08:43:24,600 INFO  Id:    SoftwareManagement.sm_mixed_install_remove_multiple
2022-05-16 08:43:24,601 INFO  Dir:   software_management_end_to_end/
2022-05-16 08:43:24,602 INFO  Title: Validate end to end behaviour for the dummy-plugin for multiple packages with mixed versions
2022-05-16 08:43:24,603 INFO  ==============================================================
2022-05-16 08:43:24,620 INFO  Using sw id database: {'asciijump': '5475369', 'robotfindskitten': '5474869', 'squirrel3': '5475279', 'rolldice': '5152439', 'moon-buggy': '5439204', 'apple': '5495053', 'banana': '5494888', 'cherry': '5495382', 'watermelon': '5494510', 'registry': '8018911', 'hello-world': '8021526', 'docker/getting-started': '8021973', 'alpine': '7991792'}
2022-05-16 08:43:24,621 INFO  EnvironmentC8y Setup
2022-05-16 08:43:25,183 INFO  Executed systemctl<serv_mapper1>, exit status 3
2022-05-16 08:43:25,294 INFO  Restarting mosquitto too frequently in the last 10 seconds. It was only up for 5 seconds
2022-05-16 08:43:25,296 INFO  Delaying execution by 6 seconds
2022-05-16 08:43:45,538 INFO  Executed sudo<tedge_connect_c8y>, exit status 0, duration 14 secs
2022-05-16 08:43:46,153 INFO  Executed sudo<tedge_connect_c8y_test>, exit status 0
2022-05-16 08:43:46,669 INFO  Executed systemctl<serv_mosq2>, exit status 0
2022-05-16 08:43:47,133 INFO  Executed systemctl<serv_mapper3>, exit status 0
2022-05-16 08:43:49,351 INFO  State of current operation: SUCCESSFUL
2022-05-16 08:43:49,583 INFO  Package apple is installed
2022-05-16 08:43:49,585 INFO  Assert that (True == value) with value=True ... passed
2022-05-16 08:43:49,817 INFO  Package banana is installed
2022-05-16 08:43:49,819 INFO  Assert that (True == value) with value=True ... passed
2022-05-16 08:43:50,047 INFO  Package cherry is installed
2022-05-16 08:43:50,049 INFO  Assert that (True == value) with value=True ... passed
2022-05-16 08:43:50,285 INFO  Package asciijump is installed
2022-05-16 08:43:50,319 WARN  Assert that (False == value) with value=True ... failed 
2022-05-16 08:43:50,552 INFO  Assert that (False == value) with value=False ... passed
2022-05-16 08:43:50,811 INFO  Response status: 201
2022-05-16 08:43:50,814 INFO  Response to action: {
    "delivery": {
        "time": "2022-05-16T08:43:50.778Z",
        "log": [],
        "status": "PENDING"
    },
    "creationTime": "2022-05-16T08:43:50.762Z",
    "deviceId": "19104451",
    "deviceName": "mythicd",
    "self": "https://t493319102.eu-latest.cumulocity.com/devicecontrol/operations/19133417",
    "id": "19133417",
    "status": "PENDING",
    "description": "Apply software changes, triggered from PySys: [{'action': 'install', 'id': '5495053', 'name': 'apple', 'url': ' ', 'version': '::fruits'}, {'action': 'install', 'id': '5494888', 'name': 'banana', 'url': ' ', 'version': '::fruits'}, {'action': 'install', 'id': '5475369', 'name': 'asciijump', 'url': ' ', 'version': '::apt'}, {'action': 'install', 'id': '5495382', 'name': 'cherry', 'url': ' ', 'version': '::fruits'}, {'action': 'install', 'id': '8018911', 'name': 'registry', 'url': ' ', 'version': '::docker'}]",
    "c8y_SoftwareUpdate": [
        {
            "name": "apple",
            "action": "install",
            "id": "5495053",
            "version": "::fruits",
            "url": " "
        },
        {
            "name": "banana",
            "action": "install",
            "id": "5494888",
            "version": "::fruits",
            "url": " "
        },
        {
            "name": "asciijump",
            "action": "install",
            "id": "5475369",
            "version": "::apt",
            "url": " "
        },
        {
            "name": "cherry",
            "action": "install",
            "id": "5495382",
            "version": "::fruits",
            "url": " "
        },
        {
            "name": "registry",
            "action": "install",
            "id": "8018911",
            "version": "::docker",
            "url": " "
        }
    ]
}
2022-05-16 08:43:50,815 INFO  Started operation: {'delivery': {'time': '2022-05-16T08:43:50.778Z', 'log': [], 'status': 'PENDING'}, 'creationTime': '2022-05-16T08:43:50.762Z', 'deviceId': '19104451', 'deviceName': 'mythicd', 'self': 'https://t493319102.eu-latest.cumulocity.com/devicecontrol/operations/19133417', 'id': '19133417', 'status': 'PENDING', 'description': "Apply software changes, triggered from PySys: [{'action': 'install', 'id': '5495053', 'name': 'apple', 'url': ' ', 'version': '::fruits'}, {'action': 'install', 'id': '5494888', 'name': 'banana', 'url': ' ', 'version': '::fruits'}, {'action': 'install', 'id': '5475369', 'name': 'asciijump', 'url': ' ', 'version': '::apt'}, {'action': 'install', 'id': '5495382', 'name': 'cherry', 'url': ' ', 'version': '::fruits'}, {'action': 'install', 'id': '8018911', 'name': 'registry', 'url': ' ', 'version': '::docker'}]", 'c8y_SoftwareUpdate': [{'name': 'apple', 'action': 'install', 'id': '5495053', 'version': '::fruits', 'url': ' '}, {'name': 'banana', 'action': 'install', 'id': '5494888', 'version': '::fruits', 'url': ' '}, {'name': 'asciijump', 'action': 'install', 'id': '5475369', 'version': '::apt', 'url': ' '}, {'name': 'cherry', 'action': 'install', 'id': '5495382', 'version': '::fruits', 'url': ' '}, {'name': 'registry', 'action': 'install', 'id': '8018911', 'version': '::docker', 'url': ' '}]}
2022-05-16 08:43:53,037 INFO  State of operation 19133417 : PENDING
2022-05-16 08:43:55,276 INFO  State of operation 19133417 : EXECUTING
2022-05-16 08:43:57,530 INFO  State of operation 19133417 : EXECUTING
2022-05-16 08:43:59,748 INFO  State of operation 19133417 : EXECUTING
2022-05-16 08:44:01,960 INFO  State of operation 19133417 : EXECUTING
2022-05-16 08:44:04,172 INFO  State of operation 19133417 : EXECUTING
2022-05-16 08:44:07,483 INFO  State of operation 19133417 : EXECUTING
2022-05-16 08:44:11,179 INFO  State of operation 19133417 : EXECUTING
2022-05-16 08:44:13,549 INFO  State of operation 19133417 : EXECUTING
2022-05-16 08:44:15,941 INFO  State of operation 19133417 : EXECUTING
2022-05-16 08:44:18,158 INFO  State of operation 19133417 : EXECUTING
2022-05-16 08:44:20,385 INFO  State of operation 19133417 : EXECUTING
2022-05-16 08:44:22,601 INFO  State of operation 19133417 : EXECUTING
2022-05-16 08:44:24,857 INFO  State of operation 19133417 : EXECUTING
2022-05-16 08:44:27,073 INFO  State of operation 19133417 : EXECUTING
2022-05-16 08:44:29,287 INFO  State of operation 19133417 : EXECUTING
2022-05-16 08:44:31,590 INFO  State of operation 19133417 : EXECUTING
2022-05-16 08:44:33,807 INFO  State of operation 19133417 : EXECUTING
2022-05-16 08:44:36,041 INFO  State of operation 19133417 : EXECUTING
2022-05-16 08:44:38,271 INFO  State of operation 19133417 : EXECUTING
2022-05-16 08:44:40,485 INFO  State of operation 19133417 : EXECUTING
2022-05-16 08:44:43,305 INFO  State of operation 19133417 : EXECUTING
2022-05-16 08:44:45,557 INFO  State of operation 19133417 : EXECUTING
2022-05-16 08:44:47,803 INFO  State of operation 19133417 : EXECUTING
2022-05-16 08:44:50,037 INFO  State of operation 19133417 : EXECUTING
2022-05-16 08:44:52,335 INFO  State of operation 19133417 : EXECUTING
2022-05-16 08:44:54,550 INFO  State of operation 19133417 : SUCCESSFUL
2022-05-16 08:44:54,795 INFO  Package apple is installed
2022-05-16 08:44:54,797 INFO  Assert that (True == value) with value=True ... passed
2022-05-16 08:44:55,034 INFO  Package banana is installed
2022-05-16 08:44:55,036 INFO  Assert that (True == value) with value=True ... passed
2022-05-16 08:44:55,269 INFO  Package cherry is installed
2022-05-16 08:44:55,271 INFO  Assert that (True == value) with value=True ... passed
2022-05-16 08:44:55,503 INFO  Package asciijump is installed
2022-05-16 08:44:55,506 INFO  Assert that (True == value) with value=True ... passed
2022-05-16 08:44:55,751 INFO  Package registry is installed
2022-05-16 08:44:55,753 INFO  Assert that (True == value) with value=True ... passed
2022-05-16 08:44:55,975 INFO  Response status: 201
2022-05-16 08:44:55,977 INFO  Response to action: {
    "delivery": {
        "time": "2022-05-16T08:44:55.947Z",
        "log": [],
        "status": "PENDING"
    },
    "creationTime": "2022-05-16T08:44:55.934Z",
    "deviceId": "19104451",
    "deviceName": "mythicd",
    "self": "https://t493319102.eu-latest.cumulocity.com/devicecontrol/operations/19133436",
    "id": "19133436",
    "status": "PENDING",
    "description": "Apply software changes, triggered from PySys: [{'action': 'delete', 'id': '5495053', 'name': 'apple', 'url': ' ', 'version': '::fruits'}, {'action': 'delete', 'id': '5494888', 'name': 'banana', 'url': ' ', 'version': '::fruits'}, {'action': 'delete', 'id': '5475369', 'name': 'asciijump', 'url': ' ', 'version': '::apt'}, {'action': 'delete', 'id': '5495382', 'name': 'cherry', 'url': ' ', 'version': '::fruits'}, {'action': 'delete', 'id': '8018911', 'name': 'registry', 'url': ' ', 'version': '::docker'}]",
    "c8y_SoftwareUpdate": [
        {
            "name": "apple",
            "action": "delete",
            "id": "5495053",
            "version": "::fruits",
            "url": " "
        },
        {
            "name": "banana",
            "action": "delete",
            "id": "5494888",
            "version": "::fruits",
            "url": " "
        },
        {
            "name": "asciijump",
            "action": "delete",
            "id": "5475369",
            "version": "::apt",
            "url": " "
        },
        {
            "name": "cherry",
            "action": "delete",
            "id": "5495382",
            "version": "::fruits",
            "url": " "
        },
        {
            "name": "registry",
            "action": "delete",
            "id": "8018911",
            "version": "::docker",
            "url": " "
        }
    ]
}
2022-05-16 08:44:55,978 INFO  Started operation: {'delivery': {'time': '2022-05-16T08:44:55.947Z', 'log': [], 'status': 'PENDING'}, 'creationTime': '2022-05-16T08:44:55.934Z', 'deviceId': '19104451', 'deviceName': 'mythicd', 'self': 'https://t493319102.eu-latest.cumulocity.com/devicecontrol/operations/19133436', 'id': '19133436', 'status': 'PENDING', 'description': "Apply software changes, triggered from PySys: [{'action': 'delete', 'id': '5495053', 'name': 'apple', 'url': ' ', 'version': '::fruits'}, {'action': 'delete', 'id': '5494888', 'name': 'banana', 'url': ' ', 'version': '::fruits'}, {'action': 'delete', 'id': '5475369', 'name': 'asciijump', 'url': ' ', 'version': '::apt'}, {'action': 'delete', 'id': '5495382', 'name': 'cherry', 'url': ' ', 'version': '::fruits'}, {'action': 'delete', 'id': '8018911', 'name': 'registry', 'url': ' ', 'version': '::docker'}]", 'c8y_SoftwareUpdate': [{'name': 'apple', 'action': 'delete', 'id': '5495053', 'version': '::fruits', 'url': ' '}, {'name': 'banana', 'action': 'delete', 'id': '5494888', 'version': '::fruits', 'url': ' '}, {'name': 'asciijump', 'action': 'delete', 'id': '5475369', 'version': '::apt', 'url': ' '}, {'name': 'cherry', 'action': 'delete', 'id': '5495382', 'version': '::fruits', 'url': ' '}, {'name': 'registry', 'action': 'delete', 'id': '8018911', 'version': '::docker', 'url': ' '}]}
2022-05-16 08:44:58,198 INFO  State of operation 19133436 : PENDING
2022-05-16 08:45:00,420 INFO  State of operation 19133436 : EXECUTING
2022-05-16 08:45:02,654 INFO  State of operation 19133436 : EXECUTING
2022-05-16 08:45:04,873 INFO  State of operation 19133436 : EXECUTING
2022-05-16 08:45:07,088 INFO  State of operation 19133436 : EXECUTING
2022-05-16 08:45:09,362 INFO  State of operation 19133436 : EXECUTING
2022-05-16 08:45:11,595 INFO  State of operation 19133436 : EXECUTING
2022-05-16 08:45:14,285 INFO  State of operation 19133436 : EXECUTING
2022-05-16 08:45:16,898 INFO  State of operation 19133436 : EXECUTING
2022-05-16 08:45:19,123 INFO  State of operation 19133436 : EXECUTING
2022-05-16 08:45:21,477 INFO  State of operation 19133436 : EXECUTING
2022-05-16 08:45:23,705 INFO  State of operation 19133436 : EXECUTING
2022-05-16 08:45:25,941 INFO  State of operation 19133436 : EXECUTING
2022-05-16 08:45:28,156 INFO  State of operation 19133436 : EXECUTING
2022-05-16 08:45:30,376 INFO  State of operation 19133436 : EXECUTING
2022-05-16 08:45:32,629 INFO  State of operation 19133436 : EXECUTING
2022-05-16 08:45:35,050 INFO  State of operation 19133436 : EXECUTING
2022-05-16 08:45:37,729 INFO  State of operation 19133436 : EXECUTING
2022-05-16 08:45:39,961 INFO  State of operation 19133436 : EXECUTING
2022-05-16 08:45:42,283 INFO  State of operation 19133436 : EXECUTING
2022-05-16 08:45:44,499 INFO  State of operation 19133436 : EXECUTING
2022-05-16 08:45:46,717 INFO  State of operation 19133436 : EXECUTING
2022-05-16 08:45:48,940 INFO  State of operation 19133436 : EXECUTING
2022-05-16 08:45:51,328 INFO  State of operation 19133436 : EXECUTING
2022-05-16 08:45:54,139 INFO  State of operation 19133436 : EXECUTING
2022-05-16 08:45:56,378 INFO  State of operation 19133436 : EXECUTING
2022-05-16 08:45:58,598 INFO  State of operation 19133436 : EXECUTING
2022-05-16 08:46:00,920 INFO  State of operation 19133436 : EXECUTING
2022-05-16 08:46:03,154 INFO  State of operation 19133436 : EXECUTING
2022-05-16 08:46:05,528 INFO  State of operation 19133436 : EXECUTING
2022-05-16 08:46:07,743 INFO  State of operation 19133436 : EXECUTING
2022-05-16 08:46:09,956 INFO  State of operation 19133436 : SUCCESSFUL
2022-05-16 08:46:10,191 INFO  Package apple is installed
2022-05-16 08:46:10,194 INFO  Assert that (True == value) with value=True ... passed
2022-05-16 08:46:10,428 INFO  Package banana is installed
2022-05-16 08:46:10,430 INFO  Assert that (True == value) with value=True ... passed
2022-05-16 08:46:10,693 INFO  Package cherry is installed
2022-05-16 08:46:10,696 INFO  Assert that (True == value) with value=True ... passed
2022-05-16 08:46:10,976 INFO  Assert that (False == value) with value=False ... passed
2022-05-16 08:46:11,228 INFO  Assert that (False == value) with value=False ... passed
2022-05-16 08:46:11,240 INFO  
2022-05-16 08:46:11,241 INFO  cleanup:
2022-05-16 08:46:16,064 INFO  Executed sudo<tedge_disconnect_c8y>, exit status 0
2022-05-16 08:46:16,627 INFO  Executed systemctl<serv_mapper5>, exit status 3
2022-05-16 08:46:16,631 INFO  
2022-05-16 08:46:16,631 INFO  Test duration: 172.04 secs
2022-05-16 08:46:16,633 INFO  Test final outcome:  FAILED
2022-05-16 08:46:16,634 INFO  Test outcome reason: Assert that (False == value) with value=True
2022-05-16 08:46:16,635 INFO  
