2022-05-03 08:52:55,260 INFO  ==============================================================
2022-05-03 08:52:55,261 INFO  Id:    docker_plugin_finalize
2022-05-03 08:52:55,265 INFO  Dir:   plugin_docker/
2022-05-03 08:52:55,266 INFO  Title: Validate docker plugin finalize command
2022-05-03 08:52:55,267 INFO  ==============================================================
2022-05-03 08:52:56,184 INFO  Executed sudo<docker_images>, exit status 0
2022-05-03 08:52:56,196 INFO  Grep on file /home/pi/actions-runner/_work/thin-edge.io/thin-edge.io/tests/PySys/plugin_docker/docker_plugin_finalize/Output/linux/docker_images.out ... passed
2022-05-03 08:53:22,652 INFO  Executed sudo<docker_pull>, exit status 0, duration 26 secs
2022-05-03 08:53:23,520 INFO  Executed sudo<docker_images>, exit status 0
2022-05-03 08:53:23,525 INFO  Grep on file /home/pi/actions-runner/_work/thin-edge.io/thin-edge.io/tests/PySys/plugin_docker/docker_plugin_finalize/Output/linux/docker_images.out ... passed
2022-05-03 08:53:27,010 INFO  Executed sudo<plugin_finalize>, exit status 0
2022-05-03 08:53:27,776 INFO  Executed sudo<docker_ps_latest>, exit status 0
2022-05-03 08:53:28,542 INFO  Executed sudo<docker_images>, exit status 0
2022-05-03 08:53:28,546 INFO  Grep on file /home/pi/actions-runner/_work/thin-edge.io/thin-edge.io/tests/PySys/plugin_docker/docker_plugin_finalize/Output/linux/docker_images.out ... passed
2022-05-03 08:53:28,553 INFO  
2022-05-03 08:53:28,554 INFO  cleanup:
2022-05-03 08:53:28,555 INFO  Removing images scheduled to be cleaned up: ['registry']
2022-05-03 08:53:29,333 INFO  Executed sudo<containers_for_cleanup>, exit status 0
2022-05-03 08:53:29,337 INFO  
2022-05-03 08:53:29,338 INFO  Test duration: 34.10 secs
2022-05-03 08:53:29,339 INFO  Test final outcome:  PASSED
2022-05-03 08:53:29,340 INFO  
