2022-05-23 09:30:33,608 INFO  ==============================================================
2022-05-23 09:30:33,609 INFO  Id:    tedge_mapper_c8y_packet_threshold_size
2022-05-23 09:30:33,610 INFO  Dir:   tedge_mapper_c8y/
2022-05-23 09:30:33,611 INFO  Title: Validate the Cumulocity Mapper accepted threshold packet size when it receives a message on tedge/measurements
2022-05-23 09:30:33,612 INFO  ==============================================================
2022-05-23 09:30:33,621 INFO  EnvironmentC8y Setup
2022-05-23 09:30:34,182 INFO  Executed systemctl<serv_mapper1>, exit status 3
2022-05-23 09:30:34,290 INFO  Restarting mosquitto too frequently in the last 10 seconds. It was only up for 6 seconds
2022-05-23 09:30:34,292 INFO  Delaying execution by 5 seconds
2022-05-23 09:30:56,488 INFO  Executed sudo<tedge_connect_c8y>, exit status 0, duration 17 secs
2022-05-23 09:30:57,102 INFO  Executed sudo<tedge_connect_c8y_test>, exit status 0
2022-05-23 09:30:57,665 INFO  Executed systemctl<serv_mosq2>, exit status 0
2022-05-23 09:30:58,180 INFO  Executed systemctl<serv_mapper3>, exit status 0
2022-05-23 09:30:58,745 INFO  Executed sudo<tedge_mapper_c8y>, exit status 0
2022-05-23 09:30:58,753 INFO  Started sudo<tedge_sub> with process id 26336
2022-05-23 09:30:59,485 INFO  Executed sudo<tedge_msg>, exit status 0
2022-05-23 09:31:00,053 INFO  Executed sudo<tedge_pub>, exit status 0
2022-05-23 09:31:00,633 INFO  Executed sudo<kill_out>, exit status 0
2022-05-23 09:31:00,644 INFO  Grep on file tedge_sub.out ... passed
2022-05-23 09:31:00,651 INFO  
2022-05-23 09:31:00,652 INFO  cleanup:
2022-05-23 09:31:00,653 INFO  mapper_cleanup
2022-05-23 09:31:01,264 INFO  Executed sudo<tedge_mapper_c8y>, exit status 0
2022-05-23 09:31:06,644 INFO  Executed sudo<tedge_disconnect_c8y>, exit status 0
2022-05-23 09:31:07,221 INFO  Executed systemctl<serv_mapper5>, exit status 3
2022-05-23 09:31:07,225 INFO  
2022-05-23 09:31:07,226 INFO  Test duration: 33.62 secs
2022-05-23 09:31:07,227 INFO  Test final outcome:  PASSED
2022-05-23 09:31:07,228 INFO  
