2022-04-08 09:55:13,926 INFO  ==============================================================
2022-04-08 09:55:13,927 INFO  Id:    call_tedge_config_list
2022-04-08 09:55:13,928 INFO  Dir:   tedge/
2022-04-08 09:55:13,929 INFO  Title: Validate command line options config: get set unset
2022-04-08 09:55:13,930 DEBUG Execution order hint: 0.0
2022-04-08 09:55:13,930 INFO  ==============================================================
2022-04-08 09:55:13,944 DEBUG --- test execute
2022-04-08 09:55:13,946 DEBUG Process parameters for sudo<tedge>
  command line : /usr/bin/sudo /usr/bin/tedge config list
    arg #1     : /usr/bin/tedge
    arg #2     : config
    arg #3     : list
  working dir  : /home/pi/actions-runner/_work/thin-edge.io/thin-edge.io/tests/PySys/tedge/call_tedge_config_list/Output/linux
  stdout       : /home/pi/actions-runner/_work/thin-edge.io/thin-edge.io/tests/PySys/tedge/call_tedge_config_list/Output/linux/tedge.out
  stderr       : /home/pi/actions-runner/_work/thin-edge.io/thin-edge.io/tests/PySys/tedge/call_tedge_config_list/Output/linux/tedge.err
  environment  : LD_LIBRARY_PATH=/usr/lib
  environment  : PATH=/bin:/usr/bin:/usr/sbin:/usr/local/bin
                   #1  /bin
                   #2  /usr/bin
                   #3  /usr/sbin
                   #4  /usr/local/bin
2022-04-08 09:55:13,954 DEBUG Waiting up to 600 secs for process sudo<tedge> (pid 10283)
2022-04-08 09:55:14,460 INFO  Executed sudo<tedge>, exit status 0
2022-04-08 09:55:14,463 DEBUG Process parameters for sudo<tedge_get_config_key>
  command line : /usr/bin/sudo /usr/bin/tedge config get device.key.path
    arg #1     : /usr/bin/tedge
    arg #2     : config
    arg #3     : get
    arg #4     : device.key.path
  working dir  : /home/pi/actions-runner/_work/thin-edge.io/thin-edge.io/tests/PySys/tedge/call_tedge_config_list/Output/linux
  stdout       : /home/pi/actions-runner/_work/thin-edge.io/thin-edge.io/tests/PySys/tedge/call_tedge_config_list/Output/linux/tedge_get_config_key.out
  stderr       : /home/pi/actions-runner/_work/thin-edge.io/thin-edge.io/tests/PySys/tedge/call_tedge_config_list/Output/linux/tedge_get_config_key.err
  environment  : LD_LIBRARY_PATH=/usr/lib
  environment  : PATH=/bin:/usr/bin:/usr/sbin:/usr/local/bin
                   #1  /bin
                   #2  /usr/bin
                   #3  /usr/sbin
                   #4  /usr/local/bin
2022-04-08 09:55:14,471 DEBUG Waiting up to 600 secs for process sudo<tedge_get_config_key> (pid 10285)
2022-04-08 09:55:14,978 INFO  Executed sudo<tedge_get_config_key>, exit status 0
2022-04-08 09:55:14,985 DEBUG Process parameters for sudo<tedge_get_config_key>
  command line : /usr/bin/sudo /usr/bin/tedge config get device.cert.path
    arg #1     : /usr/bin/tedge
    arg #2     : config
    arg #3     : get
    arg #4     : device.cert.path
  working dir  : /home/pi/actions-runner/_work/thin-edge.io/thin-edge.io/tests/PySys/tedge/call_tedge_config_list/Output/linux
  stdout       : /home/pi/actions-runner/_work/thin-edge.io/thin-edge.io/tests/PySys/tedge/call_tedge_config_list/Output/linux/tedge_get_config_key.out
  stderr       : /home/pi/actions-runner/_work/thin-edge.io/thin-edge.io/tests/PySys/tedge/call_tedge_config_list/Output/linux/tedge_get_config_key.err
  environment  : LD_LIBRARY_PATH=/usr/lib
  environment  : PATH=/bin:/usr/bin:/usr/sbin:/usr/local/bin
                   #1  /bin
                   #2  /usr/bin
                   #3  /usr/sbin
                   #4  /usr/local/bin
2022-04-08 09:55:14,993 DEBUG Waiting up to 600 secs for process sudo<tedge_get_config_key> (pid 10287)
2022-04-08 09:55:15,500 INFO  Executed sudo<tedge_get_config_key>, exit status 0
2022-04-08 09:55:15,504 DEBUG Process parameters for sudo<tedge_get_config_key>
  command line : /usr/bin/sudo /usr/bin/tedge config get c8y.url
    arg #1     : /usr/bin/tedge
    arg #2     : config
    arg #3     : get
    arg #4     : c8y.url
  working dir  : /home/pi/actions-runner/_work/thin-edge.io/thin-edge.io/tests/PySys/tedge/call_tedge_config_list/Output/linux
  stdout       : /home/pi/actions-runner/_work/thin-edge.io/thin-edge.io/tests/PySys/tedge/call_tedge_config_list/Output/linux/tedge_get_config_key.out
  stderr       : /home/pi/actions-runner/_work/thin-edge.io/thin-edge.io/tests/PySys/tedge/call_tedge_config_list/Output/linux/tedge_get_config_key.err
  environment  : LD_LIBRARY_PATH=/usr/lib
  environment  : PATH=/bin:/usr/bin:/usr/sbin:/usr/local/bin
                   #1  /bin
                   #2  /usr/bin
                   #3  /usr/sbin
                   #4  /usr/local/bin
2022-04-08 09:55:15,512 DEBUG Waiting up to 600 secs for process sudo<tedge_get_config_key> (pid 10289)
2022-04-08 09:55:16,019 INFO  Executed sudo<tedge_get_config_key>, exit status 0
2022-04-08 09:55:16,023 DEBUG Process parameters for sudo<tedge_get_config_key>
  command line : /usr/bin/sudo /usr/bin/tedge config get c8y.root.cert.path
    arg #1     : /usr/bin/tedge
    arg #2     : config
    arg #3     : get
    arg #4     : c8y.root.cert.path
  working dir  : /home/pi/actions-runner/_work/thin-edge.io/thin-edge.io/tests/PySys/tedge/call_tedge_config_list/Output/linux
  stdout       : /home/pi/actions-runner/_work/thin-edge.io/thin-edge.io/tests/PySys/tedge/call_tedge_config_list/Output/linux/tedge_get_config_key.out
  stderr       : /home/pi/actions-runner/_work/thin-edge.io/thin-edge.io/tests/PySys/tedge/call_tedge_config_list/Output/linux/tedge_get_config_key.err
  environment  : LD_LIBRARY_PATH=/usr/lib
  environment  : PATH=/bin:/usr/bin:/usr/sbin:/usr/local/bin
                   #1  /bin
                   #2  /usr/bin
                   #3  /usr/sbin
                   #4  /usr/local/bin
2022-04-08 09:55:16,031 DEBUG Waiting up to 600 secs for process sudo<tedge_get_config_key> (pid 10291)
2022-04-08 09:55:16,538 INFO  Executed sudo<tedge_get_config_key>, exit status 0
2022-04-08 09:55:16,542 DEBUG Process parameters for sudo<tedge_get_config_key>
  command line : /usr/bin/sudo /usr/bin/tedge config get az.url
    arg #1     : /usr/bin/tedge
    arg #2     : config
    arg #3     : get
    arg #4     : az.url
  working dir  : /home/pi/actions-runner/_work/thin-edge.io/thin-edge.io/tests/PySys/tedge/call_tedge_config_list/Output/linux
  stdout       : /home/pi/actions-runner/_work/thin-edge.io/thin-edge.io/tests/PySys/tedge/call_tedge_config_list/Output/linux/tedge_get_config_key.out
  stderr       : /home/pi/actions-runner/_work/thin-edge.io/thin-edge.io/tests/PySys/tedge/call_tedge_config_list/Output/linux/tedge_get_config_key.err
  environment  : LD_LIBRARY_PATH=/usr/lib
  environment  : PATH=/bin:/usr/bin:/usr/sbin:/usr/local/bin
                   #1  /bin
                   #2  /usr/bin
                   #3  /usr/sbin
                   #4  /usr/local/bin
2022-04-08 09:55:16,550 DEBUG Waiting up to 600 secs for process sudo<tedge_get_config_key> (pid 10293)
2022-04-08 09:55:17,057 INFO  Executed sudo<tedge_get_config_key>, exit status 0
2022-04-08 09:55:17,060 DEBUG Process parameters for sudo<tedge_get_config_key>
  command line : /usr/bin/sudo /usr/bin/tedge config get az.root.cert.path
    arg #1     : /usr/bin/tedge
    arg #2     : config
    arg #3     : get
    arg #4     : az.root.cert.path
  working dir  : /home/pi/actions-runner/_work/thin-edge.io/thin-edge.io/tests/PySys/tedge/call_tedge_config_list/Output/linux
  stdout       : /home/pi/actions-runner/_work/thin-edge.io/thin-edge.io/tests/PySys/tedge/call_tedge_config_list/Output/linux/tedge_get_config_key.out
  stderr       : /home/pi/actions-runner/_work/thin-edge.io/thin-edge.io/tests/PySys/tedge/call_tedge_config_list/Output/linux/tedge_get_config_key.err
  environment  : LD_LIBRARY_PATH=/usr/lib
  environment  : PATH=/bin:/usr/bin:/usr/sbin:/usr/local/bin
                   #1  /bin
                   #2  /usr/bin
                   #3  /usr/sbin
                   #4  /usr/local/bin
2022-04-08 09:55:17,068 DEBUG Waiting up to 600 secs for process sudo<tedge_get_config_key> (pid 10295)
2022-04-08 09:55:17,576 INFO  Executed sudo<tedge_get_config_key>, exit status 0
2022-04-08 09:55:17,578 INFO  /etc/tedge/device-certs/tedge-private-key.pem
2022-04-08 09:55:17,579 INFO  /etc/tedge/device-certs/tedge-certificate.pem
2022-04-08 09:55:17,580 INFO  thin-edge-io.eu-latest.cumulocity.com
2022-04-08 09:55:17,580 INFO  /etc/ssl/certs
2022-04-08 09:55:17,581 INFO  thinedge-gh-ci.azure-devices.net
2022-04-08 09:55:17,581 INFO  /etc/ssl/certs/Baltimore_CyberTrust_Root.pem
2022-04-08 09:55:17,583 DEBUG Process parameters for sudo<tedge_unset_config_key>
  command line : /usr/bin/sudo /usr/bin/tedge config unset device.key.path
    arg #1     : /usr/bin/tedge
    arg #2     : config
    arg #3     : unset
    arg #4     : device.key.path
  working dir  : /home/pi/actions-runner/_work/thin-edge.io/thin-edge.io/tests/PySys/tedge/call_tedge_config_list/Output/linux
  stdout       : /home/pi/actions-runner/_work/thin-edge.io/thin-edge.io/tests/PySys/tedge/call_tedge_config_list/Output/linux/tedge_unset_config_key.out
  stderr       : /home/pi/actions-runner/_work/thin-edge.io/thin-edge.io/tests/PySys/tedge/call_tedge_config_list/Output/linux/tedge_unset_config_key.err
  environment  : LD_LIBRARY_PATH=/usr/lib
  environment  : PATH=/bin:/usr/bin:/usr/sbin:/usr/local/bin
                   #1  /bin
                   #2  /usr/bin
                   #3  /usr/sbin
                   #4  /usr/local/bin
2022-04-08 09:55:17,593 DEBUG Waiting up to 600 secs for process sudo<tedge_unset_config_key> (pid 10297)
2022-04-08 09:55:18,099 INFO  Executed sudo<tedge_unset_config_key>, exit status 0
2022-04-08 09:55:18,104 DEBUG Process parameters for sudo<tedge_unset_config_key>
  command line : /usr/bin/sudo /usr/bin/tedge config unset device.cert.path
    arg #1     : /usr/bin/tedge
    arg #2     : config
    arg #3     : unset
    arg #4     : device.cert.path
  working dir  : /home/pi/actions-runner/_work/thin-edge.io/thin-edge.io/tests/PySys/tedge/call_tedge_config_list/Output/linux
  stdout       : /home/pi/actions-runner/_work/thin-edge.io/thin-edge.io/tests/PySys/tedge/call_tedge_config_list/Output/linux/tedge_unset_config_key.out
  stderr       : /home/pi/actions-runner/_work/thin-edge.io/thin-edge.io/tests/PySys/tedge/call_tedge_config_list/Output/linux/tedge_unset_config_key.err
  environment  : LD_LIBRARY_PATH=/usr/lib
  environment  : PATH=/bin:/usr/bin:/usr/sbin:/usr/local/bin
                   #1  /bin
                   #2  /usr/bin
                   #3  /usr/sbin
                   #4  /usr/local/bin
2022-04-08 09:55:18,112 DEBUG Waiting up to 600 secs for process sudo<tedge_unset_config_key> (pid 10299)
2022-04-08 09:55:18,621 INFO  Executed sudo<tedge_unset_config_key>, exit status 0
2022-04-08 09:55:18,625 DEBUG Process parameters for sudo<tedge_unset_config_key>
  command line : /usr/bin/sudo /usr/bin/tedge config unset c8y.url
    arg #1     : /usr/bin/tedge
    arg #2     : config
    arg #3     : unset
    arg #4     : c8y.url
  working dir  : /home/pi/actions-runner/_work/thin-edge.io/thin-edge.io/tests/PySys/tedge/call_tedge_config_list/Output/linux
  stdout       : /home/pi/actions-runner/_work/thin-edge.io/thin-edge.io/tests/PySys/tedge/call_tedge_config_list/Output/linux/tedge_unset_config_key.out
  stderr       : /home/pi/actions-runner/_work/thin-edge.io/thin-edge.io/tests/PySys/tedge/call_tedge_config_list/Output/linux/tedge_unset_config_key.err
  environment  : LD_LIBRARY_PATH=/usr/lib
  environment  : PATH=/bin:/usr/bin:/usr/sbin:/usr/local/bin
                   #1  /bin
                   #2  /usr/bin
                   #3  /usr/sbin
                   #4  /usr/local/bin
2022-04-08 09:55:18,633 DEBUG Waiting up to 600 secs for process sudo<tedge_unset_config_key> (pid 10301)
2022-04-08 09:55:19,140 INFO  Executed sudo<tedge_unset_config_key>, exit status 0
2022-04-08 09:55:19,152 DEBUG Process parameters for sudo<tedge_unset_config_key>
  command line : /usr/bin/sudo /usr/bin/tedge config unset c8y.root.cert.path
    arg #1     : /usr/bin/tedge
    arg #2     : config
    arg #3     : unset
    arg #4     : c8y.root.cert.path
  working dir  : /home/pi/actions-runner/_work/thin-edge.io/thin-edge.io/tests/PySys/tedge/call_tedge_config_list/Output/linux
  stdout       : /home/pi/actions-runner/_work/thin-edge.io/thin-edge.io/tests/PySys/tedge/call_tedge_config_list/Output/linux/tedge_unset_config_key.out
  stderr       : /home/pi/actions-runner/_work/thin-edge.io/thin-edge.io/tests/PySys/tedge/call_tedge_config_list/Output/linux/tedge_unset_config_key.err
  environment  : LD_LIBRARY_PATH=/usr/lib
  environment  : PATH=/bin:/usr/bin:/usr/sbin:/usr/local/bin
                   #1  /bin
                   #2  /usr/bin
                   #3  /usr/sbin
                   #4  /usr/local/bin
2022-04-08 09:55:19,160 DEBUG Waiting up to 600 secs for process sudo<tedge_unset_config_key> (pid 10303)
2022-04-08 09:55:19,667 INFO  Executed sudo<tedge_unset_config_key>, exit status 0
2022-04-08 09:55:19,670 DEBUG Process parameters for sudo<tedge_unset_config_key>
  command line : /usr/bin/sudo /usr/bin/tedge config unset az.url
    arg #1     : /usr/bin/tedge
    arg #2     : config
    arg #3     : unset
    arg #4     : az.url
  working dir  : /home/pi/actions-runner/_work/thin-edge.io/thin-edge.io/tests/PySys/tedge/call_tedge_config_list/Output/linux
  stdout       : /home/pi/actions-runner/_work/thin-edge.io/thin-edge.io/tests/PySys/tedge/call_tedge_config_list/Output/linux/tedge_unset_config_key.out
  stderr       : /home/pi/actions-runner/_work/thin-edge.io/thin-edge.io/tests/PySys/tedge/call_tedge_config_list/Output/linux/tedge_unset_config_key.err
  environment  : LD_LIBRARY_PATH=/usr/lib
  environment  : PATH=/bin:/usr/bin:/usr/sbin:/usr/local/bin
                   #1  /bin
                   #2  /usr/bin
                   #3  /usr/sbin
                   #4  /usr/local/bin
2022-04-08 09:55:19,679 DEBUG Waiting up to 600 secs for process sudo<tedge_unset_config_key> (pid 10305)
2022-04-08 09:55:20,186 INFO  Executed sudo<tedge_unset_config_key>, exit status 0
2022-04-08 09:55:20,190 DEBUG Process parameters for sudo<tedge_unset_config_key>
  command line : /usr/bin/sudo /usr/bin/tedge config unset az.root.cert.path
    arg #1     : /usr/bin/tedge
    arg #2     : config
    arg #3     : unset
    arg #4     : az.root.cert.path
  working dir  : /home/pi/actions-runner/_work/thin-edge.io/thin-edge.io/tests/PySys/tedge/call_tedge_config_list/Output/linux
  stdout       : /home/pi/actions-runner/_work/thin-edge.io/thin-edge.io/tests/PySys/tedge/call_tedge_config_list/Output/linux/tedge_unset_config_key.out
  stderr       : /home/pi/actions-runner/_work/thin-edge.io/thin-edge.io/tests/PySys/tedge/call_tedge_config_list/Output/linux/tedge_unset_config_key.err
  environment  : LD_LIBRARY_PATH=/usr/lib
  environment  : PATH=/bin:/usr/bin:/usr/sbin:/usr/local/bin
                   #1  /bin
                   #2  /usr/bin
                   #3  /usr/sbin
                   #4  /usr/local/bin
2022-04-08 09:55:20,198 DEBUG Waiting up to 600 secs for process sudo<tedge_unset_config_key> (pid 10307)
2022-04-08 09:55:20,706 INFO  Executed sudo<tedge_unset_config_key>, exit status 0
2022-04-08 09:55:20,710 DEBUG Process parameters for sudo<tedge_get_config_key>
  command line : /usr/bin/sudo /usr/bin/tedge config get device.key.path
    arg #1     : /usr/bin/tedge
    arg #2     : config
    arg #3     : get
    arg #4     : device.key.path
  working dir  : /home/pi/actions-runner/_work/thin-edge.io/thin-edge.io/tests/PySys/tedge/call_tedge_config_list/Output/linux
  stdout       : /home/pi/actions-runner/_work/thin-edge.io/thin-edge.io/tests/PySys/tedge/call_tedge_config_list/Output/linux/tedge_get_config_key.out
  stderr       : /home/pi/actions-runner/_work/thin-edge.io/thin-edge.io/tests/PySys/tedge/call_tedge_config_list/Output/linux/tedge_get_config_key.err
  environment  : LD_LIBRARY_PATH=/usr/lib
  environment  : PATH=/bin:/usr/bin:/usr/sbin:/usr/local/bin
                   #1  /bin
                   #2  /usr/bin
                   #3  /usr/sbin
                   #4  /usr/local/bin
2022-04-08 09:55:20,718 DEBUG Waiting up to 600 secs for process sudo<tedge_get_config_key> (pid 10309)
2022-04-08 09:55:21,226 INFO  Executed sudo<tedge_get_config_key>, exit status 0
2022-04-08 09:55:21,228 DEBUG Key: device.key.path Value: /etc/tedge/device-certs/tedge-private-key.pem
2022-04-08 09:55:21,231 INFO  Assert that (expect == valueread) with expect="/etc/tedge/device-certs/tedge-private-key.pem", valueread="/etc/tedge/device-certs/tedge-private-key.pem" ... passed
2022-04-08 09:55:21,233 DEBUG Process parameters for sudo<tedge_get_config_key>
  command line : /usr/bin/sudo /usr/bin/tedge config get device.cert.path
    arg #1     : /usr/bin/tedge
    arg #2     : config
    arg #3     : get
    arg #4     : device.cert.path
  working dir  : /home/pi/actions-runner/_work/thin-edge.io/thin-edge.io/tests/PySys/tedge/call_tedge_config_list/Output/linux
  stdout       : /home/pi/actions-runner/_work/thin-edge.io/thin-edge.io/tests/PySys/tedge/call_tedge_config_list/Output/linux/tedge_get_config_key.out
  stderr       : /home/pi/actions-runner/_work/thin-edge.io/thin-edge.io/tests/PySys/tedge/call_tedge_config_list/Output/linux/tedge_get_config_key.err
  environment  : LD_LIBRARY_PATH=/usr/lib
  environment  : PATH=/bin:/usr/bin:/usr/sbin:/usr/local/bin
                   #1  /bin
                   #2  /usr/bin
                   #3  /usr/sbin
                   #4  /usr/local/bin
2022-04-08 09:55:21,241 DEBUG Waiting up to 600 secs for process sudo<tedge_get_config_key> (pid 10311)
2022-04-08 09:55:21,749 INFO  Executed sudo<tedge_get_config_key>, exit status 0
2022-04-08 09:55:21,752 DEBUG Key: device.cert.path Value: /etc/tedge/device-certs/tedge-certificate.pem
2022-04-08 09:55:21,753 INFO  Assert that (expect == valueread) with expect="/etc/tedge/device-certs/tedge-certificate.pem", valueread="/etc/tedge/device-certs/tedge-certificate.pem" ... passed
2022-04-08 09:55:21,756 DEBUG Process parameters for sudo<tedge_get_config_key>
  command line : /usr/bin/sudo /usr/bin/tedge config get c8y.url
    arg #1     : /usr/bin/tedge
    arg #2     : config
    arg #3     : get
    arg #4     : c8y.url
  working dir  : /home/pi/actions-runner/_work/thin-edge.io/thin-edge.io/tests/PySys/tedge/call_tedge_config_list/Output/linux
  stdout       : /home/pi/actions-runner/_work/thin-edge.io/thin-edge.io/tests/PySys/tedge/call_tedge_config_list/Output/linux/tedge_get_config_key.out
  stderr       : /home/pi/actions-runner/_work/thin-edge.io/thin-edge.io/tests/PySys/tedge/call_tedge_config_list/Output/linux/tedge_get_config_key.err
  environment  : LD_LIBRARY_PATH=/usr/lib
  environment  : PATH=/bin:/usr/bin:/usr/sbin:/usr/local/bin
                   #1  /bin
                   #2  /usr/bin
                   #3  /usr/sbin
                   #4  /usr/local/bin
2022-04-08 09:55:21,764 DEBUG Waiting up to 600 secs for process sudo<tedge_get_config_key> (pid 10313)
2022-04-08 09:55:22,273 INFO  Executed sudo<tedge_get_config_key>, exit status 0
2022-04-08 09:55:22,276 DEBUG Key: c8y.url Value: None
2022-04-08 09:55:22,278 INFO  Assert that (expect == valueread) with expect=None, valueread=None ... passed
2022-04-08 09:55:22,280 DEBUG Process parameters for sudo<tedge_get_config_key>
  command line : /usr/bin/sudo /usr/bin/tedge config get c8y.root.cert.path
    arg #1     : /usr/bin/tedge
    arg #2     : config
    arg #3     : get
    arg #4     : c8y.root.cert.path
  working dir  : /home/pi/actions-runner/_work/thin-edge.io/thin-edge.io/tests/PySys/tedge/call_tedge_config_list/Output/linux
  stdout       : /home/pi/actions-runner/_work/thin-edge.io/thin-edge.io/tests/PySys/tedge/call_tedge_config_list/Output/linux/tedge_get_config_key.out
  stderr       : /home/pi/actions-runner/_work/thin-edge.io/thin-edge.io/tests/PySys/tedge/call_tedge_config_list/Output/linux/tedge_get_config_key.err
  environment  : LD_LIBRARY_PATH=/usr/lib
  environment  : PATH=/bin:/usr/bin:/usr/sbin:/usr/local/bin
                   #1  /bin
                   #2  /usr/bin
                   #3  /usr/sbin
                   #4  /usr/local/bin
2022-04-08 09:55:22,288 DEBUG Waiting up to 600 secs for process sudo<tedge_get_config_key> (pid 10315)
2022-04-08 09:55:22,795 INFO  Executed sudo<tedge_get_config_key>, exit status 0
2022-04-08 09:55:22,798 DEBUG Key: c8y.root.cert.path Value: /etc/ssl/certs
2022-04-08 09:55:22,800 INFO  Assert that (expect == valueread) with expect="/etc/ssl/certs", valueread="/etc/ssl/certs" ... passed
2022-04-08 09:55:22,802 DEBUG Process parameters for sudo<tedge_get_config_key>
  command line : /usr/bin/sudo /usr/bin/tedge config get az.url
    arg #1     : /usr/bin/tedge
    arg #2     : config
    arg #3     : get
    arg #4     : az.url
  working dir  : /home/pi/actions-runner/_work/thin-edge.io/thin-edge.io/tests/PySys/tedge/call_tedge_config_list/Output/linux
  stdout       : /home/pi/actions-runner/_work/thin-edge.io/thin-edge.io/tests/PySys/tedge/call_tedge_config_list/Output/linux/tedge_get_config_key.out
  stderr       : /home/pi/actions-runner/_work/thin-edge.io/thin-edge.io/tests/PySys/tedge/call_tedge_config_list/Output/linux/tedge_get_config_key.err
  environment  : LD_LIBRARY_PATH=/usr/lib
  environment  : PATH=/bin:/usr/bin:/usr/sbin:/usr/local/bin
                   #1  /bin
                   #2  /usr/bin
                   #3  /usr/sbin
                   #4  /usr/local/bin
2022-04-08 09:55:22,810 DEBUG Waiting up to 600 secs for process sudo<tedge_get_config_key> (pid 10317)
2022-04-08 09:55:23,317 INFO  Executed sudo<tedge_get_config_key>, exit status 0
2022-04-08 09:55:23,319 DEBUG Key: az.url Value: None
2022-04-08 09:55:23,321 INFO  Assert that (expect == valueread) with expect=None, valueread=None ... passed
2022-04-08 09:55:23,323 DEBUG Process parameters for sudo<tedge_get_config_key>
  command line : /usr/bin/sudo /usr/bin/tedge config get az.root.cert.path
    arg #1     : /usr/bin/tedge
    arg #2     : config
    arg #3     : get
    arg #4     : az.root.cert.path
  working dir  : /home/pi/actions-runner/_work/thin-edge.io/thin-edge.io/tests/PySys/tedge/call_tedge_config_list/Output/linux
  stdout       : /home/pi/actions-runner/_work/thin-edge.io/thin-edge.io/tests/PySys/tedge/call_tedge_config_list/Output/linux/tedge_get_config_key.out
  stderr       : /home/pi/actions-runner/_work/thin-edge.io/thin-edge.io/tests/PySys/tedge/call_tedge_config_list/Output/linux/tedge_get_config_key.err
  environment  : LD_LIBRARY_PATH=/usr/lib
  environment  : PATH=/bin:/usr/bin:/usr/sbin:/usr/local/bin
                   #1  /bin
                   #2  /usr/bin
                   #3  /usr/sbin
                   #4  /usr/local/bin
2022-04-08 09:55:23,331 DEBUG Waiting up to 600 secs for process sudo<tedge_get_config_key> (pid 10319)
2022-04-08 09:55:23,838 INFO  Executed sudo<tedge_get_config_key>, exit status 0
2022-04-08 09:55:23,841 DEBUG Key: az.root.cert.path Value: /etc/ssl/certs
2022-04-08 09:55:23,843 INFO  Assert that (expect == valueread) with expect="/etc/ssl/certs", valueread="/etc/ssl/certs" ... passed
2022-04-08 09:55:23,845 DEBUG Process parameters for sudo<tedge_set_config_key>
  command line : /usr/bin/sudo /usr/bin/tedge config set device.key.path failfailfail
    arg #1     : /usr/bin/tedge
    arg #2     : config
    arg #3     : set
    arg #4     : device.key.path
    arg #5     : failfailfail
  working dir  : /home/pi/actions-runner/_work/thin-edge.io/thin-edge.io/tests/PySys/tedge/call_tedge_config_list/Output/linux
  stdout       : /home/pi/actions-runner/_work/thin-edge.io/thin-edge.io/tests/PySys/tedge/call_tedge_config_list/Output/linux/tedge_set_config_key.out
  stderr       : /home/pi/actions-runner/_work/thin-edge.io/thin-edge.io/tests/PySys/tedge/call_tedge_config_list/Output/linux/tedge_set_config_key.err
  environment  : LD_LIBRARY_PATH=/usr/lib
  environment  : PATH=/bin:/usr/bin:/usr/sbin:/usr/local/bin
                   #1  /bin
                   #2  /usr/bin
                   #3  /usr/sbin
                   #4  /usr/local/bin
2022-04-08 09:55:23,853 DEBUG Waiting up to 600 secs for process sudo<tedge_set_config_key> (pid 10321)
2022-04-08 09:55:24,360 INFO  Executed sudo<tedge_set_config_key>, exit status 0
2022-04-08 09:55:24,362 DEBUG Process parameters for sudo<tedge_get_config_key>
  command line : /usr/bin/sudo /usr/bin/tedge config get device.key.path
    arg #1     : /usr/bin/tedge
    arg #2     : config
    arg #3     : get
    arg #4     : device.key.path
  working dir  : /home/pi/actions-runner/_work/thin-edge.io/thin-edge.io/tests/PySys/tedge/call_tedge_config_list/Output/linux
  stdout       : /home/pi/actions-runner/_work/thin-edge.io/thin-edge.io/tests/PySys/tedge/call_tedge_config_list/Output/linux/tedge_get_config_key.out
  stderr       : /home/pi/actions-runner/_work/thin-edge.io/thin-edge.io/tests/PySys/tedge/call_tedge_config_list/Output/linux/tedge_get_config_key.err
  environment  : LD_LIBRARY_PATH=/usr/lib
  environment  : PATH=/bin:/usr/bin:/usr/sbin:/usr/local/bin
                   #1  /bin
                   #2  /usr/bin
                   #3  /usr/sbin
                   #4  /usr/local/bin
2022-04-08 09:55:24,372 DEBUG Waiting up to 600 secs for process sudo<tedge_get_config_key> (pid 10323)
2022-04-08 09:55:24,882 INFO  Executed sudo<tedge_get_config_key>, exit status 0
2022-04-08 09:55:24,886 INFO  Assert that (value == vread) with value="failfailfail", vread="failfailfail" ... passed
2022-04-08 09:55:24,889 DEBUG Process parameters for sudo<tedge_set_config_key>
  command line : /usr/bin/sudo /usr/bin/tedge config set device.cert.path failfailfail
    arg #1     : /usr/bin/tedge
    arg #2     : config
    arg #3     : set
    arg #4     : device.cert.path
    arg #5     : failfailfail
  working dir  : /home/pi/actions-runner/_work/thin-edge.io/thin-edge.io/tests/PySys/tedge/call_tedge_config_list/Output/linux
  stdout       : /home/pi/actions-runner/_work/thin-edge.io/thin-edge.io/tests/PySys/tedge/call_tedge_config_list/Output/linux/tedge_set_config_key.out
  stderr       : /home/pi/actions-runner/_work/thin-edge.io/thin-edge.io/tests/PySys/tedge/call_tedge_config_list/Output/linux/tedge_set_config_key.err
  environment  : LD_LIBRARY_PATH=/usr/lib
  environment  : PATH=/bin:/usr/bin:/usr/sbin:/usr/local/bin
                   #1  /bin
                   #2  /usr/bin
                   #3  /usr/sbin
                   #4  /usr/local/bin
2022-04-08 09:55:24,897 DEBUG Waiting up to 600 secs for process sudo<tedge_set_config_key> (pid 10325)
2022-04-08 09:55:25,404 INFO  Executed sudo<tedge_set_config_key>, exit status 0
2022-04-08 09:55:25,407 DEBUG Process parameters for sudo<tedge_get_config_key>
  command line : /usr/bin/sudo /usr/bin/tedge config get device.cert.path
    arg #1     : /usr/bin/tedge
    arg #2     : config
    arg #3     : get
    arg #4     : device.cert.path
  working dir  : /home/pi/actions-runner/_work/thin-edge.io/thin-edge.io/tests/PySys/tedge/call_tedge_config_list/Output/linux
  stdout       : /home/pi/actions-runner/_work/thin-edge.io/thin-edge.io/tests/PySys/tedge/call_tedge_config_list/Output/linux/tedge_get_config_key.out
  stderr       : /home/pi/actions-runner/_work/thin-edge.io/thin-edge.io/tests/PySys/tedge/call_tedge_config_list/Output/linux/tedge_get_config_key.err
  environment  : LD_LIBRARY_PATH=/usr/lib
  environment  : PATH=/bin:/usr/bin:/usr/sbin:/usr/local/bin
                   #1  /bin
                   #2  /usr/bin
                   #3  /usr/sbin
                   #4  /usr/local/bin
2022-04-08 09:55:25,415 DEBUG Waiting up to 600 secs for process sudo<tedge_get_config_key> (pid 10328)
2022-04-08 09:55:25,922 INFO  Executed sudo<tedge_get_config_key>, exit status 0
2022-04-08 09:55:25,926 INFO  Assert that (value == vread) with value="failfailfail", vread="failfailfail" ... passed
2022-04-08 09:55:25,928 DEBUG Process parameters for sudo<tedge_set_config_key>
  command line : /usr/bin/sudo /usr/bin/tedge config set c8y.url failfailfail
    arg #1     : /usr/bin/tedge
    arg #2     : config
    arg #3     : set
    arg #4     : c8y.url
    arg #5     : failfailfail
  working dir  : /home/pi/actions-runner/_work/thin-edge.io/thin-edge.io/tests/PySys/tedge/call_tedge_config_list/Output/linux
  stdout       : /home/pi/actions-runner/_work/thin-edge.io/thin-edge.io/tests/PySys/tedge/call_tedge_config_list/Output/linux/tedge_set_config_key.out
  stderr       : /home/pi/actions-runner/_work/thin-edge.io/thin-edge.io/tests/PySys/tedge/call_tedge_config_list/Output/linux/tedge_set_config_key.err
  environment  : LD_LIBRARY_PATH=/usr/lib
  environment  : PATH=/bin:/usr/bin:/usr/sbin:/usr/local/bin
                   #1  /bin
                   #2  /usr/bin
                   #3  /usr/sbin
                   #4  /usr/local/bin
2022-04-08 09:55:25,936 DEBUG Waiting up to 600 secs for process sudo<tedge_set_config_key> (pid 10330)
2022-04-08 09:55:26,443 INFO  Executed sudo<tedge_set_config_key>, exit status 0
2022-04-08 09:55:26,445 DEBUG Process parameters for sudo<tedge_get_config_key>
  command line : /usr/bin/sudo /usr/bin/tedge config get c8y.url
    arg #1     : /usr/bin/tedge
    arg #2     : config
    arg #3     : get
    arg #4     : c8y.url
  working dir  : /home/pi/actions-runner/_work/thin-edge.io/thin-edge.io/tests/PySys/tedge/call_tedge_config_list/Output/linux
  stdout       : /home/pi/actions-runner/_work/thin-edge.io/thin-edge.io/tests/PySys/tedge/call_tedge_config_list/Output/linux/tedge_get_config_key.out
  stderr       : /home/pi/actions-runner/_work/thin-edge.io/thin-edge.io/tests/PySys/tedge/call_tedge_config_list/Output/linux/tedge_get_config_key.err
  environment  : LD_LIBRARY_PATH=/usr/lib
  environment  : PATH=/bin:/usr/bin:/usr/sbin:/usr/local/bin
                   #1  /bin
                   #2  /usr/bin
                   #3  /usr/sbin
                   #4  /usr/local/bin
2022-04-08 09:55:26,454 DEBUG Waiting up to 600 secs for process sudo<tedge_get_config_key> (pid 10332)
2022-04-08 09:55:26,961 INFO  Executed sudo<tedge_get_config_key>, exit status 0
2022-04-08 09:55:26,964 INFO  Assert that (value == vread) with value="failfailfail", vread="failfailfail" ... passed
2022-04-08 09:55:26,966 DEBUG Process parameters for sudo<tedge_set_config_key>
  command line : /usr/bin/sudo /usr/bin/tedge config set c8y.root.cert.path failfailfail
    arg #1     : /usr/bin/tedge
    arg #2     : config
    arg #3     : set
    arg #4     : c8y.root.cert.path
    arg #5     : failfailfail
  working dir  : /home/pi/actions-runner/_work/thin-edge.io/thin-edge.io/tests/PySys/tedge/call_tedge_config_list/Output/linux
  stdout       : /home/pi/actions-runner/_work/thin-edge.io/thin-edge.io/tests/PySys/tedge/call_tedge_config_list/Output/linux/tedge_set_config_key.out
  stderr       : /home/pi/actions-runner/_work/thin-edge.io/thin-edge.io/tests/PySys/tedge/call_tedge_config_list/Output/linux/tedge_set_config_key.err
  environment  : LD_LIBRARY_PATH=/usr/lib
  environment  : PATH=/bin:/usr/bin:/usr/sbin:/usr/local/bin
                   #1  /bin
                   #2  /usr/bin
                   #3  /usr/sbin
                   #4  /usr/local/bin
2022-04-08 09:55:26,974 DEBUG Waiting up to 600 secs for process sudo<tedge_set_config_key> (pid 10334)
2022-04-08 09:55:27,481 INFO  Executed sudo<tedge_set_config_key>, exit status 0
2022-04-08 09:55:27,483 DEBUG Process parameters for sudo<tedge_get_config_key>
  command line : /usr/bin/sudo /usr/bin/tedge config get c8y.root.cert.path
    arg #1     : /usr/bin/tedge
    arg #2     : config
    arg #3     : get
    arg #4     : c8y.root.cert.path
  working dir  : /home/pi/actions-runner/_work/thin-edge.io/thin-edge.io/tests/PySys/tedge/call_tedge_config_list/Output/linux
  stdout       : /home/pi/actions-runner/_work/thin-edge.io/thin-edge.io/tests/PySys/tedge/call_tedge_config_list/Output/linux/tedge_get_config_key.out
  stderr       : /home/pi/actions-runner/_work/thin-edge.io/thin-edge.io/tests/PySys/tedge/call_tedge_config_list/Output/linux/tedge_get_config_key.err
  environment  : LD_LIBRARY_PATH=/usr/lib
  environment  : PATH=/bin:/usr/bin:/usr/sbin:/usr/local/bin
                   #1  /bin
                   #2  /usr/bin
                   #3  /usr/sbin
                   #4  /usr/local/bin
2022-04-08 09:55:27,492 DEBUG Waiting up to 600 secs for process sudo<tedge_get_config_key> (pid 10336)
2022-04-08 09:55:27,999 INFO  Executed sudo<tedge_get_config_key>, exit status 0
2022-04-08 09:55:28,002 INFO  Assert that (value == vread) with value="failfailfail", vread="failfailfail" ... passed
2022-04-08 09:55:28,005 DEBUG Process parameters for sudo<tedge_set_config_key>
  command line : /usr/bin/sudo /usr/bin/tedge config set az.url failfailfail
    arg #1     : /usr/bin/tedge
    arg #2     : config
    arg #3     : set
    arg #4     : az.url
    arg #5     : failfailfail
  working dir  : /home/pi/actions-runner/_work/thin-edge.io/thin-edge.io/tests/PySys/tedge/call_tedge_config_list/Output/linux
  stdout       : /home/pi/actions-runner/_work/thin-edge.io/thin-edge.io/tests/PySys/tedge/call_tedge_config_list/Output/linux/tedge_set_config_key.out
  stderr       : /home/pi/actions-runner/_work/thin-edge.io/thin-edge.io/tests/PySys/tedge/call_tedge_config_list/Output/linux/tedge_set_config_key.err
  environment  : LD_LIBRARY_PATH=/usr/lib
  environment  : PATH=/bin:/usr/bin:/usr/sbin:/usr/local/bin
                   #1  /bin
                   #2  /usr/bin
                   #3  /usr/sbin
                   #4  /usr/local/bin
2022-04-08 09:55:28,013 DEBUG Waiting up to 600 secs for process sudo<tedge_set_config_key> (pid 10338)
2022-04-08 09:55:28,520 INFO  Executed sudo<tedge_set_config_key>, exit status 0
2022-04-08 09:55:28,522 DEBUG Process parameters for sudo<tedge_get_config_key>
  command line : /usr/bin/sudo /usr/bin/tedge config get az.url
    arg #1     : /usr/bin/tedge
    arg #2     : config
    arg #3     : get
    arg #4     : az.url
  working dir  : /home/pi/actions-runner/_work/thin-edge.io/thin-edge.io/tests/PySys/tedge/call_tedge_config_list/Output/linux
  stdout       : /home/pi/actions-runner/_work/thin-edge.io/thin-edge.io/tests/PySys/tedge/call_tedge_config_list/Output/linux/tedge_get_config_key.out
  stderr       : /home/pi/actions-runner/_work/thin-edge.io/thin-edge.io/tests/PySys/tedge/call_tedge_config_list/Output/linux/tedge_get_config_key.err
  environment  : LD_LIBRARY_PATH=/usr/lib
  environment  : PATH=/bin:/usr/bin:/usr/sbin:/usr/local/bin
                   #1  /bin
                   #2  /usr/bin
                   #3  /usr/sbin
                   #4  /usr/local/bin
2022-04-08 09:55:28,530 DEBUG Waiting up to 600 secs for process sudo<tedge_get_config_key> (pid 10340)
2022-04-08 09:55:29,037 INFO  Executed sudo<tedge_get_config_key>, exit status 0
2022-04-08 09:55:29,040 INFO  Assert that (value == vread) with value="failfailfail", vread="failfailfail" ... passed
2022-04-08 09:55:29,043 DEBUG Process parameters for sudo<tedge_set_config_key>
  command line : /usr/bin/sudo /usr/bin/tedge config set az.root.cert.path failfailfail
    arg #1     : /usr/bin/tedge
    arg #2     : config
    arg #3     : set
    arg #4     : az.root.cert.path
    arg #5     : failfailfail
  working dir  : /home/pi/actions-runner/_work/thin-edge.io/thin-edge.io/tests/PySys/tedge/call_tedge_config_list/Output/linux
  stdout       : /home/pi/actions-runner/_work/thin-edge.io/thin-edge.io/tests/PySys/tedge/call_tedge_config_list/Output/linux/tedge_set_config_key.out
  stderr       : /home/pi/actions-runner/_work/thin-edge.io/thin-edge.io/tests/PySys/tedge/call_tedge_config_list/Output/linux/tedge_set_config_key.err
  environment  : LD_LIBRARY_PATH=/usr/lib
  environment  : PATH=/bin:/usr/bin:/usr/sbin:/usr/local/bin
                   #1  /bin
                   #2  /usr/bin
                   #3  /usr/sbin
                   #4  /usr/local/bin
2022-04-08 09:55:29,050 DEBUG Waiting up to 600 secs for process sudo<tedge_set_config_key> (pid 10342)
2022-04-08 09:55:29,607 INFO  Executed sudo<tedge_set_config_key>, exit status 0
2022-04-08 09:55:29,609 DEBUG Process parameters for sudo<tedge_get_config_key>
  command line : /usr/bin/sudo /usr/bin/tedge config get az.root.cert.path
    arg #1     : /usr/bin/tedge
    arg #2     : config
    arg #3     : get
    arg #4     : az.root.cert.path
  working dir  : /home/pi/actions-runner/_work/thin-edge.io/thin-edge.io/tests/PySys/tedge/call_tedge_config_list/Output/linux
  stdout       : /home/pi/actions-runner/_work/thin-edge.io/thin-edge.io/tests/PySys/tedge/call_tedge_config_list/Output/linux/tedge_get_config_key.out
  stderr       : /home/pi/actions-runner/_work/thin-edge.io/thin-edge.io/tests/PySys/tedge/call_tedge_config_list/Output/linux/tedge_get_config_key.err
  environment  : LD_LIBRARY_PATH=/usr/lib
  environment  : PATH=/bin:/usr/bin:/usr/sbin:/usr/local/bin
                   #1  /bin
                   #2  /usr/bin
                   #3  /usr/sbin
                   #4  /usr/local/bin
2022-04-08 09:55:29,618 DEBUG Waiting up to 600 secs for process sudo<tedge_get_config_key> (pid 10344)
2022-04-08 09:55:30,124 INFO  Executed sudo<tedge_get_config_key>, exit status 0
2022-04-08 09:55:30,128 INFO  Assert that (value == vread) with value="failfailfail", vread="failfailfail" ... passed
2022-04-08 09:55:30,130 DEBUG Process parameters for sudo<tedge_set_config_key>
  command line : /usr/bin/sudo /usr/bin/tedge config set device.key.path /etc/tedge/device-certs/tedge-private-key.pem
    arg #1     : /usr/bin/tedge
    arg #2     : config
    arg #3     : set
    arg #4     : device.key.path
    arg #5     : /etc/tedge/device-certs/tedge-private-key.pem
  working dir  : /home/pi/actions-runner/_work/thin-edge.io/thin-edge.io/tests/PySys/tedge/call_tedge_config_list/Output/linux
  stdout       : /home/pi/actions-runner/_work/thin-edge.io/thin-edge.io/tests/PySys/tedge/call_tedge_config_list/Output/linux/tedge_set_config_key.out
  stderr       : /home/pi/actions-runner/_work/thin-edge.io/thin-edge.io/tests/PySys/tedge/call_tedge_config_list/Output/linux/tedge_set_config_key.err
  environment  : LD_LIBRARY_PATH=/usr/lib
  environment  : PATH=/bin:/usr/bin:/usr/sbin:/usr/local/bin
                   #1  /bin
                   #2  /usr/bin
                   #3  /usr/sbin
                   #4  /usr/local/bin
2022-04-08 09:55:30,138 DEBUG Waiting up to 600 secs for process sudo<tedge_set_config_key> (pid 10346)
2022-04-08 09:55:30,646 INFO  Executed sudo<tedge_set_config_key>, exit status 0
2022-04-08 09:55:30,648 DEBUG Process parameters for sudo<tedge_set_config_key>
  command line : /usr/bin/sudo /usr/bin/tedge config set device.cert.path /etc/tedge/device-certs/tedge-certificate.pem
    arg #1     : /usr/bin/tedge
    arg #2     : config
    arg #3     : set
    arg #4     : device.cert.path
    arg #5     : /etc/tedge/device-certs/tedge-certificate.pem
  working dir  : /home/pi/actions-runner/_work/thin-edge.io/thin-edge.io/tests/PySys/tedge/call_tedge_config_list/Output/linux
  stdout       : /home/pi/actions-runner/_work/thin-edge.io/thin-edge.io/tests/PySys/tedge/call_tedge_config_list/Output/linux/tedge_set_config_key.out
  stderr       : /home/pi/actions-runner/_work/thin-edge.io/thin-edge.io/tests/PySys/tedge/call_tedge_config_list/Output/linux/tedge_set_config_key.err
  environment  : LD_LIBRARY_PATH=/usr/lib
  environment  : PATH=/bin:/usr/bin:/usr/sbin:/usr/local/bin
                   #1  /bin
                   #2  /usr/bin
                   #3  /usr/sbin
                   #4  /usr/local/bin
2022-04-08 09:55:30,656 DEBUG Waiting up to 600 secs for process sudo<tedge_set_config_key> (pid 10348)
2022-04-08 09:55:31,163 INFO  Executed sudo<tedge_set_config_key>, exit status 0
2022-04-08 09:55:31,166 DEBUG Process parameters for sudo<tedge_set_config_key>
  command line : /usr/bin/sudo /usr/bin/tedge config set c8y.url thin-edge-io.eu-latest.cumulocity.com
    arg #1     : /usr/bin/tedge
    arg #2     : config
    arg #3     : set
    arg #4     : c8y.url
    arg #5     : thin-edge-io.eu-latest.cumulocity.com
  working dir  : /home/pi/actions-runner/_work/thin-edge.io/thin-edge.io/tests/PySys/tedge/call_tedge_config_list/Output/linux
  stdout       : /home/pi/actions-runner/_work/thin-edge.io/thin-edge.io/tests/PySys/tedge/call_tedge_config_list/Output/linux/tedge_set_config_key.out
  stderr       : /home/pi/actions-runner/_work/thin-edge.io/thin-edge.io/tests/PySys/tedge/call_tedge_config_list/Output/linux/tedge_set_config_key.err
  environment  : LD_LIBRARY_PATH=/usr/lib
  environment  : PATH=/bin:/usr/bin:/usr/sbin:/usr/local/bin
                   #1  /bin
                   #2  /usr/bin
                   #3  /usr/sbin
                   #4  /usr/local/bin
2022-04-08 09:55:31,174 DEBUG Waiting up to 600 secs for process sudo<tedge_set_config_key> (pid 10350)
2022-04-08 09:55:31,680 INFO  Executed sudo<tedge_set_config_key>, exit status 0
2022-04-08 09:55:31,683 DEBUG Process parameters for sudo<tedge_set_config_key>
  command line : /usr/bin/sudo /usr/bin/tedge config set c8y.root.cert.path /etc/ssl/certs
    arg #1     : /usr/bin/tedge
    arg #2     : config
    arg #3     : set
    arg #4     : c8y.root.cert.path
    arg #5     : /etc/ssl/certs
  working dir  : /home/pi/actions-runner/_work/thin-edge.io/thin-edge.io/tests/PySys/tedge/call_tedge_config_list/Output/linux
  stdout       : /home/pi/actions-runner/_work/thin-edge.io/thin-edge.io/tests/PySys/tedge/call_tedge_config_list/Output/linux/tedge_set_config_key.out
  stderr       : /home/pi/actions-runner/_work/thin-edge.io/thin-edge.io/tests/PySys/tedge/call_tedge_config_list/Output/linux/tedge_set_config_key.err
  environment  : LD_LIBRARY_PATH=/usr/lib
  environment  : PATH=/bin:/usr/bin:/usr/sbin:/usr/local/bin
                   #1  /bin
                   #2  /usr/bin
                   #3  /usr/sbin
                   #4  /usr/local/bin
2022-04-08 09:55:31,691 DEBUG Waiting up to 600 secs for process sudo<tedge_set_config_key> (pid 10352)
2022-04-08 09:55:32,197 INFO  Executed sudo<tedge_set_config_key>, exit status 0
2022-04-08 09:55:32,200 DEBUG Process parameters for sudo<tedge_set_config_key>
  command line : /usr/bin/sudo /usr/bin/tedge config set az.url thinedge-gh-ci.azure-devices.net
    arg #1     : /usr/bin/tedge
    arg #2     : config
    arg #3     : set
    arg #4     : az.url
    arg #5     : thinedge-gh-ci.azure-devices.net
  working dir  : /home/pi/actions-runner/_work/thin-edge.io/thin-edge.io/tests/PySys/tedge/call_tedge_config_list/Output/linux
  stdout       : /home/pi/actions-runner/_work/thin-edge.io/thin-edge.io/tests/PySys/tedge/call_tedge_config_list/Output/linux/tedge_set_config_key.out
  stderr       : /home/pi/actions-runner/_work/thin-edge.io/thin-edge.io/tests/PySys/tedge/call_tedge_config_list/Output/linux/tedge_set_config_key.err
  environment  : LD_LIBRARY_PATH=/usr/lib
  environment  : PATH=/bin:/usr/bin:/usr/sbin:/usr/local/bin
                   #1  /bin
                   #2  /usr/bin
                   #3  /usr/sbin
                   #4  /usr/local/bin
2022-04-08 09:55:32,208 DEBUG Waiting up to 600 secs for process sudo<tedge_set_config_key> (pid 10354)
2022-04-08 09:55:32,715 INFO  Executed sudo<tedge_set_config_key>, exit status 0
2022-04-08 09:55:32,717 DEBUG Process parameters for sudo<tedge_set_config_key>
  command line : /usr/bin/sudo /usr/bin/tedge config set az.root.cert.path /etc/ssl/certs/Baltimore_CyberTrust_Root.pem
    arg #1     : /usr/bin/tedge
    arg #2     : config
    arg #3     : set
    arg #4     : az.root.cert.path
    arg #5     : /etc/ssl/certs/Baltimore_CyberTrust_Root.pem
  working dir  : /home/pi/actions-runner/_work/thin-edge.io/thin-edge.io/tests/PySys/tedge/call_tedge_config_list/Output/linux
  stdout       : /home/pi/actions-runner/_work/thin-edge.io/thin-edge.io/tests/PySys/tedge/call_tedge_config_list/Output/linux/tedge_set_config_key.out
  stderr       : /home/pi/actions-runner/_work/thin-edge.io/thin-edge.io/tests/PySys/tedge/call_tedge_config_list/Output/linux/tedge_set_config_key.err
  environment  : LD_LIBRARY_PATH=/usr/lib
  environment  : PATH=/bin:/usr/bin:/usr/sbin:/usr/local/bin
                   #1  /bin
                   #2  /usr/bin
                   #3  /usr/sbin
                   #4  /usr/local/bin
2022-04-08 09:55:32,725 DEBUG Waiting up to 600 secs for process sudo<tedge_set_config_key> (pid 10357)
2022-04-08 09:55:33,232 INFO  Executed sudo<tedge_set_config_key>, exit status 0
2022-04-08 09:55:33,233 INFO  /etc/tedge/device-certs/tedge-private-key.pem
2022-04-08 09:55:33,234 INFO  /etc/tedge/device-certs/tedge-certificate.pem
2022-04-08 09:55:33,234 INFO  thin-edge-io.eu-latest.cumulocity.com
2022-04-08 09:55:33,235 INFO  /etc/ssl/certs
2022-04-08 09:55:33,235 INFO  thinedge-gh-ci.azure-devices.net
2022-04-08 09:55:33,236 INFO  /etc/ssl/certs/Baltimore_CyberTrust_Root.pem
2022-04-08 09:55:33,238 DEBUG Process parameters for sudo<tedge_get_config_key>
  command line : /usr/bin/sudo /usr/bin/tedge config get device.key.path
    arg #1     : /usr/bin/tedge
    arg #2     : config
    arg #3     : get
    arg #4     : device.key.path
  working dir  : /home/pi/actions-runner/_work/thin-edge.io/thin-edge.io/tests/PySys/tedge/call_tedge_config_list/Output/linux
  stdout       : /home/pi/actions-runner/_work/thin-edge.io/thin-edge.io/tests/PySys/tedge/call_tedge_config_list/Output/linux/tedge_get_config_key.out
  stderr       : /home/pi/actions-runner/_work/thin-edge.io/thin-edge.io/tests/PySys/tedge/call_tedge_config_list/Output/linux/tedge_get_config_key.err
  environment  : LD_LIBRARY_PATH=/usr/lib
  environment  : PATH=/bin:/usr/bin:/usr/sbin:/usr/local/bin
                   #1  /bin
                   #2  /usr/bin
                   #3  /usr/sbin
                   #4  /usr/local/bin
2022-04-08 09:55:33,246 DEBUG Waiting up to 600 secs for process sudo<tedge_get_config_key> (pid 10359)
2022-04-08 09:55:33,752 INFO  Executed sudo<tedge_get_config_key>, exit status 0
2022-04-08 09:55:33,756 INFO  Assert that (valueold == valuenew) with valueold="/etc/tedge/device-certs/tedge-private-key.pem", valuenew="/etc/tedge/device-certs/tedge-private-key.pem" ... passed
2022-04-08 09:55:33,758 DEBUG Process parameters for sudo<tedge_get_config_key>
  command line : /usr/bin/sudo /usr/bin/tedge config get device.cert.path
    arg #1     : /usr/bin/tedge
    arg #2     : config
    arg #3     : get
    arg #4     : device.cert.path
  working dir  : /home/pi/actions-runner/_work/thin-edge.io/thin-edge.io/tests/PySys/tedge/call_tedge_config_list/Output/linux
  stdout       : /home/pi/actions-runner/_work/thin-edge.io/thin-edge.io/tests/PySys/tedge/call_tedge_config_list/Output/linux/tedge_get_config_key.out
  stderr       : /home/pi/actions-runner/_work/thin-edge.io/thin-edge.io/tests/PySys/tedge/call_tedge_config_list/Output/linux/tedge_get_config_key.err
  environment  : LD_LIBRARY_PATH=/usr/lib
  environment  : PATH=/bin:/usr/bin:/usr/sbin:/usr/local/bin
                   #1  /bin
                   #2  /usr/bin
                   #3  /usr/sbin
                   #4  /usr/local/bin
2022-04-08 09:55:33,766 DEBUG Waiting up to 600 secs for process sudo<tedge_get_config_key> (pid 10361)
2022-04-08 09:55:34,274 INFO  Executed sudo<tedge_get_config_key>, exit status 0
2022-04-08 09:55:34,277 INFO  Assert that (valueold == valuenew) with valueold="/etc/tedge/device-certs/tedge-certificate.pem", valuenew="/etc/tedge/device-certs/tedge-certificate.pem" ... passed
2022-04-08 09:55:34,280 DEBUG Process parameters for sudo<tedge_get_config_key>
  command line : /usr/bin/sudo /usr/bin/tedge config get c8y.url
    arg #1     : /usr/bin/tedge
    arg #2     : config
    arg #3     : get
    arg #4     : c8y.url
  working dir  : /home/pi/actions-runner/_work/thin-edge.io/thin-edge.io/tests/PySys/tedge/call_tedge_config_list/Output/linux
  stdout       : /home/pi/actions-runner/_work/thin-edge.io/thin-edge.io/tests/PySys/tedge/call_tedge_config_list/Output/linux/tedge_get_config_key.out
  stderr       : /home/pi/actions-runner/_work/thin-edge.io/thin-edge.io/tests/PySys/tedge/call_tedge_config_list/Output/linux/tedge_get_config_key.err
  environment  : LD_LIBRARY_PATH=/usr/lib
  environment  : PATH=/bin:/usr/bin:/usr/sbin:/usr/local/bin
                   #1  /bin
                   #2  /usr/bin
                   #3  /usr/sbin
                   #4  /usr/local/bin
2022-04-08 09:55:34,288 DEBUG Waiting up to 600 secs for process sudo<tedge_get_config_key> (pid 10363)
2022-04-08 09:55:34,794 INFO  Executed sudo<tedge_get_config_key>, exit status 0
2022-04-08 09:55:34,798 INFO  Assert that (valueold == valuenew) with valueold="thin-edge-io.eu-latest.cumulocity.com", valuenew="thin-edge-io.eu-latest.cumulocity.com" ... passed
2022-04-08 09:55:34,800 DEBUG Process parameters for sudo<tedge_get_config_key>
  command line : /usr/bin/sudo /usr/bin/tedge config get c8y.root.cert.path
    arg #1     : /usr/bin/tedge
    arg #2     : config
    arg #3     : get
    arg #4     : c8y.root.cert.path
  working dir  : /home/pi/actions-runner/_work/thin-edge.io/thin-edge.io/tests/PySys/tedge/call_tedge_config_list/Output/linux
  stdout       : /home/pi/actions-runner/_work/thin-edge.io/thin-edge.io/tests/PySys/tedge/call_tedge_config_list/Output/linux/tedge_get_config_key.out
  stderr       : /home/pi/actions-runner/_work/thin-edge.io/thin-edge.io/tests/PySys/tedge/call_tedge_config_list/Output/linux/tedge_get_config_key.err
  environment  : LD_LIBRARY_PATH=/usr/lib
  environment  : PATH=/bin:/usr/bin:/usr/sbin:/usr/local/bin
                   #1  /bin
                   #2  /usr/bin
                   #3  /usr/sbin
                   #4  /usr/local/bin
2022-04-08 09:55:34,808 DEBUG Waiting up to 600 secs for process sudo<tedge_get_config_key> (pid 10365)
2022-04-08 09:55:35,315 INFO  Executed sudo<tedge_get_config_key>, exit status 0
2022-04-08 09:55:35,319 INFO  Assert that (valueold == valuenew) with valueold="/etc/ssl/certs", valuenew="/etc/ssl/certs" ... passed
2022-04-08 09:55:35,321 DEBUG Process parameters for sudo<tedge_get_config_key>
  command line : /usr/bin/sudo /usr/bin/tedge config get az.url
    arg #1     : /usr/bin/tedge
    arg #2     : config
    arg #3     : get
    arg #4     : az.url
  working dir  : /home/pi/actions-runner/_work/thin-edge.io/thin-edge.io/tests/PySys/tedge/call_tedge_config_list/Output/linux
  stdout       : /home/pi/actions-runner/_work/thin-edge.io/thin-edge.io/tests/PySys/tedge/call_tedge_config_list/Output/linux/tedge_get_config_key.out
  stderr       : /home/pi/actions-runner/_work/thin-edge.io/thin-edge.io/tests/PySys/tedge/call_tedge_config_list/Output/linux/tedge_get_config_key.err
  environment  : LD_LIBRARY_PATH=/usr/lib
  environment  : PATH=/bin:/usr/bin:/usr/sbin:/usr/local/bin
                   #1  /bin
                   #2  /usr/bin
                   #3  /usr/sbin
                   #4  /usr/local/bin
2022-04-08 09:55:35,329 DEBUG Waiting up to 600 secs for process sudo<tedge_get_config_key> (pid 10367)
2022-04-08 09:55:35,836 INFO  Executed sudo<tedge_get_config_key>, exit status 0
2022-04-08 09:55:35,839 INFO  Assert that (valueold == valuenew) with valueold="thinedge-gh-ci.azure-devices.net", valuenew="thinedge-gh-ci.azure-devices.net" ... passed
2022-04-08 09:55:35,842 DEBUG Process parameters for sudo<tedge_get_config_key>
  command line : /usr/bin/sudo /usr/bin/tedge config get az.root.cert.path
    arg #1     : /usr/bin/tedge
    arg #2     : config
    arg #3     : get
    arg #4     : az.root.cert.path
  working dir  : /home/pi/actions-runner/_work/thin-edge.io/thin-edge.io/tests/PySys/tedge/call_tedge_config_list/Output/linux
  stdout       : /home/pi/actions-runner/_work/thin-edge.io/thin-edge.io/tests/PySys/tedge/call_tedge_config_list/Output/linux/tedge_get_config_key.out
  stderr       : /home/pi/actions-runner/_work/thin-edge.io/thin-edge.io/tests/PySys/tedge/call_tedge_config_list/Output/linux/tedge_get_config_key.err
  environment  : LD_LIBRARY_PATH=/usr/lib
  environment  : PATH=/bin:/usr/bin:/usr/sbin:/usr/local/bin
                   #1  /bin
                   #2  /usr/bin
                   #3  /usr/sbin
                   #4  /usr/local/bin
2022-04-08 09:55:35,850 DEBUG Waiting up to 600 secs for process sudo<tedge_get_config_key> (pid 10369)
2022-04-08 09:55:36,356 INFO  Executed sudo<tedge_get_config_key>, exit status 0
2022-04-08 09:55:36,360 INFO  Assert that (valueold == valuenew) with valueold="/etc/ssl/certs/Baltimore_CyberTrust_Root.pem", valuenew="/etc/ssl/certs/Baltimore_CyberTrust_Root.pem" ... passed
2022-04-08 09:55:36,362 DEBUG Process parameters for sudo<tedge_unset_device_id>
  command line : /usr/bin/sudo /usr/bin/tedge config unset device.id
    arg #1     : /usr/bin/tedge
    arg #2     : config
    arg #3     : unset
    arg #4     : device.id
  working dir  : /home/pi/actions-runner/_work/thin-edge.io/thin-edge.io/tests/PySys/tedge/call_tedge_config_list/Output/linux
  stdout       : /home/pi/actions-runner/_work/thin-edge.io/thin-edge.io/tests/PySys/tedge/call_tedge_config_list/Output/linux/tedge_unset_device_id.out
  stderr       : /home/pi/actions-runner/_work/thin-edge.io/thin-edge.io/tests/PySys/tedge/call_tedge_config_list/Output/linux/tedge_unset_device_id.err
  environment  : LD_LIBRARY_PATH=/usr/lib
  environment  : PATH=/bin:/usr/bin:/usr/sbin:/usr/local/bin
                   #1  /bin
                   #2  /usr/bin
                   #3  /usr/sbin
                   #4  /usr/local/bin
2022-04-08 09:55:36,370 DEBUG Waiting up to 600 secs for process sudo<tedge_unset_device_id> (pid 10371)
2022-04-08 09:55:36,927 INFO  Executed sudo<tedge_unset_device_id>, exit status 1
2022-04-08 09:55:36,930 DEBUG Process parameters for sudo<tedge_set_device_id>
  command line : /usr/bin/sudo /usr/bin/tedge config set device.id anotherid
    arg #1     : /usr/bin/tedge
    arg #2     : config
    arg #3     : set
    arg #4     : device.id
    arg #5     : anotherid
  working dir  : /home/pi/actions-runner/_work/thin-edge.io/thin-edge.io/tests/PySys/tedge/call_tedge_config_list/Output/linux
  stdout       : /home/pi/actions-runner/_work/thin-edge.io/thin-edge.io/tests/PySys/tedge/call_tedge_config_list/Output/linux/tedge_set_device_id.out
  stderr       : /home/pi/actions-runner/_work/thin-edge.io/thin-edge.io/tests/PySys/tedge/call_tedge_config_list/Output/linux/tedge_set_device_id.err
  environment  : LD_LIBRARY_PATH=/usr/lib
  environment  : PATH=/bin:/usr/bin:/usr/sbin:/usr/local/bin
                   #1  /bin
                   #2  /usr/bin
                   #3  /usr/sbin
                   #4  /usr/local/bin
2022-04-08 09:55:36,938 DEBUG Waiting up to 600 secs for process sudo<tedge_set_device_id> (pid 10373)
2022-04-08 09:55:37,495 INFO  Executed sudo<tedge_set_device_id>, exit status 1
2022-04-08 09:55:37,496 DEBUG --- test validate
2022-04-08 09:55:37,502 DEBUG --- test cleanup
2022-04-08 09:55:37,504 DEBUG ProcessUser cleanup function done.
2022-04-08 09:55:37,508 INFO  
2022-04-08 09:55:37,508 INFO  Test duration: 23.59 secs
2022-04-08 09:55:37,510 INFO  Test final outcome:  PASSED
2022-04-08 09:55:37,511 INFO  
