2022-05-09 07:15:54,413 INFO  ==============================================================
2022-05-09 07:15:54,413 INFO  Id:    apt_install
2022-05-09 07:15:54,415 INFO  Dir:   plugin_apt/
2022-05-09 07:15:54,415 INFO  Title: Validate apt plugin prepare - dense version
2022-05-09 07:15:54,416 INFO  ==============================================================
2022-05-09 07:15:59,053 INFO  Executed sudo, exit status 0
2022-05-09 07:16:01,626 INFO  Executed sudo<outp_check_0>, exit status 0
2022-05-09 07:16:01,628 INFO  Assert that (value==0) with value=0 ... passed
2022-05-09 07:16:01,635 INFO  Grep on file outp_check_0.out ... passed
2022-05-09 07:16:40,848 INFO  Executed sudo<outp_install>, exit status 0, duration 39 secs
2022-05-09 07:16:40,851 INFO  Assert that (value==0) with value=0 ... passed
2022-05-09 07:16:46,299 INFO  Executed sudo<outp_check_1>, exit status 0
2022-05-09 07:16:46,301 INFO  Assert that (value==0) with value=0 ... passed
2022-05-09 07:16:46,306 INFO  Grep on file outp_check_1.out ... passed
2022-05-09 07:16:46,311 INFO  
2022-05-09 07:16:46,312 INFO  cleanup:
2022-05-09 07:16:59,906 INFO  Executed sudo, exit status 0, duration 13 secs
2022-05-09 07:16:59,911 INFO  
2022-05-09 07:16:59,912 INFO  Test duration: 65.50 secs
2022-05-09 07:16:59,913 INFO  Test final outcome:  PASSED
2022-05-09 07:16:59,914 INFO  
