2022-04-29 10:00:41,487 INFO  ==============================================================
2022-04-29 10:00:41,488 INFO  Id:    docker_plugin_finalize
2022-04-29 10:00:41,492 INFO  Dir:   plugin_docker/
2022-04-29 10:00:41,493 INFO  Title: Validate docker plugin finalize command
2022-04-29 10:00:41,494 INFO  ==============================================================
2022-04-29 10:00:43,189 INFO  Executed sudo<docker_images>, exit status 0
2022-04-29 10:00:43,208 INFO  Grep on file /home/pi/actions-runner/_work/thin-edge.io/thin-edge.io/tests/PySys/plugin_docker/docker_plugin_finalize/Output/linux/docker_images.out ... passed
2022-04-29 10:01:04,500 INFO  Executed sudo<docker_pull>, exit status 0, duration 21 secs
2022-04-29 10:01:05,894 INFO  Executed sudo<docker_images>, exit status 0
2022-04-29 10:01:05,899 INFO  Grep on file /home/pi/actions-runner/_work/thin-edge.io/thin-edge.io/tests/PySys/plugin_docker/docker_plugin_finalize/Output/linux/docker_images.out ... passed
2022-04-29 10:01:09,630 INFO  Executed sudo<plugin_finalize>, exit status 0
2022-04-29 10:01:10,448 INFO  Executed sudo<docker_ps_latest>, exit status 0
2022-04-29 10:01:11,368 INFO  Executed sudo<docker_images>, exit status 0
2022-04-29 10:01:11,373 INFO  Grep on file /home/pi/actions-runner/_work/thin-edge.io/thin-edge.io/tests/PySys/plugin_docker/docker_plugin_finalize/Output/linux/docker_images.out ... passed
2022-04-29 10:01:11,382 INFO  
2022-04-29 10:01:11,383 INFO  cleanup:
2022-04-29 10:01:11,384 INFO  Removing images scheduled to be cleaned up: ['registry']
2022-04-29 10:01:12,201 INFO  Executed sudo<containers_for_cleanup>, exit status 0
2022-04-29 10:01:12,205 INFO  
2022-04-29 10:01:12,206 INFO  Test duration: 30.72 secs
2022-04-29 10:01:12,207 INFO  Test final outcome:  PASSED
2022-04-29 10:01:12,208 INFO  
