2022-04-11 10:40:03,983 INFO  ==============================================================
2022-04-11 10:40:03,984 INFO  Id:    docker_plugin_remove_with_version
2022-04-11 10:40:03,985 INFO  Dir:   plugin_docker/
2022-04-11 10:40:03,986 INFO  Title: Validate docker plugin remove with version
2022-04-11 10:40:03,986 DEBUG Execution order hint: 0.0
2022-04-11 10:40:03,987 INFO  ==============================================================
2022-04-11 10:40:04,002 DEBUG Process parameters for sudo<docker_images>
  command line : /usr/bin/sudo docker images
    arg #1     : docker
    arg #2     : images
  working dir  : /home/pi/actions-runner/_work/thin-edge.io/thin-edge.io/tests/PySys/plugin_docker/docker_plugin_remove_with_version/Output/linux
  stdout       : /home/pi/actions-runner/_work/thin-edge.io/thin-edge.io/tests/PySys/plugin_docker/docker_plugin_remove_with_version/Output/linux/docker_images.out
  stderr       : /home/pi/actions-runner/_work/thin-edge.io/thin-edge.io/tests/PySys/plugin_docker/docker_plugin_remove_with_version/Output/linux/docker_images.err
  environment  : LD_LIBRARY_PATH=/usr/lib
  environment  : PATH=/bin:/usr/bin:/usr/sbin:/usr/local/bin
                   #1  /bin
                   #2  /usr/bin
                   #3  /usr/sbin
                   #4  /usr/local/bin
2022-04-11 10:40:04,008 DEBUG Waiting up to 600 secs for process sudo<docker_images> (pid 28672)
2022-04-11 10:40:04,818 INFO  Executed sudo<docker_images>, exit status 0
2022-04-11 10:40:04,819 DEBUG Performing regex contains=False grep on file: /home/pi/actions-runner/_work/thin-edge.io/thin-edge.io/tests/PySys/plugin_docker/docker_plugin_remove_with_version/Output/linux/docker_images.out
2022-04-11 10:40:04,824 INFO  Grep on file /home/pi/actions-runner/_work/thin-edge.io/thin-edge.io/tests/PySys/plugin_docker/docker_plugin_remove_with_version/Output/linux/docker_images.out ... passed
2022-04-11 10:40:04,826 DEBUG Process parameters for sudo<docker_run>
  command line : /usr/bin/sudo docker run -d registry:2.7.1
    arg #1     : docker
    arg #2     : run
    arg #3     : -d
    arg #4     : registry:2.7.1
  working dir  : /home/pi/actions-runner/_work/thin-edge.io/thin-edge.io/tests/PySys/plugin_docker/docker_plugin_remove_with_version/Output/linux
  stdout       : /home/pi/actions-runner/_work/thin-edge.io/thin-edge.io/tests/PySys/plugin_docker/docker_plugin_remove_with_version/Output/linux/docker_run.out
  stderr       : /home/pi/actions-runner/_work/thin-edge.io/thin-edge.io/tests/PySys/plugin_docker/docker_plugin_remove_with_version/Output/linux/docker_run.err
  environment  : LD_LIBRARY_PATH=/usr/lib
  environment  : PATH=/bin:/usr/bin:/usr/sbin:/usr/local/bin
                   #1  /bin
                   #2  /usr/bin
                   #3  /usr/sbin
                   #4  /usr/local/bin
2022-04-11 10:40:04,833 DEBUG Waiting up to 600 secs for process sudo<docker_run> (pid 28682)
2022-04-11 10:40:27,704 INFO  Executed sudo<docker_run>, exit status 0, duration 22 secs
2022-04-11 10:40:27,714 DEBUG Process parameters for sudo<docker_ps>
  command line : /usr/bin/sudo docker ps
    arg #1     : docker
    arg #2     : ps
  working dir  : /home/pi/actions-runner/_work/thin-edge.io/thin-edge.io/tests/PySys/plugin_docker/docker_plugin_remove_with_version/Output/linux
  stdout       : /home/pi/actions-runner/_work/thin-edge.io/thin-edge.io/tests/PySys/plugin_docker/docker_plugin_remove_with_version/Output/linux/docker_ps.out
  stderr       : /home/pi/actions-runner/_work/thin-edge.io/thin-edge.io/tests/PySys/plugin_docker/docker_plugin_remove_with_version/Output/linux/docker_ps.err
  environment  : LD_LIBRARY_PATH=/usr/lib
  environment  : PATH=/bin:/usr/bin:/usr/sbin:/usr/local/bin
                   #1  /bin
                   #2  /usr/bin
                   #3  /usr/sbin
                   #4  /usr/local/bin
2022-04-11 10:40:27,721 DEBUG Waiting up to 600 secs for process sudo<docker_ps> (pid 28868)
2022-04-11 10:40:28,543 INFO  Executed sudo<docker_ps>, exit status 0
2022-04-11 10:40:28,544 DEBUG Performing regex contains=True grep on file: /home/pi/actions-runner/_work/thin-edge.io/thin-edge.io/tests/PySys/plugin_docker/docker_plugin_remove_with_version/Output/linux/docker_ps.out
2022-04-11 10:40:28,548 DEBUG Grep on file /home/pi/actions-runner/_work/thin-edge.io/thin-edge.io/tests/PySys/plugin_docker/docker_plugin_remove_with_version/Output/linux/docker_ps.out successfully matched expression "registry:2.7.1" with line: 'cf0b4d009394        registry:2.7.1      "/entrypoint.sh /etc…"   4 seconds ago       Up Less than a second   5000/tcp            silly_darwin\n'
2022-04-11 10:40:28,550 INFO  Grep on file /home/pi/actions-runner/_work/thin-edge.io/thin-edge.io/tests/PySys/plugin_docker/docker_plugin_remove_with_version/Output/linux/docker_ps.out ... passed
2022-04-11 10:40:28,551 DEBUG --- test execute
2022-04-11 10:40:28,553 DEBUG Process parameters for sudo<plugin_remove>
  command line : /usr/bin/sudo /etc/tedge/sm-plugins/docker remove registry --module-version 2.7.1
    arg #1     : /etc/tedge/sm-plugins/docker
    arg #2     : remove
    arg #3     : registry
    arg #4     : --module-version
    arg #5     : 2.7.1
  working dir  : /home/pi/actions-runner/_work/thin-edge.io/thin-edge.io/tests/PySys/plugin_docker/docker_plugin_remove_with_version/Output/linux
  stdout       : /home/pi/actions-runner/_work/thin-edge.io/thin-edge.io/tests/PySys/plugin_docker/docker_plugin_remove_with_version/Output/linux/plugin_remove.out
  stderr       : /home/pi/actions-runner/_work/thin-edge.io/thin-edge.io/tests/PySys/plugin_docker/docker_plugin_remove_with_version/Output/linux/plugin_remove.err
  environment  : LD_LIBRARY_PATH=/usr/lib
  environment  : PATH=/bin:/usr/bin:/usr/sbin:/usr/local/bin
                   #1  /bin
                   #2  /usr/bin
                   #3  /usr/sbin
                   #4  /usr/local/bin
2022-04-11 10:40:28,560 DEBUG Waiting up to 600 secs for process sudo<plugin_remove> (pid 28878)
2022-04-11 10:40:32,187 INFO  Executed sudo<plugin_remove>, exit status 0
2022-04-11 10:40:32,190 DEBUG Process parameters for sudo<docker_ps_latest>
  command line : /usr/bin/sudo docker ps -q --latest
    arg #1     : docker
    arg #2     : ps
    arg #3     : -q
    arg #4     : --latest
  working dir  : /home/pi/actions-runner/_work/thin-edge.io/thin-edge.io/tests/PySys/plugin_docker/docker_plugin_remove_with_version/Output/linux
  stdout       : /home/pi/actions-runner/_work/thin-edge.io/thin-edge.io/tests/PySys/plugin_docker/docker_plugin_remove_with_version/Output/linux/docker_ps_latest.out
  stderr       : /home/pi/actions-runner/_work/thin-edge.io/thin-edge.io/tests/PySys/plugin_docker/docker_plugin_remove_with_version/Output/linux/docker_ps_latest.err
  environment  : LD_LIBRARY_PATH=/usr/lib
  environment  : PATH=/bin:/usr/bin:/usr/sbin:/usr/local/bin
                   #1  /bin
                   #2  /usr/bin
                   #3  /usr/sbin
                   #4  /usr/local/bin
2022-04-11 10:40:32,197 DEBUG Waiting up to 600 secs for process sudo<docker_ps_latest> (pid 28952)
2022-04-11 10:40:33,006 INFO  Executed sudo<docker_ps_latest>, exit status 0
2022-04-11 10:40:33,009 DEBUG --- test validate
2022-04-11 10:40:33,011 DEBUG Process parameters for sudo<docker_ps>
  command line : /usr/bin/sudo docker ps
    arg #1     : docker
    arg #2     : ps
  working dir  : /home/pi/actions-runner/_work/thin-edge.io/thin-edge.io/tests/PySys/plugin_docker/docker_plugin_remove_with_version/Output/linux
  stdout       : /home/pi/actions-runner/_work/thin-edge.io/thin-edge.io/tests/PySys/plugin_docker/docker_plugin_remove_with_version/Output/linux/docker_ps.out
  stderr       : /home/pi/actions-runner/_work/thin-edge.io/thin-edge.io/tests/PySys/plugin_docker/docker_plugin_remove_with_version/Output/linux/docker_ps.err
  environment  : LD_LIBRARY_PATH=/usr/lib
  environment  : PATH=/bin:/usr/bin:/usr/sbin:/usr/local/bin
                   #1  /bin
                   #2  /usr/bin
                   #3  /usr/sbin
                   #4  /usr/local/bin
2022-04-11 10:40:33,018 DEBUG Waiting up to 600 secs for process sudo<docker_ps> (pid 28962)
2022-04-11 10:40:33,826 INFO  Executed sudo<docker_ps>, exit status 0
2022-04-11 10:40:33,827 DEBUG Performing regex contains=False grep on file: /home/pi/actions-runner/_work/thin-edge.io/thin-edge.io/tests/PySys/plugin_docker/docker_plugin_remove_with_version/Output/linux/docker_ps.out
2022-04-11 10:40:33,831 INFO  Grep on file /home/pi/actions-runner/_work/thin-edge.io/thin-edge.io/tests/PySys/plugin_docker/docker_plugin_remove_with_version/Output/linux/docker_ps.out ... passed
2022-04-11 10:40:33,837 DEBUG --- test cleanup
2022-04-11 10:40:33,838 INFO  
2022-04-11 10:40:33,838 INFO  cleanup:
2022-04-11 10:40:33,839 DEBUG Running registered cleanup function: <bound method DockerPlugin.cleanup_containers of <DockerPluginRemoveWithVersionTest object at 0x7602c730>>
2022-04-11 10:40:33,840 INFO  Removing containers scheduled to be cleaned up: ['3561d8c9a477', '6193a84da94a', '2a84eeb0dd62e6e18a10b135fbec6219f0eb3ec5646244b1f58840a9b27b77fe\n', 'cf0b4d009394b4ea5cca7f3e129016e4bf8d9f35114d0ed04614495f306d5aef\n']
2022-04-11 10:40:33,842 DEBUG Process parameters for sudo<containers_for_cleanup>
  command line : /usr/bin/sudo docker rm -f 3561d8c9a477 6193a84da94a '2a84eeb0dd62e6e18a10b135fbec6219f0eb3ec5646244b1f58840a9b27b77fe
' 'cf0b4d009394b4ea5cca7f3e129016e4bf8d9f35114d0ed04614495f306d5aef
'
    arg #1     : docker
    arg #2     : rm
    arg #3     : -f
    arg #4     : 3561d8c9a477
    arg #5     : 6193a84da94a
    arg #6     : 2a84eeb0dd62e6e18a10b135fbec6219f0eb3ec5646244b1f58840a9b27b77fe

    arg #7     : cf0b4d009394b4ea5cca7f3e129016e4bf8d9f35114d0ed04614495f306d5aef

  working dir  : /home/pi/actions-runner/_work/thin-edge.io/thin-edge.io/tests/PySys/plugin_docker/docker_plugin_remove_with_version/Output/linux
  stdout       : /home/pi/actions-runner/_work/thin-edge.io/thin-edge.io/tests/PySys/plugin_docker/docker_plugin_remove_with_version/Output/linux/containers_for_cleanup.out
  stderr       : /home/pi/actions-runner/_work/thin-edge.io/thin-edge.io/tests/PySys/plugin_docker/docker_plugin_remove_with_version/Output/linux/containers_for_cleanup.err
  environment  : LD_LIBRARY_PATH=/usr/lib
  environment  : PATH=/bin:/usr/bin:/usr/sbin:/usr/local/bin
                   #1  /bin
                   #2  /usr/bin
                   #3  /usr/sbin
                   #4  /usr/local/bin
2022-04-11 10:40:33,848 DEBUG Waiting up to 600 secs for process sudo<containers_for_cleanup> (pid 28972)
2022-04-11 10:40:34,656 WARN  Executed sudo<containers_for_cleanup>, exit status 1
2022-04-11 10:40:34,658 DEBUG Running registered cleanup function: <bound method DockerPlugin.cleanup_images of <DockerPluginRemoveWithVersionTest object at 0x7602c730>>
2022-04-11 10:40:34,658 INFO  Removing images scheduled to be cleaned up: ['registry', 'registry', 'registry:2.7.1', 'registry', 'registry:2.7.1']
2022-04-11 10:40:34,661 DEBUG Process parameters for sudo<containers_for_cleanup>
  command line : /usr/bin/sudo docker rmi -f registry registry registry:2.7.1 registry registry:2.7.1
    arg #1     : docker
    arg #2     : rmi
    arg #3     : -f
    arg #4     : registry
    arg #5     : registry
    arg #6     : registry:2.7.1
    arg #7     : registry
    arg #8     : registry:2.7.1
  working dir  : /home/pi/actions-runner/_work/thin-edge.io/thin-edge.io/tests/PySys/plugin_docker/docker_plugin_remove_with_version/Output/linux
  stdout       : /home/pi/actions-runner/_work/thin-edge.io/thin-edge.io/tests/PySys/plugin_docker/docker_plugin_remove_with_version/Output/linux/containers_for_cleanup.out
  stderr       : /home/pi/actions-runner/_work/thin-edge.io/thin-edge.io/tests/PySys/plugin_docker/docker_plugin_remove_with_version/Output/linux/containers_for_cleanup.err
  environment  : LD_LIBRARY_PATH=/usr/lib
  environment  : PATH=/bin:/usr/bin:/usr/sbin:/usr/local/bin
                   #1  /bin
                   #2  /usr/bin
                   #3  /usr/sbin
                   #4  /usr/local/bin
2022-04-11 10:40:34,668 DEBUG Waiting up to 600 secs for process sudo<containers_for_cleanup> (pid 28982)
2022-04-11 10:40:38,440 INFO  Executed sudo<containers_for_cleanup>, exit status 0
2022-04-11 10:40:38,441 DEBUG ProcessUser cleanup function done.
2022-04-11 10:40:38,445 INFO  
2022-04-11 10:40:38,445 INFO  Test duration: 34.47 secs
2022-04-11 10:40:38,447 INFO  Test final outcome:  PASSED
2022-04-11 10:40:38,447 INFO  
