2022-04-14 10:38:33,323 INFO  ==============================================================
2022-04-14 10:38:33,324 INFO  Id:    apt_sequence_remove_with_version
2022-04-14 10:38:33,325 INFO  Dir:   plugin_apt/
2022-04-14 10:38:33,326 INFO  Title: Validate apt plugin remove with version use case
2022-04-14 10:38:33,327 INFO  ==============================================================
2022-04-14 10:38:38,250 INFO  Executed sudo, exit status 0
2022-04-14 10:39:17,643 INFO  Executed sudo<outp_install>, exit status 0, duration 39 secs
2022-04-14 10:39:17,646 INFO  Assert that (value==0) with value=0 ... passed
2022-04-14 10:39:23,136 INFO  Executed sudo<outp_check_0>, exit status 0
2022-04-14 10:39:23,138 INFO  Assert that (value==0) with value=0 ... passed
2022-04-14 10:39:23,144 INFO  Grep on file outp_check_0.out ... passed
2022-04-14 10:39:36,967 INFO  Executed sudo<outp_install>, exit status 0, duration 13 secs
2022-04-14 10:39:36,970 INFO  Assert that (value==0) with value=0 ... passed
2022-04-14 10:39:42,375 INFO  Executed sudo<outp_check_1>, exit status 0
2022-04-14 10:39:42,377 INFO  Assert that (value==0) with value=0 ... passed
2022-04-14 10:39:42,383 INFO  Grep on file outp_check_1.out ... passed
2022-04-14 10:39:42,389 INFO  
2022-04-14 10:39:42,389 INFO  cleanup:
2022-04-14 10:39:47,022 INFO  Executed sudo, exit status 0
2022-04-14 10:39:47,026 INFO  
2022-04-14 10:39:47,027 INFO  Test duration: 73.72 secs
2022-04-14 10:39:47,028 INFO  Test final outcome:  PASSED
2022-04-14 10:39:47,029 INFO  
