2022-05-02 15:23:09,937 INFO  ==============================================================
2022-05-02 15:23:09,937 INFO  Id:    SoftwareManagement.Plugin.apama_plugin_install
2022-05-02 15:23:09,938 INFO  Dir:   plugin_apama/
2022-05-02 15:23:09,938 INFO  Title: Validate apama plugin install
2022-05-02 15:23:09,938 INFO  ==============================================================
2022-05-02 15:23:09,939 INFO  Assertion that path exists=False for "/etc/tedge/apama/project" ... passed
2022-05-02 15:23:09,990 WARN  Executed sudo<plugin_install>, exit status 2
2022-05-02 15:23:09,991 INFO  Contents of plugin_install.err: 
2022-05-02 15:23:09,991 INFO    ERROR: Apama not installed at /opt/softwareag/Apama
2022-05-02 15:23:09,991 INFO    -----
2022-05-02 15:23:09,991 INFO  
2022-05-02 15:23:10,001 WARN  sudo<plugin_install> returned non-zero exit code 2 ... blocked [run.py:20]
2022-05-02 15:23:10,001 WARN  Aborted test due to BLOCKED outcome
2022-05-02 15:23:10,001 INFO  
2022-05-02 15:23:10,001 INFO  cleanup:
2022-05-02 15:23:10,002 INFO  
2022-05-02 15:23:10,002 INFO  Test duration: 0.06 secs
2022-05-02 15:23:10,002 INFO  Test final outcome:  BLOCKED
2022-05-02 15:23:10,002 INFO  Test outcome reason: sudo<plugin_install> returned non-zero exit code 2
2022-05-02 15:23:10,002 INFO  
