2022-05-23 10:43:04,401 INFO  ==============================================================
2022-05-23 10:43:04,402 INFO  Id:    SoftwareManagement.sm_mixed_install_remove_multiple
2022-05-23 10:43:04,403 INFO  Dir:   software_management_end_to_end/
2022-05-23 10:43:04,404 INFO  Title: Validate end to end behaviour for the dummy-plugin for multiple packages with mixed versions
2022-05-23 10:43:04,405 INFO  ==============================================================
2022-05-23 10:43:04,416 INFO  Using sw id database: {'asciijump': '5475369', 'robotfindskitten': '5474869', 'squirrel3': '5475279', 'rolldice': '5152439', 'moon-buggy': '5439204', 'apple': '5495053', 'banana': '5494888', 'cherry': '5495382', 'watermelon': '5494510', 'registry': '8018911', 'hello-world': '8021526', 'docker/getting-started': '8021973', 'alpine': '7991792'}
2022-05-23 10:43:04,417 INFO  EnvironmentC8y Setup
2022-05-23 10:43:04,977 INFO  Executed systemctl<serv_mapper1>, exit status 3
2022-05-23 10:43:05,092 INFO  Restarting mosquitto too frequently in the last 10 seconds. It was only up for 5 seconds
2022-05-23 10:43:05,093 INFO  Delaying execution by 6 seconds
2022-05-23 10:43:28,303 INFO  Executed sudo<tedge_connect_c8y>, exit status 0, duration 17 secs
2022-05-23 10:43:28,974 INFO  Executed sudo<tedge_connect_c8y_test>, exit status 0
2022-05-23 10:43:29,537 INFO  Executed systemctl<serv_mosq2>, exit status 0
2022-05-23 10:43:30,051 INFO  Executed systemctl<serv_mapper3>, exit status 0
2022-05-23 10:43:32,279 INFO  State of current operation: SUCCESSFUL
2022-05-23 10:43:32,500 INFO  Package apple is installed
2022-05-23 10:43:32,503 INFO  Assert that (True == value) with value=True ... passed
2022-05-23 10:43:32,736 INFO  Package banana is installed
2022-05-23 10:43:32,738 INFO  Assert that (True == value) with value=True ... passed
2022-05-23 10:43:32,988 INFO  Package cherry is installed
2022-05-23 10:43:32,991 INFO  Assert that (True == value) with value=True ... passed
2022-05-23 10:43:33,259 INFO  Package asciijump is installed
2022-05-23 10:43:33,293 WARN  Assert that (False == value) with value=True ... failed 
2022-05-23 10:43:33,531 INFO  Assert that (False == value) with value=False ... passed
2022-05-23 10:43:33,763 INFO  Response status: 201
2022-05-23 10:43:33,765 INFO  Response to action: {
    "creationTime": "2022-05-23T10:43:33.715Z",
    "deviceId": "19484865",
    "deviceName": "m32sd11e",
    "self": "https://t493319102.eu-latest.cumulocity.com/devicecontrol/operations/19538035",
    "id": "19538035",
    "status": "PENDING",
    "description": "Apply software changes, triggered from PySys: [{'action': 'install', 'id': '5495053', 'name': 'apple', 'url': ' ', 'version': '::fruits'}, {'action': 'install', 'id': '5494888', 'name': 'banana', 'url': ' ', 'version': '::fruits'}, {'action': 'install', 'id': '5475369', 'name': 'asciijump', 'url': ' ', 'version': '::apt'}, {'action': 'install', 'id': '5495382', 'name': 'cherry', 'url': ' ', 'version': '::fruits'}, {'action': 'install', 'id': '8018911', 'name': 'registry', 'url': ' ', 'version': '::docker'}]",
    "c8y_SoftwareUpdate": [
        {
            "name": "apple",
            "action": "install",
            "id": "5495053",
            "version": "::fruits",
            "url": " "
        },
        {
            "name": "banana",
            "action": "install",
            "id": "5494888",
            "version": "::fruits",
            "url": " "
        },
        {
            "name": "asciijump",
            "action": "install",
            "id": "5475369",
            "version": "::apt",
            "url": " "
        },
        {
            "name": "cherry",
            "action": "install",
            "id": "5495382",
            "version": "::fruits",
            "url": " "
        },
        {
            "name": "registry",
            "action": "install",
            "id": "8018911",
            "version": "::docker",
            "url": " "
        }
    ]
}
2022-05-23 10:43:33,766 INFO  Started operation: {'creationTime': '2022-05-23T10:43:33.715Z', 'deviceId': '19484865', 'deviceName': 'm32sd11e', 'self': 'https://t493319102.eu-latest.cumulocity.com/devicecontrol/operations/19538035', 'id': '19538035', 'status': 'PENDING', 'description': "Apply software changes, triggered from PySys: [{'action': 'install', 'id': '5495053', 'name': 'apple', 'url': ' ', 'version': '::fruits'}, {'action': 'install', 'id': '5494888', 'name': 'banana', 'url': ' ', 'version': '::fruits'}, {'action': 'install', 'id': '5475369', 'name': 'asciijump', 'url': ' ', 'version': '::apt'}, {'action': 'install', 'id': '5495382', 'name': 'cherry', 'url': ' ', 'version': '::fruits'}, {'action': 'install', 'id': '8018911', 'name': 'registry', 'url': ' ', 'version': '::docker'}]", 'c8y_SoftwareUpdate': [{'name': 'apple', 'action': 'install', 'id': '5495053', 'version': '::fruits', 'url': ' '}, {'name': 'banana', 'action': 'install', 'id': '5494888', 'version': '::fruits', 'url': ' '}, {'name': 'asciijump', 'action': 'install', 'id': '5475369', 'version': '::apt', 'url': ' '}, {'name': 'cherry', 'action': 'install', 'id': '5495382', 'version': '::fruits', 'url': ' '}, {'name': 'registry', 'action': 'install', 'id': '8018911', 'version': '::docker', 'url': ' '}]}
2022-05-23 10:43:36,003 INFO  State of operation 19538035 : PENDING
2022-05-23 10:43:38,251 INFO  State of operation 19538035 : EXECUTING
2022-05-23 10:43:40,701 INFO  State of operation 19538035 : EXECUTING
2022-05-23 10:43:42,923 INFO  State of operation 19538035 : EXECUTING
2022-05-23 10:43:45,141 INFO  State of operation 19538035 : EXECUTING
2022-05-23 10:43:47,359 INFO  State of operation 19538035 : EXECUTING
2022-05-23 10:43:49,624 INFO  State of operation 19538035 : EXECUTING
2022-05-23 10:43:52,333 INFO  State of operation 19538035 : EXECUTING
2022-05-23 10:43:54,773 INFO  State of operation 19538035 : EXECUTING
2022-05-23 10:43:57,521 INFO  State of operation 19538035 : EXECUTING
2022-05-23 10:43:59,777 INFO  State of operation 19538035 : EXECUTING
2022-05-23 10:44:02,218 INFO  State of operation 19538035 : EXECUTING
2022-05-23 10:44:04,446 INFO  State of operation 19538035 : EXECUTING
2022-05-23 10:44:06,669 INFO  State of operation 19538035 : EXECUTING
2022-05-23 10:44:08,936 INFO  State of operation 19538035 : EXECUTING
2022-05-23 10:44:11,157 INFO  State of operation 19538035 : EXECUTING
2022-05-23 10:44:13,373 INFO  State of operation 19538035 : EXECUTING
2022-05-23 10:44:15,633 INFO  State of operation 19538035 : EXECUTING
2022-05-23 10:44:17,851 INFO  State of operation 19538035 : EXECUTING
2022-05-23 10:44:20,068 INFO  State of operation 19538035 : FAILED
2022-05-23 10:44:20,069 ERROR Stopping as the operation has failed
2022-05-23 10:44:20,070 WARN  SystemError occurred while running test - The operation has failed
Traceback (most recent call last):
  File "/home/pi/env-pysys/lib/python3.9/site-packages/pysys/baserunner.py", line 1294, in __call__
    self.testObj.execute()
  File "/home/pi/actions-runner/_work/thin-edge.io/thin-edge.io/tests/PySys/software_management_end_to_end/sm_mixed_install_remove_multiple/run.py", line 95, in execute
    self.wait_until_succcess()
  File "/home/pi/actions-runner/_work/thin-edge.io/thin-edge.io/tests/PySys/software_management_end_to_end/environment_sm_management.py", line 324, in wait_until_succcess
    self.wait_until_status("SUCCESSFUL")
  File "/home/pi/actions-runner/_work/thin-edge.io/thin-edge.io/tests/PySys/software_management_end_to_end/environment_sm_management.py", line 361, in wait_until_status
    raise SystemError("The operation has failed")
SystemError: The operation has failed
2022-05-23 10:44:20,091 WARN  SystemError: The operation has failed ... blocked 
2022-05-23 10:44:20,092 INFO  
2022-05-23 10:44:20,093 INFO  cleanup:
2022-05-23 10:44:25,560 INFO  Executed sudo<tedge_disconnect_c8y>, exit status 0
2022-05-23 10:44:26,125 INFO  Executed systemctl<serv_mapper5>, exit status 3
2022-05-23 10:44:26,131 INFO  
2022-05-23 10:44:26,132 INFO  Test duration: 81.74 secs
2022-05-23 10:44:26,133 INFO  Test final outcome:  BLOCKED
2022-05-23 10:44:26,134 INFO  Test outcome reason: SystemError: The operation has failed (+1 other failures)
2022-05-23 10:44:26,135 INFO  
