2022-05-09 07:03:28,912 INFO  ==============================================================
2022-05-09 07:03:28,912 INFO  Id:    apt_install_local_file
2022-05-09 07:03:28,912 INFO  Dir:   plugin_apt/
2022-05-09 07:03:28,913 INFO  Title: Validate apt plugin install from local file - SUCCESS case
2022-05-09 07:03:28,913 INFO  ==============================================================
2022-05-09 07:03:29,283 INFO  URL of rolldice is b"'https://mirror.hetzner.com/ubuntu/packages/pool/universe/r/rolldice/rolldice_1.16-1build1_amd64.deb'"
2022-05-09 07:03:29,741 INFO  Downloaded rolldcice in version 1.16-1build1
2022-05-09 07:03:29,742 INFO  Filename is rolldice_1.16-1build1_amd64.deb
2022-05-09 07:03:30,396 INFO  Executed sudo, exit status 0
2022-05-09 07:03:30,849 INFO  Executed sudo<outp_check_0>, exit status 0
2022-05-09 07:03:30,850 INFO  Assert that (value==0) with value=0 ... passed
2022-05-09 07:03:30,851 INFO  Grep on file outp_check_0.out ... passed
2022-05-09 07:03:35,271 INFO  Executed sudo<outp_install>, exit status 0
2022-05-09 07:03:35,271 INFO  Assert that (value==0) with value=0 ... passed
2022-05-09 07:03:35,825 INFO  Executed sudo<outp_check_1>, exit status 0
2022-05-09 07:03:35,825 INFO  Assert that (value==0) with value=0 ... passed
2022-05-09 07:03:35,826 INFO  Grep on file outp_check_1.out ... passed
2022-05-09 07:03:35,826 INFO  
2022-05-09 07:03:35,827 INFO  cleanup:
2022-05-09 07:03:35,827 INFO  
2022-05-09 07:03:35,827 INFO  Test duration: 6.91 secs
2022-05-09 07:03:35,827 INFO  Test final outcome:  PASSED
2022-05-09 07:03:35,827 INFO  
