2022-05-03 08:03:55,945 INFO  ==============================================================
2022-05-03 08:03:55,946 INFO  Id:    tedge_software_update
2022-05-03 08:03:55,947 INFO  Dir:   tedge/
2022-05-03 08:03:55,948 INFO  Title: Software install from download path
2022-05-03 08:03:55,949 INFO  ==============================================================
2022-05-03 08:03:55,957 INFO  EnvironmentC8y Setup
2022-05-03 08:03:56,519 INFO  Executed systemctl<serv_mapper1>, exit status 3
2022-05-03 08:04:10,981 INFO  Executed sudo<tedge_connect_c8y>, exit status 0, duration 14 secs
2022-05-03 08:04:11,634 INFO  Executed sudo<tedge_connect_c8y_test>, exit status 0
2022-05-03 08:04:12,098 INFO  Executed systemctl<serv_mosq2>, exit status 0
2022-05-03 08:04:12,570 INFO  Executed systemctl<serv_mapper3>, exit status 0
2022-05-03 08:04:12,572 INFO  Setup
2022-05-03 08:04:13,095 INFO  Executed sudo<mkdir>, exit status 0
2022-05-03 08:04:13,609 INFO  Executed sudo<chmod>, exit status 0
2022-05-03 08:04:14,123 INFO  Executed sudo<tedge_config_get_original>, exit status 0
2022-05-03 08:04:14,635 INFO  Executed sudo, exit status 0
2022-05-03 08:04:15,148 INFO  Executed sudo<tedge_config_get_new_value>, exit status 0
2022-05-03 08:04:15,712 INFO  Executed sudo<rolldice_download>, exit status 0
2022-05-03 08:04:15,720 INFO  Grep on file tedge_config_get_new_value.out ... passed
2022-05-03 08:04:15,729 INFO  
2022-05-03 08:04:15,730 INFO  cleanup:
2022-05-03 08:04:16,300 INFO  Executed sudo, exit status 0
2022-05-03 08:04:16,814 INFO  Executed sudo<tedge_config_get_cleanup>, exit status 0
2022-05-03 08:04:16,820 INFO  Grep on file tedge_config_get_cleanup.out ... passed
2022-05-03 08:04:17,336 INFO  Executed sudo<rmdir>, exit status 0
2022-05-03 08:04:21,846 INFO  Executed sudo<tedge_disconnect_c8y>, exit status 0
2022-05-03 08:04:22,409 INFO  Executed systemctl<serv_mapper5>, exit status 3
2022-05-03 08:04:22,413 INFO  
2022-05-03 08:04:22,414 INFO  Test duration: 26.47 secs
2022-05-03 08:04:22,416 INFO  Test final outcome:  PASSED
2022-05-03 08:04:22,417 INFO  
