2022-04-11 10:39:29,679 INFO  ==============================================================
2022-04-11 10:39:29,680 INFO  Id:    docker_plugin_remove
2022-04-11 10:39:29,681 INFO  Dir:   plugin_docker/
2022-04-11 10:39:29,682 INFO  Title: Validate docker plugin remove
2022-04-11 10:39:29,683 DEBUG Execution order hint: 0.0
2022-04-11 10:39:29,683 INFO  ==============================================================
2022-04-11 10:39:29,708 DEBUG Process parameters for sudo<docker_images>
  command line : /usr/bin/sudo docker images
    arg #1     : docker
    arg #2     : images
  working dir  : /home/pi/actions-runner/_work/thin-edge.io/thin-edge.io/tests/PySys/plugin_docker/docker_plugin_remove/Output/linux
  stdout       : /home/pi/actions-runner/_work/thin-edge.io/thin-edge.io/tests/PySys/plugin_docker/docker_plugin_remove/Output/linux/docker_images.out
  stderr       : /home/pi/actions-runner/_work/thin-edge.io/thin-edge.io/tests/PySys/plugin_docker/docker_plugin_remove/Output/linux/docker_images.err
  environment  : LD_LIBRARY_PATH=/usr/lib
  environment  : PATH=/bin:/usr/bin:/usr/sbin:/usr/local/bin
                   #1  /bin
                   #2  /usr/bin
                   #3  /usr/sbin
                   #4  /usr/local/bin
2022-04-11 10:39:29,715 DEBUG Waiting up to 600 secs for process sudo<docker_images> (pid 28313)
2022-04-11 10:39:30,527 INFO  Executed sudo<docker_images>, exit status 0
2022-04-11 10:39:30,529 DEBUG Performing regex contains=False grep on file: /home/pi/actions-runner/_work/thin-edge.io/thin-edge.io/tests/PySys/plugin_docker/docker_plugin_remove/Output/linux/docker_images.out
2022-04-11 10:39:30,533 INFO  Grep on file /home/pi/actions-runner/_work/thin-edge.io/thin-edge.io/tests/PySys/plugin_docker/docker_plugin_remove/Output/linux/docker_images.out ... passed
2022-04-11 10:39:30,536 DEBUG Process parameters for sudo<docker_run>
  command line : /usr/bin/sudo docker run -d registry
    arg #1     : docker
    arg #2     : run
    arg #3     : -d
    arg #4     : registry
  working dir  : /home/pi/actions-runner/_work/thin-edge.io/thin-edge.io/tests/PySys/plugin_docker/docker_plugin_remove/Output/linux
  stdout       : /home/pi/actions-runner/_work/thin-edge.io/thin-edge.io/tests/PySys/plugin_docker/docker_plugin_remove/Output/linux/docker_run.out
  stderr       : /home/pi/actions-runner/_work/thin-edge.io/thin-edge.io/tests/PySys/plugin_docker/docker_plugin_remove/Output/linux/docker_run.err
  environment  : LD_LIBRARY_PATH=/usr/lib
  environment  : PATH=/bin:/usr/bin:/usr/sbin:/usr/local/bin
                   #1  /bin
                   #2  /usr/bin
                   #3  /usr/sbin
                   #4  /usr/local/bin
2022-04-11 10:39:30,542 DEBUG Waiting up to 600 secs for process sudo<docker_run> (pid 28323)
2022-04-11 10:39:52,997 INFO  Executed sudo<docker_run>, exit status 0, duration 22 secs
2022-04-11 10:39:53,003 DEBUG Process parameters for sudo<docker_ps>
  command line : /usr/bin/sudo docker ps
    arg #1     : docker
    arg #2     : ps
  working dir  : /home/pi/actions-runner/_work/thin-edge.io/thin-edge.io/tests/PySys/plugin_docker/docker_plugin_remove/Output/linux
  stdout       : /home/pi/actions-runner/_work/thin-edge.io/thin-edge.io/tests/PySys/plugin_docker/docker_plugin_remove/Output/linux/docker_ps.out
  stderr       : /home/pi/actions-runner/_work/thin-edge.io/thin-edge.io/tests/PySys/plugin_docker/docker_plugin_remove/Output/linux/docker_ps.err
  environment  : LD_LIBRARY_PATH=/usr/lib
  environment  : PATH=/bin:/usr/bin:/usr/sbin:/usr/local/bin
                   #1  /bin
                   #2  /usr/bin
                   #3  /usr/sbin
                   #4  /usr/local/bin
2022-04-11 10:39:53,010 DEBUG Waiting up to 600 secs for process sudo<docker_ps> (pid 28507)
2022-04-11 10:39:53,825 INFO  Executed sudo<docker_ps>, exit status 0
2022-04-11 10:39:53,826 DEBUG Performing regex contains=True grep on file: /home/pi/actions-runner/_work/thin-edge.io/thin-edge.io/tests/PySys/plugin_docker/docker_plugin_remove/Output/linux/docker_ps.out
2022-04-11 10:39:53,830 DEBUG Grep on file /home/pi/actions-runner/_work/thin-edge.io/thin-edge.io/tests/PySys/plugin_docker/docker_plugin_remove/Output/linux/docker_ps.out successfully matched expression "registry" with line: '2a84eeb0dd62        registry            "/entrypoint.sh /etc…"   3 seconds ago       Up Less than a second   5000/tcp            friendly_pascal\n'
2022-04-11 10:39:53,832 INFO  Grep on file /home/pi/actions-runner/_work/thin-edge.io/thin-edge.io/tests/PySys/plugin_docker/docker_plugin_remove/Output/linux/docker_ps.out ... passed
2022-04-11 10:39:53,833 DEBUG --- test execute
2022-04-11 10:39:53,835 DEBUG Process parameters for sudo<plugin_remove>
  command line : /usr/bin/sudo /etc/tedge/sm-plugins/docker remove registry
    arg #1     : /etc/tedge/sm-plugins/docker
    arg #2     : remove
    arg #3     : registry
  working dir  : /home/pi/actions-runner/_work/thin-edge.io/thin-edge.io/tests/PySys/plugin_docker/docker_plugin_remove/Output/linux
  stdout       : /home/pi/actions-runner/_work/thin-edge.io/thin-edge.io/tests/PySys/plugin_docker/docker_plugin_remove/Output/linux/plugin_remove.out
  stderr       : /home/pi/actions-runner/_work/thin-edge.io/thin-edge.io/tests/PySys/plugin_docker/docker_plugin_remove/Output/linux/plugin_remove.err
  environment  : LD_LIBRARY_PATH=/usr/lib
  environment  : PATH=/bin:/usr/bin:/usr/sbin:/usr/local/bin
                   #1  /bin
                   #2  /usr/bin
                   #3  /usr/sbin
                   #4  /usr/local/bin
2022-04-11 10:39:53,841 DEBUG Waiting up to 600 secs for process sudo<plugin_remove> (pid 28520)
2022-04-11 10:39:57,585 INFO  Executed sudo<plugin_remove>, exit status 0
2022-04-11 10:39:57,587 DEBUG Process parameters for sudo<docker_ps_latest>
  command line : /usr/bin/sudo docker ps -q --latest
    arg #1     : docker
    arg #2     : ps
    arg #3     : -q
    arg #4     : --latest
  working dir  : /home/pi/actions-runner/_work/thin-edge.io/thin-edge.io/tests/PySys/plugin_docker/docker_plugin_remove/Output/linux
  stdout       : /home/pi/actions-runner/_work/thin-edge.io/thin-edge.io/tests/PySys/plugin_docker/docker_plugin_remove/Output/linux/docker_ps_latest.out
  stderr       : /home/pi/actions-runner/_work/thin-edge.io/thin-edge.io/tests/PySys/plugin_docker/docker_plugin_remove/Output/linux/docker_ps_latest.err
  environment  : LD_LIBRARY_PATH=/usr/lib
  environment  : PATH=/bin:/usr/bin:/usr/sbin:/usr/local/bin
                   #1  /bin
                   #2  /usr/bin
                   #3  /usr/sbin
                   #4  /usr/local/bin
2022-04-11 10:39:57,594 DEBUG Waiting up to 600 secs for process sudo<docker_ps_latest> (pid 28599)
2022-04-11 10:39:58,452 INFO  Executed sudo<docker_ps_latest>, exit status 0
2022-04-11 10:39:58,483 DEBUG --- test validate
2022-04-11 10:39:58,486 DEBUG Process parameters for sudo<docker_ps>
  command line : /usr/bin/sudo docker ps
    arg #1     : docker
    arg #2     : ps
  working dir  : /home/pi/actions-runner/_work/thin-edge.io/thin-edge.io/tests/PySys/plugin_docker/docker_plugin_remove/Output/linux
  stdout       : /home/pi/actions-runner/_work/thin-edge.io/thin-edge.io/tests/PySys/plugin_docker/docker_plugin_remove/Output/linux/docker_ps.out
  stderr       : /home/pi/actions-runner/_work/thin-edge.io/thin-edge.io/tests/PySys/plugin_docker/docker_plugin_remove/Output/linux/docker_ps.err
  environment  : LD_LIBRARY_PATH=/usr/lib
  environment  : PATH=/bin:/usr/bin:/usr/sbin:/usr/local/bin
                   #1  /bin
                   #2  /usr/bin
                   #3  /usr/sbin
                   #4  /usr/local/bin
2022-04-11 10:39:58,492 DEBUG Waiting up to 600 secs for process sudo<docker_ps> (pid 28609)
2022-04-11 10:39:59,400 INFO  Executed sudo<docker_ps>, exit status 0
2022-04-11 10:39:59,401 DEBUG Performing regex contains=False grep on file: /home/pi/actions-runner/_work/thin-edge.io/thin-edge.io/tests/PySys/plugin_docker/docker_plugin_remove/Output/linux/docker_ps.out
2022-04-11 10:39:59,405 INFO  Grep on file /home/pi/actions-runner/_work/thin-edge.io/thin-edge.io/tests/PySys/plugin_docker/docker_plugin_remove/Output/linux/docker_ps.out ... passed
2022-04-11 10:39:59,412 DEBUG --- test cleanup
2022-04-11 10:39:59,413 INFO  
2022-04-11 10:39:59,414 INFO  cleanup:
2022-04-11 10:39:59,414 DEBUG Running registered cleanup function: <bound method DockerPlugin.cleanup_containers of <DockerPluginRemoveTest object at 0x7602c7f0>>
2022-04-11 10:39:59,415 INFO  Removing containers scheduled to be cleaned up: ['3561d8c9a477', '6193a84da94a', '2a84eeb0dd62e6e18a10b135fbec6219f0eb3ec5646244b1f58840a9b27b77fe\n']
2022-04-11 10:39:59,417 DEBUG Process parameters for sudo<containers_for_cleanup>
  command line : /usr/bin/sudo docker rm -f 3561d8c9a477 6193a84da94a '2a84eeb0dd62e6e18a10b135fbec6219f0eb3ec5646244b1f58840a9b27b77fe
'
    arg #1     : docker
    arg #2     : rm
    arg #3     : -f
    arg #4     : 3561d8c9a477
    arg #5     : 6193a84da94a
    arg #6     : 2a84eeb0dd62e6e18a10b135fbec6219f0eb3ec5646244b1f58840a9b27b77fe

  working dir  : /home/pi/actions-runner/_work/thin-edge.io/thin-edge.io/tests/PySys/plugin_docker/docker_plugin_remove/Output/linux
  stdout       : /home/pi/actions-runner/_work/thin-edge.io/thin-edge.io/tests/PySys/plugin_docker/docker_plugin_remove/Output/linux/containers_for_cleanup.out
  stderr       : /home/pi/actions-runner/_work/thin-edge.io/thin-edge.io/tests/PySys/plugin_docker/docker_plugin_remove/Output/linux/containers_for_cleanup.err
  environment  : LD_LIBRARY_PATH=/usr/lib
  environment  : PATH=/bin:/usr/bin:/usr/sbin:/usr/local/bin
                   #1  /bin
                   #2  /usr/bin
                   #3  /usr/sbin
                   #4  /usr/local/bin
2022-04-11 10:39:59,423 DEBUG Waiting up to 600 secs for process sudo<containers_for_cleanup> (pid 28620)
2022-04-11 10:40:00,231 WARN  Executed sudo<containers_for_cleanup>, exit status 1
2022-04-11 10:40:00,233 DEBUG Running registered cleanup function: <bound method DockerPlugin.cleanup_images of <DockerPluginRemoveTest object at 0x7602c7f0>>
2022-04-11 10:40:00,234 INFO  Removing images scheduled to be cleaned up: ['registry', 'registry', 'registry:2.7.1', 'registry']
2022-04-11 10:40:00,237 DEBUG Process parameters for sudo<containers_for_cleanup>
  command line : /usr/bin/sudo docker rmi -f registry registry registry:2.7.1 registry
    arg #1     : docker
    arg #2     : rmi
    arg #3     : -f
    arg #4     : registry
    arg #5     : registry
    arg #6     : registry:2.7.1
    arg #7     : registry
  working dir  : /home/pi/actions-runner/_work/thin-edge.io/thin-edge.io/tests/PySys/plugin_docker/docker_plugin_remove/Output/linux
  stdout       : /home/pi/actions-runner/_work/thin-edge.io/thin-edge.io/tests/PySys/plugin_docker/docker_plugin_remove/Output/linux/containers_for_cleanup.out
  stderr       : /home/pi/actions-runner/_work/thin-edge.io/thin-edge.io/tests/PySys/plugin_docker/docker_plugin_remove/Output/linux/containers_for_cleanup.err
  environment  : LD_LIBRARY_PATH=/usr/lib
  environment  : PATH=/bin:/usr/bin:/usr/sbin:/usr/local/bin
                   #1  /bin
                   #2  /usr/bin
                   #3  /usr/sbin
                   #4  /usr/local/bin
2022-04-11 10:40:00,244 DEBUG Waiting up to 600 secs for process sudo<containers_for_cleanup> (pid 28632)
2022-04-11 10:40:03,918 INFO  Executed sudo<containers_for_cleanup>, exit status 0
2022-04-11 10:40:03,920 DEBUG ProcessUser cleanup function done.
2022-04-11 10:40:03,924 INFO  
2022-04-11 10:40:03,925 INFO  Test duration: 34.25 secs
2022-04-11 10:40:03,926 INFO  Test final outcome:  PASSED
2022-04-11 10:40:03,927 INFO  
