2022-04-12 08:34:58,070 INFO  ==============================================================
2022-04-12 08:34:58,071 INFO  Id:    log_request_num_lines
2022-04-12 08:34:58,072 INFO  Dir:   log_request_end_to_end/
2022-04-12 08:34:58,073 INFO  Title: Validate end to end behaviour for the log request operation check for number of lines
2022-04-12 08:34:58,074 INFO  ==============================================================
2022-04-12 08:34:58,096 INFO  EnvironmentC8y Setup
2022-04-12 08:34:58,658 INFO  Executed systemctl<serv_mapper1>, exit status 3
2022-04-12 08:34:58,764 INFO  Restarting mosquitto too frequently in the last 10 seconds. It was only up for 5 seconds
2022-04-12 08:34:58,766 INFO  Delaying execution by 6 seconds
2022-04-12 08:35:19,329 INFO  Executed sudo<tedge_connect_c8y>, exit status 0, duration 14 secs
2022-04-12 08:35:19,947 INFO  Executed sudo<tedge_connect_c8y_test>, exit status 0
2022-04-12 08:35:20,460 INFO  Executed systemctl<serv_mosq2>, exit status 0
2022-04-12 08:35:20,974 INFO  Executed systemctl<serv_mapper3>, exit status 0
2022-04-12 08:35:21,497 INFO  Executed sudo<rm_logs>, exit status 0
2022-04-12 08:35:22,032 INFO  Executed sudo<move_logs>, exit status 0
2022-04-12 08:35:22,488 INFO  log response None
2022-04-12 08:35:22,490 WARN  retry, retrying in 1 seconds...
2022-04-12 08:35:23,724 INFO  log response https://thin-edge-io.eu-latest.cumulocity.com/event/events/17153451/binaries
2022-04-12 08:35:23,973 INFO  nlines 303
2022-04-12 08:35:23,976 INFO  Assert that (True == value) with value=True ... passed
2022-04-12 08:35:23,983 INFO  
2022-04-12 08:35:23,985 INFO  cleanup:
2022-04-12 08:35:24,496 INFO  Executed sudo<rm_logs>, exit status 0
2022-04-12 08:35:25,010 INFO  Executed sudo<rm_tmp_logs>, exit status 0
2022-04-12 08:35:28,957 INFO  Executed sudo<tedge_disconnect_c8y>, exit status 0
2022-04-12 08:35:29,551 INFO  Executed systemctl<serv_mapper5>, exit status 3
2022-04-12 08:35:29,555 INFO  
2022-04-12 08:35:29,556 INFO  Test duration: 31.49 secs
2022-04-12 08:35:29,557 INFO  Test final outcome:  PASSED
2022-04-12 08:35:29,558 INFO  
