2022-05-16 07:21:19,896 INFO  ==============================================================
2022-05-16 07:21:19,896 INFO  Id:    mapper_awaits_before_reconnect
2022-05-16 07:21:19,896 INFO  Dir:   tedge_mapper_c8y/
2022-05-16 07:21:19,896 INFO  Title: Validate mapper doesn't reconnect too often
2022-05-16 07:21:19,897 INFO  ==============================================================
2022-05-16 07:21:19,898 INFO  EnvironmentC8y Setup
2022-05-16 07:21:20,000 INFO  Executed systemctl<serv_mapper1>, exit status 3
2022-05-16 07:21:38,153 INFO  Executed sudo<tedge_connect_c8y>, exit status 0, duration 18 secs
2022-05-16 07:21:38,356 INFO  Executed sudo<tedge_connect_c8y_test>, exit status 0
2022-05-16 07:21:38,458 INFO  Executed systemctl<serv_mosq2>, exit status 0
2022-05-16 07:21:38,561 INFO  Executed systemctl<serv_mapper3>, exit status 0
2022-05-16 07:21:38,563 INFO  Started mosquitto_sub with process id 910623
2022-05-16 07:21:38,564 INFO  Waiting for 0.1 seconds
2022-05-16 07:21:38,767 INFO  Executed sudo<tedge_mapper>, exit status 0
2022-05-16 07:21:38,768 INFO  Waiting for 5.0 seconds
2022-05-16 07:21:43,876 INFO  Executed sudo<tedge_mapper>, exit status 0
2022-05-16 07:21:44,129 INFO  Executed sudo<tedge_mapper_journal>, exit status 0
2022-05-16 07:21:44,131 INFO  Grep on file tedge_mapper_journal.out ... passed
2022-05-16 07:21:44,131 INFO  Line count on file tedge_mapper_journal.out ... passed
2022-05-16 07:21:44,132 INFO  Line count on file tedge_mapper_journal.out ... passed
2022-05-16 07:21:44,132 INFO  
2022-05-16 07:21:44,132 INFO  cleanup:
2022-05-16 07:21:55,283 INFO  Executed sudo<tedge_disconnect_c8y>, exit status 0, duration 11 secs
2022-05-16 07:21:55,386 INFO  Executed systemctl<serv_mapper5>, exit status 3
2022-05-16 07:21:55,437 INFO  
2022-05-16 07:21:55,438 INFO  Test duration: 35.54 secs
2022-05-16 07:21:55,438 INFO  Test final outcome:  PASSED
2022-05-16 07:21:55,438 INFO  
