2022-04-11 09:38:25,925 INFO  ==============================================================
2022-04-11 09:38:25,926 INFO  Id:    local_mqtt_pub_fail_qos1
2022-04-11 09:38:25,927 INFO  Dir:   local_mqtt/
2022-04-11 09:38:25,928 INFO  Title: Check error code when mosquitto is not running with QoS set to 1
2022-04-11 09:38:25,929 DEBUG Execution order hint: 0.0
2022-04-11 09:38:25,929 INFO  ==============================================================
2022-04-11 09:38:25,936 DEBUG Process parameters for sudo<stop>
  command line : /usr/bin/sudo /usr/bin/systemctl stop mosquitto
    arg #1     : /usr/bin/systemctl
    arg #2     : stop
    arg #3     : mosquitto
  working dir  : /home/pi/actions-runner/_work/thin-edge.io/thin-edge.io/tests/PySys/local_mqtt/local_mqtt_pub_fail_qos1/Output/linux
  stdout       : /home/pi/actions-runner/_work/thin-edge.io/thin-edge.io/tests/PySys/local_mqtt/local_mqtt_pub_fail_qos1/Output/linux/stop.out
  stderr       : /home/pi/actions-runner/_work/thin-edge.io/thin-edge.io/tests/PySys/local_mqtt/local_mqtt_pub_fail_qos1/Output/linux/stop.err
  environment  : LD_LIBRARY_PATH=/usr/lib
  environment  : PATH=/bin:/usr/bin:/usr/sbin:/usr/local/bin
                   #1  /bin
                   #2  /usr/bin
                   #3  /usr/sbin
                   #4  /usr/local/bin
2022-04-11 09:38:25,943 DEBUG Waiting up to 600 secs for process sudo<stop> (pid 11458)
2022-04-11 09:38:26,600 INFO  Executed sudo<stop>, exit status 0
2022-04-11 09:38:26,601 DEBUG --- test execute
2022-04-11 09:38:26,604 DEBUG Process parameters for tedge_pub_fail
  command line : /usr/bin/tedge mqtt pub --qos 1 atopic amessage
    arg #1     : mqtt
    arg #2     : pub
    arg #3     : --qos
    arg #4     : 1
    arg #5     : atopic
    arg #6     : amessage
  working dir  : /home/pi/actions-runner/_work/thin-edge.io/thin-edge.io/tests/PySys/local_mqtt/local_mqtt_pub_fail_qos1/Output/linux
  stdout       : /home/pi/actions-runner/_work/thin-edge.io/thin-edge.io/tests/PySys/local_mqtt/local_mqtt_pub_fail_qos1/Output/linux/tedge_pub_fail.out
  stderr       : /home/pi/actions-runner/_work/thin-edge.io/thin-edge.io/tests/PySys/local_mqtt/local_mqtt_pub_fail_qos1/Output/linux/tedge_pub_fail.err
  environment  : LD_LIBRARY_PATH=/usr/lib
  environment  : PATH=/bin:/usr/bin:/usr/sbin:/usr/local/bin
                   #1  /bin
                   #2  /usr/bin
                   #3  /usr/sbin
                   #4  /usr/local/bin
2022-04-11 09:38:26,610 DEBUG Waiting up to 600 secs for process tedge_pub_fail (pid 11460)
2022-04-11 09:38:27,016 INFO  Executed tedge_pub_fail, exit status 1
2022-04-11 09:38:27,017 INFO  Assert that (value==1) with value=1 ... passed
2022-04-11 09:38:27,018 DEBUG --- test validate
2022-04-11 09:38:27,024 DEBUG --- test cleanup
2022-04-11 09:38:27,025 INFO  
2022-04-11 09:38:27,026 INFO  cleanup:
2022-04-11 09:38:27,026 DEBUG Running registered cleanup function: <bound method PySysTest.mycleanup of <PySysTest object at 0x7606b4f0>>
2022-04-11 09:38:27,028 DEBUG Process parameters for sudo<start>
  command line : /usr/bin/sudo /usr/bin/systemctl start mosquitto
    arg #1     : /usr/bin/systemctl
    arg #2     : start
    arg #3     : mosquitto
  working dir  : /home/pi/actions-runner/_work/thin-edge.io/thin-edge.io/tests/PySys/local_mqtt/local_mqtt_pub_fail_qos1/Output/linux
  stdout       : /home/pi/actions-runner/_work/thin-edge.io/thin-edge.io/tests/PySys/local_mqtt/local_mqtt_pub_fail_qos1/Output/linux/start.out
  stderr       : /home/pi/actions-runner/_work/thin-edge.io/thin-edge.io/tests/PySys/local_mqtt/local_mqtt_pub_fail_qos1/Output/linux/start.err
  environment  : LD_LIBRARY_PATH=/usr/lib
  environment  : PATH=/bin:/usr/bin:/usr/sbin:/usr/local/bin
                   #1  /bin
                   #2  /usr/bin
                   #3  /usr/sbin
                   #4  /usr/local/bin
2022-04-11 09:38:27,035 DEBUG Waiting up to 600 secs for process sudo<start> (pid 11461)
2022-04-11 09:38:27,643 INFO  Executed sudo<start>, exit status 0
2022-04-11 09:38:27,644 DEBUG ProcessUser cleanup function done.
2022-04-11 09:38:27,647 INFO  
2022-04-11 09:38:27,648 INFO  Test duration: 1.73 secs
2022-04-11 09:38:27,649 INFO  Test final outcome:  PASSED
2022-04-11 09:38:27,649 INFO  
