2022-05-11 12:53:23,468 INFO  ==============================================================
2022-05-11 12:53:23,469 INFO  Id:    SoftwareManagement.sm_fake_install_remove_multiple
2022-05-11 12:53:23,470 INFO  Dir:   software_management_end_to_end/
2022-05-11 12:53:23,471 INFO  Title: Validate end to end behaviour for the dummy-plugin for multiple packages
2022-05-11 12:53:23,472 INFO  ==============================================================
2022-05-11 12:53:23,487 INFO  Using sw id database: {'asciijump': '5475369', 'robotfindskitten': '5474869', 'squirrel3': '5475279', 'rolldice': '5152439', 'moon-buggy': '5439204', 'apple': '5495053', 'banana': '5494888', 'cherry': '5495382', 'watermelon': '5494510', 'registry': '8018911', 'hello-world': '8021526', 'docker/getting-started': '8021973', 'alpine': '7991792'}
2022-05-11 12:53:23,488 INFO  EnvironmentC8y Setup
2022-05-11 12:53:24,054 INFO  Executed systemctl<serv_mapper1>, exit status 3
2022-05-11 12:53:24,160 INFO  Restarting mosquitto too frequently in the last 10 seconds. It was only up for 5 seconds
2022-05-11 12:53:24,161 INFO  Delaying execution by 6 seconds
2022-05-11 12:53:44,295 INFO  Executed sudo<tedge_connect_c8y>, exit status 0, duration 14 secs
2022-05-11 12:53:44,918 INFO  Executed sudo<tedge_connect_c8y_test>, exit status 0
2022-05-11 12:53:45,383 INFO  Executed systemctl<serv_mosq2>, exit status 0
2022-05-11 12:53:45,848 INFO  Executed systemctl<serv_mapper3>, exit status 0
2022-05-11 12:53:48,076 INFO  State of current operation: SUCCESSFUL
2022-05-11 12:53:48,303 INFO  Package apple is installed
2022-05-11 12:53:48,306 INFO  Assert that (True == value) with value=True ... passed
2022-05-11 12:53:48,526 INFO  Package banana is installed
2022-05-11 12:53:48,529 INFO  Assert that (True == value) with value=True ... passed
2022-05-11 12:53:48,751 INFO  Package cherry is installed
2022-05-11 12:53:48,753 INFO  Assert that (True == value) with value=True ... passed
2022-05-11 12:53:48,992 INFO  Response status: 201
2022-05-11 12:53:48,994 INFO  Response to action: {
    "creationTime": "2022-05-11T12:53:48.954Z",
    "deviceName": "mythicb",
    "deviceId": "18811612",
    "self": "https://t493319102.eu-latest.cumulocity.com/devicecontrol/operations/18857260",
    "id": "18857260",
    "status": "PENDING",
    "description": "Apply software changes, triggered from PySys: [{'action': 'install', 'id': '5495053', 'name': 'apple', 'url': ' ', 'version': '::fruits'}, {'action': 'install', 'id': '5494888', 'name': 'banana', 'url': ' ', 'version': '::fruits'}, {'action': 'install', 'id': '5495382', 'name': 'cherry', 'url': ' ', 'version': '::fruits'}]",
    "c8y_SoftwareUpdate": [
        {
            "name": "apple",
            "action": "install",
            "id": "5495053",
            "version": "::fruits",
            "url": " "
        },
        {
            "name": "banana",
            "action": "install",
            "id": "5494888",
            "version": "::fruits",
            "url": " "
        },
        {
            "name": "cherry",
            "action": "install",
            "id": "5495382",
            "version": "::fruits",
            "url": " "
        }
    ]
}
2022-05-11 12:53:48,994 INFO  Started operation: {'creationTime': '2022-05-11T12:53:48.954Z', 'deviceName': 'mythicb', 'deviceId': '18811612', 'self': 'https://t493319102.eu-latest.cumulocity.com/devicecontrol/operations/18857260', 'id': '18857260', 'status': 'PENDING', 'description': "Apply software changes, triggered from PySys: [{'action': 'install', 'id': '5495053', 'name': 'apple', 'url': ' ', 'version': '::fruits'}, {'action': 'install', 'id': '5494888', 'name': 'banana', 'url': ' ', 'version': '::fruits'}, {'action': 'install', 'id': '5495382', 'name': 'cherry', 'url': ' ', 'version': '::fruits'}]", 'c8y_SoftwareUpdate': [{'name': 'apple', 'action': 'install', 'id': '5495053', 'version': '::fruits', 'url': ' '}, {'name': 'banana', 'action': 'install', 'id': '5494888', 'version': '::fruits', 'url': ' '}, {'name': 'cherry', 'action': 'install', 'id': '5495382', 'version': '::fruits', 'url': ' '}]}
2022-05-11 12:53:51,231 INFO  State of operation 18857260 : PENDING
2022-05-11 12:53:53,468 INFO  State of operation 18857260 : EXECUTING
2022-05-11 12:53:55,689 INFO  State of operation 18857260 : EXECUTING
2022-05-11 12:53:57,900 INFO  State of operation 18857260 : SUCCESSFUL
2022-05-11 12:53:58,121 INFO  Package apple is installed
2022-05-11 12:53:58,123 INFO  Assert that (True == value) with value=True ... passed
2022-05-11 12:53:58,343 INFO  Package banana is installed
2022-05-11 12:53:58,346 INFO  Assert that (True == value) with value=True ... passed
2022-05-11 12:53:58,569 INFO  Package cherry is installed
2022-05-11 12:53:58,571 INFO  Assert that (True == value) with value=True ... passed
2022-05-11 12:53:58,785 INFO  Response status: 201
2022-05-11 12:53:58,787 INFO  Response to action: {
    "creationTime": "2022-05-11T12:53:58.748Z",
    "deviceName": "mythicb",
    "deviceId": "18811612",
    "self": "https://t493319102.eu-latest.cumulocity.com/devicecontrol/operations/18857266",
    "id": "18857266",
    "status": "PENDING",
    "description": "Apply software changes, triggered from PySys: [{'action': 'install', 'id': '5495053', 'name': 'apple', 'url': ' ', 'version': '::fruits'}, {'action': 'install', 'id': '5494888', 'name': 'banana', 'url': ' ', 'version': '::fruits'}, {'action': 'install', 'id': '5495382', 'name': 'cherry', 'url': ' ', 'version': '::fruits'}]",
    "c8y_SoftwareUpdate": [
        {
            "name": "apple",
            "action": "install",
            "id": "5495053",
            "version": "::fruits",
            "url": " "
        },
        {
            "name": "banana",
            "action": "install",
            "id": "5494888",
            "version": "::fruits",
            "url": " "
        },
        {
            "name": "cherry",
            "action": "install",
            "id": "5495382",
            "version": "::fruits",
            "url": " "
        }
    ]
}
2022-05-11 12:53:58,787 INFO  Started operation: {'creationTime': '2022-05-11T12:53:58.748Z', 'deviceName': 'mythicb', 'deviceId': '18811612', 'self': 'https://t493319102.eu-latest.cumulocity.com/devicecontrol/operations/18857266', 'id': '18857266', 'status': 'PENDING', 'description': "Apply software changes, triggered from PySys: [{'action': 'install', 'id': '5495053', 'name': 'apple', 'url': ' ', 'version': '::fruits'}, {'action': 'install', 'id': '5494888', 'name': 'banana', 'url': ' ', 'version': '::fruits'}, {'action': 'install', 'id': '5495382', 'name': 'cherry', 'url': ' ', 'version': '::fruits'}]", 'c8y_SoftwareUpdate': [{'name': 'apple', 'action': 'install', 'id': '5495053', 'version': '::fruits', 'url': ' '}, {'name': 'banana', 'action': 'install', 'id': '5494888', 'version': '::fruits', 'url': ' '}, {'name': 'cherry', 'action': 'install', 'id': '5495382', 'version': '::fruits', 'url': ' '}]}
2022-05-11 12:54:01,004 INFO  State of operation 18857266 : PENDING
2022-05-11 12:54:03,226 INFO  State of operation 18857266 : EXECUTING
2022-05-11 12:54:05,440 INFO  State of operation 18857266 : SUCCESSFUL
2022-05-11 12:54:05,663 INFO  Package apple is installed
2022-05-11 12:54:05,666 INFO  Assert that (True == value) with value=True ... passed
2022-05-11 12:54:05,888 INFO  Package banana is installed
2022-05-11 12:54:05,891 INFO  Assert that (True == value) with value=True ... passed
2022-05-11 12:54:06,107 INFO  Package cherry is installed
2022-05-11 12:54:06,109 INFO  Assert that (True == value) with value=True ... passed
2022-05-11 12:54:06,116 INFO  
2022-05-11 12:54:06,117 INFO  cleanup:
2022-05-11 12:54:10,179 INFO  Executed sudo<tedge_disconnect_c8y>, exit status 0
2022-05-11 12:54:10,852 INFO  Executed systemctl<serv_mapper5>, exit status 3
2022-05-11 12:54:10,856 INFO  
2022-05-11 12:54:10,857 INFO  Test duration: 47.40 secs
2022-05-11 12:54:10,858 INFO  Test final outcome:  PASSED
2022-05-11 12:54:10,859 INFO  
