2022-05-04 08:21:48,225 INFO  ==============================================================
2022-05-04 08:21:48,226 INFO  Id:    apt_install_local_file
2022-05-04 08:21:48,227 INFO  Dir:   plugin_apt/
2022-05-04 08:21:48,228 INFO  Title: Validate apt plugin install from local file - SUCCESS case
2022-05-04 08:21:48,228 INFO  ==============================================================
2022-05-04 08:21:50,435 INFO  URL of rolldice is b"'http://mirror.mythic-beasts.com/raspbian/pool/main/r/rolldice/rolldice_1.16-1%2bb2_armhf.deb'"
2022-05-04 08:21:52,860 INFO  Downloaded rolldcice in version 1.16-1+b2
2022-05-04 08:21:52,861 INFO  Filename is rolldice_1.16-1+b2_armhf.deb
2022-05-04 08:21:57,946 INFO  Executed sudo, exit status 0
2022-05-04 08:22:00,824 INFO  Executed sudo<outp_check_0>, exit status 0
2022-05-04 08:22:00,828 INFO  Assert that (value==0) with value=0 ... passed
2022-05-04 08:22:00,839 INFO  Grep on file outp_check_0.out ... passed
2022-05-04 08:22:48,284 INFO  Executed sudo<outp_install>, exit status 0, duration 47 secs
2022-05-04 08:22:48,288 INFO  Assert that (value==0) with value=0 ... passed
2022-05-04 08:22:54,083 INFO  Executed sudo<outp_check_1>, exit status 0
2022-05-04 08:22:54,085 INFO  Assert that (value==0) with value=0 ... passed
2022-05-04 08:22:54,091 INFO  Grep on file outp_check_1.out ... passed
2022-05-04 08:22:54,096 INFO  
2022-05-04 08:22:54,097 INFO  cleanup:
2022-05-04 08:22:54,101 INFO  
2022-05-04 08:22:54,102 INFO  Test duration: 65.88 secs
2022-05-04 08:22:54,103 INFO  Test final outcome:  PASSED
2022-05-04 08:22:54,104 INFO  
