2022-04-15 09:17:58,618 INFO  ==============================================================
2022-04-15 09:17:58,619 INFO  Id:    apt_install_local_file_with_version
2022-04-15 09:17:58,620 INFO  Dir:   plugin_apt/
2022-04-15 09:17:58,621 INFO  Title: Validate apt plugin install from local file AND with a version - SUCCESS case
2022-04-15 09:17:58,622 INFO  ==============================================================
2022-04-15 09:18:00,659 INFO  URL of rolldice is b"'http://mirror.mythic-beasts.com/raspbian/pool/main/r/rolldice/rolldice_1.16-1+b1_armhf.deb'"
2022-04-15 09:18:02,779 INFO  Downloaded rolldcice in version 1.16-1+b1
2022-04-15 09:18:02,781 INFO  Filename is rolldice_1.16-1+b1_armhf.deb
2022-04-15 09:18:07,618 INFO  Executed sudo, exit status 0
2022-04-15 09:18:10,192 INFO  Executed sudo<outp_check_0>, exit status 0
2022-04-15 09:18:10,194 INFO  Assert that (value==0) with value=0 ... passed
2022-04-15 09:18:10,200 INFO  Grep on file outp_check_0.out ... passed
2022-04-15 09:18:50,596 INFO  Executed sudo<outp_install>, exit status 0, duration 40 secs
2022-04-15 09:18:50,599 INFO  Assert that (value==0) with value=0 ... passed
2022-04-15 09:18:56,106 INFO  Executed sudo<outp_check_1>, exit status 0
2022-04-15 09:18:56,108 INFO  Assert that (value==0) with value=0 ... passed
2022-04-15 09:18:56,114 INFO  Grep on file outp_check_1.out ... passed
2022-04-15 09:18:56,119 INFO  
2022-04-15 09:18:56,120 INFO  cleanup:
2022-04-15 09:18:56,124 INFO  
2022-04-15 09:18:56,125 INFO  Test duration: 57.51 secs
2022-04-15 09:18:56,126 INFO  Test final outcome:  PASSED
2022-04-15 09:18:56,127 INFO  
