2022-04-15 09:08:06,832 INFO  ==============================================================
2022-04-15 09:08:06,833 INFO  Id:    c8y_restart_bridge
2022-04-15 09:08:06,834 INFO  Dir:   tedge_connect/
2022-04-15 09:08:06,836 INFO  Title: Bridge restart
2022-04-15 09:08:06,837 INFO  ==============================================================
2022-04-15 09:08:06,842 INFO  EnvironmentC8y Setup
2022-04-15 09:08:07,556 INFO  Executed systemctl<serv_mapper1>, exit status 3
2022-04-15 09:08:22,192 INFO  Executed sudo<tedge_connect_c8y>, exit status 0, duration 14 secs
2022-04-15 09:08:22,816 INFO  Executed sudo<tedge_connect_c8y_test>, exit status 0
2022-04-15 09:08:23,331 INFO  Executed systemctl<serv_mosq2>, exit status 0
2022-04-15 09:08:23,804 INFO  Executed systemctl<serv_mapper3>, exit status 0
2022-04-15 09:08:23,806 INFO  Setup
2022-04-15 09:08:23,807 INFO  Execute (empty in this case as we test the c8y enviroment)
2022-04-15 09:08:24,270 INFO  Executed systemctl<serv_mosq>, exit status 0
2022-04-15 09:08:24,784 INFO  Executed systemctl<serv_mapper4>, exit status 0
2022-04-15 09:08:24,786 INFO  Validate
2022-04-15 09:08:24,792 INFO  Grep on file tedge_connect_c8y.out ... passed
2022-04-15 09:08:24,799 INFO  Grep on file tedge_connect_c8y.out ... passed
2022-04-15 09:08:24,806 INFO  
2022-04-15 09:08:24,807 INFO  cleanup:
2022-04-15 09:08:24,808 INFO  MyCleanup
2022-04-15 09:08:29,004 INFO  Executed sudo<tedge_disconnect_c8y>, exit status 0
2022-04-15 09:08:29,567 INFO  Executed systemctl<serv_mapper5>, exit status 3
2022-04-15 09:08:29,571 INFO  
2022-04-15 09:08:29,572 INFO  Test duration: 22.75 secs
2022-04-15 09:08:29,573 INFO  Test final outcome:  PASSED
2022-04-15 09:08:29,574 INFO  
