2022-04-07 16:44:33,265 INFO  ==============================================================
2022-04-07 16:44:33,266 INFO  Id:    apt_sequence_remove
2022-04-07 16:44:33,267 INFO  Dir:   plugin_apt/
2022-04-07 16:44:33,268 INFO  Title: Validate apt plugin prepare install remove finalize use case
2022-04-07 16:44:33,269 DEBUG Execution order hint: 0.0
2022-04-07 16:44:33,269 INFO  ==============================================================
2022-04-07 16:44:33,275 DEBUG Process parameters for sudo
  command line : /usr/bin/sudo /usr/bin/apt-get install -y rolldice
    arg #1     : /usr/bin/apt-get
    arg #2     : install
    arg #3     : -y
    arg #4     : rolldice
  working dir  : /home/pi/actions-runner/_work/thin-edge.io/thin-edge.io/tests/PySys/plugin_apt/apt_sequence_remove/Output/linux
  stdout       : None
  stderr       : None
  environment  : LD_LIBRARY_PATH=/usr/lib
  environment  : PATH=/bin:/usr/bin:/usr/sbin:/usr/local/bin
                   #1  /bin
                   #2  /usr/bin
                   #3  /usr/sbin
                   #4  /usr/local/bin
2022-04-07 16:44:33,283 DEBUG Waiting up to 600 secs for process sudo (pid 14181)
2022-04-07 16:45:11,399 INFO  Executed sudo, exit status 0, duration 38 secs
2022-04-07 16:45:11,404 DEBUG Process parameters for sudo<outp_check_0>
  command line : /usr/bin/sudo /etc/tedge/sm-plugins/apt list
    arg #1     : /etc/tedge/sm-plugins/apt
    arg #2     : list
  working dir  : /home/pi/actions-runner/_work/thin-edge.io/thin-edge.io/tests/PySys/plugin_apt/apt_sequence_remove/Output/linux
  stdout       : /home/pi/actions-runner/_work/thin-edge.io/thin-edge.io/tests/PySys/plugin_apt/apt_sequence_remove/Output/linux/outp_check_0.out
  stderr       : /home/pi/actions-runner/_work/thin-edge.io/thin-edge.io/tests/PySys/plugin_apt/apt_sequence_remove/Output/linux/outp_check_0.err
  environment  : LD_LIBRARY_PATH=/usr/lib
  environment  : PATH=/bin:/usr/bin:/usr/sbin:/usr/local/bin
                   #1  /bin
                   #2  /usr/bin
                   #3  /usr/sbin
                   #4  /usr/local/bin
2022-04-07 16:45:11,412 DEBUG Waiting up to 600 secs for process sudo<outp_check_0> (pid 14310)
2022-04-07 16:45:16,672 INFO  Executed sudo<outp_check_0>, exit status 0
2022-04-07 16:45:16,673 INFO  Assert that (value==0) with value=0 ... passed
2022-04-07 16:45:16,675 DEBUG Performing regex contains=True grep on file: /home/pi/actions-runner/_work/thin-edge.io/thin-edge.io/tests/PySys/plugin_apt/apt_sequence_remove/Output/linux/outp_check_0.out
2022-04-07 16:45:16,680 DEBUG Grep on file outp_check_0.out successfully matched expression "rolldice" with line: 'rolldice\t1.16-1+b1\n'
2022-04-07 16:45:16,681 INFO  Grep on file outp_check_0.out ... passed
2022-04-07 16:45:16,682 DEBUG --- test execute
2022-04-07 16:45:16,684 DEBUG Process parameters for sudo<outp_prepare>
  command line : /usr/bin/sudo /etc/tedge/sm-plugins/apt prepare
    arg #1     : /etc/tedge/sm-plugins/apt
    arg #2     : prepare
  working dir  : /home/pi/actions-runner/_work/thin-edge.io/thin-edge.io/tests/PySys/plugin_apt/apt_sequence_remove/Output/linux
  stdout       : /home/pi/actions-runner/_work/thin-edge.io/thin-edge.io/tests/PySys/plugin_apt/apt_sequence_remove/Output/linux/outp_prepare.out
  stderr       : /home/pi/actions-runner/_work/thin-edge.io/thin-edge.io/tests/PySys/plugin_apt/apt_sequence_remove/Output/linux/outp_prepare.err
  environment  : LD_LIBRARY_PATH=/usr/lib
  environment  : PATH=/bin:/usr/bin:/usr/sbin:/usr/local/bin
                   #1  /bin
                   #2  /usr/bin
                   #3  /usr/sbin
                   #4  /usr/local/bin
2022-04-07 16:45:16,691 DEBUG Waiting up to 600 secs for process sudo<outp_prepare> (pid 14316)
2022-04-07 16:45:34,796 INFO  Executed sudo<outp_prepare>, exit status 0, duration 18 secs
2022-04-07 16:45:34,799 INFO  Assert that (value==0) with value=0 ... passed
2022-04-07 16:45:34,807 DEBUG Process parameters for sudo<outp_remove>
  command line : /usr/bin/sudo /etc/tedge/sm-plugins/apt remove rolldice
    arg #1     : /etc/tedge/sm-plugins/apt
    arg #2     : remove
    arg #3     : rolldice
  working dir  : /home/pi/actions-runner/_work/thin-edge.io/thin-edge.io/tests/PySys/plugin_apt/apt_sequence_remove/Output/linux
  stdout       : /home/pi/actions-runner/_work/thin-edge.io/thin-edge.io/tests/PySys/plugin_apt/apt_sequence_remove/Output/linux/outp_remove.out
  stderr       : /home/pi/actions-runner/_work/thin-edge.io/thin-edge.io/tests/PySys/plugin_apt/apt_sequence_remove/Output/linux/outp_remove.err
  environment  : LD_LIBRARY_PATH=/usr/lib
  environment  : PATH=/bin:/usr/bin:/usr/sbin:/usr/local/bin
                   #1  /bin
                   #2  /usr/bin
                   #3  /usr/sbin
                   #4  /usr/local/bin
2022-04-07 16:45:34,815 DEBUG Waiting up to 600 secs for process sudo<outp_remove> (pid 14430)
2022-04-07 16:45:54,735 INFO  Executed sudo<outp_remove>, exit status 0, duration 19 secs
2022-04-07 16:45:54,738 INFO  Assert that (value==0) with value=0 ... passed
2022-04-07 16:45:54,740 DEBUG Process parameters for sudo<outp_finalize>
  command line : /usr/bin/sudo /etc/tedge/sm-plugins/apt finalize
    arg #1     : /etc/tedge/sm-plugins/apt
    arg #2     : finalize
  working dir  : /home/pi/actions-runner/_work/thin-edge.io/thin-edge.io/tests/PySys/plugin_apt/apt_sequence_remove/Output/linux
  stdout       : /home/pi/actions-runner/_work/thin-edge.io/thin-edge.io/tests/PySys/plugin_apt/apt_sequence_remove/Output/linux/outp_finalize.out
  stderr       : /home/pi/actions-runner/_work/thin-edge.io/thin-edge.io/tests/PySys/plugin_apt/apt_sequence_remove/Output/linux/outp_finalize.err
  environment  : LD_LIBRARY_PATH=/usr/lib
  environment  : PATH=/bin:/usr/bin:/usr/sbin:/usr/local/bin
                   #1  /bin
                   #2  /usr/bin
                   #3  /usr/sbin
                   #4  /usr/local/bin
2022-04-07 16:45:54,748 DEBUG Waiting up to 600 secs for process sudo<outp_finalize> (pid 14460)
2022-04-07 16:46:02,059 INFO  Executed sudo<outp_finalize>, exit status 0
2022-04-07 16:46:02,061 INFO  Assert that (value==0) with value=0 ... passed
2022-04-07 16:46:02,062 DEBUG --- test validate
2022-04-07 16:46:02,064 DEBUG Process parameters for sudo<outp_check_1>
  command line : /usr/bin/sudo /etc/tedge/sm-plugins/apt list
    arg #1     : /etc/tedge/sm-plugins/apt
    arg #2     : list
  working dir  : /home/pi/actions-runner/_work/thin-edge.io/thin-edge.io/tests/PySys/plugin_apt/apt_sequence_remove/Output/linux
  stdout       : /home/pi/actions-runner/_work/thin-edge.io/thin-edge.io/tests/PySys/plugin_apt/apt_sequence_remove/Output/linux/outp_check_1.out
  stderr       : /home/pi/actions-runner/_work/thin-edge.io/thin-edge.io/tests/PySys/plugin_apt/apt_sequence_remove/Output/linux/outp_check_1.err
  environment  : LD_LIBRARY_PATH=/usr/lib
  environment  : PATH=/bin:/usr/bin:/usr/sbin:/usr/local/bin
                   #1  /bin
                   #2  /usr/bin
                   #3  /usr/sbin
                   #4  /usr/local/bin
2022-04-07 16:46:02,071 DEBUG Waiting up to 600 secs for process sudo<outp_check_1> (pid 14465)
2022-04-07 16:46:04,607 INFO  Executed sudo<outp_check_1>, exit status 0
2022-04-07 16:46:04,609 INFO  Assert that (value==0) with value=0 ... passed
2022-04-07 16:46:04,610 DEBUG Performing regex contains=False grep on file: /home/pi/actions-runner/_work/thin-edge.io/thin-edge.io/tests/PySys/plugin_apt/apt_sequence_remove/Output/linux/outp_check_1.out
2022-04-07 16:46:04,615 INFO  Grep on file outp_check_1.out ... passed
2022-04-07 16:46:04,621 DEBUG --- test cleanup
2022-04-07 16:46:04,622 INFO  
2022-04-07 16:46:04,623 INFO  cleanup:
2022-04-07 16:46:04,624 DEBUG Running registered cleanup function: <bound method AptPluginInstallPrepareRemoveFinalize.cleanup_prepare of <AptPluginInstallPrepareRemoveFinalize object at 0x75e5b750>>
2022-04-07 16:46:04,626 DEBUG Process parameters for sudo
  command line : /usr/bin/sudo /usr/bin/apt-get remove -y rolldice
    arg #1     : /usr/bin/apt-get
    arg #2     : remove
    arg #3     : -y
    arg #4     : rolldice
  working dir  : /home/pi/actions-runner/_work/thin-edge.io/thin-edge.io/tests/PySys/plugin_apt/apt_sequence_remove/Output/linux
  stdout       : None
  stderr       : None
  environment  : LD_LIBRARY_PATH=/usr/lib
  environment  : PATH=/bin:/usr/bin:/usr/sbin:/usr/local/bin
                   #1  /bin
                   #2  /usr/bin
                   #3  /usr/sbin
                   #4  /usr/local/bin
2022-04-07 16:46:04,633 DEBUG Waiting up to 600 secs for process sudo (pid 14471)
2022-04-07 16:46:09,213 INFO  Executed sudo, exit status 0
2022-04-07 16:46:09,214 DEBUG ProcessUser cleanup function done.
2022-04-07 16:46:09,218 INFO  
2022-04-07 16:46:09,219 INFO  Test duration: 95.96 secs
2022-04-07 16:46:09,220 INFO  Test final outcome:  PASSED
2022-04-07 16:46:09,221 INFO  
