$SYS/broker/version mosquitto version 1.6.9
$SYS/broker/uptime 0 seconds
$SYS/broker/clients/total 5
$SYS/broker/clients/maximum 5
$SYS/broker/clients/inactive 5
$SYS/broker/clients/disconnected 5
$SYS/broker/clients/active 0
$SYS/broker/clients/connected 0
$SYS/broker/clients/expired 0
$SYS/broker/load/messages/received/1min 0.00
$SYS/broker/load/messages/received/5min 0.00
$SYS/broker/load/messages/received/15min 0.00
$SYS/broker/load/messages/sent/1min 0.00
$SYS/broker/load/messages/sent/5min 0.00
$SYS/broker/load/messages/sent/15min 0.00
$SYS/broker/load/publish/dropped/1min 0.00
$SYS/broker/load/publish/dropped/5min 0.00
$SYS/broker/load/publish/dropped/15min 0.00
$SYS/broker/load/publish/received/1min 0.00
$SYS/broker/load/publish/received/5min 0.00
$SYS/broker/load/publish/received/15min 0.00
$SYS/broker/load/publish/sent/1min 0.00
$SYS/broker/load/publish/sent/5min 0.00
$SYS/broker/load/publish/sent/15min 0.00
$SYS/broker/load/bytes/received/1min 0.00
$SYS/broker/load/bytes/received/5min 0.00
$SYS/broker/load/bytes/received/15min 0.00
$SYS/broker/load/bytes/sent/1min 0.00
$SYS/broker/load/bytes/sent/5min 0.00
$SYS/broker/load/bytes/sent/15min 0.00
$SYS/broker/load/sockets/1min 0.00
$SYS/broker/load/sockets/5min 0.00
$SYS/broker/load/sockets/15min 0.00
$SYS/broker/load/connections/1min 0.00
$SYS/broker/load/connections/5min 0.00
$SYS/broker/load/connections/15min 0.00
$SYS/broker/messages/stored 37
$SYS/broker/messages/received 0
$SYS/broker/messages/sent 0
$SYS/broker/store/messages/count 37
$SYS/broker/store/messages/bytes 152
$SYS/broker/subscriptions/count 32
$SYS/broker/shared_subscriptions/count 0
$SYS/broker/retained messages/count 42
$SYS/broker/heap/current 84176
$SYS/broker/heap/maximum 85432
$SYS/broker/publish/messages/dropped 0
$SYS/broker/publish/messages/received 0
$SYS/broker/publish/messages/sent 0
$SYS/broker/publish/bytes/received 0
$SYS/broker/publish/bytes/sent 0
$SYS/broker/bytes/received 0
$SYS/broker/bytes/sent 0
$SYS/broker/uptime 11 seconds
$SYS/broker/clients/total 8
$SYS/broker/clients/maximum 8
$SYS/broker/clients/inactive 1
$SYS/broker/clients/disconnected 1
$SYS/broker/clients/active 7
$SYS/broker/clients/connected 7
$SYS/broker/load/messages/received/1min 1617.23
$SYS/broker/load/messages/sent/1min 226.59
$SYS/broker/load/publish/received/1min 1511.24
$SYS/broker/load/publish/sent/1min 48.43
$SYS/broker/load/bytes/received/1min 138914.32
$SYS/broker/load/bytes/sent/1min 23586.84
$SYS/broker/load/sockets/1min 8.22
$SYS/broker/load/connections/1min 8.22
$SYS/broker/load/messages/received/5min 347.59
$SYS/broker/load/messages/sent/5min 48.70
$SYS/broker/load/publish/received/5min 324.81
$SYS/broker/load/publish/sent/5min 10.41
$SYS/broker/load/bytes/received/5min 29856.68
$SYS/broker/load/bytes/sent/5min 5069.49
$SYS/broker/load/sockets/5min 1.77
$SYS/broker/load/connections/5min 1.77
$SYS/broker/load/messages/received/15min 117.28
$SYS/broker/load/messages/sent/15min 16.43
$SYS/broker/load/publish/received/15min 109.60
$SYS/broker/load/publish/sent/15min 3.51
$SYS/broker/load/bytes/received/15min 10074.11
$SYS/broker/load/bytes/sent/15min 1710.53
$SYS/broker/load/sockets/15min 0.60
$SYS/broker/load/connections/15min 0.60
$SYS/broker/messages/stored 55
$SYS/broker/store/messages/count 55
$SYS/broker/store/messages/bytes 374
$SYS/broker/subscriptions/count 35
$SYS/broker/retained messages/count 54
$SYS/broker/heap/current 98936
$SYS/broker/heap/maximum 99336
$SYS/broker/messages/received 1770
$SYS/broker/messages/sent 248
$SYS/broker/publish/messages/received 1654
$SYS/broker/publish/messages/sent 53
$SYS/broker/bytes/received 152037
$SYS/broker/bytes/sent 25815
$SYS/broker/publish/bytes/received 52677
$SYS/broker/publish/bytes/sent 20860
$SYS/broker/uptime 22 seconds
$SYS/broker/load/messages/received/1min 3212.99
$SYS/broker/load/messages/sent/1min 632.69
$SYS/broker/load/publish/received/1min 2923.74
$SYS/broker/load/publish/sent/1min 82.34
$SYS/broker/load/bytes/received/1min 290079.70
$SYS/broker/load/bytes/sent/1min 75288.54
$SYS/broker/load/sockets/1min 6.85
$SYS/broker/load/connections/1min 6.85
$SYS/broker/load/messages/received/5min 736.27
$SYS/broker/load/messages/sent/5min 142.39
$SYS/broker/load/publish/received/5min 671.11
$SYS/broker/load/publish/sent/5min 19.07
$SYS/broker/load/bytes/received/5min 66272.83
$SYS/broker/load/bytes/sent/5min 16848.34
$SYS/broker/load/sockets/5min 1.70
$SYS/broker/load/connections/5min 1.70
$SYS/broker/load/messages/received/15min 251.23
$SYS/broker/load/messages/sent/15min 48.44
$SYS/broker/load/publish/received/15min 229.06
$SYS/broker/load/publish/sent/15min 6.52
$SYS/broker/load/bytes/received/15min 22601.80
$SYS/broker/load/bytes/sent/15min 5725.70
$SYS/broker/store/messages/bytes 402
$SYS/broker/heap/current 98744
$SYS/broker/heap/maximum 100320
$SYS/broker/messages/received 3813
$SYS/broker/messages/sent 734
$SYS/broker/publish/messages/received 3477
$SYS/broker/publish/messages/sent 99
$SYS/broker/bytes/received 342950
$SYS/broker/bytes/sent 86725
$SYS/broker/publish/bytes/received 137810
$SYS/broker/publish/bytes/sent 72314
$SYS/broker/uptime 33 seconds
$SYS/broker/load/messages/received/1min 4553.33
$SYS/broker/load/messages/sent/1min 958.88
$SYS/broker/load/publish/received/1min 4111.52
$SYS/broker/load/publish/sent/1min 99.62
$SYS/broker/load/bytes/received/1min 416595.94
$SYS/broker/load/bytes/sent/1min 117945.05
$SYS/broker/load/sockets/1min 5.70
$SYS/broker/load/connections/1min 5.70
$SYS/broker/load/messages/received/5min 1113.52
$SYS/broker/load/messages/sent/5min 230.15
$SYS/broker/load/publish/received/5min 1007.50
$SYS/broker/load/publish/sent/5min 25.06
$SYS/broker/load/bytes/received/5min 101522.43
$SYS/broker/load/bytes/sent/5min 28120.45
$SYS/broker/load/sockets/5min 1.64
$SYS/broker/load/connections/5min 1.64
$SYS/broker/load/messages/received/15min 384.41
$SYS/broker/load/messages/sent/15min 79.19
$SYS/broker/load/publish/received/15min 347.93
$SYS/broker/load/publish/sent/15min 8.69
$SYS/broker/load/bytes/received/15min 35026.08
$SYS/broker/load/bytes/sent/15min 9664.20
$SYS/broker/messages/stored 54
$SYS/broker/store/messages/count 54
$SYS/broker/store/messages/bytes 257
$SYS/broker/heap/current 98496
$SYS/broker/messages/received 5869
$SYS/broker/messages/sent 1207
$SYS/broker/publish/messages/received 5313
$SYS/broker/publish/messages/sent 133
$SYS/broker/bytes/received 534599
$SYS/broker/bytes/sent 147214
$SYS/broker/publish/bytes/received 222729
$SYS/broker/publish/bytes/sent 123755
$SYS/broker/uptime 44 seconds
$SYS/broker/load/messages/received/1min 5667.32
$SYS/broker/load/messages/sent/1min 1229.52
$SYS/broker/load/publish/received/1min 5100.33
$SYS/broker/load/publish/sent/1min 114.91
$SYS/broker/load/bytes/received/1min 521868.35
$SYS/broker/load/bytes/sent/1min 153007.57
$SYS/broker/load/sockets/1min 4.74
$SYS/broker/load/connections/1min 4.74
$SYS/broker/load/messages/received/5min 1476.79
$SYS/broker/load/messages/sent/5min 314.55
$SYS/broker/load/publish/received/5min 1331.78
$SYS/broker/load/publish/sent/5min 31.03
$SYS/broker/load/bytes/received/5min 135491.96
$SYS/broker/load/bytes/sent/5min 38890.32
$SYS/broker/load/sockets/5min 1.58
$SYS/broker/load/connections/5min 1.58
$SYS/broker/load/messages/received/15min 515.84
$SYS/broker/load/messages/sent/15min 109.50
$SYS/broker/load/publish/received/15min 465.36
$SYS/broker/load/publish/sent/15min 10.90
$SYS/broker/load/bytes/received/15min 47295.71
$SYS/broker/load/bytes/sent/15min 13522.32
$SYS/broker/messages/stored 55
$SYS/broker/store/messages/count 55
$SYS/broker/store/messages/bytes 417
$SYS/broker/heap/current 98904
$SYS/broker/messages/received 7923
$SYS/broker/messages/sent 1679
$SYS/broker/publish/messages/received 7149
$SYS/broker/publish/messages/sent 168
$SYS/broker/bytes/received 726192
$SYS/broker/bytes/sent 207212
$SYS/broker/publish/bytes/received 307617
$SYS/broker/publish/bytes/sent 174729
$SYS/broker/uptime 55 seconds
$SYS/broker/load/messages/received/1min 6606.58
$SYS/broker/load/messages/sent/1min 1457.57
$SYS/broker/load/publish/received/1min 5933.56
$SYS/broker/load/publish/sent/1min 127.64
$SYS/broker/load/bytes/received/1min 610318.00
$SYS/broker/load/bytes/sent/1min 182693.84
$SYS/broker/load/sockets/1min 3.95
$SYS/broker/load/connections/1min 3.95
$SYS/broker/load/messages/received/5min 1829.53
$SYS/broker/load/messages/sent/5min 396.51
$SYS/broker/load/publish/received/5min 1646.54
$SYS/broker/load/publish/sent/5min 36.78
$SYS/broker/load/bytes/received/5min 168412.89
$SYS/broker/load/bytes/sent/5min 49379.27
$SYS/broker/load/sockets/5min 1.53
$SYS/broker/load/connections/5min 1.53
$SYS/broker/load/messages/received/15min 646.53
$SYS/broker/load/messages/sent/15min 139.65
$SYS/broker/load/publish/received/15min 582.09
$SYS/broker/load/publish/sent/15min 13.09
$SYS/broker/load/bytes/received/15min 59475.14
$SYS/broker/load/bytes/sent/15min 17369.62
$SYS/broker/heap/current 98736
$SYS/broker/messages/received 9990
$SYS/broker/messages/sent 2154
$SYS/broker/publish/messages/received 8996
$SYS/broker/publish/messages/sent 203
$SYS/broker/bytes/received 918673
$SYS/broker/bytes/sent 267754
$SYS/broker/publish/bytes/received 392633
$SYS/broker/publish/bytes/sent 226180
$SYS/broker/uptime 66 seconds
$SYS/broker/load/messages/received/1min 7376.63
$SYS/broker/load/messages/sent/1min 1644.67
$SYS/broker/load/publish/received/1min 6615.34
$SYS/broker/load/publish/sent/1min 135.50
$SYS/broker/load/bytes/received/1min 683096.29
$SYS/broker/load/bytes/sent/1min 207305.96
$SYS/broker/load/sockets/1min 3.29
$SYS/broker/load/connections/1min 3.29
$SYS/broker/load/messages/received/5min 2167.03
$SYS/broker/load/messages/sent/5min 474.92
$SYS/broker/load/publish/received/5min 1947.42
$SYS/broker/load/publish/sent/5min 41.74
$SYS/broker/load/bytes/received/5min 199964.76
$SYS/broker/load/bytes/sent/5min 59468.79
$SYS/broker/load/sockets/5min 1.47
$SYS/broker/load/connections/5min 1.47
$SYS/broker/load/messages/received/15min 774.78
$SYS/broker/load/messages/sent/15min 169.22
$SYS/broker/load/publish/received/15min 696.54
$SYS/broker/load/publish/sent/15min 15.05
$SYS/broker/load/bytes/received/15min 71444.59
$SYS/broker/load/bytes/sent/15min 21162.83
$SYS/broker/messages/received 12044
$SYS/broker/messages/sent 2626
$SYS/broker/publish/messages/received 10830
$SYS/broker/publish/messages/sent 235
$SYS/broker/bytes/received 1110218
$SYS/broker/bytes/sent 328185
$SYS/broker/publish/bytes/received 477617
$SYS/broker/publish/bytes/sent 277623
