2022-05-11 12:04:02,092 INFO  ==============================================================
2022-05-11 12:04:02,092 INFO  Id:    publish_sawmill_record_statistics
2022-05-11 12:04:02,093 INFO  Title: Publish sawmill and record process statistics
2022-05-11 12:04:02,093 INFO  ==============================================================
2022-05-11 12:04:02,215 INFO  EnvironmentC8y Setup
2022-05-11 12:04:02,317 INFO  Executed systemctl<serv_mapper1>, exit status 3
2022-05-11 12:04:02,336 INFO  Restarting mosquitto too frequently in the last 10 seconds. It was only up for 6 seconds
2022-05-11 12:04:02,337 INFO  Delaying execution by 5 seconds
2022-05-11 12:04:25,401 INFO  Executed sudo<tedge_connect_c8y>, exit status 0, duration 18 secs
2022-05-11 12:04:25,553 INFO  Executed sudo<tedge_connect_c8y_test>, exit status 0
2022-05-11 12:04:25,655 INFO  Executed systemctl<serv_mosq2>, exit status 0
2022-05-11 12:04:25,758 INFO  Executed systemctl<serv_mapper3>, exit status 0
2022-05-11 12:04:25,758 INFO  Setup
2022-05-11 12:04:25,758 INFO  /home/pi/actions-runner/_work/thin-edge.io/thin-edge.io/tests/PySys/analytics/publish_sawmill_record_statistics/Output/linux
2022-05-11 12:04:25,758 INFO  Execute
2022-05-11 12:04:25,860 INFO  Executed sudo<collectd_out>, exit status 0
2022-05-11 12:04:25,863 INFO  Started mosquitto_sub_stdout with process id 794994
2022-05-11 12:05:26,102 INFO  Executed sawtooth_publisher<stdout_sawmill>, exit status 0, duration 60 secs
2022-05-11 12:05:26,205 INFO  Executed systemctl<serv_mosq>, exit status 0
2022-05-11 12:05:26,307 INFO  Executed systemctl<serv_mapper4>, exit status 0
2022-05-11 12:05:26,337 INFO  Grep on input file mosquitto_sub_stdout.out ... passed
2022-05-11 12:05:26,337 INFO  
2022-05-11 12:05:26,337 INFO  cleanup:
2022-05-11 12:05:26,337 INFO  My Cleanup
2022-05-11 12:05:26,440 INFO  Executed sudo<collectd_out>, exit status 0
2022-05-11 12:05:26,441 INFO  Exporting data from /var/lib/collectd/rrd/ubuntu-2gb-hel1-2-thin-edge-b/exec/gauge-mosquitto-size.rrd
2022-05-11 12:05:26,481 INFO  Exporting data from /var/lib/collectd/rrd/ubuntu-2gb-hel1-2-thin-edge-b/exec/gauge-mapper-c8y-resident.rrd
2022-05-11 12:05:26,494 INFO  Exporting data from /var/lib/collectd/rrd/ubuntu-2gb-hel1-2-thin-edge-b/exec/gauge-mapper-c8y-utime.rrd
2022-05-11 12:05:26,506 INFO  Exporting data from /var/lib/collectd/rrd/ubuntu-2gb-hel1-2-thin-edge-b/exec/gauge-mapper-c8y-shared.rrd
2022-05-11 12:05:26,517 INFO  Exporting data from /var/lib/collectd/rrd/ubuntu-2gb-hel1-2-thin-edge-b/exec/gauge-mosquitto-shared.rrd
2022-05-11 12:05:26,528 INFO  Exporting data from /var/lib/collectd/rrd/ubuntu-2gb-hel1-2-thin-edge-b/exec/gauge-mapper-c8y-data.rrd
2022-05-11 12:05:26,540 INFO  Exporting data from /var/lib/collectd/rrd/ubuntu-2gb-hel1-2-thin-edge-b/exec/gauge-mapper-c8y-size.rrd
2022-05-11 12:05:26,550 INFO  Exporting data from /var/lib/collectd/rrd/ubuntu-2gb-hel1-2-thin-edge-b/exec/gauge-mosquitto-utime.rrd
2022-05-11 12:05:26,562 INFO  Exporting data from /var/lib/collectd/rrd/ubuntu-2gb-hel1-2-thin-edge-b/exec/gauge-mapper-c8y-text.rrd
2022-05-11 12:05:26,573 INFO  Exporting data from /var/lib/collectd/rrd/ubuntu-2gb-hel1-2-thin-edge-b/exec/gauge-mosquitto-stime.rrd
2022-05-11 12:05:26,585 INFO  Exporting data from /var/lib/collectd/rrd/ubuntu-2gb-hel1-2-thin-edge-b/exec/gauge-mapper-c8y-stime.rrd
2022-05-11 12:05:26,595 INFO  Exporting data from /var/lib/collectd/rrd/ubuntu-2gb-hel1-2-thin-edge-b/exec/gauge-mosquitto-data.rrd
2022-05-11 12:05:26,606 INFO  Exporting data from /var/lib/collectd/rrd/ubuntu-2gb-hel1-2-thin-edge-b/exec/gauge-mosquitto-text.rrd
2022-05-11 12:05:26,617 INFO  Exporting data from /var/lib/collectd/rrd/ubuntu-2gb-hel1-2-thin-edge-b/exec/gauge-mosquitto-resident.rrd
2022-05-11 12:05:37,897 INFO  Executed sudo<tedge_disconnect_c8y>, exit status 0, duration 11 secs
2022-05-11 12:05:38,000 INFO  Executed systemctl<serv_mapper5>, exit status 3
2022-05-11 12:05:38,051 INFO  
2022-05-11 12:05:38,051 INFO  Test duration: 95.95 secs
2022-05-11 12:05:38,052 INFO  Test final outcome:  PASSED
2022-05-11 12:05:38,052 INFO  
