2022-04-11 10:16:13,935 INFO  ==============================================================
2022-04-11 10:16:13,936 INFO  Id:    apt_update_list
2022-04-11 10:16:13,937 INFO  Dir:   plugin_apt/
2022-04-11 10:16:13,937 INFO  Title: Validate apt plugin update-list command use case
2022-04-11 10:16:13,938 DEBUG Execution order hint: 0.0
2022-04-11 10:16:13,939 INFO  ==============================================================
2022-04-11 10:16:13,946 DEBUG Process parameters for sudo
  command line : /usr/bin/sudo /usr/bin/apt-get remove -y rolldice
    arg #1     : /usr/bin/apt-get
    arg #2     : remove
    arg #3     : -y
    arg #4     : rolldice
  working dir  : /home/pi/actions-runner/_work/thin-edge.io/thin-edge.io/tests/PySys/plugin_apt/apt_update_list/Output/linux
  stdout       : None
  stderr       : None
  environment  : LD_LIBRARY_PATH=/usr/lib
  environment  : PATH=/bin:/usr/bin:/usr/sbin:/usr/local/bin
                   #1  /bin
                   #2  /usr/bin
                   #3  /usr/sbin
                   #4  /usr/local/bin
2022-04-11 10:16:13,953 DEBUG Waiting up to 600 secs for process sudo (pid 28129)
2022-04-11 10:16:21,295 INFO  Executed sudo, exit status 0
2022-04-11 10:16:21,298 DEBUG Process parameters for sudo
  command line : /usr/bin/sudo /usr/bin/apt-get install -y asciijump
    arg #1     : /usr/bin/apt-get
    arg #2     : install
    arg #3     : -y
    arg #4     : asciijump
  working dir  : /home/pi/actions-runner/_work/thin-edge.io/thin-edge.io/tests/PySys/plugin_apt/apt_update_list/Output/linux
  stdout       : None
  stderr       : None
  environment  : LD_LIBRARY_PATH=/usr/lib
  environment  : PATH=/bin:/usr/bin:/usr/sbin:/usr/local/bin
                   #1  /bin
                   #2  /usr/bin
                   #3  /usr/sbin
                   #4  /usr/local/bin
2022-04-11 10:16:21,306 DEBUG Waiting up to 600 secs for process sudo (pid 28134)
2022-04-11 10:17:01,573 INFO  Executed sudo, exit status 0, duration 40 secs
2022-04-11 10:17:01,581 DEBUG Process parameters for sudo
  command line : /usr/bin/sudo /usr/bin/apt-get remove -y moon-buggy
    arg #1     : /usr/bin/apt-get
    arg #2     : remove
    arg #3     : -y
    arg #4     : moon-buggy
  working dir  : /home/pi/actions-runner/_work/thin-edge.io/thin-edge.io/tests/PySys/plugin_apt/apt_update_list/Output/linux
  stdout       : None
  stderr       : None
  environment  : LD_LIBRARY_PATH=/usr/lib
  environment  : PATH=/bin:/usr/bin:/usr/sbin:/usr/local/bin
                   #1  /bin
                   #2  /usr/bin
                   #3  /usr/sbin
                   #4  /usr/local/bin
2022-04-11 10:17:01,589 DEBUG Waiting up to 600 secs for process sudo (pid 28292)
2022-04-11 10:17:18,502 INFO  Executed sudo, exit status 0, duration 16 secs
2022-04-11 10:17:18,506 DEBUG Process parameters for sudo<outp_check_0>
  command line : /usr/bin/sudo /etc/tedge/sm-plugins/apt list
    arg #1     : /etc/tedge/sm-plugins/apt
    arg #2     : list
  working dir  : /home/pi/actions-runner/_work/thin-edge.io/thin-edge.io/tests/PySys/plugin_apt/apt_update_list/Output/linux
  stdout       : /home/pi/actions-runner/_work/thin-edge.io/thin-edge.io/tests/PySys/plugin_apt/apt_update_list/Output/linux/outp_check_0.out
  stderr       : /home/pi/actions-runner/_work/thin-edge.io/thin-edge.io/tests/PySys/plugin_apt/apt_update_list/Output/linux/outp_check_0.err
  environment  : LD_LIBRARY_PATH=/usr/lib
  environment  : PATH=/bin:/usr/bin:/usr/sbin:/usr/local/bin
                   #1  /bin
                   #2  /usr/bin
                   #3  /usr/sbin
                   #4  /usr/local/bin
2022-04-11 10:17:18,513 DEBUG Waiting up to 600 secs for process sudo<outp_check_0> (pid 28366)
2022-04-11 10:17:23,839 INFO  Executed sudo<outp_check_0>, exit status 0
2022-04-11 10:17:23,841 INFO  Assert that (value==0) with value=0 ... passed
2022-04-11 10:17:23,842 DEBUG Performing regex contains=False grep on file: /home/pi/actions-runner/_work/thin-edge.io/thin-edge.io/tests/PySys/plugin_apt/apt_update_list/Output/linux/outp_check_0.out
2022-04-11 10:17:23,847 INFO  Grep on file outp_check_0.out ... passed
2022-04-11 10:17:23,850 DEBUG Process parameters for sudo<outp_check_1>
  command line : /usr/bin/sudo /etc/tedge/sm-plugins/apt list
    arg #1     : /etc/tedge/sm-plugins/apt
    arg #2     : list
  working dir  : /home/pi/actions-runner/_work/thin-edge.io/thin-edge.io/tests/PySys/plugin_apt/apt_update_list/Output/linux
  stdout       : /home/pi/actions-runner/_work/thin-edge.io/thin-edge.io/tests/PySys/plugin_apt/apt_update_list/Output/linux/outp_check_1.out
  stderr       : /home/pi/actions-runner/_work/thin-edge.io/thin-edge.io/tests/PySys/plugin_apt/apt_update_list/Output/linux/outp_check_1.err
  environment  : LD_LIBRARY_PATH=/usr/lib
  environment  : PATH=/bin:/usr/bin:/usr/sbin:/usr/local/bin
                   #1  /bin
                   #2  /usr/bin
                   #3  /usr/sbin
                   #4  /usr/local/bin
2022-04-11 10:17:23,857 DEBUG Waiting up to 600 secs for process sudo<outp_check_1> (pid 28374)
2022-04-11 10:17:26,426 INFO  Executed sudo<outp_check_1>, exit status 0
2022-04-11 10:17:26,428 INFO  Assert that (value==0) with value=0 ... passed
2022-04-11 10:17:26,429 DEBUG Performing regex contains=True grep on file: /home/pi/actions-runner/_work/thin-edge.io/thin-edge.io/tests/PySys/plugin_apt/apt_update_list/Output/linux/outp_check_1.out
2022-04-11 10:17:26,434 DEBUG Grep on file outp_check_1.out successfully matched expression "asciijump" with line: 'asciijump\t1.0.2~beta-10\n'
2022-04-11 10:17:26,435 INFO  Grep on file outp_check_1.out ... passed
2022-04-11 10:17:26,437 DEBUG Process parameters for sudo<outp_check_2>
  command line : /usr/bin/sudo /etc/tedge/sm-plugins/apt list
    arg #1     : /etc/tedge/sm-plugins/apt
    arg #2     : list
  working dir  : /home/pi/actions-runner/_work/thin-edge.io/thin-edge.io/tests/PySys/plugin_apt/apt_update_list/Output/linux
  stdout       : /home/pi/actions-runner/_work/thin-edge.io/thin-edge.io/tests/PySys/plugin_apt/apt_update_list/Output/linux/outp_check_2.out
  stderr       : /home/pi/actions-runner/_work/thin-edge.io/thin-edge.io/tests/PySys/plugin_apt/apt_update_list/Output/linux/outp_check_2.err
  environment  : LD_LIBRARY_PATH=/usr/lib
  environment  : PATH=/bin:/usr/bin:/usr/sbin:/usr/local/bin
                   #1  /bin
                   #2  /usr/bin
                   #3  /usr/sbin
                   #4  /usr/local/bin
2022-04-11 10:17:26,444 DEBUG Waiting up to 600 secs for process sudo<outp_check_2> (pid 28380)
2022-04-11 10:17:28,961 INFO  Executed sudo<outp_check_2>, exit status 0
2022-04-11 10:17:28,963 INFO  Assert that (value==0) with value=0 ... passed
2022-04-11 10:17:28,964 DEBUG Performing regex contains=False grep on file: /home/pi/actions-runner/_work/thin-edge.io/thin-edge.io/tests/PySys/plugin_apt/apt_update_list/Output/linux/outp_check_2.out
2022-04-11 10:17:28,971 INFO  Grep on file outp_check_2.out ... passed
2022-04-11 10:17:28,972 DEBUG --- test execute
2022-04-11 10:18:12,874 DEBUG --- test validate
2022-04-11 10:18:12,884 DEBUG Process parameters for sudo<outp_check_3>
  command line : /usr/bin/sudo /etc/tedge/sm-plugins/apt list
    arg #1     : /etc/tedge/sm-plugins/apt
    arg #2     : list
  working dir  : /home/pi/actions-runner/_work/thin-edge.io/thin-edge.io/tests/PySys/plugin_apt/apt_update_list/Output/linux
  stdout       : /home/pi/actions-runner/_work/thin-edge.io/thin-edge.io/tests/PySys/plugin_apt/apt_update_list/Output/linux/outp_check_3.out
  stderr       : /home/pi/actions-runner/_work/thin-edge.io/thin-edge.io/tests/PySys/plugin_apt/apt_update_list/Output/linux/outp_check_3.err
  environment  : LD_LIBRARY_PATH=/usr/lib
  environment  : PATH=/bin:/usr/bin:/usr/sbin:/usr/local/bin
                   #1  /bin
                   #2  /usr/bin
                   #3  /usr/sbin
                   #4  /usr/local/bin
2022-04-11 10:18:12,894 DEBUG Waiting up to 600 secs for process sudo<outp_check_3> (pid 28613)
2022-04-11 10:18:18,232 INFO  Executed sudo<outp_check_3>, exit status 0
2022-04-11 10:18:18,234 INFO  Assert that (value==0) with value=0 ... passed
2022-04-11 10:18:18,235 DEBUG Performing regex contains=True grep on file: /home/pi/actions-runner/_work/thin-edge.io/thin-edge.io/tests/PySys/plugin_apt/apt_update_list/Output/linux/outp_check_3.out
2022-04-11 10:18:18,240 DEBUG Grep on file outp_check_3.out successfully matched expression "rolldice" with line: 'rolldice\t1.16-1+b1\n'
2022-04-11 10:18:18,241 INFO  Grep on file outp_check_3.out ... passed
2022-04-11 10:18:18,243 DEBUG Process parameters for sudo<outp_check_4>
  command line : /usr/bin/sudo /etc/tedge/sm-plugins/apt list
    arg #1     : /etc/tedge/sm-plugins/apt
    arg #2     : list
  working dir  : /home/pi/actions-runner/_work/thin-edge.io/thin-edge.io/tests/PySys/plugin_apt/apt_update_list/Output/linux
  stdout       : /home/pi/actions-runner/_work/thin-edge.io/thin-edge.io/tests/PySys/plugin_apt/apt_update_list/Output/linux/outp_check_4.out
  stderr       : /home/pi/actions-runner/_work/thin-edge.io/thin-edge.io/tests/PySys/plugin_apt/apt_update_list/Output/linux/outp_check_4.err
  environment  : LD_LIBRARY_PATH=/usr/lib
  environment  : PATH=/bin:/usr/bin:/usr/sbin:/usr/local/bin
                   #1  /bin
                   #2  /usr/bin
                   #3  /usr/sbin
                   #4  /usr/local/bin
2022-04-11 10:18:18,251 DEBUG Waiting up to 600 secs for process sudo<outp_check_4> (pid 28619)
2022-04-11 10:18:20,821 INFO  Executed sudo<outp_check_4>, exit status 0
2022-04-11 10:18:20,823 INFO  Assert that (value==0) with value=0 ... passed
2022-04-11 10:18:20,824 DEBUG Performing regex contains=False grep on file: /home/pi/actions-runner/_work/thin-edge.io/thin-edge.io/tests/PySys/plugin_apt/apt_update_list/Output/linux/outp_check_4.out
2022-04-11 10:18:20,830 INFO  Grep on file outp_check_4.out ... passed
2022-04-11 10:18:20,832 DEBUG Process parameters for sudo<outp_check_5>
  command line : /usr/bin/sudo /etc/tedge/sm-plugins/apt list
    arg #1     : /etc/tedge/sm-plugins/apt
    arg #2     : list
  working dir  : /home/pi/actions-runner/_work/thin-edge.io/thin-edge.io/tests/PySys/plugin_apt/apt_update_list/Output/linux
  stdout       : /home/pi/actions-runner/_work/thin-edge.io/thin-edge.io/tests/PySys/plugin_apt/apt_update_list/Output/linux/outp_check_5.out
  stderr       : /home/pi/actions-runner/_work/thin-edge.io/thin-edge.io/tests/PySys/plugin_apt/apt_update_list/Output/linux/outp_check_5.err
  environment  : LD_LIBRARY_PATH=/usr/lib
  environment  : PATH=/bin:/usr/bin:/usr/sbin:/usr/local/bin
                   #1  /bin
                   #2  /usr/bin
                   #3  /usr/sbin
                   #4  /usr/local/bin
2022-04-11 10:18:20,840 DEBUG Waiting up to 600 secs for process sudo<outp_check_5> (pid 28625)
2022-04-11 10:18:23,458 INFO  Executed sudo<outp_check_5>, exit status 0
2022-04-11 10:18:23,461 INFO  Assert that (value==0) with value=0 ... passed
2022-04-11 10:18:23,462 DEBUG Performing regex contains=True grep on file: /home/pi/actions-runner/_work/thin-edge.io/thin-edge.io/tests/PySys/plugin_apt/apt_update_list/Output/linux/outp_check_5.out
2022-04-11 10:18:23,466 DEBUG Grep on file outp_check_5.out successfully matched expression "moon-buggy" with line: 'moon-buggy\t1:1.0.51-12\n'
2022-04-11 10:18:23,468 INFO  Grep on file outp_check_5.out ... passed
2022-04-11 10:18:23,476 DEBUG --- test cleanup
2022-04-11 10:18:23,477 INFO  
2022-04-11 10:18:23,478 INFO  cleanup:
2022-04-11 10:18:23,479 DEBUG Running registered cleanup function: <bound method AptPluginUpdateList.cleanup_prepare of <AptPluginUpdateList object at 0x75defe70>>
2022-04-11 10:18:23,481 DEBUG Process parameters for sudo
  command line : /usr/bin/sudo /usr/bin/apt-get remove -y rolldice
    arg #1     : /usr/bin/apt-get
    arg #2     : remove
    arg #3     : -y
    arg #4     : rolldice
  working dir  : /home/pi/actions-runner/_work/thin-edge.io/thin-edge.io/tests/PySys/plugin_apt/apt_update_list/Output/linux
  stdout       : None
  stderr       : None
  environment  : LD_LIBRARY_PATH=/usr/lib
  environment  : PATH=/bin:/usr/bin:/usr/sbin:/usr/local/bin
                   #1  /bin
                   #2  /usr/bin
                   #3  /usr/sbin
                   #4  /usr/local/bin
2022-04-11 10:18:23,488 DEBUG Waiting up to 600 secs for process sudo (pid 28631)
2022-04-11 10:18:36,880 INFO  Executed sudo, exit status 0, duration 13 secs
2022-04-11 10:18:36,883 DEBUG Process parameters for sudo
  command line : /usr/bin/sudo /usr/bin/apt-get remove -y asciijump
    arg #1     : /usr/bin/apt-get
    arg #2     : remove
    arg #3     : -y
    arg #4     : asciijump
  working dir  : /home/pi/actions-runner/_work/thin-edge.io/thin-edge.io/tests/PySys/plugin_apt/apt_update_list/Output/linux
  stdout       : None
  stderr       : None
  environment  : LD_LIBRARY_PATH=/usr/lib
  environment  : PATH=/bin:/usr/bin:/usr/sbin:/usr/local/bin
                   #1  /bin
                   #2  /usr/bin
                   #3  /usr/sbin
                   #4  /usr/local/bin
2022-04-11 10:18:36,891 DEBUG Waiting up to 600 secs for process sudo (pid 28660)
2022-04-11 10:18:44,229 INFO  Executed sudo, exit status 0
2022-04-11 10:18:44,232 DEBUG Process parameters for sudo
  command line : /usr/bin/sudo /usr/bin/apt-get remove -y moon-buggy
    arg #1     : /usr/bin/apt-get
    arg #2     : remove
    arg #3     : -y
    arg #4     : moon-buggy
  working dir  : /home/pi/actions-runner/_work/thin-edge.io/thin-edge.io/tests/PySys/plugin_apt/apt_update_list/Output/linux
  stdout       : None
  stderr       : None
  environment  : LD_LIBRARY_PATH=/usr/lib
  environment  : PATH=/bin:/usr/bin:/usr/sbin:/usr/local/bin
                   #1  /bin
                   #2  /usr/bin
                   #3  /usr/sbin
                   #4  /usr/local/bin
2022-04-11 10:18:44,239 DEBUG Waiting up to 600 secs for process sudo (pid 28664)
2022-04-11 10:18:58,058 INFO  Executed sudo, exit status 0, duration 13 secs
2022-04-11 10:18:58,059 DEBUG ProcessUser cleanup function done.
2022-04-11 10:18:58,063 INFO  
2022-04-11 10:18:58,063 INFO  Test duration: 164.13 secs
2022-04-11 10:18:58,065 INFO  Test final outcome:  PASSED
2022-04-11 10:18:58,065 INFO  
