2022-04-07 16:11:52,164 INFO  ==============================================================
2022-04-07 16:11:52,165 INFO  Id:    local_mqtt_pub_fail_noqos
2022-04-07 16:11:52,166 INFO  Dir:   local_mqtt/
2022-04-07 16:11:52,167 INFO  Title: Check error code when mosquitto is not running with no QoS set
2022-04-07 16:11:52,168 DEBUG Execution order hint: 0.0
2022-04-07 16:11:52,169 INFO  ==============================================================
2022-04-07 16:11:52,176 DEBUG Process parameters for sudo<stop>
  command line : /usr/bin/sudo /usr/bin/systemctl stop mosquitto
    arg #1     : /usr/bin/systemctl
    arg #2     : stop
    arg #3     : mosquitto
  working dir  : /home/pi/actions-runner/_work/thin-edge.io/thin-edge.io/tests/PySys/local_mqtt/local_mqtt_pub_fail_noqos/Output/linux
  stdout       : /home/pi/actions-runner/_work/thin-edge.io/thin-edge.io/tests/PySys/local_mqtt/local_mqtt_pub_fail_noqos/Output/linux/stop.out
  stderr       : /home/pi/actions-runner/_work/thin-edge.io/thin-edge.io/tests/PySys/local_mqtt/local_mqtt_pub_fail_noqos/Output/linux/stop.err
  environment  : LD_LIBRARY_PATH=/usr/lib
  environment  : PATH=/bin:/usr/bin:/usr/sbin:/usr/local/bin
                   #1  /bin
                   #2  /usr/bin
                   #3  /usr/sbin
                   #4  /usr/local/bin
2022-04-07 16:11:52,183 DEBUG Waiting up to 600 secs for process sudo<stop> (pid 25774)
2022-04-07 16:11:52,789 INFO  Executed sudo<stop>, exit status 0
2022-04-07 16:11:52,790 DEBUG --- test execute
2022-04-07 16:11:52,792 DEBUG Process parameters for sudo<tedge_pub_fail>
  command line : /usr/bin/sudo /usr/bin/tedge mqtt pub atopic amessage
    arg #1     : /usr/bin/tedge
    arg #2     : mqtt
    arg #3     : pub
    arg #4     : atopic
    arg #5     : amessage
  working dir  : /home/pi/actions-runner/_work/thin-edge.io/thin-edge.io/tests/PySys/local_mqtt/local_mqtt_pub_fail_noqos/Output/linux
  stdout       : /home/pi/actions-runner/_work/thin-edge.io/thin-edge.io/tests/PySys/local_mqtt/local_mqtt_pub_fail_noqos/Output/linux/tedge_pub_fail.out
  stderr       : /home/pi/actions-runner/_work/thin-edge.io/thin-edge.io/tests/PySys/local_mqtt/local_mqtt_pub_fail_noqos/Output/linux/tedge_pub_fail.err
  environment  : HOME=/home/pi
2022-04-07 16:11:52,799 DEBUG Waiting up to 600 secs for process sudo<tedge_pub_fail> (pid 25776)
2022-04-07 16:11:53,305 INFO  Executed sudo<tedge_pub_fail>, exit status 1
2022-04-07 16:11:53,307 INFO  Assert that (value==1) with value=1 ... passed
2022-04-07 16:11:53,308 DEBUG --- test validate
2022-04-07 16:11:53,313 DEBUG --- test cleanup
2022-04-07 16:11:53,314 INFO  
2022-04-07 16:11:53,315 INFO  cleanup:
2022-04-07 16:11:53,315 DEBUG Running registered cleanup function: <bound method PySysTest.mycleanup of <PySysTest object at 0x760194f0>>
2022-04-07 16:11:53,317 DEBUG Process parameters for sudo<start>
  command line : /usr/bin/sudo /usr/bin/systemctl start mosquitto
    arg #1     : /usr/bin/systemctl
    arg #2     : start
    arg #3     : mosquitto
  working dir  : /home/pi/actions-runner/_work/thin-edge.io/thin-edge.io/tests/PySys/local_mqtt/local_mqtt_pub_fail_noqos/Output/linux
  stdout       : /home/pi/actions-runner/_work/thin-edge.io/thin-edge.io/tests/PySys/local_mqtt/local_mqtt_pub_fail_noqos/Output/linux/start.out
  stderr       : /home/pi/actions-runner/_work/thin-edge.io/thin-edge.io/tests/PySys/local_mqtt/local_mqtt_pub_fail_noqos/Output/linux/start.err
  environment  : LD_LIBRARY_PATH=/usr/lib
  environment  : PATH=/bin:/usr/bin:/usr/sbin:/usr/local/bin
                   #1  /bin
                   #2  /usr/bin
                   #3  /usr/sbin
                   #4  /usr/local/bin
2022-04-07 16:11:53,344 DEBUG Waiting up to 600 secs for process sudo<start> (pid 25778)
2022-04-07 16:11:53,967 INFO  Executed sudo<start>, exit status 0
2022-04-07 16:11:53,968 DEBUG ProcessUser cleanup function done.
2022-04-07 16:11:53,971 INFO  
2022-04-07 16:11:53,971 INFO  Test duration: 1.81 secs
2022-04-07 16:11:53,973 INFO  Test final outcome:  PASSED
2022-04-07 16:11:53,974 INFO  
