2022-05-30 09:35:19,225 INFO  ==============================================================
2022-05-30 09:35:19,226 INFO  Id:    apt_sequence_install_with_version
2022-05-30 09:35:19,227 INFO  Dir:   plugin_apt/
2022-05-30 09:35:19,228 INFO  Title: Validate apt plugin install with version use case
2022-05-30 09:35:19,229 INFO  ==============================================================
2022-05-30 09:35:24,404 INFO  Executed sudo, exit status 0
2022-05-30 09:35:27,039 INFO  Executed sudo<outp_check_0>, exit status 0
2022-05-30 09:35:27,041 INFO  Assert that (value==0) with value=0 ... passed
2022-05-30 09:35:27,047 INFO  Grep on file outp_check_0.out ... passed
2022-05-30 09:35:45,293 INFO  Executed sudo<outp_prepare>, exit status 0, duration 18 secs
2022-05-30 09:35:45,296 INFO  Assert that (value==0) with value=0 ... passed
2022-05-30 09:36:30,465 INFO  Executed sudo<outp_install>, exit status 0, duration 45 secs
2022-05-30 09:36:30,468 INFO  Assert that (value==0) with value=0 ... passed
2022-05-30 09:36:38,254 INFO  Executed sudo<outp_finalize>, exit status 0
2022-05-30 09:36:38,258 INFO  Assert that (value==0) with value=0 ... passed
2022-05-30 09:36:40,871 INFO  Executed sudo<outp_check_1>, exit status 0
2022-05-30 09:36:40,874 INFO  Assert that (value==0) with value=0 ... passed
2022-05-30 09:36:40,879 INFO  Grep on file outp_check_1.out ... passed
2022-05-30 09:36:40,887 INFO  Grep on file outp_check_1.out ... passed
2022-05-30 09:36:40,893 INFO  
2022-05-30 09:36:40,894 INFO  cleanup:
2022-05-30 09:36:54,677 INFO  Executed sudo, exit status 0, duration 13 secs
2022-05-30 09:36:54,681 INFO  
2022-05-30 09:36:54,682 INFO  Test duration: 95.46 secs
2022-05-30 09:36:54,684 INFO  Test final outcome:  PASSED
2022-05-30 09:36:54,685 INFO  
