2022-04-11 10:03:33,115 INFO  ==============================================================
2022-04-11 10:03:33,115 INFO  Id:    apt_install_fail
2022-04-11 10:03:33,117 INFO  Dir:   plugin_apt/
2022-04-11 10:03:33,117 INFO  Title: Validate apt plugin prepare - failing
2022-04-11 10:03:33,118 DEBUG Execution order hint: 0.0
2022-04-11 10:03:33,119 INFO  ==============================================================
2022-04-11 10:03:33,124 DEBUG Process parameters for sudo<outp_check_0>
  command line : /usr/bin/sudo /etc/tedge/sm-plugins/apt list
    arg #1     : /etc/tedge/sm-plugins/apt
    arg #2     : list
  working dir  : /home/pi/actions-runner/_work/thin-edge.io/thin-edge.io/tests/PySys/plugin_apt/apt_install_fail/Output/linux
  stdout       : /home/pi/actions-runner/_work/thin-edge.io/thin-edge.io/tests/PySys/plugin_apt/apt_install_fail/Output/linux/outp_check_0.out
  stderr       : /home/pi/actions-runner/_work/thin-edge.io/thin-edge.io/tests/PySys/plugin_apt/apt_install_fail/Output/linux/outp_check_0.err
  environment  : LD_LIBRARY_PATH=/usr/lib
  environment  : PATH=/bin:/usr/bin:/usr/sbin:/usr/local/bin
                   #1  /bin
                   #2  /usr/bin
                   #3  /usr/sbin
                   #4  /usr/local/bin
2022-04-11 10:03:33,131 DEBUG Waiting up to 600 secs for process sudo<outp_check_0> (pid 3106)
2022-04-11 10:03:38,802 INFO  Executed sudo<outp_check_0>, exit status 0
2022-04-11 10:03:38,805 INFO  Assert that (value==0) with value=0 ... passed
2022-04-11 10:03:38,806 DEBUG Performing regex contains=False grep on file: /home/pi/actions-runner/_work/thin-edge.io/thin-edge.io/tests/PySys/plugin_apt/apt_install_fail/Output/linux/outp_check_0.out
2022-04-11 10:03:38,812 INFO  Grep on file outp_check_0.out ... passed
2022-04-11 10:03:38,813 DEBUG --- test execute
2022-04-11 10:03:38,815 DEBUG Process parameters for sudo<outp_install>
  command line : /usr/bin/sudo /etc/tedge/sm-plugins/apt install notapackage
    arg #1     : /etc/tedge/sm-plugins/apt
    arg #2     : install
    arg #3     : notapackage
  working dir  : /home/pi/actions-runner/_work/thin-edge.io/thin-edge.io/tests/PySys/plugin_apt/apt_install_fail/Output/linux
  stdout       : /home/pi/actions-runner/_work/thin-edge.io/thin-edge.io/tests/PySys/plugin_apt/apt_install_fail/Output/linux/outp_install.out
  stderr       : /home/pi/actions-runner/_work/thin-edge.io/thin-edge.io/tests/PySys/plugin_apt/apt_install_fail/Output/linux/outp_install.err
  environment  : LD_LIBRARY_PATH=/usr/lib
  environment  : PATH=/bin:/usr/bin:/usr/sbin:/usr/local/bin
                   #1  /bin
                   #2  /usr/bin
                   #3  /usr/sbin
                   #4  /usr/local/bin
2022-04-11 10:03:38,822 DEBUG Waiting up to 600 secs for process sudo<outp_install> (pid 3113)
2022-04-11 10:03:42,145 INFO  Executed sudo<outp_install>, exit status 2
2022-04-11 10:03:42,147 INFO  Assert that (value==2) with value=2 ... passed
2022-04-11 10:03:42,148 DEBUG --- test validate
2022-04-11 10:03:42,150 DEBUG Process parameters for sudo<outp_check_1>
  command line : /usr/bin/sudo /etc/tedge/sm-plugins/apt list
    arg #1     : /etc/tedge/sm-plugins/apt
    arg #2     : list
  working dir  : /home/pi/actions-runner/_work/thin-edge.io/thin-edge.io/tests/PySys/plugin_apt/apt_install_fail/Output/linux
  stdout       : /home/pi/actions-runner/_work/thin-edge.io/thin-edge.io/tests/PySys/plugin_apt/apt_install_fail/Output/linux/outp_check_1.out
  stderr       : /home/pi/actions-runner/_work/thin-edge.io/thin-edge.io/tests/PySys/plugin_apt/apt_install_fail/Output/linux/outp_check_1.err
  environment  : LD_LIBRARY_PATH=/usr/lib
  environment  : PATH=/bin:/usr/bin:/usr/sbin:/usr/local/bin
                   #1  /bin
                   #2  /usr/bin
                   #3  /usr/sbin
                   #4  /usr/local/bin
2022-04-11 10:03:42,162 DEBUG Waiting up to 600 secs for process sudo<outp_check_1> (pid 3118)
2022-04-11 10:03:44,684 INFO  Executed sudo<outp_check_1>, exit status 0
2022-04-11 10:03:44,685 INFO  Assert that (value==0) with value=0 ... passed
2022-04-11 10:03:44,686 DEBUG Performing regex contains=False grep on file: /home/pi/actions-runner/_work/thin-edge.io/thin-edge.io/tests/PySys/plugin_apt/apt_install_fail/Output/linux/outp_check_1.out
2022-04-11 10:03:44,696 INFO  Grep on file outp_check_1.out ... passed
2022-04-11 10:03:44,702 DEBUG --- test cleanup
2022-04-11 10:03:44,704 DEBUG ProcessUser cleanup function done.
2022-04-11 10:03:44,707 INFO  
2022-04-11 10:03:44,707 INFO  Test duration: 11.60 secs
2022-04-11 10:03:44,708 INFO  Test final outcome:  PASSED
2022-04-11 10:03:44,709 INFO  
