2022-04-12 10:06:18,029 INFO  ==============================================================
2022-04-12 10:06:18,030 INFO  Id:    SoftwareManagement.sm_fake_install_remove_multiple
2022-04-12 10:06:18,031 INFO  Dir:   software_management_end_to_end/
2022-04-12 10:06:18,032 INFO  Title: Validate end to end behaviour for the dummy-plugin for multiple packages
2022-04-12 10:06:18,033 INFO  ==============================================================
2022-04-12 10:06:18,041 INFO  Using sw id database: {'asciijump': '5475369', 'robotfindskitten': '5474869', 'squirrel3': '5475279', 'rolldice': '5152439', 'moon-buggy': '5439204', 'apple': '5495053', 'banana': '5494888', 'cherry': '5495382', 'watermelon': '5494510', 'registry': '8018911', 'hello-world': '8021526', 'docker/getting-started': '8021973', 'alpine': '7991792'}
2022-04-12 10:06:18,043 INFO  EnvironmentC8y Setup
2022-04-12 10:06:18,607 INFO  Executed systemctl<serv_mapper1>, exit status 3
2022-04-12 10:06:18,734 INFO  Restarting mosquitto too frequently in the last 10 seconds. It was only up for 4 seconds
2022-04-12 10:06:18,736 INFO  Delaying execution by 7 seconds
2022-04-12 10:06:39,394 INFO  Executed sudo<tedge_connect_c8y>, exit status 0, duration 13 secs
2022-04-12 10:06:40,028 INFO  Executed sudo<tedge_connect_c8y_test>, exit status 0
2022-04-12 10:06:40,492 INFO  Executed systemctl<serv_mosq2>, exit status 0
2022-04-12 10:06:40,955 INFO  Executed systemctl<serv_mapper3>, exit status 0
2022-04-12 10:06:43,183 INFO  State of current operation: PENDING
2022-04-12 10:06:45,430 INFO  State of current operation: PENDING
2022-04-12 10:06:47,657 INFO  State of current operation: PENDING
2022-04-12 10:06:49,881 INFO  State of current operation: PENDING
2022-04-12 10:06:52,106 INFO  State of current operation: PENDING
2022-04-12 10:06:54,338 INFO  State of current operation: PENDING
2022-04-12 10:06:56,566 INFO  State of current operation: PENDING
2022-04-12 10:06:58,794 INFO  State of current operation: PENDING
2022-04-12 10:07:01,015 INFO  State of current operation: PENDING
2022-04-12 10:07:03,240 INFO  State of current operation: PENDING
2022-04-12 10:07:05,462 INFO  State of current operation: PENDING
2022-04-12 10:07:07,687 INFO  State of current operation: PENDING
2022-04-12 10:07:09,919 INFO  State of current operation: PENDING
2022-04-12 10:07:12,163 INFO  State of current operation: PENDING
2022-04-12 10:07:14,385 INFO  State of current operation: PENDING
2022-04-12 10:07:16,612 INFO  State of current operation: PENDING
2022-04-12 10:07:18,840 INFO  State of current operation: PENDING
2022-04-12 10:07:21,068 INFO  State of current operation: PENDING
2022-04-12 10:07:23,297 INFO  State of current operation: PENDING
2022-04-12 10:07:25,521 INFO  State of current operation: PENDING
2022-04-12 10:07:27,745 INFO  State of current operation: PENDING
2022-04-12 10:07:29,968 INFO  State of current operation: PENDING
2022-04-12 10:07:32,187 INFO  State of current operation: PENDING
2022-04-12 10:07:34,409 INFO  State of current operation: PENDING
2022-04-12 10:07:36,632 INFO  State of current operation: PENDING
2022-04-12 10:07:38,856 INFO  State of current operation: PENDING
2022-04-12 10:07:41,076 INFO  State of current operation: PENDING
2022-04-12 10:07:43,304 INFO  State of current operation: PENDING
2022-04-12 10:07:45,529 INFO  State of current operation: PENDING
2022-04-12 10:07:47,757 INFO  State of current operation: PENDING
2022-04-12 10:07:49,980 INFO  State of current operation: PENDING
2022-04-12 10:07:52,205 INFO  State of current operation: PENDING
2022-04-12 10:07:54,434 INFO  State of current operation: PENDING
2022-04-12 10:07:56,667 INFO  State of current operation: PENDING
2022-04-12 10:07:58,923 INFO  State of current operation: PENDING
2022-04-12 10:08:01,148 INFO  State of current operation: PENDING
2022-04-12 10:08:03,374 INFO  State of current operation: PENDING
2022-04-12 10:08:05,603 INFO  State of current operation: PENDING
2022-04-12 10:08:07,828 INFO  State of current operation: PENDING
2022-04-12 10:08:10,056 INFO  State of current operation: PENDING
2022-04-12 10:08:12,302 INFO  State of current operation: PENDING
2022-04-12 10:08:14,529 INFO  State of current operation: PENDING
2022-04-12 10:08:16,758 INFO  State of current operation: PENDING
2022-04-12 10:08:18,989 INFO  State of current operation: PENDING
2022-04-12 10:08:21,216 INFO  State of current operation: PENDING
2022-04-12 10:08:23,437 INFO  State of current operation: PENDING
2022-04-12 10:08:25,664 INFO  State of current operation: PENDING
2022-04-12 10:08:27,888 INFO  State of current operation: PENDING
2022-04-12 10:08:30,118 INFO  State of current operation: PENDING
2022-04-12 10:08:32,345 INFO  State of current operation: PENDING
2022-04-12 10:08:34,567 INFO  State of current operation: PENDING
2022-04-12 10:08:36,787 INFO  State of current operation: PENDING
2022-04-12 10:08:39,031 INFO  State of current operation: PENDING
2022-04-12 10:08:41,258 INFO  State of current operation: PENDING
2022-04-12 10:08:43,487 INFO  State of current operation: PENDING
2022-04-12 10:08:45,713 INFO  State of current operation: PENDING
2022-04-12 10:08:47,950 INFO  State of current operation: PENDING
2022-04-12 10:08:50,173 INFO  State of current operation: PENDING
2022-04-12 10:08:52,399 INFO  State of current operation: PENDING
2022-04-12 10:08:54,625 INFO  State of current operation: PENDING
2022-04-12 10:08:56,860 INFO  State of current operation: PENDING
2022-04-12 10:08:58,868 WARN  SystemError occurred while running test - Timeout while waiting for status FAILED or SUCCESSFUL
Traceback (most recent call last):
  File "/home/pi/env-pysys/lib/python3.7/site-packages/pysys/baserunner.py", line 1292, in __call__
    self.testObj.setup()
  File "/home/pi/actions-runner/_work/thin-edge.io/thin-edge.io/tests/PySys/software_management_end_to_end/sm_fake_install_remove_multiple/run.py", line 68, in setup
    super().setup()
  File "/home/pi/actions-runner/_work/thin-edge.io/thin-edge.io/tests/PySys/software_management_end_to_end/environment_sm_management.py", line 151, in setup
    self.wait_until_end()
  File "/home/pi/actions-runner/_work/thin-edge.io/thin-edge.io/tests/PySys/software_management_end_to_end/environment_sm_management.py", line 332, in wait_until_end
    self.wait_until_status("FAILED", "SUCCESSFUL")
  File "/home/pi/actions-runner/_work/thin-edge.io/thin-edge.io/tests/PySys/software_management_end_to_end/environment_sm_management.py", line 381, in wait_until_status
    "Timeout while waiting for status %s or %s" % (status, status2)
SystemError: Timeout while waiting for status FAILED or SUCCESSFUL
2022-04-12 10:08:58,900 WARN  SystemError: Timeout while waiting for status FAILED or SUCCESSFUL ... blocked 
2022-04-12 10:08:58,901 INFO  
2022-04-12 10:08:58,902 INFO  cleanup:
2022-04-12 10:09:02,892 INFO  Executed sudo<tedge_disconnect_c8y>, exit status 0
2022-04-12 10:09:03,455 INFO  Executed systemctl<serv_mapper5>, exit status 3
2022-04-12 10:09:03,459 INFO  
2022-04-12 10:09:03,460 INFO  Test duration: 165.44 secs
2022-04-12 10:09:03,461 INFO  Test final outcome:  BLOCKED
2022-04-12 10:09:03,462 INFO  Test outcome reason: SystemError: Timeout while waiting for status FAILED or SUCCESSFUL
2022-04-12 10:09:03,463 INFO  
