$SYS/broker/version mosquitto version 1.6.9
$SYS/broker/uptime 0 seconds
$SYS/broker/clients/total 5
$SYS/broker/clients/maximum 5
$SYS/broker/clients/inactive 5
$SYS/broker/clients/disconnected 5
$SYS/broker/clients/active 0
$SYS/broker/clients/connected 0
$SYS/broker/clients/expired 0
$SYS/broker/load/messages/received/1min 0.00
$SYS/broker/load/messages/received/5min 0.00
$SYS/broker/load/messages/received/15min 0.00
$SYS/broker/load/messages/sent/1min 0.00
$SYS/broker/load/messages/sent/5min 0.00
$SYS/broker/load/messages/sent/15min 0.00
$SYS/broker/load/publish/dropped/1min 0.00
$SYS/broker/load/publish/dropped/5min 0.00
$SYS/broker/load/publish/dropped/15min 0.00
$SYS/broker/load/publish/received/1min 0.00
$SYS/broker/load/publish/received/5min 0.00
$SYS/broker/load/publish/received/15min 0.00
$SYS/broker/load/publish/sent/1min 0.00
$SYS/broker/load/publish/sent/5min 0.00
$SYS/broker/load/publish/sent/15min 0.00
$SYS/broker/load/bytes/received/1min 0.00
$SYS/broker/load/bytes/received/5min 0.00
$SYS/broker/load/bytes/received/15min 0.00
$SYS/broker/load/bytes/sent/1min 0.00
$SYS/broker/load/bytes/sent/5min 0.00
$SYS/broker/load/bytes/sent/15min 0.00
$SYS/broker/load/sockets/1min 0.00
$SYS/broker/load/sockets/5min 0.00
$SYS/broker/load/sockets/15min 0.00
$SYS/broker/load/connections/1min 0.00
$SYS/broker/load/connections/5min 0.00
$SYS/broker/load/connections/15min 0.00
$SYS/broker/messages/stored 37
$SYS/broker/messages/received 0
$SYS/broker/messages/sent 0
$SYS/broker/store/messages/count 37
$SYS/broker/store/messages/bytes 152
$SYS/broker/subscriptions/count 32
$SYS/broker/shared_subscriptions/count 0
$SYS/broker/retained messages/count 42
$SYS/broker/heap/current 84176
$SYS/broker/heap/maximum 85432
$SYS/broker/publish/messages/dropped 0
$SYS/broker/publish/messages/received 0
$SYS/broker/publish/messages/sent 0
$SYS/broker/publish/bytes/received 0
$SYS/broker/publish/bytes/sent 0
$SYS/broker/bytes/received 0
$SYS/broker/bytes/sent 0
$SYS/broker/uptime 11 seconds
$SYS/broker/clients/total 8
$SYS/broker/clients/maximum 8
$SYS/broker/clients/inactive 1
$SYS/broker/clients/disconnected 1
$SYS/broker/clients/active 7
$SYS/broker/clients/connected 7
$SYS/broker/load/messages/received/1min 1450.02
$SYS/broker/load/messages/sent/1min 197.36
$SYS/broker/load/publish/received/1min 1358.65
$SYS/broker/load/publish/sent/1min 48.43
$SYS/broker/load/bytes/received/1min 123464.77
$SYS/broker/load/bytes/sent/1min 19677.18
$SYS/broker/load/sockets/1min 8.22
$SYS/broker/load/connections/1min 8.22
$SYS/broker/load/messages/received/5min 311.65
$SYS/broker/load/messages/sent/5min 42.42
$SYS/broker/load/publish/received/5min 292.01
$SYS/broker/load/publish/sent/5min 10.41
$SYS/broker/load/bytes/received/5min 26536.13
$SYS/broker/load/bytes/sent/5min 4229.19
$SYS/broker/load/sockets/5min 1.77
$SYS/broker/load/connections/5min 1.77
$SYS/broker/load/messages/received/15min 105.16
$SYS/broker/load/messages/sent/15min 14.31
$SYS/broker/load/publish/received/15min 98.53
$SYS/broker/load/publish/sent/15min 3.51
$SYS/broker/load/bytes/received/15min 8953.70
$SYS/broker/load/bytes/sent/15min 1427.00
$SYS/broker/load/sockets/15min 0.60
$SYS/broker/load/connections/15min 0.60
$SYS/broker/messages/stored 55
$SYS/broker/store/messages/count 55
$SYS/broker/store/messages/bytes 372
$SYS/broker/subscriptions/count 35
$SYS/broker/retained messages/count 54
$SYS/broker/heap/current 98952
$SYS/broker/heap/maximum 99352
$SYS/broker/messages/received 1587
$SYS/broker/messages/sent 216
$SYS/broker/publish/messages/received 1487
$SYS/broker/publish/messages/sent 53
$SYS/broker/bytes/received 135128
$SYS/broker/bytes/sent 21536
$SYS/broker/publish/bytes/received 45588
$SYS/broker/publish/bytes/sent 17149
$SYS/broker/uptime 22 seconds
$SYS/broker/load/messages/received/1min 3095.72
$SYS/broker/load/messages/sent/1min 607.44
$SYS/broker/load/publish/received/1min 2818.65
$SYS/broker/load/publish/sent/1min 82.34
$SYS/broker/load/bytes/received/1min 278966.90
$SYS/broker/load/bytes/sent/1min 72031.03
$SYS/broker/load/sockets/1min 6.85
$SYS/broker/load/connections/1min 6.85
$SYS/broker/load/messages/received/5min 706.34
$SYS/broker/load/messages/sent/5min 136.13
$SYS/broker/load/publish/received/5min 644.21
$SYS/broker/load/publish/sent/5min 19.07
$SYS/broker/load/bytes/received/5min 63447.69
$SYS/broker/load/bytes/sent/5min 16037.71
$SYS/broker/load/sockets/5min 1.70
$SYS/broker/load/connections/5min 1.70
$SYS/broker/load/messages/received/15min 240.84
$SYS/broker/load/messages/sent/15min 46.28
$SYS/broker/load/publish/received/15min 219.72
$SYS/broker/load/publish/sent/15min 6.52
$SYS/broker/load/bytes/received/15min 21621.83
$SYS/broker/load/bytes/sent/15min 5445.41
$SYS/broker/messages/stored 54
$SYS/broker/store/messages/count 54
$SYS/broker/store/messages/bytes 251
$SYS/broker/heap/current 98432
$SYS/broker/heap/maximum 100336
$SYS/broker/messages/received 3654
$SYS/broker/messages/sent 701
$SYS/broker/publish/messages/received 3334
$SYS/broker/publish/messages/sent 99
$SYS/broker/bytes/received 327955
$SYS/broker/bytes/sent 82443
$SYS/broker/publish/bytes/received 130904
$SYS/broker/publish/bytes/sent 68604
$SYS/broker/uptime 33 seconds
$SYS/broker/load/messages/received/1min 4466.67
$SYS/broker/load/messages/sent/1min 940.60
$SYS/broker/load/publish/received/1min 4034.99
$SYS/broker/load/publish/sent/1min 101.44
$SYS/broker/load/bytes/received/1min 408693.23
$SYS/broker/load/bytes/sent/1min 115305.39
$SYS/broker/load/sockets/1min 5.70
$SYS/broker/load/connections/1min 5.70
$SYS/broker/load/messages/received/5min 1087.02
$SYS/broker/load/messages/sent/5min 224.71
$SYS/broker/load/publish/received/5min 983.92
$SYS/broker/load/publish/sent/5min 25.45
$SYS/broker/load/bytes/received/5min 99088.86
$SYS/broker/load/bytes/sent/5min 27354.52
$SYS/broker/load/sockets/5min 1.64
$SYS/broker/load/connections/5min 1.64
$SYS/broker/load/messages/received/15min 374.94
$SYS/broker/load/messages/sent/15min 77.25
$SYS/broker/load/publish/received/15min 339.50
$SYS/broker/load/publish/sent/15min 8.82
$SYS/broker/load/bytes/received/15min 34155.81
$SYS/broker/load/bytes/sent/15min 9392.55
$SYS/broker/store/messages/bytes 256
$SYS/broker/heap/current 98344
$SYS/broker/messages/received 5722
$SYS/broker/messages/sent 1177
$SYS/broker/publish/messages/received 5182
$SYS/broker/publish/messages/sent 135
$SYS/broker/bytes/received 521080
$SYS/broker/bytes/sent 143011
$SYS/broker/publish/bytes/received 216493
$SYS/broker/publish/bytes/sent 120053
$SYS/broker/uptime 44 seconds
$SYS/broker/load/messages/received/1min 5605.22
$SYS/broker/load/messages/sent/1min 1212.47
$SYS/broker/load/publish/received/1min 5046.67
$SYS/broker/load/publish/sent/1min 114.60
$SYS/broker/load/bytes/received/1min 515953.67
$SYS/broker/load/bytes/sent/1min 150745.21
$SYS/broker/load/sockets/1min 4.74
$SYS/broker/load/connections/1min 4.74
$SYS/broker/load/messages/received/5min 1453.41
$SYS/broker/load/messages/sent/5min 308.92
$SYS/broker/load/publish/received/5min 1311.21
$SYS/broker/load/publish/sent/5min 31.01
$SYS/broker/load/bytes/received/5min 133288.77
$SYS/broker/load/bytes/sent/5min 38138.01
$SYS/broker/load/sockets/5min 1.58
$SYS/broker/load/connections/5min 1.58
$SYS/broker/load/messages/received/15min 507.22
$SYS/broker/load/messages/sent/15min 107.46
$SYS/broker/load/publish/received/15min 457.76
$SYS/broker/load/publish/sent/15min 10.90
$SYS/broker/load/bytes/received/15min 46484.19
$SYS/broker/load/bytes/sent/15min 13249.27
$SYS/broker/messages/stored 55
$SYS/broker/store/messages/count 55
$SYS/broker/store/messages/bytes 417
$SYS/broker/heap/current 98904
$SYS/broker/messages/received 7787
$SYS/broker/messages/sent 1647
$SYS/broker/publish/messages/received 7029
$SYS/broker/publish/messages/sent 168
$SYS/broker/bytes/received 713400
$SYS/broker/bytes/sent 202938
$SYS/broker/publish/bytes/received 301327
$SYS/broker/publish/bytes/sent 171023
$SYS/broker/uptime 55 seconds
$SYS/broker/load/messages/received/1min 6543.01
$SYS/broker/load/messages/sent/1min 1443.37
$SYS/broker/load/publish/received/1min 5877.01
$SYS/broker/load/publish/sent/1min 127.38
$SYS/broker/load/bytes/received/1min 604640.30
$SYS/broker/load/bytes/sent/1min 180801.31
$SYS/broker/load/sockets/1min 3.95
$SYS/broker/load/connections/1min 3.95
$SYS/broker/load/messages/received/5min 1804.44
$SYS/broker/load/messages/sent/5min 391.07
$SYS/broker/load/publish/received/5min 1624.16
$SYS/broker/load/publish/sent/5min 36.77
$SYS/broker/load/bytes/received/5min 166127.01
$SYS/broker/load/bytes/sent/5min 48652.08
$SYS/broker/load/sockets/5min 1.53
$SYS/broker/load/connections/5min 1.53
$SYS/broker/load/messages/received/15min 637.15
$SYS/broker/load/messages/sent/15min 137.63
$SYS/broker/load/publish/received/15min 573.72
$SYS/broker/load/publish/sent/15min 13.09
$SYS/broker/load/bytes/received/15min 58618.81
$SYS/broker/load/bytes/sent/15min 17099.23
$SYS/broker/heap/current 98736
$SYS/broker/messages/received 9841
$SYS/broker/messages/sent 2122
$SYS/broker/publish/messages/received 8863
$SYS/broker/publish/messages/sent 203
$SYS/broker/bytes/received 905056
$SYS/broker/bytes/sent 263470
$SYS/broker/publish/bytes/received 386422
$SYS/broker/publish/bytes/sent 222464
$SYS/broker/uptime 66 seconds
$SYS/broker/load/messages/received/1min 7336.50
$SYS/broker/load/messages/sent/1min 1632.86
$SYS/broker/load/publish/received/1min 6581.05
$SYS/broker/load/publish/sent/1min 135.28
$SYS/broker/load/bytes/received/1min 679442.32
$SYS/broker/load/bytes/sent/1min 205727.70
$SYS/broker/load/sockets/1min 3.29
$SYS/broker/load/connections/1min 3.29
$SYS/broker/load/messages/received/5min 2145.59
$SYS/broker/load/messages/sent/5min 469.68
$SYS/broker/load/publish/received/5min 1928.59
$SYS/broker/load/publish/sent/5min 41.73
$SYS/broker/load/bytes/received/5min 197991.73
$SYS/broker/load/bytes/sent/5min 58767.20
$SYS/broker/load/sockets/5min 1.47
$SYS/broker/load/connections/5min 1.47
$SYS/broker/load/messages/received/15min 766.44
$SYS/broker/load/messages/sent/15min 167.23
$SYS/broker/load/publish/received/15min 689.20
$SYS/broker/load/publish/sent/15min 15.05
$SYS/broker/load/bytes/received/15min 70676.46
$SYS/broker/load/bytes/sent/15min 20895.52
$SYS/broker/messages/received 11909
$SYS/broker/messages/sent 2594
$SYS/broker/publish/messages/received 10711
$SYS/broker/publish/messages/sent 235
$SYS/broker/bytes/received 1097775
$SYS/broker/bytes/sent 323898
$SYS/broker/publish/bytes/received 471605
$SYS/broker/publish/bytes/sent 273904
