2022-05-03 08:23:01,325 INFO  ==============================================================
2022-05-03 08:23:01,325 INFO  Id:    publish_sawmill_record_statistics
2022-05-03 08:23:01,325 INFO  Title: Publish sawmill and record process statistics
2022-05-03 08:23:01,325 INFO  ==============================================================
2022-05-03 08:23:01,398 INFO  EnvironmentC8y Setup
2022-05-03 08:23:01,450 INFO  Executed systemctl<serv_mapper1>, exit status 3
2022-05-03 08:23:01,460 INFO  Restarting mosquitto too frequently in the last 10 seconds. It was only up for 4 seconds
2022-05-03 08:23:01,460 INFO  Delaying execution by 7 seconds
2022-05-03 08:23:25,931 INFO  Executed sudo<tedge_connect_c8y>, exit status 0, duration 17 secs
2022-05-03 08:23:26,083 INFO  Executed sudo<tedge_connect_c8y_test>, exit status 0
2022-05-03 08:23:26,186 INFO  Executed systemctl<serv_mosq2>, exit status 0
2022-05-03 08:23:26,288 INFO  Executed systemctl<serv_mapper3>, exit status 0
2022-05-03 08:23:26,288 INFO  Setup
2022-05-03 08:23:26,288 INFO  /home/pi/actions-runner/_work/thin-edge.io/thin-edge.io/tests/PySys/analytics/publish_sawmill_record_statistics/Output/linux
2022-05-03 08:23:26,288 INFO  Execute
2022-05-03 08:23:26,390 INFO  Executed sudo<collectd_out>, exit status 0
2022-05-03 08:23:26,392 INFO  Started mosquitto_sub_stdout with process id 303073
2022-05-03 08:24:26,619 INFO  Executed sawtooth_publisher<stdout_sawmill>, exit status 0, duration 60 secs
2022-05-03 08:24:26,671 INFO  Executed systemctl<serv_mosq>, exit status 0
2022-05-03 08:24:26,722 INFO  Executed systemctl<serv_mapper4>, exit status 0
2022-05-03 08:24:26,739 INFO  Grep on input file mosquitto_sub_stdout.out ... passed
2022-05-03 08:24:26,739 INFO  
2022-05-03 08:24:26,739 INFO  cleanup:
2022-05-03 08:24:26,739 INFO  My Cleanup
2022-05-03 08:24:26,841 INFO  Executed sudo<collectd_out>, exit status 0
2022-05-03 08:24:26,841 INFO  Exporting data from /var/lib/collectd/rrd/ubuntu-2gb-hel1-4-thin-edge-a/exec/gauge-mosquitto-size.rrd
2022-05-03 08:24:26,862 INFO  Exporting data from /var/lib/collectd/rrd/ubuntu-2gb-hel1-4-thin-edge-a/exec/gauge-mapper-c8y-resident.rrd
2022-05-03 08:24:26,869 INFO  Exporting data from /var/lib/collectd/rrd/ubuntu-2gb-hel1-4-thin-edge-a/exec/gauge-mapper-c8y-utime.rrd
2022-05-03 08:24:26,875 INFO  Exporting data from /var/lib/collectd/rrd/ubuntu-2gb-hel1-4-thin-edge-a/exec/gauge-mapper-c8y-shared.rrd
2022-05-03 08:24:26,881 INFO  Exporting data from /var/lib/collectd/rrd/ubuntu-2gb-hel1-4-thin-edge-a/exec/gauge-mosquitto-shared.rrd
2022-05-03 08:24:26,888 INFO  Exporting data from /var/lib/collectd/rrd/ubuntu-2gb-hel1-4-thin-edge-a/exec/gauge-mapper-c8y-data.rrd
2022-05-03 08:24:26,895 INFO  Exporting data from /var/lib/collectd/rrd/ubuntu-2gb-hel1-4-thin-edge-a/exec/gauge-mapper-c8y-size.rrd
2022-05-03 08:24:26,901 INFO  Exporting data from /var/lib/collectd/rrd/ubuntu-2gb-hel1-4-thin-edge-a/exec/gauge-mosquitto-utime.rrd
2022-05-03 08:24:26,906 INFO  Exporting data from /var/lib/collectd/rrd/ubuntu-2gb-hel1-4-thin-edge-a/exec/gauge-mapper-c8y-text.rrd
2022-05-03 08:24:26,912 INFO  Exporting data from /var/lib/collectd/rrd/ubuntu-2gb-hel1-4-thin-edge-a/exec/gauge-mosquitto-stime.rrd
2022-05-03 08:24:26,918 INFO  Exporting data from /var/lib/collectd/rrd/ubuntu-2gb-hel1-4-thin-edge-a/exec/gauge-mapper-c8y-stime.rrd
2022-05-03 08:24:26,923 INFO  Exporting data from /var/lib/collectd/rrd/ubuntu-2gb-hel1-4-thin-edge-a/exec/gauge-mosquitto-data.rrd
2022-05-03 08:24:26,929 INFO  Exporting data from /var/lib/collectd/rrd/ubuntu-2gb-hel1-4-thin-edge-a/exec/gauge-mosquitto-text.rrd
2022-05-03 08:24:26,935 INFO  Exporting data from /var/lib/collectd/rrd/ubuntu-2gb-hel1-4-thin-edge-a/exec/gauge-mosquitto-resident.rrd
2022-05-03 08:24:37,740 INFO  Executed sudo<tedge_disconnect_c8y>, exit status 0
2022-05-03 08:24:37,842 INFO  Executed systemctl<serv_mapper5>, exit status 3
2022-05-03 08:24:38,044 INFO  
2022-05-03 08:24:38,044 INFO  Test duration: 96.71 secs
2022-05-03 08:24:38,044 INFO  Test final outcome:  PASSED
2022-05-03 08:24:38,044 INFO  
