2022-04-08 09:40:38,638 INFO  ==============================================================
2022-04-08 09:40:38,639 INFO  Id:    local_mqtt_pub_fail_qos2
2022-04-08 09:40:38,640 INFO  Dir:   local_mqtt/
2022-04-08 09:40:38,641 INFO  Title: Check error code when mosquitto is not running with QoS set to 2
2022-04-08 09:40:38,642 DEBUG Execution order hint: 0.0
2022-04-08 09:40:38,643 INFO  ==============================================================
2022-04-08 09:40:38,649 DEBUG Process parameters for sudo<stop>
  command line : /usr/bin/sudo /usr/bin/systemctl stop mosquitto
    arg #1     : /usr/bin/systemctl
    arg #2     : stop
    arg #3     : mosquitto
  working dir  : /home/pi/actions-runner/_work/thin-edge.io/thin-edge.io/tests/PySys/local_mqtt/local_mqtt_pub_fail_qos2/Output/linux
  stdout       : /home/pi/actions-runner/_work/thin-edge.io/thin-edge.io/tests/PySys/local_mqtt/local_mqtt_pub_fail_qos2/Output/linux/stop.out
  stderr       : /home/pi/actions-runner/_work/thin-edge.io/thin-edge.io/tests/PySys/local_mqtt/local_mqtt_pub_fail_qos2/Output/linux/stop.err
  environment  : LD_LIBRARY_PATH=/usr/lib
  environment  : PATH=/bin:/usr/bin:/usr/sbin:/usr/local/bin
                   #1  /bin
                   #2  /usr/bin
                   #3  /usr/sbin
                   #4  /usr/local/bin
2022-04-08 09:40:38,656 DEBUG Waiting up to 600 secs for process sudo<stop> (pid 23233)
2022-04-08 09:40:39,315 INFO  Executed sudo<stop>, exit status 0
2022-04-08 09:40:39,316 DEBUG --- test execute
2022-04-08 09:40:39,318 DEBUG Process parameters for tedge_pub_fail
  command line : /usr/bin/tedge mqtt pub --qos 2 atopic amessage
    arg #1     : mqtt
    arg #2     : pub
    arg #3     : --qos
    arg #4     : 2
    arg #5     : atopic
    arg #6     : amessage
  working dir  : /home/pi/actions-runner/_work/thin-edge.io/thin-edge.io/tests/PySys/local_mqtt/local_mqtt_pub_fail_qos2/Output/linux
  stdout       : /home/pi/actions-runner/_work/thin-edge.io/thin-edge.io/tests/PySys/local_mqtt/local_mqtt_pub_fail_qos2/Output/linux/tedge_pub_fail.out
  stderr       : /home/pi/actions-runner/_work/thin-edge.io/thin-edge.io/tests/PySys/local_mqtt/local_mqtt_pub_fail_qos2/Output/linux/tedge_pub_fail.err
  environment  : HOME=/home/pi
2022-04-08 09:40:39,324 DEBUG Waiting up to 600 secs for process tedge_pub_fail (pid 23235)
2022-04-08 09:40:39,730 INFO  Executed tedge_pub_fail, exit status 1
2022-04-08 09:40:39,732 INFO  Assert that (value==1) with value=1 ... passed
2022-04-08 09:40:39,733 DEBUG --- test validate
2022-04-08 09:40:39,738 DEBUG --- test cleanup
2022-04-08 09:40:39,739 INFO  
2022-04-08 09:40:39,740 INFO  cleanup:
2022-04-08 09:40:39,740 DEBUG Running registered cleanup function: <bound method PySysTest.mycleanup of <PySysTest object at 0x760180d0>>
2022-04-08 09:40:39,742 DEBUG Process parameters for sudo<start>
  command line : /usr/bin/sudo /usr/bin/systemctl start mosquitto
    arg #1     : /usr/bin/systemctl
    arg #2     : start
    arg #3     : mosquitto
  working dir  : /home/pi/actions-runner/_work/thin-edge.io/thin-edge.io/tests/PySys/local_mqtt/local_mqtt_pub_fail_qos2/Output/linux
  stdout       : /home/pi/actions-runner/_work/thin-edge.io/thin-edge.io/tests/PySys/local_mqtt/local_mqtt_pub_fail_qos2/Output/linux/start.out
  stderr       : /home/pi/actions-runner/_work/thin-edge.io/thin-edge.io/tests/PySys/local_mqtt/local_mqtt_pub_fail_qos2/Output/linux/start.err
  environment  : LD_LIBRARY_PATH=/usr/lib
  environment  : PATH=/bin:/usr/bin:/usr/sbin:/usr/local/bin
                   #1  /bin
                   #2  /usr/bin
                   #3  /usr/sbin
                   #4  /usr/local/bin
2022-04-08 09:40:39,749 DEBUG Waiting up to 600 secs for process sudo<start> (pid 23236)
2022-04-08 09:40:40,355 INFO  Executed sudo<start>, exit status 0
2022-04-08 09:40:40,356 DEBUG ProcessUser cleanup function done.
2022-04-08 09:40:40,359 INFO  
2022-04-08 09:40:40,360 INFO  Test duration: 1.73 secs
2022-04-08 09:40:40,361 INFO  Test final outcome:  PASSED
2022-04-08 09:40:40,362 INFO  
