2022-04-14 11:02:25,272 INFO  ==============================================================
2022-04-14 11:02:25,273 INFO  Id:    docker_plugin_finalize
2022-04-14 11:02:25,277 INFO  Dir:   plugin_docker/
2022-04-14 11:02:25,278 INFO  Title: Validate docker plugin finalize command
2022-04-14 11:02:25,279 INFO  ==============================================================
2022-04-14 11:02:28,722 INFO  Executed sudo<docker_images>, exit status 0
2022-04-14 11:02:28,739 INFO  Grep on file /home/pi/actions-runner/_work/thin-edge.io/thin-edge.io/tests/PySys/plugin_docker/docker_plugin_finalize/Output/linux/docker_images.out ... passed
2022-04-14 11:02:53,396 INFO  Executed sudo<docker_pull>, exit status 0, duration 24 secs
2022-04-14 11:02:54,697 INFO  Executed sudo<docker_images>, exit status 0
2022-04-14 11:02:54,702 INFO  Grep on file /home/pi/actions-runner/_work/thin-edge.io/thin-edge.io/tests/PySys/plugin_docker/docker_plugin_finalize/Output/linux/docker_images.out ... passed
2022-04-14 11:02:58,435 INFO  Executed sudo<plugin_finalize>, exit status 0
2022-04-14 11:02:59,433 INFO  Executed sudo<docker_ps_latest>, exit status 0
2022-04-14 11:03:00,251 INFO  Executed sudo<docker_images>, exit status 0
2022-04-14 11:03:00,255 INFO  Grep on file /home/pi/actions-runner/_work/thin-edge.io/thin-edge.io/tests/PySys/plugin_docker/docker_plugin_finalize/Output/linux/docker_images.out ... passed
2022-04-14 11:03:00,262 INFO  
2022-04-14 11:03:00,263 INFO  cleanup:
2022-04-14 11:03:00,264 INFO  Removing images scheduled to be cleaned up: ['registry']
2022-04-14 11:03:01,076 INFO  Executed sudo<containers_for_cleanup>, exit status 0
2022-04-14 11:03:01,085 INFO  
2022-04-14 11:03:01,086 INFO  Test duration: 35.82 secs
2022-04-14 11:03:01,087 INFO  Test final outcome:  PASSED
2022-04-14 11:03:01,088 INFO  
