2022-05-02 15:08:48,564 INFO  ==============================================================
2022-05-02 15:08:48,564 INFO  Id:    sm_tedge_mapper_init_session
2022-05-02 15:08:48,564 INFO  Dir:   tedge_mapper_c8y/
2022-05-02 15:08:48,564 INFO  Title: Validate tedge_mapper_sm_c8y init session feature
2022-05-02 15:08:48,564 INFO  ==============================================================
2022-05-02 15:08:48,565 INFO  EnvironmentC8y Setup
2022-05-02 15:08:48,667 INFO  Executed systemctl<serv_mapper1>, exit status 3
2022-05-02 15:08:48,681 INFO  Restarting mosquitto too frequently in the last 10 seconds. It was only up for 2 seconds
2022-05-02 15:08:48,682 INFO  Delaying execution by 9 seconds
2022-05-02 15:09:15,104 INFO  Executed sudo<tedge_connect_c8y>, exit status 0, duration 17 secs
2022-05-02 15:09:15,257 INFO  Executed sudo<tedge_connect_c8y_test>, exit status 0
2022-05-02 15:09:15,359 INFO  Executed systemctl<serv_mosq2>, exit status 0
2022-05-02 15:09:15,462 INFO  Executed systemctl<serv_mapper3>, exit status 0
2022-05-02 15:09:15,564 INFO  Executed sudo<stop_tedge_mapper>, exit status 0
2022-05-02 15:09:15,667 INFO  Executed sudo<remove_lock>, exit status 0
2022-05-02 15:09:15,769 INFO  Executed sudo<mapper_drop>, exit status 0
2022-05-02 15:09:15,871 INFO  Executed sudo<mapper_init>, exit status 0
2022-05-02 15:09:15,974 INFO  Executed sudo<pub_req>, exit status 0
2022-05-02 15:09:15,976 INFO  Started sudo<sub_resp> with process id 209896
2022-05-02 15:09:16,079 INFO  Executed sudo<start_mapper>, exit status 0
2022-05-02 15:09:16,079 INFO  Waiting for 2.0 seconds
2022-05-02 15:09:18,183 INFO  Executed sudo<sub_stop>, exit status 0
2022-05-02 15:09:18,184 INFO  Grep on file sub_resp.out ... passed
2022-05-02 15:09:18,185 INFO  
2022-05-02 15:09:18,185 INFO  cleanup:
2022-05-02 15:09:18,197 INFO  Restarting mosquitto too frequently in the last 10 seconds. It was only up for 10 seconds
2022-05-02 15:09:18,197 INFO  Delaying execution by 1 seconds
2022-05-02 15:09:30,086 INFO  Executed sudo<tedge_disconnect_c8y>, exit status 0
2022-05-02 15:09:30,138 INFO  Executed systemctl<serv_mapper5>, exit status 3
2022-05-02 15:09:30,148 INFO  Restarting mosquitto too frequently in the last 10 seconds. It was only up for 1 seconds
2022-05-02 15:09:30,148 INFO  Delaying execution by 10 seconds
2022-05-02 15:09:40,261 INFO  Executed sudo<tedge_disconnect_c8y>, exit status 0
2022-05-02 15:09:40,363 INFO  Executed systemctl<serv_mapper5>, exit status 3
2022-05-02 15:09:40,364 INFO  
2022-05-02 15:09:40,364 INFO  Test duration: 51.80 secs
2022-05-02 15:09:40,364 INFO  Test final outcome:  PASSED
2022-05-02 15:09:40,365 INFO  
