2022-04-12 10:09:03,583 INFO  ==============================================================
2022-04-12 10:09:03,584 INFO  Id:    SoftwareManagement.sm_mixed_install_remove_multiple
2022-04-12 10:09:03,585 INFO  Dir:   software_management_end_to_end/
2022-04-12 10:09:03,586 INFO  Title: Validate end to end behaviour for the dummy-plugin for multiple packages with mixed versions
2022-04-12 10:09:03,587 INFO  ==============================================================
2022-04-12 10:09:03,596 INFO  Using sw id database: {'asciijump': '5475369', 'robotfindskitten': '5474869', 'squirrel3': '5475279', 'rolldice': '5152439', 'moon-buggy': '5439204', 'apple': '5495053', 'banana': '5494888', 'cherry': '5495382', 'watermelon': '5494510', 'registry': '8018911', 'hello-world': '8021526', 'docker/getting-started': '8021973', 'alpine': '7991792'}
2022-04-12 10:09:03,597 INFO  EnvironmentC8y Setup
2022-04-12 10:09:04,210 INFO  Executed systemctl<serv_mapper1>, exit status 3
2022-04-12 10:09:04,314 INFO  Restarting mosquitto too frequently in the last 10 seconds. It was only up for 5 seconds
2022-04-12 10:09:04,315 INFO  Delaying execution by 6 seconds
2022-04-12 10:09:24,338 INFO  Executed sudo<tedge_connect_c8y>, exit status 0, duration 14 secs
2022-04-12 10:09:25,159 INFO  Executed sudo<tedge_connect_c8y_test>, exit status 0
2022-04-12 10:09:25,624 INFO  Executed systemctl<serv_mosq2>, exit status 0
2022-04-12 10:09:26,137 INFO  Executed systemctl<serv_mapper3>, exit status 0
2022-04-12 10:09:28,360 INFO  State of current operation: PENDING
2022-04-12 10:09:30,580 INFO  State of current operation: PENDING
2022-04-12 10:09:32,812 INFO  State of current operation: PENDING
2022-04-12 10:09:35,034 INFO  State of current operation: PENDING
2022-04-12 10:09:37,259 INFO  State of current operation: PENDING
2022-04-12 10:09:39,487 INFO  State of current operation: PENDING
2022-04-12 10:09:41,718 INFO  State of current operation: PENDING
2022-04-12 10:09:43,936 INFO  State of current operation: PENDING
2022-04-12 10:09:46,155 INFO  State of current operation: PENDING
2022-04-12 10:09:48,375 INFO  State of current operation: PENDING
2022-04-12 10:09:50,609 INFO  State of current operation: PENDING
2022-04-12 10:09:52,834 INFO  State of current operation: PENDING
2022-04-12 10:09:55,052 INFO  State of current operation: PENDING
2022-04-12 10:09:57,274 INFO  State of current operation: PENDING
2022-04-12 10:09:59,500 INFO  State of current operation: PENDING
2022-04-12 10:10:01,725 INFO  State of current operation: PENDING
2022-04-12 10:10:03,950 INFO  State of current operation: PENDING
2022-04-12 10:10:06,186 INFO  State of current operation: PENDING
2022-04-12 10:10:08,408 INFO  State of current operation: PENDING
2022-04-12 10:10:10,632 INFO  State of current operation: PENDING
2022-04-12 10:10:12,873 INFO  State of current operation: PENDING
2022-04-12 10:10:15,100 INFO  State of current operation: PENDING
2022-04-12 10:10:17,327 INFO  State of current operation: PENDING
2022-04-12 10:10:19,551 INFO  State of current operation: PENDING
2022-04-12 10:10:21,783 INFO  State of current operation: PENDING
2022-04-12 10:10:24,007 INFO  State of current operation: PENDING
2022-04-12 10:10:26,234 INFO  State of current operation: PENDING
2022-04-12 10:10:28,458 INFO  State of current operation: PENDING
2022-04-12 10:10:30,682 INFO  State of current operation: PENDING
2022-04-12 10:10:32,922 INFO  State of current operation: PENDING
2022-04-12 10:10:35,180 INFO  State of current operation: PENDING
2022-04-12 10:10:37,403 INFO  State of current operation: PENDING
2022-04-12 10:10:39,634 INFO  State of current operation: PENDING
2022-04-12 10:10:41,868 INFO  State of current operation: PENDING
2022-04-12 10:10:44,112 INFO  State of current operation: PENDING
2022-04-12 10:10:46,340 INFO  State of current operation: PENDING
2022-04-12 10:10:48,563 INFO  State of current operation: PENDING
2022-04-12 10:10:50,786 INFO  State of current operation: PENDING
2022-04-12 10:10:53,012 INFO  State of current operation: PENDING
2022-04-12 10:10:55,237 INFO  State of current operation: PENDING
2022-04-12 10:10:57,461 INFO  State of current operation: PENDING
2022-04-12 10:10:59,691 INFO  State of current operation: PENDING
2022-04-12 10:11:01,922 INFO  State of current operation: PENDING
2022-04-12 10:11:04,148 INFO  State of current operation: PENDING
2022-04-12 10:11:06,376 INFO  State of current operation: PENDING
2022-04-12 10:11:08,601 INFO  State of current operation: PENDING
2022-04-12 10:11:10,820 INFO  State of current operation: PENDING
2022-04-12 10:11:13,045 INFO  State of current operation: PENDING
2022-04-12 10:11:15,276 INFO  State of current operation: PENDING
2022-04-12 10:11:17,516 INFO  State of current operation: PENDING
2022-04-12 10:11:19,734 INFO  State of current operation: PENDING
2022-04-12 10:11:21,959 INFO  State of current operation: PENDING
2022-04-12 10:11:24,184 INFO  State of current operation: PENDING
2022-04-12 10:11:26,404 INFO  State of current operation: PENDING
2022-04-12 10:11:28,625 INFO  State of current operation: PENDING
2022-04-12 10:11:30,847 INFO  State of current operation: PENDING
2022-04-12 10:11:33,068 INFO  State of current operation: PENDING
2022-04-12 10:11:35,296 INFO  State of current operation: PENDING
2022-04-12 10:11:37,520 INFO  State of current operation: PENDING
2022-04-12 10:11:39,738 INFO  State of current operation: PENDING
2022-04-12 10:11:41,965 INFO  State of current operation: PENDING
2022-04-12 10:11:43,974 WARN  SystemError occurred while running test - Timeout while waiting for status FAILED or SUCCESSFUL
Traceback (most recent call last):
  File "/home/pi/env-pysys/lib/python3.7/site-packages/pysys/baserunner.py", line 1292, in __call__
    self.testObj.setup()
  File "/home/pi/actions-runner/_work/thin-edge.io/thin-edge.io/tests/PySys/software_management_end_to_end/sm_mixed_install_remove_multiple/run.py", line 83, in setup
    super().setup()
  File "/home/pi/actions-runner/_work/thin-edge.io/thin-edge.io/tests/PySys/software_management_end_to_end/environment_sm_management.py", line 151, in setup
    self.wait_until_end()
  File "/home/pi/actions-runner/_work/thin-edge.io/thin-edge.io/tests/PySys/software_management_end_to_end/environment_sm_management.py", line 332, in wait_until_end
    self.wait_until_status("FAILED", "SUCCESSFUL")
  File "/home/pi/actions-runner/_work/thin-edge.io/thin-edge.io/tests/PySys/software_management_end_to_end/environment_sm_management.py", line 381, in wait_until_status
    "Timeout while waiting for status %s or %s" % (status, status2)
SystemError: Timeout while waiting for status FAILED or SUCCESSFUL
2022-04-12 10:11:44,003 WARN  SystemError: Timeout while waiting for status FAILED or SUCCESSFUL ... blocked 
2022-04-12 10:11:44,004 INFO  
2022-04-12 10:11:44,005 INFO  cleanup:
2022-04-12 10:11:47,965 INFO  Executed sudo<tedge_disconnect_c8y>, exit status 0
2022-04-12 10:11:48,527 INFO  Executed systemctl<serv_mapper5>, exit status 3
2022-04-12 10:11:48,531 INFO  
2022-04-12 10:11:48,532 INFO  Test duration: 164.96 secs
2022-04-12 10:11:48,535 INFO  Test final outcome:  BLOCKED
2022-04-12 10:11:48,537 INFO  Test outcome reason: SystemError: Timeout while waiting for status FAILED or SUCCESSFUL
2022-04-12 10:11:48,538 INFO  
