2022-04-08 09:40:40,395 INFO  ==============================================================
2022-04-08 09:40:40,395 INFO  Id:    local_mqtt_pub_sub
2022-04-08 09:40:40,397 INFO  Dir:   local_mqtt/
2022-04-08 09:40:40,397 INFO  Title: Validate local publishing and subscribing
2022-04-08 09:40:40,398 DEBUG Execution order hint: 0.0
2022-04-08 09:40:40,399 INFO  ==============================================================
2022-04-08 09:40:40,405 DEBUG --- test execute
2022-04-08 09:40:40,407 DEBUG Process parameters for tedge_sub
  command line : /usr/bin/tedge mqtt sub atopic
    arg #1     : mqtt
    arg #2     : sub
    arg #3     : atopic
  working dir  : /home/pi/actions-runner/_work/thin-edge.io/thin-edge.io/tests/PySys/local_mqtt/local_mqtt_pub_sub/Output/linux
  stdout       : /home/pi/actions-runner/_work/thin-edge.io/thin-edge.io/tests/PySys/local_mqtt/local_mqtt_pub_sub/Output/linux/tedge_sub.out
  stderr       : /home/pi/actions-runner/_work/thin-edge.io/thin-edge.io/tests/PySys/local_mqtt/local_mqtt_pub_sub/Output/linux/tedge_sub.err
  environment  : HOME=/home/pi
2022-04-08 09:40:40,414 INFO  Started tedge_sub with process id 23239
2022-04-08 09:40:40,418 DEBUG Process parameters for tedge_sub_no_topic
  command line : /usr/bin/tedge mqtt sub --no-topic atopic
    arg #1     : mqtt
    arg #2     : sub
    arg #3     : --no-topic
    arg #4     : atopic
  working dir  : /home/pi/actions-runner/_work/thin-edge.io/thin-edge.io/tests/PySys/local_mqtt/local_mqtt_pub_sub/Output/linux
  stdout       : /home/pi/actions-runner/_work/thin-edge.io/thin-edge.io/tests/PySys/local_mqtt/local_mqtt_pub_sub/Output/linux/tedge_sub_no_topic.out
  stderr       : /home/pi/actions-runner/_work/thin-edge.io/thin-edge.io/tests/PySys/local_mqtt/local_mqtt_pub_sub/Output/linux/tedge_sub_no_topic.err
  environment  : HOME=/home/pi
2022-04-08 09:40:40,426 INFO  Started tedge_sub_no_topic with process id 23240
2022-04-08 09:40:40,530 DEBUG Process parameters for tedge_pub2
  command line : /usr/bin/tedge mqtt pub atopic amessage
    arg #1     : mqtt
    arg #2     : pub
    arg #3     : atopic
    arg #4     : amessage
  working dir  : /home/pi/actions-runner/_work/thin-edge.io/thin-edge.io/tests/PySys/local_mqtt/local_mqtt_pub_sub/Output/linux
  stdout       : /home/pi/actions-runner/_work/thin-edge.io/thin-edge.io/tests/PySys/local_mqtt/local_mqtt_pub_sub/Output/linux/tedge_pub2.out
  stderr       : /home/pi/actions-runner/_work/thin-edge.io/thin-edge.io/tests/PySys/local_mqtt/local_mqtt_pub_sub/Output/linux/tedge_pub2.err
  environment  : HOME=/home/pi
2022-04-08 09:40:40,537 DEBUG Waiting up to 600 secs for process tedge_pub2 (pid 23241)
2022-04-08 09:40:40,993 INFO  Executed tedge_pub2, exit status 0
2022-04-08 09:40:40,995 DEBUG Process parameters for tedge_pub3
  command line : /usr/bin/tedge mqtt pub atopic 'the message'
    arg #1     : mqtt
    arg #2     : pub
    arg #3     : atopic
    arg #4     : the message
  working dir  : /home/pi/actions-runner/_work/thin-edge.io/thin-edge.io/tests/PySys/local_mqtt/local_mqtt_pub_sub/Output/linux
  stdout       : /home/pi/actions-runner/_work/thin-edge.io/thin-edge.io/tests/PySys/local_mqtt/local_mqtt_pub_sub/Output/linux/tedge_pub3.out
  stderr       : /home/pi/actions-runner/_work/thin-edge.io/thin-edge.io/tests/PySys/local_mqtt/local_mqtt_pub_sub/Output/linux/tedge_pub3.err
  environment  : HOME=/home/pi
2022-04-08 09:40:41,002 DEBUG Waiting up to 600 secs for process tedge_pub3 (pid 23242)
2022-04-08 09:40:41,407 INFO  Executed tedge_pub3, exit status 0
2022-04-08 09:40:41,410 DEBUG Process parameters for sudo<kill_out>
  command line : /usr/bin/sudo kill -9 23239
    arg #1     : kill
    arg #2     : -9
    arg #3     : 23239
  working dir  : /home/pi/actions-runner/_work/thin-edge.io/thin-edge.io/tests/PySys/local_mqtt/local_mqtt_pub_sub/Output/linux
  stdout       : /home/pi/actions-runner/_work/thin-edge.io/thin-edge.io/tests/PySys/local_mqtt/local_mqtt_pub_sub/Output/linux/kill_out.out
  stderr       : /home/pi/actions-runner/_work/thin-edge.io/thin-edge.io/tests/PySys/local_mqtt/local_mqtt_pub_sub/Output/linux/kill_out.err
  environment  : LD_LIBRARY_PATH=/usr/lib
  environment  : PATH=/bin:/usr/bin:/usr/sbin:/usr/local/bin
                   #1  /bin
                   #2  /usr/bin
                   #3  /usr/sbin
                   #4  /usr/local/bin
2022-04-08 09:40:41,417 DEBUG Waiting up to 600 secs for process sudo<kill_out> (pid 23244)
2022-04-08 09:40:41,924 INFO  Executed sudo<kill_out>, exit status 0
2022-04-08 09:40:41,926 DEBUG Process parameters for sudo<kill_out>
  command line : /usr/bin/sudo kill -9 23240
    arg #1     : kill
    arg #2     : -9
    arg #3     : 23240
  working dir  : /home/pi/actions-runner/_work/thin-edge.io/thin-edge.io/tests/PySys/local_mqtt/local_mqtt_pub_sub/Output/linux
  stdout       : /home/pi/actions-runner/_work/thin-edge.io/thin-edge.io/tests/PySys/local_mqtt/local_mqtt_pub_sub/Output/linux/kill_out.out
  stderr       : /home/pi/actions-runner/_work/thin-edge.io/thin-edge.io/tests/PySys/local_mqtt/local_mqtt_pub_sub/Output/linux/kill_out.err
  environment  : LD_LIBRARY_PATH=/usr/lib
  environment  : PATH=/bin:/usr/bin:/usr/sbin:/usr/local/bin
                   #1  /bin
                   #2  /usr/bin
                   #3  /usr/sbin
                   #4  /usr/local/bin
2022-04-08 09:40:41,933 DEBUG Waiting up to 600 secs for process sudo<kill_out> (pid 23246)
2022-04-08 09:40:42,489 INFO  Executed sudo<kill_out>, exit status 0
2022-04-08 09:40:42,490 DEBUG --- test validate
2022-04-08 09:40:42,491 DEBUG Performing regex contains=True grep on file: /home/pi/actions-runner/_work/thin-edge.io/thin-edge.io/tests/PySys/local_mqtt/local_mqtt_pub_sub/Output/linux/tedge_sub.out
2022-04-08 09:40:42,496 DEBUG Grep on file tedge_sub.out successfully matched expression "\[atopic\] amessage" with line: '[atopic] amessage\n'
2022-04-08 09:40:42,498 INFO  Grep on file tedge_sub.out ... passed
2022-04-08 09:40:42,499 DEBUG Performing regex contains=True grep on file: /home/pi/actions-runner/_work/thin-edge.io/thin-edge.io/tests/PySys/local_mqtt/local_mqtt_pub_sub/Output/linux/tedge_sub.out
2022-04-08 09:40:42,503 DEBUG Grep on file tedge_sub.out successfully matched expression "\[atopic\] the message" with line: '[atopic] the message\n'
2022-04-08 09:40:42,504 INFO  Grep on file tedge_sub.out ... passed
2022-04-08 09:40:42,505 DEBUG Performing regex contains=False grep on file: /home/pi/actions-runner/_work/thin-edge.io/thin-edge.io/tests/PySys/local_mqtt/local_mqtt_pub_sub/Output/linux/tedge_sub_no_topic.out
2022-04-08 09:40:42,510 INFO  Grep on file tedge_sub_no_topic.out ... passed
2022-04-08 09:40:42,516 DEBUG --- test cleanup
2022-04-08 09:40:42,517 DEBUG ProcessUser cleanup function done.
2022-04-08 09:40:42,520 INFO  
2022-04-08 09:40:42,521 INFO  Test duration: 2.13 secs
2022-04-08 09:40:42,522 INFO  Test final outcome:  PASSED
2022-04-08 09:40:42,523 INFO  
