2022-04-07 16:26:48,162 INFO  ==============================================================
2022-04-07 16:26:48,163 INFO  Id:    tedge_software_update
2022-04-07 16:26:48,164 INFO  Dir:   tedge/
2022-04-07 16:26:48,165 INFO  Title: Software install from download path
2022-04-07 16:26:48,166 DEBUG Execution order hint: 0.0
2022-04-07 16:26:48,167 INFO  ==============================================================
2022-04-07 16:26:48,175 DEBUG EnvironmentC8y Setup
2022-04-07 16:26:48,176 INFO  EnvironmentC8y Setup
2022-04-07 16:26:48,177 DEBUG Process parameters for systemctl<serv_mapper1>
  command line : /usr/bin/systemctl status tedge-mapper-c8y
    arg #1     : status
    arg #2     : tedge-mapper-c8y
  working dir  : /home/pi/actions-runner/_work/thin-edge.io/thin-edge.io/tests/PySys/tedge/tedge_software_update/Output/linux
  stdout       : /home/pi/actions-runner/_work/thin-edge.io/thin-edge.io/tests/PySys/tedge/tedge_software_update/Output/linux/serv_mapper1.out
  stderr       : /home/pi/actions-runner/_work/thin-edge.io/thin-edge.io/tests/PySys/tedge/tedge_software_update/Output/linux/serv_mapper1.err
  environment  : LD_LIBRARY_PATH=/usr/lib
  environment  : PATH=/bin:/usr/bin:/usr/sbin:/usr/local/bin
                   #1  /bin
                   #2  /usr/bin
                   #3  /usr/sbin
                   #4  /usr/local/bin
2022-04-07 16:26:48,185 DEBUG Waiting up to 600 secs for process systemctl<serv_mapper1> (pid 9841)
2022-04-07 16:26:48,742 INFO  Executed systemctl<serv_mapper1>, exit status 3
2022-04-07 16:26:48,851 DEBUG Process parameters for sudo<tedge_connect_c8y>
  command line : /usr/bin/sudo /usr/bin/tedge connect c8y
    arg #1     : /usr/bin/tedge
    arg #2     : connect
    arg #3     : c8y
  working dir  : /home/pi/actions-runner/_work/thin-edge.io/thin-edge.io/tests/PySys/tedge/tedge_software_update/Output/linux
  stdout       : /home/pi/actions-runner/_work/thin-edge.io/thin-edge.io/tests/PySys/tedge/tedge_software_update/Output/linux/tedge_connect_c8y.out
  stderr       : /home/pi/actions-runner/_work/thin-edge.io/thin-edge.io/tests/PySys/tedge/tedge_software_update/Output/linux/tedge_connect_c8y.err
  environment  : LD_LIBRARY_PATH=/usr/lib
  environment  : PATH=/bin:/usr/bin:/usr/sbin:/usr/local/bin
                   #1  /bin
                   #2  /usr/bin
                   #3  /usr/sbin
                   #4  /usr/local/bin
2022-04-07 16:26:48,859 DEBUG Waiting up to 600 secs for process sudo<tedge_connect_c8y> (pid 9845)
2022-04-07 16:27:02,953 INFO  Executed sudo<tedge_connect_c8y>, exit status 0, duration 14 secs
2022-04-07 16:27:02,956 DEBUG Process parameters for sudo<tedge_connect_c8y_test>
  command line : /usr/bin/sudo /usr/bin/tedge connect c8y --test
    arg #1     : /usr/bin/tedge
    arg #2     : connect
    arg #3     : c8y
    arg #4     : --test
  working dir  : /home/pi/actions-runner/_work/thin-edge.io/thin-edge.io/tests/PySys/tedge/tedge_software_update/Output/linux
  stdout       : /home/pi/actions-runner/_work/thin-edge.io/thin-edge.io/tests/PySys/tedge/tedge_software_update/Output/linux/tedge_connect_c8y_test.out
  stderr       : /home/pi/actions-runner/_work/thin-edge.io/thin-edge.io/tests/PySys/tedge/tedge_software_update/Output/linux/tedge_connect_c8y_test.err
  environment  : LD_LIBRARY_PATH=/usr/lib
  environment  : PATH=/bin:/usr/bin:/usr/sbin:/usr/local/bin
                   #1  /bin
                   #2  /usr/bin
                   #3  /usr/sbin
                   #4  /usr/local/bin
2022-04-07 16:27:02,965 DEBUG Waiting up to 600 secs for process sudo<tedge_connect_c8y_test> (pid 9955)
2022-04-07 16:27:03,524 INFO  Executed sudo<tedge_connect_c8y_test>, exit status 0
2022-04-07 16:27:03,527 DEBUG Process parameters for systemctl<serv_mosq2>
  command line : /usr/bin/systemctl status mosquitto
    arg #1     : status
    arg #2     : mosquitto
  working dir  : /home/pi/actions-runner/_work/thin-edge.io/thin-edge.io/tests/PySys/tedge/tedge_software_update/Output/linux
  stdout       : /home/pi/actions-runner/_work/thin-edge.io/thin-edge.io/tests/PySys/tedge/tedge_software_update/Output/linux/serv_mosq2.out
  stderr       : /home/pi/actions-runner/_work/thin-edge.io/thin-edge.io/tests/PySys/tedge/tedge_software_update/Output/linux/serv_mosq2.err
  environment  : LD_LIBRARY_PATH=/usr/lib
  environment  : PATH=/bin:/usr/bin:/usr/sbin:/usr/local/bin
                   #1  /bin
                   #2  /usr/bin
                   #3  /usr/sbin
                   #4  /usr/local/bin
2022-04-07 16:27:03,535 DEBUG Waiting up to 600 secs for process systemctl<serv_mosq2> (pid 9963)
2022-04-07 16:27:04,043 INFO  Executed systemctl<serv_mosq2>, exit status 0
2022-04-07 16:27:04,045 DEBUG Process parameters for systemctl<serv_mapper3>
  command line : /usr/bin/systemctl status tedge-mapper-c8y
    arg #1     : status
    arg #2     : tedge-mapper-c8y
  working dir  : /home/pi/actions-runner/_work/thin-edge.io/thin-edge.io/tests/PySys/tedge/tedge_software_update/Output/linux
  stdout       : /home/pi/actions-runner/_work/thin-edge.io/thin-edge.io/tests/PySys/tedge/tedge_software_update/Output/linux/serv_mapper3.out
  stderr       : /home/pi/actions-runner/_work/thin-edge.io/thin-edge.io/tests/PySys/tedge/tedge_software_update/Output/linux/serv_mapper3.err
  environment  : LD_LIBRARY_PATH=/usr/lib
  environment  : PATH=/bin:/usr/bin:/usr/sbin:/usr/local/bin
                   #1  /bin
                   #2  /usr/bin
                   #3  /usr/sbin
                   #4  /usr/local/bin
2022-04-07 16:27:04,053 DEBUG Waiting up to 600 secs for process systemctl<serv_mapper3> (pid 9964)
2022-04-07 16:27:04,510 INFO  Executed systemctl<serv_mapper3>, exit status 0
2022-04-07 16:27:04,512 INFO  Setup
2022-04-07 16:27:04,512 DEBUG --- test execute
2022-04-07 16:27:04,515 DEBUG Process parameters for sudo<mkdir>
  command line : /usr/bin/sudo mkdir -p /tedge_download_dir
    arg #1     : mkdir
    arg #2     : -p
    arg #3     : /tedge_download_dir
  working dir  : /home/pi/actions-runner/_work/thin-edge.io/thin-edge.io/tests/PySys/tedge/tedge_software_update/Output/linux
  stdout       : /home/pi/actions-runner/_work/thin-edge.io/thin-edge.io/tests/PySys/tedge/tedge_software_update/Output/linux/mkdir.out
  stderr       : /home/pi/actions-runner/_work/thin-edge.io/thin-edge.io/tests/PySys/tedge/tedge_software_update/Output/linux/mkdir.err
  environment  : LD_LIBRARY_PATH=/usr/lib
  environment  : PATH=/bin:/usr/bin:/usr/sbin:/usr/local/bin
                   #1  /bin
                   #2  /usr/bin
                   #3  /usr/sbin
                   #4  /usr/local/bin
2022-04-07 16:27:04,523 DEBUG Waiting up to 600 secs for process sudo<mkdir> (pid 9965)
2022-04-07 16:27:05,030 INFO  Executed sudo<mkdir>, exit status 0
2022-04-07 16:27:05,033 DEBUG Process parameters for sudo<chmod>
  command line : /usr/bin/sudo chmod a+rwx /tedge_download_dir
    arg #1     : chmod
    arg #2     : a+rwx
    arg #3     : /tedge_download_dir
  working dir  : /home/pi/actions-runner/_work/thin-edge.io/thin-edge.io/tests/PySys/tedge/tedge_software_update/Output/linux
  stdout       : /home/pi/actions-runner/_work/thin-edge.io/thin-edge.io/tests/PySys/tedge/tedge_software_update/Output/linux/chmod.out
  stderr       : /home/pi/actions-runner/_work/thin-edge.io/thin-edge.io/tests/PySys/tedge/tedge_software_update/Output/linux/chmod.err
  environment  : LD_LIBRARY_PATH=/usr/lib
  environment  : PATH=/bin:/usr/bin:/usr/sbin:/usr/local/bin
                   #1  /bin
                   #2  /usr/bin
                   #3  /usr/sbin
                   #4  /usr/local/bin
2022-04-07 16:27:05,041 DEBUG Waiting up to 600 secs for process sudo<chmod> (pid 9967)
2022-04-07 16:27:05,549 INFO  Executed sudo<chmod>, exit status 0
2022-04-07 16:27:05,551 DEBUG Process parameters for sudo<tedge_config_get_original>
  command line : /usr/bin/sudo /usr/bin/tedge config get tmp.path
    arg #1     : /usr/bin/tedge
    arg #2     : config
    arg #3     : get
    arg #4     : tmp.path
  working dir  : /home/pi/actions-runner/_work/thin-edge.io/thin-edge.io/tests/PySys/tedge/tedge_software_update/Output/linux
  stdout       : /home/pi/actions-runner/_work/thin-edge.io/thin-edge.io/tests/PySys/tedge/tedge_software_update/Output/linux/tedge_config_get_original.out
  stderr       : /home/pi/actions-runner/_work/thin-edge.io/thin-edge.io/tests/PySys/tedge/tedge_software_update/Output/linux/tedge_config_get_original.err
  environment  : LD_LIBRARY_PATH=/usr/lib
  environment  : PATH=/bin:/usr/bin:/usr/sbin:/usr/local/bin
                   #1  /bin
                   #2  /usr/bin
                   #3  /usr/sbin
                   #4  /usr/local/bin
2022-04-07 16:27:05,559 DEBUG Waiting up to 600 secs for process sudo<tedge_config_get_original> (pid 9970)
2022-04-07 16:27:06,066 INFO  Executed sudo<tedge_config_get_original>, exit status 0
2022-04-07 16:27:06,069 DEBUG Process parameters for sudo
  command line : /usr/bin/sudo /usr/bin/tedge config set tmp.path /tedge_download_dir
    arg #1     : /usr/bin/tedge
    arg #2     : config
    arg #3     : set
    arg #4     : tmp.path
    arg #5     : /tedge_download_dir
  working dir  : /home/pi/actions-runner/_work/thin-edge.io/thin-edge.io/tests/PySys/tedge/tedge_software_update/Output/linux
  stdout       : None
  stderr       : None
  environment  : LD_LIBRARY_PATH=/usr/lib
  environment  : PATH=/bin:/usr/bin:/usr/sbin:/usr/local/bin
                   #1  /bin
                   #2  /usr/bin
                   #3  /usr/sbin
                   #4  /usr/local/bin
2022-04-07 16:27:06,077 DEBUG Waiting up to 600 secs for process sudo (pid 9972)
2022-04-07 16:27:06,584 INFO  Executed sudo, exit status 0
2022-04-07 16:27:06,586 DEBUG Process parameters for sudo<tedge_config_get_new_value>
  command line : /usr/bin/sudo /usr/bin/tedge config get tmp.path
    arg #1     : /usr/bin/tedge
    arg #2     : config
    arg #3     : get
    arg #4     : tmp.path
  working dir  : /home/pi/actions-runner/_work/thin-edge.io/thin-edge.io/tests/PySys/tedge/tedge_software_update/Output/linux
  stdout       : /home/pi/actions-runner/_work/thin-edge.io/thin-edge.io/tests/PySys/tedge/tedge_software_update/Output/linux/tedge_config_get_new_value.out
  stderr       : /home/pi/actions-runner/_work/thin-edge.io/thin-edge.io/tests/PySys/tedge/tedge_software_update/Output/linux/tedge_config_get_new_value.err
  environment  : LD_LIBRARY_PATH=/usr/lib
  environment  : PATH=/bin:/usr/bin:/usr/sbin:/usr/local/bin
                   #1  /bin
                   #2  /usr/bin
                   #3  /usr/sbin
                   #4  /usr/local/bin
2022-04-07 16:27:06,594 DEBUG Waiting up to 600 secs for process sudo<tedge_config_get_new_value> (pid 9974)
2022-04-07 16:27:07,101 INFO  Executed sudo<tedge_config_get_new_value>, exit status 0
2022-04-07 16:27:07,103 DEBUG Process parameters for sudo<rolldice_download>
  command line : /usr/bin/sudo /usr/bin/tedge mqtt pub tedge/commands/req/software/update '{"id":"1234","updateList":[{"type":"apt","modules":[{"name":"rolldice","version":"::apt","url":"https://thin-edge-io.eu-latest.cumulocity.com/inventory/binaries/11643549","action":"install"}]}]}'
    arg #1     : /usr/bin/tedge
    arg #2     : mqtt
    arg #3     : pub
    arg #4     : tedge/commands/req/software/update
    arg #5     : {"id":"1234","updateList":[{"type":"apt","modules":[{"name":"rolldice","version":"::apt","url":"https://thin-edge-io.eu-latest.cumulocity.com/inventory/binaries/11643549","action":"install"}]}]}
  working dir  : /home/pi/actions-runner/_work/thin-edge.io/thin-edge.io/tests/PySys/tedge/tedge_software_update/Output/linux
  stdout       : /home/pi/actions-runner/_work/thin-edge.io/thin-edge.io/tests/PySys/tedge/tedge_software_update/Output/linux/rolldice_download.out
  stderr       : /home/pi/actions-runner/_work/thin-edge.io/thin-edge.io/tests/PySys/tedge/tedge_software_update/Output/linux/rolldice_download.err
  environment  : LD_LIBRARY_PATH=/usr/lib
  environment  : PATH=/bin:/usr/bin:/usr/sbin:/usr/local/bin
                   #1  /bin
                   #2  /usr/bin
                   #3  /usr/sbin
                   #4  /usr/local/bin
2022-04-07 16:27:07,111 DEBUG Waiting up to 600 secs for process sudo<rolldice_download> (pid 9976)
2022-04-07 16:27:07,618 INFO  Executed sudo<rolldice_download>, exit status 0
2022-04-07 16:27:07,619 DEBUG --- test validate
2022-04-07 16:27:07,620 DEBUG Performing regex contains=True grep on file: /home/pi/actions-runner/_work/thin-edge.io/thin-edge.io/tests/PySys/tedge/tedge_software_update/Output/linux/tedge_config_get_new_value.out
2022-04-07 16:27:07,626 DEBUG Grep on file tedge_config_get_new_value.out successfully matched expression "/tedge_download_dir" with line: '/tedge_download_dir\n'
2022-04-07 16:27:07,627 INFO  Grep on file tedge_config_get_new_value.out ... passed
2022-04-07 16:27:07,635 DEBUG --- test cleanup
2022-04-07 16:27:07,636 INFO  
2022-04-07 16:27:07,637 INFO  cleanup:
2022-04-07 16:27:07,638 DEBUG Running registered cleanup function: <bound method PySysTest.mycleanup of <PySysTest object at 0x75cb8790>>
2022-04-07 16:27:07,642 DEBUG Process parameters for sudo
  command line : /usr/bin/sudo /usr/bin/tedge config set tmp.path /tmp
    arg #1     : /usr/bin/tedge
    arg #2     : config
    arg #3     : set
    arg #4     : tmp.path
    arg #5     : /tmp
  working dir  : /home/pi/actions-runner/_work/thin-edge.io/thin-edge.io/tests/PySys/tedge/tedge_software_update/Output/linux
  stdout       : None
  stderr       : None
  environment  : LD_LIBRARY_PATH=/usr/lib
  environment  : PATH=/bin:/usr/bin:/usr/sbin:/usr/local/bin
                   #1  /bin
                   #2  /usr/bin
                   #3  /usr/sbin
                   #4  /usr/local/bin
2022-04-07 16:27:07,650 DEBUG Waiting up to 600 secs for process sudo (pid 9979)
2022-04-07 16:27:08,210 INFO  Executed sudo, exit status 0
2022-04-07 16:27:08,212 DEBUG Process parameters for sudo<tedge_config_get_cleanup>
  command line : /usr/bin/sudo /usr/bin/tedge config get tmp.path
    arg #1     : /usr/bin/tedge
    arg #2     : config
    arg #3     : get
    arg #4     : tmp.path
  working dir  : /home/pi/actions-runner/_work/thin-edge.io/thin-edge.io/tests/PySys/tedge/tedge_software_update/Output/linux
  stdout       : /home/pi/actions-runner/_work/thin-edge.io/thin-edge.io/tests/PySys/tedge/tedge_software_update/Output/linux/tedge_config_get_cleanup.out
  stderr       : /home/pi/actions-runner/_work/thin-edge.io/thin-edge.io/tests/PySys/tedge/tedge_software_update/Output/linux/tedge_config_get_cleanup.err
  environment  : LD_LIBRARY_PATH=/usr/lib
  environment  : PATH=/bin:/usr/bin:/usr/sbin:/usr/local/bin
                   #1  /bin
                   #2  /usr/bin
                   #3  /usr/sbin
                   #4  /usr/local/bin
2022-04-07 16:27:08,221 DEBUG Waiting up to 600 secs for process sudo<tedge_config_get_cleanup> (pid 9988)
2022-04-07 16:27:08,980 INFO  Executed sudo<tedge_config_get_cleanup>, exit status 0
2022-04-07 16:27:08,981 DEBUG Performing regex contains=True grep on file: /home/pi/actions-runner/_work/thin-edge.io/thin-edge.io/tests/PySys/tedge/tedge_software_update/Output/linux/tedge_config_get_cleanup.out
2022-04-07 16:27:08,986 DEBUG Grep on file tedge_config_get_cleanup.out successfully matched expression "/tmp" with line: '/tmp\n'
2022-04-07 16:27:08,987 INFO  Grep on file tedge_config_get_cleanup.out ... passed
2022-04-07 16:27:08,990 DEBUG Process parameters for sudo<rmdir>
  command line : /usr/bin/sudo rmdir /tedge_download_dir
    arg #1     : rmdir
    arg #2     : /tedge_download_dir
  working dir  : /home/pi/actions-runner/_work/thin-edge.io/thin-edge.io/tests/PySys/tedge/tedge_software_update/Output/linux
  stdout       : /home/pi/actions-runner/_work/thin-edge.io/thin-edge.io/tests/PySys/tedge/tedge_software_update/Output/linux/rmdir.out
  stderr       : /home/pi/actions-runner/_work/thin-edge.io/thin-edge.io/tests/PySys/tedge/tedge_software_update/Output/linux/rmdir.err
  environment  : LD_LIBRARY_PATH=/usr/lib
  environment  : PATH=/bin:/usr/bin:/usr/sbin:/usr/local/bin
                   #1  /bin
                   #2  /usr/bin
                   #3  /usr/sbin
                   #4  /usr/local/bin
2022-04-07 16:27:08,998 DEBUG Waiting up to 600 secs for process sudo<rmdir> (pid 9990)
2022-04-07 16:27:09,505 INFO  Executed sudo<rmdir>, exit status 0
2022-04-07 16:27:09,506 DEBUG Running registered cleanup function: <bound method EnvironmentC8y.myenvcleanup of <PySysTest object at 0x75cb8790>>
2022-04-07 16:27:09,507 DEBUG EnvironmentC8y Cleanup
2022-04-07 16:27:09,632 DEBUG Process parameters for sudo<tedge_disconnect_c8y>
  command line : /usr/bin/sudo /usr/bin/tedge disconnect c8y
    arg #1     : /usr/bin/tedge
    arg #2     : disconnect
    arg #3     : c8y
  working dir  : /home/pi/actions-runner/_work/thin-edge.io/thin-edge.io/tests/PySys/tedge/tedge_software_update/Output/linux
  stdout       : /home/pi/actions-runner/_work/thin-edge.io/thin-edge.io/tests/PySys/tedge/tedge_software_update/Output/linux/tedge_disconnect_c8y.out
  stderr       : /home/pi/actions-runner/_work/thin-edge.io/thin-edge.io/tests/PySys/tedge/tedge_software_update/Output/linux/tedge_disconnect_c8y.err
  environment  : LD_LIBRARY_PATH=/usr/lib
  environment  : PATH=/bin:/usr/bin:/usr/sbin:/usr/local/bin
                   #1  /bin
                   #2  /usr/bin
                   #3  /usr/sbin
                   #4  /usr/local/bin
2022-04-07 16:27:09,642 DEBUG Waiting up to 600 secs for process sudo<tedge_disconnect_c8y> (pid 9995)
2022-04-07 16:27:13,826 INFO  Executed sudo<tedge_disconnect_c8y>, exit status 0
2022-04-07 16:27:13,829 DEBUG Process parameters for systemctl<serv_mapper5>
  command line : /usr/bin/systemctl status tedge-mapper-c8y
    arg #1     : status
    arg #2     : tedge-mapper-c8y
  working dir  : /home/pi/actions-runner/_work/thin-edge.io/thin-edge.io/tests/PySys/tedge/tedge_software_update/Output/linux
  stdout       : /home/pi/actions-runner/_work/thin-edge.io/thin-edge.io/tests/PySys/tedge/tedge_software_update/Output/linux/serv_mapper5.out
  stderr       : /home/pi/actions-runner/_work/thin-edge.io/thin-edge.io/tests/PySys/tedge/tedge_software_update/Output/linux/serv_mapper5.err
  environment  : LD_LIBRARY_PATH=/usr/lib
  environment  : PATH=/bin:/usr/bin:/usr/sbin:/usr/local/bin
                   #1  /bin
                   #2  /usr/bin
                   #3  /usr/sbin
                   #4  /usr/local/bin
2022-04-07 16:27:13,836 DEBUG Waiting up to 600 secs for process systemctl<serv_mapper5> (pid 10092)
2022-04-07 16:27:14,393 INFO  Executed systemctl<serv_mapper5>, exit status 3
2022-04-07 16:27:14,395 DEBUG ProcessUser cleanup function done.
2022-04-07 16:27:14,398 INFO  
2022-04-07 16:27:14,399 INFO  Test duration: 26.24 secs
2022-04-07 16:27:14,400 INFO  Test final outcome:  PASSED
2022-04-07 16:27:14,401 INFO  
