Unable to find image 'registry:latest' locally
latest: Pulling from library/registry
df9b9388f04a: Pulling fs layer
52dc419b0ee2: Pulling fs layer
b6846b9db566: Pulling fs layer
b0a23bbf973d: Pulling fs layer
c50f110701a7: Pulling fs layer
b0a23bbf973d: Waiting
c50f110701a7: Waiting
b6846b9db566: Verifying Checksum
b6846b9db566: Download complete
df9b9388f04a: Verifying Checksum
df9b9388f04a: Download complete
df9b9388f04a: Pull complete
52dc419b0ee2: Verifying Checksum
52dc419b0ee2: Download complete
52dc419b0ee2: Pull complete
b0a23bbf973d: Download complete
c50f110701a7: Verifying Checksum
c50f110701a7: Download complete
b6846b9db566: Pull complete
b0a23bbf973d: Pull complete
c50f110701a7: Pull complete
Digest: sha256:dc3cdf6d35677b54288fe9f04c34f59e85463ea7510c2a9703195b63187a7487
Status: Downloaded newer image for registry:latest
