2022-05-10 19:43:51,583 INFO  ==============================================================
2022-05-10 19:43:51,583 INFO  Id:    docker_plugin_remove
2022-05-10 19:43:51,583 INFO  Dir:   plugin_docker/
2022-05-10 19:43:51,583 INFO  Title: Validate docker plugin remove
2022-05-10 19:43:51,583 INFO  ==============================================================
2022-05-10 19:43:51,736 INFO  Executed sudo<docker_images>, exit status 0
2022-05-10 19:43:51,737 INFO  Grep on file /home/pi/actions-runner/_work/thin-edge.io/thin-edge.io/tests/PySys/plugin_docker/docker_plugin_remove/Output/linux/docker_images.out ... passed
2022-05-10 19:43:57,258 INFO  Executed sudo<docker_run>, exit status 0
2022-05-10 19:43:57,411 INFO  Executed sudo<docker_ps>, exit status 0
2022-05-10 19:43:57,412 INFO  Grep on file /home/pi/actions-runner/_work/thin-edge.io/thin-edge.io/tests/PySys/plugin_docker/docker_plugin_remove/Output/linux/docker_ps.out ... passed
2022-05-10 19:43:57,816 INFO  Executed sudo<plugin_remove>, exit status 0
2022-05-10 19:43:57,968 INFO  Executed sudo<docker_ps_latest>, exit status 0
2022-05-10 19:43:58,121 INFO  Executed sudo<docker_ps>, exit status 0
2022-05-10 19:43:58,122 INFO  Grep on file /home/pi/actions-runner/_work/thin-edge.io/thin-edge.io/tests/PySys/plugin_docker/docker_plugin_remove/Output/linux/docker_ps.out ... passed
2022-05-10 19:43:58,123 INFO  
2022-05-10 19:43:58,123 INFO  cleanup:
2022-05-10 19:43:58,123 INFO  Removing containers scheduled to be cleaned up: ['0b4af360cd07', '55115db83b45', '66e6a883a570a694422bf61a491cfdd0427718cb75d1066e9edba4c3f81dcdc9\n']
2022-05-10 19:43:58,275 INFO  Executed sudo<containers_for_cleanup>, exit status 0
2022-05-10 19:43:58,275 INFO  Removing images scheduled to be cleaned up: ['registry', 'registry', 'registry:2.7.1', 'registry']
2022-05-10 19:43:58,427 INFO  Executed sudo<containers_for_cleanup>, exit status 0
2022-05-10 19:43:58,428 INFO  
2022-05-10 19:43:58,428 INFO  Test duration: 6.84 secs
2022-05-10 19:43:58,428 INFO  Test final outcome:  PASSED
2022-05-10 19:43:58,428 INFO  
