2022-04-14 06:57:54,677 INFO  ==============================================================
2022-04-14 06:57:54,678 INFO  Id:    apt_sequence_remove_with_version
2022-04-14 06:57:54,679 INFO  Dir:   plugin_apt/
2022-04-14 06:57:54,680 INFO  Title: Validate apt plugin remove with version use case
2022-04-14 06:57:54,681 INFO  ==============================================================
2022-04-14 06:57:59,662 INFO  Executed sudo, exit status 0
2022-04-14 06:58:38,800 INFO  Executed sudo<outp_install>, exit status 0, duration 39 secs
2022-04-14 06:58:38,803 INFO  Assert that (value==0) with value=0 ... passed
2022-04-14 06:58:44,097 INFO  Executed sudo<outp_check_0>, exit status 0
2022-04-14 06:58:44,100 INFO  Assert that (value==0) with value=0 ... passed
2022-04-14 06:58:44,108 INFO  Grep on file outp_check_0.out ... passed
2022-04-14 06:58:57,745 INFO  Executed sudo<outp_install>, exit status 0, duration 13 secs
2022-04-14 06:58:57,750 INFO  Assert that (value==0) with value=0 ... passed
2022-04-14 06:59:03,032 INFO  Executed sudo<outp_check_1>, exit status 0
2022-04-14 06:59:03,034 INFO  Assert that (value==0) with value=0 ... passed
2022-04-14 06:59:03,040 INFO  Grep on file outp_check_1.out ... passed
2022-04-14 06:59:03,045 INFO  
2022-04-14 06:59:03,046 INFO  cleanup:
2022-04-14 06:59:07,916 INFO  Executed sudo, exit status 0
2022-04-14 06:59:07,920 INFO  
2022-04-14 06:59:07,921 INFO  Test duration: 73.25 secs
2022-04-14 06:59:07,922 INFO  Test final outcome:  PASSED
2022-04-14 06:59:07,923 INFO  
