2022-05-10 16:58:21,980 INFO  ==============================================================
2022-05-10 16:58:21,980 INFO  Id:    local_mqtt_pub_sub_retain
2022-05-10 16:58:21,980 INFO  Dir:   local_mqtt/
2022-05-10 16:58:21,980 INFO  Title: Validate local publishing with retain flag
2022-05-10 16:58:21,980 INFO  ==============================================================
2022-05-10 16:58:22,084 INFO  Executed tedge<pub_to_set_alarm>, exit status 0
2022-05-10 16:58:22,186 INFO  Executed tedge<pub_to_set_alarm>, exit status 0
2022-05-10 16:58:23,189 INFO  Started tedge<temp_sensor_sub> with process id 578297
2022-05-10 16:58:23,291 INFO  Executed tedge<pub_to_clear_alarm>, exit status 0
2022-05-10 16:58:24,395 INFO  Executed sudo<kill_out>, exit status 0
2022-05-10 16:58:24,497 INFO  Executed tedge<pub_to_clear_alarm>, exit status 0
2022-05-10 16:58:24,499 INFO  Started tedge<temp_sensor_empty_message> with process id 578303
2022-05-10 16:58:25,603 INFO  Executed sudo<kill_out>, exit status 0
2022-05-10 16:58:25,615 WARN  Grep on temp_sensor_sub.out contains "\[test/alarms/temp_sensor\] alarm msg 2" ... failed [run.py:136]
2022-05-10 16:58:25,617 WARN  Grep on temp_sensor_sub.out contains "\[test/alarms/temp_sensor\] " ... failed [run.py:141]
2022-05-10 16:58:25,617 INFO  Grep on file temp_sensor_empty_message.out ... passed
2022-05-10 16:58:25,618 INFO  
2022-05-10 16:58:25,618 INFO  Test duration: 3.63 secs
2022-05-10 16:58:25,618 INFO  Test final outcome:  FAILED
2022-05-10 16:58:25,618 INFO  Test outcome reason: Grep on temp_sensor_sub.out contains "\[test/alarms/temp_sensor\] alarm msg 2" (+1 other failures)
2022-05-10 16:58:25,618 INFO  
