2022-04-12 08:52:17,553 INFO  ==============================================================
2022-04-12 08:52:17,554 INFO  Id:    sm_tedge_mapper_init_session
2022-04-12 08:52:17,555 INFO  Dir:   tedge_mapper_c8y/
2022-04-12 08:52:17,556 INFO  Title: Validate tedge_mapper_sm_c8y init session feature
2022-04-12 08:52:17,557 INFO  ==============================================================
2022-04-12 08:52:17,564 INFO  EnvironmentC8y Setup
2022-04-12 08:52:18,127 INFO  Executed systemctl<serv_mapper1>, exit status 3
2022-04-12 08:52:18,253 INFO  Restarting mosquitto too frequently in the last 10 seconds. It was only up for 7 seconds
2022-04-12 08:52:18,254 INFO  Delaying execution by 4 seconds
2022-04-12 08:52:36,341 INFO  Executed sudo<tedge_connect_c8y>, exit status 0, duration 14 secs
2022-04-12 08:52:36,960 INFO  Executed sudo<tedge_connect_c8y_test>, exit status 0
2022-04-12 08:52:37,424 INFO  Executed systemctl<serv_mosq2>, exit status 0
2022-04-12 08:52:37,888 INFO  Executed systemctl<serv_mapper3>, exit status 0
2022-04-12 08:52:38,452 INFO  Executed sudo<stop_tedge_mapper>, exit status 0
2022-04-12 08:52:38,971 INFO  Executed sudo<remove_lock>, exit status 0
2022-04-12 08:52:39,484 INFO  Executed sudo<mapper_drop>, exit status 0
2022-04-12 08:52:39,999 INFO  Executed sudo<mapper_init>, exit status 0
2022-04-12 08:52:40,512 INFO  Executed sudo<pub_req>, exit status 0
2022-04-12 08:52:40,523 INFO  Started sudo<sub_resp> with process id 9064
2022-04-12 08:52:41,096 INFO  Executed sudo<start_mapper>, exit status 0
2022-04-12 08:52:41,098 INFO  Waiting for 2.0 seconds
2022-04-12 08:52:43,620 INFO  Executed sudo<sub_stop>, exit status 0
2022-04-12 08:52:43,626 INFO  Grep on file sub_resp.out ... passed
2022-04-12 08:52:43,635 INFO  
2022-04-12 08:52:43,636 INFO  cleanup:
2022-04-12 08:52:47,650 INFO  Executed sudo<tedge_disconnect_c8y>, exit status 0
2022-04-12 08:52:48,315 INFO  Executed systemctl<serv_mapper5>, exit status 3
2022-04-12 08:52:48,452 INFO  Restarting mosquitto too frequently in the last 10 seconds. It was only up for 4 seconds
2022-04-12 08:52:48,454 INFO  Delaying execution by 7 seconds
2022-04-12 08:52:55,973 INFO  Executed sudo<tedge_disconnect_c8y>, exit status 0
2022-04-12 08:52:56,536 INFO  Executed systemctl<serv_mapper5>, exit status 3
2022-04-12 08:52:56,541 INFO  
2022-04-12 08:52:56,542 INFO  Test duration: 38.99 secs
2022-04-12 08:52:56,543 INFO  Test final outcome:  PASSED
2022-04-12 08:52:56,544 INFO  
