2022-04-13 08:00:54,085 INFO  ==============================================================
2022-04-13 08:00:54,086 INFO  Id:    tedge_mapper_c8y_packet_threshold_size
2022-04-13 08:00:54,087 INFO  Dir:   tedge_mapper_c8y/
2022-04-13 08:00:54,088 INFO  Title: Validate the Cumulocity Mapper accepted threshold packet size when it receives a message on tedge/measurements
2022-04-13 08:00:54,089 INFO  ==============================================================
2022-04-13 08:00:54,096 INFO  EnvironmentC8y Setup
2022-04-13 08:00:54,665 INFO  Executed systemctl<serv_mapper1>, exit status 3
2022-04-13 08:00:54,773 INFO  Restarting mosquitto too frequently in the last 10 seconds. It was only up for 4 seconds
2022-04-13 08:00:54,775 INFO  Delaying execution by 7 seconds
2022-04-13 08:01:15,875 INFO  Executed sudo<tedge_connect_c8y>, exit status 0, duration 14 secs
2022-04-13 08:01:16,445 INFO  Executed sudo<tedge_connect_c8y_test>, exit status 0
2022-04-13 08:01:16,909 INFO  Executed systemctl<serv_mosq2>, exit status 0
2022-04-13 08:01:17,427 INFO  Executed systemctl<serv_mapper3>, exit status 0
2022-04-13 08:01:18,257 INFO  Executed sudo<tedge_mapper_c8y>, exit status 0
2022-04-13 08:01:18,267 INFO  Started sudo<tedge_sub> with process id 21453
2022-04-13 08:01:18,985 INFO  Executed sudo<tedge_msg>, exit status 0
2022-04-13 08:01:19,549 INFO  Executed sudo<tedge_pub>, exit status 0
2022-04-13 08:01:20,062 INFO  Executed sudo<kill_out>, exit status 0
2022-04-13 08:01:20,072 INFO  Grep on file tedge_sub.out ... passed
2022-04-13 08:01:20,080 INFO  
2022-04-13 08:01:20,081 INFO  cleanup:
2022-04-13 08:01:20,081 INFO  mapper_cleanup
2022-04-13 08:01:20,646 INFO  Executed sudo<tedge_mapper_c8y>, exit status 0
2022-04-13 08:01:24,658 INFO  Executed sudo<tedge_disconnect_c8y>, exit status 0
2022-04-13 08:01:25,220 INFO  Executed systemctl<serv_mapper5>, exit status 3
2022-04-13 08:01:25,225 INFO  
2022-04-13 08:01:25,226 INFO  Test duration: 31.14 secs
2022-04-13 08:01:25,228 INFO  Test final outcome:  PASSED
2022-04-13 08:01:25,229 INFO  
