2022-05-10 19:56:26,797 INFO  ==============================================================
2022-05-10 19:56:26,798 INFO  Id:    apt_sequence_remove
2022-05-10 19:56:26,800 INFO  Dir:   plugin_apt/
2022-05-10 19:56:26,800 INFO  Title: Validate apt plugin prepare install remove finalize use case
2022-05-10 19:56:26,801 INFO  ==============================================================
2022-05-10 19:57:06,314 INFO  Executed sudo, exit status 0, duration 39 secs
2022-05-10 19:57:11,617 INFO  Executed sudo<outp_check_0>, exit status 0
2022-05-10 19:57:11,619 INFO  Assert that (value==0) with value=0 ... passed
2022-05-10 19:57:11,629 INFO  Grep on file outp_check_0.out ... passed
2022-05-10 19:57:29,936 INFO  Executed sudo<outp_prepare>, exit status 0, duration 18 secs
2022-05-10 19:57:29,940 INFO  Assert that (value==0) with value=0 ... passed
2022-05-10 19:57:49,184 INFO  Executed sudo<outp_remove>, exit status 0, duration 19 secs
2022-05-10 19:57:49,188 INFO  Assert that (value==0) with value=0 ... passed
2022-05-10 19:57:56,998 INFO  Executed sudo<outp_finalize>, exit status 0
2022-05-10 19:57:57,000 INFO  Assert that (value==0) with value=0 ... passed
2022-05-10 19:57:59,572 INFO  Executed sudo<outp_check_1>, exit status 0
2022-05-10 19:57:59,574 INFO  Assert that (value==0) with value=0 ... passed
2022-05-10 19:57:59,580 INFO  Grep on file outp_check_1.out ... passed
2022-05-10 19:57:59,586 INFO  
2022-05-10 19:57:59,587 INFO  cleanup:
2022-05-10 19:58:04,222 INFO  Executed sudo, exit status 0
2022-05-10 19:58:04,227 INFO  
2022-05-10 19:58:04,228 INFO  Test duration: 97.44 secs
2022-05-10 19:58:04,230 INFO  Test final outcome:  PASSED
2022-05-10 19:58:04,231 INFO  
