2022-05-30 09:39:34,336 INFO  ==============================================================
2022-05-30 09:39:34,337 INFO  Id:    apt_sequence_remove_with_version_fail
2022-05-30 09:39:34,338 INFO  Dir:   plugin_apt/
2022-05-30 09:39:34,339 INFO  Title: Validate apt plugin remove with version fails when the version not found
2022-05-30 09:39:34,340 INFO  ==============================================================
2022-05-30 09:40:15,053 INFO  Executed sudo<outp_install>, exit status 0, duration 40 secs
2022-05-30 09:40:15,060 INFO  Assert that (value==0) with value=0 ... passed
2022-05-30 09:40:21,321 INFO  Executed sudo<outp_remove>, exit status 2
2022-05-30 09:40:21,324 INFO  Assert that (value==2) with value=2 ... passed
2022-05-30 09:40:21,330 INFO  Grep on file outp_remove.err ... passed
2022-05-30 09:40:23,953 INFO  Executed sudo<outp_check_0>, exit status 0
2022-05-30 09:40:23,955 INFO  Assert that (value==0) with value=0 ... passed
2022-05-30 09:40:23,960 INFO  Grep on file outp_check_0.out ... passed
2022-05-30 09:40:23,966 INFO  
2022-05-30 09:40:23,966 INFO  cleanup:
2022-05-30 09:40:37,638 INFO  Executed sudo, exit status 0, duration 13 secs
2022-05-30 09:40:37,647 INFO  
2022-05-30 09:40:37,649 INFO  Test duration: 63.32 secs
2022-05-30 09:40:37,652 INFO  Test final outcome:  PASSED
2022-05-30 09:40:37,654 INFO  
