2022-05-11 12:33:42,074 INFO  ==============================================================
2022-05-11 12:33:42,075 INFO  Id:    SoftwareManagement.Plugin.apama_plugin_install
2022-05-11 12:33:42,078 INFO  Dir:   plugin_apama/
2022-05-11 12:33:42,079 INFO  Title: Validate apama plugin install
2022-05-11 12:33:42,080 INFO  ==============================================================
2022-05-11 12:33:42,167 INFO  Assertion that path exists=False for "/etc/tedge/apama/project" ... passed
2022-05-11 12:33:44,493 INFO  Executed sudo<plugin_install>, exit status 0
2022-05-11 12:33:45,208 INFO  Executed sudo<apama_correlator_wait>, exit status 0
2022-05-11 12:33:45,971 INFO  Executed sudo<plugin_list_after_install>, exit status 0
2022-05-11 12:33:45,973 INFO  Assertion that path exists=True for "/etc/tedge/apama/project" ... passed
2022-05-11 12:33:46,685 INFO  Executed sudo<apama_list_monitors>, exit status 0
2022-05-11 12:33:46,694 INFO  Grep on file /home/pi/actions-runner/_work/thin-edge.io/thin-edge.io/tests/PySys/plugin_apama/apama_plugin_install/Output/linux/apama_list_monitors.out ... passed
2022-05-11 12:33:46,699 INFO  Grep on file plugin_list_after_install.out ... passed
2022-05-11 12:33:46,704 INFO  Grep on file plugin_list_after_install.out ... passed
2022-05-11 12:33:46,711 INFO  
2022-05-11 12:33:46,711 INFO  cleanup:
2022-05-11 12:33:46,712 INFO  Removing apama project
2022-05-11 12:34:04,423 INFO  Executed sudo<stop_apama_service>, exit status 0, duration 17 secs
2022-05-11 12:34:04,985 INFO  Executed sudo<remove_apama_project>, exit status 0
2022-05-11 12:34:05,551 INFO  Executed sudo<remove_apama_tmp_dir>, exit status 0
2022-05-11 12:34:05,555 INFO  
2022-05-11 12:34:05,556 INFO  Test duration: 23.49 secs
2022-05-11 12:34:05,557 INFO  Test final outcome:  PASSED
2022-05-11 12:34:05,558 INFO  
