2022-04-13 07:58:54,559 INFO  ==============================================================
2022-04-13 07:58:54,560 INFO  Id:    sm_tedge_mapper_init_session
2022-04-13 07:58:54,562 INFO  Dir:   tedge_mapper_c8y/
2022-04-13 07:58:54,562 INFO  Title: Validate tedge_mapper_sm_c8y init session feature
2022-04-13 07:58:54,563 INFO  ==============================================================
2022-04-13 07:58:54,570 INFO  EnvironmentC8y Setup
2022-04-13 07:58:55,183 INFO  Executed systemctl<serv_mapper1>, exit status 3
2022-04-13 07:58:55,291 INFO  Restarting mosquitto too frequently in the last 10 seconds. It was only up for 7 seconds
2022-04-13 07:58:55,292 INFO  Delaying execution by 4 seconds
2022-04-13 07:59:13,306 INFO  Executed sudo<tedge_connect_c8y>, exit status 0, duration 14 secs
2022-04-13 07:59:13,893 INFO  Executed sudo<tedge_connect_c8y_test>, exit status 0
2022-04-13 07:59:14,357 INFO  Executed systemctl<serv_mosq2>, exit status 0
2022-04-13 07:59:14,871 INFO  Executed systemctl<serv_mapper3>, exit status 0
2022-04-13 07:59:15,440 INFO  Executed sudo<stop_tedge_mapper>, exit status 0
2022-04-13 07:59:15,954 INFO  Executed sudo<remove_lock>, exit status 0
2022-04-13 07:59:16,469 INFO  Executed sudo<mapper_drop>, exit status 0
2022-04-13 07:59:16,984 INFO  Executed sudo<mapper_init>, exit status 0
2022-04-13 07:59:17,497 INFO  Executed sudo<pub_req>, exit status 0
2022-04-13 07:59:17,507 INFO  Started sudo<sub_resp> with process id 26556
2022-04-13 07:59:18,124 INFO  Executed sudo<start_mapper>, exit status 0
2022-04-13 07:59:18,126 INFO  Waiting for 2.0 seconds
2022-04-13 07:59:20,691 INFO  Executed sudo<sub_stop>, exit status 0
2022-04-13 07:59:20,698 INFO  Grep on file sub_resp.out ... passed
2022-04-13 07:59:20,707 INFO  
2022-04-13 07:59:20,708 INFO  cleanup:
2022-04-13 07:59:24,760 INFO  Executed sudo<tedge_disconnect_c8y>, exit status 0
2022-04-13 07:59:25,376 INFO  Executed systemctl<serv_mapper5>, exit status 3
2022-04-13 07:59:25,483 INFO  Restarting mosquitto too frequently in the last 10 seconds. It was only up for 4 seconds
2022-04-13 07:59:25,485 INFO  Delaying execution by 7 seconds
2022-04-13 07:59:33,019 INFO  Executed sudo<tedge_disconnect_c8y>, exit status 0
2022-04-13 07:59:33,582 INFO  Executed systemctl<serv_mapper5>, exit status 3
2022-04-13 07:59:33,586 INFO  
2022-04-13 07:59:33,587 INFO  Test duration: 39.03 secs
2022-04-13 07:59:33,588 INFO  Test final outcome:  PASSED
2022-04-13 07:59:33,589 INFO  
