2022-04-08 10:12:29,380 INFO  ==============================================================
2022-04-08 10:12:29,381 INFO  Id:    apt_remove_fail
2022-04-08 10:12:29,383 INFO  Dir:   plugin_apt/
2022-04-08 10:12:29,384 INFO  Title: Validate apt plugin prepare - failing
2022-04-08 10:12:29,384 DEBUG Execution order hint: 0.0
2022-04-08 10:12:29,385 INFO  ==============================================================
2022-04-08 10:12:29,391 DEBUG Process parameters for sudo<outp_check_0>
  command line : /usr/bin/sudo /etc/tedge/sm-plugins/apt list
    arg #1     : /etc/tedge/sm-plugins/apt
    arg #2     : list
  working dir  : /home/pi/actions-runner/_work/thin-edge.io/thin-edge.io/tests/PySys/plugin_apt/apt_remove_fail/Output/linux
  stdout       : /home/pi/actions-runner/_work/thin-edge.io/thin-edge.io/tests/PySys/plugin_apt/apt_remove_fail/Output/linux/outp_check_0.out
  stderr       : /home/pi/actions-runner/_work/thin-edge.io/thin-edge.io/tests/PySys/plugin_apt/apt_remove_fail/Output/linux/outp_check_0.err
  environment  : LD_LIBRARY_PATH=/usr/lib
  environment  : PATH=/bin:/usr/bin:/usr/sbin:/usr/local/bin
                   #1  /bin
                   #2  /usr/bin
                   #3  /usr/sbin
                   #4  /usr/local/bin
2022-04-08 10:12:29,398 DEBUG Waiting up to 600 secs for process sudo<outp_check_0> (pid 10810)
2022-04-08 10:12:32,017 INFO  Executed sudo<outp_check_0>, exit status 0
2022-04-08 10:12:32,019 INFO  Assert that (value==0) with value=0 ... passed
2022-04-08 10:12:32,020 DEBUG Performing regex contains=False grep on file: /home/pi/actions-runner/_work/thin-edge.io/thin-edge.io/tests/PySys/plugin_apt/apt_remove_fail/Output/linux/outp_check_0.out
2022-04-08 10:12:32,025 INFO  Grep on file outp_check_0.out ... passed
2022-04-08 10:12:32,026 DEBUG --- test execute
2022-04-08 10:12:32,028 DEBUG Process parameters for sudo<outp_remove>
  command line : /usr/bin/sudo /etc/tedge/sm-plugins/apt remove notapackage
    arg #1     : /etc/tedge/sm-plugins/apt
    arg #2     : remove
    arg #3     : notapackage
  working dir  : /home/pi/actions-runner/_work/thin-edge.io/thin-edge.io/tests/PySys/plugin_apt/apt_remove_fail/Output/linux
  stdout       : /home/pi/actions-runner/_work/thin-edge.io/thin-edge.io/tests/PySys/plugin_apt/apt_remove_fail/Output/linux/outp_remove.out
  stderr       : /home/pi/actions-runner/_work/thin-edge.io/thin-edge.io/tests/PySys/plugin_apt/apt_remove_fail/Output/linux/outp_remove.err
  environment  : LD_LIBRARY_PATH=/usr/lib
  environment  : PATH=/bin:/usr/bin:/usr/sbin:/usr/local/bin
                   #1  /bin
                   #2  /usr/bin
                   #3  /usr/sbin
                   #4  /usr/local/bin
2022-04-08 10:12:32,035 DEBUG Waiting up to 600 secs for process sudo<outp_remove> (pid 10816)
2022-04-08 10:12:35,407 INFO  Executed sudo<outp_remove>, exit status 2
2022-04-08 10:12:35,410 INFO  Assert that (value==2) with value=2 ... passed
2022-04-08 10:12:35,411 DEBUG --- test validate
2022-04-08 10:12:35,414 DEBUG Process parameters for sudo<outp_check_1>
  command line : /usr/bin/sudo /etc/tedge/sm-plugins/apt list
    arg #1     : /etc/tedge/sm-plugins/apt
    arg #2     : list
  working dir  : /home/pi/actions-runner/_work/thin-edge.io/thin-edge.io/tests/PySys/plugin_apt/apt_remove_fail/Output/linux
  stdout       : /home/pi/actions-runner/_work/thin-edge.io/thin-edge.io/tests/PySys/plugin_apt/apt_remove_fail/Output/linux/outp_check_1.out
  stderr       : /home/pi/actions-runner/_work/thin-edge.io/thin-edge.io/tests/PySys/plugin_apt/apt_remove_fail/Output/linux/outp_check_1.err
  environment  : LD_LIBRARY_PATH=/usr/lib
  environment  : PATH=/bin:/usr/bin:/usr/sbin:/usr/local/bin
                   #1  /bin
                   #2  /usr/bin
                   #3  /usr/sbin
                   #4  /usr/local/bin
2022-04-08 10:12:35,421 DEBUG Waiting up to 600 secs for process sudo<outp_check_1> (pid 10821)
2022-04-08 10:12:38,241 INFO  Executed sudo<outp_check_1>, exit status 0
2022-04-08 10:12:38,243 INFO  Assert that (value==0) with value=0 ... passed
2022-04-08 10:12:38,244 DEBUG Performing regex contains=False grep on file: /home/pi/actions-runner/_work/thin-edge.io/thin-edge.io/tests/PySys/plugin_apt/apt_remove_fail/Output/linux/outp_check_1.out
2022-04-08 10:12:38,249 INFO  Grep on file outp_check_1.out ... passed
2022-04-08 10:12:38,256 DEBUG --- test cleanup
2022-04-08 10:12:38,257 DEBUG ProcessUser cleanup function done.
2022-04-08 10:12:38,260 INFO  
2022-04-08 10:12:38,261 INFO  Test duration: 8.89 secs
2022-04-08 10:12:38,262 INFO  Test final outcome:  PASSED
2022-04-08 10:12:38,263 INFO  
