2022-05-02 15:20:25,645 INFO  ==============================================================
2022-05-02 15:20:25,645 INFO  Id:    sm_tedge_mapper_init_session
2022-05-02 15:20:25,647 INFO  Dir:   tedge_mapper_c8y/
2022-05-02 15:20:25,647 INFO  Title: Validate tedge_mapper_sm_c8y init session feature
2022-05-02 15:20:25,648 INFO  ==============================================================
2022-05-02 15:20:25,656 INFO  EnvironmentC8y Setup
2022-05-02 15:20:26,225 INFO  Executed systemctl<serv_mapper1>, exit status 3
2022-05-02 15:20:26,331 INFO  Restarting mosquitto too frequently in the last 10 seconds. It was only up for 7 seconds
2022-05-02 15:20:26,333 INFO  Delaying execution by 4 seconds
2022-05-02 15:20:44,394 INFO  Executed sudo<tedge_connect_c8y>, exit status 0, duration 14 secs
2022-05-02 15:20:45,060 INFO  Executed sudo<tedge_connect_c8y_test>, exit status 0
2022-05-02 15:20:45,523 INFO  Executed systemctl<serv_mosq2>, exit status 0
2022-05-02 15:20:46,037 INFO  Executed systemctl<serv_mapper3>, exit status 0
2022-05-02 15:20:46,803 INFO  Executed sudo<stop_tedge_mapper>, exit status 0
2022-05-02 15:20:47,418 INFO  Executed sudo<remove_lock>, exit status 0
2022-05-02 15:20:47,934 INFO  Executed sudo<mapper_drop>, exit status 0
2022-05-02 15:20:48,557 INFO  Executed sudo<mapper_init>, exit status 0
2022-05-02 15:20:49,121 INFO  Executed sudo<pub_req>, exit status 0
2022-05-02 15:20:49,131 INFO  Started sudo<sub_resp> with process id 22305
2022-05-02 15:20:49,697 INFO  Executed sudo<start_mapper>, exit status 0
2022-05-02 15:20:49,699 INFO  Waiting for 2.0 seconds
2022-05-02 15:20:52,215 INFO  Executed sudo<sub_stop>, exit status 0
2022-05-02 15:20:52,220 INFO  Grep on file sub_resp.out ... passed
2022-05-02 15:20:52,230 INFO  
2022-05-02 15:20:52,231 INFO  cleanup:
2022-05-02 15:20:56,239 INFO  Executed sudo<tedge_disconnect_c8y>, exit status 0
2022-05-02 15:20:56,805 INFO  Executed systemctl<serv_mapper5>, exit status 3
2022-05-02 15:20:56,910 INFO  Restarting mosquitto too frequently in the last 10 seconds. It was only up for 4 seconds
2022-05-02 15:20:56,911 INFO  Delaying execution by 7 seconds
2022-05-02 15:21:04,431 INFO  Executed sudo<tedge_disconnect_c8y>, exit status 0
2022-05-02 15:21:05,044 INFO  Executed systemctl<serv_mapper5>, exit status 3
2022-05-02 15:21:05,049 INFO  
2022-05-02 15:21:05,050 INFO  Test duration: 39.41 secs
2022-05-02 15:21:05,051 INFO  Test final outcome:  PASSED
2022-05-02 15:21:05,052 INFO  
