2022-05-30 09:24:52,468 INFO  ==============================================================
2022-05-30 09:24:52,469 INFO  Id:    tedge_mapper_c8y_packet_threshold_size
2022-05-30 09:24:52,470 INFO  Dir:   tedge_mapper_c8y/
2022-05-30 09:24:52,471 INFO  Title: Validate the Cumulocity Mapper accepted threshold packet size when it receives a message on tedge/measurements
2022-05-30 09:24:52,472 INFO  ==============================================================
2022-05-30 09:24:52,480 INFO  EnvironmentC8y Setup
2022-05-30 09:24:53,041 INFO  Executed systemctl<serv_mapper1>, exit status 3
2022-05-30 09:24:53,163 INFO  Restarting mosquitto too frequently in the last 10 seconds. It was only up for 6 seconds
2022-05-30 09:24:53,165 INFO  Delaying execution by 5 seconds
2022-05-30 09:25:16,095 INFO  Executed sudo<tedge_connect_c8y>, exit status 0, duration 17 secs
2022-05-30 09:25:16,709 INFO  Executed sudo<tedge_connect_c8y_test>, exit status 0
2022-05-30 09:25:17,276 INFO  Executed systemctl<serv_mosq2>, exit status 0
2022-05-30 09:25:17,889 INFO  Executed systemctl<serv_mapper3>, exit status 0
2022-05-30 09:25:18,470 INFO  Executed sudo<tedge_mapper_c8y>, exit status 0
2022-05-30 09:25:18,479 INFO  Started sudo<tedge_sub> with process id 7725
2022-05-30 09:25:19,302 INFO  Executed sudo<tedge_msg>, exit status 0
2022-05-30 09:25:20,021 INFO  Executed sudo<tedge_pub>, exit status 0
2022-05-30 09:25:20,594 INFO  Executed sudo<kill_out>, exit status 0
2022-05-30 09:25:20,603 INFO  Grep on file tedge_sub.out ... passed
2022-05-30 09:25:20,611 INFO  
2022-05-30 09:25:20,612 INFO  cleanup:
2022-05-30 09:25:20,613 INFO  mapper_cleanup
2022-05-30 09:25:21,174 INFO  Executed sudo<tedge_mapper_c8y>, exit status 0
2022-05-30 09:25:26,532 INFO  Executed sudo<tedge_disconnect_c8y>, exit status 0
2022-05-30 09:25:27,109 INFO  Executed systemctl<serv_mapper5>, exit status 3
2022-05-30 09:25:27,113 INFO  
2022-05-30 09:25:27,114 INFO  Test duration: 34.65 secs
2022-05-30 09:25:27,115 INFO  Test final outcome:  PASSED
2022-05-30 09:25:27,116 INFO  
