2022-04-14 07:26:58,816 INFO  ==============================================================
2022-04-14 07:26:58,816 INFO  Id:    docker_plugin_update
2022-04-14 07:26:58,818 INFO  Dir:   plugin_docker/
2022-04-14 07:26:58,818 INFO  Title: Validate docker plugin install updates existing containers
2022-04-14 07:26:58,819 INFO  ==============================================================
2022-04-14 07:26:59,649 INFO  Executed sudo<docker_images>, exit status 0
2022-04-14 07:26:59,654 INFO  Grep on file /home/pi/actions-runner/_work/thin-edge.io/thin-edge.io/tests/PySys/plugin_docker/docker_plugin_update/Output/linux/docker_images.out ... passed
2022-04-14 07:27:23,182 INFO  Executed sudo<docker_run>, exit status 0, duration 23 secs
2022-04-14 07:27:24,305 INFO  Executed sudo<docker_ps>, exit status 0
2022-04-14 07:27:24,315 INFO  Grep on file /home/pi/actions-runner/_work/thin-edge.io/thin-edge.io/tests/PySys/plugin_docker/docker_plugin_update/Output/linux/docker_ps.out ... passed
2022-04-14 07:27:51,127 INFO  Executed sudo<plugin_install>, exit status 0, duration 26 secs
2022-04-14 07:27:51,946 INFO  Executed sudo<docker_ps_latest>, exit status 0
2022-04-14 07:27:52,762 INFO  Executed sudo<docker_ps>, exit status 0
2022-04-14 07:27:52,766 INFO  Grep on file /home/pi/actions-runner/_work/thin-edge.io/thin-edge.io/tests/PySys/plugin_docker/docker_plugin_update/Output/linux/docker_ps.out ... passed
2022-04-14 07:27:53,630 INFO  Executed sudo<docker_ps>, exit status 0
2022-04-14 07:27:53,652 INFO  Grep on file /home/pi/actions-runner/_work/thin-edge.io/thin-edge.io/tests/PySys/plugin_docker/docker_plugin_update/Output/linux/docker_ps.out ... passed
2022-04-14 07:27:53,660 INFO  
2022-04-14 07:27:53,661 INFO  cleanup:
2022-04-14 07:27:53,663 INFO  Removing containers scheduled to be cleaned up: ['7757715e4381', '26587cc7a1df', '47196754dfee0cb003cd7dd3b6f971206f6a3239ccbc4eddf479f28628521f8b\n', '74a0ad672e07c11e5a6ba00d72eb0c056c1f95de7e16c78796f176c11ad5f5aa\n', '68886062f8390b0d69d577bb055b3c797df2e4db4153a90d39878fa38bc9c4b1\n', '2e83efb8708f']
2022-04-14 07:27:56,998 WARN  Executed sudo<containers_for_cleanup>, exit status 1
2022-04-14 07:27:56,999 INFO  Removing images scheduled to be cleaned up: ['registry', 'registry', 'registry:2.7.1', 'registry', 'registry:2.7.1', 'registry:2.6.2', 'registry:2.7.1']
2022-04-14 07:28:03,493 INFO  Executed sudo<containers_for_cleanup>, exit status 0
2022-04-14 07:28:03,497 INFO  
2022-04-14 07:28:03,498 INFO  Test duration: 64.69 secs
2022-04-14 07:28:03,499 INFO  Test final outcome:  PASSED
2022-04-14 07:28:03,500 INFO  
