2022-05-11 11:58:53,822 INFO  ==============================================================
2022-05-11 11:58:53,823 INFO  Id:    apt_sequence_install_with_version
2022-05-11 11:58:53,824 INFO  Dir:   plugin_apt/
2022-05-11 11:58:53,825 INFO  Title: Validate apt plugin install with version use case
2022-05-11 11:58:53,826 INFO  ==============================================================
2022-05-11 11:58:58,763 INFO  Executed sudo, exit status 0
2022-05-11 11:59:01,336 INFO  Executed sudo<outp_check_0>, exit status 0
2022-05-11 11:59:01,338 INFO  Assert that (value==0) with value=0 ... passed
2022-05-11 11:59:01,344 INFO  Grep on file outp_check_0.out ... passed
2022-05-11 11:59:19,802 INFO  Executed sudo<outp_prepare>, exit status 0, duration 18 secs
2022-05-11 11:59:19,805 INFO  Assert that (value==0) with value=0 ... passed
2022-05-11 12:00:05,449 INFO  Executed sudo<outp_install>, exit status 0, duration 45 secs
2022-05-11 12:00:05,453 INFO  Assert that (value==0) with value=0 ... passed
2022-05-11 12:00:12,874 INFO  Executed sudo<outp_finalize>, exit status 0
2022-05-11 12:00:12,877 INFO  Assert that (value==0) with value=0 ... passed
2022-05-11 12:00:15,659 INFO  Executed sudo<outp_check_1>, exit status 0
2022-05-11 12:00:15,661 INFO  Assert that (value==0) with value=0 ... passed
2022-05-11 12:00:15,667 INFO  Grep on file outp_check_1.out ... passed
2022-05-11 12:00:15,674 INFO  Grep on file outp_check_1.out ... passed
2022-05-11 12:00:15,680 INFO  
2022-05-11 12:00:15,680 INFO  cleanup:
2022-05-11 12:00:29,328 INFO  Executed sudo, exit status 0, duration 13 secs
2022-05-11 12:00:29,331 INFO  
2022-05-11 12:00:29,332 INFO  Test duration: 95.52 secs
2022-05-11 12:00:29,334 INFO  Test final outcome:  PASSED
2022-05-11 12:00:29,335 INFO  
