2022-05-23 09:47:49,132 INFO  ==============================================================
2022-05-23 09:47:49,132 INFO  Id:    SoftwareManagement.sm_apt_install_remove_multiple_mixed
2022-05-23 09:47:49,132 INFO  Dir:   software_management_end_to_end/
2022-05-23 09:47:49,132 INFO  Title: Validate end to end behaviour for the apt plugin for multiple packages with mixed versions
2022-05-23 09:47:49,133 INFO  ==============================================================
2022-05-23 09:47:49,134 INFO  Using sw id database: {'asciijump': '5475369', 'robotfindskitten': '5474869', 'squirrel3': '5475279', 'rolldice': '5152439', 'moon-buggy': '5439204', 'apple': '5495053', 'banana': '5494888', 'cherry': '5495382', 'watermelon': '5494510', 'registry': '8018911', 'hello-world': '8021526', 'docker/getting-started': '8021973', 'alpine': '7991792'}
2022-05-23 09:47:49,134 INFO  EnvironmentC8y Setup
2022-05-23 09:47:49,236 INFO  Executed systemctl<serv_mapper1>, exit status 3
2022-05-23 09:47:49,254 INFO  Restarting mosquitto too frequently in the last 10 seconds. It was only up for 1 seconds
2022-05-23 09:47:49,254 INFO  Delaying execution by 10 seconds
2022-05-23 09:48:17,699 INFO  Executed sudo<tedge_connect_c8y>, exit status 0, duration 18 secs
2022-05-23 09:48:17,901 INFO  Executed sudo<tedge_connect_c8y_test>, exit status 0
2022-05-23 09:48:18,004 INFO  Executed systemctl<serv_mosq2>, exit status 0
2022-05-23 09:48:18,107 INFO  Executed systemctl<serv_mapper3>, exit status 0
2022-05-23 09:48:20,264 INFO  State of current operation: EXECUTING
2022-05-23 09:48:22,417 INFO  State of current operation: EXECUTING
2022-05-23 09:48:24,596 INFO  State of current operation: EXECUTING
2022-05-23 09:48:26,765 INFO  State of current operation: EXECUTING
2022-05-23 09:48:28,923 INFO  State of current operation: EXECUTING
2022-05-23 09:48:31,077 INFO  State of current operation: EXECUTING
2022-05-23 09:48:33,233 INFO  State of current operation: EXECUTING
2022-05-23 09:48:35,388 INFO  State of current operation: EXECUTING
2022-05-23 09:48:37,548 INFO  State of current operation: EXECUTING
2022-05-23 09:48:39,727 INFO  State of current operation: EXECUTING
2022-05-23 09:48:41,883 INFO  State of current operation: EXECUTING
2022-05-23 09:48:44,038 INFO  State of current operation: EXECUTING
2022-05-23 09:48:46,198 INFO  State of current operation: EXECUTING
2022-05-23 09:48:48,384 INFO  State of current operation: EXECUTING
2022-05-23 09:48:50,549 INFO  State of current operation: EXECUTING
2022-05-23 09:48:52,707 INFO  State of current operation: EXECUTING
2022-05-23 09:48:54,863 INFO  State of current operation: EXECUTING
2022-05-23 09:48:57,027 INFO  State of current operation: EXECUTING
2022-05-23 09:48:59,183 INFO  State of current operation: EXECUTING
2022-05-23 09:49:01,343 INFO  State of current operation: EXECUTING
2022-05-23 09:49:03,518 INFO  State of current operation: EXECUTING
2022-05-23 09:49:05,672 INFO  State of current operation: EXECUTING
2022-05-23 09:49:07,846 INFO  State of current operation: EXECUTING
2022-05-23 09:49:10,049 INFO  State of current operation: EXECUTING
2022-05-23 09:49:12,263 INFO  State of current operation: EXECUTING
2022-05-23 09:49:14,443 INFO  State of current operation: EXECUTING
2022-05-23 09:49:16,597 INFO  State of current operation: EXECUTING
2022-05-23 09:49:18,753 INFO  State of current operation: EXECUTING
2022-05-23 09:49:20,911 INFO  State of current operation: EXECUTING
2022-05-23 09:49:23,068 INFO  State of current operation: EXECUTING
2022-05-23 09:49:25,227 INFO  State of current operation: EXECUTING
2022-05-23 09:49:27,384 INFO  State of current operation: EXECUTING
2022-05-23 09:49:29,551 INFO  State of current operation: EXECUTING
2022-05-23 09:49:31,707 INFO  State of current operation: EXECUTING
2022-05-23 09:49:33,863 INFO  State of current operation: EXECUTING
2022-05-23 09:49:36,021 INFO  State of current operation: EXECUTING
2022-05-23 09:49:38,209 INFO  State of current operation: EXECUTING
2022-05-23 09:49:40,364 INFO  State of current operation: EXECUTING
2022-05-23 09:49:42,535 INFO  State of current operation: EXECUTING
2022-05-23 09:49:44,689 INFO  State of current operation: EXECUTING
2022-05-23 09:49:46,846 INFO  State of current operation: EXECUTING
2022-05-23 09:49:49,001 INFO  State of current operation: EXECUTING
2022-05-23 09:49:51,158 INFO  State of current operation: EXECUTING
2022-05-23 09:49:53,312 INFO  State of current operation: EXECUTING
2022-05-23 09:49:55,469 INFO  State of current operation: EXECUTING
2022-05-23 09:49:57,627 INFO  State of current operation: EXECUTING
2022-05-23 09:49:59,630 WARN  SystemError occurred while running test - Timeout while waiting for status FAILED or SUCCESSFUL
Traceback (most recent call last):
  File "/home/pi/env-pysys/lib/python3.8/site-packages/pysys/baserunner.py", line 1292, in __call__
    self.testObj.setup()
  File "/home/pi/actions-runner/_work/thin-edge.io/thin-edge.io/tests/PySys/software_management_end_to_end/sm_apt_install_remove_multiple_mixed/run.py", line 73, in setup
    super().setup()
  File "/home/pi/actions-runner/_work/thin-edge.io/thin-edge.io/tests/PySys/software_management_end_to_end/environment_sm_management.py", line 151, in setup
    self.wait_until_end()
  File "/home/pi/actions-runner/_work/thin-edge.io/thin-edge.io/tests/PySys/software_management_end_to_end/environment_sm_management.py", line 332, in wait_until_end
    self.wait_until_status("FAILED", "SUCCESSFUL")
  File "/home/pi/actions-runner/_work/thin-edge.io/thin-edge.io/tests/PySys/software_management_end_to_end/environment_sm_management.py", line 380, in wait_until_status
    raise SystemError(
SystemError: Timeout while waiting for status FAILED or SUCCESSFUL
2022-05-23 09:49:59,632 WARN  SystemError: Timeout while waiting for status FAILED or SUCCESSFUL ... blocked 
2022-05-23 09:49:59,632 INFO  
2022-05-23 09:49:59,632 INFO  cleanup:
2022-05-23 09:50:10,907 INFO  Executed sudo<tedge_disconnect_c8y>, exit status 0, duration 11 secs
2022-05-23 09:50:11,010 INFO  Executed systemctl<serv_mapper5>, exit status 3
2022-05-23 09:50:11,010 INFO  
2022-05-23 09:50:11,011 INFO  Test duration: 141.87 secs
2022-05-23 09:50:11,011 INFO  Test final outcome:  BLOCKED
2022-05-23 09:50:11,011 INFO  Test outcome reason: SystemError: Timeout while waiting for status FAILED or SUCCESSFUL
2022-05-23 09:50:11,011 INFO  
