2022-04-07 16:26:47,123 INFO  ==============================================================
2022-04-07 16:26:47,124 INFO  Id:    call_tedge_-V
2022-04-07 16:26:47,125 INFO  Dir:   tedge/
2022-04-07 16:26:47,126 INFO  Title: Validate command line option -V
2022-04-07 16:26:47,126 DEBUG Execution order hint: 0.0
2022-04-07 16:26:47,127 INFO  ==============================================================
2022-04-07 16:26:47,232 DEBUG --- test execute
2022-04-07 16:26:47,235 DEBUG Process parameters for tedge
  command line : /usr/bin/tedge -V
    arg #1     : -V
  working dir  : /home/pi/actions-runner/_work/thin-edge.io/thin-edge.io/tests/PySys/tedge/call_tedge_-V/Output/linux
  stdout       : /home/pi/actions-runner/_work/thin-edge.io/thin-edge.io/tests/PySys/tedge/call_tedge_-V/Output/linux/tedge.out
  stderr       : /home/pi/actions-runner/_work/thin-edge.io/thin-edge.io/tests/PySys/tedge/call_tedge_-V/Output/linux/tedge.err
  environment  : LD_LIBRARY_PATH=/usr/lib
  environment  : PATH=/bin:/usr/bin:/usr/sbin:/usr/local/bin
                   #1  /bin
                   #2  /usr/bin
                   #3  /usr/sbin
                   #4  /usr/local/bin
2022-04-07 16:26:47,242 DEBUG Waiting up to 600 secs for process tedge (pid 1959)
2022-04-07 16:26:47,649 INFO  Executed tedge, exit status 0
2022-04-07 16:26:47,650 DEBUG --- test validate
2022-04-07 16:26:47,651 DEBUG Performing regex contains=True grep on file: /home/pi/actions-runner/_work/thin-edge.io/thin-edge.io/tests/PySys/tedge/call_tedge_-V/Output/linux/tedge.out
2022-04-07 16:26:47,656 DEBUG Grep on file tedge.out successfully matched expression "tedge 0.6.1" with line: 'tedge 0.6.1\n'
2022-04-07 16:26:47,657 INFO  Grep on file tedge.out ... passed
2022-04-07 16:26:47,662 DEBUG --- test cleanup
2022-04-07 16:26:47,663 DEBUG ProcessUser cleanup function done.
2022-04-07 16:26:47,666 INFO  
2022-04-07 16:26:47,667 INFO  Test duration: 0.55 secs
2022-04-07 16:26:47,668 INFO  Test final outcome:  PASSED
2022-04-07 16:26:47,669 INFO  
