2022-05-03 08:08:14,176 INFO  ==============================================================
2022-05-03 08:08:14,177 INFO  Id:    tedge_mapper_c8y_child_device_measurement
2022-05-03 08:08:14,178 INFO  Dir:   tedge_mapper_c8y/
2022-05-03 08:08:14,179 INFO  Title: Validate that measurements sent to tedge/measurements/child topic gets mapped as the child device's measurement in Cumulocity
2022-05-03 08:08:14,180 INFO  ==============================================================
2022-05-03 08:08:14,208 INFO  EnvironmentC8y Setup
2022-05-03 08:08:14,776 INFO  Executed systemctl<serv_mapper1>, exit status 3
2022-05-03 08:08:14,882 INFO  Restarting mosquitto too frequently in the last 10 seconds. It was only up for 4 seconds
2022-05-03 08:08:14,884 INFO  Delaying execution by 7 seconds
2022-05-03 08:08:36,348 INFO  Executed sudo<tedge_connect_c8y>, exit status 0, duration 14 secs
2022-05-03 08:08:36,964 INFO  Executed sudo<tedge_connect_c8y_test>, exit status 0
2022-05-03 08:08:37,427 INFO  Executed systemctl<serv_mosq2>, exit status 0
2022-05-03 08:08:37,892 INFO  Executed systemctl<serv_mapper3>, exit status 0
2022-05-03 08:08:38,562 INFO  Assert that (actual == expected) with actual=None, expected=None ... passed
2022-05-03 08:08:39,027 INFO  Executed tedge_pub, exit status 0
2022-05-03 08:08:39,642 INFO  Executed tedge_pub, exit status 0
2022-05-03 08:08:40,159 INFO  Executed tedge_pub, exit status 0
2022-05-03 08:08:40,571 INFO  Executed tedge_pub, exit status 0
2022-05-03 08:08:41,011 INFO  Executed tedge_pub, exit status 0
2022-05-03 08:08:43,756 INFO  {
    "self": "https://t493319102.eu-latest.cumulocity.com/measurement/measurements/18259752",
    "time": "2022-05-03T08:08:40.976Z",
    "id": "18259752",
    "source": {
        "self": "https://t493319102.eu-latest.cumulocity.com/inventory/managedObjects/18259746",
        "id": "18259746"
    },
    "type": "ThinEdgeMeasurement",
    "temperature": {
        "temperature": {
            "value": 10.0
        }
    }
}
2022-05-03 08:08:43,758 INFO  Assert that (actual == expected) with actual="ThinEdgeMeasurement", expected="ThinEdgeMeasurement" ... passed
2022-05-03 08:08:43,759 INFO  Assert that (actual == expected) with actual=10.0, expected=10 ... passed
2022-05-03 08:08:43,761 INFO  {
    "self": "https://t493319102.eu-latest.cumulocity.com/measurement/measurements/18259748",
    "time": "2022-05-03T08:08:39.627Z",
    "id": "18259748",
    "source": {
        "self": "https://t493319102.eu-latest.cumulocity.com/inventory/managedObjects/18259746",
        "id": "18259746"
    },
    "type": "ThinEdgeMeasurement",
    "temperature": {
        "temperature": {
            "value": 11.0
        }
    }
}
2022-05-03 08:08:43,763 INFO  Assert that (actual == expected) with actual="ThinEdgeMeasurement", expected="ThinEdgeMeasurement" ... passed
2022-05-03 08:08:43,764 INFO  Assert that (actual == expected) with actual=11.0, expected=11 ... passed
2022-05-03 08:08:43,766 INFO  {
    "self": "https://t493319102.eu-latest.cumulocity.com/measurement/measurements/18259747",
    "time": "2021-01-01T10:10:10.100+02:00",
    "id": "18259747",
    "source": {
        "self": "https://t493319102.eu-latest.cumulocity.com/inventory/managedObjects/18259746",
        "id": "18259746"
    },
    "type": "ThinEdgeMeasurement",
    "temperature": {
        "temperature": {
            "value": 12.0
        }
    }
}
2022-05-03 08:08:43,767 INFO  Assert that (actual == expected) with actual="ThinEdgeMeasurement", expected="ThinEdgeMeasurement" ... passed
2022-05-03 08:08:43,768 INFO  Assert that (actual == expected) with actual=12.0, expected=12 ... passed
2022-05-03 08:08:43,770 INFO  Assert that (actual == expected) with actual="2021-01-01T10:10:10.100+02:00", expected="2021-01-01T10:10:10.100+02:00" ... passed
2022-05-03 08:08:43,977 INFO  {
    "self": "https://t493319102.eu-latest.cumulocity.com/measurement/measurements/18259751",
    "time": "2022-05-03T08:08:40.553Z",
    "id": "18259751",
    "source": {
        "self": "https://t493319102.eu-latest.cumulocity.com/inventory/managedObjects/18259750",
        "id": "18259750"
    },
    "type": "ThinEdgeMeasurement",
    "temperature": {
        "temperature": {
            "value": 6.0
        }
    }
}
2022-05-03 08:08:43,979 INFO  Assert that (actual == expected) with actual="ThinEdgeMeasurement", expected="ThinEdgeMeasurement" ... passed
2022-05-03 08:08:43,980 INFO  Assert that (actual == expected) with actual=6.0, expected=6 ... passed
2022-05-03 08:08:44,189 INFO  {
    "self": "https://t493319102.eu-latest.cumulocity.com/measurement/measurements/18259749",
    "time": "2022-05-03T08:08:40.120Z",
    "id": "18259749",
    "source": {
        "self": "https://t493319102.eu-latest.cumulocity.com/inventory/managedObjects/18233696",
        "id": "18233696"
    },
    "type": "ThinEdgeMeasurement",
    "temperature": {
        "temperature": {
            "value": 5.0
        }
    }
}
2022-05-03 08:08:44,191 INFO  Assert that (actual == expected) with actual="ThinEdgeMeasurement", expected="ThinEdgeMeasurement" ... passed
2022-05-03 08:08:44,192 INFO  Assert that (actual == expected) with actual=5.0, expected=5 ... passed
2022-05-03 08:08:44,201 INFO  
2022-05-03 08:08:44,202 INFO  cleanup:
2022-05-03 08:08:48,520 INFO  Executed sudo<tedge_disconnect_c8y>, exit status 0
2022-05-03 08:08:49,138 INFO  Executed systemctl<serv_mapper5>, exit status 3
2022-05-03 08:08:49,144 INFO  
2022-05-03 08:08:49,146 INFO  Test duration: 34.97 secs
2022-05-03 08:08:49,148 INFO  Test final outcome:  PASSED
2022-05-03 08:08:49,150 INFO  
