$SYS/broker/version mosquitto version 1.5.7
$SYS/broker/uptime 11 seconds
$SYS/broker/clients/total 7
$SYS/broker/clients/maximum 7
$SYS/broker/clients/inactive 4
$SYS/broker/clients/disconnected 4
$SYS/broker/clients/active 3
$SYS/broker/clients/connected 3
$SYS/broker/clients/expired 0
$SYS/broker/load/messages/received/1min 31.98
$SYS/broker/load/messages/received/5min 6.87
$SYS/broker/load/messages/received/15min 2.32
$SYS/broker/load/messages/sent/1min 31.98
$SYS/broker/load/messages/sent/5min 6.87
$SYS/broker/load/messages/sent/15min 2.32
$SYS/broker/load/publish/dropped/1min 0.00
$SYS/broker/load/publish/dropped/5min 0.00
$SYS/broker/load/publish/dropped/15min 0.00
$SYS/broker/load/publish/received/1min 7.31
$SYS/broker/load/publish/received/5min 1.57
$SYS/broker/load/publish/received/15min 0.53
$SYS/broker/load/publish/sent/1min 0.00
$SYS/broker/load/publish/sent/5min 0.00
$SYS/broker/load/publish/sent/15min 0.00
$SYS/broker/load/bytes/received/1min 2271.43
$SYS/broker/load/bytes/received/5min 488.20
$SYS/broker/load/bytes/received/15min 164.72
$SYS/broker/load/bytes/sent/1min 1946.15
$SYS/broker/load/bytes/sent/5min 418.28
$SYS/broker/load/bytes/sent/15min 141.14
$SYS/broker/load/sockets/1min 2.74
$SYS/broker/load/sockets/5min 0.59
$SYS/broker/load/sockets/15min 0.20
$SYS/broker/load/connections/1min 2.74
$SYS/broker/load/connections/5min 0.59
$SYS/broker/load/connections/15min 0.20
$SYS/broker/messages/stored 53
$SYS/broker/messages/received 35
$SYS/broker/messages/sent 35
$SYS/broker/store/messages/count 53
$SYS/broker/store/messages/bytes 195
$SYS/broker/subscriptions/count 36
$SYS/broker/retained messages/count 53
$SYS/broker/heap/current 52600
$SYS/broker/heap/maximum 54468
$SYS/broker/publish/messages/dropped 0
$SYS/broker/publish/messages/received 8
$SYS/broker/publish/messages/sent 0
$SYS/broker/publish/bytes/received 1733
$SYS/broker/publish/bytes/sent 1703
$SYS/broker/bytes/received 2486
$SYS/broker/bytes/sent 2130
$SYS/broker/uptime 22 seconds
$SYS/broker/clients/total 9
$SYS/broker/clients/maximum 9
$SYS/broker/clients/inactive 2
$SYS/broker/clients/disconnected 2
$SYS/broker/clients/active 7
$SYS/broker/clients/connected 7
$SYS/broker/load/messages/received/1min 1814.71
$SYS/broker/load/messages/sent/1min 1146.80
$SYS/broker/load/publish/received/1min 1250.53
$SYS/broker/load/publish/sent/1min 47.51
$SYS/broker/load/bytes/received/1min 190488.85
$SYS/broker/load/bytes/sent/1min 147386.22
$SYS/broker/load/sockets/1min 7.76
$SYS/broker/load/connections/1min 7.76
$SYS/broker/load/messages/received/5min 390.94
$SYS/broker/load/messages/sent/5min 247.38
$SYS/broker/load/publish/received/5min 268.98
$SYS/broker/load/publish/sent/5min 10.21
$SYS/broker/load/bytes/received/5min 41005.73
$SYS/broker/load/bytes/sent/5min 31732.54
$SYS/broker/load/sockets/5min 1.75
$SYS/broker/load/connections/5min 1.75
$SYS/broker/load/messages/received/15min 131.96
$SYS/broker/load/messages/sent/15min 83.53
$SYS/broker/load/publish/received/15min 90.77
$SYS/broker/load/publish/sent/15min 3.45
$SYS/broker/load/bytes/received/15min 13839.90
$SYS/broker/load/bytes/sent/15min 10710.42
$SYS/broker/load/sockets/15min 0.59
$SYS/broker/load/connections/15min 0.59
$SYS/broker/messages/stored 55
$SYS/broker/store/messages/count 55
$SYS/broker/store/messages/bytes 706
$SYS/broker/subscriptions/count 38
$SYS/broker/heap/current 56924
$SYS/broker/heap/maximum 57120
$SYS/broker/messages/received 1992
$SYS/broker/messages/sent 1261
$SYS/broker/publish/messages/received 1370
$SYS/broker/publish/messages/sent 52
$SYS/broker/bytes/received 208900
$SYS/broker/bytes/sent 161666
$SYS/broker/publish/bytes/received 154525
$SYS/broker/publish/bytes/sent 138803
$SYS/broker/uptime 33 seconds
$SYS/broker/load/messages/received/1min 4707.72
$SYS/broker/load/messages/sent/1min 2964.82
$SYS/broker/load/publish/received/1min 3253.09
$SYS/broker/load/publish/sent/1min 80.67
$SYS/broker/load/bytes/received/1min 501663.46
$SYS/broker/load/bytes/sent/1min 388767.11
$SYS/broker/load/sockets/1min 6.46
$SYS/broker/load/connections/1min 6.46
$SYS/broker/load/messages/received/5min 1063.99
$SYS/broker/load/messages/sent/5min 670.51
$SYS/broker/load/publish/received/5min 734.73
$SYS/broker/load/publish/sent/5min 18.68
$SYS/broker/load/bytes/received/5min 113267.89
$SYS/broker/load/bytes/sent/5min 87776.07
$SYS/broker/load/sockets/5min 1.68
$SYS/broker/load/connections/5min 1.68
$SYS/broker/load/messages/received/15min 362.21
$SYS/broker/load/messages/sent/15min 228.29
$SYS/broker/load/publish/received/15min 250.09
$SYS/broker/load/publish/sent/15min 6.39
$SYS/broker/load/bytes/received/15min 38552.29
$SYS/broker/load/bytes/sent/15min 29875.76
$SYS/broker/messages/stored 54
$SYS/broker/store/messages/count 54
$SYS/broker/store/messages/bytes 575
$SYS/broker/heap/current 56680
$SYS/broker/heap/maximum 58324
$SYS/broker/messages/received 5491
$SYS/broker/messages/sent 3461
$SYS/broker/publish/messages/received 3791
$SYS/broker/publish/messages/sent 97
$SYS/broker/bytes/received 584393
$SYS/broker/bytes/sent 452870
$SYS/broker/publish/bytes/received 435409
$SYS/broker/publish/bytes/sent 390135
$SYS/broker/uptime 44 seconds
$SYS/broker/load/messages/received/1min 7110.64
$SYS/broker/load/messages/sent/1min 4464.59
$SYS/broker/load/publish/received/1min 4918.38
$SYS/broker/load/publish/sent/1min 100.05
$SYS/broker/load/bytes/received/1min 760050.99
$SYS/broker/load/bytes/sent/1min 588450.82
$SYS/broker/load/sockets/1min 5.38
$SYS/broker/load/connections/1min 5.38
$SYS/broker/load/messages/received/5min 1711.63
$SYS/broker/load/messages/sent/5min 1075.45
$SYS/broker/load/publish/received/5min 1183.31
$SYS/broker/load/publish/sent/5min 25.08
$SYS/broker/load/bytes/received/5min 182786.04
$SYS/broker/load/bytes/sent/5min 141530.30
$SYS/broker/load/sockets/5min 1.62
$SYS/broker/load/connections/5min 1.62
$SYS/broker/load/messages/received/15min 589.26
$SYS/broker/load/messages/sent/15min 370.29
$SYS/broker/load/publish/received/15min 407.33
$SYS/broker/load/publish/sent/15min 8.69
$SYS/broker/load/bytes/received/15min 62916.43
$SYS/broker/load/bytes/sent/15min 48716.64
$SYS/broker/messages/stored 55
$SYS/broker/store/messages/count 55
$SYS/broker/store/messages/bytes 730
$SYS/broker/heap/current 57048
$SYS/broker/heap/maximum 60176
$SYS/broker/messages/received 8984
$SYS/broker/messages/sent 5646
$SYS/broker/publish/messages/received 6210
$SYS/broker/publish/messages/sent 133
$SYS/broker/bytes/received 959161
$SYS/broker/bytes/sent 742691
$SYS/broker/publish/bytes/received 715668
$SYS/broker/publish/bytes/sent 640516
$SYS/broker/uptime 55 seconds
$SYS/broker/load/messages/received/1min 9080.90
$SYS/broker/load/messages/sent/1min 5682.98
$SYS/broker/load/publish/received/1min 6289.18
$SYS/broker/load/publish/sent/1min 116.18
$SYS/broker/load/bytes/received/1min 971118.59
$SYS/broker/load/bytes/sent/1min 750764.08
$SYS/broker/load/sockets/1min 4.48
$SYS/broker/load/connections/1min 4.48
$SYS/broker/load/messages/received/5min 2329.47
$SYS/broker/load/messages/sent/5min 1459.34
$SYS/broker/load/publish/received/5min 1612.41
$SYS/broker/load/publish/sent/5min 31.24
$SYS/broker/load/bytes/received/5min 248933.57
$SYS/broker/load/bytes/sent/5min 192506.38
$SYS/broker/load/sockets/5min 1.56
$SYS/broker/load/connections/5min 1.56
$SYS/broker/load/messages/received/15min 811.36
$SYS/broker/load/messages/sent/15min 508.39
$SYS/broker/load/publish/received/15min 561.54
$SYS/broker/load/publish/sent/15min 10.97
$SYS/broker/load/bytes/received/15min 86691.80
$SYS/broker/load/bytes/sent/15min 67044.25
$SYS/broker/store/messages/bytes 732
$SYS/broker/heap/current 56976
$SYS/broker/messages/received 12444
$SYS/broker/messages/sent 7798
$SYS/broker/publish/messages/received 8612
$SYS/broker/publish/messages/sent 169
$SYS/broker/bytes/received 1329510
$SYS/broker/bytes/sent 1028220
$SYS/broker/publish/bytes/received 992133
$SYS/broker/publish/bytes/sent 887177
$SYS/broker/uptime 66 seconds
$SYS/broker/load/messages/received/1min 10753.10
$SYS/broker/load/messages/sent/1min 6726.52
$SYS/broker/load/publish/received/1min 7445.89
$SYS/broker/load/publish/sent/1min 126.87
$SYS/broker/load/bytes/received/1min 1151133.85
$SYS/broker/load/bytes/sent/1min 890206.43
$SYS/broker/load/sockets/1min 3.73
$SYS/broker/load/connections/1min 3.73
$SYS/broker/load/messages/received/5min 2931.95
$SYS/broker/load/messages/sent/5min 1835.69
$SYS/broker/load/publish/received/5min 2029.40
$SYS/broker/load/publish/sent/5min 36.60
$SYS/broker/load/bytes/received/5min 313624.56
$SYS/broker/load/bytes/sent/5min 242575.28
$SYS/broker/load/sockets/5min 1.51
$SYS/broker/load/connections/5min 1.51
$SYS/broker/load/messages/received/15min 1033.09
$SYS/broker/load/messages/sent/15min 646.93
$SYS/broker/load/publish/received/15min 715.01
$SYS/broker/load/publish/sent/15min 13.03
$SYS/broker/load/bytes/received/15min 110490.43
$SYS/broker/load/bytes/sent/15min 85462.37
$SYS/broker/messages/stored 54
$SYS/broker/store/messages/count 54
$SYS/broker/store/messages/bytes 588
$SYS/broker/heap/current 56712
$SYS/broker/messages/received 15939
$SYS/broker/messages/sent 9982
$SYS/broker/publish/messages/received 11031
$SYS/broker/publish/messages/sent 202
$SYS/broker/bytes/received 1704569
$SYS/broker/bytes/sent 1318475
$SYS/broker/publish/bytes/received 1272658
$SYS/broker/publish/bytes/sent 1138024
$SYS/broker/uptime 77 seconds
$SYS/broker/load/messages/received/1min 12148.85
$SYS/broker/load/messages/sent/1min 7587.95
$SYS/broker/load/publish/received/1min 8415.24
$SYS/broker/load/publish/sent/1min 137.60
$SYS/broker/load/bytes/received/1min 1300085.75
$SYS/broker/load/bytes/sent/1min 1004407.77
$SYS/broker/load/sockets/1min 3.10
$SYS/broker/load/connections/1min 3.10
$SYS/broker/load/messages/received/5min 3513.51
$SYS/broker/load/messages/sent/5min 2196.92
$SYS/broker/load/publish/received/5min 2432.75
$SYS/broker/load/publish/sent/5min 42.16
$SYS/broker/load/bytes/received/5min 375791.11
$SYS/broker/load/bytes/sent/5min 290436.83
$SYS/broker/load/sockets/5min 1.45
$SYS/broker/load/connections/5min 1.45
$SYS/broker/load/messages/received/15min 1252.38
$SYS/broker/load/messages/sent/15min 783.25
$SYS/broker/load/publish/received/15min 867.07
$SYS/broker/load/publish/sent/15min 15.19
$SYS/broker/load/bytes/received/15min 133934.03
$SYS/broker/load/bytes/sent/15min 103520.18
$SYS/broker/store/messages/bytes 593
$SYS/broker/heap/current 56644
$SYS/broker/messages/received 19438
$SYS/broker/messages/sent 12158
$SYS/broker/publish/messages/received 13457
$SYS/broker/publish/messages/sent 237
$SYS/broker/bytes/received 2078633
$SYS/broker/bytes/sent 1606669
$SYS/broker/publish/bytes/received 1551786
$SYS/broker/publish/bytes/sent 1387013
$SYS/broker/uptime 88 seconds
$SYS/broker/load/messages/received/1min 13284.30
$SYS/broker/load/messages/sent/1min 8295.95
$SYS/broker/load/publish/received/1min 9208.51
$SYS/broker/load/publish/sent/1min 144.70
$SYS/broker/load/bytes/received/1min 1422773.84
$SYS/broker/load/bytes/sent/1min 1098927.45
$SYS/broker/load/sockets/1min 2.58
$SYS/broker/load/connections/1min 2.58
$SYS/broker/load/messages/received/5min 4068.45
$SYS/broker/load/messages/sent/5min 2543.18
$SYS/broker/load/publish/received/5min 2818.63
$SYS/broker/load/publish/sent/5min 47.12
$SYS/broker/load/bytes/received/5min 435437.30
$SYS/broker/load/bytes/sent/5min 336456.62
$SYS/broker/load/sockets/5min 1.40
$SYS/broker/load/connections/5min 1.40
$SYS/broker/load/messages/received/15min 1467.10
$SYS/broker/load/messages/sent/15min 917.26
$SYS/broker/load/publish/received/15min 1016.29
$SYS/broker/load/publish/sent/15min 17.19
$SYS/broker/load/bytes/received/15min 156997.63
$SYS/broker/load/bytes/sent/15min 121318.61
$SYS/broker/messages/stored 62
$SYS/broker/store/messages/count 62
$SYS/broker/store/messages/bytes 2950
$SYS/broker/heap/current 60516
$SYS/broker/heap/maximum 60708
$SYS/broker/messages/received 22908
$SYS/broker/messages/sent 14324
$SYS/broker/publish/messages/received 15868
$SYS/broker/publish/messages/sent 270
$SYS/broker/bytes/received 2451260
$SYS/broker/bytes/sent 1894259
$SYS/broker/publish/bytes/received 1830232
$SYS/broker/publish/bytes/sent 1635542
$SYS/broker/uptime 99 seconds
$SYS/broker/load/messages/received/1min 14234.12
$SYS/broker/load/messages/sent/1min 8879.86
$SYS/broker/load/publish/received/1min 9864.33
$SYS/broker/load/publish/sent/1min 153.36
$SYS/broker/load/bytes/received/1min 1523884.45
$SYS/broker/load/bytes/sent/1min 1176724.26
$SYS/broker/load/sockets/1min 2.15
$SYS/broker/load/connections/1min 2.15
$SYS/broker/load/messages/received/5min 4604.39
$SYS/broker/load/messages/sent/5min 2875.79
$SYS/broker/load/publish/received/5min 3189.63
$SYS/broker/load/publish/sent/5min 52.49
$SYS/broker/load/bytes/received/5min 492715.55
$SYS/broker/load/bytes/sent/5min 380628.32
$SYS/broker/load/sockets/5min 1.35
$SYS/broker/load/connections/5min 1.35
$SYS/broker/load/messages/received/15min 1679.53
$SYS/broker/load/messages/sent/15min 1049.24
$SYS/broker/load/publish/received/15min 1163.37
$SYS/broker/load/publish/sent/15min 19.37
$SYS/broker/load/bytes/received/15min 179706.64
$SYS/broker/load/bytes/sent/15min 138836.29
$SYS/broker/messages/stored 55
$SYS/broker/store/messages/count 55
$SYS/broker/store/messages/bytes 747
$SYS/broker/heap/current 57024
$SYS/broker/heap/maximum 61428
$SYS/broker/messages/received 26383
$SYS/broker/messages/sent 16484
$SYS/broker/publish/messages/received 18274
$SYS/broker/publish/messages/sent 306
$SYS/broker/bytes/received 2822764
$SYS/broker/bytes/sent 2180875
$SYS/broker/publish/bytes/received 2107674
$SYS/broker/publish/bytes/sent 1883148
$SYS/broker/uptime 110 seconds
$SYS/broker/load/messages/received/1min 15029.40
$SYS/broker/load/messages/sent/1min 9376.93
$SYS/broker/load/publish/received/1min 10415.78
$SYS/broker/load/publish/sent/1min 160.56
$SYS/broker/load/bytes/received/1min 1609515.42
$SYS/broker/load/bytes/sent/1min 1242972.29
$SYS/broker/load/sockets/1min 1.79
$SYS/broker/load/connections/1min 1.79
$SYS/broker/load/messages/received/5min 5122.01
$SYS/broker/load/messages/sent/5min 3198.79
$SYS/broker/load/publish/received/5min 3548.46
$SYS/broker/load/publish/sent/5min 57.67
$SYS/broker/load/bytes/received/5min 548244.86
$SYS/broker/load/bytes/sent/5min 423528.44
$SYS/broker/load/sockets/5min 1.30
$SYS/broker/load/connections/5min 1.30
$SYS/broker/load/messages/received/15min 1889.72
$SYS/broker/load/messages/sent/15min 1180.41
$SYS/broker/load/publish/received/15min 1309.06
$SYS/broker/load/publish/sent/15min 21.52
$SYS/broker/load/bytes/received/15min 202245.48
$SYS/broker/load/bytes/sent/15min 156248.71
$SYS/broker/store/messages/bytes 749
$SYS/broker/heap/current 56968
$SYS/broker/heap/maximum 61672
$SYS/broker/messages/received 29863
$SYS/broker/messages/sent 18656
$SYS/broker/publish/messages/received 20686
$SYS/broker/publish/messages/sent 342
$SYS/broker/bytes/received 3195863
$SYS/broker/bytes/sent 2469114
$SYS/broker/publish/bytes/received 2386514
$SYS/broker/publish/bytes/sent 2132164
$SYS/broker/uptime 121 seconds
$SYS/broker/load/messages/received/1min 15673.20
$SYS/broker/load/messages/sent/1min 9770.64
$SYS/broker/load/publish/received/1min 10865.71
$SYS/broker/load/publish/sent/1min 164.73
$SYS/broker/load/bytes/received/1min 1678371.07
$SYS/broker/load/bytes/sent/1min 1295607.77
$SYS/broker/load/sockets/1min 1.49
$SYS/broker/load/connections/1min 1.49
$SYS/broker/load/messages/received/5min 5617.07
$SYS/broker/load/messages/sent/5min 3505.84
$SYS/broker/load/publish/received/5min 3892.41
$SYS/broker/load/publish/sent/5min 62.27
$SYS/broker/load/bytes/received/5min 601252.40
$SYS/broker/load/bytes/sent/5min 464343.42
$SYS/broker/load/sockets/5min 1.26
$SYS/broker/load/connections/5min 1.26
$SYS/broker/load/messages/received/15min 2096.02
$SYS/broker/load/messages/sent/15min 1308.53
$SYS/broker/load/publish/received/15min 1452.32
$SYS/broker/load/publish/sent/15min 23.51
$SYS/broker/load/bytes/received/15min 224334.20
$SYS/broker/load/bytes/sent/15min 173267.19
$SYS/broker/heap/current 56940
$SYS/broker/messages/received 33323
$SYS/broker/messages/sent 20806
$SYS/broker/publish/messages/received 23088
$SYS/broker/publish/messages/sent 376
$SYS/broker/bytes/received 3566301
$SYS/broker/bytes/sent 2754600
$SYS/broker/publish/bytes/received 2663068
$SYS/broker/publish/bytes/sent 2378849
$SYS/broker/uptime 132 seconds
$SYS/broker/load/messages/received/1min 16243.87
$SYS/broker/load/messages/sent/1min 10131.28
$SYS/broker/load/publish/received/1min 11255.82
$SYS/broker/load/publish/sent/1min 166.37
$SYS/broker/load/bytes/received/1min 1739887.50
$SYS/broker/load/bytes/sent/1min 1343776.39
$SYS/broker/load/sockets/1min 1.24
$SYS/broker/load/connections/1min 1.24
$SYS/broker/load/messages/received/5min 6101.77
$SYS/broker/load/messages/sent/5min 3808.90
$SYS/broker/load/publish/received/5min 4227.31
$SYS/broker/load/publish/sent/5min 66.31
$SYS/broker/load/bytes/received/5min 653253.11
$SYS/broker/load/bytes/sent/5min 504623.90
$SYS/broker/load/sockets/5min 1.21
$SYS/broker/load/connections/5min 1.21
$SYS/broker/load/messages/received/15min 2302.34
$SYS/broker/load/messages/sent/15min 1437.48
$SYS/broker/load/publish/received/15min 1594.96
$SYS/broker/load/publish/sent/15min 25.34
$SYS/broker/load/bytes/received/15min 246458.78
$SYS/broker/load/bytes/sent/15min 190394.40
$SYS/broker/messages/stored 54
$SYS/broker/store/messages/count 54
$SYS/broker/store/messages/bytes 599
$SYS/broker/heap/current 56700
$SYS/broker/messages/received 36821
$SYS/broker/messages/sent 22992
$SYS/broker/publish/messages/received 25507
$SYS/broker/publish/messages/sent 408
$SYS/broker/bytes/received 3941330
$SYS/broker/bytes/sent 3044847
$SYS/broker/publish/bytes/received 2943557
$SYS/broker/publish/bytes/sent 2629718
$SYS/broker/uptime 143 seconds
$SYS/broker/clients/total 8
$SYS/broker/clients/inactive 3
$SYS/broker/clients/disconnected 3
$SYS/broker/clients/active 5
$SYS/broker/clients/connected 5
$SYS/broker/load/messages/received/1min 15973.38
$SYS/broker/load/messages/sent/1min 9822.09
$SYS/broker/load/publish/received/1min 11140.17
$SYS/broker/load/publish/sent/1min 170.48
$SYS/broker/load/bytes/received/1min 1700111.59
$SYS/broker/load/bytes/sent/1min 1301891.12
$SYS/broker/load/sockets/1min 1.03
$SYS/broker/load/connections/1min 1.03
$SYS/broker/load/messages/received/5min 6408.78
$SYS/broker/load/messages/sent/5min 3970.07
$SYS/broker/load/publish/received/5min 4455.50
$SYS/broker/load/publish/sent/5min 70.80
$SYS/broker/load/bytes/received/5min 683825.77
$SYS/broker/load/bytes/sent/5min 525833.21
$SYS/broker/load/sockets/5min 1.17
$SYS/broker/load/connections/5min 1.17
$SYS/broker/load/messages/received/15min 2452.08
$SYS/broker/load/messages/sent/15min 1520.67
$SYS/broker/load/publish/received/15min 1703.93
$SYS/broker/load/publish/sent/15min 27.35
$SYS/broker/load/bytes/received/15min 261716.15
$SYS/broker/load/bytes/sent/15min 201367.96
$SYS/broker/messages/stored 53
$SYS/broker/store/messages/count 53
$SYS/broker/store/messages/bytes 283
$SYS/broker/subscriptions/count 37
$SYS/broker/heap/current 55944
$SYS/broker/messages/received 39503
$SYS/broker/messages/sent 24511
$SYS/broker/publish/messages/received 27444
$SYS/broker/publish/messages/sent 443
$SYS/broker/bytes/received 4216776
$SYS/broker/bytes/sent 3245364
$SYS/broker/publish/bytes/received 3143078
$SYS/broker/publish/bytes/sent 2802638
$SYS/broker/version mosquitto version 1.5.7
$SYS/broker/uptime 0 seconds
$SYS/broker/clients/total 6
$SYS/broker/clients/maximum 6
$SYS/broker/clients/inactive 6
$SYS/broker/clients/disconnected 6
$SYS/broker/clients/active 0
$SYS/broker/clients/connected 0
$SYS/broker/clients/expired 0
$SYS/broker/load/messages/received/1min 0.00
$SYS/broker/load/messages/received/5min 0.00
$SYS/broker/load/messages/received/15min 0.00
$SYS/broker/load/messages/sent/1min 0.00
$SYS/broker/load/messages/sent/5min 0.00
$SYS/broker/load/messages/sent/15min 0.00
$SYS/broker/load/publish/dropped/1min 0.00
$SYS/broker/load/publish/dropped/5min 0.00
$SYS/broker/load/publish/dropped/15min 0.00
$SYS/broker/load/publish/received/1min 0.00
$SYS/broker/load/publish/received/5min 0.00
$SYS/broker/load/publish/received/15min 0.00
$SYS/broker/load/publish/sent/1min 0.00
$SYS/broker/load/publish/sent/5min 0.00
$SYS/broker/load/publish/sent/15min 0.00
$SYS/broker/load/bytes/received/1min 0.00
$SYS/broker/load/bytes/received/5min 0.00
$SYS/broker/load/bytes/received/15min 0.00
$SYS/broker/load/bytes/sent/1min 0.00
$SYS/broker/load/bytes/sent/5min 0.00
$SYS/broker/load/bytes/sent/15min 0.00
$SYS/broker/load/sockets/1min 0.00
$SYS/broker/load/sockets/5min 0.00
$SYS/broker/load/sockets/15min 0.00
$SYS/broker/load/connections/1min 0.00
$SYS/broker/load/connections/5min 0.00
$SYS/broker/load/connections/15min 0.00
$SYS/broker/messages/stored 37
$SYS/broker/messages/received 0
$SYS/broker/messages/sent 0
$SYS/broker/store/messages/count 37
$SYS/broker/store/messages/bytes 152
$SYS/broker/subscriptions/count 35
$SYS/broker/retained messages/count 41
$SYS/broker/heap/current 45048
$SYS/broker/heap/maximum 45788
$SYS/broker/publish/messages/dropped 0
$SYS/broker/publish/messages/received 0
$SYS/broker/publish/messages/sent 0
$SYS/broker/publish/bytes/received 0
$SYS/broker/publish/bytes/sent 0
$SYS/broker/bytes/received 0
$SYS/broker/bytes/sent 0
