2022-04-14 11:37:05,704 INFO  ==============================================================
2022-04-14 11:37:05,705 INFO  Id:    publish_sawmill_record_statistics_long
2022-04-14 11:37:05,706 INFO  Title: Publish sawmill and record process statistics long version
2022-04-14 11:37:05,706 INFO  ==============================================================
2022-04-14 11:37:05,728 INFO  EnvironmentC8y Setup
2022-04-14 11:37:06,290 INFO  Executed systemctl<serv_mapper1>, exit status 3
2022-04-14 11:37:06,400 INFO  Restarting mosquitto too frequently in the last 10 seconds. It was only up for 4 seconds
2022-04-14 11:37:06,401 INFO  Delaying execution by 7 seconds
2022-04-14 11:37:27,329 INFO  Executed sudo<tedge_connect_c8y>, exit status 0, duration 13 secs
2022-04-14 11:37:27,997 INFO  Executed sudo<tedge_connect_c8y_test>, exit status 0
2022-04-14 11:37:28,493 INFO  Executed systemctl<serv_mosq2>, exit status 0
2022-04-14 11:37:28,959 INFO  Executed systemctl<serv_mapper3>, exit status 0
2022-04-14 11:37:28,960 INFO  Setup
2022-04-14 11:37:28,961 INFO  Execute
2022-04-14 11:37:29,888 INFO  Executed sudo<collectd_out>, exit status 0
2022-04-14 11:37:29,901 INFO  Started mosquitto_sub_stdout with process id 12495
2022-04-14 11:39:33,856 INFO  Executed sawtooth_publisher<stdout_sawmill>, exit status 0, duration 123 secs
2022-04-14 11:39:34,329 INFO  Executed systemctl<serv_mosq>, exit status 0
2022-04-14 11:39:34,792 INFO  Executed systemctl<serv_mapper4>, exit status 0
2022-04-14 11:39:34,861 INFO  Grep on input file mosquitto_sub_stdout.out ... passed
2022-04-14 11:39:34,870 INFO  
2022-04-14 11:39:34,871 INFO  cleanup:
2022-04-14 11:39:34,872 INFO  My Cleanup
2022-04-14 11:39:35,488 INFO  Executed sudo<collectd_out>, exit status 0
2022-04-14 11:39:35,492 INFO  Exporting data from /var/lib/collectd/rrd/mythicd/exec/gauge-mosquitto-size.rrd
2022-04-14 11:39:35,580 INFO  Exporting data from /var/lib/collectd/rrd/mythicd/exec/gauge-mapper-c8y-shared.rrd
2022-04-14 11:39:35,693 INFO  Exporting data from /var/lib/collectd/rrd/mythicd/exec/gauge-mapper-c8y-text.rrd
2022-04-14 11:39:35,806 INFO  Exporting data from /var/lib/collectd/rrd/mythicd/exec/gauge-mapper-c8y-stime.rrd
2022-04-14 11:39:35,922 INFO  Exporting data from /var/lib/collectd/rrd/mythicd/exec/gauge-mapper-c8y-utime.rrd
2022-04-14 11:39:36,030 INFO  Exporting data from /var/lib/collectd/rrd/mythicd/exec/gauge-mosquitto-text.rrd
2022-04-14 11:39:36,140 INFO  Exporting data from /var/lib/collectd/rrd/mythicd/exec/gauge-mosquitto-stime.rrd
2022-04-14 11:39:36,248 INFO  Exporting data from /var/lib/collectd/rrd/mythicd/exec/gauge-mapper-c8y-data.rrd
2022-04-14 11:39:36,357 INFO  Exporting data from /var/lib/collectd/rrd/mythicd/exec/gauge-mosquitto-data.rrd
2022-04-14 11:39:36,463 INFO  Exporting data from /var/lib/collectd/rrd/mythicd/exec/gauge-mosquitto-shared.rrd
2022-04-14 11:39:36,571 INFO  Exporting data from /var/lib/collectd/rrd/mythicd/exec/gauge-mapper-c8y-resident.rrd
2022-04-14 11:39:36,677 INFO  Exporting data from /var/lib/collectd/rrd/mythicd/exec/gauge-mosquitto-utime.rrd
2022-04-14 11:39:36,786 INFO  Exporting data from /var/lib/collectd/rrd/mythicd/exec/gauge-mapper-c8y-size.rrd
2022-04-14 11:39:36,893 INFO  Exporting data from /var/lib/collectd/rrd/mythicd/exec/gauge-mosquitto-resident.rrd
2022-04-14 11:39:41,159 INFO  Executed sudo<tedge_disconnect_c8y>, exit status 0
2022-04-14 11:39:41,775 INFO  Executed systemctl<serv_mapper5>, exit status 3
2022-04-14 11:39:41,829 INFO  
2022-04-14 11:39:41,830 INFO  Test duration: 156.13 secs
2022-04-14 11:39:41,832 INFO  Test final outcome:  PASSED
2022-04-14 11:39:41,833 INFO  
