Publishing sawtooth with delay 20ms height 100 iterations 60 template sawmill will cause 6000 publishs.

Iteraton: 0
Iteraton: 1
Iteraton: 2
Iteraton: 3
Iteraton: 4
Iteraton: 5
Iteraton: 6
Iteraton: 7
Iteraton: 8
Iteraton: 9
Iteraton: 10
Iteraton: 11
Iteraton: 12
Iteraton: 13
Iteraton: 14
Iteraton: 15
Iteraton: 16
Iteraton: 17
Iteraton: 18
Iteraton: 19
Iteraton: 20
Iteraton: 21
Iteraton: 22
Iteraton: 23
Iteraton: 24
Iteraton: 25
Iteraton: 26
Iteraton: 27
Iteraton: 28
Iteraton: 29
Iteraton: 30
Iteraton: 31
Iteraton: 32
Iteraton: 33
Iteraton: 34
Iteraton: 35
Iteraton: 36
Iteraton: 37
Iteraton: 38
Iteraton: 39
Iteraton: 40
Iteraton: 41
Iteraton: 42
Iteraton: 43
Iteraton: 44
Iteraton: 45
Iteraton: 46
Iteraton: 47
Iteraton: 48
Iteraton: 49
Iteraton: 50
Iteraton: 51
Iteraton: 52
Iteraton: 53
Iteraton: 54
Iteraton: 55
Iteraton: 56
Iteraton: 57
Iteraton: 58
Iteraton: 59

Execution took 123 s 123362 ms
Publish rate: 20.560 ms/pub
Publish per second: 48.637 pub/s
