2022-05-10 17:41:20,622 INFO  ==============================================================
2022-05-10 17:41:20,622 INFO  Id:    SoftwareManagement.sm_mixed_install_remove_multiple
2022-05-10 17:41:20,622 INFO  Dir:   software_management_end_to_end/
2022-05-10 17:41:20,622 INFO  Title: Validate end to end behaviour for the dummy-plugin for multiple packages with mixed versions
2022-05-10 17:41:20,622 INFO  ==============================================================
2022-05-10 17:41:20,623 INFO  Using sw id database: {'asciijump': '5475369', 'robotfindskitten': '5474869', 'squirrel3': '5475279', 'rolldice': '5152439', 'moon-buggy': '5439204', 'apple': '5495053', 'banana': '5494888', 'cherry': '5495382', 'watermelon': '5494510', 'registry': '8018911', 'hello-world': '8021526', 'docker/getting-started': '8021973', 'alpine': '7991792'}
2022-05-10 17:41:20,623 INFO  EnvironmentC8y Setup
2022-05-10 17:41:20,726 INFO  Executed systemctl<serv_mapper1>, exit status 3
2022-05-10 17:41:20,743 INFO  Restarting mosquitto too frequently in the last 10 seconds. It was only up for 1 seconds
2022-05-10 17:41:20,743 INFO  Delaying execution by 10 seconds
2022-05-10 17:41:48,277 INFO  Executed sudo<tedge_connect_c8y>, exit status 0, duration 17 secs
2022-05-10 17:41:48,430 INFO  Executed sudo<tedge_connect_c8y_test>, exit status 0
2022-05-10 17:41:48,532 INFO  Executed systemctl<serv_mosq2>, exit status 0
2022-05-10 17:41:48,635 INFO  Executed systemctl<serv_mapper3>, exit status 0
2022-05-10 17:41:50,754 INFO  State of current operation: SUCCESSFUL
2022-05-10 17:41:50,909 INFO  Package apple is installed
2022-05-10 17:41:50,909 INFO  Assert that (True == value) with value=True ... passed
2022-05-10 17:41:51,039 INFO  Package banana is installed
2022-05-10 17:41:51,039 INFO  Assert that (True == value) with value=True ... passed
2022-05-10 17:41:51,241 INFO  Package cherry is installed
2022-05-10 17:41:51,241 INFO  Assert that (True == value) with value=True ... passed
2022-05-10 17:41:51,372 INFO  Assert that (False == value) with value=False ... passed
2022-05-10 17:41:51,502 INFO  Assert that (False == value) with value=False ... passed
2022-05-10 17:41:51,632 INFO  Response status: 201
2022-05-10 17:41:51,632 INFO  Response to action: {
    "creationTime": "2022-05-10T17:41:51.585Z",
    "deviceName": "ubuntu-2gb-hel1-4-thin-edge-a",
    "deviceId": "18717806",
    "self": "https://t493319102.eu-latest.cumulocity.com/devicecontrol/operations/18698055",
    "id": "18698055",
    "status": "PENDING",
    "description": "Apply software changes, triggered from PySys: [{'action': 'install', 'id': '5495053', 'name': 'apple', 'url': ' ', 'version': '::fruits'}, {'action': 'install', 'id': '5494888', 'name': 'banana', 'url': ' ', 'version': '::fruits'}, {'action': 'install', 'id': '5475369', 'name': 'asciijump', 'url': ' ', 'version': '::apt'}, {'action': 'install', 'id': '5495382', 'name': 'cherry', 'url': ' ', 'version': '::fruits'}, {'action': 'install', 'id': '8018911', 'name': 'registry', 'url': ' ', 'version': '::docker'}]",
    "c8y_SoftwareUpdate": [
        {
            "name": "apple",
            "action": "install",
            "id": "5495053",
            "version": "::fruits",
            "url": " "
        },
        {
            "name": "banana",
            "action": "install",
            "id": "5494888",
            "version": "::fruits",
            "url": " "
        },
        {
            "name": "asciijump",
            "action": "install",
            "id": "5475369",
            "version": "::apt",
            "url": " "
        },
        {
            "name": "cherry",
            "action": "install",
            "id": "5495382",
            "version": "::fruits",
            "url": " "
        },
        {
            "name": "registry",
            "action": "install",
            "id": "8018911",
            "version": "::docker",
            "url": " "
        }
    ]
}
2022-05-10 17:41:51,633 INFO  Started operation: {'creationTime': '2022-05-10T17:41:51.585Z', 'deviceName': 'ubuntu-2gb-hel1-4-thin-edge-a', 'deviceId': '18717806', 'self': 'https://t493319102.eu-latest.cumulocity.com/devicecontrol/operations/18698055', 'id': '18698055', 'status': 'PENDING', 'description': "Apply software changes, triggered from PySys: [{'action': 'install', 'id': '5495053', 'name': 'apple', 'url': ' ', 'version': '::fruits'}, {'action': 'install', 'id': '5494888', 'name': 'banana', 'url': ' ', 'version': '::fruits'}, {'action': 'install', 'id': '5475369', 'name': 'asciijump', 'url': ' ', 'version': '::apt'}, {'action': 'install', 'id': '5495382', 'name': 'cherry', 'url': ' ', 'version': '::fruits'}, {'action': 'install', 'id': '8018911', 'name': 'registry', 'url': ' ', 'version': '::docker'}]", 'c8y_SoftwareUpdate': [{'name': 'apple', 'action': 'install', 'id': '5495053', 'version': '::fruits', 'url': ' '}, {'name': 'banana', 'action': 'install', 'id': '5494888', 'version': '::fruits', 'url': ' '}, {'name': 'asciijump', 'action': 'install', 'id': '5475369', 'version': '::apt', 'url': ' '}, {'name': 'cherry', 'action': 'install', 'id': '5495382', 'version': '::fruits', 'url': ' '}, {'name': 'registry', 'action': 'install', 'id': '8018911', 'version': '::docker', 'url': ' '}]}
2022-05-10 17:41:53,744 INFO  State of operation 18698055 : EXECUTING
2022-05-10 17:41:55,853 INFO  State of operation 18698055 : EXECUTING
2022-05-10 17:41:57,959 INFO  State of operation 18698055 : EXECUTING
2022-05-10 17:42:00,067 INFO  State of operation 18698055 : EXECUTING
2022-05-10 17:42:02,277 INFO  State of operation 18698055 : EXECUTING
2022-05-10 17:42:04,389 INFO  State of operation 18698055 : EXECUTING
2022-05-10 17:42:06,501 INFO  State of operation 18698055 : SUCCESSFUL
2022-05-10 17:42:06,632 INFO  Package apple is installed
2022-05-10 17:42:06,632 INFO  Assert that (True == value) with value=True ... passed
2022-05-10 17:42:06,759 INFO  Package banana is installed
2022-05-10 17:42:06,759 INFO  Assert that (True == value) with value=True ... passed
2022-05-10 17:42:06,888 INFO  Package cherry is installed
2022-05-10 17:42:06,889 INFO  Assert that (True == value) with value=True ... passed
2022-05-10 17:42:07,036 INFO  Package asciijump is installed
2022-05-10 17:42:07,036 INFO  Assert that (True == value) with value=True ... passed
2022-05-10 17:42:07,165 INFO  Package registry is installed
2022-05-10 17:42:07,165 INFO  Assert that (True == value) with value=True ... passed
2022-05-10 17:42:07,299 INFO  Response status: 201
2022-05-10 17:42:07,299 INFO  Response to action: {
    "creationTime": "2022-05-10T17:42:07.258Z",
    "deviceName": "ubuntu-2gb-hel1-4-thin-edge-a",
    "deviceId": "18717806",
    "self": "https://t493319102.eu-latest.cumulocity.com/devicecontrol/operations/18698057",
    "id": "18698057",
    "status": "PENDING",
    "description": "Apply software changes, triggered from PySys: [{'action': 'delete', 'id': '5495053', 'name': 'apple', 'url': ' ', 'version': '::fruits'}, {'action': 'delete', 'id': '5494888', 'name': 'banana', 'url': ' ', 'version': '::fruits'}, {'action': 'delete', 'id': '5475369', 'name': 'asciijump', 'url': ' ', 'version': '::apt'}, {'action': 'delete', 'id': '5495382', 'name': 'cherry', 'url': ' ', 'version': '::fruits'}, {'action': 'delete', 'id': '8018911', 'name': 'registry', 'url': ' ', 'version': '::docker'}]",
    "c8y_SoftwareUpdate": [
        {
            "name": "apple",
            "action": "delete",
            "id": "5495053",
            "version": "::fruits",
            "url": " "
        },
        {
            "name": "banana",
            "action": "delete",
            "id": "5494888",
            "version": "::fruits",
            "url": " "
        },
        {
            "name": "asciijump",
            "action": "delete",
            "id": "5475369",
            "version": "::apt",
            "url": " "
        },
        {
            "name": "cherry",
            "action": "delete",
            "id": "5495382",
            "version": "::fruits",
            "url": " "
        },
        {
            "name": "registry",
            "action": "delete",
            "id": "8018911",
            "version": "::docker",
            "url": " "
        }
    ]
}
2022-05-10 17:42:07,300 INFO  Started operation: {'creationTime': '2022-05-10T17:42:07.258Z', 'deviceName': 'ubuntu-2gb-hel1-4-thin-edge-a', 'deviceId': '18717806', 'self': 'https://t493319102.eu-latest.cumulocity.com/devicecontrol/operations/18698057', 'id': '18698057', 'status': 'PENDING', 'description': "Apply software changes, triggered from PySys: [{'action': 'delete', 'id': '5495053', 'name': 'apple', 'url': ' ', 'version': '::fruits'}, {'action': 'delete', 'id': '5494888', 'name': 'banana', 'url': ' ', 'version': '::fruits'}, {'action': 'delete', 'id': '5475369', 'name': 'asciijump', 'url': ' ', 'version': '::apt'}, {'action': 'delete', 'id': '5495382', 'name': 'cherry', 'url': ' ', 'version': '::fruits'}, {'action': 'delete', 'id': '8018911', 'name': 'registry', 'url': ' ', 'version': '::docker'}]", 'c8y_SoftwareUpdate': [{'name': 'apple', 'action': 'delete', 'id': '5495053', 'version': '::fruits', 'url': ' '}, {'name': 'banana', 'action': 'delete', 'id': '5494888', 'version': '::fruits', 'url': ' '}, {'name': 'asciijump', 'action': 'delete', 'id': '5475369', 'version': '::apt', 'url': ' '}, {'name': 'cherry', 'action': 'delete', 'id': '5495382', 'version': '::fruits', 'url': ' '}, {'name': 'registry', 'action': 'delete', 'id': '8018911', 'version': '::docker', 'url': ' '}]}
2022-05-10 17:42:09,409 INFO  State of operation 18698057 : EXECUTING
2022-05-10 17:42:11,520 INFO  State of operation 18698057 : EXECUTING
2022-05-10 17:42:13,626 INFO  State of operation 18698057 : EXECUTING
2022-05-10 17:42:15,739 INFO  State of operation 18698057 : EXECUTING
2022-05-10 17:42:17,846 INFO  State of operation 18698057 : SUCCESSFUL
2022-05-10 17:42:17,974 INFO  Package apple is installed
2022-05-10 17:42:17,975 INFO  Assert that (True == value) with value=True ... passed
2022-05-10 17:42:18,102 INFO  Package banana is installed
2022-05-10 17:42:18,102 INFO  Assert that (True == value) with value=True ... passed
2022-05-10 17:42:18,229 INFO  Package cherry is installed
2022-05-10 17:42:18,230 INFO  Assert that (True == value) with value=True ... passed
2022-05-10 17:42:18,358 INFO  Assert that (False == value) with value=False ... passed
2022-05-10 17:42:18,489 INFO  Assert that (False == value) with value=False ... passed
2022-05-10 17:42:18,490 INFO  
2022-05-10 17:42:18,490 INFO  cleanup:
2022-05-10 17:42:29,444 INFO  Executed sudo<tedge_disconnect_c8y>, exit status 0
2022-05-10 17:42:29,546 INFO  Executed systemctl<serv_mapper5>, exit status 3
2022-05-10 17:42:29,547 INFO  
2022-05-10 17:42:29,547 INFO  Test duration: 68.92 secs
2022-05-10 17:42:29,548 INFO  Test final outcome:  PASSED
2022-05-10 17:42:29,548 INFO  
