2022-04-07 16:36:54,534 INFO  ==============================================================
2022-04-07 16:36:54,535 INFO  Id:    apt_install
2022-04-07 16:36:54,536 INFO  Dir:   plugin_apt/
2022-04-07 16:36:54,536 INFO  Title: Validate apt plugin prepare - dense version
2022-04-07 16:36:54,537 DEBUG Execution order hint: 0.0
2022-04-07 16:36:54,538 INFO  ==============================================================
2022-04-07 16:36:54,545 DEBUG Process parameters for sudo
  command line : /usr/bin/sudo /usr/bin/apt-get remove -y rolldice
    arg #1     : /usr/bin/apt-get
    arg #2     : remove
    arg #3     : -y
    arg #4     : rolldice
  working dir  : /home/pi/actions-runner/_work/thin-edge.io/thin-edge.io/tests/PySys/plugin_apt/apt_install/Output/linux
  stdout       : None
  stderr       : None
  environment  : LD_LIBRARY_PATH=/usr/lib
  environment  : PATH=/bin:/usr/bin:/usr/sbin:/usr/local/bin
                   #1  /bin
                   #2  /usr/bin
                   #3  /usr/sbin
                   #4  /usr/local/bin
2022-04-07 16:36:54,552 DEBUG Waiting up to 600 secs for process sudo (pid 5011)
2022-04-07 16:36:59,130 INFO  Executed sudo, exit status 0
2022-04-07 16:36:59,133 DEBUG Process parameters for sudo<outp_check_0>
  command line : /usr/bin/sudo /etc/tedge/sm-plugins/apt list
    arg #1     : /etc/tedge/sm-plugins/apt
    arg #2     : list
  working dir  : /home/pi/actions-runner/_work/thin-edge.io/thin-edge.io/tests/PySys/plugin_apt/apt_install/Output/linux
  stdout       : /home/pi/actions-runner/_work/thin-edge.io/thin-edge.io/tests/PySys/plugin_apt/apt_install/Output/linux/outp_check_0.out
  stderr       : /home/pi/actions-runner/_work/thin-edge.io/thin-edge.io/tests/PySys/plugin_apt/apt_install/Output/linux/outp_check_0.err
  environment  : LD_LIBRARY_PATH=/usr/lib
  environment  : PATH=/bin:/usr/bin:/usr/sbin:/usr/local/bin
                   #1  /bin
                   #2  /usr/bin
                   #3  /usr/sbin
                   #4  /usr/local/bin
2022-04-07 16:36:59,141 DEBUG Waiting up to 600 secs for process sudo<outp_check_0> (pid 5016)
2022-04-07 16:37:01,708 INFO  Executed sudo<outp_check_0>, exit status 0
2022-04-07 16:37:01,710 INFO  Assert that (value==0) with value=0 ... passed
2022-04-07 16:37:01,711 DEBUG Performing regex contains=False grep on file: /home/pi/actions-runner/_work/thin-edge.io/thin-edge.io/tests/PySys/plugin_apt/apt_install/Output/linux/outp_check_0.out
2022-04-07 16:37:01,717 INFO  Grep on file outp_check_0.out ... passed
2022-04-07 16:37:01,718 DEBUG --- test execute
2022-04-07 16:37:01,721 DEBUG Process parameters for sudo<outp_install>
  command line : /usr/bin/sudo /etc/tedge/sm-plugins/apt install rolldice
    arg #1     : /etc/tedge/sm-plugins/apt
    arg #2     : install
    arg #3     : rolldice
  working dir  : /home/pi/actions-runner/_work/thin-edge.io/thin-edge.io/tests/PySys/plugin_apt/apt_install/Output/linux
  stdout       : /home/pi/actions-runner/_work/thin-edge.io/thin-edge.io/tests/PySys/plugin_apt/apt_install/Output/linux/outp_install.out
  stderr       : /home/pi/actions-runner/_work/thin-edge.io/thin-edge.io/tests/PySys/plugin_apt/apt_install/Output/linux/outp_install.err
  environment  : LD_LIBRARY_PATH=/usr/lib
  environment  : PATH=/bin:/usr/bin:/usr/sbin:/usr/local/bin
                   #1  /bin
                   #2  /usr/bin
                   #3  /usr/sbin
                   #4  /usr/local/bin
2022-04-07 16:37:01,728 DEBUG Waiting up to 600 secs for process sudo<outp_install> (pid 5022)
2022-04-07 16:37:39,706 INFO  Executed sudo<outp_install>, exit status 0, duration 37 secs
2022-04-07 16:37:39,710 INFO  Assert that (value==0) with value=0 ... passed
2022-04-07 16:37:39,711 DEBUG --- test validate
2022-04-07 16:37:39,716 DEBUG Process parameters for sudo<outp_check_1>
  command line : /usr/bin/sudo /etc/tedge/sm-plugins/apt list
    arg #1     : /etc/tedge/sm-plugins/apt
    arg #2     : list
  working dir  : /home/pi/actions-runner/_work/thin-edge.io/thin-edge.io/tests/PySys/plugin_apt/apt_install/Output/linux
  stdout       : /home/pi/actions-runner/_work/thin-edge.io/thin-edge.io/tests/PySys/plugin_apt/apt_install/Output/linux/outp_check_1.out
  stderr       : /home/pi/actions-runner/_work/thin-edge.io/thin-edge.io/tests/PySys/plugin_apt/apt_install/Output/linux/outp_check_1.err
  environment  : LD_LIBRARY_PATH=/usr/lib
  environment  : PATH=/bin:/usr/bin:/usr/sbin:/usr/local/bin
                   #1  /bin
                   #2  /usr/bin
                   #3  /usr/sbin
                   #4  /usr/local/bin
2022-04-07 16:37:39,724 DEBUG Waiting up to 600 secs for process sudo<outp_check_1> (pid 5166)
2022-04-07 16:37:45,167 INFO  Executed sudo<outp_check_1>, exit status 0
2022-04-07 16:37:45,169 INFO  Assert that (value==0) with value=0 ... passed
2022-04-07 16:37:45,170 DEBUG Performing regex contains=True grep on file: /home/pi/actions-runner/_work/thin-edge.io/thin-edge.io/tests/PySys/plugin_apt/apt_install/Output/linux/outp_check_1.out
2022-04-07 16:37:45,174 DEBUG Grep on file outp_check_1.out successfully matched expression "rolldice" with line: 'rolldice\t1.16-1+b1\n'
2022-04-07 16:37:45,176 INFO  Grep on file outp_check_1.out ... passed
2022-04-07 16:37:45,181 DEBUG --- test cleanup
2022-04-07 16:37:45,182 INFO  
2022-04-07 16:37:45,183 INFO  cleanup:
2022-04-07 16:37:45,183 DEBUG Running registered cleanup function: <bound method AptPluginInstallDense.cleanup_remove_rolldice_module of <AptPluginInstallDense object at 0x75de0ef0>>
2022-04-07 16:37:45,185 DEBUG Process parameters for sudo
  command line : /usr/bin/sudo /usr/bin/apt-get remove -y rolldice
    arg #1     : /usr/bin/apt-get
    arg #2     : remove
    arg #3     : -y
    arg #4     : rolldice
  working dir  : /home/pi/actions-runner/_work/thin-edge.io/thin-edge.io/tests/PySys/plugin_apt/apt_install/Output/linux
  stdout       : None
  stderr       : None
  environment  : LD_LIBRARY_PATH=/usr/lib
  environment  : PATH=/bin:/usr/bin:/usr/sbin:/usr/local/bin
                   #1  /bin
                   #2  /usr/bin
                   #3  /usr/sbin
                   #4  /usr/local/bin
2022-04-07 16:37:45,192 DEBUG Waiting up to 600 secs for process sudo (pid 5172)
2022-04-07 16:37:58,424 INFO  Executed sudo, exit status 0, duration 13 secs
2022-04-07 16:37:58,428 DEBUG ProcessUser cleanup function done.
2022-04-07 16:37:58,431 INFO  
2022-04-07 16:37:58,432 INFO  Test duration: 63.90 secs
2022-04-07 16:37:58,433 INFO  Test final outcome:  PASSED
2022-04-07 16:37:58,434 INFO  
