2022-05-04 07:57:30,184 INFO  ==============================================================
2022-05-04 07:57:30,185 INFO  Id:    log_request_num_lines
2022-05-04 07:57:30,187 INFO  Dir:   log_request_end_to_end/
2022-05-04 07:57:30,188 INFO  Title: Validate end to end behaviour for the log request operation check for number of lines
2022-05-04 07:57:30,188 INFO  ==============================================================
2022-05-04 07:57:30,199 INFO  EnvironmentC8y Setup
2022-05-04 07:57:30,810 INFO  Executed systemctl<serv_mapper1>, exit status 3
2022-05-04 07:57:30,919 INFO  Restarting mosquitto too frequently in the last 10 seconds. It was only up for 2 seconds
2022-05-04 07:57:30,920 INFO  Delaying execution by 9 seconds
2022-05-04 07:57:56,755 INFO  Executed sudo<tedge_connect_c8y>, exit status 0, duration 16 secs
2022-05-04 07:57:57,370 INFO  Executed sudo<tedge_connect_c8y_test>, exit status 0
2022-05-04 07:57:58,034 INFO  Executed systemctl<serv_mosq2>, exit status 0
2022-05-04 07:57:58,546 INFO  Executed systemctl<serv_mapper3>, exit status 0
2022-05-04 07:57:59,108 INFO  Executed sudo<rm_logs>, exit status 0
2022-05-04 07:57:59,699 INFO  Executed sudo<move_logs>, exit status 0
2022-05-04 07:58:00,452 INFO  log response None
2022-05-04 07:58:00,453 WARN  retry, retrying in 1 seconds...
2022-05-04 07:58:01,666 INFO  log response https://thin-edge-io.eu-latest.cumulocity.com/event/events/18335077/binaries
2022-05-04 07:58:01,878 INFO  nlines 0
2022-05-04 07:58:02,456 WARN  Assert that (True == value) with value=False ... failed [run.py:44]
2022-05-04 07:58:02,465 INFO  
2022-05-04 07:58:02,466 INFO  cleanup:
2022-05-04 07:58:02,977 INFO  Executed sudo<rm_logs>, exit status 0
2022-05-04 07:58:03,492 INFO  Executed sudo<rm_tmp_logs>, exit status 0
2022-05-04 07:58:04,054 INFO  Executed sudo<send_failed>, exit status 0
2022-05-04 07:58:09,419 INFO  Executed sudo<tedge_disconnect_c8y>, exit status 0
2022-05-04 07:58:10,031 INFO  Executed systemctl<serv_mapper5>, exit status 3
2022-05-04 07:58:10,035 INFO  
2022-05-04 07:58:10,036 INFO  Test duration: 39.86 secs
2022-05-04 07:58:10,037 INFO  Test final outcome:  FAILED
2022-05-04 07:58:10,038 INFO  Test outcome reason: Assert that (True == value) with value=False
2022-05-04 07:58:10,039 INFO  
