2022-04-15 09:25:00,915 INFO  ==============================================================
2022-04-15 09:25:00,916 INFO  Id:    apt_sequence_remove
2022-04-15 09:25:00,917 INFO  Dir:   plugin_apt/
2022-04-15 09:25:00,918 INFO  Title: Validate apt plugin prepare install remove finalize use case
2022-04-15 09:25:00,919 INFO  ==============================================================
2022-04-15 09:25:40,888 INFO  Executed sudo, exit status 0, duration 39 secs
2022-04-15 09:25:46,703 INFO  Executed sudo<outp_check_0>, exit status 0
2022-04-15 09:25:46,705 INFO  Assert that (value==0) with value=0 ... passed
2022-04-15 09:25:46,715 INFO  Grep on file outp_check_0.out ... passed
2022-04-15 09:26:04,886 INFO  Executed sudo<outp_prepare>, exit status 0, duration 18 secs
2022-04-15 09:26:04,890 INFO  Assert that (value==0) with value=0 ... passed
2022-04-15 09:26:24,335 INFO  Executed sudo<outp_remove>, exit status 0, duration 19 secs
2022-04-15 09:26:24,339 INFO  Assert that (value==0) with value=0 ... passed
2022-04-15 09:26:31,859 INFO  Executed sudo<outp_finalize>, exit status 0
2022-04-15 09:26:31,861 INFO  Assert that (value==0) with value=0 ... passed
2022-04-15 09:26:34,737 INFO  Executed sudo<outp_check_1>, exit status 0
2022-04-15 09:26:34,739 INFO  Assert that (value==0) with value=0 ... passed
2022-04-15 09:26:34,745 INFO  Grep on file outp_check_1.out ... passed
2022-04-15 09:26:34,751 INFO  
2022-04-15 09:26:34,751 INFO  cleanup:
2022-04-15 09:26:39,335 INFO  Executed sudo, exit status 0
2022-04-15 09:26:39,339 INFO  
2022-04-15 09:26:39,340 INFO  Test duration: 98.43 secs
2022-04-15 09:26:39,341 INFO  Test final outcome:  PASSED
2022-04-15 09:26:39,342 INFO  
