2022-05-02 16:00:34,920 INFO  ==============================================================
2022-05-02 16:00:34,921 INFO  Id:    docker_plugin_finalize
2022-05-02 16:00:34,924 INFO  Dir:   plugin_docker/
2022-05-02 16:00:34,925 INFO  Title: Validate docker plugin finalize command
2022-05-02 16:00:34,926 INFO  ==============================================================
2022-05-02 16:00:39,449 INFO  Executed sudo<docker_images>, exit status 0
2022-05-02 16:00:39,461 INFO  Grep on file /home/pi/actions-runner/_work/thin-edge.io/thin-edge.io/tests/PySys/plugin_docker/docker_plugin_finalize/Output/linux/docker_images.out ... passed
2022-05-02 16:00:43,959 WARN  Executed sudo<docker_pull>, exit status 1
2022-05-02 16:00:43,964 INFO  Contents of docker_pull.err: 
2022-05-02 16:00:43,966 INFO    Error response from daemon: toomanyrequests: You have reached your pull rate limit. You may increase the limit by authenticating and upgrading: https://www.docker.com/increase-rate-limit
2022-05-02 16:00:43,967 INFO    -----
2022-05-02 16:00:43,968 INFO  
2022-05-02 16:00:44,181 WARN  sudo<docker_pull> returned non-zero exit code 1 ... blocked 
2022-05-02 16:00:44,182 WARN  Aborted test due to BLOCKED outcome
2022-05-02 16:00:44,194 INFO  
2022-05-02 16:00:44,196 INFO  cleanup:
2022-05-02 16:00:44,203 INFO  
2022-05-02 16:00:44,205 INFO  Test duration: 9.29 secs
2022-05-02 16:00:44,207 INFO  Test final outcome:  BLOCKED
2022-05-02 16:00:44,209 INFO  Test outcome reason: sudo<docker_pull> returned non-zero exit code 1
2022-05-02 16:00:44,210 INFO  
