2022-05-11 12:34:06,246 INFO  ==============================================================
2022-05-11 12:34:06,247 INFO  Id:    SoftwareManagement.Plugin.apama_plugin_mon_support
2022-05-11 12:34:06,248 INFO  Dir:   plugin_apama/
2022-05-11 12:34:06,249 INFO  Title: Validate mon file support of apama plugin
2022-05-11 12:34:06,249 INFO  ==============================================================
2022-05-11 12:34:06,304 INFO  Assertion that path exists=False for "/etc/tedge/apama/project" ... passed
2022-05-11 12:34:06,815 INFO  Executed sudo<create_project_dir>, exit status 0
2022-05-11 12:34:07,427 INFO  Executed sudo<unzip_apama_project>, exit status 0
2022-05-11 12:34:07,939 INFO  Executed sudo<move_apama_project>, exit status 0
2022-05-11 12:34:08,751 INFO  Executed sudo<restart_apama_service>, exit status 0
2022-05-11 12:34:09,517 INFO  Executed sudo<apama_correlator_wait>, exit status 0
2022-05-11 12:34:10,333 INFO  Executed sudo<apama_list_monitors>, exit status 0
2022-05-11 12:34:10,339 INFO  Grep on file /home/pi/actions-runner/_work/thin-edge.io/thin-edge.io/tests/PySys/plugin_apama/apama_plugin_mon_support/Output/linux/apama_list_monitors.out ... passed
2022-05-11 12:34:11,102 INFO  Executed sudo<plugin_list_before_install>, exit status 0
2022-05-11 12:34:12,267 INFO  Executed sudo<plugin_install>, exit status 0
2022-05-11 12:34:13,086 INFO  Executed sudo<apama_correlator_wait>, exit status 0
2022-05-11 12:34:13,800 INFO  Executed sudo<plugin_list_after_install>, exit status 0
2022-05-11 12:34:15,018 INFO  Executed sudo<plugin_update>, exit status 0
2022-05-11 12:34:15,691 INFO  Executed sudo<apama_correlator_wait>, exit status 0
2022-05-11 12:34:16,404 INFO  Executed sudo<plugin_list_after_update>, exit status 0
2022-05-11 12:34:17,167 INFO  Executed sudo<plugin_remove>, exit status 0
2022-05-11 12:34:17,882 INFO  Executed sudo<plugin_list_after_remove>, exit status 0
2022-05-11 12:34:17,887 INFO  Grep on file plugin_list_before_install.out ... passed
2022-05-11 12:34:17,892 INFO  Grep on file plugin_list_after_install.out ... passed
2022-05-11 12:34:17,896 INFO  Grep on file plugin_list_after_update.out ... passed
2022-05-11 12:34:17,899 INFO  Grep on file plugin_list_after_remove.out ... passed
2022-05-11 12:34:17,908 INFO  
2022-05-11 12:34:17,909 INFO  cleanup:
2022-05-11 12:34:17,910 INFO  Removing apama project
2022-05-11 12:34:33,828 INFO  Executed sudo<stop_apama_service>, exit status 0, duration 15 secs
2022-05-11 12:34:34,342 INFO  Executed sudo<remove_apama_project>, exit status 0
2022-05-11 12:34:34,854 INFO  Executed sudo<remove_apama_tmp_dir>, exit status 0
2022-05-11 12:34:34,858 INFO  
2022-05-11 12:34:34,859 INFO  Test duration: 28.63 secs
2022-05-11 12:34:34,860 INFO  Test final outcome:  PASSED
2022-05-11 12:34:34,861 INFO  
