2022-04-21 14:48:21,529 INFO  ==============================================================
2022-04-21 14:48:21,530 INFO  Id:    SoftwareManagement.sm_apt_install_remove_multiple_mixed
2022-04-21 14:48:21,532 INFO  Dir:   software_management_end_to_end/
2022-04-21 14:48:21,533 INFO  Title: Validate end to end behaviour for the apt plugin for multiple packages with mixed versions
2022-04-21 14:48:21,535 INFO  ==============================================================
2022-04-21 14:48:21,564 INFO  Using sw id database: {'asciijump': '5475369', 'robotfindskitten': '5474869', 'squirrel3': '5475279', 'rolldice': '5152439', 'moon-buggy': '5439204', 'apple': '5495053', 'banana': '5494888', 'cherry': '5495382', 'watermelon': '5494510', 'registry': '8018911', 'hello-world': '8021526', 'docker/getting-started': '8021973', 'alpine': '7991792'}
2022-04-21 14:48:21,565 INFO  EnvironmentC8y Setup
2022-04-21 14:48:22,128 INFO  Executed systemctl<serv_mapper1>, exit status 3
2022-04-21 14:48:22,250 INFO  Restarting mosquitto too frequently in the last 10 seconds. It was only up for 5 seconds
2022-04-21 14:48:22,252 INFO  Delaying execution by 6 seconds
2022-04-21 14:48:42,355 INFO  Executed sudo<tedge_connect_c8y>, exit status 0, duration 14 secs
2022-04-21 14:48:42,972 INFO  Executed sudo<tedge_connect_c8y_test>, exit status 0
2022-04-21 14:48:43,445 INFO  Executed systemctl<serv_mosq2>, exit status 0
2022-04-21 14:48:43,909 INFO  Executed systemctl<serv_mapper3>, exit status 0
2022-04-21 14:48:46,156 INFO  State of current operation: SUCCESSFUL
2022-04-21 14:48:46,408 INFO  Assert that (False == value) with value=False ... passed
2022-04-21 14:48:46,647 INFO  Assert that (False == value) with value=False ... passed
2022-04-21 14:48:46,882 INFO  Assert that (False == value) with value=False ... passed
2022-04-21 14:48:47,108 INFO  Assert that (False == value) with value=False ... passed
2022-04-21 14:48:47,344 INFO  Package moon-buggy is installed
2022-04-21 14:48:47,377 WARN  Assert that (False == value) with value=True ... failed 
2022-04-21 14:48:48,611 INFO  Response status: 201
2022-04-21 14:48:48,614 INFO  Response to action: {
    "delivery": {
        "time": "2022-04-21T14:48:48.597Z",
        "log": [],
        "status": "PENDING"
    },
    "creationTime": "2022-04-21T14:48:48.583Z",
    "deviceName": "mythicc",
    "deviceId": "17556638",
    "self": "https://t493319102.eu-latest.cumulocity.com/devicecontrol/operations/17588871",
    "id": "17588871",
    "status": "PENDING",
    "description": "Apply software changes, triggered from PySys: [{'action': 'install', 'id': '5475369', 'name': 'asciijump', 'url': ' ', 'version': '::apt'}, {'action': 'install', 'id': '5474869', 'name': 'robotfindskitten', 'url': ' ', 'version': ' '}, {'action': 'install', 'id': '5475279', 'name': 'squirrel3', 'url': ' ', 'version': '3.1-7::apt'}, {'action': 'install', 'id': '5152439', 'name': 'rolldice', 'url': ' ', 'version': '1.16-1+b1'}, {'action': 'install', 'id': '5439204', 'name': 'moon-buggy', 'url': ' ', 'version': '1:1.0.51-12'}, {'action': 'install', 'id': '5475369', 'name': 'asciijump', 'url': ' ', 'version': '::apt'}]",
    "c8y_SoftwareUpdate": [
        {
            "name": "asciijump",
            "action": "install",
            "id": "5475369",
            "version": "::apt",
            "url": " "
        },
        {
            "name": "robotfindskitten",
            "action": "install",
            "id": "5474869",
            "version": " ",
            "url": " "
        },
        {
            "name": "squirrel3",
            "action": "install",
            "id": "5475279",
            "version": "3.1-7::apt",
            "url": " "
        },
        {
            "name": "rolldice",
            "action": "install",
            "id": "5152439",
            "version": "1.16-1+b1",
            "url": " "
        },
        {
            "name": "moon-buggy",
            "action": "install",
            "id": "5439204",
            "version": "1:1.0.51-12",
            "url": " "
        },
        {
            "name": "asciijump",
            "action": "install",
            "id": "5475369",
            "version": "::apt",
            "url": " "
        }
    ]
}
2022-04-21 14:48:48,615 INFO  Started operation: {'delivery': {'time': '2022-04-21T14:48:48.597Z', 'log': [], 'status': 'PENDING'}, 'creationTime': '2022-04-21T14:48:48.583Z', 'deviceName': 'mythicc', 'deviceId': '17556638', 'self': 'https://t493319102.eu-latest.cumulocity.com/devicecontrol/operations/17588871', 'id': '17588871', 'status': 'PENDING', 'description': "Apply software changes, triggered from PySys: [{'action': 'install', 'id': '5475369', 'name': 'asciijump', 'url': ' ', 'version': '::apt'}, {'action': 'install', 'id': '5474869', 'name': 'robotfindskitten', 'url': ' ', 'version': ' '}, {'action': 'install', 'id': '5475279', 'name': 'squirrel3', 'url': ' ', 'version': '3.1-7::apt'}, {'action': 'install', 'id': '5152439', 'name': 'rolldice', 'url': ' ', 'version': '1.16-1+b1'}, {'action': 'install', 'id': '5439204', 'name': 'moon-buggy', 'url': ' ', 'version': '1:1.0.51-12'}, {'action': 'install', 'id': '5475369', 'name': 'asciijump', 'url': ' ', 'version': '::apt'}]", 'c8y_SoftwareUpdate': [{'name': 'asciijump', 'action': 'install', 'id': '5475369', 'version': '::apt', 'url': ' '}, {'name': 'robotfindskitten', 'action': 'install', 'id': '5474869', 'version': ' ', 'url': ' '}, {'name': 'squirrel3', 'action': 'install', 'id': '5475279', 'version': '3.1-7::apt', 'url': ' '}, {'name': 'rolldice', 'action': 'install', 'id': '5152439', 'version': '1.16-1+b1', 'url': ' '}, {'name': 'moon-buggy', 'action': 'install', 'id': '5439204', 'version': '1:1.0.51-12', 'url': ' '}, {'name': 'asciijump', 'action': 'install', 'id': '5475369', 'version': '::apt', 'url': ' '}]}
2022-04-21 14:48:50,830 INFO  State of operation 17588871 : PENDING
2022-04-21 14:48:53,056 INFO  State of operation 17588871 : EXECUTING
2022-04-21 14:48:55,308 INFO  State of operation 17588871 : EXECUTING
2022-04-21 14:48:57,521 INFO  State of operation 17588871 : EXECUTING
2022-04-21 14:48:59,738 INFO  State of operation 17588871 : EXECUTING
2022-04-21 14:49:01,991 INFO  State of operation 17588871 : EXECUTING
2022-04-21 14:49:04,698 INFO  State of operation 17588871 : EXECUTING
2022-04-21 14:49:07,541 INFO  State of operation 17588871 : EXECUTING
2022-04-21 14:49:09,805 INFO  State of operation 17588871 : EXECUTING
2022-04-21 14:49:12,178 INFO  State of operation 17588871 : EXECUTING
2022-04-21 14:49:14,428 INFO  State of operation 17588871 : EXECUTING
2022-04-21 14:49:16,646 INFO  State of operation 17588871 : EXECUTING
2022-04-21 14:49:18,861 INFO  State of operation 17588871 : EXECUTING
2022-04-21 14:49:21,130 INFO  State of operation 17588871 : EXECUTING
2022-04-21 14:49:23,370 INFO  State of operation 17588871 : EXECUTING
2022-04-21 14:49:25,710 INFO  State of operation 17588871 : EXECUTING
2022-04-21 14:49:27,941 INFO  State of operation 17588871 : EXECUTING
2022-04-21 14:49:30,406 INFO  State of operation 17588871 : EXECUTING
2022-04-21 14:49:33,045 INFO  State of operation 17588871 : EXECUTING
2022-04-21 14:49:35,335 INFO  State of operation 17588871 : EXECUTING
2022-04-21 14:49:37,614 INFO  State of operation 17588871 : EXECUTING
2022-04-21 14:49:39,830 INFO  State of operation 17588871 : EXECUTING
2022-04-21 14:49:42,485 INFO  State of operation 17588871 : EXECUTING
2022-04-21 14:49:44,699 INFO  State of operation 17588871 : EXECUTING
2022-04-21 14:49:46,920 INFO  State of operation 17588871 : EXECUTING
2022-04-21 14:49:49,126 INFO  State of operation 17588871 : EXECUTING
2022-04-21 14:49:51,344 INFO  State of operation 17588871 : EXECUTING
2022-04-21 14:49:54,056 INFO  State of operation 17588871 : EXECUTING
2022-04-21 14:49:56,282 INFO  State of operation 17588871 : EXECUTING
2022-04-21 14:49:58,686 INFO  State of operation 17588871 : EXECUTING
2022-04-21 14:50:00,914 INFO  State of operation 17588871 : EXECUTING
2022-04-21 14:50:03,261 INFO  State of operation 17588871 : EXECUTING
2022-04-21 14:50:05,566 INFO  State of operation 17588871 : EXECUTING
2022-04-21 14:50:07,784 INFO  State of operation 17588871 : EXECUTING
2022-04-21 14:50:10,010 INFO  State of operation 17588871 : EXECUTING
2022-04-21 14:50:12,224 INFO  State of operation 17588871 : EXECUTING
2022-04-21 14:50:14,458 INFO  State of operation 17588871 : EXECUTING
2022-04-21 14:50:16,677 INFO  State of operation 17588871 : EXECUTING
2022-04-21 14:50:18,892 INFO  State of operation 17588871 : EXECUTING
2022-04-21 14:50:21,640 INFO  State of operation 17588871 : EXECUTING
2022-04-21 14:50:24,207 INFO  State of operation 17588871 : EXECUTING
2022-04-21 14:50:26,604 INFO  State of operation 17588871 : EXECUTING
2022-04-21 14:50:29,100 INFO  State of operation 17588871 : EXECUTING
2022-04-21 14:50:31,314 INFO  State of operation 17588871 : EXECUTING
2022-04-21 14:50:33,531 INFO  State of operation 17588871 : EXECUTING
2022-04-21 14:50:35,809 INFO  State of operation 17588871 : EXECUTING
2022-04-21 14:50:38,038 INFO  State of operation 17588871 : EXECUTING
2022-04-21 14:50:40,268 INFO  State of operation 17588871 : EXECUTING
2022-04-21 14:50:42,584 INFO  State of operation 17588871 : EXECUTING
2022-04-21 14:50:44,921 INFO  State of operation 17588871 : EXECUTING
2022-04-21 14:50:48,467 INFO  State of operation 17588871 : EXECUTING
2022-04-21 14:50:50,685 INFO  State of operation 17588871 : EXECUTING
2022-04-21 14:50:52,900 INFO  State of operation 17588871 : EXECUTING
2022-04-21 14:50:55,292 INFO  State of operation 17588871 : EXECUTING
2022-04-21 14:50:57,518 INFO  State of operation 17588871 : EXECUTING
2022-04-21 14:50:59,732 INFO  State of operation 17588871 : EXECUTING
2022-04-21 14:51:02,341 INFO  State of operation 17588871 : EXECUTING
2022-04-21 14:51:04,550 INFO  State of operation 17588871 : EXECUTING
2022-04-21 14:51:07,163 INFO  State of operation 17588871 : EXECUTING
2022-04-21 14:51:09,430 INFO  State of operation 17588871 : EXECUTING
2022-04-21 14:51:12,031 INFO  State of operation 17588871 : EXECUTING
2022-04-21 14:51:14,035 WARN  SystemError occurred while running test - Timeout while waiting for status SUCCESSFUL or False
Traceback (most recent call last):
  File "/home/pi/env-pysys/lib/python3.7/site-packages/pysys/baserunner.py", line 1294, in __call__
    self.testObj.execute()
  File "/home/pi/actions-runner/_work/thin-edge.io/thin-edge.io/tests/PySys/software_management_end_to_end/sm_apt_install_remove_multiple_mixed/run.py", line 89, in execute
    self.wait_until_succcess()
  File "/home/pi/actions-runner/_work/thin-edge.io/thin-edge.io/tests/PySys/software_management_end_to_end/environment_sm_management.py", line 324, in wait_until_succcess
    self.wait_until_status("SUCCESSFUL")
  File "/home/pi/actions-runner/_work/thin-edge.io/thin-edge.io/tests/PySys/software_management_end_to_end/environment_sm_management.py", line 381, in wait_until_status
    "Timeout while waiting for status %s or %s" % (status, status2)
SystemError: Timeout while waiting for status SUCCESSFUL or False
2022-04-21 14:51:14,084 WARN  SystemError: Timeout while waiting for status SUCCESSFUL or False ... blocked 
2022-04-21 14:51:14,086 INFO  
2022-04-21 14:51:14,088 INFO  cleanup:
2022-04-21 14:51:20,970 INFO  Executed sudo<tedge_disconnect_c8y>, exit status 0
2022-04-21 14:51:21,533 INFO  Executed systemctl<serv_mapper5>, exit status 3
2022-04-21 14:51:21,537 INFO  
2022-04-21 14:51:21,538 INFO  Test duration: 180.02 secs
2022-04-21 14:51:21,539 INFO  Test final outcome:  BLOCKED
2022-04-21 14:51:21,540 INFO  Test outcome reason: SystemError: Timeout while waiting for status SUCCESSFUL or False (+1 other failures)
2022-04-21 14:51:21,541 INFO  
